dataset_file= dataset/SR_ellipse_noise.txt
population= 50
generations= 50
tournament_size= 2
cross_over= 0.6
mutation= 0.3
elitism= True
(50, 2)
============================================================================
Build initial population
ind: 1
( 0.5x + 0.333333333333y )
ind: 2
( ( 0.125x + 0.111111111111y ) + 0.142857142857x )
ind: 3
( ( 1.0x + ( ( 0.5x * ( ( 0.111111111111x * 0.111111111111y ) * 1.0x ) ) * 0.333333333333y ) ) + ( 0.1y + ( ( ( 0.25x * ( 0.142857142857x * 0.142857142857y ) ) * 0.166666666667y ) + 1.0y ) ) )
ind: 4
( ( 0.111111111111x * 0.111111111111x ) * ( ( 1.0x + ( 0.2y + 0.333333333333x ) ) * ( 0.2y + 0.333333333333x ) ) )
ind: 5
( ( ( 1.0y + 0.333333333333x ) * 0.25x ) * 0.333333333333x )
ind: 6
( ( 0.2x * 0.125y ) + ( 0.25y * 0.111111111111x ) )
ind: 7
( ( ( 0.2x * 0.5y ) * ( ( ( 0.142857142857x * ( 0.125x * 0.2x ) ) * 0.2y ) * ( ( ( 0.142857142857x * 0.25y ) * ( 0.2x + 0.2x ) ) * ( 0.1x * ( 0.166666666667y * 0.166666666667y ) ) ) ) ) + 0.1y )
ind: 8
( 0.111111111111y * ( ( 0.25y * 0.142857142857x ) + 0.25x ) )
ind: 9
( ( 0.333333333333y + ( 0.2y * 0.125x ) ) * ( 0.25x + 1.0x ) )
ind: 10
( 0.1x + 1.0y )
ind: 11
( ( ( ( 0.333333333333x * ( ( 0.111111111111y + 0.2x ) + 0.142857142857y ) ) + 0.142857142857x ) * ( 0.5y + 0.111111111111y ) ) * 0.333333333333x )
ind: 12
( ( ( 0.166666666667y + 0.5x ) + ( ( ( 0.142857142857x * ( 0.111111111111y + 0.125x ) ) * 0.25x ) * 0.1y ) ) * ( ( 0.142857142857x + ( 0.142857142857y * 0.125y ) ) + 0.125x ) )
ind: 13
( ( 1.0x * ( 0.142857142857x * 0.5x ) ) + ( ( ( 0.166666666667y + 0.1x ) * 0.5x ) * ( ( ( ( 1.0y * 0.2x ) + ( 0.142857142857x * 0.125x ) ) * ( 0.125x + 0.111111111111x ) ) * 0.333333333333x ) ) )
ind: 14
( 0.111111111111y * 0.125x )
ind: 15
( ( 1.0x * 0.111111111111x ) + 0.111111111111y )
ind: 16
( 0.142857142857y + 0.333333333333x )
ind: 17
( ( ( ( ( ( 0.333333333333y + 0.1y ) + ( 0.1y + 0.25x ) ) + ( ( 0.111111111111x * 1.0x ) * ( 1.0y + 0.5y ) ) ) + 1.0x ) * ( ( 0.166666666667y * ( 0.111111111111y * ( 0.125x + 0.125x ) ) ) * ( 0.2x + 0.5x ) ) ) * 0.111111111111x )
ind: 18
( 0.142857142857x * ( ( 0.333333333333x * 0.333333333333x ) + ( ( ( 0.125x + 0.25x ) * ( ( 0.111111111111x * 0.125y ) + 0.1y ) ) * ( 0.5x * 0.5x ) ) ) )
ind: 19
( 1.0y * ( 0.2x + 1.0x ) )
ind: 20
( ( ( ( ( 0.125x * ( 0.5x + 0.111111111111x ) ) * 0.333333333333y ) * ( 0.142857142857y * 0.333333333333y ) ) * ( ( ( ( 0.333333333333y + 0.166666666667y ) * 0.25x ) * 0.2x ) + ( ( 0.125x * ( 0.142857142857x * 0.2y ) ) + ( ( 0.2y * 1.0x ) + ( 0.125x * 0.333333333333y ) ) ) ) ) + 0.25y )
ind: 21
( 0.2x * ( 0.5y + 0.125y ) )
ind: 22
( 0.142857142857y + ( ( ( 0.125x * 0.25y ) * 0.142857142857y ) * ( 0.5y * 0.5x ) ) )
ind: 23
( 0.111111111111y + ( 0.2y * 0.5x ) )
ind: 24
( 0.2y + 0.142857142857x )
ind: 25
( ( ( ( ( 0.125x * 0.111111111111x ) * ( 0.333333333333y * 0.142857142857x ) ) * ( ( ( 0.5y * 0.5x ) * ( 0.5x * 0.142857142857x ) ) * 0.125y ) ) * ( 0.142857142857y + ( ( 0.25x + 0.142857142857x ) * 1.0y ) ) ) * ( 0.166666666667y + 0.125y ) )
ind: 26
( ( 0.111111111111x + 0.25y ) * 0.166666666667y )
ind: 27
( 0.25x + ( 0.333333333333x * ( 0.111111111111y + 0.142857142857y ) ) )
ind: 28
( ( 0.5x * ( 0.1x + ( 0.111111111111x + ( 1.0y * 0.2y ) ) ) ) + 0.2y )
ind: 29
( ( 0.25x * ( 0.111111111111y + ( ( 0.166666666667y * ( 0.142857142857y + 0.5y ) ) + ( ( 0.125x + 0.111111111111x ) * 0.111111111111y ) ) ) ) * ( ( ( 0.111111111111y + 0.5x ) + ( 0.333333333333y * 0.5x ) ) * ( 0.333333333333x * 0.166666666667y ) ) )
ind: 30
( 0.166666666667y * ( 0.1x * ( 0.111111111111x * 1.0y ) ) )
ind: 31
( 0.2x + ( ( ( ( 0.1y * ( 0.111111111111y + 1.0x ) ) * 0.2y ) + 0.125y ) + ( 0.5y + 0.166666666667x ) ) )
ind: 32
( ( 1.0x * ( ( ( ( 0.333333333333x + 0.25y ) + ( 0.166666666667y + 1.0y ) ) * ( ( 0.25y + 0.2y ) + ( 1.0x * 0.125x ) ) ) + ( 0.5y + ( 0.125x * 0.111111111111x ) ) ) ) * ( 0.5x + 0.333333333333x ) )
ind: 33
( 0.142857142857x * 0.111111111111y )
ind: 34
( ( 0.1x + ( ( ( ( 0.2y * 0.25y ) + 0.25x ) * 1.0x ) + 0.142857142857x ) ) * 0.333333333333y )
ind: 35
( 0.142857142857x * ( 1.0y + 0.166666666667y ) )
ind: 36
( ( ( 0.333333333333y + 0.142857142857y ) + ( ( 0.111111111111y + 0.166666666667x ) * ( 0.2x * ( 1.0x * 0.166666666667x ) ) ) ) + 0.25y )
ind: 37
( ( ( ( 0.2x * 0.111111111111x ) * ( 0.25x + 0.142857142857x ) ) * ( ( ( ( 0.1y + 0.125y ) + 0.166666666667x ) * 0.125y ) + 1.0y ) ) + ( ( ( ( ( 0.1y * 0.166666666667y ) + ( 1.0x * 0.166666666667y ) ) + 0.2y ) * 0.1y ) * ( ( 0.111111111111y + 0.166666666667x ) + 0.25y ) ) )
ind: 38
( ( ( 1.0y + 1.0y ) * ( 0.5y + ( 0.5x * 0.1x ) ) ) + ( 0.5y * ( ( 0.2x * 0.2x ) + 0.111111111111y ) ) )
ind: 39
( ( ( ( 0.125x * 0.5x ) + 0.111111111111y ) * ( 0.111111111111y + 0.125x ) ) + 0.5y )
ind: 40
( 0.166666666667y * ( 0.111111111111y * 0.1x ) )
ind: 41
( 0.1y * ( 0.142857142857x * ( 0.142857142857x * ( 0.166666666667y + ( ( 0.1x * 0.333333333333y ) * ( 0.111111111111y * 0.2y ) ) ) ) ) )
ind: 42
( 0.333333333333x + ( 0.125y * 0.333333333333y ) )
ind: 43
( 0.111111111111x * ( 0.333333333333y * ( 1.0y * ( ( 0.166666666667x * 0.1y ) * ( 0.125y + 1.0x ) ) ) ) )
ind: 44
( ( 0.125y + 1.0y ) + 1.0x )
ind: 45
( 0.5y * ( ( ( ( 0.333333333333y * 0.2y ) * 0.125x ) * ( ( ( 0.166666666667y * 0.125x ) + ( 0.5y + 0.2y ) ) + ( ( 0.142857142857x + 0.333333333333x ) + 0.2y ) ) ) + ( ( ( ( 0.125y + 0.111111111111x ) * 0.333333333333x ) + ( 1.0y + 0.1y ) ) + ( ( ( 0.1y + 0.111111111111x ) + ( 0.5x * 0.166666666667y ) ) + 1.0y ) ) ) )
ind: 46
( ( ( 0.5x * ( 0.333333333333y + 0.333333333333y ) ) + ( ( 0.111111111111y + 0.25y ) + 0.142857142857x ) ) + ( 0.333333333333x * 0.2y ) )
ind: 47
( 0.25x * ( ( ( ( 0.5y + 0.111111111111y ) + ( 0.166666666667x + 0.111111111111x ) ) * 0.1x ) * ( 0.25x + 0.2x ) ) )
ind: 48
( ( 0.166666666667x + ( ( 0.1x * 0.5x ) * 0.111111111111x ) ) * ( 0.125y * 0.2y ) )
ind: 49
( ( ( ( 0.142857142857x * ( ( 0.111111111111x * 0.333333333333x ) + ( 0.111111111111x + 0.125x ) ) ) * ( ( 1.0x + ( 0.2y + 0.111111111111x ) ) + 1.0x ) ) * ( ( 1.0x * 0.142857142857y ) + 0.166666666667y ) ) * 0.333333333333x )
ind: 50
( ( ( 0.2y + 0.166666666667y ) * 0.111111111111x ) + 0.25x )
Best Ind: ( 0.2y + 0.142857142857x )
Fitness = 3.74348761382
Worst Ind: ( ( 1.0x * ( ( ( ( 0.333333333333x + 0.25y ) + ( 0.166666666667y + 1.0y ) ) * ( ( 0.25y + 0.2y ) + ( 1.0x * 0.125x ) ) ) + ( 0.5y + ( 0.125x * 0.111111111111x ) ) ) ) * ( 0.5x + 0.333333333333x ) )
Fitness = 15972919.9775
Avg Fitness = 328862.719188
Duplicated = 0
============================================================================
Evaluate Gen  1
New Population 71
Better than Dads 7
Best Ind: ( 0.2y + 0.142857142857x )
Fitness = 3.74348761382
Worst Ind: ( ( ( ( 0.5y + 0.166666666667x ) + 0.5x ) + ( ( ( 0.142857142857x * ( 0.111111111111y + 0.125x ) ) * 0.25x ) * 0.1y ) ) * ( ( 0.142857142857x + ( 0.142857142857y * 0.125y ) ) + 0.125x ) )
Fitness = 1475.92189397
Avg Fitness = 306.256043746
Duplicated = 3
============================================================================
Evaluate Gen  2
New Population 73
Better than Dads 12
Best Ind: ( 0.2y + 0.142857142857x )
Fitness = 3.74348761382
Worst Ind: ( ( 0.111111111111x + ( 1.0y * 0.2y ) ) + ( ( ( ( 0.1y * ( 0.111111111111y + 1.0x ) ) * 0.2y ) + 0.125y ) + 0.166666666667y ) )
Fitness = 253.59361923
Avg Fitness = 62.1884552787
Duplicated = 3
============================================================================
Evaluate Gen  3
New Population 67
Better than Dads 9
Best Ind: ( 0.111111111111y + 0.142857142857x )
Fitness = 2.58310048037
Worst Ind: ( 0.111111111111x + ( 0.333333333333x + ( 0.125y * 0.333333333333y ) ) )
Fitness = 82.7051802001
Avg Fitness = 29.0227357574
Duplicated = 3
============================================================================
Evaluate Gen  4
New Population 70
Better than Dads 7
Best Ind: ( 0.111111111111y + 0.142857142857x )
Fitness = 2.58310048037
Worst Ind: ( 0.111111111111y * 0.125x )
Fitness = 35.8034386329
Avg Fitness = 18.4160393674
Duplicated = 1
============================================================================
Evaluate Gen  5
New Population 71
Better than Dads 14
Best Ind: ( 0.111111111111y + 0.142857142857x )
Fitness = 2.58310048037
Worst Ind: ( 0.166666666667y * ( 0.1x * ( 0.111111111111x * 1.0y ) ) )
Fitness = 25.4976193705
Avg Fitness = 15.6823644731
Duplicated = 1
============================================================================
Evaluate Gen  6
New Population 74
Better than Dads 16
Best Ind: ( 0.125x + 0.111111111111y )
Fitness = 2.56467148958
Worst Ind: ( 0.2x * ( 0.5y + 0.125y ) )
Fitness = 20.3584629491
Avg Fitness = 13.4648146809
Duplicated = 0
============================================================================
Evaluate Gen  7
New Population 67
Better than Dads 10
Best Ind: ( 0.125x + 0.111111111111y )
Fitness = 2.56467148958
Worst Ind: ( 0.111111111111y * ( ( 0.1x + 1.0y ) * 0.1x ) )
Fitness = 17.7390495272
Avg Fitness = 11.9804571592
Duplicated = 1
============================================================================
Evaluate Gen  8
New Population 75
Better than Dads 17
Best Ind: ( 0.125x + 0.111111111111y )
Fitness = 2.56467148958
Worst Ind: ( ( ( ( 0.111111111111y * 0.5x ) + 0.111111111111y ) * ( 0.111111111111y + 0.125x ) ) * 0.125x )
Fitness = 16.0768699172
Avg Fitness = 10.53335238
Duplicated = 5
============================================================================
Evaluate Gen  9
New Population 72
Better than Dads 14
Best Ind: ( 0.125x + 0.111111111111y )
Fitness = 2.56467148958
Worst Ind: ( ( 0.2x * 0.166666666667y ) + ( 0.125y * 0.111111111111y ) )
Fitness = 14.3457566568
Avg Fitness = 9.28008957043
Duplicated = 4
============================================================================
Evaluate Gen  10
New Population 66
Better than Dads 10
Best Ind: ( 0.125x + 0.111111111111y )
Fitness = 2.56467148958
Worst Ind: ( ( 0.111111111111x + 0.25y ) * 0.166666666667y )
Fitness = 12.9630831427
Avg Fitness = 8.76364959756
Duplicated = 2
============================================================================
Evaluate Gen  11
New Population 71
Better than Dads 15
Best Ind: ( 0.125x + 0.111111111111y )
Fitness = 2.56467148958
Worst Ind: ( ( 0.2x * 0.166666666667y ) + ( 0.2y * 0.111111111111y ) )
Fitness = 11.4476894336
Avg Fitness = 7.93807089639
Duplicated = 4
============================================================================
Evaluate Gen  12
New Population 67
Better than Dads 11
Best Ind: ( 0.125x + 0.111111111111y )
Fitness = 2.56467148958
Worst Ind: ( 0.2x + ( ( 0.2x * 0.166666666667y ) * 0.333333333333y ) )
Fitness = 10.3321850884
Avg Fitness = 7.68649822343
Duplicated = 5
============================================================================
Evaluate Gen  13
New Population 72
Better than Dads 12
Best Ind: ( 0.125x + 0.111111111111y )
Fitness = 2.56467148958
Worst Ind: ( 0.111111111111y + ( 0.2y * ( ( 0.2x * 0.125y ) + ( 0.25y * 0.111111111111x ) ) ) )
Fitness = 9.59407292957
Avg Fitness = 7.08400464217
Duplicated = 9
============================================================================
Evaluate Gen  14
New Population 70
Better than Dads 16
Best Ind: ( 0.125x + 0.111111111111y )
Fitness = 2.56467148958
Worst Ind: ( 0.1y + ( 0.142857142857x * ( 0.111111111111y * ( ( ( 0.142857142857y + 0.1y ) + 0.142857142857x ) + 0.25x ) ) ) )
Fitness = 8.99110111227
Avg Fitness = 6.6136917561
Duplicated = 9
============================================================================
Evaluate Gen  15
New Population 69
Better than Dads 16
Best Ind: ( 0.125x + 0.111111111111y )
Fitness = 2.56467148958
Worst Ind: ( 0.111111111111y * ( ( ( 0.142857142857y + 0.111111111111y ) + 0.2x ) + 0.142857142857x ) )
Fitness = 8.5043669803
Avg Fitness = 6.39394950257
Duplicated = 11
============================================================================
Evaluate Gen  16
New Population 70
Better than Dads 17
Best Ind: ( 0.125x + 0.111111111111y )
Fitness = 2.56467148958
Worst Ind: ( ( 0.142857142857y + 0.2x ) * 0.25y )
Fitness = 8.21111342768
Avg Fitness = 6.2029580192
Duplicated = 13
============================================================================
Evaluate Gen  17
New Population 71
Better than Dads 18
Best Ind: ( 0.125x + 0.111111111111y )
Fitness = 2.56467148958
Worst Ind: ( 0.2x * 0.333333333333y )
Fitness = 8.10076447155
Avg Fitness = 5.9559290306
Duplicated = 11
============================================================================
Evaluate Gen  18
New Population 71
Better than Dads 17
Best Ind: ( 0.125x + 0.111111111111y )
Fitness = 2.56467148958
Worst Ind: ( 0.2y + ( ( 0.2x * 0.166666666667y ) * 0.333333333333y ) )
Fitness = 7.97900337171
Avg Fitness = 5.67423694674
Duplicated = 10
============================================================================
Evaluate Gen  19
New Population 69
Better than Dads 17
Best Ind: ( 0.125x + 0.111111111111y )
Fitness = 2.56467148958
Worst Ind: ( 0.111111111111y * ( ( ( 0.142857142857y + 0.111111111111y ) + 0.142857142857x ) + 0.25x ) )
Fitness = 7.91337890898
Avg Fitness = 5.53537686907
Duplicated = 10
============================================================================
Evaluate Gen  20
New Population 68
Better than Dads 15
Best Ind: ( 0.125x + 0.111111111111y )
Fitness = 2.56467148958
Worst Ind: ( 0.111111111111y * ( ( ( 0.142857142857y + 0.111111111111x ) + 0.142857142857x ) + 0.25x ) )
Fitness = 7.87684530835
Avg Fitness = 5.35843591801
Duplicated = 12
============================================================================
Evaluate Gen  21
New Population 70
Better than Dads 14
Best Ind: ( 0.125x + 0.111111111111y )
Fitness = 2.56467148958
Worst Ind: ( 0.1y + ( 0.142857142857x * 0.25y ) )
Fitness = 6.88743365777
Avg Fitness = 5.03116306246
Duplicated = 15
============================================================================
Evaluate Gen  22
New Population 73
Better than Dads 17
Best Ind: ( 0.125x + 0.111111111111y )
Fitness = 2.56467148958
Worst Ind: ( 0.2x + 0.142857142857y )
Fitness = 6.11025422425
Avg Fitness = 4.74060060015
Duplicated = 17
============================================================================
Evaluate Gen  23
New Population 72
Better than Dads 14
Best Ind: ( 0.111111111111x + 0.2y )
Fitness = 2.53380016024
Worst Ind: ( 0.2x + ( 0.111111111111y * 0.333333333333y ) )
Fitness = 5.73802862456
Avg Fitness = 4.46245457091
Duplicated = 19
============================================================================
Evaluate Gen  24
New Population 68
Better than Dads 13
Best Ind: ( 0.111111111111x + 0.2y )
Fitness = 2.53380016024
Worst Ind: ( 0.111111111111x + ( ( 0.125y * 0.333333333333y ) * ( 0.111111111111y + 0.142857142857x ) ) )
Fitness = 5.21394630152
Avg Fitness = 4.3104859718
Duplicated = 20
============================================================================
Evaluate Gen  25
New Population 70
Better than Dads 15
Best Ind: ( 0.111111111111x + 0.2y )
Fitness = 2.53380016024
Worst Ind: ( ( 0.125y + 0.111111111111y ) + 0.142857142857x )
Fitness = 5.02034000867
Avg Fitness = 4.14371151314
Duplicated = 17
============================================================================
Evaluate Gen  26
New Population 68
Better than Dads 14
Best Ind: ( 0.111111111111x + 0.2y )
Fitness = 2.53380016024
Worst Ind: ( 0.2x + ( 0.111111111111y * ( 0.142857142857y + 0.111111111111y ) ) )
Fitness = 4.93235605424
Avg Fitness = 4.02442795225
Duplicated = 14
============================================================================
Evaluate Gen  27
New Population 67
Better than Dads 11
Best Ind: ( 0.111111111111x + 0.2y )
Fitness = 2.53380016024
Worst Ind: ( ( ( 0.166666666667y * ( 0.111111111111y * 0.142857142857x ) ) * 0.333333333333y ) + 0.142857142857x )
Fitness = 4.54375778738
Avg Fitness = 3.90417597787
Duplicated = 14
============================================================================
Evaluate Gen  28
New Population 66
Better than Dads 13
Best Ind: ( 0.111111111111x + 0.2y )
Fitness = 2.53380016024
Worst Ind: ( 0.2x + ( ( 0.166666666667y * ( 0.166666666667y * ( 0.111111111111y * 0.142857142857x ) ) ) * 0.333333333333y ) )
Fitness = 4.48481095515
Avg Fitness = 3.84511156524
Duplicated = 15
============================================================================
Evaluate Gen  29
New Population 71
Better than Dads 14
Best Ind: ( 0.111111111111x + 0.2y )
Fitness = 2.53380016024
Worst Ind: ( 0.2x + ( ( 0.1y * ( 0.111111111111y * 0.25y ) ) * 0.142857142857x ) )
Fitness = 4.44771396139
Avg Fitness = 3.69511120691
Duplicated = 15
============================================================================
Evaluate Gen  30
New Population 65
Better than Dads 7
Best Ind: ( 0.111111111111x + 0.2y )
Fitness = 2.53380016024
Worst Ind: ( 0.111111111111x + ( ( 0.2y + 0.111111111111y ) * 0.1y ) )
Fitness = 4.23764858806
Avg Fitness = 3.56340251659
Duplicated = 19
============================================================================
Evaluate Gen  31
New Population 65
Better than Dads 11
Best Ind: ( 0.111111111111x + 0.2y )
Fitness = 2.53380016024
Worst Ind: ( ( ( ( 0.111111111111y + 0.111111111111y ) + 0.142857142857x ) * 0.1y ) + 0.142857142857x )
Fitness = 4.19796491177
Avg Fitness = 3.51825753167
Duplicated = 20
============================================================================
Evaluate Gen  32
New Population 66
Better than Dads 15
Best Ind: ( 0.111111111111x + 0.2y )
Fitness = 2.53380016024
Worst Ind: ( 0.2x + ( ( 0.1y * ( 0.111111111111y * 0.25y ) ) * 0.333333333333y ) )
Fitness = 4.18974111423
Avg Fitness = 3.49310232818
Duplicated = 20
============================================================================
Evaluate Gen  33
New Population 70
Better than Dads 11
Best Ind: ( 0.111111111111x + 0.2y )
Fitness = 2.53380016024
Worst Ind: ( 0.1y + ( 0.111111111111y + 0.142857142857x ) )
Fitness = 4.08792090962
Avg Fitness = 3.3666092732
Duplicated = 23
============================================================================
Evaluate Gen  34
New Population 71
Better than Dads 14
Best Ind: ( 0.111111111111x + 0.2y )
Fitness = 2.53380016024
Worst Ind: ( 0.111111111111x + ( ( 0.2y + 0.142857142857x ) * 0.1y ) )
Fitness = 4.01948703865
Avg Fitness = 3.26399924283
Duplicated = 20
============================================================================
Evaluate Gen  35
New Population 73
Better than Dads 15
Best Ind: ( 0.111111111111x + 0.2y )
Fitness = 2.53380016024
Worst Ind: ( ( 0.111111111111x + ( ( 0.125y + 0.111111111111y ) * 0.1y ) ) + ( 0.111111111111y * 0.1y ) )
Fitness = 3.83791223062
Avg Fitness = 3.14743139821
Duplicated = 21
============================================================================
Evaluate Gen  36
New Population 70
Better than Dads 13
Best Ind: ( 0.111111111111x + 0.2y )
Fitness = 2.53380016024
Worst Ind: ( 0.111111111111x + ( ( 0.111111111111y + 0.111111111111y ) * ( 0.111111111111y + 0.111111111111y ) ) )
Fitness = 3.77761788607
Avg Fitness = 3.05900945003
Duplicated = 20
============================================================================
Evaluate Gen  37
New Population 66
Better than Dads 12
Best Ind: ( 0.111111111111x + 0.2y )
Fitness = 2.53380016024
Worst Ind: ( ( 0.111111111111x + ( ( 0.125y + 0.111111111111y ) * 0.1y ) ) + ( 0.166666666667y * 0.111111111111y ) )
Fitness = 3.66633558669
Avg Fitness = 2.98676582292
Duplicated = 21
============================================================================
Evaluate Gen  38
New Population 74
Better than Dads 14
Best Ind: ( 0.111111111111x + 0.2y )
Fitness = 2.53380016024
Worst Ind: ( ( 0.111111111111x + 0.111111111111y ) + ( 0.111111111111y * 0.25y ) )
Fitness = 3.24440946625
Avg Fitness = 2.81136109095
Duplicated = 30
============================================================================
Evaluate Gen  39
New Population 72
Better than Dads 13
Best Ind: ( 0.111111111111x + 0.2y )
Fitness = 2.53380016024
Worst Ind: ( 0.111111111111x + 0.111111111111y )
Fitness = 2.9402047373
Avg Fitness = 2.71972888525
Duplicated = 33
============================================================================
Evaluate Gen  40
New Population 67
Better than Dads 15
Best Ind: ( 0.111111111111x + 0.2y )
Fitness = 2.53380016024
Worst Ind: ( 0.111111111111x + 0.111111111111y )
Fitness = 2.9402047373
Avg Fitness = 2.69626023862
Duplicated = 32
============================================================================
Evaluate Gen  41
New Population 65
Better than Dads 11
Best Ind: ( 0.111111111111x + 0.2y )
Fitness = 2.53380016024
Worst Ind: ( 0.111111111111y + 0.111111111111x )
Fitness = 2.9402047373
Avg Fitness = 2.66775270456
Duplicated = 31
============================================================================
Evaluate Gen  42
New Population 68
Better than Dads 10
Best Ind: ( 0.111111111111x + 0.2y )
Fitness = 2.53380016024
Worst Ind: ( ( 0.111111111111x + 0.111111111111y ) + 0.111111111111y )
Fitness = 2.86238718292
Avg Fitness = 2.62298421704
Duplicated = 36
============================================================================
Evaluate Gen  43
New Population 67
Better than Dads 13
Best Ind: ( 0.111111111111x + 0.2y )
Fitness = 2.53380016024
Worst Ind: ( 0.1y + ( 0.111111111111y + 0.111111111111x ) )
Fitness = 2.68162614509
Avg Fitness = 2.597802436
Duplicated = 37
============================================================================
Evaluate Gen  44
New Population 70
Better than Dads 9
Best Ind: ( 0.111111111111x + 0.2y )
Fitness = 2.53380016024
Worst Ind: ( ( 0.111111111111x + 0.111111111111y ) + ( 0.111111111111y * 0.1y ) )
Fitness = 2.60365786375
Avg Fitness = 2.58709749742
Duplicated = 40
============================================================================
Evaluate Gen  45
New Population 67
Better than Dads 12
Best Ind: ( 0.111111111111x + 0.2y )
Fitness = 2.53380016024
Worst Ind: ( 0.111111111111x + 0.125y )
Fitness = 2.60147265021
Avg Fitness = 2.58525563932
Duplicated = 41
============================================================================
Evaluate Gen  46
New Population 68
Better than Dads 9
Best Ind: ( 0.111111111111x + 0.2y )
Fitness = 2.53380016024
Worst Ind: ( 0.125y + 0.142857142857x )
Fitness = 2.59206080317
Avg Fitness = 2.58322115491
Duplicated = 42
============================================================================
Evaluate Gen  47
New Population 69
Better than Dads 8
Best Ind: ( 0.111111111111x + 0.2y )
Fitness = 2.53380016024
Worst Ind: ( 0.125y + 0.142857142857x )
Fitness = 2.59206080317
Avg Fitness = 2.58178750326
Duplicated = 43
============================================================================
Evaluate Gen  48
New Population 66
Better than Dads 4
Best Ind: ( 0.111111111111x + 0.2y )
Fitness = 2.53380016024
Worst Ind: ( 0.111111111111y + 0.142857142857x )
Fitness = 2.58310048037
Avg Fitness = 2.58107067744
Duplicated = 44
============================================================================
Evaluate Gen  49
New Population 63
Better than Dads 5
Best Ind: ( 0.111111111111x + 0.2y )
Fitness = 2.53380016024
Worst Ind: ( 0.111111111111y + 0.142857142857x )
Fitness = 2.58310048037
Avg Fitness = 2.58107067744
Duplicated = 44
============================================================================
Evaluate Gen  50
New Population 65
Better than Dads 9
Best Ind: ( 0.111111111111x + 0.2y )
Fitness = 2.53380016024
Worst Ind: ( 0.111111111111y + 0.142857142857x )
Fitness = 2.58310048037
Avg Fitness = 2.58107067744
Duplicated = 44
