dataset_file= dataset/SR_ellipse_noise.txt
population= 50
generations= 100
tournament_size= 3
cross_over= 0.6
mutation= 0.3
elitism= True
(50, 2)
============================================================================
Build initial population
ind: 1
( 0.125y + 0.125x )
ind: 2
( ( ( ( ( 1.0y * ( 1.0y + 0.166666666667y ) ) + ( ( 0.166666666667y * 0.2y ) + 1.0x ) ) + ( 0.1x + 0.142857142857y ) ) + 0.111111111111x ) * ( ( ( ( 0.2y * 0.166666666667x ) * 0.111111111111x ) * 0.25x ) * 1.0y ) )
ind: 3
( ( ( ( 0.333333333333y * 0.2x ) * 0.1y ) * ( 0.111111111111y + 0.166666666667x ) ) + 0.25x )
ind: 4
( 0.125y + 0.166666666667x )
ind: 5
( ( 0.166666666667y + ( 0.25y * ( 1.0y + 0.5y ) ) ) + 1.0x )
ind: 6
( 0.125x * ( 0.125y + 1.0x ) )
ind: 7
( 0.5y + ( ( ( ( 1.0x + 0.333333333333x ) + 0.5x ) + ( 0.1x * ( 0.142857142857y * ( 0.111111111111y * 0.333333333333x ) ) ) ) + ( 0.166666666667y * 0.111111111111y ) ) )
ind: 8
( ( ( 0.333333333333x * ( ( ( 0.142857142857x * 0.125y ) + 0.1x ) + ( 0.166666666667x + ( 0.2x * 0.142857142857y ) ) ) ) * 0.166666666667x ) + 0.333333333333x )
ind: 9
( 1.0x * 0.166666666667y )
ind: 10
( ( 0.1y + ( ( 0.5y + 1.0x ) + ( ( 0.1x * ( 1.0x * 0.142857142857x ) ) + ( 1.0y + ( 0.142857142857y * 0.25y ) ) ) ) ) + ( ( 0.333333333333y * ( ( ( 0.142857142857x * 1.0y ) + ( 0.1x + 1.0x ) ) + 0.1x ) ) + 0.1x ) )
ind: 11
( 0.111111111111x + ( 0.1y * ( ( 0.25x + ( 0.111111111111y + 1.0x ) ) * ( 0.125x + 1.0y ) ) ) )
ind: 12
( 0.166666666667x + ( ( ( ( 0.5y + 0.25x ) * ( 1.0y + ( 0.166666666667y + 1.0y ) ) ) * ( ( 0.333333333333x + 0.125x ) + 0.166666666667y ) ) * 0.25x ) )
ind: 13
( 1.0x * ( 1.0x * ( 0.333333333333y * 0.1y ) ) )
ind: 14
( ( 0.2y * 0.111111111111x ) + 1.0x )
ind: 15
( 0.2y * 0.111111111111x )
ind: 16
( ( 0.5x + ( 0.142857142857x * 1.0y ) ) + ( 0.5y + 0.5x ) )
ind: 17
( ( ( 0.2x * ( 0.25x * 0.1x ) ) * ( ( 0.333333333333y + ( ( 0.2y * 0.1x ) * 0.111111111111x ) ) + ( ( ( 0.166666666667y + 0.2y ) * ( 0.125x * 0.2x ) ) * ( 0.2x + ( 0.333333333333x * 0.111111111111x ) ) ) ) ) + 0.142857142857x )
ind: 18
( ( 0.333333333333x * 0.166666666667x ) * ( 0.333333333333x + ( ( 0.2x * 1.0x ) + ( ( ( 0.2x + 1.0y ) * ( 0.25x * 1.0x ) ) * 0.111111111111y ) ) ) )
ind: 19
( ( ( 0.166666666667y + 0.166666666667y ) + ( 0.142857142857x * ( ( 0.1x + ( 0.1x * 0.125x ) ) * 0.5y ) ) ) * 0.125x )
ind: 20
( 0.333333333333y * 0.125x )
ind: 21
( 0.125y * ( ( 0.125x + 0.5y ) * 0.142857142857y ) )
ind: 22
( ( 0.25y * ( ( ( ( 0.111111111111y * 1.0x ) + 0.142857142857y ) + ( 0.166666666667y + 0.111111111111y ) ) * 0.333333333333x ) ) + 0.5y )
ind: 23
( ( 0.111111111111y + ( ( 0.333333333333x + 0.125x ) + 0.333333333333y ) ) + ( 0.142857142857y + ( 0.5y * 0.111111111111x ) ) )
ind: 24
( ( ( ( 0.142857142857x * ( ( 0.111111111111x * 0.2y ) + ( 0.5y * 0.166666666667y ) ) ) + 0.142857142857x ) * 0.111111111111x ) + ( ( 0.125x + ( ( ( 0.1x + 0.5x ) + 0.25x ) * 0.166666666667y ) ) * 0.5x ) )
ind: 25
( ( 0.111111111111x + ( 0.25y * 0.166666666667y ) ) * 0.25x )
ind: 26
( 1.0y + 0.5x )
ind: 27
( 0.5y * ( ( 0.166666666667y + ( 0.1y + 0.142857142857y ) ) + 0.166666666667x ) )
ind: 28
( ( ( ( ( ( 0.111111111111x + 1.0y ) * 0.2x ) + 0.333333333333y ) + ( ( ( 0.333333333333x + 0.333333333333x ) + ( 0.125x * 0.166666666667x ) ) + 0.25x ) ) + ( ( ( ( 0.125x * 0.25y ) * ( 0.125x * 1.0y ) ) * 0.5y ) * ( ( ( 0.25x * 0.2x ) + ( 0.2x * 0.1y ) ) + 0.142857142857x ) ) ) + 0.5y )
ind: 29
( ( ( 0.125y * ( 0.111111111111y + ( 0.125x + ( 1.0y * 0.333333333333x ) ) ) ) * 0.166666666667y ) + 0.5x )
ind: 30
( ( 0.2x + 0.5x ) * 0.111111111111y )
ind: 31
( ( 0.1x + ( 0.5x * ( 0.166666666667y * ( 0.333333333333x * ( 0.5x + 0.25x ) ) ) ) ) * 0.111111111111x )
ind: 32
( ( ( 0.5y + 1.0x ) + ( ( ( ( 1.0x * 0.111111111111y ) + ( 0.125y + 0.166666666667y ) ) * ( ( 0.1x * 0.5y ) * ( 0.2y + 0.25y ) ) ) * 0.5x ) ) + ( 0.333333333333y * 0.142857142857y ) )
ind: 33
( ( ( ( 0.1x * ( 0.142857142857y + ( 0.5x + 0.2x ) ) ) + 0.5x ) + 0.5y ) + ( ( 0.125x * 0.111111111111y ) * ( ( 0.125y * ( ( 0.333333333333y * 0.5x ) + 0.166666666667y ) ) * ( ( ( 0.125x + 0.142857142857y ) + 0.111111111111y ) + 1.0x ) ) ) )
ind: 34
( 0.5y + 1.0x )
ind: 35
( 0.111111111111x + 0.111111111111y )
ind: 36
( ( 0.2y * 0.1y ) + ( ( 0.111111111111x + 0.25x ) * 0.5y ) )
ind: 37
( 0.111111111111y + ( ( ( 1.0x * 0.142857142857y ) * ( 0.5x * 0.166666666667x ) ) + 0.111111111111x ) )
ind: 38
( 0.2x + ( 0.142857142857x * ( ( 0.125y * ( 0.166666666667x + 0.125y ) ) + 0.166666666667x ) ) )
ind: 39
( ( 0.166666666667y * ( 0.142857142857y + ( 0.2y * ( 0.111111111111y * 0.5x ) ) ) ) + ( ( 0.5x * ( ( 0.25x + ( 0.333333333333y * 0.111111111111x ) ) + 0.5x ) ) + ( ( 0.142857142857x * 0.25y ) * 0.125x ) ) )
ind: 40
( ( ( 0.1y * 0.333333333333x ) * 0.5x ) + ( 0.25y * ( ( ( 0.5x + 1.0y ) * 1.0y ) + ( ( 0.166666666667y + 0.1x ) + ( ( 0.125y + 0.111111111111x ) * 0.2y ) ) ) ) )
ind: 41
( 0.111111111111x * 0.142857142857y )
ind: 42
( ( ( ( ( ( 0.142857142857x * 0.125x ) + ( 0.5y + 0.142857142857x ) ) * 0.111111111111x ) + ( ( 0.333333333333x * 0.2y ) + ( ( 0.2y + 0.166666666667y ) * 1.0y ) ) ) + ( 0.166666666667x + ( ( ( 0.111111111111y + 0.1x ) * 0.125x ) * ( 0.142857142857y * 0.2y ) ) ) ) + 0.333333333333y )
ind: 43
( 0.111111111111x + ( ( ( ( ( 0.2y * 0.111111111111x ) * 0.2x ) * ( ( 0.333333333333y + 0.25y ) + ( 0.2x + 0.142857142857y ) ) ) + 0.1y ) * 0.2x ) )
ind: 44
( ( ( ( ( ( 0.333333333333y + 0.125y ) * 0.2y ) + 0.2y ) * ( 0.111111111111y * ( ( 0.111111111111y + 0.166666666667x ) + ( 0.125x + 0.111111111111x ) ) ) ) + 0.142857142857x ) * ( 0.125y * 0.125y ) )
ind: 45
( 0.25y * ( ( ( 0.125x * 1.0y ) * ( ( ( 0.125y + 0.5x ) * ( 0.25x + 0.333333333333y ) ) + ( ( 0.1x + 1.0x ) + 0.111111111111y ) ) ) * 0.111111111111y ) )
ind: 46
( 0.333333333333x + ( ( 0.142857142857y * 0.111111111111x ) * 0.125x ) )
ind: 47
( 0.5x * 0.125y )
ind: 48
( 0.125x * 0.25y )
ind: 49
( 0.333333333333x + ( ( 0.25y * 0.125y ) + 0.166666666667x ) )
ind: 50
( ( ( 0.1x + ( ( ( 0.125y + 0.142857142857y ) + 0.1x ) * ( ( 0.142857142857x + 0.5x ) * 0.166666666667x ) ) ) + ( ( 0.5x * 0.142857142857y ) + 0.142857142857y ) ) + ( ( 0.333333333333x * ( ( ( 0.5x * 0.125x ) * ( 1.0y + 0.1x ) ) * ( ( 0.166666666667x + 0.25y ) + ( 0.5y * 0.2x ) ) ) ) + 0.111111111111x ) )
Best Ind: ( 0.125y + 0.125x )
Fitness = 2.44242245425
Worst Ind: ( 0.166666666667x + ( ( ( ( 0.5y + 0.25x ) * ( 1.0y + ( 0.166666666667y + 1.0y ) ) ) * ( ( 0.333333333333x + 0.125x ) + 0.166666666667y ) ) * 0.25x ) )
Fitness = 104324.483527
Avg Fitness = 4590.92084023
Duplicated = 0
============================================================================
Evaluate Gen  1
New Population 67
Better than Dads 6
Best Ind: ( 0.125y + 0.125x )
Fitness = 2.44242245425
Worst Ind: ( ( 0.5x + ( 0.142857142857x * 1.0y ) ) + ( 0.5y + 0.5x ) )
Fitness = 1993.05155639
Avg Fitness = 351.820763831
Duplicated = 0
============================================================================
Evaluate Gen  2
New Population 71
Better than Dads 8
Best Ind: ( 0.125y + 0.125x )
Fitness = 2.44242245425
Worst Ind: ( ( 0.111111111111y + ( ( 0.333333333333x + 0.125x ) + 0.333333333333y ) ) + ( 0.142857142857y + ( 0.5y * 0.111111111111x ) ) )
Fitness = 487.925407695
Avg Fitness = 96.3129214878
Duplicated = 0
============================================================================
Evaluate Gen  3
New Population 64
Better than Dads 5
Best Ind: ( 0.125y + 0.125x )
Fitness = 2.44242245425
Worst Ind: ( ( 0.1y + 0.142857142857y ) + 0.5x )
Fitness = 170.804608204
Avg Fitness = 37.1626161829
Duplicated = 2
============================================================================
Evaluate Gen  4
New Population 70
Better than Dads 13
Best Ind: ( 0.125y + 0.125x )
Fitness = 2.44242245425
Worst Ind: ( 1.0x * 0.166666666667y )
Fitness = 44.9001175741
Avg Fitness = 19.6538542411
Duplicated = 2
============================================================================
Evaluate Gen  5
New Population 75
Better than Dads 14
Best Ind: ( 0.125y + 0.125x )
Fitness = 2.44242245425
Worst Ind: ( 0.125x * 0.2y )
Fitness = 26.1491216644
Avg Fitness = 14.9995088175
Duplicated = 4
============================================================================
Evaluate Gen  6
New Population 71
Better than Dads 14
Best Ind: ( 0.125y + 0.125x )
Fitness = 2.44242245425
Worst Ind: ( 0.111111111111y * ( ( 0.2y * 0.111111111111x ) + ( 0.125x + 0.111111111111x ) ) )
Fitness = 20.063648197
Avg Fitness = 12.9123931243
Duplicated = 5
============================================================================
Evaluate Gen  7
New Population 77
Better than Dads 21
Best Ind: ( 0.125y + 0.125x )
Fitness = 2.44242245425
Worst Ind: ( 0.125x * ( ( 0.125x + 0.5y ) * 0.142857142857y ) )
Fitness = 18.0077491178
Avg Fitness = 11.2116184324
Duplicated = 2
============================================================================
Evaluate Gen  8
New Population 75
Better than Dads 12
Best Ind: ( 0.125y + 0.125x )
Fitness = 2.44242245425
Worst Ind: ( ( 0.125x * 0.111111111111x ) + ( ( ( 0.2y * 0.111111111111x ) + ( 0.111111111111x * 0.142857142857y ) ) * 0.142857142857y ) )
Fitness = 13.3239261428
Avg Fitness = 9.23014877208
Duplicated = 0
============================================================================
Evaluate Gen  9
New Population 75
Better than Dads 15
Best Ind: ( 0.125y + 0.125x )
Fitness = 2.44242245425
Worst Ind: ( 0.111111111111y * ( ( ( 0.2y * ( 0.2y * 0.111111111111x ) ) + ( ( 0.111111111111x + 0.142857142857y ) * 0.5y ) ) + ( 0.125x + 0.111111111111x ) ) )
Fitness = 11.4573115541
Avg Fitness = 8.08931779743
Duplicated = 3
============================================================================
Evaluate Gen  10
New Population 71
Better than Dads 19
Best Ind: ( 0.125y + 0.125x )
Fitness = 2.44242245425
Worst Ind: ( 0.2x + ( 0.142857142857x * ( ( 0.125y * 0.125x ) + ( 0.2y * 0.111111111111x ) ) ) )
Fitness = 11.1696427338
Avg Fitness = 7.69726206631
Duplicated = 3
============================================================================
Evaluate Gen  11
New Population 74
Better than Dads 13
Best Ind: ( 0.125y + 0.125x )
Fitness = 2.44242245425
Worst Ind: ( ( ( 0.166666666667y + 0.166666666667y ) + 0.333333333333y ) * 0.125x )
Fitness = 9.41102279766
Avg Fitness = 6.85197668754
Duplicated = 6
============================================================================
Evaluate Gen  12
New Population 72
Better than Dads 15
Best Ind: ( 0.125y + 0.125x )
Fitness = 2.44242245425
Worst Ind: ( ( ( 0.125y * ( 0.166666666667x + 0.125y ) ) + 0.5x ) * 0.111111111111y )
Fitness = 8.66921476333
Avg Fitness = 6.35298181683
Duplicated = 7
============================================================================
Evaluate Gen  13
New Population 71
Better than Dads 14
Best Ind: ( 0.125y + 0.125x )
Fitness = 2.44242245425
Worst Ind: ( 0.5x * 0.125y )
Fitness = 8.11900723738
Avg Fitness = 5.91451805971
Duplicated = 5
============================================================================
Evaluate Gen  14
New Population 73
Better than Dads 20
Best Ind: ( 0.125y + 0.125x )
Fitness = 2.44242245425
Worst Ind: ( 0.2x + ( ( 0.2y * 0.111111111111x ) * ( ( 0.125y * ( 0.166666666667x + 0.125y ) ) + ( 0.2y * 0.111111111111x ) ) ) )
Fitness = 7.54952190521
Avg Fitness = 5.64166459198
Duplicated = 4
============================================================================
Evaluate Gen  15
New Population 70
Better than Dads 12
Best Ind: ( 0.125y + 0.125x )
Fitness = 2.44242245425
Worst Ind: ( 0.2x + ( 0.2y * 0.111111111111x ) )
Fitness = 7.2306832131
Avg Fitness = 5.37338457845
Duplicated = 5
============================================================================
Evaluate Gen  16
New Population 70
Better than Dads 13
Best Ind: ( 0.125y + 0.125x )
Fitness = 2.44242245425
Worst Ind: ( ( 0.142857142857x * ( ( ( 0.125x * 0.111111111111x ) * 0.125x ) + 0.2y ) ) + 0.2y )
Fitness = 6.8131818728
Avg Fitness = 4.96510365818
Duplicated = 4
============================================================================
Evaluate Gen  17
New Population 70
Better than Dads 15
Best Ind: ( 0.125y + 0.125x )
Fitness = 2.44242245425
Worst Ind: ( 0.2x + ( ( 0.111111111111x * 0.125x ) * ( 0.2y * 0.111111111111x ) ) )
Fitness = 6.34683418235
Avg Fitness = 4.69239132844
Duplicated = 4
============================================================================
Evaluate Gen  18
New Population 72
Better than Dads 16
Best Ind: ( 0.125y + 0.125x )
Fitness = 2.44242245425
Worst Ind: ( 0.2x + ( ( 0.125y * 0.125x ) * 0.111111111111x ) )
Fitness = 5.82369563158
Avg Fitness = 4.48230465605
Duplicated = 6
============================================================================
Evaluate Gen  19
New Population 73
Better than Dads 18
Best Ind: ( 0.125y + 0.125x )
Fitness = 2.44242245425
Worst Ind: ( 0.2x + ( 0.111111111111y * 0.111111111111x ) )
Fitness = 5.50675338526
Avg Fitness = 4.2674371715
Duplicated = 4
============================================================================
Evaluate Gen  20
New Population 74
Better than Dads 16
Best Ind: ( 0.125y + 0.125x )
Fitness = 2.44242245425
Worst Ind: ( 0.2x + ( ( 0.125y * ( ( 0.125y * ( 0.166666666667x + 0.125y ) ) * ( ( 0.125y * 0.125x ) + 0.2y ) ) ) * 0.111111111111x ) )
Fitness = 4.9681266014
Avg Fitness = 4.0391604345
Duplicated = 6
============================================================================
Evaluate Gen  21
New Population 71
Better than Dads 20
Best Ind: ( 0.125y + 0.125x )
Fitness = 2.44242245425
Worst Ind: ( 0.125x + ( 0.125y * 0.111111111111x ) )
Fitness = 4.81135286492
Avg Fitness = 3.99972644855
Duplicated = 6
============================================================================
Evaluate Gen  22
New Population 70
Better than Dads 14
Best Ind: ( 0.125y + 0.125x )
Fitness = 2.44242245425
Worst Ind: ( 0.2x + ( ( 0.125y * 0.125x ) * 0.125y ) )
Fitness = 4.6700340464
Avg Fitness = 3.93480189814
Duplicated = 10
============================================================================
Evaluate Gen  23
New Population 72
Better than Dads 11
Best Ind: ( 0.125y + 0.125x )
Fitness = 2.44242245425
Worst Ind: ( ( ( ( ( ( 0.2y * 0.111111111111x ) * ( 0.166666666667x + 0.125y ) ) * 0.2x ) * 0.1y ) * 0.111111111111y ) + 0.166666666667x )
Fitness = 4.35926854804
Avg Fitness = 3.80743731003
Duplicated = 15
============================================================================
Evaluate Gen  24
New Population 68
Better than Dads 15
Best Ind: ( 0.125y + 0.125x )
Fitness = 2.44242245425
Worst Ind: ( ( ( ( ( 0.333333333333y * 0.125x ) * 0.2x ) * 0.1y ) * 0.111111111111y ) + 0.166666666667x )
Fitness = 4.32333259321
Avg Fitness = 3.77860038474
Duplicated = 13
============================================================================
Evaluate Gen  25
New Population 69
Better than Dads 17
Best Ind: ( 0.125y + 0.125x )
Fitness = 2.44242245425
Worst Ind: ( 0.111111111111x + ( ( 0.333333333333y + 0.125x ) * 0.111111111111y ) )
Fitness = 4.29566996296
Avg Fitness = 3.76332344547
Duplicated = 13
============================================================================
Evaluate Gen  26
New Population 68
Better than Dads 9
Best Ind: ( 0.125y + 0.125x )
Fitness = 2.44242245425
Worst Ind: ( 0.2x + ( 0.1y * 0.142857142857y ) )
Fitness = 4.21997899005
Avg Fitness = 3.63985545553
Duplicated = 13
============================================================================
Evaluate Gen  27
New Population 70
Better than Dads 13
Best Ind: ( 0.125y + 0.125x )
Fitness = 2.44242245425
Worst Ind: ( 0.125x + ( 0.125y * ( 0.125x + ( 0.125y * 0.25y ) ) ) )
Fitness = 4.1344783411
Avg Fitness = 3.51414995484
Duplicated = 15
============================================================================
Evaluate Gen  28
New Population 68
Better than Dads 14
Best Ind: ( 0.125y + 0.125x )
Fitness = 2.44242245425
Worst Ind: ( 0.111111111111x + ( ( 0.333333333333y + ( ( 0.111111111111x * 0.125x ) * ( 0.2y * 0.166666666667y ) ) ) * 0.111111111111y ) )
Fitness = 3.99846690612
Avg Fitness = 3.44764832504
Duplicated = 18
============================================================================
Evaluate Gen  29
New Population 71
Better than Dads 13
Best Ind: ( 0.125y + 0.125x )
Fitness = 2.44242245425
Worst Ind: ( ( ( 0.125y * 0.1y ) * 0.111111111111y ) + 0.166666666667x )
Fitness = 3.87914352767
Avg Fitness = 3.37745601263
Duplicated = 18
============================================================================
Evaluate Gen  30
New Population 72
Better than Dads 14
Best Ind: ( 0.125y + 0.125x )
Fitness = 2.44242245425
Worst Ind: ( ( ( ( 0.333333333333y + 0.125x ) * 0.1y ) * 0.111111111111y ) + 0.166666666667x )
Fitness = 3.71526589544
Avg Fitness = 3.30467795398
Duplicated = 25
============================================================================
Evaluate Gen  31
New Population 71
Better than Dads 11
Best Ind: ( 0.125y + 0.125x )
Fitness = 2.44242245425
Worst Ind: ( ( ( 0.125y * 0.1y ) * 0.2y ) + 0.166666666667x )
Fitness = 3.64682416492
Avg Fitness = 3.21873507739
Duplicated = 28
============================================================================
Evaluate Gen  32
New Population 66
Better than Dads 10
Best Ind: ( 0.125y + 0.125x )
Fitness = 2.44242245425
Worst Ind: ( 0.125x + ( 0.166666666667y * 0.2y ) )
Fitness = 3.37754621905
Avg Fitness = 3.18122848229
Duplicated = 33
============================================================================
Evaluate Gen  33
New Population 72
Better than Dads 11
Best Ind: ( 0.125y + 0.125x )
Fitness = 2.44242245425
Worst Ind: ( 0.166666666667x + 0.125y )
Fitness = 3.35942355327
Avg Fitness = 3.13167514492
Duplicated = 33
============================================================================
Evaluate Gen  34
New Population 68
Better than Dads 12
Best Ind: ( 0.125y + 0.125x )
Fitness = 2.44242245425
Worst Ind: ( 0.125y + 0.166666666667x )
Fitness = 3.35942355327
Avg Fitness = 3.124465465
Duplicated = 33
============================================================================
Evaluate Gen  35
New Population 67
Better than Dads 11
Best Ind: ( 0.125y + 0.125x )
Fitness = 2.44242245425
Worst Ind: ( 0.125y + 0.166666666667x )
Fitness = 3.35942355327
Avg Fitness = 3.0925431129
Duplicated = 33
============================================================================
Evaluate Gen  36
New Population 67
Better than Dads 12
Best Ind: ( 0.125y + 0.125x )
Fitness = 2.44242245425
Worst Ind: ( 0.125y + 0.166666666667x )
Fitness = 3.35942355327
Avg Fitness = 3.06826807619
Duplicated = 32
============================================================================
Evaluate Gen  37
New Population 67
Better than Dads 12
Best Ind: ( 0.111111111111x + 0.142857142857y )
Fitness = 2.38180704024
Worst Ind: ( ( 0.2y * 0.111111111111y ) + 0.166666666667x )
Fitness = 3.31849763349
Avg Fitness = 3.02310733732
Duplicated = 32
============================================================================
Evaluate Gen  38
New Population 68
Better than Dads 12
Best Ind: ( 0.111111111111x + 0.142857142857y )
Fitness = 2.38180704024
Worst Ind: ( ( 0.111111111111x + 0.125y ) + ( 0.125y * 0.2y ) )
Fitness = 3.23602845493
Avg Fitness = 2.99379554919
Duplicated = 33
============================================================================
Evaluate Gen  39
New Population 66
Better than Dads 12
Best Ind: ( 0.111111111111x + 0.142857142857y )
Fitness = 2.38180704024
Worst Ind: ( 0.111111111111y + 0.166666666667x )
Fitness = 3.2004385336
Avg Fitness = 2.96170258318
Duplicated = 35
============================================================================
Evaluate Gen  40
New Population 65
Better than Dads 14
Best Ind: ( 0.111111111111x + 0.142857142857y )
Fitness = 2.38180704024
Worst Ind: ( 0.111111111111y + 0.166666666667x )
Fitness = 3.2004385336
Avg Fitness = 2.94451858959
Duplicated = 35
============================================================================
Evaluate Gen  41
New Population 67
Better than Dads 11
Best Ind: ( 0.111111111111x + 0.142857142857y )
Fitness = 2.38180704024
Worst Ind: ( 0.111111111111y + 0.166666666667x )
Fitness = 3.2004385336
Avg Fitness = 2.93093938748
Duplicated = 35
============================================================================
Evaluate Gen  42
New Population 63
Better than Dads 9
Best Ind: ( 0.111111111111x + 0.142857142857y )
Fitness = 2.38180704024
Worst Ind: ( 0.111111111111y + 0.166666666667x )
Fitness = 3.2004385336
Avg Fitness = 2.91493437658
Duplicated = 34
============================================================================
Evaluate Gen  43
New Population 65
Better than Dads 10
Best Ind: ( 0.111111111111x + 0.142857142857y )
Fitness = 2.38180704024
Worst Ind: ( 0.111111111111y + 0.166666666667x )
Fitness = 3.2004385336
Avg Fitness = 2.89257125733
Duplicated = 30
============================================================================
Evaluate Gen  44
New Population 67
Better than Dads 10
Best Ind: ( 0.111111111111x + 0.142857142857y )
Fitness = 2.38180704024
Worst Ind: ( 0.111111111111y + 0.166666666667x )
Fitness = 3.2004385336
Avg Fitness = 2.85611734531
Duplicated = 29
============================================================================
Evaluate Gen  45
New Population 67
Better than Dads 14
Best Ind: ( 0.111111111111x + 0.142857142857y )
Fitness = 2.38180704024
Worst Ind: ( 0.111111111111y + 0.166666666667x )
Fitness = 3.2004385336
Avg Fitness = 2.82535132628
Duplicated = 29
============================================================================
Evaluate Gen  46
New Population 67
Better than Dads 16
Best Ind: ( 0.111111111111x + 0.142857142857y )
Fitness = 2.38180704024
Worst Ind: ( 0.111111111111y + 0.166666666667x )
Fitness = 3.2004385336
Avg Fitness = 2.81631758223
Duplicated = 28
============================================================================
Evaluate Gen  47
New Population 71
Better than Dads 14
Best Ind: ( 0.111111111111x + 0.142857142857y )
Fitness = 2.38180704024
Worst Ind: ( 0.1y + 0.166666666667x )
Fitness = 3.12044431163
Avg Fitness = 2.75672936839
Duplicated = 28
============================================================================
Evaluate Gen  48
New Population 70
Better than Dads 18
Best Ind: ( 0.111111111111x + 0.142857142857y )
Fitness = 2.38180704024
Worst Ind: ( ( 0.111111111111x + 0.111111111111y ) + ( ( 0.111111111111x * 0.125x ) * ( 0.2y * 0.1y ) ) )
Fitness = 3.11294782267
Avg Fitness = 2.7294411245
Duplicated = 27
============================================================================
Evaluate Gen  49
New Population 69
Better than Dads 14
Best Ind: ( 0.111111111111x + 0.142857142857y )
Fitness = 2.38180704024
Worst Ind: ( ( 0.111111111111x + 0.125y ) + ( ( 0.111111111111x * 0.125x ) * ( 0.2y * 0.1y ) ) )
Fitness = 2.97267727425
Avg Fitness = 2.68446523088
Duplicated = 30
============================================================================
Evaluate Gen  50
New Population 70
Better than Dads 14
Best Ind: ( 0.111111111111x + 0.142857142857y )
Fitness = 2.38180704024
Worst Ind: ( 0.111111111111x + 0.111111111111y )
Fitness = 2.9402047373
Avg Fitness = 2.63559361357
Duplicated = 31
============================================================================
Evaluate Gen  51
New Population 68
Better than Dads 10
Best Ind: ( 0.111111111111x + 0.142857142857y )
Fitness = 2.38180704024
Worst Ind: ( 0.111111111111y + ( 0.111111111111x + 0.111111111111y ) )
Fitness = 2.86238718292
Avg Fitness = 2.58723297565
Duplicated = 33
============================================================================
Evaluate Gen  52
New Population 69
Better than Dads 10
Best Ind: ( 0.111111111111x + 0.142857142857y )
Fitness = 2.38180704024
Worst Ind: ( ( 0.111111111111x + 0.142857142857y ) + ( ( 0.111111111111x * 0.111111111111y ) * ( 0.125x * 0.1y ) ) )
Fitness = 2.63400091424
Avg Fitness = 2.55836213428
Duplicated = 38
============================================================================
Evaluate Gen  53
New Population 68
Better than Dads 11
Best Ind: ( 0.111111111111x + 0.142857142857y )
Fitness = 2.38180704024
Worst Ind: ( 0.111111111111x + 0.125y )
Fitness = 2.60147265021
Avg Fitness = 2.5536833165
Duplicated = 40
============================================================================
Evaluate Gen  54
New Population 69
Better than Dads 11
Best Ind: ( 0.111111111111x + 0.142857142857y )
Fitness = 2.38180704024
Worst Ind: ( 0.111111111111x + 0.125y )
Fitness = 2.60147265021
Avg Fitness = 2.5523298667
Duplicated = 40
============================================================================
Evaluate Gen  55
New Population 66
Better than Dads 14
Best Ind: ( 0.111111111111x + 0.142857142857y )
Fitness = 2.38180704024
Worst Ind: ( 0.111111111111x + 0.125y )
Fitness = 2.60147265021
Avg Fitness = 2.54962296711
Duplicated = 40
============================================================================
Evaluate Gen  56
New Population 63
Better than Dads 9
Best Ind: ( 0.111111111111x + 0.142857142857y )
Fitness = 2.38180704024
Worst Ind: ( 0.111111111111x + 0.125y )
Fitness = 2.60147265021
Avg Fitness = 2.54570593997
Duplicated = 40
============================================================================
Evaluate Gen  57
New Population 66
Better than Dads 8
Best Ind: ( 0.111111111111x + 0.142857142857y )
Fitness = 2.38180704024
Worst Ind: ( 0.111111111111x + 0.125y )
Fitness = 2.60147265021
Avg Fitness = 2.54294047238
Duplicated = 40
============================================================================
Evaluate Gen  58
New Population 71
Better than Dads 13
Best Ind: ( 0.111111111111x + 0.142857142857y )
Fitness = 2.38180704024
Worst Ind: ( 0.111111111111x + 0.125y )
Fitness = 2.60147265021
Avg Fitness = 2.53814409977
Duplicated = 40
============================================================================
Evaluate Gen  59
New Population 72
Better than Dads 14
Best Ind: ( 0.111111111111x + 0.142857142857y )
Fitness = 2.38180704024
Worst Ind: ( 0.111111111111x + 0.125y )
Fitness = 2.60147265021
Avg Fitness = 2.52637667287
Duplicated = 40
============================================================================
Evaluate Gen  60
New Population 68
Better than Dads 15
Best Ind: ( 0.111111111111x + 0.142857142857y )
Fitness = 2.38180704024
Worst Ind: ( 0.111111111111x + 0.125y )
Fitness = 2.60147265021
Avg Fitness = 2.52090430568
Duplicated = 40
============================================================================
Evaluate Gen  61
New Population 70
Better than Dads 13
Best Ind: ( 0.111111111111x + 0.142857142857y )
Fitness = 2.38180704024
Worst Ind: ( ( 0.111111111111x + 0.142857142857y ) + ( ( 0.111111111111x * 0.111111111111y ) * ( 0.2y * 0.1y ) ) )
Fitness = 2.56767292132
Avg Fitness = 2.51133244548
Duplicated = 41
============================================================================
Evaluate Gen  62
New Population 66
Better than Dads 7
Best Ind: ( 0.111111111111x + 0.142857142857y )
Fitness = 2.38180704024
Worst Ind: ( 0.125x + 0.111111111111y )
Fitness = 2.56467148958
Avg Fitness = 2.50202205432
Duplicated = 41
============================================================================
Evaluate Gen  63
New Population 63
Better than Dads 8
Best Ind: ( 0.111111111111x + 0.142857142857y )
Fitness = 2.38180704024
Worst Ind: ( ( 0.111111111111x + 0.142857142857y ) + ( 0.1y * ( 0.2y * 0.1y ) ) )
Fitness = 2.54203354073
Avg Fitness = 2.49938768036
Duplicated = 42
============================================================================
Evaluate Gen  64
New Population 69
Better than Dads 9
Best Ind: ( 0.111111111111x + 0.142857142857y )
Fitness = 2.38180704024
Worst Ind: ( 0.111111111111x + 0.2y )
Fitness = 2.53380016024
Avg Fitness = 2.49486361906
Duplicated = 42
============================================================================
Evaluate Gen  65
New Population 63
Better than Dads 11
Best Ind: ( 0.111111111111x + 0.142857142857y )
Fitness = 2.38180704024
Worst Ind: ( 0.111111111111x + 0.2y )
Fitness = 2.53380016024
Avg Fitness = 2.49486361906
Duplicated = 42
============================================================================
Evaluate Gen  66
New Population 62
Better than Dads 12
Best Ind: ( 0.111111111111x + 0.142857142857y )
Fitness = 2.38180704024
Worst Ind: ( 0.111111111111x + 0.2y )
Fitness = 2.53380016024
Avg Fitness = 2.49486361906
Duplicated = 42
============================================================================
Evaluate Gen  67
New Population 69
Better than Dads 10
Best Ind: ( 0.111111111111x + 0.142857142857y )
Fitness = 2.38180704024
Worst Ind: ( 0.111111111111x + 0.2y )
Fitness = 2.53380016024
Avg Fitness = 2.4899006638
Duplicated = 42
============================================================================
Evaluate Gen  68
New Population 72
Better than Dads 16
Best Ind: ( 0.111111111111x + 0.142857142857y )
Fitness = 2.38180704024
Worst Ind: ( 0.111111111111x + 0.2y )
Fitness = 2.53380016024
Avg Fitness = 2.48623806062
Duplicated = 41
============================================================================
Evaluate Gen  69
New Population 72
Better than Dads 14
Best Ind: ( 0.111111111111x + 0.142857142857y )
Fitness = 2.38180704024
Worst Ind: ( 0.111111111111x + 0.2y )
Fitness = 2.53380016024
Avg Fitness = 2.48247109602
Duplicated = 40
============================================================================
Evaluate Gen  70
New Population 69
Better than Dads 16
Best Ind: ( 0.111111111111x + 0.142857142857y )
Fitness = 2.38180704024
Worst Ind: ( 0.111111111111x + 0.2y )
Fitness = 2.53380016024
Avg Fitness = 2.4806435419
Duplicated = 40
============================================================================
Evaluate Gen  71
New Population 69
Better than Dads 15
Best Ind: ( 0.111111111111x + 0.142857142857y )
Fitness = 2.38180704024
Worst Ind: ( 0.111111111111x + 0.2y )
Fitness = 2.53380016024
Avg Fitness = 2.47496829439
Duplicated = 38
============================================================================
Evaluate Gen  72
New Population 71
Better than Dads 20
Best Ind: ( 0.111111111111x + 0.142857142857y )
Fitness = 2.38180704024
Worst Ind: ( 0.111111111111x + 0.2y )
Fitness = 2.53380016024
Avg Fitness = 2.47152732666
Duplicated = 37
============================================================================
Evaluate Gen  73
New Population 73
Better than Dads 19
Best Ind: ( 0.111111111111x + 0.142857142857y )
Fitness = 2.38180704024
Worst Ind: ( 0.111111111111x + 0.2y )
Fitness = 2.53380016024
Avg Fitness = 2.4627178022
Duplicated = 36
============================================================================
Evaluate Gen  74
New Population 70
Better than Dads 13
Best Ind: ( 0.111111111111x + 0.142857142857y )
Fitness = 2.38180704024
Worst Ind: ( ( 0.111111111111x + 0.142857142857y ) + ( 0.1y * ( ( ( 0.111111111111x + 0.142857142857y ) * 0.1y ) * 0.1y ) ) )
Fitness = 2.49858588752
Avg Fitness = 2.44999955198
Duplicated = 37
============================================================================
Evaluate Gen  75
New Population 74
Better than Dads 15
Best Ind: ( 0.111111111111x + 0.142857142857y )
Fitness = 2.38180704024
Worst Ind: ( ( 0.111111111111x + 0.142857142857y ) + ( ( 0.111111111111x * 0.111111111111y ) * ( 0.111111111111y * 0.1y ) ) )
Fitness = 2.47815434272
Avg Fitness = 2.44196112295
Duplicated = 41
============================================================================
Evaluate Gen  76
New Population 72
Better than Dads 13
Best Ind: ( 0.111111111111x + 0.142857142857y )
Fitness = 2.38180704024
Worst Ind: ( ( 0.111111111111x + 0.142857142857y ) + ( 0.1y * ( ( 0.125x * 0.1y ) * 0.1y ) ) )
Fitness = 2.46840780944
Avg Fitness = 2.43577529731
Duplicated = 41
============================================================================
Evaluate Gen  77
New Population 70
Better than Dads 10
Best Ind: ( 0.111111111111x + 0.142857142857y )
Fitness = 2.38180704024
Worst Ind: ( 0.125y + 0.125x )
Fitness = 2.44242245425
Avg Fitness = 2.43388664202
Duplicated = 43
============================================================================
Evaluate Gen  78
New Population 68
Better than Dads 6
Best Ind: ( 0.111111111111x + 0.142857142857y )
Fitness = 2.38180704024
Worst Ind: ( 0.125y + 0.125x )
Fitness = 2.44242245425
Avg Fitness = 2.43388664202
Duplicated = 43
============================================================================
Evaluate Gen  79
New Population 68
Better than Dads 4
Best Ind: ( 0.111111111111x + 0.142857142857y )
Fitness = 2.38180704024
Worst Ind: ( 0.125y + 0.125x )
Fitness = 2.44242245425
Avg Fitness = 2.43388664202
Duplicated = 43
============================================================================
Evaluate Gen  80
New Population 65
Better than Dads 5
Best Ind: ( 0.111111111111x + 0.142857142857y )
Fitness = 2.38180704024
Worst Ind: ( 0.125y + 0.125x )
Fitness = 2.44242245425
Avg Fitness = 2.43388664202
Duplicated = 43
============================================================================
Evaluate Gen  81
New Population 67
Better than Dads 7
Best Ind: ( 0.111111111111x + 0.142857142857y )
Fitness = 2.38180704024
Worst Ind: ( 0.125x + 0.125y )
Fitness = 2.44242245425
Avg Fitness = 2.43388664202
Duplicated = 43
============================================================================
Evaluate Gen  82
New Population 63
Better than Dads 5
Best Ind: ( 0.111111111111x + 0.142857142857y )
Fitness = 2.38180704024
Worst Ind: ( 0.125y + 0.125x )
Fitness = 2.44242245425
Avg Fitness = 2.43388664202
Duplicated = 43
============================================================================
Evaluate Gen  83
New Population 65
Better than Dads 3
Best Ind: ( 0.111111111111x + 0.142857142857y )
Fitness = 2.38180704024
Worst Ind: ( 0.125x + 0.125y )
Fitness = 2.44242245425
Avg Fitness = 2.43388664202
Duplicated = 43
============================================================================
Evaluate Gen  84
New Population 68
Better than Dads 6
Best Ind: ( 0.111111111111x + 0.142857142857y )
Fitness = 2.38180704024
Worst Ind: ( 0.125y + 0.125x )
Fitness = 2.44242245425
Avg Fitness = 2.43388664202
Duplicated = 43
============================================================================
Evaluate Gen  85
New Population 66
Better than Dads 6
Best Ind: ( 0.111111111111x + 0.142857142857y )
Fitness = 2.38180704024
Worst Ind: ( 0.125x + 0.125y )
Fitness = 2.44242245425
Avg Fitness = 2.43388664202
Duplicated = 43
============================================================================
Evaluate Gen  86
New Population 71
Better than Dads 5
Best Ind: ( 0.111111111111x + 0.142857142857y )
Fitness = 2.38180704024
Worst Ind: ( 0.125y + 0.125x )
Fitness = 2.44242245425
Avg Fitness = 2.43388664202
Duplicated = 43
============================================================================
Evaluate Gen  87
New Population 67
Better than Dads 9
Best Ind: ( 0.111111111111x + 0.142857142857y )
Fitness = 2.38180704024
Worst Ind: ( 0.125y + 0.125x )
Fitness = 2.44242245425
Avg Fitness = 2.43388664202
Duplicated = 43
============================================================================
Evaluate Gen  88
New Population 68
Better than Dads 6
Best Ind: ( 0.111111111111x + 0.142857142857y )
Fitness = 2.38180704024
Worst Ind: ( 0.125y + 0.125x )
Fitness = 2.44242245425
Avg Fitness = 2.43388664202
Duplicated = 43
============================================================================
Evaluate Gen  89
New Population 69
Better than Dads 7
Best Ind: ( 0.111111111111x + 0.142857142857y )
Fitness = 2.38180704024
Worst Ind: ( 0.125x + 0.125y )
Fitness = 2.44242245425
Avg Fitness = 2.43388664202
Duplicated = 43
============================================================================
Evaluate Gen  90
New Population 64
Better than Dads 4
Best Ind: ( 0.111111111111x + 0.142857142857y )
Fitness = 2.38180704024
Worst Ind: ( 0.125x + 0.125y )
Fitness = 2.44242245425
Avg Fitness = 2.43388664202
Duplicated = 43
============================================================================
Evaluate Gen  91
New Population 64
Better than Dads 7
Best Ind: ( 0.111111111111x + 0.142857142857y )
Fitness = 2.38180704024
Worst Ind: ( 0.125y + 0.125x )
Fitness = 2.44242245425
Avg Fitness = 2.43281724049
Duplicated = 42
============================================================================
Evaluate Gen  92
New Population 66
Better than Dads 9
Best Ind: ( 0.111111111111x + 0.142857142857y )
Fitness = 2.38180704024
Worst Ind: ( 0.125x + 0.125y )
Fitness = 2.44242245425
Avg Fitness = 2.43174783896
Duplicated = 42
============================================================================
Evaluate Gen  93
New Population 69
Better than Dads 7
Best Ind: ( 0.111111111111x + 0.142857142857y )
Fitness = 2.38180704024
Worst Ind: ( 0.125x + 0.125y )
Fitness = 2.44242245425
Avg Fitness = 2.43067843744
Duplicated = 42
============================================================================
Evaluate Gen  94
New Population 69
Better than Dads 8
Best Ind: ( 0.111111111111x + 0.142857142857y )
Fitness = 2.38180704024
Worst Ind: ( 0.125x + 0.125y )
Fitness = 2.44242245425
Avg Fitness = 2.42960903591
Duplicated = 41
============================================================================
Evaluate Gen  95
New Population 65
Better than Dads 9
Best Ind: ( 0.111111111111x + 0.142857142857y )
Fitness = 2.38180704024
Worst Ind: ( 0.125y + 0.125x )
Fitness = 2.44242245425
Avg Fitness = 2.4286505942
Duplicated = 40
============================================================================
Evaluate Gen  96
New Population 66
Better than Dads 7
Best Ind: ( 0.111111111111x + 0.142857142857y )
Fitness = 2.38180704024
Worst Ind: ( 0.125y + 0.125x )
Fitness = 2.44242245425
Avg Fitness = 2.42772692449
Duplicated = 40
============================================================================
Evaluate Gen  97
New Population 65
Better than Dads 7
Best Ind: ( 0.111111111111x + 0.142857142857y )
Fitness = 2.38180704024
Worst Ind: ( 0.125y + 0.125x )
Fitness = 2.44242245425
Avg Fitness = 2.42569832195
Duplicated = 39
============================================================================
Evaluate Gen  98
New Population 67
Better than Dads 10
Best Ind: ( 0.111111111111x + 0.142857142857y )
Fitness = 2.38180704024
Worst Ind: ( 0.125x + 0.125y )
Fitness = 2.44242245425
Avg Fitness = 2.42374739844
Duplicated = 38
============================================================================
Evaluate Gen  99
New Population 65
Better than Dads 10
Best Ind: ( 0.111111111111x + 0.142857142857y )
Fitness = 2.38180704024
Worst Ind: ( 0.125y + 0.125x )
Fitness = 2.44242245425
Avg Fitness = 2.42092083373
Duplicated = 38
============================================================================
Evaluate Gen  100
New Population 71
Better than Dads 13
Best Ind: ( 0.111111111111x + 0.142857142857y )
Fitness = 2.38180704024
Worst Ind: ( 0.125y + 0.125x )
Fitness = 2.44242245425
Avg Fitness = 2.41929749113
Duplicated = 35
