dataset_file= dataset/SR_ellipse_noise.txt
population= 500
generations= 50
tournament_size= 7
cross_over= 0.9
mutation= 0.05
elitism= True
(50, 2)
============================================================================
Build initial population
ind: 1
( ( 0.25y * 0.2y ) + ( ( 0.125y + 0.333333333333y ) + 0.111111111111x ) )
ind: 2
( 1.0y + 0.25x )
ind: 3
( ( 0.166666666667x * ( 0.25x * ( ( 0.5y + ( 0.125x * 0.125y ) ) * ( ( 0.5x + 0.125y ) * 0.5x ) ) ) ) * ( ( 1.0x * 0.125x ) * ( 1.0x * 0.1y ) ) )
ind: 4
( ( ( 0.125y + ( 1.0x + 1.0x ) ) * ( ( 0.111111111111x + ( 0.111111111111y * ( 0.142857142857y * 0.25y ) ) ) * ( ( 0.5x + 0.2x ) * 0.25x ) ) ) + ( 0.333333333333y + ( 0.125y + ( 0.25x * 0.1y ) ) ) )
ind: 5
( 0.25y * 0.5x )
ind: 6
( 0.166666666667y * ( ( 0.25y * 1.0x ) * ( ( 0.25x + ( ( 0.25y * 0.142857142857x ) * 0.142857142857x ) ) + ( ( 0.5y * 0.1x ) * ( 0.111111111111x * ( 0.142857142857y * 0.5y ) ) ) ) ) )
ind: 7
( 0.2x + ( 0.5x + 0.166666666667y ) )
ind: 8
( ( ( 0.333333333333x * ( 0.333333333333x + 1.0y ) ) * ( 0.5y + 0.333333333333x ) ) * 0.125x )
ind: 9
( ( 0.2y + 0.25x ) * 0.1x )
ind: 10
( 0.5x + ( ( ( ( ( 0.125x + 0.142857142857y ) + ( 1.0y + 0.5y ) ) * 0.25x ) * 0.125y ) * ( 0.142857142857y * 0.1x ) ) )
ind: 11
( 0.2y * ( 0.125y + ( 0.2x + 0.2y ) ) )
ind: 12
( 0.1x * ( 0.111111111111x * ( ( 0.333333333333y * 0.2x ) + 0.142857142857y ) ) )
ind: 13
( ( ( 0.1y + 0.5x ) + ( ( 0.111111111111x * 0.142857142857y ) * ( 1.0y + ( ( 0.142857142857x * 0.333333333333y ) * 0.2x ) ) ) ) * ( 0.111111111111y * ( ( 0.166666666667y + ( ( 0.25y * 0.333333333333x ) * ( 0.125y + 0.166666666667x ) ) ) + 0.2x ) ) )
ind: 14
( ( ( ( ( 0.1y + ( 0.166666666667y + 0.5x ) ) * 0.166666666667x ) + 0.333333333333y ) * ( 0.2x * ( ( ( 0.125y + 0.111111111111y ) * ( 0.25x * 0.1x ) ) + ( ( 0.142857142857x * 0.1y ) * 0.25y ) ) ) ) + ( 0.111111111111x * 0.125y ) )
ind: 15
( 1.0x * 0.1y )
ind: 16
( 0.111111111111y + 0.166666666667x )
ind: 17
( ( ( 0.142857142857x * ( ( ( 0.25y * 1.0x ) + 0.1x ) * 0.1x ) ) + 0.2y ) * 0.166666666667y )
ind: 18
( ( 1.0y * 0.1x ) * 0.333333333333x )
ind: 19
( 0.125y * 0.142857142857x )
ind: 20
( 0.166666666667y + ( ( ( 0.25y * 0.166666666667x ) + 0.125y ) * ( 0.125x * ( 0.5x * 0.111111111111y ) ) ) )
ind: 21
( 0.2y + ( 0.166666666667x + 0.333333333333y ) )
ind: 22
( ( ( ( 0.2y + 0.2y ) + 0.25x ) + 0.1x ) + 0.25y )
ind: 23
( ( ( ( 0.5y + 0.166666666667x ) * 0.333333333333y ) * 0.5x ) * ( 0.125x * 0.142857142857x ) )
ind: 24
( ( ( ( 0.333333333333x * 0.2y ) * 0.125y ) + ( ( 0.25x * ( 1.0x + ( 0.142857142857y * 0.111111111111x ) ) ) + 0.1x ) ) * 0.2y )
ind: 25
( ( ( 1.0x + 0.166666666667y ) * ( ( 0.142857142857x * ( 0.2x + ( 0.25x * 0.125y ) ) ) + 1.0x ) ) + 0.333333333333x )
ind: 26
( ( ( ( 0.2y * 0.1y ) + ( ( 0.142857142857y * 0.125y ) + 0.142857142857x ) ) * 0.125y ) + ( 0.111111111111x + 0.111111111111x ) )
ind: 27
( ( ( ( ( ( 0.142857142857x + 0.111111111111x ) * ( 0.142857142857y + 0.142857142857y ) ) * 0.166666666667y ) * 0.333333333333x ) * ( 0.142857142857x * 0.2y ) ) + ( 1.0y + 0.5x ) )
ind: 28
( ( 0.25y + 0.1y ) * ( 0.333333333333x + 1.0y ) )
ind: 29
( ( 0.5x * 0.25y ) + ( ( 0.125y + ( 0.333333333333y * ( ( 0.111111111111x + 0.125x ) * 0.333333333333y ) ) ) * 0.125y ) )
ind: 30
( ( ( ( ( 0.111111111111y * ( 0.333333333333x * 0.2x ) ) * 0.2x ) * 0.111111111111x ) + 1.0x ) + ( ( ( 0.2y + ( ( 0.1x + 1.0x ) + ( 0.5y * 1.0y ) ) ) + ( ( ( 0.5x * 0.2x ) * ( 0.5x * 0.1y ) ) + 0.1x ) ) * ( 1.0y + 0.333333333333x ) ) )
ind: 31
( 0.166666666667y + ( 0.1x * ( ( ( 0.142857142857y * 0.166666666667y ) + ( ( 0.166666666667y + 0.142857142857x ) + ( 0.166666666667y * 0.5x ) ) ) + 0.25x ) ) )
ind: 32
( ( ( ( 0.5y + 0.333333333333x ) + ( ( 0.25x + ( 0.333333333333y * 0.2x ) ) * ( ( 0.2y * 0.166666666667x ) * ( 0.111111111111x * 0.2x ) ) ) ) * ( 0.125y * ( 0.111111111111y + 0.1x ) ) ) * ( 0.5y * ( 0.5y + ( ( ( 0.166666666667x + 1.0x ) + 0.1x ) * 0.142857142857x ) ) ) )
ind: 33
( 0.333333333333x * ( 0.1x + 0.125y ) )
ind: 34
( ( ( ( ( ( 1.0x * 0.25x ) * 0.1y ) + 0.5y ) * ( ( ( 0.25y + 0.5x ) * ( 0.25y + 0.5x ) ) * 0.1y ) ) * ( 0.142857142857y + 0.125y ) ) + 0.5x )
ind: 35
( ( 0.111111111111x + ( ( ( ( 0.125y + 0.5x ) * 0.166666666667y ) * ( ( 0.1x + 0.166666666667x ) + 0.166666666667x ) ) + ( ( 0.333333333333x + ( 0.125y * 0.1y ) ) + 0.111111111111y ) ) ) * 0.2x )
ind: 36
( 0.5x + 0.5y )
ind: 37
( ( 0.166666666667x + ( 1.0y + ( ( 0.25y + 0.5x ) + 0.333333333333y ) ) ) * ( ( ( 0.333333333333x + ( ( 0.2y * 0.111111111111y ) + 0.166666666667y ) ) + 0.1y ) + 0.111111111111y ) )
ind: 38
( 0.2x * ( 0.166666666667y + ( ( 0.333333333333y + 0.111111111111x ) + ( 0.111111111111x * ( 0.125x * 0.142857142857x ) ) ) ) )
ind: 39
( ( 0.111111111111y * ( 0.1y + 0.2x ) ) + 0.333333333333x )
ind: 40
( ( ( ( ( ( 0.25x + 0.5x ) + ( 1.0y + 0.1y ) ) + ( ( 0.125y * 0.333333333333x ) * ( 0.333333333333x * 0.1x ) ) ) * 0.142857142857y ) * ( ( 0.5y * ( 0.142857142857y + ( 1.0x * 0.2x ) ) ) + ( ( ( 0.2y + 0.25y ) * ( 0.111111111111y * 0.111111111111x ) ) + ( ( 0.25x + 0.111111111111x ) * 0.25y ) ) ) ) + ( 0.25x + ( ( 0.166666666667y * 0.25x ) + ( ( 0.2y * ( 0.5y + 0.1y ) ) + 0.1x ) ) ) )
ind: 41
( ( 0.142857142857x + 1.0y ) * 0.142857142857x )
ind: 42
( 0.111111111111x + 0.1y )
ind: 43
( ( ( 0.2y * ( 0.333333333333x * ( ( 0.142857142857x + 0.25x ) * ( 0.166666666667y + 0.25x ) ) ) ) * ( ( ( ( 1.0x + 0.166666666667y ) * 1.0y ) + 0.166666666667x ) + ( 0.5x * ( 0.125y * 0.5x ) ) ) ) + ( ( 0.1y * 0.125x ) * 0.111111111111x ) )
ind: 44
( 0.111111111111x * ( ( ( 0.1y + ( 0.1y * ( 0.125x + 0.2y ) ) ) * 0.1y ) + ( ( ( 0.333333333333y + 0.125x ) * 0.1y ) + ( 0.111111111111y * 0.25x ) ) ) )
ind: 45
( ( ( 0.166666666667x + 0.2y ) + 1.0x ) + 0.1x )
ind: 46
( ( ( ( ( ( 0.111111111111y * 0.2y ) + ( 0.142857142857y * 0.5x ) ) * ( 0.1y * 0.166666666667x ) ) + 0.5x ) + ( 0.142857142857x + 0.166666666667x ) ) * 0.111111111111y )
ind: 47
( 0.25x + ( 0.166666666667x + ( ( 0.166666666667y * 0.166666666667x ) * 0.125y ) ) )
ind: 48
( 1.0y * ( ( ( 0.125x + 0.2x ) * 0.142857142857x ) + 0.333333333333y ) )
ind: 49
( ( 0.166666666667x + ( 0.333333333333y + ( ( ( 0.25y * 0.1x ) + ( 0.125x * 0.25x ) ) * ( 0.125y + 0.2y ) ) ) ) + 0.333333333333x )
ind: 50
( ( 0.1y + 0.25x ) + ( ( ( ( ( 0.166666666667x * 0.2x ) + ( 1.0y + 0.125y ) ) * 0.5x ) * ( 0.166666666667x * 0.111111111111y ) ) + ( ( 0.111111111111x + ( ( 0.25x + 0.166666666667x ) + ( 0.25y * 0.5y ) ) ) * 0.333333333333y ) ) )
ind: 51
( 0.5y + 0.5x )
ind: 52
( ( 0.125x + 1.0y ) * 0.5y )
ind: 53
( 0.111111111111y * 0.142857142857x )
ind: 54
( ( ( ( 0.25y * 0.142857142857y ) * ( 0.25y + 0.25y ) ) + 0.1x ) + 0.142857142857x )
ind: 55
( ( 0.1y + ( 0.166666666667x * 0.166666666667y ) ) + 0.111111111111x )
ind: 56
( ( ( ( 0.125x + ( ( 0.1x * 0.333333333333y ) * 0.166666666667x ) ) * 0.333333333333x ) + 0.166666666667y ) + ( ( ( ( 0.166666666667y + 0.333333333333y ) * 0.125x ) * ( ( 0.1y * ( 0.25x * 0.166666666667x ) ) + ( 0.25x * ( 0.2y + 1.0x ) ) ) ) * ( 0.111111111111x + 0.142857142857x ) ) )
ind: 57
( 0.5x * 0.1y )
ind: 58
( 0.166666666667x * ( ( ( 0.125x * ( ( 0.111111111111y * 0.166666666667x ) * ( 0.142857142857y + 0.166666666667x ) ) ) * ( ( 0.125x + ( 0.5x + 0.166666666667x ) ) * ( ( 0.25y + 0.111111111111y ) + 0.2y ) ) ) + 0.333333333333y ) )
ind: 59
( ( ( ( 0.1x * 0.1x ) + 0.142857142857x ) + 0.25y ) + ( 0.1y + 0.166666666667y ) )
ind: 60
( 0.333333333333y * 0.1x )
ind: 61
( ( ( ( 0.166666666667y * ( 0.2x * 0.125x ) ) * 0.125y ) + 0.125y ) + 0.333333333333x )
ind: 62
( ( 0.1y + ( ( 0.25x + 0.125x ) * 0.25x ) ) * 0.5y )
ind: 63
( ( ( ( 0.5y * ( ( 0.5x * 0.25x ) + ( 0.125y * 0.125x ) ) ) + 0.2y ) + 0.125y ) + ( ( 0.142857142857x * 0.111111111111x ) * 0.2x ) )
ind: 64
( 0.2x * ( ( ( ( ( 0.1x + 0.166666666667x ) + 0.333333333333y ) * ( ( 0.1x * 0.2x ) * ( 0.125y * 0.2x ) ) ) * 0.333333333333y ) + 0.1y ) )
ind: 65
( 0.2y + ( ( 0.111111111111y + ( 0.166666666667x + ( ( 0.5y * 0.25y ) + ( 0.5x * 0.166666666667x ) ) ) ) + ( ( 1.0x * 0.142857142857y ) * 0.5y ) ) )
ind: 66
( 0.1x + ( 0.25x + 0.166666666667y ) )
ind: 67
( ( 0.125x + 0.333333333333x ) * 0.125y )
ind: 68
( 0.333333333333y * 1.0x )
ind: 69
( 0.1y + ( 0.1x * ( ( ( ( 0.333333333333y * 0.142857142857y ) + ( 0.111111111111y + 0.2y ) ) + ( ( 0.333333333333y + 1.0y ) * ( 0.166666666667y + 0.1y ) ) ) + ( 0.333333333333y * 0.125y ) ) ) )
ind: 70
( ( ( 0.5y * ( ( ( 0.166666666667y + 0.333333333333y ) + 0.166666666667y ) + ( 0.333333333333x + ( 0.25y * 0.2x ) ) ) ) * ( ( 0.111111111111x + ( ( 0.125x * 0.1y ) * 0.125x ) ) * ( 0.125x + 0.142857142857x ) ) ) * 0.166666666667x )
ind: 71
( ( ( ( ( 0.5y * ( 0.2x * 0.2x ) ) * 0.333333333333y ) * 0.166666666667y ) + 0.1y ) + 0.1y )
ind: 72
( ( 0.166666666667y * ( ( ( ( 0.2y * 0.111111111111x ) + ( 0.1x * 0.333333333333y ) ) + ( ( 0.25x + 0.125y ) + 0.125x ) ) + 0.25y ) ) + ( 0.111111111111y + 0.333333333333y ) )
ind: 73
( 0.111111111111x + 0.5y )
ind: 74
( 0.2y * ( ( 0.2y + 0.333333333333x ) * 0.111111111111y ) )
ind: 75
( 1.0y * ( ( ( 0.333333333333x + ( 0.5y + 0.5y ) ) * ( 0.2y * ( 0.166666666667x * ( 0.125y + 0.1y ) ) ) ) * 0.142857142857y ) )
ind: 76
( 1.0x * ( ( ( ( ( 0.111111111111y + 0.5x ) + 0.2x ) + 0.5x ) * 0.111111111111x ) * ( ( ( 0.1y * 0.111111111111y ) + ( 0.2x * ( 0.2x + 0.125x ) ) ) * ( 0.111111111111y + 0.142857142857x ) ) ) )
ind: 77
( 0.125y + 0.125x )
ind: 78
( 0.142857142857y * ( ( 0.333333333333x + ( 0.142857142857y * 0.5y ) ) * 0.5y ) )
ind: 79
( 0.25y + ( ( ( 0.125y * 0.1x ) + 0.2y ) + ( 0.125x * ( 0.111111111111x + ( 0.333333333333x * ( 0.166666666667y + 0.125y ) ) ) ) ) )
ind: 80
( ( 0.333333333333y * ( ( 0.25y * ( 0.333333333333x * 0.166666666667x ) ) * 1.0x ) ) * 0.142857142857y )
ind: 81
( ( ( 0.125x * 0.125x ) * 0.5x ) + 0.166666666667y )
ind: 82
( ( 0.166666666667x + ( 0.1y * 0.111111111111y ) ) + ( ( 0.125x + ( 0.111111111111y * ( ( 0.111111111111x + 0.166666666667x ) * 0.1y ) ) ) * ( ( 0.1y * ( 0.2y * ( 0.142857142857y + 1.0y ) ) ) * 0.111111111111x ) ) )
ind: 83
( 0.5x * ( 0.142857142857y + ( ( ( ( 1.0x + 0.111111111111x ) + 0.25y ) + 0.142857142857x ) * 0.125y ) ) )
ind: 84
( 1.0x + 0.5y )
ind: 85
( ( ( 0.111111111111x * 0.166666666667x ) * 0.333333333333x ) * ( 0.25y * 0.5x ) )
ind: 86
( ( 0.111111111111y * 0.142857142857x ) + 0.125x )
ind: 87
( 0.1y + 0.2x )
ind: 88
( ( ( ( ( ( 0.5x * 0.166666666667y ) * 0.142857142857y ) * 0.125x ) + ( ( ( 0.1y + 0.125x ) + ( 0.125x * 0.5y ) ) * ( ( 0.25y + 0.333333333333x ) * ( 0.5x * 0.2x ) ) ) ) + ( ( ( 0.333333333333y * 0.333333333333y ) + ( 0.333333333333y + 0.142857142857x ) ) * ( 0.2y * 0.2x ) ) ) * ( 0.25y * ( ( ( ( 0.111111111111x + 1.0y ) + ( 0.2y + 0.25y ) ) * 0.125y ) * 0.142857142857x ) ) )
ind: 89
( ( 0.142857142857y * ( ( ( ( 0.5x + 0.5y ) + ( 0.111111111111y * 0.25y ) ) + 0.142857142857x ) * ( ( ( 0.333333333333y * 0.25x ) * ( 0.166666666667x * 0.2y ) ) * 0.5x ) ) ) + 1.0x )
ind: 90
( ( ( 0.142857142857x * 0.25x ) * ( ( ( ( 1.0y * 0.333333333333y ) * 0.2y ) + 0.166666666667x ) + ( 0.166666666667x * 0.1y ) ) ) + 1.0x )
ind: 91
( 0.166666666667y + ( 0.5x * 1.0y ) )
ind: 92
( 0.142857142857x + ( 0.142857142857x + ( 0.1y + 0.111111111111y ) ) )
ind: 93
( 0.333333333333x + ( 0.166666666667x + ( 0.125y + ( ( 0.5y + 0.2y ) + ( ( 0.2y + 0.2y ) * ( 0.142857142857y * 0.333333333333x ) ) ) ) ) )
ind: 94
( ( ( 0.142857142857y * ( ( 1.0y * ( 0.5y * 0.25x ) ) + 0.1x ) ) + 1.0x ) + ( 1.0y + 0.1x ) )
ind: 95
( ( 0.142857142857x + 0.25y ) * 0.111111111111x )
ind: 96
( 0.25y + ( 0.111111111111y + 0.166666666667x ) )
ind: 97
( ( 0.111111111111y + 0.25x ) * 1.0x )
ind: 98
( 0.111111111111y + 0.5x )
ind: 99
( 0.1y * ( ( 0.333333333333x + ( 0.125x + ( ( 0.333333333333y + 0.111111111111x ) + 1.0y ) ) ) * 0.111111111111x ) )
ind: 100
( ( ( ( ( ( 0.2x * 0.2x ) * 0.1x ) * 0.1x ) + ( ( 0.125y + ( 0.125y + 0.111111111111x ) ) * 0.125y ) ) + ( ( ( ( 0.111111111111y + 0.25x ) * ( 0.166666666667x * 0.1y ) ) + ( ( 0.142857142857y + 0.142857142857x ) + ( 0.1y * 0.25y ) ) ) * 0.125x ) ) + ( ( 0.166666666667y * ( 0.125y * ( ( 0.142857142857y + 0.333333333333x ) * 1.0x ) ) ) + 0.25x ) )
ind: 101
( 0.333333333333y + ( ( ( 0.2x + 1.0y ) + 0.25x ) * 0.333333333333y ) )
ind: 102
( ( ( 0.142857142857x * 0.5x ) * 0.142857142857x ) + ( 0.5x * ( 0.333333333333y * ( ( ( 0.2y + 0.125y ) * 1.0y ) * ( 0.125y * 0.333333333333y ) ) ) ) )
ind: 103
( ( 0.166666666667x * 0.125y ) + 0.111111111111x )
ind: 104
( ( ( ( 0.125x * ( 0.2x * ( 0.1y + 0.166666666667y ) ) ) * ( ( ( 0.125y * 0.333333333333y ) + 0.25y ) + ( ( 0.111111111111x * 0.1y ) + 0.125x ) ) ) + ( ( 0.166666666667y * ( 0.5x * ( 0.1y + 1.0x ) ) ) * 0.111111111111x ) ) + 0.111111111111x )
ind: 105
( 0.333333333333y * ( 0.166666666667x + ( 0.125x * 0.111111111111x ) ) )
ind: 106
( ( ( ( ( ( 0.125y * 0.1x ) + ( 0.166666666667y + 0.25x ) ) * ( 0.111111111111x * ( 0.5y * 0.25y ) ) ) * ( ( ( 0.111111111111x * 0.166666666667x ) + 0.125x ) * ( ( 0.25y + 0.333333333333y ) + 1.0x ) ) ) * ( 0.142857142857y * 0.111111111111x ) ) * ( 0.1x * 0.1y ) )
ind: 107
( ( ( 0.2y + 0.142857142857y ) + ( 0.166666666667y + 1.0x ) ) * 0.333333333333y )
ind: 108
( ( ( ( 1.0y * 0.5x ) + ( ( ( 0.111111111111y + 1.0x ) * ( 0.2y + 0.2x ) ) + 0.1x ) ) + ( ( 0.5x * 0.142857142857y ) * ( 0.142857142857x * ( 0.5x * 0.166666666667y ) ) ) ) * 0.125x )
ind: 109
( ( ( ( 0.111111111111x + 1.0y ) * ( 0.25x + ( 0.333333333333y + 0.5y ) ) ) * ( 0.125y * ( ( 0.166666666667x * 0.166666666667x ) + ( ( 0.111111111111y * 1.0x ) + 0.2y ) ) ) ) + ( ( ( ( ( 0.166666666667x + 0.166666666667y ) * ( 0.111111111111y * 0.2x ) ) + 0.111111111111y ) + 1.0x ) + ( ( 0.2x * ( 0.1x * 0.333333333333x ) ) * ( 0.142857142857x + 1.0y ) ) ) )
ind: 110
( ( 0.5y + ( 0.2x * ( ( 1.0x + 0.5x ) * 0.5x ) ) ) * ( 0.1y * 0.125x ) )
ind: 111
( 0.166666666667y + ( ( ( 1.0x + 0.25y ) * ( ( 0.125y * ( 0.125y * 0.1x ) ) + 0.125x ) ) * 0.2x ) )
ind: 112
( 0.166666666667y + ( ( 0.5x + ( 0.166666666667x * ( ( 0.125x + 0.25x ) + ( 0.25x + 0.333333333333y ) ) ) ) * 0.333333333333x ) )
ind: 113
( ( ( ( 0.25y * ( 0.333333333333x * 0.111111111111y ) ) * ( ( 0.166666666667x + 0.333333333333x ) * ( 0.125y + 0.333333333333x ) ) ) + 0.5x ) * ( 0.166666666667x * ( ( 0.25x * ( ( 0.333333333333x * 0.333333333333x ) + ( 0.142857142857x * 0.25y ) ) ) + 0.142857142857y ) ) )
ind: 114
( ( ( 0.5y + 0.5x ) + ( 0.111111111111x + 0.142857142857y ) ) * 0.5y )
ind: 115
( ( ( 1.0x + 0.1x ) + 0.25y ) + 0.1x )
ind: 116
( ( ( 0.333333333333y + ( 0.333333333333x + 1.0y ) ) * ( 0.111111111111x + ( 0.5y * 0.25x ) ) ) * ( 0.25x * 0.25y ) )
ind: 117
( ( ( 0.333333333333x + ( ( ( 0.111111111111y * 0.166666666667x ) + 0.5y ) + 0.333333333333y ) ) * 1.0x ) * ( 0.166666666667y * 0.2x ) )
ind: 118
( ( 0.5x * ( ( 1.0y + 0.125x ) * 0.333333333333x ) ) * 0.166666666667y )
ind: 119
( ( ( ( 0.166666666667x * ( 0.111111111111x * ( 0.2y * 0.1y ) ) ) * 0.2y ) + ( ( 0.142857142857y * ( 0.1y * 0.5y ) ) * ( ( ( 0.142857142857x + 0.142857142857x ) + 0.5y ) * 0.111111111111x ) ) ) * 0.333333333333y )
ind: 120
( 0.125y + ( ( ( ( 0.166666666667y * 0.142857142857y ) * 0.142857142857y ) + 0.333333333333x ) * 0.333333333333x ) )
ind: 121
( ( 0.25x * 0.25x ) * 0.1y )
ind: 122
( 0.5x + ( ( ( 0.166666666667x * ( 0.166666666667y + 0.333333333333x ) ) + 0.2y ) * ( ( ( ( 0.166666666667y + 0.125x ) * ( 0.166666666667x * 0.142857142857y ) ) * 0.5x ) + ( 0.5x + ( 1.0y * ( 0.5y + 0.1x ) ) ) ) ) )
ind: 123
( ( 0.1x * ( 0.333333333333x + ( 0.333333333333y + 0.125x ) ) ) + ( 0.1x * 0.142857142857x ) )
ind: 124
( ( ( 0.166666666667x * 0.5x ) * 0.125x ) * ( ( ( ( ( 0.5x * 0.125x ) * 0.1y ) + 1.0x ) + 0.2y ) + ( 0.1x + ( ( 0.25y + 0.333333333333y ) * ( 0.166666666667x + ( 0.5x * 0.111111111111x ) ) ) ) ) )
ind: 125
( ( 0.142857142857x * 0.125y ) + 0.125y )
ind: 126
( ( 0.1y + ( 0.333333333333y * 1.0x ) ) + 0.166666666667y )
ind: 127
( 0.2x * 0.25y )
ind: 128
( ( ( ( 0.142857142857y + 1.0x ) + 0.333333333333x ) + 0.111111111111x ) * 0.111111111111x )
ind: 129
( ( ( 0.142857142857x + 1.0x ) * 0.125y ) + 0.142857142857x )
ind: 130
( ( 0.2y + 0.142857142857y ) * ( 0.25x + ( 0.166666666667x * ( ( 0.5x * 0.2x ) + 0.2x ) ) ) )
ind: 131
( 0.142857142857y + 0.142857142857x )
ind: 132
( ( ( 0.125x + 0.5x ) * 0.5y ) + ( ( ( 0.142857142857x + 0.5y ) + 0.166666666667y ) * ( 0.1x + ( 0.1x * 0.25x ) ) ) )
ind: 133
( 0.25y + ( ( ( ( 0.166666666667x + 0.2y ) * ( 0.166666666667x + 0.166666666667y ) ) + 0.1y ) + 0.25x ) )
ind: 134
( ( ( 0.5y * ( 0.333333333333x + 0.125y ) ) + 0.111111111111y ) * ( 0.2y + ( ( 0.1y * 1.0y ) * 0.125y ) ) )
ind: 135
( ( ( ( 0.2y + ( 0.142857142857x + ( 0.333333333333x + 0.166666666667x ) ) ) * ( ( ( 0.142857142857y * 0.5x ) + 0.25y ) * 1.0x ) ) + ( 0.2x + 0.142857142857x ) ) + 0.111111111111y )
ind: 136
( 0.1y + ( 0.5x + 0.142857142857y ) )
ind: 137
( 0.111111111111x * ( 0.5x * ( ( ( 0.142857142857x * 0.2y ) + ( 0.142857142857y * 0.25x ) ) + ( ( ( 0.142857142857x * 0.25x ) + 0.125y ) + 0.142857142857x ) ) ) )
ind: 138
( ( ( ( 0.111111111111x * 1.0x ) + 0.1y ) + ( 0.166666666667x * ( 0.111111111111x * 0.125x ) ) ) * 0.111111111111x )
ind: 139
( ( 0.5y * 0.142857142857y ) * 1.0x )
ind: 140
( 0.1y + ( 0.25x * ( ( 0.5x * 0.2x ) * ( ( 0.111111111111y + ( 0.142857142857x * 1.0x ) ) * 0.142857142857x ) ) ) )
ind: 141
( 0.5x * 0.25y )
ind: 142
( ( ( 0.142857142857x + ( ( ( 0.2x + 0.5x ) + 0.111111111111x ) + 1.0y ) ) * ( ( ( ( 0.25x * 0.333333333333x ) * ( 0.166666666667x + 0.111111111111x ) ) * 0.125y ) * ( ( 0.125y + 0.166666666667x ) * 0.125y ) ) ) * ( ( 0.166666666667x + 1.0y ) * ( ( ( ( 0.25y + 0.111111111111x ) * ( 0.5x + 0.166666666667y ) ) * ( 1.0y + ( 0.1x * 0.2x ) ) ) + 1.0y ) ) )
ind: 143
( ( 1.0x + ( ( ( 0.125x * ( 0.2y + 0.5y ) ) * 0.166666666667x ) * 0.125x ) ) + 0.125x )
ind: 144
( ( 0.142857142857x + ( ( 0.25x + 0.25x ) * ( 0.125y + ( ( 0.166666666667x * 0.2y ) * 0.1x ) ) ) ) * ( ( ( 0.25x * 0.2x ) * 1.0x ) + 0.5x ) )
ind: 145
( 1.0y * 0.111111111111x )
ind: 146
( ( ( 1.0y * 0.166666666667y ) + 1.0y ) + ( ( ( ( ( 0.333333333333x * 0.1x ) * ( 0.125y + 1.0x ) ) * ( 0.111111111111y + 0.2x ) ) + ( ( 0.333333333333x * ( 1.0x * 1.0y ) ) * 0.25y ) ) * 0.2x ) )
ind: 147
( 0.111111111111x + 1.0y )
ind: 148
( 0.25y + 0.111111111111x )
ind: 149
( ( ( ( 0.2y + 0.166666666667y ) + ( ( ( 0.1y + 1.0y ) * ( 0.111111111111y * 0.333333333333x ) ) + 0.1y ) ) * ( 1.0y + 0.5x ) ) + ( ( ( ( ( 0.166666666667y * 0.166666666667x ) * 0.166666666667x ) * ( ( 0.125y * 0.5x ) + ( 0.333333333333y + 0.111111111111y ) ) ) + 0.25x ) + ( ( ( 0.25y + 0.5x ) + ( ( 0.333333333333y * 0.5y ) * 0.166666666667y ) ) + ( 0.333333333333x + 0.1x ) ) ) )
ind: 150
( ( 0.111111111111x + 0.125y ) * ( ( 0.166666666667y + 1.0y ) + 0.5y ) )
ind: 151
( 0.25x * 1.0y )
ind: 152
( ( ( 0.125y * ( 0.2y + ( 0.166666666667x * 0.142857142857x ) ) ) + 0.1y ) * ( ( ( ( 0.25x + ( 0.111111111111x + 0.1y ) ) * ( ( 0.2y + 0.1y ) + 0.1x ) ) * 0.142857142857x ) + 0.125x ) )
ind: 153
( 0.125x + ( ( 0.125x + ( ( 0.1x + ( 0.111111111111y * 0.1y ) ) + ( 0.333333333333x * 0.111111111111x ) ) ) * ( ( ( 0.166666666667x + ( 0.2x * 1.0y ) ) + ( ( 0.142857142857y + 0.25y ) + 0.166666666667x ) ) * ( ( 0.125x * 0.25y ) * 0.5x ) ) ) )
ind: 154
( ( 0.111111111111y + ( ( ( 0.2y * ( 0.333333333333x * 0.25y ) ) + 0.5x ) * ( 0.2y + ( ( 0.2y * 0.125x ) * 0.1y ) ) ) ) + ( 0.25x + 0.25y ) )
ind: 155
( ( ( ( ( ( 0.25y + 0.2x ) * ( 0.25y + 0.142857142857x ) ) * ( ( 0.25y * 0.25y ) * ( 0.1y * 0.2y ) ) ) * ( ( ( 0.166666666667y + 0.25x ) + 0.2y ) + ( 1.0x * ( 0.5y * 0.5x ) ) ) ) + 0.111111111111y ) + ( 0.333333333333y * ( ( ( 0.1x + ( 0.2x + 0.1x ) ) + ( ( 0.111111111111y * 0.166666666667x ) * 0.5y ) ) * ( 0.5x + ( 0.5y + 1.0x ) ) ) ) )
ind: 156
( ( ( 0.25x + 0.166666666667x ) + ( 0.125y * ( 0.333333333333x * ( ( 1.0y + 0.166666666667x ) + 0.166666666667x ) ) ) ) + ( ( ( 0.166666666667x * ( 0.111111111111x * 0.142857142857x ) ) + 1.0x ) * ( ( 0.111111111111x + 0.166666666667x ) + 0.166666666667y ) ) )
ind: 157
( ( 0.166666666667y + 0.25y ) + 0.2x )
ind: 158
( ( ( ( 0.166666666667y * 0.125y ) * ( ( 0.142857142857y + ( 0.333333333333y + 0.25y ) ) * ( ( 0.166666666667x + 0.111111111111y ) * 0.1x ) ) ) * 0.142857142857y ) + 0.111111111111x )
ind: 159
( 0.333333333333x * 0.1y )
ind: 160
( 0.142857142857x + ( 0.125x + ( 0.5x * ( 1.0y * ( 0.25y * ( 0.25x + 0.111111111111x ) ) ) ) ) )
ind: 161
( ( ( ( ( 0.25y + 0.125y ) * 0.333333333333y ) * ( ( 1.0y * 0.142857142857y ) * 0.25x ) ) + 0.25x ) * 0.25y )
ind: 162
( ( 0.2y * ( ( ( ( 1.0x * 0.1y ) + ( 0.333333333333y + 0.2y ) ) + ( 0.166666666667y * ( 0.125x + 0.25x ) ) ) + ( ( 0.25x * ( 0.333333333333y * 0.1x ) ) + ( 0.111111111111y + ( 0.111111111111y * 0.25x ) ) ) ) ) * ( ( 0.5x + ( 0.111111111111y + ( ( 0.333333333333x + 0.166666666667x ) + ( 1.0y * 0.111111111111y ) ) ) ) + 0.166666666667y ) )
ind: 163
( ( 0.2x * 0.1y ) * 0.25x )
ind: 164
( 0.2x + ( 0.166666666667y * 0.166666666667y ) )
ind: 165
( ( 0.166666666667x + 0.2x ) + 0.333333333333y )
ind: 166
( 0.111111111111x * 1.0y )
ind: 167
( ( ( 0.25x * 0.166666666667y ) + ( ( 0.333333333333y * 0.166666666667x ) + 0.111111111111x ) ) + ( 0.2x + ( ( 0.25x * ( 1.0y + 0.2x ) ) * ( 0.25x + ( 0.142857142857x + ( 0.333333333333x * 0.25x ) ) ) ) ) )
ind: 168
( 0.2x * 0.111111111111y )
ind: 169
( 0.125x * 0.25y )
ind: 170
( ( 1.0y + ( 0.166666666667y + 1.0y ) ) * ( ( 0.142857142857x + 0.142857142857x ) * 1.0x ) )
ind: 171
( 0.1y + 0.5x )
ind: 172
( 0.2y * ( ( ( 0.1x + ( 1.0y * ( 0.125y * 1.0y ) ) ) + 0.142857142857x ) * ( 1.0x * ( ( ( 0.111111111111y * 0.1y ) + ( 0.1y + 0.142857142857y ) ) * 0.5y ) ) ) )
ind: 173
( ( ( 0.111111111111y * 0.1x ) * ( ( 0.5y + 0.125x ) + ( 0.125x + ( 0.1y * 0.2y ) ) ) ) * 1.0x )
ind: 174
( 0.125y * ( 0.1y + ( 0.25x * 0.125x ) ) )
ind: 175
( 0.125x + ( ( 0.2x + 0.1y ) + ( 0.5x * 0.142857142857y ) ) )
ind: 176
( 0.5x * ( 0.333333333333y + ( 0.142857142857x * 0.25x ) ) )
ind: 177
( ( 0.142857142857y + 0.25y ) + ( 0.333333333333y + 0.25x ) )
ind: 178
( ( ( ( ( 0.1y * ( 0.333333333333x * 1.0x ) ) * 1.0x ) * 1.0x ) * 0.111111111111x ) * 0.166666666667x )
ind: 179
( 1.0y * 0.142857142857x )
ind: 180
( ( 0.333333333333x * ( ( ( 1.0x + ( 0.1x * 0.5y ) ) + ( 0.25y + ( 0.111111111111y + 0.1y ) ) ) * ( ( ( 0.5x * 1.0x ) * 0.125x ) * 0.111111111111x ) ) ) * ( ( ( ( ( 0.111111111111y + 0.1x ) * ( 1.0y + 0.5y ) ) + ( 1.0x * ( 1.0x * 0.166666666667y ) ) ) + ( ( ( 0.166666666667x + 0.2x ) * ( 0.1x * 1.0y ) ) + ( 0.125x + ( 0.125y * 0.166666666667x ) ) ) ) + 0.2x ) )
ind: 181
( ( 0.2x * ( 0.166666666667x * 0.125y ) ) + 0.2y )
ind: 182
( ( 0.5x + 0.125x ) * 0.166666666667y )
ind: 183
( ( 0.2x * 0.142857142857x ) + ( ( ( ( 0.333333333333y * ( 0.25x * 0.111111111111y ) ) * 0.25y ) * ( ( 0.1y + ( 0.111111111111x * 0.25x ) ) + ( ( 0.111111111111y * 1.0x ) + ( 0.166666666667x * 0.25y ) ) ) ) * ( 0.111111111111x + 0.111111111111x ) ) )
ind: 184
( ( ( ( ( ( 0.142857142857x + 0.2x ) * ( 0.5y * 0.125y ) ) + 0.111111111111x ) + 0.166666666667x ) * ( ( ( 0.142857142857y * ( 0.333333333333x * 0.111111111111y ) ) + 0.1y ) * ( ( ( 0.1x + 0.25x ) * 0.25y ) + 1.0y ) ) ) * 0.25y )
ind: 185
( ( 0.333333333333x + 0.166666666667y ) + 0.25x )
ind: 186
( 0.1x * 0.166666666667y )
ind: 187
( 0.333333333333y + ( ( 0.2x + ( ( 0.111111111111x + ( 0.1y + 0.111111111111y ) ) * ( 1.0y + 0.2y ) ) ) + ( ( ( ( 0.5y + 0.2y ) * 0.1y ) * 0.2x ) + 0.142857142857y ) ) )
ind: 188
( 0.25x + ( ( ( ( 0.1y + 0.333333333333y ) * 0.2y ) + ( ( ( 0.125x + 0.5y ) * 0.5x ) + 0.2x ) ) * 0.5y ) )
ind: 189
( ( ( 0.142857142857x * 0.333333333333x ) + 0.333333333333y ) * 0.2x )
ind: 190
( ( ( ( 0.166666666667y + ( ( 0.25y * 0.333333333333y ) * 0.111111111111x ) ) + ( 1.0x + 0.25x ) ) + 1.0y ) + ( 0.125x + ( ( ( ( 0.166666666667x * 0.142857142857x ) + ( 0.2y + 0.333333333333y ) ) + 0.2x ) * ( ( 0.1y + 0.1y ) + ( 1.0x + ( 0.333333333333y * 0.5x ) ) ) ) ) )
ind: 191
( ( ( ( 0.25x + ( 0.125x * 0.2x ) ) + ( 0.2x * 0.25x ) ) * ( ( ( 0.125x * ( 0.2y * 0.2y ) ) * 0.333333333333x ) + ( ( ( 0.142857142857y + 0.111111111111x ) + ( 0.142857142857y * 0.5y ) ) + ( ( 0.125x * 0.125y ) * ( 0.142857142857x * 0.5x ) ) ) ) ) * ( ( 0.111111111111x + ( ( ( 0.1y + 0.2x ) + 0.142857142857x ) * ( 0.5x + ( 0.5y * 0.1x ) ) ) ) * ( ( 0.142857142857y + ( 0.142857142857y + ( 0.5x + 0.166666666667x ) ) ) * 0.333333333333x ) ) )
ind: 192
( 1.0y * ( 1.0x + ( ( 0.166666666667x + 0.111111111111y ) * 0.333333333333x ) ) )
ind: 193
( ( 0.111111111111y * ( 0.1x * ( 0.2y + 0.166666666667x ) ) ) + 0.333333333333x )
ind: 194
( ( ( ( ( ( 0.5y * 0.5x ) + ( 0.333333333333y + 0.333333333333x ) ) + ( 0.111111111111x + ( 0.111111111111y + 0.125y ) ) ) + 0.5x ) * ( ( 0.166666666667x * 1.0y ) * 0.2y ) ) + 0.166666666667y )
ind: 195
( ( 0.142857142857y + ( 0.5y * 0.1y ) ) * 0.5x )
ind: 196
( 0.2y + 0.111111111111x )
ind: 197
( ( 0.166666666667y * ( 0.25x + ( ( 0.166666666667x + 0.333333333333y ) * ( ( 0.1y * 0.2x ) + 0.333333333333y ) ) ) ) * 0.333333333333y )
ind: 198
( 0.5y + ( 0.1x * ( ( 0.2x * ( ( 0.5y * 0.5y ) + 0.5y ) ) + 0.333333333333y ) ) )
ind: 199
( ( 0.166666666667x * 0.1x ) * ( ( 0.111111111111x + ( 0.333333333333y * ( ( 0.1y + 0.333333333333x ) * 0.5y ) ) ) + 0.111111111111x ) )
ind: 200
( ( ( 0.125y + 0.111111111111x ) * ( ( 0.2y * ( 0.333333333333x * ( 0.5x * 0.25y ) ) ) * 0.333333333333x ) ) * 1.0x )
ind: 201
( ( ( ( 0.5x * ( ( 0.2y * 1.0y ) * ( 0.125y + 0.2x ) ) ) + ( ( 0.111111111111y * ( 0.5x + 0.125y ) ) * ( ( 0.125x * 0.5x ) * ( 0.125x + 0.333333333333y ) ) ) ) + ( ( ( 0.111111111111y * 0.125y ) * 0.2x ) + ( 0.111111111111y + ( 0.333333333333y * 0.125x ) ) ) ) + 0.111111111111x )
ind: 202
( 0.5x * 0.111111111111y )
ind: 203
( 0.5y * ( 0.142857142857x + 0.1y ) )
ind: 204
( 1.0x + ( ( 0.2x + 0.125y ) + 0.166666666667x ) )
ind: 205
( 0.125y + 0.142857142857x )
ind: 206
( ( ( ( ( 0.111111111111x + 0.166666666667y ) + 0.333333333333y ) + ( 0.166666666667y + 0.166666666667y ) ) * 0.2y ) + ( 0.25x * ( 0.125y + ( 0.125x * ( 0.125y + 0.142857142857x ) ) ) ) )
ind: 207
( 0.1y + ( 1.0x + 1.0x ) )
ind: 208
( 0.125x + ( 0.333333333333x + ( ( ( 0.2x + 0.125x ) * 0.25x ) * 0.166666666667y ) ) )
ind: 209
( ( ( 0.1y * 0.2y ) * ( ( 0.25x + 0.142857142857y ) * 0.2x ) ) * 0.111111111111y )
ind: 210
( ( 0.25y * 0.142857142857x ) * 0.5x )
ind: 211
( ( 0.5x * ( ( 0.1x * 0.2x ) * 0.166666666667y ) ) * ( ( ( 0.333333333333x * 0.2y ) + ( 0.333333333333y + 0.1y ) ) + ( 1.0y + 1.0y ) ) )
ind: 212
( ( 0.2x + 0.1x ) + 0.125y )
ind: 213
( 0.166666666667x + 0.1y )
ind: 214
( 0.2y + ( ( ( 0.333333333333y + ( ( 1.0y + 0.1x ) * 0.142857142857y ) ) + 0.166666666667y ) * 0.111111111111y ) )
ind: 215
( 0.1y * ( ( 1.0y * ( ( ( 0.333333333333x + 0.166666666667y ) * 0.125y ) + ( 0.2x + 0.111111111111y ) ) ) * 0.166666666667x ) )
ind: 216
( ( ( 1.0y * 0.111111111111x ) * 0.5y ) * 0.166666666667y )
ind: 217
( 0.5x * ( ( 1.0y + 0.2y ) * ( 0.1y * ( ( ( 0.1y + 0.111111111111y ) + ( 0.166666666667y + 0.166666666667x ) ) * 1.0y ) ) ) )
ind: 218
( 0.333333333333y + 0.25x )
ind: 219
( ( 0.25y * 0.125x ) * ( ( ( ( 0.166666666667y + 0.142857142857y ) * 0.166666666667x ) * ( ( 0.125x * ( 0.333333333333x + 0.333333333333y ) ) + 0.125x ) ) + 0.5y ) )
ind: 220
( 0.125x + ( 0.333333333333y * 0.25y ) )
ind: 221
( 0.125y + ( 0.2y + 1.0x ) )
ind: 222
( ( ( 0.1x * ( ( 0.5x * ( 0.142857142857y + 1.0x ) ) * 0.25x ) ) + ( 0.1y * ( 0.2y + 0.2x ) ) ) * 0.166666666667x )
ind: 223
( ( 0.1y * 0.25x ) * ( 0.5x * 0.25y ) )
ind: 224
( 0.1x + ( 0.142857142857x * ( ( 0.142857142857x * ( 0.25y + 0.333333333333y ) ) + 0.25y ) ) )
ind: 225
( 1.0y + 0.125x )
ind: 226
( ( ( 0.111111111111y + 1.0x ) * 0.1y ) + ( 0.5x * 0.2y ) )
ind: 227
( ( ( ( ( ( 0.25x * 0.25y ) * 0.1x ) + ( 0.1y * ( 0.2x + 0.125x ) ) ) * ( 0.5y + 0.111111111111x ) ) + 0.5x ) + 0.5y )
ind: 228
( ( 1.0y * 1.0x ) + 0.142857142857x )
ind: 229
( ( 0.125x + 0.111111111111x ) * ( ( 0.166666666667y + 0.166666666667y ) * ( 0.125y + ( 0.142857142857x + ( ( 0.125x + 0.166666666667y ) * 0.5y ) ) ) ) )
ind: 230
( ( 0.5y * ( ( 0.5y + ( ( 0.125y + 0.25y ) * 0.2x ) ) * 0.111111111111x ) ) * 0.111111111111y )
ind: 231
( 0.125y + 0.5x )
ind: 232
( ( ( 0.333333333333y + 0.166666666667y ) * 0.333333333333x ) + 0.25y )
ind: 233
( ( ( 0.1x * 0.125y ) + 0.1y ) * 0.25x )
ind: 234
( ( 0.1x * ( 0.5y * ( ( ( 0.5x + 0.25y ) + 0.2y ) + 1.0x ) ) ) + ( 0.2x + 0.1x ) )
ind: 235
( 0.1y + ( 0.5x * 0.125y ) )
ind: 236
( ( ( 0.111111111111x * ( 0.142857142857y + 0.5y ) ) * ( 0.2x + ( 0.166666666667y * ( ( 0.2x + 0.1x ) + 0.142857142857y ) ) ) ) * ( 0.111111111111x * 0.125y ) )
ind: 237
( 0.111111111111x + ( 0.125y + ( 0.111111111111y * 0.142857142857x ) ) )
ind: 238
( ( 0.111111111111y + ( 1.0x + ( ( 0.333333333333y * 0.125x ) * ( 0.142857142857y * ( 0.125x * 0.125y ) ) ) ) ) * 0.2x )
ind: 239
( ( 0.1x + ( ( 1.0y + 0.142857142857y ) * ( 0.111111111111y + ( 0.2x * ( 0.142857142857x * 0.111111111111x ) ) ) ) ) + ( 0.25y * ( 0.166666666667x + 0.142857142857y ) ) )
ind: 240
( 0.1y * ( ( 0.2x + ( 0.125y + 0.25y ) ) * ( ( 0.125x + ( 0.5y + ( 0.142857142857y * 0.125x ) ) ) + ( ( ( 0.125x * 0.333333333333y ) + ( 0.2y * 0.333333333333y ) ) * 0.2x ) ) ) )
ind: 241
( 0.1y + 0.25x )
ind: 242
( ( ( 0.333333333333x * 0.111111111111y ) + ( 0.142857142857x * 1.0x ) ) * ( 0.125x + 0.2y ) )
ind: 243
( ( ( ( 0.2x * 0.111111111111y ) * ( ( ( 0.5x + 0.111111111111x ) * 0.1y ) * 0.125x ) ) * ( 0.1x + ( ( ( 0.142857142857y * 0.166666666667x ) + 0.2x ) * 0.5y ) ) ) + 0.1x )
ind: 244
( ( ( 0.1y + ( ( ( 0.25y * 0.333333333333x ) * 0.25y ) + 0.25y ) ) + ( 0.25y + 1.0x ) ) + 0.1x )
ind: 245
( 0.2y + 0.1x )
ind: 246
( 0.166666666667y * ( ( 0.125x + 0.125y ) * ( ( 0.111111111111y + ( 1.0y * ( 0.1x * 0.1x ) ) ) * ( ( 0.142857142857y + ( 0.5y + 0.125y ) ) + ( 0.166666666667x + ( 0.125x * 1.0x ) ) ) ) ) )
ind: 247
( ( 0.166666666667x * ( 0.1y * ( 0.25x + ( ( 0.2x * 0.142857142857x ) * ( 0.2y * 0.1y ) ) ) ) ) + ( 0.333333333333y * ( 0.5x * 0.142857142857y ) ) )
ind: 248
( ( ( ( 0.5x + 0.2x ) * ( 0.2y * ( 0.142857142857y + 0.25x ) ) ) * 0.1x ) + 0.1x )
ind: 249
( ( 0.166666666667x + 1.0x ) + ( ( 0.5y + ( ( 0.333333333333y * 0.2y ) + ( 0.25x * ( 0.125y * 0.5x ) ) ) ) * 0.125x ) )
ind: 250
( 0.2y + 0.166666666667x )
ind: 251
( ( 1.0y * 0.1x ) + ( 1.0x * 0.1x ) )
ind: 252
( 0.25x * ( 1.0x * 0.25y ) )
ind: 253
( ( 0.2x + 0.142857142857y ) + 0.2y )
ind: 254
( 0.5x + ( 0.25y + ( 0.166666666667x * 0.2x ) ) )
ind: 255
( 0.125x + 0.111111111111y )
ind: 256
( ( ( ( 0.2x * 0.1y ) * 1.0y ) * 0.166666666667y ) * 0.333333333333y )
ind: 257
( ( 0.25y * ( 0.1y + ( 0.2x + ( ( 0.5x + 0.1x ) + ( 0.25y * 1.0y ) ) ) ) ) * 0.5x )
ind: 258
( 0.5x * ( ( 0.166666666667y + 0.142857142857y ) * ( 0.142857142857y + ( 0.1y + ( 0.5x + 0.111111111111x ) ) ) ) )
ind: 259
( 0.125y * 0.25x )
ind: 260
( 0.333333333333y + ( 0.111111111111y + 0.166666666667x ) )
ind: 261
( 0.333333333333y * 1.0x )
ind: 262
( 0.166666666667x + 0.111111111111y )
ind: 263
( 0.142857142857x + 1.0y )
ind: 264
( 1.0y * 0.333333333333x )
ind: 265
( 0.111111111111y + 0.25x )
ind: 266
( ( 0.1y + ( 1.0x + ( ( ( 0.1y * 0.111111111111y ) * ( 0.25y + 0.2y ) ) + 0.25y ) ) ) * ( 0.1y + 0.5x ) )
ind: 267
( ( ( ( ( 0.1y * ( 0.1y + 0.111111111111x ) ) * ( 0.142857142857y * 0.25x ) ) * ( 0.166666666667x * ( 1.0x + 0.125x ) ) ) + 0.2x ) * 0.166666666667x )
ind: 268
( ( ( 0.166666666667y + ( 0.1y * 0.333333333333x ) ) + 0.5y ) * ( 0.111111111111y + 0.111111111111x ) )
ind: 269
( 0.166666666667y * 0.1x )
ind: 270
( 0.2y * 0.111111111111x )
ind: 271
( 1.0x * ( 0.142857142857y * ( 1.0y + ( 0.2y * ( 0.142857142857y * 0.2y ) ) ) ) )
ind: 272
( ( ( 0.25x * 0.111111111111x ) * 0.166666666667x ) + 0.25y )
ind: 273
( ( ( 0.1y * 0.1y ) * 0.1y ) * ( ( 0.125x * ( 0.333333333333y * ( ( 0.111111111111y + 0.25x ) + 0.5y ) ) ) * 0.1y ) )
ind: 274
( 0.142857142857x * ( 0.5y * ( 0.142857142857x + ( 0.111111111111x + ( ( 0.125y * 0.142857142857y ) * 1.0x ) ) ) ) )
ind: 275
( ( 0.125x + ( ( ( 0.5x + ( 0.125x * 0.125x ) ) * 0.142857142857y ) + ( 0.2x * 0.111111111111x ) ) ) * 0.111111111111x )
ind: 276
( ( 0.111111111111y * ( 0.333333333333x * ( ( 1.0x * 0.5y ) + ( 0.166666666667x * ( 0.25y + 0.5x ) ) ) ) ) * ( ( ( 1.0x * 1.0y ) * ( 0.5x * ( ( 0.166666666667x + 0.166666666667y ) * 0.142857142857x ) ) ) + ( 0.333333333333x * ( 0.111111111111y * 0.111111111111x ) ) ) )
ind: 277
( ( 0.5y * 0.5x ) * ( ( ( ( ( 0.5y + 0.5y ) + 1.0x ) + 1.0y ) + 0.1y ) + 0.5x ) )
ind: 278
( 1.0y * ( 0.166666666667y * 0.125x ) )
ind: 279
( ( 0.1x * 0.2y ) + 0.333333333333y )
ind: 280
( 1.0y * 0.5x )
ind: 281
( 1.0y + 0.2x )
ind: 282
( ( 0.1y + 0.2x ) * ( 0.1y + ( ( ( 0.333333333333y + ( 0.1y + 0.142857142857x ) ) * 0.333333333333y ) + ( ( ( 0.142857142857y + 0.25x ) * 0.5x ) * ( ( 0.2y * 0.5y ) + 0.2x ) ) ) ) )
ind: 283
( 0.125x * ( ( ( 1.0y * ( 0.125x + ( 0.25y + 0.25x ) ) ) + ( 0.333333333333y * 0.125x ) ) * 0.2y ) )
ind: 284
( ( 0.1y + ( ( ( 0.2x + ( 0.125x * 0.333333333333y ) ) * 0.125x ) + ( 0.5y * ( ( 0.25y * 0.2x ) * ( 1.0y * 0.333333333333y ) ) ) ) ) * 0.166666666667y )
ind: 285
( ( 0.125x * 0.25y ) * 0.5y )
ind: 286
( 0.5x + ( 1.0y + 0.2x ) )
ind: 287
( ( ( ( 1.0x + ( 0.5y * 0.142857142857x ) ) * 0.5y ) * 0.125y ) * 0.166666666667x )
ind: 288
( ( ( 0.142857142857x * ( ( ( 1.0x + 0.111111111111x ) * 0.25x ) + ( 0.2x * 0.166666666667x ) ) ) * ( ( 0.25x + ( ( 0.1y * 0.1y ) * ( 1.0y * 0.111111111111y ) ) ) + 0.142857142857x ) ) * ( 0.2x * 0.111111111111y ) )
ind: 289
( 0.111111111111y + 0.5x )
ind: 290
( 0.2x + ( ( 0.125y + ( 1.0y * ( 0.5x + ( 0.25y * 0.333333333333x ) ) ) ) * 0.166666666667x ) )
ind: 291
( ( ( 0.1x * 0.5x ) + 0.111111111111y ) * ( ( 0.333333333333y * ( ( ( 0.5y * 0.125x ) * 0.111111111111x ) + ( ( 0.5y * 0.25x ) * 0.1y ) ) ) * ( ( ( 0.166666666667x + 1.0y ) * 0.2y ) + ( 0.166666666667x * 0.111111111111x ) ) ) )
ind: 292
( ( ( 0.125x * 0.1y ) + 0.166666666667x ) + 0.333333333333y )
ind: 293
( 0.142857142857y + 0.333333333333x )
ind: 294
( ( 0.111111111111x * ( 0.25y * ( ( 0.111111111111y + ( 0.25y + 0.333333333333x ) ) * 0.1x ) ) ) + 0.25x )
ind: 295
( ( ( ( 0.1x * 0.5y ) * ( ( ( 0.5y + 0.333333333333y ) + ( 1.0y * 0.125y ) ) + 1.0x ) ) + ( 0.142857142857y * 0.1y ) ) + ( ( 0.5x * 0.5x ) * 0.142857142857x ) )
ind: 296
( ( 1.0y * 0.25x ) * 0.142857142857y )
ind: 297
( ( ( ( ( ( 0.125y * 0.2y ) * ( 0.5x * 0.1x ) ) + 0.1y ) * ( ( 0.166666666667y + 0.125x ) * 0.333333333333y ) ) * 1.0y ) * ( ( ( ( ( 0.333333333333x + 0.125x ) * 0.166666666667y ) * 0.2x ) * 0.125y ) + ( 0.333333333333y * 0.333333333333x ) ) )
ind: 298
( 0.5y * ( 0.1x + ( ( ( 0.1y + ( 0.142857142857y * 0.25x ) ) + ( 0.166666666667y + ( 0.166666666667x + 0.142857142857x ) ) ) * 0.25x ) ) )
ind: 299
( ( 0.125y * 0.166666666667y ) * ( 0.1y + ( 0.5x + 0.1x ) ) )
ind: 300
( ( 0.25x * ( 0.111111111111y + 0.333333333333x ) ) + ( ( 0.142857142857y + ( 0.2x * ( 0.166666666667x + 0.142857142857y ) ) ) + ( ( 0.166666666667x * 0.125y ) * ( ( ( 0.333333333333x * 0.1x ) + 0.2x ) * 0.111111111111x ) ) ) )
ind: 301
( ( 0.25y + 0.2y ) * ( ( ( 0.25x + ( 0.1y + ( 0.5x + 0.142857142857x ) ) ) * 0.166666666667y ) + 0.1y ) )
ind: 302
( 0.2x * ( ( 0.142857142857x + ( 1.0y + ( 0.5y * 0.2y ) ) ) * 0.333333333333x ) )
ind: 303
( ( ( ( 0.1x + 0.25y ) * 0.1y ) * 1.0y ) * ( 0.5y + 0.1y ) )
ind: 304
( 0.5y * ( ( ( 0.111111111111x * 0.166666666667x ) * ( 0.5y * ( ( 0.333333333333x + 0.2x ) + 0.333333333333x ) ) ) + 0.111111111111y ) )
ind: 305
( ( ( 0.5x + ( 0.333333333333x * 0.25x ) ) * ( 0.1x * 1.0x ) ) + ( 0.25x * ( ( 0.111111111111x * 0.1x ) * 0.333333333333y ) ) )
ind: 306
( ( ( 0.125y * ( ( 1.0x + 0.25y ) * 0.25x ) ) + 0.25x ) + 0.125y )
ind: 307
( ( 0.333333333333x + 0.333333333333y ) + ( 0.1y * ( ( ( ( 0.142857142857y + 0.1y ) + ( 0.125y + 0.2y ) ) * ( ( 0.5x + 0.5y ) + ( 0.25x * 0.111111111111x ) ) ) + 0.125y ) ) )
ind: 308
( 0.5x * ( 0.111111111111y + ( ( ( ( 0.2x + 0.5y ) + ( 0.1x * 1.0x ) ) + 0.166666666667x ) + 0.142857142857y ) ) )
ind: 309
( 1.0y * 0.142857142857x )
ind: 310
( 0.125x + 0.142857142857y )
ind: 311
( ( ( ( ( 0.333333333333x * ( 0.111111111111x + 0.125y ) ) + 0.333333333333x ) * 0.111111111111x ) * 0.142857142857x ) * ( ( ( 0.166666666667x + ( ( 0.1y + 0.125x ) * 0.125x ) ) + 0.5y ) * ( ( ( ( 0.5x * 0.166666666667y ) + 1.0y ) + 0.142857142857y ) + ( 1.0x * 0.2x ) ) ) )
ind: 312
( ( ( 0.2x + ( ( ( 1.0y * 0.5x ) * 0.2y ) + ( ( 0.2x + 1.0x ) * 0.5x ) ) ) * ( ( 0.142857142857x + ( 0.125y * ( 0.125y + 0.1x ) ) ) * ( 0.111111111111x * 0.5x ) ) ) * 0.142857142857y )
ind: 313
( ( ( ( ( ( 0.2y + 0.5y ) * ( 0.25y * 0.125y ) ) * ( ( 0.142857142857y * 0.111111111111x ) * ( 0.5x * 0.5x ) ) ) * 0.1x ) * ( 0.166666666667y + 0.5x ) ) + 0.5y )
ind: 314
( ( ( ( ( ( 0.111111111111y + 0.25y ) * 0.142857142857y ) * 1.0x ) * 0.2y ) + ( 0.166666666667y * 0.166666666667y ) ) * ( ( ( ( ( 0.1x + 0.25x ) * ( 0.25x + 0.25y ) ) * 0.5y ) + 0.333333333333y ) * 0.25x ) )
ind: 315
( 0.333333333333y * 0.111111111111x )
ind: 316
( 0.2y * 1.0x )
ind: 317
( ( ( 0.166666666667y * ( 0.25x * ( 0.125y + 0.111111111111y ) ) ) + 0.5y ) * ( ( 0.2x + ( ( 0.2x + ( 0.2x + 1.0y ) ) * 0.2y ) ) * 0.333333333333x ) )
ind: 318
( 0.1x + ( ( ( 0.166666666667y * ( 0.5x + ( 0.333333333333y + 0.25y ) ) ) * 0.125y ) + ( 1.0y * ( 0.142857142857x * ( ( 1.0x * 0.1y ) * 0.2x ) ) ) ) )
ind: 319
( ( 0.2x * 0.142857142857y ) + ( 0.5x * 0.333333333333x ) )
ind: 320
( ( 0.5x * 0.333333333333y ) + 1.0y )
ind: 321
( 0.25y * 0.2x )
ind: 322
( ( 0.5x * ( 0.1y * 0.2y ) ) + ( ( ( ( ( 0.1x * 0.333333333333x ) * ( 0.1y * 0.125x ) ) * 0.5y ) * ( 0.142857142857x * ( 0.142857142857x * ( 0.166666666667y * 0.166666666667y ) ) ) ) + ( ( ( ( 0.2y * 0.111111111111x ) + ( 0.2y + 1.0x ) ) * 0.2y ) + ( ( ( 0.333333333333x + 0.111111111111x ) + ( 0.2y + 0.333333333333y ) ) * ( 0.1y * 0.5y ) ) ) ) )
ind: 323
( ( ( ( 0.333333333333y * 0.142857142857y ) * ( 1.0x + 0.125x ) ) * ( 0.2x * 0.25x ) ) * ( ( 0.111111111111y * ( ( 1.0y * 0.5x ) * 0.1x ) ) + 0.142857142857x ) )
ind: 324
( ( ( 0.5x * ( 0.25y * 0.166666666667x ) ) + 0.2y ) + 0.142857142857x )
ind: 325
( ( ( ( 0.142857142857x * ( ( 0.1y * 0.111111111111y ) * ( 0.166666666667y + 0.333333333333y ) ) ) * ( 0.166666666667y * ( ( 0.111111111111y * 0.2x ) + ( 0.125x * 1.0x ) ) ) ) + ( 0.2x * 0.142857142857y ) ) * 0.2x )
ind: 326
( 1.0x + ( ( 0.5x + 0.142857142857x ) * 0.111111111111y ) )
ind: 327
( ( 0.166666666667y + ( ( 0.5x + 0.142857142857x ) * ( ( 0.166666666667y + 1.0x ) + ( 0.166666666667x * 0.111111111111y ) ) ) ) + 0.125y )
ind: 328
( ( ( ( 0.333333333333x * 0.142857142857y ) * ( 0.2x * 0.125x ) ) + 0.25y ) * ( ( 0.5y + 0.166666666667y ) + ( ( ( ( 0.2x + 0.5y ) + 0.166666666667y ) * ( 1.0x * ( 1.0x * 0.2y ) ) ) + ( 0.5y + ( ( 0.333333333333y * 0.125x ) + 0.125y ) ) ) ) )
ind: 329
( ( 0.333333333333y + ( ( ( ( 0.111111111111y * 0.333333333333y ) + ( 0.2x + 1.0y ) ) + 0.25x ) + ( ( ( 0.5y + 0.333333333333x ) + ( 0.166666666667y * 0.125x ) ) * 0.5y ) ) ) + 1.0x )
ind: 330
( ( 0.142857142857x + 0.125x ) + 1.0y )
ind: 331
( 0.142857142857x * ( 0.25x + ( ( 0.5y + ( ( 0.111111111111x * 0.1x ) + ( 0.142857142857x + 0.333333333333x ) ) ) * 0.111111111111y ) ) )
ind: 332
( ( 0.142857142857x + 0.166666666667y ) * ( 0.125y * 1.0y ) )
ind: 333
( ( 0.166666666667x * ( ( 0.142857142857x + ( 0.5x * ( 0.2x + 0.142857142857x ) ) ) + ( 0.142857142857y + ( 0.2y * ( 0.111111111111y + 1.0x ) ) ) ) ) + ( ( ( 0.142857142857x * ( ( 0.5x + 0.111111111111y ) + 0.1x ) ) + ( ( 0.1y + 0.333333333333y ) + 0.166666666667x ) ) + 1.0x ) )
ind: 334
( 1.0y + ( 1.0y * ( ( ( ( 0.25x + 0.142857142857y ) + ( 0.1x + 0.142857142857x ) ) * 0.2y ) * 0.166666666667x ) ) )
ind: 335
( ( ( 1.0y + 0.1x ) + ( ( ( 0.1y * ( 0.125y + 0.333333333333x ) ) * 0.142857142857x ) * ( ( 0.125x + 0.333333333333y ) + 0.1x ) ) ) + 0.125y )
ind: 336
( 0.25y * ( 0.2x + 0.125x ) )
ind: 337
( 0.25x + ( ( 0.166666666667x + 0.125y ) + 0.166666666667y ) )
ind: 338
( 0.25x + 0.142857142857y )
ind: 339
( ( ( ( 0.125y + 0.333333333333x ) + ( ( 0.5y * 0.125x ) * ( 0.111111111111y + 0.142857142857x ) ) ) + ( ( ( 0.1y * 1.0y ) + ( ( 0.166666666667x * 0.1y ) + 0.111111111111x ) ) + ( ( 0.2x + 0.25x ) * ( ( 0.333333333333x * 0.333333333333x ) + ( 0.1x + 0.25y ) ) ) ) ) + 0.111111111111y )
ind: 340
( ( ( 0.25y + ( 0.333333333333y + ( 0.142857142857y * 0.5x ) ) ) * 0.25x ) + 0.1x )
ind: 341
( ( 0.5x * 0.166666666667x ) * 0.111111111111y )
ind: 342
( 0.25y * 0.25x )
ind: 343
( ( ( 0.1y * ( 0.25y * ( ( 0.333333333333y * 0.142857142857x ) + 0.25y ) ) ) * ( ( ( ( 0.25x * 0.5x ) + ( 0.25x * 0.2y ) ) * 1.0x ) + 0.333333333333x ) ) + ( 0.125x * ( 0.1x * 0.166666666667x ) ) )
ind: 344
( ( ( 0.142857142857y * ( 1.0y + ( 0.5y + 0.25x ) ) ) * ( ( 0.111111111111x + 0.2y ) + ( 0.142857142857y + 0.111111111111y ) ) ) + 0.1x )
ind: 345
( 0.142857142857y * 0.2x )
ind: 346
( ( ( ( ( 0.125y * 0.25x ) * ( 0.166666666667y * 0.1y ) ) * 0.166666666667y ) + ( 0.5y * 0.1x ) ) + 0.111111111111y )
ind: 347
( ( ( 0.166666666667x * ( 0.25y * ( ( 0.142857142857y * 1.0y ) * 0.166666666667x ) ) ) + ( ( ( ( 0.2y * 0.1y ) * ( 0.125x + 0.111111111111x ) ) + ( ( 0.2y * 0.1y ) + ( 0.5x + 0.166666666667x ) ) ) + 0.125x ) ) * 0.25y )
ind: 348
( 0.142857142857x + ( ( ( ( ( 0.111111111111x * 0.111111111111y ) * 0.5x ) * 0.333333333333x ) + ( 0.5x + ( 0.2x * ( 0.125x * 0.142857142857y ) ) ) ) * 0.5x ) )
ind: 349
( 0.333333333333x + 0.1y )
ind: 350
( ( 0.1x * ( 0.166666666667x + 0.111111111111x ) ) + ( 0.111111111111y * ( 0.333333333333y + 0.142857142857x ) ) )
ind: 351
( 0.125y + 0.111111111111x )
ind: 352
( 0.142857142857x + ( ( ( ( 0.25y * ( 0.1x * 0.1y ) ) * 1.0x ) * 0.111111111111y ) + ( 1.0y * 0.2y ) ) )
ind: 353
( ( ( ( ( 1.0x * 1.0y ) * ( ( 0.1y + 0.5x ) * ( 0.111111111111y + 0.111111111111y ) ) ) + 0.142857142857x ) + 0.142857142857y ) + 0.2x )
ind: 354
( 0.2x + ( ( 0.5x * 0.333333333333y ) + ( 0.2x + 0.2y ) ) )
ind: 355
( 0.166666666667x + 0.25y )
ind: 356
( ( 0.2y + 0.2x ) + 0.111111111111y )
ind: 357
( ( 0.333333333333y + 0.142857142857x ) * ( ( 0.125x * ( 0.142857142857y + ( ( 1.0y * 0.125x ) + ( 0.111111111111y + 1.0y ) ) ) ) * 0.5y ) )
ind: 358
( 1.0y * ( 1.0y + 0.5x ) )
ind: 359
( 0.142857142857x + ( 0.333333333333y * ( ( 1.0x + 1.0x ) + ( 0.333333333333x + ( ( 0.111111111111x * 0.2y ) * 0.111111111111y ) ) ) ) )
ind: 360
( 0.125y * 0.25x )
ind: 361
( ( 0.125x * ( 0.125y * 0.25y ) ) + 1.0x )
ind: 362
( ( ( ( 1.0y * 1.0x ) * 0.125x ) * 0.333333333333x ) * 0.25y )
ind: 363
( ( 0.111111111111x * ( ( ( ( 0.333333333333x + 0.2y ) + ( 0.5x + 0.166666666667y ) ) * ( 0.333333333333y + ( 0.5x * 1.0x ) ) ) + ( 1.0x * 0.166666666667y ) ) ) * 0.2x )
ind: 364
( 0.111111111111x + ( 0.2x + ( 0.142857142857y * 0.166666666667y ) ) )
ind: 365
( ( 0.2y + ( ( ( 0.2y + ( 0.142857142857x * 0.125x ) ) * 0.125x ) * 0.1y ) ) * ( ( ( 0.111111111111x * ( ( 0.5y * 0.333333333333x ) * ( 0.111111111111y + 0.125y ) ) ) * 0.1x ) + 0.333333333333y ) )
ind: 366
( 0.5x + ( 0.142857142857x * ( 0.142857142857x + ( 0.166666666667y + 0.142857142857x ) ) ) )
ind: 367
( 0.5x * ( ( ( ( ( 1.0y + 0.125x ) + 0.125y ) * 0.333333333333y ) * 0.125y ) + 0.2y ) )
ind: 368
( 0.142857142857y + ( ( 0.25x + 0.1x ) + 0.111111111111y ) )
ind: 369
( ( 0.25y * ( ( ( ( 0.111111111111y + 0.142857142857y ) + 0.2y ) * 0.25y ) + 0.2x ) ) * 0.333333333333x )
ind: 370
( 0.25y + 0.1x )
ind: 371
( ( 0.125y * 0.142857142857y ) + ( ( 0.111111111111x * 0.1x ) * ( 0.142857142857y * 0.142857142857y ) ) )
ind: 372
( 0.333333333333x * ( ( 0.5x * 0.1x ) + 1.0y ) )
ind: 373
( ( ( 0.5y + 0.125x ) + 0.125y ) + ( 0.1y * ( ( 0.333333333333y * ( ( 0.111111111111x * 1.0y ) * ( 0.333333333333x * 0.2y ) ) ) + 0.333333333333x ) ) )
ind: 374
( ( ( ( 1.0x * ( ( 0.2x + 0.125y ) * 0.5y ) ) * ( ( 0.142857142857x + 0.142857142857y ) + 0.333333333333y ) ) + ( 0.166666666667x + ( 1.0y * 0.5y ) ) ) * ( 0.142857142857y * 1.0x ) )
ind: 375
( ( 0.1y * ( 0.142857142857x + ( 0.142857142857y * 0.125y ) ) ) + ( ( ( 0.5x * ( 1.0y + 0.2x ) ) * 0.5y ) + ( 0.5x + 0.111111111111x ) ) )
ind: 376
( ( ( 1.0y + ( ( ( 0.1y * 0.2x ) * 0.125y ) * ( 0.125x * 0.1x ) ) ) + 0.2x ) * 0.1y )
ind: 377
( 0.2x + 0.5y )
ind: 378
( 0.5x * ( ( 0.5x + ( 1.0y * 1.0y ) ) * 0.111111111111y ) )
ind: 379
( ( ( ( 0.1x * ( ( 0.111111111111x * 0.166666666667x ) * 0.1y ) ) * ( 0.125x + ( ( 0.111111111111y + 0.1x ) * 0.25x ) ) ) + ( 0.125x + 0.1x ) ) * 0.5y )
ind: 380
( ( ( 0.125x + 0.111111111111x ) * 0.2y ) + 0.333333333333x )
ind: 381
( ( 0.142857142857y + 0.25x ) * 0.2x )
ind: 382
( ( ( ( ( ( 0.1y + 0.2x ) + ( 0.125y * 0.125y ) ) * 0.333333333333x ) * 0.2y ) + 0.111111111111x ) * ( ( ( 0.1x * ( ( 0.2y * 0.125x ) + ( 0.111111111111y * 1.0y ) ) ) * 1.0y ) + 0.25y ) )
ind: 383
( ( 0.125y * 0.1y ) * ( 0.1y * ( 0.333333333333x * ( ( ( 0.25y + 0.1x ) + 0.1x ) * ( ( 0.5x * 0.111111111111y ) * 1.0y ) ) ) ) )
ind: 384
( ( 0.2y + 0.125x ) * 0.142857142857y )
ind: 385
( 0.1x + ( ( ( 0.166666666667x * ( 0.111111111111x * ( 0.111111111111y * 0.142857142857x ) ) ) * ( ( ( 0.25x + 0.333333333333y ) + ( 0.2x + 0.1y ) ) * 0.1x ) ) + ( 0.5x * 0.111111111111x ) ) )
ind: 386
( ( ( 0.125x * 1.0x ) + 0.25x ) * ( ( ( ( ( 0.166666666667x + 0.5y ) * 0.166666666667x ) + 0.111111111111y ) * ( ( 0.1y + ( 0.333333333333y + 0.5x ) ) + ( 0.1y * 0.1x ) ) ) * ( ( ( 0.166666666667x + 0.1y ) * ( ( 0.5x * 0.2y ) + 0.166666666667x ) ) * ( ( 0.25y + ( 0.333333333333x * 0.142857142857x ) ) * 0.166666666667y ) ) ) )
ind: 387
( ( ( ( 0.166666666667x + ( ( 0.2x * 0.5x ) * ( 0.333333333333x + 0.125y ) ) ) * ( 0.142857142857x + ( 0.1y + 0.111111111111x ) ) ) + ( 0.2y * ( 1.0x * 0.1y ) ) ) + ( ( 0.142857142857x * 0.2x ) * ( ( 1.0y * 0.111111111111x ) * 0.2x ) ) )
ind: 388
( ( 0.111111111111y + ( ( 0.25x * ( ( 0.111111111111x * 0.333333333333x ) + ( 0.125x * 0.25y ) ) ) * ( 0.142857142857y + ( ( 0.125x * 0.166666666667x ) * ( 0.125x + 0.111111111111x ) ) ) ) ) + 0.142857142857x )
ind: 389
( 0.125y + ( ( 0.25y + 0.111111111111x ) + ( 0.111111111111y * 0.111111111111y ) ) )
ind: 390
( 0.125x * ( 0.2y + ( ( 0.5y * ( 0.166666666667x + 0.5x ) ) * 0.142857142857x ) ) )
ind: 391
( 0.333333333333y + ( 1.0y * ( 0.5x + ( ( ( 0.142857142857x * 0.2y ) + ( 0.2x * 0.333333333333x ) ) * 0.142857142857x ) ) ) )
ind: 392
( 0.125y * ( ( 0.166666666667y * 0.2x ) + ( ( 0.5x * ( ( 0.25y + 0.125y ) + 0.25y ) ) * 1.0x ) ) )
ind: 393
( ( 0.2x * 0.5x ) + ( ( ( ( ( 0.125x * 0.5y ) + ( 0.5y * 0.5y ) ) + 0.125y ) * ( 0.125y * 0.125y ) ) + 0.142857142857x ) )
ind: 394
( ( 0.5y + ( 0.1y + 0.25x ) ) * 0.25x )
ind: 395
( ( 0.333333333333y + ( ( 0.166666666667x * ( ( 0.166666666667x + 0.142857142857x ) * ( 0.333333333333x * 0.333333333333x ) ) ) * ( ( 0.142857142857y + ( 0.5y * 0.125x ) ) + ( 1.0y + 0.125x ) ) ) ) + 0.1y )
ind: 396
( 0.111111111111y + 0.25x )
ind: 397
( ( 0.1x * 0.2x ) + ( ( ( ( 0.1y + 0.5y ) * 0.166666666667y ) * ( 0.333333333333y + ( ( 0.125y + 0.333333333333y ) + ( 0.125x * 0.1x ) ) ) ) + ( 0.111111111111x * ( 1.0x + ( 0.166666666667x + ( 0.5x + 0.25y ) ) ) ) ) )
ind: 398
( 0.2x * 0.1y )
ind: 399
( ( 0.166666666667x * 0.2y ) + 0.1x )
ind: 400
( ( ( ( 0.1x + 0.333333333333x ) + 0.142857142857y ) + 0.111111111111x ) * 0.166666666667x )
ind: 401
( 0.1x * 0.125y )
ind: 402
( ( 0.111111111111x + ( ( ( 0.333333333333x * ( 0.5y + 0.142857142857x ) ) + ( ( 0.166666666667x + 0.142857142857x ) * ( 1.0x + 0.333333333333y ) ) ) + ( ( 0.111111111111y * ( 0.125y * 0.2x ) ) + ( ( 1.0x * 0.111111111111x ) * ( 1.0x + 1.0y ) ) ) ) ) + ( 0.333333333333y + ( 0.166666666667x + 0.1x ) ) )
ind: 403
( 0.25x + ( ( 0.25x + ( 0.5y + ( 1.0y + ( 0.5y * 0.111111111111y ) ) ) ) * 0.142857142857y ) )
ind: 404
( 0.111111111111x + ( ( 0.111111111111x + ( ( ( 0.2y + 0.5x ) * 0.333333333333x ) * ( ( 0.142857142857x + 0.125x ) + 0.125y ) ) ) + 0.125y ) )
ind: 405
( ( ( ( ( 0.333333333333y + ( 0.1x * 0.5y ) ) * ( ( 0.111111111111x * 0.25y ) + ( 0.142857142857x * 0.1x ) ) ) + ( ( 1.0y * ( 0.1y + 0.5y ) ) + ( ( 0.333333333333y + 0.333333333333x ) + ( 0.2x + 0.1y ) ) ) ) * ( ( 0.1y * ( ( 0.333333333333x * 0.5y ) + ( 0.25x * 0.142857142857y ) ) ) + 0.25x ) ) + 0.125y )
ind: 406
( 0.166666666667x + ( ( ( ( ( 0.2x + 0.166666666667x ) + 1.0y ) * 0.111111111111x ) + ( 0.166666666667x * ( ( 0.166666666667x * 0.333333333333y ) * 1.0x ) ) ) * 0.142857142857x ) )
ind: 407
( ( 0.142857142857x + ( 0.333333333333y + 1.0y ) ) * ( ( 0.2y + ( ( ( 0.2x * 0.1x ) + ( 0.25x * 0.25x ) ) * ( ( 0.5y * 0.142857142857x ) + ( 0.125y * 0.25x ) ) ) ) * ( 0.1x * ( 0.166666666667x * 0.125y ) ) ) )
ind: 408
( 0.166666666667x + ( 0.333333333333x * 0.2y ) )
ind: 409
( 0.111111111111y * 0.5x )
ind: 410
( ( ( ( 0.25x + ( 0.166666666667y + 0.166666666667x ) ) + ( ( 0.25x + ( 0.333333333333y * 0.25x ) ) + ( ( 0.2x + 0.142857142857x ) + ( 0.25x + 1.0x ) ) ) ) + 1.0x ) * ( 0.142857142857y + ( 0.25x + 1.0x ) ) )
ind: 411
( ( ( 0.25y + ( ( 0.125x + ( 0.333333333333x * 0.125x ) ) * 0.25y ) ) * ( ( 0.111111111111y * 0.166666666667x ) + ( 0.2x * 0.5y ) ) ) + 0.5x )
ind: 412
( 0.142857142857x + 0.111111111111y )
ind: 413
( ( ( ( ( ( 0.5x + 0.111111111111y ) * ( 0.333333333333x * 0.25x ) ) + ( 0.25x + ( 1.0y + 1.0x ) ) ) * ( ( 1.0x * ( 0.166666666667x + 0.111111111111y ) ) * ( 0.25x * ( 0.2y + 0.333333333333y ) ) ) ) + ( 0.111111111111x * ( ( ( 1.0x + 0.2x ) + 0.2y ) * 1.0y ) ) ) * ( ( ( ( 0.166666666667y * ( 0.125x * 0.111111111111y ) ) + 0.125x ) * ( ( 0.1y + 0.25x ) + 0.166666666667x ) ) * 0.25x ) )
ind: 414
( ( ( 0.125y * ( ( 0.111111111111x + ( 0.142857142857y * 1.0x ) ) + 0.25x ) ) * ( ( 1.0y + 0.1x ) + 0.2x ) ) + ( ( ( ( 0.1y * ( 0.142857142857x * 0.111111111111x ) ) + ( 0.2x * ( 0.111111111111y * 0.333333333333y ) ) ) * ( ( 0.166666666667x * ( 0.25x + 0.1y ) ) + 0.166666666667x ) ) * ( 0.25x * 0.142857142857x ) ) )
ind: 415
( ( 0.125x + ( 0.142857142857x * 0.142857142857y ) ) * 1.0y )
ind: 416
( ( ( 0.125x * ( 0.1y + 0.125y ) ) + ( 1.0y + ( 0.111111111111x * ( 0.142857142857x * ( 0.25x + 1.0x ) ) ) ) ) * ( ( ( ( ( 0.125y * 0.142857142857y ) * 0.1x ) + ( 0.125x * ( 0.125x + 0.1x ) ) ) * 0.5y ) * 0.333333333333y ) )
ind: 417
( ( ( ( 0.142857142857y + ( ( 0.2y + 0.111111111111x ) * ( 1.0x + 0.111111111111x ) ) ) + ( 0.2x * ( ( 0.125y * 0.25x ) + 0.166666666667y ) ) ) + ( ( 0.333333333333y + 0.111111111111x ) + ( 0.2x + ( 0.5x + ( 0.166666666667x + 0.5x ) ) ) ) ) * ( ( ( 0.1x + ( ( 0.166666666667y * 0.5y ) + ( 0.333333333333y * 0.1x ) ) ) * ( 1.0x + ( 0.125y + ( 0.5x + 0.166666666667y ) ) ) ) * ( ( ( 0.25x * ( 0.1x * 0.142857142857x ) ) + ( ( 0.111111111111x * 0.125y ) * 0.142857142857y ) ) * 0.5y ) ) )
ind: 418
( ( 0.5x + 0.5y ) + 0.333333333333x )
ind: 419
( 0.142857142857y * 0.2x )
ind: 420
( 1.0x + 0.111111111111y )
ind: 421
( ( 0.166666666667y * 0.111111111111x ) * ( 0.5y + ( 0.2y + 0.111111111111x ) ) )
ind: 422
( ( 0.1x + 0.111111111111x ) * 0.142857142857y )
ind: 423
( ( ( 0.125y + 0.333333333333x ) + 0.166666666667x ) * 0.142857142857x )
ind: 424
( ( 0.25x * ( 0.142857142857y + ( ( ( 0.2x * 0.333333333333x ) + ( 0.2x * 1.0y ) ) * ( ( 0.2x * 0.1x ) + 0.2y ) ) ) ) * ( 0.25y * ( ( ( ( 0.111111111111y + 0.2x ) + 0.1y ) * 0.166666666667y ) + 0.125y ) ) )
ind: 425
( ( ( ( 0.111111111111y + ( ( 0.2x + 0.333333333333x ) + 0.166666666667y ) ) * ( ( ( 0.142857142857y * 0.5y ) + ( 0.125x + 1.0y ) ) * ( 0.166666666667x + ( 0.333333333333y * 0.1x ) ) ) ) * ( 0.166666666667y * 0.1y ) ) + ( ( 0.111111111111y * 0.142857142857y ) + 0.166666666667y ) )
ind: 426
( ( ( 0.5y * 0.142857142857x ) + 0.142857142857x ) + 0.142857142857x )
ind: 427
( 0.142857142857x * ( ( 0.2x + 0.25y ) * 0.125x ) )
ind: 428
( ( ( ( 0.142857142857y * 0.333333333333x ) + 0.2x ) * 0.25y ) + ( 0.142857142857y * 0.333333333333y ) )
ind: 429
( ( ( 0.125y * ( 0.1x + ( ( 0.166666666667y + 0.333333333333x ) + ( 0.25x + 0.2y ) ) ) ) * 0.2x ) * 0.25y )
ind: 430
( ( ( 0.125y + ( ( ( 0.25y + 0.2y ) + 0.142857142857x ) + ( ( 0.166666666667y * 1.0y ) + ( 1.0y * 0.25y ) ) ) ) + 0.166666666667y ) * ( ( ( 0.111111111111x + 0.166666666667x ) + ( ( 0.5y * 0.2x ) * ( 0.5y + ( 0.5x * 0.1y ) ) ) ) + 0.25x ) )
ind: 431
( ( 0.125y + ( 0.333333333333y * ( ( ( 1.0x * 0.5y ) + 0.25y ) * ( 0.166666666667x + 1.0y ) ) ) ) + ( ( 0.1x + 0.166666666667y ) * 0.5x ) )
ind: 432
( 0.2y * ( 0.1x + 0.25x ) )
ind: 433
( ( 0.1y * ( ( 0.2x * 0.1y ) + 0.25y ) ) * 0.25x )
ind: 434
( ( 0.25y + ( ( ( 0.333333333333x * 0.25y ) * 1.0x ) + 1.0x ) ) + ( ( ( ( 1.0x + ( 1.0y * 1.0x ) ) + 0.111111111111x ) * ( 0.333333333333x * 0.333333333333x ) ) * ( 0.333333333333x * ( 0.166666666667y + ( 0.111111111111y * 0.2y ) ) ) ) )
ind: 435
( ( 0.5y * 0.142857142857y ) * ( ( ( 0.142857142857y + 0.142857142857y ) + 0.333333333333x ) * ( 0.2x + 1.0x ) ) )
ind: 436
( 0.111111111111y + ( 0.5x * ( ( 0.166666666667x * 0.111111111111y ) * 0.2x ) ) )
ind: 437
( 0.142857142857x * 0.5y )
ind: 438
( ( 0.166666666667y + 0.333333333333x ) + ( ( 1.0y + ( ( ( 0.166666666667y + 0.166666666667x ) * ( 0.2x * 0.333333333333y ) ) + ( ( 0.5x + 0.1y ) + ( 0.1x + 0.25y ) ) ) ) * 1.0y ) )
ind: 439
( ( ( 0.142857142857y + 0.25x ) + ( ( ( 0.2y * 0.333333333333x ) + 0.333333333333x ) + ( 0.111111111111x * 0.25x ) ) ) + 0.25x )
ind: 440
( ( 0.1y + ( 0.333333333333x * ( ( 0.166666666667x + 0.166666666667x ) * ( 0.142857142857y + 0.5x ) ) ) ) * ( ( 0.166666666667x * 0.142857142857x ) * ( 0.125x + 0.166666666667x ) ) )
ind: 441
( ( 0.111111111111x + ( 0.125y * 0.1x ) ) * ( ( ( ( 0.166666666667x * ( 0.125x + 0.5x ) ) + ( ( 0.142857142857x + 0.333333333333y ) + ( 0.25y + 0.5x ) ) ) + ( ( 0.142857142857y + ( 0.125x * 0.125x ) ) * ( ( 0.166666666667y * 0.166666666667x ) * ( 0.25x * 0.142857142857x ) ) ) ) * ( 0.125y * ( ( ( 0.333333333333x + 0.333333333333x ) + 0.2x ) * ( 0.25x + 0.5x ) ) ) ) )
ind: 442
( 0.166666666667x * 0.2y )
ind: 443
( 0.5x * ( ( ( 0.25x + 0.125x ) + ( ( ( 0.1y * 0.142857142857y ) * 0.333333333333x ) * 0.1x ) ) * 0.1y ) )
ind: 444
( 0.25x + ( 1.0y * ( 0.111111111111y * 0.25y ) ) )
ind: 445
( 1.0y + ( 0.2x * ( 0.333333333333x * ( ( ( 0.1y + 0.5y ) + ( 0.125x + 0.25x ) ) * ( 0.5y + ( 0.2x * 0.142857142857y ) ) ) ) ) )
ind: 446
( ( ( ( ( ( 0.5y * 0.125x ) * ( 0.125y + 0.333333333333y ) ) + ( ( 1.0x + 0.25x ) + ( 0.1y * 0.2y ) ) ) * ( ( 0.25x * ( 0.333333333333x * 0.125y ) ) + 0.111111111111x ) ) * 1.0y ) * 0.111111111111x )
ind: 447
( ( ( ( 0.333333333333x + ( ( 0.333333333333x + 0.333333333333x ) * 0.5y ) ) + ( ( ( 0.333333333333y * 0.166666666667x ) + ( 0.5y + 0.2y ) ) * ( 0.125x + 0.2x ) ) ) + ( 0.2x + 0.25y ) ) + 0.333333333333x )
ind: 448
( ( ( 0.5x * 1.0x ) + 0.111111111111x ) + ( ( ( 0.5x * 1.0y ) * ( ( 0.333333333333y * 0.111111111111y ) + 1.0y ) ) * ( 0.142857142857y * ( 0.111111111111x + ( 0.125y + 1.0y ) ) ) ) )
ind: 449
( ( ( 1.0x * 1.0y ) + ( ( ( 0.142857142857x + 1.0y ) + 0.142857142857y ) + ( 0.142857142857x * ( ( 1.0y + 0.1x ) * 0.5x ) ) ) ) + ( ( ( 0.166666666667y + 0.166666666667y ) * 0.166666666667y ) + ( 0.25x + 0.5x ) ) )
ind: 450
( ( ( 0.125x + ( 0.125x + ( ( 0.5x * 0.111111111111x ) + ( 0.111111111111y + 0.125y ) ) ) ) * ( 0.333333333333y + 0.25y ) ) + ( 1.0y + ( ( ( ( 0.111111111111y + 0.111111111111x ) * ( 0.2x + 0.142857142857y ) ) * 0.1y ) * ( 0.111111111111x * ( ( 0.166666666667y * 0.2y ) * 0.5x ) ) ) ) )
ind: 451
( 1.0x + 0.166666666667y )
ind: 452
( 0.166666666667x + ( ( 1.0y * 0.125x ) * 0.2x ) )
ind: 453
( ( 0.125x + 0.166666666667y ) + 0.25x )
ind: 454
( ( 0.166666666667y + 0.5x ) + ( ( ( ( 1.0x * ( 0.166666666667x + 0.5y ) ) + ( ( 0.25y + 0.333333333333y ) + ( 1.0y * 0.5y ) ) ) + 0.1y ) * ( ( ( ( 0.5x + 0.125x ) * 1.0y ) * 0.142857142857x ) * ( ( 0.166666666667y + ( 0.5x * 0.142857142857y ) ) + 0.1y ) ) ) )
ind: 455
( ( ( 0.25x * ( 0.25y * 0.25y ) ) * ( ( ( 0.2y + 0.25y ) * ( ( 0.25y + 0.2x ) + 0.5x ) ) + ( 0.142857142857x * ( 0.166666666667x * ( 0.142857142857y * 0.2x ) ) ) ) ) * 0.125x )
ind: 456
( ( ( ( 0.1x + 1.0x ) * ( 0.333333333333y + 0.1y ) ) * ( ( 0.111111111111x * 0.142857142857y ) + ( 0.166666666667x * 0.142857142857x ) ) ) + 1.0y )
ind: 457
( 0.333333333333x + 0.1y )
ind: 458
( 0.25x * ( ( 1.0x * ( ( ( 0.142857142857x * 1.0y ) * 1.0y ) + ( 0.111111111111x * ( 1.0x + 0.2x ) ) ) ) + ( 0.1y * ( ( 0.166666666667x * 0.1x ) * ( ( 0.1x * 0.125y ) + ( 0.142857142857x * 0.333333333333x ) ) ) ) ) )
ind: 459
( 0.125x * 0.5y )
ind: 460
( 0.5y + ( 0.25x * 0.25x ) )
ind: 461
( ( 0.333333333333x + 0.2y ) * 0.1x )
ind: 462
( ( 0.5y + 0.2y ) * 0.166666666667x )
ind: 463
( ( 0.2y + ( 0.1x + 0.2y ) ) + 0.2y )
ind: 464
( ( ( 0.5y * ( 0.2x * ( ( 0.1x + 0.333333333333x ) * 0.166666666667y ) ) ) + 0.25x ) + ( 0.125x + 0.125y ) )
ind: 465
( 0.111111111111x + ( 0.125x + ( 0.125y * 0.2x ) ) )
ind: 466
( ( 0.125x + 0.333333333333x ) + ( ( ( 0.142857142857x * 1.0y ) * ( 0.125y * ( ( 0.142857142857x * 0.125x ) + 0.166666666667y ) ) ) + ( 0.125x * ( 0.2y + 0.333333333333x ) ) ) )
ind: 467
( ( 0.2y + 1.0y ) + 0.333333333333x )
ind: 468
( ( 0.111111111111x + ( ( ( ( 0.111111111111x + 0.142857142857y ) * ( 0.142857142857x + 0.1x ) ) * ( ( 0.1y + 0.111111111111y ) * ( 0.5x + 0.142857142857y ) ) ) + 0.1x ) ) * 0.166666666667y )
ind: 469
( ( 0.5y + ( 0.25y + ( ( ( 0.25y * 0.5y ) * ( 0.1x * 0.5y ) ) + ( ( 0.333333333333x + 0.142857142857x ) * ( 0.111111111111y * 0.1y ) ) ) ) ) * ( ( ( ( ( 1.0y * 1.0y ) * ( 0.1y * 0.2y ) ) + 0.1x ) * ( 0.2y + 0.25x ) ) * ( ( 0.25x + 0.1x ) + 0.333333333333x ) ) )
ind: 470
( ( 0.5x + ( 1.0x * ( 0.2y * ( 0.5x + 0.142857142857y ) ) ) ) + 0.166666666667y )
ind: 471
( ( ( ( 1.0y * 0.166666666667x ) + 0.125x ) * ( 1.0x + ( ( 0.166666666667x + 0.2y ) * 0.333333333333x ) ) ) * ( 1.0x + 0.5x ) )
ind: 472
( 1.0x + 0.25y )
ind: 473
( ( ( ( 0.142857142857x + ( 0.333333333333x + 0.111111111111x ) ) * 0.1y ) * 0.111111111111y ) * ( 0.166666666667y * 0.142857142857y ) )
ind: 474
( ( ( 0.142857142857y * ( 0.1y * 0.5x ) ) + ( 0.166666666667y + ( 0.5x + ( 0.111111111111x + ( 0.111111111111x + 0.333333333333x ) ) ) ) ) + ( ( 0.5x + 1.0x ) * 0.125y ) )
ind: 475
( ( 0.142857142857x * 0.5x ) * ( ( 0.1x * ( 0.2x + 0.166666666667y ) ) * ( 0.1y + ( 0.142857142857y + 0.5x ) ) ) )
ind: 476
( ( 1.0x * ( ( ( ( 0.142857142857x * 0.166666666667x ) + ( 0.142857142857y * 0.125x ) ) + ( 0.142857142857x * 1.0y ) ) * 0.5y ) ) * 0.5y )
ind: 477
( 0.125y * 0.5x )
ind: 478
( ( 0.25y * ( ( 0.142857142857x + ( ( 0.25y + 0.142857142857x ) + 0.125y ) ) + ( 0.5x + 0.1y ) ) ) * 0.333333333333y )
ind: 479
( ( ( 0.25x * ( ( 1.0y * ( 0.142857142857x + 0.142857142857x ) ) + ( 0.142857142857y * 0.166666666667x ) ) ) * ( 0.1x + 0.111111111111y ) ) + ( 0.2x + ( 0.2x * ( ( 0.1y + 0.5x ) * ( 0.1x + 0.5y ) ) ) ) )
ind: 480
( ( ( ( ( ( 0.25x * 0.1x ) + ( 0.2y + 0.142857142857y ) ) * 0.1y ) + ( ( 0.25y + 0.25x ) + 0.166666666667x ) ) * ( 0.2y + ( ( 0.1y + 1.0y ) + 0.142857142857x ) ) ) * ( 0.2x + 0.125y ) )
ind: 481
( ( ( ( ( ( 0.25y + 0.1y ) + 0.111111111111y ) * 0.1x ) + 0.166666666667y ) + ( 0.111111111111y + ( 0.1y + ( 0.125x * ( 0.333333333333y * 0.5x ) ) ) ) ) * ( 0.125y + 0.333333333333x ) )
ind: 482
( 0.25x * ( ( ( 0.125x + 0.166666666667x ) * ( ( 0.2x + ( 0.333333333333y * 0.1x ) ) * 0.111111111111y ) ) * ( ( 0.5y * 0.1y ) + 0.111111111111y ) ) )
ind: 483
( 1.0x * 0.333333333333y )
ind: 484
( ( ( 1.0y * ( 0.1y * 0.5y ) ) + ( ( ( 0.25y + ( 0.5x + 0.142857142857x ) ) * ( ( 1.0x + 0.2y ) * ( 0.25y * 0.1y ) ) ) + ( 0.166666666667x + ( ( 0.1x + 0.25x ) * 0.111111111111x ) ) ) ) + ( 0.1y + ( 1.0x + 0.111111111111y ) ) )
ind: 485
( ( ( ( 0.5x * ( 0.25x + 0.25x ) ) * 0.142857142857y ) * ( 0.1y + 1.0x ) ) * ( ( 0.25y * ( ( 0.1x * 0.1x ) * ( ( 0.2y * 0.142857142857y ) * 0.1x ) ) ) * 0.166666666667y ) )
ind: 486
( 0.333333333333x + ( 0.5x * 0.166666666667y ) )
ind: 487
( 0.333333333333x + ( ( 0.142857142857y * ( ( ( 0.5x * 1.0y ) * 0.111111111111y ) * ( 0.142857142857y + 0.333333333333y ) ) ) * ( ( 1.0y + 0.1x ) + 0.2y ) ) )
ind: 488
( ( ( 1.0y + 0.166666666667x ) + 0.142857142857x ) + ( 0.5x + ( ( 0.25y * ( 0.25x + 0.125x ) ) + 0.2x ) ) )
ind: 489
( ( 0.125x + ( 0.333333333333x * ( ( ( 0.1y + 0.25x ) + 0.25y ) + 0.166666666667x ) ) ) * 0.111111111111y )
ind: 490
( 0.125y * ( 0.5x * ( ( ( ( 0.333333333333y * 0.142857142857y ) + ( 0.5y + 0.142857142857y ) ) + ( 0.166666666667x + 0.111111111111x ) ) * 0.2y ) ) )
ind: 491
( ( ( 1.0x + 0.5y ) * 0.1x ) * ( ( 1.0y + ( ( ( 0.166666666667y * 0.142857142857x ) * 0.25x ) + 0.142857142857y ) ) + 0.2x ) )
ind: 492
( 0.1x * 0.1y )
ind: 493
( ( ( ( ( ( 0.333333333333x * 0.166666666667y ) + ( 0.111111111111x + 0.333333333333x ) ) + 0.125x ) + 0.142857142857x ) * ( ( 0.142857142857x * 0.111111111111y ) + ( 0.1x + ( 1.0x + ( 0.2x + 0.166666666667x ) ) ) ) ) * ( ( ( ( ( 0.2x * 1.0x ) + ( 1.0x + 1.0x ) ) * 0.142857142857y ) + ( 0.5y * ( 0.142857142857x + 0.5x ) ) ) + 0.5x ) )
ind: 494
( 0.111111111111x + ( 0.333333333333x + 0.142857142857y ) )
ind: 495
( ( 0.166666666667x * ( ( ( 1.0y * 1.0x ) + ( 0.2y * 0.5y ) ) + ( ( ( 0.125y * 1.0y ) + 0.111111111111y ) * ( ( 0.125y * 1.0y ) * 1.0y ) ) ) ) * 0.111111111111x )
ind: 496
( ( ( 0.5y * ( ( ( 0.1x + 1.0x ) + 0.25y ) + ( ( 1.0x + 0.125y ) * 0.5x ) ) ) * ( 0.142857142857x * 1.0x ) ) * 0.333333333333y )
ind: 497
( 0.333333333333x * 0.111111111111y )
ind: 498
( 0.333333333333y * ( 0.142857142857y + 0.5x ) )
ind: 499
( ( ( 0.166666666667x * 0.1y ) * 1.0y ) + ( 0.25y * 0.5y ) )
ind: 500
( 0.111111111111y + ( ( 0.5x * ( 1.0y * 0.1y ) ) * ( 0.111111111111x + 0.5y ) ) )
Best Ind: ( 0.2y + 0.1x )
Fitness = 2.36103736932
Worst Ind: ( ( 0.333333333333x * ( ( ( 1.0x + ( 0.1x * 0.5y ) ) + ( 0.25y + ( 0.111111111111y + 0.1y ) ) ) * ( ( ( 0.5x * 1.0x ) * 0.125x ) * 0.111111111111x ) ) ) * ( ( ( ( ( 0.111111111111y + 0.1x ) * ( 1.0y + 0.5y ) ) + ( 1.0x * ( 1.0x * 0.166666666667y ) ) ) + ( ( ( 0.166666666667x + 0.2x ) * ( 0.1x * 1.0y ) ) + ( 0.125x + ( 0.125y * 0.166666666667x ) ) ) ) + 0.2x ) )
Fitness = 216804861.594
Avg Fitness = 563045.566528
Duplicated = 7
============================================================================
Evaluate Gen  1
New Population 835
Better than Dads 160
Best Ind: ( 0.2y + 0.1x )
Fitness = 2.36103736932
Worst Ind: ( ( 0.125x + 1.0y ) * 0.5y )
Fitness = 487.11574046
Avg Fitness = 99.7592642119
Duplicated = 21
============================================================================
Evaluate Gen  2
New Population 800
Better than Dads 158
Best Ind: ( 0.111111111111x + 0.166666666667y )
Fitness = 2.30030133893
Worst Ind: ( 0.142857142857y + ( ( 0.25x + 0.1x ) + 0.111111111111y ) )
Fitness = 72.0602495592
Avg Fitness = 26.0840406782
Duplicated = 28
============================================================================
Evaluate Gen  3
New Population 824
Better than Dads 191
Best Ind: ( 0.111111111111x + 0.166666666667y )
Fitness = 2.30030133893
Worst Ind: ( 1.0y * 0.142857142857x )
Fitness = 29.195365017
Avg Fitness = 15.5613665375
Duplicated = 46
============================================================================
Evaluate Gen  4
New Population 818
Better than Dads 207
Best Ind: ( 0.111111111111x + 0.166666666667y )
Fitness = 2.30030133893
Worst Ind: ( 0.333333333333x * 0.1y )
Fitness = 19.9017610109
Avg Fitness = 11.467904903
Duplicated = 61
============================================================================
Evaluate Gen  5
New Population 828
Better than Dads 218
Best Ind: ( 0.111111111111x + 0.166666666667y )
Fitness = 2.30030133893
Worst Ind: ( 0.142857142857y + ( 0.111111111111y * ( ( 0.111111111111x + 0.5y ) + 0.333333333333y ) ) )
Fitness = 14.2314865092
Avg Fitness = 9.12411152151
Duplicated = 69
============================================================================
Evaluate Gen  6
New Population 835
Better than Dads 235
Best Ind: ( 0.111111111111x + 0.166666666667y )
Fitness = 2.30030133893
Worst Ind: ( ( 0.166666666667y + ( 0.111111111111y * ( 0.333333333333y * 0.1x ) ) ) + 0.2x )
Fitness = 11.2655931492
Avg Fitness = 7.6345589796
Duplicated = 79
============================================================================
Evaluate Gen  7
New Population 837
Better than Dads 240
Best Ind: ( 0.111111111111x + 0.166666666667y )
Fitness = 2.30030133893
Worst Ind: ( ( 0.125y + ( 0.166666666667x + ( ( 0.1y * 0.166666666667x ) * 0.125y ) ) ) + 0.111111111111y )
Fitness = 9.59128380527
Avg Fitness = 6.58970771629
Duplicated = 86
============================================================================
Evaluate Gen  8
New Population 824
Better than Dads 231
Best Ind: ( 0.111111111111x + 0.166666666667y )
Fitness = 2.30030133893
Worst Ind: ( ( ( ( 0.166666666667y * 0.142857142857x ) * ( ( 0.142857142857y + 0.2x ) * ( ( 0.166666666667x + 0.111111111111y ) * 0.1x ) ) ) * 0.142857142857y ) + 0.111111111111x )
Fitness = 8.18388214316
Avg Fitness = 5.76140849744
Duplicated = 102
============================================================================
Evaluate Gen  9
New Population 844
Better than Dads 242
Best Ind: ( 0.111111111111x + 0.166666666667y )
Fitness = 2.30030133893
Worst Ind: ( 0.111111111111y + ( 0.166666666667y + 0.142857142857x ) )
Fitness = 7.20061699539
Avg Fitness = 4.96361776517
Duplicated = 126
============================================================================
Evaluate Gen  10
New Population 833
Better than Dads 232
Best Ind: ( 0.111111111111x + 0.166666666667y )
Fitness = 2.30030133893
Worst Ind: ( ( 0.1x + 0.2y ) + ( ( 0.125x + ( 0.111111111111y * ( 0.142857142857y * 0.1y ) ) ) * ( ( 0.1y * ( 0.2y * ( 0.142857142857y + 1.0y ) ) ) * 0.111111111111x ) ) )
Fitness = 6.11378828509
Avg Fitness = 4.3340130319
Duplicated = 155
============================================================================
Evaluate Gen  11
New Population 826
Better than Dads 230
Best Ind: ( 0.111111111111x + 0.166666666667y )
Fitness = 2.30030133893
Worst Ind: ( ( ( 0.25y * 0.142857142857y ) * ( 0.125x + 0.25y ) ) + 0.125x )
Fitness = 5.21870206512
Avg Fitness = 3.82087019532
Duplicated = 183
============================================================================
Evaluate Gen  12
New Population 828
Better than Dads 226
Best Ind: ( 0.111111111111x + 0.166666666667y )
Fitness = 2.30030133893
Worst Ind: ( 0.111111111111x + ( 0.125y + ( 0.111111111111y * ( ( ( 0.25y + 0.111111111111x ) + 0.25x ) * 0.111111111111y ) ) ) )
Fitness = 4.54867935331
Avg Fitness = 3.46183044711
Duplicated = 211
============================================================================
Evaluate Gen  13
New Population 806
Better than Dads 221
Best Ind: ( 0.111111111111x + 0.166666666667y )
Fitness = 2.30030133893
Worst Ind: ( ( ( 0.111111111111y * ( 0.1x * ( 0.142857142857y * 0.125y ) ) ) + 0.142857142857x ) + ( ( 0.333333333333y + 0.125y ) * 0.1y ) )
Fitness = 4.08553416766
Avg Fitness = 3.21426461656
Duplicated = 257
============================================================================
Evaluate Gen  14
New Population 796
Better than Dads 223
Best Ind: ( 0.111111111111x + 0.166666666667y )
Fitness = 2.30030133893
Worst Ind: ( 0.2y + 0.142857142857x )
Fitness = 3.74348761382
Avg Fitness = 3.02221116194
Duplicated = 299
============================================================================
Evaluate Gen  15
New Population 774
Better than Dads 185
Best Ind: ( 0.111111111111x + 0.166666666667y )
Fitness = 2.30030133893
Worst Ind: ( 0.125x + ( 0.333333333333y * 0.111111111111y ) )
Fitness = 3.34772497411
Avg Fitness = 2.87329676826
Duplicated = 335
============================================================================
Evaluate Gen  16
New Population 771
Better than Dads 195
Best Ind: ( 0.111111111111x + 0.166666666667y )
Fitness = 2.30030133893
Worst Ind: ( 0.25y + 0.1x )
Fitness = 3.14326552348
Avg Fitness = 2.75682321146
Duplicated = 364
============================================================================
Evaluate Gen  17
New Population 785
Better than Dads 206
Best Ind: ( 0.111111111111x + 0.166666666667y )
Fitness = 2.30030133893
Worst Ind: ( 0.142857142857x + 0.166666666667y )
Fitness = 3.002832324
Avg Fitness = 2.65870634722
Duplicated = 373
============================================================================
Evaluate Gen  18
New Population 790
Better than Dads 204
Best Ind: ( 0.111111111111x + 0.166666666667y )
Fitness = 2.30030133893
Worst Ind: ( ( 0.111111111111y + 0.125y ) + 0.1x )
Fitness = 2.84627118411
Avg Fitness = 2.57987030823
Duplicated = 401
============================================================================
Evaluate Gen  19
New Population 772
Better than Dads 202
Best Ind: ( 0.111111111111x + 0.166666666667y )
Fitness = 2.30030133893
Worst Ind: ( ( 0.111111111111x + 0.1y ) + 0.111111111111y )
Fitness = 2.68162614509
Avg Fitness = 2.54475382301
Duplicated = 428
============================================================================
Evaluate Gen  20
New Population 756
Better than Dads 196
Best Ind: ( 0.111111111111x + 0.166666666667y )
Fitness = 2.30030133893
Worst Ind: ( 0.142857142857x + 0.1y )
Fitness = 2.61824385848
Avg Fitness = 2.5276427815
Duplicated = 443
============================================================================
Evaluate Gen  21
New Population 761
Better than Dads 192
Best Ind: ( 0.111111111111x + 0.166666666667y )
Fitness = 2.30030133893
Worst Ind: ( 0.142857142857x + 0.125y )
Fitness = 2.59206080317
Avg Fitness = 2.50898483958
Duplicated = 451
============================================================================
Evaluate Gen  22
New Population 755
Better than Dads 183
Best Ind: ( 0.111111111111x + 0.166666666667y )
Fitness = 2.30030133893
Worst Ind: ( 0.125y + 0.142857142857x )
Fitness = 2.59206080317
Avg Fitness = 2.49047344717
Duplicated = 448
============================================================================
Evaluate Gen  23
New Population 770
Better than Dads 206
Best Ind: ( 0.111111111111x + 0.166666666667y )
Fitness = 2.30030133893
Worst Ind: ( 0.111111111111y + 0.142857142857x )
Fitness = 2.58310048037
Avg Fitness = 2.4691348926
Duplicated = 447
============================================================================
Evaluate Gen  24
New Population 764
Better than Dads 180
Best Ind: ( 0.111111111111x + 0.166666666667y )
Fitness = 2.30030133893
Worst Ind: ( 0.111111111111y + 0.125x )
Fitness = 2.56467148958
Avg Fitness = 2.44202736341
Duplicated = 455
============================================================================
Evaluate Gen  25
New Population 749
Better than Dads 189
Best Ind: ( 0.111111111111x + 0.166666666667y )
Fitness = 2.30030133893
Worst Ind: ( ( 0.125x + ( ( 0.2y * 0.111111111111y ) * ( 0.111111111111y * 0.1y ) ) ) + 0.125y )
Fitness = 2.49291805092
Avg Fitness = 2.42233815219
Duplicated = 474
============================================================================
Evaluate Gen  26
New Population 746
Better than Dads 159
Best Ind: ( 0.111111111111x + 0.166666666667y )
Fitness = 2.30030133893
Worst Ind: ( 0.125x + 0.125y )
Fitness = 2.44242245425
Avg Fitness = 2.41352702436
Duplicated = 485
============================================================================
Evaluate Gen  27
New Population 780
Better than Dads 173
Best Ind: ( 0.111111111111x + 0.166666666667y )
Fitness = 2.30030133893
Worst Ind: ( 0.125y + 0.125x )
Fitness = 2.44242245425
Avg Fitness = 2.4070541639
Duplicated = 485
============================================================================
Evaluate Gen  28
New Population 758
Better than Dads 174
Best Ind: ( 0.111111111111x + 0.166666666667y )
Fitness = 2.30030133893
Worst Ind: ( 0.125y + 0.125x )
Fitness = 2.44242245425
Avg Fitness = 2.40026983241
Duplicated = 485
============================================================================
Evaluate Gen  29
New Population 752
Better than Dads 185
Best Ind: ( 0.111111111111x + 0.166666666667y )
Fitness = 2.30030133893
Worst Ind: ( 0.125y + 0.125x )
Fitness = 2.44242245425
Avg Fitness = 2.39252646975
Duplicated = 485
============================================================================
Evaluate Gen  30
New Population 748
Better than Dads 186
Best Ind: ( 0.111111111111x + 0.166666666667y )
Fitness = 2.30030133893
Worst Ind: ( 0.125x + 0.125y )
Fitness = 2.44242245425
Avg Fitness = 2.38481213929
Duplicated = 485
============================================================================
Evaluate Gen  31
New Population 745
Better than Dads 174
Best Ind: ( 0.111111111111x + 0.166666666667y )
Fitness = 2.30030133893
Worst Ind: ( 0.125x + 0.142857142857y )
Fitness = 2.38895237793
Avg Fitness = 2.37565304075
Duplicated = 488
============================================================================
Evaluate Gen  32
New Population 754
Better than Dads 183
Best Ind: ( 0.111111111111x + 0.166666666667y )
Fitness = 2.30030133893
Worst Ind: ( 0.125x + 0.142857142857y )
Fitness = 2.38895237793
Avg Fitness = 2.37402626313
Duplicated = 488
============================================================================
Evaluate Gen  33
New Population 761
Better than Dads 186
Best Ind: ( 0.111111111111x + 0.166666666667y )
Fitness = 2.30030133893
Worst Ind: ( 0.125x + 0.142857142857y )
Fitness = 2.38895237793
Avg Fitness = 2.37155718248
Duplicated = 488
============================================================================
Evaluate Gen  34
New Population 743
Better than Dads 174
Best Ind: ( 0.111111111111x + 0.166666666667y )
Fitness = 2.30030133893
Worst Ind: ( 0.125x + 0.142857142857y )
Fitness = 2.38895237793
Avg Fitness = 2.36853890798
Duplicated = 488
============================================================================
Evaluate Gen  35
New Population 744
Better than Dads 175
Best Ind: ( 0.111111111111x + 0.166666666667y )
Fitness = 2.30030133893
Worst Ind: ( 0.111111111111x + 0.142857142857y )
Fitness = 2.38180704024
Avg Fitness = 2.36487010309
Duplicated = 490
============================================================================
Evaluate Gen  36
New Population 744
Better than Dads 184
Best Ind: ( 0.111111111111x + 0.166666666667y )
Fitness = 2.30030133893
Worst Ind: ( 0.111111111111x + 0.142857142857y )
Fitness = 2.38180704024
Avg Fitness = 2.36178654104
Duplicated = 490
============================================================================
Evaluate Gen  37
New Population 776
Better than Dads 193
Best Ind: ( 0.111111111111x + 0.166666666667y )
Fitness = 2.30030133893
Worst Ind: ( 0.142857142857y + 0.111111111111x )
Fitness = 2.38180704024
Avg Fitness = 2.35584607459
Duplicated = 490
============================================================================
Evaluate Gen  38
New Population 762
Better than Dads 192
Best Ind: ( 0.111111111111x + 0.166666666667y )
Fitness = 2.30030133893
Worst Ind: ( 0.111111111111x + 0.142857142857y )
Fitness = 2.38180704024
Avg Fitness = 2.34970471744
Duplicated = 490
============================================================================
Evaluate Gen  39
New Population 751
Better than Dads 188
Best Ind: ( 0.111111111111x + 0.166666666667y )
Fitness = 2.30030133893
Worst Ind: ( 0.142857142857y + 0.111111111111x )
Fitness = 2.38180704024
Avg Fitness = 2.34231446301
Duplicated = 490
============================================================================
Evaluate Gen  40
New Population 759
Better than Dads 190
Best Ind: ( 0.111111111111x + 0.166666666667y )
Fitness = 2.30030133893
Worst Ind: ( 0.1x + 0.2y )
Fitness = 2.36103736932
Avg Fitness = 2.33303420328
Duplicated = 492
============================================================================
Evaluate Gen  41
New Population 763
Better than Dads 178
Best Ind: ( 0.111111111111x + 0.166666666667y )
Fitness = 2.30030133893
Worst Ind: ( 0.1x + 0.2y )
Fitness = 2.36103736932
Avg Fitness = 2.32564130132
Duplicated = 492
============================================================================
Evaluate Gen  42
New Population 770
Better than Dads 180
Best Ind: ( 0.111111111111x + 0.166666666667y )
Fitness = 2.30030133893
Worst Ind: ( 0.1x + 0.2y )
Fitness = 2.36103736932
Avg Fitness = 2.31456931504
Duplicated = 492
============================================================================
Evaluate Gen  43
New Population 743
Better than Dads 149
Best Ind: ( 0.111111111111x + 0.166666666667y )
Fitness = 2.30030133893
Worst Ind: ( 0.1x + 0.166666666667y )
Fitness = 2.3147577946
Avg Fitness = 2.30721152474
Duplicated = 496
============================================================================
Evaluate Gen  44
New Population 758
Better than Dads 143
Best Ind: ( 0.111111111111x + 0.166666666667y )
Fitness = 2.30030133893
Worst Ind: ( 0.166666666667y + 0.1x )
Fitness = 2.3147577946
Avg Fitness = 2.30469610145
Duplicated = 496
============================================================================
Evaluate Gen  45
New Population 755
Better than Dads 136
Best Ind: ( 0.111111111111x + 0.166666666667y )
Fitness = 2.30030133893
Worst Ind: ( 0.1x + 0.166666666667y )
Fitness = 2.3147577946
Avg Fitness = 2.30160241994
Duplicated = 496
============================================================================
Evaluate Gen  46
New Population 764
Better than Dads 107
Best Ind: ( 0.111111111111x + 0.166666666667y )
Fitness = 2.30030133893
Worst Ind: ( 0.166666666667y + 0.111111111111x )
Fitness = 2.30030133893
Avg Fitness = 2.30030133893
Duplicated = 498
============================================================================
Evaluate Gen  47
New Population 762
Better than Dads 114
Best Ind: ( 0.111111111111x + 0.166666666667y )
Fitness = 2.30030133893
Worst Ind: ( 0.166666666667y + 0.111111111111x )
Fitness = 2.30030133893
Avg Fitness = 2.30030133893
Duplicated = 498
============================================================================
Evaluate Gen  48
New Population 726
Better than Dads 102
Best Ind: ( 0.111111111111x + 0.166666666667y )
Fitness = 2.30030133893
Worst Ind: ( 0.111111111111x + 0.166666666667y )
Fitness = 2.30030133893
Avg Fitness = 2.30030133893
Duplicated = 498
============================================================================
Evaluate Gen  49
New Population 745
Better than Dads 105
Best Ind: ( 0.111111111111x + 0.166666666667y )
Fitness = 2.30030133893
Worst Ind: ( 0.166666666667y + 0.111111111111x )
Fitness = 2.30030133893
Avg Fitness = 2.30030133893
Duplicated = 498
============================================================================
Evaluate Gen  50
New Population 751
Better than Dads 97
Best Ind: ( 0.111111111111x + 0.166666666667y )
Fitness = 2.30030133893
Worst Ind: ( 0.111111111111x + 0.166666666667y )
Fitness = 2.30030133893
Avg Fitness = 2.30030133893
Duplicated = 498
