dataset_file= dataset/SR_ellipse_noise.txt
population= 50
generations= 50
tournament_size= 7
cross_over= 0.9
mutation= 0.05
elitism= True
(50, 2)
============================================================================
Build initial population
ind: 1
( ( 0.142857142857x * ( 0.333333333333y * ( ( ( 0.5x * 0.111111111111x ) * ( 0.5x * 1.0x ) ) + ( ( 0.1x * 0.5x ) * ( 0.111111111111x * 0.333333333333x ) ) ) ) ) + 0.125y )
ind: 2
( ( 0.25y * 0.1x ) + 0.2y )
ind: 3
( 0.166666666667x * 1.0y )
ind: 4
( 0.1y * 0.125x )
ind: 5
( ( 0.5x * 0.166666666667x ) + ( ( ( ( 0.2y * ( 0.5y * 0.125x ) ) + ( 0.333333333333x * ( 0.166666666667y + 0.111111111111y ) ) ) + 0.111111111111x ) + ( 0.333333333333y + 0.25y ) ) )
ind: 6
( 0.142857142857x * ( ( 0.2x + ( ( ( 0.2x * 0.5x ) + ( 0.25y + 0.166666666667x ) ) + ( 0.25y + ( 0.125y + 0.333333333333x ) ) ) ) * ( 0.333333333333y + ( 0.142857142857y * ( ( 0.125x * 0.25y ) * 0.5x ) ) ) ) )
ind: 7
( ( ( 1.0y + ( 0.2y * ( 0.25y + 0.111111111111x ) ) ) + ( ( 0.142857142857x + ( ( 0.142857142857x + 0.1y ) * ( 0.5x * 0.166666666667y ) ) ) + ( ( ( 0.5x * 0.166666666667x ) * 0.166666666667x ) * 0.142857142857x ) ) ) + ( 0.125x + ( ( ( 0.1y + ( 0.333333333333y + 0.166666666667y ) ) + ( ( 0.5y * 0.2x ) * ( 0.142857142857y + 0.2y ) ) ) * 1.0y ) ) )
ind: 8
( 0.142857142857y * 0.25x )
ind: 9
( ( ( ( 0.142857142857y * 0.125y ) * ( 0.166666666667x + ( 0.2x + 0.25y ) ) ) * ( 0.25y + 0.333333333333y ) ) + 0.2y )
ind: 10
( 0.166666666667x + 0.166666666667y )
ind: 11
( ( ( ( ( 0.2x * ( 0.111111111111x * 0.111111111111y ) ) * 0.142857142857y ) + 1.0x ) + ( 0.25y + ( ( 0.5y + 0.166666666667x ) + ( 0.5x + ( 0.25y * 1.0x ) ) ) ) ) * 0.333333333333y )
ind: 12
( 0.142857142857y + ( 0.166666666667x + 0.142857142857y ) )
ind: 13
( 0.333333333333y + ( ( 0.125y * 0.2y ) + ( ( ( ( 1.0y * 0.2y ) * 0.5x ) * 0.5x ) + ( 0.125y * ( 0.333333333333y * ( 0.166666666667x * 0.25x ) ) ) ) ) )
ind: 14
( ( ( 0.1y * 1.0y ) * 0.25x ) * ( ( 0.166666666667x + 0.5y ) * ( ( ( 0.166666666667y + ( 0.333333333333x * 0.2x ) ) + ( ( 0.111111111111y * 0.2x ) * 0.1y ) ) + 0.2x ) ) )
ind: 15
( 0.111111111111y * 0.142857142857x )
ind: 16
( ( 0.333333333333x + ( 1.0y * ( ( ( 1.0x + 0.2y ) * 0.111111111111x ) * 0.125x ) ) ) + 0.125x )
ind: 17
( ( ( 0.2x + 0.25y ) + ( 1.0y * 0.166666666667x ) ) + 0.1x )
ind: 18
( ( 0.111111111111x + 0.125x ) * 0.333333333333y )
ind: 19
( ( 0.166666666667x + 1.0x ) * 0.2y )
ind: 20
( ( ( 0.125y * 0.142857142857x ) * 0.333333333333y ) + 0.125y )
ind: 21
( 0.1x + 0.125y )
ind: 22
( 0.1y + 0.166666666667x )
ind: 23
( 0.5x * ( ( ( ( ( 0.111111111111y + 0.25x ) * ( 0.5x * 0.125x ) ) + 0.125x ) * ( 0.1x + ( 0.166666666667y * 0.142857142857y ) ) ) + ( ( ( ( 0.1x + 0.333333333333x ) + 0.166666666667y ) + ( 0.25y * 0.142857142857y ) ) * ( ( 0.333333333333x * ( 0.125y * 0.2y ) ) * ( 0.5y + 0.333333333333x ) ) ) ) )
ind: 24
( ( ( 0.166666666667y * ( ( 0.125y * 0.142857142857x ) + 0.333333333333x ) ) + ( 0.166666666667y + ( 0.142857142857x + ( ( 0.25y * 0.166666666667x ) * ( 0.166666666667y * 1.0y ) ) ) ) ) + 0.125y )
ind: 25
( 0.166666666667y + ( 0.142857142857x + 0.5x ) )
ind: 26
( 0.333333333333x * ( ( ( 0.142857142857y * 0.142857142857x ) * 0.5y ) + ( ( 0.333333333333x + 0.1y ) + ( ( ( 0.25x + 0.333333333333x ) + ( 0.25y + 0.25x ) ) + ( ( 0.1y + 0.25y ) + ( 0.2y * 0.333333333333y ) ) ) ) ) )
ind: 27
( 0.142857142857x * ( 0.111111111111x + 0.25y ) )
ind: 28
( ( 0.142857142857y * 0.142857142857x ) * ( 0.333333333333y + ( ( 0.2x + 0.25y ) * ( ( 0.166666666667x * 0.125y ) * ( ( 0.142857142857x * 0.111111111111y ) + ( 0.125y * 0.166666666667y ) ) ) ) ) )
ind: 29
( 0.125x * 0.125y )
ind: 30
( ( 1.0x * 0.2x ) * 0.111111111111y )
ind: 31
( 0.333333333333y + 0.166666666667x )
ind: 32
( ( ( ( ( ( 0.5y + 1.0y ) * 0.166666666667x ) + ( 0.125y * ( 0.111111111111x + 0.111111111111x ) ) ) * ( ( 0.2y + ( 0.5y + 1.0x ) ) * ( 0.111111111111y * ( 1.0x + 0.5x ) ) ) ) * 0.166666666667y ) + 0.111111111111x )
ind: 33
( 0.142857142857x * ( 0.142857142857y + 0.166666666667y ) )
ind: 34
( ( ( ( 0.333333333333x + 0.1y ) * 1.0x ) + ( ( ( ( 0.125y * 0.333333333333y ) * 0.25y ) * ( ( 0.25y + 0.5x ) * ( 0.2y * 0.142857142857y ) ) ) + 0.125x ) ) + 0.111111111111y )
ind: 35
( 0.166666666667y * 0.1x )
ind: 36
( 1.0x * ( ( 0.333333333333y * 0.2y ) + ( 1.0x * ( ( ( 0.142857142857x * 0.166666666667x ) * 0.1y ) + 1.0x ) ) ) )
ind: 37
( ( 0.111111111111x + ( 0.2x + 0.1x ) ) + ( ( ( 0.25y + ( ( 1.0x * 0.142857142857y ) + 0.166666666667x ) ) * 0.125x ) + ( 1.0y + ( ( 1.0y * ( 0.25x * 0.166666666667y ) ) * 0.2y ) ) ) )
ind: 38
( 0.25y * 0.333333333333x )
ind: 39
( 0.125x * ( ( 0.25x * ( ( 0.142857142857x + ( 1.0y * 0.125x ) ) + ( 0.111111111111x + 0.125x ) ) ) * ( 0.5x + ( 0.25x + 0.1y ) ) ) )
ind: 40
( ( ( ( 0.333333333333y + 0.166666666667x ) * 0.166666666667x ) * ( 0.166666666667x * ( 0.142857142857x + 0.333333333333x ) ) ) * ( ( ( ( ( 0.1x + 0.25y ) + 0.5x ) + 0.25y ) * 0.25y ) + 0.125y ) )
ind: 41
( ( 0.142857142857x + 0.1y ) + 0.25x )
ind: 42
( ( ( ( ( ( 0.125y * 0.25x ) + ( 0.1y + 0.111111111111x ) ) + ( ( 0.125y * 0.1x ) + ( 0.1y + 0.1x ) ) ) * ( 0.5x * ( ( 0.25x + 1.0y ) + 0.2y ) ) ) + 1.0y ) * ( ( ( 1.0x * ( 0.111111111111x * 0.5y ) ) * ( 0.1y + 0.2y ) ) + ( 0.142857142857y * 0.1y ) ) )
ind: 43
( 1.0x * ( ( ( 0.5x * 0.333333333333y ) + ( ( 0.142857142857x * 0.333333333333x ) * ( ( 0.142857142857x * 0.2y ) + ( 0.166666666667x * 0.111111111111x ) ) ) ) + ( 0.111111111111x * 0.111111111111x ) ) )
ind: 44
( 0.2y + 0.2x )
ind: 45
( ( ( ( ( 0.111111111111y + ( 0.2x * 0.166666666667y ) ) * 0.125y ) + ( 0.25x + ( ( 1.0y * 1.0x ) + 0.1x ) ) ) * ( ( 0.111111111111y * 1.0y ) + ( 0.5x + 0.333333333333x ) ) ) * ( 0.111111111111x * 0.166666666667y ) )
ind: 46
( ( 0.142857142857y + ( ( ( ( 1.0y * 0.125y ) + 0.111111111111y ) + ( 0.2x * ( 0.166666666667y + 0.111111111111y ) ) ) * 0.1x ) ) * ( 0.2x * ( 0.2y * ( 0.166666666667y * 0.5y ) ) ) )
ind: 47
( ( ( ( 0.25x * ( ( 0.142857142857x * 0.142857142857x ) + ( 0.25y * 0.111111111111x ) ) ) + ( 0.142857142857x * 0.125x ) ) + 0.333333333333y ) + 1.0y )
ind: 48
( ( 0.142857142857x * 0.125x ) + ( ( ( ( ( 0.25x + 0.125x ) + 0.25y ) * ( 0.111111111111y * 0.111111111111x ) ) * 0.5y ) * ( ( ( ( 0.125y * 0.25x ) * ( 0.166666666667y * 0.25x ) ) + 0.25y ) * ( ( ( 1.0y * 0.333333333333x ) + 0.111111111111y ) * 1.0x ) ) ) )
ind: 49
( 0.2x + 0.111111111111y )
ind: 50
( ( ( 0.333333333333x + 0.333333333333x ) * ( ( ( 1.0x + ( 0.1x * 0.111111111111x ) ) * 0.125x ) * ( ( 0.333333333333y + 0.333333333333y ) * 0.2x ) ) ) + 0.166666666667x )
Best Ind: ( 0.1x + 0.125y )
Fitness = 3.07329400359
Worst Ind: ( 1.0x * ( ( 0.333333333333y * 0.2y ) + ( 1.0x * ( ( ( 0.142857142857x * 0.166666666667x ) * 0.1y ) + 1.0x ) ) ) )
Fitness = 849944.792132
Avg Fitness = 30159.7041358
Duplicated = 0
============================================================================
Evaluate Gen  1
New Population 83
Better than Dads 18
Best Ind: ( 0.142857142857y + 0.125x )
Fitness = 2.38895237793
Worst Ind: ( ( 0.5x * 0.166666666667x ) + ( ( ( ( 0.2y * ( 0.5y * 0.125x ) ) + ( 0.333333333333x * ( 0.166666666667y + 0.111111111111y ) ) ) + 0.111111111111x ) + ( 0.333333333333y + 0.25y ) ) )
Fitness = 900.349897084
Avg Fitness = 108.961974629
Duplicated = 0
============================================================================
Evaluate Gen  2
New Population 79
Better than Dads 15
Best Ind: ( 0.142857142857y + 0.125x )
Fitness = 2.38895237793
Worst Ind: ( ( ( 0.1y * 1.0y ) * 0.25x ) * ( 0.333333333333y * ( 0.125y + 0.2x ) ) )
Fitness = 46.0877524474
Avg Fitness = 17.9615188171
Duplicated = 3
============================================================================
Evaluate Gen  3
New Population 78
Better than Dads 18
Best Ind: ( 0.142857142857y + 0.125x )
Fitness = 2.38895237793
Worst Ind: ( 0.111111111111y * 0.25x )
Fitness = 23.9720607729
Avg Fitness = 12.2210228028
Duplicated = 2
============================================================================
Evaluate Gen  4
New Population 78
Better than Dads 17
Best Ind: ( 0.142857142857y + 0.125x )
Fitness = 2.38895237793
Worst Ind: ( 0.125x * 0.333333333333y )
Fitness = 14.50586642
Avg Fitness = 8.34642330407
Duplicated = 4
============================================================================
Evaluate Gen  5
New Population 82
Better than Dads 23
Best Ind: ( 0.142857142857y + 0.125x )
Fitness = 2.38895237793
Worst Ind: ( 0.142857142857y + ( 0.166666666667x + 0.142857142857y ) )
Fitness = 10.9841881067
Avg Fitness = 6.71676253387
Duplicated = 5
============================================================================
Evaluate Gen  6
New Population 82
Better than Dads 19
Best Ind: ( 0.166666666667y + 0.111111111111x )
Fitness = 2.30030133893
Worst Ind: ( 0.142857142857x * ( 0.2y + 0.333333333333y ) )
Fitness = 8.60946512763
Avg Fitness = 5.32191971325
Duplicated = 12
============================================================================
Evaluate Gen  7
New Population 84
Better than Dads 22
Best Ind: ( 0.166666666667y + 0.111111111111x )
Fitness = 2.30030133893
Worst Ind: ( ( 0.142857142857x + 0.1y ) + 0.166666666667y )
Fitness = 6.56462945577
Avg Fitness = 4.10458236262
Duplicated = 16
============================================================================
Evaluate Gen  8
New Population 77
Better than Dads 20
Best Ind: ( 0.166666666667y + 0.111111111111x )
Fitness = 2.30030133893
Worst Ind: ( ( ( 0.125y * 0.142857142857x ) * ( ( 0.125y + 0.142857142857y ) * 0.125x ) ) + ( 0.2y + 0.125x ) )
Fitness = 5.00262587929
Avg Fitness = 3.70935947772
Duplicated = 20
============================================================================
Evaluate Gen  9
New Population 81
Better than Dads 20
Best Ind: ( 0.166666666667y + 0.111111111111x )
Fitness = 2.30030133893
Worst Ind: ( ( 0.25y * 0.1x ) + 0.125x )
Fitness = 4.60468518985
Avg Fitness = 3.27955992353
Duplicated = 22
============================================================================
Evaluate Gen  10
New Population 79
Better than Dads 20
Best Ind: ( 0.166666666667y + 0.111111111111x )
Fitness = 2.30030133893
Worst Ind: ( 0.2y + 0.142857142857x )
Fitness = 3.74348761382
Avg Fitness = 2.95342172046
Duplicated = 25
============================================================================
Evaluate Gen  11
New Population 71
Better than Dads 15
Best Ind: ( 0.166666666667y + 0.111111111111x )
Fitness = 2.30030133893
Worst Ind: ( 0.166666666667x + 0.111111111111y )
Fitness = 3.2004385336
Avg Fitness = 2.82162064875
Duplicated = 28
============================================================================
Evaluate Gen  12
New Population 80
Better than Dads 19
Best Ind: ( 0.166666666667y + 0.111111111111x )
Fitness = 2.30030133893
Worst Ind: ( 0.1x + 0.125y )
Fitness = 3.07329400359
Avg Fitness = 2.71549965327
Duplicated = 28
============================================================================
Evaluate Gen  13
New Population 76
Better than Dads 18
Best Ind: ( 0.166666666667y + 0.111111111111x )
Fitness = 2.30030133893
Worst Ind: ( 0.166666666667y + 0.142857142857x )
Fitness = 3.002832324
Avg Fitness = 2.65343197468
Duplicated = 29
============================================================================
Evaluate Gen  14
New Population 76
Better than Dads 18
Best Ind: ( 0.166666666667y + 0.111111111111x )
Fitness = 2.30030133893
Worst Ind: ( 0.111111111111x + 0.125y )
Fitness = 2.60147265021
Avg Fitness = 2.53287201894
Duplicated = 36
============================================================================
Evaluate Gen  15
New Population 78
Better than Dads 21
Best Ind: ( 0.166666666667y + 0.111111111111x )
Fitness = 2.30030133893
Worst Ind: ( 0.142857142857x + 0.125y )
Fitness = 2.59206080317
Avg Fitness = 2.51686902031
Duplicated = 33
============================================================================
Evaluate Gen  16
New Population 74
Better than Dads 15
Best Ind: ( 0.166666666667y + 0.111111111111x )
Fitness = 2.30030133893
Worst Ind: ( 0.1x + 0.142857142857y )
Fitness = 2.57944839786
Avg Fitness = 2.494703739
Duplicated = 37
============================================================================
Evaluate Gen  17
New Population 73
Better than Dads 15
Best Ind: ( 0.166666666667y + 0.111111111111x )
Fitness = 2.30030133893
Worst Ind: ( 0.125x + 0.111111111111y )
Fitness = 2.56467148958
Avg Fitness = 2.47979426106
Duplicated = 38
============================================================================
Evaluate Gen  18
New Population 83
Better than Dads 15
Best Ind: ( 0.166666666667y + 0.111111111111x )
Fitness = 2.30030133893
Worst Ind: ( 0.2y + 0.111111111111x )
Fitness = 2.53380016024
Avg Fitness = 2.44106935863
Duplicated = 40
============================================================================
Evaluate Gen  19
New Population 79
Better than Dads 17
Best Ind: ( 0.166666666667y + 0.111111111111x )
Fitness = 2.30030133893
Worst Ind: ( 0.125x + 0.166666666667y )
Fitness = 2.46610385698
Avg Fitness = 2.42540798706
Duplicated = 42
============================================================================
Evaluate Gen  20
New Population 74
Better than Dads 13
Best Ind: ( 0.166666666667y + 0.111111111111x )
Fitness = 2.30030133893
Worst Ind: ( 0.125y + 0.125x )
Fitness = 2.44242245425
Avg Fitness = 2.4172192111
Duplicated = 43
============================================================================
Evaluate Gen  21
New Population 70
Better than Dads 11
Best Ind: ( 0.166666666667y + 0.111111111111x )
Fitness = 2.30030133893
Worst Ind: ( 0.125x + 0.125y )
Fitness = 2.44242245425
Avg Fitness = 2.41401100652
Duplicated = 43
============================================================================
Evaluate Gen  22
New Population 76
Better than Dads 11
Best Ind: ( 0.166666666667y + 0.111111111111x )
Fitness = 2.30030133893
Worst Ind: ( 0.125x + 0.125y )
Fitness = 2.44242245425
Avg Fitness = 2.40545579431
Duplicated = 44
============================================================================
Evaluate Gen  23
New Population 70
Better than Dads 13
Best Ind: ( 0.166666666667y + 0.111111111111x )
Fitness = 2.30030133893
Worst Ind: ( 0.125x + 0.125y )
Fitness = 2.44242245425
Avg Fitness = 2.39796998363
Duplicated = 44
============================================================================
Evaluate Gen  24
New Population 78
Better than Dads 14
Best Ind: ( 0.166666666667y + 0.111111111111x )
Fitness = 2.30030133893
Worst Ind: ( 0.125x + 0.125y )
Fitness = 2.44242245425
Avg Fitness = 2.38620656683
Duplicated = 44
============================================================================
Evaluate Gen  25
New Population 77
Better than Dads 11
Best Ind: ( 0.166666666667y + 0.111111111111x )
Fitness = 2.30030133893
Worst Ind: ( 0.125x + 0.142857142857y )
Fitness = 2.38895237793
Avg Fitness = 2.38513716531
Duplicated = 45
============================================================================
Evaluate Gen  26
New Population 77
Better than Dads 9
Best Ind: ( 0.166666666667y + 0.111111111111x )
Fitness = 2.30030133893
Worst Ind: ( 0.142857142857y + 0.125x )
Fitness = 2.38895237793
Avg Fitness = 2.38513716531
Duplicated = 45
============================================================================
Evaluate Gen  27
New Population 71
Better than Dads 11
Best Ind: ( 0.166666666667y + 0.111111111111x )
Fitness = 2.30030133893
Worst Ind: ( 0.142857142857y + 0.125x )
Fitness = 2.38895237793
Avg Fitness = 2.38513716531
Duplicated = 45
============================================================================
Evaluate Gen  28
New Population 67
Better than Dads 9
Best Ind: ( 0.166666666667y + 0.111111111111x )
Fitness = 2.30030133893
Worst Ind: ( 0.125x + 0.142857142857y )
Fitness = 2.38895237793
Avg Fitness = 2.38513716531
Duplicated = 45
============================================================================
Evaluate Gen  29
New Population 76
Better than Dads 12
Best Ind: ( 0.166666666667y + 0.111111111111x )
Fitness = 2.30030133893
Worst Ind: ( 0.142857142857y + 0.125x )
Fitness = 2.38895237793
Avg Fitness = 2.38513716531
Duplicated = 45
============================================================================
Evaluate Gen  30
New Population 74
Better than Dads 10
Best Ind: ( 0.166666666667y + 0.111111111111x )
Fitness = 2.30030133893
Worst Ind: ( 0.125x + 0.142857142857y )
Fitness = 2.38895237793
Avg Fitness = 2.38513716531
Duplicated = 45
============================================================================
Evaluate Gen  31
New Population 80
Better than Dads 10
Best Ind: ( 0.166666666667y + 0.111111111111x )
Fitness = 2.30030133893
Worst Ind: ( 0.142857142857y + 0.125x )
Fitness = 2.38895237793
Avg Fitness = 2.38513716531
Duplicated = 45
============================================================================
Evaluate Gen  32
New Population 75
Better than Dads 9
Best Ind: ( 0.166666666667y + 0.111111111111x )
Fitness = 2.30030133893
Worst Ind: ( 0.125x + 0.142857142857y )
Fitness = 2.38895237793
Avg Fitness = 2.38513716531
Duplicated = 45
============================================================================
Evaluate Gen  33
New Population 79
Better than Dads 11
Best Ind: ( 0.166666666667y + 0.111111111111x )
Fitness = 2.30030133893
Worst Ind: ( 0.125x + 0.142857142857y )
Fitness = 2.38895237793
Avg Fitness = 2.38513716531
Duplicated = 45
============================================================================
Evaluate Gen  34
New Population 73
Better than Dads 7
Best Ind: ( 0.166666666667y + 0.111111111111x )
Fitness = 2.30030133893
Worst Ind: ( 0.142857142857y + 0.125x )
Fitness = 2.38895237793
Avg Fitness = 2.38513716531
Duplicated = 45
============================================================================
Evaluate Gen  35
New Population 75
Better than Dads 9
Best Ind: ( 0.166666666667y + 0.111111111111x )
Fitness = 2.30030133893
Worst Ind: ( 0.125x + 0.142857142857y )
Fitness = 2.38895237793
Avg Fitness = 2.38513716531
Duplicated = 45
============================================================================
Evaluate Gen  36
New Population 74
Better than Dads 10
Best Ind: ( 0.166666666667y + 0.111111111111x )
Fitness = 2.30030133893
Worst Ind: ( 0.125x + 0.142857142857y )
Fitness = 2.38895237793
Avg Fitness = 2.38513716531
Duplicated = 45
============================================================================
Evaluate Gen  37
New Population 72
Better than Dads 10
Best Ind: ( 0.166666666667y + 0.111111111111x )
Fitness = 2.30030133893
Worst Ind: ( 0.142857142857y + 0.125x )
Fitness = 2.38895237793
Avg Fitness = 2.38513716531
Duplicated = 45
============================================================================
Evaluate Gen  38
New Population 74
Better than Dads 8
Best Ind: ( 0.166666666667y + 0.111111111111x )
Fitness = 2.30030133893
Worst Ind: ( 0.125x + 0.142857142857y )
Fitness = 2.38895237793
Avg Fitness = 2.38513716531
Duplicated = 45
============================================================================
Evaluate Gen  39
New Population 79
Better than Dads 15
Best Ind: ( 0.166666666667y + 0.111111111111x )
Fitness = 2.30030133893
Worst Ind: ( 0.125x + 0.142857142857y )
Fitness = 2.38895237793
Avg Fitness = 2.38513716531
Duplicated = 45
============================================================================
Evaluate Gen  40
New Population 71
Better than Dads 11
Best Ind: ( 0.166666666667y + 0.111111111111x )
Fitness = 2.30030133893
Worst Ind: ( 0.125x + 0.142857142857y )
Fitness = 2.38895237793
Avg Fitness = 2.38513716531
Duplicated = 45
============================================================================
Evaluate Gen  41
New Population 80
Better than Dads 12
Best Ind: ( 0.166666666667y + 0.111111111111x )
Fitness = 2.30030133893
Worst Ind: ( 0.142857142857y + 0.125x )
Fitness = 2.38895237793
Avg Fitness = 2.38513716531
Duplicated = 45
============================================================================
Evaluate Gen  42
New Population 71
Better than Dads 11
Best Ind: ( 0.166666666667y + 0.111111111111x )
Fitness = 2.30030133893
Worst Ind: ( 0.125x + 0.142857142857y )
Fitness = 2.38895237793
Avg Fitness = 2.38513716531
Duplicated = 45
============================================================================
Evaluate Gen  43
New Population 78
Better than Dads 10
Best Ind: ( 0.166666666667y + 0.111111111111x )
Fitness = 2.30030133893
Worst Ind: ( 0.142857142857y + 0.125x )
Fitness = 2.38895237793
Avg Fitness = 2.38513716531
Duplicated = 45
============================================================================
Evaluate Gen  44
New Population 73
Better than Dads 11
Best Ind: ( 0.166666666667y + 0.111111111111x )
Fitness = 2.30030133893
Worst Ind: ( 0.142857142857y + 0.125x )
Fitness = 2.38895237793
Avg Fitness = 2.38513716531
Duplicated = 45
============================================================================
Evaluate Gen  45
New Population 71
Better than Dads 9
Best Ind: ( 0.166666666667y + 0.111111111111x )
Fitness = 2.30030133893
Worst Ind: ( 0.142857142857y + 0.125x )
Fitness = 2.38895237793
Avg Fitness = 2.38513716531
Duplicated = 45
============================================================================
Evaluate Gen  46
New Population 70
Better than Dads 6
Best Ind: ( 0.166666666667y + 0.111111111111x )
Fitness = 2.30030133893
Worst Ind: ( 0.142857142857y + 0.125x )
Fitness = 2.38895237793
Avg Fitness = 2.38513716531
Duplicated = 45
============================================================================
Evaluate Gen  47
New Population 76
Better than Dads 12
Best Ind: ( 0.166666666667y + 0.111111111111x )
Fitness = 2.30030133893
Worst Ind: ( 0.142857142857y + 0.125x )
Fitness = 2.38895237793
Avg Fitness = 2.38513716531
Duplicated = 45
============================================================================
Evaluate Gen  48
New Population 79
Better than Dads 10
Best Ind: ( 0.166666666667y + 0.111111111111x )
Fitness = 2.30030133893
Worst Ind: ( 0.142857142857y + 0.125x )
Fitness = 2.38895237793
Avg Fitness = 2.38457886514
Duplicated = 45
============================================================================
Evaluate Gen  49
New Population 72
Better than Dads 14
Best Ind: ( 0.166666666667y + 0.111111111111x )
Fitness = 2.30030133893
Worst Ind: ( 0.142857142857y + 0.125x )
Fitness = 2.38895237793
Avg Fitness = 2.38457886514
Duplicated = 45
============================================================================
Evaluate Gen  50
New Population 77
Better than Dads 13
Best Ind: ( 0.166666666667y + 0.111111111111x )
Fitness = 2.30030133893
Worst Ind: ( 0.142857142857y + 0.125x )
Fitness = 2.38895237793
Avg Fitness = 2.38457886514
Duplicated = 45
