dataset_file= dataset/SR_ellipse_noise.txt
population= 100
generations= 50
tournament_size= 7
cross_over= 0.9
mutation= 0.05
elitism= True
(50, 2)
============================================================================
Build initial population
ind: 1
( ( ( 0.125x + 0.25y ) + ( ( 0.5x + ( ( 0.1y * 0.142857142857x ) + ( 0.125y + 1.0y ) ) ) * ( 0.2x + ( ( 0.1y * 0.111111111111y ) * 1.0x ) ) ) ) + 1.0y )
ind: 2
( 0.5y * ( ( ( 0.2y * ( ( 0.2y * 0.5y ) + 0.5y ) ) + ( 0.166666666667x * ( ( 0.5x * 0.1x ) + ( 0.125y * 0.1y ) ) ) ) * ( ( ( ( 0.111111111111x * 0.2y ) * ( 1.0y * 0.2y ) ) + ( 1.0y * ( 0.1x * 0.333333333333x ) ) ) * 0.1x ) ) )
ind: 3
( 0.1y * 0.25x )
ind: 4
( ( ( 0.333333333333y + ( ( ( 1.0x + 0.2x ) * 0.25x ) + 0.2y ) ) * ( ( 1.0y + 0.1y ) + 0.25y ) ) * ( 0.142857142857x + ( ( 0.166666666667x + ( 0.142857142857x * ( 0.125y * 0.333333333333x ) ) ) + 0.111111111111x ) ) )
ind: 5
( ( ( 0.25x + 0.125x ) + ( 0.1y + ( ( 0.1x * ( 1.0y * 0.1y ) ) * ( 1.0y + 0.2y ) ) ) ) * 0.5y )
ind: 6
( ( 0.142857142857y * ( 0.111111111111y * ( ( ( 0.142857142857y + 0.2x ) * 0.333333333333x ) + ( 0.5y * ( 0.25y + 0.333333333333x ) ) ) ) ) + ( 1.0y + 1.0y ) )
ind: 7
( 0.125x * ( 1.0y + ( 1.0y * 0.333333333333x ) ) )
ind: 8
( ( ( ( 0.2x * 0.2y ) + ( 0.166666666667y * ( 0.5x * ( 0.5y + 0.2x ) ) ) ) * 0.1y ) + ( ( 0.142857142857x + 0.166666666667y ) * 0.125y ) )
ind: 9
( 0.142857142857y + 0.166666666667x )
ind: 10
( 0.333333333333x * 0.25y )
ind: 11
( 0.25y + ( ( 0.2x + ( ( ( 0.166666666667x + 0.2x ) + ( 0.333333333333x * 0.1x ) ) + ( ( 0.125x + 0.2y ) + ( 0.111111111111x * 0.111111111111x ) ) ) ) * ( 0.142857142857y + 0.166666666667x ) ) )
ind: 12
( ( ( ( ( 0.333333333333x * 0.166666666667x ) * 0.125y ) + ( 0.125x + 0.1x ) ) + ( ( 0.333333333333y * 0.5x ) * ( 0.111111111111x + ( 0.333333333333y + 0.333333333333y ) ) ) ) + 1.0x )
ind: 13
( 0.125y + ( 0.125x + 0.1x ) )
ind: 14
( ( ( 0.125y * 0.25x ) * 0.166666666667y ) + ( 0.125x + ( ( 0.142857142857y * 0.2x ) * ( ( 0.166666666667y + ( 0.166666666667x * 0.333333333333y ) ) + ( 0.333333333333x + ( 0.5x + 0.25x ) ) ) ) ) )
ind: 15
( 0.1x + ( 0.25x + ( ( ( ( 0.25y + 1.0y ) * ( 1.0y * 0.2x ) ) + ( ( 0.25y * 0.1x ) * ( 0.5y + 0.333333333333y ) ) ) + 0.142857142857x ) ) )
ind: 16
( 0.25y + ( ( 0.5x * 0.333333333333y ) + 0.111111111111y ) )
ind: 17
( ( ( 0.166666666667y * ( 0.5y + 0.111111111111y ) ) + 0.333333333333y ) * ( 0.2x + ( ( 0.2y + ( ( 0.2x * 1.0x ) * 0.25x ) ) + ( ( 0.142857142857x + 0.333333333333y ) + 0.125x ) ) ) )
ind: 18
( 0.5x * ( 0.1y + ( 0.25y + 0.5y ) ) )
ind: 19
( ( ( 0.111111111111y * ( ( 0.25y + 0.111111111111x ) + 1.0y ) ) * 0.5y ) + ( 0.111111111111x * 0.142857142857x ) )
ind: 20
( 0.125y * ( ( 0.333333333333x + 0.2y ) + 0.142857142857y ) )
ind: 21
( ( ( 0.5y + 0.1x ) + 0.1y ) * 0.2y )
ind: 22
( 1.0y + ( ( ( 0.333333333333y + 0.125y ) + ( 0.166666666667y * 0.2x ) ) * ( ( 0.125y * ( 0.111111111111x * 0.333333333333y ) ) * ( 1.0y * ( ( 0.5y + 0.25x ) * 0.2x ) ) ) ) )
ind: 23
( 0.5y * ( ( 0.1x + ( 0.333333333333x + ( ( 0.142857142857x + 0.142857142857y ) * 0.142857142857x ) ) ) * 0.25x ) )
ind: 24
( ( ( ( 0.142857142857y + 0.166666666667y ) + ( 0.1x * 0.166666666667x ) ) * ( 0.25y * 0.333333333333y ) ) + 0.1y )
ind: 25
( 1.0x * 0.166666666667y )
ind: 26
( 0.111111111111y + 0.5x )
ind: 27
( ( ( 0.125y * ( 0.142857142857x * ( ( 0.2y * 0.142857142857x ) + 0.111111111111x ) ) ) + ( 0.333333333333x * ( 0.166666666667x * ( 0.2x * 0.142857142857x ) ) ) ) + 0.5x )
ind: 28
( ( ( 0.5x * 0.333333333333y ) * ( ( ( 0.1x + ( 0.2y * 0.2x ) ) + 0.111111111111y ) + 0.1x ) ) * ( ( ( ( 0.2x * ( 0.142857142857x + 1.0x ) ) + 0.1y ) * ( 1.0y + 0.125x ) ) + 0.25y ) )
ind: 29
( 0.1x + ( ( 0.2y * ( ( ( 0.1x + 0.25x ) + ( 1.0y * 1.0x ) ) + 0.142857142857y ) ) + 0.166666666667y ) )
ind: 30
( 1.0x * ( ( ( ( ( 0.2x + 0.125y ) * 0.2x ) * 0.333333333333y ) + 1.0x ) + ( 0.111111111111y * ( ( 0.111111111111x + 0.5x ) + ( ( 0.333333333333y * 0.1x ) + ( 0.166666666667y * 0.1x ) ) ) ) ) )
ind: 31
( 0.25x + 0.142857142857y )
ind: 32
( 0.111111111111x + ( 0.1y + ( 0.5x * 0.166666666667x ) ) )
ind: 33
( ( ( ( 0.1x + ( ( 0.1x + 0.5y ) + 0.111111111111y ) ) * ( ( 0.125y * 0.2y ) * 0.111111111111y ) ) + ( ( ( 0.5y * ( 1.0x + 0.2x ) ) + 0.1y ) + 0.25x ) ) + 0.333333333333y )
ind: 34
( ( ( ( 0.333333333333y * ( 0.333333333333x * ( 0.333333333333y + 0.125x ) ) ) * ( ( 0.333333333333x + 0.2y ) * 1.0x ) ) * ( 0.2x + ( 0.25y + 0.142857142857y ) ) ) + ( ( 0.166666666667y * ( 0.125x + 0.2x ) ) + 0.166666666667y ) )
ind: 35
( ( ( ( 0.1y + ( ( 0.25y + 0.166666666667y ) + 1.0x ) ) + 0.111111111111x ) * ( 0.25x + ( ( ( 0.142857142857y * 0.5y ) * ( 0.125x + 0.333333333333x ) ) * ( 1.0x * 0.125y ) ) ) ) * 0.111111111111y )
ind: 36
( ( ( ( ( 0.166666666667y + ( 1.0y + 0.142857142857y ) ) + ( ( 0.166666666667x * 0.111111111111x ) + ( 0.125y + 0.166666666667y ) ) ) * ( 0.5x + 0.142857142857y ) ) * 0.2x ) * ( 0.2y * ( ( ( ( 0.25x + 0.25x ) * 0.1y ) * ( 0.142857142857x + 0.166666666667x ) ) + ( ( 0.111111111111x + ( 0.333333333333x + 0.25x ) ) + 0.333333333333y ) ) ) )
ind: 37
( ( 1.0y + 0.142857142857x ) + 0.142857142857x )
ind: 38
( 0.125y + ( ( ( ( 0.111111111111x * ( 0.2x + 0.2y ) ) * ( ( 0.166666666667y + 0.125x ) * 0.333333333333y ) ) * ( ( ( 0.1x + 0.125x ) + ( 0.142857142857x + 0.1y ) ) * ( ( 0.333333333333y * 0.25y ) * ( 0.142857142857y + 1.0y ) ) ) ) + ( ( ( 0.2y + 0.166666666667x ) + ( ( 1.0y * 0.111111111111x ) * 0.2x ) ) + 0.125y ) ) )
ind: 39
( 0.142857142857x * 0.333333333333y )
ind: 40
( ( 0.1x * 0.1x ) + ( ( ( 0.166666666667y + ( 0.166666666667x * 1.0y ) ) + 0.5x ) + ( ( 1.0y * 0.5y ) + ( 0.125y + ( 0.25y + ( 0.166666666667x * 1.0y ) ) ) ) ) )
ind: 41
( ( ( ( ( 0.1y + ( 0.5y + 0.5y ) ) * ( ( 0.5x + 0.111111111111x ) + 0.166666666667y ) ) + ( ( 0.2x * 0.25x ) * 0.5x ) ) + ( ( 0.333333333333y + ( ( 1.0y + 0.111111111111x ) * ( 0.25y + 0.142857142857x ) ) ) * 0.333333333333y ) ) * 0.25y )
ind: 42
( ( ( 0.142857142857x + 0.111111111111y ) + 0.125y ) * ( 0.25x * ( 0.25x * ( 0.2y * ( 0.1y + 0.25y ) ) ) ) )
ind: 43
( ( ( 0.25y * 0.333333333333y ) * ( ( 0.125y + ( ( 0.111111111111y * 0.111111111111x ) + 0.111111111111x ) ) * ( ( 0.111111111111y * 0.111111111111y ) + ( 0.125x * 0.125y ) ) ) ) + 0.25x )
ind: 44
( ( ( ( ( ( 0.166666666667y * 0.125x ) * 0.142857142857x ) + ( 0.5y + ( 0.166666666667y * 0.111111111111y ) ) ) * ( 0.5x * ( ( 0.333333333333x + 0.25y ) + 0.333333333333x ) ) ) * 0.125y ) * ( ( ( ( 0.111111111111y * ( 0.25y * 0.2y ) ) + 1.0y ) + 0.166666666667y ) * 0.25x ) )
ind: 45
( ( ( ( 0.142857142857x * ( ( 0.142857142857x * 0.166666666667x ) * ( 0.125x + 0.1x ) ) ) * ( 0.333333333333x + 0.125x ) ) + ( ( ( 0.1y * 0.25y ) * 0.125x ) + 0.25y ) ) * 0.142857142857x )
ind: 46
( ( 0.125x + ( 1.0x + 0.125y ) ) + ( 0.2y + 0.125y ) )
ind: 47
( ( 0.1y + ( 0.333333333333x * 0.166666666667y ) ) * 0.1y )
ind: 48
( 0.1y * ( 0.25y + ( 0.2y * 0.25x ) ) )
ind: 49
( ( ( ( 0.333333333333y + 0.5x ) + 0.111111111111x ) * ( 0.111111111111y * 0.25x ) ) + ( ( ( ( ( 0.1y + 0.1y ) + 0.25y ) * 0.166666666667x ) * 0.166666666667x ) * ( ( 0.333333333333y + ( 0.333333333333x + 0.111111111111y ) ) * ( ( 0.333333333333y * 1.0y ) * 0.142857142857x ) ) ) )
ind: 50
( ( ( 0.142857142857y + ( 0.142857142857y + 0.111111111111x ) ) + ( ( 0.111111111111x * 1.0x ) * 0.166666666667x ) ) + ( ( ( 0.25y + 0.142857142857x ) + 0.5x ) * ( ( ( 0.25y * 0.1y ) * 0.142857142857x ) * 0.111111111111y ) ) )
ind: 51
( ( ( 0.111111111111x * ( 0.125y * ( 0.166666666667y + ( 0.1y + 0.111111111111x ) ) ) ) + ( ( ( 1.0x * ( 0.111111111111x * 0.142857142857x ) ) * 0.5y ) * 0.2x ) ) + ( 0.2y + 0.333333333333x ) )
ind: 52
( 0.1x * ( ( ( ( 0.125x + 0.111111111111y ) * ( ( 0.25x * 0.5x ) + ( 0.5y * 0.1x ) ) ) * ( ( 0.142857142857x + ( 0.125x + 0.125y ) ) + 0.333333333333x ) ) + 0.125x ) )
ind: 53
( 0.111111111111y + ( ( ( 0.125y * ( 1.0x + 0.333333333333x ) ) + 0.2y ) * ( 0.125x + ( 0.166666666667x + 0.1x ) ) ) )
ind: 54
( 0.5y * ( 0.125x + 0.142857142857y ) )
ind: 55
( ( 0.25y + 0.25y ) * ( ( 0.5x * 1.0y ) * 0.166666666667y ) )
ind: 56
( ( ( ( ( ( 1.0x + 0.2y ) + ( 0.1x * 0.5y ) ) * 0.1y ) + ( 1.0y * 0.5y ) ) * 0.125x ) * ( 0.2y * 0.333333333333x ) )
ind: 57
( ( ( ( 0.5x * ( 0.2x * ( 0.166666666667y + 0.1x ) ) ) + 0.25x ) + 0.5x ) * 1.0x )
ind: 58
( 1.0x + ( 0.2y + ( ( 0.2y * 0.166666666667x ) * 0.5x ) ) )
ind: 59
( ( ( 0.2x * 0.125y ) * ( ( 0.25x * ( ( 0.25x + 0.125x ) * ( 0.111111111111y + 0.111111111111x ) ) ) * 0.111111111111x ) ) * 1.0x )
ind: 60
( 0.333333333333x * 0.142857142857y )
ind: 61
( 0.25y + ( ( 0.142857142857x + 0.2x ) + 0.333333333333y ) )
ind: 62
( ( ( 0.111111111111x * ( ( ( 0.142857142857y + 0.111111111111x ) * ( 0.1y + 0.142857142857y ) ) + 0.2x ) ) * 0.25y ) + ( 0.125x * 0.125y ) )
ind: 63
( ( 0.5x + 0.142857142857x ) + 0.166666666667y )
ind: 64
( 1.0x + ( ( ( 0.5y + ( 0.5x * ( 0.5x * 0.333333333333y ) ) ) * ( ( ( 0.5y * 0.2y ) * 0.111111111111y ) + 0.111111111111x ) ) + ( 0.25x * ( 0.5y + ( 0.166666666667x + 0.166666666667x ) ) ) ) )
ind: 65
( 0.25y * ( 0.1y * 0.166666666667x ) )
ind: 66
( 1.0x * ( ( 0.125y + 0.111111111111y ) * 0.5y ) )
ind: 67
( 0.25x + ( ( 0.333333333333x * ( 1.0y * ( 0.166666666667y + ( 0.25x * 1.0x ) ) ) ) + 0.25x ) )
ind: 68
( 0.2y + 0.125x )
ind: 69
( 0.111111111111x * 0.1y )
ind: 70
( 0.166666666667x + ( ( ( 0.166666666667y + 0.166666666667y ) * 0.2x ) * 1.0x ) )
ind: 71
( ( ( 0.125y + ( ( 0.25x * 0.2y ) * 0.333333333333x ) ) + ( ( 0.5x * 0.111111111111y ) + 0.5y ) ) * 0.111111111111x )
ind: 72
( 0.1x * 0.333333333333y )
ind: 73
( ( 0.333333333333y + 1.0x ) + ( 0.333333333333y * 1.0x ) )
ind: 74
( 0.2y + ( ( ( ( ( 0.2x * 0.5x ) + ( 0.2x + 1.0y ) ) * 0.5x ) + 0.25x ) + 0.1x ) )
ind: 75
( ( 0.2x * 0.166666666667y ) * ( ( ( 1.0x + 0.5x ) * 0.142857142857y ) + ( ( 0.5y + ( ( 0.142857142857y * 0.111111111111x ) + ( 0.2x + 0.125x ) ) ) + ( 0.125x * 0.333333333333x ) ) ) )
ind: 76
( 0.142857142857x * 0.166666666667y )
ind: 77
( 0.1x * ( ( ( ( ( 0.1y + 0.25x ) + 0.2y ) * ( 0.166666666667y + 0.333333333333y ) ) + ( 0.25y * 0.333333333333x ) ) * ( 0.1y * 0.333333333333x ) ) )
ind: 78
( ( ( ( ( 0.1x * ( 0.333333333333x + 0.166666666667y ) ) + 0.333333333333x ) + ( 0.125x + ( ( 0.25x + 0.25x ) + ( 0.333333333333x + 0.142857142857x ) ) ) ) + ( 0.5y + 0.25y ) ) + 0.5x )
ind: 79
( ( ( 0.1y + ( ( ( 0.125y + 0.125x ) * ( 0.2x * 0.166666666667y ) ) * 0.25x ) ) + 0.5x ) * ( 0.166666666667x + 0.111111111111x ) )
ind: 80
( 0.1y + ( ( 0.111111111111x * 0.111111111111y ) * ( ( 0.5x + ( 0.1y * ( 0.142857142857x * 0.2y ) ) ) + 1.0y ) ) )
ind: 81
( 1.0x * ( ( ( ( ( 0.5x * 0.333333333333y ) + ( 0.1x + 0.2y ) ) * 1.0x ) + ( 0.25y * ( ( 0.25x + 0.2x ) + 0.166666666667x ) ) ) * 0.25x ) )
ind: 82
( ( ( 0.2y + ( 0.333333333333x * ( ( 0.142857142857y + 0.166666666667y ) + 0.333333333333x ) ) ) + ( 1.0y + 0.25y ) ) * ( ( ( 0.1y + ( 0.2y + ( 0.2y + 0.142857142857x ) ) ) + ( ( 0.25y + ( 0.166666666667x + 0.333333333333x ) ) * ( 0.166666666667y + 0.1x ) ) ) * 0.25y ) )
ind: 83
( 0.1y + 0.5x )
ind: 84
( 0.5x * 0.125y )
ind: 85
( ( 0.25x * 0.5y ) + ( 0.166666666667y + 0.2y ) )
ind: 86
( 0.142857142857y + 0.142857142857x )
ind: 87
( ( 0.5y * 0.125y ) * ( ( ( ( 1.0x + 0.25x ) * 0.25y ) * 0.333333333333x ) * ( 0.111111111111x + 0.25y ) ) )
ind: 88
( ( ( 0.1x + 0.166666666667x ) + 0.111111111111y ) + 1.0y )
ind: 89
( 0.142857142857x * ( 1.0x + 0.2y ) )
ind: 90
( 0.5y + ( 0.111111111111x + 0.125y ) )
ind: 91
( 1.0y + ( ( ( 0.166666666667x * ( ( 1.0y * 0.166666666667x ) * ( 0.5y * 0.1y ) ) ) + 0.333333333333y ) * 0.5y ) )
ind: 92
( 1.0x * 0.166666666667y )
ind: 93
( ( ( ( ( ( 0.125y + 0.111111111111y ) * ( 0.25x * 0.1x ) ) + ( 0.1x * 1.0x ) ) * 0.2x ) + ( ( ( 0.2x * 0.1y ) * ( ( 0.2x * 0.125y ) + 0.333333333333y ) ) * 0.25y ) ) + 0.2x )
ind: 94
( 0.166666666667y + ( 0.1x * 0.333333333333x ) )
ind: 95
( 0.111111111111y + ( ( 0.333333333333y + 0.125y ) + 0.166666666667x ) )
ind: 96
( ( ( 0.2x + 0.1x ) + ( ( ( 0.1y * 0.111111111111x ) + ( ( 0.1y + 0.2y ) * ( 0.111111111111x * 0.25y ) ) ) * 0.25x ) ) + 0.25x )
ind: 97
( 0.166666666667x + ( ( 0.125x + 1.0x ) + 0.111111111111y ) )
ind: 98
( ( 0.25y * 0.333333333333x ) * ( ( ( ( ( 0.166666666667y * 0.333333333333x ) + ( 0.25x * 0.2y ) ) * 0.142857142857x ) * 1.0y ) + 0.5y ) )
ind: 99
( 0.5y + 0.333333333333x )
ind: 100
( 0.5x * ( 0.111111111111y * ( ( ( 0.333333333333x + ( 0.142857142857x + 0.142857142857y ) ) + 0.166666666667x ) + 0.25y ) ) )
Best Ind: ( 0.142857142857y + 0.142857142857x )
Fitness = 2.69324165852
Worst Ind: ( 1.0x * ( ( ( ( ( 0.5x * 0.333333333333y ) + ( 0.1x + 0.2y ) ) * 1.0x ) + ( 0.25y * ( ( 0.25x + 0.2x ) + 0.166666666667x ) ) ) * 0.25x ) )
Fitness = 702494.131366
Avg Fitness = 19226.5608548
Duplicated = 1
============================================================================
Evaluate Gen  1
New Population 159
Better than Dads 27
Best Ind: ( 0.142857142857y + 0.142857142857x )
Fitness = 2.69324165852
Worst Ind: ( ( 0.25y * 0.333333333333x ) * ( ( ( ( ( 0.166666666667y * 0.333333333333x ) + ( 0.25x * 0.2y ) ) * 0.142857142857x ) * 1.0y ) + 0.5y ) )
Fitness = 687.829733392
Avg Fitness = 179.686332017
Duplicated = 1
============================================================================
Evaluate Gen  2
New Population 160
Better than Dads 34
Best Ind: ( 0.142857142857y + 0.142857142857x )
Fitness = 2.69324165852
Worst Ind: ( ( ( 0.2x + 0.1x ) + ( ( ( 0.1y * 0.111111111111x ) + ( ( 0.1y + 0.2y ) * ( 0.111111111111x * 0.25y ) ) ) * ( 0.166666666667y + 0.166666666667y ) ) ) + 0.25x )
Fitness = 170.924740691
Avg Fitness = 46.6492574218
Duplicated = 2
============================================================================
Evaluate Gen  3
New Population 160
Better than Dads 31
Best Ind: ( 0.142857142857y + 0.142857142857x )
Fitness = 2.69324165852
Worst Ind: ( ( 0.125y * 0.25x ) * 0.166666666667y )
Fitness = 35.2459997742
Avg Fitness = 17.2248178908
Duplicated = 3
============================================================================
Evaluate Gen  4
New Population 168
Better than Dads 45
Best Ind: ( 0.142857142857y + 0.142857142857x )
Fitness = 2.69324165852
Worst Ind: ( 0.142857142857x * ( ( 0.5y * ( 0.125x + 0.142857142857y ) ) + 0.2y ) )
Fitness = 20.7469850131
Avg Fitness = 12.9260004483
Duplicated = 4
============================================================================
Evaluate Gen  5
New Population 163
Better than Dads 42
Best Ind: ( 0.142857142857y + 0.142857142857x )
Fitness = 2.69324165852
Worst Ind: ( 0.25y * ( 0.333333333333x + 0.166666666667y ) )
Fitness = 15.3528826363
Avg Fitness = 10.4853460304
Duplicated = 7
============================================================================
Evaluate Gen  6
New Population 170
Better than Dads 45
Best Ind: ( 0.1y + ( 0.111111111111x + 0.111111111111y ) )
Fitness = 2.68162614509
Worst Ind: ( ( ( ( 0.142857142857x + 0.125x ) + 0.125y ) * ( 0.25x + 0.142857142857y ) ) * 0.111111111111y )
Fitness = 12.9476284119
Avg Fitness = 8.81118055784
Duplicated = 14
============================================================================
Evaluate Gen  7
New Population 160
Better than Dads 44
Best Ind: ( 0.125x + 0.142857142857y )
Fitness = 2.38895237793
Worst Ind: ( ( ( 0.333333333333y + 0.1x ) + 0.125y ) * 0.2y )
Fitness = 10.8038491233
Avg Fitness = 7.84719090171
Duplicated = 18
============================================================================
Evaluate Gen  8
New Population 161
Better than Dads 41
Best Ind: ( 0.125x + 0.142857142857y )
Fitness = 2.38895237793
Worst Ind: ( ( 0.1x + 0.1x ) + ( 0.111111111111y * ( 0.1y + ( 0.142857142857x * 0.25x ) ) ) )
Fitness = 9.50384757269
Avg Fitness = 6.83762298481
Duplicated = 18
============================================================================
Evaluate Gen  9
New Population 155
Better than Dads 49
Best Ind: ( 0.125x + 0.142857142857y )
Fitness = 2.38895237793
Worst Ind: ( ( 0.111111111111y * ( ( 0.125y + ( ( 0.111111111111y * 0.111111111111x ) + 0.1y ) ) * ( ( 0.111111111111y * 0.166666666667x ) + ( 0.125x * 0.125y ) ) ) ) + 0.25x )
Fitness = 9.02320875493
Avg Fitness = 6.39601578985
Duplicated = 17
============================================================================
Evaluate Gen  10
New Population 174
Better than Dads 50
Best Ind: ( 0.125x + 0.142857142857y )
Fitness = 2.38895237793
Worst Ind: ( 0.1y + ( ( ( 0.1x * 0.333333333333y ) * 0.333333333333y ) + 0.111111111111y ) )
Fitness = 8.04759709975
Avg Fitness = 5.37213832351
Duplicated = 15
============================================================================
Evaluate Gen  11
New Population 163
Better than Dads 41
Best Ind: ( 0.166666666667y + 0.111111111111x )
Fitness = 2.30030133893
Worst Ind: ( ( ( 0.125y * 0.333333333333x ) + 0.166666666667y ) + ( 0.111111111111y * 0.111111111111y ) )
Fitness = 6.75138918513
Avg Fitness = 4.61653642546
Duplicated = 14
============================================================================
Evaluate Gen  12
New Population 168
Better than Dads 49
Best Ind: ( 0.166666666667y + 0.111111111111x )
Fitness = 2.30030133893
Worst Ind: ( 0.2y + ( ( 0.142857142857x * 0.25y ) * 0.125x ) )
Fitness = 5.69264254234
Avg Fitness = 4.05314330393
Duplicated = 18
============================================================================
Evaluate Gen  13
New Population 173
Better than Dads 45
Best Ind: ( 0.166666666667y + 0.111111111111x )
Fitness = 2.30030133893
Worst Ind: ( 0.1y + ( 0.1x + ( ( ( 0.125y + 0.1y ) * 0.111111111111y ) + ( 0.125x * 0.125y ) ) ) )
Fitness = 4.71383911805
Avg Fitness = 3.49528383478
Duplicated = 25
============================================================================
Evaluate Gen  14
New Population 167
Better than Dads 48
Best Ind: ( 0.166666666667y + 0.111111111111x )
Fitness = 2.30030133893
Worst Ind: ( ( 0.111111111111x + ( 0.1x * 0.166666666667y ) ) + ( 0.166666666667y * 0.125y ) )
Fitness = 4.08923577473
Avg Fitness = 3.19829089235
Duplicated = 34
============================================================================
Evaluate Gen  15
New Population 163
Better than Dads 49
Best Ind: ( 0.166666666667y + 0.111111111111x )
Fitness = 2.30030133893
Worst Ind: ( ( 0.1y * ( 0.166666666667y * 0.142857142857y ) ) + 0.166666666667x )
Fitness = 3.66868361432
Avg Fitness = 3.02627202137
Duplicated = 40
============================================================================
Evaluate Gen  16
New Population 158
Better than Dads 41
Best Ind: ( 0.166666666667y + 0.111111111111x )
Fitness = 2.30030133893
Worst Ind: ( ( 0.1y * ( 0.166666666667y * 0.333333333333y ) ) + 0.166666666667x )
Fitness = 3.41988849582
Avg Fitness = 2.88318736859
Duplicated = 43
============================================================================
Evaluate Gen  17
New Population 164
Better than Dads 41
Best Ind: ( 0.166666666667y + 0.111111111111x )
Fitness = 2.30030133893
Worst Ind: ( 0.1x + 0.125y )
Fitness = 3.07329400359
Avg Fitness = 2.72498527366
Duplicated = 57
============================================================================
Evaluate Gen  18
New Population 153
Better than Dads 37
Best Ind: ( 0.166666666667y + 0.111111111111x )
Fitness = 2.30030133893
Worst Ind: ( ( 0.111111111111x + 0.125y ) + 0.1y )
Fitness = 2.91587606781
Avg Fitness = 2.64608952931
Duplicated = 58
============================================================================
Evaluate Gen  19
New Population 154
Better than Dads 43
Best Ind: ( 0.166666666667y + 0.111111111111x )
Fitness = 2.30030133893
Worst Ind: ( 0.111111111111y + ( 0.1x + ( 0.1y * 0.1y ) ) )
Fitness = 2.83229673117
Avg Fitness = 2.60066131223
Duplicated = 65
============================================================================
Evaluate Gen  20
New Population 163
Better than Dads 39
Best Ind: ( 0.166666666667y + 0.111111111111x )
Fitness = 2.30030133893
Worst Ind: ( 0.142857142857y + 0.142857142857x )
Fitness = 2.69324165852
Avg Fitness = 2.54119213062
Duplicated = 69
============================================================================
Evaluate Gen  21
New Population 156
Better than Dads 41
Best Ind: ( 0.166666666667y + 0.111111111111x )
Fitness = 2.30030133893
Worst Ind: ( 0.125y + ( 0.1y + 0.1x ) )
Fitness = 2.6459004473
Avg Fitness = 2.51083060212
Duplicated = 75
============================================================================
Evaluate Gen  22
New Population 153
Better than Dads 37
Best Ind: ( 0.166666666667y + 0.111111111111x )
Fitness = 2.30030133893
Worst Ind: ( 0.125y + 0.111111111111x )
Fitness = 2.60147265021
Avg Fitness = 2.48276395836
Duplicated = 78
============================================================================
Evaluate Gen  23
New Population 158
Better than Dads 36
Best Ind: ( 0.166666666667y + 0.111111111111x )
Fitness = 2.30030133893
Worst Ind: ( 0.142857142857y + 0.1x )
Fitness = 2.57944839786
Avg Fitness = 2.44360689807
Duplicated = 83
============================================================================
Evaluate Gen  24
New Population 147
Better than Dads 32
Best Ind: ( 0.166666666667y + 0.111111111111x )
Fitness = 2.30030133893
Worst Ind: ( 0.111111111111y + 0.125x )
Fitness = 2.56467148958
Avg Fitness = 2.41393737626
Duplicated = 86
============================================================================
Evaluate Gen  25
New Population 148
Better than Dads 29
Best Ind: ( 0.166666666667y + 0.111111111111x )
Fitness = 2.30030133893
Worst Ind: ( 0.125y + 0.125x )
Fitness = 2.44242245425
Avg Fitness = 2.39731938591
Duplicated = 90
============================================================================
Evaluate Gen  26
New Population 143
Better than Dads 30
Best Ind: ( 0.166666666667y + 0.111111111111x )
Fitness = 2.30030133893
Worst Ind: ( 0.125y + 0.125x )
Fitness = 2.44242245425
Avg Fitness = 2.39129477076
Duplicated = 90
============================================================================
Evaluate Gen  27
New Population 150
Better than Dads 29
Best Ind: ( 0.166666666667y + 0.111111111111x )
Fitness = 2.30030133893
Worst Ind: ( 0.142857142857y + 0.125x )
Fitness = 2.38895237793
Avg Fitness = 2.37964444953
Duplicated = 92
============================================================================
Evaluate Gen  28
New Population 155
Better than Dads 27
Best Ind: ( 0.166666666667y + 0.111111111111x )
Fitness = 2.30030133893
Worst Ind: ( 0.125x + 0.142857142857y )
Fitness = 2.38895237793
Avg Fitness = 2.37886512581
Duplicated = 92
============================================================================
Evaluate Gen  29
New Population 152
Better than Dads 29
Best Ind: ( 0.166666666667y + 0.111111111111x )
Fitness = 2.30030133893
Worst Ind: ( 0.142857142857y + 0.125x )
Fitness = 2.38895237793
Avg Fitness = 2.3772009495
Duplicated = 92
============================================================================
Evaluate Gen  30
New Population 150
Better than Dads 32
Best Ind: ( 0.166666666667y + 0.111111111111x )
Fitness = 2.30030133893
Worst Ind: ( 0.125x + 0.142857142857y )
Fitness = 2.38895237793
Avg Fitness = 2.37648641573
Duplicated = 92
============================================================================
Evaluate Gen  31
New Population 151
Better than Dads 32
Best Ind: ( 0.166666666667y + 0.111111111111x )
Fitness = 2.30030133893
Worst Ind: ( 0.142857142857y + 0.125x )
Fitness = 2.38895237793
Avg Fitness = 2.37562897521
Duplicated = 92
============================================================================
Evaluate Gen  32
New Population 139
Better than Dads 30
Best Ind: ( 0.166666666667y + 0.111111111111x )
Fitness = 2.30030133893
Worst Ind: ( 0.125x + 0.142857142857y )
Fitness = 2.38895237793
Avg Fitness = 2.37403625227
Duplicated = 92
============================================================================
Evaluate Gen  33
New Population 155
Better than Dads 35
Best Ind: ( 0.166666666667y + 0.111111111111x )
Fitness = 2.30030133893
Worst Ind: ( 0.111111111111x + 0.142857142857y )
Fitness = 2.38180704024
Avg Fitness = 2.37158443101
Duplicated = 94
============================================================================
Evaluate Gen  34
New Population 158
Better than Dads 27
Best Ind: ( 0.166666666667y + 0.111111111111x )
Fitness = 2.30030133893
Worst Ind: ( 0.111111111111x + 0.142857142857y )
Fitness = 2.38180704024
Avg Fitness = 2.36942838909
Duplicated = 94
============================================================================
Evaluate Gen  35
New Population 152
Better than Dads 31
Best Ind: ( 0.166666666667y + 0.111111111111x )
Fitness = 2.30030133893
Worst Ind: ( 0.111111111111x + 0.142857142857y )
Fitness = 2.38180704024
Avg Fitness = 2.36624959344
Duplicated = 94
============================================================================
Evaluate Gen  36
New Population 150
Better than Dads 30
Best Ind: ( 0.166666666667y + 0.111111111111x )
Fitness = 2.30030133893
Worst Ind: ( 0.111111111111x + 0.142857142857y )
Fitness = 2.38180704024
Avg Fitness = 2.36313392994
Duplicated = 94
============================================================================
Evaluate Gen  37
New Population 153
Better than Dads 34
Best Ind: ( 0.166666666667y + 0.111111111111x )
Fitness = 2.30030133893
Worst Ind: ( 0.111111111111x + 0.142857142857y )
Fitness = 2.38180704024
Avg Fitness = 2.35934777399
Duplicated = 94
============================================================================
Evaluate Gen  38
New Population 159
Better than Dads 32
Best Ind: ( 0.166666666667y + 0.111111111111x )
Fitness = 2.30030133893
Worst Ind: ( 0.111111111111x + 0.142857142857y )
Fitness = 2.38180704024
Avg Fitness = 2.34809984062
Duplicated = 94
============================================================================
Evaluate Gen  39
New Population 151
Better than Dads 36
Best Ind: ( 0.166666666667y + 0.111111111111x )
Fitness = 2.30030133893
Worst Ind: ( 0.111111111111x + 0.142857142857y )
Fitness = 2.38180704024
Avg Fitness = 2.33860828557
Duplicated = 94
============================================================================
Evaluate Gen  40
New Population 145
Better than Dads 34
Best Ind: ( 0.166666666667y + 0.111111111111x )
Fitness = 2.30030133893
Worst Ind: ( 0.142857142857y + 0.111111111111x )
Fitness = 2.38180704024
Avg Fitness = 2.32934272749
Duplicated = 93
============================================================================
Evaluate Gen  41
New Population 153
Better than Dads 34
Best Ind: ( 0.166666666667y + 0.111111111111x )
Fitness = 2.30030133893
Worst Ind: ( 0.142857142857y + 0.111111111111x )
Fitness = 2.38180704024
Avg Fitness = 2.31600188434
Duplicated = 93
============================================================================
Evaluate Gen  42
New Population 153
Better than Dads 36
Best Ind: ( 0.166666666667y + 0.111111111111x )
Fitness = 2.30030133893
Worst Ind: ( 0.166666666667y + 0.1x )
Fitness = 2.3147577946
Avg Fitness = 2.3050719693
Duplicated = 96
============================================================================
Evaluate Gen  43
New Population 152
Better than Dads 26
Best Ind: ( 0.166666666667y + 0.111111111111x )
Fitness = 2.30030133893
Worst Ind: ( 0.166666666667y + 0.1x )
Fitness = 2.3147577946
Avg Fitness = 2.30203611361
Duplicated = 96
============================================================================
Evaluate Gen  44
New Population 157
Better than Dads 22
Best Ind: ( 0.166666666667y + 0.111111111111x )
Fitness = 2.30030133893
Worst Ind: ( 0.166666666667y + 0.111111111111x )
Fitness = 2.30030133893
Avg Fitness = 2.30030133893
Duplicated = 98
============================================================================
Evaluate Gen  45
New Population 145
Better than Dads 19
Best Ind: ( 0.166666666667y + 0.111111111111x )
Fitness = 2.30030133893
Worst Ind: ( 0.166666666667y + 0.111111111111x )
Fitness = 2.30030133893
Avg Fitness = 2.30030133893
Duplicated = 98
============================================================================
Evaluate Gen  46
New Population 142
Better than Dads 20
Best Ind: ( 0.166666666667y + 0.111111111111x )
Fitness = 2.30030133893
Worst Ind: ( 0.111111111111x + 0.166666666667y )
Fitness = 2.30030133893
Avg Fitness = 2.30030133893
Duplicated = 98
============================================================================
Evaluate Gen  47
New Population 150
Better than Dads 20
Best Ind: ( 0.166666666667y + 0.111111111111x )
Fitness = 2.30030133893
Worst Ind: ( 0.166666666667y + 0.111111111111x )
Fitness = 2.30030133893
Avg Fitness = 2.30030133893
Duplicated = 98
============================================================================
Evaluate Gen  48
New Population 155
Better than Dads 21
Best Ind: ( 0.166666666667y + 0.111111111111x )
Fitness = 2.30030133893
Worst Ind: ( 0.111111111111x + 0.166666666667y )
Fitness = 2.30030133893
Avg Fitness = 2.30030133893
Duplicated = 98
============================================================================
Evaluate Gen  49
New Population 144
Better than Dads 28
Best Ind: ( 0.166666666667y + 0.111111111111x )
Fitness = 2.30030133893
Worst Ind: ( 0.111111111111x + 0.166666666667y )
Fitness = 2.30030133893
Avg Fitness = 2.30030133893
Duplicated = 98
============================================================================
Evaluate Gen  50
New Population 151
Better than Dads 25
Best Ind: ( 0.166666666667y + 0.111111111111x )
Fitness = 2.30030133893
Worst Ind: ( 0.111111111111x + 0.166666666667y )
Fitness = 2.30030133893
Avg Fitness = 2.30030133893
Duplicated = 98
