dataset_file= dataset/SR_ellipse_noise.txt
population= 100
generations= 50
tournament_size= 7
cross_over= 0.6
mutation= 0.3
elitism= True
(50, 2)
============================================================================
Build initial population
ind: 1
( 0.1y + ( 0.142857142857y * ( 0.125x * 0.2x ) ) )
ind: 2
( ( ( ( ( 0.111111111111x + 0.142857142857x ) * ( ( 1.0x + 0.166666666667y ) + ( 0.25x + 0.25y ) ) ) + ( 0.25y * 0.111111111111x ) ) + ( ( ( ( 0.142857142857y * 0.166666666667y ) + 0.1y ) * ( 1.0x + ( 0.125y * 0.5x ) ) ) + 0.111111111111y ) ) + ( 0.5x * 0.5x ) )
ind: 3
( ( 0.142857142857y + ( 0.142857142857x + 0.111111111111x ) ) * ( 0.2x + ( 0.2y * 0.2x ) ) )
ind: 4
( ( 0.166666666667x + ( ( 0.5y * ( ( 0.333333333333x * 0.25y ) * 0.1y ) ) * 0.5x ) ) * ( 0.25x + 0.111111111111x ) )
ind: 5
( ( 0.111111111111x * ( ( ( 0.2x + ( 0.2y * 0.25y ) ) + 0.5x ) + ( 0.25y * ( 0.25x * 0.5x ) ) ) ) * ( 0.111111111111y * 0.5y ) )
ind: 6
( ( ( 1.0y + 0.166666666667x ) + 0.2x ) * ( 0.5x * 0.2y ) )
ind: 7
( 0.142857142857x + 0.5y )
ind: 8
( 0.25x + 0.142857142857y )
ind: 9
( 1.0x + 0.166666666667y )
ind: 10
( ( ( 1.0x * ( ( 0.5y * 0.111111111111x ) + ( 0.2x * ( 0.1y + 0.5x ) ) ) ) * ( ( ( 0.125y * 0.166666666667y ) * 0.166666666667y ) * ( 0.111111111111y + 0.125x ) ) ) + 1.0y )
ind: 11
( ( 0.25y * ( 0.111111111111y * 1.0y ) ) * ( 0.166666666667y + ( ( 0.1y * 0.2x ) + 0.142857142857y ) ) )
ind: 12
( ( ( 0.142857142857x * 0.333333333333y ) + ( 0.111111111111y + ( ( 0.333333333333x + ( 0.166666666667y + 0.5y ) ) + ( 0.333333333333y * ( 0.125y * 0.333333333333y ) ) ) ) ) * ( 0.142857142857x + 0.111111111111y ) )
ind: 13
( ( ( 0.166666666667x * 0.1y ) * 0.1y ) + 0.2x )
ind: 14
( ( 0.125y + ( ( ( 0.1y * 0.5x ) + 0.2y ) * ( 0.111111111111y * ( ( 1.0y * 1.0y ) + 0.2y ) ) ) ) * ( 0.125x + 0.125x ) )
ind: 15
( ( 0.2x * ( ( ( 0.2x + ( 0.5x * 0.5y ) ) * 0.142857142857y ) + 0.166666666667x ) ) * ( 0.125y + 0.111111111111y ) )
ind: 16
( ( 0.333333333333y + ( 0.2y * 1.0x ) ) + 0.166666666667x )
ind: 17
( 0.166666666667x * 0.1y )
ind: 18
( ( 1.0y + ( 0.5y * 0.1y ) ) * 0.2x )
ind: 19
( ( ( 1.0x + 0.2y ) + 0.333333333333y ) * 0.142857142857y )
ind: 20
( ( 0.142857142857y * ( 0.25x + ( 1.0x + ( ( 0.142857142857x + 0.2y ) + 0.142857142857x ) ) ) ) + 0.25x )
ind: 21
( ( 1.0y + 0.125x ) * ( ( ( 0.333333333333x * ( ( 0.166666666667y * 0.25x ) * 0.25y ) ) * ( 0.125y + 0.1x ) ) + ( 0.166666666667x * ( 0.142857142857x + ( 0.1x * 0.333333333333x ) ) ) ) )
ind: 22
( ( 0.111111111111x * ( 0.1y * ( ( ( 0.2y * 0.25x ) + 0.333333333333x ) * ( 0.125x * 0.25y ) ) ) ) + 0.25x )
ind: 23
( 0.111111111111x * ( ( ( 0.333333333333x + ( 1.0y * 0.5y ) ) + ( 0.166666666667y * ( ( 0.333333333333y * 1.0x ) + 0.5x ) ) ) + ( 0.111111111111x * 0.25y ) ) )
ind: 24
( ( ( ( 0.111111111111y * 0.1x ) * ( 0.2y + 0.166666666667x ) ) + ( 0.142857142857x + ( ( 0.166666666667x * ( 0.2x * 0.2x ) ) + ( 0.25y * ( 0.125y + 0.2x ) ) ) ) ) + ( ( 0.5y * ( 0.166666666667y * ( 0.333333333333y + 1.0x ) ) ) * ( ( ( ( 1.0y * 0.25x ) * 0.142857142857x ) * ( ( 0.1y + 0.25y ) * ( 0.166666666667y + 0.333333333333y ) ) ) * 0.125y ) ) )
ind: 25
( 1.0y + ( ( 0.5y * ( ( 0.125x + 0.142857142857x ) * ( 1.0x * ( 0.5y * 0.2x ) ) ) ) * ( 0.333333333333y * 1.0y ) ) )
ind: 26
( ( ( 0.166666666667x * 0.166666666667x ) * 0.2x ) * 0.166666666667y )
ind: 27
( ( ( ( ( 0.5x + ( 0.166666666667x * 0.125y ) ) + ( 0.142857142857y + 0.25y ) ) + 0.5x ) * 0.25x ) * ( ( ( ( ( 1.0x * 0.142857142857x ) + 0.125y ) + 0.125y ) + ( 0.5x * ( ( 0.333333333333y + 0.125x ) + 0.5y ) ) ) + 0.1x ) )
ind: 28
( ( ( 0.111111111111x * ( 0.142857142857y * ( ( 0.333333333333y + 0.5y ) + 0.111111111111x ) ) ) + ( 0.2x * ( 0.111111111111x + ( 0.2y + 1.0y ) ) ) ) * 0.142857142857x )
ind: 29
( 0.2y * ( ( 1.0x * 0.5x ) + ( ( ( 0.125y + 0.111111111111y ) * 1.0x ) * ( 0.142857142857x + 0.166666666667x ) ) ) )
ind: 30
( 0.5y + ( 0.166666666667x + ( 0.166666666667y * 0.1x ) ) )
ind: 31
( ( ( 0.1x + 0.5x ) * 0.166666666667x ) + ( ( ( ( ( 0.142857142857y + 0.2x ) + 0.333333333333x ) + ( ( 1.0x * 0.333333333333x ) + ( 0.1x * 1.0x ) ) ) * 0.1x ) + 0.5y ) )
ind: 32
( 0.333333333333y + ( 1.0x + ( ( 0.166666666667y + ( 0.166666666667x * ( 0.333333333333x + 0.2x ) ) ) * 0.2y ) ) )
ind: 33
( ( ( 1.0x * ( 0.2x * ( ( 0.111111111111y + 0.142857142857x ) * 0.125x ) ) ) + ( ( 0.25x * ( ( 0.333333333333x + 0.333333333333y ) + ( 0.25x * 0.166666666667y ) ) ) * ( 0.125x * ( ( 0.111111111111y + 1.0y ) * 0.333333333333y ) ) ) ) * ( 0.5y + ( 0.1x * ( 0.1y + ( 0.125y * 0.25x ) ) ) ) )
ind: 34
( ( 0.1x * ( ( 0.25y + ( ( 0.2x * 0.25y ) + ( 0.2y + 0.125y ) ) ) + 0.25y ) ) + 0.111111111111x )
ind: 35
( ( ( ( ( ( 0.25x * 0.111111111111x ) * ( 0.333333333333y + 0.142857142857x ) ) + 0.142857142857y ) + 0.111111111111x ) + ( 0.1x + 0.142857142857x ) ) * ( ( ( 0.1y * ( 0.142857142857y + ( 1.0y + 0.166666666667x ) ) ) + ( ( 1.0y + 0.111111111111x ) * ( 0.111111111111y + 1.0x ) ) ) * ( 0.5y * 0.166666666667x ) ) )
ind: 36
( 0.142857142857x * 0.166666666667y )
ind: 37
( 0.2x * 0.1y )
ind: 38
( ( 0.125x + ( 0.2x + 0.1x ) ) + ( 0.166666666667x + ( ( ( 0.25y + ( 0.2y + 0.5x ) ) * ( 0.111111111111y * 0.333333333333x ) ) * ( 0.1x * 0.1y ) ) ) )
ind: 39
( ( 0.125x + 0.142857142857y ) + 1.0x )
ind: 40
( ( 0.333333333333x + ( ( ( 1.0y + 0.125y ) + 0.1y ) * ( 0.333333333333y * ( 1.0y + 1.0x ) ) ) ) * 1.0x )
ind: 41
( 0.5y * ( ( 0.1y + 0.111111111111y ) * ( 0.333333333333y + 0.333333333333x ) ) )
ind: 42
( ( 0.2x * ( ( ( ( 0.25x + 0.25x ) * ( 0.1x * 0.142857142857x ) ) + 0.125x ) * ( 0.25x + ( ( 1.0y * 0.5y ) * 1.0y ) ) ) ) * 1.0y )
ind: 43
( 1.0y * ( ( 1.0y * 0.1x ) + ( ( ( 0.333333333333y + ( 0.5y + 0.25y ) ) * ( 0.5x * ( 0.5y + 0.166666666667x ) ) ) * ( ( ( 0.125y + 0.125y ) + 0.1x ) * 1.0x ) ) ) )
ind: 44
( 0.25x + 0.5y )
ind: 45
( ( 0.333333333333y * 0.166666666667y ) + 0.1x )
ind: 46
( ( ( ( ( ( 0.2y * 0.333333333333x ) + ( 0.333333333333y * 0.125y ) ) + ( 0.166666666667x * ( 0.142857142857x + 0.125x ) ) ) + ( 0.111111111111y * ( 0.166666666667y + ( 0.333333333333y + 1.0y ) ) ) ) * 0.5y ) * 0.5x )
ind: 47
( 0.125y + ( ( 0.142857142857y * 1.0x ) * ( 0.5y * 0.111111111111y ) ) )
ind: 48
( ( ( ( ( ( 0.1y + 0.5x ) + ( 0.125x * 0.166666666667y ) ) + ( 1.0x * ( 0.2y * 0.125y ) ) ) + ( ( ( 1.0y * 1.0x ) + ( 0.142857142857x + 0.2x ) ) + 0.333333333333y ) ) * ( 0.25x * ( 0.111111111111x * ( ( 0.2y * 0.25x ) * 0.142857142857y ) ) ) ) + ( 0.1y + ( ( ( 0.333333333333x + 0.2x ) + 0.5y ) + ( 0.166666666667x + 0.25x ) ) ) )
ind: 49
( 0.1y + ( 0.166666666667y + 0.142857142857x ) )
ind: 50
( ( ( 0.142857142857x * 0.166666666667y ) * 0.111111111111x ) + ( ( ( 1.0y + ( 0.2y + ( 0.142857142857y * 0.111111111111y ) ) ) + ( ( ( 0.2x * 1.0x ) * 0.166666666667y ) + 0.333333333333x ) ) * ( ( 0.2y * ( ( 0.166666666667y + 0.2y ) * 0.1y ) ) + 0.25y ) ) )
ind: 51
( ( ( ( 0.25x + 0.166666666667y ) * 1.0y ) * ( ( 0.142857142857x * ( ( 0.2y + 0.25x ) + ( 0.111111111111y * 0.25x ) ) ) + ( 0.333333333333x + 0.5y ) ) ) + 0.142857142857x )
ind: 52
( ( ( ( ( 0.333333333333x * 0.125y ) * 0.142857142857x ) + ( ( ( 0.142857142857y + 0.2x ) + 0.166666666667x ) * 0.2x ) ) + ( ( 0.25y + 0.333333333333y ) * 0.5y ) ) * 0.125x )
ind: 53
( 0.111111111111x * 1.0y )
ind: 54
( 1.0x + 0.125y )
ind: 55
( 0.1x + 0.125y )
ind: 56
( 0.2x * ( ( ( ( 0.125y + 0.1y ) * ( ( 0.333333333333y + 0.166666666667y ) * 0.333333333333x ) ) * ( ( 0.333333333333y + 0.1y ) + 0.25y ) ) * ( ( 0.111111111111x * 0.142857142857x ) + 0.2x ) ) )
ind: 57
( ( ( 0.1y + 0.125x ) + ( 0.125x * 1.0y ) ) + ( ( ( ( 0.125y + ( 0.25x * 0.333333333333y ) ) * 0.5y ) + ( ( 0.25y * ( 0.2x * 0.125y ) ) + ( 0.2y + ( 0.1y + 0.1y ) ) ) ) + ( 0.125x + 0.5x ) ) )
ind: 58
( 0.111111111111x * 0.333333333333y )
ind: 59
( 0.166666666667y + ( ( ( ( ( 0.5y + 0.1x ) * 0.125x ) * 0.125x ) * ( ( 0.333333333333x + ( 0.333333333333x * 0.5x ) ) + ( 0.5y * 0.166666666667y ) ) ) * 0.166666666667y ) )
ind: 60
( ( ( 0.142857142857y + 0.166666666667x ) * 0.1y ) * 0.125x )
ind: 61
( 1.0y + ( 0.1x * ( ( ( ( 0.2y * 0.333333333333x ) * ( 0.142857142857y * 1.0y ) ) * 0.142857142857x ) + ( 0.1x + ( ( 0.125x + 0.333333333333y ) + 0.2y ) ) ) ) )
ind: 62
( 0.111111111111y + 0.5x )
ind: 63
( 0.25y + ( 0.5x * ( ( ( 0.25x + 0.1y ) + ( 0.2x * 0.111111111111y ) ) * ( ( 1.0x * ( 0.25x * 0.125x ) ) + ( 0.333333333333x * ( 1.0y + 0.1y ) ) ) ) ) )
ind: 64
( 0.125x + ( ( ( ( ( 0.25y * 1.0x ) + 0.25y ) + 0.2x ) + ( ( ( 0.25y + 0.166666666667x ) * ( 0.2x + 0.166666666667y ) ) + 0.25y ) ) + ( 1.0y * 0.111111111111y ) ) )
ind: 65
( 0.142857142857x + ( 0.2y + ( ( 0.333333333333y + ( ( 0.333333333333y + 0.125y ) + ( 0.1x + 0.166666666667x ) ) ) * 0.125y ) ) )
ind: 66
( ( 0.2x + 0.25x ) * 0.1y )
ind: 67
( 1.0y * ( 0.5x * ( 0.125x + 0.5x ) ) )
ind: 68
( ( 0.5y * ( ( 0.25x * 0.125y ) + ( ( 0.333333333333y * ( 0.142857142857y * 0.333333333333x ) ) + ( ( 0.166666666667y * 0.166666666667x ) + ( 0.2x * 0.125x ) ) ) ) ) * 0.25x )
ind: 69
( ( 0.333333333333y * ( 0.166666666667x * ( 0.5x * ( 0.1x + 0.111111111111y ) ) ) ) * ( ( ( ( ( 0.166666666667x * 0.333333333333x ) * 0.2y ) + ( ( 0.2x + 0.125x ) + ( 1.0y * 0.166666666667y ) ) ) + 1.0x ) * ( ( 0.1x * 0.5y ) * ( ( ( 0.1x * 1.0y ) + 0.2y ) + 0.333333333333x ) ) ) )
ind: 70
( 0.111111111111y * ( 0.125x * 1.0x ) )
ind: 71
( 0.1x * 0.5y )
ind: 72
( ( ( ( 0.111111111111y + 0.5x ) * ( 0.142857142857x * ( ( 0.166666666667x + 0.125y ) * ( 0.333333333333x + 0.166666666667x ) ) ) ) + 0.142857142857x ) * 1.0x )
ind: 73
( 0.5x * ( 0.1y + ( ( ( 0.1y * ( 0.25y * 1.0y ) ) + 0.166666666667x ) * 0.25y ) ) )
ind: 74
( ( ( 0.25x + ( ( 0.142857142857y * ( 0.1x + 0.142857142857y ) ) + 0.2x ) ) * 0.1y ) + 0.5y )
ind: 75
( 0.2y * ( ( ( 0.5x * 0.125y ) + ( ( 0.5y + 0.125y ) + ( 0.166666666667y * 1.0y ) ) ) + ( ( 1.0y * ( 0.333333333333x * 0.111111111111y ) ) * 0.166666666667x ) ) )
ind: 76
( ( ( ( ( 0.333333333333x * ( 0.5x + 0.1x ) ) + 0.25x ) * 0.111111111111x ) + ( ( ( ( 0.166666666667y * 0.166666666667x ) + 0.142857142857x ) * ( ( 0.2x * 0.166666666667x ) + ( 0.25y + 0.5x ) ) ) + ( 0.25x + 1.0y ) ) ) * ( ( 0.142857142857x * 0.166666666667x ) + 0.111111111111y ) )
ind: 77
( 0.2y * ( 0.2x * ( ( 0.1x + 0.5x ) * 0.1x ) ) )
ind: 78
( ( ( ( 0.125y + 0.142857142857y ) + 0.111111111111x ) + 0.2x ) * 0.2y )
ind: 79
( ( 0.5y * ( ( 0.25x + 0.333333333333y ) + 0.25y ) ) * 0.333333333333x )
ind: 80
( ( 0.2y + 0.333333333333x ) + 0.5y )
ind: 81
( ( ( ( 0.2x * 0.5x ) + ( 0.142857142857x + ( 0.125y * 0.125y ) ) ) * ( 0.111111111111x + ( ( ( 0.166666666667y + 0.5y ) * ( 0.2y * 0.5x ) ) * ( 0.142857142857y + 0.2y ) ) ) ) * 0.5x )
ind: 82
( 0.25y + ( 0.2y * 1.0x ) )
ind: 83
( 1.0x * ( 0.125x * ( 0.5x * 0.5y ) ) )
ind: 84
( 0.25x * 0.5y )
ind: 85
( ( ( ( 0.2x * ( 0.333333333333y * 0.166666666667y ) ) * ( 0.5y * ( ( 0.5x + 0.2y ) + ( 0.1y * 0.25x ) ) ) ) * 0.125x ) * 0.333333333333x )
ind: 86
( 1.0x + 0.2y )
ind: 87
( ( 0.333333333333x * ( 0.25x + ( ( 0.111111111111y + ( 0.25y * 0.142857142857x ) ) + 0.2y ) ) ) + ( 0.5y + ( 0.111111111111x + ( 0.111111111111x * 0.111111111111x ) ) ) )
ind: 88
( ( 0.166666666667x + 0.111111111111y ) + ( ( 0.166666666667x + 0.125y ) * ( 0.166666666667y + 0.125y ) ) )
ind: 89
( 0.142857142857y * ( 0.2x * 0.111111111111x ) )
ind: 90
( ( ( 1.0y + ( ( ( 0.5y * 0.166666666667x ) + ( 0.125x + 1.0x ) ) + ( 0.2y * ( 0.333333333333x * 0.333333333333y ) ) ) ) * ( ( 0.5x + ( ( 0.142857142857y * 0.166666666667x ) + ( 1.0x + 0.166666666667x ) ) ) + 0.1y ) ) + ( 0.142857142857x * ( 1.0x + ( ( 0.166666666667y * 0.333333333333y ) + 0.333333333333y ) ) ) )
ind: 91
( 0.142857142857y + 0.1x )
ind: 92
( ( 0.5x + 0.5y ) * ( ( 0.142857142857y + ( ( ( 0.142857142857x + 0.5y ) * 1.0x ) * 0.25y ) ) * 0.5x ) )
ind: 93
( 0.2x * ( 0.25y + 1.0y ) )
ind: 94
( ( 0.25x * ( ( 1.0y * ( 0.2y + ( 0.5x * 0.2x ) ) ) + ( 0.166666666667y * ( 1.0y + ( 0.142857142857y * 0.125x ) ) ) ) ) + ( ( 0.142857142857y + 0.2x ) * 0.2x ) )
ind: 95
( ( 0.1x * 0.333333333333y ) * 1.0y )
ind: 96
( ( 0.1x * ( 0.333333333333x * 0.2x ) ) + 1.0y )
ind: 97
( 0.166666666667x * 0.111111111111y )
ind: 98
( 0.1x + ( ( 0.1x + ( 0.142857142857x + ( 1.0y * 0.142857142857y ) ) ) * ( 0.111111111111x * ( ( ( 0.25y * 0.2y ) * ( 0.1y + 0.1y ) ) * ( 0.166666666667x * 0.2x ) ) ) ) )
ind: 99
( 0.25y + 0.166666666667x )
ind: 100
( 0.333333333333x + ( 0.111111111111y + 0.142857142857y ) )
Best Ind: ( 0.142857142857y + 0.1x )
Fitness = 2.57944839786
Worst Ind: ( 1.0y * ( ( 1.0y * 0.1x ) + ( ( ( 0.333333333333y + ( 0.5y + 0.25y ) ) * ( 0.5x * ( 0.5y + 0.166666666667x ) ) ) * ( ( ( 0.125y + 0.125y ) + 0.1x ) * 1.0x ) ) ) )
Fitness = 3583221.99303
Avg Fitness = 60277.1897772
Duplicated = 0
============================================================================
Evaluate Gen  1
New Population 137
Better than Dads 18
Best Ind: ( 0.142857142857y + 0.1x )
Fitness = 2.57944839786
Worst Ind: ( ( ( ( ( ( 0.25x * 0.111111111111x ) * ( 0.333333333333y + 0.142857142857x ) ) + 0.142857142857y ) + 0.111111111111x ) + ( 0.1x + 0.142857142857x ) ) * ( ( 0.2x * 1.0x ) * 0.166666666667y ) )
Fitness = 2071.28802011
Avg Fitness = 302.518740043
Duplicated = 0
============================================================================
Evaluate Gen  2
New Population 143
Better than Dads 21
Best Ind: ( 0.142857142857y + 0.1x )
Fitness = 2.57944839786
Worst Ind: ( ( 0.142857142857x + 0.111111111111x ) + 1.0y )
Fitness = 339.269942248
Avg Fitness = 94.9669945676
Duplicated = 2
============================================================================
Evaluate Gen  3
New Population 138
Better than Dads 18
Best Ind: ( 0.142857142857y + 0.1x )
Fitness = 2.57944839786
Worst Ind: ( ( 0.1x * ( 0.142857142857x * 0.2x ) ) + 1.0y )
Fitness = 165.476682863
Avg Fitness = 53.9079431369
Duplicated = 4
============================================================================
Evaluate Gen  4
New Population 140
Better than Dads 17
Best Ind: ( 0.142857142857y + 0.1x )
Fitness = 2.57944839786
Worst Ind: ( 0.5y * ( ( 0.1y + 0.111111111111y ) * ( 0.333333333333y + 0.333333333333x ) ) )
Fitness = 77.9358553348
Avg Fitness = 28.7786808093
Duplicated = 5
============================================================================
Evaluate Gen  5
New Population 142
Better than Dads 17
Best Ind: ( 0.142857142857y + 0.1x )
Fitness = 2.57944839786
Worst Ind: ( ( 0.1y + ( 0.142857142857y * ( 0.125x * 0.2x ) ) ) * ( 0.166666666667x + ( ( 0.5y * ( ( 0.333333333333x * 0.25y ) * 0.1y ) ) * 0.5x ) ) )
Fitness = 36.7776650962
Avg Fitness = 19.4543198946
Duplicated = 4
============================================================================
Evaluate Gen  6
New Population 151
Better than Dads 31
Best Ind: ( 0.142857142857y + 0.1x )
Fitness = 2.57944839786
Worst Ind: ( 0.2x * ( ( 0.25y * ( ( 0.333333333333y + 0.1y ) + 0.25y ) ) * 0.166666666667x ) )
Fitness = 26.0227810035
Avg Fitness = 15.6888094691
Duplicated = 8
============================================================================
Evaluate Gen  7
New Population 140
Better than Dads 26
Best Ind: ( 0.142857142857y + 0.1x )
Fitness = 2.57944839786
Worst Ind: ( 0.2x * ( 0.25y + ( 0.25y * ( 0.111111111111y * 1.0y ) ) ) )
Fitness = 21.1886783242
Avg Fitness = 14.0910354225
Duplicated = 9
============================================================================
Evaluate Gen  8
New Population 140
Better than Dads 20
Best Ind: ( 0.142857142857y + 0.1x )
Fitness = 2.57944839786
Worst Ind: ( ( 0.2x * ( 0.25y + ( 0.25y * ( 0.111111111111y * 1.0y ) ) ) ) * 0.166666666667y )
Fitness = 18.0452725592
Avg Fitness = 12.1048980751
Duplicated = 9
============================================================================
Evaluate Gen  9
New Population 145
Better than Dads 32
Best Ind: ( 0.142857142857y + 0.1x )
Fitness = 2.57944839786
Worst Ind: ( ( 0.5y * 0.125x ) * ( 0.125y + 0.1y ) )
Fitness = 16.2379130766
Avg Fitness = 11.0182136604
Duplicated = 8
============================================================================
Evaluate Gen  10
New Population 139
Better than Dads 27
Best Ind: ( 0.142857142857y + 0.1x )
Fitness = 2.57944839786
Worst Ind: ( 0.25x + 0.166666666667y )
Fitness = 15.1416516352
Avg Fitness = 10.3169372298
Duplicated = 10
============================================================================
Evaluate Gen  11
New Population 142
Better than Dads 28
Best Ind: ( 0.142857142857y + 0.1x )
Fitness = 2.57944839786
Worst Ind: ( ( 0.2x * 0.25y ) + ( 0.2y + 0.125y ) )
Fitness = 13.4511223035
Avg Fitness = 9.50855056242
Duplicated = 12
============================================================================
Evaluate Gen  12
New Population 146
Better than Dads 34
Best Ind: ( 0.142857142857y + 0.1x )
Fitness = 2.57944839786
Worst Ind: ( ( ( ( 0.125y + 0.142857142857y ) + 0.111111111111x ) + 0.2x ) * 0.2y )
Fitness = 11.9746023853
Avg Fitness = 8.8622943736
Duplicated = 10
============================================================================
Evaluate Gen  13
New Population 143
Better than Dads 32
Best Ind: ( 0.142857142857y + 0.1x )
Fitness = 2.57944839786
Worst Ind: ( 0.1x * ( ( 0.1x + ( 0.25x * 0.25y ) ) + 0.111111111111y ) )
Fitness = 11.1234702404
Avg Fitness = 8.41996756842
Duplicated = 16
============================================================================
Evaluate Gen  14
New Population 144
Better than Dads 32
Best Ind: ( 0.142857142857y + 0.1x )
Fitness = 2.57944839786
Worst Ind: ( 0.166666666667y + ( 0.166666666667x + 0.111111111111y ) )
Fitness = 10.3107900015
Avg Fitness = 8.08394511108
Duplicated = 21
============================================================================
Evaluate Gen  15
New Population 136
Better than Dads 29
Best Ind: ( 0.142857142857y + 0.1x )
Fitness = 2.57944839786
Worst Ind: ( 0.2x * 0.25y )
Fitness = 10.0836179389
Avg Fitness = 7.93444139594
Duplicated = 20
============================================================================
Evaluate Gen  16
New Population 142
Better than Dads 35
Best Ind: ( 0.142857142857y + 0.1x )
Fitness = 2.57944839786
Worst Ind: ( ( ( ( 0.125x * 0.2x ) * 0.1y ) + 0.333333333333y ) * 0.166666666667x )
Fitness = 9.69254164414
Avg Fitness = 7.79913411614
Duplicated = 25
============================================================================
Evaluate Gen  17
New Population 141
Better than Dads 33
Best Ind: ( 0.142857142857y + 0.1x )
Fitness = 2.57944839786
Worst Ind: ( ( 0.25x + ( ( 0.142857142857y * ( 0.1x + 0.142857142857y ) ) + 0.2x ) ) * 0.1y )
Fitness = 9.38616224432
Avg Fitness = 7.56898340201
Duplicated = 33
============================================================================
Evaluate Gen  18
New Population 137
Better than Dads 31
Best Ind: ( 0.142857142857y + 0.1x )
Fitness = 2.57944839786
Worst Ind: ( 0.111111111111x * ( 0.166666666667y + 0.2x ) )
Fitness = 8.96650262847
Avg Fitness = 7.4376959056
Duplicated = 37
============================================================================
Evaluate Gen  19
New Population 141
Better than Dads 33
Best Ind: ( 0.142857142857y + 0.1x )
Fitness = 2.57944839786
Worst Ind: ( 0.111111111111y * 0.5x )
Fitness = 8.59979135813
Avg Fitness = 7.31762126226
Duplicated = 38
============================================================================
Evaluate Gen  20
New Population 137
Better than Dads 30
Best Ind: ( 0.142857142857y + 0.1x )
Fitness = 2.57944839786
Worst Ind: ( ( 0.125y + 0.2x ) * 0.2y )
Fitness = 8.48200049353
Avg Fitness = 7.25101385953
Duplicated = 39
============================================================================
Evaluate Gen  21
New Population 143
Better than Dads 34
Best Ind: ( 0.142857142857y + 0.1x )
Fitness = 2.57944839786
Worst Ind: ( 0.142857142857x * ( 0.2y + 0.125x ) )
Fitness = 8.35972825202
Avg Fitness = 7.11996202536
Duplicated = 39
============================================================================
Evaluate Gen  22
New Population 140
Better than Dads 31
Best Ind: ( 0.142857142857y + 0.1x )
Fitness = 2.57944839786
Worst Ind: ( 0.142857142857x * 0.5y )
Fitness = 8.24486037597
Avg Fitness = 6.94299725751
Duplicated = 40
============================================================================
Evaluate Gen  23
New Population 140
Better than Dads 37
Best Ind: ( 0.142857142857y + 0.1x )
Fitness = 2.57944839786
Worst Ind: ( 0.25x * ( 0.125y + 0.111111111111y ) )
Fitness = 8.2305215529
Avg Fitness = 6.858557442
Duplicated = 35
============================================================================
Evaluate Gen  24
New Population 141
Better than Dads 32
Best Ind: ( 0.142857142857y + 0.1x )
Fitness = 2.57944839786
Worst Ind: ( 0.25x * 0.25y )
Fitness = 8.11900723738
Avg Fitness = 6.72610484215
Duplicated = 35
============================================================================
Evaluate Gen  25
New Population 139
Better than Dads 31
Best Ind: ( 0.142857142857y + 0.1x )
Fitness = 2.57944839786
Worst Ind: ( 0.5y * 0.125x )
Fitness = 8.11900723738
Avg Fitness = 6.49958248848
Duplicated = 28
============================================================================
Evaluate Gen  26
New Population 143
Better than Dads 26
Best Ind: ( 0.125x + 0.125y )
Fitness = 2.44242245425
Worst Ind: ( ( 0.125x * ( 0.1y * 0.166666666667y ) ) + 0.25x )
Fitness = 7.88290319936
Avg Fitness = 6.12811792086
Duplicated = 21
============================================================================
Evaluate Gen  27
New Population 142
Better than Dads 29
Best Ind: ( 0.125x + 0.125y )
Fitness = 2.44242245425
Worst Ind: ( ( 0.166666666667y * ( 0.125y * 0.166666666667y ) ) + 0.25x )
Fitness = 7.44808080629
Avg Fitness = 5.79887101623
Duplicated = 15
============================================================================
Evaluate Gen  28
New Population 140
Better than Dads 31
Best Ind: ( 0.125x + 0.125y )
Fitness = 2.44242245425
Worst Ind: ( ( 0.111111111111x * ( ( 0.25y * 0.1y ) * 0.125y ) ) + 0.25x )
Fitness = 7.24815886167
Avg Fitness = 5.4829011896
Duplicated = 11
============================================================================
Evaluate Gen  29
New Population 142
Better than Dads 30
Best Ind: ( 0.125x + 0.125y )
Fitness = 2.44242245425
Worst Ind: ( 0.2x + ( 0.142857142857y * ( 0.166666666667x * 0.111111111111x ) ) )
Fitness = 6.9010184891
Avg Fitness = 5.156971989
Duplicated = 11
============================================================================
Evaluate Gen  30
New Population 144
Better than Dads 26
Best Ind: ( 0.125x + 0.125y )
Fitness = 2.44242245425
Worst Ind: ( ( ( 0.142857142857x * 0.5y ) * 0.1y ) + 0.25y )
Fitness = 6.39581899662
Avg Fitness = 4.76477436884
Duplicated = 7
============================================================================
Evaluate Gen  31
New Population 143
Better than Dads 31
Best Ind: ( 0.125x + 0.125y )
Fitness = 2.44242245425
Worst Ind: ( ( 0.166666666667y + ( 0.125x * 0.166666666667y ) ) + ( 0.25y * 0.1y ) )
Fitness = 5.93147100654
Avg Fitness = 4.54555212662
Duplicated = 13
============================================================================
Evaluate Gen  32
New Population 138
Better than Dads 28
Best Ind: ( 0.125x + 0.125y )
Fitness = 2.44242245425
Worst Ind: ( ( ( 0.111111111111y * 0.111111111111y ) * ( 0.1y * 0.166666666667y ) ) + ( 0.2x + ( ( ( 0.125y + ( 0.2x * 0.111111111111y ) ) * ( ( 0.1y * 0.1x ) + 0.125y ) ) * 0.166666666667y ) ) )
Fitness = 5.5260075032
Avg Fitness = 4.36544874775
Duplicated = 13
============================================================================
Evaluate Gen  33
New Population 139
Better than Dads 33
Best Ind: ( 0.125x + 0.125y )
Fitness = 2.44242245425
Worst Ind: ( ( ( ( 0.166666666667y + 0.125x ) + ( 0.25y * ( 0.166666666667x * 0.1y ) ) ) * ( 0.1y * 0.166666666667y ) ) + 0.2x )
Fitness = 5.34236218643
Avg Fitness = 4.25848832881
Duplicated = 11
============================================================================
Evaluate Gen  34
New Population 145
Better than Dads 33
Best Ind: ( 0.125x + 0.125y )
Fitness = 2.44242245425
Worst Ind: ( ( 0.142857142857y * ( 0.1y * 0.111111111111x ) ) + 0.142857142857x )
Fitness = 4.96971610765
Avg Fitness = 4.10196760951
Duplicated = 13
============================================================================
Evaluate Gen  35
New Population 139
Better than Dads 28
Best Ind: ( 0.125x + 0.125y )
Fitness = 2.44242245425
Worst Ind: ( ( 0.111111111111x * 0.2y ) + 0.25y )
Fitness = 4.71682236267
Avg Fitness = 4.01770991548
Duplicated = 11
============================================================================
Evaluate Gen  36
New Population 143
Better than Dads 29
Best Ind: ( 0.1x + 0.166666666667y )
Fitness = 2.3147577946
Worst Ind: ( ( 0.166666666667y + 0.125x ) + ( 0.25y * ( 0.166666666667x * 0.1y ) ) )
Fitness = 4.53435200073
Avg Fitness = 3.88465188773
Duplicated = 13
============================================================================
Evaluate Gen  37
New Population 144
Better than Dads 31
Best Ind: ( 0.1x + 0.166666666667y )
Fitness = 2.3147577946
Worst Ind: ( 0.2x + ( ( ( 0.1x * ( ( 0.111111111111y * 0.5y ) * ( 0.1y * 0.166666666667y ) ) ) * ( 0.1x + ( 0.111111111111x * 0.25y ) ) ) * 0.166666666667y ) )
Fitness = 4.38290507709
Avg Fitness = 3.8418537392
Duplicated = 15
============================================================================
Evaluate Gen  38
New Population 144
Better than Dads 31
Best Ind: ( 0.1x + 0.166666666667y )
Fitness = 2.3147577946
Worst Ind: ( 0.2x + ( ( 0.1y * ( ( 0.125y * 0.1x ) + 0.125y ) ) * 0.166666666667y ) )
Fitness = 4.3300461372
Avg Fitness = 3.74560248658
Duplicated = 13
============================================================================
Evaluate Gen  39
New Population 138
Better than Dads 23
Best Ind: ( 0.1x + 0.166666666667y )
Fitness = 2.3147577946
Worst Ind: ( 0.2x + ( ( 0.1y * ( 0.125y + 0.125y ) ) * 0.166666666667y ) )
Fitness = 4.26336918681
Avg Fitness = 3.6434896514
Duplicated = 12
============================================================================
Evaluate Gen  40
New Population 140
Better than Dads 30
Best Ind: ( 0.1x + 0.166666666667y )
Fitness = 2.3147577946
Worst Ind: ( ( 0.1y * 0.1y ) + 0.2x )
Fitness = 4.1481120745
Avg Fitness = 3.56814911565
Duplicated = 14
============================================================================
Evaluate Gen  41
New Population 144
Better than Dads 35
Best Ind: ( 0.1x + 0.166666666667y )
Fitness = 2.3147577946
Worst Ind: ( 0.166666666667x + ( ( ( 0.333333333333y * 0.166666666667y ) * ( 0.166666666667y + 0.125y ) ) * 0.166666666667y ) )
Fitness = 4.0989738141
Avg Fitness = 3.49067512537
Duplicated = 14
============================================================================
Evaluate Gen  42
New Population 146
Better than Dads 36
Best Ind: ( 0.1x + 0.166666666667y )
Fitness = 2.3147577946
Worst Ind: ( ( 0.142857142857x + ( ( ( 0.1x + 0.111111111111y ) * 0.166666666667y ) * 0.166666666667y ) ) + ( 0.1y * 0.1y ) )
Fitness = 3.95528742318
Avg Fitness = 3.40166928229
Duplicated = 12
============================================================================
Evaluate Gen  43
New Population 144
Better than Dads 33
Best Ind: ( 0.166666666667y + 0.111111111111x )
Fitness = 2.30030133893
Worst Ind: ( 0.125x + ( 0.25y * 0.1y ) )
Fitness = 3.81744001602
Avg Fitness = 3.32073948877
Duplicated = 13
============================================================================
Evaluate Gen  44
New Population 136
Better than Dads 31
Best Ind: ( 0.166666666667y + 0.111111111111x )
Fitness = 2.30030133893
Worst Ind: ( ( 0.1x + 0.1y ) + ( ( 0.111111111111y * ( 0.111111111111x + 0.1y ) ) * ( 0.1y * 0.166666666667y ) ) )
Fitness = 3.76512552456
Avg Fitness = 3.28116434786
Duplicated = 12
============================================================================
Evaluate Gen  45
New Population 140
Better than Dads 32
Best Ind: ( 0.166666666667y + 0.111111111111x )
Fitness = 2.30030133893
Worst Ind: ( 0.166666666667x + ( ( 0.1y * ( ( 0.1y * 0.1x ) + 0.125y ) ) * 0.166666666667y ) )
Fitness = 3.693548683
Avg Fitness = 3.24155392007
Duplicated = 12
============================================================================
Evaluate Gen  46
New Population 140
Better than Dads 29
Best Ind: ( 0.166666666667y + 0.111111111111x )
Fitness = 2.30030133893
Worst Ind: ( ( ( 0.25y * 0.1y ) * ( ( 0.1y * 0.1x ) + 0.125y ) ) + 0.166666666667x )
Fitness = 3.59932539319
Avg Fitness = 3.18358338671
Duplicated = 13
============================================================================
Evaluate Gen  47
New Population 136
Better than Dads 31
Best Ind: ( 0.166666666667y + 0.111111111111x )
Fitness = 2.30030133893
Worst Ind: ( ( ( 0.166666666667y * ( 0.166666666667y + 0.1y ) ) * 0.166666666667y ) + ( 0.1x + 0.125y ) )
Fitness = 3.55248989942
Avg Fitness = 3.15966772978
Duplicated = 16
============================================================================
Evaluate Gen  48
New Population 139
Better than Dads 30
Best Ind: ( 0.166666666667y + 0.111111111111x )
Fitness = 2.30030133893
Worst Ind: ( 0.166666666667x + ( 0.1y * 0.111111111111y ) )
Fitness = 3.50074402988
Avg Fitness = 3.11167672327
Duplicated = 22
============================================================================
Evaluate Gen  49
New Population 145
Better than Dads 36
Best Ind: ( 0.166666666667y + 0.111111111111x )
Fitness = 2.30030133893
Worst Ind: ( 0.166666666667x + ( 0.166666666667y * 0.166666666667y ) )
Fitness = 3.42463353318
Avg Fitness = 3.07180151162
Duplicated = 28
============================================================================
Evaluate Gen  50
New Population 141
Better than Dads 29
Best Ind: ( 0.166666666667y + 0.111111111111x )
Fitness = 2.30030133893
Worst Ind: ( ( ( 0.166666666667y * ( 0.166666666667y + 0.125y ) ) * ( 0.111111111111x * 0.166666666667y ) ) + ( 0.1x + 0.125y ) )
Fitness = 3.37907573643
Avg Fitness = 3.02617620207
Duplicated = 30
