dataset_file= dataset/SR_ellipse_noise.txt
population= 300
generations= 50
tournament_size= 7
cross_over= 0.9
mutation= 0.05
elitism= True
(50, 2)
============================================================================
Build initial population
ind: 1
( 0.125x * 0.333333333333y )
ind: 2
( ( ( 1.0y * ( 1.0x * 0.2x ) ) + 0.333333333333x ) + ( 0.5x * ( ( 0.333333333333y + ( 1.0x * ( 0.1y + 0.166666666667x ) ) ) * 0.142857142857y ) ) )
ind: 3
( ( 0.333333333333x + ( 0.142857142857y + ( ( ( 1.0x * 0.2x ) * ( 1.0y + 0.111111111111y ) ) * ( ( 0.142857142857x + 0.25x ) * 0.111111111111x ) ) ) ) * 0.166666666667y )
ind: 4
( ( ( ( ( 0.25y + ( 0.111111111111y + 0.142857142857y ) ) * 0.1y ) + ( ( ( 0.333333333333x + 0.1y ) * ( 0.166666666667y * 0.1x ) ) * 0.166666666667x ) ) + ( 0.5x + 0.1y ) ) + ( ( 0.5x + ( ( 0.125x + ( 1.0y * 0.333333333333y ) ) + ( ( 0.333333333333y + 0.25x ) * 0.5x ) ) ) + ( ( ( ( 0.1y * 0.125y ) * 0.111111111111x ) + 0.166666666667y ) * ( ( 0.111111111111x * ( 0.2x * 0.166666666667x ) ) * 0.111111111111x ) ) ) )
ind: 5
( 0.125x + ( 0.2y * 1.0y ) )
ind: 6
( 0.166666666667y * ( ( 0.25y + 0.2x ) + ( ( ( ( 0.1y + 0.125x ) * 0.5y ) * ( 1.0y + 0.142857142857x ) ) + ( 0.125y * 1.0x ) ) ) )
ind: 7
( 0.125x + ( 0.142857142857y + 0.166666666667y ) )
ind: 8
( 1.0y * 0.2x )
ind: 9
( ( ( ( ( 0.125y * ( 0.333333333333x + 0.25x ) ) * ( 0.125y * 0.333333333333x ) ) + ( ( 0.1x + ( 0.125y + 0.25y ) ) * 0.2y ) ) * 0.5y ) + 0.125x )
ind: 10
( 0.333333333333y * 0.111111111111x )
ind: 11
( ( 0.2y * 0.5y ) * 0.125x )
ind: 12
( 0.1y + ( 0.142857142857y * ( ( 0.2x * 0.5y ) * 0.142857142857y ) ) )
ind: 13
( ( 0.125y + ( ( 0.166666666667y + ( ( 0.1y * 0.1x ) + 0.1x ) ) * ( 0.166666666667x * ( 0.125y + ( 0.111111111111x + 0.2x ) ) ) ) ) + ( 0.333333333333x + ( 0.333333333333y * ( ( 0.111111111111x * 0.111111111111x ) * ( 0.333333333333y + ( 1.0y * 0.2x ) ) ) ) ) )
ind: 14
( 0.1y + ( ( ( ( 0.125y * 0.2x ) + 0.5y ) * ( 0.142857142857y + ( ( 0.111111111111y + 0.333333333333y ) * 0.111111111111y ) ) ) + 0.142857142857x ) )
ind: 15
( ( 1.0x + 0.25x ) * ( ( ( 0.111111111111x * 0.333333333333y ) + 0.5x ) * ( 0.5y * ( ( ( 0.5y + 0.1y ) * ( 0.25y + 0.111111111111x ) ) + 0.111111111111x ) ) ) )
ind: 16
( ( 0.1x * ( 0.2y + 1.0y ) ) * 0.2y )
ind: 17
( 1.0x + 0.25y )
ind: 18
( ( ( 0.5x + 0.111111111111x ) * ( 0.142857142857y * ( 0.142857142857x * 1.0x ) ) ) + ( 0.166666666667y + 0.166666666667y ) )
ind: 19
( ( ( 0.333333333333x + ( ( ( 0.333333333333x * 0.125y ) + ( 0.2x * 1.0y ) ) * 0.166666666667y ) ) * ( 1.0x * 0.142857142857x ) ) * 0.2x )
ind: 20
( ( 0.125y + ( 0.1x + 0.142857142857x ) ) + 1.0x )
ind: 21
( 0.125y + ( 0.125y * ( 0.1y + 0.5x ) ) )
ind: 22
( ( 0.166666666667x + 0.2y ) + ( ( ( ( 0.166666666667x * ( 0.1x + 0.142857142857y ) ) * 0.5y ) + 0.125x ) * 0.166666666667y ) )
ind: 23
( ( 0.333333333333x * 0.166666666667y ) * 1.0x )
ind: 24
( 0.1x * ( 0.2y * 0.5x ) )
ind: 25
( ( ( 0.25y * ( ( ( 0.166666666667y * 0.5x ) * ( 0.166666666667x + 0.1x ) ) * 0.125x ) ) + ( 0.111111111111y + ( ( ( 0.5y + 0.333333333333y ) * 0.166666666667x ) * 0.333333333333y ) ) ) + 0.125x )
ind: 26
( ( 0.142857142857x + 0.111111111111y ) * ( 0.142857142857y + ( 0.5x * ( 0.111111111111x * 0.25y ) ) ) )
ind: 27
( 1.0y * ( ( ( ( ( 0.333333333333y * 0.111111111111y ) * 0.142857142857x ) * 0.333333333333y ) + 0.2y ) * 0.125x ) )
ind: 28
( ( ( 0.5y * ( ( 1.0y * ( 0.5x + 0.2x ) ) * 0.333333333333x ) ) * 0.2y ) + ( ( ( 1.0x * ( ( 0.333333333333x + 0.5y ) + ( 0.2y + 0.142857142857x ) ) ) * ( ( 0.2y + 0.2y ) * ( ( 0.25y + 0.25y ) * ( 1.0x + 0.2y ) ) ) ) * 0.5x ) )
ind: 29
( ( ( 0.142857142857x * 0.166666666667x ) + ( 0.2x * ( ( 0.25y * 0.125y ) * ( 0.125y + 0.1y ) ) ) ) * 0.1y )
ind: 30
( ( 0.142857142857y + ( 0.1y * ( ( 0.2x * ( 0.1y * 0.1y ) ) * ( 0.166666666667x * 0.5x ) ) ) ) + 0.333333333333x )
ind: 31
( 0.166666666667x * ( 0.1x + 0.2y ) )
ind: 32
( ( ( ( 0.125x * 1.0x ) + ( 1.0y * 1.0y ) ) + ( 0.1y * ( 0.25y * ( 0.333333333333y * 0.142857142857y ) ) ) ) + 0.166666666667y )
ind: 33
( ( ( ( 0.142857142857y + 0.111111111111x ) * ( ( 1.0x + 0.1y ) + ( ( 0.142857142857y + 0.1x ) * 0.2y ) ) ) * 0.25x ) + 0.25x )
ind: 34
( 1.0y + 0.25x )
ind: 35
( 1.0y * ( ( ( 0.333333333333y * ( ( 0.166666666667x * 0.25x ) * 0.333333333333x ) ) * ( ( 0.5x + 0.2y ) * ( 0.2y + ( 0.333333333333x * 0.333333333333y ) ) ) ) + 0.125x ) )
ind: 36
( ( ( ( 0.25y + 0.125y ) * 0.125x ) * ( ( 0.142857142857x + ( ( 0.2x + 0.333333333333x ) + 0.111111111111x ) ) * ( 0.5x + 0.5y ) ) ) * ( ( 0.1y * ( 1.0y + 0.142857142857y ) ) * ( 0.142857142857y + ( ( ( 0.5x + 0.142857142857x ) * 0.111111111111x ) + ( ( 0.5y * 0.1y ) * ( 0.333333333333y + 0.333333333333y ) ) ) ) ) )
ind: 37
( ( 0.111111111111y + 0.5x ) + 0.333333333333x )
ind: 38
( ( 0.166666666667x + ( 0.333333333333x + 0.125y ) ) + 0.166666666667y )
ind: 39
( ( ( ( 0.2x + 0.111111111111x ) + 0.1y ) * 0.1x ) * ( ( 1.0x * 1.0x ) * ( 0.25x + ( ( 0.166666666667x * ( 0.5x + 1.0y ) ) + ( 0.333333333333x * 1.0x ) ) ) ) )
ind: 40
( ( ( ( 0.166666666667y * ( ( 0.333333333333x + 0.2x ) * ( 0.166666666667x + 0.142857142857y ) ) ) * ( 1.0x + 0.111111111111y ) ) + 0.125x ) + 0.2y )
ind: 41
( 0.333333333333x * ( 0.5x * ( 0.2y + ( 0.333333333333x * ( 0.1y + 0.333333333333x ) ) ) ) )
ind: 42
( ( ( ( 0.333333333333x * ( ( 0.25y * 0.166666666667y ) * 0.2y ) ) + 0.25x ) + 1.0x ) * 0.111111111111y )
ind: 43
( 0.166666666667x + ( 0.2y * ( 0.2y + 0.111111111111y ) ) )
ind: 44
( ( ( ( 0.1x * 0.111111111111y ) * ( ( 0.166666666667x + 0.142857142857x ) + ( ( 1.0x * 0.111111111111y ) * 0.1x ) ) ) * ( 0.2x + 0.166666666667x ) ) * ( ( 0.2y + 0.166666666667x ) + 0.2y ) )
ind: 45
( ( 0.142857142857y + 0.111111111111x ) + 0.5x )
ind: 46
( 1.0y + 0.111111111111x )
ind: 47
( 0.166666666667x * ( 0.166666666667y + 0.166666666667y ) )
ind: 48
( 0.1y * ( 0.125x * 0.5y ) )
ind: 49
( ( ( 0.1x + ( ( 0.142857142857x + ( 0.2y * 0.125x ) ) + 0.2y ) ) * 0.166666666667y ) * ( 0.142857142857y + 1.0x ) )
ind: 50
( ( ( ( 0.2x + 0.1x ) * ( 0.111111111111y + 0.166666666667y ) ) * 1.0x ) * 0.111111111111x )
ind: 51
( ( ( ( ( ( 0.5x * 0.125y ) + 0.125x ) * 0.125x ) * 0.1x ) * ( ( 0.125x + ( 1.0x + 0.333333333333y ) ) + 0.111111111111x ) ) * ( ( ( ( ( 0.25x * 0.333333333333x ) * 0.142857142857y ) + 0.125x ) * 0.5y ) + 0.25y ) )
ind: 52
( 0.2x * ( ( ( 0.111111111111x + 1.0y ) * 0.2y ) * 0.333333333333y ) )
ind: 53
( 1.0x + ( 0.333333333333x + 0.25y ) )
ind: 54
( ( ( 0.333333333333y * ( ( ( 0.5x + 0.142857142857x ) + 0.5y ) * ( 1.0x + 0.142857142857x ) ) ) * ( 0.111111111111x * 0.142857142857y ) ) + 0.5x )
ind: 55
( ( 0.333333333333y + 0.166666666667x ) * 0.5x )
ind: 56
( 0.1y * 0.142857142857x )
ind: 57
( ( 0.111111111111y * ( 0.125x * 0.125x ) ) + ( ( 0.125x * ( 0.142857142857y + ( 0.125x + 1.0x ) ) ) + 0.125x ) )
ind: 58
( 0.142857142857x + ( ( ( 0.5y + ( 0.111111111111x + ( 0.166666666667x + 0.125x ) ) ) + ( ( ( 0.1y + 0.333333333333x ) * ( 0.2y + 1.0y ) ) * 1.0x ) ) + 0.2y ) )
ind: 59
( 0.125y * 0.1x )
ind: 60
( 0.333333333333y * ( ( ( ( 0.125y * 0.1y ) * ( 0.166666666667y * 0.5x ) ) * ( ( ( 0.25y * 0.111111111111x ) + ( 0.333333333333x * 0.333333333333y ) ) * ( ( 1.0x * 0.1x ) * ( 0.111111111111y + 0.142857142857x ) ) ) ) * ( ( 0.142857142857x * ( ( 0.1y * 0.166666666667x ) * ( 0.125x * 0.1x ) ) ) + 0.111111111111y ) ) )
ind: 61
( 0.333333333333x * ( ( ( ( 0.166666666667x + 0.111111111111y ) + 0.2x ) + ( 0.125x * ( 0.125y + 0.1y ) ) ) * ( ( ( 0.2y + ( 0.25x * 0.25y ) ) * ( ( 0.142857142857y * 0.5y ) * ( 0.142857142857y * 0.333333333333y ) ) ) + ( 0.1x + 0.166666666667x ) ) ) )
ind: 62
( 0.166666666667y + ( 1.0x + ( 0.2y + ( 0.25y * 0.166666666667x ) ) ) )
ind: 63
( ( ( ( ( ( 1.0y + 0.2y ) + 0.142857142857y ) * ( ( 0.125y + 0.125x ) + 0.142857142857x ) ) + 0.111111111111y ) + 0.111111111111y ) + ( ( ( ( ( 0.2x + 0.2x ) + 0.111111111111y ) * 1.0y ) + ( 0.2y * ( 0.1y + 0.111111111111x ) ) ) * 0.142857142857x ) )
ind: 64
( ( ( ( 0.1y + ( ( 0.25y * 0.25x ) + ( 1.0y * 0.125x ) ) ) + ( ( 0.2x * 0.111111111111y ) * 0.333333333333x ) ) * 0.25y ) + ( 0.5y * 0.125y ) )
ind: 65
( 1.0y + ( 0.25y * ( ( ( ( 0.25x + 0.142857142857y ) * ( 0.166666666667y + 1.0x ) ) + 0.166666666667y ) + 0.142857142857x ) ) )
ind: 66
( 0.111111111111y * ( ( ( ( 0.111111111111y * ( 1.0x * 0.142857142857x ) ) * ( ( 0.142857142857x + 0.333333333333x ) * 0.142857142857y ) ) * 1.0x ) + ( 0.125y + ( ( ( 0.111111111111y * 0.333333333333x ) + ( 0.25y + 0.1x ) ) + 0.5y ) ) ) )
ind: 67
( ( 0.111111111111y * ( 0.5y * ( 0.125y + ( 0.1y + ( 0.5y + 0.2y ) ) ) ) ) + 0.1x )
ind: 68
( 0.111111111111x * ( 0.5x + 0.125y ) )
ind: 69
( 0.333333333333y * 0.166666666667x )
ind: 70
( ( 1.0y * ( 0.2x + ( ( 0.2x + 0.111111111111y ) * ( ( 0.166666666667y * 0.2y ) + ( 0.166666666667y + 0.111111111111y ) ) ) ) ) + 0.111111111111x )
ind: 71
( 1.0y * 1.0x )
ind: 72
( ( 0.125x * 0.125x ) + ( 0.2x * ( 0.333333333333y * 0.25y ) ) )
ind: 73
( ( 0.166666666667y + ( ( ( ( 0.125y + 0.2y ) * ( 0.333333333333x * 1.0x ) ) + ( 1.0x * ( 0.166666666667y + 1.0y ) ) ) * ( ( ( 0.111111111111x * 0.125y ) * ( 0.111111111111x + 0.25x ) ) + 0.1x ) ) ) + 0.1x )
ind: 74
( ( ( ( 0.111111111111x * 1.0y ) + ( ( 0.2x * 0.166666666667x ) + 0.25x ) ) + ( ( 0.1y * ( 0.166666666667x * ( 0.1x + 0.166666666667x ) ) ) + ( ( 0.1x * 0.142857142857x ) * 0.166666666667y ) ) ) + ( 0.2y + 0.5y ) )
ind: 75
( ( 0.25y * 0.111111111111x ) + 0.111111111111x )
ind: 76
( ( 0.5y * 0.2x ) + ( 0.25y * 0.166666666667y ) )
ind: 77
( ( ( ( 0.2y + 1.0y ) + ( ( 0.125y + 0.2y ) * ( ( 0.25y * 0.111111111111y ) * ( 0.1x * 0.142857142857x ) ) ) ) + ( 0.166666666667x + ( ( 0.2x * 0.5y ) * 0.125x ) ) ) + 1.0y )
ind: 78
( 0.125y * 0.111111111111x )
ind: 79
( ( 0.125x * 0.25y ) + ( ( 0.125y + 0.142857142857x ) * ( 1.0x + ( ( 0.25x * 0.111111111111x ) * ( 0.125y * ( 0.25x * 0.5y ) ) ) ) ) )
ind: 80
( 0.5x * 0.333333333333y )
ind: 81
( 0.125y * ( ( 0.166666666667y * ( 0.333333333333y + 1.0y ) ) + ( 0.125x + ( ( ( 0.1y * 0.2y ) + 0.333333333333x ) + ( 0.142857142857y * ( 0.1y * 0.25x ) ) ) ) ) )
ind: 82
( 0.333333333333x + ( ( ( ( ( 1.0y * 0.25y ) + ( 0.111111111111x + 0.142857142857y ) ) + ( 0.1y + ( 0.1y * 0.2y ) ) ) + 0.125y ) * ( ( 0.1y * ( ( 0.2y + 0.142857142857x ) + 0.166666666667x ) ) * ( ( ( 0.2x * 0.2x ) * 1.0y ) + 0.142857142857x ) ) ) )
ind: 83
( ( ( ( ( ( 0.125y * 0.25x ) + 0.5y ) * 0.111111111111y ) + 0.142857142857y ) + ( 0.1y + ( ( ( 0.166666666667x * 0.111111111111x ) * 0.1x ) + ( 0.125x * 0.1y ) ) ) ) + 0.1y )
ind: 84
( ( 0.333333333333x * ( 0.2y + ( ( 1.0x * 0.333333333333y ) * 0.166666666667y ) ) ) + ( 0.166666666667y * 0.142857142857y ) )
ind: 85
( ( 0.333333333333x + 0.111111111111y ) * ( 0.1y + 0.2y ) )
ind: 86
( 0.1x + ( ( 0.125x + 0.5y ) + ( 0.25y + 0.1x ) ) )
ind: 87
( 0.25y * ( ( ( ( 0.5x + 0.166666666667x ) * 0.2x ) * 1.0x ) + 0.5x ) )
ind: 88
( ( 0.111111111111y + 0.333333333333x ) * 0.111111111111y )
ind: 89
( 0.2x + ( ( 0.2x * 0.333333333333y ) + ( ( ( ( 0.1y * 0.1y ) + 0.1x ) + 0.142857142857y ) + ( 0.1y + ( ( 0.1x + 0.333333333333x ) + ( 0.166666666667x * 0.1y ) ) ) ) ) )
ind: 90
( 1.0y * ( ( ( ( 0.1x * ( 0.2x + 0.25x ) ) * ( 0.125x + ( 0.125y * 0.1y ) ) ) + 0.333333333333x ) + ( 0.1y + ( 0.125y + ( ( 0.2y * 0.125x ) + 0.333333333333x ) ) ) ) )
ind: 91
( ( ( 0.125y * 0.5x ) * ( 0.166666666667y * ( ( ( 0.2y * 1.0x ) * ( 0.142857142857y * 0.25x ) ) * ( 0.111111111111y * ( 0.1y + 0.1y ) ) ) ) ) * ( ( 1.0x + ( ( ( 1.0x + 0.5y ) + 0.333333333333x ) + 0.142857142857y ) ) * 0.142857142857y ) )
ind: 92
( 0.1x + ( 0.5y * ( ( 0.1x * 0.25x ) * ( ( ( 0.111111111111x * 0.2x ) + ( 0.5x + 0.2y ) ) + ( 0.2x * ( 0.333333333333x + 0.25x ) ) ) ) ) )
ind: 93
( 0.1x + ( 0.1y + ( ( 1.0x * ( ( 1.0x * 0.2x ) * 0.333333333333y ) ) * ( ( ( 0.166666666667y * 0.25y ) + 0.166666666667x ) * ( 0.166666666667y + 0.125y ) ) ) ) )
ind: 94
( ( ( ( 1.0x + 0.333333333333y ) + ( ( ( 0.333333333333x + 0.111111111111x ) + 0.166666666667y ) * 0.166666666667x ) ) * ( ( ( ( 0.25x + 0.142857142857y ) * ( 0.142857142857y * 0.25y ) ) + 0.166666666667x ) + 0.166666666667y ) ) * ( ( 0.25y + ( 0.1y * ( 0.111111111111x + ( 1.0x * 0.2y ) ) ) ) * ( ( ( ( 0.111111111111y + 0.333333333333y ) + 0.5y ) + 0.25y ) * ( ( 0.166666666667x * 0.1x ) + 0.1x ) ) ) )
ind: 95
( ( ( ( 0.142857142857x * 0.1y ) + 0.111111111111y ) * 0.125y ) * 0.5x )
ind: 96
( 0.5y * 0.25x )
ind: 97
( ( 0.111111111111y * 0.5x ) + ( ( 0.166666666667y + 1.0y ) + 0.111111111111y ) )
ind: 98
( ( 0.2y + ( 0.111111111111y * 0.125y ) ) + ( ( ( 0.25y + 0.25x ) + ( ( ( 0.125y + 0.166666666667y ) + 0.333333333333x ) * ( 1.0x + 1.0y ) ) ) + 0.5x ) )
ind: 99
( ( ( ( ( ( 0.2y + 0.333333333333x ) + 0.111111111111y ) + ( 0.5y + 0.5y ) ) + ( ( ( 0.166666666667y + 0.1y ) * 0.2y ) * ( 0.2x * ( 1.0y + 0.111111111111y ) ) ) ) * ( 1.0y + 1.0y ) ) * 0.2x )
ind: 100
( ( ( 0.111111111111y + ( 0.125x + ( ( 0.125x + 1.0x ) + ( 0.2y + 1.0y ) ) ) ) * ( ( 1.0y * 0.111111111111x ) * ( ( 0.333333333333y * ( 0.25y * 0.1y ) ) + 0.111111111111x ) ) ) * ( 0.25y + ( ( ( 0.333333333333y * ( 0.333333333333x + 0.166666666667y ) ) * 0.142857142857x ) * 0.5y ) ) )
ind: 101
( ( ( ( ( 0.25x + ( 0.142857142857y * 0.166666666667x ) ) + 0.5x ) * ( ( 0.142857142857x + 0.125y ) * ( ( 0.166666666667x * 0.25x ) + ( 0.1x + 0.142857142857x ) ) ) ) * 0.5y ) + 0.1y )
ind: 102
( ( 0.1x + 0.111111111111x ) + ( 0.111111111111y * 0.1x ) )
ind: 103
( ( 0.111111111111x + ( ( 0.111111111111y + 0.5x ) + 0.142857142857x ) ) + 0.142857142857y )
ind: 104
( ( ( 1.0x * ( 0.25x * ( ( 0.333333333333y + 0.1x ) + 0.25x ) ) ) * 0.2y ) + 0.333333333333y )
ind: 105
( 0.25x + 0.125y )
ind: 106
( 0.2y * 0.2x )
ind: 107
( 0.166666666667x * 0.2y )
ind: 108
( ( ( 1.0y + 0.333333333333x ) + ( ( 0.5y + ( ( 0.1x * 0.5x ) + 0.1x ) ) + 0.1x ) ) + 0.166666666667y )
ind: 109
( ( 0.333333333333x * ( ( ( 0.125x + 0.1x ) + 0.1y ) + 0.111111111111y ) ) * 0.125x )
ind: 110
( 0.125y + ( 0.2x + ( ( 1.0x + ( 1.0y + 1.0x ) ) * ( 0.125y * ( 0.5y + 0.1y ) ) ) ) )
ind: 111
( ( ( ( 0.166666666667y * ( 0.25x + ( 0.5y * 0.125x ) ) ) * ( ( ( 0.142857142857x + 0.142857142857x ) + ( 0.25x * 0.166666666667x ) ) + 0.2y ) ) + ( 0.166666666667y * 0.2y ) ) * 0.1x )
ind: 112
( ( ( ( 0.166666666667x + ( ( 0.166666666667x * 0.2x ) + ( 0.1y * 0.142857142857x ) ) ) * 0.25x ) * ( ( 0.5x * ( 0.111111111111y * 0.166666666667y ) ) * ( 1.0y * 0.2y ) ) ) * ( 0.125y * ( ( ( ( 1.0y * 0.142857142857y ) * 0.5x ) + ( ( 0.2y * 1.0x ) * ( 0.166666666667y * 0.25y ) ) ) * ( 0.166666666667y + 0.25x ) ) ) )
ind: 113
( 0.2y * 0.5x )
ind: 114
( ( 0.1y + ( 0.25x + 0.1x ) ) + 0.5y )
ind: 115
( ( 0.1y * ( ( 0.333333333333y * ( ( 0.333333333333y * 0.2x ) * 1.0y ) ) * ( 0.2x * ( 0.166666666667x * ( 0.25x * 0.2y ) ) ) ) ) + ( 0.125y + ( ( ( 0.125y * 0.5x ) * ( ( 0.5y + 0.333333333333y ) + 0.5y ) ) + 0.142857142857y ) ) )
ind: 116
( ( ( 0.5x * 0.142857142857y ) + ( 0.142857142857y + ( 0.142857142857x * ( ( 0.333333333333y + 0.1y ) + 0.25y ) ) ) ) + 0.142857142857x )
ind: 117
( 0.2y * 0.25x )
ind: 118
( 0.5y + ( 0.2x * 0.5y ) )
ind: 119
( 0.166666666667y + 0.1x )
ind: 120
( ( ( 0.111111111111x + ( ( ( 0.25x * 0.25y ) * ( 0.5y + 0.166666666667x ) ) * ( 0.142857142857x + 0.25x ) ) ) + 0.25x ) * ( 0.2y + ( ( 0.333333333333x + ( 0.166666666667y * ( 0.5y + 0.2x ) ) ) * ( 0.2x * ( ( 0.333333333333x + 0.166666666667y ) * 0.2x ) ) ) ) )
ind: 121
( ( ( ( 0.333333333333y + 0.1y ) * ( ( 1.0x * ( 0.166666666667y * 0.111111111111y ) ) + 1.0y ) ) * ( ( ( ( 0.125y * 1.0y ) * 0.125y ) + ( 0.333333333333y + ( 0.5y * 1.0x ) ) ) * ( ( 0.25y * ( 0.5x * 0.25y ) ) + ( ( 0.333333333333x * 0.2x ) + ( 0.142857142857y * 0.5y ) ) ) ) ) + ( 0.142857142857y * 0.5y ) )
ind: 122
( 0.25y * ( 0.166666666667y + ( 0.333333333333y + ( 0.333333333333y + ( 0.166666666667x * 0.5x ) ) ) ) )
ind: 123
( 0.166666666667x + ( 0.25y * ( 0.1y + ( 1.0x * ( 0.111111111111y + ( 0.333333333333x * 0.142857142857x ) ) ) ) ) )
ind: 124
( 1.0x + ( ( ( ( ( 0.1y * 0.166666666667x ) * ( 0.2y + 0.111111111111x ) ) * 0.111111111111y ) * ( 1.0x + 0.166666666667x ) ) + 0.25y ) )
ind: 125
( ( ( 0.142857142857x + ( ( 0.142857142857x * 0.125x ) + 0.125x ) ) + 0.125y ) * ( ( 0.1y + ( 1.0x + 0.25y ) ) + ( ( 1.0y + ( 0.142857142857x + ( 0.111111111111y * 0.1y ) ) ) * 0.166666666667x ) ) )
ind: 126
( 0.333333333333y + 0.166666666667x )
ind: 127
( ( 0.5y + 0.333333333333x ) + ( ( 0.25x * 0.125x ) + ( 0.111111111111x + ( ( ( 0.142857142857y + 0.142857142857y ) + ( 0.111111111111x * 1.0y ) ) * ( 0.333333333333x + ( 0.2x * 1.0x ) ) ) ) ) )
ind: 128
( 0.333333333333y + ( ( ( ( ( 0.2y + 0.125y ) * ( 0.2x + 1.0y ) ) + ( 0.142857142857y * ( 0.333333333333y + 0.125y ) ) ) * 0.166666666667x ) * 1.0x ) )
ind: 129
( 0.166666666667x * ( 0.333333333333y * ( ( 1.0x * 0.142857142857y ) * ( ( ( 0.1y + 0.333333333333y ) * ( 0.125x + 0.111111111111y ) ) + ( 0.142857142857y * 0.166666666667x ) ) ) ) )
ind: 130
( 0.142857142857y + ( 0.1y + ( 0.142857142857y + ( ( 0.142857142857y * 0.142857142857y ) * ( 0.25y * 0.2x ) ) ) ) )
ind: 131
( 0.166666666667y + 0.111111111111x )
ind: 132
( ( ( ( ( ( 0.1y + 0.333333333333x ) * 0.125x ) * ( ( 0.2y * 0.5y ) + 0.333333333333x ) ) * ( 0.166666666667y + 0.5x ) ) * ( 0.166666666667x * 0.111111111111y ) ) + ( ( ( ( ( 0.2x + 0.125y ) + ( 0.166666666667y + 0.5x ) ) + 0.166666666667y ) * ( ( ( 1.0x * 0.5x ) * 1.0x ) * ( 0.1y + ( 0.111111111111x * 0.1x ) ) ) ) * 0.2x ) )
ind: 133
( ( ( 0.25x + ( 0.166666666667y * 0.125y ) ) * ( 1.0x * 0.111111111111x ) ) * ( ( 0.125x * 0.142857142857y ) + 0.1y ) )
ind: 134
( ( 0.2x + 0.142857142857y ) + ( ( 0.142857142857y + ( ( 0.166666666667x + ( 0.5x + 0.111111111111x ) ) + ( ( 0.125x * 0.1y ) + 1.0y ) ) ) + 0.142857142857y ) )
ind: 135
( ( ( ( 0.333333333333x * ( 0.333333333333y + 0.333333333333y ) ) + ( ( 0.5x * 1.0y ) + ( ( 0.166666666667y + 0.5y ) + 0.1x ) ) ) + 0.2x ) + 0.166666666667x )
ind: 136
( ( ( ( ( 1.0y + 1.0x ) * ( ( 0.5y + 0.2y ) * ( 0.166666666667y * 0.25x ) ) ) * 1.0x ) * ( ( 0.1x + ( ( 0.125x + 0.2x ) + 0.2x ) ) + 1.0x ) ) * 0.111111111111y )
ind: 137
( ( ( ( ( 0.1y * ( 0.142857142857y + 0.25x ) ) + ( ( 0.166666666667x + 0.25y ) + 0.333333333333y ) ) + 0.5x ) * 1.0y ) + 0.111111111111y )
ind: 138
( 0.5x * 0.1y )
ind: 139
( ( ( 0.25x * ( ( ( 0.333333333333y * 0.125x ) + 0.166666666667x ) * ( 0.125x * 1.0x ) ) ) * ( ( ( ( 0.166666666667y * 0.166666666667y ) + ( 0.5x * 0.333333333333x ) ) + ( ( 0.1y * 0.125x ) * ( 0.111111111111y + 1.0y ) ) ) * ( ( 0.111111111111x + ( 0.125y * 1.0y ) ) + ( 0.2y + 0.125x ) ) ) ) + 0.25y )
ind: 140
( ( ( ( ( ( 0.111111111111x + 0.125y ) + ( 0.2y + 0.166666666667x ) ) * 0.25x ) + 0.125y ) * ( ( 0.142857142857x * ( ( 0.125y + 1.0x ) + 0.166666666667y ) ) * ( ( ( 1.0y * 0.333333333333y ) + ( 0.2y + 0.1x ) ) + 0.333333333333x ) ) ) + 0.5x )
ind: 141
( ( 0.125y * ( ( 0.5y * ( 0.25y * 0.333333333333y ) ) * 0.142857142857y ) ) + ( 0.2y + 0.166666666667x ) )
ind: 142
( ( ( 0.166666666667x + 0.111111111111y ) + ( ( ( 0.25x + ( 0.25x + 0.142857142857x ) ) + 0.1y ) * 0.111111111111x ) ) * 0.142857142857x )
ind: 143
( 0.2x * 0.5y )
ind: 144
( ( 0.166666666667x + 0.142857142857x ) + ( ( 0.1y * 0.166666666667x ) + ( 0.142857142857x * ( 0.1x * ( ( 0.111111111111x + 0.333333333333x ) * ( 1.0x * 0.111111111111x ) ) ) ) ) )
ind: 145
( ( 0.25x + 0.125y ) * 0.125x )
ind: 146
( 1.0x * ( 0.333333333333x * ( ( ( 0.25x * ( 0.111111111111y + 1.0x ) ) * 0.5x ) * 0.142857142857x ) ) )
ind: 147
( ( 0.333333333333x * ( 0.333333333333y + ( 0.333333333333y + ( 0.111111111111y + 1.0y ) ) ) ) + ( ( 0.25x + 0.1y ) * 0.142857142857y ) )
ind: 148
( ( ( 0.333333333333y * ( 0.125y + 0.333333333333x ) ) + 1.0y ) * 0.166666666667x )
ind: 149
( 0.25y * ( 0.166666666667y * 0.142857142857x ) )
ind: 150
( 0.5x + ( 0.25y * 0.1y ) )
ind: 151
( ( ( ( 0.125x * 0.1x ) * ( ( 1.0x * ( 1.0x + 0.142857142857x ) ) + ( 0.1x + ( 0.111111111111y * 0.142857142857x ) ) ) ) * ( ( ( 0.25x + 0.5x ) * ( 0.125x * 0.25y ) ) + ( ( 0.125x * ( 0.142857142857x * 0.166666666667y ) ) * ( 0.1y * ( 0.25x + 0.25x ) ) ) ) ) + 0.142857142857x )
ind: 152
( 0.125x + ( ( ( 0.111111111111x + ( ( 0.2y * 0.111111111111x ) + ( 0.166666666667y + 0.111111111111y ) ) ) + ( ( ( 0.166666666667y + 0.1x ) * 0.166666666667y ) + ( 0.25y * ( 0.142857142857y + 0.1y ) ) ) ) + ( 0.111111111111x * 0.2x ) ) )
ind: 153
( 0.333333333333x * ( ( 0.333333333333x + ( ( 0.1y * 0.5y ) * 0.111111111111y ) ) + ( ( 0.25y * 0.25y ) + 0.2x ) ) )
ind: 154
( 0.2x + 0.125y )
ind: 155
( ( ( ( ( 0.333333333333y * 1.0y ) * ( 0.125x + 0.1y ) ) + 0.1y ) + 0.111111111111y ) * ( ( 0.111111111111y * ( ( 0.25x + ( 0.111111111111x + 0.25y ) ) * 0.1y ) ) * ( 0.2x * ( 0.125y + ( ( 0.25y * 0.142857142857y ) * ( 0.1x * 0.125x ) ) ) ) ) )
ind: 156
( ( ( ( ( 0.166666666667x + 0.1x ) * ( ( 0.1y + 1.0y ) + 0.166666666667x ) ) * ( 0.333333333333x * ( ( 1.0x + 0.111111111111y ) + 0.125y ) ) ) * 0.25x ) * 1.0x )
ind: 157
( 0.111111111111x * ( ( 0.166666666667y + ( ( ( 0.2y * 0.333333333333x ) * ( 0.125y + 0.5y ) ) + 1.0y ) ) * 0.5y ) )
ind: 158
( ( 0.125y * 0.111111111111x ) * 0.333333333333x )
ind: 159
( ( 0.142857142857y * ( ( 0.2x * 0.166666666667x ) * 0.111111111111y ) ) * 0.111111111111y )
ind: 160
( ( ( ( 0.333333333333y + ( ( 0.142857142857x + 0.111111111111x ) + ( 0.166666666667x * 0.1y ) ) ) * ( ( 0.1x * 0.2y ) * 0.5x ) ) + 0.2x ) + ( 0.333333333333y * 0.333333333333y ) )
ind: 161
( 0.1x * ( 0.5y * ( ( ( ( 0.166666666667x + 0.5x ) + 0.5y ) * ( 0.5x * 0.111111111111y ) ) * 0.125y ) ) )
ind: 162
( ( ( 0.2y * ( 0.25x + ( ( 0.166666666667y + 0.111111111111x ) + ( 0.25x + 0.5x ) ) ) ) + ( 1.0x + ( 0.142857142857y + 0.5x ) ) ) + ( 0.25y * 0.333333333333x ) )
ind: 163
( ( 0.111111111111y + 0.1y ) * ( ( ( 0.333333333333x * ( 0.5x * ( 0.5y + 0.2x ) ) ) + ( ( 0.333333333333x + 0.142857142857y ) + 0.1y ) ) * ( 0.1x * ( ( 0.5y * ( 1.0x + 0.25y ) ) + 0.166666666667y ) ) ) )
ind: 164
( ( ( ( 0.333333333333x * ( ( 0.1y * 0.111111111111y ) + ( 0.2y * 0.142857142857x ) ) ) + ( 0.111111111111x + ( ( 0.125y + 0.1x ) + ( 0.2x * 0.5x ) ) ) ) + ( 0.1x * ( ( ( 0.5y + 0.142857142857y ) * 0.5x ) * ( 0.25y * 0.5y ) ) ) ) + 0.2x )
ind: 165
( ( 0.1y * ( 0.1x * 0.125x ) ) * ( ( 0.25x * 0.166666666667y ) * 0.333333333333x ) )
ind: 166
( ( 0.166666666667x * ( 0.333333333333x + ( 0.25x + ( 0.111111111111x + 0.333333333333y ) ) ) ) * ( 1.0y * ( ( 0.5x * 0.25x ) * 0.2x ) ) )
ind: 167
( 0.25x * 0.5y )
ind: 168
( 0.111111111111x + 0.2y )
ind: 169
( ( 1.0y * ( 0.166666666667y * 0.125y ) ) + 0.125x )
ind: 170
( ( ( ( 0.5y + 0.333333333333x ) + ( ( ( 0.142857142857x * 0.25x ) + 0.25y ) + ( 0.166666666667x * ( 0.166666666667x * 0.166666666667x ) ) ) ) + ( 0.2x * 0.142857142857y ) ) * ( 0.2x * 0.142857142857y ) )
ind: 171
( ( ( ( 0.142857142857x * 0.5y ) + ( ( ( 1.0x + 0.111111111111y ) * 0.166666666667x ) + ( 0.2y * ( 0.25y + 0.5x ) ) ) ) * 0.111111111111x ) * ( ( ( 0.1y * 0.333333333333x ) + ( ( 0.1x * ( 1.0x * 0.2x ) ) * 0.5y ) ) * 0.2x ) )
ind: 172
( ( 0.5x + ( 0.5x + ( ( ( 0.2y + 0.111111111111x ) + 0.125y ) + ( 1.0x + 0.166666666667y ) ) ) ) * 0.142857142857y )
ind: 173
( 0.111111111111x + ( ( ( ( 0.142857142857x * 0.1y ) + ( 0.25y + ( 0.111111111111y + 0.2y ) ) ) + ( 0.333333333333x + 0.2y ) ) * 0.142857142857y ) )
ind: 174
( ( ( ( ( 0.142857142857x * ( 0.142857142857y * 0.166666666667y ) ) + 0.2y ) * 0.166666666667x ) * ( 0.333333333333y * 0.125y ) ) * 0.142857142857x )
ind: 175
( 0.125y * ( ( ( ( 0.111111111111x * ( 0.25y * 0.2y ) ) * ( ( 0.142857142857y + 0.333333333333x ) + ( 0.142857142857y + 0.333333333333y ) ) ) * ( 0.5y * 0.333333333333y ) ) + 0.111111111111x ) )
ind: 176
( 0.111111111111x * ( ( ( 0.25x + 1.0x ) * ( ( 0.25x * ( 0.166666666667x * 0.125x ) ) * 0.166666666667y ) ) * ( 0.5y * 1.0y ) ) )
ind: 177
( 0.1x * ( ( 0.25y * ( 0.142857142857x + 0.1y ) ) + ( ( 0.125x + ( ( 0.1x + 0.1y ) + 0.111111111111y ) ) * ( 0.333333333333y + 0.25x ) ) ) )
ind: 178
( ( 0.111111111111x * ( 0.5x * ( ( ( 0.2y + 0.125y ) * 1.0y ) + 0.5x ) ) ) + 0.5x )
ind: 179
( 0.166666666667x * 1.0y )
ind: 180
( ( ( ( 0.166666666667y * ( 0.166666666667y * 0.1x ) ) * ( ( ( 0.125y + 0.1y ) * 0.1y ) + ( ( 0.5x * 0.1y ) * ( 1.0y * 0.2y ) ) ) ) + 0.5x ) * ( 0.142857142857x * 0.25y ) )
ind: 181
( 0.125y + 0.166666666667x )
ind: 182
( ( ( 0.2y + 0.166666666667y ) + 0.166666666667x ) * 0.142857142857y )
ind: 183
( ( 1.0x * ( 0.25x + 0.111111111111x ) ) + ( 0.142857142857y * ( ( 0.111111111111x * 0.1y ) + 0.142857142857x ) ) )
ind: 184
( 0.5y * ( 0.166666666667y * ( ( 0.111111111111x * 1.0x ) + ( ( ( 0.166666666667y + 0.166666666667y ) * 0.166666666667x ) * 0.1y ) ) ) )
ind: 185
( ( ( 0.111111111111y * ( 0.25x * 0.25x ) ) * ( ( ( 0.142857142857y * 0.333333333333x ) + 0.25y ) + 1.0x ) ) * 0.5y )
ind: 186
( 0.5x + ( 0.2y * 1.0x ) )
ind: 187
( ( ( ( 0.2x * 0.142857142857x ) + 0.111111111111x ) * ( 0.111111111111y + 0.1x ) ) + ( 0.2y + 0.333333333333y ) )
ind: 188
( 0.5y + ( ( ( 0.1x * ( 0.125y + ( 0.333333333333y + 1.0y ) ) ) + ( ( 1.0y + 0.166666666667x ) * ( 0.125y + 0.1y ) ) ) + 0.166666666667x ) )
ind: 189
( ( 0.125y * ( ( ( ( 0.125x * 0.5y ) + ( 0.5y + 0.111111111111x ) ) * 0.125y ) + ( 0.1y * 0.1y ) ) ) + ( ( 0.2x + ( ( 0.5x * ( 0.1x * 1.0x ) ) + 0.5y ) ) + ( ( ( 0.333333333333y + 0.142857142857y ) + ( 0.5x + ( 0.166666666667y + 0.25y ) ) ) + 0.25x ) ) )
ind: 190
( 0.1x * ( ( ( ( 0.142857142857y * 0.166666666667y ) * ( 0.25y * ( 0.25x * 0.166666666667x ) ) ) * ( ( ( 0.1y * 0.142857142857x ) + 0.2x ) * 0.333333333333y ) ) + 0.142857142857x ) )
ind: 191
( ( ( 0.25x + 0.166666666667y ) + 0.1y ) + 0.5x )
ind: 192
( 0.166666666667y * ( 0.5x + 0.166666666667y ) )
ind: 193
( ( 0.333333333333x + 0.5y ) + ( ( ( 0.166666666667y + ( ( 1.0y * 1.0x ) * ( 1.0x + 0.166666666667y ) ) ) * 0.142857142857y ) * ( ( 0.2y * ( ( 0.1y + 0.142857142857x ) + 0.111111111111x ) ) + 0.111111111111y ) ) )
ind: 194
( 0.166666666667y + 0.142857142857x )
ind: 195
( 0.1y * ( 0.2x + ( ( 0.1y * 0.166666666667y ) * 0.2y ) ) )
ind: 196
( 0.142857142857y + ( ( ( ( ( 0.333333333333x * 0.25y ) + 0.125y ) * 0.1x ) * ( 0.111111111111x * 0.333333333333y ) ) + 0.333333333333x ) )
ind: 197
( ( 0.142857142857x + ( ( 0.125y + 0.111111111111x ) * 1.0x ) ) + 0.166666666667x )
ind: 198
( 0.166666666667x + 0.1y )
ind: 199
( 0.111111111111x + ( 0.142857142857y * 0.111111111111x ) )
ind: 200
( 0.2y + 1.0x )
ind: 201
( ( ( ( 0.125x + ( ( 0.5y * 1.0y ) + ( 0.5x * 0.125y ) ) ) + ( ( ( 1.0y * 0.166666666667x ) + 0.1x ) + 0.1y ) ) * ( ( ( 0.25x * ( 0.142857142857x + 0.2y ) ) + ( 0.2x + ( 0.1y + 0.1y ) ) ) + 0.5y ) ) * ( 0.25y * ( 0.111111111111x * 1.0x ) ) )
ind: 202
( 0.166666666667x * ( ( ( 0.333333333333y + 0.1x ) * ( ( ( 0.111111111111y + 0.5y ) + 0.1x ) * ( ( 0.5y * 0.125x ) + 0.125y ) ) ) * 0.25x ) )
ind: 203
( ( 0.5y + ( 0.333333333333y * ( 0.333333333333y * ( ( 0.2y + 0.125y ) + ( 0.1x * 0.25x ) ) ) ) ) * ( 1.0x + ( 0.333333333333x + 0.166666666667x ) ) )
ind: 204
( ( ( 0.25y + ( 0.111111111111y + ( 0.111111111111x * 0.125y ) ) ) + ( 0.125x + 1.0x ) ) + ( ( 1.0y * ( 0.25x + ( 0.111111111111y * ( 0.166666666667y + 1.0x ) ) ) ) * 0.125y ) )
ind: 205
( 0.25y + ( 0.5x + 1.0x ) )
ind: 206
( 0.5x * ( 0.25y * ( 0.2y + ( 0.125y + ( 0.142857142857x + 0.111111111111y ) ) ) ) )
ind: 207
( 0.333333333333y * 0.25x )
ind: 208
( 0.2x * ( ( 0.111111111111x * 0.1x ) + ( ( 0.5x + 0.5y ) + 0.125y ) ) )
ind: 209
( 0.142857142857y * ( ( 0.5x + ( ( ( 0.333333333333y + 0.142857142857x ) * ( 0.5x * 0.142857142857x ) ) * 0.2x ) ) * 0.111111111111x ) )
ind: 210
( ( 0.125y * ( 0.333333333333y * ( ( 0.25x * 0.25y ) * 0.5x ) ) ) + 0.1x )
ind: 211
( 0.142857142857x * ( 0.2y * ( 0.142857142857y + 0.333333333333x ) ) )
ind: 212
( ( ( 0.111111111111x * ( 1.0x * 0.333333333333y ) ) + ( 1.0y + 0.25x ) ) * 1.0x )
ind: 213
( ( ( ( ( ( 0.5y * 0.1y ) * ( 0.125x + 0.125x ) ) + 0.5y ) * 0.142857142857y ) * ( ( 0.166666666667y + ( 0.142857142857x + 0.166666666667x ) ) * ( ( 1.0y * 1.0x ) * ( 0.333333333333x * 0.25y ) ) ) ) * ( ( ( ( 0.142857142857x + ( 0.125y * 0.25x ) ) * ( 0.333333333333x * 0.142857142857x ) ) * 0.2y ) + 0.333333333333y ) )
ind: 214
( ( ( ( ( 0.1y + 0.5y ) + ( ( 0.5x * 0.25x ) * ( 0.1y * 0.25y ) ) ) * 0.125x ) * 0.166666666667x ) * 0.142857142857y )
ind: 215
( ( ( ( ( ( 0.125y * 0.25y ) + 0.166666666667x ) * ( ( 0.2x + 0.2y ) * ( 0.5x * 0.111111111111y ) ) ) * 0.25x ) + ( ( 0.2x * 1.0y ) + ( 0.333333333333y + 0.111111111111x ) ) ) + 0.25y )
ind: 216
( ( 0.25y + ( ( ( ( 1.0x + 0.1x ) + ( 0.333333333333y * 0.2y ) ) + 0.125y ) + 0.125y ) ) * ( ( 0.5x * ( 0.5y * 0.5x ) ) + 0.1y ) )
ind: 217
( 0.25y * ( ( 0.166666666667y * ( 0.125x * ( ( 0.25x * 0.25x ) * ( 0.25y + 0.111111111111y ) ) ) ) * ( 0.1x * 0.125y ) ) )
ind: 218
( ( ( 0.166666666667x * ( ( ( 0.142857142857y + 0.25y ) * 0.5x ) + 0.5y ) ) * ( 1.0x * ( 0.5y + ( 0.333333333333x + 0.142857142857y ) ) ) ) * 0.142857142857y )
ind: 219
( ( ( ( ( ( 0.111111111111y + 0.25y ) * ( 0.142857142857y + 0.25y ) ) * 0.1x ) + 0.25x ) + 0.2y ) + 0.25x )
ind: 220
( ( 0.111111111111x + 0.111111111111y ) * ( 0.111111111111y * 0.166666666667y ) )
ind: 221
( ( ( ( ( ( 0.125y + 1.0x ) * ( 0.333333333333y + 0.5y ) ) * ( ( 0.1x + 0.166666666667y ) + ( 0.125y + 0.2y ) ) ) * 0.142857142857y ) + 0.166666666667x ) + 0.333333333333x )
ind: 222
( 0.125y * ( 0.111111111111y + ( 0.125x + 0.5x ) ) )
ind: 223
( 0.25y * 0.111111111111x )
ind: 224
( 0.166666666667y * 0.1x )
ind: 225
( ( ( ( 0.1x * ( 0.111111111111y + 0.2y ) ) * ( 0.5x * ( ( 0.166666666667x * 0.5x ) + ( 0.2y + 0.5y ) ) ) ) + ( 0.125y + ( 0.1x + ( ( 0.5y * 0.2y ) * 1.0y ) ) ) ) * ( 0.125x * ( ( ( ( 0.2y + 0.111111111111y ) * 0.2x ) * ( 0.142857142857y * 0.166666666667y ) ) + 0.142857142857y ) ) )
ind: 226
( 0.2x * ( 0.2y + 0.2x ) )
ind: 227
( 0.5x * ( 0.5y * ( 0.2x * ( 0.25x + 0.25x ) ) ) )
ind: 228
( ( ( ( 1.0y * 0.166666666667x ) + ( ( 0.125x * 0.1x ) + 0.5y ) ) * 0.333333333333y ) * ( 0.25x + 0.2y ) )
ind: 229
( ( ( 1.0x * ( ( 0.25y + ( 0.5y + 0.25y ) ) + ( ( 0.142857142857x + 0.142857142857y ) + 0.2x ) ) ) + ( 0.2x + ( ( ( 0.142857142857y + 0.333333333333x ) * ( 0.5x + 0.142857142857y ) ) * ( 0.111111111111x * 0.142857142857y ) ) ) ) + ( 0.125y + 1.0y ) )
ind: 230
( ( 1.0y * ( 0.125x + ( ( ( 0.2x + 0.2x ) * 0.111111111111x ) * 0.1y ) ) ) + ( 0.125y + ( 0.1y + 0.25y ) ) )
ind: 231
( ( ( 0.1x * 0.166666666667y ) * ( ( ( ( 0.125x + 0.25y ) * 0.142857142857y ) + ( ( 0.25y * 1.0x ) * ( 0.5x + 0.5x ) ) ) + 0.333333333333y ) ) * ( ( 0.125x + 0.333333333333y ) * ( ( ( ( 0.142857142857y + 0.5y ) + ( 0.142857142857x + 0.25y ) ) + 0.2x ) + 0.333333333333y ) ) )
ind: 232
( 0.5y * 0.111111111111x )
ind: 233
( 0.2y * ( ( ( 0.333333333333x * ( 0.5y * 1.0x ) ) * ( 0.5y + 0.5y ) ) * ( ( ( 0.25y * ( 0.1x * 0.1x ) ) + ( 0.125x * ( 0.5y + 0.1x ) ) ) + 0.25x ) ) )
ind: 234
( ( 0.1y + 0.2y ) * ( 0.125x * ( 0.1y + ( ( ( 0.125x * 0.1x ) + 0.5y ) * 0.25y ) ) ) )
ind: 235
( ( 1.0x + ( ( 0.142857142857y * 0.142857142857x ) * 0.5x ) ) + ( 0.5x * 0.111111111111y ) )
ind: 236
( ( ( ( ( 0.125y * 0.142857142857x ) + 0.5x ) + ( ( ( 0.1x * 0.125y ) + ( 0.142857142857x + 0.125x ) ) + 0.5x ) ) + ( 0.111111111111x * ( 0.125x + 0.142857142857x ) ) ) + 0.25y )
ind: 237
( 0.25y + ( ( 0.1y + 0.111111111111x ) + ( ( 0.5y + ( 0.142857142857x * 0.2x ) ) + ( 0.333333333333x + ( 0.142857142857y + ( 0.333333333333y + 0.142857142857y ) ) ) ) ) )
ind: 238
( 0.111111111111x + ( 0.1x * ( 0.25y + 0.125y ) ) )
ind: 239
( 0.5y + ( ( ( ( 0.166666666667x * 1.0y ) * 0.5y ) * ( 0.1y * 1.0y ) ) + ( 0.125y * 0.25y ) ) )
ind: 240
( ( 0.142857142857y * ( 0.333333333333x + 0.5y ) ) + ( ( ( ( 0.166666666667y + ( 1.0y * 0.2y ) ) * ( ( 0.2x * 0.25y ) * ( 0.166666666667y * 0.142857142857y ) ) ) + 0.125x ) * ( ( 0.166666666667x * 0.125x ) + 0.5y ) ) )
ind: 241
( ( ( 0.1y + 0.1y ) * 0.333333333333x ) + ( 0.111111111111x + 0.2y ) )
ind: 242
( 0.25y + ( ( 0.142857142857x + 0.25y ) + 0.1x ) )
ind: 243
( 0.333333333333x + 0.2y )
ind: 244
( 0.5y + ( 0.5y + 0.166666666667x ) )
ind: 245
( ( ( ( ( ( 0.333333333333x * 0.333333333333y ) * 1.0y ) * 0.111111111111x ) * ( ( ( 0.142857142857x * 0.166666666667x ) * ( 0.125y + 1.0x ) ) * 0.142857142857y ) ) * ( 0.125x * ( ( 1.0y * ( 0.333333333333x * 0.166666666667x ) ) + ( ( 0.111111111111y * 0.142857142857x ) + 0.142857142857y ) ) ) ) + ( ( 0.25y + ( 0.333333333333x * 0.142857142857x ) ) + 0.111111111111x ) )
ind: 246
( ( ( ( 0.1y * ( ( 0.25y * 0.5x ) * 0.142857142857y ) ) * ( 0.333333333333x + ( 0.5y + 0.142857142857x ) ) ) * 0.1y ) + ( ( 0.125x + 0.333333333333y ) * ( ( ( 0.5y * 0.111111111111y ) * ( 0.25y * 0.142857142857x ) ) * ( 0.125x + ( 0.5x + ( 0.25y + 0.2y ) ) ) ) ) )
ind: 247
( 0.25y * ( 0.25x * 0.1x ) )
ind: 248
( 0.25y + ( 0.5y + ( 0.5y * ( 0.125y + ( 0.2x * ( 0.2x * 0.2y ) ) ) ) ) )
ind: 249
( ( ( 1.0y * 0.142857142857x ) + ( 0.142857142857x + ( ( 0.333333333333y * ( 0.125x * 0.142857142857x ) ) * ( 0.142857142857y * 0.25y ) ) ) ) + ( 0.5x * 0.166666666667x ) )
ind: 250
( ( ( 0.166666666667x * ( ( 0.142857142857y + ( 0.333333333333x + 0.142857142857x ) ) + 0.333333333333x ) ) * ( ( ( ( 1.0x + 0.2x ) * 0.25y ) * 0.5x ) * 0.111111111111x ) ) * 1.0y )
ind: 251
( ( ( ( 0.142857142857y * 0.166666666667x ) * ( 0.1y * ( ( 0.166666666667y * 0.25x ) * ( 0.25y + 0.142857142857y ) ) ) ) * ( 0.166666666667y * 1.0x ) ) + 0.125y )
ind: 252
( 0.1y * ( 0.111111111111x * ( ( 0.5y * 0.166666666667y ) * ( ( ( 0.166666666667x * 0.111111111111y ) + 0.1x ) + 0.5y ) ) ) )
ind: 253
( ( ( 0.166666666667y * 0.1y ) * ( ( 1.0y + ( ( 1.0x * 0.125x ) * 0.166666666667x ) ) * ( 0.333333333333y + ( 0.166666666667x * 0.2x ) ) ) ) * ( 1.0y + 0.2x ) )
ind: 254
( 0.142857142857x * ( 0.5y * 0.142857142857x ) )
ind: 255
( ( ( 0.111111111111x * ( 0.125x + ( ( 0.333333333333y + 0.25y ) * ( 0.333333333333y * 0.1y ) ) ) ) * ( 0.142857142857x + ( ( ( 0.5x + 0.142857142857y ) * 0.333333333333x ) * ( ( 0.2x * 0.333333333333x ) + 0.333333333333y ) ) ) ) + 0.2y )
ind: 256
( 0.1x * ( 1.0x + ( ( ( ( 0.333333333333x * 0.111111111111y ) + 0.333333333333x ) + 1.0x ) * 0.2y ) ) )
ind: 257
( 0.333333333333y + ( ( 0.142857142857y * ( ( 1.0x * 0.333333333333y ) * ( ( 0.142857142857y * 0.111111111111y ) + ( 1.0y + 0.111111111111y ) ) ) ) * ( 0.142857142857y * 0.166666666667y ) ) )
ind: 258
( ( ( 0.25y * 0.5y ) + ( 1.0x * 0.111111111111y ) ) + ( ( ( 0.333333333333x * ( 0.5x + ( 0.142857142857x * 0.111111111111y ) ) ) * 0.166666666667y ) * ( 0.125x + 0.25y ) ) )
ind: 259
( ( 0.142857142857x * ( ( ( ( 0.333333333333y * 0.25y ) + 0.333333333333y ) + ( ( 0.5y + 1.0y ) + ( 0.125y + 1.0y ) ) ) * 0.125y ) ) + 0.166666666667x )
ind: 260
( ( ( 0.2x + ( 0.2x * ( ( 1.0x * 0.333333333333y ) + ( 0.25y + 0.2y ) ) ) ) + 0.25x ) * ( 0.125x * ( 0.5x * 0.111111111111x ) ) )
ind: 261
( ( ( ( 1.0y + 0.25y ) + ( 0.166666666667y + 0.2x ) ) + 0.333333333333x ) + ( 0.2y + ( 0.333333333333y + 0.25y ) ) )
ind: 262
( ( ( ( 0.5x * 0.166666666667x ) + 0.25x ) * 0.2y ) * 0.166666666667x )
ind: 263
( ( ( ( 0.125x + ( ( 1.0y + 0.5y ) * ( 0.25y * 1.0x ) ) ) + 0.1y ) * 0.142857142857y ) + ( ( 0.25x + 0.166666666667y ) + 0.125x ) )
ind: 264
( 0.166666666667y + 0.142857142857x )
ind: 265
( 0.1x * ( 0.125y + 0.111111111111y ) )
ind: 266
( 0.125x + ( 0.333333333333x * ( ( 0.5y + ( 0.333333333333y * ( 0.1y * 0.125y ) ) ) * ( 0.1y + ( 0.5y + 0.2x ) ) ) ) )
ind: 267
( ( 0.142857142857x * ( ( ( ( 0.25y + 1.0x ) + ( 0.125y * 0.25x ) ) + 1.0x ) + ( ( ( 0.166666666667x * 0.166666666667y ) * 0.5x ) * 0.2y ) ) ) * 0.25y )
ind: 268
( ( 0.125x * ( 0.142857142857x + 0.5x ) ) + 0.166666666667y )
ind: 269
( ( ( 0.5x + ( 0.333333333333y + 1.0x ) ) * 0.333333333333x ) + 0.5x )
ind: 270
( ( ( ( ( ( 0.111111111111y + 0.1x ) + 1.0y ) * ( 0.1y * ( 0.111111111111y * 0.333333333333x ) ) ) * ( ( 0.333333333333y + 0.5x ) + 0.125x ) ) + ( 0.333333333333x * ( 1.0y * 0.2y ) ) ) * ( 0.25y * ( ( 0.1x + ( ( 0.125x * 0.111111111111x ) + ( 0.1y * 0.125y ) ) ) * ( ( ( 0.125y * 0.1x ) * 0.5y ) * ( ( 0.1y * 0.5y ) + ( 0.142857142857x + 0.1y ) ) ) ) ) )
ind: 271
( ( 0.2y * 0.166666666667y ) + ( ( 0.111111111111x * ( 0.2x * 0.5x ) ) * ( ( ( 0.2x + 0.333333333333y ) + ( ( 0.166666666667y + 0.166666666667x ) * ( 1.0x * 0.142857142857x ) ) ) * ( 0.111111111111y + ( 1.0x + 0.25y ) ) ) ) )
ind: 272
( ( 0.166666666667y + ( 0.2y + ( ( 0.142857142857y + ( 0.1y + 0.25y ) ) * ( ( 0.166666666667x + 0.125y ) * ( 0.142857142857y + 0.333333333333y ) ) ) ) ) + 0.25y )
ind: 273
( ( 0.2x + 0.333333333333x ) + ( ( ( ( 0.333333333333x * 0.2x ) + 0.142857142857y ) * ( ( 0.1x * ( 0.111111111111x * 0.25x ) ) + ( ( 0.142857142857x + 0.142857142857y ) + ( 0.166666666667x * 0.25x ) ) ) ) * 0.142857142857x ) )
ind: 274
( 1.0y + 1.0x )
ind: 275
( ( ( 0.25x * ( 0.125x + ( 0.166666666667x * ( 0.5x * 1.0y ) ) ) ) * 0.1y ) * ( 0.2y * 0.125x ) )
ind: 276
( 0.2y * 0.25x )
ind: 277
( ( ( ( 0.142857142857x * 0.5y ) * 0.142857142857y ) * 0.5y ) + ( 1.0x + 0.142857142857y ) )
ind: 278
( ( 1.0y + 0.5y ) + ( ( 0.142857142857x * 0.142857142857y ) * 0.25y ) )
ind: 279
( ( ( ( 0.5x * ( ( 0.142857142857y + 0.5y ) + ( 0.2x * 0.142857142857x ) ) ) * 0.1y ) * 0.1y ) + 0.5y )
ind: 280
( 0.166666666667y + ( 0.333333333333x + 0.125x ) )
ind: 281
( ( ( 0.125y + 0.2y ) * 0.5x ) * 0.142857142857y )
ind: 282
( 0.5y * ( 0.333333333333x * 0.333333333333y ) )
ind: 283
( 0.1x + ( ( 0.142857142857x * ( ( 0.111111111111x + 0.333333333333y ) * 1.0y ) ) + 0.333333333333y ) )
ind: 284
( ( 0.2y + ( 0.2x + 0.125x ) ) + ( 0.125y * 0.111111111111y ) )
ind: 285
( 0.166666666667y * ( ( ( ( ( 0.111111111111y + 0.5x ) + 0.111111111111x ) * ( ( 0.166666666667y * 0.1x ) + ( 0.166666666667y * 0.166666666667x ) ) ) + 0.166666666667y ) + ( 0.2x * ( 0.142857142857y + ( 0.166666666667y * ( 0.125y * 0.1y ) ) ) ) ) )
ind: 286
( ( ( ( ( 0.166666666667y + 0.166666666667x ) + 0.333333333333y ) + 0.25y ) * ( ( ( ( 0.1y + 0.142857142857y ) + 0.333333333333x ) + ( 0.333333333333x * ( 0.166666666667x + 0.125x ) ) ) * 0.125y ) ) * ( ( 0.2y * ( 0.166666666667x + ( 1.0y * 0.125y ) ) ) + ( 0.111111111111y + 0.111111111111y ) ) )
ind: 287
( ( ( 0.2x * ( ( 0.125y + 0.1y ) * 0.2y ) ) + 0.142857142857y ) * 0.2x )
ind: 288
( ( 0.1x * ( ( 0.111111111111y + 0.125y ) + 0.25x ) ) + 0.125y )
ind: 289
( ( 0.111111111111y + ( ( ( 0.1x + 0.5y ) + ( ( 0.125y * 0.1x ) * ( 0.333333333333x * 0.111111111111x ) ) ) + 0.333333333333x ) ) + ( ( 0.166666666667x + ( ( 0.142857142857y + 0.2y ) * ( ( 0.5x + 0.111111111111y ) + ( 0.333333333333x + 0.111111111111y ) ) ) ) + ( ( 0.111111111111x * 0.166666666667x ) + 1.0y ) ) )
ind: 290
( ( ( ( 0.166666666667y + 0.111111111111x ) + 0.125x ) * 0.25y ) * ( ( ( ( ( 0.333333333333x * 0.111111111111x ) + 1.0y ) * ( ( 1.0x * 0.125x ) + ( 1.0y + 0.25x ) ) ) * ( ( ( 0.125x + 0.25y ) + 0.142857142857x ) + ( 0.142857142857x * 0.1y ) ) ) + ( 0.166666666667y * 0.1x ) ) )
ind: 291
( ( ( 0.2x + ( ( 0.111111111111x * 1.0y ) + ( 0.125y * ( 0.2y * 0.25y ) ) ) ) * ( 0.142857142857y * 0.111111111111y ) ) + 0.142857142857y )
ind: 292
( 0.111111111111y + ( 0.2x * ( ( ( 0.25y * ( 0.125y * 0.5y ) ) * 0.111111111111x ) * ( 0.333333333333x * ( 0.5x * ( 0.25y + 0.25y ) ) ) ) ) )
ind: 293
( 0.142857142857x + ( 0.142857142857y * 0.2y ) )
ind: 294
( 0.166666666667x + 1.0y )
ind: 295
( ( 0.166666666667x * ( ( ( ( 0.125x * 0.2y ) + ( 0.166666666667y + 0.111111111111x ) ) + 1.0y ) * 0.2x ) ) * 0.25x )
ind: 296
( 0.111111111111y * ( 0.2x * 0.5y ) )
ind: 297
( ( 0.125x * 0.1x ) + ( 0.125x + ( ( ( 0.111111111111y + 0.333333333333x ) * ( 0.333333333333x * ( 0.25x * 0.333333333333x ) ) ) * 0.125x ) ) )
ind: 298
( 0.2x + ( 0.125y + ( 0.2x * 0.1x ) ) )
ind: 299
( 0.333333333333x + 1.0y )
ind: 300
( ( 0.1y * ( ( ( 0.166666666667x + 0.166666666667y ) + ( ( 0.125y + 0.333333333333x ) * ( 0.1y * 0.25y ) ) ) + ( ( 0.25x * ( 0.25y * 0.333333333333x ) ) + 0.333333333333x ) ) ) * ( ( ( 1.0y * ( ( 0.166666666667y + 0.142857142857x ) + ( 0.333333333333y * 0.1y ) ) ) * 1.0y ) * ( 0.142857142857x + ( ( ( 0.333333333333x + 0.1y ) + 1.0y ) + 0.166666666667x ) ) ) )
Best Ind: ( 0.166666666667y + 0.111111111111x )
Fitness = 2.30030133893
Worst Ind: ( ( ( ( 0.2x + 0.111111111111x ) + 0.1y ) * 0.1x ) * ( ( 1.0x * 1.0x ) * ( 0.25x + ( ( 0.166666666667x * ( 0.5x + 1.0y ) ) + ( 0.333333333333x * 1.0x ) ) ) ) )
Fitness = 12125309.7018
Avg Fitness = 138441.984218
Duplicated = 2
============================================================================
Evaluate Gen  1
New Population 509
Better than Dads 104
Best Ind: ( 0.166666666667y + 0.111111111111x )
Fitness = 2.30030133893
Worst Ind: ( ( ( 1.0y * 0.142857142857x ) + ( 0.142857142857x + ( ( 0.333333333333y * ( 0.125x * 0.142857142857x ) ) * ( 0.142857142857y * 0.25y ) ) ) ) + ( 0.5x * 0.166666666667x ) )
Fitness = 518.511409149
Avg Fitness = 106.16102793
Duplicated = 18
============================================================================
Evaluate Gen  2
New Population 489
Better than Dads 86
Best Ind: ( 0.166666666667y + 0.111111111111x )
Fitness = 2.30030133893
Worst Ind: ( ( ( ( 0.166666666667y * ( 0.166666666667y * 0.1x ) ) * ( ( ( 0.125y + 0.1y ) * 0.1y ) + ( ( 0.5x * 0.1y ) * ( 1.0y * 0.2y ) ) ) ) + ( 0.1x * ( ( ( 0.5y + 0.142857142857y ) * 0.5x ) * ( 0.25y * 0.5y ) ) ) ) * ( 0.142857142857x * 0.25y ) )
Fitness = 74.8798893217
Avg Fitness = 26.3418411536
Duplicated = 22
============================================================================
Evaluate Gen  3
New Population 486
Better than Dads 102
Best Ind: ( 0.166666666667y + 0.111111111111x )
Fitness = 2.30030133893
Worst Ind: ( 0.111111111111x * ( 0.5x + 0.125y ) )
Fitness = 30.7696073659
Avg Fitness = 16.8388230882
Duplicated = 28
============================================================================
Evaluate Gen  4
New Population 495
Better than Dads 132
Best Ind: ( 0.166666666667y + 0.111111111111x )
Fitness = 2.30030133893
Worst Ind: ( ( ( 0.166666666667x * ( 0.1x + 0.142857142857y ) ) * ( ( 0.2y + ( ( 0.2y * 0.5y ) * 0.125x ) ) + ( 0.125y * 0.111111111111y ) ) ) + 0.125x )
Fitness = 20.9912989224
Avg Fitness = 12.9979251154
Duplicated = 48
============================================================================
Evaluate Gen  5
New Population 490
Better than Dads 125
Best Ind: ( 0.166666666667y + 0.111111111111x )
Fitness = 2.30030133893
Worst Ind: ( 0.333333333333y + 0.166666666667x )
Fitness = 16.2871646105
Avg Fitness = 10.5000812719
Duplicated = 50
============================================================================
Evaluate Gen  6
New Population 501
Better than Dads 148
Best Ind: ( 0.166666666667y + 0.111111111111x )
Fitness = 2.30030133893
Worst Ind: ( 0.111111111111x * ( ( 0.2y * ( 0.166666666667x + ( 1.0y * 0.125y ) ) ) + ( 0.111111111111y + 0.111111111111y ) ) )
Fitness = 13.0860637415
Avg Fitness = 8.78977588597
Duplicated = 50
============================================================================
Evaluate Gen  7
New Population 495
Better than Dads 136
Best Ind: ( 0.166666666667y + 0.111111111111x )
Fitness = 2.30030133893
Worst Ind: ( 0.125y * ( ( 0.25x * 0.166666666667y ) + ( 0.125x + ( 0.2x + ( 0.2x * 0.2y ) ) ) ) )
Fitness = 10.6781181002
Avg Fitness = 7.61374044882
Duplicated = 61
============================================================================
Evaluate Gen  8
New Population 498
Better than Dads 137
Best Ind: ( 0.166666666667y + 0.111111111111x )
Fitness = 2.30030133893
Worst Ind: ( 0.333333333333y * 0.25x )
Fitness = 9.41102279766
Avg Fitness = 6.70038425976
Duplicated = 60
============================================================================
Evaluate Gen  9
New Population 498
Better than Dads 147
Best Ind: ( 0.166666666667y + 0.111111111111x )
Fitness = 2.30030133893
Worst Ind: ( ( 0.1x * ( ( ( 0.1y * ( 0.142857142857x * 0.125x ) ) + 0.125y ) + ( 0.2y + 0.142857142857x ) ) ) + 0.125y )
Fitness = 8.26980090917
Avg Fitness = 5.89870367225
Duplicated = 61
============================================================================
Evaluate Gen  10
New Population 499
Better than Dads 151
Best Ind: ( 0.166666666667y + 0.111111111111x )
Fitness = 2.30030133893
Worst Ind: ( 0.2y + ( 0.2x * 0.25y ) )
Fitness = 7.36976010465
Avg Fitness = 5.23493317371
Duplicated = 58
============================================================================
Evaluate Gen  11
New Population 494
Better than Dads 143
Best Ind: ( 0.166666666667y + 0.111111111111x )
Fitness = 2.30030133893
Worst Ind: ( ( 0.1x * ( ( 0.125x + 0.125y ) + 0.2y ) ) + 0.125y )
Fitness = 6.30985978528
Avg Fitness = 4.74260354385
Duplicated = 66
============================================================================
Evaluate Gen  12
New Population 498
Better than Dads 136
Best Ind: ( 0.166666666667y + 0.111111111111x )
Fitness = 2.30030133893
Worst Ind: ( 0.25y + 0.142857142857x )
Fitness = 5.66577287294
Avg Fitness = 4.23696085168
Duplicated = 78
============================================================================
Evaluate Gen  13
New Population 508
Better than Dads 153
Best Ind: ( 0.166666666667y + 0.111111111111x )
Fitness = 2.30030133893
Worst Ind: ( ( 0.142857142857y * ( 0.111111111111x + 0.333333333333y ) ) + 0.1x )
Fitness = 5.06821216606
Avg Fitness = 3.85004639738
Duplicated = 92
============================================================================
Evaluate Gen  14
New Population 502
Better than Dads 144
Best Ind: ( 0.166666666667y + 0.111111111111x )
Fitness = 2.30030133893
Worst Ind: ( 0.1x + 0.1y )
Fitness = 4.61285622935
Avg Fitness = 3.52304749201
Duplicated = 113
============================================================================
Evaluate Gen  15
New Population 482
Better than Dads 133
Best Ind: ( 0.166666666667y + 0.111111111111x )
Fitness = 2.30030133893
Worst Ind: ( 0.166666666667x + ( 0.1y * ( ( 0.1y * ( 0.142857142857x * 0.125x ) ) * 0.142857142857y ) ) )
Fitness = 4.25525267652
Avg Fitness = 3.23547999039
Duplicated = 136
============================================================================
Evaluate Gen  16
New Population 489
Better than Dads 139
Best Ind: ( 0.166666666667y + 0.111111111111x )
Fitness = 2.30030133893
Worst Ind: ( 0.166666666667x + ( 0.2y * ( 0.125y * 0.333333333333y ) ) )
Fitness = 3.70680247965
Avg Fitness = 2.98733535019
Duplicated = 173
============================================================================
Evaluate Gen  17
New Population 480
Better than Dads 122
Best Ind: ( 0.166666666667y + 0.111111111111x )
Fitness = 2.30030133893
Worst Ind: ( ( 0.142857142857y * 0.166666666667y ) + 0.166666666667x )
Fitness = 3.33594550176
Avg Fitness = 2.832977898
Duplicated = 197
============================================================================
Evaluate Gen  18
New Population 476
Better than Dads 129
Best Ind: ( 0.166666666667y + 0.111111111111x )
Fitness = 2.30030133893
Worst Ind: ( 0.166666666667x + 0.1y )
Fitness = 3.12044431163
Avg Fitness = 2.72662762129
Duplicated = 220
============================================================================
Evaluate Gen  19
New Population 470
Better than Dads 121
Best Ind: ( 0.166666666667y + 0.111111111111x )
Fitness = 2.30030133893
Worst Ind: ( ( 0.142857142857y + 0.1x ) + ( 0.111111111111y * 0.1x ) )
Fitness = 2.99452562551
Avg Fitness = 2.6220835964
Duplicated = 221
============================================================================
Evaluate Gen  20
New Population 463
Better than Dads 114
Best Ind: ( 0.166666666667y + 0.111111111111x )
Fitness = 2.30030133893
Worst Ind: ( 0.125x + 0.1y )
Fitness = 2.74927307309
Avg Fitness = 2.55582356148
Duplicated = 242
============================================================================
Evaluate Gen  21
New Population 463
Better than Dads 129
Best Ind: ( 0.166666666667y + 0.111111111111x )
Fitness = 2.30030133893
Worst Ind: ( ( 0.1y * 0.111111111111y ) + ( 0.111111111111y + 0.125x ) )
Fitness = 2.61997349893
Avg Fitness = 2.52836319741
Duplicated = 262
============================================================================
Evaluate Gen  22
New Population 458
Better than Dads 112
Best Ind: ( 0.166666666667y + 0.111111111111x )
Fitness = 2.30030133893
Worst Ind: ( 0.142857142857x + 0.125y )
Fitness = 2.59206080317
Avg Fitness = 2.50589404802
Duplicated = 269
============================================================================
Evaluate Gen  23
New Population 448
Better than Dads 111
Best Ind: ( 0.166666666667y + 0.111111111111x )
Fitness = 2.30030133893
Worst Ind: ( 0.125y + 0.142857142857x )
Fitness = 2.59206080317
Avg Fitness = 2.48758245123
Duplicated = 268
============================================================================
Evaluate Gen  24
New Population 459
Better than Dads 122
Best Ind: ( 0.166666666667y + 0.111111111111x )
Fitness = 2.30030133893
Worst Ind: ( 0.111111111111y + 0.142857142857x )
Fitness = 2.58310048037
Avg Fitness = 2.46572967942
Duplicated = 274
============================================================================
Evaluate Gen  25
New Population 457
Better than Dads 109
Best Ind: ( 0.166666666667y + 0.111111111111x )
Fitness = 2.30030133893
Worst Ind: ( 0.111111111111y + 0.125x )
Fitness = 2.56467148958
Avg Fitness = 2.43654575818
Duplicated = 277
============================================================================
Evaluate Gen  26
New Population 457
Better than Dads 103
Best Ind: ( 0.166666666667y + 0.111111111111x )
Fitness = 2.30030133893
Worst Ind: ( 0.2y + 0.111111111111x )
Fitness = 2.53380016024
Avg Fitness = 2.40733012292
Duplicated = 281
============================================================================
Evaluate Gen  27
New Population 460
Better than Dads 109
Best Ind: ( 0.166666666667y + 0.111111111111x )
Fitness = 2.30030133893
Worst Ind: ( 0.125x + 0.125y )
Fitness = 2.44242245425
Avg Fitness = 2.39528228569
Duplicated = 288
============================================================================
Evaluate Gen  28
New Population 463
Better than Dads 101
Best Ind: ( 0.166666666667y + 0.111111111111x )
Fitness = 2.30030133893
Worst Ind: ( 0.142857142857y + 0.125x )
Fitness = 2.38895237793
Avg Fitness = 2.38164879063
Duplicated = 291
============================================================================
Evaluate Gen  29
New Population 440
Better than Dads 96
Best Ind: ( 0.166666666667y + 0.111111111111x )
Fitness = 2.30030133893
Worst Ind: ( 0.125x + 0.142857142857y )
Fitness = 2.38895237793
Avg Fitness = 2.38091488135
Duplicated = 291
============================================================================
Evaluate Gen  30
New Population 454
Better than Dads 103
Best Ind: ( 0.166666666667y + 0.111111111111x )
Fitness = 2.30030133893
Worst Ind: ( 0.142857142857y + 0.125x )
Fitness = 2.38895237793
Avg Fitness = 2.37994279415
Duplicated = 291
============================================================================
Evaluate Gen  31
New Population 454
Better than Dads 97
Best Ind: ( 0.166666666667y + 0.111111111111x )
Fitness = 2.30030133893
Worst Ind: ( 0.125x + 0.142857142857y )
Fitness = 2.38895237793
Avg Fitness = 2.37877794347
Duplicated = 291
============================================================================
Evaluate Gen  32
New Population 446
Better than Dads 95
Best Ind: ( 0.166666666667y + 0.111111111111x )
Fitness = 2.30030133893
Worst Ind: ( 0.142857142857y + 0.125x )
Fitness = 2.38895237793
Avg Fitness = 2.37742477159
Duplicated = 291
============================================================================
Evaluate Gen  33
New Population 455
Better than Dads 81
Best Ind: ( 0.166666666667y + 0.111111111111x )
Fitness = 2.30030133893
Worst Ind: ( 0.111111111111x + 0.142857142857y )
Fitness = 2.38180704024
Avg Fitness = 2.37679057576
Duplicated = 293
============================================================================
Evaluate Gen  34
New Population 461
Better than Dads 77
Best Ind: ( 0.166666666667y + 0.111111111111x )
Fitness = 2.30030133893
Worst Ind: ( 0.142857142857y + 0.111111111111x )
Fitness = 2.38180704024
Avg Fitness = 2.37651364681
Duplicated = 293
============================================================================
Evaluate Gen  35
New Population 453
Better than Dads 76
Best Ind: ( 0.166666666667y + 0.111111111111x )
Fitness = 2.30030133893
Worst Ind: ( 0.142857142857y + 0.111111111111x )
Fitness = 2.38180704024
Avg Fitness = 2.37602902116
Duplicated = 293
============================================================================
Evaluate Gen  36
New Population 466
Better than Dads 91
Best Ind: ( 0.166666666667y + 0.111111111111x )
Fitness = 2.30030133893
Worst Ind: ( 0.111111111111x + 0.142857142857y )
Fitness = 2.38180704024
Avg Fitness = 2.37540593103
Duplicated = 293
============================================================================
Evaluate Gen  37
New Population 466
Better than Dads 78
Best Ind: ( 0.166666666667y + 0.111111111111x )
Fitness = 2.30030133893
Worst Ind: ( 0.142857142857y + 0.111111111111x )
Fitness = 2.38180704024
Avg Fitness = 2.37485207314
Duplicated = 293
============================================================================
Evaluate Gen  38
New Population 440
Better than Dads 90
Best Ind: ( 0.166666666667y + 0.111111111111x )
Fitness = 2.30030133893
Worst Ind: ( 0.142857142857y + 0.111111111111x )
Fitness = 2.38180704024
Avg Fitness = 2.3745751442
Duplicated = 293
============================================================================
Evaluate Gen  39
New Population 441
Better than Dads 98
Best Ind: ( 0.166666666667y + 0.111111111111x )
Fitness = 2.30030133893
Worst Ind: ( 0.142857142857y + 0.111111111111x )
Fitness = 2.38180704024
Avg Fitness = 2.37422898301
Duplicated = 293
============================================================================
Evaluate Gen  40
New Population 461
Better than Dads 99
Best Ind: ( 0.166666666667y + 0.111111111111x )
Fitness = 2.30030133893
Worst Ind: ( 0.142857142857y + 0.111111111111x )
Fitness = 2.38180704024
Avg Fitness = 2.3732597317
Duplicated = 293
============================================================================
Evaluate Gen  41
New Population 439
Better than Dads 96
Best Ind: ( 0.166666666667y + 0.111111111111x )
Fitness = 2.30030133893
Worst Ind: ( 0.142857142857y + 0.111111111111x )
Fitness = 2.38180704024
Avg Fitness = 2.37222124816
Duplicated = 293
============================================================================
Evaluate Gen  42
New Population 442
Better than Dads 111
Best Ind: ( 0.166666666667y + 0.111111111111x )
Fitness = 2.30030133893
Worst Ind: ( 0.142857142857y + 0.111111111111x )
Fitness = 2.38180704024
Avg Fitness = 2.37118276461
Duplicated = 293
============================================================================
Evaluate Gen  43
New Population 445
Better than Dads 106
Best Ind: ( 0.166666666667y + 0.111111111111x )
Fitness = 2.30030133893
Worst Ind: ( 0.142857142857y + 0.111111111111x )
Fitness = 2.38180704024
Avg Fitness = 2.37028274554
Duplicated = 293
============================================================================
Evaluate Gen  44
New Population 450
Better than Dads 124
Best Ind: ( 0.166666666667y + 0.111111111111x )
Fitness = 2.30030133893
Worst Ind: ( 0.142857142857y + 0.111111111111x )
Fitness = 2.38180704024
Avg Fitness = 2.36931349423
Duplicated = 293
============================================================================
Evaluate Gen  45
New Population 441
Better than Dads 110
Best Ind: ( 0.166666666667y + 0.111111111111x )
Fitness = 2.30030133893
Worst Ind: ( 0.111111111111x + 0.142857142857y )
Fitness = 2.38180704024
Avg Fitness = 2.36772115279
Duplicated = 293
============================================================================
Evaluate Gen  46
New Population 463
Better than Dads 109
Best Ind: ( 0.166666666667y + 0.111111111111x )
Fitness = 2.30030133893
Worst Ind: ( 0.142857142857y + 0.111111111111x )
Fitness = 2.38180704024
Avg Fitness = 2.3641210765
Duplicated = 293
============================================================================
Evaluate Gen  47
New Population 448
Better than Dads 104
Best Ind: ( 0.166666666667y + 0.111111111111x )
Fitness = 2.30030133893
Worst Ind: ( 0.142857142857y + 0.111111111111x )
Fitness = 2.38180704024
Avg Fitness = 2.36121332258
Duplicated = 293
============================================================================
Evaluate Gen  48
New Population 461
Better than Dads 82
Best Ind: ( 0.166666666667y + 0.111111111111x )
Fitness = 2.30030133893
Worst Ind: ( 0.1x + 0.2y )
Fitness = 2.36103736932
Avg Fitness = 2.35920558772
Duplicated = 294
============================================================================
Evaluate Gen  49
New Population 450
Better than Dads 58
Best Ind: ( 0.166666666667y + 0.111111111111x )
Fitness = 2.30030133893
Worst Ind: ( 0.1x + 0.2y )
Fitness = 2.36103736932
Avg Fitness = 2.35920558772
Duplicated = 294
============================================================================
Evaluate Gen  50
New Population 446
Better than Dads 70
Best Ind: ( 0.166666666667y + 0.111111111111x )
Fitness = 2.30030133893
Worst Ind: ( 0.1x + ( 0.1y + 0.1y ) )
Fitness = 2.36103736932
Avg Fitness = 2.35920558772
Duplicated = 294
