dataset_file= dataset/SR_ellipse_noise.txt
population= 50
generations= 300
tournament_size= 7
cross_over= 0.9
mutation= 0.05
elitism= True
(50, 2)
============================================================================
Build initial population
ind: 1
( 0.166666666667y * ( ( 0.25y * 0.1x ) + 0.333333333333y ) )
ind: 2
( 0.111111111111x + ( 0.1y * 0.25y ) )
ind: 3
( ( ( ( ( ( 0.2y * 0.111111111111y ) * 0.2y ) + ( ( 0.2x + 0.111111111111x ) + ( 0.25y * 0.125x ) ) ) * ( ( 0.125y + 0.111111111111x ) + 0.333333333333y ) ) * ( 0.1x + ( ( 0.1x + ( 1.0x * 0.142857142857y ) ) + 0.333333333333x ) ) ) + ( ( ( ( 1.0y + ( 0.125x + 0.111111111111x ) ) * ( ( 0.5y * 0.2y ) * ( 1.0x + 0.25y ) ) ) * ( 0.25x * ( ( 0.5x * 0.2x ) * ( 0.25x * 0.2y ) ) ) ) + 0.142857142857x ) )
ind: 4
( 0.1x + 0.25y )
ind: 5
( ( ( 0.1y * 0.166666666667x ) * ( 0.111111111111y + 0.1y ) ) + 0.5x )
ind: 6
( 0.25y * ( ( 0.25y * 0.125x ) + 0.142857142857y ) )
ind: 7
( 0.111111111111x + 0.166666666667y )
ind: 8
( 1.0y + ( 0.166666666667x * 0.2y ) )
ind: 9
( 0.1y + ( 0.111111111111y * ( 1.0y * 0.333333333333x ) ) )
ind: 10
( ( 0.25y + ( 0.111111111111x + 0.1y ) ) * 0.1x )
ind: 11
( ( 0.1x * 0.111111111111x ) + ( ( 0.125y + ( ( ( 0.166666666667y * 0.333333333333y ) + 0.2x ) + 0.5x ) ) * 0.25y ) )
ind: 12
( ( ( 0.125x * 0.5y ) * 1.0y ) * 0.2x )
ind: 13
( ( 0.166666666667y + ( ( ( ( 0.5y + 1.0x ) * 0.142857142857x ) * 0.111111111111x ) + ( 0.125y * 0.142857142857x ) ) ) * 1.0y )
ind: 14
( ( 1.0y + 0.25y ) * ( 0.5x + 1.0x ) )
ind: 15
( ( 0.125y + ( 0.166666666667y * 0.2x ) ) + 0.5x )
ind: 16
( 0.111111111111x + ( 0.125y + ( ( ( 0.125y * 0.5x ) + ( 0.25x + ( 0.166666666667x * 0.142857142857x ) ) ) * ( 0.166666666667x * ( ( 0.5y * 0.333333333333x ) + 0.125y ) ) ) ) )
ind: 17
( ( ( 0.166666666667y + 0.333333333333x ) + ( ( ( ( 0.142857142857x + 0.111111111111x ) * ( 0.1x * 0.25x ) ) + ( ( 0.111111111111x * 1.0y ) * ( 1.0x * 0.25y ) ) ) + ( ( ( 0.2y + 0.333333333333y ) + 0.5x ) * ( ( 0.125x + 0.1x ) * 0.333333333333y ) ) ) ) + 0.166666666667y )
ind: 18
( ( 0.5y * ( 0.25x + ( ( 0.333333333333x + ( 0.142857142857y + 0.142857142857y ) ) * 0.166666666667y ) ) ) + 0.142857142857y )
ind: 19
( ( ( 0.1x + 1.0y ) * ( 0.111111111111x + ( ( 0.2x + 1.0x ) * ( 0.25x + ( 0.111111111111x * 0.333333333333y ) ) ) ) ) * ( ( 0.125y + ( 0.125y + ( ( 0.142857142857y + 0.333333333333y ) + ( 0.25x + 0.1y ) ) ) ) + 1.0y ) )
ind: 20
( 0.2x * 1.0y )
ind: 21
( ( ( ( ( 0.25y * ( 0.111111111111y * 0.142857142857x ) ) * ( 0.1x + ( 0.1y + 0.1x ) ) ) * 0.125x ) + 0.2x ) + ( 0.5x * 0.166666666667x ) )
ind: 22
( ( ( ( ( 0.5y + ( 0.25y + 0.333333333333x ) ) + ( 0.142857142857y * ( 0.333333333333x * 0.333333333333x ) ) ) * 0.125y ) * 0.2x ) * ( 0.2y + 0.1y ) )
ind: 23
( ( ( 0.2x + ( ( ( 0.1y * 0.2y ) * ( 0.111111111111x * 0.1x ) ) * 0.25y ) ) * 0.333333333333y ) + 0.333333333333y )
ind: 24
( ( 1.0x * 0.142857142857y ) + 0.333333333333x )
ind: 25
( 1.0y + 0.125x )
ind: 26
( 0.2y * 0.333333333333x )
ind: 27
( 0.111111111111y + 0.1x )
ind: 28
( 0.2y + ( ( ( ( ( 0.111111111111x * 0.111111111111x ) * 0.142857142857y ) * 0.5y ) + ( ( ( 1.0y * 0.2x ) * 0.125x ) * ( ( 0.333333333333x * 0.111111111111x ) * ( 0.5x + 1.0y ) ) ) ) * 0.125y ) )
ind: 29
( ( 0.25y * 0.125x ) + 0.333333333333y )
ind: 30
( ( 0.142857142857x + ( 0.2y * 1.0y ) ) + 0.111111111111x )
ind: 31
( ( 0.166666666667x * ( 0.1x * ( 0.2x * ( 0.125y * 0.1y ) ) ) ) + ( ( ( 0.125x * 0.25x ) + ( 0.333333333333y * ( 0.142857142857y * 1.0y ) ) ) * ( 0.166666666667y * ( ( 0.333333333333x * ( 0.5y + 0.333333333333y ) ) * 0.125x ) ) ) )
ind: 32
( 0.333333333333y + ( ( ( 1.0y * ( 0.2x + ( 0.142857142857y * 0.111111111111x ) ) ) * 0.333333333333x ) + ( 0.166666666667x * 1.0y ) ) )
ind: 33
( ( 0.333333333333y + ( 0.25x * ( ( 0.166666666667y * 0.125y ) + ( ( 0.5y * 1.0y ) + 0.25x ) ) ) ) + ( 0.333333333333x + 0.111111111111y ) )
ind: 34
( ( ( ( 0.25x + ( 0.111111111111y + 0.333333333333y ) ) * ( ( ( 0.1y * 0.111111111111x ) + ( 0.166666666667x * 0.25y ) ) * 0.125y ) ) + 0.166666666667x ) + 0.2y )
ind: 35
( ( 0.2y * 0.111111111111y ) + ( ( 0.142857142857y * 0.5y ) * ( ( ( ( 0.5x + 0.111111111111y ) * ( 0.333333333333x * 0.125y ) ) * 0.125y ) * ( ( ( 0.125y * 0.1x ) + ( 0.333333333333y * 0.142857142857x ) ) * 0.125y ) ) ) )
ind: 36
( ( 0.2x * ( 0.2x + ( 0.1x * ( ( 0.142857142857y + 0.333333333333x ) * ( 0.333333333333x + 1.0y ) ) ) ) ) * 1.0x )
ind: 37
( 0.111111111111y * ( 0.333333333333y * 0.333333333333x ) )
ind: 38
( ( ( ( ( 0.166666666667x + ( 0.125y + 0.333333333333y ) ) + ( ( 0.125x * 0.166666666667y ) * 0.25x ) ) * 0.2x ) * 0.166666666667y ) + ( ( 0.1x + 1.0x ) + 0.2x ) )
ind: 39
( 0.142857142857y * ( 0.5y + ( ( ( 0.111111111111y + 0.2x ) * ( ( 0.25y * 0.5x ) * 0.25y ) ) + 0.5y ) ) )
ind: 40
( ( ( 0.2y + ( 0.125y * 0.333333333333y ) ) * ( ( ( 0.142857142857y * 0.333333333333y ) + ( ( 0.5y + 0.125x ) + ( 0.25y * 1.0x ) ) ) + 0.25x ) ) + ( 0.111111111111y + 0.166666666667x ) )
ind: 41
( 0.1x * ( 0.333333333333x * ( 0.111111111111y + 0.142857142857y ) ) )
ind: 42
( ( 0.5x * ( 0.111111111111y * 0.166666666667x ) ) + 0.125x )
ind: 43
( ( ( ( 0.333333333333x * ( 0.25x * ( 0.166666666667y * 0.166666666667y ) ) ) + ( ( 0.333333333333y + 0.166666666667x ) + ( 0.1y * ( 1.0x + 0.125y ) ) ) ) + ( 0.25y * ( ( ( 0.142857142857y + 1.0y ) * ( 0.2x * 0.2x ) ) + 0.5x ) ) ) * ( ( ( ( ( 0.166666666667x + 0.25x ) * 0.111111111111y ) * ( ( 1.0x + 0.5y ) + 0.125x ) ) + ( ( ( 0.111111111111x * 0.166666666667x ) * ( 0.333333333333y + 0.142857142857y ) ) * ( 0.25y + 0.333333333333y ) ) ) * 0.166666666667x ) )
ind: 44
( 1.0x * ( 0.125x * ( 0.125y + ( ( ( 0.2x + 1.0y ) * ( 0.111111111111y * 0.1x ) ) + 0.5y ) ) ) )
ind: 45
( ( 0.333333333333y + 0.5x ) + ( ( ( 0.5x + ( 0.142857142857x * 0.166666666667y ) ) * ( 0.142857142857x + ( 0.1x * ( 1.0y * 0.125x ) ) ) ) + 0.5x ) )
ind: 46
( ( ( 0.142857142857y * 0.166666666667y ) * ( 0.125y + 0.125x ) ) * 0.142857142857x )
ind: 47
( ( ( ( ( ( 0.333333333333x + 0.1y ) * ( 0.166666666667y * 0.25x ) ) * 0.1x ) + 0.5x ) + ( 0.166666666667y + ( 0.333333333333y + 0.125y ) ) ) + ( ( 0.5y * ( 0.333333333333x + 1.0y ) ) * 0.1y ) )
ind: 48
( 0.1x * ( 0.111111111111x * ( 0.1y * 1.0y ) ) )
ind: 49
( 0.333333333333y * ( 0.142857142857x + 0.111111111111x ) )
ind: 50
( ( ( 0.166666666667x * 0.25y ) + ( 0.2x + ( 0.5y + ( 1.0y * 0.125y ) ) ) ) + ( 0.1x * 0.166666666667x ) )
Best Ind: ( 0.111111111111x + 0.166666666667y )
Fitness = 2.30030133893
Worst Ind: ( ( ( 0.1x + 1.0y ) * ( 0.111111111111x + ( ( 0.2x + 1.0x ) * ( 0.25x + ( 0.111111111111x * 0.333333333333y ) ) ) ) ) * ( ( 0.125y + ( 0.125y + ( ( 0.142857142857y + 0.333333333333y ) + ( 0.25x + 0.1y ) ) ) ) + 1.0y ) )
Fitness = 1878681.07071
Avg Fitness = 45022.1023729
Duplicated = 0
============================================================================
Evaluate Gen  1
New Population 82
Better than Dads 16
Best Ind: ( 0.111111111111x + 0.166666666667y )
Fitness = 2.30030133893
Worst Ind: ( ( 0.125y + ( 0.166666666667y * 0.2x ) ) + 0.5x )
Fitness = 185.709577154
Avg Fitness = 48.8892458302
Duplicated = 3
============================================================================
Evaluate Gen  2
New Population 82
Better than Dads 20
Best Ind: ( 0.111111111111x + 0.166666666667y )
Fitness = 2.30030133893
Worst Ind: ( ( ( 0.142857142857y * 0.166666666667y ) * ( 0.125y + 0.125x ) ) * 0.142857142857x )
Fitness = 40.0204173322
Avg Fitness = 17.8629125633
Duplicated = 0
============================================================================
Evaluate Gen  3
New Population 86
Better than Dads 22
Best Ind: ( 0.111111111111x + 0.166666666667y )
Fitness = 2.30030133893
Worst Ind: ( ( 0.25y * 0.5x ) * 0.25y )
Fitness = 20.5297431069
Avg Fitness = 11.9794222168
Duplicated = 0
============================================================================
Evaluate Gen  4
New Population 88
Better than Dads 27
Best Ind: ( 0.111111111111x + 0.166666666667y )
Fitness = 2.30030133893
Worst Ind: ( 0.2x + ( ( 0.2x + 1.0y ) * ( 0.111111111111y * 0.1x ) ) )
Fitness = 15.1771390469
Avg Fitness = 8.99969099306
Duplicated = 5
============================================================================
Evaluate Gen  5
New Population 89
Better than Dads 23
Best Ind: ( 0.111111111111x + 0.166666666667y )
Fitness = 2.30030133893
Worst Ind: ( ( ( 1.0x * 0.142857142857y ) * ( 0.111111111111y * 0.166666666667x ) ) + 0.125x )
Fitness = 10.6745455466
Avg Fitness = 6.96413091852
Duplicated = 4
============================================================================
Evaluate Gen  6
New Population 81
Better than Dads 20
Best Ind: ( 0.111111111111x + 0.166666666667y )
Fitness = 2.30030133893
Worst Ind: ( ( ( 0.166666666667x * 0.166666666667x ) * ( 0.111111111111y + 0.1y ) ) + 0.333333333333y )
Fitness = 8.83357221892
Avg Fitness = 6.1417956163
Duplicated = 7
============================================================================
Evaluate Gen  7
New Population 86
Better than Dads 23
Best Ind: ( 0.111111111111x + 0.166666666667y )
Fitness = 2.30030133893
Worst Ind: ( ( 0.166666666667x * 0.25y ) + ( 0.111111111111x + ( 0.1y * 0.125x ) ) )
Fitness = 7.90297266519
Avg Fitness = 5.04024273557
Duplicated = 6
============================================================================
Evaluate Gen  8
New Population 81
Better than Dads 22
Best Ind: ( 0.111111111111x + 0.166666666667y )
Fitness = 2.30030133893
Worst Ind: ( ( 0.25y * 0.125x ) + 0.142857142857y )
Fitness = 5.74265848715
Avg Fitness = 4.17691122856
Duplicated = 10
============================================================================
Evaluate Gen  9
New Population 79
Better than Dads 21
Best Ind: ( 0.111111111111x + 0.166666666667y )
Fitness = 2.30030133893
Worst Ind: ( ( 0.2y * ( 0.111111111111y * 0.25y ) ) + 0.125x )
Fitness = 5.17092996469
Avg Fitness = 3.81696315342
Duplicated = 11
============================================================================
Evaluate Gen  10
New Population 77
Better than Dads 19
Best Ind: ( 0.111111111111x + 0.166666666667y )
Fitness = 2.30030133893
Worst Ind: ( ( 0.125x * ( 0.111111111111y + 0.1y ) ) + 0.125x )
Fitness = 4.66176560844
Avg Fitness = 3.53534024365
Duplicated = 11
============================================================================
Evaluate Gen  11
New Population 81
Better than Dads 24
Best Ind: ( 0.111111111111x + 0.166666666667y )
Fitness = 2.30030133893
Worst Ind: ( 0.1x + ( 0.125y * 0.333333333333y ) )
Fitness = 4.14104239053
Avg Fitness = 3.3203181751
Duplicated = 17
============================================================================
Evaluate Gen  12
New Population 77
Better than Dads 22
Best Ind: ( 0.111111111111x + 0.166666666667y )
Fitness = 2.30030133893
Worst Ind: ( ( 0.1x * 0.111111111111y ) + ( ( 0.142857142857y * ( 0.111111111111y + 0.1y ) ) + 0.125x ) )
Fitness = 3.88983105627
Avg Fitness = 3.1357729451
Duplicated = 22
============================================================================
Evaluate Gen  13
New Population 87
Better than Dads 25
Best Ind: ( 0.111111111111x + 0.166666666667y )
Fitness = 2.30030133893
Worst Ind: ( ( ( 0.1y * 0.166666666667x ) * ( 0.111111111111y + 0.1y ) ) + ( 0.1y + 0.125x ) )
Fitness = 3.43079876991
Avg Fitness = 2.8710522336
Duplicated = 25
============================================================================
Evaluate Gen  14
New Population 76
Better than Dads 18
Best Ind: ( 0.111111111111x + 0.166666666667y )
Fitness = 2.30030133893
Worst Ind: ( 0.166666666667x + 0.125y )
Fitness = 3.35942355327
Avg Fitness = 2.73119163262
Duplicated = 25
============================================================================
Evaluate Gen  15
New Population 76
Better than Dads 19
Best Ind: ( 0.111111111111x + 0.166666666667y )
Fitness = 2.30030133893
Worst Ind: ( 0.1x + 0.25y )
Fitness = 3.14326552348
Avg Fitness = 2.61791288663
Duplicated = 29
============================================================================
Evaluate Gen  16
New Population 73
Better than Dads 16
Best Ind: ( 0.111111111111x + 0.166666666667y )
Fitness = 2.30030133893
Worst Ind: ( 0.1y + 0.125x )
Fitness = 2.74927307309
Avg Fitness = 2.54106442482
Duplicated = 35
============================================================================
Evaluate Gen  17
New Population 72
Better than Dads 14
Best Ind: ( 0.111111111111x + 0.166666666667y )
Fitness = 2.30030133893
Worst Ind: ( 0.142857142857x + 0.142857142857y )
Fitness = 2.69324165852
Avg Fitness = 2.48916647483
Duplicated = 37
============================================================================
Evaluate Gen  18
New Population 73
Better than Dads 17
Best Ind: ( 0.111111111111x + 0.166666666667y )
Fitness = 2.30030133893
Worst Ind: ( 0.1x + 0.142857142857y )
Fitness = 2.57944839786
Avg Fitness = 2.45523683608
Duplicated = 38
============================================================================
Evaluate Gen  19
New Population 78
Better than Dads 18
Best Ind: ( 0.111111111111x + 0.166666666667y )
Fitness = 2.30030133893
Worst Ind: ( 0.111111111111y + 0.125x )
Fitness = 2.56467148958
Avg Fitness = 2.42289292902
Duplicated = 40
============================================================================
Evaluate Gen  20
New Population 77
Better than Dads 16
Best Ind: ( 0.111111111111x + 0.166666666667y )
Fitness = 2.30030133893
Worst Ind: ( 0.125y + 0.125x )
Fitness = 2.44242245425
Avg Fitness = 2.39940667648
Duplicated = 43
============================================================================
Evaluate Gen  21
New Population 72
Better than Dads 13
Best Ind: ( 0.111111111111x + 0.166666666667y )
Fitness = 2.30030133893
Worst Ind: ( 0.125y + 0.125x )
Fitness = 2.44242245425
Avg Fitness = 2.38978206274
Duplicated = 43
============================================================================
Evaluate Gen  22
New Population 77
Better than Dads 12
Best Ind: ( 0.111111111111x + 0.166666666667y )
Fitness = 2.30030133893
Worst Ind: ( 0.125x + 0.142857142857y )
Fitness = 2.38895237793
Avg Fitness = 2.38550445663
Duplicated = 45
============================================================================
Evaluate Gen  23
New Population 77
Better than Dads 11
Best Ind: ( 0.111111111111x + 0.166666666667y )
Fitness = 2.30030133893
Worst Ind: ( 0.142857142857y + 0.125x )
Fitness = 2.38895237793
Avg Fitness = 2.38550445663
Duplicated = 45
============================================================================
Evaluate Gen  24
New Population 73
Better than Dads 13
Best Ind: ( 0.111111111111x + 0.166666666667y )
Fitness = 2.30030133893
Worst Ind: ( 0.125x + 0.142857142857y )
Fitness = 2.38895237793
Avg Fitness = 2.38550445663
Duplicated = 45
============================================================================
Evaluate Gen  25
New Population 73
Better than Dads 12
Best Ind: ( 0.111111111111x + 0.166666666667y )
Fitness = 2.30030133893
Worst Ind: ( 0.142857142857y + 0.125x )
Fitness = 2.38895237793
Avg Fitness = 2.38494615646
Duplicated = 45
============================================================================
Evaluate Gen  26
New Population 76
Better than Dads 12
Best Ind: ( 0.111111111111x + 0.166666666667y )
Fitness = 2.30030133893
Worst Ind: ( 0.125x + 0.142857142857y )
Fitness = 2.38895237793
Avg Fitness = 2.38494615646
Duplicated = 45
============================================================================
Evaluate Gen  27
New Population 75
Better than Dads 11
Best Ind: ( 0.111111111111x + 0.166666666667y )
Fitness = 2.30030133893
Worst Ind: ( 0.125x + 0.142857142857y )
Fitness = 2.38895237793
Avg Fitness = 2.38494615646
Duplicated = 45
============================================================================
Evaluate Gen  28
New Population 77
Better than Dads 13
Best Ind: ( 0.111111111111x + 0.166666666667y )
Fitness = 2.30030133893
Worst Ind: ( 0.125x + 0.142857142857y )
Fitness = 2.38895237793
Avg Fitness = 2.38494615646
Duplicated = 45
============================================================================
Evaluate Gen  29
New Population 77
Better than Dads 15
Best Ind: ( 0.111111111111x + 0.166666666667y )
Fitness = 2.30030133893
Worst Ind: ( 0.142857142857y + 0.125x )
Fitness = 2.38895237793
Avg Fitness = 2.38494615646
Duplicated = 45
============================================================================
Evaluate Gen  30
New Population 77
Better than Dads 11
Best Ind: ( 0.111111111111x + 0.166666666667y )
Fitness = 2.30030133893
Worst Ind: ( 0.125x + 0.142857142857y )
Fitness = 2.38895237793
Avg Fitness = 2.38494615646
Duplicated = 45
============================================================================
Evaluate Gen  31
New Population 76
Better than Dads 8
Best Ind: ( 0.111111111111x + 0.166666666667y )
Fitness = 2.30030133893
Worst Ind: ( 0.125x + 0.142857142857y )
Fitness = 2.38895237793
Avg Fitness = 2.38494615646
Duplicated = 45
============================================================================
Evaluate Gen  32
New Population 75
Better than Dads 13
Best Ind: ( 0.111111111111x + 0.166666666667y )
Fitness = 2.30030133893
Worst Ind: ( 0.142857142857y + 0.125x )
Fitness = 2.38895237793
Avg Fitness = 2.38494615646
Duplicated = 45
============================================================================
Evaluate Gen  33
New Population 73
Better than Dads 11
Best Ind: ( 0.111111111111x + 0.166666666667y )
Fitness = 2.30030133893
Worst Ind: ( 0.125x + 0.142857142857y )
Fitness = 2.38895237793
Avg Fitness = 2.38494615646
Duplicated = 45
============================================================================
Evaluate Gen  34
New Population 73
Better than Dads 9
Best Ind: ( 0.111111111111x + 0.166666666667y )
Fitness = 2.30030133893
Worst Ind: ( 0.142857142857y + 0.125x )
Fitness = 2.38895237793
Avg Fitness = 2.38494615646
Duplicated = 45
============================================================================
Evaluate Gen  35
New Population 70
Better than Dads 14
Best Ind: ( 0.111111111111x + 0.166666666667y )
Fitness = 2.30030133893
Worst Ind: ( 0.142857142857y + 0.125x )
Fitness = 2.38895237793
Avg Fitness = 2.38494615646
Duplicated = 45
============================================================================
Evaluate Gen  36
New Population 78
Better than Dads 12
Best Ind: ( 0.111111111111x + 0.166666666667y )
Fitness = 2.30030133893
Worst Ind: ( 0.142857142857y + 0.125x )
Fitness = 2.38895237793
Avg Fitness = 2.38494615646
Duplicated = 45
============================================================================
Evaluate Gen  37
New Population 73
Better than Dads 9
Best Ind: ( 0.111111111111x + 0.166666666667y )
Fitness = 2.30030133893
Worst Ind: ( 0.125x + 0.142857142857y )
Fitness = 2.38895237793
Avg Fitness = 2.38382955611
Duplicated = 45
============================================================================
Evaluate Gen  38
New Population 75
Better than Dads 17
Best Ind: ( 0.111111111111x + 0.166666666667y )
Fitness = 2.30030133893
Worst Ind: ( 0.125x + 0.142857142857y )
Fitness = 2.38895237793
Avg Fitness = 2.38382955611
Duplicated = 45
============================================================================
Evaluate Gen  39
New Population 73
Better than Dads 11
Best Ind: ( 0.111111111111x + 0.166666666667y )
Fitness = 2.30030133893
Worst Ind: ( 0.142857142857y + 0.125x )
Fitness = 2.38895237793
Avg Fitness = 2.38382955611
Duplicated = 45
============================================================================
Evaluate Gen  40
New Population 78
Better than Dads 12
Best Ind: ( 0.111111111111x + 0.166666666667y )
Fitness = 2.30030133893
Worst Ind: ( 0.125x + 0.142857142857y )
Fitness = 2.38895237793
Avg Fitness = 2.38382955611
Duplicated = 45
============================================================================
Evaluate Gen  41
New Population 70
Better than Dads 14
Best Ind: ( 0.111111111111x + 0.166666666667y )
Fitness = 2.30030133893
Worst Ind: ( 0.125x + 0.142857142857y )
Fitness = 2.38895237793
Avg Fitness = 2.38382955611
Duplicated = 45
============================================================================
Evaluate Gen  42
New Population 79
Better than Dads 14
Best Ind: ( 0.111111111111x + 0.166666666667y )
Fitness = 2.30030133893
Worst Ind: ( 0.142857142857y + 0.125x )
Fitness = 2.38895237793
Avg Fitness = 2.38327125594
Duplicated = 45
============================================================================
Evaluate Gen  43
New Population 72
Better than Dads 14
Best Ind: ( 0.111111111111x + 0.166666666667y )
Fitness = 2.30030133893
Worst Ind: ( 0.142857142857y + 0.125x )
Fitness = 2.38895237793
Avg Fitness = 2.38327125594
Duplicated = 45
============================================================================
Evaluate Gen  44
New Population 72
Better than Dads 12
Best Ind: ( 0.111111111111x + 0.166666666667y )
Fitness = 2.30030133893
Worst Ind: ( 0.125x + 0.142857142857y )
Fitness = 2.38895237793
Avg Fitness = 2.38327125594
Duplicated = 45
============================================================================
Evaluate Gen  45
New Population 76
Better than Dads 14
Best Ind: ( 0.111111111111x + 0.166666666667y )
Fitness = 2.30030133893
Worst Ind: ( 0.125x + 0.142857142857y )
Fitness = 2.38895237793
Avg Fitness = 2.38327125594
Duplicated = 45
============================================================================
Evaluate Gen  46
New Population 74
Better than Dads 12
Best Ind: ( 0.111111111111x + 0.166666666667y )
Fitness = 2.30030133893
Worst Ind: ( 0.142857142857y + 0.125x )
Fitness = 2.38895237793
Avg Fitness = 2.38327125594
Duplicated = 45
============================================================================
Evaluate Gen  47
New Population 72
Better than Dads 11
Best Ind: ( 0.111111111111x + 0.166666666667y )
Fitness = 2.30030133893
Worst Ind: ( 0.125x + 0.142857142857y )
Fitness = 2.38895237793
Avg Fitness = 2.38271295577
Duplicated = 45
============================================================================
Evaluate Gen  48
New Population 76
Better than Dads 14
Best Ind: ( 0.111111111111x + 0.166666666667y )
Fitness = 2.30030133893
Worst Ind: ( 0.125x + 0.142857142857y )
Fitness = 2.38895237793
Avg Fitness = 2.38159635543
Duplicated = 45
============================================================================
Evaluate Gen  49
New Population 75
Better than Dads 13
Best Ind: ( 0.111111111111x + 0.166666666667y )
Fitness = 2.30030133893
Worst Ind: ( 0.125x + 0.142857142857y )
Fitness = 2.38895237793
Avg Fitness = 2.38159635543
Duplicated = 45
============================================================================
Evaluate Gen  50
New Population 83
Better than Dads 15
Best Ind: ( 0.111111111111x + 0.166666666667y )
Fitness = 2.30030133893
Worst Ind: ( 0.142857142857y + 0.125x )
Fitness = 2.38895237793
Avg Fitness = 2.38047975508
Duplicated = 45
============================================================================
Evaluate Gen  51
New Population 76
Better than Dads 20
Best Ind: ( 0.111111111111x + 0.166666666667y )
Fitness = 2.30030133893
Worst Ind: ( 0.125x + 0.142857142857y )
Fitness = 2.38895237793
Avg Fitness = 2.38047975508
Duplicated = 45
============================================================================
Evaluate Gen  52
New Population 75
Better than Dads 15
Best Ind: ( 0.111111111111x + 0.166666666667y )
Fitness = 2.30030133893
Worst Ind: ( 0.125x + 0.142857142857y )
Fitness = 2.38895237793
Avg Fitness = 2.37936315474
Duplicated = 45
============================================================================
Evaluate Gen  53
New Population 75
Better than Dads 18
Best Ind: ( 0.111111111111x + 0.166666666667y )
Fitness = 2.30030133893
Worst Ind: ( 0.125x + 0.142857142857y )
Fitness = 2.38895237793
Avg Fitness = 2.37880485457
Duplicated = 45
============================================================================
Evaluate Gen  54
New Population 78
Better than Dads 19
Best Ind: ( 0.111111111111x + 0.166666666667y )
Fitness = 2.30030133893
Worst Ind: ( 0.142857142857y + 0.125x )
Fitness = 2.38895237793
Avg Fitness = 2.37712995405
Duplicated = 45
============================================================================
Evaluate Gen  55
New Population 71
Better than Dads 14
Best Ind: ( 0.111111111111x + 0.166666666667y )
Fitness = 2.30030133893
Worst Ind: ( 0.142857142857y + 0.125x )
Fitness = 2.38895237793
Avg Fitness = 2.37657165388
Duplicated = 45
============================================================================
Evaluate Gen  56
New Population 78
Better than Dads 24
Best Ind: ( 0.111111111111x + 0.166666666667y )
Fitness = 2.30030133893
Worst Ind: ( 0.125x + 0.142857142857y )
Fitness = 2.38895237793
Avg Fitness = 2.37545505353
Duplicated = 45
============================================================================
Evaluate Gen  57
New Population 74
Better than Dads 16
Best Ind: ( 0.111111111111x + 0.166666666667y )
Fitness = 2.30030133893
Worst Ind: ( 0.142857142857y + 0.125x )
Fitness = 2.38895237793
Avg Fitness = 2.37322185285
Duplicated = 45
============================================================================
Evaluate Gen  58
New Population 74
Better than Dads 21
Best Ind: ( 0.111111111111x + 0.166666666667y )
Fitness = 2.30030133893
Worst Ind: ( 0.142857142857y + 0.125x )
Fitness = 2.38895237793
Avg Fitness = 2.37154695233
Duplicated = 45
============================================================================
Evaluate Gen  59
New Population 77
Better than Dads 22
Best Ind: ( 0.111111111111x + 0.166666666667y )
Fitness = 2.30030133893
Worst Ind: ( 0.142857142857y + 0.125x )
Fitness = 2.38895237793
Avg Fitness = 2.36875545147
Duplicated = 45
============================================================================
Evaluate Gen  60
New Population 70
Better than Dads 16
Best Ind: ( 0.111111111111x + 0.166666666667y )
Fitness = 2.30030133893
Worst Ind: ( 0.142857142857y + 0.125x )
Fitness = 2.38895237793
Avg Fitness = 2.36652225078
Duplicated = 45
============================================================================
Evaluate Gen  61
New Population 72
Better than Dads 16
Best Ind: ( 0.111111111111x + 0.166666666667y )
Fitness = 2.30030133893
Worst Ind: ( 0.142857142857y + 0.125x )
Fitness = 2.38895237793
Avg Fitness = 2.36317244975
Duplicated = 45
============================================================================
Evaluate Gen  62
New Population 75
Better than Dads 12
Best Ind: ( 0.111111111111x + 0.166666666667y )
Fitness = 2.30030133893
Worst Ind: ( 0.2y + 0.1x )
Fitness = 2.36103736932
Avg Fitness = 2.35982264872
Duplicated = 47
============================================================================
Evaluate Gen  63
New Population 78
Better than Dads 12
Best Ind: ( 0.111111111111x + 0.166666666667y )
Fitness = 2.30030133893
Worst Ind: ( 0.1x + 0.2y )
Fitness = 2.36103736932
Avg Fitness = 2.35982264872
Duplicated = 47
============================================================================
Evaluate Gen  64
New Population 83
Better than Dads 9
Best Ind: ( 0.111111111111x + 0.166666666667y )
Fitness = 2.30030133893
Worst Ind: ( 0.1x + 0.2y )
Fitness = 2.36103736932
Avg Fitness = 2.35982264872
Duplicated = 47
============================================================================
Evaluate Gen  65
New Population 73
Better than Dads 9
Best Ind: ( 0.111111111111x + 0.166666666667y )
Fitness = 2.30030133893
Worst Ind: ( 0.2y + 0.1x )
Fitness = 2.36103736932
Avg Fitness = 2.35982264872
Duplicated = 47
============================================================================
Evaluate Gen  66
New Population 72
Better than Dads 10
Best Ind: ( 0.111111111111x + 0.166666666667y )
Fitness = 2.30030133893
Worst Ind: ( 0.2y + 0.1x )
Fitness = 2.36103736932
Avg Fitness = 2.35982264872
Duplicated = 47
============================================================================
Evaluate Gen  67
New Population 75
Better than Dads 9
Best Ind: ( 0.111111111111x + 0.166666666667y )
Fitness = 2.30030133893
Worst Ind: ( 0.2y + 0.1x )
Fitness = 2.36103736932
Avg Fitness = 2.35982264872
Duplicated = 47
============================================================================
Evaluate Gen  68
New Population 75
Better than Dads 9
Best Ind: ( 0.111111111111x + 0.166666666667y )
Fitness = 2.30030133893
Worst Ind: ( 0.2y + 0.1x )
Fitness = 2.36103736932
Avg Fitness = 2.35982264872
Duplicated = 47
============================================================================
Evaluate Gen  69
New Population 75
Better than Dads 11
Best Ind: ( 0.111111111111x + 0.166666666667y )
Fitness = 2.30030133893
Worst Ind: ( 0.2y + 0.1x )
Fitness = 2.36103736932
Avg Fitness = 2.35982264872
Duplicated = 47
============================================================================
Evaluate Gen  70
New Population 77
Better than Dads 11
Best Ind: ( 0.111111111111x + 0.166666666667y )
Fitness = 2.30030133893
Worst Ind: ( 0.2y + 0.1x )
Fitness = 2.36103736932
Avg Fitness = 2.35982264872
Duplicated = 47
============================================================================
Evaluate Gen  71
New Population 76
Better than Dads 14
Best Ind: ( 0.111111111111x + 0.166666666667y )
Fitness = 2.30030133893
Worst Ind: ( 0.2y + 0.1x )
Fitness = 2.36103736932
Avg Fitness = 2.35982264872
Duplicated = 47
============================================================================
Evaluate Gen  72
New Population 78
Better than Dads 8
Best Ind: ( 0.111111111111x + 0.166666666667y )
Fitness = 2.30030133893
Worst Ind: ( 0.2y + 0.1x )
Fitness = 2.36103736932
Avg Fitness = 2.35982264872
Duplicated = 47
============================================================================
Evaluate Gen  73
New Population 77
Better than Dads 9
Best Ind: ( 0.111111111111x + 0.166666666667y )
Fitness = 2.30030133893
Worst Ind: ( 0.2y + 0.1x )
Fitness = 2.36103736932
Avg Fitness = 2.35982264872
Duplicated = 47
============================================================================
Evaluate Gen  74
New Population 74
Better than Dads 8
Best Ind: ( 0.111111111111x + 0.166666666667y )
Fitness = 2.30030133893
Worst Ind: ( 0.1x + 0.2y )
Fitness = 2.36103736932
Avg Fitness = 2.35982264872
Duplicated = 47
============================================================================
Evaluate Gen  75
New Population 70
Better than Dads 8
Best Ind: ( 0.111111111111x + 0.166666666667y )
Fitness = 2.30030133893
Worst Ind: ( 0.2y + 0.1x )
Fitness = 2.36103736932
Avg Fitness = 2.35982264872
Duplicated = 47
============================================================================
Evaluate Gen  76
New Population 73
Better than Dads 11
Best Ind: ( 0.111111111111x + 0.166666666667y )
Fitness = 2.30030133893
Worst Ind: ( 0.1x + 0.2y )
Fitness = 2.36103736932
Avg Fitness = 2.35982264872
Duplicated = 47
============================================================================
Evaluate Gen  77
New Population 78
Better than Dads 10
Best Ind: ( 0.111111111111x + 0.166666666667y )
Fitness = 2.30030133893
Worst Ind: ( 0.1x + 0.2y )
Fitness = 2.36103736932
Avg Fitness = 2.35982264872
Duplicated = 47
============================================================================
Evaluate Gen  78
New Population 81
Better than Dads 11
Best Ind: ( 0.111111111111x + 0.166666666667y )
Fitness = 2.30030133893
Worst Ind: ( 0.2y + 0.1x )
Fitness = 2.36103736932
Avg Fitness = 2.35982264872
Duplicated = 47
============================================================================
Evaluate Gen  79
New Population 76
Better than Dads 10
Best Ind: ( 0.111111111111x + 0.166666666667y )
Fitness = 2.30030133893
Worst Ind: ( 0.2y + 0.1x )
Fitness = 2.36103736932
Avg Fitness = 2.35982264872
Duplicated = 47
============================================================================
Evaluate Gen  80
New Population 71
Better than Dads 13
Best Ind: ( 0.111111111111x + 0.166666666667y )
Fitness = 2.30030133893
Worst Ind: ( 0.2y + 0.1x )
Fitness = 2.36103736932
Avg Fitness = 2.35982264872
Duplicated = 47
============================================================================
Evaluate Gen  81
New Population 76
Better than Dads 12
Best Ind: ( 0.111111111111x + 0.166666666667y )
Fitness = 2.30030133893
Worst Ind: ( 0.1x + 0.2y )
Fitness = 2.36103736932
Avg Fitness = 2.35982264872
Duplicated = 47
============================================================================
Evaluate Gen  82
New Population 78
Better than Dads 10
Best Ind: ( 0.111111111111x + 0.166666666667y )
Fitness = 2.30030133893
Worst Ind: ( 0.2y + 0.1x )
Fitness = 2.36103736932
Avg Fitness = 2.35982264872
Duplicated = 47
============================================================================
Evaluate Gen  83
New Population 75
Better than Dads 9
Best Ind: ( 0.111111111111x + 0.166666666667y )
Fitness = 2.30030133893
Worst Ind: ( 0.2y + 0.1x )
Fitness = 2.36103736932
Avg Fitness = 2.35982264872
Duplicated = 47
============================================================================
Evaluate Gen  84
New Population 74
Better than Dads 12
Best Ind: ( 0.111111111111x + 0.166666666667y )
Fitness = 2.30030133893
Worst Ind: ( 0.2y + 0.1x )
Fitness = 2.36103736932
Avg Fitness = 2.35982264872
Duplicated = 47
============================================================================
Evaluate Gen  85
New Population 69
Better than Dads 11
Best Ind: ( 0.111111111111x + 0.166666666667y )
Fitness = 2.30030133893
Worst Ind: ( 0.2y + 0.1x )
Fitness = 2.36103736932
Avg Fitness = 2.35982264872
Duplicated = 47
============================================================================
Evaluate Gen  86
New Population 76
Better than Dads 10
Best Ind: ( 0.111111111111x + 0.166666666667y )
Fitness = 2.30030133893
Worst Ind: ( 0.2y + 0.1x )
Fitness = 2.36103736932
Avg Fitness = 2.35982264872
Duplicated = 47
============================================================================
Evaluate Gen  87
New Population 77
Better than Dads 7
Best Ind: ( 0.111111111111x + 0.166666666667y )
Fitness = 2.30030133893
Worst Ind: ( 0.2y + 0.1x )
Fitness = 2.36103736932
Avg Fitness = 2.35982264872
Duplicated = 47
============================================================================
Evaluate Gen  88
New Population 76
Better than Dads 8
Best Ind: ( 0.111111111111x + 0.166666666667y )
Fitness = 2.30030133893
Worst Ind: ( 0.1x + 0.2y )
Fitness = 2.36103736932
Avg Fitness = 2.35982264872
Duplicated = 47
============================================================================
Evaluate Gen  89
New Population 74
Better than Dads 10
Best Ind: ( 0.111111111111x + 0.166666666667y )
Fitness = 2.30030133893
Worst Ind: ( 0.2y + 0.1x )
Fitness = 2.36103736932
Avg Fitness = 2.35982264872
Duplicated = 47
============================================================================
Evaluate Gen  90
New Population 77
Better than Dads 9
Best Ind: ( 0.111111111111x + 0.166666666667y )
Fitness = 2.30030133893
Worst Ind: ( 0.2y + 0.1x )
Fitness = 2.36103736932
Avg Fitness = 2.35982264872
Duplicated = 47
============================================================================
Evaluate Gen  91
New Population 71
Better than Dads 9
Best Ind: ( 0.111111111111x + 0.166666666667y )
Fitness = 2.30030133893
Worst Ind: ( 0.2y + 0.1x )
Fitness = 2.36103736932
Avg Fitness = 2.35982264872
Duplicated = 47
============================================================================
Evaluate Gen  92
New Population 81
Better than Dads 9
Best Ind: ( 0.111111111111x + 0.166666666667y )
Fitness = 2.30030133893
Worst Ind: ( 0.2y + 0.1x )
Fitness = 2.36103736932
Avg Fitness = 2.35982264872
Duplicated = 47
============================================================================
Evaluate Gen  93
New Population 77
Better than Dads 9
Best Ind: ( 0.111111111111x + 0.166666666667y )
Fitness = 2.30030133893
Worst Ind: ( 0.2y + 0.1x )
Fitness = 2.36103736932
Avg Fitness = 2.35982264872
Duplicated = 47
============================================================================
Evaluate Gen  94
New Population 77
Better than Dads 9
Best Ind: ( 0.111111111111x + 0.166666666667y )
Fitness = 2.30030133893
Worst Ind: ( 0.2y + 0.1x )
Fitness = 2.36103736932
Avg Fitness = 2.35982264872
Duplicated = 47
============================================================================
Evaluate Gen  95
New Population 74
Better than Dads 8
Best Ind: ( 0.111111111111x + 0.166666666667y )
Fitness = 2.30030133893
Worst Ind: ( 0.2y + 0.1x )
Fitness = 2.36103736932
Avg Fitness = 2.35982264872
Duplicated = 47
============================================================================
Evaluate Gen  96
New Population 73
Better than Dads 11
Best Ind: ( 0.111111111111x + 0.166666666667y )
Fitness = 2.30030133893
Worst Ind: ( 0.2y + 0.1x )
Fitness = 2.36103736932
Avg Fitness = 2.35982264872
Duplicated = 47
============================================================================
Evaluate Gen  97
New Population 73
Better than Dads 7
Best Ind: ( 0.111111111111x + 0.166666666667y )
Fitness = 2.30030133893
Worst Ind: ( 0.2y + 0.1x )
Fitness = 2.36103736932
Avg Fitness = 2.35982264872
Duplicated = 47
============================================================================
Evaluate Gen  98
New Population 80
Better than Dads 6
Best Ind: ( 0.111111111111x + 0.166666666667y )
Fitness = 2.30030133893
Worst Ind: ( 0.2y + 0.1x )
Fitness = 2.36103736932
Avg Fitness = 2.35982264872
Duplicated = 47
============================================================================
Evaluate Gen  99
New Population 81
Better than Dads 7
Best Ind: ( 0.111111111111x + 0.166666666667y )
Fitness = 2.30030133893
Worst Ind: ( 0.2y + 0.1x )
Fitness = 2.36103736932
Avg Fitness = 2.35982264872
Duplicated = 47
============================================================================
Evaluate Gen  100
New Population 71
Better than Dads 13
Best Ind: ( 0.111111111111x + 0.166666666667y )
Fitness = 2.30030133893
Worst Ind: ( 0.2y + 0.1x )
Fitness = 2.36103736932
Avg Fitness = 2.35982264872
Duplicated = 47
============================================================================
Evaluate Gen  101
New Population 74
Better than Dads 12
Best Ind: ( 0.111111111111x + 0.166666666667y )
Fitness = 2.30030133893
Worst Ind: ( 0.1x + 0.2y )
Fitness = 2.36103736932
Avg Fitness = 2.35982264872
Duplicated = 47
============================================================================
Evaluate Gen  102
New Population 71
Better than Dads 9
Best Ind: ( 0.111111111111x + 0.166666666667y )
Fitness = 2.30030133893
Worst Ind: ( 0.2y + 0.1x )
Fitness = 2.36103736932
Avg Fitness = 2.35982264872
Duplicated = 47
============================================================================
Evaluate Gen  103
New Population 73
Better than Dads 15
Best Ind: ( 0.111111111111x + 0.166666666667y )
Fitness = 2.30030133893
Worst Ind: ( 0.2y + 0.1x )
Fitness = 2.36103736932
Avg Fitness = 2.35982264872
Duplicated = 47
============================================================================
Evaluate Gen  104
New Population 71
Better than Dads 11
Best Ind: ( 0.111111111111x + 0.166666666667y )
Fitness = 2.30030133893
Worst Ind: ( 0.2y + 0.1x )
Fitness = 2.36103736932
Avg Fitness = 2.35982264872
Duplicated = 47
============================================================================
Evaluate Gen  105
New Population 75
Better than Dads 9
Best Ind: ( 0.111111111111x + 0.166666666667y )
Fitness = 2.30030133893
Worst Ind: ( 0.2y + 0.1x )
Fitness = 2.36103736932
Avg Fitness = 2.35982264872
Duplicated = 47
============================================================================
Evaluate Gen  106
New Population 75
Better than Dads 11
Best Ind: ( 0.111111111111x + 0.166666666667y )
Fitness = 2.30030133893
Worst Ind: ( 0.2y + 0.1x )
Fitness = 2.36103736932
Avg Fitness = 2.35982264872
Duplicated = 47
============================================================================
Evaluate Gen  107
New Population 72
Better than Dads 10
Best Ind: ( 0.111111111111x + 0.166666666667y )
Fitness = 2.30030133893
Worst Ind: ( 0.2y + 0.1x )
Fitness = 2.36103736932
Avg Fitness = 2.35982264872
Duplicated = 47
============================================================================
Evaluate Gen  108
New Population 75
Better than Dads 11
Best Ind: ( 0.111111111111x + 0.166666666667y )
Fitness = 2.30030133893
Worst Ind: ( 0.1x + 0.2y )
Fitness = 2.36103736932
Avg Fitness = 2.35982264872
Duplicated = 47
============================================================================
Evaluate Gen  109
New Population 73
Better than Dads 11
Best Ind: ( 0.111111111111x + 0.166666666667y )
Fitness = 2.30030133893
Worst Ind: ( 0.2y + 0.1x )
Fitness = 2.36103736932
Avg Fitness = 2.35982264872
Duplicated = 47
============================================================================
Evaluate Gen  110
New Population 78
Better than Dads 10
Best Ind: ( 0.111111111111x + 0.166666666667y )
Fitness = 2.30030133893
Worst Ind: ( 0.1x + 0.2y )
Fitness = 2.36103736932
Avg Fitness = 2.35982264872
Duplicated = 47
============================================================================
Evaluate Gen  111
New Population 77
Better than Dads 11
Best Ind: ( 0.111111111111x + 0.166666666667y )
Fitness = 2.30030133893
Worst Ind: ( 0.1x + 0.2y )
Fitness = 2.36103736932
Avg Fitness = 2.35982264872
Duplicated = 47
============================================================================
Evaluate Gen  112
New Population 72
Better than Dads 10
Best Ind: ( 0.111111111111x + 0.166666666667y )
Fitness = 2.30030133893
Worst Ind: ( 0.2y + 0.1x )
Fitness = 2.36103736932
Avg Fitness = 2.35982264872
Duplicated = 47
============================================================================
Evaluate Gen  113
New Population 80
Better than Dads 8
Best Ind: ( 0.111111111111x + 0.166666666667y )
Fitness = 2.30030133893
Worst Ind: ( 0.2y + 0.1x )
Fitness = 2.36103736932
Avg Fitness = 2.35982264872
Duplicated = 47
============================================================================
Evaluate Gen  114
New Population 76
Better than Dads 8
Best Ind: ( 0.111111111111x + 0.166666666667y )
Fitness = 2.30030133893
Worst Ind: ( 0.2y + 0.1x )
Fitness = 2.36103736932
Avg Fitness = 2.35982264872
Duplicated = 47
============================================================================
Evaluate Gen  115
New Population 76
Better than Dads 10
Best Ind: ( 0.111111111111x + 0.166666666667y )
Fitness = 2.30030133893
Worst Ind: ( 0.2y + 0.1x )
Fitness = 2.36103736932
Avg Fitness = 2.35982264872
Duplicated = 47
============================================================================
Evaluate Gen  116
New Population 74
Better than Dads 12
Best Ind: ( 0.111111111111x + 0.166666666667y )
Fitness = 2.30030133893
Worst Ind: ( 0.2y + 0.1x )
Fitness = 2.36103736932
Avg Fitness = 2.35982264872
Duplicated = 47
============================================================================
Evaluate Gen  117
New Population 76
Better than Dads 10
Best Ind: ( 0.111111111111x + 0.166666666667y )
Fitness = 2.30030133893
Worst Ind: ( 0.2y + 0.1x )
Fitness = 2.36103736932
Avg Fitness = 2.35982264872
Duplicated = 47
============================================================================
Evaluate Gen  118
New Population 72
Better than Dads 16
Best Ind: ( 0.111111111111x + 0.166666666667y )
Fitness = 2.30030133893
Worst Ind: ( 0.2y + 0.1x )
Fitness = 2.36103736932
Avg Fitness = 2.35982264872
Duplicated = 47
============================================================================
Evaluate Gen  119
New Population 73
Better than Dads 11
Best Ind: ( 0.111111111111x + 0.166666666667y )
Fitness = 2.30030133893
Worst Ind: ( 0.2y + 0.1x )
Fitness = 2.36103736932
Avg Fitness = 2.35982264872
Duplicated = 47
============================================================================
Evaluate Gen  120
New Population 73
Better than Dads 7
Best Ind: ( 0.111111111111x + 0.166666666667y )
Fitness = 2.30030133893
Worst Ind: ( 0.1x + 0.2y )
Fitness = 2.36103736932
Avg Fitness = 2.35982264872
Duplicated = 47
============================================================================
Evaluate Gen  121
New Population 78
Better than Dads 10
Best Ind: ( 0.111111111111x + 0.166666666667y )
Fitness = 2.30030133893
Worst Ind: ( 0.2y + 0.1x )
Fitness = 2.36103736932
Avg Fitness = 2.35982264872
Duplicated = 47
============================================================================
Evaluate Gen  122
New Population 78
Better than Dads 12
Best Ind: ( 0.111111111111x + 0.166666666667y )
Fitness = 2.30030133893
Worst Ind: ( 0.2y + 0.1x )
Fitness = 2.36103736932
Avg Fitness = 2.35982264872
Duplicated = 47
============================================================================
Evaluate Gen  123
New Population 77
Better than Dads 11
Best Ind: ( 0.111111111111x + 0.166666666667y )
Fitness = 2.30030133893
Worst Ind: ( 0.2y + 0.1x )
Fitness = 2.36103736932
Avg Fitness = 2.35982264872
Duplicated = 47
============================================================================
Evaluate Gen  124
New Population 73
Better than Dads 11
Best Ind: ( 0.111111111111x + 0.166666666667y )
Fitness = 2.30030133893
Worst Ind: ( 0.2y + 0.1x )
Fitness = 2.36103736932
Avg Fitness = 2.35982264872
Duplicated = 47
============================================================================
Evaluate Gen  125
New Population 77
Better than Dads 11
Best Ind: ( 0.111111111111x + 0.166666666667y )
Fitness = 2.30030133893
Worst Ind: ( 0.2y + 0.1x )
Fitness = 2.36103736932
Avg Fitness = 2.35982264872
Duplicated = 47
============================================================================
Evaluate Gen  126
New Population 82
Better than Dads 8
Best Ind: ( 0.111111111111x + 0.166666666667y )
Fitness = 2.30030133893
Worst Ind: ( 0.2y + 0.1x )
Fitness = 2.36103736932
Avg Fitness = 2.35982264872
Duplicated = 47
============================================================================
Evaluate Gen  127
New Population 65
Better than Dads 5
Best Ind: ( 0.111111111111x + 0.166666666667y )
Fitness = 2.30030133893
Worst Ind: ( 0.2y + 0.1x )
Fitness = 2.36103736932
Avg Fitness = 2.35982264872
Duplicated = 47
============================================================================
Evaluate Gen  128
New Population 80
Better than Dads 10
Best Ind: ( 0.111111111111x + 0.166666666667y )
Fitness = 2.30030133893
Worst Ind: ( 0.2y + 0.1x )
Fitness = 2.36103736932
Avg Fitness = 2.35982264872
Duplicated = 47
============================================================================
Evaluate Gen  129
New Population 75
Better than Dads 9
Best Ind: ( 0.111111111111x + 0.166666666667y )
Fitness = 2.30030133893
Worst Ind: ( 0.2y + 0.1x )
Fitness = 2.36103736932
Avg Fitness = 2.35982264872
Duplicated = 47
============================================================================
Evaluate Gen  130
New Population 73
Better than Dads 13
Best Ind: ( 0.111111111111x + 0.166666666667y )
Fitness = 2.30030133893
Worst Ind: ( 0.2y + 0.1x )
Fitness = 2.36103736932
Avg Fitness = 2.35982264872
Duplicated = 47
============================================================================
Evaluate Gen  131
New Population 72
Better than Dads 10
Best Ind: ( 0.111111111111x + 0.166666666667y )
Fitness = 2.30030133893
Worst Ind: ( 0.2y + 0.1x )
Fitness = 2.36103736932
Avg Fitness = 2.35982264872
Duplicated = 47
============================================================================
Evaluate Gen  132
New Population 78
Better than Dads 10
Best Ind: ( 0.111111111111x + 0.166666666667y )
Fitness = 2.30030133893
Worst Ind: ( 0.2y + 0.1x )
Fitness = 2.36103736932
Avg Fitness = 2.35982264872
Duplicated = 47
============================================================================
Evaluate Gen  133
New Population 77
Better than Dads 11
Best Ind: ( 0.111111111111x + 0.166666666667y )
Fitness = 2.30030133893
Worst Ind: ( 0.2y + 0.1x )
Fitness = 2.36103736932
Avg Fitness = 2.35982264872
Duplicated = 47
============================================================================
Evaluate Gen  134
New Population 74
Better than Dads 14
Best Ind: ( 0.111111111111x + 0.166666666667y )
Fitness = 2.30030133893
Worst Ind: ( 0.1x + 0.2y )
Fitness = 2.36103736932
Avg Fitness = 2.35982264872
Duplicated = 47
============================================================================
Evaluate Gen  135
New Population 74
Better than Dads 8
Best Ind: ( 0.111111111111x + 0.166666666667y )
Fitness = 2.30030133893
Worst Ind: ( 0.2y + 0.1x )
Fitness = 2.36103736932
Avg Fitness = 2.35982264872
Duplicated = 47
============================================================================
Evaluate Gen  136
New Population 71
Better than Dads 9
Best Ind: ( 0.111111111111x + 0.166666666667y )
Fitness = 2.30030133893
Worst Ind: ( 0.1x + 0.2y )
Fitness = 2.36103736932
Avg Fitness = 2.35982264872
Duplicated = 47
============================================================================
Evaluate Gen  137
New Population 70
Better than Dads 10
Best Ind: ( 0.111111111111x + 0.166666666667y )
Fitness = 2.30030133893
Worst Ind: ( 0.2y + 0.1x )
Fitness = 2.36103736932
Avg Fitness = 2.35982264872
Duplicated = 47
============================================================================
Evaluate Gen  138
New Population 72
Better than Dads 10
Best Ind: ( 0.111111111111x + 0.166666666667y )
Fitness = 2.30030133893
Worst Ind: ( 0.2y + 0.1x )
Fitness = 2.36103736932
Avg Fitness = 2.35982264872
Duplicated = 47
============================================================================
Evaluate Gen  139
New Population 71
Better than Dads 13
Best Ind: ( 0.111111111111x + 0.166666666667y )
Fitness = 2.30030133893
Worst Ind: ( 0.1x + 0.2y )
Fitness = 2.36103736932
Avg Fitness = 2.35982264872
Duplicated = 47
============================================================================
Evaluate Gen  140
New Population 76
Better than Dads 8
Best Ind: ( 0.111111111111x + 0.166666666667y )
Fitness = 2.30030133893
Worst Ind: ( 0.1x + 0.2y )
Fitness = 2.36103736932
Avg Fitness = 2.35982264872
Duplicated = 47
============================================================================
Evaluate Gen  141
New Population 76
Better than Dads 14
Best Ind: ( 0.111111111111x + 0.166666666667y )
Fitness = 2.30030133893
Worst Ind: ( 0.2y + 0.1x )
Fitness = 2.36103736932
Avg Fitness = 2.35982264872
Duplicated = 47
============================================================================
Evaluate Gen  142
New Population 69
Better than Dads 11
Best Ind: ( 0.111111111111x + 0.166666666667y )
Fitness = 2.30030133893
Worst Ind: ( 0.1x + 0.2y )
Fitness = 2.36103736932
Avg Fitness = 2.35982264872
Duplicated = 47
============================================================================
Evaluate Gen  143
New Population 76
Better than Dads 10
Best Ind: ( 0.111111111111x + 0.166666666667y )
Fitness = 2.30030133893
Worst Ind: ( 0.2y + 0.1x )
Fitness = 2.36103736932
Avg Fitness = 2.35982264872
Duplicated = 47
============================================================================
Evaluate Gen  144
New Population 82
Better than Dads 4
Best Ind: ( 0.111111111111x + 0.166666666667y )
Fitness = 2.30030133893
Worst Ind: ( 0.2y + 0.1x )
Fitness = 2.36103736932
Avg Fitness = 2.35982264872
Duplicated = 47
============================================================================
Evaluate Gen  145
New Population 73
Better than Dads 9
Best Ind: ( 0.111111111111x + 0.166666666667y )
Fitness = 2.30030133893
Worst Ind: ( 0.2y + 0.1x )
Fitness = 2.36103736932
Avg Fitness = 2.35982264872
Duplicated = 47
============================================================================
Evaluate Gen  146
New Population 76
Better than Dads 8
Best Ind: ( 0.111111111111x + 0.166666666667y )
Fitness = 2.30030133893
Worst Ind: ( 0.2y + 0.1x )
Fitness = 2.36103736932
Avg Fitness = 2.35982264872
Duplicated = 47
============================================================================
Evaluate Gen  147
New Population 71
Better than Dads 13
Best Ind: ( 0.111111111111x + 0.166666666667y )
Fitness = 2.30030133893
Worst Ind: ( 0.2y + 0.1x )
Fitness = 2.36103736932
Avg Fitness = 2.35982264872
Duplicated = 47
============================================================================
Evaluate Gen  148
New Population 75
Better than Dads 13
Best Ind: ( 0.111111111111x + 0.166666666667y )
Fitness = 2.30030133893
Worst Ind: ( 0.2y + 0.1x )
Fitness = 2.36103736932
Avg Fitness = 2.35982264872
Duplicated = 47
============================================================================
Evaluate Gen  149
New Population 76
Better than Dads 8
Best Ind: ( 0.111111111111x + 0.166666666667y )
Fitness = 2.30030133893
Worst Ind: ( 0.2y + 0.1x )
Fitness = 2.36103736932
Avg Fitness = 2.35982264872
Duplicated = 47
============================================================================
Evaluate Gen  150
New Population 74
Better than Dads 10
Best Ind: ( 0.111111111111x + 0.166666666667y )
Fitness = 2.30030133893
Worst Ind: ( 0.2y + 0.1x )
Fitness = 2.36103736932
Avg Fitness = 2.35982264872
Duplicated = 47
============================================================================
Evaluate Gen  151
New Population 74
Better than Dads 10
Best Ind: ( 0.111111111111x + 0.166666666667y )
Fitness = 2.30030133893
Worst Ind: ( 0.1x + 0.2y )
Fitness = 2.36103736932
Avg Fitness = 2.35982264872
Duplicated = 47
============================================================================
Evaluate Gen  152
New Population 74
Better than Dads 10
Best Ind: ( 0.111111111111x + 0.166666666667y )
Fitness = 2.30030133893
Worst Ind: ( 0.2y + 0.1x )
Fitness = 2.36103736932
Avg Fitness = 2.35982264872
Duplicated = 47
============================================================================
Evaluate Gen  153
New Population 69
Better than Dads 11
Best Ind: ( 0.111111111111x + 0.166666666667y )
Fitness = 2.30030133893
Worst Ind: ( 0.2y + 0.1x )
Fitness = 2.36103736932
Avg Fitness = 2.35982264872
Duplicated = 47
============================================================================
Evaluate Gen  154
New Population 79
Better than Dads 9
Best Ind: ( 0.111111111111x + 0.166666666667y )
Fitness = 2.30030133893
Worst Ind: ( 0.2y + 0.1x )
Fitness = 2.36103736932
Avg Fitness = 2.35982264872
Duplicated = 47
============================================================================
Evaluate Gen  155
New Population 76
Better than Dads 8
Best Ind: ( 0.111111111111x + 0.166666666667y )
Fitness = 2.30030133893
Worst Ind: ( 0.2y + 0.1x )
Fitness = 2.36103736932
Avg Fitness = 2.35982264872
Duplicated = 47
============================================================================
Evaluate Gen  156
New Population 76
Better than Dads 10
Best Ind: ( 0.111111111111x + 0.166666666667y )
Fitness = 2.30030133893
Worst Ind: ( 0.1x + 0.2y )
Fitness = 2.36103736932
Avg Fitness = 2.35982264872
Duplicated = 47
============================================================================
Evaluate Gen  157
New Population 72
Better than Dads 14
Best Ind: ( 0.111111111111x + 0.166666666667y )
Fitness = 2.30030133893
Worst Ind: ( 0.2y + 0.1x )
Fitness = 2.36103736932
Avg Fitness = 2.35982264872
Duplicated = 47
============================================================================
Evaluate Gen  158
New Population 77
Better than Dads 11
Best Ind: ( 0.111111111111x + 0.166666666667y )
Fitness = 2.30030133893
Worst Ind: ( 0.2y + 0.1x )
Fitness = 2.36103736932
Avg Fitness = 2.35982264872
Duplicated = 47
============================================================================
Evaluate Gen  159
New Population 78
Better than Dads 8
Best Ind: ( 0.111111111111x + 0.166666666667y )
Fitness = 2.30030133893
Worst Ind: ( 0.1x + 0.2y )
Fitness = 2.36103736932
Avg Fitness = 2.35982264872
Duplicated = 47
============================================================================
Evaluate Gen  160
New Population 73
Better than Dads 9
Best Ind: ( 0.111111111111x + 0.166666666667y )
Fitness = 2.30030133893
Worst Ind: ( 0.2y + 0.1x )
Fitness = 2.36103736932
Avg Fitness = 2.35982264872
Duplicated = 47
============================================================================
Evaluate Gen  161
New Population 79
Better than Dads 9
Best Ind: ( 0.111111111111x + 0.166666666667y )
Fitness = 2.30030133893
Worst Ind: ( 0.2y + 0.1x )
Fitness = 2.36103736932
Avg Fitness = 2.35982264872
Duplicated = 47
============================================================================
Evaluate Gen  162
New Population 72
Better than Dads 10
Best Ind: ( 0.111111111111x + 0.166666666667y )
Fitness = 2.30030133893
Worst Ind: ( 0.2y + 0.1x )
Fitness = 2.36103736932
Avg Fitness = 2.35982264872
Duplicated = 47
============================================================================
Evaluate Gen  163
New Population 74
Better than Dads 6
Best Ind: ( 0.111111111111x + 0.166666666667y )
Fitness = 2.30030133893
Worst Ind: ( 0.2y + 0.1x )
Fitness = 2.36103736932
Avg Fitness = 2.35982264872
Duplicated = 47
============================================================================
Evaluate Gen  164
New Population 66
Better than Dads 10
Best Ind: ( 0.111111111111x + 0.166666666667y )
Fitness = 2.30030133893
Worst Ind: ( 0.1x + 0.2y )
Fitness = 2.36103736932
Avg Fitness = 2.35982264872
Duplicated = 47
============================================================================
Evaluate Gen  165
New Population 78
Better than Dads 8
Best Ind: ( 0.111111111111x + 0.166666666667y )
Fitness = 2.30030133893
Worst Ind: ( 0.2y + 0.1x )
Fitness = 2.36103736932
Avg Fitness = 2.35982264872
Duplicated = 47
============================================================================
Evaluate Gen  166
New Population 72
Better than Dads 10
Best Ind: ( 0.111111111111x + 0.166666666667y )
Fitness = 2.30030133893
Worst Ind: ( 0.1x + 0.2y )
Fitness = 2.36103736932
Avg Fitness = 2.35982264872
Duplicated = 47
============================================================================
Evaluate Gen  167
New Population 73
Better than Dads 13
Best Ind: ( 0.111111111111x + 0.166666666667y )
Fitness = 2.30030133893
Worst Ind: ( 0.2y + 0.1x )
Fitness = 2.36103736932
Avg Fitness = 2.35982264872
Duplicated = 47
============================================================================
Evaluate Gen  168
New Population 74
Better than Dads 12
Best Ind: ( 0.111111111111x + 0.166666666667y )
Fitness = 2.30030133893
Worst Ind: ( 0.2y + 0.1x )
Fitness = 2.36103736932
Avg Fitness = 2.35982264872
Duplicated = 47
============================================================================
Evaluate Gen  169
New Population 69
Better than Dads 7
Best Ind: ( 0.111111111111x + 0.166666666667y )
Fitness = 2.30030133893
Worst Ind: ( 0.2y + 0.1x )
Fitness = 2.36103736932
Avg Fitness = 2.35982264872
Duplicated = 47
============================================================================
Evaluate Gen  170
New Population 75
Better than Dads 15
Best Ind: ( 0.111111111111x + 0.166666666667y )
Fitness = 2.30030133893
Worst Ind: ( 0.1x + 0.2y )
Fitness = 2.36103736932
Avg Fitness = 2.35982264872
Duplicated = 47
============================================================================
Evaluate Gen  171
New Population 77
Better than Dads 11
Best Ind: ( 0.111111111111x + 0.166666666667y )
Fitness = 2.30030133893
Worst Ind: ( 0.2y + 0.1x )
Fitness = 2.36103736932
Avg Fitness = 2.35982264872
Duplicated = 47
============================================================================
Evaluate Gen  172
New Population 72
Better than Dads 14
Best Ind: ( 0.111111111111x + 0.166666666667y )
Fitness = 2.30030133893
Worst Ind: ( 0.2y + 0.1x )
Fitness = 2.36103736932
Avg Fitness = 2.35982264872
Duplicated = 47
============================================================================
Evaluate Gen  173
New Population 75
Better than Dads 9
Best Ind: ( 0.111111111111x + 0.166666666667y )
Fitness = 2.30030133893
Worst Ind: ( 0.2y + 0.1x )
Fitness = 2.36103736932
Avg Fitness = 2.35982264872
Duplicated = 47
============================================================================
Evaluate Gen  174
New Population 76
Better than Dads 12
Best Ind: ( 0.111111111111x + 0.166666666667y )
Fitness = 2.30030133893
Worst Ind: ( 0.2y + 0.1x )
Fitness = 2.36103736932
Avg Fitness = 2.35982264872
Duplicated = 47
============================================================================
Evaluate Gen  175
New Population 72
Better than Dads 14
Best Ind: ( 0.111111111111x + 0.166666666667y )
Fitness = 2.30030133893
Worst Ind: ( 0.2y + 0.1x )
Fitness = 2.36103736932
Avg Fitness = 2.35982264872
Duplicated = 47
============================================================================
Evaluate Gen  176
New Population 77
Better than Dads 11
Best Ind: ( 0.111111111111x + 0.166666666667y )
Fitness = 2.30030133893
Worst Ind: ( 0.2y + 0.1x )
Fitness = 2.36103736932
Avg Fitness = 2.35982264872
Duplicated = 47
============================================================================
Evaluate Gen  177
New Population 76
Better than Dads 12
Best Ind: ( 0.111111111111x + 0.166666666667y )
Fitness = 2.30030133893
Worst Ind: ( 0.2y + 0.1x )
Fitness = 2.36103736932
Avg Fitness = 2.35982264872
Duplicated = 47
============================================================================
Evaluate Gen  178
New Population 79
Better than Dads 11
Best Ind: ( 0.111111111111x + 0.166666666667y )
Fitness = 2.30030133893
Worst Ind: ( 0.2y + 0.1x )
Fitness = 2.36103736932
Avg Fitness = 2.35982264872
Duplicated = 47
============================================================================
Evaluate Gen  179
New Population 76
Better than Dads 12
Best Ind: ( 0.111111111111x + 0.166666666667y )
Fitness = 2.30030133893
Worst Ind: ( 0.2y + 0.1x )
Fitness = 2.36103736932
Avg Fitness = 2.35982264872
Duplicated = 47
============================================================================
Evaluate Gen  180
New Population 79
Better than Dads 11
Best Ind: ( 0.111111111111x + 0.166666666667y )
Fitness = 2.30030133893
Worst Ind: ( 0.2y + 0.1x )
Fitness = 2.36103736932
Avg Fitness = 2.35982264872
Duplicated = 47
============================================================================
Evaluate Gen  181
New Population 77
Better than Dads 11
Best Ind: ( 0.111111111111x + 0.166666666667y )
Fitness = 2.30030133893
Worst Ind: ( 0.2y + 0.1x )
Fitness = 2.36103736932
Avg Fitness = 2.35982264872
Duplicated = 47
============================================================================
Evaluate Gen  182
New Population 74
Better than Dads 8
Best Ind: ( 0.111111111111x + 0.166666666667y )
Fitness = 2.30030133893
Worst Ind: ( 0.1x + 0.2y )
Fitness = 2.36103736932
Avg Fitness = 2.35982264872
Duplicated = 47
============================================================================
Evaluate Gen  183
New Population 75
Better than Dads 7
Best Ind: ( 0.111111111111x + 0.166666666667y )
Fitness = 2.30030133893
Worst Ind: ( 0.1x + 0.2y )
Fitness = 2.36103736932
Avg Fitness = 2.35982264872
Duplicated = 47
============================================================================
Evaluate Gen  184
New Population 68
Better than Dads 10
Best Ind: ( 0.111111111111x + 0.166666666667y )
Fitness = 2.30030133893
Worst Ind: ( 0.1x + 0.2y )
Fitness = 2.36103736932
Avg Fitness = 2.35982264872
Duplicated = 47
============================================================================
Evaluate Gen  185
New Population 75
Better than Dads 11
Best Ind: ( 0.111111111111x + 0.166666666667y )
Fitness = 2.30030133893
Worst Ind: ( 0.2y + 0.1x )
Fitness = 2.36103736932
Avg Fitness = 2.35982264872
Duplicated = 47
============================================================================
Evaluate Gen  186
New Population 76
Better than Dads 10
Best Ind: ( 0.111111111111x + 0.166666666667y )
Fitness = 2.30030133893
Worst Ind: ( 0.2y + 0.1x )
Fitness = 2.36103736932
Avg Fitness = 2.35982264872
Duplicated = 47
============================================================================
Evaluate Gen  187
New Population 74
Better than Dads 6
Best Ind: ( 0.111111111111x + 0.166666666667y )
Fitness = 2.30030133893
Worst Ind: ( 0.2y + 0.1x )
Fitness = 2.36103736932
Avg Fitness = 2.35982264872
Duplicated = 47
============================================================================
Evaluate Gen  188
New Population 73
Better than Dads 13
Best Ind: ( 0.111111111111x + 0.166666666667y )
Fitness = 2.30030133893
Worst Ind: ( 0.2y + 0.1x )
Fitness = 2.36103736932
Avg Fitness = 2.35982264872
Duplicated = 47
============================================================================
Evaluate Gen  189
New Population 76
Better than Dads 10
Best Ind: ( 0.111111111111x + 0.166666666667y )
Fitness = 2.30030133893
Worst Ind: ( 0.2y + 0.1x )
Fitness = 2.36103736932
Avg Fitness = 2.35982264872
Duplicated = 47
============================================================================
Evaluate Gen  190
New Population 72
Better than Dads 10
Best Ind: ( 0.111111111111x + 0.166666666667y )
Fitness = 2.30030133893
Worst Ind: ( 0.2y + 0.1x )
Fitness = 2.36103736932
Avg Fitness = 2.35982264872
Duplicated = 47
============================================================================
Evaluate Gen  191
New Population 74
Better than Dads 10
Best Ind: ( 0.111111111111x + 0.166666666667y )
Fitness = 2.30030133893
Worst Ind: ( 0.1x + 0.2y )
Fitness = 2.36103736932
Avg Fitness = 2.35982264872
Duplicated = 47
============================================================================
Evaluate Gen  192
New Population 73
Better than Dads 9
Best Ind: ( 0.111111111111x + 0.166666666667y )
Fitness = 2.30030133893
Worst Ind: ( 0.2y + 0.1x )
Fitness = 2.36103736932
Avg Fitness = 2.35982264872
Duplicated = 47
============================================================================
Evaluate Gen  193
New Population 80
Better than Dads 10
Best Ind: ( 0.111111111111x + 0.166666666667y )
Fitness = 2.30030133893
Worst Ind: ( 0.2y + 0.1x )
Fitness = 2.36103736932
Avg Fitness = 2.35982264872
Duplicated = 47
============================================================================
Evaluate Gen  194
New Population 81
Better than Dads 5
Best Ind: ( 0.111111111111x + 0.166666666667y )
Fitness = 2.30030133893
Worst Ind: ( 0.2y + 0.1x )
Fitness = 2.36103736932
Avg Fitness = 2.35982264872
Duplicated = 47
============================================================================
Evaluate Gen  195
New Population 76
Better than Dads 8
Best Ind: ( 0.111111111111x + 0.166666666667y )
Fitness = 2.30030133893
Worst Ind: ( 0.2y + 0.1x )
Fitness = 2.36103736932
Avg Fitness = 2.35982264872
Duplicated = 47
============================================================================
Evaluate Gen  196
New Population 74
Better than Dads 6
Best Ind: ( 0.111111111111x + 0.166666666667y )
Fitness = 2.30030133893
Worst Ind: ( 0.2y + 0.1x )
Fitness = 2.36103736932
Avg Fitness = 2.35982264872
Duplicated = 47
============================================================================
Evaluate Gen  197
New Population 82
Better than Dads 8
Best Ind: ( 0.111111111111x + 0.166666666667y )
Fitness = 2.30030133893
Worst Ind: ( 0.2y + 0.1x )
Fitness = 2.36103736932
Avg Fitness = 2.35982264872
Duplicated = 47
============================================================================
Evaluate Gen  198
New Population 79
Better than Dads 11
Best Ind: ( 0.111111111111x + 0.166666666667y )
Fitness = 2.30030133893
Worst Ind: ( 0.2y + 0.1x )
Fitness = 2.36103736932
Avg Fitness = 2.35982264872
Duplicated = 47
============================================================================
Evaluate Gen  199
New Population 72
Better than Dads 10
Best Ind: ( 0.111111111111x + 0.166666666667y )
Fitness = 2.30030133893
Worst Ind: ( 0.2y + 0.1x )
Fitness = 2.36103736932
Avg Fitness = 2.35982264872
Duplicated = 47
============================================================================
Evaluate Gen  200
New Population 72
Better than Dads 10
Best Ind: ( 0.111111111111x + 0.166666666667y )
Fitness = 2.30030133893
Worst Ind: ( 0.2y + 0.1x )
Fitness = 2.36103736932
Avg Fitness = 2.35982264872
Duplicated = 47
============================================================================
Evaluate Gen  201
New Population 72
Better than Dads 12
Best Ind: ( 0.111111111111x + 0.166666666667y )
Fitness = 2.30030133893
Worst Ind: ( 0.1x + 0.2y )
Fitness = 2.36103736932
Avg Fitness = 2.35982264872
Duplicated = 47
============================================================================
Evaluate Gen  202
New Population 71
Better than Dads 11
Best Ind: ( 0.111111111111x + 0.166666666667y )
Fitness = 2.30030133893
Worst Ind: ( 0.2y + 0.1x )
Fitness = 2.36103736932
Avg Fitness = 2.35982264872
Duplicated = 47
============================================================================
Evaluate Gen  203
New Population 73
Better than Dads 13
Best Ind: ( 0.111111111111x + 0.166666666667y )
Fitness = 2.30030133893
Worst Ind: ( 0.2y + 0.1x )
Fitness = 2.36103736932
Avg Fitness = 2.35982264872
Duplicated = 47
============================================================================
Evaluate Gen  204
New Population 73
Better than Dads 11
Best Ind: ( 0.111111111111x + 0.166666666667y )
Fitness = 2.30030133893
Worst Ind: ( 0.2y + 0.1x )
Fitness = 2.36103736932
Avg Fitness = 2.35982264872
Duplicated = 47
============================================================================
Evaluate Gen  205
New Population 76
Better than Dads 6
Best Ind: ( 0.111111111111x + 0.166666666667y )
Fitness = 2.30030133893
Worst Ind: ( 0.2y + 0.1x )
Fitness = 2.36103736932
Avg Fitness = 2.35982264872
Duplicated = 47
============================================================================
Evaluate Gen  206
New Population 78
Better than Dads 12
Best Ind: ( 0.111111111111x + 0.166666666667y )
Fitness = 2.30030133893
Worst Ind: ( 0.2y + 0.1x )
Fitness = 2.36103736932
Avg Fitness = 2.35982264872
Duplicated = 47
============================================================================
Evaluate Gen  207
New Population 73
Better than Dads 13
Best Ind: ( 0.111111111111x + 0.166666666667y )
Fitness = 2.30030133893
Worst Ind: ( 0.2y + 0.1x )
Fitness = 2.36103736932
Avg Fitness = 2.35982264872
Duplicated = 47
============================================================================
Evaluate Gen  208
New Population 72
Better than Dads 10
Best Ind: ( 0.111111111111x + 0.166666666667y )
Fitness = 2.30030133893
Worst Ind: ( 0.2y + 0.1x )
Fitness = 2.36103736932
Avg Fitness = 2.35982264872
Duplicated = 47
============================================================================
Evaluate Gen  209
New Population 77
Better than Dads 13
Best Ind: ( 0.111111111111x + 0.166666666667y )
Fitness = 2.30030133893
Worst Ind: ( 0.1x + 0.2y )
Fitness = 2.36103736932
Avg Fitness = 2.35982264872
Duplicated = 47
============================================================================
Evaluate Gen  210
New Population 74
Better than Dads 10
Best Ind: ( 0.111111111111x + 0.166666666667y )
Fitness = 2.30030133893
Worst Ind: ( 0.2y + 0.1x )
Fitness = 2.36103736932
Avg Fitness = 2.35982264872
Duplicated = 47
============================================================================
Evaluate Gen  211
New Population 81
Better than Dads 9
Best Ind: ( 0.111111111111x + 0.166666666667y )
Fitness = 2.30030133893
Worst Ind: ( 0.1x + 0.2y )
Fitness = 2.36103736932
Avg Fitness = 2.35982264872
Duplicated = 47
============================================================================
Evaluate Gen  212
New Population 72
Better than Dads 12
Best Ind: ( 0.111111111111x + 0.166666666667y )
Fitness = 2.30030133893
Worst Ind: ( 0.1x + 0.2y )
Fitness = 2.36103736932
Avg Fitness = 2.35982264872
Duplicated = 47
============================================================================
Evaluate Gen  213
New Population 70
Better than Dads 10
Best Ind: ( 0.111111111111x + 0.166666666667y )
Fitness = 2.30030133893
Worst Ind: ( 0.2y + 0.1x )
Fitness = 2.36103736932
Avg Fitness = 2.35982264872
Duplicated = 47
============================================================================
Evaluate Gen  214
New Population 75
Better than Dads 9
Best Ind: ( 0.111111111111x + 0.166666666667y )
Fitness = 2.30030133893
Worst Ind: ( 0.2y + 0.1x )
Fitness = 2.36103736932
Avg Fitness = 2.35982264872
Duplicated = 47
============================================================================
Evaluate Gen  215
New Population 71
Better than Dads 9
Best Ind: ( 0.111111111111x + 0.166666666667y )
Fitness = 2.30030133893
Worst Ind: ( 0.2y + 0.1x )
Fitness = 2.36103736932
Avg Fitness = 2.35982264872
Duplicated = 47
============================================================================
Evaluate Gen  216
New Population 78
Better than Dads 8
Best Ind: ( 0.111111111111x + 0.166666666667y )
Fitness = 2.30030133893
Worst Ind: ( 0.2y + 0.1x )
Fitness = 2.36103736932
Avg Fitness = 2.35982264872
Duplicated = 47
============================================================================
Evaluate Gen  217
New Population 70
Better than Dads 12
Best Ind: ( 0.111111111111x + 0.166666666667y )
Fitness = 2.30030133893
Worst Ind: ( 0.2y + 0.1x )
Fitness = 2.36103736932
Avg Fitness = 2.35982264872
Duplicated = 47
============================================================================
Evaluate Gen  218
New Population 74
Better than Dads 10
Best Ind: ( 0.111111111111x + 0.166666666667y )
Fitness = 2.30030133893
Worst Ind: ( 0.1x + 0.2y )
Fitness = 2.36103736932
Avg Fitness = 2.35982264872
Duplicated = 47
============================================================================
Evaluate Gen  219
New Population 75
Better than Dads 11
Best Ind: ( 0.111111111111x + 0.166666666667y )
Fitness = 2.30030133893
Worst Ind: ( 0.2y + 0.1x )
Fitness = 2.36103736932
Avg Fitness = 2.35982264872
Duplicated = 47
============================================================================
Evaluate Gen  220
New Population 77
Better than Dads 11
Best Ind: ( 0.111111111111x + 0.166666666667y )
Fitness = 2.30030133893
Worst Ind: ( 0.2y + 0.1x )
Fitness = 2.36103736932
Avg Fitness = 2.35982264872
Duplicated = 47
============================================================================
Evaluate Gen  221
New Population 79
Better than Dads 11
Best Ind: ( 0.111111111111x + 0.166666666667y )
Fitness = 2.30030133893
Worst Ind: ( 0.2y + 0.1x )
Fitness = 2.36103736932
Avg Fitness = 2.35982264872
Duplicated = 47
============================================================================
Evaluate Gen  222
New Population 78
Better than Dads 10
Best Ind: ( 0.111111111111x + 0.166666666667y )
Fitness = 2.30030133893
Worst Ind: ( 0.1x + 0.2y )
Fitness = 2.36103736932
Avg Fitness = 2.35982264872
Duplicated = 47
============================================================================
Evaluate Gen  223
New Population 77
Better than Dads 11
Best Ind: ( 0.111111111111x + 0.166666666667y )
Fitness = 2.30030133893
Worst Ind: ( 0.2y + 0.1x )
Fitness = 2.36103736932
Avg Fitness = 2.35982264872
Duplicated = 47
============================================================================
Evaluate Gen  224
New Population 77
Better than Dads 5
Best Ind: ( 0.111111111111x + 0.166666666667y )
Fitness = 2.30030133893
Worst Ind: ( 0.2y + 0.1x )
Fitness = 2.36103736932
Avg Fitness = 2.35982264872
Duplicated = 47
============================================================================
Evaluate Gen  225
New Population 73
Better than Dads 11
Best Ind: ( 0.111111111111x + 0.166666666667y )
Fitness = 2.30030133893
Worst Ind: ( 0.2y + 0.1x )
Fitness = 2.36103736932
Avg Fitness = 2.35982264872
Duplicated = 47
============================================================================
Evaluate Gen  226
New Population 78
Better than Dads 8
Best Ind: ( 0.111111111111x + 0.166666666667y )
Fitness = 2.30030133893
Worst Ind: ( 0.2y + 0.1x )
Fitness = 2.36103736932
Avg Fitness = 2.35982264872
Duplicated = 47
============================================================================
Evaluate Gen  227
New Population 75
Better than Dads 7
Best Ind: ( 0.111111111111x + 0.166666666667y )
Fitness = 2.30030133893
Worst Ind: ( 0.2y + 0.1x )
Fitness = 2.36103736932
Avg Fitness = 2.35982264872
Duplicated = 47
============================================================================
Evaluate Gen  228
New Population 76
Better than Dads 6
Best Ind: ( 0.111111111111x + 0.166666666667y )
Fitness = 2.30030133893
Worst Ind: ( 0.2y + 0.1x )
Fitness = 2.36103736932
Avg Fitness = 2.35982264872
Duplicated = 47
============================================================================
Evaluate Gen  229
New Population 82
Better than Dads 10
Best Ind: ( 0.111111111111x + 0.166666666667y )
Fitness = 2.30030133893
Worst Ind: ( 0.2y + 0.1x )
Fitness = 2.36103736932
Avg Fitness = 2.35982264872
Duplicated = 47
============================================================================
Evaluate Gen  230
New Population 80
Better than Dads 6
Best Ind: ( 0.111111111111x + 0.166666666667y )
Fitness = 2.30030133893
Worst Ind: ( 0.2y + 0.1x )
Fitness = 2.36103736932
Avg Fitness = 2.35982264872
Duplicated = 47
============================================================================
Evaluate Gen  231
New Population 71
Better than Dads 11
Best Ind: ( 0.111111111111x + 0.166666666667y )
Fitness = 2.30030133893
Worst Ind: ( 0.1x + 0.2y )
Fitness = 2.36103736932
Avg Fitness = 2.35982264872
Duplicated = 47
============================================================================
Evaluate Gen  232
New Population 71
Better than Dads 13
Best Ind: ( 0.111111111111x + 0.166666666667y )
Fitness = 2.30030133893
Worst Ind: ( 0.1x + 0.2y )
Fitness = 2.36103736932
Avg Fitness = 2.35982264872
Duplicated = 47
============================================================================
Evaluate Gen  233
New Population 79
Better than Dads 7
Best Ind: ( 0.111111111111x + 0.166666666667y )
Fitness = 2.30030133893
Worst Ind: ( 0.2y + 0.1x )
Fitness = 2.36103736932
Avg Fitness = 2.35982264872
Duplicated = 47
============================================================================
Evaluate Gen  234
New Population 79
Better than Dads 11
Best Ind: ( 0.111111111111x + 0.166666666667y )
Fitness = 2.30030133893
Worst Ind: ( 0.2y + 0.1x )
Fitness = 2.36103736932
Avg Fitness = 2.35982264872
Duplicated = 47
============================================================================
Evaluate Gen  235
New Population 77
Better than Dads 11
Best Ind: ( 0.111111111111x + 0.166666666667y )
Fitness = 2.30030133893
Worst Ind: ( 0.1x + 0.2y )
Fitness = 2.36103736932
Avg Fitness = 2.35982264872
Duplicated = 47
============================================================================
Evaluate Gen  236
New Population 75
Better than Dads 9
Best Ind: ( 0.111111111111x + 0.166666666667y )
Fitness = 2.30030133893
Worst Ind: ( 0.2y + 0.1x )
Fitness = 2.36103736932
Avg Fitness = 2.35982264872
Duplicated = 47
============================================================================
Evaluate Gen  237
New Population 71
Better than Dads 11
Best Ind: ( 0.111111111111x + 0.166666666667y )
Fitness = 2.30030133893
Worst Ind: ( 0.2y + 0.1x )
Fitness = 2.36103736932
Avg Fitness = 2.35982264872
Duplicated = 47
============================================================================
Evaluate Gen  238
New Population 72
Better than Dads 10
Best Ind: ( 0.111111111111x + 0.166666666667y )
Fitness = 2.30030133893
Worst Ind: ( 0.2y + 0.1x )
Fitness = 2.36103736932
Avg Fitness = 2.35982264872
Duplicated = 47
============================================================================
Evaluate Gen  239
New Population 71
Better than Dads 11
Best Ind: ( 0.111111111111x + 0.166666666667y )
Fitness = 2.30030133893
Worst Ind: ( 0.2y + 0.1x )
Fitness = 2.36103736932
Avg Fitness = 2.35982264872
Duplicated = 47
============================================================================
Evaluate Gen  240
New Population 72
Better than Dads 12
Best Ind: ( 0.111111111111x + 0.166666666667y )
Fitness = 2.30030133893
Worst Ind: ( 0.2y + 0.1x )
Fitness = 2.36103736932
Avg Fitness = 2.35982264872
Duplicated = 47
============================================================================
Evaluate Gen  241
New Population 71
Better than Dads 13
Best Ind: ( 0.111111111111x + 0.166666666667y )
Fitness = 2.30030133893
Worst Ind: ( 0.1x + 0.2y )
Fitness = 2.36103736932
Avg Fitness = 2.35982264872
Duplicated = 47
============================================================================
Evaluate Gen  242
New Population 74
Better than Dads 10
Best Ind: ( 0.111111111111x + 0.166666666667y )
Fitness = 2.30030133893
Worst Ind: ( 0.2y + 0.1x )
Fitness = 2.36103736932
Avg Fitness = 2.35982264872
Duplicated = 47
============================================================================
Evaluate Gen  243
New Population 80
Better than Dads 6
Best Ind: ( 0.111111111111x + 0.166666666667y )
Fitness = 2.30030133893
Worst Ind: ( 0.2y + 0.1x )
Fitness = 2.36103736932
Avg Fitness = 2.35982264872
Duplicated = 47
============================================================================
Evaluate Gen  244
New Population 76
Better than Dads 10
Best Ind: ( 0.111111111111x + 0.166666666667y )
Fitness = 2.30030133893
Worst Ind: ( 0.2y + 0.1x )
Fitness = 2.36103736932
Avg Fitness = 2.35982264872
Duplicated = 47
============================================================================
Evaluate Gen  245
New Population 69
Better than Dads 11
Best Ind: ( 0.111111111111x + 0.166666666667y )
Fitness = 2.30030133893
Worst Ind: ( 0.2y + 0.1x )
Fitness = 2.36103736932
Avg Fitness = 2.35982264872
Duplicated = 47
============================================================================
Evaluate Gen  246
New Population 70
Better than Dads 12
Best Ind: ( 0.111111111111x + 0.166666666667y )
Fitness = 2.30030133893
Worst Ind: ( 0.1x + 0.2y )
Fitness = 2.36103736932
Avg Fitness = 2.35982264872
Duplicated = 47
============================================================================
Evaluate Gen  247
New Population 73
Better than Dads 15
Best Ind: ( 0.111111111111x + 0.166666666667y )
Fitness = 2.30030133893
Worst Ind: ( 0.2y + 0.1x )
Fitness = 2.36103736932
Avg Fitness = 2.35982264872
Duplicated = 47
============================================================================
Evaluate Gen  248
New Population 77
Better than Dads 11
Best Ind: ( 0.111111111111x + 0.166666666667y )
Fitness = 2.30030133893
Worst Ind: ( 0.2y + 0.1x )
Fitness = 2.36103736932
Avg Fitness = 2.35982264872
Duplicated = 47
============================================================================
Evaluate Gen  249
New Population 75
Better than Dads 13
Best Ind: ( 0.111111111111x + 0.166666666667y )
Fitness = 2.30030133893
Worst Ind: ( 0.2y + 0.1x )
Fitness = 2.36103736932
Avg Fitness = 2.35982264872
Duplicated = 47
============================================================================
Evaluate Gen  250
New Population 69
Better than Dads 11
Best Ind: ( 0.111111111111x + 0.166666666667y )
Fitness = 2.30030133893
Worst Ind: ( 0.1x + 0.2y )
Fitness = 2.36103736932
Avg Fitness = 2.35982264872
Duplicated = 47
============================================================================
Evaluate Gen  251
New Population 75
Better than Dads 13
Best Ind: ( 0.111111111111x + 0.166666666667y )
Fitness = 2.30030133893
Worst Ind: ( 0.2y + 0.1x )
Fitness = 2.36103736932
Avg Fitness = 2.35982264872
Duplicated = 47
============================================================================
Evaluate Gen  252
New Population 76
Better than Dads 14
Best Ind: ( 0.111111111111x + 0.166666666667y )
Fitness = 2.30030133893
Worst Ind: ( 0.2y + 0.1x )
Fitness = 2.36103736932
Avg Fitness = 2.35982264872
Duplicated = 47
============================================================================
Evaluate Gen  253
New Population 73
Better than Dads 13
Best Ind: ( 0.111111111111x + 0.166666666667y )
Fitness = 2.30030133893
Worst Ind: ( 0.2y + 0.1x )
Fitness = 2.36103736932
Avg Fitness = 2.35982264872
Duplicated = 47
============================================================================
Evaluate Gen  254
New Population 79
Better than Dads 13
Best Ind: ( 0.111111111111x + 0.166666666667y )
Fitness = 2.30030133893
Worst Ind: ( 0.2y + 0.1x )
Fitness = 2.36103736932
Avg Fitness = 2.35982264872
Duplicated = 47
============================================================================
Evaluate Gen  255
New Population 72
Better than Dads 8
Best Ind: ( 0.111111111111x + 0.166666666667y )
Fitness = 2.30030133893
Worst Ind: ( 0.2y + 0.1x )
Fitness = 2.36103736932
Avg Fitness = 2.35982264872
Duplicated = 47
============================================================================
Evaluate Gen  256
New Population 70
Better than Dads 8
Best Ind: ( 0.111111111111x + 0.166666666667y )
Fitness = 2.30030133893
Worst Ind: ( 0.2y + 0.1x )
Fitness = 2.36103736932
Avg Fitness = 2.35982264872
Duplicated = 47
============================================================================
Evaluate Gen  257
New Population 75
Better than Dads 15
Best Ind: ( 0.111111111111x + 0.166666666667y )
Fitness = 2.30030133893
Worst Ind: ( 0.2y + 0.1x )
Fitness = 2.36103736932
Avg Fitness = 2.35982264872
Duplicated = 47
============================================================================
Evaluate Gen  258
New Population 74
Better than Dads 10
Best Ind: ( 0.111111111111x + 0.166666666667y )
Fitness = 2.30030133893
Worst Ind: ( 0.2y + 0.1x )
Fitness = 2.36103736932
Avg Fitness = 2.35982264872
Duplicated = 47
============================================================================
Evaluate Gen  259
New Population 72
Better than Dads 12
Best Ind: ( 0.111111111111x + 0.166666666667y )
Fitness = 2.30030133893
Worst Ind: ( 0.2y + 0.1x )
Fitness = 2.36103736932
Avg Fitness = 2.35982264872
Duplicated = 47
============================================================================
Evaluate Gen  260
New Population 76
Better than Dads 10
Best Ind: ( 0.111111111111x + 0.166666666667y )
Fitness = 2.30030133893
Worst Ind: ( 0.2y + 0.1x )
Fitness = 2.36103736932
Avg Fitness = 2.35982264872
Duplicated = 47
============================================================================
Evaluate Gen  261
New Population 75
Better than Dads 11
Best Ind: ( 0.111111111111x + 0.166666666667y )
Fitness = 2.30030133893
Worst Ind: ( 0.1x + 0.2y )
Fitness = 2.36103736932
Avg Fitness = 2.35982264872
Duplicated = 47
============================================================================
Evaluate Gen  262
New Population 74
Better than Dads 14
Best Ind: ( 0.111111111111x + 0.166666666667y )
Fitness = 2.30030133893
Worst Ind: ( 0.2y + 0.1x )
Fitness = 2.36103736932
Avg Fitness = 2.35982264872
Duplicated = 47
============================================================================
Evaluate Gen  263
New Population 73
Better than Dads 13
Best Ind: ( 0.111111111111x + 0.166666666667y )
Fitness = 2.30030133893
Worst Ind: ( 0.2y + 0.1x )
Fitness = 2.36103736932
Avg Fitness = 2.35982264872
Duplicated = 47
============================================================================
Evaluate Gen  264
New Population 70
Better than Dads 10
Best Ind: ( 0.111111111111x + 0.166666666667y )
Fitness = 2.30030133893
Worst Ind: ( 0.1x + 0.2y )
Fitness = 2.36103736932
Avg Fitness = 2.35982264872
Duplicated = 47
============================================================================
Evaluate Gen  265
New Population 78
Better than Dads 14
Best Ind: ( 0.111111111111x + 0.166666666667y )
Fitness = 2.30030133893
Worst Ind: ( 0.2y + 0.1x )
Fitness = 2.36103736932
Avg Fitness = 2.35982264872
Duplicated = 47
============================================================================
Evaluate Gen  266
New Population 80
Better than Dads 8
Best Ind: ( 0.111111111111x + 0.166666666667y )
Fitness = 2.30030133893
Worst Ind: ( 0.2y + 0.1x )
Fitness = 2.36103736932
Avg Fitness = 2.35982264872
Duplicated = 47
============================================================================
Evaluate Gen  267
New Population 76
Better than Dads 8
Best Ind: ( 0.111111111111x + 0.166666666667y )
Fitness = 2.30030133893
Worst Ind: ( 0.2y + 0.1x )
Fitness = 2.36103736932
Avg Fitness = 2.35982264872
Duplicated = 47
============================================================================
Evaluate Gen  268
New Population 82
Better than Dads 10
Best Ind: ( 0.111111111111x + 0.166666666667y )
Fitness = 2.30030133893
Worst Ind: ( 0.2y + 0.1x )
Fitness = 2.36103736932
Avg Fitness = 2.35982264872
Duplicated = 47
============================================================================
Evaluate Gen  269
New Population 81
Better than Dads 9
Best Ind: ( 0.111111111111x + 0.166666666667y )
Fitness = 2.30030133893
Worst Ind: ( 0.1x + 0.2y )
Fitness = 2.36103736932
Avg Fitness = 2.35982264872
Duplicated = 47
============================================================================
Evaluate Gen  270
New Population 74
Better than Dads 14
Best Ind: ( 0.111111111111x + 0.166666666667y )
Fitness = 2.30030133893
Worst Ind: ( 0.2y + 0.1x )
Fitness = 2.36103736932
Avg Fitness = 2.35982264872
Duplicated = 47
============================================================================
Evaluate Gen  271
New Population 75
Better than Dads 9
Best Ind: ( 0.111111111111x + 0.166666666667y )
Fitness = 2.30030133893
Worst Ind: ( 0.1x + 0.2y )
Fitness = 2.36103736932
Avg Fitness = 2.35982264872
Duplicated = 47
============================================================================
Evaluate Gen  272
New Population 77
Better than Dads 11
Best Ind: ( 0.111111111111x + 0.166666666667y )
Fitness = 2.30030133893
Worst Ind: ( 0.1x + 0.2y )
Fitness = 2.36103736932
Avg Fitness = 2.35982264872
Duplicated = 47
============================================================================
Evaluate Gen  273
New Population 75
Better than Dads 11
Best Ind: ( 0.111111111111x + 0.166666666667y )
Fitness = 2.30030133893
Worst Ind: ( 0.2y + 0.1x )
Fitness = 2.36103736932
Avg Fitness = 2.35982264872
Duplicated = 47
============================================================================
Evaluate Gen  274
New Population 77
Better than Dads 13
Best Ind: ( 0.111111111111x + 0.166666666667y )
Fitness = 2.30030133893
Worst Ind: ( 0.2y + 0.1x )
Fitness = 2.36103736932
Avg Fitness = 2.35982264872
Duplicated = 47
============================================================================
Evaluate Gen  275
New Population 77
Better than Dads 5
Best Ind: ( 0.111111111111x + 0.166666666667y )
Fitness = 2.30030133893
Worst Ind: ( 0.2y + 0.1x )
Fitness = 2.36103736932
Avg Fitness = 2.35982264872
Duplicated = 47
============================================================================
Evaluate Gen  276
New Population 71
Better than Dads 13
Best Ind: ( 0.111111111111x + 0.166666666667y )
Fitness = 2.30030133893
Worst Ind: ( 0.2y + 0.1x )
Fitness = 2.36103736932
Avg Fitness = 2.35982264872
Duplicated = 47
============================================================================
Evaluate Gen  277
New Population 74
Better than Dads 10
Best Ind: ( 0.111111111111x + 0.166666666667y )
Fitness = 2.30030133893
Worst Ind: ( 0.2y + 0.1x )
Fitness = 2.36103736932
Avg Fitness = 2.35982264872
Duplicated = 47
============================================================================
Evaluate Gen  278
New Population 76
Better than Dads 12
Best Ind: ( 0.111111111111x + 0.166666666667y )
Fitness = 2.30030133893
Worst Ind: ( 0.2y + 0.1x )
Fitness = 2.36103736932
Avg Fitness = 2.35982264872
Duplicated = 47
============================================================================
Evaluate Gen  279
New Population 71
Better than Dads 9
Best Ind: ( 0.111111111111x + 0.166666666667y )
Fitness = 2.30030133893
Worst Ind: ( 0.2y + 0.1x )
Fitness = 2.36103736932
Avg Fitness = 2.35982264872
Duplicated = 47
============================================================================
Evaluate Gen  280
New Population 75
Better than Dads 11
Best Ind: ( 0.111111111111x + 0.166666666667y )
Fitness = 2.30030133893
Worst Ind: ( 0.2y + 0.1x )
Fitness = 2.36103736932
Avg Fitness = 2.35982264872
Duplicated = 47
============================================================================
Evaluate Gen  281
New Population 73
Better than Dads 13
Best Ind: ( 0.111111111111x + 0.166666666667y )
Fitness = 2.30030133893
Worst Ind: ( 0.2y + 0.1x )
Fitness = 2.36103736932
Avg Fitness = 2.35982264872
Duplicated = 47
============================================================================
Evaluate Gen  282
New Population 75
Better than Dads 11
Best Ind: ( 0.111111111111x + 0.166666666667y )
Fitness = 2.30030133893
Worst Ind: ( 0.1x + 0.2y )
Fitness = 2.36103736932
Avg Fitness = 2.35982264872
Duplicated = 47
============================================================================
Evaluate Gen  283
New Population 71
Better than Dads 5
Best Ind: ( 0.111111111111x + 0.166666666667y )
Fitness = 2.30030133893
Worst Ind: ( 0.2y + 0.1x )
Fitness = 2.36103736932
Avg Fitness = 2.35982264872
Duplicated = 47
============================================================================
Evaluate Gen  284
New Population 74
Better than Dads 14
Best Ind: ( 0.111111111111x + 0.166666666667y )
Fitness = 2.30030133893
Worst Ind: ( 0.2y + 0.1x )
Fitness = 2.36103736932
Avg Fitness = 2.35982264872
Duplicated = 47
============================================================================
Evaluate Gen  285
New Population 71
Better than Dads 9
Best Ind: ( 0.111111111111x + 0.166666666667y )
Fitness = 2.30030133893
Worst Ind: ( 0.2y + 0.1x )
Fitness = 2.36103736932
Avg Fitness = 2.35982264872
Duplicated = 47
============================================================================
Evaluate Gen  286
New Population 81
Better than Dads 7
Best Ind: ( 0.111111111111x + 0.166666666667y )
Fitness = 2.30030133893
Worst Ind: ( 0.2y + 0.1x )
Fitness = 2.36103736932
Avg Fitness = 2.35982264872
Duplicated = 47
============================================================================
Evaluate Gen  287
New Population 78
Better than Dads 8
Best Ind: ( 0.111111111111x + 0.166666666667y )
Fitness = 2.30030133893
Worst Ind: ( 0.2y + 0.1x )
Fitness = 2.36103736932
Avg Fitness = 2.35982264872
Duplicated = 47
============================================================================
Evaluate Gen  288
New Population 79
Better than Dads 11
Best Ind: ( 0.111111111111x + 0.166666666667y )
Fitness = 2.30030133893
Worst Ind: ( 0.2y + 0.1x )
Fitness = 2.36103736932
Avg Fitness = 2.35982264872
Duplicated = 47
============================================================================
Evaluate Gen  289
New Population 68
Better than Dads 12
Best Ind: ( 0.111111111111x + 0.166666666667y )
Fitness = 2.30030133893
Worst Ind: ( 0.1x + 0.2y )
Fitness = 2.36103736932
Avg Fitness = 2.35982264872
Duplicated = 47
============================================================================
Evaluate Gen  290
New Population 75
Better than Dads 13
Best Ind: ( 0.111111111111x + 0.166666666667y )
Fitness = 2.30030133893
Worst Ind: ( 0.1x + 0.2y )
Fitness = 2.36103736932
Avg Fitness = 2.35982264872
Duplicated = 47
============================================================================
Evaluate Gen  291
New Population 73
Better than Dads 11
Best Ind: ( 0.111111111111x + 0.166666666667y )
Fitness = 2.30030133893
Worst Ind: ( 0.1x + 0.2y )
Fitness = 2.36103736932
Avg Fitness = 2.35982264872
Duplicated = 47
============================================================================
Evaluate Gen  292
New Population 75
Better than Dads 9
Best Ind: ( 0.111111111111x + 0.166666666667y )
Fitness = 2.30030133893
Worst Ind: ( 0.2y + 0.1x )
Fitness = 2.36103736932
Avg Fitness = 2.35982264872
Duplicated = 47
============================================================================
Evaluate Gen  293
New Population 76
Better than Dads 10
Best Ind: ( 0.111111111111x + 0.166666666667y )
Fitness = 2.30030133893
Worst Ind: ( 0.2y + 0.1x )
Fitness = 2.36103736932
Avg Fitness = 2.35982264872
Duplicated = 47
============================================================================
Evaluate Gen  294
New Population 79
Better than Dads 9
Best Ind: ( 0.111111111111x + 0.166666666667y )
Fitness = 2.30030133893
Worst Ind: ( 0.2y + 0.1x )
Fitness = 2.36103736932
Avg Fitness = 2.35982264872
Duplicated = 47
============================================================================
Evaluate Gen  295
New Population 72
Better than Dads 8
Best Ind: ( 0.111111111111x + 0.166666666667y )
Fitness = 2.30030133893
Worst Ind: ( 0.1x + 0.2y )
Fitness = 2.36103736932
Avg Fitness = 2.35982264872
Duplicated = 47
============================================================================
Evaluate Gen  296
New Population 69
Better than Dads 11
Best Ind: ( 0.111111111111x + 0.166666666667y )
Fitness = 2.30030133893
Worst Ind: ( 0.2y + 0.1x )
Fitness = 2.36103736932
Avg Fitness = 2.35982264872
Duplicated = 47
============================================================================
Evaluate Gen  297
New Population 75
Better than Dads 13
Best Ind: ( 0.111111111111x + 0.166666666667y )
Fitness = 2.30030133893
Worst Ind: ( 0.2y + 0.1x )
Fitness = 2.36103736932
Avg Fitness = 2.35982264872
Duplicated = 47
============================================================================
Evaluate Gen  298
New Population 71
Better than Dads 15
Best Ind: ( 0.111111111111x + 0.166666666667y )
Fitness = 2.30030133893
Worst Ind: ( 0.2y + 0.1x )
Fitness = 2.36103736932
Avg Fitness = 2.35982264872
Duplicated = 47
============================================================================
Evaluate Gen  299
New Population 75
Better than Dads 9
Best Ind: ( 0.111111111111x + 0.166666666667y )
Fitness = 2.30030133893
Worst Ind: ( 0.2y + 0.1x )
Fitness = 2.36103736932
Avg Fitness = 2.35982264872
Duplicated = 47
============================================================================
Evaluate Gen  300
New Population 82
Better than Dads 8
Best Ind: ( 0.111111111111x + 0.166666666667y )
Fitness = 2.30030133893
Worst Ind: ( 0.2y + 0.1x )
Fitness = 2.36103736932
Avg Fitness = 2.35982264872
Duplicated = 47
