dataset_file= dataset/SR_ellipse_noise.txt
population= 50
generations= 100
tournament_size= 5
cross_over= 0.9
mutation= 0.05
elitism= True
(50, 2)
============================================================================
Build initial population
ind: 1
( ( 0.125x + ( 0.2x * ( 1.0y + 0.111111111111x ) ) ) + 0.166666666667x )
ind: 2
( 0.125x * ( ( ( ( 0.5y + ( 1.0x + 0.2y ) ) + ( ( 0.111111111111y + 0.125x ) + ( 0.333333333333y * 0.125y ) ) ) + ( ( 0.1y + 0.142857142857y ) * 0.125y ) ) + ( 1.0x + ( ( ( 1.0y + 0.142857142857x ) * 0.333333333333y ) * 0.333333333333y ) ) ) )
ind: 3
( 0.166666666667x + ( 0.5y + 0.111111111111x ) )
ind: 4
( ( ( ( 0.333333333333x * ( ( 0.1y * 0.2x ) * ( 1.0x * 0.1x ) ) ) * 0.1x ) + 0.2x ) + 0.333333333333y )
ind: 5
( 1.0y * 0.111111111111x )
ind: 6
( 0.5y + ( 0.142857142857x + 0.2y ) )
ind: 7
( ( ( 0.142857142857y * 0.25x ) + ( 0.1y * ( 0.2x + ( ( 0.142857142857x + 0.125x ) * ( 0.5y + 0.142857142857x ) ) ) ) ) + ( ( ( 0.166666666667y * 0.5y ) * 0.166666666667x ) + 0.333333333333x ) )
ind: 8
( ( ( ( 0.111111111111x + ( ( 0.111111111111y + 0.142857142857y ) * ( 1.0x + 0.142857142857y ) ) ) * 1.0x ) + 0.5x ) + ( ( ( 0.333333333333y * ( 0.166666666667x * ( 0.111111111111x + 0.333333333333x ) ) ) + ( 0.333333333333x + 0.2y ) ) + ( 0.166666666667y + 0.2y ) ) )
ind: 9
( 0.333333333333y * 0.142857142857x )
ind: 10
( ( 0.142857142857y + 0.111111111111x ) * 0.333333333333y )
ind: 11
( 0.142857142857y * 0.111111111111x )
ind: 12
( 0.125x * ( ( ( 1.0y * 0.2y ) + 0.111111111111x ) * ( ( ( ( 0.333333333333x * 0.5x ) + ( 0.125y + 0.5x ) ) + ( ( 0.1x * 0.5x ) * ( 0.5y + 0.125y ) ) ) + 0.25y ) ) )
ind: 13
( ( ( 0.142857142857x + 0.125x ) * 0.5x ) * ( 0.25y * ( ( ( 0.111111111111y + 0.25y ) * 0.142857142857y ) + ( 0.333333333333x * 0.111111111111y ) ) ) )
ind: 14
( 0.166666666667y + ( ( ( 0.125y * ( ( 0.111111111111y * 1.0y ) + ( 0.111111111111x * 0.1y ) ) ) + ( ( ( 0.1y * 0.125y ) + 1.0y ) * ( 0.166666666667x * ( 0.142857142857y + 0.166666666667x ) ) ) ) * 0.166666666667x ) )
ind: 15
( 0.333333333333x + ( 1.0x * ( 1.0y * ( 0.142857142857y * ( 0.125y * 0.25x ) ) ) ) )
ind: 16
( 0.5x * 0.2y )
ind: 17
( 0.125x + 0.25y )
ind: 18
( ( ( ( ( ( 0.2y + 0.25x ) + ( 0.142857142857y * 1.0x ) ) + 0.2y ) + ( ( ( 0.166666666667y + 1.0y ) * ( 0.5x + 1.0y ) ) * 0.125y ) ) * ( 1.0y + ( ( ( 0.2y * 0.25y ) * ( 0.5x + 0.25y ) ) * 0.166666666667x ) ) ) + ( ( ( ( 1.0x * 1.0y ) + 0.2x ) * 0.1x ) + ( 0.166666666667y * 0.25x ) ) )
ind: 19
( ( 0.2y * 0.1x ) + ( 0.142857142857x + 0.5x ) )
ind: 20
( ( ( ( ( 0.25y + ( 0.166666666667x * 0.2x ) ) + 0.5y ) * 0.1y ) + ( ( ( ( 0.142857142857y * 0.1y ) * ( 0.125x + 0.166666666667y ) ) * 0.333333333333x ) + 0.5y ) ) * 0.25x )
ind: 21
( ( ( 0.25y + ( 0.166666666667x * ( ( 0.25y * 0.166666666667x ) + ( 0.142857142857x + 0.2y ) ) ) ) * ( ( 0.142857142857y * 0.5x ) * ( 0.2y + 0.5x ) ) ) * 0.1x )
ind: 22
( 0.166666666667y + ( 0.333333333333x * 0.5y ) )
ind: 23
( ( 0.111111111111x + 1.0x ) * 0.1y )
ind: 24
( 0.166666666667x + 1.0y )
ind: 25
( ( ( 1.0y + ( 1.0x * 0.142857142857y ) ) + 0.25x ) * 0.2y )
ind: 26
( 0.5y * ( 0.5y + 1.0x ) )
ind: 27
( 1.0x * 0.111111111111y )
ind: 28
( 1.0y + ( ( 1.0y + 0.142857142857y ) * ( ( 0.125y + 0.111111111111y ) + ( ( ( 0.111111111111y + 0.142857142857y ) + 0.111111111111x ) * ( ( 0.1x + 0.111111111111y ) * ( 0.333333333333y * 0.111111111111y ) ) ) ) ) )
ind: 29
( ( 0.1x * ( 0.333333333333y + 0.2x ) ) * 0.111111111111y )
ind: 30
( 0.2x * ( ( ( 0.5y * ( ( 1.0x * 0.333333333333y ) * ( 0.5y + 1.0x ) ) ) + ( ( 0.125x * ( 0.1y + 0.125y ) ) * 0.125y ) ) * ( ( ( ( 0.166666666667x * 0.111111111111y ) + ( 0.333333333333y * 1.0y ) ) * 0.5y ) * 0.25y ) ) )
ind: 31
( 0.2x * ( 0.166666666667y + ( ( ( 0.25x * ( 0.111111111111y * 0.125y ) ) * ( 0.111111111111y * ( 1.0y + 0.111111111111x ) ) ) * ( 0.166666666667y + ( 0.5x + 0.333333333333y ) ) ) ) )
ind: 32
( ( ( 0.333333333333y * ( 0.5y * 0.111111111111x ) ) * ( ( ( 0.142857142857y + ( 0.5x * 0.142857142857x ) ) * ( ( 0.25y * 0.5y ) + ( 0.2y * 0.125y ) ) ) * 1.0x ) ) + 0.333333333333y )
ind: 33
( 0.111111111111y * 0.25x )
ind: 34
( 0.2x * ( ( 1.0x * 0.333333333333y ) * ( 0.125x + ( 0.166666666667x * ( ( 0.142857142857y + 0.1x ) * ( 0.333333333333x + 0.142857142857y ) ) ) ) ) )
ind: 35
( 0.1y * 0.1x )
ind: 36
( 0.2y + ( 0.333333333333y * ( ( ( ( 0.125y * 0.25y ) + 0.111111111111x ) + 0.5y ) * 0.142857142857x ) ) )
ind: 37
( ( ( ( ( 0.125y + 0.142857142857y ) * 0.142857142857x ) + 0.125x ) + ( ( 0.142857142857y + ( ( 0.25x * 0.2x ) * 0.111111111111x ) ) * ( ( ( 0.333333333333y + 0.142857142857y ) * ( 0.5y * 0.142857142857y ) ) * ( 0.25x + ( 0.5y + 0.25x ) ) ) ) ) * 0.166666666667y )
ind: 38
( 1.0x * ( ( ( 0.142857142857y * 0.142857142857x ) * 0.5x ) + ( 0.111111111111y + 0.111111111111y ) ) )
ind: 39
( 0.333333333333x * 0.166666666667y )
ind: 40
( ( ( ( 0.25x * 1.0y ) + 0.25x ) + 0.125y ) * 0.111111111111x )
ind: 41
( 0.111111111111x * ( 0.142857142857y + ( 0.1y + ( ( ( 0.25x + 0.166666666667x ) + ( 0.25x * 1.0y ) ) * ( ( 0.166666666667y * 1.0y ) + 0.1y ) ) ) ) )
ind: 42
( ( ( 0.333333333333y + ( 0.5x + ( ( 0.125x + 0.125y ) + 1.0y ) ) ) + ( 0.25x + 0.1y ) ) * 1.0x )
ind: 43
( ( ( ( 0.142857142857x + 0.1x ) + 0.333333333333x ) + 0.166666666667y ) + ( ( 0.166666666667x * ( 1.0y + ( 0.25x + 0.111111111111x ) ) ) + 1.0y ) )
ind: 44
( 0.25y + ( ( 0.1x * ( 0.111111111111x * ( 0.1x + ( 0.333333333333y + 0.5y ) ) ) ) * ( ( 0.5x + ( ( 0.166666666667y + 0.142857142857x ) + ( 0.142857142857x + 0.1y ) ) ) + ( ( 0.333333333333x + ( 0.1y * 0.166666666667x ) ) + 0.142857142857x ) ) ) )
ind: 45
( ( 0.25y * 0.125x ) * 0.142857142857y )
ind: 46
( ( 0.333333333333x * ( ( ( ( 0.142857142857x + 0.111111111111y ) + 1.0y ) + 0.2x ) * 0.111111111111x ) ) + 0.333333333333y )
ind: 47
( ( ( 0.2x + ( ( ( 0.125x + 0.333333333333y ) + ( 0.166666666667y * 0.1x ) ) + ( ( 0.333333333333x + 1.0x ) + ( 0.25y + 0.5y ) ) ) ) * ( 0.25x + 0.333333333333x ) ) + 0.2y )
ind: 48
( 0.125x + ( ( ( ( 0.111111111111x + 0.1x ) * ( 0.142857142857x * ( 0.125y + 0.2y ) ) ) + ( 0.25y * 0.1y ) ) * 0.5y ) )
ind: 49
( ( 1.0y + ( 0.25y * 0.1y ) ) * 0.25x )
ind: 50
( ( 0.142857142857y + ( ( 0.5x * 1.0y ) * ( ( 0.142857142857y * 0.5y ) + ( 0.142857142857x + ( 0.166666666667x + 0.333333333333x ) ) ) ) ) * ( 0.25x * ( ( ( ( 0.111111111111x * 0.1y ) * 0.5x ) * 0.5x ) * ( ( 0.142857142857y * 0.2y ) + ( ( 0.166666666667y + 0.125y ) + ( 0.111111111111x + 0.5x ) ) ) ) ) )
Best Ind: ( 0.125x + 0.25y )
Fitness = 4.31580918792
Worst Ind: ( ( 0.142857142857y + ( ( 0.5x * 1.0y ) * ( ( 0.142857142857y * 0.5y ) + ( 0.142857142857x + ( 0.166666666667x + 0.333333333333x ) ) ) ) ) * ( 0.25x * ( ( ( ( 0.111111111111x * 0.1y ) * 0.5x ) * 0.5x ) * ( ( 0.142857142857y * 0.2y ) + ( ( 0.166666666667y + 0.125y ) + ( 0.111111111111x + 0.5x ) ) ) ) ) )
Fitness = 2406290.98694
Avg Fitness = 81362.7162353
Duplicated = 0
============================================================================
Evaluate Gen  1
New Population 80
Better than Dads 18
Best Ind: ( 0.125x + 0.25y )
Fitness = 4.31580918792
Worst Ind: ( 0.111111111111x * ( 0.142857142857y + ( 0.1y + ( ( ( 0.25x + 0.166666666667x ) + ( 0.25x * 1.0y ) ) * ( ( 0.166666666667y * 1.0y ) + 0.1y ) ) ) ) )
Fitness = 621.85863221
Avg Fitness = 134.93932557
Duplicated = 0
============================================================================
Evaluate Gen  2
New Population 84
Better than Dads 13
Best Ind: ( 0.125x + 0.25y )
Fitness = 4.31580918792
Worst Ind: ( 0.5y + ( 0.142857142857x + 0.2y ) )
Fitness = 93.3313142277
Avg Fitness = 28.9212807848
Duplicated = 4
============================================================================
Evaluate Gen  3
New Population 77
Better than Dads 16
Best Ind: ( 0.2y + 0.125x )
Fitness = 2.90034466239
Worst Ind: ( 0.142857142857y * 0.111111111111x )
Fitness = 33.9684346423
Avg Fitness = 18.1570104942
Duplicated = 5
============================================================================
Evaluate Gen  4
New Population 78
Better than Dads 15
Best Ind: ( 0.2y + 0.125x )
Fitness = 2.90034466239
Worst Ind: ( 0.25x * 0.111111111111y )
Fitness = 23.9720607729
Avg Fitness = 13.5025621721
Duplicated = 8
============================================================================
Evaluate Gen  5
New Population 83
Better than Dads 25
Best Ind: ( 0.2y + 0.125x )
Fitness = 2.90034466239
Worst Ind: ( 0.25x * ( 0.25y * ( 0.333333333333y * 0.142857142857x ) ) )
Fitness = 17.3044337454
Avg Fitness = 10.9142620028
Duplicated = 8
============================================================================
Evaluate Gen  6
New Population 87
Better than Dads 29
Best Ind: ( 0.2y + 0.125x )
Fitness = 2.90034466239
Worst Ind: ( 0.1y * ( 0.2x + ( ( 0.142857142857x + 0.125x ) * ( 0.5y + 0.142857142857x ) ) ) )
Fitness = 13.7648747447
Avg Fitness = 9.47107056615
Duplicated = 10
============================================================================
Evaluate Gen  7
New Population 86
Better than Dads 29
Best Ind: ( 0.2y + 0.125x )
Fitness = 2.90034466239
Worst Ind: ( ( 0.111111111111x + ( 1.0y * 0.111111111111x ) ) * 0.125y )
Fitness = 12.0190746982
Avg Fitness = 8.67794967362
Duplicated = 11
============================================================================
Evaluate Gen  8
New Population 84
Better than Dads 24
Best Ind: ( 0.2y + 0.125x )
Fitness = 2.90034466239
Worst Ind: ( ( ( 0.2y * 0.111111111111x ) * 0.25x ) + 0.1y )
Fitness = 9.9467454506
Avg Fitness = 7.55952595111
Duplicated = 12
============================================================================
Evaluate Gen  9
New Population 91
Better than Dads 32
Best Ind: ( 0.2y + 0.111111111111x )
Fitness = 2.53380016024
Worst Ind: ( ( 0.142857142857x + 0.25x ) * 0.2y )
Fitness = 8.8402266634
Avg Fitness = 6.69569150605
Duplicated = 11
============================================================================
Evaluate Gen  10
New Population 84
Better than Dads 30
Best Ind: ( 0.2y + 0.111111111111x )
Fitness = 2.53380016024
Worst Ind: ( ( 0.111111111111y * 0.25x ) + ( 0.111111111111y * 0.25x ) )
Fitness = 8.59979135813
Avg Fitness = 6.17921558943
Duplicated = 11
============================================================================
Evaluate Gen  11
New Population 86
Better than Dads 29
Best Ind: ( 0.142857142857y + 0.125x )
Fitness = 2.38895237793
Worst Ind: ( ( ( 0.111111111111y + 0.25y ) * 0.142857142857y ) + ( 0.333333333333x * 0.111111111111y ) )
Fitness = 8.33905328131
Avg Fitness = 5.39932443225
Duplicated = 10
============================================================================
Evaluate Gen  12
New Population 82
Better than Dads 18
Best Ind: ( 0.142857142857y + 0.125x )
Fitness = 2.38895237793
Worst Ind: ( ( ( 0.25x * 0.111111111111y ) + 0.125x ) + ( 0.111111111111y * 0.142857142857x ) )
Fitness = 6.64027314652
Avg Fitness = 4.61325374891
Duplicated = 13
============================================================================
Evaluate Gen  13
New Population 87
Better than Dads 23
Best Ind: ( 0.142857142857y + 0.125x )
Fitness = 2.38895237793
Worst Ind: ( ( 0.111111111111y * 0.142857142857y ) + 0.125x )
Fitness = 5.39683445294
Avg Fitness = 4.03093270389
Duplicated = 15
============================================================================
Evaluate Gen  14
New Population 84
Better than Dads 24
Best Ind: ( 0.142857142857y + 0.125x )
Fitness = 2.38895237793
Worst Ind: ( 0.2y + ( 0.111111111111y * 0.25x ) )
Fitness = 4.93278997897
Avg Fitness = 3.71159312447
Duplicated = 20
============================================================================
Evaluate Gen  15
New Population 73
Better than Dads 19
Best Ind: ( 0.142857142857y + 0.125x )
Fitness = 2.38895237793
Worst Ind: ( ( ( 0.25y * ( 0.2y + ( 0.111111111111y * 0.25x ) ) ) * 0.142857142857y ) + 0.125x )
Fitness = 4.73802858545
Avg Fitness = 3.5309367838
Duplicated = 21
============================================================================
Evaluate Gen  16
New Population 76
Better than Dads 18
Best Ind: ( 0.142857142857y + 0.125x )
Fitness = 2.38895237793
Worst Ind: ( 0.166666666667y + ( 0.111111111111x * 0.166666666667x ) )
Fitness = 4.49296726999
Avg Fitness = 3.28388691616
Duplicated = 25
============================================================================
Evaluate Gen  17
New Population 76
Better than Dads 14
Best Ind: ( 0.142857142857y + 0.125x )
Fitness = 2.38895237793
Worst Ind: ( 0.2y + 0.142857142857x )
Fitness = 3.74348761382
Avg Fitness = 2.99422214085
Duplicated = 34
============================================================================
Evaluate Gen  18
New Population 76
Better than Dads 17
Best Ind: ( 0.142857142857y + 0.125x )
Fitness = 2.38895237793
Worst Ind: ( ( 0.2y * 0.2y ) + 0.125x )
Fitness = 3.39004427779
Avg Fitness = 2.82865201543
Duplicated = 33
============================================================================
Evaluate Gen  19
New Population 79
Better than Dads 20
Best Ind: ( 0.111111111111x + 0.166666666667y )
Fitness = 2.30030133893
Worst Ind: ( 0.2y + 0.125x )
Fitness = 2.90034466239
Avg Fitness = 2.68145137577
Duplicated = 34
============================================================================
Evaluate Gen  20
New Population 76
Better than Dads 16
Best Ind: ( 0.111111111111x + 0.166666666667y )
Fitness = 2.30030133893
Worst Ind: ( 0.125x + 0.2y )
Fitness = 2.90034466239
Avg Fitness = 2.62292853312
Duplicated = 34
============================================================================
Evaluate Gen  21
New Population 71
Better than Dads 13
Best Ind: ( 0.111111111111x + 0.166666666667y )
Fitness = 2.30030133893
Worst Ind: ( 0.125x + 0.1y )
Fitness = 2.74927307309
Avg Fitness = 2.56176373793
Duplicated = 37
============================================================================
Evaluate Gen  22
New Population 70
Better than Dads 14
Best Ind: ( 0.111111111111x + 0.166666666667y )
Fitness = 2.30030133893
Worst Ind: ( 0.125x + 0.1y )
Fitness = 2.74927307309
Avg Fitness = 2.53627481511
Duplicated = 37
============================================================================
Evaluate Gen  23
New Population 78
Better than Dads 15
Best Ind: ( 0.111111111111x + 0.166666666667y )
Fitness = 2.30030133893
Worst Ind: ( 0.125x + 0.111111111111y )
Fitness = 2.56467148958
Avg Fitness = 2.50853839987
Duplicated = 42
============================================================================
Evaluate Gen  24
New Population 70
Better than Dads 13
Best Ind: ( 0.111111111111x + 0.166666666667y )
Fitness = 2.30030133893
Worst Ind: ( 0.111111111111y + 0.125x )
Fitness = 2.56467148958
Avg Fitness = 2.49559557745
Duplicated = 42
============================================================================
Evaluate Gen  25
New Population 74
Better than Dads 15
Best Ind: ( 0.111111111111x + 0.166666666667y )
Fitness = 2.30030133893
Worst Ind: ( 0.111111111111y + 0.125x )
Fitness = 2.56467148958
Avg Fitness = 2.47736535202
Duplicated = 41
============================================================================
Evaluate Gen  26
New Population 78
Better than Dads 17
Best Ind: ( 0.111111111111x + 0.166666666667y )
Fitness = 2.30030133893
Worst Ind: ( 0.111111111111y + 0.125x )
Fitness = 2.56467148958
Avg Fitness = 2.45345105982
Duplicated = 41
============================================================================
Evaluate Gen  27
New Population 76
Better than Dads 13
Best Ind: ( 0.111111111111x + 0.166666666667y )
Fitness = 2.30030133893
Worst Ind: ( 0.125x + 0.166666666667y )
Fitness = 2.46610385698
Avg Fitness = 2.42861116464
Duplicated = 44
============================================================================
Evaluate Gen  28
New Population 75
Better than Dads 17
Best Ind: ( 0.111111111111x + 0.166666666667y )
Fitness = 2.30030133893
Worst Ind: ( 0.125x + 0.166666666667y )
Fitness = 2.46610385698
Avg Fitness = 2.42089601673
Duplicated = 44
============================================================================
Evaluate Gen  29
New Population 71
Better than Dads 18
Best Ind: ( 0.111111111111x + 0.166666666667y )
Fitness = 2.30030133893
Worst Ind: ( 0.125x + 0.166666666667y )
Fitness = 2.46610385698
Avg Fitness = 2.41626692799
Duplicated = 44
============================================================================
Evaluate Gen  30
New Population 71
Better than Dads 14
Best Ind: ( 0.111111111111x + 0.166666666667y )
Fitness = 2.30030133893
Worst Ind: ( 0.166666666667y + 0.125x )
Fitness = 2.46610385698
Avg Fitness = 2.4070087505
Duplicated = 44
============================================================================
Evaluate Gen  31
New Population 78
Better than Dads 16
Best Ind: ( 0.111111111111x + 0.166666666667y )
Fitness = 2.30030133893
Worst Ind: ( 0.166666666667y + 0.125x )
Fitness = 2.46610385698
Avg Fitness = 2.38849239553
Duplicated = 44
============================================================================
Evaluate Gen  32
New Population 76
Better than Dads 13
Best Ind: ( 0.111111111111x + 0.166666666667y )
Fitness = 2.30030133893
Worst Ind: ( 0.125x + 0.142857142857y )
Fitness = 2.38895237793
Avg Fitness = 2.38540633637
Duplicated = 46
============================================================================
Evaluate Gen  33
New Population 70
Better than Dads 8
Best Ind: ( 0.111111111111x + 0.166666666667y )
Fitness = 2.30030133893
Worst Ind: ( 0.125x + 0.142857142857y )
Fitness = 2.38895237793
Avg Fitness = 2.38540633637
Duplicated = 46
============================================================================
Evaluate Gen  34
New Population 74
Better than Dads 12
Best Ind: ( 0.111111111111x + 0.166666666667y )
Fitness = 2.30030133893
Worst Ind: ( 0.125x + 0.142857142857y )
Fitness = 2.38895237793
Avg Fitness = 2.38540633637
Duplicated = 46
============================================================================
Evaluate Gen  35
New Population 79
Better than Dads 11
Best Ind: ( 0.111111111111x + 0.166666666667y )
Fitness = 2.30030133893
Worst Ind: ( 0.142857142857y + 0.125x )
Fitness = 2.38895237793
Avg Fitness = 2.38540633637
Duplicated = 46
============================================================================
Evaluate Gen  36
New Population 70
Better than Dads 8
Best Ind: ( 0.111111111111x + 0.166666666667y )
Fitness = 2.30030133893
Worst Ind: ( 0.125x + 0.142857142857y )
Fitness = 2.38895237793
Avg Fitness = 2.38540633637
Duplicated = 46
============================================================================
Evaluate Gen  37
New Population 74
Better than Dads 10
Best Ind: ( 0.111111111111x + 0.166666666667y )
Fitness = 2.30030133893
Worst Ind: ( 0.142857142857y + 0.125x )
Fitness = 2.38895237793
Avg Fitness = 2.38540633637
Duplicated = 46
============================================================================
Evaluate Gen  38
New Population 72
Better than Dads 8
Best Ind: ( 0.111111111111x + 0.166666666667y )
Fitness = 2.30030133893
Worst Ind: ( 0.125x + 0.142857142857y )
Fitness = 2.38895237793
Avg Fitness = 2.38540633637
Duplicated = 46
============================================================================
Evaluate Gen  39
New Population 77
Better than Dads 13
Best Ind: ( 0.111111111111x + 0.166666666667y )
Fitness = 2.30030133893
Worst Ind: ( 0.125x + 0.142857142857y )
Fitness = 2.38895237793
Avg Fitness = 2.38540633637
Duplicated = 46
============================================================================
Evaluate Gen  40
New Population 72
Better than Dads 8
Best Ind: ( 0.111111111111x + 0.166666666667y )
Fitness = 2.30030133893
Worst Ind: ( 0.125x + 0.142857142857y )
Fitness = 2.38895237793
Avg Fitness = 2.38540633637
Duplicated = 46
============================================================================
Evaluate Gen  41
New Population 67
Better than Dads 9
Best Ind: ( 0.111111111111x + 0.166666666667y )
Fitness = 2.30030133893
Worst Ind: ( 0.125x + 0.142857142857y )
Fitness = 2.38895237793
Avg Fitness = 2.38540633637
Duplicated = 46
============================================================================
Evaluate Gen  42
New Population 78
Better than Dads 8
Best Ind: ( 0.111111111111x + 0.166666666667y )
Fitness = 2.30030133893
Worst Ind: ( 0.125x + 0.142857142857y )
Fitness = 2.38895237793
Avg Fitness = 2.38540633637
Duplicated = 46
============================================================================
Evaluate Gen  43
New Population 73
Better than Dads 11
Best Ind: ( 0.111111111111x + 0.166666666667y )
Fitness = 2.30030133893
Worst Ind: ( 0.125x + 0.142857142857y )
Fitness = 2.38895237793
Avg Fitness = 2.38540633637
Duplicated = 46
============================================================================
Evaluate Gen  44
New Population 73
Better than Dads 9
Best Ind: ( 0.111111111111x + 0.166666666667y )
Fitness = 2.30030133893
Worst Ind: ( 0.125x + 0.142857142857y )
Fitness = 2.38895237793
Avg Fitness = 2.38540633637
Duplicated = 46
============================================================================
Evaluate Gen  45
New Population 71
Better than Dads 9
Best Ind: ( 0.111111111111x + 0.166666666667y )
Fitness = 2.30030133893
Worst Ind: ( 0.125x + 0.142857142857y )
Fitness = 2.38895237793
Avg Fitness = 2.38540633637
Duplicated = 46
============================================================================
Evaluate Gen  46
New Population 80
Better than Dads 10
Best Ind: ( 0.111111111111x + 0.166666666667y )
Fitness = 2.30030133893
Worst Ind: ( 0.142857142857y + 0.125x )
Fitness = 2.38895237793
Avg Fitness = 2.38540633637
Duplicated = 46
============================================================================
Evaluate Gen  47
New Population 76
Better than Dads 14
Best Ind: ( 0.111111111111x + 0.166666666667y )
Fitness = 2.30030133893
Worst Ind: ( 0.142857142857y + 0.125x )
Fitness = 2.38895237793
Avg Fitness = 2.38540633637
Duplicated = 46
============================================================================
Evaluate Gen  48
New Population 77
Better than Dads 9
Best Ind: ( 0.111111111111x + 0.166666666667y )
Fitness = 2.30030133893
Worst Ind: ( 0.125x + 0.142857142857y )
Fitness = 2.38895237793
Avg Fitness = 2.38540633637
Duplicated = 46
============================================================================
Evaluate Gen  49
New Population 72
Better than Dads 8
Best Ind: ( 0.111111111111x + 0.166666666667y )
Fitness = 2.30030133893
Worst Ind: ( 0.142857142857y + 0.125x )
Fitness = 2.38895237793
Avg Fitness = 2.38540633637
Duplicated = 46
============================================================================
Evaluate Gen  50
New Population 75
Better than Dads 11
Best Ind: ( 0.111111111111x + 0.166666666667y )
Fitness = 2.30030133893
Worst Ind: ( 0.125x + 0.142857142857y )
Fitness = 2.38895237793
Avg Fitness = 2.38540633637
Duplicated = 46
============================================================================
Evaluate Gen  51
New Population 72
Better than Dads 10
Best Ind: ( 0.111111111111x + 0.166666666667y )
Fitness = 2.30030133893
Worst Ind: ( 0.125x + 0.142857142857y )
Fitness = 2.38895237793
Avg Fitness = 2.38540633637
Duplicated = 46
============================================================================
Evaluate Gen  52
New Population 75
Better than Dads 11
Best Ind: ( 0.111111111111x + 0.166666666667y )
Fitness = 2.30030133893
Worst Ind: ( 0.142857142857y + 0.125x )
Fitness = 2.38895237793
Avg Fitness = 2.38540633637
Duplicated = 46
============================================================================
Evaluate Gen  53
New Population 69
Better than Dads 15
Best Ind: ( 0.111111111111x + 0.166666666667y )
Fitness = 2.30030133893
Worst Ind: ( 0.125x + 0.142857142857y )
Fitness = 2.38895237793
Avg Fitness = 2.38540633637
Duplicated = 46
============================================================================
Evaluate Gen  54
New Population 72
Better than Dads 12
Best Ind: ( 0.111111111111x + 0.166666666667y )
Fitness = 2.30030133893
Worst Ind: ( 0.125x + 0.142857142857y )
Fitness = 2.38895237793
Avg Fitness = 2.38540633637
Duplicated = 46
============================================================================
Evaluate Gen  55
New Population 77
Better than Dads 7
Best Ind: ( 0.111111111111x + 0.166666666667y )
Fitness = 2.30030133893
Worst Ind: ( 0.142857142857y + 0.125x )
Fitness = 2.38895237793
Avg Fitness = 2.38540633637
Duplicated = 46
============================================================================
Evaluate Gen  56
New Population 70
Better than Dads 12
Best Ind: ( 0.111111111111x + 0.166666666667y )
Fitness = 2.30030133893
Worst Ind: ( 0.125x + 0.142857142857y )
Fitness = 2.38895237793
Avg Fitness = 2.38540633637
Duplicated = 46
============================================================================
Evaluate Gen  57
New Population 79
Better than Dads 9
Best Ind: ( 0.111111111111x + 0.166666666667y )
Fitness = 2.30030133893
Worst Ind: ( 0.142857142857y + 0.125x )
Fitness = 2.38895237793
Avg Fitness = 2.38540633637
Duplicated = 46
============================================================================
Evaluate Gen  58
New Population 77
Better than Dads 7
Best Ind: ( 0.111111111111x + 0.166666666667y )
Fitness = 2.30030133893
Worst Ind: ( 0.125x + 0.142857142857y )
Fitness = 2.38895237793
Avg Fitness = 2.38540633637
Duplicated = 46
============================================================================
Evaluate Gen  59
New Population 73
Better than Dads 13
Best Ind: ( 0.111111111111x + 0.166666666667y )
Fitness = 2.30030133893
Worst Ind: ( 0.125x + 0.142857142857y )
Fitness = 2.38895237793
Avg Fitness = 2.38540633637
Duplicated = 46
============================================================================
Evaluate Gen  60
New Population 79
Better than Dads 13
Best Ind: ( 0.111111111111x + 0.166666666667y )
Fitness = 2.30030133893
Worst Ind: ( 0.125x + 0.142857142857y )
Fitness = 2.38895237793
Avg Fitness = 2.38540633637
Duplicated = 46
============================================================================
Evaluate Gen  61
New Population 80
Better than Dads 8
Best Ind: ( 0.111111111111x + 0.166666666667y )
Fitness = 2.30030133893
Worst Ind: ( 0.142857142857y + 0.125x )
Fitness = 2.38895237793
Avg Fitness = 2.38540633637
Duplicated = 46
============================================================================
Evaluate Gen  62
New Population 70
Better than Dads 10
Best Ind: ( 0.111111111111x + 0.166666666667y )
Fitness = 2.30030133893
Worst Ind: ( 0.125x + 0.142857142857y )
Fitness = 2.38895237793
Avg Fitness = 2.38540633637
Duplicated = 46
============================================================================
Evaluate Gen  63
New Population 76
Better than Dads 10
Best Ind: ( 0.111111111111x + 0.166666666667y )
Fitness = 2.30030133893
Worst Ind: ( 0.125x + 0.142857142857y )
Fitness = 2.38895237793
Avg Fitness = 2.38540633637
Duplicated = 46
============================================================================
Evaluate Gen  64
New Population 73
Better than Dads 11
Best Ind: ( 0.111111111111x + 0.166666666667y )
Fitness = 2.30030133893
Worst Ind: ( 0.125x + 0.142857142857y )
Fitness = 2.38895237793
Avg Fitness = 2.38540633637
Duplicated = 46
============================================================================
Evaluate Gen  65
New Population 75
Better than Dads 11
Best Ind: ( 0.111111111111x + 0.166666666667y )
Fitness = 2.30030133893
Worst Ind: ( 0.142857142857y + 0.125x )
Fitness = 2.38895237793
Avg Fitness = 2.38540633637
Duplicated = 46
============================================================================
Evaluate Gen  66
New Population 72
Better than Dads 10
Best Ind: ( 0.111111111111x + 0.166666666667y )
Fitness = 2.30030133893
Worst Ind: ( 0.125x + 0.142857142857y )
Fitness = 2.38895237793
Avg Fitness = 2.38540633637
Duplicated = 46
============================================================================
Evaluate Gen  67
New Population 77
Better than Dads 9
Best Ind: ( 0.111111111111x + 0.166666666667y )
Fitness = 2.30030133893
Worst Ind: ( 0.125x + 0.142857142857y )
Fitness = 2.38895237793
Avg Fitness = 2.38540633637
Duplicated = 46
============================================================================
Evaluate Gen  68
New Population 78
Better than Dads 12
Best Ind: ( 0.111111111111x + 0.166666666667y )
Fitness = 2.30030133893
Worst Ind: ( 0.125x + 0.142857142857y )
Fitness = 2.38895237793
Avg Fitness = 2.38540633637
Duplicated = 46
============================================================================
Evaluate Gen  69
New Population 72
Better than Dads 12
Best Ind: ( 0.111111111111x + 0.166666666667y )
Fitness = 2.30030133893
Worst Ind: ( 0.142857142857y + 0.125x )
Fitness = 2.38895237793
Avg Fitness = 2.38540633637
Duplicated = 46
============================================================================
Evaluate Gen  70
New Population 75
Better than Dads 11
Best Ind: ( 0.111111111111x + 0.166666666667y )
Fitness = 2.30030133893
Worst Ind: ( 0.125x + 0.142857142857y )
Fitness = 2.38895237793
Avg Fitness = 2.38540633637
Duplicated = 46
============================================================================
Evaluate Gen  71
New Population 74
Better than Dads 12
Best Ind: ( 0.111111111111x + 0.166666666667y )
Fitness = 2.30030133893
Worst Ind: ( 0.125x + 0.142857142857y )
Fitness = 2.38895237793
Avg Fitness = 2.38540633637
Duplicated = 46
============================================================================
Evaluate Gen  72
New Population 76
Better than Dads 10
Best Ind: ( 0.111111111111x + 0.166666666667y )
Fitness = 2.30030133893
Worst Ind: ( 0.125x + 0.142857142857y )
Fitness = 2.38895237793
Avg Fitness = 2.38540633637
Duplicated = 46
============================================================================
Evaluate Gen  73
New Population 79
Better than Dads 13
Best Ind: ( 0.111111111111x + 0.166666666667y )
Fitness = 2.30030133893
Worst Ind: ( 0.125x + 0.142857142857y )
Fitness = 2.38895237793
Avg Fitness = 2.38540633637
Duplicated = 46
============================================================================
Evaluate Gen  74
New Population 75
Better than Dads 13
Best Ind: ( 0.111111111111x + 0.166666666667y )
Fitness = 2.30030133893
Worst Ind: ( 0.125x + 0.142857142857y )
Fitness = 2.38895237793
Avg Fitness = 2.38540633637
Duplicated = 46
============================================================================
Evaluate Gen  75
New Population 75
Better than Dads 5
Best Ind: ( 0.111111111111x + 0.166666666667y )
Fitness = 2.30030133893
Worst Ind: ( 0.125x + 0.142857142857y )
Fitness = 2.38895237793
Avg Fitness = 2.38540633637
Duplicated = 46
============================================================================
Evaluate Gen  76
New Population 75
Better than Dads 9
Best Ind: ( 0.111111111111x + 0.166666666667y )
Fitness = 2.30030133893
Worst Ind: ( 0.125x + 0.142857142857y )
Fitness = 2.38895237793
Avg Fitness = 2.38540633637
Duplicated = 46
============================================================================
Evaluate Gen  77
New Population 81
Better than Dads 11
Best Ind: ( 0.111111111111x + 0.166666666667y )
Fitness = 2.30030133893
Worst Ind: ( 0.125x + 0.142857142857y )
Fitness = 2.38895237793
Avg Fitness = 2.38540633637
Duplicated = 46
============================================================================
Evaluate Gen  78
New Population 78
Better than Dads 10
Best Ind: ( 0.111111111111x + 0.166666666667y )
Fitness = 2.30030133893
Worst Ind: ( 0.125x + 0.142857142857y )
Fitness = 2.38895237793
Avg Fitness = 2.38540633637
Duplicated = 46
============================================================================
Evaluate Gen  79
New Population 77
Better than Dads 13
Best Ind: ( 0.111111111111x + 0.166666666667y )
Fitness = 2.30030133893
Worst Ind: ( 0.125x + 0.142857142857y )
Fitness = 2.38895237793
Avg Fitness = 2.38540633637
Duplicated = 46
============================================================================
Evaluate Gen  80
New Population 74
Better than Dads 10
Best Ind: ( 0.111111111111x + 0.166666666667y )
Fitness = 2.30030133893
Worst Ind: ( 0.125x + 0.142857142857y )
Fitness = 2.38895237793
Avg Fitness = 2.38540633637
Duplicated = 46
============================================================================
Evaluate Gen  81
New Population 74
Better than Dads 10
Best Ind: ( 0.111111111111x + 0.166666666667y )
Fitness = 2.30030133893
Worst Ind: ( 0.125x + 0.142857142857y )
Fitness = 2.38895237793
Avg Fitness = 2.38540633637
Duplicated = 46
============================================================================
Evaluate Gen  82
New Population 76
Better than Dads 14
Best Ind: ( 0.111111111111x + 0.166666666667y )
Fitness = 2.30030133893
Worst Ind: ( 0.142857142857y + 0.125x )
Fitness = 2.38895237793
Avg Fitness = 2.38540633637
Duplicated = 46
============================================================================
Evaluate Gen  83
New Population 74
Better than Dads 8
Best Ind: ( 0.111111111111x + 0.166666666667y )
Fitness = 2.30030133893
Worst Ind: ( 0.125x + 0.142857142857y )
Fitness = 2.38895237793
Avg Fitness = 2.38540633637
Duplicated = 46
============================================================================
Evaluate Gen  84
New Population 78
Better than Dads 12
Best Ind: ( 0.111111111111x + 0.166666666667y )
Fitness = 2.30030133893
Worst Ind: ( 0.142857142857y + 0.125x )
Fitness = 2.38895237793
Avg Fitness = 2.38540633637
Duplicated = 46
============================================================================
Evaluate Gen  85
New Population 74
Better than Dads 10
Best Ind: ( 0.111111111111x + 0.166666666667y )
Fitness = 2.30030133893
Worst Ind: ( 0.125x + 0.142857142857y )
Fitness = 2.38895237793
Avg Fitness = 2.38540633637
Duplicated = 46
============================================================================
Evaluate Gen  86
New Population 78
Better than Dads 12
Best Ind: ( 0.111111111111x + 0.166666666667y )
Fitness = 2.30030133893
Worst Ind: ( 0.125x + 0.142857142857y )
Fitness = 2.38895237793
Avg Fitness = 2.38540633637
Duplicated = 46
============================================================================
Evaluate Gen  87
New Population 75
Better than Dads 11
Best Ind: ( 0.111111111111x + 0.166666666667y )
Fitness = 2.30030133893
Worst Ind: ( 0.142857142857y + 0.125x )
Fitness = 2.38895237793
Avg Fitness = 2.38540633637
Duplicated = 46
============================================================================
Evaluate Gen  88
New Population 76
Better than Dads 10
Best Ind: ( 0.111111111111x + 0.166666666667y )
Fitness = 2.30030133893
Worst Ind: ( 0.125x + 0.142857142857y )
Fitness = 2.38895237793
Avg Fitness = 2.38540633637
Duplicated = 46
============================================================================
Evaluate Gen  89
New Population 73
Better than Dads 11
Best Ind: ( 0.111111111111x + 0.166666666667y )
Fitness = 2.30030133893
Worst Ind: ( 0.125x + 0.142857142857y )
Fitness = 2.38895237793
Avg Fitness = 2.38540633637
Duplicated = 46
============================================================================
Evaluate Gen  90
New Population 79
Better than Dads 11
Best Ind: ( 0.111111111111x + 0.166666666667y )
Fitness = 2.30030133893
Worst Ind: ( 0.125x + 0.142857142857y )
Fitness = 2.38895237793
Avg Fitness = 2.38540633637
Duplicated = 46
============================================================================
Evaluate Gen  91
New Population 72
Better than Dads 10
Best Ind: ( 0.111111111111x + 0.166666666667y )
Fitness = 2.30030133893
Worst Ind: ( 0.142857142857y + 0.125x )
Fitness = 2.38895237793
Avg Fitness = 2.38540633637
Duplicated = 46
============================================================================
Evaluate Gen  92
New Population 75
Better than Dads 9
Best Ind: ( 0.111111111111x + 0.166666666667y )
Fitness = 2.30030133893
Worst Ind: ( 0.125x + 0.142857142857y )
Fitness = 2.38895237793
Avg Fitness = 2.38540633637
Duplicated = 46
============================================================================
Evaluate Gen  93
New Population 76
Better than Dads 8
Best Ind: ( 0.111111111111x + 0.166666666667y )
Fitness = 2.30030133893
Worst Ind: ( 0.125x + 0.142857142857y )
Fitness = 2.38895237793
Avg Fitness = 2.38540633637
Duplicated = 46
============================================================================
Evaluate Gen  94
New Population 77
Better than Dads 11
Best Ind: ( 0.111111111111x + 0.166666666667y )
Fitness = 2.30030133893
Worst Ind: ( 0.125x + 0.142857142857y )
Fitness = 2.38895237793
Avg Fitness = 2.38540633637
Duplicated = 46
============================================================================
Evaluate Gen  95
New Population 73
Better than Dads 9
Best Ind: ( 0.111111111111x + 0.166666666667y )
Fitness = 2.30030133893
Worst Ind: ( 0.125x + 0.142857142857y )
Fitness = 2.38895237793
Avg Fitness = 2.38540633637
Duplicated = 46
============================================================================
Evaluate Gen  96
New Population 82
Better than Dads 10
Best Ind: ( 0.111111111111x + 0.166666666667y )
Fitness = 2.30030133893
Worst Ind: ( 0.125x + 0.142857142857y )
Fitness = 2.38895237793
Avg Fitness = 2.38540633637
Duplicated = 46
============================================================================
Evaluate Gen  97
New Population 77
Better than Dads 11
Best Ind: ( 0.111111111111x + 0.166666666667y )
Fitness = 2.30030133893
Worst Ind: ( 0.125x + 0.142857142857y )
Fitness = 2.38895237793
Avg Fitness = 2.38540633637
Duplicated = 46
============================================================================
Evaluate Gen  98
New Population 67
Better than Dads 7
Best Ind: ( 0.111111111111x + 0.166666666667y )
Fitness = 2.30030133893
Worst Ind: ( 0.125x + 0.142857142857y )
Fitness = 2.38895237793
Avg Fitness = 2.38540633637
Duplicated = 46
============================================================================
Evaluate Gen  99
New Population 79
Better than Dads 11
Best Ind: ( 0.111111111111x + 0.166666666667y )
Fitness = 2.30030133893
Worst Ind: ( 0.142857142857y + 0.125x )
Fitness = 2.38895237793
Avg Fitness = 2.38540633637
Duplicated = 46
============================================================================
Evaluate Gen  100
New Population 76
Better than Dads 10
Best Ind: ( 0.111111111111x + 0.166666666667y )
Fitness = 2.30030133893
Worst Ind: ( 0.125x + 0.142857142857y )
Fitness = 2.38895237793
Avg Fitness = 2.38540633637
Duplicated = 46
