dataset_file= dataset/SR_ellipse_noise.txt
population= 300
generations= 50
tournament_size= 3
cross_over= 0.9
mutation= 0.05
elitism= True
(50, 2)
============================================================================
Build initial population
ind: 1
( ( ( 0.111111111111y * 0.333333333333y ) + 0.5x ) + ( 0.125x * 0.2y ) )
ind: 2
( ( ( ( ( ( 0.142857142857x + 1.0x ) + 0.333333333333x ) * 0.111111111111x ) * ( ( 0.111111111111x + ( 0.2y + 0.2x ) ) * 0.142857142857y ) ) * ( 0.142857142857y + 0.1x ) ) + 0.125y )
ind: 3
( ( 0.2y * ( 0.25x + 0.2y ) ) * ( 0.25x * 0.142857142857y ) )
ind: 4
( 0.111111111111x + ( ( 0.125y * ( ( 1.0x * ( 0.111111111111x * 0.5x ) ) + ( 0.25x + 1.0y ) ) ) * 0.1y ) )
ind: 5
( ( 0.111111111111x * 0.111111111111x ) + 0.25y )
ind: 6
( ( ( ( ( 0.2x * ( 0.166666666667x + 0.125x ) ) * ( ( 0.111111111111y + 0.5y ) + ( 0.1x + 0.2x ) ) ) * 0.1x ) + 0.1y ) * 1.0x )
ind: 7
( ( ( 0.5x + ( ( ( 0.333333333333x + 1.0y ) + 0.25x ) + ( 0.25y + ( 0.25y * 0.333333333333y ) ) ) ) + 0.142857142857x ) * ( 1.0x * ( ( 1.0x + 0.25y ) + 0.333333333333y ) ) )
ind: 8
( 0.333333333333y + 0.5x )
ind: 9
( ( 0.1y + 0.125y ) * ( ( 0.5y + 0.111111111111y ) * ( 0.166666666667x * 0.5x ) ) )
ind: 10
( ( 0.5y + ( 0.333333333333x + ( ( 0.5y + 0.1x ) * 0.166666666667y ) ) ) * ( 0.166666666667y + ( 0.2y + 0.2y ) ) )
ind: 11
( ( 0.333333333333y * 0.111111111111y ) + ( 0.142857142857y + 0.125x ) )
ind: 12
( ( ( ( ( ( 0.125x * 0.2x ) * 0.333333333333y ) + 0.25x ) + 0.166666666667y ) * 0.1y ) * ( 0.166666666667y + 0.125x ) )
ind: 13
( 0.5x + 0.2y )
ind: 14
( ( ( ( ( 0.166666666667y + 0.142857142857x ) * ( ( 0.25y * 0.142857142857y ) + 0.111111111111y ) ) + ( 0.142857142857x + 0.111111111111x ) ) * 1.0y ) + ( ( ( 0.25x + ( 0.111111111111y * 0.111111111111x ) ) * ( 0.5y * ( 0.1x * 0.25x ) ) ) * 0.166666666667y ) )
ind: 15
( 0.166666666667y * ( 0.1x + ( 0.142857142857y + 0.333333333333y ) ) )
ind: 16
( 0.333333333333y * ( 0.166666666667x + ( ( ( ( 0.333333333333y + 0.142857142857x ) * 0.5x ) * ( 0.1x + ( 0.333333333333x + 0.166666666667y ) ) ) + 0.1y ) ) )
ind: 17
( 0.25x * ( ( 0.166666666667x * ( 0.125y + ( ( 0.5y + 0.25x ) * ( 0.111111111111x * 0.125x ) ) ) ) + 0.1x ) )
ind: 18
( 0.2x * 0.166666666667y )
ind: 19
( 0.333333333333y + ( 0.125x * 0.5x ) )
ind: 20
( ( 0.2y + ( 0.125y + ( ( 0.25y + ( 0.1y + 0.1x ) ) + ( ( 0.2x * 0.5x ) + ( 0.1y * 0.333333333333x ) ) ) ) ) * ( 0.111111111111x * ( 0.2y + ( ( 0.142857142857y + 0.25y ) * 0.25y ) ) ) )
ind: 21
( 0.125x * ( 0.166666666667x * 1.0y ) )
ind: 22
( ( ( 0.1x * ( ( ( 0.166666666667y + 0.25x ) * 0.111111111111y ) * 0.333333333333y ) ) * ( 0.125x + 0.111111111111y ) ) + ( 0.111111111111x + 0.111111111111x ) )
ind: 23
( ( 0.5x + 0.142857142857y ) * ( 0.125y + ( 1.0x + ( 0.333333333333y + ( 0.142857142857y * ( 1.0x + 0.166666666667y ) ) ) ) ) )
ind: 24
( 0.333333333333y * 0.166666666667x )
ind: 25
( 0.1x + ( ( ( 0.1x + 0.25y ) + ( ( ( 0.2y * 1.0x ) * 0.125y ) * ( 0.25y + 0.166666666667y ) ) ) + ( ( 0.25y * ( 0.25y * ( 0.166666666667y * 0.111111111111x ) ) ) + 0.333333333333y ) ) )
ind: 26
( 0.142857142857x + ( 0.166666666667x * ( 0.5x * ( ( ( 0.25x * 1.0x ) * ( 0.25x * 0.166666666667x ) ) * ( 0.25y + 0.166666666667y ) ) ) ) )
ind: 27
( ( ( ( 0.333333333333x * ( 0.142857142857y * 0.1x ) ) * ( ( 0.125y * 0.142857142857y ) * ( ( 0.333333333333x * 0.25x ) * 0.142857142857x ) ) ) + 0.125y ) * ( ( 0.333333333333y + ( 0.2x * ( ( 0.166666666667x * 1.0y ) * 0.125x ) ) ) + 0.2y ) )
ind: 28
( ( ( 0.1y * ( ( 1.0x * ( 0.1y * 0.5y ) ) + 0.5x ) ) + ( ( 0.142857142857x * 0.25y ) + 1.0x ) ) + ( ( ( ( 0.5y * 0.166666666667y ) + 0.166666666667x ) + 0.5y ) * ( 0.1y + 0.125x ) ) )
ind: 29
( 0.166666666667x + ( ( 0.1x * 0.333333333333y ) * ( 0.1y + ( 0.2y * ( 0.25y * ( 0.5y + 0.333333333333x ) ) ) ) ) )
ind: 30
( ( 0.2x * 0.142857142857y ) + 1.0y )
ind: 31
( 0.25y * 0.1x )
ind: 32
( 0.125x + 1.0y )
ind: 33
( ( 0.142857142857x + 0.111111111111y ) * 1.0y )
ind: 34
( ( ( 0.2y + ( 1.0y * 0.333333333333x ) ) + 0.125y ) + ( ( 0.166666666667y * ( ( 0.25y * ( 0.2y + 0.25x ) ) * 0.2x ) ) + ( 0.333333333333y * ( 0.125y * ( ( 0.2x * 0.166666666667x ) + ( 0.25x + 0.111111111111x ) ) ) ) ) )
ind: 35
( ( 0.142857142857x + ( 0.1x + 0.1x ) ) + 0.333333333333y )
ind: 36
( ( 0.5y + 0.1x ) + ( 0.25x * 0.333333333333x ) )
ind: 37
( ( 0.333333333333x * ( ( 0.25y + ( ( 0.5x * 0.2y ) * 0.1x ) ) + ( 0.166666666667y + 0.2y ) ) ) + 0.5y )
ind: 38
( ( 0.1y * ( ( ( 0.2y * ( 0.142857142857y * 1.0y ) ) + ( ( 0.142857142857y * 0.25x ) * 0.25y ) ) + 1.0y ) ) + 0.1x )
ind: 39
( ( ( 0.166666666667y * 0.125y ) + 0.1x ) + ( ( 0.125y + ( ( 0.5y * 0.25x ) * ( 0.166666666667x + ( 0.25x * 0.1x ) ) ) ) * ( 0.1x * 0.1y ) ) )
ind: 40
( 0.125y + ( ( 0.333333333333y + 0.111111111111x ) * ( ( 0.25x * 0.111111111111x ) * 1.0x ) ) )
ind: 41
( ( 0.25x * 0.5y ) * ( ( 0.333333333333x * 0.1y ) + 0.5y ) )
ind: 42
( ( 0.111111111111x * ( ( ( ( 0.25x * 0.1y ) * ( 0.2y + 0.5y ) ) * 0.1x ) + 0.5y ) ) + ( ( ( 0.1y * 0.25x ) * 0.25y ) + ( 0.5x + ( ( ( 0.1x * 0.25x ) * ( 0.111111111111x + 0.333333333333x ) ) * ( ( 0.142857142857x + 0.2y ) * 0.25y ) ) ) ) )
ind: 43
( ( 0.142857142857x * ( ( ( 0.1x * 0.125x ) * 0.166666666667y ) * 0.2x ) ) * 1.0x )
ind: 44
( 0.5x + 0.1y )
ind: 45
( ( ( 0.166666666667y * 0.5x ) * ( ( ( 1.0y + 0.1y ) * 0.111111111111y ) * 0.125x ) ) + ( 0.1x * 0.142857142857x ) )
ind: 46
( ( 0.1y * ( ( ( ( 0.166666666667y + 0.142857142857x ) * ( 1.0x * 0.111111111111x ) ) + ( ( 0.5y * 0.111111111111x ) * ( 0.2y + 0.1x ) ) ) * ( 0.166666666667x + ( 0.25y * 0.166666666667x ) ) ) ) * 0.166666666667y )
ind: 47
( ( 0.142857142857y + ( ( 0.111111111111x + ( ( 0.5y * 0.5x ) * ( 0.25x + 0.142857142857x ) ) ) * 0.2x ) ) * 0.142857142857y )
ind: 48
( ( 0.142857142857x + 0.142857142857x ) * ( ( 0.333333333333y + ( 0.111111111111y * ( 0.1y + ( 0.142857142857y + 0.333333333333x ) ) ) ) * 0.5x ) )
ind: 49
( 0.25x + ( ( 0.1x * ( ( 0.5y + ( 0.166666666667y + 1.0y ) ) + ( 0.1x * 0.25y ) ) ) * 0.142857142857y ) )
ind: 50
( ( 1.0y * 0.142857142857y ) * 0.333333333333x )
ind: 51
( ( ( ( ( ( 0.25x + 0.125x ) * 0.25y ) + 0.2x ) + 0.25y ) + ( ( 0.333333333333x + ( 0.5y * ( 0.125y * 0.2x ) ) ) * 0.166666666667x ) ) + ( 0.2x + 0.2x ) )
ind: 52
( ( ( 0.142857142857x + ( ( 0.166666666667x + ( 0.2x * 0.142857142857x ) ) * ( ( 0.111111111111x * 0.125x ) * ( 0.2y + 0.5y ) ) ) ) * ( 0.111111111111x * ( ( ( 0.142857142857x * 0.142857142857x ) * 0.333333333333x ) + ( ( 0.111111111111y + 1.0y ) + ( 0.142857142857x + 0.2y ) ) ) ) ) + ( 0.166666666667y + ( ( 0.166666666667y + ( 1.0x + ( 0.333333333333x + 0.111111111111y ) ) ) * ( 0.25x * 0.166666666667x ) ) ) )
ind: 53
( 0.25x + ( ( 0.125y * 0.2x ) * ( ( 0.166666666667y + 0.2x ) + 0.333333333333y ) ) )
ind: 54
( ( ( 0.166666666667x * ( ( ( 1.0y * 0.25x ) * ( 0.1y * 0.142857142857x ) ) * ( ( 0.25y * 0.333333333333x ) + ( 0.2x * 0.166666666667x ) ) ) ) * ( ( 0.111111111111x * ( ( 0.2x + 0.25x ) + 0.1y ) ) + ( ( 0.125x + ( 0.25x + 0.1y ) ) + ( 0.333333333333x + 0.111111111111y ) ) ) ) + ( 0.1x + 0.166666666667y ) )
ind: 55
( 0.125x * ( ( ( ( 0.166666666667y * 0.142857142857x ) + 0.125x ) * 1.0y ) * 0.111111111111y ) )
ind: 56
( ( ( 0.5x + ( 0.333333333333x + 0.1x ) ) + 0.1x ) * ( 0.25y + 0.111111111111x ) )
ind: 57
( 0.111111111111x + ( ( ( 1.0x + 0.125y ) * 0.125x ) + 0.5x ) )
ind: 58
( 0.111111111111x * 0.111111111111y )
ind: 59
( 0.111111111111x + ( ( ( ( ( 1.0x * 0.166666666667x ) * 0.1x ) * ( 0.2y * 0.5x ) ) * 0.166666666667y ) * 0.333333333333x ) )
ind: 60
( ( 0.166666666667x + 0.5x ) * 0.5y )
ind: 61
( 0.25x + 0.111111111111y )
ind: 62
( 0.1y + ( ( 0.25y * 0.166666666667y ) + 0.142857142857x ) )
ind: 63
( ( ( 0.5y * ( 0.142857142857x + 0.333333333333x ) ) + ( ( ( ( 0.166666666667y * 0.2x ) * 0.142857142857y ) + ( ( 0.2y + 0.125x ) * ( 0.1y + 0.142857142857y ) ) ) * ( 0.5x * 0.333333333333y ) ) ) + ( 0.2y * ( ( ( 0.1y * ( 0.2y * 0.142857142857x ) ) * 0.25x ) + ( ( ( 0.142857142857y * 0.5y ) * 0.5y ) + ( ( 0.2y * 0.5x ) * ( 0.333333333333y + 0.333333333333y ) ) ) ) ) )
ind: 64
( 0.2x * 0.333333333333y )
ind: 65
( 0.166666666667y + ( ( 0.1x * 0.1y ) + ( ( ( ( 0.25y * 0.333333333333x ) + ( 0.142857142857y * 0.25x ) ) + ( 0.1y * 0.2x ) ) + 0.142857142857y ) ) )
ind: 66
( ( 0.333333333333y * 0.2y ) + ( ( 0.125x * 0.5x ) + 0.2x ) )
ind: 67
( 0.2x * 0.125y )
ind: 68
( ( ( ( ( 0.1x * 1.0y ) * 0.333333333333y ) * 1.0y ) * ( 1.0x * 0.125x ) ) * 0.5y )
ind: 69
( ( ( 0.125y + ( ( ( 0.125x + 0.1y ) + 0.333333333333x ) + 1.0x ) ) * 1.0x ) * 0.2x )
ind: 70
( ( ( ( 0.142857142857y + ( ( 0.2y * 0.5x ) + 1.0x ) ) + ( 1.0x + ( ( 0.1y + 1.0y ) * ( 0.25y + 0.25y ) ) ) ) * ( 0.1x + ( ( ( 0.2x + 0.5y ) + 0.5x ) + 0.111111111111y ) ) ) * ( 0.333333333333y + ( 0.142857142857y + 0.1x ) ) )
ind: 71
( ( ( 0.1y * ( ( 0.5y + ( 0.25x * 0.142857142857y ) ) * 1.0y ) ) * 0.125x ) * 0.142857142857y )
ind: 72
( ( ( 1.0x * ( ( ( 0.111111111111x * 0.111111111111x ) * ( 1.0x * 0.125y ) ) * ( 0.125x + ( 0.5y * 0.142857142857y ) ) ) ) + 0.125x ) * 0.333333333333x )
ind: 73
( ( 0.5x * ( ( ( ( 0.1y * 0.25x ) * ( 0.25x + 0.166666666667x ) ) + ( 0.111111111111y + ( 0.2x * 0.333333333333y ) ) ) + ( ( ( 0.2x * 1.0x ) * 0.333333333333x ) * ( ( 0.1y * 0.1x ) + 0.5y ) ) ) ) + ( ( ( ( 1.0y * ( 0.166666666667y + 0.333333333333x ) ) + 0.166666666667x ) * ( 0.166666666667x + ( ( 1.0x * 0.5y ) + ( 0.125y * 0.2x ) ) ) ) + 0.125x ) )
ind: 74
( ( ( ( ( ( 1.0x + 0.25y ) * ( 0.2y * 1.0x ) ) * 0.2y ) * 0.1x ) + ( ( 0.111111111111x + 0.142857142857y ) + ( 0.125x * 0.125x ) ) ) + 1.0x )
ind: 75
( ( 0.1y * 1.0x ) + ( 1.0x * 0.25y ) )
ind: 76
( 0.142857142857x * 0.333333333333y )
ind: 77
( 0.1y * ( ( ( ( ( 0.333333333333x * 0.333333333333x ) * ( 0.25x * 0.25x ) ) + 0.166666666667x ) + ( 0.25y * 0.1y ) ) * 0.142857142857x ) )
ind: 78
( ( ( ( 0.5x * ( 0.25x + ( 0.333333333333y + 0.5x ) ) ) * ( ( 1.0y + ( 0.2x * 0.5x ) ) + 0.1x ) ) * ( ( ( 0.5x + 0.25x ) * 0.25y ) + ( ( ( 0.166666666667x + 0.2x ) * ( 0.142857142857x * 0.142857142857y ) ) * ( 0.5y + ( 0.111111111111y * 0.2y ) ) ) ) ) * ( 0.25x + 0.25y ) )
ind: 79
( 0.142857142857x * 0.25y )
ind: 80
( 0.111111111111y * 0.125x )
ind: 81
( 0.125x * ( ( ( ( ( 0.2y + 0.142857142857y ) * 0.333333333333x ) * ( 0.111111111111y + ( 0.25x * 0.2y ) ) ) + 0.25x ) + ( ( 0.2y + 0.125x ) * 0.2x ) ) )
ind: 82
( ( ( ( ( ( 0.5y * 0.333333333333x ) * 0.333333333333x ) * 0.333333333333x ) + 0.5y ) + 1.0y ) + 0.1y )
ind: 83
( ( ( ( 0.333333333333x + ( ( 0.125x + 0.111111111111y ) * 1.0y ) ) * ( ( 0.5x * ( 0.125y * 0.2x ) ) + ( ( 0.25y * 0.25x ) + ( 0.5x + 0.333333333333x ) ) ) ) * 0.333333333333y ) * ( ( 0.2y + ( ( 0.1x + 0.5x ) + 1.0y ) ) + 1.0y ) )
ind: 84
( 0.5y + ( 0.5x * 0.166666666667y ) )
ind: 85
( ( 0.125x * 0.333333333333x ) * ( 1.0y + 0.5y ) )
ind: 86
( ( ( ( ( 0.25x * ( 1.0y * 0.5x ) ) + ( ( 0.142857142857x + 0.142857142857y ) * ( 0.1y * 0.166666666667y ) ) ) + ( 0.142857142857y * 0.111111111111y ) ) * 0.1y ) + ( 0.1x * ( ( ( 0.111111111111y + 0.166666666667x ) * 0.1y ) + ( 1.0y + ( ( 0.166666666667x * 0.25y ) * ( 0.125y * 0.333333333333x ) ) ) ) ) )
ind: 87
( 0.25x * ( ( ( ( 0.5x + 0.1x ) + ( 0.25y + 0.2x ) ) * 0.142857142857x ) * 0.25y ) )
ind: 88
( ( ( ( ( 0.2x + ( 1.0y + 0.166666666667y ) ) * 0.142857142857x ) * 0.333333333333x ) + 0.111111111111y ) * 0.125x )
ind: 89
( 0.142857142857y + 0.25x )
ind: 90
( ( 0.5x * 0.1y ) + ( ( 0.2y * ( 0.142857142857x + ( ( 0.2x * 1.0x ) + ( 0.142857142857x * 0.333333333333x ) ) ) ) * 0.125y ) )
ind: 91
( ( 1.0x + ( ( 1.0y + ( 0.166666666667x + ( 0.333333333333x * 0.1x ) ) ) * 0.333333333333y ) ) + ( 0.166666666667x + 1.0x ) )
ind: 92
( 0.2x + ( 0.142857142857x * ( ( ( 0.1y * ( 0.333333333333x * 0.5x ) ) + ( 0.125y * 0.142857142857x ) ) * 0.1y ) ) )
ind: 93
( 0.166666666667y * ( ( 0.125y * 0.1y ) + ( ( ( ( 0.125x + 0.142857142857y ) + ( 0.111111111111y + 0.166666666667x ) ) + 0.2x ) * ( ( 0.333333333333y + ( 0.166666666667y * 0.2x ) ) + ( 0.25y + 0.333333333333x ) ) ) ) )
ind: 94
( ( 0.142857142857x * 0.166666666667x ) * ( ( ( ( ( 0.166666666667y * 0.5x ) + ( 0.142857142857x + 0.125x ) ) + 0.142857142857y ) * 0.1y ) + ( ( ( ( 0.166666666667x + 0.111111111111y ) * ( 0.25x * 0.333333333333y ) ) * ( ( 0.166666666667x + 0.25y ) * ( 0.2x + 1.0x ) ) ) * ( 1.0y + 0.5x ) ) ) )
ind: 95
( ( ( 0.142857142857x + 1.0y ) * ( ( ( ( 0.25x * 0.125y ) + ( 0.125x * 0.333333333333y ) ) + ( ( 0.5y + 0.166666666667y ) + 0.1x ) ) + 0.2y ) ) + 0.166666666667y )
ind: 96
( ( ( 0.25x * ( 0.111111111111x + ( ( 0.142857142857x + 1.0x ) + ( 0.2x * 0.5x ) ) ) ) + ( ( 0.111111111111x * 0.111111111111y ) * ( 0.2x * ( 1.0y + ( 0.125x + 0.142857142857y ) ) ) ) ) * 0.1x )
ind: 97
( 0.166666666667y + ( ( 0.142857142857y + ( ( 0.2y * ( 0.333333333333x * 0.142857142857x ) ) * ( 0.333333333333x + ( 0.2y + 0.142857142857x ) ) ) ) + ( ( ( ( 1.0x + 0.1x ) * 0.25x ) * 0.2y ) + ( 0.1y + ( 0.125y + ( 1.0x + 0.166666666667x ) ) ) ) ) )
ind: 98
( ( ( ( ( ( 0.166666666667y * 0.5x ) + 0.2x ) * 0.5y ) + ( ( ( 0.142857142857x * 0.166666666667x ) + 0.166666666667x ) * 0.166666666667x ) ) * ( 0.1y * 0.111111111111x ) ) + 0.142857142857y )
ind: 99
( ( ( ( 0.5y + ( 0.1x * ( 0.25x * 0.1x ) ) ) + 0.142857142857x ) + 0.125x ) * 1.0x )
ind: 100
( ( ( ( 0.2x * 0.1x ) + ( 0.125y + ( ( 0.333333333333x * 0.1x ) + ( 0.25x + 0.166666666667x ) ) ) ) * 0.125x ) + ( 1.0y * 0.142857142857y ) )
ind: 101
( 0.142857142857y * ( 1.0y * ( ( ( 1.0x * ( 0.2x + 1.0x ) ) * ( 0.5y + 0.111111111111x ) ) * 0.5y ) ) )
ind: 102
( ( 0.5y + 0.142857142857y ) + ( 0.333333333333x * 0.333333333333x ) )
ind: 103
( ( 0.2y + 0.2x ) * ( 0.1x * ( 0.333333333333y + 0.142857142857y ) ) )
ind: 104
( 0.166666666667y + 0.1x )
ind: 105
( ( ( ( 0.333333333333x + ( 0.125y * ( 0.333333333333x + 0.1x ) ) ) * ( ( 0.333333333333y * 0.2y ) * 1.0x ) ) * 0.142857142857y ) * 0.333333333333y )
ind: 106
( ( ( 0.25x * ( 0.125x * 0.142857142857x ) ) * ( ( 0.142857142857y + ( ( 0.142857142857y * 0.5x ) + 1.0y ) ) + ( 0.2y + 0.2y ) ) ) * 0.25y )
ind: 107
( 0.5x + ( 0.333333333333y + ( 0.166666666667x + ( ( ( 1.0y * 0.142857142857y ) * 0.1y ) * 0.142857142857y ) ) ) )
ind: 108
( ( 0.333333333333x * 0.25x ) + 0.1y )
ind: 109
( ( ( ( 0.1x + 0.5y ) * ( 0.1y * ( 1.0x + ( 0.111111111111x * 0.125y ) ) ) ) * ( ( ( ( 1.0y * 0.25x ) * 0.5y ) + ( ( 0.1y + 0.125y ) + ( 0.142857142857y * 0.142857142857x ) ) ) * 0.142857142857y ) ) * ( ( 0.111111111111x * ( 0.5x + 1.0y ) ) * 1.0x ) )
ind: 110
( 0.142857142857y * ( ( 0.142857142857x + ( ( ( 0.25y + 0.166666666667x ) + 0.2y ) + ( 0.2y + ( 0.25x * 0.142857142857x ) ) ) ) * ( ( 0.142857142857y + ( ( 1.0y * 0.1x ) + 0.166666666667x ) ) + 0.166666666667y ) ) )
ind: 111
( ( 0.1x * ( ( ( ( 0.2y + 0.1y ) + 0.2y ) * 0.166666666667x ) + ( ( ( 0.2x * 0.2x ) * ( 1.0x * 0.166666666667x ) ) * 0.166666666667y ) ) ) + ( 0.111111111111x + 0.1y ) )
ind: 112
( 0.111111111111x + 0.125y )
ind: 113
( 0.125y * ( 0.2y + ( ( ( ( 0.5y + 0.2x ) * 0.25x ) + 0.333333333333x ) * ( ( 0.125y + ( 0.1y * 1.0y ) ) + ( ( 0.125y * 0.25x ) * ( 0.2y * 0.142857142857x ) ) ) ) ) )
ind: 114
( 0.111111111111y + ( ( ( ( 0.111111111111x * 0.125y ) + 0.111111111111x ) * 0.166666666667x ) * 0.125x ) )
ind: 115
( 0.125x * 0.111111111111y )
ind: 116
( ( ( ( ( 0.1x * ( 0.111111111111x * 0.111111111111x ) ) + ( ( 0.333333333333y * 0.333333333333x ) * ( 0.111111111111x * 0.166666666667y ) ) ) * ( 0.5y + ( 0.2y + 0.142857142857y ) ) ) + ( 1.0y + 0.111111111111x ) ) * 1.0x )
ind: 117
( ( ( 1.0x + ( 0.1x + ( ( 0.2y * 0.125y ) + 0.1x ) ) ) * 0.166666666667y ) * ( ( ( ( 1.0y * ( 0.1y + 0.2y ) ) * 0.25y ) + 0.5x ) * ( ( 0.2y * 0.142857142857y ) * 0.111111111111y ) ) )
ind: 118
( ( ( ( ( ( 0.125x * 0.142857142857x ) + ( 0.125x + 0.125x ) ) + ( ( 0.5y + 0.5y ) * 0.111111111111x ) ) + ( ( 1.0x * 0.142857142857y ) * ( ( 0.166666666667y * 0.1y ) * 0.333333333333x ) ) ) + 0.1y ) * 0.125y )
ind: 119
( 0.25y + 0.5x )
ind: 120
( 0.111111111111x * ( ( ( ( 0.111111111111y + 0.333333333333x ) * 1.0x ) * 1.0y ) + ( ( 0.111111111111y * ( 0.2y + 0.2y ) ) * ( 0.2x * ( 0.1x * ( 1.0x + 0.1x ) ) ) ) ) )
ind: 121
( 0.1y + ( 0.1x * ( ( ( ( 1.0y * 0.125y ) * ( 0.166666666667x * 0.2y ) ) * ( 0.1x + 0.25x ) ) * ( 0.2y * ( 0.111111111111x * ( 0.166666666667x + 1.0y ) ) ) ) ) )
ind: 122
( 0.1x + ( ( ( 0.5y * 0.333333333333y ) * ( 0.25y * ( 1.0x * 0.125x ) ) ) + ( 0.111111111111x * 0.5y ) ) )
ind: 123
( 0.25y + 0.5x )
ind: 124
( ( ( 0.25x + ( 0.333333333333y + ( ( 0.25x * 0.25y ) + ( 0.25y + 0.25y ) ) ) ) + ( ( 0.333333333333x + 0.125x ) * ( ( 0.2y + 0.1y ) + 0.25x ) ) ) * ( ( 1.0y + 1.0y ) * ( ( ( 0.5y * 0.111111111111x ) + ( 0.25x + 0.25x ) ) * ( ( ( 0.166666666667x * 0.166666666667x ) + 0.125y ) * 0.1x ) ) ) )
ind: 125
( 0.111111111111y + ( ( ( 0.142857142857x * 0.333333333333y ) * ( 0.1y * 0.25y ) ) + 0.166666666667y ) )
ind: 126
( ( ( 0.2x * ( 0.1y * 1.0x ) ) * ( ( 0.111111111111x * ( 0.5x + 1.0y ) ) * 0.2x ) ) + ( 0.2x * ( ( ( 0.166666666667x * 0.142857142857x ) + 0.25x ) + 0.333333333333y ) ) )
ind: 127
( ( 0.166666666667x * ( ( ( ( 0.2x + 0.2y ) * 0.25y ) * 0.2x ) * 0.142857142857y ) ) + 0.142857142857x )
ind: 128
( ( 0.1x + ( 0.25y + ( 1.0x * 0.166666666667x ) ) ) + ( 0.333333333333x + ( ( 0.5y + ( 1.0y + 0.1x ) ) + ( 0.333333333333x * 0.166666666667x ) ) ) )
ind: 129
( ( 0.2x + 0.333333333333y ) * 0.2y )
ind: 130
( ( ( ( 0.142857142857x * ( ( 0.1y + 0.2x ) + ( 0.333333333333x * 0.111111111111x ) ) ) + 0.166666666667x ) * 0.166666666667y ) * ( ( ( ( ( 0.125x * 0.125y ) + ( 0.142857142857y * 0.166666666667x ) ) + ( ( 0.25y + 0.25y ) * 0.142857142857y ) ) + ( ( 0.333333333333y * ( 0.142857142857x + 0.1x ) ) * ( ( 0.25x * 0.166666666667y ) * 0.111111111111y ) ) ) + 0.1y ) )
ind: 131
( ( ( 0.333333333333x * 0.125x ) * 0.2y ) + ( 0.125y * ( 0.1x + ( 0.25x + 1.0x ) ) ) )
ind: 132
( ( 0.125y * ( ( 0.166666666667x * 0.142857142857x ) + 0.333333333333y ) ) * 0.25y )
ind: 133
( ( 0.125x + 0.142857142857y ) * 0.5y )
ind: 134
( ( ( 0.142857142857x * 0.2x ) + ( ( ( 0.166666666667y + 0.25x ) + ( ( 0.166666666667y * 0.333333333333x ) + 0.142857142857y ) ) * 0.25x ) ) * 0.125y )
ind: 135
( 0.142857142857y * ( 0.142857142857y * ( 1.0x + 0.5x ) ) )
ind: 136
( 0.5x + ( ( ( 0.142857142857y * ( 0.142857142857x * ( 0.5x * 0.25y ) ) ) + ( 1.0y * ( 0.111111111111x + ( 0.2y * 0.1y ) ) ) ) * ( ( ( ( 0.166666666667x * 0.142857142857x ) * ( 0.125y + 0.166666666667x ) ) * ( 0.111111111111x + 0.111111111111x ) ) + 0.1y ) ) )
ind: 137
( ( ( 0.1y + 0.142857142857y ) * ( ( 0.125y + 0.111111111111y ) + ( ( ( 0.333333333333y * 0.166666666667y ) * 0.142857142857y ) + ( 0.111111111111y * 0.166666666667x ) ) ) ) * 0.2y )
ind: 138
( 0.2y + ( 0.166666666667x * 0.111111111111y ) )
ind: 139
( 0.125y + ( ( 0.5x * 0.25y ) * 0.5y ) )
ind: 140
( 0.1x * 0.142857142857y )
ind: 141
( ( 0.2y * ( 1.0y * ( 0.333333333333y + 0.142857142857y ) ) ) + ( 0.142857142857y + ( 0.111111111111y + ( ( 0.25y * ( 0.1x + 0.111111111111y ) ) + ( 0.1x + 1.0y ) ) ) ) )
ind: 142
( ( ( 0.2y * ( 0.1y * ( 0.333333333333y * ( 0.25x + 0.1y ) ) ) ) + ( ( 0.111111111111y * 0.2x ) + 0.111111111111x ) ) + ( 0.1y * ( ( 0.5x * 0.166666666667y ) + 0.111111111111x ) ) )
ind: 143
( ( ( 0.5x * ( ( ( 0.2x + 0.1x ) * ( 0.1y * 1.0y ) ) * ( ( 0.166666666667x + 0.5y ) * 0.111111111111y ) ) ) + ( 0.2x * ( 1.0y * ( 0.1y * 0.5x ) ) ) ) + ( ( ( 0.2y * ( ( 0.333333333333x + 0.166666666667y ) * ( 0.142857142857y + 0.25x ) ) ) * 1.0x ) + ( ( 0.333333333333y * 0.1x ) + ( 0.166666666667x * ( ( 0.2y + 0.125x ) + ( 0.125x + 0.125x ) ) ) ) ) )
ind: 144
( ( 0.5y + ( 0.125x + 0.2y ) ) * ( ( 0.333333333333x + ( ( ( 1.0y + 0.25y ) * ( 0.25x + 1.0x ) ) * 0.25x ) ) * 0.25y ) )
ind: 145
( 0.2y * 1.0x )
ind: 146
( ( 0.142857142857y + 0.1y ) + ( 0.111111111111x * 0.166666666667y ) )
ind: 147
( 0.25y + ( ( ( ( 1.0x + 0.166666666667x ) * ( ( 0.142857142857y * 0.333333333333x ) + ( 0.111111111111x + 0.333333333333x ) ) ) + ( 0.111111111111y + ( ( 0.1x * 0.111111111111y ) + 0.1x ) ) ) * 0.166666666667y ) )
ind: 148
( ( 0.166666666667x + ( ( 0.166666666667y * ( ( 0.2x + 0.333333333333x ) + 0.333333333333y ) ) * ( ( 0.5x + ( 0.25x + 0.166666666667x ) ) * ( ( 0.166666666667y * 1.0x ) * ( 0.333333333333x + 0.166666666667y ) ) ) ) ) * 0.125x )
ind: 149
( ( 0.1y + ( ( 0.142857142857y + ( 0.142857142857y + 0.333333333333x ) ) + 0.333333333333x ) ) + 0.1x )
ind: 150
( 1.0y + ( 0.125y + 0.1x ) )
ind: 151
( 1.0y + ( ( ( 1.0x * 0.333333333333y ) + ( 0.166666666667y * ( ( 0.111111111111y * 0.125x ) + 0.333333333333y ) ) ) + ( ( 0.2y * ( ( 1.0y + 0.1y ) + ( 0.142857142857x * 0.111111111111y ) ) ) * ( 0.25x + 1.0x ) ) ) )
ind: 152
( ( 0.166666666667x + ( 0.166666666667y + ( 0.5x + 0.333333333333x ) ) ) * 0.125x )
ind: 153
( ( ( 0.2x * ( 0.25x * ( ( 0.142857142857y * 0.5y ) + ( 0.125x * 0.125y ) ) ) ) * 0.166666666667x ) + ( ( ( ( ( 0.333333333333x * 1.0x ) + 0.2x ) + 0.333333333333y ) * 0.111111111111y ) * 0.1x ) )
ind: 154
( 0.111111111111y * ( ( ( 0.1y * 0.2x ) * ( ( ( 0.1y * 0.142857142857x ) * ( 0.5y * 0.1y ) ) * ( 0.142857142857y + ( 0.5y * 0.333333333333y ) ) ) ) + ( 0.142857142857y + 0.111111111111x ) ) )
ind: 155
( 0.2y + ( ( 0.111111111111x + 0.166666666667x ) * 1.0x ) )
ind: 156
( 0.1y + 0.5x )
ind: 157
( ( 1.0y * ( ( 0.142857142857y + ( ( 0.1y + 0.142857142857y ) + 0.333333333333y ) ) + ( ( ( 0.142857142857x + 0.5y ) + 1.0y ) + 0.1y ) ) ) + 0.125x )
ind: 158
( ( ( 0.25y * 1.0x ) + ( 0.25x + ( ( 0.1y + ( 0.1x * 0.111111111111y ) ) + 0.142857142857y ) ) ) * ( 1.0y + ( 0.111111111111x + 0.166666666667y ) ) )
ind: 159
( 0.5x + 0.125y )
ind: 160
( ( ( ( ( 0.333333333333x + 0.333333333333x ) * ( ( 0.1y * 0.2y ) * 0.333333333333y ) ) * 0.166666666667y ) * ( ( ( ( 0.1y * 0.166666666667x ) * 0.111111111111x ) + 0.142857142857y ) + ( 0.25y + ( ( 0.5y * 0.166666666667x ) + 0.25x ) ) ) ) + 0.125y )
ind: 161
( ( 0.111111111111y + ( ( ( 0.5x * ( 0.1x * 0.5y ) ) + 1.0x ) + ( ( 0.142857142857y * 1.0y ) * ( 0.25y + ( 0.125x * 0.1x ) ) ) ) ) * ( ( 0.1x + 0.1x ) + 0.166666666667x ) )
ind: 162
( 1.0y + ( ( 0.1y * 0.2x ) + 1.0x ) )
ind: 163
( ( ( ( ( 0.5y * 0.125x ) + ( 0.25y * ( 0.111111111111y * 0.1x ) ) ) * ( 0.166666666667y * ( 0.25y * ( 0.25y * 0.5y ) ) ) ) * 0.142857142857y ) * ( 0.125y * ( 0.25y + ( ( 0.1x + 0.111111111111y ) + 0.5y ) ) ) )
ind: 164
( ( ( 0.25y + ( ( 1.0x * ( 1.0y + 0.25x ) ) * 0.333333333333x ) ) * 0.166666666667x ) * ( ( ( 0.2x + ( 0.1x + ( 0.1x + 0.125x ) ) ) + 0.111111111111y ) + 0.333333333333x ) )
ind: 165
( ( ( ( 0.111111111111y + 0.125y ) + 0.25x ) + 0.25x ) * ( ( ( 1.0y * ( ( 0.333333333333y * 0.5x ) * ( 0.142857142857y + 0.111111111111x ) ) ) + ( ( ( 0.125y * 0.2x ) + ( 0.333333333333y + 0.1y ) ) * ( 0.5y + ( 1.0x + 0.166666666667y ) ) ) ) + ( 0.25x + ( ( ( 0.1y * 0.111111111111y ) * 1.0y ) * 0.1y ) ) ) )
ind: 166
( ( 0.333333333333y * ( ( 0.333333333333y + ( 0.25x * ( 0.5x + 0.5x ) ) ) * ( 1.0y + ( 0.1x + ( 0.125x * 0.166666666667x ) ) ) ) ) * 1.0y )
ind: 167
( ( ( 1.0x * ( ( 0.1x + ( 1.0x + 0.1y ) ) + 1.0x ) ) * ( ( ( ( 0.25y * 0.1y ) * ( 0.25x * 0.1x ) ) + ( 0.111111111111y + 1.0x ) ) + 1.0x ) ) * 0.166666666667y )
ind: 168
( ( ( ( ( 0.1y + 0.1y ) + 0.2y ) * 0.5x ) * 0.166666666667x ) * ( 0.1x + ( ( 0.25y + ( ( 0.2y + 1.0x ) * 0.333333333333y ) ) * 1.0x ) ) )
ind: 169
( ( ( 0.142857142857x + ( 0.166666666667x + 0.111111111111y ) ) + ( ( ( ( 0.125y + 0.166666666667x ) + 0.5x ) + ( ( 0.25y + 0.333333333333x ) * ( 0.2x + 0.333333333333x ) ) ) * 0.5x ) ) + ( ( 1.0y + ( ( ( 0.25x * 0.111111111111x ) + ( 1.0y * 1.0y ) ) + 0.166666666667x ) ) + 0.2y ) )
ind: 170
( ( ( ( ( 0.125x * ( 0.333333333333y * 0.25x ) ) + ( ( 1.0x + 0.333333333333x ) * ( 0.125x * 0.142857142857y ) ) ) * ( 0.25y * 1.0y ) ) * 0.2x ) * ( 0.5y + ( ( ( 0.25x * ( 0.333333333333x * 0.111111111111y ) ) * 0.1x ) * 0.25x ) ) )
ind: 171
( ( 0.142857142857y * 1.0y ) * 0.25x )
ind: 172
( 0.125x + 0.125y )
ind: 173
( 0.2x * ( ( ( 0.142857142857x + 0.142857142857y ) + ( 0.142857142857x + 0.166666666667y ) ) + 1.0x ) )
ind: 174
( 0.142857142857x + ( 0.142857142857y * 0.2y ) )
ind: 175
( ( 0.2x + 0.5y ) + ( ( ( 1.0x + 0.166666666667x ) + 0.125y ) + ( ( ( ( 1.0x + 0.142857142857x ) * ( 0.142857142857y * 0.111111111111x ) ) + 0.333333333333x ) * 0.166666666667y ) ) )
ind: 176
( 0.142857142857y * 0.142857142857x )
ind: 177
( ( ( 0.1x * ( ( ( 0.142857142857y * 1.0y ) + 0.2y ) * 0.125y ) ) * ( ( ( ( 0.2y + 0.142857142857x ) * ( 0.125x * 0.333333333333x ) ) + 0.333333333333y ) + ( ( ( 0.333333333333y * 0.25y ) * 0.111111111111y ) * ( ( 1.0x * 0.25x ) + ( 0.166666666667y + 0.1x ) ) ) ) ) * 0.333333333333y )
ind: 178
( 0.333333333333x + 0.111111111111y )
ind: 179
( ( ( ( ( 0.166666666667y * ( 0.1y + 0.5x ) ) * ( 0.25y * 0.5y ) ) + 0.2x ) + 0.1x ) + ( ( ( 0.1x * ( 0.166666666667x * 1.0x ) ) + 0.333333333333x ) * 0.2x ) )
ind: 180
( 0.333333333333x * ( ( 0.111111111111y * 0.142857142857y ) + 0.5y ) )
ind: 181
( ( 0.142857142857y + 0.125x ) + 0.111111111111x )
ind: 182
( 0.111111111111y + ( 0.2x + 0.2y ) )
ind: 183
( 0.1y + ( 0.333333333333x + ( ( ( ( 0.333333333333y * 0.333333333333y ) + ( 0.2x * 0.166666666667y ) ) * 0.25x ) + ( ( ( 0.111111111111x * 0.5x ) + ( 0.5y + 0.5y ) ) + 0.111111111111y ) ) ) )
ind: 184
( ( 0.333333333333y * 0.5y ) * ( 0.2y * ( ( ( ( 0.125y + 0.25y ) * ( 0.25y + 0.166666666667y ) ) + ( ( 0.111111111111y + 0.111111111111x ) * ( 0.142857142857x * 0.333333333333y ) ) ) * 1.0x ) ) )
ind: 185
( ( ( ( ( ( 0.166666666667y + 0.142857142857x ) + 1.0x ) * 0.111111111111x ) + ( 0.5x + 0.2x ) ) + 0.333333333333x ) + 0.142857142857x )
ind: 186
( ( ( ( ( 0.125x + ( 0.5y * 1.0y ) ) * ( ( 0.111111111111y * 0.1x ) * 0.5y ) ) * ( ( ( 1.0x + 0.5x ) + ( 0.166666666667y * 0.25x ) ) * ( ( 0.142857142857y * 0.333333333333y ) * ( 0.25y + 0.2x ) ) ) ) + 0.5y ) * ( 1.0y + 1.0x ) )
ind: 187
( 0.142857142857y + ( ( ( 0.25x * 0.333333333333x ) + 0.25x ) + 1.0x ) )
ind: 188
( ( ( ( 0.333333333333x * 0.25y ) + 0.111111111111y ) + ( 0.1x + 0.333333333333x ) ) + 0.142857142857x )
ind: 189
( ( 0.25x + ( 0.2y * 0.5y ) ) * ( 0.125x * 0.142857142857y ) )
ind: 190
( ( ( ( ( 0.333333333333y * ( 0.333333333333y + 0.25x ) ) * ( ( 0.5x + 0.111111111111y ) * 0.1y ) ) + ( 0.5x * 0.125x ) ) + 0.2x ) + ( 0.5y + ( ( 0.5y + 0.142857142857x ) * ( 0.125x * 0.166666666667x ) ) ) )
ind: 191
( ( 0.125y * ( 0.25y * 0.142857142857y ) ) + 0.1x )
ind: 192
( ( 0.125x + ( 0.125y + ( ( 0.333333333333x * ( 0.333333333333x * 0.25y ) ) + ( ( 0.142857142857y * 0.125x ) + 0.1y ) ) ) ) * 0.2x )
ind: 193
( ( ( 0.125y + 0.166666666667x ) + ( 1.0x + ( 0.1y * ( 0.111111111111y * ( 0.333333333333x * 0.1y ) ) ) ) ) + ( 1.0x + 0.166666666667y ) )
ind: 194
( 0.142857142857x + ( 0.333333333333x + ( ( 0.333333333333x + 0.1y ) * 0.111111111111x ) ) )
ind: 195
( ( ( 0.166666666667y + ( ( ( 0.5x + 0.142857142857x ) * 0.1y ) * ( 0.1y * ( 1.0x * 0.111111111111x ) ) ) ) * 1.0y ) * 0.1y )
ind: 196
( ( 0.125y * ( 0.25y * ( 0.166666666667x + ( 0.111111111111x + 0.25y ) ) ) ) * 0.25y )
ind: 197
( ( 0.166666666667y * 0.125x ) * ( ( 0.5y + ( 0.111111111111x + 0.142857142857x ) ) * ( ( ( ( 0.2y * 0.5x ) + 0.5y ) * ( 0.142857142857x + ( 0.125y * 1.0y ) ) ) + 0.111111111111x ) ) )
ind: 198
( ( ( ( ( ( 0.125x + 0.2x ) * 0.2x ) + ( ( 0.2x + 1.0x ) * 0.25y ) ) * ( 1.0y + ( 0.25y * 0.2x ) ) ) + ( 0.333333333333x * ( ( ( 0.125y * 0.1x ) * ( 0.125x + 0.5x ) ) * ( ( 0.5y * 0.5y ) * ( 0.2y * 0.1y ) ) ) ) ) * 0.166666666667y )
ind: 199
( ( ( 0.166666666667x + ( ( 0.125y * ( 0.125x * 0.111111111111y ) ) + 0.1x ) ) * ( 0.25y + ( ( 0.333333333333y * ( 0.111111111111y + 0.2x ) ) * 0.142857142857x ) ) ) + 0.142857142857y )
ind: 200
( 0.142857142857x + ( ( ( ( ( 0.125x * 1.0x ) + ( 0.25y + 0.5y ) ) * ( ( 0.125y * 0.125x ) + 0.166666666667y ) ) * ( 0.25x + 0.25y ) ) * ( ( ( 0.166666666667x * 0.142857142857y ) + 0.1y ) * 0.25y ) ) )
ind: 201
( ( ( ( 1.0x * ( ( 0.111111111111x + 0.1y ) + 0.25y ) ) + ( 0.25x * 0.142857142857y ) ) + 0.125y ) + ( 0.333333333333y * 0.2x ) )
ind: 202
( ( 0.166666666667y * ( 0.333333333333y * 0.111111111111y ) ) * 0.166666666667x )
ind: 203
( ( ( ( ( ( 1.0x * 0.142857142857x ) * ( 1.0x * 0.125x ) ) * ( ( 1.0y + 0.2x ) * 0.125y ) ) * 0.166666666667y ) * 0.125y ) + 0.125x )
ind: 204
( 1.0x * 0.166666666667y )
ind: 205
( 0.5y * ( ( ( 0.1x + 1.0y ) * ( ( 0.125x * ( 0.111111111111x * 0.333333333333y ) ) + ( ( 0.166666666667x + 0.166666666667y ) + 0.166666666667y ) ) ) * ( ( 0.5y * 0.5x ) + 0.25y ) ) )
ind: 206
( 0.1x * ( 0.166666666667x * ( ( ( 0.166666666667y + 0.1x ) * 0.25y ) * 1.0y ) ) )
ind: 207
( ( 0.166666666667y + 0.111111111111x ) + ( 0.166666666667y + ( ( ( ( 0.1x * 0.5y ) * 0.142857142857y ) + 1.0x ) + 0.5x ) ) )
ind: 208
( 0.5x + 0.5y )
ind: 209
( 0.166666666667y * 0.5x )
ind: 210
( ( ( 0.2y + ( 0.166666666667x * ( ( 0.125x * 0.1y ) * 0.25x ) ) ) * ( ( ( 0.166666666667y * 0.333333333333x ) + 1.0y ) * 0.2x ) ) + 0.333333333333y )
ind: 211
( ( ( 0.333333333333y * 0.333333333333y ) + 0.2y ) * ( 0.111111111111y * ( ( 0.166666666667x + 0.333333333333y ) * 0.5x ) ) )
ind: 212
( ( 0.166666666667x + ( ( ( 0.333333333333x * 0.111111111111y ) * 0.5y ) + ( 0.166666666667x + 0.2x ) ) ) + ( ( ( 0.5y + ( ( 0.125x + 0.25x ) * ( 0.166666666667y * 0.2y ) ) ) + 0.125x ) + 0.333333333333y ) )
ind: 213
( 0.5y * 0.142857142857x )
ind: 214
( 0.5y + ( ( 0.125x * 0.2x ) * ( ( 0.166666666667x * 1.0x ) * 0.25x ) ) )
ind: 215
( 1.0y + ( ( 0.2x * 0.5y ) + ( 0.142857142857x + 1.0y ) ) )
ind: 216
( 0.333333333333y + ( 0.25x * 0.5y ) )
ind: 217
( ( ( ( 0.142857142857x * 0.333333333333x ) * ( ( ( 0.166666666667x + 0.25y ) + 0.125x ) * 0.333333333333x ) ) + ( 0.166666666667y * 1.0y ) ) + ( ( ( ( ( 1.0x * 0.1x ) + 0.2x ) * 0.2x ) * 0.25x ) * ( ( 0.111111111111x * ( ( 0.333333333333y + 0.2x ) + ( 0.333333333333y + 0.142857142857x ) ) ) * 0.142857142857x ) ) )
ind: 218
( ( ( 1.0y * ( ( 0.111111111111y * ( 0.111111111111y + 0.5y ) ) * ( ( 0.1y * 0.2y ) * 0.125y ) ) ) * 0.2x ) + 1.0x )
ind: 219
( 0.333333333333x * ( 0.111111111111x * ( 0.5y * 0.1x ) ) )
ind: 220
( 0.2x + ( ( 0.5y + 0.5x ) + ( 0.111111111111y + 0.166666666667y ) ) )
ind: 221
( ( 0.1y + ( 0.166666666667x * ( ( ( 0.142857142857x * 0.2y ) * ( 0.2x * 0.142857142857y ) ) * ( ( 0.111111111111y + 0.25x ) + ( 0.142857142857y + 0.111111111111x ) ) ) ) ) + ( 0.111111111111x + ( ( ( ( 0.333333333333y + 0.142857142857y ) + ( 1.0x + 0.333333333333y ) ) + ( ( 1.0x * 0.142857142857x ) * ( 0.125y + 0.2y ) ) ) * 0.5y ) ) )
ind: 222
( ( 0.111111111111x * ( 0.25y * ( 0.111111111111y * ( ( 0.166666666667x * 0.125y ) + 0.125y ) ) ) ) * 0.5x )
ind: 223
( ( 0.1x + ( ( ( 1.0x * 0.1x ) + ( 0.111111111111x + 0.166666666667y ) ) * 1.0x ) ) + ( ( 0.1y + ( ( 0.25y + ( 0.142857142857y + 0.166666666667y ) ) * 0.142857142857y ) ) + ( ( 0.2x + ( ( 0.333333333333x * 0.25y ) + ( 1.0x * 0.166666666667x ) ) ) * ( ( ( 0.333333333333x * 0.333333333333y ) + ( 0.166666666667y + 0.2x ) ) + ( ( 0.2x + 0.5x ) * 0.166666666667y ) ) ) ) )
ind: 224
( ( 0.142857142857x * 0.125y ) + 0.2x )
ind: 225
( 0.333333333333x + ( 1.0y * ( 0.2x + 0.2x ) ) )
ind: 226
( 0.125x * 0.166666666667y )
ind: 227
( ( ( 0.125y * 0.1x ) + 0.25x ) + ( 0.333333333333x * 0.2x ) )
ind: 228
( 0.5x + 1.0y )
ind: 229
( ( ( 0.333333333333y + 0.333333333333x ) + 0.25y ) + 0.142857142857y )
ind: 230
( 0.142857142857x * ( 0.125x + 0.125y ) )
ind: 231
( 1.0y + 0.125x )
ind: 232
( ( ( ( ( ( 0.5y + 0.25y ) + 0.25x ) * 0.5y ) * 0.25y ) * ( 0.25y + ( 0.142857142857y + 0.125y ) ) ) * ( 0.2y + ( ( 0.2y * ( 0.25y + ( 0.166666666667x + 0.25x ) ) ) + 0.111111111111x ) ) )
ind: 233
( 0.125y + ( 0.5y * ( ( ( ( 0.333333333333x + 0.166666666667x ) * 0.25x ) * 0.2x ) * ( 0.142857142857y * 0.142857142857y ) ) ) )
ind: 234
( 0.1x + ( 1.0y * ( ( 0.111111111111y + 0.25x ) + ( 0.142857142857y * 0.111111111111y ) ) ) )
ind: 235
( ( 0.5x * ( 0.111111111111y + 0.2x ) ) + ( ( 0.25y + 0.125x ) + 0.111111111111x ) )
ind: 236
( 0.142857142857x + 1.0y )
ind: 237
( 1.0y * ( ( 1.0y * ( 0.142857142857y + ( 1.0x + ( 0.111111111111x + 0.125x ) ) ) ) + ( ( 0.166666666667x * ( ( 0.125x + 0.25y ) + ( 0.111111111111x * 1.0y ) ) ) + ( ( 0.5y + ( 0.25x + 0.111111111111y ) ) + ( ( 1.0y + 0.5x ) * ( 0.25x + 0.25y ) ) ) ) ) )
ind: 238
( ( ( ( 0.1x + ( 0.333333333333y + ( 0.1y + 0.2y ) ) ) * ( ( ( 0.333333333333y * 0.2y ) + 0.25x ) * ( 0.2y + 0.111111111111x ) ) ) + ( ( 0.333333333333y + 1.0y ) * 0.142857142857x ) ) * 0.142857142857x )
ind: 239
( ( 0.1x + ( ( 0.1y * 0.166666666667x ) * 0.25x ) ) * 0.5y )
ind: 240
( ( ( 0.111111111111y + 1.0x ) + 0.5x ) * ( ( 0.111111111111y + 0.125y ) * 0.125x ) )
ind: 241
( 0.333333333333y * ( ( 0.333333333333x * ( 0.333333333333y * ( 0.166666666667y + 0.142857142857y ) ) ) + ( ( ( ( 0.125y + 0.111111111111x ) + 0.333333333333x ) + 0.333333333333x ) * ( 1.0x + ( 0.111111111111x + 0.142857142857y ) ) ) ) )
ind: 242
( ( ( ( 0.2y + 0.5y ) + 0.2x ) + ( 0.111111111111x * ( 0.166666666667y * 0.25y ) ) ) + 0.5y )
ind: 243
( ( ( 0.333333333333y * ( 0.2x * 0.25x ) ) + 0.142857142857x ) + ( ( ( ( ( 0.25x + 0.142857142857y ) * ( 0.166666666667y + 0.1x ) ) + ( ( 0.25x * 0.111111111111x ) * 0.166666666667x ) ) + ( 0.333333333333y + ( ( 0.2x + 0.2x ) + ( 0.111111111111x + 0.25y ) ) ) ) * 0.25x ) )
ind: 244
( 0.2x * ( 0.1y + ( ( ( 0.25y * ( 0.2x + 1.0y ) ) + ( 0.333333333333x + ( 0.125y * 0.333333333333x ) ) ) + ( ( ( 0.25x * 0.111111111111y ) * 0.5x ) * ( 0.5x * ( 0.111111111111y + 1.0y ) ) ) ) ) )
ind: 245
( 0.111111111111y + 0.5x )
ind: 246
( ( ( 0.166666666667y + 0.25y ) * ( 0.166666666667x + ( ( 0.2y * 0.333333333333y ) + 0.2y ) ) ) * ( ( 0.1y * 0.333333333333x ) * 0.333333333333x ) )
ind: 247
( ( 0.125y + ( ( ( ( 1.0y + 0.5x ) + ( 0.111111111111x * 1.0y ) ) * ( ( 0.1y * 0.111111111111x ) + 0.333333333333x ) ) * 0.125y ) ) + ( 0.5y * 0.2x ) )
ind: 248
( ( 0.166666666667x + 1.0x ) + ( ( ( ( ( 0.166666666667x * 1.0y ) + 0.25x ) + 0.25y ) + ( ( 0.142857142857x + 0.25y ) + 1.0y ) ) + 0.1x ) )
ind: 249
( ( ( ( 0.25y * 0.166666666667y ) + ( ( 0.125x * ( 0.166666666667y + 0.166666666667y ) ) + 0.166666666667y ) ) + 0.125x ) * ( ( 0.25x + ( ( ( 0.5y + 0.125x ) + 0.125x ) + 0.25x ) ) + 0.333333333333x ) )
ind: 250
( 0.166666666667x + ( ( ( 0.166666666667y + 0.25x ) * ( 0.333333333333y + 0.125y ) ) + 0.125x ) )
ind: 251
( ( 1.0x * 0.25x ) * ( ( ( 0.2x + ( ( 0.125y + 0.2y ) * 0.2x ) ) + 0.5x ) * 0.111111111111x ) )
ind: 252
( ( 0.166666666667x + ( ( ( ( 0.25x + 0.25x ) + 0.333333333333x ) + 0.2y ) * ( 0.111111111111x * 0.125y ) ) ) + ( ( ( 0.5y * ( ( 1.0y + 0.25y ) * 0.142857142857x ) ) * 0.25y ) + 0.166666666667x ) )
ind: 253
( 0.333333333333x * ( ( 0.1x * ( 0.25x * ( ( 0.142857142857y * 0.111111111111x ) * 0.5y ) ) ) * ( 0.125y + 0.111111111111x ) ) )
ind: 254
( 0.25y * 0.1x )
ind: 255
( ( ( 0.5y * 0.2y ) + ( ( ( ( 0.5y * 0.2y ) * 0.333333333333y ) * ( 0.25x + ( 0.125x * 0.125x ) ) ) * 0.2x ) ) * ( ( 0.125x + 0.2y ) * ( ( ( 0.2x + 0.333333333333y ) * ( 1.0y + 0.125x ) ) + ( ( ( 0.142857142857x + 0.111111111111x ) * ( 0.142857142857x + 0.5y ) ) + 0.333333333333x ) ) ) )
ind: 256
( ( ( ( 0.142857142857x * 1.0y ) * ( ( ( 0.111111111111x + 0.1x ) * ( 0.25x + 0.142857142857x ) ) * 0.125y ) ) * 0.5x ) * ( 0.166666666667y * ( ( 0.333333333333x + 0.142857142857y ) * ( 0.333333333333y + ( ( 0.333333333333y * 0.142857142857y ) * ( 0.2x * 0.5x ) ) ) ) ) )
ind: 257
( 0.2y + ( 0.166666666667x * 0.5y ) )
ind: 258
( ( 0.2x + 0.125x ) * 0.25y )
ind: 259
( 1.0x + 0.142857142857y )
ind: 260
( 0.2y * ( ( ( 0.1x + ( ( 0.2x + 1.0x ) + 0.1y ) ) * 0.5y ) * ( ( ( ( 0.111111111111y + 0.125x ) + ( 0.25y + 0.1y ) ) + ( 0.1x * ( 0.2y * 0.111111111111y ) ) ) * 0.142857142857x ) ) )
ind: 261
( 0.125y + ( 0.166666666667y * 0.1x ) )
ind: 262
( ( ( 0.2y * 0.166666666667x ) * 0.142857142857x ) + 0.25x )
ind: 263
( 0.5y + ( 0.111111111111y * 0.2x ) )
ind: 264
( 0.166666666667x + ( 0.111111111111x + ( ( 0.125x + 0.2x ) + ( ( ( 0.125y * 0.2x ) + 0.25y ) * 0.142857142857x ) ) ) )
ind: 265
( 0.1x + ( ( ( 0.5y + 0.166666666667x ) + ( 0.111111111111y * ( ( 0.125y * 0.333333333333y ) + ( 0.111111111111y + 0.142857142857x ) ) ) ) * 0.1y ) )
ind: 266
( 0.333333333333x * ( 1.0x * ( 0.2x + ( 0.333333333333x + 0.111111111111y ) ) ) )
ind: 267
( ( ( ( ( ( 0.166666666667x + 0.142857142857x ) * ( 1.0x * 0.125x ) ) + ( ( 0.25y * 0.5y ) + 0.5y ) ) + ( ( ( 0.125x * 0.111111111111y ) * 0.2y ) + ( ( 0.2y * 0.111111111111x ) + 1.0y ) ) ) * 0.1x ) * ( 0.333333333333x + 0.5x ) )
ind: 268
( ( 0.333333333333y + 0.1x ) + ( ( 0.1y * ( 0.333333333333y + ( 0.333333333333y * 0.1x ) ) ) * ( ( 0.5y * ( ( 0.166666666667x + 0.166666666667y ) + 0.142857142857y ) ) * 0.166666666667x ) ) )
ind: 269
( 0.125y * 0.333333333333x )
ind: 270
( ( ( ( 0.2x * 0.5y ) + 0.111111111111y ) * 0.125y ) * ( ( 0.5x * ( 0.5x + ( ( 0.111111111111x * 0.5x ) * ( 0.1x + 0.333333333333x ) ) ) ) + 0.5y ) )
ind: 271
( ( ( ( 1.0x * 0.5x ) * ( ( 0.166666666667x + 0.2x ) + ( 0.142857142857x * ( 0.1y + 0.2y ) ) ) ) * 0.5y ) * ( ( ( ( ( 0.5y + 0.25y ) + ( 0.5x * 0.5x ) ) + 1.0y ) * 0.166666666667x ) + ( 0.142857142857y + ( ( 1.0x * 0.1x ) * 0.166666666667y ) ) ) )
ind: 272
( ( ( ( 1.0x * 0.125y ) + 0.1x ) + ( ( ( ( 1.0y + 0.166666666667x ) * 0.111111111111x ) * ( ( 0.142857142857y + 1.0y ) * ( 0.25y * 0.25y ) ) ) + ( ( ( 0.333333333333x * 0.111111111111x ) * ( 0.5y * 1.0y ) ) * 0.125y ) ) ) + 1.0y )
ind: 273
( ( ( ( ( ( 0.142857142857x + 1.0x ) * 0.333333333333y ) * 0.25y ) * 0.5y ) * ( 0.166666666667x * ( 0.5y * 0.166666666667x ) ) ) + 0.5y )
ind: 274
( 0.1y * ( ( 0.333333333333x + 0.1x ) * ( 0.142857142857x + 0.1y ) ) )
ind: 275
( 0.166666666667y * ( ( ( 0.125x * 0.111111111111x ) + 0.2y ) * 0.142857142857x ) )
ind: 276
( 0.166666666667x * 0.333333333333y )
ind: 277
( ( 0.142857142857y * ( 0.111111111111x + ( ( ( 0.142857142857y + 0.2y ) * 1.0x ) * ( 0.2x + 0.5y ) ) ) ) + 0.333333333333y )
ind: 278
( 0.166666666667y + 0.333333333333x )
ind: 279
( ( ( 0.166666666667x + ( ( 1.0y + ( 0.166666666667y + 1.0y ) ) + ( 1.0y + ( 0.166666666667y * 0.166666666667x ) ) ) ) + 0.333333333333x ) + ( ( 1.0y + 0.142857142857y ) + 0.333333333333y ) )
ind: 280
( ( 0.2y * 0.111111111111x ) * ( 0.111111111111y + 0.125y ) )
ind: 281
( ( ( 0.25x * ( 0.125y * ( 0.1y * ( 0.2y + 0.5x ) ) ) ) * ( 0.333333333333x + 0.125y ) ) + 0.2y )
ind: 282
( ( ( ( 1.0x * 0.125y ) * 0.125y ) + ( ( ( ( 0.5x * 0.125x ) + 1.0x ) + ( ( 0.142857142857x + 0.166666666667y ) * ( 0.5x * 0.25y ) ) ) + 0.1y ) ) + 0.25y )
ind: 283
( ( 0.5y * ( ( 0.2y + ( 0.2x + ( 1.0x + 1.0y ) ) ) + 0.125x ) ) * ( 1.0y * ( 0.5x * ( 0.5y + 0.166666666667y ) ) ) )
ind: 284
( 0.125x + ( 0.25x * 1.0y ) )
ind: 285
( ( ( ( 0.166666666667x * 0.142857142857x ) * ( 1.0x * ( 0.2y + ( 0.2y * 0.166666666667x ) ) ) ) * 0.125y ) + ( 0.5x * ( ( 1.0x * ( ( 0.111111111111x * 0.111111111111y ) * ( 0.5y * 0.142857142857x ) ) ) * ( 0.333333333333x * ( ( 0.142857142857y + 0.125x ) * 0.142857142857x ) ) ) ) )
ind: 286
( 0.166666666667y + ( 0.333333333333y + ( 0.2x * ( ( ( 0.111111111111y * 1.0y ) * 0.333333333333x ) + ( ( 0.1y * 0.5y ) * 0.111111111111y ) ) ) ) )
ind: 287
( ( 1.0y * 0.333333333333y ) + 0.5x )
ind: 288
( 0.2x * ( 0.2y + ( 0.166666666667x * 0.142857142857x ) ) )
ind: 289
( ( 0.1x * ( ( ( ( 0.333333333333y + 0.1y ) + ( 0.333333333333x + 0.333333333333x ) ) * 0.142857142857y ) * 0.166666666667y ) ) + ( ( 0.1y * 0.142857142857x ) * 0.1x ) )
ind: 290
( ( 0.111111111111y * ( 0.142857142857x * 0.2y ) ) + 1.0y )
ind: 291
( ( ( ( ( 0.125y + 0.5y ) + ( ( 0.5y * 0.1x ) * 0.142857142857x ) ) * ( 0.5y + ( 0.2x * 0.1x ) ) ) * 0.5x ) + ( 0.25y * ( ( ( ( 0.25x + 1.0x ) * ( 0.111111111111x + 0.142857142857x ) ) * 0.111111111111x ) + ( ( 0.111111111111x * ( 0.142857142857y + 0.125x ) ) * 0.142857142857x ) ) ) )
ind: 292
( 0.25y * 0.166666666667x )
ind: 293
( 0.5y * ( ( 0.2x * 1.0y ) + 0.111111111111x ) )
ind: 294
( ( ( ( 0.142857142857x + 0.142857142857x ) * 0.2y ) * 0.2y ) + ( 0.142857142857x + 0.111111111111y ) )
ind: 295
( 0.125x * 0.5y )
ind: 296
( ( ( ( ( 1.0x * ( 0.2x * 0.166666666667x ) ) + ( ( 0.111111111111y * 0.25y ) + 0.125y ) ) * ( 0.25x * ( ( 0.111111111111x * 0.1y ) * 0.333333333333y ) ) ) * ( 0.166666666667x + ( 1.0x * 0.2x ) ) ) + 0.111111111111y )
ind: 297
( ( 0.125y * 0.125y ) + 0.111111111111x )
ind: 298
( 0.25y * ( ( 0.166666666667x * 1.0y ) * ( 0.333333333333y * ( ( 0.25x + 0.166666666667x ) + ( 0.142857142857y + ( 0.142857142857x * 1.0x ) ) ) ) ) )
ind: 299
( 0.25y * 0.25x )
ind: 300
( 0.2y + ( ( ( ( ( 0.25x + 0.333333333333y ) + ( 1.0x * 0.142857142857y ) ) + ( 0.333333333333y + ( 0.142857142857y + 0.333333333333y ) ) ) + 0.125y ) * ( 0.2x * ( ( ( 0.5y + 0.125x ) * 0.2y ) * 0.333333333333x ) ) ) )
Best Ind: ( 0.166666666667y + 0.1x )
Fitness = 2.3147577946
Worst Ind: ( ( ( ( 1.0x * 0.5x ) * ( ( 0.166666666667x + 0.2x ) + ( 0.142857142857x * ( 0.1y + 0.2y ) ) ) ) * 0.5y ) * ( ( ( ( ( 0.5y + 0.25y ) + ( 0.5x * 0.5x ) ) + 1.0y ) * 0.166666666667x ) + ( 0.142857142857y + ( ( 1.0x * 0.1x ) * 0.166666666667y ) ) ) )
Fitness = 16413277.0703
Avg Fitness = 158485.809323
Duplicated = 2
============================================================================
Evaluate Gen  1
New Population 493
Better than Dads 100
Best Ind: ( 0.166666666667y + 0.1x )
Fitness = 2.3147577946
Worst Ind: ( ( 0.1y + ( ( 0.142857142857y + ( 0.142857142857y + 0.333333333333x ) ) + 0.333333333333x ) ) + 0.1x )
Fitness = 578.056965098
Avg Fitness = 108.244619455
Duplicated = 11
============================================================================
Evaluate Gen  2
New Population 494
Better than Dads 107
Best Ind: ( 0.166666666667y + 0.1x )
Fitness = 2.3147577946
Worst Ind: ( 0.333333333333y + ( 0.125x * 0.5x ) )
Fitness = 77.3083525763
Avg Fitness = 26.3209085231
Duplicated = 11
============================================================================
Evaluate Gen  3
New Population 498
Better than Dads 119
Best Ind: ( 0.166666666667y + 0.1x )
Fitness = 2.3147577946
Worst Ind: ( ( 0.166666666667y + 0.25y ) + ( 0.111111111111x + 0.1y ) )
Fitness = 29.8014469195
Avg Fitness = 15.6815412955
Duplicated = 24
============================================================================
Evaluate Gen  4
New Population 497
Better than Dads 126
Best Ind: ( 0.166666666667y + 0.1x )
Fitness = 2.3147577946
Worst Ind: ( ( ( 0.333333333333x * 0.125x ) * 0.333333333333y ) + ( 0.125y * ( ( 0.142857142857y + 0.25y ) * 0.25y ) ) )
Fitness = 19.1017167478
Avg Fitness = 11.6293218027
Duplicated = 30
============================================================================
Evaluate Gen  5
New Population 505
Better than Dads 140
Best Ind: ( 0.166666666667y + 0.1x )
Fitness = 2.3147577946
Worst Ind: ( ( 0.333333333333y + 0.1x ) + ( ( 0.1y * ( 0.2y * ( 0.166666666667y * ( 0.1x + 0.111111111111x ) ) ) ) * ( ( 0.5y * ( ( 0.166666666667x + 0.166666666667y ) + 0.142857142857y ) ) * 0.2x ) ) )
Fitness = 15.0094510032
Avg Fitness = 9.30686184398
Duplicated = 24
============================================================================
Evaluate Gen  6
New Population 507
Better than Dads 146
Best Ind: ( 0.166666666667y + 0.1x )
Fitness = 2.3147577946
Worst Ind: ( 0.166666666667y * ( ( 0.166666666667y * 0.2x ) + ( 0.142857142857y + 0.333333333333y ) ) )
Fitness = 11.49266385
Avg Fitness = 7.62997597552
Duplicated = 34
============================================================================
Evaluate Gen  7
New Population 518
Better than Dads 143
Best Ind: ( 0.166666666667y + 0.1x )
Fitness = 2.3147577946
Worst Ind: ( ( ( ( 0.142857142857y + 0.333333333333x ) + 0.2y ) * ( 0.111111111111x * 0.125y ) ) + 0.142857142857x )
Fitness = 8.96912342813
Avg Fitness = 6.21796785189
Duplicated = 48
============================================================================
Evaluate Gen  8
New Population 495
Better than Dads 147
Best Ind: ( 0.166666666667y + 0.1x )
Fitness = 2.3147577946
Worst Ind: ( ( 0.25y + 0.25x ) * 0.166666666667y )
Fitness = 8.07291874406
Avg Fitness = 5.35369699686
Duplicated = 42
============================================================================
Evaluate Gen  9
New Population 511
Better than Dads 135
Best Ind: ( 0.166666666667y + 0.1x )
Fitness = 2.3147577946
Worst Ind: ( ( 0.166666666667x * ( ( ( ( 0.2x + 0.2y ) * 0.25y ) * 0.333333333333y ) * 0.1y ) ) + 0.142857142857x )
Fitness = 6.2430031477
Avg Fitness = 4.50172153849
Duplicated = 49
============================================================================
Evaluate Gen  10
New Population 510
Better than Dads 144
Best Ind: ( 0.166666666667y + 0.1x )
Fitness = 2.3147577946
Worst Ind: ( ( 0.111111111111x * ( 0.111111111111y * 0.2x ) ) + 0.142857142857x )
Fitness = 5.32736161399
Avg Fitness = 4.00426454149
Duplicated = 69
============================================================================
Evaluate Gen  11
New Population 497
Better than Dads 152
Best Ind: ( 0.166666666667y + 0.1x )
Fitness = 2.3147577946
Worst Ind: ( ( 0.142857142857x * ( 0.1y * 0.111111111111y ) ) + ( ( 0.111111111111y * 0.2x ) + 0.111111111111x ) )
Fitness = 4.85505029124
Avg Fitness = 3.69440316032
Duplicated = 85
============================================================================
Evaluate Gen  12
New Population 501
Better than Dads 148
Best Ind: ( 0.166666666667y + 0.1x )
Fitness = 2.3147577946
Worst Ind: ( 0.1x + ( 0.166666666667y * ( 0.125x + 0.142857142857y ) ) )
Fitness = 4.40615974691
Avg Fitness = 3.37573440595
Duplicated = 105
============================================================================
Evaluate Gen  13
New Population 497
Better than Dads 146
Best Ind: ( 0.166666666667y + 0.111111111111x )
Fitness = 2.30030133893
Worst Ind: ( ( 0.125x * ( ( 0.125y * 0.333333333333x ) * 0.111111111111y ) ) + ( 0.142857142857x + 0.111111111111y ) )
Fitness = 4.0313340504
Avg Fitness = 3.0976668213
Duplicated = 123
============================================================================
Evaluate Gen  14
New Population 495
Better than Dads 146
Best Ind: ( 0.166666666667y + 0.111111111111x )
Fitness = 2.30030133893
Worst Ind: ( ( 0.333333333333y * 0.111111111111y ) + ( ( 0.111111111111y * ( 0.1y * ( 0.111111111111y * 0.2x ) ) ) + 0.125x ) )
Fitness = 3.60968678422
Avg Fitness = 2.86418723804
Duplicated = 147
============================================================================
Evaluate Gen  15
New Population 484
Better than Dads 141
Best Ind: ( 0.166666666667y + 0.111111111111x )
Fitness = 2.30030133893
Worst Ind: ( 0.125y + ( 0.111111111111y + 0.111111111111x ) )
Fitness = 3.17812688106
Avg Fitness = 2.71392289655
Duplicated = 172
============================================================================
Evaluate Gen  16
New Population 474
Better than Dads 131
Best Ind: ( 0.166666666667y + 0.111111111111x )
Fitness = 2.30030133893
Worst Ind: ( 0.111111111111y + 0.111111111111x )
Fitness = 2.9402047373
Avg Fitness = 2.62493156911
Duplicated = 178
============================================================================
Evaluate Gen  17
New Population 480
Better than Dads 127
Best Ind: ( 0.166666666667y + 0.111111111111x )
Fitness = 2.30030133893
Worst Ind: ( 0.125x + 0.1y )
Fitness = 2.74927307309
Avg Fitness = 2.54760613363
Duplicated = 190
============================================================================
Evaluate Gen  18
New Population 487
Better than Dads 143
Best Ind: ( 0.166666666667y + 0.111111111111x )
Fitness = 2.30030133893
Worst Ind: ( ( ( 0.2y * ( ( ( 0.1x * 0.25y ) * ( 0.111111111111y + 0.5y ) ) * ( ( 0.1y * 0.125y ) * 0.125y ) ) ) * 0.2x ) + ( 0.142857142857y + 0.125x ) )
Fitness = 2.64768160062
Avg Fitness = 2.50980178782
Duplicated = 200
============================================================================
Evaluate Gen  19
New Population 478
Better than Dads 139
Best Ind: ( 0.166666666667y + 0.111111111111x )
Fitness = 2.30030133893
Worst Ind: ( 0.111111111111y + 0.142857142857x )
Fitness = 2.58310048037
Avg Fitness = 2.48456478732
Duplicated = 201
============================================================================
Evaluate Gen  20
New Population 479
Better than Dads 138
Best Ind: ( 0.166666666667y + 0.111111111111x )
Fitness = 2.30030133893
Worst Ind: ( 0.1x + 0.142857142857y )
Fitness = 2.57944839786
Avg Fitness = 2.46183428637
Duplicated = 181
============================================================================
Evaluate Gen  21
New Population 479
Better than Dads 137
Best Ind: ( 0.166666666667y + 0.111111111111x )
Fitness = 2.30030133893
Worst Ind: ( ( ( ( 0.1x * 0.142857142857y ) * ( ( 0.142857142857x * ( 0.111111111111y + 0.5y ) ) * ( ( 0.1y * 0.111111111111y ) * 0.125y ) ) ) * 0.2x ) + ( 0.142857142857y + 0.125x ) )
Fitness = 2.54991460607
Avg Fitness = 2.43755396398
Duplicated = 174
============================================================================
Evaluate Gen  22
New Population 474
Better than Dads 141
Best Ind: ( 0.166666666667y + 0.111111111111x )
Fitness = 2.30030133893
Worst Ind: ( ( ( ( 0.111111111111y * 0.142857142857y ) * ( ( ( 0.1x * 0.25y ) * ( 0.111111111111y + 0.5y ) ) * ( ( 0.1y * 0.2y ) * 0.125y ) ) ) * 0.2x ) + ( 0.142857142857y + 0.125x ) )
Fitness = 2.50116881794
Avg Fitness = 2.42120144305
Duplicated = 190
============================================================================
Evaluate Gen  23
New Population 481
Better than Dads 144
Best Ind: ( 0.166666666667y + 0.111111111111x )
Fitness = 2.30030133893
Worst Ind: ( 0.111111111111y + ( 0.1y + 0.1x ) )
Fitness = 2.45548025912
Avg Fitness = 2.40932042584
Duplicated = 192
============================================================================
Evaluate Gen  24
New Population 483
Better than Dads 135
Best Ind: ( 0.166666666667y + 0.111111111111x )
Fitness = 2.30030133893
Worst Ind: ( 0.125x + 0.125y )
Fitness = 2.44242245425
Avg Fitness = 2.40140049237
Duplicated = 186
============================================================================
Evaluate Gen  25
New Population 478
Better than Dads 122
Best Ind: ( 0.166666666667y + 0.111111111111x )
Fitness = 2.30030133893
Worst Ind: ( ( ( ( 0.2x * ( ( 0.125x + 0.125x ) + 0.1x ) ) * ( ( ( 0.125y * 0.125y ) * 0.111111111111y ) * ( ( 0.1y * 0.125y ) * 0.125y ) ) ) * 0.125x ) + ( 0.142857142857y + 0.125x ) )
Fitness = 2.42534908379
Avg Fitness = 2.39238042731
Duplicated = 192
============================================================================
Evaluate Gen  26
New Population 477
Better than Dads 119
Best Ind: ( 0.166666666667y + 0.111111111111x )
Fitness = 2.30030133893
Worst Ind: ( ( ( ( ( 0.125y * 0.125y ) * 0.111111111111y ) * 0.125x ) * ( ( 0.125y * 0.125y ) * 0.111111111111y ) ) + ( 0.142857142857y + 0.125x ) )
Fitness = 2.40561570653
Avg Fitness = 2.38789176675
Duplicated = 235
============================================================================
Evaluate Gen  27
New Population 468
Better than Dads 94
Best Ind: ( 0.166666666667y + 0.111111111111x )
Fitness = 2.30030133893
Worst Ind: ( 0.125x + 0.142857142857y )
Fitness = 2.38895237793
Avg Fitness = 2.38493527327
Duplicated = 290
============================================================================
Evaluate Gen  28
New Population 456
Better than Dads 69
Best Ind: ( 0.166666666667y + 0.111111111111x )
Fitness = 2.30030133893
Worst Ind: ( 0.142857142857y + 0.125x )
Fitness = 2.38895237793
Avg Fitness = 2.38464945977
Duplicated = 290
============================================================================
Evaluate Gen  29
New Population 457
Better than Dads 68
Best Ind: ( 0.166666666667y + 0.111111111111x )
Fitness = 2.30030133893
Worst Ind: ( 0.142857142857y + 0.125x )
Fitness = 2.38895237793
Avg Fitness = 2.38401082166
Duplicated = 290
============================================================================
Evaluate Gen  30
New Population 447
Better than Dads 64
Best Ind: ( 0.166666666667y + 0.111111111111x )
Fitness = 2.30030133893
Worst Ind: ( 0.142857142857y + 0.125x )
Fitness = 2.38895237793
Avg Fitness = 2.38332454796
Duplicated = 290
============================================================================
Evaluate Gen  31
New Population 448
Better than Dads 76
Best Ind: ( 0.166666666667y + 0.111111111111x )
Fitness = 2.30030133893
Worst Ind: ( 0.142857142857y + 0.125x )
Fitness = 2.38895237793
Avg Fitness = 2.38244773193
Duplicated = 290
============================================================================
Evaluate Gen  32
New Population 446
Better than Dads 73
Best Ind: ( 0.166666666667y + 0.111111111111x )
Fitness = 2.30030133893
Worst Ind: ( 0.142857142857y + 0.125x )
Fitness = 2.38895237793
Avg Fitness = 2.38147564472
Duplicated = 290
============================================================================
Evaluate Gen  33
New Population 448
Better than Dads 87
Best Ind: ( 0.166666666667y + 0.111111111111x )
Fitness = 2.30030133893
Worst Ind: ( 0.142857142857y + 0.125x )
Fitness = 2.38895237793
Avg Fitness = 2.38021552287
Duplicated = 290
============================================================================
Evaluate Gen  34
New Population 455
Better than Dads 75
Best Ind: ( 0.166666666667y + 0.111111111111x )
Fitness = 2.30030133893
Worst Ind: ( 0.142857142857y + 0.125x )
Fitness = 2.38895237793
Avg Fitness = 2.37831676291
Duplicated = 291
============================================================================
Evaluate Gen  35
New Population 444
Better than Dads 76
Best Ind: ( 0.166666666667y + 0.111111111111x )
Fitness = 2.30030133893
Worst Ind: ( 0.142857142857y + 0.111111111111x )
Fitness = 2.38180704024
Avg Fitness = 2.3781760773
Duplicated = 292
============================================================================
Evaluate Gen  36
New Population 450
Better than Dads 75
Best Ind: ( 0.166666666667y + 0.111111111111x )
Fitness = 2.30030133893
Worst Ind: ( 0.142857142857y + 0.111111111111x )
Fitness = 2.38180704024
Avg Fitness = 2.37810684506
Duplicated = 292
============================================================================
Evaluate Gen  37
New Population 458
Better than Dads 67
Best Ind: ( 0.166666666667y + 0.111111111111x )
Fitness = 2.30030133893
Worst Ind: ( 0.142857142857y + 0.111111111111x )
Fitness = 2.38180704024
Avg Fitness = 2.37803761282
Duplicated = 292
============================================================================
Evaluate Gen  38
New Population 457
Better than Dads 75
Best Ind: ( 0.166666666667y + 0.111111111111x )
Fitness = 2.30030133893
Worst Ind: ( 0.142857142857y + 0.111111111111x )
Fitness = 2.38180704024
Avg Fitness = 2.37755823044
Duplicated = 292
============================================================================
Evaluate Gen  39
New Population 462
Better than Dads 71
Best Ind: ( 0.166666666667y + 0.111111111111x )
Fitness = 2.30030133893
Worst Ind: ( 0.142857142857y + 0.111111111111x )
Fitness = 2.38180704024
Avg Fitness = 2.37748899821
Duplicated = 292
============================================================================
Evaluate Gen  40
New Population 449
Better than Dads 70
Best Ind: ( 0.166666666667y + 0.111111111111x )
Fitness = 2.30030133893
Worst Ind: ( 0.142857142857y + 0.111111111111x )
Fitness = 2.38180704024
Avg Fitness = 2.3772813015
Duplicated = 292
============================================================================
Evaluate Gen  41
New Population 456
Better than Dads 75
Best Ind: ( 0.166666666667y + 0.111111111111x )
Fitness = 2.30030133893
Worst Ind: ( 0.142857142857y + 0.111111111111x )
Fitness = 2.38180704024
Avg Fitness = 2.37653023345
Duplicated = 292
============================================================================
Evaluate Gen  42
New Population 455
Better than Dads 73
Best Ind: ( 0.166666666667y + 0.111111111111x )
Fitness = 2.30030133893
Worst Ind: ( 0.111111111111x + 0.142857142857y )
Fitness = 2.38180704024
Avg Fitness = 2.37555566791
Duplicated = 292
============================================================================
Evaluate Gen  43
New Population 468
Better than Dads 76
Best Ind: ( 0.166666666667y + 0.111111111111x )
Fitness = 2.30030133893
Worst Ind: ( 0.142857142857y + 0.111111111111x )
Fitness = 2.38180704024
Avg Fitness = 2.37514027449
Duplicated = 292
============================================================================
Evaluate Gen  44
New Population 438
Better than Dads 76
Best Ind: ( 0.166666666667y + 0.111111111111x )
Fitness = 2.30030133893
Worst Ind: ( 0.111111111111x + 0.142857142857y )
Fitness = 2.38180704024
Avg Fitness = 2.37466089211
Duplicated = 292
============================================================================
Evaluate Gen  45
New Population 444
Better than Dads 86
Best Ind: ( 0.166666666667y + 0.111111111111x )
Fitness = 2.30030133893
Worst Ind: ( 0.111111111111x + 0.142857142857y )
Fitness = 2.38180704024
Avg Fitness = 2.37395276897
Duplicated = 292
============================================================================
Evaluate Gen  46
New Population 447
Better than Dads 81
Best Ind: ( 0.166666666667y + 0.111111111111x )
Fitness = 2.30030133893
Worst Ind: ( 0.142857142857y + 0.111111111111x )
Fitness = 2.38180704024
Avg Fitness = 2.37267498716
Duplicated = 292
============================================================================
Evaluate Gen  47
New Population 454
Better than Dads 92
Best Ind: ( 0.166666666667y + 0.111111111111x )
Fitness = 2.30030133893
Worst Ind: ( 0.142857142857y + 0.111111111111x )
Fitness = 2.38180704024
Avg Fitness = 2.3709441103
Duplicated = 291
============================================================================
Evaluate Gen  48
New Population 439
Better than Dads 110
Best Ind: ( 0.166666666667y + 0.111111111111x )
Fitness = 2.30030133893
Worst Ind: ( 0.142857142857y + 0.111111111111x )
Fitness = 2.38180704024
Avg Fitness = 2.37039549569
Duplicated = 291
============================================================================
Evaluate Gen  49
New Population 474
Better than Dads 110
Best Ind: ( 0.166666666667y + 0.111111111111x )
Fitness = 2.30030133893
Worst Ind: ( 0.142857142857y + 0.111111111111x )
Fitness = 2.38180704024
Avg Fitness = 2.36798363982
Duplicated = 291
============================================================================
Evaluate Gen  50
New Population 447
Better than Dads 104
Best Ind: ( 0.166666666667y + 0.111111111111x )
Fitness = 2.30030133893
Worst Ind: ( 0.142857142857y + 0.111111111111x )
Fitness = 2.38180704024
Avg Fitness = 2.36569444765
Duplicated = 291
