dataset_file= dataset/SR_ellipse_noise.txt
population= 500
generations= 100
tournament_size= 7
cross_over= 0.6
mutation= 0.3
elitism= True
(50, 2)
============================================================================
Build initial population
ind: 1
( ( ( ( 0.111111111111y + ( 0.125y + ( 0.333333333333x * 0.25x ) ) ) + ( 0.25y + 0.5y ) ) * ( ( ( 0.5x + ( 0.333333333333x + 0.166666666667y ) ) * ( ( 0.2x + 0.2x ) + 0.333333333333y ) ) + 0.2y ) ) + 1.0x )
ind: 2
( ( ( 1.0x * ( 0.166666666667x * 0.25x ) ) + 0.1y ) + ( ( ( ( 0.1x * 0.125y ) * 0.2x ) + ( ( ( 0.125y * 1.0x ) * ( 0.1x * 0.2x ) ) * ( 0.111111111111y * ( 0.111111111111y + 0.2x ) ) ) ) + 0.166666666667y ) )
ind: 3
( 0.166666666667y * 0.333333333333x )
ind: 4
( 0.111111111111x + 1.0y )
ind: 5
( 0.142857142857x + ( 0.111111111111y * 0.111111111111x ) )
ind: 6
( ( ( 0.25x + 0.166666666667y ) * 0.333333333333y ) + 0.125x )
ind: 7
( 0.1y + 0.5x )
ind: 8
( ( ( 0.125y + 0.333333333333y ) + 0.166666666667y ) + 0.111111111111x )
ind: 9
( 0.111111111111x * ( 0.1y + ( 0.25y * ( ( ( 1.0y * 0.142857142857y ) + 1.0x ) * ( 0.111111111111y + ( 0.333333333333x * 1.0x ) ) ) ) ) )
ind: 10
( ( 0.111111111111y + ( 0.5y * ( ( 0.166666666667y + ( 0.2y * 0.2y ) ) + ( 0.5y * ( 0.111111111111y + 0.1y ) ) ) ) ) * ( 0.5y + 0.2x ) )
ind: 11
( ( ( ( ( 0.1y * ( 0.111111111111x * 0.125x ) ) + ( ( 0.333333333333y * 0.125y ) * 0.125y ) ) + 0.333333333333y ) * 0.125x ) * 0.166666666667y )
ind: 12
( 0.166666666667x + 0.111111111111y )
ind: 13
( ( ( 0.166666666667x + ( 0.1x * ( ( 0.5y * 0.1y ) * ( 0.25y + 0.166666666667y ) ) ) ) + 0.142857142857y ) + 0.25x )
ind: 14
( ( 0.2x + 0.1x ) * 0.166666666667y )
ind: 15
( 0.25x * ( ( 0.5y * 0.1y ) + ( ( 0.5y * ( 0.5y + ( 1.0y * 0.25x ) ) ) * 0.111111111111y ) ) )
ind: 16
( ( ( ( 1.0x + 0.2y ) + ( 1.0y * 0.1x ) ) * 0.1x ) + ( 0.1x * ( 0.5x * ( 0.166666666667x * 0.25x ) ) ) )
ind: 17
( ( 0.111111111111y + ( 0.2y + 0.2x ) ) + ( 0.111111111111y * 0.333333333333y ) )
ind: 18
( 0.142857142857y * 0.166666666667x )
ind: 19
( ( 0.166666666667x * ( 0.1y * ( ( 0.142857142857y + 0.1x ) * 1.0x ) ) ) * ( 0.166666666667y + 0.333333333333y ) )
ind: 20
( ( 0.25y * ( ( ( 0.125x + 0.125x ) * ( 0.333333333333x + ( 0.125y + 0.25x ) ) ) * 0.25x ) ) + 0.111111111111x )
ind: 21
( ( ( ( 0.1x + 0.111111111111x ) * 0.111111111111x ) * 0.333333333333x ) + 0.125y )
ind: 22
( ( 0.142857142857y * 0.5y ) + 0.5x )
ind: 23
( ( 0.111111111111x * ( 0.166666666667y * ( 0.2y * 0.2x ) ) ) * 0.125x )
ind: 24
( ( ( 0.333333333333x + 0.5x ) * 0.125y ) * 0.5y )
ind: 25
( ( 0.125x * 0.333333333333x ) + ( 1.0y * ( ( 0.2y * ( 0.2y + 0.333333333333y ) ) * ( 1.0x * ( 0.25y + ( 0.5x * 0.166666666667x ) ) ) ) ) )
ind: 26
( ( ( 0.5x * 0.142857142857y ) + 1.0x ) * ( 0.333333333333x * 0.5x ) )
ind: 27
( 1.0y * ( ( 0.142857142857x * ( 0.333333333333x * ( 0.1y * 0.5y ) ) ) * ( ( 0.125y + ( 0.2x * 0.125y ) ) * 0.333333333333x ) ) )
ind: 28
( ( 0.1y * ( 0.142857142857x + ( 0.2x * 0.142857142857y ) ) ) + 0.1y )
ind: 29
( ( 0.125x + 1.0x ) * 0.5y )
ind: 30
( ( 0.5x + 0.125x ) + ( ( ( ( 0.125x * 0.166666666667x ) + 0.5y ) * ( 0.166666666667x * ( 0.333333333333x + 0.166666666667x ) ) ) * ( 0.166666666667x * ( ( ( 1.0y * 0.125y ) * ( 0.333333333333y * 0.2y ) ) + ( 0.5y + 0.142857142857y ) ) ) ) )
ind: 31
( 0.166666666667x + 0.333333333333y )
ind: 32
( ( ( 0.125x * ( ( ( 0.25x + 0.2x ) + 0.111111111111x ) * ( 0.2y + 0.1x ) ) ) * 0.142857142857x ) + ( 0.142857142857y + ( 0.1x * 0.111111111111y ) ) )
ind: 33
( 0.1y * 1.0x )
ind: 34
( ( 1.0y * 0.333333333333y ) + ( ( 0.125x * ( 0.125x * ( 0.2x + 0.25x ) ) ) * ( 0.333333333333x * ( ( 0.125x + 0.125y ) + ( 1.0y + 0.2y ) ) ) ) )
ind: 35
( 0.25x + ( 0.111111111111x * ( ( 0.142857142857y * 0.142857142857x ) * ( ( 0.1x * ( 0.5x * 0.1y ) ) * 0.333333333333x ) ) ) )
ind: 36
( 0.111111111111y + ( 0.125y + ( ( ( ( 0.166666666667x + 0.25y ) + 0.25y ) * ( 0.333333333333y * 0.2x ) ) + ( ( 0.1x * ( 0.142857142857x * 1.0x ) ) + 0.111111111111x ) ) ) )
ind: 37
( 0.125y + 0.5x )
ind: 38
( 0.166666666667x + 0.111111111111y )
ind: 39
( ( ( ( ( 0.25y + 0.111111111111x ) + 0.142857142857x ) + 0.1y ) + 0.142857142857x ) * 0.142857142857y )
ind: 40
( ( ( ( 0.2y + ( 0.142857142857x + 1.0x ) ) + ( ( 0.1x + ( 0.111111111111y * 0.111111111111x ) ) * ( 0.2x + 0.2y ) ) ) + ( 0.142857142857x + 0.2y ) ) + ( ( ( ( ( 0.125y * 0.5y ) * 0.142857142857x ) * ( 0.166666666667y * 0.5x ) ) * ( ( ( 0.125x + 0.142857142857y ) * 0.142857142857y ) + ( ( 0.2y * 0.166666666667y ) * ( 0.2x * 0.111111111111y ) ) ) ) + 0.5x ) )
ind: 41
( 0.1y * 0.25x )
ind: 42
( ( ( 0.166666666667y + 0.111111111111x ) * ( ( ( ( 1.0y * 1.0y ) * 0.1y ) * 0.333333333333y ) + 0.111111111111y ) ) + ( 0.142857142857x + 0.5y ) )
ind: 43
( 0.25x + ( ( 0.125y + 0.125y ) * 0.125y ) )
ind: 44
( ( 0.1x + ( 0.5y * ( ( ( 0.125y + 0.2x ) * ( 0.142857142857y + 0.25y ) ) + 0.166666666667y ) ) ) * ( 1.0y * 0.111111111111x ) )
ind: 45
( 0.166666666667x + 0.1y )
ind: 46
( ( 0.2y + 0.25y ) * 0.25x )
ind: 47
( 0.333333333333y * 0.142857142857x )
ind: 48
( ( 0.142857142857x + 0.25y ) + 0.111111111111y )
ind: 49
( ( ( ( ( 0.125x * ( 0.1y + 0.25x ) ) + 0.5x ) * 0.142857142857y ) + ( ( 0.1y * 0.166666666667x ) + ( 0.111111111111y + ( 0.111111111111x + ( 0.1x * 1.0y ) ) ) ) ) + 0.166666666667y )
ind: 50
( ( ( 0.1x + 0.333333333333x ) * ( 0.111111111111y * 1.0x ) ) + ( ( ( ( 0.166666666667x * ( 0.166666666667y + 0.25y ) ) + 0.166666666667y ) + 1.0x ) + ( 0.333333333333y + ( ( 0.166666666667x * 0.142857142857y ) * ( 0.333333333333y + ( 0.111111111111x + 0.2y ) ) ) ) ) )
ind: 51
( ( 0.166666666667x * ( 0.1x * 0.333333333333x ) ) * ( ( 0.111111111111y + ( 0.333333333333y + 0.2y ) ) + ( ( ( ( 0.125x * 0.333333333333x ) * ( 0.142857142857x * 0.111111111111x ) ) + 0.111111111111y ) + ( 0.25y + ( 1.0y * ( 0.333333333333x * 0.25x ) ) ) ) ) )
ind: 52
( ( ( ( ( 1.0y + 0.111111111111y ) * ( ( 0.5y * 0.333333333333y ) + 0.25x ) ) * 0.333333333333x ) + ( 0.25y * ( 1.0y + 0.5y ) ) ) + 0.25y )
ind: 53
( 1.0y * 0.1x )
ind: 54
( ( 0.5x + 0.125y ) + 0.142857142857x )
ind: 55
( ( 1.0y * ( 0.5y * 1.0x ) ) * 0.111111111111x )
ind: 56
( ( ( 0.111111111111x + ( 0.166666666667y * 0.333333333333x ) ) + ( ( ( 0.1y * ( 0.1x + 0.111111111111x ) ) * 0.333333333333x ) * ( ( ( 1.0x * 0.142857142857x ) + 1.0y ) * ( 0.111111111111y + 0.142857142857y ) ) ) ) * 0.333333333333y )
ind: 57
( ( 0.166666666667y + ( 0.333333333333x * 0.1x ) ) + 1.0y )
ind: 58
( ( ( ( 0.5y * 0.2x ) + 0.2x ) * ( ( ( 0.25x + 0.25x ) * 0.333333333333x ) + ( 0.166666666667y * 0.5x ) ) ) * 0.2y )
ind: 59
( ( ( ( 0.333333333333y * 0.5x ) + ( ( ( 0.125y + 0.125y ) * ( 0.111111111111y * 0.1x ) ) * 0.166666666667x ) ) * 0.333333333333y ) + ( ( ( ( 0.2y * ( 1.0x * 0.166666666667x ) ) * ( ( 0.5x + 0.333333333333x ) * 0.2x ) ) + ( ( 0.25y + ( 0.125y * 0.111111111111y ) ) + 0.111111111111y ) ) + 0.111111111111y ) )
ind: 60
( 0.125y * ( 0.111111111111x * 0.166666666667x ) )
ind: 61
( ( 0.125x * 0.166666666667x ) + 0.25y )
ind: 62
( ( ( ( ( ( 1.0x + 0.2y ) * 0.125x ) + ( 0.333333333333y + 0.111111111111x ) ) * ( ( ( 0.1x + 0.1y ) + ( 0.1y + 0.5x ) ) + ( 0.25y * ( 0.25x * 0.333333333333y ) ) ) ) + ( ( ( 0.25x * 0.125y ) + ( ( 0.1y * 0.142857142857y ) * ( 0.333333333333y * 0.5y ) ) ) * ( ( ( 0.142857142857y * 0.142857142857y ) * ( 0.111111111111y * 0.111111111111y ) ) + ( ( 0.1y * 0.5x ) + ( 0.1y + 0.2x ) ) ) ) ) + 0.111111111111x )
ind: 63
( 0.125y * ( ( 0.1x * 0.2x ) * ( 0.1y + 0.111111111111x ) ) )
ind: 64
( 0.1x * 0.125y )
ind: 65
( ( ( ( 0.125y + ( ( 0.333333333333x * 0.5y ) + ( 0.1y + 0.1y ) ) ) + ( ( ( 0.142857142857x * 0.5y ) + 0.2y ) + 0.125y ) ) + ( 0.25x + ( ( ( 1.0y * 0.166666666667y ) + ( 1.0y * 0.5x ) ) * ( 0.333333333333y + 0.125x ) ) ) ) + ( 0.333333333333y + ( 0.333333333333y + 0.333333333333y ) ) )
ind: 66
( ( ( ( 1.0y + ( 0.2x + ( 0.111111111111y + 0.125y ) ) ) * ( 0.125y + 0.25y ) ) + 0.125y ) * ( ( ( ( ( 0.125x * 1.0x ) * ( 0.2x * 0.125x ) ) + 0.142857142857y ) + ( 0.2x * ( ( 0.2x * 0.166666666667x ) * ( 1.0x + 0.25x ) ) ) ) * 0.5y ) )
ind: 67
( 0.333333333333y * ( 0.125y + ( ( ( ( 0.5y + 0.5y ) * 0.25x ) + ( ( 0.125x + 0.111111111111x ) + 0.166666666667x ) ) * 0.142857142857x ) ) )
ind: 68
( 0.166666666667y + ( ( ( ( ( 0.2x + 0.2x ) + ( 1.0x + 0.333333333333x ) ) * 1.0y ) + ( 0.1x + ( 0.166666666667y * ( 0.5x * 0.125y ) ) ) ) * ( ( ( ( 0.2x + 0.1x ) + ( 0.2x * 0.125x ) ) + ( 0.25y * ( 0.2x + 0.25x ) ) ) * ( 0.333333333333y + ( ( 0.2x + 0.2x ) * 0.166666666667x ) ) ) ) )
ind: 69
( ( ( ( ( ( 0.333333333333x * 0.166666666667y ) * 0.1y ) * ( 1.0y * 0.333333333333x ) ) + ( 0.166666666667x + 0.166666666667x ) ) * ( ( 0.111111111111y * 0.333333333333y ) + ( ( ( 1.0y * 0.166666666667y ) + ( 0.1y + 1.0y ) ) + ( 0.166666666667x * 1.0x ) ) ) ) + ( 0.111111111111y + ( 0.5y + 0.5x ) ) )
ind: 70
( ( 1.0y + 0.125y ) * ( 0.166666666667x + 1.0x ) )
ind: 71
( ( ( 0.125y * 0.5x ) + 0.111111111111y ) * ( ( 0.166666666667y * 0.1x ) * 0.2y ) )
ind: 72
( ( ( 0.142857142857x + 0.111111111111x ) * 0.25y ) * 0.5y )
ind: 73
( ( 0.333333333333y * ( 1.0y * ( ( 0.5y * 0.125y ) + 0.166666666667x ) ) ) + 0.5x )
ind: 74
( 0.125y * ( 0.2y * ( ( ( ( 0.5x + 0.125y ) * ( 1.0x + 0.1y ) ) + 0.166666666667y ) + ( 0.5y + 0.5y ) ) ) )
ind: 75
( 1.0y * ( ( ( ( ( 0.25y + 0.5y ) + 1.0x ) * ( 0.5y * ( 0.166666666667y * 0.333333333333x ) ) ) + ( 0.333333333333x * ( ( 0.166666666667x + 0.142857142857x ) * 0.142857142857x ) ) ) + ( 0.111111111111x + ( ( 0.333333333333x + 1.0x ) * 0.2y ) ) ) )
ind: 76
( 1.0y * 0.25x )
ind: 77
( ( ( 0.166666666667x + ( 0.142857142857x * ( ( 0.25x * 0.5x ) + 0.142857142857y ) ) ) * ( ( ( 0.5x * 0.166666666667x ) + ( ( 0.2y + 0.111111111111x ) * ( 0.333333333333x + 0.2x ) ) ) * ( ( ( 0.333333333333x * 0.125x ) + 1.0x ) * 0.125x ) ) ) + ( 0.1x + ( ( 0.142857142857x + 0.5x ) * 0.1x ) ) )
ind: 78
( 0.125x * ( 0.333333333333x + 0.166666666667y ) )
ind: 79
( ( 0.125x * ( 0.125x * 0.333333333333x ) ) * ( ( 0.142857142857x * ( 0.125y + 0.5y ) ) + ( ( 0.2x + ( 0.333333333333x * 0.25y ) ) + ( ( 0.166666666667x * 0.5y ) * ( 0.2y * ( 0.111111111111y + 0.2y ) ) ) ) ) )
ind: 80
( 0.142857142857x + ( ( ( 0.125x * 0.25y ) * ( ( 0.5x + ( 0.166666666667x + 0.142857142857x ) ) * 0.1y ) ) + 0.125y ) )
ind: 81
( ( 0.111111111111y + 0.2x ) * 0.5x )
ind: 82
( ( 0.25y + ( ( ( ( 0.25y * 0.125y ) + ( 0.2y + 0.125x ) ) * 1.0y ) + ( 0.5x * 0.1x ) ) ) + 0.142857142857x )
ind: 83
( 1.0x + ( 0.5y * ( ( ( 0.5x + 0.111111111111x ) + 1.0y ) + ( ( ( 0.5y * 0.25y ) + ( 0.111111111111y + 0.125y ) ) * 0.5x ) ) ) )
ind: 84
( ( 0.1y * 0.111111111111y ) * ( 0.111111111111x * ( ( 0.1y + ( 0.333333333333x + ( 0.111111111111x * 0.2y ) ) ) * ( 0.111111111111x * 0.166666666667x ) ) ) )
ind: 85
( ( 0.142857142857x + ( 0.333333333333y * ( 0.1y * 0.2y ) ) ) + ( 0.111111111111x * ( 0.25y * ( 0.5x * ( 0.2x * ( 0.25y + 0.166666666667y ) ) ) ) ) )
ind: 86
( 1.0y + ( ( ( ( ( 0.166666666667x + 0.125x ) + 0.1x ) + 0.1x ) + ( 0.25y + 0.2x ) ) * 0.125x ) )
ind: 87
( ( ( 0.5y * ( ( 0.142857142857x * ( 0.142857142857y * 0.111111111111x ) ) + ( 0.111111111111y * ( 0.125x + 0.333333333333y ) ) ) ) * 0.125y ) + 0.25y )
ind: 88
( ( 0.333333333333x + ( 0.333333333333y + 0.1x ) ) * 0.125x )
ind: 89
( 1.0y + 0.125x )
ind: 90
( ( ( ( ( 0.166666666667x * ( 0.2y + 0.2x ) ) + ( ( 0.333333333333y + 0.125x ) * ( 0.166666666667y * 1.0x ) ) ) + ( 0.1x + ( ( 0.333333333333y * 1.0y ) * 0.125x ) ) ) * ( ( 0.1y + 1.0y ) + 0.125y ) ) * 0.166666666667x )
ind: 91
( ( 0.142857142857x + 0.333333333333y ) + ( 0.333333333333x * ( 0.333333333333x * ( ( 1.0y * ( 0.2y + 0.125y ) ) * ( 0.111111111111x + 0.5x ) ) ) ) )
ind: 92
( 0.125y + ( 0.333333333333x + ( 0.142857142857x * ( 1.0y * 0.125x ) ) ) )
ind: 93
( ( ( 0.1y + ( ( 0.1x * 0.125x ) * 0.5x ) ) + ( 0.2x * ( 0.5y + 0.2y ) ) ) * ( 0.25y * ( 0.142857142857y * 0.333333333333x ) ) )
ind: 94
( 0.5x * ( 0.5x * ( ( ( ( 0.25y + 0.166666666667x ) + 0.2y ) + 0.111111111111x ) * ( 0.2x + ( ( 0.142857142857y + 0.111111111111y ) * ( 0.333333333333y * 0.333333333333y ) ) ) ) ) )
ind: 95
( ( 0.5y * 1.0x ) + ( 0.166666666667y * ( ( 0.2x * ( ( 0.166666666667y * 1.0x ) * ( 0.142857142857y + 0.142857142857x ) ) ) + 0.142857142857x ) ) )
ind: 96
( ( 0.166666666667y * 0.142857142857y ) * 0.2x )
ind: 97
( ( 0.25y * ( 0.111111111111y * ( 0.2y + ( 0.25x * 0.166666666667x ) ) ) ) + 0.125x )
ind: 98
( ( ( 0.2y + 1.0x ) * 0.125x ) + ( ( ( ( ( 0.2y + 0.1x ) + 0.333333333333y ) + ( 0.166666666667x + ( 1.0y * 0.1y ) ) ) + ( 0.2y + 0.125y ) ) + 0.333333333333y ) )
ind: 99
( 0.2x + ( ( ( ( 0.5y + 0.2x ) * 0.125x ) + ( 0.2y * 0.1x ) ) * 0.25x ) )
ind: 100
( ( ( ( 0.5y * 0.5x ) + ( ( ( 0.111111111111y + 0.5x ) + 0.25x ) * ( ( 0.125x + 0.25x ) + ( 0.1y + 0.142857142857y ) ) ) ) + ( ( 0.142857142857x + 0.166666666667y ) + 1.0y ) ) * ( 0.5y * ( 0.142857142857x * 0.142857142857x ) ) )
ind: 101
( ( ( ( 0.25y + ( ( 0.2y + 0.1x ) + 0.1y ) ) * 0.333333333333x ) + ( ( 0.142857142857y * 0.333333333333x ) * ( 0.142857142857y + ( 0.142857142857y * ( 0.111111111111x * 0.111111111111x ) ) ) ) ) + ( ( 1.0x * ( 1.0y * ( ( 0.333333333333y + 1.0y ) + 0.166666666667y ) ) ) * 0.25x ) )
ind: 102
( ( ( ( ( 0.166666666667x + ( 0.2x * 0.5y ) ) * ( 0.25x + 0.111111111111x ) ) * 0.125x ) * 0.125y ) + 1.0y )
ind: 103
( ( 0.125x * ( ( 1.0y + ( ( 0.111111111111x * 1.0x ) + ( 0.142857142857x * 0.333333333333y ) ) ) + ( ( 0.333333333333y * ( 0.1y + 0.333333333333y ) ) * ( ( 0.333333333333y * 0.333333333333y ) + 0.166666666667x ) ) ) ) * 0.333333333333x )
ind: 104
( ( 0.166666666667y + ( ( 0.5y * 0.25y ) + ( ( 0.111111111111y + ( 1.0x + 0.5y ) ) * 0.142857142857x ) ) ) + ( 0.125x * 0.142857142857x ) )
ind: 105
( 1.0y * 1.0x )
ind: 106
( 0.2x * ( 0.111111111111y + ( 0.2x * ( 0.125y + ( ( 0.142857142857y + 0.1x ) + 0.5x ) ) ) ) )
ind: 107
( ( 0.5y * ( ( 0.5x * ( ( 0.2x * 0.125y ) + 0.166666666667y ) ) + ( ( ( 0.25y + 0.125x ) + ( 1.0x + 0.333333333333x ) ) * ( 0.25y * ( 0.5x + 0.166666666667x ) ) ) ) ) + ( ( 0.125y + 0.25y ) * ( ( ( ( 0.25x + 0.166666666667x ) * 0.142857142857y ) * 1.0x ) + ( ( ( 0.166666666667x * 0.1y ) * 0.125y ) * ( ( 0.2x + 0.5y ) * ( 1.0y * 0.166666666667y ) ) ) ) ) )
ind: 108
( ( 0.125y + ( 0.25y + 0.2x ) ) * 0.25x )
ind: 109
( 1.0y + ( ( 0.333333333333y * 0.125x ) + 0.125x ) )
ind: 110
( ( 0.125x * ( 0.25x * 0.166666666667y ) ) * ( 1.0x * 0.333333333333y ) )
ind: 111
( ( 0.2x + 0.111111111111x ) * ( 0.5x * 0.2y ) )
ind: 112
( ( ( 0.2y * 0.2y ) * ( ( ( 0.142857142857x * ( 0.2x + 0.111111111111x ) ) * ( ( 0.2y + 0.2y ) * ( 0.1y * 0.2x ) ) ) + ( 0.25x * 0.142857142857x ) ) ) + ( ( ( 0.1x * 0.2y ) * ( 0.1y + 0.5x ) ) + 0.1y ) )
ind: 113
( ( ( ( 0.2x + ( 0.1x * ( 0.111111111111x * 0.111111111111x ) ) ) + ( 0.5y + 0.142857142857x ) ) + 0.111111111111y ) + 0.125y )
ind: 114
( 0.166666666667y * ( 1.0x + ( ( 0.1x + ( 0.1y * ( 0.125y * 0.5y ) ) ) * ( ( ( 0.333333333333x + 0.5y ) * 0.5y ) * 0.5y ) ) ) )
ind: 115
( ( ( 1.0y * 1.0x ) + ( 0.333333333333y + ( ( ( 0.142857142857y * 0.2x ) * 0.125x ) + 0.1y ) ) ) + 0.142857142857y )
ind: 116
( ( ( 0.2y + 0.111111111111y ) + ( 0.166666666667x + 0.111111111111y ) ) * 0.333333333333x )
ind: 117
( ( 0.333333333333y * ( 1.0x * ( 0.111111111111y * ( ( 1.0x + 1.0y ) * 0.111111111111y ) ) ) ) + 0.111111111111y )
ind: 118
( ( 0.5y + 0.1x ) + ( 0.111111111111x + 0.142857142857x ) )
ind: 119
( 1.0y * ( 0.142857142857y * ( ( 0.1x * ( 0.142857142857y + 0.333333333333x ) ) * ( 0.111111111111x + ( 0.5y + ( 0.333333333333x * 0.1y ) ) ) ) ) )
ind: 120
( ( 1.0y * 0.166666666667x ) * ( ( ( ( ( 0.25x + 0.2y ) * 0.333333333333y ) + 0.333333333333y ) + ( ( ( 0.166666666667x + 0.333333333333y ) * ( 1.0x + 1.0x ) ) + 0.333333333333x ) ) + ( ( 0.111111111111x + ( 0.1y * 0.2y ) ) * ( ( 0.1x * ( 0.125y + 0.2y ) ) + ( ( 0.142857142857y + 0.25y ) + 0.142857142857x ) ) ) ) )
ind: 121
( 0.2x * ( 0.2y + ( ( ( 0.2y + 0.1x ) + 0.25x ) * 0.2x ) ) )
ind: 122
( ( ( ( ( 0.2y * ( 0.2y + 0.166666666667x ) ) * 0.2y ) * ( ( 0.142857142857y * ( 0.25y * 0.1y ) ) + 0.111111111111x ) ) + ( ( 0.166666666667x + ( 0.333333333333x * 0.2x ) ) * 0.2y ) ) * ( ( ( 0.166666666667x + ( 1.0x * 0.125x ) ) + 0.1y ) * ( ( ( ( 0.125y * 0.111111111111y ) * 0.111111111111x ) + 0.166666666667y ) + ( ( ( 0.125x * 0.2x ) + 1.0x ) + ( 0.2y + 0.125x ) ) ) ) )
ind: 123
( 1.0x + 0.111111111111y )
ind: 124
( ( 1.0y * ( 1.0x + 0.166666666667y ) ) + 0.2x )
ind: 125
( 0.166666666667x * ( 0.166666666667x * ( ( ( 0.333333333333y + 1.0y ) + 0.142857142857x ) + 0.125y ) ) )
ind: 126
( ( 0.1y * 0.125x ) + 0.333333333333x )
ind: 127
( 0.125y + ( ( ( 0.142857142857y * 0.2x ) + 0.25y ) * ( ( 0.111111111111x + ( 0.111111111111y * 0.125y ) ) + 0.111111111111x ) ) )
ind: 128
( 0.166666666667y + 0.5x )
ind: 129
( ( 0.333333333333y + ( 0.166666666667y * 0.2x ) ) + 1.0x )
ind: 130
( 0.1y + ( 0.1x * 0.142857142857y ) )
ind: 131
( 0.142857142857y + 0.142857142857x )
ind: 132
( ( 0.125y * 0.333333333333y ) + 0.142857142857x )
ind: 133
( 0.166666666667y + ( ( ( 1.0x * ( ( 0.1y + 0.142857142857x ) * 1.0y ) ) * ( 0.333333333333y * 0.166666666667x ) ) * 0.166666666667x ) )
ind: 134
( ( 1.0y * ( ( ( ( 0.5y + 0.2y ) * 0.333333333333x ) * ( 0.333333333333y + ( 0.142857142857y + 0.142857142857x ) ) ) * 1.0y ) ) + 0.125x )
ind: 135
( ( 0.125y * 0.2x ) + 0.142857142857y )
ind: 136
( ( 0.142857142857x + ( 0.142857142857y * 0.166666666667y ) ) + 0.166666666667x )
ind: 137
( ( ( ( ( ( 0.125x * 0.25x ) * ( 0.1x + 0.111111111111y ) ) * 0.1y ) + ( ( 0.142857142857x * ( 0.111111111111y + 0.125y ) ) * 0.5x ) ) + 1.0y ) * 0.142857142857x )
ind: 138
( ( 0.333333333333y + 0.333333333333x ) + 0.166666666667x )
ind: 139
( ( ( 0.125y * ( 0.2y + 0.111111111111y ) ) * ( 0.142857142857x + 0.142857142857x ) ) * 0.25x )
ind: 140
( 0.2y + ( 0.25y * ( ( 0.25y + ( 0.111111111111x + 0.25y ) ) * ( ( 0.1x * ( 0.111111111111y + 1.0y ) ) * 0.1x ) ) ) )
ind: 141
( ( ( 0.5x + ( ( ( 0.333333333333x * 0.1x ) * 0.5x ) + 0.1x ) ) + ( ( ( ( 0.142857142857x * 0.5y ) * ( 0.111111111111x * 0.125y ) ) + ( ( 0.2x + 0.5y ) * 0.2y ) ) * ( 0.1x * ( ( 0.2x * 1.0y ) + ( 0.125x + 0.1y ) ) ) ) ) + ( ( 0.25y + 0.5x ) * 1.0y ) )
ind: 142
( ( ( 0.2y * ( ( 0.25y * ( 0.111111111111x * 0.2x ) ) * ( 0.142857142857y + 0.1y ) ) ) + 0.125y ) + ( ( 0.2x + ( ( ( 0.111111111111y * 0.166666666667x ) + 0.142857142857x ) + 0.1x ) ) + ( 0.25y * ( 0.125y * ( ( 0.111111111111x * 0.111111111111x ) * 0.1x ) ) ) ) )
ind: 143
( ( ( ( ( ( 0.111111111111y + 0.166666666667x ) * 0.142857142857x ) * ( 0.5x + ( 1.0y + 0.166666666667x ) ) ) + ( ( 0.142857142857y * ( 0.2y + 0.5x ) ) * 0.1y ) ) * 0.333333333333y ) + ( 0.25y + 0.142857142857x ) )
ind: 144
( ( ( 0.166666666667x * ( 0.166666666667y + 0.142857142857y ) ) * ( 0.1x + ( ( 0.142857142857y * ( 0.1x + 0.1x ) ) + ( ( 0.5x + 0.142857142857y ) * ( 0.2y + 0.111111111111x ) ) ) ) ) + 0.166666666667y )
ind: 145
( 0.25y * ( ( ( 0.1x * ( 0.25y + 0.142857142857y ) ) * 0.25y ) * ( ( ( ( 1.0y * 0.1x ) + 0.125y ) * ( 0.25y * 0.1x ) ) * 0.25y ) ) )
ind: 146
( ( 0.25y * 0.142857142857x ) * 1.0y )
ind: 147
( 0.333333333333x + ( 0.125x + ( ( ( 0.2x * 0.5y ) * 0.25x ) + ( 0.166666666667y + 0.25x ) ) ) )
ind: 148
( ( ( ( ( 0.2x * ( 0.111111111111y * 0.2x ) ) * ( 0.333333333333y * 0.1x ) ) * 0.125y ) * 0.125x ) + 0.142857142857y )
ind: 149
( ( ( 0.1x + ( 0.125y + ( ( 0.5y * 0.111111111111y ) * ( 0.125x * 0.125y ) ) ) ) * ( ( 0.166666666667y * ( ( 0.5x + 0.333333333333x ) + 0.125x ) ) * ( ( ( 0.125y + 0.1y ) + ( 0.1y * 0.1y ) ) + ( 0.333333333333x * ( 0.1y * 0.111111111111y ) ) ) ) ) * 0.166666666667x )
ind: 150
( ( ( ( 0.333333333333x * 0.166666666667y ) + 0.25x ) * ( 0.333333333333x * 0.333333333333x ) ) + 0.2x )
ind: 151
( ( ( ( ( 0.142857142857x + 0.111111111111x ) * 0.125x ) * ( ( 0.2x + ( 0.5y * 0.2y ) ) + ( 0.111111111111y * 0.25x ) ) ) * 0.142857142857x ) + ( ( 0.1y + 0.5y ) * ( 0.166666666667x + ( 0.125y + ( 0.5x * 0.125x ) ) ) ) )
ind: 152
( ( ( ( ( ( 0.1y + 0.333333333333y ) * ( 0.333333333333x * 0.333333333333x ) ) * 0.25y ) + 0.166666666667y ) + ( 0.333333333333x * 0.5x ) ) + ( 0.5y * 0.125y ) )
ind: 153
( 0.1x + 1.0y )
ind: 154
( ( 0.5x * 0.111111111111x ) + 0.5y )
ind: 155
( ( 0.166666666667y + ( ( 0.142857142857x * ( ( 0.2x + 0.1x ) * ( 0.142857142857x + 0.5x ) ) ) * ( 0.111111111111y * ( ( 0.2x * 0.142857142857x ) + ( 0.125y + 0.2y ) ) ) ) ) * ( 0.2x * 0.1y ) )
ind: 156
( 0.111111111111x + ( ( ( 1.0y + ( 0.2x * 0.5x ) ) * 0.111111111111y ) * ( ( ( ( 0.5x + 0.166666666667y ) * 0.25x ) + ( 0.5y * 0.333333333333x ) ) * 0.1x ) ) )
ind: 157
( 0.125x * 0.25y )
ind: 158
( ( ( 0.166666666667x * 0.166666666667x ) * ( 0.333333333333y + ( ( ( 0.125x * 0.1y ) * ( 0.5y * 0.2y ) ) * ( 0.1x + 1.0x ) ) ) ) + ( 0.25y + 0.333333333333x ) )
ind: 159
( 1.0x + 0.5y )
ind: 160
( ( 0.111111111111x + ( ( 0.2y + ( ( 0.25x * 0.2y ) + 0.1y ) ) + 0.2x ) ) * ( 1.0x * 0.333333333333y ) )
ind: 161
( ( 0.125y * ( ( ( 0.1y * ( 0.111111111111y * 0.111111111111y ) ) + 0.2y ) * 0.111111111111y ) ) * 0.5x )
ind: 162
( ( ( ( 0.111111111111x + ( 0.5y + ( 0.1x * 0.111111111111x ) ) ) * ( ( 0.2x + 0.166666666667x ) * ( 0.125x * 0.333333333333y ) ) ) * ( ( ( ( 0.5x * 0.2y ) + ( 0.1x * 0.333333333333y ) ) + ( 0.142857142857x * 0.2x ) ) + ( 0.142857142857x + ( ( 0.25y * 0.125x ) * ( 0.125y + 0.166666666667y ) ) ) ) ) + 0.333333333333x )
ind: 163
( ( ( 0.111111111111x * 0.1x ) + ( 0.142857142857y * ( ( 0.5x * ( 0.2y + 0.111111111111x ) ) + ( 0.5y + 1.0y ) ) ) ) + 0.166666666667x )
ind: 164
( 0.125y + 0.166666666667x )
ind: 165
( ( 0.25x + 0.1y ) + ( 0.333333333333x * ( 0.142857142857x * ( 0.125y + ( ( 0.125x + 0.142857142857x ) + 0.111111111111y ) ) ) ) )
ind: 166
( 1.0y * ( ( ( 0.166666666667x + 0.111111111111y ) + ( ( ( 0.142857142857y * 0.142857142857y ) + 0.5y ) * ( ( 0.333333333333x + 0.25y ) + ( 0.1y + 0.125y ) ) ) ) + ( ( 0.1y * 0.5y ) * 0.5y ) ) )
ind: 167
( 0.125x + ( 0.5x + ( ( ( 0.5x * ( 0.5x + 0.111111111111x ) ) + ( 0.25y * 0.111111111111y ) ) * ( ( ( 0.125y + 0.166666666667y ) + 0.166666666667x ) * ( ( 0.333333333333x * 0.142857142857x ) + ( 0.5x + 0.111111111111x ) ) ) ) ) )
ind: 168
( 0.142857142857y * 0.166666666667x )
ind: 169
( 0.5y * ( 0.333333333333x + ( 0.333333333333x + 0.333333333333y ) ) )
ind: 170
( ( ( ( 0.111111111111x + 1.0y ) + 0.166666666667y ) + ( ( ( ( 0.142857142857y + 0.5x ) * ( 0.111111111111y + 0.2y ) ) + ( 0.25x * 0.2x ) ) * 0.25y ) ) + 0.25y )
ind: 171
( ( 0.25y * ( ( 0.25y + ( 0.111111111111y * ( 0.111111111111x + 0.125x ) ) ) + ( 0.142857142857x * 0.111111111111y ) ) ) + 0.25y )
ind: 172
( ( ( ( 0.142857142857y + 0.125y ) * ( 0.1y + 0.142857142857x ) ) + 0.2x ) * 0.111111111111y )
ind: 173
( ( 1.0y * ( 0.1x + 1.0x ) ) * 0.166666666667x )
ind: 174
( 0.333333333333y * ( 0.25y * ( 0.111111111111y + 0.333333333333x ) ) )
ind: 175
( ( ( ( ( ( 0.111111111111y * 0.333333333333x ) + ( 0.142857142857y + 0.333333333333y ) ) * 0.125y ) * ( 0.166666666667y + 0.166666666667y ) ) + ( ( ( 1.0y + ( 1.0x + 0.333333333333y ) ) + 0.142857142857y ) * 0.1x ) ) * 0.111111111111x )
ind: 176
( 0.2y * ( 0.2y + ( ( 0.1y + ( ( 0.125y * 0.166666666667x ) + 0.2y ) ) * 0.5x ) ) )
ind: 177
( ( 0.333333333333y * 0.142857142857x ) + 0.142857142857y )
ind: 178
( 0.142857142857x * 0.2y )
ind: 179
( 0.333333333333x + 0.166666666667y )
ind: 180
( ( ( 1.0y * 0.142857142857y ) * ( ( ( 0.1y + 0.5x ) * 0.142857142857y ) + 0.125x ) ) * ( 0.5y + 0.1y ) )
ind: 181
( ( ( ( ( ( 0.333333333333y + 0.2x ) * 0.333333333333y ) + 0.25y ) * 0.111111111111y ) + ( ( ( ( 0.166666666667x * 0.1x ) * ( 1.0y * 0.166666666667x ) ) + 0.125y ) + 1.0x ) ) + ( 0.142857142857x * ( ( 0.1x + 0.333333333333y ) + 0.25y ) ) )
ind: 182
( ( ( ( 0.5y + ( 0.142857142857y + ( 0.125x * 0.166666666667y ) ) ) + ( ( 0.2y * 0.142857142857x ) + 0.125x ) ) * ( 0.111111111111y * ( 0.333333333333y + 0.142857142857x ) ) ) * ( 0.166666666667y + ( ( 0.142857142857y * 0.111111111111x ) + 0.333333333333y ) ) )
ind: 183
( ( 0.2x * 0.111111111111x ) + ( ( 0.166666666667x * 0.2y ) + 0.2x ) )
ind: 184
( 0.333333333333x * 1.0y )
ind: 185
( 1.0y * ( ( 0.142857142857x + 0.25x ) * ( ( 0.125y * ( ( 0.25y * 0.142857142857y ) * 0.2x ) ) + 0.1y ) ) )
ind: 186
( ( 0.1x + ( ( 0.333333333333x * 0.2y ) * 0.125x ) ) * ( ( 0.125y + 0.142857142857y ) * 0.142857142857y ) )
ind: 187
( ( 0.111111111111x + ( 0.2y + 0.1x ) ) * ( ( ( 0.25y + 0.125x ) + 0.142857142857y ) + 1.0x ) )
ind: 188
( 0.2x + ( ( ( ( 1.0x * 0.1x ) * 1.0y ) * 0.5x ) * 0.125x ) )
ind: 189
( 0.1x + ( ( 0.166666666667x * ( ( ( 0.25y * 0.125y ) * ( 0.111111111111x * 0.2x ) ) + ( 0.2x * ( 0.142857142857x * 0.142857142857y ) ) ) ) * ( 0.166666666667y * 0.142857142857x ) ) )
ind: 190
( ( ( ( ( 0.25x + 0.142857142857x ) * 0.1y ) + 0.166666666667y ) * ( ( ( 0.125x + ( 0.125y * 0.111111111111y ) ) * ( 1.0y * ( 1.0y + 0.25y ) ) ) + ( ( 0.1y + ( 0.25y * 0.166666666667x ) ) + 0.142857142857x ) ) ) + ( ( 0.125x * 0.125y ) * ( ( 0.111111111111y * ( ( 0.111111111111y * 0.25x ) * ( 0.2x + 1.0x ) ) ) * 1.0x ) ) )
ind: 191
( 0.1x + ( ( 0.166666666667y + ( ( ( 0.5x * 0.5x ) + ( 0.166666666667x + 0.142857142857x ) ) + ( ( 0.25y + 0.142857142857y ) + ( 0.166666666667y + 0.2y ) ) ) ) * ( ( 1.0x * ( ( 0.333333333333x * 0.111111111111x ) + ( 0.111111111111y * 0.1y ) ) ) + 0.1x ) ) )
ind: 192
( ( ( 0.166666666667x + 0.166666666667x ) * 1.0x ) + ( ( ( ( ( 0.111111111111x + 0.125y ) + 0.142857142857x ) + ( 0.5y + 0.25y ) ) * ( ( 0.142857142857x + ( 0.111111111111y * 0.5x ) ) + 0.333333333333x ) ) + ( 0.2y * 0.5x ) ) )
ind: 193
( ( ( ( 0.5y + 1.0x ) * ( 0.125x + ( 0.25x + 0.333333333333x ) ) ) + 0.111111111111x ) * 0.333333333333x )
ind: 194
( ( 0.125x + ( ( ( ( 1.0x + 0.1x ) + 0.25y ) + 0.111111111111x ) * 0.166666666667x ) ) + 0.125x )
ind: 195
( ( 0.25x * ( 0.166666666667y * ( ( ( 0.5y * 0.142857142857y ) * ( 0.142857142857y + 0.111111111111x ) ) * ( 0.111111111111x + 0.125x ) ) ) ) + 1.0y )
ind: 196
( 0.333333333333y + ( 0.125x * ( 0.5x * 0.142857142857y ) ) )
ind: 197
( ( ( ( 0.2y * 0.333333333333x ) * ( ( 0.2y + 1.0x ) * 0.166666666667y ) ) * ( 0.125y + 0.333333333333x ) ) + 0.166666666667y )
ind: 198
( 0.1y * ( 0.166666666667y * ( ( 1.0x * 1.0x ) + 0.111111111111y ) ) )
ind: 199
( ( 0.166666666667y + ( ( ( ( 0.1x * 0.2x ) + ( 0.125y + 0.5x ) ) * 0.5y ) + 0.333333333333x ) ) * 0.166666666667y )
ind: 200
( 0.125y + ( 0.333333333333x + 0.333333333333y ) )
ind: 201
( ( 0.1y * 1.0y ) + 0.111111111111x )
ind: 202
( ( 0.2y + ( ( ( ( 0.1x + 0.142857142857x ) * 0.166666666667y ) * 0.111111111111x ) * ( 0.2y * 0.111111111111y ) ) ) + 0.111111111111x )
ind: 203
( ( ( 0.125y + 0.1y ) + 0.125x ) + 0.1y )
ind: 204
( ( ( ( 0.125x + 0.1x ) + 0.25y ) * 0.1y ) + 0.1x )
ind: 205
( ( 0.111111111111y + 0.5x ) * 0.5y )
ind: 206
( 0.166666666667y * ( ( 0.111111111111y * ( 1.0x + ( 0.142857142857y + ( 0.125x + 0.166666666667x ) ) ) ) * 0.111111111111y ) )
ind: 207
( ( ( 0.111111111111x + 0.2x ) + ( ( 0.333333333333y + ( 0.166666666667y + 0.2y ) ) + 0.25y ) ) + ( ( ( ( 0.1x + ( 0.111111111111y * 0.25y ) ) + ( 0.25x + 0.142857142857y ) ) + ( 0.5x * ( 0.2y + ( 0.333333333333y + 0.125x ) ) ) ) + 0.1x ) )
ind: 208
( 0.142857142857x * 0.2y )
ind: 209
( ( 0.125x * 1.0x ) + 0.2y )
ind: 210
( 1.0x * ( 0.1x + 0.111111111111y ) )
ind: 211
( 0.125y + 0.125x )
ind: 212
( ( ( ( 0.333333333333x + ( 0.333333333333x * ( 1.0y * 0.166666666667x ) ) ) * ( ( ( 0.111111111111y * 0.25x ) * ( 0.5y * 0.111111111111x ) ) * 0.333333333333x ) ) * 0.142857142857y ) + 0.2y )
ind: 213
( ( 0.25x + 0.111111111111x ) * ( ( ( ( ( 0.25x + 0.25y ) + ( 0.142857142857y * 0.5x ) ) * ( 0.25x * ( 1.0x * 0.166666666667y ) ) ) * ( 1.0x * ( 0.2y + 0.1x ) ) ) + 0.333333333333x ) )
ind: 214
( 0.5x + ( 0.25y * ( 0.1y + ( 0.142857142857y * 1.0x ) ) ) )
ind: 215
( ( ( 0.1x + 0.333333333333y ) + ( 1.0y + ( 0.111111111111y + ( ( 0.25x * 0.25x ) * ( 0.125x + 0.2y ) ) ) ) ) + ( 0.2x * ( ( 0.5y * 0.25x ) + 0.125y ) ) )
ind: 216
( 0.142857142857x + ( 0.142857142857x + ( 0.166666666667y + ( 0.25x * 0.5x ) ) ) )
ind: 217
( 0.125y * ( ( 0.25y + ( ( 0.166666666667y * 1.0y ) * 0.142857142857x ) ) + ( ( ( 0.25y * ( 0.111111111111x + 0.25y ) ) * 0.1x ) * 0.2y ) ) )
ind: 218
( ( ( 0.333333333333y + 0.111111111111y ) * ( 1.0y * ( ( ( 0.5y * 0.25y ) + 0.166666666667x ) * ( ( 0.333333333333x + 0.166666666667x ) * ( 0.333333333333y + 1.0y ) ) ) ) ) * ( ( ( 0.166666666667x + ( ( 0.125y + 0.125x ) + 0.333333333333x ) ) + ( ( 0.2x * ( 0.125x + 0.1x ) ) * ( ( 0.25y + 0.125y ) + ( 0.125y + 0.111111111111y ) ) ) ) * 0.125x ) )
ind: 219
( 0.25y + ( 0.166666666667x + 0.142857142857y ) )
ind: 220
( 0.111111111111y * ( 0.1x * ( ( 0.5y + ( ( 0.142857142857y * 0.142857142857y ) * ( 0.1x * 0.25x ) ) ) + ( ( 0.333333333333x * ( 1.0x + 0.2y ) ) + 0.111111111111y ) ) ) )
ind: 221
( 1.0x * ( ( ( ( 0.125y * 1.0x ) + 1.0y ) + 0.166666666667x ) + ( 0.1x + 0.5y ) ) )
ind: 222
( ( 1.0x + ( 1.0y + ( 0.2y + ( ( 0.333333333333x + 0.2y ) + ( 0.1x + 0.166666666667y ) ) ) ) ) + ( 0.2x * ( 0.125y + 0.125y ) ) )
ind: 223
( 1.0x + ( 0.142857142857x * ( ( 0.142857142857x + ( 1.0y * ( 0.142857142857y + 1.0x ) ) ) + ( 0.333333333333x * ( 0.2x * ( 0.142857142857y * 0.333333333333y ) ) ) ) ) )
ind: 224
( 0.142857142857y + 0.5x )
ind: 225
( 0.25y + ( 0.25x * ( ( 0.1y * ( 0.166666666667x + 0.25y ) ) * ( 0.111111111111x * 0.5x ) ) ) )
ind: 226
( ( 0.142857142857y + ( ( ( ( 0.333333333333x * 0.25x ) * ( 0.166666666667y + 0.142857142857y ) ) * 1.0y ) + 0.125x ) ) + ( 0.142857142857y + ( ( 1.0y + 0.142857142857y ) + ( ( 1.0x * ( 0.5y + 0.2x ) ) * ( 0.166666666667x + 0.25y ) ) ) ) )
ind: 227
( ( 0.333333333333x * 0.1y ) + 0.25x )
ind: 228
( ( 0.142857142857x + ( 0.111111111111y * 0.111111111111y ) ) * ( 0.25x + 0.166666666667x ) )
ind: 229
( 0.166666666667y * 0.125x )
ind: 230
( 0.142857142857x * 0.5y )
ind: 231
( 0.333333333333x * 0.125y )
ind: 232
( ( 0.5y * ( ( ( ( 0.125x * 0.166666666667y ) + ( 0.125y + 0.111111111111y ) ) * 0.25x ) * ( 0.125y + 0.2y ) ) ) + 0.5y )
ind: 233
( ( ( 0.1y * ( 0.2x + ( ( 0.333333333333x * 0.333333333333y ) + 0.142857142857x ) ) ) + 0.125x ) * 0.25y )
ind: 234
( ( 1.0x + 0.5x ) * ( ( 0.142857142857y * ( ( 0.25x * 0.111111111111x ) * ( ( 0.25y + 0.166666666667y ) * ( 0.111111111111y * 0.25x ) ) ) ) + ( 0.125x * 0.5x ) ) )
ind: 235
( ( 0.166666666667y + 0.142857142857y ) + ( ( ( 1.0x + 0.333333333333y ) * ( ( 0.125y * 0.111111111111y ) * ( 0.1y + ( 0.125x + 0.166666666667x ) ) ) ) + ( 0.2x + ( ( 0.5x * 0.111111111111x ) * ( ( 1.0y + 0.1x ) + 0.166666666667x ) ) ) ) )
ind: 236
( ( 0.2y * 0.1y ) + 0.166666666667x )
ind: 237
( ( 0.25x + ( 0.111111111111x * 0.333333333333x ) ) + 0.166666666667y )
ind: 238
( ( ( ( ( 0.2y * ( 0.333333333333x + 0.142857142857x ) ) + 0.25x ) * 0.5x ) * 0.125x ) + ( ( 1.0x + 0.111111111111x ) + ( 0.111111111111y * ( ( ( 0.166666666667y + 0.111111111111y ) + 0.2y ) * ( 0.25x * ( 0.1x + 0.25y ) ) ) ) ) )
ind: 239
( 0.5x * ( 0.25x * 0.5y ) )
ind: 240
( ( ( ( ( ( 0.166666666667y + 0.1x ) + 0.333333333333y ) * 1.0y ) * 0.166666666667x ) + ( ( 0.125x + ( ( 0.5y * 0.1x ) + ( 0.142857142857y + 0.166666666667y ) ) ) + 0.142857142857x ) ) * ( 1.0y * 0.5x ) )
ind: 241
( ( 0.5y * 0.125y ) + ( ( 0.2y + ( 0.111111111111x * 0.1y ) ) + 0.333333333333y ) )
ind: 242
( ( 0.2y * ( 0.125y * ( ( ( 0.125x + 0.5y ) * ( 0.25x * 0.5x ) ) * 0.2y ) ) ) + ( 0.142857142857y + 0.166666666667x ) )
ind: 243
( 0.5y * 0.125x )
ind: 244
( ( 0.5x + 0.5y ) + 0.25x )
ind: 245
( ( ( ( ( ( 0.166666666667x * 0.166666666667x ) * 0.333333333333y ) + ( 0.25y * 0.5y ) ) * 0.125x ) * 0.25y ) + 0.5x )
ind: 246
( 0.166666666667x + ( ( ( 0.1x * ( 0.1y * 0.125x ) ) + 0.142857142857x ) + 0.142857142857y ) )
ind: 247
( ( 0.111111111111x + ( ( ( ( 0.166666666667y * 0.5x ) * ( 0.25y + 0.333333333333x ) ) + 0.166666666667x ) + 0.166666666667y ) ) * 0.25x )
ind: 248
( ( ( ( ( 0.5x + 1.0y ) + 0.166666666667x ) * 0.25x ) + 0.166666666667x ) + ( 0.5y + ( 0.25y + ( 0.142857142857x * ( ( 0.333333333333y * 0.25y ) + ( 0.5y + 0.166666666667y ) ) ) ) ) )
ind: 249
( 1.0y + 0.333333333333x )
ind: 250
( 0.142857142857y + ( ( ( 1.0x + ( ( 0.25x + 0.125x ) * ( 0.25x * 0.2x ) ) ) * 0.5x ) + ( 0.166666666667x * 0.142857142857x ) ) )
ind: 251
( 0.2x + 0.1y )
ind: 252
( ( ( 0.125x * 0.5y ) + ( ( ( ( 0.5x + 0.5x ) * 0.333333333333y ) * 1.0y ) + 0.125y ) ) * ( 0.2x + 0.166666666667x ) )
ind: 253
( ( 1.0x + 0.2y ) + ( 0.142857142857y + 0.1y ) )
ind: 254
( ( 0.125y + ( ( ( ( 0.5x + 0.25x ) * 1.0x ) * 0.1x ) + ( ( 0.125y + 0.166666666667y ) * ( ( 0.333333333333x + 0.125y ) + 0.5x ) ) ) ) * ( 0.142857142857x * ( 1.0y + ( ( 0.111111111111y * ( 0.111111111111y * 0.111111111111x ) ) + ( ( 0.2x * 0.25y ) + 0.5x ) ) ) ) )
ind: 255
( ( ( 0.1y + 0.166666666667y ) + ( ( 0.25y + 0.25y ) * 0.142857142857x ) ) + 0.2y )
ind: 256
( ( 0.2y + ( ( 1.0x + ( 0.25y * 0.111111111111x ) ) + 0.333333333333y ) ) * ( ( ( ( 0.111111111111y * 0.111111111111y ) * ( 0.166666666667x * ( 0.166666666667x * 0.5y ) ) ) * 0.125y ) + 0.333333333333x ) )
ind: 257
( 0.142857142857y + 0.2x )
ind: 258
( ( ( 0.166666666667x + 1.0y ) + ( ( 0.5x * 0.333333333333x ) + 0.125x ) ) + 0.111111111111x )
ind: 259
( ( 0.1x + 0.142857142857x ) * ( 0.5x + ( 1.0y * 0.5x ) ) )
ind: 260
( ( 0.1y * 0.1x ) * ( 0.1y * ( ( ( 0.125x * ( 0.142857142857y + 0.125y ) ) + 0.25x ) + 0.125x ) ) )
ind: 261
( ( 1.0x + ( ( 0.125y * ( ( 0.5y + 0.2y ) * 0.125x ) ) * ( ( 0.25x + 0.166666666667x ) * 0.25x ) ) ) * 0.125x )
ind: 262
( 0.1y * ( ( ( ( 0.25x + ( 0.166666666667x + 0.111111111111x ) ) + 0.142857142857y ) * 0.333333333333x ) + 0.166666666667x ) )
ind: 263
( ( ( 0.142857142857x + 0.111111111111y ) + 0.333333333333y ) * ( ( 0.125y * 0.1x ) * ( 0.333333333333x * ( 0.166666666667y + 0.333333333333x ) ) ) )
ind: 264
( ( 1.0y + ( ( ( ( 0.125y + 0.333333333333y ) * 0.333333333333x ) * ( ( 0.333333333333x + 0.166666666667x ) + 0.142857142857x ) ) + 0.111111111111x ) ) + 0.125x )
ind: 265
( ( ( 0.111111111111y * 0.111111111111x ) + ( ( 0.111111111111y * 1.0y ) + ( 0.333333333333x * 0.1y ) ) ) * 0.111111111111y )
ind: 266
( 0.142857142857y + ( ( 0.125y + 0.142857142857y ) + ( 0.25x * ( ( 0.5y + ( 0.333333333333y + 0.2x ) ) * ( 0.125y * ( 0.2y + 0.25x ) ) ) ) ) )
ind: 267
( ( ( 0.5y * 0.2x ) + ( ( 0.111111111111y * ( ( 1.0y + 0.166666666667y ) + 0.2y ) ) * ( ( ( 0.25x * 0.1y ) * ( 0.142857142857x + 0.125x ) ) + 0.2y ) ) ) + ( ( ( 0.166666666667y + ( 0.111111111111y * ( 0.111111111111x + 0.111111111111y ) ) ) * ( 0.25x * ( 0.142857142857x + ( 0.142857142857x + 0.166666666667y ) ) ) ) + 0.25x ) )
ind: 268
( 0.333333333333y + ( ( ( ( 0.125y * ( 0.333333333333x + 0.111111111111y ) ) * ( ( 0.111111111111x + 0.1x ) * ( 0.2y + 0.25y ) ) ) + 1.0x ) * ( 0.142857142857x + 0.5x ) ) )
ind: 269
( ( ( ( ( ( 0.1y + 1.0x ) * ( 0.5y + 0.111111111111y ) ) * 0.5y ) + 0.2x ) * 0.25y ) + ( 0.333333333333x + 0.333333333333x ) )
ind: 270
( 0.5x + ( 0.2y + ( 0.166666666667x + 0.25y ) ) )
ind: 271
( ( ( ( 0.142857142857x * ( 0.333333333333y + 1.0y ) ) * 0.2y ) + ( ( ( ( 0.5y * 0.333333333333y ) + 0.111111111111x ) + 0.166666666667y ) * ( ( 0.5x * 0.5y ) + ( 0.166666666667y + 0.2x ) ) ) ) + ( ( 0.25y + 0.142857142857y ) * 1.0y ) )
ind: 272
( ( 0.125x * 0.111111111111y ) * ( 0.166666666667y + ( ( 0.111111111111x * 0.125y ) + ( 0.111111111111x * ( ( 0.166666666667y + 0.333333333333y ) * 0.25x ) ) ) ) )
ind: 273
( 0.142857142857x + 1.0y )
ind: 274
( ( 0.111111111111x + ( ( ( 0.166666666667x + ( 0.1x * 0.111111111111y ) ) + 0.333333333333x ) * 0.333333333333y ) ) * 0.142857142857y )
ind: 275
( ( 0.125y * ( 0.142857142857x + ( ( 0.333333333333x + ( 0.5x + 0.125x ) ) * ( 0.111111111111x * 0.333333333333x ) ) ) ) + 0.125y )
ind: 276
( 0.1x * ( ( ( ( ( 0.333333333333y * 0.125x ) + 0.125y ) + ( 0.166666666667x * 0.111111111111y ) ) * ( ( ( 0.1x * 0.111111111111y ) + 0.142857142857y ) * 0.333333333333y ) ) + ( ( ( 0.2x + ( 0.333333333333y * 0.5y ) ) * ( ( 0.142857142857y * 0.25y ) + 0.142857142857y ) ) + 0.111111111111x ) ) )
ind: 277
( 0.333333333333y * ( ( 0.2x + 0.142857142857x ) * 0.1y ) )
ind: 278
( ( ( 0.1y * ( 0.333333333333y + ( ( 0.1x + 1.0y ) + ( 0.142857142857y * 0.142857142857y ) ) ) ) + ( 0.111111111111y + 1.0x ) ) * 0.333333333333y )
ind: 279
( ( 0.125y * 0.111111111111x ) * 0.125x )
ind: 280
( 0.333333333333y * 0.333333333333x )
ind: 281
( ( ( 0.2y * ( 1.0y * 0.5x ) ) + 0.25x ) + 1.0x )
ind: 282
( ( 0.333333333333y + ( ( 0.125y + ( 0.25y + 0.5y ) ) * ( ( 0.125y * 0.2x ) + ( 0.2y * 0.142857142857y ) ) ) ) + ( ( ( 0.25y * 0.2x ) + ( ( ( 0.25y + 0.333333333333x ) + ( 0.2x + 0.333333333333y ) ) + 0.2y ) ) * 0.1y ) )
ind: 283
( ( ( 0.125x * 0.333333333333x ) * ( 0.166666666667x + ( 0.5x * ( 0.333333333333y * ( 0.5y + 0.166666666667x ) ) ) ) ) * 0.5x )
ind: 284
( ( 0.125y + ( ( ( ( 0.5x + 0.25y ) * 0.5x ) + 0.142857142857y ) * ( 1.0y + ( ( 0.25y + 0.2x ) * 0.1x ) ) ) ) * 0.142857142857y )
ind: 285
( ( ( ( 0.25x + 0.333333333333x ) * 0.125x ) * 0.25y ) + ( 0.1x + 0.125y ) )
ind: 286
( ( 1.0y * 0.5y ) + 0.333333333333x )
ind: 287
( 0.5y * 0.2x )
ind: 288
( 0.125y * ( 0.333333333333x * ( 0.166666666667x * ( 0.5x * 0.5x ) ) ) )
ind: 289
( 0.333333333333x + ( 0.25y * ( 0.2y + ( ( ( 0.142857142857x + 0.25y ) * 0.333333333333y ) + ( 0.111111111111y * 0.333333333333y ) ) ) ) )
ind: 290
( 0.166666666667x * ( ( ( 0.166666666667x + 0.333333333333y ) + 1.0y ) + ( ( 0.166666666667x * ( ( 0.1y * 0.1x ) + 0.2y ) ) * 0.166666666667y ) ) )
ind: 291
( ( ( ( 0.111111111111x + ( 0.125x * 1.0y ) ) + 0.125y ) * ( 0.5y + ( 0.25y + 0.2x ) ) ) * ( ( 0.166666666667y * ( ( ( 0.125y + 0.125y ) * 0.2y ) + ( ( 0.5x * 0.142857142857x ) + ( 0.2x * 0.142857142857x ) ) ) ) * ( ( 0.166666666667x * 0.125x ) + ( 0.1x + ( 0.166666666667x + 1.0x ) ) ) ) )
ind: 292
( 0.25x + ( 0.5x * 1.0y ) )
ind: 293
( ( 0.2x * 0.25y ) + 0.1y )
ind: 294
( ( ( ( ( ( 0.333333333333y + 0.111111111111y ) * 0.125x ) + 0.166666666667y ) * ( 0.111111111111x * 0.2x ) ) * ( 0.125x + ( ( ( 0.333333333333y * 0.333333333333x ) * 0.5y ) * ( ( 0.111111111111x + 0.1y ) + 0.2y ) ) ) ) + ( ( ( ( ( 0.333333333333x * 0.111111111111y ) + 0.142857142857y ) * ( ( 0.111111111111y + 0.125x ) + 0.166666666667y ) ) * ( 0.111111111111x * 0.142857142857y ) ) * ( ( ( 0.25y + 1.0x ) * 0.166666666667y ) * ( 0.25y * ( 0.333333333333x + ( 0.125x + 0.142857142857y ) ) ) ) ) )
ind: 295
( ( 0.166666666667y * 0.142857142857x ) + ( 0.125x * ( ( 0.1y * ( ( 0.2x * 0.2y ) + ( 0.25x + 0.125y ) ) ) + ( ( 0.2y + 0.333333333333x ) + 0.5y ) ) ) )
ind: 296
( ( ( ( 0.125y + 0.2x ) + 0.125y ) + ( ( ( ( 0.333333333333x * 0.111111111111y ) + 0.5x ) + ( 1.0x + ( 0.111111111111y + 0.25x ) ) ) + ( ( ( 1.0x * 0.25x ) + 0.5y ) + ( 0.166666666667x * 0.333333333333y ) ) ) ) * 0.1y )
ind: 297
( ( 0.25y + ( 0.111111111111x + ( 0.111111111111x + 0.5x ) ) ) + ( 0.166666666667y + 0.125y ) )
ind: 298
( ( ( ( ( ( 0.125y * 0.125y ) + 0.166666666667y ) * 0.2x ) + 0.142857142857y ) + ( 0.2y + ( ( 1.0x + 0.333333333333x ) + ( 0.142857142857y * 0.5x ) ) ) ) * 0.5x )
ind: 299
( 1.0y * ( 0.166666666667y + ( 0.125x + ( ( ( 0.125x + 1.0x ) + 0.1y ) + 0.5y ) ) ) )
ind: 300
( ( 0.5x + ( 0.142857142857y + 0.25x ) ) * ( 1.0x * 0.1x ) )
ind: 301
( 0.111111111111x * ( ( ( 1.0x + 0.2y ) * 0.5x ) + ( 0.2x * ( 0.166666666667y * 0.333333333333y ) ) ) )
ind: 302
( ( 0.166666666667x * 0.2y ) + 0.166666666667x )
ind: 303
( 0.166666666667x * ( ( ( ( ( 0.1x + 0.2y ) + ( 1.0x * 0.333333333333x ) ) + ( 0.2x * ( 0.1x * 0.333333333333y ) ) ) * 0.5y ) + ( 0.333333333333y * 0.25y ) ) )
ind: 304
( ( ( ( ( ( 0.1x * 0.2y ) + 0.2x ) + ( 0.125x + 0.1x ) ) + 0.166666666667y ) + ( ( 0.111111111111x + 0.111111111111x ) + ( 0.142857142857y * ( ( 0.5x * 0.111111111111x ) * 0.25y ) ) ) ) * 0.333333333333y )
ind: 305
( ( 1.0x + ( 1.0y + 0.1y ) ) * ( ( 1.0y * 0.166666666667y ) * ( 0.166666666667y + ( 0.25y * 1.0x ) ) ) )
ind: 306
( 0.166666666667y + ( ( ( 0.2y * 0.142857142857x ) * ( ( 0.125x * ( 1.0y + 0.142857142857x ) ) + ( ( 0.142857142857y + 0.166666666667x ) + ( 0.1y + 0.5x ) ) ) ) * 0.25x ) )
ind: 307
( 0.1y * ( ( ( 0.25y * ( 0.166666666667x + ( 0.25x * 0.5x ) ) ) + ( ( 0.111111111111y + ( 0.142857142857x + 0.5x ) ) * ( ( 0.1y * 0.125x ) * ( 0.5y * 0.111111111111x ) ) ) ) * 0.25y ) )
ind: 308
( 0.142857142857x * ( 0.111111111111y * 0.333333333333x ) )
ind: 309
( ( 0.166666666667x * ( 0.5y + ( ( 0.333333333333y + ( 0.142857142857x * 0.25x ) ) * ( ( 0.125x * 0.125y ) + ( 0.25x * 0.25y ) ) ) ) ) * 0.1y )
ind: 310
( ( ( 0.142857142857x * 0.333333333333x ) + 1.0x ) + 0.125y )
ind: 311
( 0.125x + ( 0.142857142857y * ( 0.166666666667y + ( 0.142857142857y + 0.125x ) ) ) )
ind: 312
( 0.5x * 0.2y )
ind: 313
( ( ( ( 0.5y * 0.125y ) + ( 0.125x + 0.25x ) ) + 0.166666666667x ) + ( ( ( 0.333333333333y * 0.142857142857y ) * 0.166666666667y ) + 0.142857142857y ) )
ind: 314
( ( 0.111111111111y + 1.0y ) + ( ( ( ( ( 0.25y + 0.25y ) + ( 0.166666666667x + 0.125x ) ) + 0.25y ) * 0.2y ) + 0.125y ) )
ind: 315
( 0.2x + ( 0.125x * ( ( ( ( 0.25x * 0.333333333333y ) * 1.0y ) * ( 0.125x + 0.333333333333y ) ) * 0.333333333333y ) ) )
ind: 316
( ( 0.142857142857y + 0.166666666667x ) * 0.166666666667x )
ind: 317
( ( ( 0.142857142857x + ( 0.125y * ( 0.333333333333x * ( 0.5x * 0.125x ) ) ) ) + ( ( 0.111111111111y * 0.125x ) * 0.1y ) ) * 1.0x )
ind: 318
( ( ( 0.2x * 0.2x ) + 0.5x ) + 1.0y )
ind: 319
( ( ( 0.1y * 0.333333333333y ) + ( 0.166666666667y + 0.166666666667y ) ) + 0.333333333333x )
ind: 320
( ( ( 0.125x * 0.5x ) + 0.25y ) * ( 0.333333333333x * ( ( 0.333333333333y + 0.25y ) + ( ( 0.2y + ( 0.1y + 0.142857142857y ) ) * 0.111111111111y ) ) ) )
ind: 321
( 0.125x * 0.166666666667y )
ind: 322
( ( ( ( 0.1y * 0.5x ) * 0.166666666667y ) * 0.5y ) + ( ( ( ( 1.0y * 0.2x ) * ( 1.0x + ( 0.25y + 0.142857142857x ) ) ) + 1.0x ) + 0.166666666667x ) )
ind: 323
( ( 0.111111111111x + 0.333333333333x ) + 0.2y )
ind: 324
( 0.1y * 0.25x )
ind: 325
( ( ( 0.1x * ( 0.125x + ( ( 0.142857142857y * 0.125x ) + ( 0.333333333333x + 0.333333333333x ) ) ) ) + 0.142857142857y ) + 0.111111111111x )
ind: 326
( ( ( ( ( 0.1x * 0.142857142857y ) * 0.125y ) * 0.25x ) * 0.1x ) * ( ( ( 0.2x + ( 0.2y + 0.2x ) ) * ( 0.5x + ( 0.1y + 0.111111111111x ) ) ) + ( 0.2x + ( 1.0y * 0.5y ) ) ) )
ind: 327
( ( ( ( 0.333333333333x + ( 0.111111111111x * 0.5x ) ) + 0.25y ) + 0.125y ) + ( 1.0x * 0.125y ) )
ind: 328
( ( 0.2x * 0.142857142857y ) + 0.1y )
ind: 329
( 0.142857142857x + ( ( 0.2y * ( ( ( 0.166666666667x + 0.25x ) + ( 1.0y + 1.0y ) ) + ( ( 0.1x * 0.5y ) * 0.5x ) ) ) + 0.25y ) )
ind: 330
( 1.0y + 0.25x )
ind: 331
( 0.25x * 0.1y )
ind: 332
( ( 0.142857142857x + ( ( 0.333333333333y + ( 0.111111111111y * ( 0.1x * 0.125y ) ) ) + ( 0.111111111111y + ( 0.125x * ( 0.25y * 0.166666666667y ) ) ) ) ) + ( 0.125x + ( ( 0.1x * ( 0.166666666667y * 0.2y ) ) + 0.5x ) ) )
ind: 333
( ( 0.333333333333x * ( 0.142857142857y + ( ( 0.25x + ( 0.2y + 0.166666666667y ) ) + 0.166666666667x ) ) ) + ( 0.2y + ( 0.1y + 0.142857142857x ) ) )
ind: 334
( 0.166666666667x + ( 0.166666666667y * ( ( 1.0y + 0.25y ) + ( ( 1.0x + ( 0.1x * 0.111111111111y ) ) + ( ( 0.111111111111x + 0.2x ) * 0.125x ) ) ) ) )
ind: 335
( ( ( 0.1x + 0.333333333333x ) + 0.166666666667y ) * 0.333333333333y )
ind: 336
( ( ( ( 0.166666666667x * ( 0.1x + 0.125y ) ) + 0.142857142857x ) + 0.25x ) * ( 1.0y + 0.2y ) )
ind: 337
( ( 0.142857142857y * ( 0.2x + 0.1y ) ) * ( 1.0y * ( ( ( 0.1y + ( 0.25x + 0.142857142857y ) ) * ( 0.5x * 0.25x ) ) * 0.125x ) ) )
ind: 338
( 0.333333333333x + ( ( ( ( 0.1y + ( 0.2x * 0.5y ) ) + 0.5x ) * ( ( ( 0.333333333333y * 0.111111111111x ) * ( 0.1x * 1.0x ) ) * ( ( 0.142857142857y * 0.111111111111x ) + ( 0.125y * 0.166666666667y ) ) ) ) * ( ( ( ( 0.1y * 0.125y ) + 0.1x ) * 0.1y ) + ( 0.125x * 0.5y ) ) ) )
ind: 339
( ( ( 0.142857142857y * 0.166666666667x ) + 0.125x ) + 0.1y )
ind: 340
( ( 0.166666666667x + 0.125x ) * ( 0.5y + 0.333333333333x ) )
ind: 341
( 0.111111111111x * ( ( ( ( 0.142857142857y + ( 0.166666666667y * 0.2x ) ) + ( ( 0.333333333333x * 0.111111111111x ) * ( 0.125y * 0.2y ) ) ) * 0.111111111111y ) + ( ( 1.0y + ( 0.25x * ( 0.1x + 0.125x ) ) ) + ( ( ( 0.111111111111x * 0.166666666667x ) * ( 0.111111111111y + 0.25x ) ) + ( ( 0.333333333333y * 0.111111111111y ) + ( 0.25y * 0.333333333333y ) ) ) ) ) )
ind: 342
( 0.125x * 0.125y )
ind: 343
( ( 0.333333333333x * ( ( 0.25x * 0.166666666667x ) * ( ( ( 0.142857142857y * 0.333333333333y ) * 0.25x ) + ( ( 0.333333333333y * 0.142857142857x ) + 0.1y ) ) ) ) * 0.166666666667y )
ind: 344
( ( ( ( ( 0.166666666667y * ( 1.0y + 0.111111111111y ) ) * ( ( 1.0x * 0.333333333333x ) * 0.2y ) ) + 0.333333333333y ) * 0.25y ) + 1.0x )
ind: 345
( 0.5x * ( ( ( 0.1y + 0.166666666667y ) * 0.125x ) * ( 0.25y + ( 0.125y + ( 0.125x + ( 0.333333333333y * 0.333333333333y ) ) ) ) ) )
ind: 346
( 0.166666666667y * 0.1x )
ind: 347
( ( 0.142857142857y + ( ( ( 0.333333333333x + 0.111111111111y ) + 0.2x ) * 0.5y ) ) * ( ( ( 0.166666666667y + 0.25x ) * ( ( ( 1.0y + 0.1x ) + 1.0x ) + 0.25x ) ) + 0.5x ) )
ind: 348
( 0.142857142857x * ( 0.2y + ( 0.1y * ( 0.142857142857x * ( 0.333333333333x + 0.5y ) ) ) ) )
ind: 349
( ( 0.2y + ( ( ( 0.5y * 0.1x ) * 0.142857142857x ) * 0.142857142857x ) ) * ( 0.25x * 1.0x ) )
ind: 350
( ( 0.166666666667y * 0.142857142857x ) * ( ( ( ( 0.1x * 0.142857142857x ) * 0.111111111111x ) * ( ( ( 0.1x + 0.25x ) + ( 0.125x * 0.5y ) ) * 0.125y ) ) + 1.0y ) )
ind: 351
( ( ( ( 0.25y + ( 0.142857142857x * 1.0y ) ) * 0.333333333333y ) + 0.333333333333y ) * 0.2x )
ind: 352
( ( ( ( 0.111111111111y + 0.166666666667y ) * ( 1.0y + 0.333333333333y ) ) + 0.333333333333x ) + 0.125x )
ind: 353
( 0.333333333333x * ( 1.0y * 0.2y ) )
ind: 354
( 0.333333333333y + 0.125x )
ind: 355
( ( ( ( ( ( 0.142857142857y + 0.142857142857y ) + 0.25x ) * 0.166666666667y ) * 0.1y ) + ( 1.0x + ( ( 1.0y + 0.2y ) * ( 0.333333333333x + 0.142857142857x ) ) ) ) * 1.0y )
ind: 356
( ( ( 0.5y + ( ( 0.2x * ( 0.25y + 0.5y ) ) * 0.1x ) ) * 1.0x ) * 0.2x )
ind: 357
( ( ( ( 0.5y + ( ( 0.142857142857y + 1.0y ) + ( 1.0y * 0.111111111111x ) ) ) * ( 0.25y * ( 1.0x + 0.333333333333x ) ) ) + ( 1.0y + ( ( ( 0.142857142857x * 0.142857142857y ) * 0.142857142857y ) + ( ( 0.111111111111x + 0.1y ) * ( 0.166666666667y * 0.166666666667y ) ) ) ) ) * 0.166666666667x )
ind: 358
( ( 1.0x + 0.125x ) * 0.111111111111y )
ind: 359
( 1.0y * ( 0.333333333333x + ( ( ( 0.125y * ( 0.111111111111x + 0.25y ) ) + ( 0.125y + 0.166666666667y ) ) + 0.1x ) ) )
ind: 360
( ( ( ( ( 0.25x * ( 0.1x + 0.1y ) ) + 0.111111111111y ) + 0.5y ) * 0.166666666667x ) + 0.142857142857y )
ind: 361
( ( 0.125y * 0.5y ) + 0.111111111111x )
ind: 362
( 0.25y + ( 0.111111111111x * 0.2y ) )
ind: 363
( 0.25x + ( 0.111111111111y * 1.0y ) )
ind: 364
( 0.25y * ( 1.0x + 0.5x ) )
ind: 365
( 0.333333333333x + 0.1y )
ind: 366
( ( ( ( 0.333333333333y * 0.333333333333x ) * ( 0.5x * 0.2y ) ) * ( ( 0.1y + ( 1.0x + ( 0.166666666667x * 0.1x ) ) ) + ( 0.5x * ( ( 0.125y * 0.333333333333x ) + ( 0.333333333333x * 0.5y ) ) ) ) ) + 0.142857142857x )
ind: 367
( 1.0y + 0.1x )
ind: 368
( ( 0.25x + 0.142857142857y ) * ( 0.2x + ( 0.2y + ( ( ( 0.333333333333y + 0.111111111111y ) * 0.333333333333x ) + ( ( 0.333333333333y * 0.142857142857y ) * 0.2y ) ) ) ) )
ind: 369
( 0.142857142857x * ( ( 0.111111111111y + ( 0.125x * ( 1.0y * ( 0.25x + 0.5y ) ) ) ) + 0.1y ) )
ind: 370
( ( ( 1.0y + ( 0.5y + 0.333333333333y ) ) + ( 0.1y + 1.0x ) ) + 0.333333333333x )
ind: 371
( 0.166666666667x + 0.166666666667y )
ind: 372
( ( ( 0.333333333333x + ( ( ( 0.111111111111y * 0.2x ) * ( 0.25y + 0.1y ) ) * ( 0.1x + ( 0.2y + 0.2y ) ) ) ) + ( ( ( ( 0.333333333333y * 1.0y ) * 0.333333333333y ) * 0.1y ) * 0.125y ) ) + ( 0.125y * 0.333333333333x ) )
ind: 373
( ( ( 0.333333333333x * 0.111111111111y ) * ( ( 1.0x * ( ( 0.111111111111y + 1.0y ) + ( 0.125x * 0.142857142857x ) ) ) * 0.142857142857x ) ) + ( 0.142857142857y + ( ( ( ( 0.1y * 0.333333333333x ) + 0.1x ) * ( ( 0.333333333333y * 0.1x ) * 0.1y ) ) * ( ( ( 0.142857142857x + 0.1x ) + 0.5y ) * ( ( 0.333333333333y * 0.111111111111y ) * ( 0.333333333333y * 0.111111111111x ) ) ) ) ) )
ind: 374
( ( ( 0.142857142857x * ( ( ( 0.142857142857y * 1.0x ) + ( 0.25y * 0.1y ) ) * ( ( 0.111111111111x * 0.142857142857x ) + ( 0.125y + 1.0y ) ) ) ) * ( ( 0.1y * 0.1x ) + 0.125x ) ) * 0.1y )
ind: 375
( 0.2y * ( 0.5y * ( ( 0.1y * ( ( 0.125x * 1.0x ) * ( 0.2x * 0.25y ) ) ) + 0.2x ) ) )
ind: 376
( 0.2y * ( 0.25y * 0.5x ) )
ind: 377
( ( ( 0.1x * ( ( ( 1.0x * 0.5y ) + 0.111111111111x ) + ( ( 0.142857142857x * 0.2x ) * ( 0.111111111111y + 0.5y ) ) ) ) * 0.142857142857y ) + 1.0y )
ind: 378
( ( ( 1.0y + ( ( ( 0.125x + 0.1x ) * ( 0.2x + 1.0y ) ) + ( ( 0.166666666667y + 0.25y ) * 0.111111111111y ) ) ) + ( 0.111111111111x + 0.5y ) ) * 0.142857142857y )
ind: 379
( ( 0.333333333333x + ( 0.5x * ( 0.111111111111x * 0.166666666667y ) ) ) * 0.1y )
ind: 380
( 0.2y + 0.111111111111x )
ind: 381
( ( 1.0y * 1.0y ) * ( 0.125x + ( 0.5y * 0.111111111111x ) ) )
ind: 382
( ( 0.1y * ( 0.111111111111y + ( ( ( 0.111111111111y + 0.2x ) * ( 0.2x * 0.1x ) ) * 0.333333333333y ) ) ) + 0.142857142857x )
ind: 383
( ( 1.0y + 0.333333333333x ) * ( 0.25x * ( 0.125y * 0.1y ) ) )
ind: 384
( 0.5y + 0.25x )
ind: 385
( ( 0.2y * ( 0.2y + ( 0.25x + ( 0.333333333333x * ( 0.166666666667x * 0.333333333333y ) ) ) ) ) * ( 0.142857142857y * ( 0.333333333333y * 0.333333333333y ) ) )
ind: 386
( ( 0.5x + ( ( ( 0.2x + 0.166666666667x ) * ( ( 0.5x * 0.25x ) + ( 0.2y + 0.142857142857x ) ) ) + ( ( ( 0.125x + 0.333333333333x ) + 0.166666666667y ) * ( 0.142857142857y + ( 1.0x + 0.125x ) ) ) ) ) * ( ( 0.2x * ( 0.2y * ( 0.142857142857x * 0.1y ) ) ) * 0.142857142857x ) )
ind: 387
( 0.125y + 0.1x )
ind: 388
( ( ( ( ( ( 0.166666666667x * 0.142857142857x ) + ( 1.0y * 0.142857142857y ) ) * ( 0.333333333333y * 0.125y ) ) + ( ( ( 0.25x * 0.25x ) * 0.25x ) + 0.1y ) ) * 0.333333333333y ) * ( ( ( ( 1.0x * ( 0.111111111111y * 0.1x ) ) + ( ( 0.166666666667y * 0.5y ) * ( 0.333333333333x + 0.5x ) ) ) + 0.333333333333y ) * ( 0.5x + 0.125y ) ) )
ind: 389
( 0.125y * 0.1x )
ind: 390
( 0.142857142857x + 0.25y )
ind: 391
( ( 0.5y * ( 0.125y + ( ( ( 0.142857142857y * 0.5x ) + 0.1x ) + 0.5x ) ) ) + ( 0.2y * 0.2x ) )
ind: 392
( ( 0.125y * ( 0.333333333333x * ( ( 0.5y + ( 0.142857142857x * 0.25y ) ) * 0.125x ) ) ) * ( 0.1x + 0.142857142857y ) )
ind: 393
( ( ( ( ( 0.1x * 0.142857142857x ) + 1.0x ) * ( ( 0.111111111111y + 0.333333333333x ) + ( 0.125y + 0.142857142857y ) ) ) + 1.0x ) + 0.333333333333y )
ind: 394
( ( ( 0.2x + 0.111111111111y ) * ( ( ( 0.142857142857y + 0.5x ) + ( ( 0.5y + 0.111111111111y ) + 0.1x ) ) * ( ( ( 0.166666666667y + 0.25x ) * 0.1y ) * ( ( 0.2y + 0.2y ) + 0.25x ) ) ) ) * ( ( 1.0y + 0.5x ) + 0.111111111111x ) )
ind: 395
( 0.333333333333x + ( ( ( ( 0.333333333333x + 0.166666666667y ) + 0.25y ) + 0.142857142857y ) + 0.142857142857x ) )
ind: 396
( ( ( ( 0.25x + 0.2y ) * ( ( ( 0.142857142857y + 0.1x ) + ( 0.1y * 0.1x ) ) + ( 0.25x + 0.333333333333y ) ) ) + ( ( 0.166666666667y + 0.166666666667y ) + ( ( ( 0.166666666667y + 0.125x ) + ( 0.125x * 0.333333333333y ) ) + 0.5y ) ) ) * ( 0.2y + 0.142857142857y ) )
ind: 397
( 0.1y + ( ( 0.1y + ( ( 0.111111111111x + 0.1x ) * ( 0.111111111111y + ( 1.0x + 0.125y ) ) ) ) + ( ( 1.0x + 0.166666666667y ) * ( ( 0.142857142857y * 0.5y ) + 0.166666666667y ) ) ) )
ind: 398
( ( 0.333333333333y * 0.1x ) * 0.333333333333y )
ind: 399
( ( 0.111111111111x + 0.2y ) * ( ( 0.166666666667y + ( 0.166666666667x * ( ( 0.125y + 0.142857142857y ) + 0.333333333333y ) ) ) * 0.142857142857y ) )
ind: 400
( 0.25y * ( 0.111111111111y * ( ( 0.142857142857y * 0.111111111111y ) + 0.5x ) ) )
ind: 401
( ( 1.0x * ( ( 0.111111111111y + 1.0x ) + ( ( 0.2x * ( 1.0y * 0.25y ) ) * ( ( 0.25x * 0.142857142857x ) + 1.0y ) ) ) ) + ( ( 0.5y + ( 0.166666666667y * ( 0.2y * ( 0.333333333333x * 0.1x ) ) ) ) * 0.333333333333y ) )
ind: 402
( ( 0.25y + 0.2y ) * 1.0x )
ind: 403
( ( ( ( 0.111111111111x + 0.111111111111x ) + ( ( ( 1.0x + 0.166666666667x ) * ( 0.2y * 0.5y ) ) * ( ( 0.2x + 0.25x ) + ( 0.1x + 0.125x ) ) ) ) + 0.5x ) * 0.125y )
ind: 404
( 0.166666666667y * 0.142857142857x )
ind: 405
( ( ( 0.333333333333x * ( ( ( 0.142857142857y * 1.0y ) * 0.111111111111y ) + 0.111111111111y ) ) + ( 0.5y + ( ( 0.1x * ( 0.25x * 0.125x ) ) * ( ( 0.2y + 0.125y ) * ( 0.125y * 0.2x ) ) ) ) ) + ( ( 0.166666666667x + ( 0.166666666667y + 1.0x ) ) * ( ( ( 0.1x + 0.125y ) + 0.25x ) * ( ( 0.25y + 0.25y ) + 0.166666666667x ) ) ) )
ind: 406
( 0.2x * ( 0.166666666667y * 0.25x ) )
ind: 407
( ( 0.333333333333x * ( ( ( ( 0.2x + 0.5y ) * ( 0.1x * 0.142857142857x ) ) * 0.5y ) * 0.2y ) ) + 0.166666666667x )
ind: 408
( 0.166666666667y + 0.142857142857x )
ind: 409
( ( ( 0.1x + ( ( 0.5y * ( 0.1x * 0.125x ) ) + 0.125y ) ) + 0.166666666667y ) + 0.5y )
ind: 410
( 0.166666666667x * ( 0.2y * ( 0.333333333333x * 0.1x ) ) )
ind: 411
( 0.142857142857x * ( ( ( ( 0.166666666667x + ( 0.111111111111x + 1.0x ) ) + ( 0.125y + ( 0.125y * 0.2x ) ) ) + ( 0.5y + 1.0y ) ) + ( 0.111111111111x * ( ( 0.111111111111x * 1.0y ) + ( 0.142857142857x * 0.166666666667y ) ) ) ) )
ind: 412
( ( ( 0.142857142857x + 0.125x ) * 0.111111111111x ) * ( 0.166666666667y + 0.1y ) )
ind: 413
( ( 0.1y + 0.5y ) * 0.125x )
ind: 414
( ( 0.333333333333x + ( ( 0.125x * ( 0.125y * 0.125x ) ) * 0.333333333333y ) ) + ( ( ( 0.25y + 0.25x ) * ( ( 0.1y * 0.25x ) + ( ( 0.125y + 0.142857142857x ) + 0.333333333333x ) ) ) * ( ( ( 0.25x + ( 0.5y + 0.333333333333x ) ) + 0.5x ) * ( ( 0.5x * ( 0.166666666667y * 1.0y ) ) * 0.125x ) ) ) )
ind: 415
( 0.5x + 0.333333333333y )
ind: 416
( ( ( 0.1y + ( ( 0.125x + 0.5y ) * 0.142857142857y ) ) + 1.0y ) * ( 0.125x * ( 0.142857142857x + ( ( 0.25x * 0.333333333333x ) * 0.125x ) ) ) )
ind: 417
( 1.0y * ( ( ( 0.142857142857y * 0.333333333333y ) * ( ( ( 0.5x + 0.125x ) * ( 0.111111111111x * 0.1x ) ) * ( 0.5y + 0.1x ) ) ) * ( ( ( 0.25x * 0.142857142857y ) + 0.5y ) + ( 0.142857142857x + ( 1.0y * 0.166666666667y ) ) ) ) )
ind: 418
( 0.25x * ( 0.142857142857y * ( 0.5x + 0.125x ) ) )
ind: 419
( ( ( ( 0.2y + 0.1y ) * 0.333333333333y ) * 0.125x ) * ( ( 0.2x + 0.111111111111x ) + 0.111111111111y ) )
ind: 420
( ( 0.25y + ( ( ( ( 0.166666666667x * 0.111111111111x ) + ( 0.142857142857y + 0.111111111111y ) ) * 0.25x ) * 0.111111111111y ) ) + ( 0.1x * 0.111111111111y ) )
ind: 421
( ( 0.111111111111x * 1.0x ) * 0.111111111111y )
ind: 422
( ( ( ( 0.333333333333y * ( 0.333333333333y * 0.111111111111y ) ) * ( ( ( 0.111111111111x * 0.166666666667y ) * 0.142857142857y ) + ( 0.333333333333x * 0.142857142857x ) ) ) * ( ( ( ( 0.2x + 0.2y ) + ( 0.333333333333y + 0.25x ) ) * 0.125y ) * ( ( ( 0.1y + 0.125y ) * 0.166666666667x ) * ( ( 0.166666666667y * 0.142857142857y ) * 0.125y ) ) ) ) * ( 0.1x + ( ( ( 0.333333333333x + ( 0.125x + 0.2x ) ) * 1.0y ) + 0.333333333333x ) ) )
ind: 423
( ( ( ( ( 1.0y * ( 0.111111111111x + 0.25y ) ) + ( ( 0.333333333333y + 0.142857142857x ) + 0.125y ) ) * ( ( ( 0.2y + 0.142857142857y ) + 0.5x ) + 0.166666666667x ) ) + 0.166666666667y ) + ( ( ( 0.166666666667y * ( 0.5x * 0.125x ) ) * ( 0.333333333333x + ( ( 0.2x + 0.111111111111x ) * 0.2y ) ) ) * 0.166666666667y ) )
ind: 424
( 0.5y * ( ( ( ( ( 0.111111111111x + 0.25y ) + ( 0.166666666667y * 0.25y ) ) + 0.111111111111x ) * 0.125y ) + 1.0y ) )
ind: 425
( 0.2y + 0.111111111111x )
ind: 426
( 0.1y * ( ( ( ( ( 0.5x + 0.5x ) + 0.333333333333x ) * ( ( 0.111111111111y + 0.166666666667y ) * 0.142857142857y ) ) + 1.0y ) + ( ( ( 0.5y + 0.5y ) * ( ( 0.333333333333y + 0.125y ) * 0.333333333333y ) ) * 0.125y ) ) )
ind: 427
( ( 0.2y * 0.166666666667y ) + ( 0.142857142857x + ( ( ( 0.25y * 1.0y ) + ( 0.2y * ( 0.333333333333y + 0.1y ) ) ) + 0.142857142857y ) ) )
ind: 428
( ( ( 0.5y * ( ( ( 0.2y * 0.333333333333x ) * ( 0.333333333333x * 0.166666666667y ) ) * 0.1x ) ) * 0.166666666667y ) * ( 1.0x + 0.166666666667x ) )
ind: 429
( ( 0.1y * ( 1.0y * ( ( ( 0.25y * 0.142857142857y ) * 0.111111111111x ) * ( ( 1.0x * 0.111111111111y ) * ( 1.0y * 0.166666666667y ) ) ) ) ) * 0.25x )
ind: 430
( ( ( ( 0.2y + ( ( 0.1y * 0.1y ) * 0.2y ) ) * 1.0x ) * ( 0.166666666667y * 0.5y ) ) + ( ( ( 0.166666666667x * ( ( 0.1x * 0.1x ) + 0.125y ) ) * ( ( ( 0.142857142857y * 0.25y ) * 0.5y ) * ( ( 0.1x * 1.0y ) * 0.25y ) ) ) * 1.0y ) )
ind: 431
( ( 1.0y + ( ( ( 0.111111111111x * 0.142857142857y ) + ( 0.2x * ( 0.1x * 1.0y ) ) ) * ( 0.25y + ( ( 1.0x * 0.166666666667x ) + 0.5x ) ) ) ) * 0.111111111111x )
ind: 432
( ( ( 1.0x * 0.166666666667y ) * 0.1y ) * 0.111111111111y )
ind: 433
( ( 0.333333333333y * ( ( ( ( 0.333333333333x + 0.125x ) * ( 1.0y + 0.111111111111x ) ) * 0.166666666667x ) * ( 0.142857142857y * 0.142857142857x ) ) ) + 0.333333333333x )
ind: 434
( ( 0.142857142857x + ( ( ( 0.125y + 0.1x ) * ( 0.333333333333y + ( 0.142857142857y * 0.142857142857x ) ) ) * ( 0.2y * 0.25x ) ) ) * ( 0.2y * ( ( 0.111111111111x * ( 0.166666666667x * ( 0.142857142857y * 0.166666666667y ) ) ) + ( 0.333333333333x + 0.166666666667x ) ) ) )
ind: 435
( ( ( 0.142857142857x + 0.2y ) * 0.1y ) * ( 0.333333333333y * 0.2y ) )
ind: 436
( 0.333333333333x * 0.5y )
ind: 437
( ( ( 0.142857142857x * 0.2x ) + ( 0.1y * ( 0.166666666667y * ( 0.1x + 1.0y ) ) ) ) + 0.333333333333y )
ind: 438
( ( ( 0.5x + 1.0y ) * 1.0y ) + 0.5y )
ind: 439
( ( 0.2y + ( 1.0x + 0.166666666667y ) ) + ( 0.166666666667x + 0.125y ) )
ind: 440
( 0.2y * 0.125x )
ind: 441
( 0.125y + ( 0.333333333333x * ( 0.166666666667x * ( ( ( 0.333333333333y + 0.1x ) * 0.111111111111y ) * ( 0.142857142857y * 0.333333333333y ) ) ) ) )
ind: 442
( ( ( ( 0.2y * 0.25x ) + 0.25x ) * ( 0.2x * 0.5y ) ) + 0.166666666667x )
ind: 443
( ( 0.166666666667x + 0.2y ) * ( 0.25y * ( ( ( ( 0.125y * 1.0x ) * 0.2x ) * 0.111111111111y ) + ( ( ( 0.142857142857y * 0.111111111111x ) * ( 0.166666666667y + 0.125y ) ) + ( ( 0.111111111111y + 0.125x ) + 0.2x ) ) ) ) )
ind: 444
( ( 0.2y * ( 1.0x * ( ( 0.25x * ( 0.1y * 0.125x ) ) + 0.5x ) ) ) + 0.333333333333x )
ind: 445
( ( 0.166666666667y * ( 0.2x + ( 0.142857142857y * 0.1y ) ) ) * ( 1.0x + ( ( 0.333333333333y * ( 1.0y * ( 0.142857142857y + 0.125y ) ) ) * ( 0.166666666667x * 0.333333333333x ) ) ) )
ind: 446
( 0.111111111111y * ( ( 0.166666666667x + 0.25y ) * 0.2x ) )
ind: 447
( ( 1.0x + ( ( ( ( 0.2x + 0.5x ) + 0.25x ) * 0.111111111111y ) + 0.125y ) ) + ( ( 0.333333333333x + ( 0.166666666667x + ( ( 0.25y + 0.25y ) * ( 0.166666666667y + 0.142857142857x ) ) ) ) * 0.5x ) )
ind: 448
( ( ( 0.25x + ( ( 1.0y * 0.1y ) + ( ( 0.166666666667x * 0.25x ) + ( 0.142857142857x + 0.111111111111x ) ) ) ) + ( 0.142857142857x * 0.5y ) ) + ( 0.25y * 0.166666666667x ) )
ind: 449
( 0.1x * ( ( ( 0.166666666667y * 0.142857142857y ) + ( 0.1y * 0.2x ) ) + ( 0.25x * 0.111111111111x ) ) )
ind: 450
( 0.25x + 0.25y )
ind: 451
( 0.111111111111x + ( ( 0.2x + ( 0.166666666667x + ( ( 1.0y * 0.125y ) + ( 0.333333333333x * 0.166666666667x ) ) ) ) * ( 0.5y + ( 1.0x + ( ( 0.2y + 1.0x ) * ( 0.1y * 0.125x ) ) ) ) ) )
ind: 452
( ( ( 0.142857142857x * 0.25y ) + 0.2y ) * ( ( 0.5x + ( ( ( 0.5x * 0.333333333333y ) * 1.0x ) + 0.5x ) ) + ( 0.111111111111y * ( ( 0.2y * 1.0x ) + 0.166666666667x ) ) ) )
ind: 453
( 0.166666666667x + ( ( ( 0.333333333333x + 0.142857142857x ) + 0.25y ) * ( 0.25y + ( 0.166666666667x + ( 0.125x * 0.111111111111y ) ) ) ) )
ind: 454
( ( ( 0.1y * ( ( ( 0.125y * 0.2y ) + ( 0.2y + 0.5y ) ) + 0.5x ) ) * ( 0.142857142857x + 0.5x ) ) + 0.5x )
ind: 455
( ( ( ( 1.0x + 1.0y ) + ( 0.5y * ( ( 0.2y * 0.1x ) * ( 0.125x * 1.0x ) ) ) ) * ( 0.142857142857y + 0.25y ) ) * ( ( 0.333333333333y * 1.0x ) * ( ( 0.1x + 0.111111111111x ) + 0.166666666667y ) ) )
ind: 456
( 0.111111111111y * ( ( ( ( 0.125x + 0.2x ) * ( 0.1x * ( 0.111111111111x + 0.5y ) ) ) + ( ( ( 0.1y + 0.2x ) + 0.1y ) + ( 0.111111111111x + ( 0.2y * 0.1x ) ) ) ) * ( 0.5x * ( 0.2y * ( ( 0.333333333333y * 0.25x ) + 0.166666666667y ) ) ) ) )
ind: 457
( 0.1x + ( ( 0.166666666667y + ( 0.333333333333y + 0.1x ) ) + 1.0x ) )
ind: 458
( ( 0.166666666667x + ( ( 0.25y * 0.1y ) * ( 0.125y + 1.0x ) ) ) * 0.142857142857x )
ind: 459
( 0.25x + ( ( ( ( 1.0x * 1.0y ) + 0.2x ) * ( ( ( 1.0y * 0.166666666667x ) * 0.2y ) * 0.142857142857x ) ) + ( ( 0.2x * 1.0y ) + 0.25y ) ) )
ind: 460
( ( 0.166666666667y * ( ( ( 0.25x * 0.111111111111x ) + ( ( 0.125y * 0.333333333333y ) + 0.142857142857x ) ) * ( ( 0.25x * ( 0.5x + 0.1x ) ) * 0.2x ) ) ) * ( ( 0.2y + 0.125y ) + 0.166666666667x ) )
ind: 461
( ( 0.142857142857x * 0.333333333333y ) + ( ( 0.5x + 0.111111111111x ) * ( ( ( ( 0.111111111111x + 0.2y ) * ( 0.166666666667y + 0.333333333333y ) ) + 0.2x ) + ( 0.111111111111y * 1.0x ) ) ) )
ind: 462
( ( ( 0.25x + 0.333333333333y ) + ( 0.25y + ( ( ( 0.111111111111x * 0.25y ) + 0.2x ) + ( ( 0.2x * 0.2y ) + 0.5y ) ) ) ) + 0.25x )
ind: 463
( ( ( ( 0.5x * 0.333333333333x ) + 0.111111111111x ) + 0.111111111111y ) + 0.5y )
ind: 464
( ( ( 0.2x * ( 1.0x + ( 0.125x + 0.111111111111y ) ) ) + 0.166666666667x ) + 0.111111111111y )
ind: 465
( ( 0.111111111111x + ( 0.333333333333y + 0.25x ) ) * 0.1x )
ind: 466
( 0.2y * 1.0x )
ind: 467
( 0.2y + ( 0.142857142857x * ( 0.125y + 1.0y ) ) )
ind: 468
( ( ( 0.125x * 0.333333333333y ) * ( 0.333333333333x * 0.2y ) ) + 0.142857142857y )
ind: 469
( 0.1x * 0.333333333333y )
ind: 470
( 0.25x * ( 0.5y * ( ( ( 0.142857142857y + ( 0.142857142857x * 0.5x ) ) + ( ( 0.142857142857x + 0.111111111111x ) * ( 0.5y + 0.333333333333x ) ) ) + 0.166666666667x ) ) )
ind: 471
( ( 1.0y + 0.111111111111y ) * 0.5x )
ind: 472
( 0.5x + ( ( ( 0.1x * ( ( 0.142857142857x * 0.111111111111y ) + 0.166666666667y ) ) + ( ( ( 0.25x + 0.5x ) + ( 1.0x + 0.2y ) ) * 0.111111111111x ) ) * ( 0.333333333333x * 0.333333333333y ) ) )
ind: 473
( ( ( ( 0.1y * ( 1.0y * 0.1x ) ) * 0.333333333333y ) + ( 0.125x * 0.5y ) ) * ( ( ( 0.333333333333y * 0.5x ) + ( 0.333333333333y + 0.2y ) ) * ( ( 0.125x + ( ( 0.111111111111y * 0.1x ) + 0.5x ) ) + ( ( ( 0.25x + 0.125y ) * 0.1x ) + 0.333333333333x ) ) ) )
ind: 474
( 0.111111111111x + ( 0.2y + ( 0.333333333333y * ( 1.0x + ( 0.1x * ( 0.166666666667y + 0.166666666667x ) ) ) ) ) )
ind: 475
( ( ( 0.125y * 0.142857142857y ) + ( ( 0.1x * ( ( 0.1x + 1.0y ) + ( 0.25y * 0.142857142857y ) ) ) * ( ( 0.333333333333y + 0.1y ) * ( ( 0.166666666667y + 0.2y ) + ( 0.5x + 0.166666666667x ) ) ) ) ) + ( 0.166666666667y + 0.111111111111x ) )
ind: 476
( ( ( ( ( ( 0.111111111111y * 0.142857142857x ) + ( 0.333333333333y + 0.5y ) ) + 0.333333333333y ) + ( ( ( 0.25x * 0.111111111111y ) * 0.5y ) + ( ( 0.2y * 0.1x ) * 0.111111111111y ) ) ) + ( ( ( ( 0.142857142857x * 0.5x ) + ( 0.25x + 0.2y ) ) + 0.142857142857x ) + 0.1y ) ) * 0.2x )
ind: 477
( 0.142857142857y * ( ( 0.5x * ( ( ( 0.25x * 0.25y ) + 0.5x ) * 0.125x ) ) * ( ( 0.125y * 0.125x ) + ( ( ( 0.125y * 0.2y ) + ( 0.2x * 0.5x ) ) * ( ( 0.2y + 0.5x ) + 0.166666666667y ) ) ) ) )
ind: 478
( ( 0.5x + ( 0.2x + 1.0y ) ) + 0.333333333333y )
ind: 479
( ( ( 0.2y + ( 0.333333333333x * ( ( 0.5y + 0.25x ) * ( 0.5x * 0.166666666667y ) ) ) ) + 0.2y ) * ( ( ( 0.1x + 0.166666666667y ) * ( ( ( 0.166666666667x * 0.25y ) + ( 0.333333333333x + 0.166666666667x ) ) * ( 0.166666666667x * 0.125y ) ) ) + ( ( 1.0y + ( 0.125x + 0.166666666667x ) ) * ( ( 0.125x * 0.25x ) * 0.25y ) ) ) )
ind: 480
( 0.333333333333y * 0.142857142857x )
ind: 481
( 0.5y + 0.5x )
ind: 482
( ( ( ( 0.25x + ( 0.1y * 0.2x ) ) + 0.1y ) * 0.5y ) * ( ( ( 0.166666666667x + ( 0.166666666667y + 0.111111111111y ) ) + 0.166666666667y ) * 0.1y ) )
ind: 483
( ( 0.1x + 0.2y ) + ( 0.125x + 0.1x ) )
ind: 484
( 0.111111111111x * ( ( ( 0.5y * 0.2y ) * 0.111111111111x ) + ( ( ( 0.166666666667y * 0.125x ) + ( 0.111111111111x * ( 0.166666666667y + 0.166666666667x ) ) ) * ( ( ( 0.1x + 0.111111111111y ) * ( 0.111111111111x * 1.0y ) ) * ( 0.166666666667x * 0.125y ) ) ) ) )
ind: 485
( 0.125y * ( 1.0x + 0.5y ) )
ind: 486
( 0.2x + ( ( ( 0.5x * 0.5y ) + ( ( ( 0.25y * 0.111111111111x ) + ( 0.333333333333x * 0.1x ) ) * 0.1x ) ) + ( ( 1.0x * 0.142857142857y ) + 0.333333333333x ) ) )
ind: 487
( ( 0.166666666667y + 0.2y ) + 0.125x )
ind: 488
( ( ( ( ( ( 0.111111111111y + 0.142857142857x ) + ( 0.166666666667y + 0.2x ) ) * ( 0.166666666667y + 1.0x ) ) + ( ( ( 0.5x * 1.0y ) + 0.5y ) * 0.125y ) ) * ( ( ( 0.5x + 0.111111111111x ) + ( 0.5y * 0.111111111111x ) ) * ( ( ( 0.333333333333y + 0.142857142857y ) + 0.166666666667y ) * 0.166666666667x ) ) ) + ( ( 0.5y * 0.5y ) * ( 0.2y * ( ( 0.2y + 0.142857142857y ) + ( ( 0.333333333333x * 0.5x ) + 1.0x ) ) ) ) )
ind: 489
( ( ( 0.25x + ( 0.142857142857y * 0.142857142857y ) ) + 0.111111111111x ) + 0.125x )
ind: 490
( ( ( ( ( 0.111111111111y * 0.333333333333y ) * ( ( 1.0y * 0.111111111111x ) + ( 0.333333333333y * 0.2x ) ) ) * 0.1x ) + ( 0.166666666667x + 0.25y ) ) + 0.5y )
ind: 491
( 0.142857142857y + ( 0.111111111111y * 0.125x ) )
ind: 492
( ( ( ( 0.111111111111x * 0.142857142857y ) * 0.142857142857y ) + 1.0x ) + ( ( 1.0y + 1.0x ) + 0.5y ) )
ind: 493
( 1.0x * ( ( 0.125y * 0.111111111111x ) * 0.125y ) )
ind: 494
( ( 0.5x * ( 0.333333333333x + ( 0.1x + ( 0.1x * ( 0.125y + 0.333333333333x ) ) ) ) ) + 0.1x )
ind: 495
( ( ( 0.2y + 1.0x ) + ( 0.166666666667y * ( 0.142857142857y + ( 0.333333333333y + 1.0x ) ) ) ) + ( 0.166666666667y * ( 1.0x + ( ( ( 1.0x * 0.333333333333y ) * ( 0.5x + 0.166666666667x ) ) + 1.0y ) ) ) )
ind: 496
( 0.166666666667x + ( ( 0.1y + 0.5y ) * ( 0.2y * 0.111111111111x ) ) )
ind: 497
( ( 0.333333333333x + ( 0.333333333333x * ( 0.5y + 0.5x ) ) ) + ( 0.166666666667y + 0.333333333333y ) )
ind: 498
( ( ( 0.1y * ( 0.25y + ( 0.2y * 0.25x ) ) ) + ( ( 0.2x * ( ( 0.166666666667y * 0.333333333333x ) + ( 0.142857142857y * 1.0x ) ) ) * ( 0.2y + ( ( 0.333333333333y * 0.111111111111x ) + ( 0.1x + 0.5x ) ) ) ) ) + ( 0.166666666667x * 0.333333333333x ) )
ind: 499
( ( ( 0.1y * 1.0y ) * ( 0.125y + ( ( 0.142857142857y * 0.166666666667x ) + ( ( 0.2y + 0.125y ) + ( 1.0y * 0.142857142857y ) ) ) ) ) + ( 0.5y + ( 0.166666666667x * ( 0.333333333333x * ( ( 0.1y * 0.1x ) * ( 0.25y + 0.111111111111y ) ) ) ) ) )
ind: 500
( 1.0y * ( 0.142857142857x + 0.1y ) )
Best Ind: ( 0.125y + 0.125x )
Fitness = 2.44242245425
Worst Ind: ( ( ( 0.333333333333y + 0.111111111111y ) * ( 1.0y * ( ( ( 0.5y * 0.25y ) + 0.166666666667x ) * ( ( 0.333333333333x + 0.166666666667x ) * ( 0.333333333333y + 1.0y ) ) ) ) ) * ( ( ( 0.166666666667x + ( ( 0.125y + 0.125x ) + 0.333333333333x ) ) + ( ( 0.2x * ( 0.125x + 0.1x ) ) * ( ( 0.25y + 0.125y ) + ( 0.125y + 0.111111111111y ) ) ) ) * 0.125x ) )
Fitness = 2852069.76523
Avg Fitness = 23531.8617857
Duplicated = 6
============================================================================
Evaluate Gen  1
New Population 710
Better than Dads 100
Best Ind: ( 0.125y + 0.125x )
Fitness = 2.44242245425
Worst Ind: ( ( ( 1.0x * ( 0.166666666667x * 0.25x ) ) + 0.1y ) + ( ( ( ( 0.1x * 0.125y ) * 0.2x ) + ( ( ( 0.125y * 1.0x ) * ( 0.1x * 0.2x ) ) * ( 0.111111111111y * ( 0.111111111111y + 0.2x ) ) ) ) + 0.166666666667y ) )
Fitness = 1432.12132312
Avg Fitness = 257.250386382
Duplicated = 12
============================================================================
Evaluate Gen  2
New Population 713
Better than Dads 94
Best Ind: ( 0.111111111111x + 0.166666666667y )
Fitness = 2.30030133893
Worst Ind: ( 0.333333333333y * ( 0.125y + ( ( ( ( 0.5y + 0.5y ) * 0.25x ) + ( ( 0.125x + 0.2y ) + 0.166666666667x ) ) * 0.142857142857x ) ) )
Fitness = 279.382038734
Avg Fitness = 76.913307828
Duplicated = 25
============================================================================
Evaluate Gen  3
New Population 721
Better than Dads 96
Best Ind: ( 0.111111111111x + 0.166666666667y )
Fitness = 2.30030133893
Worst Ind: ( ( ( 0.2x * ( 1.0x + ( 0.125x + 0.111111111111y ) ) ) * 0.142857142857y ) + 0.2y )
Fitness = 108.324864142
Avg Fitness = 34.2685198429
Duplicated = 38
============================================================================
Evaluate Gen  4
New Population 724
Better than Dads 94
Best Ind: ( 0.111111111111x + 0.166666666667y )
Fitness = 2.30030133893
Worst Ind: ( 0.111111111111y * ( ( 0.2y * ( 0.1x * 0.142857142857y ) ) * ( 0.5x * ( 0.2y * ( ( 0.333333333333y * 0.25x ) + 0.166666666667y ) ) ) ) )
Fitness = 41.2618198383
Avg Fitness = 20.9638689825
Duplicated = 40
============================================================================
Evaluate Gen  5
New Population 717
Better than Dads 132
Best Ind: ( 0.111111111111x + 0.166666666667y )
Fitness = 2.30030133893
Worst Ind: ( ( 0.142857142857x + ( ( ( 0.125y + 0.25y ) * ( 0.333333333333y + ( 0.142857142857y * 0.142857142857x ) ) ) * ( 0.2y * 0.25x ) ) ) * 0.166666666667x )
Fitness = 30.0384498149
Avg Fitness = 17.3001297361
Duplicated = 38
============================================================================
Evaluate Gen  6
New Population 715
Better than Dads 133
Best Ind: ( 0.111111111111x + 0.166666666667y )
Fitness = 2.30030133893
Worst Ind: ( 0.1y * ( 0.1x + ( 0.2y * ( 0.5x * 0.2y ) ) ) )
Fitness = 24.6746798836
Avg Fitness = 14.950990667
Duplicated = 31
============================================================================
Evaluate Gen  7
New Population 725
Better than Dads 138
Best Ind: ( 0.111111111111x + 0.166666666667y )
Fitness = 2.30030133893
Worst Ind: ( ( ( ( 0.2y + 0.1y ) * 0.333333333333y ) * 0.125x ) * ( ( 0.2x + 0.111111111111x ) + 0.111111111111y ) )
Fitness = 20.7841470421
Avg Fitness = 13.0999240911
Duplicated = 33
============================================================================
Evaluate Gen  8
New Population 724
Better than Dads 159
Best Ind: ( 0.111111111111x + 0.166666666667y )
Fitness = 2.30030133893
Worst Ind: ( ( ( 0.142857142857x + 0.111111111111x ) * ( 0.125x * 0.166666666667y ) ) * 0.5y )
Fitness = 18.3753558697
Avg Fitness = 11.8185283077
Duplicated = 37
============================================================================
Evaluate Gen  9
New Population 724
Better than Dads 140
Best Ind: ( 0.111111111111x + 0.166666666667y )
Fitness = 2.30030133893
Worst Ind: ( 0.125x * ( ( 0.2x + 0.1x ) + 0.166666666667y ) )
Fitness = 15.6981608204
Avg Fitness = 10.580550694
Duplicated = 49
============================================================================
Evaluate Gen  10
New Population 711
Better than Dads 148
Best Ind: ( 0.111111111111x + 0.166666666667y )
Fitness = 2.30030133893
Worst Ind: ( ( 0.1y * ( 0.166666666667x + 0.25y ) ) * ( 0.25y + ( 0.166666666667x * ( 0.166666666667x + 0.142857142857y ) ) ) )
Fitness = 14.4939750329
Avg Fitness = 9.76687888481
Duplicated = 48
============================================================================
Evaluate Gen  11
New Population 720
Better than Dads 148
Best Ind: ( 0.111111111111x + 0.166666666667y )
Fitness = 2.30030133893
Worst Ind: ( ( ( 1.0x * 0.166666666667y ) + 0.125x ) * 0.111111111111y )
Fitness = 13.1069588293
Avg Fitness = 8.94511619988
Duplicated = 67
============================================================================
Evaluate Gen  12
New Population 722
Better than Dads 172
Best Ind: ( 0.111111111111x + 0.166666666667y )
Fitness = 2.30030133893
Worst Ind: ( 0.142857142857y * ( 0.333333333333x + 0.5y ) )
Fitness = 11.9003395452
Avg Fitness = 8.34707506953
Duplicated = 70
============================================================================
Evaluate Gen  13
New Population 721
Better than Dads 159
Best Ind: ( 0.111111111111x + 0.166666666667y )
Fitness = 2.30030133893
Worst Ind: ( 0.25x + ( 0.111111111111x * ( ( 0.142857142857y * 0.142857142857x ) * ( ( 0.1x * ( 0.5x * 0.1y ) ) * 0.333333333333x ) ) ) )
Fitness = 10.9407833407
Avg Fitness = 7.76432241601
Duplicated = 71
============================================================================
Evaluate Gen  14
New Population 724
Better than Dads 168
Best Ind: ( 0.111111111111x + 0.166666666667y )
Fitness = 2.30030133893
Worst Ind: ( 0.111111111111y * ( ( 0.111111111111x * ( 0.166666666667x + 0.5y ) ) + ( 0.125x + 0.25y ) ) )
Fitness = 10.0830397056
Avg Fitness = 7.35498575658
Duplicated = 82
============================================================================
Evaluate Gen  15
New Population 726
Better than Dads 170
Best Ind: ( 0.111111111111x + 0.166666666667y )
Fitness = 2.30030133893
Worst Ind: ( ( 0.2x + ( 0.2y + ( 0.333333333333x * 0.125x ) ) ) * 0.111111111111y )
Fitness = 9.4115384139
Avg Fitness = 6.94762746428
Duplicated = 85
============================================================================
Evaluate Gen  16
New Population 732
Better than Dads 169
Best Ind: ( 0.111111111111x + 0.166666666667y )
Fitness = 2.30030133893
Worst Ind: ( 0.2y + ( 0.111111111111x * ( ( 0.142857142857y * 0.142857142857x ) * 0.125x ) ) )
Fitness = 8.84397301633
Avg Fitness = 6.49311613407
Duplicated = 85
============================================================================
Evaluate Gen  17
New Population 701
Better than Dads 150
Best Ind: ( 0.111111111111x + 0.166666666667y )
Fitness = 2.30030133893
Worst Ind: ( 0.333333333333y + ( ( 0.166666666667y * ( 0.142857142857y + 0.111111111111x ) ) * ( 0.111111111111x + ( 0.1y * 0.125x ) ) ) )
Fitness = 8.36616465466
Avg Fitness = 6.15141315066
Duplicated = 86
============================================================================
Evaluate Gen  18
New Population 735
Better than Dads 167
Best Ind: ( 0.111111111111x + 0.166666666667y )
Fitness = 2.30030133893
Worst Ind: ( ( 0.142857142857x + 0.1y ) * 0.333333333333y )
Fitness = 7.95462588551
Avg Fitness = 5.69042890654
Duplicated = 88
============================================================================
Evaluate Gen  19
New Population 737
Better than Dads 155
Best Ind: ( 0.111111111111x + 0.166666666667y )
Fitness = 2.30030133893
Worst Ind: ( 0.2y + ( 0.1y * ( 0.1y * ( 0.333333333333x + 0.5y ) ) ) )
Fitness = 7.23553392314
Avg Fitness = 5.27656631962
Duplicated = 95
============================================================================
Evaluate Gen  20
New Population 725
Better than Dads 157
Best Ind: ( 0.111111111111x + 0.166666666667y )
Fitness = 2.30030133893
Worst Ind: ( ( 0.142857142857x * ( 0.333333333333y * 0.2y ) ) + 0.166666666667x )
Fitness = 6.64366637413
Avg Fitness = 4.96074403353
Duplicated = 103
============================================================================
Evaluate Gen  21
New Population 722
Better than Dads 158
Best Ind: ( 0.111111111111x + 0.166666666667y )
Fitness = 2.30030133893
Worst Ind: ( ( ( ( ( 0.25y * ( 0.111111111111x + 0.25y ) ) * 0.1x ) * 0.125y ) + 0.142857142857y ) + 0.1y )
Fitness = 6.19985016393
Avg Fitness = 4.69198033165
Duplicated = 120
============================================================================
Evaluate Gen  22
New Population 719
Better than Dads 169
Best Ind: ( 0.111111111111x + 0.166666666667y )
Fitness = 2.30030133893
Worst Ind: ( ( 0.333333333333y * 0.125x ) + 0.125y )
Fitness = 5.82891541952
Avg Fitness = 4.49302613633
Duplicated = 131
============================================================================
Evaluate Gen  23
New Population 731
Better than Dads 155
Best Ind: ( 0.111111111111x + 0.166666666667y )
Fitness = 2.30030133893
Worst Ind: ( ( 0.1y * ( ( ( 0.125y * 0.1x ) * 0.111111111111x ) * 0.333333333333x ) ) + 0.142857142857x )
Fitness = 5.50193709069
Avg Fitness = 4.27494664648
Duplicated = 147
============================================================================
Evaluate Gen  24
New Population 723
Better than Dads 160
Best Ind: ( 0.111111111111x + 0.166666666667y )
Fitness = 2.30030133893
Worst Ind: ( 0.333333333333y + ( 0.1x * 0.125x ) )
Fitness = 5.22207903445
Avg Fitness = 4.06589057782
Duplicated = 151
============================================================================
Evaluate Gen  25
New Population 716
Better than Dads 151
Best Ind: ( 0.111111111111x + 0.166666666667y )
Fitness = 2.30030133893
Worst Ind: ( ( ( 0.25x * 0.1y ) * ( ( 0.125y * 0.25x ) * 0.142857142857y ) ) + 0.2x )
Fitness = 4.93675341397
Avg Fitness = 3.88984005336
Duplicated = 150
============================================================================
Evaluate Gen  26
New Population 723
Better than Dads 167
Best Ind: ( 0.111111111111x + 0.166666666667y )
Fitness = 2.30030133893
Worst Ind: ( 0.333333333333y + ( ( 0.111111111111x * 0.142857142857y ) * 0.1y ) )
Fitness = 4.78030153213
Avg Fitness = 3.72913325217
Duplicated = 151
============================================================================
Evaluate Gen  27
New Population 716
Better than Dads 159
Best Ind: ( 0.111111111111x + 0.166666666667y )
Fitness = 2.30030133893
Worst Ind: ( 0.333333333333y + ( ( ( 0.2y * ( 0.1x * ( 0.1y * 0.25y ) ) ) * 0.142857142857y ) * 0.142857142857x ) )
Fitness = 4.56200339564
Avg Fitness = 3.57055942229
Duplicated = 163
============================================================================
Evaluate Gen  28
New Population 706
Better than Dads 163
Best Ind: ( 0.111111111111x + 0.166666666667y )
Fitness = 2.30030133893
Worst Ind: ( ( 0.1x + ( 0.2y * ( 0.125y * ( ( 0.111111111111x * 0.111111111111x ) * 0.1x ) ) ) ) + ( ( ( 0.2y * 0.125y ) * 0.125x ) + 0.2y ) )
Fitness = 4.39735432181
Avg Fitness = 3.46815581626
Duplicated = 177
============================================================================
Evaluate Gen  29
New Population 711
Better than Dads 163
Best Ind: ( 0.111111111111x + 0.166666666667y )
Fitness = 2.30030133893
Worst Ind: ( ( 0.2y + ( 0.1x * 0.125x ) ) + 0.1y )
Fitness = 4.26719178696
Avg Fitness = 3.34982133606
Duplicated = 190
============================================================================
Evaluate Gen  30
New Population 727
Better than Dads 162
Best Ind: ( 0.111111111111x + 0.166666666667y )
Fitness = 2.30030133893
Worst Ind: ( 0.125x + ( 0.125y * ( ( 0.2y * 0.1x ) + ( 0.142857142857y + 0.125y ) ) ) )
Fitness = 4.00199091845
Avg Fitness = 3.20564582216
Duplicated = 220
============================================================================
Evaluate Gen  31
New Population 724
Better than Dads 157
Best Ind: ( 0.111111111111x + 0.166666666667y )
Fitness = 2.30030133893
Worst Ind: ( 0.142857142857x + 0.2y )
Fitness = 3.74348761382
Avg Fitness = 3.076919783
Duplicated = 237
============================================================================
Evaluate Gen  32
New Population 699
Better than Dads 147
Best Ind: ( 0.111111111111x + 0.166666666667y )
Fitness = 2.30030133893
Worst Ind: ( 0.25y + 0.111111111111x )
Fitness = 3.53521762391
Avg Fitness = 2.98777902657
Duplicated = 246
============================================================================
Evaluate Gen  33
New Population 723
Better than Dads 169
Best Ind: ( 0.111111111111x + 0.166666666667y )
Fitness = 2.30030133893
Worst Ind: ( 0.125y + 0.166666666667x )
Fitness = 3.35942355327
Avg Fitness = 2.91770076975
Duplicated = 276
============================================================================
Evaluate Gen  34
New Population 700
Better than Dads 146
Best Ind: ( 0.111111111111x + 0.166666666667y )
Fitness = 2.30030133893
Worst Ind: ( 0.125x + ( ( 0.111111111111y * 0.111111111111x ) + 0.1y ) )
Fitness = 3.27962141023
Avg Fitness = 2.85653254901
Duplicated = 281
============================================================================
Evaluate Gen  35
New Population 719
Better than Dads 158
Best Ind: ( 0.111111111111x + 0.166666666667y )
Fitness = 2.30030133893
Worst Ind: ( 0.1y + ( 0.1x + ( ( ( 0.111111111111y * 0.125y ) + 0.1x ) * 0.1y ) ) )
Fitness = 3.16694020421
Avg Fitness = 2.7941102781
Duplicated = 290
============================================================================
Evaluate Gen  36
New Population 720
Better than Dads 153
Best Ind: ( 0.111111111111x + 0.166666666667y )
Fitness = 2.30030133893
Worst Ind: ( 0.125y + 0.1x )
Fitness = 3.07329400359
Avg Fitness = 2.73268897991
Duplicated = 292
============================================================================
Evaluate Gen  37
New Population 710
Better than Dads 160
Best Ind: ( 0.111111111111x + 0.166666666667y )
Fitness = 2.30030133893
Worst Ind: ( ( 0.166666666667y + ( 0.111111111111y * ( ( ( 0.166666666667y * 0.142857142857y ) + 0.111111111111y ) * 0.1y ) ) ) + 0.125x )
Fitness = 2.97116895023
Avg Fitness = 2.68710158458
Duplicated = 306
============================================================================
Evaluate Gen  38
New Population 710
Better than Dads 168
Best Ind: ( 0.111111111111x + 0.166666666667y )
Fitness = 2.30030133893
Worst Ind: ( ( 0.166666666667y + ( 0.111111111111y * ( 0.142857142857y * 0.125y ) ) ) + 0.125x )
Fitness = 2.90908948578
Avg Fitness = 2.65641801618
Duplicated = 312
============================================================================
Evaluate Gen  39
New Population 706
Better than Dads 162
Best Ind: ( 0.111111111111x + 0.166666666667y )
Fitness = 2.30030133893
Worst Ind: ( ( 0.1x + 0.2y ) + ( ( ( 0.1y * ( ( 0.166666666667y * 0.1x ) + ( 0.2x * 0.142857142857y ) ) ) * 0.2y ) * ( ( 0.142857142857y * 0.142857142857x ) * ( ( 0.1x * ( 0.5x * 0.1y ) ) * 0.333333333333x ) ) ) )
Fitness = 2.88062677002
Avg Fitness = 2.62534574564
Duplicated = 299
============================================================================
Evaluate Gen  40
New Population 693
Better than Dads 156
Best Ind: ( 0.111111111111x + 0.166666666667y )
Fitness = 2.30030133893
Worst Ind: ( ( 0.125y * ( ( ( 0.1y * ( 0.125y * 0.111111111111y ) ) + 0.2y ) * 0.111111111111y ) ) + ( 0.1x + 0.125y ) )
Fitness = 2.82161457372
Avg Fitness = 2.60345556063
Duplicated = 317
============================================================================
Evaluate Gen  41
New Population 691
Better than Dads 149
Best Ind: ( 0.111111111111x + 0.166666666667y )
Fitness = 2.30030133893
Worst Ind: ( 0.125x + 0.1y )
Fitness = 2.74927307309
Avg Fitness = 2.58429803201
Duplicated = 342
============================================================================
Evaluate Gen  42
New Population 694
Better than Dads 157
Best Ind: ( 0.111111111111x + 0.166666666667y )
Fitness = 2.30030133893
Worst Ind: ( ( 0.2y + ( ( ( ( 0.111111111111x * 0.2y ) * 0.166666666667y ) * 0.111111111111y ) * ( 0.2y * 0.111111111111y ) ) ) + 0.111111111111x )
Fitness = 2.70099342376
Avg Fitness = 2.56928958714
Duplicated = 360
============================================================================
Evaluate Gen  43
New Population 702
Better than Dads 149
Best Ind: ( 0.111111111111x + 0.166666666667y )
Fitness = 2.30030133893
Worst Ind: ( ( 0.2y + ( ( 0.125y * 0.1y ) * ( 0.1y * 0.111111111111y ) ) ) + 0.111111111111x )
Fitness = 2.66661238041
Avg Fitness = 2.5544504231
Duplicated = 383
============================================================================
Evaluate Gen  44
New Population 681
Better than Dads 131
Best Ind: ( 0.111111111111x + 0.166666666667y )
Fitness = 2.30030133893
Worst Ind: ( 0.1y + 0.142857142857x )
Fitness = 2.61824385848
Avg Fitness = 2.54566648255
Duplicated = 419
============================================================================
Evaluate Gen  45
New Population 665
Better than Dads 125
Best Ind: ( 0.111111111111x + 0.166666666667y )
Fitness = 2.30030133893
Worst Ind: ( 0.142857142857x + 0.1y )
Fitness = 2.61824385848
Avg Fitness = 2.54013154969
Duplicated = 414
============================================================================
Evaluate Gen  46
New Population 674
Better than Dads 129
Best Ind: ( 0.111111111111x + 0.166666666667y )
Fitness = 2.30030133893
Worst Ind: ( 0.125y + 0.111111111111x )
Fitness = 2.60147265021
Avg Fitness = 2.53507795585
Duplicated = 426
============================================================================
Evaluate Gen  47
New Population 671
Better than Dads 131
Best Ind: ( 0.111111111111x + 0.166666666667y )
Fitness = 2.30030133893
Worst Ind: ( 0.125y + 0.142857142857x )
Fitness = 2.59206080317
Avg Fitness = 2.53147428887
Duplicated = 429
============================================================================
Evaluate Gen  48
New Population 667
Better than Dads 120
Best Ind: ( 0.111111111111x + 0.166666666667y )
Fitness = 2.30030133893
Worst Ind: ( 0.142857142857x + 0.125y )
Fitness = 2.59206080317
Avg Fitness = 2.52685430154
Duplicated = 428
============================================================================
Evaluate Gen  49
New Population 692
Better than Dads 132
Best Ind: ( 0.111111111111x + 0.166666666667y )
Fitness = 2.30030133893
Worst Ind: ( 0.142857142857x + 0.111111111111y )
Fitness = 2.58310048037
Avg Fitness = 2.52442330441
Duplicated = 433
============================================================================
Evaluate Gen  50
New Population 666
Better than Dads 120
Best Ind: ( 0.111111111111x + 0.166666666667y )
Fitness = 2.30030133893
Worst Ind: ( 0.111111111111y + 0.142857142857x )
Fitness = 2.58310048037
Avg Fitness = 2.52193068521
Duplicated = 427
============================================================================
Evaluate Gen  51
New Population 681
Better than Dads 128
Best Ind: ( 0.111111111111x + 0.166666666667y )
Fitness = 2.30030133893
Worst Ind: ( 0.111111111111y + 0.142857142857x )
Fitness = 2.58310048037
Avg Fitness = 2.51633425841
Duplicated = 421
============================================================================
Evaluate Gen  52
New Population 686
Better than Dads 134
Best Ind: ( 0.111111111111x + 0.166666666667y )
Fitness = 2.30030133893
Worst Ind: ( 0.111111111111y + 0.142857142857x )
Fitness = 2.58310048037
Avg Fitness = 2.50973077193
Duplicated = 415
============================================================================
Evaluate Gen  53
New Population 686
Better than Dads 133
Best Ind: ( 0.111111111111x + 0.166666666667y )
Fitness = 2.30030133893
Worst Ind: ( 0.142857142857y + 0.1x )
Fitness = 2.57944839786
Avg Fitness = 2.50016637434
Duplicated = 410
============================================================================
Evaluate Gen  54
New Population 690
Better than Dads 143
Best Ind: ( 0.111111111111x + 0.166666666667y )
Fitness = 2.30030133893
Worst Ind: ( 0.125x + 0.111111111111y )
Fitness = 2.56467148958
Avg Fitness = 2.49296584144
Duplicated = 417
============================================================================
Evaluate Gen  55
New Population 671
Better than Dads 142
Best Ind: ( 0.111111111111x + 0.166666666667y )
Fitness = 2.30030133893
Worst Ind: ( 0.125x + 0.111111111111y )
Fitness = 2.56467148958
Avg Fitness = 2.48863918316
Duplicated = 411
============================================================================
Evaluate Gen  56
New Population 677
Better than Dads 138
Best Ind: ( 0.111111111111x + 0.166666666667y )
Fitness = 2.30030133893
Worst Ind: ( 0.125x + 0.111111111111y )
Fitness = 2.56467148958
Avg Fitness = 2.48421766638
Duplicated = 400
============================================================================
Evaluate Gen  57
New Population 697
Better than Dads 157
Best Ind: ( 0.111111111111x + 0.166666666667y )
Fitness = 2.30030133893
Worst Ind: ( 0.125x + 0.111111111111y )
Fitness = 2.56467148958
Avg Fitness = 2.47781021814
Duplicated = 395
============================================================================
Evaluate Gen  58
New Population 679
Better than Dads 138
Best Ind: ( 0.111111111111x + 0.166666666667y )
Fitness = 2.30030133893
Worst Ind: ( 0.125x + 0.111111111111y )
Fitness = 2.56467148958
Avg Fitness = 2.4695351614
Duplicated = 386
============================================================================
Evaluate Gen  59
New Population 688
Better than Dads 146
Best Ind: ( 0.111111111111x + 0.166666666667y )
Fitness = 2.30030133893
Worst Ind: ( ( ( 0.111111111111y * 0.1y ) * 0.111111111111y ) + ( 0.125x + 0.111111111111y ) )
Fitness = 2.5509250098
Avg Fitness = 2.461011361
Duplicated = 402
============================================================================
Evaluate Gen  60
New Population 681
Better than Dads 147
Best Ind: ( 0.111111111111x + 0.166666666667y )
Fitness = 2.30030133893
Worst Ind: ( 0.2y + 0.111111111111x )
Fitness = 2.53380016024
Avg Fitness = 2.45475432402
Duplicated = 416
============================================================================
Evaluate Gen  61
New Population 686
Better than Dads 154
Best Ind: ( 0.111111111111x + 0.166666666667y )
Fitness = 2.30030133893
Worst Ind: ( 0.2y + 0.111111111111x )
Fitness = 2.53380016024
Avg Fitness = 2.44922932943
Duplicated = 408
============================================================================
Evaluate Gen  62
New Population 692
Better than Dads 149
Best Ind: ( 0.111111111111x + 0.166666666667y )
Fitness = 2.30030133893
Worst Ind: ( 0.2y + 0.111111111111x )
Fitness = 2.53380016024
Avg Fitness = 2.43823946537
Duplicated = 398
============================================================================
Evaluate Gen  63
New Population 686
Better than Dads 141
Best Ind: ( 0.111111111111x + 0.166666666667y )
Fitness = 2.30030133893
Worst Ind: ( ( ( 0.111111111111y * ( 0.125y * ( ( 0.1x * 0.1x ) * 0.125y ) ) ) + 0.142857142857y ) + 0.125x )
Fitness = 2.51042313892
Avg Fitness = 2.42647065775
Duplicated = 409
============================================================================
Evaluate Gen  64
New Population 699
Better than Dads 153
Best Ind: ( 0.111111111111x + 0.166666666667y )
Fitness = 2.30030133893
Worst Ind: ( ( ( 0.1x * ( 0.111111111111y * ( ( 0.1x * 0.125y ) * 0.125y ) ) ) + 0.142857142857y ) + 0.111111111111x )
Fitness = 2.47164037606
Avg Fitness = 2.41941863558
Duplicated = 436
============================================================================
Evaluate Gen  65
New Population 690
Better than Dads 131
Best Ind: ( 0.111111111111x + 0.166666666667y )
Fitness = 2.30030133893
Worst Ind: ( ( ( 0.1x * ( ( ( 0.1y * 0.111111111111x ) * 0.125x ) * ( ( 0.1x * 0.1x ) * 0.125y ) ) ) + 0.142857142857y ) + 0.111111111111x )
Fitness = 2.46115986963
Avg Fitness = 2.41463955248
Duplicated = 440
============================================================================
Evaluate Gen  66
New Population 690
Better than Dads 124
Best Ind: ( 0.111111111111x + 0.166666666667y )
Fitness = 2.30030133893
Worst Ind: ( 0.125y + 0.125x )
Fitness = 2.44242245425
Avg Fitness = 2.41171819253
Duplicated = 455
============================================================================
Evaluate Gen  67
New Population 673
Better than Dads 93
Best Ind: ( 0.111111111111x + 0.166666666667y )
Fitness = 2.30030133893
Worst Ind: ( 0.125x + 0.125y )
Fitness = 2.44242245425
Avg Fitness = 2.40985135718
Duplicated = 453
============================================================================
Evaluate Gen  68
New Population 673
Better than Dads 113
Best Ind: ( 0.111111111111x + 0.166666666667y )
Fitness = 2.30030133893
Worst Ind: ( 0.125x + 0.125y )
Fitness = 2.44242245425
Avg Fitness = 2.40740284562
Duplicated = 447
============================================================================
Evaluate Gen  69
New Population 688
Better than Dads 104
Best Ind: ( 0.111111111111x + 0.166666666667y )
Fitness = 2.30030133893
Worst Ind: ( 0.125x + 0.125y )
Fitness = 2.44242245425
Avg Fitness = 2.40392521034
Duplicated = 446
============================================================================
Evaluate Gen  70
New Population 672
Better than Dads 124
Best Ind: ( 0.111111111111x + 0.166666666667y )
Fitness = 2.30030133893
Worst Ind: ( 0.125x + 0.125y )
Fitness = 2.44242245425
Avg Fitness = 2.40012006648
Duplicated = 439
============================================================================
Evaluate Gen  71
New Population 672
Better than Dads 122
Best Ind: ( 0.111111111111x + 0.166666666667y )
Fitness = 2.30030133893
Worst Ind: ( 0.125y + 0.125x )
Fitness = 2.44242245425
Avg Fitness = 2.39591575152
Duplicated = 430
============================================================================
Evaluate Gen  72
New Population 675
Better than Dads 121
Best Ind: ( 0.111111111111x + 0.166666666667y )
Fitness = 2.30030133893
Worst Ind: ( 0.125y + 0.125x )
Fitness = 2.44242245425
Avg Fitness = 2.39062482821
Duplicated = 427
============================================================================
Evaluate Gen  73
New Population 667
Better than Dads 116
Best Ind: ( 0.111111111111x + 0.166666666667y )
Fitness = 2.30030133893
Worst Ind: ( 0.125x + 0.125y )
Fitness = 2.44242245425
Avg Fitness = 2.38490216366
Duplicated = 417
============================================================================
Evaluate Gen  74
New Population 694
Better than Dads 106
Best Ind: ( 0.111111111111x + 0.166666666667y )
Fitness = 2.30030133893
Worst Ind: ( 0.125x + 0.142857142857y )
Fitness = 2.38895237793
Avg Fitness = 2.37946045418
Duplicated = 477
============================================================================
Evaluate Gen  75
New Population 667
Better than Dads 74
Best Ind: ( 0.111111111111x + 0.166666666667y )
Fitness = 2.30030133893
Worst Ind: ( 0.142857142857y + 0.125x )
Fitness = 2.38895237793
Avg Fitness = 2.37941758216
Duplicated = 477
============================================================================
Evaluate Gen  76
New Population 665
Better than Dads 67
Best Ind: ( 0.111111111111x + 0.166666666667y )
Fitness = 2.30030133893
Worst Ind: ( 0.142857142857y + 0.125x )
Fitness = 2.38895237793
Avg Fitness = 2.37936041946
Duplicated = 477
============================================================================
Evaluate Gen  77
New Population 674
Better than Dads 72
Best Ind: ( 0.111111111111x + 0.166666666667y )
Fitness = 2.30030133893
Worst Ind: ( 0.125x + 0.142857142857y )
Fitness = 2.38895237793
Avg Fitness = 2.37928896608
Duplicated = 477
============================================================================
Evaluate Gen  78
New Population 659
Better than Dads 74
Best Ind: ( 0.111111111111x + 0.166666666667y )
Fitness = 2.30030133893
Worst Ind: ( 0.125x + 0.142857142857y )
Fitness = 2.38895237793
Avg Fitness = 2.37917597336
Duplicated = 477
============================================================================
Evaluate Gen  79
New Population 662
Better than Dads 85
Best Ind: ( 0.111111111111x + 0.166666666667y )
Fitness = 2.30030133893
Worst Ind: ( 0.125x + 0.142857142857y )
Fitness = 2.38895237793
Avg Fitness = 2.37900581794
Duplicated = 477
============================================================================
Evaluate Gen  80
New Population 673
Better than Dads 80
Best Ind: ( 0.111111111111x + 0.166666666667y )
Fitness = 2.30030133893
Worst Ind: ( 0.125x + 0.142857142857y )
Fitness = 2.38895237793
Avg Fitness = 2.37890578321
Duplicated = 477
============================================================================
Evaluate Gen  81
New Population 669
Better than Dads 74
Best Ind: ( 0.111111111111x + 0.166666666667y )
Fitness = 2.30030133893
Worst Ind: ( 0.142857142857y + 0.125x )
Fitness = 2.38895237793
Avg Fitness = 2.37882003916
Duplicated = 477
============================================================================
Evaluate Gen  82
New Population 673
Better than Dads 99
Best Ind: ( 0.111111111111x + 0.166666666667y )
Fitness = 2.30030133893
Worst Ind: ( 0.125x + 0.142857142857y )
Fitness = 2.38895237793
Avg Fitness = 2.3786525853
Duplicated = 476
============================================================================
Evaluate Gen  83
New Population 671
Better than Dads 84
Best Ind: ( 0.111111111111x + 0.166666666667y )
Fitness = 2.30030133893
Worst Ind: ( 0.125x + 0.142857142857y )
Fitness = 2.38895237793
Avg Fitness = 2.37835500035
Duplicated = 476
============================================================================
Evaluate Gen  84
New Population 668
Better than Dads 95
Best Ind: ( 0.111111111111x + 0.166666666667y )
Fitness = 2.30030133893
Worst Ind: ( 0.125x + 0.142857142857y )
Fitness = 2.38895237793
Avg Fitness = 2.37806918684
Duplicated = 476
============================================================================
Evaluate Gen  85
New Population 653
Better than Dads 86
Best Ind: ( 0.111111111111x + 0.166666666667y )
Fitness = 2.30030133893
Worst Ind: ( 0.142857142857y + 0.125x )
Fitness = 2.38895237793
Avg Fitness = 2.37771191996
Duplicated = 476
============================================================================
Evaluate Gen  86
New Population 677
Better than Dads 97
Best Ind: ( 0.111111111111x + 0.166666666667y )
Fitness = 2.30030133893
Worst Ind: ( 0.125x + 0.142857142857y )
Fitness = 2.38895237793
Avg Fitness = 2.37714281218
Duplicated = 476
============================================================================
Evaluate Gen  87
New Population 665
Better than Dads 89
Best Ind: ( 0.111111111111x + 0.166666666667y )
Fitness = 2.30030133893
Worst Ind: ( 0.125x + 0.142857142857y )
Fitness = 2.38895237793
Avg Fitness = 2.37645685976
Duplicated = 476
============================================================================
Evaluate Gen  88
New Population 669
Better than Dads 102
Best Ind: ( 0.111111111111x + 0.166666666667y )
Fitness = 2.30030133893
Worst Ind: ( 0.125x + 0.142857142857y )
Fitness = 2.38895237793
Avg Fitness = 2.37561370992
Duplicated = 476
============================================================================
Evaluate Gen  89
New Population 658
Better than Dads 80
Best Ind: ( 0.111111111111x + 0.166666666667y )
Fitness = 2.30030133893
Worst Ind: ( 0.125x + 0.142857142857y )
Fitness = 2.38895237793
Avg Fitness = 2.37462765332
Duplicated = 476
============================================================================
Evaluate Gen  90
New Population 661
Better than Dads 72
Best Ind: ( 0.111111111111x + 0.166666666667y )
Fitness = 2.30030133893
Worst Ind: ( 0.111111111111x + 0.142857142857y )
Fitness = 2.38180704024
Avg Fitness = 2.37429512033
Duplicated = 481
============================================================================
Evaluate Gen  91
New Population 684
Better than Dads 72
Best Ind: ( 0.111111111111x + 0.166666666667y )
Fitness = 2.30030133893
Worst Ind: ( 0.111111111111x + 0.142857142857y )
Fitness = 2.38180704024
Avg Fitness = 2.37429512033
Duplicated = 481
============================================================================
Evaluate Gen  92
New Population 660
Better than Dads 74
Best Ind: ( 0.111111111111x + 0.166666666667y )
Fitness = 2.30030133893
Worst Ind: ( 0.111111111111x + 0.142857142857y )
Fitness = 2.38180704024
Avg Fitness = 2.37429512033
Duplicated = 481
============================================================================
Evaluate Gen  93
New Population 666
Better than Dads 85
Best Ind: ( 0.111111111111x + 0.166666666667y )
Fitness = 2.30030133893
Worst Ind: ( 0.111111111111x + 0.142857142857y )
Fitness = 2.38180704024
Avg Fitness = 2.37425358099
Duplicated = 481
============================================================================
Evaluate Gen  94
New Population 679
Better than Dads 60
Best Ind: ( 0.111111111111x + 0.166666666667y )
Fitness = 2.30030133893
Worst Ind: ( 0.111111111111x + 0.142857142857y )
Fitness = 2.38180704024
Avg Fitness = 2.37421204165
Duplicated = 481
============================================================================
Evaluate Gen  95
New Population 670
Better than Dads 72
Best Ind: ( 0.111111111111x + 0.166666666667y )
Fitness = 2.30030133893
Worst Ind: ( 0.142857142857y + 0.111111111111x )
Fitness = 2.38180704024
Avg Fitness = 2.37421204165
Duplicated = 481
============================================================================
Evaluate Gen  96
New Population 663
Better than Dads 71
Best Ind: ( 0.111111111111x + 0.166666666667y )
Fitness = 2.30030133893
Worst Ind: ( 0.142857142857y + 0.111111111111x )
Fitness = 2.38180704024
Avg Fitness = 2.37421204165
Duplicated = 481
============================================================================
Evaluate Gen  97
New Population 673
Better than Dads 82
Best Ind: ( 0.111111111111x + 0.166666666667y )
Fitness = 2.30030133893
Worst Ind: ( 0.142857142857y + 0.111111111111x )
Fitness = 2.38180704024
Avg Fitness = 2.37419814429
Duplicated = 481
============================================================================
Evaluate Gen  98
New Population 682
Better than Dads 64
Best Ind: ( 0.111111111111x + 0.166666666667y )
Fitness = 2.30030133893
Worst Ind: ( 0.142857142857y + 0.111111111111x )
Fitness = 2.38180704024
Avg Fitness = 2.37419814429
Duplicated = 481
============================================================================
Evaluate Gen  99
New Population 666
Better than Dads 70
Best Ind: ( 0.111111111111x + 0.166666666667y )
Fitness = 2.30030133893
Worst Ind: ( 0.142857142857y + 0.111111111111x )
Fitness = 2.38180704024
Avg Fitness = 2.37419814429
Duplicated = 481
============================================================================
Evaluate Gen  100
New Population 683
Better than Dads 65
Best Ind: ( 0.111111111111x + 0.166666666667y )
Fitness = 2.30030133893
Worst Ind: ( 0.142857142857y + 0.111111111111x )
Fitness = 2.38180704024
Avg Fitness = 2.37419814429
Duplicated = 481
