dataset_file= dataset/SR_ellipse_noise.txt
population= 300
generations= 50
tournament_size= 5
cross_over= 0.9
mutation= 0.05
elitism= True
(50, 2)
============================================================================
Build initial population
ind: 1
( ( 0.125x + 0.1y ) + 0.125y )
ind: 2
( ( ( ( ( 0.2y + 0.333333333333y ) * ( 0.125y + 0.333333333333y ) ) + 0.333333333333y ) * ( 0.5y + 0.25y ) ) + ( 0.142857142857y * ( ( ( 0.2y + ( 0.142857142857y * 0.125x ) ) * 0.25x ) + 0.5x ) ) )
ind: 3
( ( 0.166666666667x * ( 0.166666666667y + ( 0.1x + 0.333333333333y ) ) ) + 0.125y )
ind: 4
( ( 1.0y * ( ( ( ( 0.25x * 0.166666666667x ) + 0.125y ) * 0.5y ) + 0.1y ) ) * ( 0.111111111111y * 0.25y ) )
ind: 5
( ( ( ( ( 0.25x * ( 0.25x * 0.1y ) ) + 0.1x ) * 0.166666666667x ) * 0.111111111111y ) * ( 0.5y * 0.111111111111x ) )
ind: 6
( ( 0.125y + ( ( 1.0y + 0.333333333333y ) + 0.25x ) ) * ( 0.1x + ( 0.25y + ( ( 0.5x + 0.1x ) * ( 0.111111111111y + ( 0.25y + 0.5y ) ) ) ) ) )
ind: 7
( 0.142857142857y + ( 0.111111111111y * ( ( ( 0.1x * ( 0.142857142857x + 0.142857142857x ) ) + 1.0y ) * 0.125y ) ) )
ind: 8
( 0.25y + ( 0.166666666667x * ( 0.1x + ( 0.333333333333x * 0.333333333333y ) ) ) )
ind: 9
( ( ( 1.0x + ( ( 0.25y * 0.166666666667x ) + ( 0.5x + ( 0.333333333333x + 1.0x ) ) ) ) * ( ( ( 0.2x * ( 0.166666666667x + 0.166666666667y ) ) * 0.1y ) * 0.111111111111x ) ) + ( ( ( ( ( 0.142857142857x + 0.111111111111x ) * 0.125x ) + ( 1.0x + ( 0.5x * 0.111111111111x ) ) ) + ( 0.142857142857x + ( ( 0.142857142857y + 0.125y ) * ( 0.333333333333y + 0.25y ) ) ) ) * 0.1y ) )
ind: 10
( ( 0.111111111111x * 0.111111111111y ) * ( ( ( 0.25y * 0.1y ) * ( ( 0.111111111111y + 0.1x ) + 0.333333333333y ) ) * ( ( ( ( 0.333333333333y * 1.0y ) * 0.166666666667y ) + ( 1.0x * 0.111111111111y ) ) * ( 0.25x + ( 0.1x * ( 0.25x * 0.125y ) ) ) ) ) )
ind: 11
( 0.1y + ( ( ( 0.142857142857y + ( ( 0.166666666667x + 0.142857142857y ) + ( 0.111111111111x + 1.0x ) ) ) * 0.125y ) + 0.142857142857x ) )
ind: 12
( ( 1.0x + ( ( 0.1y * 0.2y ) + ( 0.25x * 0.1y ) ) ) * ( 0.125y * 0.333333333333x ) )
ind: 13
( ( 1.0x * ( ( 0.142857142857y + ( 0.142857142857y + 1.0x ) ) + ( 0.333333333333y + 0.25y ) ) ) * ( 1.0x + 1.0y ) )
ind: 14
( ( 1.0y * ( ( ( ( 0.111111111111x * 0.142857142857y ) * 0.5x ) + 0.125y ) + 0.25y ) ) * ( 0.5y + 0.25x ) )
ind: 15
( ( ( 0.125x + 0.5x ) * 0.111111111111y ) + ( 0.125y * 0.5y ) )
ind: 16
( ( ( 0.1y * ( 0.166666666667y + ( ( 0.2y + 0.142857142857y ) * 0.5y ) ) ) * 0.166666666667x ) + ( ( ( ( ( 0.111111111111x * 0.333333333333y ) + ( 0.111111111111y + 0.142857142857y ) ) + ( ( 0.5x * 0.142857142857y ) * 0.2y ) ) + ( ( 0.25x + ( 0.111111111111x + 0.166666666667x ) ) + ( ( 0.125y * 0.111111111111y ) + ( 0.166666666667y * 0.142857142857y ) ) ) ) * 0.5x ) )
ind: 17
( ( ( 0.333333333333y * ( ( 0.111111111111y + 0.125y ) + 0.1y ) ) + 0.111111111111y ) + ( 0.333333333333x * 0.125x ) )
ind: 18
( ( ( 0.166666666667y + ( 0.25y + 0.2y ) ) * 0.125y ) + 0.25x )
ind: 19
( 0.125y * ( ( 0.25y + 0.333333333333y ) * ( ( 0.111111111111x * ( ( 0.333333333333x * 1.0y ) + 0.5x ) ) * 0.25x ) ) )
ind: 20
( ( 0.125x + ( ( ( ( 0.2y + 1.0y ) + 0.1x ) * 1.0y ) * ( ( 0.125y * 0.2y ) + 0.111111111111x ) ) ) * ( ( ( 0.111111111111x + ( ( 0.2x + 0.2y ) * ( 0.125y * 0.142857142857y ) ) ) + ( ( 0.166666666667y * 0.25y ) + ( ( 0.5y * 0.166666666667y ) + ( 0.5x * 0.1x ) ) ) ) + 0.1y ) )
ind: 21
( 0.166666666667y * ( ( ( ( 1.0y * 0.111111111111x ) + ( ( 0.142857142857y + 0.5y ) * 0.25x ) ) + ( ( ( 0.142857142857y + 0.5y ) + ( 1.0y * 0.1x ) ) + ( ( 0.142857142857x + 0.142857142857x ) + 0.1y ) ) ) * ( ( ( 0.1y * 0.2y ) * 0.111111111111y ) * ( ( ( 0.333333333333y + 1.0x ) + ( 0.25y + 0.142857142857y ) ) + 0.25x ) ) ) )
ind: 22
( ( 0.111111111111x * ( ( 0.25y + 0.333333333333x ) * ( ( ( 0.1y + 0.166666666667x ) + ( 0.25y + 0.5y ) ) + ( ( 0.166666666667x + 0.25y ) + ( 0.5y + 0.166666666667x ) ) ) ) ) * 0.333333333333y )
ind: 23
( ( 0.125y * 0.142857142857x ) * 0.2y )
ind: 24
( ( ( 0.5x + 0.333333333333x ) + ( ( 1.0y + ( ( 0.2x + 1.0y ) * ( 0.2x * 0.333333333333x ) ) ) * ( 0.111111111111x * ( 1.0x * 0.2x ) ) ) ) + ( ( ( 0.25x + ( 0.2y * 0.125x ) ) + ( ( ( 0.166666666667y + 0.166666666667x ) * ( 0.1x * 1.0y ) ) + ( ( 0.1y + 0.25x ) * ( 0.111111111111x + 0.25y ) ) ) ) + 0.125x ) )
ind: 25
( ( ( 0.1x + ( ( ( 0.2y * 0.5y ) * ( 0.333333333333x + 1.0x ) ) * 0.5x ) ) * 0.1y ) * ( 0.25y * 0.25y ) )
ind: 26
( 0.25y + ( ( ( ( 0.1y * 0.333333333333x ) * ( 0.166666666667x * ( 1.0y + 0.333333333333x ) ) ) * ( 0.1y * ( 0.5y * 0.25y ) ) ) + 0.5x ) )
ind: 27
( ( 1.0x + 0.142857142857x ) * 1.0y )
ind: 28
( ( 0.142857142857y + ( 0.2x * 0.166666666667x ) ) + ( 0.142857142857y + 0.1y ) )
ind: 29
( 0.142857142857x + ( ( 0.25x * 0.166666666667y ) + 0.166666666667x ) )
ind: 30
( 0.125y * 0.25x )
ind: 31
( 0.111111111111y * ( 0.111111111111x + ( ( 1.0y + 0.5y ) * ( ( ( 0.125x * 0.142857142857x ) + 0.25x ) * 0.333333333333x ) ) ) )
ind: 32
( 0.142857142857y + 0.2x )
ind: 33
( ( 1.0x + ( ( 0.25y * ( ( 0.111111111111x * 0.333333333333y ) + ( 0.25y * 0.1x ) ) ) + 0.25y ) ) + 0.5x )
ind: 34
( 0.25x * ( 0.5x * ( ( 0.333333333333y + ( 0.2x + ( 0.333333333333y + 0.25y ) ) ) + 0.166666666667x ) ) )
ind: 35
( ( 0.142857142857x * 0.333333333333y ) * ( 0.111111111111x + 0.166666666667x ) )
ind: 36
( ( 0.333333333333y + ( ( 0.166666666667y + 0.142857142857x ) * 0.5x ) ) * 0.1x )
ind: 37
( ( ( 1.0y * 0.166666666667y ) + 0.1x ) + ( ( 0.142857142857x + 0.25y ) + ( 0.5x + 0.1y ) ) )
ind: 38
( 0.2y * ( ( ( 0.166666666667y * ( 0.333333333333y * ( 0.1y + 0.333333333333x ) ) ) + 0.111111111111x ) + 0.166666666667x ) )
ind: 39
( ( 0.333333333333y * 0.5x ) + ( 0.142857142857x * 0.125x ) )
ind: 40
( 0.5y + 0.25x )
ind: 41
( 0.1y + ( ( 0.142857142857y * ( ( ( 0.1y * 1.0y ) * ( 0.125x * 0.166666666667y ) ) + ( 0.25y * 0.125x ) ) ) + ( ( ( ( 0.111111111111y * 1.0x ) + 0.125x ) + 0.111111111111x ) * 1.0y ) ) )
ind: 42
( 0.111111111111y + 1.0x )
ind: 43
( ( ( 0.5y * 0.111111111111y ) * 0.5y ) * 0.166666666667x )
ind: 44
( ( ( 0.5x + 0.111111111111y ) * ( ( ( 0.2y + ( 0.1y * 0.125x ) ) + 0.111111111111y ) + ( 0.142857142857y + 0.142857142857y ) ) ) + ( 0.166666666667x + 0.1y ) )
ind: 45
( ( ( ( ( ( 0.25x + 1.0x ) * ( 0.1y + 0.142857142857y ) ) * ( 0.166666666667x + ( 0.1x + 0.333333333333y ) ) ) + 0.2x ) * 0.111111111111x ) + ( ( ( 0.25y + 0.166666666667y ) * 0.1x ) * 0.5x ) )
ind: 46
( ( ( 0.125x * 0.5x ) + 0.142857142857y ) + 0.333333333333y )
ind: 47
( 0.1x * ( ( 0.1y + ( ( 0.166666666667y * 0.25x ) + 0.142857142857x ) ) + ( 0.125x * ( 1.0y * ( ( 0.166666666667x + 0.125y ) + ( 0.2y + 0.166666666667x ) ) ) ) ) )
ind: 48
( ( ( ( ( 0.2x * 0.5x ) * ( 0.111111111111y * ( 0.166666666667y * 0.111111111111y ) ) ) * ( ( 0.142857142857y + 1.0x ) * ( ( 0.2y * 0.25y ) + 0.111111111111x ) ) ) + 0.1x ) * 0.333333333333y )
ind: 49
( 1.0y * ( ( 0.142857142857x + 0.333333333333y ) * ( 0.111111111111x * ( ( ( 0.125x + 0.142857142857y ) * 0.25x ) + 0.1x ) ) ) )
ind: 50
( ( 0.2x + ( ( 0.111111111111y * 0.111111111111y ) + 0.25x ) ) * 0.2y )
ind: 51
( ( 1.0y + ( 0.5y + ( ( 0.2y + 1.0x ) * 0.111111111111x ) ) ) * 0.111111111111x )
ind: 52
( 0.1x * 0.125y )
ind: 53
( ( ( 0.5x * 0.142857142857x ) + 0.111111111111y ) * 0.111111111111y )
ind: 54
( ( 0.166666666667x + 0.125x ) + 0.125y )
ind: 55
( ( 0.166666666667y + ( ( 0.125y + ( 0.25x * ( 0.25x * 0.2x ) ) ) + ( 0.111111111111x + 0.2y ) ) ) + 0.333333333333x )
ind: 56
( ( 0.142857142857x * 0.1y ) * ( 1.0y * 0.166666666667x ) )
ind: 57
( 0.111111111111x + ( ( ( ( ( 1.0y + 0.111111111111y ) + 0.333333333333y ) + ( ( 0.2x * 0.166666666667x ) * ( 0.1x * 0.5x ) ) ) + 0.142857142857x ) * ( 0.142857142857x * 0.333333333333x ) ) )
ind: 58
( 0.25y + ( 0.166666666667x + ( 0.166666666667x + 0.111111111111x ) ) )
ind: 59
( ( 0.166666666667x + ( ( ( 0.1y * ( 0.166666666667y + 0.111111111111x ) ) + ( ( 0.125y + 0.111111111111y ) * 0.111111111111y ) ) * 0.25x ) ) + ( ( 1.0x + ( 0.1y * ( 0.166666666667x * ( 1.0x + 0.142857142857y ) ) ) ) * 0.2y ) )
ind: 60
( ( ( ( 0.166666666667y * 0.2y ) * 0.2x ) + ( 0.1y * 0.1x ) ) + 0.1x )
ind: 61
( ( ( ( 0.111111111111y + 0.25y ) * 0.2y ) * ( ( 0.1y + 0.111111111111x ) + ( ( 0.111111111111y * ( 0.142857142857x * 1.0x ) ) + ( 0.2y * ( 0.333333333333x * 0.142857142857y ) ) ) ) ) * ( 0.25x * ( ( 0.1x * 0.125x ) * ( 0.166666666667x + ( ( 0.25y * 0.142857142857x ) * ( 0.142857142857x * 0.111111111111y ) ) ) ) ) )
ind: 62
( 0.5x * ( ( ( 0.2y * 0.333333333333x ) * 0.166666666667x ) * ( ( ( 0.1x * 1.0y ) * ( ( 0.111111111111x * 0.1y ) * ( 1.0y * 0.2y ) ) ) + 0.111111111111y ) ) )
ind: 63
( 0.333333333333y * ( 1.0x + ( ( 0.142857142857y + 0.142857142857x ) + ( ( ( 0.2x * 0.125x ) * ( 0.166666666667y * 0.111111111111x ) ) * ( ( 0.1y + 0.125y ) * 0.125y ) ) ) ) )
ind: 64
( ( ( 0.333333333333x + ( 0.333333333333y + 1.0y ) ) * ( ( ( 0.333333333333y + 0.2x ) * ( ( 0.1x * 0.25x ) * ( 0.142857142857x * 0.142857142857x ) ) ) + ( ( ( 0.1x * 0.25y ) * ( 1.0x + 0.1y ) ) * ( ( 0.1x + 0.2x ) + 0.142857142857y ) ) ) ) + ( 0.333333333333x * 0.111111111111y ) )
ind: 65
( 0.25y + 0.125x )
ind: 66
( 1.0x * ( 0.111111111111y + 0.333333333333y ) )
ind: 67
( ( ( ( 0.125x * ( ( 0.142857142857x * 0.5y ) + 0.25y ) ) * 0.142857142857y ) + ( 0.111111111111y + 0.166666666667y ) ) + 0.111111111111y )
ind: 68
( ( 0.142857142857y + 0.25x ) + ( 0.125x + 0.1y ) )
ind: 69
( ( 0.142857142857y * 0.5y ) + 0.142857142857x )
ind: 70
( ( 0.5x + 0.5y ) + ( ( ( ( 0.1y * 0.166666666667y ) * ( ( 1.0x * 0.125x ) * ( 0.5x + 0.111111111111y ) ) ) + 0.111111111111x ) + 0.111111111111y ) )
ind: 71
( 0.142857142857y * 0.333333333333x )
ind: 72
( ( ( ( ( ( 0.142857142857y + 0.1x ) * 1.0x ) * 0.1x ) * 0.111111111111y ) * 0.111111111111x ) + ( ( 0.333333333333y * ( 0.166666666667y + ( 0.142857142857y + 0.5y ) ) ) * ( 0.5y + 0.125y ) ) )
ind: 73
( ( 0.166666666667x + 0.111111111111y ) * ( ( ( 0.142857142857x + ( 0.25y + 0.5x ) ) * 0.125x ) * 1.0y ) )
ind: 74
( 0.333333333333x + ( ( 0.333333333333y + ( 0.5y * 0.25x ) ) * ( 0.142857142857y + ( 0.25x * 0.166666666667x ) ) ) )
ind: 75
( ( 0.333333333333y + ( ( ( 0.125x + ( 0.166666666667x * 0.125y ) ) + 0.142857142857x ) + ( ( ( 0.166666666667y + 0.1y ) + 0.2y ) + ( 0.25x * ( 0.166666666667y + 0.5x ) ) ) ) ) + 1.0y )
ind: 76
( ( 0.125x + ( ( 0.25y * 0.25x ) + ( ( ( 0.142857142857y + 0.1x ) * ( 0.2y * 1.0x ) ) + ( ( 0.25x * 0.111111111111x ) * 0.25x ) ) ) ) + 0.2x )
ind: 77
( ( ( 0.166666666667y + ( ( ( 0.333333333333x + 0.25x ) + ( 0.2y * 0.2x ) ) + ( ( 1.0y * 0.125x ) * 0.25y ) ) ) + 0.333333333333y ) + 0.111111111111y )
ind: 78
( ( ( ( 0.1y * 0.125y ) + 0.1y ) + ( ( 0.142857142857x * 1.0y ) + ( ( ( 0.333333333333x + 0.142857142857x ) + ( 0.5x + 0.333333333333x ) ) + ( ( 0.1x + 0.111111111111x ) * ( 0.333333333333y * 0.1y ) ) ) ) ) + 0.333333333333y )
ind: 79
( ( 0.125y + ( 1.0x + ( ( 0.2x * 0.125x ) * 0.125x ) ) ) * ( 0.2x * ( ( 1.0y * ( ( 0.1y + 0.2y ) + ( 0.166666666667x * 0.2y ) ) ) + 0.166666666667y ) ) )
ind: 80
( 0.25y + ( 0.111111111111y + ( ( 0.111111111111y * 1.0x ) + 0.125x ) ) )
ind: 81
( ( 1.0x * 0.125y ) + 0.333333333333y )
ind: 82
( ( ( ( 0.125x * ( ( 0.2y + 1.0y ) * 0.2x ) ) + 0.333333333333x ) * 0.5x ) + 0.111111111111x )
ind: 83
( ( ( 0.5y * ( ( 1.0x + ( 0.333333333333x + 0.5x ) ) * ( ( 0.1x + 0.2x ) + 0.142857142857x ) ) ) * 0.1x ) + 0.166666666667x )
ind: 84
( 1.0y * ( ( ( 1.0x * ( 0.142857142857y + ( 0.333333333333y + 0.2y ) ) ) * ( ( ( 1.0y * 0.142857142857y ) * ( 0.166666666667y + 0.142857142857y ) ) + ( ( 0.166666666667y + 0.142857142857x ) * ( 0.125x * 0.25y ) ) ) ) + ( 0.5y + 0.111111111111x ) ) )
ind: 85
( 0.2x + ( 0.333333333333y * ( ( ( ( 1.0x * 0.5x ) * ( 0.166666666667y + 0.166666666667y ) ) * 0.125y ) * 0.5y ) ) )
ind: 86
( ( 0.166666666667y * 0.5x ) + ( 0.125y * ( ( 0.142857142857y * 1.0x ) * ( ( ( 1.0y * 0.2x ) + 0.125y ) + 0.142857142857x ) ) ) )
ind: 87
( ( ( 0.166666666667x + 0.25x ) + ( ( ( ( 0.2y * 0.25y ) * ( 0.166666666667x + 0.166666666667x ) ) + ( 0.1y + 1.0y ) ) + ( ( 0.111111111111y + 0.5x ) * ( 0.142857142857x * ( 0.5x + 0.333333333333x ) ) ) ) ) + ( 0.166666666667y + ( ( 0.2y + 1.0x ) + ( 0.111111111111y * ( 0.2x * ( 0.1y * 0.1x ) ) ) ) ) )
ind: 88
( 1.0x + 0.166666666667y )
ind: 89
( ( ( 0.5y + 0.111111111111y ) * ( 0.142857142857x + 0.125x ) ) * ( ( ( 0.166666666667x * 0.125x ) + 0.142857142857y ) * ( 0.25y + ( 0.166666666667x + ( ( 0.2y * 0.142857142857x ) * 0.125x ) ) ) ) )
ind: 90
( ( ( 0.111111111111x * 0.111111111111y ) * ( 1.0y * 0.125x ) ) * ( ( ( 1.0y * 0.142857142857x ) * 0.1y ) * ( 0.111111111111y * ( ( ( 0.2x * 0.333333333333x ) + 0.1x ) + 0.1y ) ) ) )
ind: 91
( ( ( ( 0.111111111111y + 0.2y ) + ( ( ( 0.125y + 0.142857142857x ) * ( 0.142857142857x * 0.2y ) ) * ( ( 0.5x + 0.166666666667y ) * 0.5x ) ) ) * 0.2x ) + 0.333333333333x )
ind: 92
( 0.2y + ( 0.142857142857y + ( 0.333333333333y * ( ( ( 0.2y * 0.1y ) + 0.142857142857y ) + 1.0x ) ) ) )
ind: 93
( 0.125y + ( ( 0.142857142857x + 0.25x ) + 0.111111111111y ) )
ind: 94
( ( 1.0y + ( ( 0.333333333333x + 0.333333333333x ) + 0.2x ) ) * ( ( 0.111111111111y * ( 0.166666666667y * 1.0x ) ) + 0.111111111111x ) )
ind: 95
( ( 0.125x + 0.25x ) + ( ( 0.1y * ( ( ( 0.2y * 1.0x ) * ( 0.111111111111y + 0.1y ) ) + 0.166666666667y ) ) + 0.111111111111x ) )
ind: 96
( 0.1y * ( 0.2y + 0.166666666667x ) )
ind: 97
( 0.2x * ( 1.0x * ( ( 0.5x + 0.125y ) * ( 0.333333333333x * 0.25x ) ) ) )
ind: 98
( 0.111111111111y * 0.125x )
ind: 99
( 0.125x * ( ( 0.166666666667y * 0.5y ) + 0.25x ) )
ind: 100
( 0.5y + ( 0.142857142857x * ( ( ( 0.333333333333x + 0.25x ) * 0.111111111111x ) * 0.1y ) ) )
ind: 101
( 0.5x * ( 0.25y * 0.2y ) )
ind: 102
( ( ( ( ( 0.111111111111x + 0.125y ) * 0.111111111111y ) * ( ( 0.5y + ( 0.5x + 0.166666666667x ) ) + 1.0x ) ) * ( 0.5x * 0.111111111111y ) ) + 1.0y )
ind: 103
( ( ( ( 0.2x * ( 0.333333333333x * 0.333333333333y ) ) * 0.125x ) + ( ( 0.2y * 0.142857142857y ) * ( ( ( 0.125x + 0.1y ) + ( 0.333333333333x + 0.1x ) ) + ( ( 0.1y * 0.166666666667y ) + ( 1.0y * 0.2y ) ) ) ) ) * 0.142857142857x )
ind: 104
( 1.0x * ( ( 0.166666666667y * ( ( 0.166666666667x + 0.333333333333x ) * ( ( 0.333333333333y + 0.111111111111y ) + ( 0.1y * 0.142857142857y ) ) ) ) * 0.111111111111y ) )
ind: 105
( 0.142857142857x * 0.125y )
ind: 106
( ( 0.25x * 0.166666666667x ) * ( ( 0.2y + 0.25x ) + 0.125y ) )
ind: 107
( 1.0x * ( 0.125y + ( ( ( ( 0.1y + 0.166666666667x ) + ( 0.2y + 0.333333333333x ) ) * 0.125x ) * ( 0.1y + ( 1.0y + 0.25x ) ) ) ) )
ind: 108
( 0.333333333333x * ( 0.25y * 0.142857142857y ) )
ind: 109
( ( ( 0.125y * 0.2x ) * 0.1y ) + 0.111111111111x )
ind: 110
( ( 0.142857142857y * ( ( ( ( 0.2x + 0.2y ) + 0.125y ) * ( 0.166666666667y * 0.111111111111x ) ) * ( 0.5x * ( ( 0.25x * 0.2x ) + 0.166666666667x ) ) ) ) * ( 0.2y + 0.5y ) )
ind: 111
( 0.25x + ( 0.5x * ( 0.166666666667y + 0.333333333333y ) ) )
ind: 112
( ( ( 0.333333333333x + ( ( ( 0.2y + 0.2x ) + ( 0.5y * 0.2x ) ) * 0.166666666667x ) ) + 0.25y ) + 0.1y )
ind: 113
( ( ( ( 0.25y * 0.142857142857x ) * ( ( ( 0.333333333333y + 0.142857142857y ) * 0.125y ) + 0.2x ) ) * 0.111111111111y ) * ( ( 0.166666666667y + ( 0.5x + 0.25x ) ) * 0.1y ) )
ind: 114
( 0.333333333333x + ( ( 0.142857142857y + ( 1.0x * 0.125y ) ) * ( 0.142857142857x * 0.166666666667x ) ) )
ind: 115
( 0.111111111111y * ( 0.333333333333y * ( 0.25x + ( ( 0.5x * 0.111111111111x ) * ( 0.111111111111x * 1.0x ) ) ) ) )
ind: 116
( ( 0.2x * ( 0.142857142857x + 0.1x ) ) + 0.166666666667y )
ind: 117
( 1.0y + ( ( 0.142857142857y * ( 0.333333333333x * 0.125x ) ) + 0.125x ) )
ind: 118
( ( ( ( ( ( 0.25x + 0.125y ) + ( 0.166666666667y * 0.1x ) ) * ( 0.25y * 1.0y ) ) * 1.0y ) + ( ( ( 0.25y * 0.111111111111y ) + 0.111111111111x ) + ( ( 0.166666666667x + ( 0.111111111111x * 1.0x ) ) + 0.333333333333x ) ) ) * ( ( 1.0y + 0.142857142857x ) + 0.142857142857y ) )
ind: 119
( ( ( 0.111111111111y + 0.25x ) + ( ( 0.333333333333x * 0.166666666667y ) * 0.2y ) ) + 0.2y )
ind: 120
( ( ( ( 0.142857142857x + ( 0.25x * ( 0.333333333333y * 0.25x ) ) ) + ( ( 0.142857142857x + 0.5x ) * 1.0y ) ) + ( 0.125x * 0.2x ) ) * 0.333333333333y )
ind: 121
( ( ( 0.142857142857y * ( 0.125x * ( ( 0.111111111111y + 0.111111111111y ) + ( 0.111111111111x + 1.0y ) ) ) ) + ( ( 0.142857142857y * ( ( 1.0x * 0.2x ) * ( 0.333333333333x + 0.333333333333x ) ) ) + ( ( 1.0y + ( 0.1y * 0.5y ) ) * ( ( 0.25y + 0.111111111111x ) + 0.125x ) ) ) ) + 0.333333333333x )
ind: 122
( ( 0.1y + ( ( 0.142857142857x + ( 1.0x + ( 0.2x * 0.125y ) ) ) + ( 0.2x * ( 0.142857142857y * ( 0.142857142857y * 1.0x ) ) ) ) ) * 0.5y )
ind: 123
( ( 0.111111111111x + ( ( ( 0.25x + 0.125x ) + 0.125x ) + ( 0.1y + 0.166666666667y ) ) ) + ( 0.125x * ( ( ( 0.125x * ( 0.1x * 0.1x ) ) * 0.142857142857x ) * ( 0.111111111111y + ( 0.2x * ( 0.125y * 0.1x ) ) ) ) ) )
ind: 124
( ( ( 0.5x + ( ( ( 0.5y * 0.25y ) * ( 0.111111111111x + 0.1x ) ) * ( 0.25y + ( 0.166666666667y * 0.25y ) ) ) ) * ( 0.142857142857y * ( ( ( 0.1y + 1.0x ) + ( 0.5x * 0.142857142857y ) ) * 0.142857142857x ) ) ) + ( ( ( 0.5y + ( 0.111111111111y + ( 0.166666666667x * 0.333333333333y ) ) ) + 0.111111111111y ) + ( 0.125x + 0.2y ) ) )
ind: 125
( 0.142857142857x * 0.2y )
ind: 126
( 0.125y * ( 1.0x + 0.166666666667y ) )
ind: 127
( 0.25y + ( ( 0.166666666667x * 0.25x ) * 1.0y ) )
ind: 128
( 0.333333333333y + 0.333333333333x )
ind: 129
( ( ( ( ( ( 1.0x * 0.25y ) + ( 0.1y + 1.0x ) ) * ( 0.25x * 0.5x ) ) * ( 0.25y + ( ( 0.1y * 0.333333333333y ) * ( 1.0x * 0.125x ) ) ) ) * 0.142857142857y ) * ( ( ( ( 0.166666666667y * ( 0.2x * 1.0x ) ) + ( 0.25y + ( 0.142857142857x + 0.333333333333y ) ) ) + 0.111111111111y ) * ( ( ( ( 0.166666666667y + 1.0y ) + 0.25x ) + ( 0.111111111111y * 0.111111111111y ) ) + ( ( 0.2x + 1.0y ) + ( ( 0.166666666667x * 0.333333333333x ) + ( 0.1y * 0.166666666667y ) ) ) ) ) )
ind: 130
( ( ( ( 0.2x + ( 0.1y * ( 0.333333333333x + 0.1y ) ) ) + 0.142857142857y ) * ( 0.333333333333y + 1.0x ) ) * 0.166666666667y )
ind: 131
( 0.5x + 0.125y )
ind: 132
( 0.111111111111y * ( ( ( ( ( 0.1x + 0.1x ) * 0.166666666667y ) * 0.2y ) * 0.333333333333y ) * ( 0.166666666667y + ( 0.2x + 0.111111111111x ) ) ) )
ind: 133
( 0.2x + 1.0y )
ind: 134
( ( ( 0.166666666667y + 0.142857142857x ) * 0.1x ) + 0.25x )
ind: 135
( ( ( ( 1.0x + ( 0.5y + ( 0.333333333333x + 0.1x ) ) ) + ( ( 0.25y * 0.1y ) * ( ( 0.2y + 0.125y ) * ( 0.2x + 0.333333333333x ) ) ) ) * 0.2x ) * ( ( ( 0.111111111111x * 0.25x ) + ( 0.2y + 1.0y ) ) + 0.142857142857x ) )
ind: 136
( ( 0.166666666667x * 1.0y ) + 0.333333333333x )
ind: 137
( 0.333333333333x * ( ( 0.166666666667y + 0.25y ) + 0.333333333333x ) )
ind: 138
( ( 0.333333333333x + ( 0.111111111111y + 0.111111111111y ) ) * 0.333333333333y )
ind: 139
( 0.1x * ( ( ( ( 0.25y * ( 0.5y * 0.333333333333y ) ) * ( 0.1x * ( 0.125x * 1.0y ) ) ) + ( 0.5y + 0.125y ) ) * 0.5x ) )
ind: 140
( 0.125y + ( 0.2x * ( 0.166666666667x * 1.0y ) ) )
ind: 141
( ( ( ( ( 0.166666666667x + 0.333333333333x ) * 0.166666666667x ) + 0.2x ) * 0.125y ) + ( 0.25x * ( 0.142857142857y + 0.125y ) ) )
ind: 142
( 0.111111111111y + ( ( 0.166666666667x * 0.1x ) + ( ( ( ( 0.125x + 0.142857142857x ) + 1.0x ) * 0.2y ) + 0.25y ) ) )
ind: 143
( ( 0.1x + ( ( ( 0.166666666667y * 0.111111111111y ) + ( 1.0x + 0.166666666667y ) ) + ( ( 0.1x + ( 0.1x * 1.0y ) ) * ( 0.142857142857y * ( 0.125x + 0.5x ) ) ) ) ) * 0.166666666667y )
ind: 144
( ( 0.125x * 0.5x ) * ( 0.125y * ( ( 0.2y * 0.25x ) * ( ( 0.1y + ( 0.111111111111x * 1.0x ) ) + ( ( 0.111111111111x + 0.111111111111x ) * ( 0.125y * 0.5y ) ) ) ) ) )
ind: 145
( ( ( ( 0.5x * 0.5x ) * 0.5x ) + ( ( ( ( 0.5y * 0.1y ) + 0.166666666667x ) * 0.333333333333y ) + 1.0x ) ) + 1.0y )
ind: 146
( 0.166666666667y + ( 0.25x * 0.142857142857x ) )
ind: 147
( 0.25y + 0.142857142857x )
ind: 148
( ( 0.5x * 0.333333333333x ) * 0.333333333333y )
ind: 149
( 0.333333333333x * ( ( 0.333333333333x * 0.125x ) * 0.25y ) )
ind: 150
( 0.1x + ( ( ( 0.166666666667y + ( ( 0.142857142857y + 0.166666666667y ) * ( 1.0x * 0.142857142857y ) ) ) * ( 0.125y + ( 0.166666666667x * ( 0.2y * 0.142857142857x ) ) ) ) + 0.1y ) )
ind: 151
( 0.1y * 0.125x )
ind: 152
( ( ( 0.125y * 0.333333333333x ) * ( 0.5x + 0.1y ) ) * ( 0.1x * 0.1y ) )
ind: 153
( 0.166666666667x + ( 1.0y + 0.2x ) )
ind: 154
( 0.333333333333y + ( 0.166666666667x + ( ( 0.2y + ( 0.333333333333x + ( 0.111111111111x + 0.125y ) ) ) + 0.2x ) ) )
ind: 155
( ( 1.0y * 0.142857142857x ) * 0.1y )
ind: 156
( 0.111111111111y + ( ( ( 0.5y + 0.25x ) + ( 0.5y * 0.5x ) ) * ( 0.1y + ( ( 0.333333333333x * 0.2x ) * ( 1.0y + 0.333333333333x ) ) ) ) )
ind: 157
( ( ( ( ( 0.142857142857y * ( 0.5x + 0.166666666667x ) ) * 0.142857142857x ) + ( 0.25y + ( 0.1y * ( 0.2x * 0.5x ) ) ) ) + 0.2y ) * ( 0.5y + ( 0.25y + ( ( 0.1x + ( 0.125x * 1.0x ) ) * 0.142857142857x ) ) ) )
ind: 158
( 0.166666666667x * ( ( 1.0y * 1.0x ) * 1.0x ) )
ind: 159
( 0.2y * 0.125x )
ind: 160
( ( ( 0.1y * ( ( 0.2x * 0.25x ) + 0.1x ) ) * ( 0.125x * 1.0x ) ) + ( 0.1y * 0.25x ) )
ind: 161
( ( 0.333333333333y + 1.0x ) * 0.5y )
ind: 162
( 0.5y * ( ( 0.111111111111x + 1.0x ) * ( ( ( ( 0.333333333333x + 0.166666666667y ) * ( 0.333333333333y + 0.142857142857x ) ) * ( 0.142857142857x * ( 0.142857142857x * 0.2y ) ) ) + 0.5y ) ) )
ind: 163
( 1.0y + ( ( ( ( 0.2y * 0.166666666667x ) + 0.166666666667y ) * 1.0x ) + 0.25x ) )
ind: 164
( ( ( 0.5x * ( ( 0.5x * ( 0.333333333333y * 1.0y ) ) * ( ( 0.333333333333y * 0.125x ) + ( 0.1x + 0.111111111111x ) ) ) ) + ( 0.166666666667x * ( ( 0.5y + ( 0.111111111111x + 0.166666666667y ) ) + ( ( 0.1x * 0.333333333333x ) * 0.2y ) ) ) ) + 0.166666666667y )
ind: 165
( ( ( 0.333333333333y + 0.5x ) * ( 0.1x + ( ( ( 0.166666666667x + 0.333333333333y ) + ( 0.25x * 0.111111111111x ) ) * ( ( 0.166666666667y * 0.25x ) + ( 0.25x * 0.166666666667x ) ) ) ) ) + 0.2x )
ind: 166
( ( ( ( ( ( 0.1y + 0.166666666667x ) + ( 0.5x + 0.142857142857x ) ) + 0.333333333333y ) * 0.1y ) * 0.2y ) * 0.111111111111y )
ind: 167
( 0.1x * ( 0.25y * 0.2x ) )
ind: 168
( ( ( 0.1y + 0.111111111111x ) + 0.5x ) + ( 0.333333333333x * ( 0.5x * 0.2x ) ) )
ind: 169
( 0.166666666667y + ( ( 0.142857142857x + 0.1y ) + ( ( 0.25x + 0.2y ) * 0.111111111111y ) ) )
ind: 170
( 0.333333333333y * ( ( ( ( ( 0.2x + 0.166666666667y ) + 0.111111111111y ) * 0.333333333333x ) + 0.2x ) * ( ( ( 0.333333333333y + ( 1.0x * 0.125y ) ) * 0.25y ) * 0.142857142857y ) ) )
ind: 171
( 0.111111111111x * ( 0.111111111111y + 0.125x ) )
ind: 172
( ( ( 0.333333333333x * 0.2y ) + 0.1y ) * ( 0.1x + 0.125y ) )
ind: 173
( 0.1x * ( 0.2x + 0.166666666667y ) )
ind: 174
( ( 0.1y + ( 1.0x * 0.1x ) ) * 1.0x )
ind: 175
( ( ( 0.1y * 0.1y ) + 0.333333333333x ) + ( 0.25x * 0.2x ) )
ind: 176
( 1.0y * ( 0.5y + 0.166666666667x ) )
ind: 177
( ( 0.333333333333x + ( 0.25x + ( ( ( 0.125x + 0.25y ) * ( 0.142857142857x + 0.5y ) ) * ( ( 0.2x + 0.1y ) + 0.333333333333x ) ) ) ) * 0.166666666667x )
ind: 178
( 0.1x * 0.5y )
ind: 179
( ( 0.142857142857y + ( 0.111111111111y + 0.333333333333x ) ) * 0.142857142857y )
ind: 180
( 0.125y + ( 0.125y * ( 1.0y * 0.125x ) ) )
ind: 181
( 0.166666666667y + ( 0.142857142857x * ( ( 0.25x * ( 0.333333333333y + ( 0.333333333333x * 0.166666666667x ) ) ) * ( ( 0.111111111111y + ( 1.0y * 0.1y ) ) + ( ( 0.166666666667y * 0.2y ) + 0.166666666667x ) ) ) ) )
ind: 182
( 0.111111111111y * ( 0.5y + 0.125x ) )
ind: 183
( ( 0.111111111111y + 0.1y ) + 0.333333333333x )
ind: 184
( ( 0.111111111111y * ( ( ( ( 0.125y * 0.142857142857y ) + 0.25x ) + ( 0.25x + ( 0.2y * 0.5y ) ) ) * 0.5x ) ) * ( 0.1y + 0.111111111111x ) )
ind: 185
( ( ( 0.142857142857y + 0.5x ) + 0.166666666667y ) + 0.1y )
ind: 186
( 0.125x * 0.111111111111y )
ind: 187
( ( ( ( 0.2y * 0.111111111111x ) * ( ( 0.142857142857x + ( 0.1x * 0.142857142857x ) ) + 0.333333333333x ) ) + 0.333333333333x ) + 1.0x )
ind: 188
( ( 0.142857142857y * ( ( ( ( 0.5x * 0.125y ) + ( 0.166666666667x * 0.111111111111y ) ) * ( 0.1y * ( 0.166666666667x * 0.125x ) ) ) * ( ( ( 0.125x * 1.0x ) + 0.111111111111y ) * ( 1.0x + ( 0.5y * 1.0x ) ) ) ) ) + ( ( 0.142857142857x * ( 0.2y + ( ( 0.2y + 0.166666666667x ) + 0.2x ) ) ) + ( 0.111111111111x + ( 0.142857142857y + ( 0.111111111111x * 0.142857142857y ) ) ) ) )
ind: 189
( 0.1x + ( 0.333333333333y * 0.333333333333y ) )
ind: 190
( ( 0.333333333333x * 0.142857142857y ) + ( ( 0.1x * 0.111111111111x ) + ( ( 0.125x + ( ( 0.111111111111x + 0.142857142857x ) * 0.5y ) ) * 0.142857142857y ) ) )
ind: 191
( ( ( ( 0.125y + ( 0.125y + ( 0.142857142857x + 0.5y ) ) ) + 0.125x ) + ( 0.5y + ( ( ( 0.125y + 1.0y ) * ( 1.0y * 1.0x ) ) * 0.333333333333y ) ) ) * ( 0.166666666667y * 0.166666666667y ) )
ind: 192
( 0.25y * 0.1x )
ind: 193
( 0.25y * ( ( ( 0.111111111111x + ( 0.111111111111x + 0.2y ) ) * 0.142857142857x ) + ( ( ( ( 0.333333333333x * 0.111111111111x ) + ( 0.5y * 0.1y ) ) + 0.166666666667x ) + ( ( ( 0.333333333333x + 0.166666666667y ) + ( 0.333333333333y * 0.2x ) ) + ( 0.166666666667x * 0.5x ) ) ) ) )
ind: 194
( 0.333333333333x + 0.166666666667y )
ind: 195
( ( ( 0.25y + 0.2x ) * 0.111111111111y ) * ( ( 0.25y * ( ( 0.2y * ( 0.25x + 0.25x ) ) * 0.111111111111y ) ) * 0.25x ) )
ind: 196
( 0.142857142857x * 0.5y )
ind: 197
( 0.2y * 0.111111111111x )
ind: 198
( 1.0y * ( ( 0.111111111111x * ( ( ( 0.2y + 0.5x ) * 0.125x ) + 0.125x ) ) * ( 0.166666666667x + 0.111111111111x ) ) )
ind: 199
( 0.125x + ( ( ( ( 0.142857142857x * 0.111111111111x ) * 0.5y ) + ( ( 0.2y * 0.2x ) * 0.333333333333y ) ) * 0.5x ) )
ind: 200
( ( 0.142857142857x * 0.25y ) + ( ( ( ( ( 0.5y * 0.5x ) * 0.125x ) + 0.142857142857y ) * 0.142857142857x ) + ( ( ( 0.111111111111x * 0.142857142857y ) + ( 0.125y + 0.166666666667x ) ) * 0.25x ) ) )
ind: 201
( ( 0.333333333333x + ( ( 0.333333333333y + ( 0.166666666667x * ( 0.125y + 0.125x ) ) ) + 0.142857142857x ) ) * 0.111111111111y )
ind: 202
( ( 0.166666666667y * 0.142857142857x ) + ( 0.333333333333x * ( 0.2y * ( ( 1.0x * ( 0.111111111111x + 0.333333333333x ) ) * 0.5y ) ) ) )
ind: 203
( ( ( ( ( 1.0x + ( 0.111111111111y + 0.1y ) ) + ( 0.142857142857y + 0.2y ) ) * 0.25x ) + 0.333333333333y ) * ( ( ( ( 0.111111111111y + ( 0.25y + 0.142857142857y ) ) + 0.5x ) * 0.125y ) * ( 0.1y + ( ( ( 0.1y + 0.142857142857x ) * ( 0.25x * 0.1x ) ) + 0.25x ) ) ) )
ind: 204
( ( ( ( ( ( 0.2y + 0.111111111111y ) * ( 0.25x + 0.25y ) ) * 0.2y ) + ( 1.0y * ( ( 0.5x * 0.5x ) + 0.333333333333y ) ) ) * 0.125x ) + 0.1x )
ind: 205
( 0.25y + ( 0.1y + ( ( 0.1x + ( ( 0.125y + 0.2x ) * 0.2y ) ) * 0.111111111111x ) ) )
ind: 206
( 0.1y + 0.1x )
ind: 207
( ( 0.125y * ( ( 0.1y * 0.125x ) + ( ( 0.111111111111y * 0.1x ) + ( ( 0.25y + 0.2y ) * ( 0.142857142857x * 0.125x ) ) ) ) ) + ( ( ( ( ( 0.25x + 0.5y ) + 0.5y ) * ( ( 0.25y + 0.142857142857x ) * ( 0.5y * 0.111111111111x ) ) ) + ( 0.142857142857y * ( ( 0.333333333333x * 0.333333333333y ) * ( 0.1x * 0.2y ) ) ) ) + 0.111111111111x ) )
ind: 208
( ( 0.166666666667x * ( ( 0.111111111111x * 1.0x ) + ( ( ( 0.142857142857y + 0.142857142857x ) * ( 0.1y * 0.2x ) ) * ( 0.333333333333x * 0.25x ) ) ) ) * ( ( ( ( ( 1.0y + 0.111111111111y ) * 0.166666666667y ) + 1.0x ) + 0.25y ) * 0.142857142857y ) )
ind: 209
( ( ( 0.142857142857x * 0.1y ) * ( ( 0.111111111111x + 0.5y ) + ( ( 0.125y * 1.0y ) + ( 0.111111111111x + 0.25y ) ) ) ) + ( 0.125y + 0.111111111111x ) )
ind: 210
( ( 0.25x + ( ( ( 0.2x * ( 0.142857142857x + 0.125y ) ) * 0.25y ) + 0.333333333333y ) ) + 0.166666666667y )
ind: 211
( ( ( 0.2y + 0.1x ) + 0.166666666667x ) + ( 0.25y * 0.166666666667x ) )
ind: 212
( ( ( 0.2x + 1.0x ) * ( 1.0x * ( ( ( 0.25y * 0.1y ) * ( 0.2y + 0.333333333333x ) ) * ( 0.25x + ( 0.1y * 0.1y ) ) ) ) ) + ( ( ( 0.166666666667y * 0.166666666667x ) * 0.142857142857x ) + 0.111111111111x ) )
ind: 213
( ( ( 0.25y + 0.125x ) + ( ( ( ( 0.142857142857x * 0.2y ) + 0.125y ) + ( ( 0.333333333333x * 0.142857142857y ) + ( 0.25x * 0.25y ) ) ) + ( ( ( 0.333333333333y * 0.333333333333x ) + ( 0.1x + 0.333333333333y ) ) + ( 1.0x + 0.166666666667x ) ) ) ) * ( 0.142857142857y * 0.333333333333x ) )
ind: 214
( 0.125y * 0.2x )
ind: 215
( 0.125x + ( ( ( ( ( 0.166666666667y + 0.111111111111x ) * ( 0.333333333333x + 0.111111111111x ) ) * ( 0.333333333333y + 0.125x ) ) + ( ( 0.1x + 0.111111111111y ) + 0.125x ) ) * ( 0.125y + 0.2x ) ) )
ind: 216
( 0.166666666667y * 0.1x )
ind: 217
( ( ( ( ( ( 0.25y + 0.2x ) + ( 0.25x * 0.1y ) ) * 0.142857142857x ) + 0.2x ) * 0.333333333333x ) + 0.5x )
ind: 218
( 0.125x * 0.166666666667y )
ind: 219
( ( 0.142857142857y + 0.142857142857x ) + ( ( 1.0x + ( 0.25y + 0.142857142857x ) ) * ( 0.166666666667y * ( ( ( 1.0y * 0.125x ) + 0.5y ) + 1.0x ) ) ) )
ind: 220
( ( ( 1.0y + ( 0.125x * 0.142857142857y ) ) + ( ( ( ( 0.166666666667x * 0.125y ) + 0.2y ) * 0.142857142857y ) * ( ( 0.166666666667x * 0.333333333333y ) + ( ( 0.25x + 0.333333333333y ) + ( 0.125x * 0.25y ) ) ) ) ) + 0.25y )
ind: 221
( ( 0.142857142857y + ( 0.111111111111x + 0.333333333333y ) ) + 0.333333333333y )
ind: 222
( ( ( 0.166666666667y * 1.0y ) + 0.25y ) * ( ( 0.2y * ( ( ( 0.333333333333y + 0.166666666667x ) + ( 0.142857142857y * 0.5x ) ) * ( 0.166666666667x * 0.125y ) ) ) + 1.0x ) )
ind: 223
( ( ( ( 0.2x * 0.2y ) * ( ( 0.125y + 0.25y ) + 0.166666666667x ) ) + 0.333333333333y ) + ( 0.2x + ( ( 0.1x * ( 0.142857142857y + 1.0y ) ) + 0.5y ) ) )
ind: 224
( ( 0.125x + ( 1.0y * 0.142857142857x ) ) + 0.5x )
ind: 225
( 0.2y + 0.142857142857x )
ind: 226
( 0.333333333333x * 0.333333333333y )
ind: 227
( ( ( ( ( 0.2x + ( 0.125y + 0.125y ) ) * 0.142857142857x ) + ( ( 0.333333333333x * 1.0y ) * 0.166666666667y ) ) * ( ( 0.5x * 0.142857142857x ) + 0.125y ) ) + 0.142857142857y )
ind: 228
( 0.142857142857y * 0.2x )
ind: 229
( 0.1y + 0.166666666667x )
ind: 230
( ( 0.1x + 0.125y ) + ( 1.0y * ( 0.25x + 0.111111111111y ) ) )
ind: 231
( ( 0.125x * 0.2y ) * ( ( 0.111111111111y + ( 1.0y * 0.142857142857x ) ) * ( ( ( ( 0.111111111111y * 0.166666666667y ) + ( 0.333333333333x * 0.166666666667x ) ) + ( ( 0.2y + 0.2x ) + ( 0.111111111111y + 0.166666666667y ) ) ) * ( ( 0.142857142857y + ( 0.166666666667y + 0.1x ) ) * ( ( 0.1x * 0.25y ) * 0.125x ) ) ) ) )
ind: 232
( ( ( 0.111111111111y + 0.333333333333x ) * 0.125y ) * ( 0.5y + 0.125y ) )
ind: 233
( ( ( 1.0x + 0.142857142857x ) + ( ( ( 0.5x * 0.125x ) * ( 0.5x + 0.166666666667y ) ) * 0.333333333333x ) ) + ( ( ( 0.25x * 0.125x ) * ( 0.166666666667y * 0.142857142857x ) ) * ( 1.0x + ( 0.142857142857y + 0.25y ) ) ) )
ind: 234
( 0.111111111111x * 1.0y )
ind: 235
( ( ( 0.111111111111x + ( ( 0.5x * 0.2y ) * 0.125x ) ) + ( 0.1x + 0.125x ) ) * ( 0.125x + ( ( ( 0.111111111111x * ( 0.333333333333y + 0.1y ) ) + 0.333333333333y ) + 0.5x ) ) )
ind: 236
( 0.25x + 1.0y )
ind: 237
( ( 0.125x + ( 0.111111111111y * 1.0y ) ) + 0.166666666667y )
ind: 238
( 0.125y * ( ( ( 0.2x + ( 0.5y * 0.142857142857x ) ) + ( ( ( 0.166666666667y + 0.333333333333x ) * 0.333333333333y ) * ( 0.2y * 0.142857142857x ) ) ) * ( ( ( 0.333333333333x + 0.333333333333x ) + 0.142857142857x ) * ( ( ( 0.166666666667y * 0.333333333333x ) * ( 0.166666666667y * 0.125y ) ) * 0.125x ) ) ) )
ind: 239
( 0.111111111111x + 0.142857142857y )
ind: 240
( 0.1x + ( 0.333333333333x * 0.125y ) )
ind: 241
( ( 0.1x + 1.0y ) + ( 0.111111111111x * ( 0.1x + 0.5x ) ) )
ind: 242
( ( 0.142857142857x + ( 0.5y * 0.1x ) ) * 0.333333333333x )
ind: 243
( ( ( ( 0.5y * 0.25y ) * 0.25y ) + ( ( ( ( 0.5x + 0.2x ) * 0.125y ) + ( 0.142857142857y * ( 0.111111111111x * 0.111111111111y ) ) ) * 0.111111111111x ) ) + 0.25y )
ind: 244
( ( ( ( 0.125y + 0.5y ) + ( ( 1.0x * ( 1.0y + 0.111111111111y ) ) * 0.111111111111x ) ) * ( 0.333333333333x * 0.333333333333y ) ) + ( 0.5y + 0.333333333333y ) )
ind: 245
( ( 0.111111111111y + ( 0.25x + 0.5x ) ) * 0.125x )
ind: 246
( 0.111111111111y * ( ( ( ( 1.0x + 0.142857142857y ) * ( 0.25x + ( 0.111111111111y + 1.0y ) ) ) + 0.125y ) * ( ( 0.5y * ( 1.0y + 0.2y ) ) * ( ( ( 0.111111111111y * 0.1x ) * 0.111111111111y ) * 0.2y ) ) ) )
ind: 247
( ( ( 1.0x * ( ( ( 1.0y * 0.333333333333y ) * ( 1.0x * 0.5x ) ) * 0.1y ) ) + ( ( 0.125x + ( 0.5x + ( 0.166666666667x + 0.333333333333y ) ) ) + 0.5y ) ) * ( 0.111111111111y + 0.142857142857x ) )
ind: 248
( ( ( ( 0.125y + 0.125x ) + ( 0.1x * 0.166666666667y ) ) + 0.25x ) + 0.333333333333x )
ind: 249
( ( ( ( ( 0.166666666667x + 0.125x ) * ( 1.0y * ( 0.142857142857x + 0.166666666667y ) ) ) + ( ( 0.25x + ( 0.166666666667x * 0.333333333333y ) ) * 0.2x ) ) + ( 0.125x + ( ( ( 0.5x + 0.142857142857x ) * ( 0.111111111111y * 0.1y ) ) + ( ( 0.333333333333y + 0.111111111111y ) + 0.166666666667x ) ) ) ) * 0.111111111111x )
ind: 250
( ( 0.125y + 0.333333333333x ) + ( ( ( ( 0.333333333333y * 0.333333333333x ) + ( 0.111111111111x * ( 0.125x * 0.125y ) ) ) + 0.1x ) + ( 0.333333333333y + 0.2y ) ) )
ind: 251
( ( ( 0.111111111111y + 0.125x ) + 0.142857142857x ) * 0.166666666667x )
ind: 252
( 0.1x * 0.142857142857y )
ind: 253
( ( 0.111111111111x * 0.1x ) * 0.111111111111y )
ind: 254
( 0.142857142857x * 0.125y )
ind: 255
( ( ( 0.166666666667x + 0.25x ) * 0.166666666667x ) * ( 0.2y + 0.5y ) )
ind: 256
( ( 0.2y * 0.166666666667x ) + 0.333333333333y )
ind: 257
( ( ( 0.111111111111y * ( 1.0x + 0.166666666667x ) ) * ( 0.25y * 0.125x ) ) * 0.142857142857y )
ind: 258
( ( ( ( ( ( 0.142857142857x + 0.1x ) * ( 0.142857142857x + 0.142857142857x ) ) * 0.142857142857y ) * ( ( ( 0.125x * 0.333333333333y ) * ( 0.142857142857y + 1.0y ) ) + 0.1y ) ) + ( ( ( 0.2y * 0.166666666667y ) * ( 0.2y + ( 0.2x * 0.166666666667y ) ) ) + 0.1y ) ) * 0.142857142857y )
ind: 259
( ( ( ( ( 0.25x * ( 0.2y * 0.111111111111x ) ) + 1.0x ) * ( 0.125y + ( 1.0y + 1.0x ) ) ) + ( ( ( 0.111111111111y * ( 0.25x + 0.111111111111x ) ) * 1.0x ) * ( ( ( 0.25x + 0.333333333333y ) + 0.1x ) + 1.0y ) ) ) + 0.125x )
ind: 260
( ( 0.166666666667y + ( 1.0x * 0.111111111111x ) ) + ( 0.125x * ( ( 0.125y + ( 0.2x + 1.0y ) ) + 0.5y ) ) )
ind: 261
( 0.333333333333x * ( ( 1.0y * ( 0.125x * 0.1y ) ) * ( 1.0y + 1.0y ) ) )
ind: 262
( 0.1y + ( ( 0.111111111111y * 0.125y ) * ( 0.142857142857y * 0.1x ) ) )
ind: 263
( ( ( ( ( 0.333333333333x + 0.166666666667x ) * ( 0.2y * ( 0.2x * 0.333333333333y ) ) ) * 0.2x ) * 1.0y ) * 0.25x )
ind: 264
( ( ( 0.333333333333y * 0.1x ) + 0.333333333333x ) + ( 0.5x * ( ( 0.142857142857x + ( 0.142857142857x * 0.142857142857x ) ) * ( ( 0.25x + ( 0.125x + 0.333333333333x ) ) + ( 0.333333333333y + ( 0.2x * 0.2x ) ) ) ) ) )
ind: 265
( ( 0.125x * 0.1x ) * ( 0.2y * ( 0.125y * ( ( ( 1.0x * 1.0y ) * ( 0.142857142857x + 0.125y ) ) + 0.111111111111y ) ) ) )
ind: 266
( 0.333333333333x + ( 0.333333333333x * ( ( 0.166666666667x + 1.0x ) * 0.111111111111y ) ) )
ind: 267
( 0.125y * 0.111111111111x )
ind: 268
( ( ( 0.5y + ( ( 0.1y * 0.5y ) * ( 0.25y * ( 0.5x + 0.25x ) ) ) ) * 0.142857142857x ) + ( ( ( ( ( 1.0y + 0.333333333333x ) * ( 0.166666666667x * 0.125x ) ) + ( 1.0x + ( 0.111111111111y * 0.166666666667y ) ) ) + 0.1y ) * ( 0.1x * ( 0.142857142857y + ( ( 0.5y + 0.166666666667x ) + ( 1.0x * 0.111111111111x ) ) ) ) ) )
ind: 269
( 1.0y + 0.125x )
ind: 270
( 0.111111111111x + ( 0.142857142857y + ( 0.1y + ( 0.5x * ( 0.5x + ( 0.333333333333y + 0.25y ) ) ) ) ) )
ind: 271
( ( 0.142857142857y * 0.166666666667y ) + 1.0x )
ind: 272
( 0.2x + 0.5y )
ind: 273
( ( ( ( ( 0.2y + 1.0y ) + ( 0.166666666667y * 0.1y ) ) * ( ( ( 1.0y + 0.1x ) * ( 0.166666666667x + 0.111111111111y ) ) + 0.1x ) ) * ( 0.2x + 0.5y ) ) * ( 0.111111111111x + ( 0.111111111111y * 0.2y ) ) )
ind: 274
( 1.0x + 0.1y )
ind: 275
( ( 0.333333333333y * ( ( ( 0.25y + ( 0.5y + 0.125y ) ) + 0.25x ) + 1.0x ) ) * 0.125x )
ind: 276
( 0.25y * 1.0x )
ind: 277
( ( 0.333333333333y * 0.1x ) + 0.125y )
ind: 278
( ( ( 0.333333333333y * 0.125y ) + 0.1x ) + ( ( 0.125x + ( 0.5x * ( 1.0x * ( 0.5x * 0.125x ) ) ) ) * ( ( 0.5y * 0.5y ) + 0.125x ) ) )
ind: 279
( 0.125y * ( ( ( 0.25x * 0.2y ) * ( ( 0.166666666667y + 0.333333333333x ) + 0.333333333333x ) ) + ( 0.2x + ( 0.2y * ( 0.166666666667x * 0.25x ) ) ) ) )
ind: 280
( ( 0.111111111111y * 0.111111111111y ) * ( ( ( 0.5y + ( ( 0.1y + 0.25y ) * ( 0.125y + 0.142857142857y ) ) ) + 0.5x ) + 0.333333333333y ) )
ind: 281
( 1.0y + ( ( 0.125x + 0.125y ) + 0.333333333333y ) )
ind: 282
( ( 0.2y + ( ( ( 0.166666666667y * 0.166666666667y ) + 0.166666666667x ) + ( ( 1.0x + 0.125y ) * 0.125y ) ) ) * ( 0.25x * 0.125y ) )
ind: 283
( 0.166666666667x + ( ( ( 0.125y * 0.166666666667x ) + 0.2x ) * 0.111111111111x ) )
ind: 284
( ( ( 0.1x * ( 1.0y * 0.2y ) ) + 0.5x ) * 0.25y )
ind: 285
( ( ( 0.166666666667y * ( ( ( 0.142857142857x + 0.2x ) * ( 0.1x + 0.333333333333x ) ) * ( 0.25x + 0.142857142857y ) ) ) + ( ( ( 0.5x * 0.166666666667y ) + 0.2y ) * ( 0.1x * ( 0.111111111111y * 0.111111111111y ) ) ) ) * ( ( 0.1x * 0.2x ) + 0.2y ) )
ind: 286
( 0.142857142857y + 1.0x )
ind: 287
( 0.166666666667x * ( 0.125x + 0.25y ) )
ind: 288
( ( ( 0.5y * 0.5y ) + ( ( 0.333333333333y * 1.0x ) + 0.2y ) ) * 0.1x )
ind: 289
( 0.111111111111y + ( 0.166666666667y + 1.0x ) )
ind: 290
( ( 0.142857142857y * ( 0.125y * 0.2x ) ) * 0.5y )
ind: 291
( 0.5y * 0.333333333333x )
ind: 292
( 0.125x + ( 0.111111111111y * ( 0.2y + 1.0y ) ) )
ind: 293
( ( ( 0.333333333333y + ( 0.166666666667x + 0.5x ) ) + 0.166666666667x ) + ( 0.166666666667x + 0.2y ) )
ind: 294
( ( 0.166666666667x * 0.333333333333x ) * ( 0.142857142857y + ( ( 0.1y + 0.25x ) + 0.333333333333x ) ) )
ind: 295
( 0.166666666667y * ( ( 0.333333333333x * 0.5x ) + ( 0.333333333333y + ( 0.1x + ( ( 1.0x * 0.25y ) * 0.111111111111y ) ) ) ) )
ind: 296
( 0.5x * ( 0.142857142857y * ( ( ( 0.142857142857y * 0.333333333333y ) + 0.125y ) * ( ( 0.111111111111x + ( 0.2x * 0.333333333333y ) ) + 0.111111111111y ) ) ) )
ind: 297
( ( ( 0.25x + ( 0.5x + 1.0x ) ) + 1.0y ) + 0.142857142857x )
ind: 298
( 0.25x + ( ( 0.2y * 0.111111111111y ) * 0.5y ) )
ind: 299
( ( ( ( ( 0.25y + ( 0.2y * 0.166666666667y ) ) * 0.111111111111x ) + 0.166666666667x ) * ( ( 0.25y + 0.5x ) + ( 0.25x * ( ( 0.166666666667x * 0.125x ) * ( 0.5x + 0.25x ) ) ) ) ) + 0.142857142857y )
ind: 300
( 0.111111111111x + 0.142857142857y )
Best Ind: ( 0.111111111111x + 0.142857142857y )
Fitness = 2.38180704024
Worst Ind: ( ( ( ( ( ( 1.0x * 0.25y ) + ( 0.1y + 1.0x ) ) * ( 0.25x * 0.5x ) ) * ( 0.25y + ( ( 0.1y * 0.333333333333y ) * ( 1.0x * 0.125x ) ) ) ) * 0.142857142857y ) * ( ( ( ( 0.166666666667y * ( 0.2x * 1.0x ) ) + ( 0.25y + ( 0.142857142857x + 0.333333333333y ) ) ) + 0.111111111111y ) * ( ( ( ( 0.166666666667y + 1.0y ) + 0.25x ) + ( 0.111111111111y * 0.111111111111y ) ) + ( ( 0.2x + 1.0y ) + ( ( 0.166666666667x * 0.333333333333x ) + ( 0.1y * 0.166666666667y ) ) ) ) ) )
Fitness = 87808240.4169
Avg Fitness = 309562.402217
Duplicated = 2
============================================================================
Evaluate Gen  1
New Population 491
Better than Dads 81
Best Ind: ( 0.111111111111x + 0.142857142857y )
Fitness = 2.38180704024
Worst Ind: ( ( 0.333333333333y * ( ( ( 0.25y + ( 0.5y + 0.125y ) ) + 0.25x ) + 1.0x ) ) * 0.125x )
Fitness = 465.682361283
Avg Fitness = 95.122488199
Duplicated = 9
============================================================================
Evaluate Gen  2
New Population 512
Better than Dads 109
Best Ind: ( 0.111111111111x + 0.142857142857y )
Fitness = 2.38180704024
Worst Ind: ( 0.2x + 0.5y )
Fitness = 63.9658802076
Avg Fitness = 25.9736994938
Duplicated = 22
============================================================================
Evaluate Gen  3
New Population 506
Better than Dads 121
Best Ind: ( 0.111111111111x + 0.142857142857y )
Fitness = 2.38180704024
Worst Ind: ( ( ( ( 0.5x * 0.125y ) + ( 0.166666666667x * 0.111111111111y ) ) * ( 0.333333333333y * ( 0.166666666667x * 0.125x ) ) ) + 0.25x )
Fitness = 30.2413949252
Avg Fitness = 17.334576846
Duplicated = 25
============================================================================
Evaluate Gen  4
New Population 517
Better than Dads 127
Best Ind: ( 0.111111111111x + 0.166666666667y )
Fitness = 2.30030133893
Worst Ind: ( ( 0.142857142857y + ( 0.333333333333x * 0.142857142857y ) ) * 0.142857142857y )
Fitness = 21.1590741539
Avg Fitness = 12.5376070583
Duplicated = 43
============================================================================
Evaluate Gen  5
New Population 495
Better than Dads 133
Best Ind: ( 0.111111111111x + 0.166666666667y )
Fitness = 2.30030133893
Worst Ind: ( 0.5x * ( 0.25y * 0.2y ) )
Fitness = 15.7361011467
Avg Fitness = 9.98744213711
Duplicated = 48
============================================================================
Evaluate Gen  6
New Population 499
Better than Dads 129
Best Ind: ( 0.111111111111x + 0.166666666667y )
Fitness = 2.30030133893
Worst Ind: ( ( ( 0.5x * 0.142857142857x ) + 0.111111111111y ) * 0.111111111111y )
Fitness = 12.541829151
Avg Fitness = 8.26964543478
Duplicated = 40
============================================================================
Evaluate Gen  7
New Population 504
Better than Dads 141
Best Ind: ( 0.111111111111x + 0.166666666667y )
Fitness = 2.30030133893
Worst Ind: ( ( ( 0.1x * 0.142857142857y ) * 0.125x ) + 0.1x )
Fitness = 10.1253523755
Avg Fitness = 7.03484428116
Duplicated = 46
============================================================================
Evaluate Gen  8
New Population 493
Better than Dads 125
Best Ind: ( 0.111111111111x + 0.166666666667y )
Fitness = 2.30030133893
Worst Ind: ( 0.5x * 0.111111111111y )
Fitness = 8.59979135813
Avg Fitness = 6.0127385821
Duplicated = 44
============================================================================
Evaluate Gen  9
New Population 496
Better than Dads 131
Best Ind: ( 0.111111111111x + 0.166666666667y )
Fitness = 2.30030133893
Worst Ind: ( 0.111111111111x + 0.333333333333y )
Fitness = 7.29775442534
Avg Fitness = 5.22441631756
Duplicated = 51
============================================================================
Evaluate Gen  10
New Population 508
Better than Dads 145
Best Ind: ( 0.111111111111x + 0.166666666667y )
Fitness = 2.30030133893
Worst Ind: ( 0.142857142857x + ( 0.1x * ( ( ( 0.125x * ( 0.1x * 0.1x ) ) * 0.142857142857x ) * ( 0.111111111111y + ( 0.2x * ( 0.125y * 0.1x ) ) ) ) ) )
Fitness = 5.9529540398
Avg Fitness = 4.62779803549
Duplicated = 60
============================================================================
Evaluate Gen  11
New Population 489
Better than Dads 132
Best Ind: ( 0.111111111111x + 0.166666666667y )
Fitness = 2.30030133893
Worst Ind: ( ( ( ( 0.2y * 0.111111111111y ) + ( 0.166666666667x * 0.111111111111y ) ) * ( 0.1y * ( 0.111111111111y * 0.25y ) ) ) + ( 0.111111111111y + 0.166666666667y ) )
Fitness = 5.3712612787
Avg Fitness = 4.24476274258
Duplicated = 72
============================================================================
Evaluate Gen  12
New Population 499
Better than Dads 152
Best Ind: ( 0.111111111111x + 0.166666666667y )
Fitness = 2.30030133893
Worst Ind: ( 0.142857142857x + ( 0.111111111111x * ( 0.125y * ( 0.111111111111y + ( 0.2x * ( 0.125y * 0.1x ) ) ) ) ) )
Fitness = 4.9639735468
Avg Fitness = 3.94487015151
Duplicated = 86
============================================================================
Evaluate Gen  13
New Population 510
Better than Dads 155
Best Ind: ( 0.111111111111x + 0.166666666667y )
Fitness = 2.30030133893
Worst Ind: ( 0.125x + ( 0.2y * 0.125x ) )
Fitness = 4.60468518985
Avg Fitness = 3.65107086035
Duplicated = 101
============================================================================
Evaluate Gen  14
New Population 484
Better than Dads 119
Best Ind: ( 0.111111111111x + 0.166666666667y )
Fitness = 2.30030133893
Worst Ind: ( ( 0.111111111111x * 0.111111111111y ) + 0.142857142857x )
Fitness = 4.31493035847
Avg Fitness = 3.39012292623
Duplicated = 108
============================================================================
Evaluate Gen  15
New Population 485
Better than Dads 131
Best Ind: ( 0.111111111111x + 0.166666666667y )
Fitness = 2.30030133893
Worst Ind: ( 0.111111111111y + ( ( 0.111111111111x * 0.111111111111y ) + 0.142857142857x ) )
Fitness = 3.94644060809
Avg Fitness = 3.13922259577
Duplicated = 132
============================================================================
Evaluate Gen  16
New Population 472
Better than Dads 129
Best Ind: ( 0.111111111111x + 0.166666666667y )
Fitness = 2.30030133893
Worst Ind: ( ( ( ( ( ( 0.5x * 0.125y ) + ( 0.166666666667x * 0.125x ) ) * ( 0.1y * ( 0.111111111111y * 0.125x ) ) ) + 0.111111111111y ) * 0.111111111111y ) + 0.166666666667x )
Fitness = 3.68745081291
Avg Fitness = 2.96621960532
Duplicated = 149
============================================================================
Evaluate Gen  17
New Population 476
Better than Dads 137
Best Ind: ( 0.111111111111x + 0.166666666667y )
Fitness = 2.30030133893
Worst Ind: ( ( 0.111111111111y * 0.111111111111y ) + ( 0.125x + ( 0.142857142857y * 0.166666666667y ) ) )
Fitness = 3.34512411795
Avg Fitness = 2.83288141484
Duplicated = 172
============================================================================
Evaluate Gen  18
New Population 469
Better than Dads 123
Best Ind: ( 0.111111111111x + 0.166666666667y )
Fitness = 2.30030133893
Worst Ind: ( 0.1y + 0.166666666667x )
Fitness = 3.12044431163
Avg Fitness = 2.73950831289
Duplicated = 196
============================================================================
Evaluate Gen  19
New Population 486
Better than Dads 131
Best Ind: ( 0.111111111111x + 0.166666666667y )
Fitness = 2.30030133893
Worst Ind: ( ( 0.142857142857x + 0.1y ) + ( 0.125y * 0.111111111111y ) )
Fitness = 2.95463147803
Avg Fitness = 2.63626271494
Duplicated = 214
============================================================================
Evaluate Gen  20
New Population 465
Better than Dads 119
Best Ind: ( 0.111111111111x + 0.166666666667y )
Fitness = 2.30030133893
Worst Ind: ( 0.125x + 0.1y )
Fitness = 2.74927307309
Avg Fitness = 2.57524076149
Duplicated = 239
============================================================================
Evaluate Gen  21
New Population 465
Better than Dads 116
Best Ind: ( 0.111111111111x + 0.166666666667y )
Fitness = 2.30030133893
Worst Ind: ( ( 0.1x + 0.1y ) + 0.125y )
Fitness = 2.6459004473
Avg Fitness = 2.53951217183
Duplicated = 252
============================================================================
Evaluate Gen  22
New Population 437
Better than Dads 102
Best Ind: ( 0.111111111111x + 0.166666666667y )
Fitness = 2.30030133893
Worst Ind: ( 0.142857142857x + 0.1y )
Fitness = 2.61824385848
Avg Fitness = 2.52433290845
Duplicated = 256
============================================================================
Evaluate Gen  23
New Population 457
Better than Dads 125
Best Ind: ( 0.111111111111x + 0.166666666667y )
Fitness = 2.30030133893
Worst Ind: ( 0.125y + 0.142857142857x )
Fitness = 2.59206080317
Avg Fitness = 2.50889410947
Duplicated = 264
============================================================================
Evaluate Gen  24
New Population 451
Better than Dads 103
Best Ind: ( 0.111111111111x + 0.166666666667y )
Fitness = 2.30030133893
Worst Ind: ( 0.111111111111y + 0.142857142857x )
Fitness = 2.58310048037
Avg Fitness = 2.49021452649
Duplicated = 266
============================================================================
Evaluate Gen  25
New Population 474
Better than Dads 130
Best Ind: ( 0.111111111111x + 0.166666666667y )
Fitness = 2.30030133893
Worst Ind: ( 0.142857142857y + 0.1x )
Fitness = 2.57944839786
Avg Fitness = 2.46930788278
Duplicated = 270
============================================================================
Evaluate Gen  26
New Population 450
Better than Dads 105
Best Ind: ( 0.111111111111x + 0.166666666667y )
Fitness = 2.30030133893
Worst Ind: ( 0.111111111111y + 0.125x )
Fitness = 2.56467148958
Avg Fitness = 2.44586143825
Duplicated = 271
============================================================================
Evaluate Gen  27
New Population 472
Better than Dads 118
Best Ind: ( 0.111111111111x + 0.166666666667y )
Fitness = 2.30030133893
Worst Ind: ( 0.166666666667y + 0.125x )
Fitness = 2.46610385698
Avg Fitness = 2.41582903581
Duplicated = 275
============================================================================
Evaluate Gen  28
New Population 463
Better than Dads 109
Best Ind: ( 0.111111111111x + 0.166666666667y )
Fitness = 2.30030133893
Worst Ind: ( ( 0.1y + 0.1x ) + 0.111111111111y )
Fitness = 2.45548025912
Avg Fitness = 2.40528983796
Duplicated = 280
============================================================================
Evaluate Gen  29
New Population 462
Better than Dads 105
Best Ind: ( 0.111111111111x + 0.166666666667y )
Fitness = 2.30030133893
Worst Ind: ( 0.125y + 0.125x )
Fitness = 2.44242245425
Avg Fitness = 2.39592459167
Duplicated = 284
============================================================================
Evaluate Gen  30
New Population 466
Better than Dads 105
Best Ind: ( 0.111111111111x + 0.166666666667y )
Fitness = 2.30030133893
Worst Ind: ( 0.125x + 0.125y )
Fitness = 2.44242245425
Avg Fitness = 2.38426937652
Duplicated = 284
============================================================================
Evaluate Gen  31
New Population 455
Better than Dads 85
Best Ind: ( 0.111111111111x + 0.166666666667y )
Fitness = 2.30030133893
Worst Ind: ( 0.125x + 0.142857142857y )
Fitness = 2.38895237793
Avg Fitness = 2.38121478802
Duplicated = 286
============================================================================
Evaluate Gen  32
New Population 441
Better than Dads 88
Best Ind: ( 0.111111111111x + 0.166666666667y )
Fitness = 2.30030133893
Worst Ind: ( 0.142857142857y + 0.125x )
Fitness = 2.38895237793
Avg Fitness = 2.38046150323
Duplicated = 286
============================================================================
Evaluate Gen  33
New Population 447
Better than Dads 94
Best Ind: ( 0.111111111111x + 0.166666666667y )
Fitness = 2.30030133893
Worst Ind: ( 0.142857142857y + 0.125x )
Fitness = 2.38895237793
Avg Fitness = 2.37948027868
Duplicated = 286
============================================================================
Evaluate Gen  34
New Population 451
Better than Dads 93
Best Ind: ( 0.111111111111x + 0.166666666667y )
Fitness = 2.30030133893
Worst Ind: ( 0.142857142857y + 0.125x )
Fitness = 2.38895237793
Avg Fitness = 2.37765906337
Duplicated = 286
============================================================================
Evaluate Gen  35
New Population 461
Better than Dads 104
Best Ind: ( 0.111111111111x + 0.166666666667y )
Fitness = 2.30030133893
Worst Ind: ( 0.142857142857y + 0.125x )
Fitness = 2.38895237793
Avg Fitness = 2.37637734487
Duplicated = 286
============================================================================
Evaluate Gen  36
New Population 452
Better than Dads 94
Best Ind: ( 0.111111111111x + 0.166666666667y )
Fitness = 2.30030133893
Worst Ind: ( 0.125x + 0.142857142857y )
Fitness = 2.38895237793
Avg Fitness = 2.37436393383
Duplicated = 286
============================================================================
Evaluate Gen  37
New Population 455
Better than Dads 89
Best Ind: ( 0.111111111111x + 0.166666666667y )
Fitness = 2.30030133893
Worst Ind: ( 0.111111111111x + 0.142857142857y )
Fitness = 2.38180704024
Avg Fitness = 2.37288864205
Duplicated = 288
============================================================================
Evaluate Gen  38
New Population 470
Better than Dads 95
Best Ind: ( 0.111111111111x + 0.166666666667y )
Fitness = 2.30030133893
Worst Ind: ( 0.111111111111x + 0.142857142857y )
Fitness = 2.38180704024
Avg Fitness = 2.37184484428
Duplicated = 288
============================================================================
Evaluate Gen  39
New Population 466
Better than Dads 87
Best Ind: ( 0.111111111111x + 0.166666666667y )
Fitness = 2.30030133893
Worst Ind: ( 0.142857142857y + 0.111111111111x )
Fitness = 2.38180704024
Avg Fitness = 2.37064678126
Duplicated = 288
============================================================================
Evaluate Gen  40
New Population 460
Better than Dads 98
Best Ind: ( 0.111111111111x + 0.166666666667y )
Fitness = 2.30030133893
Worst Ind: ( 0.111111111111x + 0.142857142857y )
Fitness = 2.38180704024
Avg Fitness = 2.36903856809
Duplicated = 288
============================================================================
Evaluate Gen  41
New Population 466
Better than Dads 109
Best Ind: ( 0.111111111111x + 0.166666666667y )
Fitness = 2.30030133893
Worst Ind: ( 0.142857142857y + 0.111111111111x )
Fitness = 2.38180704024
Avg Fitness = 2.36659425386
Duplicated = 288
============================================================================
Evaluate Gen  42
New Population 461
Better than Dads 86
Best Ind: ( 0.111111111111x + 0.166666666667y )
Fitness = 2.30030133893
Worst Ind: ( 0.111111111111x + 0.142857142857y )
Fitness = 2.38180704024
Avg Fitness = 2.36249353828
Duplicated = 288
============================================================================
Evaluate Gen  43
New Population 457
Better than Dads 112
Best Ind: ( 0.111111111111x + 0.166666666667y )
Fitness = 2.30030133893
Worst Ind: ( 0.111111111111x + 0.142857142857y )
Fitness = 2.38180704024
Avg Fitness = 2.35936738824
Duplicated = 288
============================================================================
Evaluate Gen  44
New Population 471
Better than Dads 123
Best Ind: ( 0.111111111111x + 0.166666666667y )
Fitness = 2.30030133893
Worst Ind: ( 0.111111111111x + 0.142857142857y )
Fitness = 2.38180704024
Avg Fitness = 2.35452694796
Duplicated = 287
============================================================================
Evaluate Gen  45
New Population 452
Better than Dads 123
Best Ind: ( 0.111111111111x + 0.166666666667y )
Fitness = 2.30030133893
Worst Ind: ( 0.111111111111x + 0.142857142857y )
Fitness = 2.38180704024
Avg Fitness = 2.34850863191
Duplicated = 287
============================================================================
Evaluate Gen  46
New Population 472
Better than Dads 124
Best Ind: ( 0.111111111111x + 0.166666666667y )
Fitness = 2.30030133893
Worst Ind: ( 0.142857142857y + 0.111111111111x )
Fitness = 2.38180704024
Avg Fitness = 2.33948932898
Duplicated = 287
============================================================================
Evaluate Gen  47
New Population 471
Better than Dads 123
Best Ind: ( 0.111111111111x + 0.166666666667y )
Fitness = 2.30030133893
Worst Ind: ( 0.1x + 0.2y )
Fitness = 2.36103736932
Avg Fitness = 2.32740943668
Duplicated = 289
============================================================================
Evaluate Gen  48
New Population 464
Better than Dads 112
Best Ind: ( 0.111111111111x + 0.166666666667y )
Fitness = 2.30030133893
Worst Ind: ( 0.1y + ( 0.1x + 0.1y ) )
Fitness = 2.36103736932
Avg Fitness = 2.31729583509
Duplicated = 289
============================================================================
Evaluate Gen  49
New Population 461
Better than Dads 102
Best Ind: ( 0.111111111111x + 0.166666666667y )
Fitness = 2.30030133893
Worst Ind: ( 0.166666666667y + 0.1x )
Fitness = 2.3147577946
Avg Fitness = 2.30762594314
Duplicated = 296
============================================================================
Evaluate Gen  50
New Population 452
Better than Dads 84
Best Ind: ( 0.111111111111x + 0.166666666667y )
Fitness = 2.30030133893
Worst Ind: ( 0.166666666667y + 0.1x )
Fitness = 2.3147577946
Avg Fitness = 2.30536109841
Duplicated = 296
