dataset_file= dataset/SR_ellipse_noise.txt
population= 300
generations= 50
tournament_size= 3
cross_over= 0.6
mutation= 0.3
elitism= True
(50, 2)
============================================================================
Build initial population
ind: 1
( ( ( ( ( 0.5x + ( 0.1x * 0.142857142857x ) ) + ( 0.25y * ( 0.1x + 0.111111111111x ) ) ) * 0.5x ) * ( ( 0.111111111111x * ( 0.25y * 0.333333333333x ) ) + 0.333333333333y ) ) * ( ( 0.2y * 0.125x ) + ( 0.25x + 0.142857142857y ) ) )
ind: 2
( ( ( 0.142857142857x * ( 0.333333333333y + ( 0.333333333333x + ( 0.125x + 0.25y ) ) ) ) * ( 0.1x + ( 0.333333333333x + 1.0y ) ) ) * 0.111111111111x )
ind: 3
( ( ( 0.5y + ( 0.1x + 0.142857142857x ) ) * 0.25y ) * 0.25y )
ind: 4
( ( 0.142857142857y * ( 0.125x + ( ( ( 0.142857142857y * 0.166666666667x ) * ( 0.2y * 0.2x ) ) * ( 0.2x + ( 0.1x * 0.333333333333y ) ) ) ) ) + ( 0.166666666667x + 0.333333333333x ) )
ind: 5
( ( ( ( 0.125y * ( 0.125x * 0.166666666667y ) ) * ( 1.0x * 0.5y ) ) * ( ( 0.142857142857y * 0.125y ) + ( 0.142857142857x * 0.2x ) ) ) * ( ( 0.25y + 0.142857142857y ) * 0.142857142857y ) )
ind: 6
( ( ( ( ( 1.0x * ( 0.333333333333x * 0.125y ) ) + ( 0.25y + 0.166666666667y ) ) + 0.5y ) * ( 0.1y + ( ( ( 0.2y * 0.111111111111x ) * ( 0.333333333333y * 0.25x ) ) + 0.2y ) ) ) + ( 0.111111111111x * ( 0.142857142857x + 0.166666666667x ) ) )
ind: 7
( 0.166666666667x + 0.25y )
ind: 8
( ( ( 0.25x + 0.111111111111x ) + ( 1.0y + 0.2x ) ) + 0.1x )
ind: 9
( ( ( 0.166666666667y * 1.0y ) * 0.25y ) + ( ( 0.5x + ( ( 0.333333333333x + ( 0.333333333333y + 0.25x ) ) * 0.1y ) ) + ( 0.111111111111x + ( 0.5x * ( 0.111111111111y * 0.1x ) ) ) ) )
ind: 10
( 0.111111111111x * 0.111111111111y )
ind: 11
( 0.25x * ( ( 0.125y + 0.166666666667x ) * 0.125x ) )
ind: 12
( 0.5x * ( ( ( ( 0.25y + ( 0.2x + 0.333333333333x ) ) * ( 0.333333333333y * ( 0.25y * 0.166666666667y ) ) ) + 0.2y ) * 0.25y ) )
ind: 13
( 1.0x + 0.166666666667y )
ind: 14
( ( ( ( 0.1y + ( ( 0.333333333333y * 0.25y ) + 0.166666666667y ) ) + ( ( ( 0.166666666667x * 0.142857142857x ) + 0.166666666667y ) * 0.25y ) ) + ( 0.125y + ( 1.0x + ( ( 0.1y * 0.333333333333y ) + ( 0.1x + 0.25x ) ) ) ) ) + ( ( ( 0.111111111111y * 1.0x ) + ( ( ( 0.142857142857x * 0.1y ) + 0.125x ) * 0.2y ) ) * 0.111111111111x ) )
ind: 15
( 0.25x * ( ( 0.142857142857x + ( ( ( 0.142857142857x * 0.333333333333y ) * ( 0.25x + 0.2y ) ) * 0.1y ) ) + 0.2x ) )
ind: 16
( ( 0.142857142857x * 0.166666666667y ) * ( ( 0.111111111111x + 0.25y ) + 0.1x ) )
ind: 17
( ( ( 0.5y * 0.5x ) * 1.0x ) * 1.0y )
ind: 18
( 0.142857142857y * 0.125x )
ind: 19
( ( 0.125y + ( ( 0.5x + 0.5y ) + 0.1x ) ) + 1.0y )
ind: 20
( ( ( ( ( 0.1y + ( 1.0y * 0.25y ) ) * ( 0.111111111111x * 0.25y ) ) * 0.25y ) * 0.1y ) + 0.125x )
ind: 21
( ( 0.25y * ( 0.333333333333y * 0.5x ) ) * ( 0.25y + ( 0.5y * ( 0.166666666667x * 0.142857142857x ) ) ) )
ind: 22
( 0.1x + 0.25y )
ind: 23
( ( ( ( ( 0.2x * 0.1x ) + 1.0x ) + ( ( 1.0y * ( 0.5y + 1.0y ) ) * ( 1.0x * ( 0.1x * 1.0x ) ) ) ) * ( ( 0.2x * 0.142857142857x ) * ( 0.142857142857y + 0.25x ) ) ) + ( 0.25y * 1.0x ) )
ind: 24
( ( ( 0.2y + ( ( 0.2x * ( 0.166666666667y * 0.111111111111y ) ) * 1.0x ) ) * ( ( 0.333333333333x * ( 0.125x + 0.125x ) ) * ( 0.111111111111x + 1.0y ) ) ) * ( ( ( ( ( 0.2y + 0.25y ) * ( 0.142857142857x * 0.333333333333y ) ) + 0.125x ) + ( ( ( 0.142857142857y * 0.166666666667y ) + 1.0y ) * ( ( 1.0y + 0.333333333333y ) + ( 0.1x + 0.25x ) ) ) ) + 0.142857142857x ) )
ind: 25
( 0.142857142857y + ( 0.333333333333x * 0.2y ) )
ind: 26
( ( ( 0.125x * ( ( ( 0.125x + 1.0x ) * ( 0.2y + 1.0x ) ) + ( 0.25y * 0.333333333333y ) ) ) + ( 0.2x + 0.142857142857y ) ) + 0.166666666667y )
ind: 27
( 0.1x * ( ( 0.142857142857y + ( 1.0y + ( 0.1y + 0.142857142857x ) ) ) * ( ( 1.0x + ( 0.2y * ( 0.125x + 1.0y ) ) ) + ( ( 0.111111111111x * 0.333333333333y ) + 0.2x ) ) ) )
ind: 28
( ( 0.142857142857y * 0.125x ) + ( 0.333333333333x + ( 0.1x + ( ( 0.166666666667y + ( 0.1x + 0.166666666667x ) ) * ( 0.2x + 0.2y ) ) ) ) )
ind: 29
( ( 1.0y + 0.111111111111x ) * 0.1x )
ind: 30
( 0.111111111111x + ( ( 0.111111111111y + 0.125y ) + ( ( ( ( 0.111111111111y + 1.0y ) + ( 0.166666666667y + 0.333333333333y ) ) * 0.125y ) + 0.166666666667y ) ) )
ind: 31
( 0.25y + ( ( ( 0.2x * ( ( 0.5y * 0.142857142857y ) * ( 0.2y * 1.0y ) ) ) + ( ( ( 0.1x + 0.142857142857x ) * 0.111111111111y ) + 0.166666666667y ) ) * ( 0.333333333333y * ( ( ( 0.25x + 0.25x ) + 0.166666666667y ) * ( 0.166666666667y * ( 0.166666666667y + 0.25x ) ) ) ) ) )
ind: 32
( ( 0.111111111111y * ( ( ( ( 1.0y + 0.1x ) * 1.0x ) * 0.25x ) + 0.2y ) ) + ( 0.5x + ( ( ( ( 0.125y + 0.2y ) + 0.25x ) + 0.125x ) * ( ( 0.25x * ( 1.0x + 0.111111111111y ) ) + 0.166666666667y ) ) ) )
ind: 33
( ( ( ( 0.125x + 0.125y ) + 0.5x ) * 0.142857142857y ) * 0.125x )
ind: 34
( 0.166666666667x + 0.142857142857y )
ind: 35
( ( 1.0y + 0.166666666667y ) + 0.111111111111x )
ind: 36
( ( 1.0x * ( 0.1x * ( ( ( 0.2y * 0.333333333333y ) * 1.0y ) + ( ( 0.333333333333x * 1.0y ) + ( 0.125y * 0.125y ) ) ) ) ) + 0.2y )
ind: 37
( ( 0.125y * ( 0.25x * ( 0.142857142857x + 0.5x ) ) ) * 1.0x )
ind: 38
( 0.333333333333y * ( ( ( ( ( 0.125x * 0.111111111111y ) + ( 0.333333333333y * 0.125y ) ) * 0.111111111111y ) * ( ( ( 0.5y * 0.5x ) * ( 1.0y * 0.2x ) ) + 0.5x ) ) + ( ( 0.142857142857y * 0.125y ) + ( 0.2x * 0.1x ) ) ) )
ind: 39
( 0.25y * ( ( 0.2x * 0.111111111111x ) * 0.5x ) )
ind: 40
( ( 0.2y * ( 0.5x * ( 0.2y * 0.111111111111y ) ) ) + 0.166666666667y )
ind: 41
( 0.166666666667x + 0.111111111111y )
ind: 42
( 1.0x + ( 0.125y + ( ( ( 0.5x * ( 0.142857142857y + 0.111111111111y ) ) * ( 0.142857142857x + 0.5y ) ) + ( ( ( 0.166666666667x + 0.5y ) + ( 0.5y + 0.111111111111y ) ) * 1.0x ) ) ) )
ind: 43
( ( 0.25x * ( 0.25x + ( 0.125y + ( 0.111111111111y * 0.142857142857x ) ) ) ) + ( ( ( 0.142857142857y + ( 0.166666666667x + 0.333333333333x ) ) + ( ( ( 0.25x + 0.5y ) * 0.166666666667x ) * ( ( 0.2x + 0.142857142857y ) + 0.1x ) ) ) * ( 1.0x * ( ( ( 0.333333333333x + 1.0y ) * 0.5x ) + 0.125y ) ) ) )
ind: 44
( 1.0x * ( 0.142857142857y * 0.111111111111y ) )
ind: 45
( 0.166666666667y + ( ( ( 0.125x + ( 0.5x * 0.2y ) ) + 0.2x ) * 1.0x ) )
ind: 46
( ( ( ( 0.125x + 0.2y ) * ( 0.333333333333x + 0.5x ) ) * ( 0.333333333333x * 0.142857142857y ) ) * ( ( ( 0.2x + 1.0y ) + 0.125y ) * 1.0x ) )
ind: 47
( 0.2x * ( ( ( 0.142857142857y + ( ( 0.5y + 0.166666666667y ) * 0.166666666667x ) ) + ( ( ( 0.2x + 0.25y ) + 0.25y ) * 0.333333333333y ) ) * ( 0.125x + ( 0.25x * 0.142857142857y ) ) ) )
ind: 48
( ( ( 0.2y * 0.166666666667y ) * 0.142857142857x ) * ( 0.142857142857x * 0.25x ) )
ind: 49
( 0.333333333333y * ( 1.0y * 0.333333333333x ) )
ind: 50
( 0.125y * ( ( 0.5y + ( ( 0.1x + 1.0y ) + 0.1x ) ) * ( ( ( 1.0y + 0.1x ) + ( ( 0.111111111111y * 0.111111111111y ) + ( 0.1x + 0.333333333333y ) ) ) * ( ( 0.5y + 1.0y ) + ( 0.111111111111y * 0.5x ) ) ) ) )
ind: 51
( ( ( ( ( ( 1.0x + 0.333333333333y ) * ( 0.111111111111x + 0.125y ) ) + ( ( 0.111111111111x + 0.125y ) * 0.2x ) ) * ( 0.142857142857y + ( ( 0.333333333333x + 0.142857142857y ) * ( 0.142857142857y + 0.25y ) ) ) ) + 0.25y ) + ( ( 0.2x + 0.5x ) * ( 1.0y * 1.0x ) ) )
ind: 52
( ( ( ( 0.2y + ( ( 0.25y * 1.0x ) * ( 0.333333333333x * 0.25y ) ) ) * ( ( ( 0.111111111111x * 0.142857142857x ) * 0.5x ) * 0.25y ) ) * ( ( 0.1x + ( ( 0.25x * 0.142857142857y ) + ( 0.111111111111x * 0.25y ) ) ) * ( ( ( 0.166666666667x + 0.333333333333x ) * ( 0.111111111111x + 0.111111111111x ) ) + ( ( 0.111111111111y * 0.2y ) + ( 0.111111111111y + 0.1x ) ) ) ) ) + ( 1.0x * ( ( 0.2y * ( ( 0.5y + 0.125x ) * 0.25y ) ) + 0.5x ) ) )
ind: 53
( ( 0.2x * 0.25x ) + ( 1.0x * ( 0.5y + 0.5x ) ) )
ind: 54
( ( 0.111111111111y + ( 1.0y + 0.25y ) ) + 0.5x )
ind: 55
( ( ( ( 0.166666666667y * ( ( 0.142857142857y * 0.125x ) * 0.5x ) ) * 0.25y ) * ( 0.2x + 1.0x ) ) + 1.0x )
ind: 56
( 0.111111111111x * ( ( ( 0.5x + 1.0x ) * 0.333333333333y ) * ( 0.2y + ( 0.25y * 0.2x ) ) ) )
ind: 57
( ( ( 0.166666666667y + ( 0.142857142857x + 0.125x ) ) * 0.125y ) + 0.125x )
ind: 58
( ( ( ( ( 0.1x + 0.333333333333x ) * ( 0.333333333333x + 0.125x ) ) + ( ( ( 0.125x + 0.333333333333y ) * 1.0y ) * ( 0.25x + 0.5x ) ) ) + 1.0x ) * 0.166666666667x )
ind: 59
( 0.125y * 0.25x )
ind: 60
( 0.25y + ( ( ( 0.125x + 0.25x ) + ( 1.0x + 0.1x ) ) * ( 0.2y * 0.166666666667y ) ) )
ind: 61
( 1.0y * ( ( ( ( ( 0.333333333333x * 0.125y ) + ( 0.333333333333x * 0.1x ) ) * 0.333333333333y ) * 0.5x ) * ( ( ( 0.166666666667x * 0.111111111111x ) + ( ( 0.25y + 1.0y ) * ( 1.0y + 0.2y ) ) ) + 0.142857142857x ) ) )
ind: 62
( 0.111111111111x + ( ( 0.333333333333y * ( ( 0.25x * 0.25x ) + 0.25x ) ) + 0.111111111111x ) )
ind: 63
( 0.1x + 0.2y )
ind: 64
( 0.25y + ( ( ( 0.142857142857y + 0.125x ) + 0.333333333333y ) + 0.125y ) )
ind: 65
( ( ( 0.5x + ( ( 0.2x * ( 0.111111111111x + 0.5x ) ) + 0.166666666667x ) ) + 0.1y ) + ( ( ( ( ( 0.2x + 0.5y ) + 0.142857142857y ) * ( ( 0.125x + 0.25x ) * 0.142857142857x ) ) + ( ( 0.142857142857y + ( 0.125y * 0.166666666667x ) ) + 0.125x ) ) * ( 0.142857142857y * 0.142857142857x ) ) )
ind: 66
( ( ( 1.0y + 0.333333333333x ) + 0.2y ) * 0.25x )
ind: 67
( 0.125y * ( ( ( 0.142857142857x + 0.166666666667x ) + ( ( ( 0.125x + 1.0x ) + ( 0.25y + 0.1x ) ) + 0.2x ) ) + ( 0.166666666667y + ( 0.2x * ( 1.0y * 0.166666666667x ) ) ) ) )
ind: 68
( 0.25x + ( 0.125y * 0.166666666667x ) )
ind: 69
( ( 0.5y + ( 0.142857142857y + 0.166666666667x ) ) * 0.25x )
ind: 70
( ( 0.125x + ( ( ( 1.0y * ( 0.111111111111x * 0.125y ) ) + 0.5x ) + 0.142857142857x ) ) + ( 0.111111111111x + ( 0.5x * 0.5x ) ) )
ind: 71
( ( ( 0.142857142857y + ( ( 0.333333333333x + 0.1x ) + ( ( 0.125x * 0.1x ) + 0.166666666667y ) ) ) * 1.0y ) * ( ( ( ( 0.25x * ( 0.333333333333y + 0.333333333333x ) ) + 0.25x ) * 0.5x ) * ( 0.142857142857y + 0.166666666667x ) ) )
ind: 72
( ( 0.2y + ( ( ( 0.5x * ( 0.111111111111y + 0.142857142857x ) ) * 0.5x ) * 0.1x ) ) + ( ( ( 1.0x + 0.111111111111y ) + 0.111111111111y ) + 0.5y ) )
ind: 73
( ( ( 0.166666666667x * 0.1x ) + ( ( 0.25y + 0.5y ) * ( 0.1x + ( 0.5y + 0.5x ) ) ) ) * 0.25y )
ind: 74
( ( 0.5y + ( 0.2y * ( 1.0x * ( ( 0.111111111111y * 0.5x ) + 0.166666666667x ) ) ) ) * ( ( ( ( 0.25x + ( 0.142857142857x + 0.5y ) ) + 0.333333333333y ) * ( ( ( 0.1x * 0.333333333333y ) * 1.0y ) + ( 0.142857142857y + 1.0x ) ) ) + 0.333333333333x ) )
ind: 75
( 0.166666666667x * ( 0.333333333333y * ( 0.2y * ( 1.0x + ( ( 0.111111111111x * 0.111111111111y ) * ( 0.125x * 0.5x ) ) ) ) ) )
ind: 76
( 0.25y * 0.125x )
ind: 77
( 0.333333333333y + 0.1x )
ind: 78
( 0.333333333333x * ( ( 0.166666666667y * 0.125x ) * ( ( ( ( 0.5x + 0.2x ) + 1.0y ) * 0.125x ) + 0.25x ) ) )
ind: 79
( 0.111111111111y + ( 0.111111111111y + 0.125x ) )
ind: 80
( 0.125y + ( 0.125x * ( 0.125y + 0.5x ) ) )
ind: 81
( ( ( 0.25x + ( 0.166666666667x * 1.0y ) ) + ( ( 0.333333333333x * 0.166666666667y ) * ( 0.1x * 0.2x ) ) ) + 0.2x )
ind: 82
( 0.142857142857y * ( ( ( ( ( 1.0y * 0.25x ) + 0.25x ) + 0.111111111111x ) + 0.166666666667x ) * ( 0.5y * ( ( ( 0.142857142857y + 0.5y ) * ( 0.1y + 1.0x ) ) * ( 0.25y + ( 0.166666666667y + 0.333333333333x ) ) ) ) ) )
ind: 83
( ( ( 0.25x * ( ( 0.111111111111y + 0.2y ) + 1.0y ) ) * ( ( ( 0.111111111111y * 0.2x ) + ( ( 0.111111111111y + 0.5x ) * ( 0.2y * 0.111111111111x ) ) ) + 0.166666666667x ) ) + ( 0.1y + 0.111111111111x ) )
ind: 84
( 0.166666666667y + ( 0.1y * ( ( ( ( 0.1x * 0.1x ) + 0.125y ) + 0.2x ) * 0.2x ) ) )
ind: 85
( 0.111111111111x + 0.2y )
ind: 86
( ( ( ( ( 0.166666666667y + 0.25x ) + ( ( 0.2x * 0.2x ) * 1.0y ) ) * 0.5y ) + 0.142857142857x ) + ( ( ( ( 1.0x + 0.333333333333y ) + ( ( 0.125y * 0.5y ) * 0.125y ) ) * ( ( 0.25y + ( 1.0x * 0.1x ) ) * 0.166666666667x ) ) + ( ( 0.2x + ( 0.1x * 0.1y ) ) * ( ( ( 0.125x + 0.111111111111x ) * 0.5x ) * ( ( 0.25y + 0.111111111111x ) * 1.0y ) ) ) ) )
ind: 87
( 0.1x * ( 0.1x + ( ( ( ( 0.142857142857x + 0.125y ) + ( 0.5y * 0.2y ) ) * ( ( 0.111111111111x * 0.111111111111y ) * ( 0.25y * 1.0x ) ) ) + 1.0y ) ) )
ind: 88
( ( ( ( 0.25y + 0.25x ) + 1.0y ) * ( 0.125y + 0.5x ) ) + ( ( ( ( ( 0.142857142857x + 0.142857142857x ) * ( 0.1x + 0.142857142857x ) ) * 0.1y ) + ( 0.25y * 0.1x ) ) + 0.125x ) )
ind: 89
( ( 0.1x * 1.0y ) * 0.166666666667y )
ind: 90
( ( ( ( ( 0.1x * 0.125y ) + 0.111111111111y ) * 0.142857142857y ) + 0.1y ) * ( 0.166666666667y * 0.142857142857y ) )
ind: 91
( ( ( ( ( 0.5y * 0.125x ) * ( ( 1.0y * 0.166666666667y ) + 0.125y ) ) * ( 0.142857142857y + 0.166666666667x ) ) * 0.5y ) * 0.2y )
ind: 92
( ( ( ( ( 0.333333333333y * ( 0.166666666667x + 0.142857142857x ) ) + ( 0.1x * 0.166666666667y ) ) + ( 0.142857142857y * ( ( 0.333333333333x + 0.166666666667y ) * 0.166666666667x ) ) ) * 0.111111111111x ) + 1.0y )
ind: 93
( 1.0x * 0.166666666667y )
ind: 94
( 0.333333333333x * ( ( 0.125x * ( 0.333333333333x + 0.125x ) ) + ( ( 0.5x * 0.166666666667y ) * ( 0.2x * 0.1y ) ) ) )
ind: 95
( 0.166666666667x + ( 0.125y * 0.2y ) )
ind: 96
( 0.25x * ( 0.2x * ( 0.142857142857y * 0.111111111111y ) ) )
ind: 97
( 1.0y + 0.333333333333x )
ind: 98
( ( 0.2y * 0.166666666667y ) * ( ( ( 0.166666666667y + 0.333333333333x ) * 0.333333333333y ) + ( ( 0.142857142857x * ( 0.2x + 0.125y ) ) + 0.5x ) ) )
ind: 99
( ( ( 0.125x * ( ( 0.111111111111y + 0.142857142857x ) * ( 0.1y + ( 0.142857142857y + 0.25y ) ) ) ) + ( ( 0.333333333333x * 0.333333333333x ) + 0.142857142857x ) ) + 0.142857142857y )
ind: 100
( 0.333333333333x + ( ( 1.0y + ( 0.111111111111y * 0.25x ) ) * 0.111111111111y ) )
ind: 101
( ( ( ( ( 0.125x + 0.125x ) * 0.142857142857y ) * 0.25y ) * ( 0.111111111111y * 0.142857142857x ) ) + ( 0.5y * ( 0.333333333333x * 1.0x ) ) )
ind: 102
( 0.333333333333x * ( ( 0.2x + 1.0y ) * ( ( 0.142857142857x + 0.111111111111y ) * ( 0.333333333333y * 0.2y ) ) ) )
ind: 103
( ( 0.25y * ( ( ( 0.5x * 0.125y ) * ( 0.166666666667y * 0.2x ) ) * ( ( 0.125y + ( 0.25x * 0.166666666667x ) ) * ( ( 1.0x + 1.0x ) + ( 0.2y * 1.0y ) ) ) ) ) * ( ( 0.25y * 0.166666666667y ) + ( ( 0.5x + ( ( 1.0y + 0.2x ) + ( 0.111111111111x * 0.142857142857x ) ) ) * ( ( 0.25y + 0.1x ) * ( 0.25x + 0.333333333333x ) ) ) ) )
ind: 104
( 0.2x * 0.111111111111y )
ind: 105
( 0.333333333333y * 1.0x )
ind: 106
( 1.0x + 0.333333333333y )
ind: 107
( ( ( ( 0.111111111111y + ( ( 0.25y + 0.125x ) + ( 0.1y * 0.1y ) ) ) * 0.5y ) * ( 0.142857142857y + 1.0x ) ) + 0.25x )
ind: 108
( ( 1.0y + ( ( ( ( 0.1y + 0.5x ) + 0.25y ) * 0.125y ) + ( ( ( 0.2y * 0.25y ) + ( 0.25x * 0.5y ) ) * 0.166666666667x ) ) ) * 0.5x )
ind: 109
( ( 0.1y * 0.166666666667y ) + ( ( ( 0.142857142857x * 0.25x ) + ( 0.111111111111y * ( ( 0.2x + 0.166666666667y ) + ( 0.111111111111x + 0.5y ) ) ) ) + 0.1y ) )
ind: 110
( ( ( 0.25y * 0.142857142857y ) + ( ( ( 0.1x * ( 0.111111111111x * 0.2x ) ) + ( 0.25y + ( 0.333333333333x * 0.5x ) ) ) * 0.5y ) ) + 0.5y )
ind: 111
( 1.0y + ( ( 0.142857142857x + 0.111111111111y ) * ( 0.1x + 0.1x ) ) )
ind: 112
( 0.125x * 0.142857142857y )
ind: 113
( ( 1.0x * 0.333333333333x ) + ( 0.142857142857y + 0.166666666667x ) )
ind: 114
( 0.111111111111y * ( ( ( 0.166666666667y * 0.2x ) * ( ( ( 0.142857142857y * 0.2x ) * 0.111111111111y ) + ( ( 0.25y + 1.0x ) + ( 0.142857142857y * 0.166666666667y ) ) ) ) + 0.25y ) )
ind: 115
( 0.111111111111y * ( ( ( 1.0x * ( ( 0.125y * 0.111111111111y ) * 0.1y ) ) * ( ( ( 0.125x + 0.5y ) * ( 0.125y + 0.333333333333y ) ) + ( ( 0.142857142857x * 0.25x ) + ( 0.125y * 0.142857142857y ) ) ) ) * ( 0.25x + 1.0x ) ) )
ind: 116
( 0.25x * 0.2y )
ind: 117
( ( 0.142857142857y + 0.142857142857y ) + ( 0.166666666667y + ( 0.111111111111x + 0.2y ) ) )
ind: 118
( 0.5x + ( 0.166666666667x + ( ( 1.0y + 0.2y ) * 0.125x ) ) )
ind: 119
( ( 1.0x * 0.25x ) * ( 0.333333333333y + 0.333333333333y ) )
ind: 120
( ( ( 0.1x + 0.111111111111x ) * ( ( ( 0.2x * ( 0.1y + 0.5y ) ) + 0.1y ) + 0.25y ) ) + 0.111111111111x )
ind: 121
( ( ( 0.111111111111x + ( ( 0.111111111111x * ( 0.333333333333y * 0.166666666667y ) ) + 0.1x ) ) * 0.1y ) * ( 1.0y * ( 1.0x * ( 0.333333333333y + 0.166666666667x ) ) ) )
ind: 122
( ( ( ( ( ( 0.166666666667y * 0.125x ) + ( 0.111111111111x + 0.2x ) ) + 0.2y ) + ( 0.1x + ( 0.25y * 0.111111111111y ) ) ) * 0.2x ) + 0.166666666667x )
ind: 123
( ( 0.111111111111y + 0.111111111111x ) * ( ( ( ( ( 0.111111111111x + 1.0x ) * ( 0.142857142857y + 0.2x ) ) + ( ( 0.142857142857y * 0.125y ) + ( 0.333333333333y * 0.5x ) ) ) + ( 0.5y + 0.166666666667y ) ) + ( 0.333333333333x * ( 0.1y * ( 0.111111111111y * 0.142857142857x ) ) ) ) )
ind: 124
( 0.1x * 0.125y )
ind: 125
( ( ( 0.111111111111x * ( 0.142857142857y * 0.166666666667x ) ) + ( ( 0.333333333333y * 1.0y ) * ( ( ( 0.1y + 1.0x ) + ( 0.333333333333x * 0.2y ) ) * 0.142857142857y ) ) ) + ( 0.111111111111y * ( ( 0.25y + 0.5y ) + 0.25y ) ) )
ind: 126
( ( 0.5y + 0.125y ) + 0.2x )
ind: 127
( ( 0.142857142857y * 0.166666666667x ) * ( 0.333333333333x * 0.333333333333y ) )
ind: 128
( 0.2x + ( ( 0.166666666667y + ( 0.1y + ( ( 0.111111111111y * 0.111111111111x ) * 0.333333333333y ) ) ) * ( 0.1y + 0.25y ) ) )
ind: 129
( 0.166666666667y + ( ( ( 0.111111111111y * 0.1x ) + 0.25y ) * ( 0.125x + 1.0x ) ) )
ind: 130
( ( 0.142857142857y + ( ( ( ( 0.166666666667y + 0.1y ) + 0.2y ) + 0.125x ) + ( 0.142857142857x * ( ( 0.2y + 0.25y ) + 0.333333333333y ) ) ) ) + ( ( ( ( ( 0.2y * 0.166666666667x ) * ( 0.142857142857y * 0.2x ) ) * ( ( 0.5x * 0.1x ) * 0.5x ) ) + 0.111111111111x ) * 0.1x ) )
ind: 131
( ( 0.2x + ( 0.142857142857x * 0.25y ) ) * 0.1y )
ind: 132
( ( 0.1y + ( ( ( 1.0x + ( 0.25y * 0.2x ) ) * ( ( 1.0y * 0.125y ) * ( 0.125y * 0.142857142857x ) ) ) * ( 0.1x * 1.0x ) ) ) * 0.142857142857y )
ind: 133
( 0.142857142857x + ( 0.1y * ( ( ( 0.333333333333y + ( 0.25y * 1.0x ) ) * 0.111111111111x ) * 0.125y ) ) )
ind: 134
( 0.25x + ( ( 0.1y + ( ( 0.25y + ( 1.0x * 0.125x ) ) + 0.142857142857y ) ) + 0.166666666667y ) )
ind: 135
( 0.1x + ( 0.166666666667y * 1.0x ) )
ind: 136
( 0.5x + ( ( 0.333333333333x * 0.1y ) * 0.5y ) )
ind: 137
( ( 0.25x * ( 0.5x + 0.1y ) ) * 0.142857142857x )
ind: 138
( ( 0.166666666667y * ( ( 0.333333333333x + ( ( 1.0x + 0.166666666667y ) + 0.2x ) ) * 0.1x ) ) + 0.1y )
ind: 139
( ( ( ( ( ( 0.166666666667x + 0.166666666667x ) + ( 0.5x * 0.111111111111x ) ) + 0.2x ) * 0.25y ) + ( ( ( ( 0.142857142857x * 0.5y ) * ( 1.0x * 0.125y ) ) + ( ( 0.166666666667x + 0.1y ) + ( 0.166666666667y * 0.142857142857y ) ) ) + ( ( ( 0.2x * 1.0x ) * ( 0.5y * 0.1x ) ) * ( ( 0.1y * 0.166666666667y ) + 0.1y ) ) ) ) + 0.25x )
ind: 140
( ( ( ( 0.5x * ( ( 0.333333333333y + 0.111111111111x ) + ( 0.1x * 0.5y ) ) ) * ( ( ( 0.166666666667y + 0.125x ) + ( 0.1y + 1.0x ) ) + ( 0.125y * 0.25x ) ) ) + 0.166666666667y ) + 0.25x )
ind: 141
( ( 0.1x + ( ( 0.166666666667x + 0.5x ) + 1.0y ) ) + 0.142857142857y )
ind: 142
( ( ( 0.2x * ( 0.125x + ( 0.333333333333x + ( 0.125y + 0.333333333333y ) ) ) ) * 0.111111111111y ) * 0.2x )
ind: 143
( ( 1.0y * ( 0.5y + 0.333333333333x ) ) + 0.166666666667x )
ind: 144
( ( 0.333333333333x * ( 0.5x * ( 0.5y + 0.166666666667y ) ) ) + ( 0.142857142857x + 1.0x ) )
ind: 145
( ( ( 0.166666666667y + ( ( 0.2x * ( 0.1x + 1.0x ) ) + ( ( 1.0x * 1.0x ) * ( 0.166666666667x * 0.1y ) ) ) ) + 0.142857142857x ) * ( 0.333333333333x + ( 0.125y + 0.142857142857x ) ) )
ind: 146
( ( ( 0.125x * 0.25y ) + ( 0.111111111111y + 0.166666666667x ) ) + ( 0.5y * ( 0.166666666667x * 0.2x ) ) )
ind: 147
( ( ( ( ( ( 1.0y * 0.2y ) * 0.1x ) + 0.125x ) * 0.2x ) * ( ( ( 0.25x + ( 1.0x * 0.166666666667y ) ) + 0.5x ) * ( ( ( 0.125x * 0.333333333333x ) * ( 0.2x * 0.111111111111x ) ) + 0.333333333333y ) ) ) + 1.0y )
ind: 148
( 0.333333333333y + ( ( ( 1.0x + 0.125y ) * 0.1y ) + 0.1x ) )
ind: 149
( ( ( 0.125x * ( 0.1x + 0.125y ) ) + 0.25x ) * 0.25x )
ind: 150
( 0.2x * ( 0.333333333333x + 0.5y ) )
ind: 151
( ( 0.25y * ( 0.25y * ( 1.0x + 0.1x ) ) ) * 0.166666666667x )
ind: 152
( 0.166666666667x * ( 0.125x + ( 0.1y * ( ( 0.25y * ( 1.0y + 0.333333333333x ) ) + ( 0.333333333333x + 0.111111111111x ) ) ) ) )
ind: 153
( ( ( ( 0.333333333333x + ( ( 0.125y * 0.1x ) * ( 0.125x + 0.25x ) ) ) + ( 0.25y * ( 0.111111111111x * ( 0.111111111111x + 0.142857142857y ) ) ) ) + 1.0y ) + ( ( ( 0.142857142857y * ( ( 0.2y * 0.333333333333y ) + ( 0.2x * 0.5x ) ) ) * 0.166666666667x ) + ( ( 0.333333333333x + ( ( 0.142857142857x + 0.2x ) + 0.166666666667y ) ) * ( ( ( 0.111111111111x * 0.2x ) + ( 0.142857142857y * 0.25x ) ) * ( ( 0.125y + 0.142857142857y ) * 0.166666666667x ) ) ) ) )
ind: 154
( 0.125y + ( 0.25x + 0.125y ) )
ind: 155
( 1.0x + ( 0.5x * 0.166666666667y ) )
ind: 156
( ( ( ( 0.111111111111y * 0.125x ) + 0.1x ) + 0.142857142857y ) * ( ( ( ( 0.111111111111y * ( 1.0y * 1.0y ) ) + 0.166666666667x ) + 0.166666666667y ) + 0.142857142857x ) )
ind: 157
( ( 0.111111111111y * 0.1x ) + ( 0.333333333333x * 0.333333333333x ) )
ind: 158
( ( ( ( ( ( 0.125x * 1.0x ) * ( 0.1x + 0.142857142857x ) ) + 0.25x ) * 0.166666666667y ) * ( 0.25y + ( 0.5x * 0.1x ) ) ) + ( 0.5y + ( ( 0.25y + 0.166666666667y ) * ( 0.2x + 0.5x ) ) ) )
ind: 159
( ( ( 0.166666666667y * ( 0.125x + ( 0.25x * 0.25x ) ) ) * ( ( ( 0.111111111111y + 0.166666666667x ) + ( 0.1x + ( 0.166666666667y + 0.25y ) ) ) * 0.125y ) ) * 0.1x )
ind: 160
( ( ( 0.2x * 0.333333333333x ) + ( ( ( 0.5y + 0.2x ) * 0.5x ) + 0.142857142857y ) ) + 0.25x )
ind: 161
( ( ( 1.0y + ( 0.142857142857y * ( 0.2x * ( 1.0y * 0.142857142857y ) ) ) ) * 0.2x ) + ( 0.111111111111y + ( ( 0.166666666667x * ( ( 0.333333333333x * 0.166666666667x ) + 1.0x ) ) * 1.0y ) ) )
ind: 162
( 0.125x * ( ( ( ( ( 1.0x + 0.25y ) + ( 0.333333333333y + 0.2y ) ) * ( 1.0x * ( 0.142857142857y + 0.25y ) ) ) * ( 0.333333333333y * 0.1y ) ) * 0.1x ) )
ind: 163
( 0.2x + 0.25y )
ind: 164
( 1.0y + ( ( 1.0x * 0.111111111111x ) + ( 0.142857142857y * 0.2y ) ) )
ind: 165
( 0.1y + ( 0.5x * 1.0x ) )
ind: 166
( ( ( 0.125y + ( ( ( 0.125y * 0.111111111111y ) + ( 0.2x * 0.166666666667x ) ) + ( ( 0.333333333333x * 0.166666666667y ) * ( 0.5y + 0.111111111111x ) ) ) ) + 1.0y ) + 0.166666666667y )
ind: 167
( 0.125x * ( ( ( 0.1x * ( 1.0y * ( 0.125x + 0.142857142857x ) ) ) + 0.1x ) * 0.5x ) )
ind: 168
( ( 0.111111111111x * ( 0.111111111111x * ( ( ( 0.111111111111y + 0.333333333333x ) * 0.111111111111y ) * 0.166666666667y ) ) ) + 0.166666666667y )
ind: 169
( 1.0y + ( 0.125x * ( ( 0.333333333333x * 0.142857142857y ) * ( ( 0.2y * ( 0.125y + 0.25y ) ) + 0.111111111111x ) ) ) )
ind: 170
( 0.1x + 0.142857142857y )
ind: 171
( ( 0.1x * 0.1y ) * 0.142857142857y )
ind: 172
( ( ( ( 0.1x * ( ( 0.333333333333y + 0.142857142857y ) + 1.0x ) ) + 0.166666666667y ) * ( 0.1x + ( ( 0.333333333333y + 0.2x ) * ( ( 0.125y + 0.5y ) * 0.125y ) ) ) ) * ( 0.142857142857x + 0.1x ) )
ind: 173
( ( 0.166666666667y + ( ( 0.5y + ( ( 0.111111111111y * 0.1x ) * ( 0.2x + 0.166666666667x ) ) ) + ( ( ( 0.1y + 0.25x ) + ( 1.0x * 0.2x ) ) + ( ( 1.0y * 1.0y ) * ( 0.111111111111y * 0.5x ) ) ) ) ) + ( ( ( 0.25y + ( ( 0.125y + 0.25y ) * ( 0.5x * 0.25x ) ) ) + ( ( ( 0.5y + 0.1x ) + ( 0.5y + 0.111111111111x ) ) * ( 0.125x * ( 0.166666666667x * 0.111111111111y ) ) ) ) + ( 0.166666666667y + 1.0x ) ) )
ind: 174
( ( ( ( 0.125x + ( ( 0.166666666667y + 0.142857142857y ) * 0.333333333333x ) ) + ( 0.1y * ( ( 0.333333333333x * 0.166666666667x ) * 0.2y ) ) ) * ( ( ( ( 0.25y + 0.111111111111x ) + ( 1.0y * 0.2x ) ) + 1.0y ) * 0.111111111111x ) ) + 0.25x )
ind: 175
( ( ( 0.125x + 0.2x ) * 0.5y ) * 0.142857142857x )
ind: 176
( 0.2x + 0.142857142857y )
ind: 177
( ( 0.25x + 0.25y ) * ( 0.166666666667x * 0.1y ) )
ind: 178
( ( 1.0x * 1.0y ) * ( 1.0x + 0.166666666667y ) )
ind: 179
( 0.111111111111y + 1.0x )
ind: 180
( 0.5y + ( ( ( ( 1.0x * ( 0.5x + 0.166666666667y ) ) * 1.0y ) + 0.25x ) * ( ( 0.25y + ( 0.1y * ( 0.142857142857x * 0.5y ) ) ) * ( 0.333333333333y + ( 0.166666666667x * 0.166666666667x ) ) ) ) )
ind: 181
( ( ( 0.1x + ( 0.1x * ( ( 0.1y * 1.0x ) + ( 1.0x + 0.1x ) ) ) ) + 0.2x ) * 0.5y )
ind: 182
( ( ( ( ( ( 0.125x + 0.111111111111x ) + 0.2y ) + 0.25x ) * ( ( 0.111111111111y + ( 0.25y * 0.125x ) ) * 1.0x ) ) + 0.25x ) * 0.2x )
ind: 183
( 0.333333333333y * ( 0.142857142857y * ( ( 0.25y * ( ( 0.5y + 0.166666666667x ) + ( 0.111111111111y + 0.166666666667x ) ) ) + ( ( 0.5y + 0.25y ) * ( ( 1.0x * 0.125y ) * ( 0.142857142857y * 0.25y ) ) ) ) ) )
ind: 184
( ( 1.0y * 0.2y ) + ( ( ( ( ( 0.125x * 0.1y ) * ( 0.25x + 0.25y ) ) + ( 0.333333333333x * 0.142857142857y ) ) * ( ( 1.0y + ( 0.333333333333x * 0.142857142857x ) ) * ( ( 0.142857142857y * 0.142857142857y ) + 0.2y ) ) ) + 0.25y ) )
ind: 185
( 0.142857142857x * 1.0y )
ind: 186
( 0.111111111111x * ( 0.25y * 0.5x ) )
ind: 187
( ( ( ( ( ( 1.0y + 0.2y ) + 0.111111111111y ) + ( 0.333333333333y + 0.333333333333x ) ) * 0.125x ) * 0.25x ) + ( 0.333333333333x * 0.125x ) )
ind: 188
( ( ( ( 0.1y * ( 0.166666666667x + 0.5y ) ) * ( ( 0.5x + ( 0.25x * 0.5y ) ) + ( 1.0x + ( 0.2x + 0.25x ) ) ) ) + 0.142857142857x ) + 1.0y )
ind: 189
( 0.166666666667x + ( 0.333333333333y + ( ( 0.333333333333x * 0.5y ) + ( ( 0.111111111111x + 0.333333333333x ) * 0.1x ) ) ) )
ind: 190
( 0.125x + ( ( ( 0.2y * 1.0y ) * ( ( ( 1.0y * 0.333333333333x ) * 0.125x ) * ( ( 0.1x + 0.2x ) + ( 0.142857142857y + 0.125y ) ) ) ) + 0.142857142857y ) )
ind: 191
( 0.333333333333y * ( ( ( ( ( 0.333333333333x * 1.0y ) * ( 0.2y * 0.25x ) ) + ( ( 0.111111111111y * 0.125x ) + ( 0.1x * 1.0y ) ) ) * ( ( ( 0.5x * 0.25y ) + 0.333333333333x ) + 1.0y ) ) + ( 0.2x + ( ( 0.111111111111y + ( 0.166666666667x + 0.166666666667x ) ) * 0.2x ) ) ) )
ind: 192
( ( 0.1x + ( 0.2y + 0.5x ) ) * 0.142857142857x )
ind: 193
( 0.25y + ( 1.0x + ( 0.25x + 0.125y ) ) )
ind: 194
( ( 0.25x * 1.0y ) + 0.25x )
ind: 195
( 0.142857142857x * ( 0.142857142857x + 0.25y ) )
ind: 196
( ( 1.0y + ( 0.5x + 1.0x ) ) + ( ( ( 0.125x * ( 0.2x * 0.1y ) ) * 0.125y ) * ( ( 0.5y + 0.25y ) + 0.166666666667x ) ) )
ind: 197
( ( ( 0.1y + ( ( ( 0.1x + 0.125y ) + 0.2y ) + ( ( 0.25x * 1.0y ) * ( 0.125x * 0.1y ) ) ) ) * ( ( 0.1x + ( ( 0.142857142857y * 1.0x ) + 0.2x ) ) * ( ( 1.0y * ( 0.25y + 1.0x ) ) + 0.125y ) ) ) * ( ( 0.166666666667y * ( 0.5y * ( 0.166666666667y + 0.166666666667x ) ) ) * ( ( ( ( 0.142857142857x * 0.333333333333y ) + ( 0.1y * 0.25x ) ) + 0.5x ) * ( 0.333333333333x + ( 0.25x + 0.2x ) ) ) ) )
ind: 198
( 1.0x * 0.166666666667y )
ind: 199
( ( ( 0.125x + 0.5x ) + ( ( 0.111111111111x * 0.111111111111y ) * ( ( 0.5x + 1.0y ) + 0.5x ) ) ) + ( ( 0.125y * ( ( 0.2x * ( 0.142857142857y * 0.25y ) ) * 0.166666666667x ) ) + ( ( 0.2x + ( ( 1.0x + 0.5y ) * 0.166666666667x ) ) * ( 0.166666666667x + 0.142857142857y ) ) ) )
ind: 200
( ( ( ( 0.166666666667y * 0.125x ) + 0.2x ) * ( 0.166666666667x * ( ( 0.25x * ( 0.5y * 0.25y ) ) + ( 0.111111111111y + 0.1y ) ) ) ) * 0.111111111111x )
ind: 201
( 0.1x * ( ( ( 1.0x + 0.5x ) + ( ( 0.111111111111y + ( 0.333333333333x + 0.1y ) ) + 0.166666666667x ) ) * 0.166666666667y ) )
ind: 202
( ( ( 0.142857142857x * 0.111111111111y ) * 0.2y ) * ( 0.166666666667y + ( 1.0x * 0.2y ) ) )
ind: 203
( ( ( ( 1.0x * 1.0x ) + ( ( 1.0x + ( 0.111111111111y + 0.111111111111x ) ) + 0.142857142857y ) ) * ( 0.111111111111x + 0.2x ) ) * ( ( ( 0.5y + ( 0.25y * 0.1x ) ) + ( ( 0.166666666667x + 0.25x ) * ( 0.166666666667y + ( 0.1y + 0.5x ) ) ) ) + ( 0.111111111111x * ( 0.25x * ( 0.111111111111x * 0.125x ) ) ) ) )
ind: 204
( ( ( 1.0y * ( 0.333333333333y + 0.111111111111y ) ) * ( ( 0.142857142857y + 0.1x ) * ( 0.142857142857y + 0.111111111111y ) ) ) + 0.2x )
ind: 205
( 0.125y * ( ( ( ( 0.2x * 0.111111111111y ) + 0.166666666667y ) + ( 0.333333333333x * ( 0.125x * 1.0x ) ) ) + 0.142857142857x ) )
ind: 206
( ( ( ( 0.333333333333y * ( ( 0.2x * 0.111111111111x ) * ( 0.111111111111y + 0.111111111111x ) ) ) + ( 1.0y * ( 0.1y + ( 0.333333333333x * 0.2y ) ) ) ) + 0.1x ) + 0.1y )
ind: 207
( ( ( 1.0x + 0.142857142857y ) + 0.125y ) + ( ( 0.2x * 0.2x ) * 0.111111111111y ) )
ind: 208
( ( 0.5x + 0.333333333333y ) + ( ( 0.142857142857x * ( ( ( 0.25y + 0.166666666667y ) * 0.166666666667x ) + 0.125x ) ) + ( 0.333333333333x * 0.1x ) ) )
ind: 209
( 0.2x + 0.111111111111y )
ind: 210
( ( 0.5y * 0.2y ) * ( 0.1x * ( 0.333333333333x * ( ( ( 0.333333333333y * 0.5x ) * 1.0y ) * ( ( 0.333333333333x + 0.125x ) * 0.333333333333y ) ) ) ) )
ind: 211
( 0.142857142857y + ( ( ( ( ( 0.5y * 0.5y ) * 0.1x ) + 1.0y ) + ( 0.5x + ( ( 1.0x * 0.125x ) * 0.1y ) ) ) + 0.142857142857y ) )
ind: 212
( 0.166666666667y * ( ( 0.125y * 0.2y ) + ( ( 0.142857142857x + 0.333333333333y ) + ( ( 0.166666666667y * ( 0.5x * 0.25x ) ) + 0.2y ) ) ) )
ind: 213
( 0.1x * ( ( ( ( 0.142857142857x + ( 0.1x * 0.166666666667y ) ) * ( ( 0.125y * 0.1x ) + 0.142857142857x ) ) * 0.2y ) * ( ( 0.166666666667x * 0.2x ) * ( ( ( 0.333333333333x + 0.25x ) + ( 0.25y * 0.333333333333x ) ) * 0.5x ) ) ) )
ind: 214
( 0.166666666667x + 0.2y )
ind: 215
( 0.333333333333x + ( 0.25x * ( 1.0y * ( ( ( 0.5x * 0.111111111111y ) + ( 0.2x * 0.25x ) ) + ( 0.142857142857y + ( 0.2x + 0.111111111111x ) ) ) ) ) )
ind: 216
( ( 0.5y + ( 1.0y + 0.142857142857x ) ) * ( 0.142857142857x * 0.111111111111y ) )
ind: 217
( ( ( ( 0.333333333333y * 1.0x ) * 0.2x ) + ( 0.1x + ( 0.166666666667y + ( ( 0.125x * 0.5x ) + ( 0.333333333333y + 0.125y ) ) ) ) ) * 0.142857142857y )
ind: 218
( 0.142857142857y * 0.2x )
ind: 219
( ( ( 0.25y * 0.5x ) + ( 0.125y + ( ( ( 0.111111111111y + 1.0x ) * ( 0.1y * 0.2y ) ) + 0.142857142857x ) ) ) * ( ( ( ( ( 0.5y + 0.25x ) + 1.0x ) + 0.111111111111x ) + 0.125y ) * 0.125y ) )
ind: 220
( ( ( ( ( ( 0.142857142857x * 0.166666666667y ) + 0.125y ) + 0.1x ) * ( 0.5y + 0.166666666667x ) ) + ( ( ( 1.0y * 0.25y ) + 0.333333333333y ) + 0.2x ) ) * ( 0.125x * 0.1y ) )
ind: 221
( 0.166666666667x * ( 0.2y + ( 0.125x * ( 0.1y + 0.1y ) ) ) )
ind: 222
( 0.1x + ( ( 0.2y + 1.0x ) * 0.1x ) )
ind: 223
( ( 0.142857142857y * ( ( ( 0.2x * 0.125y ) * ( 1.0y * ( 1.0x + 0.5y ) ) ) + ( 0.166666666667y * ( 0.25y * ( 0.333333333333y + 0.2y ) ) ) ) ) + 0.142857142857y )
ind: 224
( ( ( 0.125x * 1.0x ) * ( ( ( ( 0.142857142857x + 0.25x ) + ( 0.111111111111x * 0.125x ) ) * ( ( 0.111111111111x + 0.142857142857y ) * 0.25y ) ) + 0.2y ) ) * 0.111111111111x )
ind: 225
( ( ( 0.142857142857x + ( 0.333333333333x + ( 0.2x + 0.166666666667y ) ) ) * 0.111111111111x ) * ( ( ( ( ( 0.2y * 0.5x ) * ( 0.166666666667y * 0.142857142857y ) ) * 0.111111111111y ) * ( 0.125x + ( 0.1y + ( 0.1y * 0.25x ) ) ) ) * 0.142857142857y ) )
ind: 226
( ( 0.25x * 0.125y ) * ( ( 1.0y * ( 0.111111111111x * ( 0.5x + 0.1x ) ) ) * ( 0.111111111111x * 0.5x ) ) )
ind: 227
( 0.111111111111y * ( 0.142857142857x + ( 0.25x * 0.25y ) ) )
ind: 228
( 0.5x + ( 0.111111111111y + 0.111111111111x ) )
ind: 229
( 0.142857142857x * 0.166666666667y )
ind: 230
( ( ( 0.2y * 0.1x ) * 1.0x ) * 0.142857142857y )
ind: 231
( 0.333333333333x * ( ( ( ( 1.0y * 0.333333333333x ) + 1.0y ) + 0.2x ) + 0.111111111111y ) )
ind: 232
( 0.2x * ( ( 0.2x * ( ( 0.125x * 0.333333333333x ) + 0.1y ) ) * ( 0.142857142857y + ( 0.111111111111y + ( 0.142857142857x * ( 0.111111111111y * 0.333333333333x ) ) ) ) ) )
ind: 233
( 1.0y * ( ( 1.0x + 0.125x ) + 0.142857142857y ) )
ind: 234
( 0.1y * 0.111111111111x )
ind: 235
( ( 0.125x * ( 0.111111111111x + ( ( 0.333333333333y + ( 0.333333333333x * 0.2y ) ) + ( ( 0.2y + 0.333333333333y ) * 0.2y ) ) ) ) * ( ( ( 0.2x + ( ( 0.333333333333y + 0.333333333333x ) + 0.111111111111x ) ) * 0.333333333333x ) * 0.125x ) )
ind: 236
( 0.125y + ( ( 0.5x * ( 0.166666666667y + ( 0.5y + ( 0.142857142857y + 0.1x ) ) ) ) * ( ( 0.333333333333y * 0.2x ) * ( 1.0x + ( 0.142857142857x * ( 0.142857142857x + 0.111111111111x ) ) ) ) ) )
ind: 237
( ( ( 0.5x * ( 1.0x + ( 0.2y + ( 0.5y + 0.125y ) ) ) ) * ( 1.0y + 0.125x ) ) * 0.166666666667y )
ind: 238
( ( 0.166666666667y * ( ( ( 0.111111111111y + 0.142857142857x ) * ( ( 0.111111111111x + 0.111111111111x ) * 0.142857142857y ) ) * ( 0.125y * 0.2x ) ) ) + ( ( ( ( ( 1.0x + 0.1x ) + 0.333333333333y ) + ( ( 0.333333333333x * 0.125y ) + 0.25x ) ) + ( 0.333333333333x + ( ( 1.0x + 0.166666666667y ) * ( 0.111111111111y + 0.125x ) ) ) ) + ( 0.125y * 1.0y ) ) )
ind: 239
( ( 0.333333333333y + 1.0x ) * ( 0.125x * 1.0x ) )
ind: 240
( ( ( 0.166666666667y + 1.0y ) * 0.2y ) * ( 0.25x + ( ( ( ( 0.5x + 0.125x ) + ( 0.25y * 0.2y ) ) * ( ( 0.2y * 0.333333333333y ) * 0.25y ) ) + ( 0.111111111111x + ( ( 0.333333333333y + 0.111111111111y ) * ( 0.1x * 0.125y ) ) ) ) ) )
ind: 241
( ( 0.125x + 0.333333333333x ) + 0.333333333333y )
ind: 242
( ( ( 0.111111111111y + 0.5x ) * ( ( ( ( 0.5x + 1.0y ) * ( 0.111111111111y * 1.0x ) ) + 0.5x ) * 0.1x ) ) * ( 0.25x + ( 0.142857142857x * 0.25y ) ) )
ind: 243
( ( ( 0.142857142857y + 0.111111111111x ) * 0.166666666667y ) + ( ( ( ( 0.142857142857y + ( 0.166666666667x * 0.5y ) ) * 1.0y ) * ( 0.125x * 0.5y ) ) + 0.166666666667y ) )
ind: 244
( 0.2y * ( ( ( 0.1x + ( ( 0.111111111111x * 0.25x ) * ( 0.1y * 0.5x ) ) ) * 0.125y ) + ( ( ( ( 1.0y * 0.142857142857y ) + 0.111111111111y ) * ( 0.166666666667x * ( 0.111111111111x * 0.25y ) ) ) * ( 0.5y * 0.333333333333x ) ) ) )
ind: 245
( ( 1.0y * 0.333333333333y ) * 0.2x )
ind: 246
( ( 0.1x + 0.166666666667y ) * 0.333333333333y )
ind: 247
( 0.111111111111y + ( ( ( 0.166666666667x + 0.142857142857y ) * 0.125y ) * ( 0.111111111111y + ( 0.333333333333y + ( 0.111111111111y + 0.1x ) ) ) ) )
ind: 248
( 0.125y + 0.166666666667x )
ind: 249
( ( 0.25x + 0.111111111111y ) * ( ( ( 0.25y + 0.142857142857y ) + 0.142857142857y ) * ( 0.5x + ( ( 0.166666666667x + ( 0.166666666667x * 0.2x ) ) * ( 0.125x * ( 0.333333333333x * 0.25y ) ) ) ) ) )
ind: 250
( ( ( 0.166666666667y + 0.333333333333y ) + 1.0x ) + ( ( 0.166666666667x * ( ( 0.125x * 0.166666666667x ) + ( 0.111111111111y * ( 0.142857142857y * 0.5y ) ) ) ) + ( 0.5x + 0.1y ) ) )
ind: 251
( 1.0x * ( 0.125x + ( ( 0.166666666667x * ( 0.166666666667x * ( 0.142857142857y + 0.5y ) ) ) + ( 0.25x + ( ( 0.25x * 0.111111111111y ) + ( 0.333333333333x + 0.5y ) ) ) ) ) )
ind: 252
( 0.111111111111x * ( ( 0.25y * 0.111111111111y ) * 0.25y ) )
ind: 253
( ( ( ( 0.2y + ( ( 0.5y * 0.5y ) * ( 0.125y + 1.0y ) ) ) + 0.166666666667x ) + ( 0.25y + ( 1.0x + ( ( 0.125y + 0.2y ) + 0.111111111111y ) ) ) ) + ( 0.125y + 0.2y ) )
ind: 254
( ( 0.1x * ( 0.166666666667y + ( 0.2x * ( 0.333333333333x * ( 0.2y + 0.2x ) ) ) ) ) * ( ( 0.333333333333x * 0.111111111111y ) + ( 0.142857142857x + 0.5x ) ) )
ind: 255
( ( ( ( 0.125y + 1.0x ) + 1.0x ) * ( ( ( 0.142857142857x + ( 0.125x + 0.1x ) ) * 0.142857142857x ) * ( 0.333333333333x + ( 0.1x * 0.333333333333x ) ) ) ) + 0.333333333333x )
ind: 256
( ( ( ( ( ( 1.0x * 0.1y ) * 0.25y ) * ( ( 1.0x + 0.125x ) * ( 0.125x + 0.25x ) ) ) + 0.333333333333x ) * ( 0.142857142857y * 0.125x ) ) * ( ( 0.142857142857y * ( ( ( 0.166666666667x * 0.5x ) + 0.2x ) * 0.142857142857x ) ) + 0.2y ) )
ind: 257
( 1.0y * ( 0.25y * 0.333333333333x ) )
ind: 258
( ( 0.1x * 0.166666666667x ) * ( 0.125y * 0.5y ) )
ind: 259
( 0.125y + 0.25x )
ind: 260
( ( ( 0.333333333333x + 0.142857142857x ) * 0.2y ) + ( 0.166666666667x * 0.125x ) )
ind: 261
( ( 0.25x * ( ( ( ( 0.2y * 0.142857142857y ) + ( 0.25y + 0.333333333333x ) ) + ( 0.2x + ( 0.25y + 0.5y ) ) ) + 0.25x ) ) + ( 0.111111111111x + 0.333333333333y ) )
ind: 262
( 0.5x + ( 0.166666666667y + 0.333333333333x ) )
ind: 263
( ( 1.0x + ( 0.2x + ( ( 0.142857142857x * ( 1.0y + 0.25y ) ) * 0.1y ) ) ) + 0.2x )
ind: 264
( 0.142857142857y * 0.111111111111x )
ind: 265
( 0.5y + 1.0x )
ind: 266
( ( ( ( 0.125y + 0.333333333333y ) * 0.5y ) * 0.111111111111y ) * 0.2x )
ind: 267
( ( ( ( 0.111111111111y * 0.5x ) + ( 0.125y + 0.25y ) ) + ( 0.111111111111x + ( 0.142857142857y + 0.25y ) ) ) * 1.0y )
ind: 268
( 0.25y * 0.142857142857x )
ind: 269
( 0.1x * ( 0.2x + ( 0.1x * ( ( ( 0.125x * 0.142857142857x ) + ( 0.1y + 0.2x ) ) + ( ( 1.0x * 0.111111111111x ) * ( 0.1y * 0.25y ) ) ) ) ) )
ind: 270
( ( 0.5x * 0.2x ) + ( 0.5y * 0.2x ) )
ind: 271
( ( ( 1.0y * 0.166666666667x ) + ( 0.125x + 0.166666666667x ) ) * 1.0x )
ind: 272
( ( ( 0.125x * ( ( 0.111111111111y * 0.1y ) * ( ( 0.25y + 0.2y ) + ( 0.2x * 0.125y ) ) ) ) + 0.142857142857x ) + 0.2y )
ind: 273
( ( 0.111111111111y * 0.1x ) * 0.2y )
ind: 274
( ( 0.2y + 0.5y ) + ( ( 0.333333333333y * ( 0.5y + 0.166666666667x ) ) + ( 0.25y * 0.1y ) ) )
ind: 275
( 0.111111111111y * ( 0.333333333333y * 0.125x ) )
ind: 276
( ( ( ( 1.0y * ( 0.111111111111x * 0.142857142857x ) ) + 0.2x ) * 0.166666666667y ) + ( ( ( 0.5x + 1.0y ) * ( ( 0.25y + 0.111111111111x ) + 1.0y ) ) * 0.166666666667y ) )
ind: 277
( ( ( 0.125y + ( ( 0.2y * ( 0.1y + 0.142857142857y ) ) * 0.5x ) ) + ( ( 0.1y + ( 0.125x * 0.111111111111y ) ) * ( ( ( 0.166666666667y + 0.333333333333x ) * ( 0.5y + 0.25x ) ) + 0.111111111111y ) ) ) * 0.5x )
ind: 278
( 0.111111111111y + ( ( ( ( 0.333333333333x * 0.333333333333y ) * ( 0.111111111111x * 0.142857142857x ) ) * ( 0.2y * ( 0.1y + ( 0.2y * 0.333333333333y ) ) ) ) + 0.2y ) )
ind: 279
( 0.125x * 0.2y )
ind: 280
( ( ( 0.333333333333x * 0.1x ) * ( 0.125y + ( ( 0.166666666667x + 1.0y ) + ( 0.25y + 0.25y ) ) ) ) * 0.142857142857x )
ind: 281
( ( 0.5x + 0.2x ) * 0.25y )
ind: 282
( 0.25x * ( ( 0.166666666667y * 0.142857142857y ) * ( ( ( 0.5x + 0.125y ) + 0.1x ) + 0.142857142857y ) ) )
ind: 283
( ( ( ( ( ( 0.125x * 0.142857142857x ) * 1.0x ) + 0.111111111111x ) * ( 0.25x * 0.25y ) ) + 0.166666666667x ) + 0.1y )
ind: 284
( ( 1.0y * 1.0x ) + 0.2x )
ind: 285
( ( 0.125y * 0.166666666667y ) * 0.142857142857x )
ind: 286
( ( ( ( ( ( 0.25x * 1.0y ) * 0.166666666667x ) * ( ( 0.1y * 0.333333333333y ) * ( 0.125x * 0.142857142857x ) ) ) * 0.25x ) + ( 0.142857142857x * 0.125x ) ) * ( ( 0.142857142857y * 0.25y ) + ( ( 0.5y * ( ( 0.1y + 1.0x ) * ( 0.333333333333x + 1.0x ) ) ) * ( 0.125x + 1.0y ) ) ) )
ind: 287
( ( 0.142857142857x * ( 0.111111111111y * 0.166666666667y ) ) * 0.166666666667x )
ind: 288
( ( 0.5x + ( 0.111111111111y + 1.0x ) ) * 0.333333333333y )
ind: 289
( 0.333333333333x * 0.142857142857y )
ind: 290
( ( ( ( 0.25x + 0.166666666667y ) * ( ( 0.111111111111x * 0.1y ) * ( ( 1.0y + 0.166666666667x ) + ( 0.111111111111y + 0.2y ) ) ) ) + ( 0.5x * 0.111111111111x ) ) + ( ( ( 0.2y * ( 1.0y + ( 0.5x * 0.125y ) ) ) + 0.333333333333y ) + ( ( ( 0.2y + 0.5y ) * 0.1x ) + 0.142857142857y ) ) )
ind: 291
( 0.25y + ( ( 0.1y + ( 0.25x + ( 0.2x * ( 0.166666666667y + 0.25x ) ) ) ) + ( 0.25y + 0.2y ) ) )
ind: 292
( 0.166666666667x + ( ( ( ( 0.166666666667y + 0.5x ) * 0.333333333333x ) + ( ( ( 0.2x + 0.333333333333y ) * ( 0.333333333333x * 0.166666666667y ) ) + 0.125y ) ) * ( 0.25x * 0.142857142857x ) ) )
ind: 293
( ( 0.142857142857y * ( ( ( ( 0.1y + 0.125x ) + ( 0.333333333333y + 0.2x ) ) + 0.125y ) * ( ( 0.2y + 0.142857142857x ) * 0.1y ) ) ) + 0.111111111111y )
ind: 294
( ( ( ( ( 0.125y + 0.125y ) + 0.5y ) * ( 0.111111111111x * ( ( 0.142857142857x * 0.333333333333y ) + ( 0.2y * 0.142857142857x ) ) ) ) * ( 0.25y * ( 1.0x * 1.0y ) ) ) + 0.166666666667x )
ind: 295
( 0.5y * 0.125x )
ind: 296
( 0.142857142857y + ( 0.142857142857x * ( ( 0.333333333333y + 0.142857142857x ) + 0.1x ) ) )
ind: 297
( ( 0.5y * 0.2x ) * ( 0.5y + ( ( 0.125y * 0.111111111111x ) * ( ( ( 0.333333333333y + 0.166666666667x ) * ( 0.111111111111x * 0.333333333333x ) ) * ( ( 0.5y + 0.166666666667x ) + ( 0.333333333333x * 0.166666666667x ) ) ) ) ) )
ind: 298
( 0.142857142857y * ( 0.111111111111x + 0.5y ) )
ind: 299
( ( 0.142857142857x * 0.5y ) + ( ( ( ( 0.111111111111x * ( 0.1x + 0.2y ) ) * 0.111111111111y ) + 0.2x ) + 0.333333333333y ) )
ind: 300
( ( ( 0.125y + 0.1y ) * ( ( 0.333333333333x * 0.142857142857x ) * ( ( ( 0.1y + 0.2x ) * ( 0.125y * 0.142857142857x ) ) * ( 0.333333333333x + 0.125x ) ) ) ) + 0.25x )
Best Ind: ( 0.1x + 0.2y )
Fitness = 2.36103736932
Worst Ind: ( ( ( 0.1y + ( ( ( 0.1x + 0.125y ) + 0.2y ) + ( ( 0.25x * 1.0y ) * ( 0.125x * 0.1y ) ) ) ) * ( ( 0.1x + ( ( 0.142857142857y * 1.0x ) + 0.2x ) ) * ( ( 1.0y * ( 0.25y + 1.0x ) ) + 0.125y ) ) ) * ( ( 0.166666666667y * ( 0.5y * ( 0.166666666667y + 0.166666666667x ) ) ) * ( ( ( ( 0.142857142857x * 0.333333333333y ) + ( 0.1y * 0.25x ) ) + 0.5x ) * ( 0.333333333333x + ( 0.25x + 0.2x ) ) ) ) )
Fitness = 318304528.495
Avg Fitness = 1186381.48038
Duplicated = 1
============================================================================
Evaluate Gen  1
New Population 437
Better than Dads 63
Best Ind: ( 0.1x + 0.2y )
Fitness = 2.36103736932
Worst Ind: ( ( 0.5x + 1.0y ) + 0.5x )
Fitness = 1777.63840876
Avg Fitness = 312.078343466
Duplicated = 7
============================================================================
Evaluate Gen  2
New Population 421
Better than Dads 55
Best Ind: ( 0.1x + 0.2y )
Fitness = 2.36103736932
Worst Ind: ( 0.333333333333y * 1.0x )
Fitness = 362.073175141
Avg Fitness = 87.0090210575
Duplicated = 12
============================================================================
Evaluate Gen  3
New Population 431
Better than Dads 63
Best Ind: ( 0.1x + 0.2y )
Fitness = 2.36103736932
Worst Ind: ( ( 0.125x + 0.333333333333x ) + ( 0.125y * 0.5y ) )
Fitness = 111.230730149
Avg Fitness = 37.6252472073
Duplicated = 19
============================================================================
Evaluate Gen  4
New Population 443
Better than Dads 61
Best Ind: ( 0.1x + 0.2y )
Fitness = 2.36103736932
Worst Ind: ( ( ( 0.142857142857x * 0.166666666667y ) * 0.2y ) * 0.1x )
Fitness = 42.9187507129
Avg Fitness = 22.3874884627
Duplicated = 13
============================================================================
Evaluate Gen  5
New Population 436
Better than Dads 72
Best Ind: ( 0.1x + 0.2y )
Fitness = 2.36103736932
Worst Ind: ( ( ( 1.0y * ( 0.125y * 0.142857142857x ) ) + ( ( ( 0.333333333333y + 0.125y ) + ( 0.5y * 0.166666666667x ) ) * 0.25y ) ) * 0.166666666667y )
Fitness = 31.0314532587
Avg Fitness = 17.7399181114
Duplicated = 16
============================================================================
Evaluate Gen  6
New Population 431
Better than Dads 90
Best Ind: ( 0.1x + 0.2y )
Fitness = 2.36103736932
Worst Ind: ( 0.25x * ( 0.142857142857y * 0.142857142857x ) )
Fitness = 25.5279870603
Avg Fitness = 15.2838072446
Duplicated = 18
============================================================================
Evaluate Gen  7
New Population 424
Better than Dads 83
Best Ind: ( 0.1x + 0.2y )
Fitness = 2.36103736932
Worst Ind: ( ( 0.125x * 0.166666666667x ) * ( 0.333333333333x * 0.333333333333y ) )
Fitness = 21.753076221
Avg Fitness = 13.6101013216
Duplicated = 21
============================================================================
Evaluate Gen  8
New Population 433
Better than Dads 94
Best Ind: ( 0.1x + 0.2y )
Fitness = 2.36103736932
Worst Ind: ( ( ( 0.142857142857y + 0.2x ) * ( 0.166666666667x * 0.125x ) ) * 0.111111111111x )
Fitness = 18.8928968036
Avg Fitness = 12.0656627972
Duplicated = 30
============================================================================
Evaluate Gen  9
New Population 427
Better than Dads 97
Best Ind: ( 0.1x + 0.2y )
Fitness = 2.36103736932
Worst Ind: ( ( ( ( 0.2x + ( 0.25y * 0.125y ) ) * 0.1y ) + 0.25y ) * ( 0.25y * 0.142857142857x ) )
Fitness = 17.1966623419
Avg Fitness = 10.9639175135
Duplicated = 25
============================================================================
Evaluate Gen  10
New Population 435
Better than Dads 98
Best Ind: ( 0.1x + 0.2y )
Fitness = 2.36103736932
Worst Ind: ( ( 0.166666666667y * 1.0x ) * 0.142857142857y )
Fitness = 15.0044307388
Avg Fitness = 9.89707658907
Duplicated = 35
============================================================================
Evaluate Gen  11
New Population 441
Better than Dads 98
Best Ind: ( 0.1x + 0.2y )
Fitness = 2.36103736932
Worst Ind: ( ( 0.111111111111x * ( 0.111111111111x * ( ( ( 0.111111111111y + 0.333333333333x ) * 0.111111111111y ) * 0.166666666667y ) ) ) + 0.166666666667y )
Fitness = 13.2117077392
Avg Fitness = 8.99771117636
Duplicated = 46
============================================================================
Evaluate Gen  12
New Population 435
Better than Dads 93
Best Ind: ( 0.1x + 0.2y )
Fitness = 2.36103736932
Worst Ind: ( ( 0.25x * 0.333333333333y ) + 0.111111111111y )
Fitness = 12.0092602923
Avg Fitness = 8.09581578724
Duplicated = 49
============================================================================
Evaluate Gen  13
New Population 446
Better than Dads 113
Best Ind: ( 0.166666666667y + 0.1x )
Fitness = 2.3147577946
Worst Ind: ( 0.142857142857x * ( ( 0.142857142857y * 0.25y ) + 0.25y ) )
Fitness = 10.646527097
Avg Fitness = 7.4784703801
Duplicated = 48
============================================================================
Evaluate Gen  14
New Population 437
Better than Dads 97
Best Ind: ( 0.111111111111x + 0.166666666667y )
Fitness = 2.30030133893
Worst Ind: ( 0.125x * ( 0.2x + 0.2y ) )
Fitness = 9.69543176911
Avg Fitness = 6.86129959197
Duplicated = 44
============================================================================
Evaluate Gen  15
New Population 422
Better than Dads 91
Best Ind: ( 0.111111111111x + 0.166666666667y )
Fitness = 2.30030133893
Worst Ind: ( 0.125y * ( 0.333333333333x + 0.142857142857y ) )
Fitness = 9.08188467349
Avg Fitness = 6.32913665634
Duplicated = 42
============================================================================
Evaluate Gen  16
New Population 435
Better than Dads 93
Best Ind: ( 0.111111111111x + 0.166666666667y )
Fitness = 2.30030133893
Worst Ind: ( ( 0.5x + 0.2x ) * 0.1y )
Fitness = 8.18654660717
Avg Fitness = 5.76063450077
Duplicated = 42
============================================================================
Evaluate Gen  17
New Population 421
Better than Dads 87
Best Ind: ( 0.111111111111x + 0.166666666667y )
Fitness = 2.30030133893
Worst Ind: ( ( 0.2y * ( 0.333333333333x * 0.142857142857y ) ) + 0.166666666667y )
Fitness = 7.69010158121
Avg Fitness = 5.33938700074
Duplicated = 42
============================================================================
Evaluate Gen  18
New Population 426
Better than Dads 77
Best Ind: ( 0.111111111111x + 0.166666666667y )
Fitness = 2.30030133893
Worst Ind: ( ( ( 0.25y * ( ( 0.333333333333x * 0.2y ) * 0.111111111111y ) ) + 0.166666666667x ) + 0.1y )
Fitness = 6.6092116159
Avg Fitness = 4.90292747828
Duplicated = 42
============================================================================
Evaluate Gen  19
New Population 434
Better than Dads 90
Best Ind: ( 0.111111111111x + 0.166666666667y )
Fitness = 2.30030133893
Worst Ind: ( ( ( ( ( 0.1y + ( 1.0y * 0.25y ) ) * ( 0.111111111111x * 0.25y ) ) * 0.25y ) * 0.1y ) + 0.125x )
Fitness = 6.05934629526
Avg Fitness = 4.57045806591
Duplicated = 53
============================================================================
Evaluate Gen  20
New Population 429
Better than Dads 89
Best Ind: ( 0.111111111111x + 0.166666666667y )
Fitness = 2.30030133893
Worst Ind: ( ( 0.2x * 0.125y ) + 0.166666666667y )
Fitness = 5.64199839718
Avg Fitness = 4.30434442825
Duplicated = 66
============================================================================
Evaluate Gen  21
New Population 427
Better than Dads 94
Best Ind: ( 0.111111111111x + 0.166666666667y )
Fitness = 2.30030133893
Worst Ind: ( ( ( 0.5y * 0.166666666667y ) * ( ( 0.1x * 0.1y ) * 0.125x ) ) + ( 0.166666666667y + 0.111111111111y ) )
Fitness = 5.25017375473
Avg Fitness = 4.08459335075
Duplicated = 71
============================================================================
Evaluate Gen  22
New Population 421
Better than Dads 84
Best Ind: ( 0.111111111111x + 0.166666666667y )
Fitness = 2.30030133893
Worst Ind: ( 0.25y + ( ( ( 0.111111111111x * 0.142857142857x ) * 0.111111111111y ) * ( 0.142857142857x * ( 0.2x + ( 0.166666666667y * 0.125y ) ) ) ) )
Fitness = 4.91687233341
Avg Fitness = 3.90321840448
Duplicated = 79
============================================================================
Evaluate Gen  23
New Population 422
Better than Dads 98
Best Ind: ( 0.111111111111x + 0.166666666667y )
Fitness = 2.30030133893
Worst Ind: ( 0.142857142857x + ( 0.1y * ( 0.2y * 0.125y ) ) )
Fitness = 4.70166714286
Avg Fitness = 3.75954674743
Duplicated = 92
============================================================================
Evaluate Gen  24
New Population 420
Better than Dads 88
Best Ind: ( 0.111111111111x + 0.166666666667y )
Fitness = 2.30030133893
Worst Ind: ( 0.166666666667y + ( 0.125x + ( ( 0.111111111111y * 0.111111111111x ) * 0.333333333333y ) ) )
Fitness = 4.5028882066
Avg Fitness = 3.6666595704
Duplicated = 105
============================================================================
Evaluate Gen  25
New Population 426
Better than Dads 85
Best Ind: ( 0.111111111111x + 0.166666666667y )
Fitness = 2.30030133893
Worst Ind: ( ( ( 0.125x + 0.2y ) * ( 0.166666666667y * 0.142857142857y ) ) + 0.166666666667x )
Fitness = 4.33742773156
Avg Fitness = 3.5030738472
Duplicated = 121
============================================================================
Evaluate Gen  26
New Population 421
Better than Dads 92
Best Ind: ( 0.111111111111x + 0.166666666667y )
Fitness = 2.30030133893
Worst Ind: ( ( 0.125y * 0.25y ) + 0.111111111111x )
Fitness = 4.22079368093
Avg Fitness = 3.40224092826
Duplicated = 124
============================================================================
Evaluate Gen  27
New Population 424
Better than Dads 85
Best Ind: ( 0.111111111111x + 0.166666666667y )
Fitness = 2.30030133893
Worst Ind: ( ( 0.1x * ( ( 0.166666666667y * 0.142857142857y ) * 0.142857142857y ) ) + 0.166666666667x )
Fitness = 4.05516607558
Avg Fitness = 3.28064437478
Duplicated = 138
============================================================================
Evaluate Gen  28
New Population 418
Better than Dads 89
Best Ind: ( 0.111111111111x + 0.166666666667y )
Fitness = 2.30030133893
Worst Ind: ( ( ( 0.125x * ( ( 0.111111111111y * 0.1y ) * ( 0.111111111111y * 0.1y ) ) ) + 0.142857142857x ) + 0.2y )
Fitness = 3.85705505085
Avg Fitness = 3.20978305338
Duplicated = 156
============================================================================
Evaluate Gen  29
New Population 416
Better than Dads 93
Best Ind: ( 0.111111111111x + 0.166666666667y )
Fitness = 2.30030133893
Worst Ind: ( 0.142857142857x + ( 0.125y * 0.125y ) )
Fitness = 3.70712514853
Avg Fitness = 3.13439604654
Duplicated = 166
============================================================================
Evaluate Gen  30
New Population 415
Better than Dads 88
Best Ind: ( 0.111111111111x + 0.166666666667y )
Fitness = 2.30030133893
Worst Ind: ( 0.142857142857x + ( 0.142857142857y * ( ( 0.1y + ( ( 0.1y + 0.1y ) * 0.333333333333y ) ) * 0.125y ) ) )
Fitness = 3.60923362549
Avg Fitness = 3.06392110269
Duplicated = 170
============================================================================
Evaluate Gen  31
New Population 409
Better than Dads 88
Best Ind: ( 0.111111111111x + 0.166666666667y )
Fitness = 2.30030133893
Worst Ind: ( 0.111111111111x + 0.25y )
Fitness = 3.53521762391
Avg Fitness = 3.00682003903
Duplicated = 174
============================================================================
Evaluate Gen  32
New Population 415
Better than Dads 90
Best Ind: ( 0.111111111111x + 0.166666666667y )
Fitness = 2.30030133893
Worst Ind: ( ( ( 0.125x * ( ( 0.125y * 0.1y ) * 0.333333333333y ) ) + 0.142857142857x ) + 0.142857142857y )
Fitness = 3.47366372127
Avg Fitness = 2.95222012539
Duplicated = 176
============================================================================
Evaluate Gen  33
New Population 419
Better than Dads 82
Best Ind: ( 0.111111111111x + 0.166666666667y )
Fitness = 2.30030133893
Worst Ind: ( ( 0.166666666667y * 0.142857142857y ) + 0.166666666667x )
Fitness = 3.33594550176
Avg Fitness = 2.87698557209
Duplicated = 197
============================================================================
Evaluate Gen  34
New Population 395
Better than Dads 72
Best Ind: ( 0.111111111111x + 0.166666666667y )
Fitness = 2.30030133893
Worst Ind: ( 0.125x + ( ( 0.111111111111x * 0.111111111111y ) + 0.1y ) )
Fitness = 3.27962141023
Avg Fitness = 2.83314153436
Duplicated = 196
============================================================================
Evaluate Gen  35
New Population 410
Better than Dads 88
Best Ind: ( 0.111111111111x + 0.166666666667y )
Fitness = 2.30030133893
Worst Ind: ( 0.142857142857x + ( 0.25y * 0.111111111111y ) )
Fitness = 3.18346805309
Avg Fitness = 2.78732236774
Duplicated = 202
============================================================================
Evaluate Gen  36
New Population 409
Better than Dads 82
Best Ind: ( 0.111111111111x + 0.166666666667y )
Fitness = 2.30030133893
Worst Ind: ( 0.25y + 0.1x )
Fitness = 3.14326552348
Avg Fitness = 2.73892413038
Duplicated = 207
============================================================================
Evaluate Gen  37
New Population 413
Better than Dads 74
Best Ind: ( 0.111111111111x + 0.166666666667y )
Fitness = 2.30030133893
Worst Ind: ( 0.166666666667y + 0.142857142857x )
Fitness = 3.002832324
Avg Fitness = 2.67485405995
Duplicated = 217
============================================================================
Evaluate Gen  38
New Population 420
Better than Dads 81
Best Ind: ( 0.111111111111x + 0.166666666667y )
Fitness = 2.30030133893
Worst Ind: ( 0.111111111111x + 0.111111111111y )
Fitness = 2.9402047373
Avg Fitness = 2.62245882949
Duplicated = 220
============================================================================
Evaluate Gen  39
New Population 416
Better than Dads 81
Best Ind: ( 0.111111111111x + 0.166666666667y )
Fitness = 2.30030133893
Worst Ind: ( ( 0.125y + 0.111111111111x ) + ( 0.125y * 0.142857142857y ) )
Fitness = 2.81107288008
Avg Fitness = 2.58020997543
Duplicated = 244
============================================================================
Evaluate Gen  40
New Population 409
Better than Dads 78
Best Ind: ( 0.111111111111x + 0.166666666667y )
Fitness = 2.30030133893
Worst Ind: ( 0.142857142857x + 0.142857142857y )
Fitness = 2.69324165852
Avg Fitness = 2.56540572361
Duplicated = 255
============================================================================
Evaluate Gen  41
New Population 406
Better than Dads 63
Best Ind: ( 0.111111111111x + 0.166666666667y )
Fitness = 2.30030133893
Worst Ind: ( ( 0.111111111111y + 0.125x ) + ( 0.111111111111y * 0.1y ) )
Fitness = 2.61997349893
Avg Fitness = 2.55001769682
Duplicated = 268
============================================================================
Evaluate Gen  42
New Population 410
Better than Dads 64
Best Ind: ( 0.111111111111x + 0.166666666667y )
Fitness = 2.30030133893
Worst Ind: ( 0.125y + 0.111111111111x )
Fitness = 2.60147265021
Avg Fitness = 2.5433375377
Duplicated = 272
============================================================================
Evaluate Gen  43
New Population 403
Better than Dads 58
Best Ind: ( 0.111111111111x + 0.166666666667y )
Fitness = 2.30030133893
Worst Ind: ( 0.142857142857x + 0.125y )
Fitness = 2.59206080317
Avg Fitness = 2.53771853924
Duplicated = 275
============================================================================
Evaluate Gen  44
New Population 402
Better than Dads 62
Best Ind: ( 0.111111111111x + 0.166666666667y )
Fitness = 2.30030133893
Worst Ind: ( 0.142857142857x + 0.125y )
Fitness = 2.59206080317
Avg Fitness = 2.53450714251
Duplicated = 275
============================================================================
Evaluate Gen  45
New Population 409
Better than Dads 60
Best Ind: ( 0.111111111111x + 0.166666666667y )
Fitness = 2.30030133893
Worst Ind: ( 0.111111111111y + 0.142857142857x )
Fitness = 2.58310048037
Avg Fitness = 2.53004411322
Duplicated = 277
============================================================================
Evaluate Gen  46
New Population 397
Better than Dads 51
Best Ind: ( 0.111111111111x + 0.166666666667y )
Fitness = 2.30030133893
Worst Ind: ( 0.111111111111y + 0.142857142857x )
Fitness = 2.58310048037
Avg Fitness = 2.52774722968
Duplicated = 276
============================================================================
Evaluate Gen  47
New Population 398
Better than Dads 61
Best Ind: ( 0.111111111111x + 0.166666666667y )
Fitness = 2.30030133893
Worst Ind: ( 0.111111111111y + 0.142857142857x )
Fitness = 2.58310048037
Avg Fitness = 2.52438496882
Duplicated = 276
============================================================================
Evaluate Gen  48
New Population 395
Better than Dads 56
Best Ind: ( 0.111111111111x + 0.166666666667y )
Fitness = 2.30030133893
Worst Ind: ( 0.142857142857x + 0.111111111111y )
Fitness = 2.58310048037
Avg Fitness = 2.52198480006
Duplicated = 276
============================================================================
Evaluate Gen  49
New Population 408
Better than Dads 63
Best Ind: ( 0.111111111111x + 0.166666666667y )
Fitness = 2.30030133893
Worst Ind: ( 0.111111111111y + 0.142857142857x )
Fitness = 2.58310048037
Avg Fitness = 2.51458557891
Duplicated = 276
============================================================================
Evaluate Gen  50
New Population 401
Better than Dads 69
Best Ind: ( 0.111111111111x + 0.166666666667y )
Fitness = 2.30030133893
Worst Ind: ( 0.142857142857x + 0.111111111111y )
Fitness = 2.58310048037
Avg Fitness = 2.50910294252
Duplicated = 276
