dataset_file= dataset/SR_ellipse_noise.txt
population= 500
generations= 100
tournament_size= 5
cross_over= 0.9
mutation= 0.05
elitism= True
(50, 2)
============================================================================
Build initial population
ind: 1
( 0.111111111111x * 0.333333333333y )
ind: 2
( ( ( 0.1y + 0.333333333333y ) + 0.125x ) + ( 0.125y * 0.166666666667y ) )
ind: 3
( 0.5y + ( 0.5x * ( 0.1y * ( 0.25x + ( ( 0.1y * 0.2x ) * ( 0.125y * 0.111111111111y ) ) ) ) ) )
ind: 4
( 0.125y + 0.25x )
ind: 5
( 0.2y + ( 0.2x * 0.142857142857x ) )
ind: 6
( ( 0.2x * 1.0x ) * 0.25y )
ind: 7
( ( 0.142857142857y + ( 0.142857142857y * ( ( 0.142857142857y * 0.2x ) + ( 0.25y + ( 0.125y + 0.1x ) ) ) ) ) + ( ( 0.25y * ( 0.166666666667y * ( ( 1.0y + 0.111111111111y ) * 0.25x ) ) ) * 0.333333333333x ) )
ind: 8
( ( 0.25x * ( ( 0.142857142857y * ( 0.125x * 0.166666666667x ) ) + 0.125x ) ) + ( ( 0.125y + 0.125y ) * ( 0.2x * ( ( 0.5y + 0.142857142857x ) * ( 0.2x * 0.142857142857y ) ) ) ) )
ind: 9
( 0.333333333333x + 0.142857142857y )
ind: 10
( ( ( 0.111111111111x + 0.166666666667y ) + ( ( 0.5y * 0.5x ) + 0.166666666667y ) ) * ( ( ( ( ( 0.111111111111y + 0.111111111111y ) * ( 0.111111111111x * 1.0x ) ) + ( 0.5y + ( 0.5y * 0.142857142857x ) ) ) * ( ( ( 0.5y * 0.1y ) + ( 0.111111111111x * 0.25y ) ) * 0.125y ) ) + 0.25y ) )
ind: 11
( ( 0.111111111111x + ( 0.25y * 0.111111111111y ) ) + ( 0.1y + 0.111111111111x ) )
ind: 12
( ( 0.5y * ( 0.25y * 0.166666666667x ) ) * 0.125x )
ind: 13
( ( ( 0.25y + ( 0.111111111111y * 0.111111111111x ) ) + ( 0.333333333333x * 0.5x ) ) * 0.1y )
ind: 14
( ( 0.25y * ( ( 0.25x + ( 0.333333333333x + 0.142857142857y ) ) * 0.5x ) ) * 0.1x )
ind: 15
( ( 0.333333333333x + ( 0.333333333333y * 0.166666666667y ) ) + ( 0.166666666667x * 0.166666666667x ) )
ind: 16
( ( ( 0.5y + 0.125x ) + ( ( 0.5x + ( ( 0.1y * 0.166666666667y ) * ( 0.111111111111x * 0.2y ) ) ) * ( 0.5y + 0.125y ) ) ) + 0.5x )
ind: 17
( 0.111111111111y + 0.166666666667x )
ind: 18
( ( ( 0.333333333333x * ( ( 0.111111111111y + 0.2y ) + ( 0.333333333333x * ( 0.111111111111y + 0.166666666667x ) ) ) ) + 0.125y ) * 0.142857142857x )
ind: 19
( ( 1.0y + ( ( 0.1x + ( 0.1y + ( 0.166666666667y + 0.5x ) ) ) + 0.125y ) ) + 0.166666666667x )
ind: 20
( 0.333333333333y * 0.166666666667x )
ind: 21
( ( ( 0.333333333333y * ( 0.333333333333x + 0.333333333333x ) ) * 0.2x ) * ( 0.166666666667x + 0.333333333333y ) )
ind: 22
( ( 0.166666666667y * ( 0.2x * ( 0.25x + 0.111111111111x ) ) ) * ( ( ( 0.2y * ( 0.111111111111x * 0.333333333333x ) ) + 0.25x ) * ( ( ( 1.0y * 0.111111111111x ) * 0.5x ) + 0.333333333333x ) ) )
ind: 23
( ( ( 0.166666666667y + ( ( 0.25y * 0.125y ) + 0.111111111111x ) ) * ( 1.0x * ( 1.0x * ( 0.125x + ( 0.142857142857x * 0.1x ) ) ) ) ) * ( ( 0.25x * ( 0.1y * ( 0.166666666667x + 0.111111111111y ) ) ) + 0.5y ) )
ind: 24
( 0.125y * ( 0.166666666667x * 0.25y ) )
ind: 25
( ( ( 0.166666666667x + ( 0.142857142857y + 0.333333333333x ) ) * ( ( ( ( 0.166666666667y + 1.0x ) + ( 0.333333333333y * 1.0y ) ) * ( 0.1y * 0.333333333333y ) ) + 0.142857142857y ) ) * ( 0.25x + 0.125y ) )
ind: 26
( ( ( ( ( 0.25y * ( 0.5x * 0.142857142857x ) ) + ( ( 0.25x + 0.125x ) * ( 0.5y + 0.111111111111x ) ) ) * ( ( 0.125x + ( 0.1x * 0.1x ) ) + 0.142857142857x ) ) + ( ( ( ( 0.1x + 0.25y ) * ( 0.333333333333x + 0.5x ) ) * ( ( 0.25y * 0.1y ) + ( 0.25x + 1.0x ) ) ) + ( 0.2y + 0.142857142857y ) ) ) + ( 0.111111111111x + ( 1.0y + ( ( ( 0.166666666667x + 0.2x ) * ( 0.125y * 0.1x ) ) * ( ( 0.5x + 0.111111111111x ) * 0.166666666667y ) ) ) ) )
ind: 27
( 0.5x + ( ( ( ( 1.0x * 0.1y ) * ( 0.111111111111y + ( 1.0x * 0.111111111111x ) ) ) + 0.142857142857x ) * 0.111111111111y ) )
ind: 28
( ( 0.142857142857y * ( 0.333333333333y + ( ( ( 0.25y * 0.142857142857x ) * 0.142857142857x ) + 0.2y ) ) ) + ( ( 0.2x + 0.5x ) * ( ( ( ( 0.5y * 1.0x ) + ( 0.166666666667x * 0.25x ) ) * ( 0.142857142857y * 0.5x ) ) * ( 1.0y * 0.111111111111x ) ) ) )
ind: 29
( ( 0.333333333333x * ( ( ( 0.142857142857x * ( 0.25x + 0.25y ) ) * ( ( 1.0y * 0.111111111111x ) + 0.25y ) ) + 0.2x ) ) + ( 0.142857142857x + ( ( ( ( 0.111111111111x + 0.111111111111y ) + 0.166666666667y ) * 0.142857142857y ) * ( 0.1x + 0.25y ) ) ) )
ind: 30
( 0.5x + ( ( ( 0.5y + ( ( 0.25x + 0.333333333333x ) + ( 0.166666666667x * 0.166666666667x ) ) ) * ( ( 0.166666666667x + ( 0.125y + 0.125x ) ) + ( ( 0.2y + 0.166666666667x ) + 0.333333333333x ) ) ) * 1.0y ) )
ind: 31
( 0.1x * 0.333333333333y )
ind: 32
( ( 0.2x * ( 0.1x + 0.111111111111y ) ) * ( ( ( ( ( 0.2y + 0.166666666667x ) + ( 1.0y * 0.111111111111y ) ) * ( 0.333333333333x + 0.5x ) ) + 0.111111111111y ) * 1.0y ) )
ind: 33
( 0.333333333333y + 0.111111111111x )
ind: 34
( ( ( ( 0.142857142857y * ( ( 0.142857142857x + 0.125y ) + 0.166666666667y ) ) + 0.142857142857y ) + 0.5y ) + ( ( ( 0.25y + ( 0.142857142857y * 0.333333333333y ) ) * ( ( 0.1x * ( 0.5y * 0.111111111111x ) ) + ( ( 0.1x + 0.2y ) + ( 1.0y + 0.5y ) ) ) ) + 0.142857142857y ) )
ind: 35
( 0.333333333333x * ( ( ( ( 0.25x + ( 1.0y + 0.5x ) ) + ( ( 0.5x * 0.5x ) * 0.1x ) ) + 0.25y ) + 0.125x ) )
ind: 36
( ( ( ( ( ( 0.111111111111y + 0.1y ) + ( 0.125y + 0.333333333333x ) ) * 0.125x ) * 1.0y ) + ( ( 1.0x + ( 0.5x * 1.0y ) ) * ( 0.5y + 0.142857142857y ) ) ) * ( 0.5y + ( ( 0.25y * 0.1x ) * 0.142857142857x ) ) )
ind: 37
( ( 0.1y + ( 0.166666666667y + ( ( 0.1x * ( 0.25x + 0.333333333333x ) ) + 0.5y ) ) ) * 0.1x )
ind: 38
( ( 0.125x * ( 0.333333333333x * 1.0y ) ) + 0.111111111111y )
ind: 39
( ( 0.166666666667y + ( 0.166666666667y + ( 0.142857142857x * ( 0.1y + ( 0.25y * 0.5y ) ) ) ) ) * ( 0.5x * ( ( 0.1x * ( ( 0.125x + 0.1x ) + ( 1.0y * 0.5x ) ) ) * 0.1y ) ) )
ind: 40
( 0.2x * ( 0.25y * ( ( 0.166666666667y * 0.125x ) + ( 0.2x + ( 0.142857142857y + ( 0.5x * 0.333333333333y ) ) ) ) ) )
ind: 41
( 0.333333333333x * 0.142857142857y )
ind: 42
( ( 0.111111111111y + ( 0.333333333333y + ( ( ( 0.25x + 0.1y ) + ( 0.111111111111x * 0.166666666667x ) ) * 0.333333333333x ) ) ) + 0.111111111111x )
ind: 43
( ( ( ( ( ( 1.0y + 0.2y ) + 0.2y ) + ( ( 0.333333333333y + 0.111111111111y ) + ( 0.25x * 0.1y ) ) ) + 0.142857142857y ) + 0.166666666667x ) + ( 0.2y + ( 0.142857142857y * 0.111111111111x ) ) )
ind: 44
( 0.333333333333y * 0.166666666667x )
ind: 45
( 0.25x + 0.111111111111y )
ind: 46
( 1.0y * ( ( ( ( 0.166666666667y + 0.333333333333x ) + ( ( 0.25y + 0.25y ) + ( 0.5y * 0.125x ) ) ) * 0.2y ) + ( 0.1y + 0.111111111111x ) ) )
ind: 47
( ( ( ( ( 0.111111111111y * ( 1.0x * 0.125y ) ) * ( 0.166666666667y * ( 0.111111111111y * 0.111111111111x ) ) ) * 0.111111111111x ) * 0.142857142857x ) + ( ( ( 0.25y + 0.111111111111x ) * 1.0y ) + 0.166666666667y ) )
ind: 48
( 0.166666666667x * 0.333333333333y )
ind: 49
( 0.166666666667y * ( ( 0.142857142857x * 0.5x ) * ( ( ( ( 0.2x + 0.25y ) + 0.125y ) * ( ( 1.0y + 0.166666666667y ) + ( 1.0y + 0.111111111111y ) ) ) * 0.142857142857x ) ) )
ind: 50
( 0.5y + 0.1x )
ind: 51
( ( 0.5y * ( 0.166666666667y * ( ( ( 0.1y + 0.5x ) * 1.0y ) + 0.1y ) ) ) + 0.142857142857x )
ind: 52
( ( ( 1.0x * ( ( ( 0.166666666667x * 0.166666666667y ) * 0.125y ) + 0.1x ) ) + 0.2y ) * 0.125x )
ind: 53
( ( 0.2y * ( ( 0.111111111111y + 0.111111111111y ) * 0.2x ) ) * 0.5x )
ind: 54
( 0.111111111111y * ( 0.5y * ( ( 0.1y * 0.5x ) + ( ( ( 0.5y + 0.1y ) + ( 0.166666666667x + 0.333333333333x ) ) + ( ( 0.1y * 0.111111111111y ) + ( 0.333333333333x + 0.111111111111y ) ) ) ) ) )
ind: 55
( 0.166666666667y * ( ( ( 0.111111111111x + ( 0.25x * 0.125x ) ) * 0.5y ) * ( ( 0.5y + 1.0y ) + 0.111111111111x ) ) )
ind: 56
( ( ( ( 1.0x * 0.142857142857y ) + 0.2x ) + 0.111111111111x ) + ( ( ( ( ( 0.125y * 0.111111111111x ) * 0.333333333333y ) * 1.0x ) * ( 0.1y * 0.5x ) ) * 0.142857142857x ) )
ind: 57
( 0.333333333333y + 0.25x )
ind: 58
( ( 0.142857142857y + 0.166666666667x ) + 0.125y )
ind: 59
( 0.333333333333x * ( ( 1.0x * 0.2x ) * ( ( 0.142857142857x + ( 0.333333333333x + 0.333333333333x ) ) + ( 0.166666666667x * 0.5y ) ) ) )
ind: 60
( 0.333333333333y * ( 0.2y * ( ( ( 0.25x + 0.125x ) + ( ( 0.125y + 0.5x ) + ( 0.125x + 0.2y ) ) ) + 0.125x ) ) )
ind: 61
( ( ( ( 0.25y * 0.1x ) * 0.2y ) + 0.111111111111x ) * 0.166666666667x )
ind: 62
( 0.142857142857x + ( 0.166666666667y + 0.25x ) )
ind: 63
( ( ( 0.142857142857x * ( 1.0x * 0.333333333333y ) ) * ( 0.142857142857y * 0.333333333333x ) ) + 0.333333333333y )
ind: 64
( ( 1.0y + 0.142857142857x ) + ( ( 0.142857142857y + ( ( ( 0.111111111111y + 0.125y ) + 0.111111111111y ) * ( 0.166666666667y + 0.125x ) ) ) + 0.25x ) )
ind: 65
( ( 0.142857142857x * ( 0.2y + 1.0y ) ) * ( 0.25x + 0.2y ) )
ind: 66
( 0.125y * 0.125x )
ind: 67
( ( ( ( 0.111111111111y + 0.1x ) * ( ( 0.5y + ( 0.2y * 0.142857142857x ) ) + ( ( 0.1x + 0.2y ) * 1.0x ) ) ) * 0.2x ) + 1.0y )
ind: 68
( 0.2y + ( 0.5x * 0.5x ) )
ind: 69
( ( ( ( ( 0.25y + 0.142857142857x ) * ( 0.1y + 1.0y ) ) + ( 0.1y + 0.142857142857x ) ) * 0.142857142857x ) * ( ( ( ( 0.125x * 0.111111111111x ) * ( 0.125y * 0.142857142857y ) ) + 0.111111111111x ) + 0.1y ) )
ind: 70
( ( 0.5x * 1.0y ) * 0.25x )
ind: 71
( 0.333333333333y + 0.25x )
ind: 72
( ( ( 0.111111111111x * ( 0.5x + ( ( 0.333333333333y * 0.333333333333x ) + ( 0.142857142857y + 0.125y ) ) ) ) + 0.166666666667x ) + ( 0.142857142857y + 0.125y ) )
ind: 73
( 0.25y + ( ( 0.166666666667x + 0.142857142857x ) + ( ( ( ( 1.0y + 0.166666666667x ) + ( 0.25y + 0.166666666667x ) ) * ( ( 0.333333333333x * 0.25y ) * 0.25x ) ) + 1.0y ) ) )
ind: 74
( ( 0.1x * 0.5x ) * 0.111111111111y )
ind: 75
( ( 1.0y + ( ( ( ( 0.333333333333y * 1.0x ) + 0.333333333333x ) + 0.25y ) + 1.0y ) ) * ( 0.166666666667x + ( 0.5y * ( ( 1.0y * ( 0.111111111111y + 0.2y ) ) * ( 0.142857142857y + 0.25y ) ) ) ) )
ind: 76
( ( ( ( ( 0.142857142857x * 0.25y ) + ( 0.125y * 0.2x ) ) + 0.142857142857y ) + 1.0y ) + 0.125y )
ind: 77
( ( ( 0.2x * 0.125x ) * 0.166666666667y ) + ( 0.166666666667y + 0.333333333333x ) )
ind: 78
( 0.5y * ( ( ( 0.333333333333y + 0.111111111111x ) * 0.125y ) * 0.142857142857x ) )
ind: 79
( ( 0.1y * ( 0.1y + 0.25y ) ) * ( ( 0.166666666667y * ( 0.333333333333y * ( ( 0.111111111111x * 1.0y ) * ( 0.125x + 0.25y ) ) ) ) * 0.25x ) )
ind: 80
( 0.2y * ( 0.1x * 0.166666666667x ) )
ind: 81
( ( ( 0.166666666667y + 0.111111111111y ) * 0.333333333333x ) + ( 0.25y * 0.142857142857y ) )
ind: 82
( 0.125y + ( ( 0.111111111111x * 0.333333333333x ) + 0.2x ) )
ind: 83
( 0.333333333333x + ( 0.2x * ( ( 0.2y * ( 0.333333333333y * 0.111111111111x ) ) + ( 1.0x * ( ( 0.111111111111y * 0.111111111111x ) * ( 0.333333333333y * 0.166666666667y ) ) ) ) ) )
ind: 84
( ( ( 1.0x + 0.25y ) + 0.111111111111y ) * ( 0.1y + ( 0.166666666667y * ( 0.111111111111x + ( 0.111111111111y * ( 0.333333333333x + 0.142857142857x ) ) ) ) ) )
ind: 85
( 0.1y + ( 0.1x * 0.1x ) )
ind: 86
( 0.5x * ( 0.2x * ( ( ( 0.333333333333y * 0.125x ) + ( ( 0.125x * 0.111111111111y ) * 0.333333333333y ) ) + 0.5y ) ) )
ind: 87
( 1.0x + 0.2y )
ind: 88
( ( ( 0.142857142857x + 0.2x ) + 0.333333333333x ) * 0.125y )
ind: 89
( 0.1y + ( 0.2y * ( 0.125x + 0.166666666667x ) ) )
ind: 90
( 0.333333333333y * 0.25x )
ind: 91
( ( ( 0.5x + ( ( ( 0.111111111111y + 0.142857142857y ) + 0.25x ) * ( 0.25x * 0.125y ) ) ) + 0.5x ) * 0.1y )
ind: 92
( 0.1x + ( 1.0x + 0.25y ) )
ind: 93
( ( 0.2x * ( 0.111111111111x + ( ( 0.166666666667y + ( 0.142857142857x * 0.166666666667y ) ) + ( 0.1y * 0.111111111111x ) ) ) ) + 0.166666666667x )
ind: 94
( 0.25y * ( ( ( ( ( 0.1y * 0.166666666667x ) + ( 0.111111111111y * 0.2y ) ) * ( 0.1y + ( 0.5x + 0.1y ) ) ) * 0.111111111111y ) + ( 0.142857142857y * ( 0.142857142857y * ( ( 0.1x * 0.2x ) * 0.111111111111y ) ) ) ) )
ind: 95
( ( 0.125x * 0.125y ) + 0.25y )
ind: 96
( 0.111111111111x * ( ( 0.333333333333y + 0.5x ) + ( 0.125x + ( 0.166666666667x + 0.142857142857x ) ) ) )
ind: 97
( ( 0.5y + 0.142857142857x ) + 0.5y )
ind: 98
( 0.5x * 0.1y )
ind: 99
( 0.25x + 0.125y )
ind: 100
( 0.5y * ( ( ( 0.5x + 0.1x ) * 0.111111111111x ) * 0.1x ) )
ind: 101
( 0.111111111111y + ( ( 0.5y + 0.166666666667x ) * ( 0.1x + 0.111111111111y ) ) )
ind: 102
( ( ( ( ( 0.333333333333y + ( 0.111111111111y * 0.333333333333x ) ) + 1.0y ) * 0.111111111111y ) * 0.111111111111y ) + 0.25y )
ind: 103
( 0.142857142857x * ( 0.5y + 0.25x ) )
ind: 104
( 0.25x * 1.0y )
ind: 105
( ( ( 0.111111111111x * 0.166666666667x ) * ( 0.111111111111y + ( 0.5x + 0.2x ) ) ) + 0.1x )
ind: 106
( 0.5x * 0.25y )
ind: 107
( 0.1x * 0.125y )
ind: 108
( 0.333333333333y * ( ( ( 0.125y * 0.2y ) * ( 0.5x * ( ( 0.1y * 0.111111111111y ) * ( 0.1y * 0.333333333333x ) ) ) ) + 0.5x ) )
ind: 109
( ( 0.1x * 0.2y ) + 0.111111111111x )
ind: 110
( ( 0.1y + 0.333333333333x ) * ( 0.2x * 1.0y ) )
ind: 111
( ( ( ( ( 0.2y * ( 0.2y * 0.25x ) ) + 0.125x ) + 0.142857142857y ) + ( ( 0.333333333333y + 0.2y ) + 0.1y ) ) * ( ( ( 0.125x + 0.333333333333y ) * 0.125x ) + 0.5y ) )
ind: 112
( 0.142857142857x * 0.125y )
ind: 113
( 0.333333333333y + 0.25x )
ind: 114
( ( ( 0.166666666667y * ( ( ( 1.0y * 0.333333333333x ) + ( 1.0y * 0.142857142857x ) ) * 0.2y ) ) * ( ( ( ( 0.166666666667y + 0.5x ) * 0.1x ) + 0.25x ) * 1.0y ) ) * ( ( 0.2x + ( ( ( 0.125y + 0.142857142857y ) + 1.0y ) + 0.125x ) ) * ( ( 0.142857142857x + ( 0.125x * 1.0x ) ) * ( 0.1y * ( ( 0.1y + 0.1y ) + 0.25x ) ) ) ) )
ind: 115
( ( ( 0.1x + 1.0x ) + ( 0.142857142857y * 0.166666666667x ) ) + 0.333333333333x )
ind: 116
( ( 0.333333333333y * ( 0.166666666667y + 0.166666666667y ) ) + ( 0.111111111111x + 1.0x ) )
ind: 117
( 0.25y * 1.0x )
ind: 118
( ( 0.111111111111y * 0.125y ) * ( ( 0.142857142857x + ( 0.1y * ( 0.166666666667y * ( 0.25y + 0.125x ) ) ) ) * ( ( 0.111111111111y + ( ( 0.333333333333x + 1.0y ) + 0.125x ) ) + ( 0.111111111111y + ( 1.0x * ( 0.1y + 0.333333333333x ) ) ) ) ) )
ind: 119
( ( 1.0y * ( 0.1y * ( ( 0.125y + ( 0.25y + 0.166666666667x ) ) * ( ( 1.0x + 0.333333333333x ) + 0.333333333333x ) ) ) ) + ( ( 0.5y + 1.0x ) * 0.333333333333y ) )
ind: 120
( ( ( 0.25y * ( 0.25y * ( ( 0.5y + 0.111111111111y ) * 0.142857142857x ) ) ) + 0.2y ) + 0.1y )
ind: 121
( 0.125x + ( 0.125y + ( 0.166666666667y * ( ( 0.5x * 0.125x ) * 0.166666666667x ) ) ) )
ind: 122
( ( ( ( ( 0.5y * ( 0.25y + 0.142857142857y ) ) * ( ( 0.333333333333y * 0.111111111111y ) * ( 0.25y + 0.166666666667y ) ) ) * 0.166666666667y ) + ( ( ( 0.111111111111y + ( 0.166666666667y * 0.25x ) ) * ( 0.2y + ( 0.166666666667y * 0.111111111111y ) ) ) + 0.2x ) ) * 1.0x )
ind: 123
( 0.5x + ( ( ( ( 0.166666666667x * ( 0.166666666667y * 0.166666666667y ) ) * 0.2x ) + ( 0.2y + 0.142857142857y ) ) * 1.0x ) )
ind: 124
( ( 0.2y * 0.2y ) + ( 0.125x + ( 0.2x + ( ( ( 0.1x + 0.142857142857x ) + ( 0.25y + 0.166666666667x ) ) * 0.125x ) ) ) )
ind: 125
( ( ( ( 0.25y * 0.125x ) * 0.2x ) + ( 1.0x + ( 0.5x * 1.0x ) ) ) + ( ( 1.0x + 0.142857142857x ) + 1.0x ) )
ind: 126
( ( 0.25x + 0.125y ) + ( 0.333333333333x + ( 1.0y * 0.142857142857y ) ) )
ind: 127
( ( ( ( ( ( 0.333333333333y + 0.1y ) * 0.25y ) + ( ( 0.142857142857x * 0.2y ) + ( 1.0y + 1.0x ) ) ) * 0.5x ) * 0.333333333333y ) + ( ( 0.125y * 0.142857142857y ) + 0.333333333333y ) )
ind: 128
( 0.333333333333x * ( 0.125y + ( ( 0.125y + ( 0.125x + ( 0.166666666667x + 0.2x ) ) ) + 0.25y ) ) )
ind: 129
( ( 0.1y + ( 0.166666666667y + 0.5x ) ) * ( ( 0.333333333333x * 0.125y ) + ( ( 0.2y * ( ( 0.5x * 0.5x ) * 0.5x ) ) * ( 0.166666666667x * ( ( 0.1x + 0.333333333333x ) * ( 0.333333333333y + 0.25y ) ) ) ) ) )
ind: 130
( ( ( 0.125x + 0.5x ) * ( ( ( ( 0.142857142857x * 0.25y ) * 0.1y ) + ( ( 0.111111111111y + 0.142857142857x ) + ( 0.111111111111y + 0.142857142857x ) ) ) + ( 0.1x * ( ( 0.166666666667y + 0.333333333333y ) + 0.142857142857y ) ) ) ) + ( 1.0y * 1.0x ) )
ind: 131
( ( 0.5x * ( 0.1y + ( 0.5y * 0.25y ) ) ) + 0.1x )
ind: 132
( 0.333333333333y + ( ( 0.125y * ( 0.111111111111y * ( ( 0.2y * 0.333333333333y ) + 0.111111111111x ) ) ) * ( 0.111111111111x * 0.1y ) ) )
ind: 133
( ( ( ( 0.166666666667x * 1.0x ) + 0.2y ) + ( ( 0.142857142857x + ( 1.0x * 0.142857142857x ) ) + ( ( ( 0.125y + 0.166666666667x ) * ( 0.166666666667x + 0.5y ) ) + ( ( 1.0y + 0.333333333333x ) + ( 0.125y * 0.111111111111y ) ) ) ) ) * ( 0.1x * ( ( 0.5x + 0.5y ) * 0.142857142857y ) ) )
ind: 134
( 0.125y + 0.111111111111x )
ind: 135
( 0.166666666667y * ( ( 0.166666666667x + 0.111111111111y ) + ( 0.1y + 0.166666666667y ) ) )
ind: 136
( ( ( 0.111111111111x + 0.333333333333x ) * 0.142857142857x ) * ( 0.166666666667x + ( ( ( 1.0y * 0.2y ) + ( ( 0.2x + 0.125x ) + ( 0.1y * 1.0y ) ) ) * 0.1x ) ) )
ind: 137
( ( 0.5y + ( ( ( 1.0y * 0.125x ) * 0.142857142857x ) * ( 0.5y + 0.25x ) ) ) * 0.25y )
ind: 138
( ( ( 0.125x + ( 1.0y + 0.1x ) ) * 0.142857142857x ) * 0.1x )
ind: 139
( 0.125x * ( ( ( 0.2x * ( ( 0.166666666667y + 0.5x ) * 0.333333333333y ) ) + ( 1.0y + ( ( 0.5x + 0.2y ) * 0.25y ) ) ) * 0.111111111111y ) )
ind: 140
( ( 0.111111111111x * 0.25y ) * 0.166666666667x )
ind: 141
( 0.125y + ( ( 0.166666666667y + ( 1.0y * 0.142857142857x ) ) + ( ( ( 0.2x + ( 0.142857142857y + 0.125x ) ) + ( ( 0.2x * 0.142857142857x ) + 0.25y ) ) * ( 0.333333333333x + 0.142857142857x ) ) ) )
ind: 142
( ( ( ( ( 0.2y + 0.142857142857y ) * 0.125x ) + ( ( 0.25y + ( 0.111111111111x + 0.125x ) ) + ( ( 0.5x + 0.1y ) * 0.2x ) ) ) + ( 0.5y * ( 0.142857142857y * ( 0.142857142857y + ( 0.2y + 0.2y ) ) ) ) ) * ( ( ( ( ( 0.2x + 0.1x ) * ( 0.111111111111y * 0.2x ) ) * 0.142857142857x ) * 0.111111111111y ) + 0.5x ) )
ind: 143
( ( ( 0.2y + ( ( ( 0.5x + 0.333333333333y ) + 0.166666666667y ) + ( 0.5y * 0.5x ) ) ) + ( 0.333333333333x * ( ( 0.25y * ( 0.25y + 0.25y ) ) * ( 0.5y * 0.142857142857x ) ) ) ) * ( ( ( 0.333333333333y + 0.2y ) * 0.142857142857x ) * ( ( ( ( 0.166666666667y + 0.125x ) + ( 0.25x + 0.142857142857x ) ) * ( ( 0.1y * 0.25y ) + ( 0.333333333333y + 0.2y ) ) ) * ( ( ( 1.0x + 0.5x ) + ( 0.142857142857x * 0.125x ) ) + ( ( 0.5y * 0.111111111111y ) + ( 0.1y * 0.1x ) ) ) ) ) )
ind: 144
( 0.25x * 1.0y )
ind: 145
( ( 0.125y * 0.125x ) * ( ( ( ( ( 0.142857142857x + 1.0y ) + ( 0.166666666667y * 0.166666666667y ) ) * 1.0y ) + ( 0.125x + 0.5y ) ) * ( ( 0.125x * ( ( 0.142857142857y * 0.5x ) * 0.166666666667y ) ) * ( 0.125x + 0.25y ) ) ) )
ind: 146
( ( ( 0.333333333333y * ( 0.125y * 0.25y ) ) * ( 0.142857142857x * ( ( 0.1x * ( 0.25x * 0.1y ) ) + 0.111111111111x ) ) ) * ( ( ( ( 0.333333333333y * ( 0.166666666667x * 0.5y ) ) * 0.5x ) * 0.111111111111y ) + ( ( 0.333333333333x * ( 0.142857142857y + 0.333333333333y ) ) + 1.0x ) ) )
ind: 147
( ( ( ( 0.166666666667x + 0.125y ) + 0.25y ) + 0.125x ) * ( 0.166666666667y * ( ( 0.166666666667y * 0.1x ) + ( 0.2y + 0.333333333333x ) ) ) )
ind: 148
( ( 0.166666666667x + 1.0x ) * ( 1.0y + ( ( ( 0.111111111111y + 0.1x ) * ( ( 0.25x * 0.111111111111x ) * 0.111111111111y ) ) * 0.1x ) ) )
ind: 149
( 0.142857142857x * 1.0y )
ind: 150
( ( 0.111111111111y + ( 0.333333333333x + ( 0.125x * 0.142857142857y ) ) ) + 0.142857142857x )
ind: 151
( ( 0.142857142857y * ( ( 0.166666666667x * 0.333333333333x ) * 0.142857142857y ) ) + ( ( 0.1x + ( ( ( 0.142857142857y * 0.25y ) * ( 0.111111111111y * 0.142857142857y ) ) * 0.25x ) ) + 0.1y ) )
ind: 152
( ( 0.166666666667y + ( ( ( ( 0.5y + 0.166666666667x ) * 0.142857142857x ) * ( 1.0x + 0.125y ) ) * ( ( 0.166666666667y * ( 0.2x + 0.166666666667y ) ) * 0.125x ) ) ) + ( 0.2y + ( 0.1x + ( ( 0.111111111111x * 0.2y ) * 0.125x ) ) ) )
ind: 153
( ( ( 0.333333333333x * 0.1y ) * ( 0.142857142857y + 0.125y ) ) * 1.0x )
ind: 154
( 0.5x + ( 0.2y * ( 0.166666666667y * 0.25x ) ) )
ind: 155
( ( 0.125x * 0.25y ) * ( 0.125y * 0.166666666667x ) )
ind: 156
( ( ( ( 0.333333333333x + ( ( 0.2x * 0.333333333333y ) * ( 0.25y * 1.0x ) ) ) + 0.125x ) * 0.111111111111x ) * ( 1.0x + ( ( ( 0.1y + 0.125y ) + 0.5y ) + 1.0y ) ) )
ind: 157
( 0.333333333333y * ( 0.1y * ( ( ( ( 0.333333333333y + 0.333333333333y ) + 1.0y ) * ( ( 1.0y + 1.0x ) * 1.0y ) ) + ( ( ( 0.1x + 0.166666666667y ) + 0.2x ) * 1.0x ) ) ) )
ind: 158
( 0.2x * ( ( ( ( ( 0.5y * 0.25y ) + 0.2y ) * ( 0.125y + 0.1x ) ) + ( ( ( 1.0x + 0.333333333333y ) * 0.25x ) * 0.5x ) ) + ( 1.0x + ( 0.125x + 0.1x ) ) ) )
ind: 159
( 0.2x + 0.111111111111y )
ind: 160
( ( 0.2x * 0.111111111111y ) * 0.5y )
ind: 161
( 0.25y + ( 0.2y + ( ( 0.25x + 0.1y ) * 0.25y ) ) )
ind: 162
( 0.111111111111y + ( ( 1.0x * 0.2x ) + ( 0.25y * ( ( ( 0.125y + 0.111111111111x ) + ( 0.333333333333y + 0.25y ) ) + 0.166666666667y ) ) ) )
ind: 163
( ( ( 0.142857142857y * ( 0.125y + ( 0.25x * 0.1x ) ) ) * 0.1y ) * 0.2y )
ind: 164
( ( ( ( 0.111111111111x + 0.25x ) + 0.333333333333x ) + 0.142857142857y ) * 0.1y )
ind: 165
( ( 0.5y + 1.0y ) + ( 0.25x + 0.125x ) )
ind: 166
( ( 0.125x + 0.125y ) * 0.142857142857x )
ind: 167
( 0.125y * ( 0.142857142857x * 0.111111111111x ) )
ind: 168
( ( ( 0.25x + ( ( ( 0.333333333333y + 0.25y ) + 0.1x ) * 0.2x ) ) + 0.1x ) * 0.1y )
ind: 169
( 0.125y * ( 0.1x + 0.111111111111y ) )
ind: 170
( 0.111111111111x + ( ( 0.25x * ( 0.125y + 0.5y ) ) + 0.142857142857y ) )
ind: 171
( ( ( 0.25x * ( ( ( 0.166666666667x * 0.5y ) + 0.25x ) * ( ( 0.25y * 0.333333333333y ) + 0.25x ) ) ) + 0.142857142857x ) * 0.1y )
ind: 172
( ( ( 0.2y * ( 0.25y * 0.333333333333y ) ) * ( ( ( ( 0.125y * 0.111111111111y ) + 0.142857142857y ) * 0.25x ) + ( ( 0.2y * ( 0.5y * 0.142857142857x ) ) + 0.333333333333y ) ) ) * 0.5x )
ind: 173
( ( ( 0.166666666667y * ( ( ( 0.142857142857x * 0.125x ) + ( 0.5x + 0.166666666667y ) ) + 0.2y ) ) + ( 0.25x * ( 0.5x + ( ( 0.5x + 0.5y ) + 0.1x ) ) ) ) + ( 0.2x + 0.166666666667x ) )
ind: 174
( 0.1x * ( 0.2x + ( ( ( ( 0.125y + 0.111111111111x ) * 0.1y ) + 0.2y ) + ( 0.2y * 0.125x ) ) ) )
ind: 175
( ( ( ( 0.25y * ( ( 0.1y + 0.2y ) + 0.1y ) ) + ( ( 0.166666666667y * ( 0.333333333333y * 0.333333333333x ) ) * ( ( 0.333333333333x + 0.5y ) + ( 1.0y * 0.25y ) ) ) ) * 0.166666666667y ) + 0.25x )
ind: 176
( ( 0.142857142857y + 1.0x ) + 0.125y )
ind: 177
( ( 0.111111111111y + 0.125x ) * ( 0.1x * ( ( ( ( 0.333333333333x + 0.1y ) * 0.333333333333y ) + ( 0.142857142857y + 0.5y ) ) + 0.142857142857y ) ) )
ind: 178
( ( ( ( 0.142857142857y + ( ( 0.2y * 0.125y ) * ( 0.111111111111y * 0.111111111111y ) ) ) + 0.142857142857y ) + 0.25x ) + ( 1.0x * ( 0.2x + 0.111111111111x ) ) )
ind: 179
( 0.5y + ( 0.166666666667y * ( ( ( ( 0.25x + 0.111111111111y ) * ( 0.111111111111x + 1.0x ) ) * 0.166666666667y ) * 0.125y ) ) )
ind: 180
( 0.5x + 0.1y )
ind: 181
( ( ( 0.25y * 0.5x ) + ( 0.333333333333y * 0.25y ) ) + 0.166666666667y )
ind: 182
( 0.5x * 1.0y )
ind: 183
( ( ( ( ( 0.333333333333y + ( 0.5x + 0.5x ) ) + 0.25y ) + 0.5y ) + 0.5x ) * ( ( 0.111111111111x + 0.2y ) * ( 0.25x * 0.25y ) ) )
ind: 184
( 0.166666666667x + ( 0.166666666667x * ( ( 1.0y + ( ( 0.125x * 0.142857142857x ) * 1.0x ) ) * 0.142857142857y ) ) )
ind: 185
( ( ( ( 0.2x + 0.5y ) + 0.2y ) + 0.142857142857x ) * ( 0.25x + 0.25x ) )
ind: 186
( ( 1.0y * 0.333333333333y ) + ( 0.111111111111x + 0.5y ) )
ind: 187
( 0.25y + 1.0x )
ind: 188
( 0.5x * ( 0.1y + ( ( 0.125x + ( 0.125x * 0.1x ) ) + ( 0.25y * ( 0.5x * 0.2x ) ) ) ) )
ind: 189
( ( 0.1y * 0.1x ) + 0.2x )
ind: 190
( 0.125y * 0.1x )
ind: 191
( ( 0.25y * ( 0.2y * ( 0.1x * ( ( 0.111111111111x * 1.0y ) + 0.142857142857y ) ) ) ) + 1.0x )
ind: 192
( ( 0.111111111111x + ( ( 0.5x + 0.333333333333y ) + 0.166666666667x ) ) * 0.333333333333x )
ind: 193
( 0.111111111111x * ( 0.2x + ( 0.166666666667y + ( 0.125x * ( ( 0.5y + 0.2y ) * 0.142857142857y ) ) ) ) )
ind: 194
( 0.111111111111x + 0.142857142857y )
ind: 195
( ( ( 0.2x * ( 0.166666666667x + ( 1.0x + 1.0x ) ) ) + 0.125y ) + 0.25y )
ind: 196
( ( ( 1.0y + ( ( ( 0.5y + 1.0x ) + 0.142857142857y ) + 0.125y ) ) * ( ( 0.142857142857y + 0.142857142857y ) * ( 0.333333333333y + 0.125y ) ) ) * 0.1y )
ind: 197
( ( 0.142857142857y * ( ( ( ( 0.25x * 0.25y ) + 0.142857142857y ) + ( 0.333333333333y + 0.166666666667x ) ) * 1.0x ) ) * 0.111111111111x )
ind: 198
( ( 1.0x + 0.2x ) * ( 0.166666666667y * ( 0.125x * 0.333333333333x ) ) )
ind: 199
( 0.25x * ( ( 0.5y * 0.333333333333y ) * 0.25x ) )
ind: 200
( 0.5x * ( ( ( ( 1.0y + ( 0.142857142857x * 0.5y ) ) * 0.2y ) + 0.2y ) * ( 0.125x * ( ( 0.333333333333x * 1.0y ) + 0.25y ) ) ) )
ind: 201
( 0.333333333333x * 0.5y )
ind: 202
( ( ( 0.142857142857y * ( ( ( 1.0y + 0.333333333333y ) * ( 0.5y + 0.166666666667x ) ) * ( 0.1x + 0.333333333333y ) ) ) + 0.142857142857x ) * ( ( ( ( ( 0.333333333333y + 0.125y ) * 1.0x ) + ( 0.333333333333x + 0.166666666667y ) ) + 0.333333333333y ) * 0.166666666667y ) )
ind: 203
( 0.166666666667y * ( ( 0.125x + 0.142857142857x ) + 0.5x ) )
ind: 204
( ( 0.1x + 0.333333333333y ) * ( 0.166666666667y + 1.0x ) )
ind: 205
( ( 1.0y * ( 0.2y * ( ( 0.125x * ( 0.1y + 1.0y ) ) * ( 0.25x * 0.166666666667x ) ) ) ) * ( 1.0y + ( ( 0.5y * 0.25y ) + ( ( 0.1x + 0.333333333333y ) + 0.142857142857y ) ) ) )
ind: 206
( 0.1x * ( ( ( ( ( 0.111111111111y * 0.333333333333x ) * ( 0.25y + 0.25x ) ) + 0.5y ) * 0.125x ) + ( 0.166666666667y * ( ( ( 0.333333333333x * 0.1x ) * ( 0.5x + 1.0y ) ) * 1.0x ) ) ) )
ind: 207
( ( ( 0.5y * ( 0.142857142857x * 0.333333333333y ) ) + ( ( ( 0.333333333333x * 0.125x ) * 0.5y ) + 0.142857142857x ) ) + ( ( ( ( ( 0.166666666667y + 0.25y ) * 0.166666666667y ) * 0.333333333333x ) + 1.0y ) * 0.1y ) )
ind: 208
( 0.5y * ( 0.125x * ( 0.333333333333x * 0.142857142857y ) ) )
ind: 209
( ( 0.5y + 0.125y ) * 0.111111111111x )
ind: 210
( ( ( ( 0.142857142857y + 0.111111111111x ) * ( ( ( 0.1y * 1.0y ) * ( 0.5y * 0.166666666667x ) ) * 0.142857142857y ) ) + ( 0.2x + ( ( ( 0.5x + 0.125y ) * 0.166666666667x ) * 0.125y ) ) ) + 0.333333333333y )
ind: 211
( 0.125x + ( 0.142857142857y * ( 0.333333333333y + 0.111111111111x ) ) )
ind: 212
( 0.5x + ( 0.111111111111y * ( 0.2y + 0.1y ) ) )
ind: 213
( 1.0x + ( 0.25x + ( 0.25x * ( ( 0.25x * ( 0.2y + 0.2y ) ) + ( ( 0.142857142857x + 0.25y ) * ( 0.142857142857y * 1.0x ) ) ) ) ) )
ind: 214
( ( 0.1x * ( 0.1y + 0.333333333333x ) ) + ( 0.125x * ( 0.111111111111y * 0.5y ) ) )
ind: 215
( 0.166666666667y * 0.125x )
ind: 216
( ( ( 0.2x + 0.25y ) + 0.2y ) * ( ( ( ( ( 0.1y * 0.1y ) * ( 0.333333333333y + 0.1x ) ) * ( 0.333333333333x * 0.166666666667y ) ) * 0.5x ) * ( 0.2y * 0.1y ) ) )
ind: 217
( ( ( 0.166666666667x * ( ( 0.111111111111y * ( 0.111111111111x * 0.111111111111y ) ) + 0.166666666667x ) ) + 0.166666666667y ) + 0.142857142857x )
ind: 218
( 0.166666666667x * 1.0y )
ind: 219
( ( 0.111111111111x * ( ( 0.333333333333x * 0.5x ) * 0.5y ) ) * ( 0.333333333333y * 0.2y ) )
ind: 220
( 0.125y + ( 1.0x + ( ( ( 0.1y + ( 0.142857142857y * 0.111111111111y ) ) * ( 0.333333333333y * ( 1.0y * 0.1x ) ) ) * ( ( 0.166666666667y * 0.166666666667y ) + ( ( 0.5x + 1.0x ) + 1.0y ) ) ) ) )
ind: 221
( ( 0.166666666667y + 1.0x ) + 0.2x )
ind: 222
( ( 0.2x + 0.142857142857y ) + ( 1.0y * ( 0.1y + ( 0.1y * ( ( 0.1y * 0.125x ) * ( 0.333333333333y * 0.25x ) ) ) ) ) )
ind: 223
( ( 1.0y * ( 0.111111111111y * ( 0.5x + 0.2x ) ) ) + ( ( 0.333333333333x + ( 0.166666666667y * 1.0y ) ) + ( ( ( ( 0.25y + 0.333333333333y ) + ( 0.1y + 0.25y ) ) * 0.25x ) + ( ( 0.166666666667x * ( 0.166666666667y * 1.0x ) ) * 1.0x ) ) ) )
ind: 224
( 0.333333333333y + 0.111111111111x )
ind: 225
( 0.1y * 1.0x )
ind: 226
( ( ( 1.0y * ( ( 0.166666666667y * ( 0.166666666667y * 0.5y ) ) + 0.25y ) ) * 0.142857142857y ) + 0.5x )
ind: 227
( 0.333333333333x * 0.5y )
ind: 228
( 0.5x * ( 0.142857142857y + 0.25y ) )
ind: 229
( ( ( ( ( ( 1.0y * 0.166666666667y ) * 0.333333333333x ) * 0.333333333333x ) + ( ( ( 0.25y + 0.25x ) * ( 0.166666666667y * 0.142857142857y ) ) * 0.333333333333x ) ) + ( ( 0.111111111111y + ( ( 0.111111111111y + 0.142857142857x ) * 0.25y ) ) * 0.25x ) ) + ( ( ( ( 0.5y * 0.111111111111y ) * ( 0.2y * ( 0.1x + 0.1x ) ) ) + ( 0.166666666667y * 0.111111111111x ) ) + 0.2y ) )
ind: 230
( 0.333333333333y * 0.333333333333x )
ind: 231
( 0.125y + 0.2x )
ind: 232
( ( 0.166666666667y + 1.0x ) * 0.142857142857x )
ind: 233
( ( ( 1.0y * 0.2x ) + ( 0.125y * ( ( 0.1y * 0.166666666667x ) + ( 0.142857142857y * ( 0.166666666667y + 1.0y ) ) ) ) ) + ( ( 0.333333333333y * 0.5y ) * 0.2y ) )
ind: 234
( 0.5x + 0.111111111111y )
ind: 235
( ( ( 0.5y * 0.111111111111y ) * ( ( 0.111111111111y * ( ( 0.2x * 0.2x ) + 0.111111111111x ) ) * ( ( ( 0.142857142857y + 0.111111111111y ) * ( 0.142857142857x + 1.0x ) ) * ( 0.25x * ( 0.1y * 0.166666666667x ) ) ) ) ) + ( 0.142857142857x + ( 0.333333333333x + ( ( 0.1y * ( 0.333333333333y + 0.2y ) ) * ( ( 0.142857142857x + 0.5x ) + ( 0.111111111111y + 0.5x ) ) ) ) ) )
ind: 236
( ( ( ( ( ( 0.111111111111x * 1.0x ) * 0.25y ) + ( ( 0.25x + 0.166666666667x ) + 0.1y ) ) + 1.0x ) + ( 0.5y + 1.0x ) ) + 0.111111111111y )
ind: 237
( ( ( ( ( ( 0.125y + 1.0x ) * 0.2x ) * ( 0.25y + 0.111111111111x ) ) + 0.111111111111x ) + 0.5y ) * ( 0.1x + ( 0.2y + 0.5y ) ) )
ind: 238
( ( ( 0.125y + ( 0.333333333333y * 0.166666666667x ) ) * ( ( ( ( 0.1x * 0.5y ) + 1.0y ) + 0.2y ) + ( 0.2y + ( ( 0.333333333333y + 0.333333333333y ) + ( 0.2y * 0.142857142857y ) ) ) ) ) * 0.111111111111x )
ind: 239
( 0.1x * 0.142857142857y )
ind: 240
( ( ( ( ( ( 0.125y * 0.111111111111x ) * ( 1.0x * 0.166666666667x ) ) * ( ( 0.111111111111y * 0.111111111111x ) * ( 0.142857142857y + 0.166666666667y ) ) ) * ( ( ( 0.1y + 0.125y ) + ( 0.1x + 0.111111111111y ) ) + ( ( 0.2y + 0.142857142857x ) * ( 0.166666666667y * 0.125x ) ) ) ) * ( 0.142857142857y * ( ( ( 0.25x + 0.166666666667y ) * ( 0.1y * 0.25x ) ) + 0.25y ) ) ) + ( ( ( 0.2y + ( 0.125x + 1.0y ) ) + 0.111111111111y ) * 0.25y ) )
ind: 241
( 1.0y * 0.25x )
ind: 242
( ( 0.2x * ( ( 0.25y * 0.111111111111x ) + ( 0.5y * ( ( 0.142857142857x + 0.1x ) + 0.1y ) ) ) ) + ( ( 0.25y + 0.2x ) + 0.1x ) )
ind: 243
( ( 0.166666666667y + 0.25y ) + 0.1x )
ind: 244
( 0.166666666667y * 0.333333333333x )
ind: 245
( 0.5x + ( ( ( 0.333333333333y * 1.0y ) * 0.111111111111x ) + 0.2y ) )
ind: 246
( ( ( 0.2x * 0.333333333333x ) + ( 0.2y + ( ( ( 1.0x + 0.166666666667y ) * 0.2y ) + ( ( 0.125x + 0.1y ) + 0.333333333333x ) ) ) ) + 0.2y )
ind: 247
( ( ( 0.166666666667x + 0.2y ) * ( ( ( 0.142857142857x * ( 0.2x * 0.5y ) ) + 0.5y ) * ( 0.111111111111x + ( 1.0x * 0.111111111111y ) ) ) ) * 1.0x )
ind: 248
( 0.333333333333y * ( 0.142857142857y + ( ( 0.125y + ( 0.111111111111x + ( 0.25x + 0.2x ) ) ) * 0.5x ) ) )
ind: 249
( ( 0.1y + ( 0.125x + ( 0.2y + ( 0.333333333333x + ( 0.166666666667y + 0.333333333333x ) ) ) ) ) * ( 0.25x + 0.1x ) )
ind: 250
( ( ( 0.25y + ( ( 0.142857142857y * 0.142857142857x ) * 0.1y ) ) + ( ( 1.0y + 0.1x ) + 0.166666666667x ) ) * ( ( ( ( ( 0.333333333333x * 0.142857142857x ) + ( 0.166666666667x * 0.25y ) ) * 0.111111111111y ) * ( ( 0.142857142857x + 0.125y ) * ( 0.333333333333x * 0.142857142857y ) ) ) * ( ( ( ( 0.2x + 0.333333333333y ) * 0.125x ) + ( 0.125y * 0.125y ) ) * 0.333333333333x ) ) )
ind: 251
( ( ( ( 0.25y * 0.2x ) + ( ( ( 0.125x + 0.125y ) * ( 0.1y + 0.125y ) ) + 1.0y ) ) + ( 0.2x * ( ( ( 0.125x * 0.5x ) * 0.111111111111y ) * ( 0.1y + 0.1y ) ) ) ) * ( ( 0.142857142857x + ( ( ( 0.2y * 0.125y ) + ( 0.2y + 0.1x ) ) * 0.125x ) ) + 0.5x ) )
ind: 252
( ( 0.1y + 0.125x ) * ( ( 0.5y + 0.166666666667y ) + ( 0.125y * 0.1y ) ) )
ind: 253
( ( ( 0.111111111111y + ( ( 0.333333333333y * 0.111111111111x ) * ( 0.333333333333y * ( 0.1y + 0.111111111111x ) ) ) ) * 0.25y ) + 0.25y )
ind: 254
( ( 1.0y * ( 1.0x + 0.5x ) ) + 0.5y )
ind: 255
( ( 0.125x + ( 0.2x + 0.25x ) ) + ( ( 0.333333333333x + 0.125y ) + 0.125x ) )
ind: 256
( ( ( ( ( ( 0.111111111111x + 0.5x ) * 0.125x ) * ( 0.111111111111y + ( 0.166666666667x + 0.125y ) ) ) * ( ( 0.333333333333x + 0.125y ) + ( 0.111111111111y * ( 1.0x * 0.2y ) ) ) ) + ( ( 1.0y + ( ( 0.142857142857x + 1.0y ) + 0.111111111111x ) ) * 0.125x ) ) + ( ( ( 0.166666666667x * ( 0.5x * ( 0.333333333333x + 0.5y ) ) ) * ( ( ( 0.25x + 0.166666666667x ) + 0.166666666667y ) * ( ( 0.5y * 0.111111111111x ) + 0.125y ) ) ) * ( 1.0y * 1.0y ) ) )
ind: 257
( 0.2x + ( ( ( ( ( 0.1y + 0.1y ) * 0.5x ) + 0.1y ) * 0.166666666667y ) * ( ( 0.125y * ( ( 0.111111111111y + 0.125x ) + 0.333333333333x ) ) * 0.25x ) ) )
ind: 258
( ( 0.166666666667y + 0.125y ) + ( ( ( 0.2y + 0.25y ) * 0.2y ) + ( ( ( ( 0.1y + 0.333333333333x ) + ( 0.166666666667x + 0.142857142857x ) ) * 0.333333333333y ) * ( 0.111111111111x * 0.333333333333y ) ) ) )
ind: 259
( 1.0y * 1.0x )
ind: 260
( ( ( 0.333333333333y + ( 0.111111111111y + 1.0x ) ) + ( 0.125y * ( 0.111111111111y * 1.0y ) ) ) + 1.0x )
ind: 261
( ( 0.2x + ( 0.25y + 0.2x ) ) * ( 0.111111111111x + 1.0x ) )
ind: 262
( ( 1.0x + ( ( 1.0x + 1.0y ) * 0.111111111111x ) ) * ( ( ( ( 1.0y + ( 0.111111111111y * 1.0x ) ) * ( 0.25x * 0.111111111111y ) ) * 0.2y ) * ( ( ( ( 0.333333333333y * 0.5x ) + 1.0y ) + 0.111111111111y ) + 0.166666666667x ) ) )
ind: 263
( 0.142857142857y * ( ( 0.5x + 0.166666666667x ) * 0.1x ) )
ind: 264
( ( ( 0.142857142857y * ( 0.333333333333x * ( ( 1.0x * 0.166666666667y ) + ( 0.125y * 0.2x ) ) ) ) + 0.111111111111x ) + 0.25x )
ind: 265
( 0.125x * ( ( ( 0.5x + 0.142857142857y ) * 0.25x ) + 0.111111111111y ) )
ind: 266
( 0.25y * ( 0.25y * ( 0.166666666667x + 1.0y ) ) )
ind: 267
( ( ( 0.166666666667y + 0.142857142857x ) * ( ( ( 0.5y + 1.0x ) + ( ( 1.0y + 0.1y ) + ( 0.333333333333x + 0.1x ) ) ) * ( 0.142857142857x + 0.5x ) ) ) + ( ( 0.142857142857x * ( 0.125y * 1.0x ) ) + ( 0.166666666667x * ( 0.142857142857x * 0.111111111111x ) ) ) )
ind: 268
( 0.5x + 0.111111111111y )
ind: 269
( ( 0.166666666667x * 1.0y ) + ( ( ( ( 0.125x * ( 0.333333333333x * 0.142857142857x ) ) + 0.25x ) * 0.5x ) * ( ( 0.25y + ( 0.111111111111x + 0.111111111111x ) ) * 0.111111111111x ) ) )
ind: 270
( ( 0.111111111111y * ( ( 1.0y * ( 0.125y * 1.0x ) ) * ( 0.2y + ( ( 0.2x + 0.333333333333y ) * ( 0.5y + 0.166666666667x ) ) ) ) ) * ( ( 0.166666666667x + ( ( ( 0.25y * 0.2x ) * 1.0x ) * 0.1y ) ) * 0.142857142857y ) )
ind: 271
( 0.5x * 1.0y )
ind: 272
( 0.111111111111y + ( ( 0.333333333333x * ( 0.166666666667x + 0.1x ) ) + ( 0.5x * ( ( ( 0.142857142857x + 0.1x ) * ( 0.142857142857x + 0.142857142857x ) ) * ( ( 1.0x * 0.333333333333x ) * ( 0.25x + 0.1y ) ) ) ) ) )
ind: 273
( 0.2x + ( ( ( ( 0.142857142857x + ( 1.0x * 0.125x ) ) * 0.1x ) + 0.333333333333y ) + 0.166666666667y ) )
ind: 274
( ( 1.0x + ( 0.25x * ( 0.125y * 0.111111111111y ) ) ) + 0.125y )
ind: 275
( 0.142857142857y + ( ( 0.166666666667y * ( 0.111111111111x * ( 0.142857142857x + ( 0.125y * 0.125y ) ) ) ) + 1.0y ) )
ind: 276
( 0.125y + ( 1.0x * 0.142857142857y ) )
ind: 277
( ( ( ( 0.5x * ( 0.142857142857x + 0.5y ) ) * 0.333333333333y ) * ( ( ( 0.142857142857y * 0.111111111111y ) + ( ( 0.142857142857y + 0.333333333333y ) * 0.25y ) ) + ( 0.166666666667x + 0.333333333333y ) ) ) + 0.125y )
ind: 278
( 0.5x * 0.5y )
ind: 279
( 0.111111111111x + ( ( ( ( ( 0.25y + 0.333333333333x ) * ( 0.166666666667y * 0.111111111111y ) ) * ( 0.1y + 0.5x ) ) + ( ( ( 0.5y * 0.1y ) + ( 0.2y + 0.111111111111x ) ) * 0.142857142857y ) ) + ( ( 0.125y + 1.0y ) * ( 0.125y * ( 0.25x * 0.1y ) ) ) ) )
ind: 280
( 0.333333333333y + 1.0x )
ind: 281
( 0.2x * ( 0.25x * 0.333333333333y ) )
ind: 282
( ( 0.125y + ( ( 1.0y * ( ( 0.125x + 0.25y ) + ( 0.2y + 0.1x ) ) ) * 0.142857142857y ) ) * 0.25x )
ind: 283
( 0.2x * ( 0.333333333333y * 0.125x ) )
ind: 284
( ( 0.25y + ( 0.25y * ( ( ( 0.333333333333x * 0.25y ) + 0.5y ) * 0.1y ) ) ) + 0.5x )
ind: 285
( ( 1.0y + ( 0.333333333333y + 0.111111111111x ) ) * ( 0.25x * 0.2y ) )
ind: 286
( ( ( 0.166666666667y * 0.111111111111y ) * ( ( 1.0x + 0.1x ) + ( ( 0.25y + ( 1.0x * 1.0x ) ) * ( 0.2y * ( 0.2x * 0.5y ) ) ) ) ) * ( 0.125y * ( ( 0.25y * ( ( 0.166666666667y + 0.333333333333y ) + ( 0.166666666667x * 0.142857142857x ) ) ) * 0.2x ) ) )
ind: 287
( ( 1.0x + ( ( ( 0.333333333333y * ( 0.2x * 0.5x ) ) + 0.2x ) * ( ( 0.333333333333x * ( 1.0y + 1.0y ) ) * ( 0.25y + ( 1.0y + 1.0x ) ) ) ) ) * 0.333333333333y )
ind: 288
( 0.25x * ( 0.111111111111x * 0.5y ) )
ind: 289
( ( ( 0.125y * ( 1.0x + 0.2y ) ) * 0.2x ) * 0.166666666667y )
ind: 290
( 0.2y + 0.111111111111x )
ind: 291
( ( ( ( ( ( 0.25y * 0.333333333333x ) * 0.25x ) + ( 0.142857142857x + ( 0.1y + 0.25x ) ) ) + ( 0.2x * 0.2y ) ) + ( 0.142857142857y + 0.166666666667x ) ) + ( ( ( ( ( 0.333333333333x + 0.111111111111y ) + 0.5y ) + ( 0.111111111111y + 0.333333333333x ) ) * ( 0.333333333333x + ( 0.142857142857y + ( 0.111111111111x * 0.2y ) ) ) ) * 0.142857142857x ) )
ind: 292
( 0.1y + 0.333333333333x )
ind: 293
( ( 0.333333333333y * ( 0.125x + 0.5x ) ) + 1.0x )
ind: 294
( 0.142857142857x * ( ( 0.111111111111x * ( ( ( 0.111111111111y * 0.125x ) * 0.166666666667y ) * 0.1x ) ) * ( 0.142857142857y * ( 0.2y + ( ( 0.111111111111y * 0.2y ) + 0.142857142857x ) ) ) ) )
ind: 295
( ( 0.166666666667y + ( 0.5y + ( ( ( 0.2x * 0.25y ) * 0.333333333333y ) * 0.142857142857y ) ) ) + ( ( ( 0.5x * ( 0.25x + ( 0.111111111111x * 0.2x ) ) ) + ( 1.0y + ( 0.1y * 0.333333333333x ) ) ) * ( 0.142857142857x + 0.333333333333x ) ) )
ind: 296
( ( 0.333333333333x * ( ( ( 0.25x + 0.2x ) * ( ( 0.125x + 0.25y ) * ( 0.142857142857x + 0.5x ) ) ) + ( ( 1.0y * ( 1.0x * 0.142857142857x ) ) + ( 0.125y + 0.111111111111x ) ) ) ) + ( ( ( ( ( 0.142857142857y + 0.333333333333y ) + ( 0.166666666667y + 0.125x ) ) * ( ( 0.166666666667x * 0.111111111111y ) * 0.111111111111y ) ) + ( 0.25y * ( 0.111111111111y * ( 0.25y + 0.142857142857x ) ) ) ) + ( 0.5y + ( ( 0.25x + 0.2x ) * ( 0.166666666667y + ( 0.125y + 0.166666666667x ) ) ) ) ) )
ind: 297
( 0.111111111111x * 0.111111111111y )
ind: 298
( 0.5y * ( ( ( 0.111111111111x + 0.5x ) + 0.1x ) + 0.333333333333x ) )
ind: 299
( ( ( 0.166666666667x + ( ( 0.1y + 0.333333333333y ) + 0.5y ) ) + 0.111111111111y ) + ( 0.333333333333y * ( 0.25x + ( ( 0.1y * 0.2x ) + ( 0.1x + 0.333333333333x ) ) ) ) )
ind: 300
( 0.142857142857y + ( ( ( ( 1.0x + 0.2x ) * ( ( 0.5y + 0.111111111111y ) * 0.5x ) ) + ( ( ( 1.0y + 0.2x ) + ( 0.1x * 0.25y ) ) * ( ( 0.1x + 0.2y ) * ( 0.2x * 0.25y ) ) ) ) * 0.1x ) )
ind: 301
( ( 0.2x + 0.111111111111x ) + 0.25y )
ind: 302
( ( ( 0.25y * 0.166666666667x ) + ( ( 0.5x * 1.0y ) * ( ( 0.111111111111x * 0.333333333333x ) + ( ( 0.333333333333y + 0.1x ) * 0.1y ) ) ) ) * ( ( 0.142857142857x * ( 0.5x * ( 0.125x + 1.0x ) ) ) + ( 0.333333333333x * ( ( 0.2y * 0.166666666667y ) * ( 0.166666666667x + ( 0.5x + 0.2y ) ) ) ) ) )
ind: 303
( 0.166666666667x * ( ( 0.111111111111x * 0.125y ) + 1.0y ) )
ind: 304
( 0.333333333333x + ( 0.142857142857y + 0.125x ) )
ind: 305
( ( ( 0.5x * ( ( ( 0.25x * 0.125y ) * 0.1y ) * 0.2x ) ) + 0.1x ) * ( ( ( 0.1y + ( 0.333333333333y + ( 0.333333333333y + 0.5x ) ) ) * 0.111111111111x ) + 0.125y ) )
ind: 306
( ( 0.5x * ( ( ( ( 1.0x + 0.125y ) * 0.25x ) + 0.333333333333y ) * 0.1x ) ) + 0.2y )
ind: 307
( ( 1.0y * ( ( ( 0.125x + ( 0.111111111111y + 0.333333333333y ) ) + 1.0x ) * ( ( ( 0.111111111111x + 0.166666666667x ) + ( 0.333333333333x * 1.0y ) ) * ( 0.142857142857x * ( 0.333333333333x * 0.142857142857y ) ) ) ) ) + ( ( ( ( ( 0.111111111111y + 0.25y ) * 0.1y ) + 0.2y ) * 0.166666666667y ) * ( ( ( ( 0.142857142857x + 0.2x ) * 1.0x ) + ( 0.1x + 0.2y ) ) * 0.25y ) ) )
ind: 308
( ( 0.5y + 0.333333333333y ) * ( ( 0.5y + 0.1y ) * 0.166666666667x ) )
ind: 309
( 0.166666666667x * 0.142857142857y )
ind: 310
( ( ( ( ( 0.2y * ( 0.111111111111y + 0.111111111111y ) ) * ( ( 0.142857142857x + 0.111111111111y ) + 0.125x ) ) * ( ( ( 0.5x * 0.1y ) + ( 0.111111111111y + 0.111111111111x ) ) + 0.333333333333x ) ) * 0.1y ) * ( 0.125x * ( ( 0.142857142857y + 0.142857142857y ) * ( ( ( 0.333333333333x + 0.1x ) + 0.125y ) + ( ( 0.1x + 0.125y ) * 0.111111111111y ) ) ) ) )
ind: 311
( 0.5x * 0.25y )
ind: 312
( ( ( 0.125y + 0.333333333333x ) + 0.125x ) * ( ( 0.142857142857x * ( 0.142857142857x * ( 0.1x + ( 0.111111111111y + 1.0x ) ) ) ) * ( ( ( ( 0.2y + 0.2y ) * ( 0.125y + 0.142857142857x ) ) * ( 0.1y + 0.25y ) ) * ( ( ( 0.166666666667y * 0.333333333333x ) * ( 1.0y + 0.125y ) ) * ( 0.5x + 0.125y ) ) ) ) )
ind: 313
( ( 0.142857142857y + 0.111111111111y ) * 0.5x )
ind: 314
( 0.125x + ( ( 1.0y * 0.111111111111x ) * ( 0.5y + 0.25y ) ) )
ind: 315
( 0.166666666667x * 0.5y )
ind: 316
( 0.125y * 0.5x )
ind: 317
( ( ( ( ( ( 0.333333333333x + 1.0x ) * ( 0.111111111111y + 0.333333333333y ) ) + ( ( 0.166666666667x * 0.166666666667x ) * 0.111111111111y ) ) + ( 0.333333333333y + 0.125x ) ) * 0.1y ) + ( ( 0.111111111111x + 0.25x ) + 0.125x ) )
ind: 318
( ( ( ( 0.125y + 0.1y ) * ( 0.5x + ( 0.1y * 0.1x ) ) ) + 0.111111111111y ) * ( 0.2x + 0.1x ) )
ind: 319
( 0.5y * ( 0.25x + 1.0y ) )
ind: 320
( 0.25y + 0.1x )
ind: 321
( ( ( ( ( ( 0.25x * 0.111111111111x ) + 0.1y ) * ( ( 0.2x * 0.333333333333x ) + 0.166666666667y ) ) + ( ( 0.142857142857y + ( 0.166666666667x + 0.166666666667x ) ) * ( ( 0.2y + 0.1y ) + ( 1.0x + 1.0y ) ) ) ) + ( ( 0.5x + 1.0y ) + ( 0.111111111111y + 0.111111111111y ) ) ) * 0.333333333333y )
ind: 322
( ( ( ( ( ( 0.5x + 0.1x ) * 1.0x ) * 0.25x ) + ( 1.0y + ( ( 0.142857142857y + 1.0x ) * ( 0.333333333333x * 0.25y ) ) ) ) + ( 0.125y + ( 0.25x * 0.111111111111x ) ) ) + 0.142857142857y )
ind: 323
( ( 0.111111111111y * ( ( 0.142857142857x * ( 0.166666666667x + ( 0.166666666667y * 0.333333333333x ) ) ) + ( 0.333333333333x + 0.2y ) ) ) * ( 0.166666666667x + 0.111111111111x ) )
ind: 324
( 0.5x * 1.0y )
ind: 325
( 0.1x + 1.0y )
ind: 326
( ( 0.5x * ( ( 1.0x * ( 0.1y * 1.0x ) ) * ( 0.1x * ( ( 0.333333333333y * 0.142857142857x ) * 0.111111111111y ) ) ) ) + 0.142857142857y )
ind: 327
( 0.142857142857x + ( 0.166666666667x + ( ( ( ( 0.333333333333y + 0.333333333333x ) + 0.125x ) + ( 0.5y + 1.0y ) ) * 0.166666666667x ) ) )
ind: 328
( ( ( ( 1.0y * 0.5x ) * 0.142857142857y ) + 0.142857142857y ) * 0.25y )
ind: 329
( ( ( ( 0.333333333333y * 0.333333333333x ) * 0.142857142857x ) + ( ( ( 0.125x * ( 0.111111111111x + 0.111111111111x ) ) * ( 0.2x * ( 0.333333333333y * 0.1y ) ) ) * 0.142857142857y ) ) * ( 0.2y + ( 1.0y + 0.5x ) ) )
ind: 330
( ( 0.111111111111y + ( ( ( 0.5y * 0.125x ) + 0.166666666667y ) + 0.142857142857y ) ) * ( ( ( 0.125x * 0.25y ) * 0.1x ) * 1.0y ) )
ind: 331
( 0.5y + ( ( 0.166666666667x + ( 0.111111111111x * ( 0.333333333333y * ( 1.0x + 0.111111111111y ) ) ) ) + 1.0y ) )
ind: 332
( ( ( 0.111111111111y + ( ( ( 0.166666666667y * 0.166666666667y ) + ( 0.1y + 0.111111111111y ) ) + 0.1y ) ) * 1.0x ) * ( 0.125x * ( ( 0.111111111111x + 0.142857142857x ) + 0.2x ) ) )
ind: 333
( 0.1y * 0.2x )
ind: 334
( ( ( ( 0.166666666667y + ( 0.111111111111x + 0.1x ) ) * ( 1.0y * 0.1y ) ) + 0.125y ) + 0.333333333333y )
ind: 335
( ( ( ( ( 0.125y + ( 0.1y * 0.142857142857x ) ) * 0.25y ) + 1.0y ) + 0.25x ) + ( ( ( ( 1.0x * 0.1y ) * ( ( 0.25y * 0.1x ) * 0.25y ) ) + ( ( ( 0.5y + 0.333333333333x ) * ( 0.333333333333y * 0.25x ) ) * ( ( 1.0x + 0.166666666667x ) + 1.0x ) ) ) + ( 0.166666666667y + ( 0.25y * ( 0.142857142857x * ( 0.333333333333x + 0.111111111111y ) ) ) ) ) )
ind: 336
( ( 0.1y * ( 0.2y + 0.333333333333x ) ) * 0.2x )
ind: 337
( 1.0x * ( 0.166666666667y + ( ( ( 0.333333333333x * 0.142857142857x ) + ( ( 0.2y * 0.2x ) * ( 0.142857142857x * 0.125x ) ) ) + ( 0.5y + ( ( 0.166666666667x + 0.25y ) + 0.111111111111y ) ) ) ) )
ind: 338
( ( ( 0.142857142857x + 0.111111111111y ) + ( ( ( 0.142857142857y * ( 0.5y * 0.2y ) ) * ( 0.5y + ( 1.0y + 0.5x ) ) ) * 0.1x ) ) + 0.1y )
ind: 339
( ( ( 1.0x * 0.5y ) + ( ( 0.25y * 0.125x ) + ( ( ( 0.2x * 0.1x ) + 0.2y ) + 0.125y ) ) ) * ( 0.125y * ( ( 0.111111111111x + ( 0.111111111111x + 0.333333333333y ) ) * ( ( 0.111111111111y + ( 0.2x * 0.166666666667y ) ) + ( ( 0.333333333333y + 0.333333333333x ) + ( 0.166666666667x + 0.166666666667y ) ) ) ) ) )
ind: 340
( ( ( 0.1x * 0.111111111111x ) * ( ( ( 0.25x * ( 0.333333333333x + 0.2y ) ) * ( ( 0.1x + 0.2x ) * 0.111111111111y ) ) + ( ( 0.2y * 0.166666666667y ) + 0.25y ) ) ) + 0.125y )
ind: 341
( 0.111111111111y * ( 0.25x * ( 0.125y * 0.111111111111x ) ) )
ind: 342
( ( 0.5x + 0.25y ) + 0.5y )
ind: 343
( 0.111111111111y + ( 0.111111111111x + ( 0.2y * 0.1y ) ) )
ind: 344
( 0.5x + ( ( ( ( ( 0.142857142857x * 0.5x ) + 0.111111111111x ) + ( 0.333333333333y * 0.333333333333y ) ) + ( 0.333333333333y + ( ( 0.2x * 0.125x ) * 0.166666666667y ) ) ) * ( ( 0.5x * ( ( 0.2y * 0.2x ) * 0.142857142857y ) ) * ( ( 0.142857142857x * ( 0.166666666667y + 0.25x ) ) * 0.166666666667y ) ) ) )
ind: 345
( 0.2x * 0.125y )
ind: 346
( ( ( 0.5y + ( ( 0.166666666667x + 0.142857142857y ) * 0.142857142857y ) ) * ( ( ( ( 0.1y * 0.166666666667x ) * 0.125y ) * ( ( 0.1y + 0.111111111111x ) + 0.1x ) ) + 0.166666666667x ) ) + ( ( 0.25x * 1.0x ) + 0.2y ) )
ind: 347
( ( ( 0.125x * ( 0.2y * ( 0.111111111111x + ( 1.0x + 0.166666666667y ) ) ) ) * ( ( 0.333333333333x * ( ( 0.166666666667y * 0.1x ) * ( 0.142857142857x * 0.166666666667y ) ) ) + 0.333333333333x ) ) + ( 1.0y * ( 0.5x * ( ( ( 0.142857142857y + 1.0y ) + ( 0.333333333333x * 0.2x ) ) + 1.0x ) ) ) )
ind: 348
( 1.0x * 1.0y )
ind: 349
( ( ( ( 0.125x * ( 0.125y + ( 1.0y + 0.25x ) ) ) * 0.111111111111y ) * ( 0.111111111111y * ( ( ( 0.142857142857x * 0.1y ) + ( 0.111111111111y * 0.111111111111x ) ) * ( 0.1x + 0.125y ) ) ) ) + ( 1.0y * 0.111111111111x ) )
ind: 350
( ( ( ( ( 0.5y * ( 0.2y + 0.166666666667x ) ) + ( ( 0.25x + 0.2y ) * ( 0.166666666667y * 0.2y ) ) ) + 1.0x ) * ( 0.25y * 1.0x ) ) * 0.25y )
ind: 351
( 0.111111111111x + ( ( ( 0.25y * ( 0.111111111111x + ( 0.2x * 0.25y ) ) ) + ( ( 0.25x + ( 0.142857142857x + 0.111111111111x ) ) + ( 0.25x * ( 0.25y + 0.166666666667x ) ) ) ) * 0.111111111111x ) )
ind: 352
( ( 0.166666666667x * ( 0.1y * ( ( 0.142857142857y + ( 0.111111111111x + 0.142857142857y ) ) + 0.125x ) ) ) + ( ( 1.0x * 0.166666666667x ) + 0.2y ) )
ind: 353
( 0.1x + ( ( ( ( ( 0.111111111111x * 1.0y ) * 0.5y ) * 0.5x ) * ( 0.111111111111y * 1.0y ) ) * ( 1.0x * 0.111111111111y ) ) )
ind: 354
( ( ( 0.25x + 0.166666666667y ) * ( 0.5x + ( 0.166666666667x + ( 0.333333333333x + ( 0.2y * 0.25x ) ) ) ) ) + 0.1y )
ind: 355
( 0.2y * ( ( 0.5x * 1.0x ) + 0.111111111111y ) )
ind: 356
( ( ( ( 0.1y * ( 0.2y * ( 0.5y + 0.333333333333x ) ) ) + ( 0.5x * ( ( 0.25y * 0.2y ) * ( 1.0x + 0.2y ) ) ) ) + ( 0.142857142857x * ( ( ( 0.25y + 0.2x ) * ( 0.333333333333x + 0.333333333333y ) ) + ( ( 0.125x + 1.0y ) + 1.0x ) ) ) ) + ( ( 0.2x + 0.2x ) + ( ( 0.1y + 0.25y ) + 0.125x ) ) )
ind: 357
( 1.0x + 0.111111111111y )
ind: 358
( 0.333333333333y * 0.5x )
ind: 359
( ( ( ( 0.166666666667y * 1.0x ) + ( ( ( 0.1x + 0.5x ) + 0.125y ) + 1.0x ) ) * ( ( 0.142857142857y + ( ( 0.166666666667x * 1.0y ) * 0.333333333333x ) ) + ( ( ( 1.0x * 0.2y ) * 0.125x ) * 0.333333333333x ) ) ) + 0.166666666667x )
ind: 360
( ( ( 1.0x * 0.2x ) + 0.166666666667y ) * 1.0x )
ind: 361
( ( 1.0y * ( ( ( 0.333333333333x + ( 0.1y + 0.125x ) ) + ( ( 0.111111111111y * 0.333333333333x ) + ( 0.25x * 0.142857142857y ) ) ) + 0.1y ) ) + ( ( ( ( 0.2y * ( 0.166666666667x * 0.333333333333y ) ) * 0.1x ) + ( ( ( 0.5y + 0.1x ) * ( 0.25y * 1.0y ) ) * ( 0.333333333333y * 1.0x ) ) ) + ( 0.166666666667x + 0.111111111111x ) ) )
ind: 362
( ( 0.2x + ( ( ( ( 0.2x + 0.5x ) * ( 0.1x * 0.5y ) ) * 0.2y ) * 0.1y ) ) + 0.25x )
ind: 363
( 0.25x + ( ( ( ( 0.1x * 0.2y ) * 0.333333333333x ) * ( 0.1y + 0.125x ) ) * ( 0.333333333333x * ( ( ( 1.0y * 0.142857142857y ) + ( 0.1y * 0.2x ) ) + 0.2x ) ) ) )
ind: 364
( ( 0.25y * 0.166666666667x ) * ( ( 0.111111111111x * ( 0.25y + 0.2y ) ) * ( 0.2x * 0.5y ) ) )
ind: 365
( 0.1y * ( 0.1x + 0.142857142857y ) )
ind: 366
( 0.142857142857y + 0.333333333333x )
ind: 367
( ( 0.111111111111y * 0.1y ) + 0.333333333333x )
ind: 368
( 0.166666666667x * ( ( ( ( 0.142857142857x + 0.125x ) + ( 0.1x + ( 0.5x + 0.125x ) ) ) * ( 0.166666666667y + 0.111111111111y ) ) * ( 0.1x + 0.25y ) ) )
ind: 369
( 0.1x * ( 0.333333333333y + 0.5y ) )
ind: 370
( ( 0.111111111111y + ( 1.0y + ( 0.166666666667x + 1.0x ) ) ) * ( ( 0.5y * ( ( 1.0x * ( 0.1y + 0.142857142857x ) ) + ( ( 0.25y * 0.2y ) + 0.5y ) ) ) + ( ( 1.0y + ( 0.142857142857y * ( 0.5x + 0.1x ) ) ) + ( 0.2x + ( ( 0.1y + 0.111111111111y ) * ( 1.0x * 0.2x ) ) ) ) ) )
ind: 371
( ( 0.111111111111x * 0.333333333333y ) + 0.166666666667y )
ind: 372
( ( 0.1y * 0.5y ) * ( 0.2x * ( 0.142857142857y + 0.125x ) ) )
ind: 373
( ( ( ( ( 0.125x + 0.2x ) * ( 0.125x + 1.0x ) ) * ( ( 0.125y * 0.166666666667y ) * ( ( 0.111111111111y * 0.125x ) * ( 0.2x * 0.2x ) ) ) ) + 0.25x ) * 0.125y )
ind: 374
( 0.166666666667x + ( 0.111111111111y + 0.111111111111y ) )
ind: 375
( ( ( 0.142857142857y * ( ( ( 0.142857142857y + 0.5x ) + 0.333333333333y ) + ( ( 0.333333333333y * 1.0y ) * ( 0.1x * 0.125y ) ) ) ) * ( 0.1x + 0.111111111111y ) ) + 0.142857142857x )
ind: 376
( ( ( ( 0.2y + 0.125y ) * 0.2y ) + ( ( ( 0.1y + ( 0.2x + 0.111111111111y ) ) + 0.111111111111x ) + ( ( 0.142857142857y + 0.142857142857y ) + 0.2y ) ) ) * ( 0.142857142857x * 0.125x ) )
ind: 377
( ( 0.5x + ( ( 0.142857142857x * ( ( 0.333333333333y + 0.1x ) * ( 0.333333333333y * 0.5y ) ) ) + ( ( 0.2y * ( 0.142857142857x + 0.25y ) ) * ( 0.333333333333y * ( 0.166666666667x * 0.25x ) ) ) ) ) * 1.0y )
ind: 378
( ( ( ( 1.0x * 0.125x ) + 0.166666666667x ) * ( ( ( ( 0.125y + 0.5x ) * 0.142857142857y ) + 0.111111111111x ) + 0.142857142857x ) ) + 0.1y )
ind: 379
( ( 0.125x * ( 0.125y + 0.166666666667y ) ) + ( ( ( ( 0.25x + 0.166666666667x ) + ( ( 0.2y + 0.25x ) * 0.5y ) ) * 0.125y ) * 0.5x ) )
ind: 380
( 0.2x + 0.166666666667y )
ind: 381
( ( 0.333333333333x + ( 1.0y * 0.111111111111x ) ) + ( ( ( ( ( 0.125y * 0.5x ) + ( 1.0x * 0.166666666667x ) ) + 0.1x ) + ( ( ( 0.25y + 0.125y ) + ( 0.5y * 1.0y ) ) * 0.111111111111y ) ) * 0.111111111111x ) )
ind: 382
( ( ( 0.333333333333x + ( 0.166666666667x * ( 0.125y + ( 0.333333333333y * 0.333333333333x ) ) ) ) * ( ( ( 0.333333333333y * ( 0.142857142857y + 1.0x ) ) + ( 0.333333333333y * 0.333333333333x ) ) + ( ( ( 0.111111111111x * 0.333333333333x ) * 0.1y ) + 0.111111111111y ) ) ) * 0.2y )
ind: 383
( ( ( ( 0.333333333333y + 0.25x ) + ( ( 0.142857142857y * ( 0.111111111111y + 0.111111111111y ) ) + ( 1.0y + 0.111111111111x ) ) ) * 0.111111111111y ) + ( ( ( ( 0.125y + 0.25y ) + ( 0.25x * ( 0.142857142857x * 0.125x ) ) ) * ( 1.0x * ( 0.125y + 0.111111111111x ) ) ) * 0.5y ) )
ind: 384
( ( ( 0.25x * ( ( ( 0.5y + 1.0x ) * 0.111111111111y ) + ( ( 0.125x * 0.2y ) + ( 0.25y * 0.111111111111x ) ) ) ) + 0.2y ) * ( 0.142857142857y + 0.2y ) )
ind: 385
( ( ( ( ( ( 0.125x + 0.166666666667x ) * ( 0.142857142857x * 0.2x ) ) * ( ( 0.142857142857x * 0.2y ) * ( 0.125x + 0.125x ) ) ) * ( 0.2x + ( ( 0.5x * 0.5x ) * 1.0x ) ) ) + ( 0.111111111111y + 0.5x ) ) + ( 0.111111111111x + 0.125x ) )
ind: 386
( ( ( 0.166666666667y * ( ( 0.333333333333x + 0.125x ) * 0.125y ) ) * ( 0.2y + 0.125x ) ) + ( ( ( 0.2x + ( ( 0.333333333333x + 1.0x ) * ( 0.2y * 0.125x ) ) ) + ( 0.125x + ( 1.0x * ( 0.142857142857y + 0.2y ) ) ) ) * 0.142857142857y ) )
ind: 387
( 0.111111111111x * 0.2y )
ind: 388
( 0.125y + ( ( 1.0x + ( 1.0y * 0.5x ) ) * 0.333333333333x ) )
ind: 389
( ( ( 0.1x * 0.25x ) + ( 0.166666666667x + 0.1x ) ) + 0.142857142857y )
ind: 390
( ( ( ( ( ( 0.2x * 1.0y ) * 1.0y ) * 0.166666666667y ) * ( ( ( 0.333333333333x * 0.5y ) + ( 0.1x + 0.166666666667y ) ) * ( 0.166666666667y + ( 0.125x * 0.125x ) ) ) ) * 0.2y ) + ( 0.142857142857x + ( 1.0x * ( 0.125y + ( 0.25x * ( 0.125y + 0.5y ) ) ) ) ) )
ind: 391
( ( ( ( ( 0.166666666667y * 0.2y ) * ( ( 0.25y + 0.125x ) + 0.142857142857y ) ) + ( ( ( 0.125y + 0.125x ) + 0.2x ) + ( ( 0.2x * 0.166666666667y ) + ( 0.25y * 0.333333333333x ) ) ) ) * 0.125y ) + ( 0.2x + 0.5y ) )
ind: 392
( 0.2y * ( ( ( 0.1y * 0.333333333333x ) * ( ( 0.1x * ( 0.1y * 0.125y ) ) * ( ( 0.2y + 0.333333333333x ) * ( 1.0y + 0.333333333333x ) ) ) ) + 0.25x ) )
ind: 393
( 0.142857142857y * 0.166666666667x )
ind: 394
( 0.142857142857x + ( ( 0.1x * 0.125x ) * 0.111111111111y ) )
ind: 395
( ( ( 0.1x + ( 0.111111111111x + 0.111111111111x ) ) * 0.111111111111x ) + ( 0.333333333333y * 0.125x ) )
ind: 396
( 0.142857142857x * 0.5y )
ind: 397
( 0.125x + ( 0.142857142857y + 0.166666666667x ) )
ind: 398
( ( 0.5x + ( ( ( ( 0.333333333333y + 0.333333333333x ) + ( 0.25y * 0.333333333333y ) ) + 0.25x ) * ( ( 0.142857142857x + ( 0.333333333333x + 0.2x ) ) + ( ( 0.333333333333y * 0.1y ) * ( 0.1y + 0.111111111111y ) ) ) ) ) * ( 0.1y * ( 0.25x + ( ( ( 1.0x * 0.125x ) + ( 0.166666666667x * 0.5y ) ) + ( 0.1y * 0.142857142857y ) ) ) ) )
ind: 399
( ( ( 0.2x + ( 0.111111111111y * ( ( 0.5y * 0.1y ) * 0.2y ) ) ) + 0.5x ) * ( ( ( 1.0y * 0.2y ) * 0.142857142857x ) + 0.25x ) )
ind: 400
( 0.1y + ( ( ( ( ( 0.333333333333y * 0.1x ) + ( 0.1y + 0.333333333333x ) ) + ( 0.125x + ( 0.166666666667y * 1.0y ) ) ) * ( ( 0.25y + 0.1x ) * 0.1x ) ) * ( 0.111111111111x * 0.333333333333x ) ) )
ind: 401
( 0.125x * 0.142857142857y )
ind: 402
( ( 1.0y * 0.1y ) + ( ( ( 0.25y * 0.111111111111x ) + ( 0.1y * ( 0.125x * ( 0.25x + 0.25y ) ) ) ) * ( 0.142857142857y * ( 0.166666666667y + ( 1.0y * ( 0.111111111111y + 0.166666666667x ) ) ) ) ) )
ind: 403
( ( 0.2x + ( ( ( 0.1x + 0.125y ) * ( ( 1.0x + 0.142857142857x ) * ( 0.333333333333x * 1.0y ) ) ) * ( 0.111111111111y + 0.166666666667y ) ) ) + 1.0y )
ind: 404
( 0.166666666667y * ( ( 1.0x * ( 0.166666666667y * 0.1x ) ) * ( 0.125y + ( 0.166666666667x * ( 0.5y + 0.25y ) ) ) ) )
ind: 405
( 0.5y + 0.25x )
ind: 406
( 0.25y + ( ( ( ( ( 0.333333333333y * 1.0y ) + ( 0.142857142857x * 0.25y ) ) * ( ( 0.333333333333x + 0.1x ) * 0.2y ) ) * 1.0x ) + ( 0.111111111111x + ( 1.0y + 0.333333333333x ) ) ) )
ind: 407
( 0.142857142857x + ( ( ( ( ( 0.125y + 0.25x ) + ( 0.125x * 0.166666666667y ) ) + ( ( 0.142857142857x + 0.25x ) + 0.142857142857x ) ) + 0.1x ) + ( 0.333333333333y * 0.333333333333x ) ) )
ind: 408
( ( ( ( 0.142857142857x + 0.25y ) + ( ( 1.0y + ( 0.2y * 0.5x ) ) + 0.2y ) ) * ( ( 0.2y * 1.0y ) * ( 0.125y + ( 0.1x + 0.2x ) ) ) ) * 0.142857142857y )
ind: 409
( ( ( ( 0.25x + 0.25y ) + ( ( 0.1y * 0.2y ) + ( ( 0.125x * 0.333333333333y ) + 0.142857142857x ) ) ) + 0.2x ) + ( 0.125y * 0.166666666667y ) )
ind: 410
( 0.166666666667x + ( 0.2y * ( ( ( ( 0.333333333333x + 0.142857142857x ) + ( 0.166666666667x + 0.142857142857x ) ) + 0.166666666667y ) * ( 0.142857142857x + ( 0.2x + ( 0.5x + 0.125x ) ) ) ) ) )
ind: 411
( 0.111111111111x * 0.1y )
ind: 412
( ( 0.1y * ( ( ( 0.2y + 0.111111111111y ) * 0.333333333333y ) * 1.0y ) ) + ( 0.142857142857y * 0.166666666667x ) )
ind: 413
( ( ( 0.111111111111y * 0.25x ) + ( 0.2x + 0.142857142857y ) ) * 0.1x )
ind: 414
( 0.166666666667x + ( 0.166666666667y + 0.5y ) )
ind: 415
( ( 0.1x + 0.333333333333y ) * ( 1.0x + 0.5x ) )
ind: 416
( ( ( 0.25x * 0.333333333333y ) + ( 0.333333333333y + 0.25x ) ) + 0.25x )
ind: 417
( ( ( ( 0.166666666667y + ( ( 0.333333333333y * 0.166666666667x ) * 0.166666666667x ) ) + ( ( ( 0.1x * 0.25y ) * 0.166666666667y ) * ( ( 0.2x + 0.5x ) + ( 0.2x * 1.0x ) ) ) ) * ( ( ( 0.25x + ( 0.111111111111y + 0.25x ) ) + 0.5x ) + 0.125x ) ) * ( ( ( 1.0y + ( 0.111111111111y * 0.125x ) ) * ( 0.2y + 0.1y ) ) * 0.25x ) )
ind: 418
( ( ( ( 0.142857142857x * ( ( 0.142857142857x + 0.111111111111y ) * 1.0y ) ) + 0.25x ) + ( ( ( ( 0.2y * 0.125x ) + ( 0.5x + 0.333333333333x ) ) + 0.333333333333y ) * ( ( ( 0.166666666667x + 0.333333333333x ) * 0.1y ) * ( ( 0.111111111111y + 0.5y ) * 0.125x ) ) ) ) + 0.5y )
ind: 419
( ( ( 0.2x * ( ( 0.2x * 0.25y ) + ( ( 0.25y + 0.142857142857x ) + ( 1.0y + 0.25x ) ) ) ) + ( ( ( ( 0.333333333333y * 1.0y ) + ( 1.0y * 0.5y ) ) + 0.111111111111y ) + ( ( ( 0.166666666667x * 1.0x ) * ( 0.333333333333x + 0.1y ) ) + ( ( 0.111111111111y + 0.125x ) + ( 0.333333333333x + 1.0y ) ) ) ) ) + 0.2y )
ind: 420
( ( ( 0.125x * ( ( ( 1.0x * 0.5y ) + 0.2y ) * 0.25y ) ) + ( ( 0.142857142857y * 0.142857142857x ) + ( ( 0.5x + ( 0.25x * 0.25x ) ) * 0.166666666667x ) ) ) + 0.125x )
ind: 421
( ( 0.25x * 1.0y ) * 0.125x )
ind: 422
( 0.1x + ( ( ( 0.1x + 0.142857142857x ) * ( ( ( 0.2x + 0.125y ) * 0.333333333333y ) * 0.5y ) ) + ( ( 0.333333333333x * ( 0.111111111111y * ( 0.166666666667x * 0.142857142857x ) ) ) + 0.1x ) ) )
ind: 423
( ( ( 1.0y + 0.2x ) * ( 0.2y + 0.25x ) ) * 0.166666666667y )
ind: 424
( ( ( ( 1.0x * ( 0.25y + 0.25x ) ) + 0.2y ) + ( 0.125y * ( ( 0.125x + ( 0.25y + 0.333333333333y ) ) + ( 0.125x * ( 0.2x + 0.333333333333y ) ) ) ) ) * ( 0.1y + ( 0.333333333333y * 0.333333333333y ) ) )
ind: 425
( 0.125y + ( ( ( ( ( 0.125y * 0.25y ) + ( 0.1x + 1.0x ) ) + 0.142857142857y ) + ( ( ( 0.125y + 0.111111111111x ) + 0.125y ) + ( ( 0.25x * 0.166666666667y ) + ( 1.0x * 0.125x ) ) ) ) * ( ( 0.142857142857y * 0.142857142857y ) + 1.0y ) ) )
ind: 426
( ( 0.142857142857y * ( ( 0.2x * ( ( 0.125x + 1.0y ) * ( 0.2y * 0.125y ) ) ) * 0.2x ) ) * ( ( ( ( 0.166666666667x * ( 0.2y + 0.1y ) ) * 0.1x ) + ( ( ( 1.0x + 0.142857142857x ) * ( 0.125y * 0.111111111111y ) ) + 0.142857142857y ) ) * ( ( 0.125x + 0.166666666667y ) + ( ( 0.111111111111y * ( 0.125x + 0.25y ) ) + ( 0.166666666667y * ( 0.25x + 0.2y ) ) ) ) ) )
ind: 427
( ( ( ( 0.125y * ( 0.333333333333x + 0.166666666667y ) ) * 0.142857142857x ) + 0.1x ) * ( 0.125x * ( ( 0.142857142857x * 0.166666666667x ) + 0.125y ) ) )
ind: 428
( 0.2y * 0.25x )
ind: 429
( 0.111111111111y + ( 0.166666666667x * 1.0y ) )
ind: 430
( ( 0.166666666667x + 1.0y ) * 0.1y )
ind: 431
( ( ( 0.166666666667y + ( 0.125x + 0.142857142857y ) ) * 0.142857142857y ) + 0.1x )
ind: 432
( ( 0.142857142857x + 1.0y ) * ( ( 0.142857142857x + ( 0.333333333333y + 0.142857142857x ) ) + 0.1x ) )
ind: 433
( 1.0x * ( 0.25y + ( 0.125y + ( 0.111111111111x + 0.25x ) ) ) )
ind: 434
( ( 0.111111111111x + 0.5y ) + ( ( 0.166666666667y * 0.142857142857x ) * ( ( ( 0.125x + ( 0.142857142857y * 0.25x ) ) * 0.333333333333y ) * ( 0.333333333333y + 0.1y ) ) ) )
ind: 435
( 0.166666666667y + ( ( 0.125x + ( 0.333333333333y + 0.2x ) ) + ( 0.2x * ( 0.125y * 0.333333333333y ) ) ) )
ind: 436
( ( ( ( ( 0.333333333333x * ( 0.1y * 0.1x ) ) + 0.25y ) + 0.166666666667y ) + 0.1x ) * 0.5y )
ind: 437
( ( ( 0.1x * ( 0.111111111111x + ( ( 0.166666666667y + 0.333333333333x ) * 0.5x ) ) ) * 0.2x ) + 0.2y )
ind: 438
( ( 0.2x * 0.111111111111y ) + ( 0.142857142857y + 0.25y ) )
ind: 439
( 0.1x * ( ( ( 0.333333333333x + ( ( 0.2x * 0.5x ) + ( 0.5x + 0.333333333333y ) ) ) * 0.142857142857y ) * 0.1y ) )
ind: 440
( ( 0.25x + 0.5y ) + ( ( 0.333333333333y + 0.111111111111x ) * 0.142857142857y ) )
ind: 441
( ( 0.166666666667y + 0.1y ) * 0.166666666667x )
ind: 442
( ( ( ( ( 1.0x + ( 0.142857142857y + 0.333333333333x ) ) + ( 0.111111111111y + ( 0.1y + 0.25y ) ) ) * 0.166666666667x ) * ( ( 0.111111111111y + 0.166666666667y ) * 0.333333333333x ) ) * 0.333333333333x )
ind: 443
( ( 0.1y + ( ( 0.142857142857y + ( 0.125y * ( 0.333333333333y * 0.25x ) ) ) * ( 0.166666666667y * 0.1x ) ) ) * ( 0.25y + 0.125x ) )
ind: 444
( ( 0.5y * ( 0.25y * ( ( 0.5y * 0.142857142857x ) * 0.5x ) ) ) + ( ( 0.333333333333y + 0.1y ) + 0.25x ) )
ind: 445
( 1.0x + 1.0y )
ind: 446
( 0.142857142857x + ( 1.0y * ( 0.5y + ( 0.111111111111y + ( 0.25x + ( 0.166666666667x * 1.0y ) ) ) ) ) )
ind: 447
( 0.111111111111x + 0.1y )
ind: 448
( 0.111111111111y * 0.125x )
ind: 449
( 0.142857142857y + 0.1x )
ind: 450
( 0.2y + ( ( ( ( 0.333333333333x + 0.2y ) + 0.125x ) * ( ( ( 0.333333333333x + 0.1y ) * 1.0y ) * 0.25y ) ) * 0.125y ) )
ind: 451
( 0.111111111111x + 0.25y )
ind: 452
( ( 0.25x * 0.1x ) * ( 0.142857142857y + 0.5x ) )
ind: 453
( 1.0x + ( 0.333333333333x + ( ( 0.1y + ( 0.166666666667y * ( 0.166666666667x * 0.25x ) ) ) + ( 0.142857142857y * 0.333333333333y ) ) ) )
ind: 454
( 0.111111111111y + 0.111111111111x )
ind: 455
( ( 0.333333333333y + ( ( ( 0.2y + ( 0.1y * 1.0x ) ) + 0.1y ) + 0.111111111111y ) ) + 0.25x )
ind: 456
( ( ( 0.333333333333y + 0.142857142857y ) + ( ( ( ( 0.25x + 0.25y ) * 0.125x ) + ( ( 0.142857142857y * 0.333333333333y ) * 0.111111111111y ) ) * ( 0.333333333333x + ( 1.0x + ( 0.1y + 0.125y ) ) ) ) ) * ( 0.166666666667y * ( ( ( ( 0.125x + 0.142857142857y ) * ( 1.0x + 0.25y ) ) + 0.1y ) * ( ( ( 0.166666666667y * 0.142857142857y ) + 0.333333333333y ) * ( 0.25x * 1.0x ) ) ) ) )
ind: 457
( 0.125x * 0.166666666667y )
ind: 458
( ( 1.0x * ( ( ( 0.1y * ( 1.0y + 0.166666666667y ) ) + ( ( 0.1x + 0.111111111111y ) * ( 0.142857142857y + 0.111111111111y ) ) ) + 0.5x ) ) + 0.25x )
ind: 459
( 0.111111111111y * ( ( ( ( ( 0.333333333333x * 0.1y ) + ( 1.0y * 0.333333333333y ) ) + 0.333333333333y ) * 0.166666666667x ) * 0.125x ) )
ind: 460
( ( 0.333333333333y + 1.0x ) + 0.1x )
ind: 461
( ( 0.2x + 0.111111111111x ) * ( 0.25y * ( 0.1x + 0.111111111111y ) ) )
ind: 462
( ( ( 0.166666666667x * ( ( 0.1x + ( 0.25y + 0.1x ) ) * ( 0.142857142857y * 0.5x ) ) ) + 0.1y ) + ( 1.0y + ( 0.2y + 0.5y ) ) )
ind: 463
( 0.25x * ( ( ( ( 0.333333333333y * ( 0.2y * 0.125y ) ) * ( 0.125y * 0.1x ) ) + ( ( ( 0.333333333333x + 0.2x ) + 0.166666666667x ) * 1.0y ) ) + 1.0y ) )
ind: 464
( 0.142857142857x + ( ( 0.2y + 0.5x ) * ( 0.125y + 0.333333333333x ) ) )
ind: 465
( ( 0.166666666667x * ( 0.1y + 1.0y ) ) + ( 0.111111111111y * ( 0.333333333333x * 0.1y ) ) )
ind: 466
( ( ( 0.333333333333y + 0.25x ) + ( 0.142857142857y * 0.5x ) ) * 0.1x )
ind: 467
( 0.5y + ( ( 0.111111111111x * ( 0.25x + ( ( 0.5x * 0.166666666667y ) + 0.111111111111x ) ) ) + ( ( 0.333333333333y * 0.166666666667y ) + 0.333333333333y ) ) )
ind: 468
( 0.1y + ( ( 0.142857142857x * 0.125y ) + ( 0.125y * ( ( ( 0.125x * 0.142857142857y ) * 0.111111111111y ) * 0.125x ) ) ) )
ind: 469
( ( ( ( 0.333333333333y + ( ( 0.166666666667x * 0.2y ) + 0.2x ) ) + 0.166666666667y ) * ( 0.333333333333x * 0.25y ) ) + 0.166666666667x )
ind: 470
( ( 0.1x + ( 0.2y + ( ( ( 0.125y + 0.142857142857y ) * 0.125x ) + 0.25y ) ) ) + ( ( 0.25x + 0.142857142857y ) * 0.1y ) )
ind: 471
( 0.166666666667y * 0.2x )
ind: 472
( ( 0.25y + ( 0.333333333333x * ( 0.1y + 0.125x ) ) ) + 0.166666666667x )
ind: 473
( ( 0.1x * ( 0.5y + 0.1x ) ) + ( ( 0.166666666667y + ( ( 0.111111111111x * 0.142857142857x ) + 0.111111111111x ) ) * ( 0.142857142857x * 0.333333333333y ) ) )
ind: 474
( ( 0.142857142857y * 0.111111111111y ) + ( ( ( 1.0y * 1.0y ) + 0.333333333333x ) + 0.142857142857x ) )
ind: 475
( ( 0.2x * ( ( ( ( 0.25y + 0.333333333333x ) * ( 0.1y * 0.166666666667y ) ) + ( ( 0.125x + 0.25y ) * 0.25x ) ) * 0.166666666667y ) ) + 0.125x )
ind: 476
( 0.142857142857y * 0.25x )
ind: 477
( ( ( ( ( 0.1y + 0.166666666667x ) * ( 0.1y * 0.25x ) ) * ( ( 0.25y + ( 0.2y + 0.111111111111y ) ) + 0.333333333333y ) ) * 0.1x ) + ( ( 1.0y * 0.2x ) + ( ( ( 0.2y * 0.25y ) * 0.111111111111x ) + 0.111111111111x ) ) )
ind: 478
( ( ( ( 0.333333333333y + ( 0.111111111111y + ( 0.2y + 0.166666666667y ) ) ) * 0.166666666667x ) + ( ( 0.1x * 0.142857142857x ) * ( 0.2x * ( 0.2y + 0.166666666667x ) ) ) ) + 0.333333333333x )
ind: 479
( 0.2y * 0.1x )
ind: 480
( ( 0.333333333333x * ( 0.1y * ( ( 0.5y * 0.333333333333x ) + ( 0.333333333333y + ( 0.166666666667y + 0.125x ) ) ) ) ) * ( ( ( ( 0.125x + 0.166666666667x ) + 0.5y ) + 0.166666666667x ) + ( ( ( ( 0.125y + 0.166666666667x ) + ( 0.333333333333x + 1.0x ) ) * ( ( 0.166666666667y + 0.333333333333y ) * ( 0.166666666667y * 0.166666666667x ) ) ) * ( ( 0.333333333333y * 0.142857142857x ) * ( ( 0.2x * 0.5y ) * 0.142857142857x ) ) ) ) )
ind: 481
( 0.25y + 0.111111111111x )
ind: 482
( ( 0.111111111111x * 0.166666666667y ) * 0.1y )
ind: 483
( ( 0.111111111111y + ( ( 0.125y * ( 0.142857142857y + 0.25x ) ) * 1.0x ) ) + ( 0.125x + ( 0.125x * ( 0.1y * 0.142857142857y ) ) ) )
ind: 484
( ( 0.2y * 0.333333333333x ) + ( 0.111111111111y * 0.1y ) )
ind: 485
( 0.166666666667x * ( ( 0.5x * 0.333333333333x ) * ( ( 0.2x * 1.0y ) * ( ( ( 0.111111111111y * 0.142857142857x ) * ( 0.5y + 0.333333333333y ) ) + ( 0.25x + ( 0.166666666667y + 0.333333333333x ) ) ) ) ) )
ind: 486
( ( 0.166666666667y + 0.111111111111x ) + 0.142857142857x )
ind: 487
( 0.1y + ( 0.2y + ( 0.333333333333x * 1.0x ) ) )
ind: 488
( 0.1y * 0.2x )
ind: 489
( 0.333333333333y * 0.2x )
ind: 490
( 0.1y * ( ( 0.142857142857x * ( 1.0x * ( ( 1.0y * 0.111111111111y ) * ( 0.1y + 0.333333333333y ) ) ) ) + ( ( 0.166666666667x + 0.5y ) + ( 0.2y * ( 0.166666666667y * 0.125y ) ) ) ) )
ind: 491
( ( ( 0.111111111111x * 0.5x ) + 0.125y ) + 0.25y )
ind: 492
( ( ( 0.1x * ( ( 0.1x + 0.1x ) + 0.5y ) ) * 1.0y ) * 0.5x )
ind: 493
( ( ( 0.166666666667x + ( ( 0.1y * ( 0.142857142857y + 1.0x ) ) + 0.125y ) ) + ( ( 0.142857142857x + ( 0.142857142857x + ( 0.166666666667x + 0.333333333333y ) ) ) * 1.0x ) ) * ( ( 0.166666666667x + ( 0.25y * 1.0x ) ) * 0.111111111111x ) )
ind: 494
( ( 1.0x + 0.142857142857y ) + ( ( ( ( ( 1.0y * 0.1x ) + ( 1.0x + 0.142857142857y ) ) * ( 0.25y + 0.142857142857y ) ) + ( ( 0.1y * 0.25y ) * ( ( 0.111111111111x + 0.2y ) + 1.0x ) ) ) + 0.125y ) )
ind: 495
( 0.25y * 0.166666666667x )
ind: 496
( ( 0.25y + ( 0.5x + 0.111111111111y ) ) + ( ( ( ( ( 0.5y * 0.1x ) * 0.2x ) + ( ( 0.125x * 0.142857142857y ) * 0.1x ) ) * 1.0x ) + ( 0.25x * 0.166666666667y ) ) )
ind: 497
( ( ( 0.142857142857x * 0.2y ) + 0.125y ) * 0.111111111111y )
ind: 498
( ( ( ( 1.0y + ( 1.0y * 0.111111111111y ) ) + 0.142857142857y ) + ( 0.142857142857x * 0.166666666667x ) ) * ( 0.25y * 0.142857142857x ) )
ind: 499
( 0.125y + ( 0.125y + 0.2x ) )
ind: 500
( 0.142857142857y * ( 0.111111111111y + 0.125x ) )
Best Ind: ( 0.111111111111x + 0.142857142857y )
Fitness = 2.38180704024
Worst Ind: ( ( ( 0.2y + ( ( ( 0.5x + 0.333333333333y ) + 0.166666666667y ) + ( 0.5y * 0.5x ) ) ) + ( 0.333333333333x * ( ( 0.25y * ( 0.25y + 0.25y ) ) * ( 0.5y * 0.142857142857x ) ) ) ) * ( ( ( 0.333333333333y + 0.2y ) * 0.142857142857x ) * ( ( ( ( 0.166666666667y + 0.125x ) + ( 0.25x + 0.142857142857x ) ) * ( ( 0.1y * 0.25y ) + ( 0.333333333333y + 0.2y ) ) ) * ( ( ( 1.0x + 0.5x ) + ( 0.142857142857x * 0.125x ) ) + ( ( 0.5y * 0.111111111111y ) + ( 0.1y * 0.1x ) ) ) ) ) )
Fitness = 11939134.3919
Avg Fitness = 62510.0054528
Duplicated = 11
============================================================================
Evaluate Gen  1
New Population 811
Better than Dads 156
Best Ind: ( 0.111111111111x + 0.166666666667y )
Fitness = 2.30030133893
Worst Ind: ( ( 0.125x + ( 0.2x + 0.25x ) ) + ( ( 0.1x + 0.125y ) + 0.125x ) )
Fitness = 422.928473099
Avg Fitness = 95.5169291277
Duplicated = 27
============================================================================
Evaluate Gen  2
New Population 825
Better than Dads 162
Best Ind: ( 0.111111111111x + 0.166666666667y )
Fitness = 2.30030133893
Worst Ind: ( 0.25x * ( ( 0.5y * 0.333333333333y ) * 0.25x ) )
Fitness = 72.2453600344
Avg Fitness = 26.9883660738
Duplicated = 49
============================================================================
Evaluate Gen  3
New Population 836
Better than Dads 185
Best Ind: ( 0.111111111111x + 0.166666666667y )
Fitness = 2.30030133893
Worst Ind: ( ( 0.2x * ( ( 0.111111111111y + 0.111111111111y ) * ( 0.111111111111y * 0.5x ) ) ) * 0.2y )
Fitness = 29.756007679
Avg Fitness = 16.0760801574
Duplicated = 62
============================================================================
Evaluate Gen  4
New Population 839
Better than Dads 221
Best Ind: ( 0.111111111111x + 0.166666666667y )
Fitness = 2.30030133893
Worst Ind: ( 0.5x * 0.25y )
Fitness = 20.3584629491
Avg Fitness = 11.9385666197
Duplicated = 73
============================================================================
Evaluate Gen  5
New Population 829
Better than Dads 229
Best Ind: ( 0.111111111111x + 0.166666666667y )
Fitness = 2.30030133893
Worst Ind: ( 0.111111111111y * 1.0x )
Fitness = 15.4602632629
Avg Fitness = 9.42596535778
Duplicated = 82
============================================================================
Evaluate Gen  6
New Population 841
Better than Dads 234
Best Ind: ( 0.111111111111x + 0.166666666667y )
Fitness = 2.30030133893
Worst Ind: ( 0.125y + 0.25x )
Fitness = 11.470321757
Avg Fitness = 7.67217754851
Duplicated = 95
============================================================================
Evaluate Gen  7
New Population 831
Better than Dads 229
Best Ind: ( 0.111111111111x + 0.166666666667y )
Fitness = 2.30030133893
Worst Ind: ( ( ( 0.142857142857x + 0.2x ) + 0.333333333333x ) * 0.125y )
Fitness = 9.55651177663
Avg Fitness = 6.5777018516
Duplicated = 114
============================================================================
Evaluate Gen  8
New Population 823
Better than Dads 239
Best Ind: ( 0.111111111111x + 0.166666666667y )
Fitness = 2.30030133893
Worst Ind: ( ( 0.1y + 0.111111111111x ) * ( 0.166666666667x + ( 0.125y * 0.1y ) ) )
Fitness = 8.37456847485
Avg Fitness = 5.67185333266
Duplicated = 114
============================================================================
Evaluate Gen  9
New Population 839
Better than Dads 243
Best Ind: ( 0.111111111111x + 0.166666666667y )
Fitness = 2.30030133893
Worst Ind: ( 0.1y + ( ( ( 0.166666666667x + 0.111111111111y ) * 0.125y ) + 0.142857142857x ) )
Fitness = 6.77919789368
Avg Fitness = 4.87138836542
Duplicated = 124
============================================================================
Evaluate Gen  10
New Population 819
Better than Dads 217
Best Ind: ( 0.111111111111x + 0.166666666667y )
Fitness = 2.30030133893
Worst Ind: ( 0.142857142857y + ( ( 0.2x + 0.111111111111y ) * 0.1x ) )
Fitness = 5.74882127072
Avg Fitness = 4.41457479673
Duplicated = 139
============================================================================
Evaluate Gen  11
New Population 826
Better than Dads 242
Best Ind: ( 0.111111111111x + 0.166666666667y )
Fitness = 2.30030133893
Worst Ind: ( 0.333333333333y + ( 0.166666666667y * ( 0.125x * 0.125y ) ) )
Fitness = 5.21552148725
Avg Fitness = 4.10084615204
Duplicated = 158
============================================================================
Evaluate Gen  12
New Population 811
Better than Dads 218
Best Ind: ( 0.111111111111x + 0.166666666667y )
Fitness = 2.30030133893
Worst Ind: ( 0.1y + 0.2x )
Fitness = 4.81225407273
Avg Fitness = 3.79702937713
Duplicated = 192
============================================================================
Evaluate Gen  13
New Population 799
Better than Dads 205
Best Ind: ( 0.111111111111x + 0.166666666667y )
Fitness = 2.30030133893
Worst Ind: ( 0.166666666667x + ( 0.111111111111y * 0.142857142857x ) )
Fitness = 4.57057969872
Avg Fitness = 3.53966444264
Duplicated = 210
============================================================================
Evaluate Gen  14
New Population 809
Better than Dads 224
Best Ind: ( 0.111111111111x + 0.166666666667y )
Fitness = 2.30030133893
Worst Ind: ( 0.142857142857x + ( 0.125y * ( 0.111111111111x + 0.2y ) ) )
Fitness = 4.2645996745
Avg Fitness = 3.29267685139
Duplicated = 245
============================================================================
Evaluate Gen  15
New Population 798
Better than Dads 223
Best Ind: ( 0.111111111111x + 0.166666666667y )
Fitness = 2.30030133893
Worst Ind: ( 0.111111111111y + ( 0.125y + 0.125x ) )
Fitness = 3.84006508388
Avg Fitness = 3.0833233695
Duplicated = 295
============================================================================
Evaluate Gen  16
New Population 786
Better than Dads 207
Best Ind: ( 0.111111111111x + 0.166666666667y )
Fitness = 2.30030133893
Worst Ind: ( ( 0.142857142857y * 0.142857142857y ) + ( ( 0.1x + ( ( ( 0.142857142857y * 0.25y ) * ( 0.111111111111y * 0.142857142857y ) ) * 0.25x ) ) + 0.1y ) )
Fitness = 3.53394459379
Avg Fitness = 2.8998374922
Duplicated = 329
============================================================================
Evaluate Gen  17
New Population 809
Better than Dads 209
Best Ind: ( 0.111111111111x + 0.166666666667y )
Fitness = 2.30030133893
Worst Ind: ( 0.125y + ( 0.111111111111y + 0.111111111111x ) )
Fitness = 3.17812688106
Avg Fitness = 2.75782093194
Duplicated = 351
============================================================================
Evaluate Gen  18
New Population 785
Better than Dads 208
Best Ind: ( 0.111111111111x + 0.166666666667y )
Fitness = 2.30030133893
Worst Ind: ( ( 0.142857142857y + 0.1x ) + 0.1y )
Fitness = 2.98868512061
Avg Fitness = 2.66410970826
Duplicated = 363
============================================================================
Evaluate Gen  19
New Population 783
Better than Dads 205
Best Ind: ( 0.111111111111x + 0.166666666667y )
Fitness = 2.30030133893
Worst Ind: ( 0.111111111111y + ( 0.111111111111y + 0.111111111111x ) )
Fitness = 2.86238718292
Avg Fitness = 2.59613934361
Duplicated = 379
============================================================================
Evaluate Gen  20
New Population 790
Better than Dads 226
Best Ind: ( 0.111111111111x + 0.166666666667y )
Fitness = 2.30030133893
Worst Ind: ( 0.142857142857x + 0.142857142857y )
Fitness = 2.69324165852
Avg Fitness = 2.55786012794
Duplicated = 419
============================================================================
Evaluate Gen  21
New Population 798
Better than Dads 208
Best Ind: ( 0.111111111111x + 0.166666666667y )
Fitness = 2.30030133893
Worst Ind: ( 0.142857142857x + 0.1y )
Fitness = 2.61824385848
Avg Fitness = 2.53072662301
Duplicated = 438
============================================================================
Evaluate Gen  22
New Population 768
Better than Dads 201
Best Ind: ( 0.111111111111x + 0.166666666667y )
Fitness = 2.30030133893
Worst Ind: ( 0.125y + 0.111111111111x )
Fitness = 2.60147265021
Avg Fitness = 2.51442756169
Duplicated = 441
============================================================================
Evaluate Gen  23
New Population 762
Better than Dads 204
Best Ind: ( 0.111111111111x + 0.166666666667y )
Fitness = 2.30030133893
Worst Ind: ( 0.142857142857x + 0.125y )
Fitness = 2.59206080317
Avg Fitness = 2.49613168981
Duplicated = 443
============================================================================
Evaluate Gen  24
New Population 781
Better than Dads 212
Best Ind: ( 0.111111111111x + 0.166666666667y )
Fitness = 2.30030133893
Worst Ind: ( 0.142857142857x + 0.111111111111y )
Fitness = 2.58310048037
Avg Fitness = 2.47456584215
Duplicated = 446
============================================================================
Evaluate Gen  25
New Population 773
Better than Dads 199
Best Ind: ( 0.111111111111x + 0.166666666667y )
Fitness = 2.30030133893
Worst Ind: ( 0.1x + 0.142857142857y )
Fitness = 2.57944839786
Avg Fitness = 2.44517885097
Duplicated = 447
============================================================================
Evaluate Gen  26
New Population 791
Better than Dads 217
Best Ind: ( 0.111111111111x + 0.166666666667y )
Fitness = 2.30030133893
Worst Ind: ( ( 0.1y + 0.1y ) + 0.111111111111x )
Fitness = 2.53380016024
Avg Fitness = 2.41727438266
Duplicated = 457
============================================================================
Evaluate Gen  27
New Population 755
Better than Dads 198
Best Ind: ( 0.111111111111x + 0.166666666667y )
Fitness = 2.30030133893
Worst Ind: ( ( 0.142857142857y + 0.111111111111x ) + ( ( 0.111111111111y * 0.125y ) * ( 0.1y + ( 0.1y * ( ( 0.1y * 0.125x ) * 0.142857142857y ) ) ) ) )
Fitness = 2.5048786108
Avg Fitness = 2.39645266916
Duplicated = 465
============================================================================
Evaluate Gen  28
New Population 775
Better than Dads 201
Best Ind: ( 0.111111111111x + 0.166666666667y )
Fitness = 2.30030133893
Worst Ind: ( 0.125x + 0.125y )
Fitness = 2.44242245425
Avg Fitness = 2.3827591025
Duplicated = 480
============================================================================
Evaluate Gen  29
New Population 739
Better than Dads 182
Best Ind: ( 0.111111111111x + 0.166666666667y )
Fitness = 2.30030133893
Worst Ind: ( 0.142857142857y + 0.125x )
Fitness = 2.38895237793
Avg Fitness = 2.37468839971
Duplicated = 486
============================================================================
Evaluate Gen  30
New Population 754
Better than Dads 164
Best Ind: ( 0.111111111111x + 0.166666666667y )
Fitness = 2.30030133893
Worst Ind: ( 0.125x + 0.142857142857y )
Fitness = 2.38895237793
Avg Fitness = 2.37212243294
Duplicated = 486
============================================================================
Evaluate Gen  31
New Population 755
Better than Dads 149
Best Ind: ( 0.111111111111x + 0.166666666667y )
Fitness = 2.30030133893
Worst Ind: ( 0.111111111111x + 0.142857142857y )
Fitness = 2.38180704024
Avg Fitness = 2.36910000871
Duplicated = 488
============================================================================
Evaluate Gen  32
New Population 770
Better than Dads 160
Best Ind: ( 0.111111111111x + 0.166666666667y )
Fitness = 2.30030133893
Worst Ind: ( 0.142857142857y + 0.111111111111x )
Fitness = 2.38180704024
Avg Fitness = 2.36656912711
Duplicated = 488
============================================================================
Evaluate Gen  33
New Population 770
Better than Dads 154
Best Ind: ( 0.111111111111x + 0.166666666667y )
Fitness = 2.30030133893
Worst Ind: ( 0.111111111111x + 0.142857142857y )
Fitness = 2.38180704024
Avg Fitness = 2.36305703113
Duplicated = 488
============================================================================
Evaluate Gen  34
New Population 777
Better than Dads 193
Best Ind: ( 0.111111111111x + 0.166666666667y )
Fitness = 2.30030133893
Worst Ind: ( 0.142857142857y + 0.111111111111x )
Fitness = 2.38180704024
Avg Fitness = 2.35819348417
Duplicated = 488
============================================================================
Evaluate Gen  35
New Population 760
Better than Dads 185
Best Ind: ( 0.111111111111x + 0.166666666667y )
Fitness = 2.30030133893
Worst Ind: ( 0.142857142857y + 0.111111111111x )
Fitness = 2.38180704024
Avg Fitness = 2.35276463033
Duplicated = 488
============================================================================
Evaluate Gen  36
New Population 770
Better than Dads 187
Best Ind: ( 0.111111111111x + 0.166666666667y )
Fitness = 2.30030133893
Worst Ind: ( 0.111111111111x + 0.142857142857y )
Fitness = 2.38180704024
Avg Fitness = 2.34456612491
Duplicated = 488
============================================================================
Evaluate Gen  37
New Population 743
Better than Dads 179
Best Ind: ( 0.111111111111x + 0.166666666667y )
Fitness = 2.30030133893
Worst Ind: ( 0.142857142857y + 0.111111111111x )
Fitness = 2.38180704024
Avg Fitness = 2.33520443277
Duplicated = 488
============================================================================
Evaluate Gen  38
New Population 755
Better than Dads 176
Best Ind: ( 0.111111111111x + 0.166666666667y )
Fitness = 2.30030133893
Worst Ind: ( ( 0.1x + 0.1y ) + 0.1y )
Fitness = 2.36103736932
Avg Fitness = 2.32616211205
Duplicated = 490
============================================================================
Evaluate Gen  39
New Population 746
Better than Dads 172
Best Ind: ( 0.111111111111x + 0.166666666667y )
Fitness = 2.30030133893
Worst Ind: ( 0.2y + 0.1x )
Fitness = 2.36103736932
Avg Fitness = 2.31801146482
Duplicated = 490
============================================================================
Evaluate Gen  40
New Population 749
Better than Dads 155
Best Ind: ( 0.111111111111x + 0.166666666667y )
Fitness = 2.30030133893
Worst Ind: ( 0.1x + 0.166666666667y )
Fitness = 2.3147577946
Avg Fitness = 2.30726935056
Duplicated = 496
============================================================================
Evaluate Gen  41
New Population 745
Better than Dads 145
Best Ind: ( 0.111111111111x + 0.166666666667y )
Fitness = 2.30030133893
Worst Ind: ( 0.166666666667y + 0.1x )
Fitness = 2.3147577946
Avg Fitness = 2.30510088221
Duplicated = 496
============================================================================
Evaluate Gen  42
New Population 767
Better than Dads 115
Best Ind: ( 0.111111111111x + 0.166666666667y )
Fitness = 2.30030133893
Worst Ind: ( 0.166666666667y + 0.1x )
Fitness = 2.3147577946
Avg Fitness = 2.30145785538
Duplicated = 496
============================================================================
Evaluate Gen  43
New Population 776
Better than Dads 113
Best Ind: ( 0.111111111111x + 0.166666666667y )
Fitness = 2.30030133893
Worst Ind: ( 0.166666666667y + 0.111111111111x )
Fitness = 2.30030133893
Avg Fitness = 2.30030133893
Duplicated = 498
============================================================================
Evaluate Gen  44
New Population 756
Better than Dads 108
Best Ind: ( 0.111111111111x + 0.166666666667y )
Fitness = 2.30030133893
Worst Ind: ( 0.166666666667y + 0.111111111111x )
Fitness = 2.30030133893
Avg Fitness = 2.30030133893
Duplicated = 498
============================================================================
Evaluate Gen  45
New Population 763
Better than Dads 109
Best Ind: ( 0.111111111111x + 0.166666666667y )
Fitness = 2.30030133893
Worst Ind: ( 0.166666666667y + 0.111111111111x )
Fitness = 2.30030133893
Avg Fitness = 2.30030133893
Duplicated = 498
============================================================================
Evaluate Gen  46
New Population 763
Better than Dads 93
Best Ind: ( 0.111111111111x + 0.166666666667y )
Fitness = 2.30030133893
Worst Ind: ( 0.166666666667y + 0.111111111111x )
Fitness = 2.30030133893
Avg Fitness = 2.30030133893
Duplicated = 498
============================================================================
Evaluate Gen  47
New Population 746
Better than Dads 98
Best Ind: ( 0.111111111111x + 0.166666666667y )
Fitness = 2.30030133893
Worst Ind: ( 0.111111111111x + 0.166666666667y )
Fitness = 2.30030133893
Avg Fitness = 2.30030133893
Duplicated = 498
============================================================================
Evaluate Gen  48
New Population 765
Better than Dads 91
Best Ind: ( 0.111111111111x + 0.166666666667y )
Fitness = 2.30030133893
Worst Ind: ( 0.166666666667y + 0.111111111111x )
Fitness = 2.30030133893
Avg Fitness = 2.30030133893
Duplicated = 498
============================================================================
Evaluate Gen  49
New Population 767
Better than Dads 103
Best Ind: ( 0.111111111111x + 0.166666666667y )
Fitness = 2.30030133893
Worst Ind: ( 0.166666666667y + 0.111111111111x )
Fitness = 2.30030133893
Avg Fitness = 2.30030133893
Duplicated = 498
============================================================================
Evaluate Gen  50
New Population 765
Better than Dads 87
Best Ind: ( 0.111111111111x + 0.166666666667y )
Fitness = 2.30030133893
Worst Ind: ( 0.166666666667y + 0.111111111111x )
Fitness = 2.30030133893
Avg Fitness = 2.30030133893
Duplicated = 498
============================================================================
Evaluate Gen  51
New Population 747
Better than Dads 107
Best Ind: ( 0.111111111111x + 0.166666666667y )
Fitness = 2.30030133893
Worst Ind: ( 0.166666666667y + 0.111111111111x )
Fitness = 2.30030133893
Avg Fitness = 2.30030133893
Duplicated = 498
============================================================================
Evaluate Gen  52
New Population 768
Better than Dads 104
Best Ind: ( 0.111111111111x + 0.166666666667y )
Fitness = 2.30030133893
Worst Ind: ( 0.111111111111x + 0.166666666667y )
Fitness = 2.30030133893
Avg Fitness = 2.30030133893
Duplicated = 498
============================================================================
Evaluate Gen  53
New Population 747
Better than Dads 109
Best Ind: ( 0.111111111111x + 0.166666666667y )
Fitness = 2.30030133893
Worst Ind: ( 0.166666666667y + 0.111111111111x )
Fitness = 2.30030133893
Avg Fitness = 2.30030133893
Duplicated = 498
============================================================================
Evaluate Gen  54
New Population 754
Better than Dads 106
Best Ind: ( 0.111111111111x + 0.166666666667y )
Fitness = 2.30030133893
Worst Ind: ( 0.111111111111x + 0.166666666667y )
Fitness = 2.30030133893
Avg Fitness = 2.30030133893
Duplicated = 498
============================================================================
Evaluate Gen  55
New Population 760
Better than Dads 104
Best Ind: ( 0.111111111111x + 0.166666666667y )
Fitness = 2.30030133893
Worst Ind: ( 0.111111111111x + 0.166666666667y )
Fitness = 2.30030133893
Avg Fitness = 2.30030133893
Duplicated = 498
============================================================================
Evaluate Gen  56
New Population 771
Better than Dads 115
Best Ind: ( 0.111111111111x + 0.166666666667y )
Fitness = 2.30030133893
Worst Ind: ( 0.166666666667y + 0.111111111111x )
Fitness = 2.30030133893
Avg Fitness = 2.30030133893
Duplicated = 498
============================================================================
Evaluate Gen  57
New Population 747
Better than Dads 109
Best Ind: ( 0.111111111111x + 0.166666666667y )
Fitness = 2.30030133893
Worst Ind: ( 0.166666666667y + 0.111111111111x )
Fitness = 2.30030133893
Avg Fitness = 2.30030133893
Duplicated = 498
============================================================================
Evaluate Gen  58
New Population 744
Better than Dads 116
Best Ind: ( 0.111111111111x + 0.166666666667y )
Fitness = 2.30030133893
Worst Ind: ( 0.111111111111x + 0.166666666667y )
Fitness = 2.30030133893
Avg Fitness = 2.30030133893
Duplicated = 498
============================================================================
Evaluate Gen  59
New Population 764
Better than Dads 102
Best Ind: ( 0.111111111111x + 0.166666666667y )
Fitness = 2.30030133893
Worst Ind: ( 0.166666666667y + 0.111111111111x )
Fitness = 2.30030133893
Avg Fitness = 2.30030133893
Duplicated = 498
============================================================================
Evaluate Gen  60
New Population 756
Better than Dads 110
Best Ind: ( 0.111111111111x + 0.166666666667y )
Fitness = 2.30030133893
Worst Ind: ( 0.166666666667y + 0.111111111111x )
Fitness = 2.30030133893
Avg Fitness = 2.30030133893
Duplicated = 498
============================================================================
Evaluate Gen  61
New Population 773
Better than Dads 115
Best Ind: ( 0.111111111111x + 0.166666666667y )
Fitness = 2.30030133893
Worst Ind: ( 0.111111111111x + 0.166666666667y )
Fitness = 2.30030133893
Avg Fitness = 2.30030133893
Duplicated = 498
============================================================================
Evaluate Gen  62
New Population 766
Better than Dads 98
Best Ind: ( 0.111111111111x + 0.166666666667y )
Fitness = 2.30030133893
Worst Ind: ( 0.166666666667y + 0.111111111111x )
Fitness = 2.30030133893
Avg Fitness = 2.30030133893
Duplicated = 498
============================================================================
Evaluate Gen  63
New Population 753
Better than Dads 119
Best Ind: ( 0.111111111111x + 0.166666666667y )
Fitness = 2.30030133893
Worst Ind: ( 0.111111111111x + 0.166666666667y )
Fitness = 2.30030133893
Avg Fitness = 2.30030133893
Duplicated = 498
============================================================================
Evaluate Gen  64
New Population 747
Better than Dads 113
Best Ind: ( 0.111111111111x + 0.166666666667y )
Fitness = 2.30030133893
Worst Ind: ( 0.166666666667y + 0.111111111111x )
Fitness = 2.30030133893
Avg Fitness = 2.30030133893
Duplicated = 498
============================================================================
Evaluate Gen  65
New Population 746
Better than Dads 98
Best Ind: ( 0.111111111111x + 0.166666666667y )
Fitness = 2.30030133893
Worst Ind: ( 0.166666666667y + 0.111111111111x )
Fitness = 2.30030133893
Avg Fitness = 2.30030133893
Duplicated = 498
============================================================================
Evaluate Gen  66
New Population 757
Better than Dads 105
Best Ind: ( 0.111111111111x + 0.166666666667y )
Fitness = 2.30030133893
Worst Ind: ( 0.166666666667y + 0.111111111111x )
Fitness = 2.30030133893
Avg Fitness = 2.30030133893
Duplicated = 498
============================================================================
Evaluate Gen  67
New Population 743
Better than Dads 99
Best Ind: ( 0.111111111111x + 0.166666666667y )
Fitness = 2.30030133893
Worst Ind: ( 0.111111111111x + 0.166666666667y )
Fitness = 2.30030133893
Avg Fitness = 2.30030133893
Duplicated = 498
============================================================================
Evaluate Gen  68
New Population 749
Better than Dads 103
Best Ind: ( 0.111111111111x + 0.166666666667y )
Fitness = 2.30030133893
Worst Ind: ( 0.166666666667y + 0.111111111111x )
Fitness = 2.30030133893
Avg Fitness = 2.30030133893
Duplicated = 498
============================================================================
Evaluate Gen  69
New Population 747
Better than Dads 111
Best Ind: ( 0.111111111111x + 0.166666666667y )
Fitness = 2.30030133893
Worst Ind: ( 0.166666666667y + 0.111111111111x )
Fitness = 2.30030133893
Avg Fitness = 2.30030133893
Duplicated = 498
============================================================================
Evaluate Gen  70
New Population 752
Better than Dads 100
Best Ind: ( 0.111111111111x + 0.166666666667y )
Fitness = 2.30030133893
Worst Ind: ( 0.111111111111x + 0.166666666667y )
Fitness = 2.30030133893
Avg Fitness = 2.30030133893
Duplicated = 498
============================================================================
Evaluate Gen  71
New Population 753
Better than Dads 97
Best Ind: ( 0.111111111111x + 0.166666666667y )
Fitness = 2.30030133893
Worst Ind: ( 0.166666666667y + 0.111111111111x )
Fitness = 2.30030133893
Avg Fitness = 2.30030133893
Duplicated = 498
============================================================================
Evaluate Gen  72
New Population 762
Better than Dads 96
Best Ind: ( 0.111111111111x + 0.166666666667y )
Fitness = 2.30030133893
Worst Ind: ( 0.166666666667y + 0.111111111111x )
Fitness = 2.30030133893
Avg Fitness = 2.30030133893
Duplicated = 498
============================================================================
Evaluate Gen  73
New Population 746
Better than Dads 100
Best Ind: ( 0.111111111111x + 0.166666666667y )
Fitness = 2.30030133893
Worst Ind: ( 0.166666666667y + 0.111111111111x )
Fitness = 2.30030133893
Avg Fitness = 2.30030133893
Duplicated = 498
============================================================================
Evaluate Gen  74
New Population 768
Better than Dads 104
Best Ind: ( 0.111111111111x + 0.166666666667y )
Fitness = 2.30030133893
Worst Ind: ( 0.166666666667y + 0.111111111111x )
Fitness = 2.30030133893
Avg Fitness = 2.30030133893
Duplicated = 498
============================================================================
Evaluate Gen  75
New Population 744
Better than Dads 116
Best Ind: ( 0.111111111111x + 0.166666666667y )
Fitness = 2.30030133893
Worst Ind: ( 0.111111111111x + 0.166666666667y )
Fitness = 2.30030133893
Avg Fitness = 2.30030133893
Duplicated = 498
============================================================================
Evaluate Gen  76
New Population 757
Better than Dads 109
Best Ind: ( 0.111111111111x + 0.166666666667y )
Fitness = 2.30030133893
Worst Ind: ( 0.166666666667y + 0.111111111111x )
Fitness = 2.30030133893
Avg Fitness = 2.30030133893
Duplicated = 498
============================================================================
Evaluate Gen  77
New Population 751
Better than Dads 95
Best Ind: ( 0.111111111111x + 0.166666666667y )
Fitness = 2.30030133893
Worst Ind: ( 0.111111111111x + 0.166666666667y )
Fitness = 2.30030133893
Avg Fitness = 2.30030133893
Duplicated = 498
============================================================================
Evaluate Gen  78
New Population 768
Better than Dads 116
Best Ind: ( 0.111111111111x + 0.166666666667y )
Fitness = 2.30030133893
Worst Ind: ( 0.166666666667y + 0.111111111111x )
Fitness = 2.30030133893
Avg Fitness = 2.30030133893
Duplicated = 498
============================================================================
Evaluate Gen  79
New Population 740
Better than Dads 102
Best Ind: ( 0.111111111111x + 0.166666666667y )
Fitness = 2.30030133893
Worst Ind: ( 0.166666666667y + 0.111111111111x )
Fitness = 2.30030133893
Avg Fitness = 2.30030133893
Duplicated = 498
============================================================================
Evaluate Gen  80
New Population 731
Better than Dads 103
Best Ind: ( 0.111111111111x + 0.166666666667y )
Fitness = 2.30030133893
Worst Ind: ( 0.166666666667y + 0.111111111111x )
Fitness = 2.30030133893
Avg Fitness = 2.30030133893
Duplicated = 498
============================================================================
Evaluate Gen  81
New Population 742
Better than Dads 96
Best Ind: ( 0.111111111111x + 0.166666666667y )
Fitness = 2.30030133893
Worst Ind: ( 0.111111111111x + 0.166666666667y )
Fitness = 2.30030133893
Avg Fitness = 2.30030133893
Duplicated = 498
============================================================================
Evaluate Gen  82
New Population 727
Better than Dads 123
Best Ind: ( 0.111111111111x + 0.166666666667y )
Fitness = 2.30030133893
Worst Ind: ( 0.166666666667y + 0.111111111111x )
Fitness = 2.30030133893
Avg Fitness = 2.30030133893
Duplicated = 498
============================================================================
Evaluate Gen  83
New Population 756
Better than Dads 102
Best Ind: ( 0.111111111111x + 0.166666666667y )
Fitness = 2.30030133893
Worst Ind: ( 0.111111111111x + 0.166666666667y )
Fitness = 2.30030133893
Avg Fitness = 2.30030133893
Duplicated = 498
============================================================================
Evaluate Gen  84
New Population 755
Better than Dads 113
Best Ind: ( 0.111111111111x + 0.166666666667y )
Fitness = 2.30030133893
Worst Ind: ( 0.166666666667y + 0.111111111111x )
Fitness = 2.30030133893
Avg Fitness = 2.30030133893
Duplicated = 498
============================================================================
Evaluate Gen  85
New Population 737
Better than Dads 103
Best Ind: ( 0.111111111111x + 0.166666666667y )
Fitness = 2.30030133893
Worst Ind: ( 0.111111111111x + 0.166666666667y )
Fitness = 2.30030133893
Avg Fitness = 2.30030133893
Duplicated = 498
============================================================================
Evaluate Gen  86
New Population 755
Better than Dads 115
Best Ind: ( 0.111111111111x + 0.166666666667y )
Fitness = 2.30030133893
Worst Ind: ( 0.166666666667y + 0.111111111111x )
Fitness = 2.30030133893
Avg Fitness = 2.30030133893
Duplicated = 498
============================================================================
Evaluate Gen  87
New Population 748
Better than Dads 108
Best Ind: ( 0.111111111111x + 0.166666666667y )
Fitness = 2.30030133893
Worst Ind: ( 0.166666666667y + 0.111111111111x )
Fitness = 2.30030133893
Avg Fitness = 2.30030133893
Duplicated = 498
============================================================================
Evaluate Gen  88
New Population 742
Better than Dads 116
Best Ind: ( 0.111111111111x + 0.166666666667y )
Fitness = 2.30030133893
Worst Ind: ( 0.111111111111x + 0.166666666667y )
Fitness = 2.30030133893
Avg Fitness = 2.30030133893
Duplicated = 498
============================================================================
Evaluate Gen  89
New Population 746
Better than Dads 110
Best Ind: ( 0.111111111111x + 0.166666666667y )
Fitness = 2.30030133893
Worst Ind: ( 0.111111111111x + 0.166666666667y )
Fitness = 2.30030133893
Avg Fitness = 2.30030133893
Duplicated = 498
============================================================================
Evaluate Gen  90
New Population 736
Better than Dads 106
Best Ind: ( 0.111111111111x + 0.166666666667y )
Fitness = 2.30030133893
Worst Ind: ( 0.111111111111x + 0.166666666667y )
Fitness = 2.30030133893
Avg Fitness = 2.30030133893
Duplicated = 498
============================================================================
Evaluate Gen  91
New Population 758
Better than Dads 94
Best Ind: ( 0.111111111111x + 0.166666666667y )
Fitness = 2.30030133893
Worst Ind: ( 0.166666666667y + 0.111111111111x )
Fitness = 2.30030133893
Avg Fitness = 2.30030133893
Duplicated = 498
============================================================================
Evaluate Gen  92
New Population 782
Better than Dads 90
Best Ind: ( 0.111111111111x + 0.166666666667y )
Fitness = 2.30030133893
Worst Ind: ( 0.166666666667y + 0.111111111111x )
Fitness = 2.30030133893
Avg Fitness = 2.30030133893
Duplicated = 498
============================================================================
Evaluate Gen  93
New Population 748
Better than Dads 106
Best Ind: ( 0.111111111111x + 0.166666666667y )
Fitness = 2.30030133893
Worst Ind: ( 0.166666666667y + 0.111111111111x )
Fitness = 2.30030133893
Avg Fitness = 2.30030133893
Duplicated = 498
============================================================================
Evaluate Gen  94
New Population 760
Better than Dads 104
Best Ind: ( 0.111111111111x + 0.166666666667y )
Fitness = 2.30030133893
Worst Ind: ( 0.166666666667y + 0.111111111111x )
Fitness = 2.30030133893
Avg Fitness = 2.30030133893
Duplicated = 498
============================================================================
Evaluate Gen  95
New Population 749
Better than Dads 113
Best Ind: ( 0.111111111111x + 0.166666666667y )
Fitness = 2.30030133893
Worst Ind: ( 0.166666666667y + 0.111111111111x )
Fitness = 2.30030133893
Avg Fitness = 2.30030133893
Duplicated = 498
============================================================================
Evaluate Gen  96
New Population 749
Better than Dads 107
Best Ind: ( 0.111111111111x + 0.166666666667y )
Fitness = 2.30030133893
Worst Ind: ( 0.166666666667y + 0.111111111111x )
Fitness = 2.30030133893
Avg Fitness = 2.30030133893
Duplicated = 498
============================================================================
Evaluate Gen  97
New Population 761
Better than Dads 105
Best Ind: ( 0.111111111111x + 0.166666666667y )
Fitness = 2.30030133893
Worst Ind: ( 0.111111111111x + 0.166666666667y )
Fitness = 2.30030133893
Avg Fitness = 2.30030133893
Duplicated = 498
============================================================================
Evaluate Gen  98
New Population 762
Better than Dads 114
Best Ind: ( 0.111111111111x + 0.166666666667y )
Fitness = 2.30030133893
Worst Ind: ( 0.111111111111x + 0.166666666667y )
Fitness = 2.30030133893
Avg Fitness = 2.30030133893
Duplicated = 498
============================================================================
Evaluate Gen  99
New Population 737
Better than Dads 107
Best Ind: ( 0.111111111111x + 0.166666666667y )
Fitness = 2.30030133893
Worst Ind: ( 0.166666666667y + 0.111111111111x )
Fitness = 2.30030133893
Avg Fitness = 2.30030133893
Duplicated = 498
============================================================================
Evaluate Gen  100
New Population 753
Better than Dads 93
Best Ind: ( 0.111111111111x + 0.166666666667y )
Fitness = 2.30030133893
Worst Ind: ( 0.111111111111x + 0.166666666667y )
Fitness = 2.30030133893
Avg Fitness = 2.30030133893
Duplicated = 498
