dataset_file= dataset/SR_circle.txt
population= 50
generations= 300
tournament_size= 2
cross_over= 0.9
mutation= 0.05
elitism= True
(50, 2)
============================================================================
Build initial population
ind: 1
( (3y + -5.0) + ( ( ( (9x + 10.0) + (5y + -5.0) ) * ( ( 6.0 * (3x + 8.0) ) + 10.0 ) ) * ( ( 10.0 + 9.0 ) * (1y + 8.0) ) ) )
Fitness 38.4489513617
ind: 2
( ( ( ( ( (2y + 4.0) + 9.0 )^2  ) * ( ( ( (5y + 10.0) + (6x + -2.0) ) * (1y + -6.0) ) * (7x + 2.0) ) )^2  ) + ( (10x + 9.0)^2  ) )
Fitness 9404.40801506
ind: 3
( ( (10y + 2.0) + ( (8x + 5.0)^2  ) )^2  )
Fitness 12.0349491067
ind: 4
( ( ( 6.0 + (10y + -5.0) ) * ( ( (10x + 10.0) * ( 4.0 * 4.0 ) ) * ( ( (9y + -2.0)^2  ) + 7.0 ) ) ) * 2.0 )
Fitness 50.0408540574
ind: 5
( ( ( ( (6y + 3.0) * ( ( (2x + 0.0)^2  ) * 2.0 ) ) + (10y + 10.0) )^2  ) * 3.0 )
Fitness 7.22368142614
ind: 6
( (8x + 6.0) + ( ( (8x + -3.0) * 8.0 ) + ( (2x + 6.0) + (1y + 8.0) ) ) )
Fitness 0.97154449838
ind: 7
( (2x + -9.0) * ( ( 2.0 * (3x + 7.0) ) + ( (7y + 6.0)^2  ) ) )
Fitness 3.64828726939
ind: 8
( ( ( 8.0^2  ) + ( 8.0^2  ) ) + ( (9x + 3.0) + ( ( ( (8x + -2.0) * ( (5x + -7.0) + 10.0 ) ) * (9y + 9.0) ) * 1.0 ) ) )
Fitness 2.26282571384
ind: 9
( ( ( ( ( 4.0 * (10y + 0.0) )^2  ) + ( ( ( (8x + -1.0)^2  )^2  ) + ( (3x + -2.0) + ( (5y + 5.0) * (2x + 7.0) ) ) ) ) * (2x + 4.0) ) * ( ( ( ( 8.0 * (1y + -5.0) ) * ( (10y + -6.0) * ( 5.0 + (5x + -10.0) ) ) ) * ( (10y + 0.0) * (2y + -4.0) ) )^2  ) )
Fitness 1207347.02447
ind: 10
( ( ( 4.0 * ( (3y + 10.0) + ( 4.0 + (5x + -5.0) ) ) )^2  ) + 3.0 )
Fitness 5.60357029045
ind: 11
( (5x + -2.0) * ( ( ( ( (9y + -8.0) * ( 9.0 + 2.0 ) ) + ( ( (3y + -3.0)^2  ) * (5y + -8.0) ) )^2  ) + ( ( 6.0 + ( (7y + 4.0) * (5x + 3.0) ) ) * (10x + 7.0) ) ) )
Fitness 79.1015331257
ind: 12
( ( (1x + -4.0) + (10y + -3.0) )^2  )
Fitness 1.40441114948
ind: 13
( ( (1y + -7.0) + ( ( ( ( (8y + 10.0) * (5x + -10.0) ) * ( (3y + -6.0) + (8y + 5.0) ) )^2  ) + ( ( 5.0^2  )^2  ) ) ) + (7y + -5.0) )
Fitness 124.384444365
ind: 14
( ( (10y + -10.0) + ( (8x + 10.0)^2  ) )^2  )
Fitness 23.7676529895
ind: 15
( ( 6.0 * ( ( ( (2x + -2.0)^2  ) * ( 1.0^2  ) ) * ( ( ( 2.0^2  ) + ( 7.0 * (2y + -9.0) ) ) + 10.0 ) ) )^2  )
Fitness 352.099279169
ind: 16
( ( 9.0 + ( ( (9x + 9.0)^2  )^2  ) ) * ( ( (9y + -5.0) * 10.0 )^2  ) )
Fitness 1682.68545932
ind: 17
( ( ( 5.0^2  ) + ( ( ( 1.0 * ( (6x + 8.0)^2  ) ) + 4.0 ) * (5y + -10.0) ) ) * ( 3.0 + ( (8x + -1.0)^2  ) ) )
Fitness 22.477099457
ind: 18
( ( ( ( ( (10y + -7.0) * ( 3.0^2  ) )^2  ) * ( 8.0^2  ) ) * ( ( ( (10x + -6.0) + ( (6x + 9.0) + 8.0 ) ) + ( ( 7.0^2  )^2  ) ) * ( 9.0^2  ) ) ) + (3x + 0.0) )
Fitness 44781.2541921
ind: 19
( ( ( ( ( (7y + -2.0)^2  )^2  ) + ( ( 5.0 + (2y + 5.0) )^2  ) ) * (3x + -6.0) ) + ( ( ( ( 10.0^2  ) + 1.0 )^2  )^2  ) )
Fitness 1442.57243666
ind: 20
( ( 7.0 * ( 10.0 + (9y + 9.0) ) ) * (4x + 7.0) )
Fitness 4.31277173057
ind: 21
( ( ( (10x + -8.0) + (5x + -5.0) ) * ( (9x + -8.0)^2  ) ) + (6y + -4.0) )
Fitness 6.99070811864
ind: 22
( ( 6.0 * ( (1x + -2.0) + (7x + 1.0) ) ) * ( (7y + -5.0) + 3.0 ) )
Fitness 1.53337034417
ind: 23
( ( (4x + -10.0) + (1y + 6.0) )^2  )
Fitness 0.691245774389
ind: 24
( ( (1y + -8.0) * ( 5.0 * ( ( ( (7y + -9.0)^2  ) + (9x + -3.0) ) * (5x + 6.0) ) ) ) * ( (5y + 5.0) * 8.0 ) )
Fitness 91.7680087171
ind: 25
( ( ( (9x + 9.0)^2  ) + ( ( ( ( (10y + 9.0) + (3x + -8.0) )^2  ) + 10.0 ) * ( (7y + -2.0) + ( ( (1x + -5.0) + 4.0 ) * 8.0 ) ) ) ) + ( ( 7.0^2  ) + (10y + -10.0) ) )
Fitness 3.42006842869
ind: 26
( ( ( ( (7x + -8.0) + ( 9.0^2  ) )^2  ) + ( 8.0 * ( ( ( 10.0^2  ) + ( (9y + 1.0) * 5.0 ) ) + 8.0 ) ) )^2  )
Fitness 891.556474655
ind: 27
( ( ( ( (6y + -6.0) * ( ( 1.0 + (10x + -1.0) )^2  ) ) + 2.0 ) * 3.0 )^2  )
Fitness 167.734015632
ind: 28
( ( ( 3.0 + ( (1x + -5.0)^2  ) )^2  ) * ( ( (6y + 1.0) * ( (6y + -8.0) + (6y + -8.0) ) ) * ( 1.0 + ( (9x + -7.0)^2  ) ) ) )
Fitness 315.193942331
ind: 29
( ( ( ( ( ( 5.0 * (7x + -7.0) )^2  ) * ( ( (1x + -2.0) + 4.0 ) + ( 9.0 + (7x + 7.0) ) ) ) + 6.0 )^2  ) + (3y + -5.0) )
Fitness 4263.58480038
ind: 30
( ( ( ( ( ( (10x + 2.0) + (7y + 0.0) ) * ( (2y + 10.0)^2  ) ) + ( ( (4x + 3.0) * (1x + 4.0) ) * ( (5y + 5.0) * 5.0 ) ) )^2  ) * 8.0 ) + 7.0 )
Fitness 609.067533201
ind: 31
( 2.0 + ( ( ( (1x + 4.0)^2  )^2  ) + (8y + -3.0) ) )
Fitness 2.45916652547
ind: 32
( ( ( (5x + 1.0) + (5x + -3.0) ) + ( ( (9y + -8.0) * 3.0 ) + (10x + -10.0) ) ) + 6.0 )
Fitness 0.79296062723
ind: 33
( ( ( (10x + -6.0)^2  ) * ( ( (7x + -10.0) * 5.0 ) + (3y + 6.0) ) ) + ( (10y + -2.0) + 5.0 ) )
Fitness 10.8464954941
ind: 34
( ( ( (1y + 3.0) * ( ( (10x + 5.0) + ( 9.0 + 6.0 ) ) + 9.0 ) ) * ( ( 4.0^2  ) + ( ( ( 3.0 + (10x + -4.0) )^2  ) * (4y + 2.0) ) ) ) * 7.0 )
Fitness 40.2274683879
ind: 35
( (10x + -3.0) * (6y + 8.0) )
Fitness 1.03338023053
ind: 36
( ( (5y + 4.0) * ( ( (10x + -5.0)^2  ) * ( 4.0 * 4.0 ) ) ) + ( 8.0^2  ) )
Fitness 9.98640420757
ind: 37
( (6x + 3.0) * (4y + 7.0) )
Fitness 0.772607773469
ind: 38
( ( ( ( (3y + -4.0)^2  ) * (8y + 8.0) ) * (8x + -5.0) ) + ( ( (2y + 3.0) + 9.0 )^2  ) )
Fitness 3.04364518002
ind: 39
( 3.0 + ( ( ( (9x + -4.0) + ( (3x + -2.0) * 10.0 ) ) * (1x + -8.0) ) * ( (9y + -2.0) + ( (8x + 6.0)^2  ) ) ) )
Fitness 11.0110796019
ind: 40
( ( ( ( ( 9.0 * ( 4.0^2  ) ) * ( ( (9x + 4.0) + (2y + -7.0) ) * (2y + 10.0) ) )^2  ) + ( ( (6y + 7.0) * 8.0 ) * ( ( 1.0 + ( (5y + 6.0) * 3.0 ) ) * ( (6y + 1.0)^2  ) ) ) ) + (7x + 8.0) )
Fitness 1436.60744116
ind: 41
( ( (5y + 7.0) * (6x + -2.0) ) + 5.0 )
Fitness 0.743389449794
ind: 42
( ( (9y + -9.0) * ( (3x + -9.0)^2  ) )^2  )
Fitness 142.93108042
ind: 43
( ( ( ( (1y + 0.0) + 7.0 ) + ( ( 10.0 + (9x + 10.0) ) + ( (3x + -10.0) + (6y + -9.0) ) ) )^2  )^2  )
Fitness 33.2022495442
ind: 44
( ( ( (8x + -1.0) + (10y + 5.0) ) + ( (7y + 3.0)^2  ) ) + 1.0 )
Fitness 0.882439423927
ind: 45
( ( ( ( ( (8y + 0.0)^2  ) * ( ( 3.0 + 5.0 ) * ( (3x + 0.0)^2  ) ) ) + (2y + -9.0) ) + 2.0 ) * (2x + -10.0) )
Fitness 10.6738184358
ind: 46
( ( (3x + -1.0) + 9.0 ) * ( ( (9y + -8.0) * ( (7y + -3.0) * (6x + 8.0) ) ) + ( ( 5.0 * 1.0 )^2  ) ) )
Fitness 9.08086612834
ind: 47
( ( (10y + -6.0) + ( ( ( ( (4x + 6.0)^2  ) + ( (4x + -8.0) * 6.0 ) ) + 2.0 )^2  ) ) + 5.0 )
Fitness 7.2470683728
ind: 48
( (6x + -5.0) * ( 5.0 * ( ( (4y + 9.0)^2  )^2  ) ) )
Fitness 73.810382294
ind: 49
( ( 3.0 * (5y + -3.0) ) + (10x + 6.0) )
Fitness 0.484989868255
ind: 50
( (9y + -10.0) * (9x + -5.0) )
Fitness 1.14897101365
Best Ind: ( ( 3.0 * (5y + -3.0) ) + (10x + 6.0) )
Fitness = 0.484989868255
Worst Ind: ( ( ( ( ( 4.0 * (10y + 0.0) )^2  ) + ( ( ( (8x + -1.0)^2  )^2  ) + ( (3x + -2.0) + ( (5y + 5.0) * (2x + 7.0) ) ) ) ) * (2x + 4.0) ) * ( ( ( ( 8.0 * (1y + -5.0) ) * ( (10y + -6.0) * ( 5.0 + (5x + -10.0) ) ) ) * ( (10y + 0.0) * (2y + -4.0) ) )^2  ) )
Fitness = 1207347.02447
Avg Fitness = 25470.68505
Duplicated = 0
============================================================================
Evaluate Gen  1
New Population 77
Better than Dads 12
Best Ind: ( ( 3.0 * (5y + -3.0) ) + (10x + 6.0) )
Fitness = 0.484989868255
Worst Ind: ( (3y + -5.0) + ( ( ( (9x + 10.0) + (5y + -5.0) ) * ( ( 6.0 * (3x + 8.0) ) + 10.0 ) ) * ( ( 10.0 + 9.0 ) * (1y + 8.0) ) ) )
Fitness = 38.4489513617
Avg Fitness = 8.97402456092
Duplicated = 0
============================================================================
Evaluate Gen  2
New Population 78
Better than Dads 13
Best Ind: ( (8x + -1.0) + (10y + 5.0) )
Fitness = 0.409407202795
Worst Ind: ( ( ( (10x + -6.0)^2  ) * ( ( (7x + -10.0) * 5.0 ) + (3y + 6.0) ) ) + ( (10y + -2.0) + 5.0 ) )
Fitness = 10.8464954941
Avg Fitness = 3.38105452659
Duplicated = 3
============================================================================
Evaluate Gen  3
New Population 86
Better than Dads 18
Best Ind: ( (8x + -1.0) + (10y + 5.0) )
Fitness = 0.409407202795
Worst Ind: ( ( ( 10.0^2  ) + ( ( ( ( (10y + 9.0) + (3x + -8.0) )^2  ) + 10.0 ) * ( (7y + -2.0) + ( ( (1x + -5.0) + 4.0 ) * 8.0 ) ) ) ) + ( ( 7.0^2  ) + (10y + -10.0) ) )
Fitness = 3.15499956864
Avg Fitness = 1.49051990629
Duplicated = 6
============================================================================
Evaluate Gen  4
New Population 87
Better than Dads 20
Best Ind: ( (8x + -1.0) + (10y + 5.0) )
Fitness = 0.409407202795
Worst Ind: ( 2.0 + ( ( (10x + -10.0)^2  ) + (8y + -3.0) ) )
Fitness = 1.72553520443
Avg Fitness = 0.940842505072
Duplicated = 10
============================================================================
Evaluate Gen  5
New Population 84
Better than Dads 22
Best Ind: ( (10x + 2.0) + (7y + 0.0) )
Fitness = 0.394804756506
Worst Ind: ( (10x + 6.0) + ( ( (8x + -3.0) * 8.0 ) + ( (2x + 6.0) + (1y + 8.0) ) ) )
Fitness = 0.984520086782
Avg Fitness = 0.755291485971
Duplicated = 9
============================================================================
Evaluate Gen  6
New Population 80
Better than Dads 22
Best Ind: ( (10x + 2.0) + (7y + 0.0) )
Fitness = 0.394804756506
Worst Ind: ( ( ( (8x + -1.0) + (10y + 5.0) ) + ( (7y + 3.0)^2  ) ) + (8x + -1.0) )
Fitness = 0.893955210623
Avg Fitness = 0.706469053575
Duplicated = 7
============================================================================
Evaluate Gen  7
New Population 82
Better than Dads 19
Best Ind: ( (4x + -10.0) + (1y + 6.0) )
Fitness = 0.316227766017
Worst Ind: ( ( ( (8x + -1.0) + (1x + -2.0) ) + ( (7y + 3.0)^2  ) ) + 1.0 )
Fitness = 0.811610161808
Avg Fitness = 0.638107094457
Duplicated = 6
============================================================================
Evaluate Gen  8
New Population 84
Better than Dads 20
Best Ind: ( ( (4x + -10.0) + (1y + 6.0) ) + 3.0 )
Fitness = 0.242554812314
Worst Ind: ( ( (5y + 7.0) * (6x + -2.0) ) + 2.0 )
Fitness = 0.748647540657
Avg Fitness = 0.551311733214
Duplicated = 5
============================================================================
Evaluate Gen  9
New Population 80
Better than Dads 19
Best Ind: ( ( (4x + -10.0) + (1y + 6.0) ) + 3.0 )
Fitness = 0.242554812314
Worst Ind: ( ( (9y + -8.0) * 3.0 ) + ( (10x + 2.0) + (1y + 8.0) ) )
Fitness = 0.654076387476
Avg Fitness = 0.495977206736
Duplicated = 7
============================================================================
Evaluate Gen  10
New Population 83
Better than Dads 17
Best Ind: ( ( (4x + -10.0) + (1y + 6.0) ) + 3.0 )
Fitness = 0.242554812314
Worst Ind: ( ( (10x + 2.0) + (7y + 0.0) ) * 2.0 )
Fitness = 0.559769230593
Avg Fitness = 0.459995408481
Duplicated = 10
============================================================================
Evaluate Gen  11
New Population 82
Better than Dads 19
Best Ind: ( ( (4x + -10.0) + (1y + 6.0) ) + 3.0 )
Fitness = 0.242554812314
Worst Ind: ( ( (8x + -1.0) + (10y + 5.0) ) + (7y + 0.0) )
Fitness = 0.492229521676
Avg Fitness = 0.429499026715
Duplicated = 11
============================================================================
Evaluate Gen  12
New Population 77
Better than Dads 19
Best Ind: ( ( (4x + -10.0) + (1y + 6.0) ) + 3.0 )
Fitness = 0.242554812314
Worst Ind: ( ( ( 3.0 * (5y + -3.0) ) + (10x + 6.0) ) + 3.0 )
Fitness = 0.479424775296
Avg Fitness = 0.414112605996
Duplicated = 9
============================================================================
Evaluate Gen  13
New Population 80
Better than Dads 17
Best Ind: ( ( (4x + -10.0) + (1y + 6.0) ) + 3.0 )
Fitness = 0.242554812314
Worst Ind: ( ( (2y + -7.0) + (10x + 6.0) ) + (10y + 5.0) )
Fitness = 0.449848376719
Avg Fitness = 0.390866940179
Duplicated = 12
============================================================================
Evaluate Gen  14
New Population 78
Better than Dads 19
Best Ind: ( ( (4x + -10.0) + (1y + 6.0) ) + 3.0 )
Fitness = 0.242554812314
Worst Ind: ( ( ( (5x + 1.0) * (5y + -3.0) ) + (10x + 6.0) ) + 3.0 )
Fitness = 0.440035321372
Avg Fitness = 0.378029172997
Duplicated = 11
============================================================================
Evaluate Gen  15
New Population 81
Better than Dads 19
Best Ind: ( ( (4x + -10.0) + (1y + 6.0) ) + 3.0 )
Fitness = 0.242554812314
Worst Ind: ( ( ( (5x + 1.0) + (5x + -3.0) ) + 3.0 ) + (1y + 8.0) )
Fitness = 0.413776341289
Avg Fitness = 0.35919672139
Duplicated = 19
============================================================================
Evaluate Gen  16
New Population 74
Better than Dads 18
Best Ind: ( ( (4x + -10.0) + (1y + 6.0) ) + 3.0 )
Fitness = 0.242554812314
Worst Ind: ( (4x + -10.0) + (10y + 5.0) )
Fitness = 0.398823219356
Avg Fitness = 0.354309233032
Duplicated = 20
============================================================================
Evaluate Gen  17
New Population 78
Better than Dads 19
Best Ind: ( ( (4x + -10.0) + (1y + 6.0) ) + 3.0 )
Fitness = 0.242554812314
Worst Ind: ( (10x + 2.0) + (5y + -3.0) )
Fitness = 0.380372702354
Avg Fitness = 0.344067130424
Duplicated = 22
============================================================================
Evaluate Gen  18
New Population 81
Better than Dads 20
Best Ind: ( (2x + 6.0) + (2y + -7.0) )
Fitness = 0.213205095537
Worst Ind: ( (5x + 1.0) + (2y + -7.0) )
Fitness = 0.374165738677
Avg Fitness = 0.327108139738
Duplicated = 26
============================================================================
Evaluate Gen  19
New Population 81
Better than Dads 23
Best Ind: ( (2x + 6.0) + (2y + -7.0) )
Fitness = 0.213205095537
Worst Ind: ( (2x + 6.0) + (10y + -6.0) )
Fitness = 0.361249623342
Avg Fitness = 0.314443112838
Duplicated = 29
============================================================================
Evaluate Gen  20
New Population 80
Better than Dads 19
Best Ind: ( (1x + -4.0) + (1y + 6.0) )
Fitness = 0.150758768838
Worst Ind: ( ( ( (4x + -10.0) + (1y + 6.0) ) + 3.0 ) + (1y + 8.0) )
Fitness = 0.346410161514
Avg Fitness = 0.297173547145
Duplicated = 32
============================================================================
Evaluate Gen  21
New Population 78
Better than Dads 23
Best Ind: ( (1x + -4.0) + (1y + 6.0) )
Fitness = 0.150758768838
Worst Ind: ( (5y + -3.0) + (7x + 1.0) )
Fitness = 0.34102854838
Avg Fitness = 0.293064025032
Duplicated = 34
============================================================================
Evaluate Gen  22
New Population 79
Better than Dads 22
Best Ind: ( (1x + -4.0) + (1y + 6.0) )
Fitness = 0.150758768838
Worst Ind: ( (5x + 1.0) + (7y + 0.0) )
Fitness = 0.330811130799
Avg Fitness = 0.285253169228
Duplicated = 34
============================================================================
Evaluate Gen  23
New Population 85
Better than Dads 26
Best Ind: ( (1x + -4.0) + (1y + 6.0) )
Fitness = 0.150758768838
Worst Ind: ( (4x + -10.0) + (1y + 6.0) )
Fitness = 0.316227766017
Avg Fitness = 0.269137062687
Duplicated = 34
============================================================================
Evaluate Gen  24
New Population 88
Better than Dads 20
Best Ind: ( (1x + -4.0) + (1y + 6.0) )
Fitness = 0.150758768838
Worst Ind: ( ( (5x + 1.0) + (2y + -7.0) ) + ( (1x + -4.0) + (1y + 8.0) ) )
Fitness = 0.306776086333
Avg Fitness = 0.250922102828
Duplicated = 36
============================================================================
Evaluate Gen  25
New Population 84
Better than Dads 19
Best Ind: ( (1x + -4.0) + (1y + 6.0) )
Fitness = 0.150758768838
Worst Ind: ( ( (4x + -10.0) + (1y + 6.0) ) + (1y + 8.0) )
Fitness = 0.26514888946
Avg Fitness = 0.241511833103
Duplicated = 40
============================================================================
Evaluate Gen  26
New Population 82
Better than Dads 20
Best Ind: ( (1x + -4.0) + (1y + 6.0) )
Fitness = 0.150758768838
Worst Ind: ( ( (4x + -10.0) + (1y + 6.0) ) + (1y + 8.0) )
Fitness = 0.26514888946
Avg Fitness = 0.231028584467
Duplicated = 40
============================================================================
Evaluate Gen  27
New Population 76
Better than Dads 17
Best Ind: ( (1x + -4.0) + (1y + 6.0) )
Fitness = 0.150758768838
Worst Ind: ( (4x + -10.0) + (1y + 8.0) )
Fitness = 0.25904244019
Avg Fitness = 0.22539759645
Duplicated = 42
============================================================================
Evaluate Gen  28
New Population 81
Better than Dads 19
Best Ind: ( (1x + -4.0) + (1y + 6.0) )
Fitness = 0.150758768838
Worst Ind: ( (1x + -4.0) + ( (1x + -4.0) + (1y + 6.0) ) )
Fitness = 0.244948974278
Avg Fitness = 0.216275635166
Duplicated = 43
============================================================================
Evaluate Gen  29
New Population 79
Better than Dads 16
Best Ind: ( (1x + -4.0) + (1y + 6.0) )
Fitness = 0.150758768838
Worst Ind: ( (1x + -4.0) + (1y + 8.0) )
Fitness = 0.244948974278
Avg Fitness = 0.207608659232
Duplicated = 44
============================================================================
Evaluate Gen  30
New Population 78
Better than Dads 18
Best Ind: ( (1x + -4.0) + (1y + 6.0) )
Fitness = 0.150758768838
Worst Ind: ( (1x + -4.0) + (1y + 8.0) )
Fitness = 0.244948974278
Avg Fitness = 0.195476369958
Duplicated = 44
============================================================================
Evaluate Gen  31
New Population 77
Better than Dads 17
Best Ind: ( (1x + -4.0) + (1y + 6.0) )
Fitness = 0.150758768838
Worst Ind: ( (1x + -4.0) + (1y + 8.0) )
Fitness = 0.244948974278
Avg Fitness = 0.180523104123
Duplicated = 44
============================================================================
Evaluate Gen  32
New Population 80
Better than Dads 18
Best Ind: ( (1x + -4.0) + (1y + 6.0) )
Fitness = 0.150758768838
Worst Ind: ( (1x + -4.0) + ( (1x + -4.0) + (1y + 8.0) ) )
Fitness = 0.177117256026
Avg Fitness = 0.164465182175
Duplicated = 48
============================================================================
Evaluate Gen  33
New Population 83
Better than Dads 18
Best Ind: ( (1x + -4.0) + (1y + 6.0) )
Fitness = 0.150758768838
Worst Ind: ( (1x + -4.0) + ( (1x + -4.0) + (1y + 8.0) ) )
Fitness = 0.177117256026
Avg Fitness = 0.160247824225
Duplicated = 48
============================================================================
Evaluate Gen  34
New Population 77
Better than Dads 21
Best Ind: ( (1x + -4.0) + (1y + 6.0) )
Fitness = 0.150758768838
Worst Ind: ( (1x + -4.0) + ( (1x + -4.0) + (1y + 8.0) ) )
Fitness = 0.177117256026
Avg Fitness = 0.158666314994
Duplicated = 48
============================================================================
Evaluate Gen  35
New Population 77
Better than Dads 18
Best Ind: ( (1x + -4.0) + (1y + 6.0) )
Fitness = 0.150758768838
Worst Ind: ( (1x + -4.0) + ( (1x + -4.0) + (1y + 8.0) ) )
Fitness = 0.177117256026
Avg Fitness = 0.156030466275
Duplicated = 48
============================================================================
Evaluate Gen  36
New Population 81
Better than Dads 13
Best Ind: ( (1x + -4.0) + (1y + 6.0) )
Fitness = 0.150758768838
Worst Ind: ( (1x + -4.0) + (1y + 6.0) )
Fitness = 0.150758768838
Avg Fitness = 0.150758768838
Duplicated = 49
============================================================================
Evaluate Gen  37
New Population 78
Better than Dads 8
Best Ind: ( (1x + -4.0) + (1y + 6.0) )
Fitness = 0.150758768838
Worst Ind: ( (1x + -4.0) + (1y + 6.0) )
Fitness = 0.150758768838
Avg Fitness = 0.150758768838
Duplicated = 49
============================================================================
Evaluate Gen  38
New Population 76
Better than Dads 10
Best Ind: ( (1x + -4.0) + (1y + 6.0) )
Fitness = 0.150758768838
Worst Ind: ( (1x + -4.0) + (1y + 6.0) )
Fitness = 0.150758768838
Avg Fitness = 0.150758768838
Duplicated = 49
============================================================================
Evaluate Gen  39
New Population 77
Better than Dads 9
Best Ind: ( (1x + -4.0) + (1y + 6.0) )
Fitness = 0.150758768838
Worst Ind: ( (1x + -4.0) + (1y + 6.0) )
Fitness = 0.150758768838
Avg Fitness = 0.150758768838
Duplicated = 49
============================================================================
Evaluate Gen  40
New Population 71
Better than Dads 9
Best Ind: ( (1x + -4.0) + (1y + 6.0) )
Fitness = 0.150758768838
Worst Ind: ( (1x + -4.0) + (1y + 6.0) )
Fitness = 0.150758768838
Avg Fitness = 0.150758768838
Duplicated = 49
============================================================================
Evaluate Gen  41
New Population 77
Better than Dads 7
Best Ind: ( (1x + -4.0) + (1y + 6.0) )
Fitness = 0.150758768838
Worst Ind: ( (1x + -4.0) + (1y + 6.0) )
Fitness = 0.150758768838
Avg Fitness = 0.150758768838
Duplicated = 49
============================================================================
Evaluate Gen  42
New Population 76
Better than Dads 12
Best Ind: ( (1x + -4.0) + (1y + 6.0) )
Fitness = 0.150758768838
Worst Ind: ( (1x + -4.0) + (1y + 6.0) )
Fitness = 0.150758768838
Avg Fitness = 0.150758768838
Duplicated = 49
============================================================================
Evaluate Gen  43
New Population 74
Better than Dads 10
Best Ind: ( (1x + -4.0) + (1y + 6.0) )
Fitness = 0.150758768838
Worst Ind: ( (1x + -4.0) + (1y + 6.0) )
Fitness = 0.150758768838
Avg Fitness = 0.150758768838
Duplicated = 49
============================================================================
Evaluate Gen  44
New Population 75
Better than Dads 9
Best Ind: ( (1x + -4.0) + (1y + 6.0) )
Fitness = 0.150758768838
Worst Ind: ( (1x + -4.0) + (1y + 6.0) )
Fitness = 0.150758768838
Avg Fitness = 0.150758768838
Duplicated = 49
============================================================================
Evaluate Gen  45
New Population 71
Better than Dads 15
Best Ind: ( (1x + -4.0) + (1y + 6.0) )
Fitness = 0.150758768838
Worst Ind: ( (1x + -4.0) + (1y + 6.0) )
Fitness = 0.150758768838
Avg Fitness = 0.150758768838
Duplicated = 49
============================================================================
Evaluate Gen  46
New Population 79
Better than Dads 9
Best Ind: ( (1x + -4.0) + (1y + 6.0) )
Fitness = 0.150758768838
Worst Ind: ( (1x + -4.0) + (1y + 6.0) )
Fitness = 0.150758768838
Avg Fitness = 0.150758768838
Duplicated = 49
============================================================================
Evaluate Gen  47
New Population 77
Better than Dads 9
Best Ind: ( (1x + -4.0) + (1y + 6.0) )
Fitness = 0.150758768838
Worst Ind: ( (1x + -4.0) + (1y + 6.0) )
Fitness = 0.150758768838
Avg Fitness = 0.150758768838
Duplicated = 49
============================================================================
Evaluate Gen  48
New Population 80
Better than Dads 10
Best Ind: ( (1x + -4.0) + (1y + 6.0) )
Fitness = 0.150758768838
Worst Ind: ( (1x + -4.0) + (1y + 6.0) )
Fitness = 0.150758768838
Avg Fitness = 0.150758768838
Duplicated = 49
============================================================================
Evaluate Gen  49
New Population 73
Better than Dads 11
Best Ind: ( (1x + -4.0) + (1y + 6.0) )
Fitness = 0.150758768838
Worst Ind: ( (1x + -4.0) + (1y + 6.0) )
Fitness = 0.150758768838
Avg Fitness = 0.150758768838
Duplicated = 49
============================================================================
Evaluate Gen  50
New Population 83
Better than Dads 9
Best Ind: ( (1x + -4.0) + (1y + 6.0) )
Fitness = 0.150758768838
Worst Ind: ( (1x + -4.0) + (1y + 6.0) )
Fitness = 0.150758768838
Avg Fitness = 0.150758768838
Duplicated = 49
============================================================================
Evaluate Gen  51
New Population 82
Better than Dads 10
Best Ind: ( (1x + -4.0) + (1y + 6.0) )
Fitness = 0.150758768838
Worst Ind: ( (1x + -4.0) + (1y + 6.0) )
Fitness = 0.150758768838
Avg Fitness = 0.150758768838
Duplicated = 49
============================================================================
Evaluate Gen  52
New Population 71
Better than Dads 11
Best Ind: ( (1x + -4.0) + (1y + 6.0) )
Fitness = 0.150758768838
Worst Ind: ( (1x + -4.0) + (1y + 6.0) )
Fitness = 0.150758768838
Avg Fitness = 0.150758768838
Duplicated = 49
============================================================================
Evaluate Gen  53
New Population 79
Better than Dads 9
Best Ind: ( (1x + -4.0) + (1y + 6.0) )
Fitness = 0.150758768838
Worst Ind: ( (1x + -4.0) + (1y + 6.0) )
Fitness = 0.150758768838
Avg Fitness = 0.150758768838
Duplicated = 49
============================================================================
Evaluate Gen  54
New Population 76
Better than Dads 8
Best Ind: ( (1x + -4.0) + (1y + 6.0) )
Fitness = 0.150758768838
Worst Ind: ( (1x + -4.0) + (1y + 6.0) )
Fitness = 0.150758768838
Avg Fitness = 0.150758768838
Duplicated = 49
============================================================================
Evaluate Gen  55
New Population 75
Better than Dads 9
Best Ind: ( (1x + -4.0) + (1y + 6.0) )
Fitness = 0.150758768838
Worst Ind: ( (1x + -4.0) + (1y + 6.0) )
Fitness = 0.150758768838
Avg Fitness = 0.150758768838
Duplicated = 49
============================================================================
Evaluate Gen  56
New Population 74
Better than Dads 10
Best Ind: ( (1x + -4.0) + (1y + 6.0) )
Fitness = 0.150758768838
Worst Ind: ( (1x + -4.0) + (1y + 6.0) )
Fitness = 0.150758768838
Avg Fitness = 0.150758768838
Duplicated = 49
============================================================================
Evaluate Gen  57
New Population 78
Better than Dads 8
Best Ind: ( (1x + -4.0) + (1y + 6.0) )
Fitness = 0.150758768838
Worst Ind: ( (1x + -4.0) + (1y + 6.0) )
Fitness = 0.150758768838
Avg Fitness = 0.150758768838
Duplicated = 49
============================================================================
Evaluate Gen  58
New Population 75
Better than Dads 11
Best Ind: ( (1x + -4.0) + (1y + 6.0) )
Fitness = 0.150758768838
Worst Ind: ( (1x + -4.0) + (1y + 6.0) )
Fitness = 0.150758768838
Avg Fitness = 0.150758768838
Duplicated = 49
============================================================================
Evaluate Gen  59
New Population 78
Better than Dads 6
Best Ind: ( (1x + -4.0) + (1y + 6.0) )
Fitness = 0.150758768838
Worst Ind: ( (1x + -4.0) + (1y + 6.0) )
Fitness = 0.150758768838
Avg Fitness = 0.150758768838
Duplicated = 49
============================================================================
Evaluate Gen  60
New Population 78
Better than Dads 8
Best Ind: ( (1x + -4.0) + (1y + 6.0) )
Fitness = 0.150758768838
Worst Ind: ( (1x + -4.0) + (1y + 6.0) )
Fitness = 0.150758768838
Avg Fitness = 0.150758768838
Duplicated = 49
============================================================================
Evaluate Gen  61
New Population 76
Better than Dads 12
Best Ind: ( (1x + -4.0) + (1y + 6.0) )
Fitness = 0.150758768838
Worst Ind: ( (1x + -4.0) + (1y + 6.0) )
Fitness = 0.150758768838
Avg Fitness = 0.150758768838
Duplicated = 49
============================================================================
Evaluate Gen  62
New Population 78
Better than Dads 6
Best Ind: ( (1x + -4.0) + (1y + 6.0) )
Fitness = 0.150758768838
Worst Ind: ( (1x + -4.0) + (1y + 6.0) )
Fitness = 0.150758768838
Avg Fitness = 0.150758768838
Duplicated = 49
============================================================================
Evaluate Gen  63
New Population 74
Better than Dads 8
Best Ind: ( (1x + -4.0) + (1y + 6.0) )
Fitness = 0.150758768838
Worst Ind: ( (1x + -4.0) + (1y + 6.0) )
Fitness = 0.150758768838
Avg Fitness = 0.150758768838
Duplicated = 49
============================================================================
Evaluate Gen  64
New Population 76
Better than Dads 12
Best Ind: ( (1x + -4.0) + (1y + 6.0) )
Fitness = 0.150758768838
Worst Ind: ( (1x + -4.0) + (1y + 6.0) )
Fitness = 0.150758768838
Avg Fitness = 0.150758768838
Duplicated = 49
============================================================================
Evaluate Gen  65
New Population 77
Better than Dads 11
Best Ind: ( (1x + -4.0) + (1y + 6.0) )
Fitness = 0.150758768838
Worst Ind: ( (1x + -4.0) + (1y + 6.0) )
Fitness = 0.150758768838
Avg Fitness = 0.150758768838
Duplicated = 49
============================================================================
Evaluate Gen  66
New Population 74
Better than Dads 12
Best Ind: ( (1x + -4.0) + (1y + 6.0) )
Fitness = 0.150758768838
Worst Ind: ( (1x + -4.0) + (1y + 6.0) )
Fitness = 0.150758768838
Avg Fitness = 0.150758768838
Duplicated = 49
============================================================================
Evaluate Gen  67
New Population 76
Better than Dads 14
Best Ind: ( (1x + -4.0) + (1y + 6.0) )
Fitness = 0.150758768838
Worst Ind: ( (1x + -4.0) + (1y + 6.0) )
Fitness = 0.150758768838
Avg Fitness = 0.150758768838
Duplicated = 49
============================================================================
Evaluate Gen  68
New Population 81
Better than Dads 7
Best Ind: ( (1x + -4.0) + (1y + 6.0) )
Fitness = 0.150758768838
Worst Ind: ( (1x + -4.0) + (1y + 6.0) )
Fitness = 0.150758768838
Avg Fitness = 0.150758768838
Duplicated = 49
============================================================================
Evaluate Gen  69
New Population 78
Better than Dads 10
Best Ind: ( (1x + -4.0) + (1y + 6.0) )
Fitness = 0.150758768838
Worst Ind: ( (1x + -4.0) + (1y + 6.0) )
Fitness = 0.150758768838
Avg Fitness = 0.150758768838
Duplicated = 49
============================================================================
Evaluate Gen  70
New Population 83
Better than Dads 9
Best Ind: ( (1x + -4.0) + (1y + 6.0) )
Fitness = 0.150758768838
Worst Ind: ( (1x + -4.0) + (1y + 6.0) )
Fitness = 0.150758768838
Avg Fitness = 0.150758768838
Duplicated = 49
============================================================================
Evaluate Gen  71
New Population 74
Better than Dads 10
Best Ind: ( (1x + -4.0) + (1y + 6.0) )
Fitness = 0.150758768838
Worst Ind: ( (1x + -4.0) + (1y + 6.0) )
Fitness = 0.150758768838
Avg Fitness = 0.150758768838
Duplicated = 49
============================================================================
Evaluate Gen  72
New Population 84
Better than Dads 10
Best Ind: ( (1x + -4.0) + (1y + 6.0) )
Fitness = 0.150758768838
Worst Ind: ( (1x + -4.0) + (1y + 6.0) )
Fitness = 0.150758768838
Avg Fitness = 0.150758768838
Duplicated = 49
============================================================================
Evaluate Gen  73
New Population 78
Better than Dads 10
Best Ind: ( (1x + -4.0) + (1y + 6.0) )
Fitness = 0.150758768838
Worst Ind: ( (1x + -4.0) + (1y + 6.0) )
Fitness = 0.150758768838
Avg Fitness = 0.150758768838
Duplicated = 49
============================================================================
Evaluate Gen  74
New Population 75
Better than Dads 7
Best Ind: ( (1x + -4.0) + (1y + 6.0) )
Fitness = 0.150758768838
Worst Ind: ( (1x + -4.0) + (1y + 6.0) )
Fitness = 0.150758768838
Avg Fitness = 0.150758768838
Duplicated = 49
============================================================================
Evaluate Gen  75
New Population 68
Better than Dads 10
Best Ind: ( (1x + -4.0) + (1y + 6.0) )
Fitness = 0.150758768838
Worst Ind: ( (1x + -4.0) + (1y + 6.0) )
Fitness = 0.150758768838
Avg Fitness = 0.150758768838
Duplicated = 49
============================================================================
Evaluate Gen  76
New Population 82
Better than Dads 10
Best Ind: ( (1x + -4.0) + (1y + 6.0) )
Fitness = 0.150758768838
Worst Ind: ( (1x + -4.0) + (1y + 6.0) )
Fitness = 0.150758768838
Avg Fitness = 0.150758768838
Duplicated = 49
============================================================================
Evaluate Gen  77
New Population 81
Better than Dads 9
Best Ind: ( (1x + -4.0) + (1y + 6.0) )
Fitness = 0.150758768838
Worst Ind: ( (1x + -4.0) + (1y + 6.0) )
Fitness = 0.150758768838
Avg Fitness = 0.150758768838
Duplicated = 49
============================================================================
Evaluate Gen  78
New Population 82
Better than Dads 8
Best Ind: ( (1x + -4.0) + (1y + 6.0) )
Fitness = 0.150758768838
Worst Ind: ( (1x + -4.0) + (1y + 6.0) )
Fitness = 0.150758768838
Avg Fitness = 0.150758768838
Duplicated = 49
============================================================================
Evaluate Gen  79
New Population 76
Better than Dads 10
Best Ind: ( (1x + -4.0) + (1y + 6.0) )
Fitness = 0.150758768838
Worst Ind: ( (1x + -4.0) + (1y + 6.0) )
Fitness = 0.150758768838
Avg Fitness = 0.150758768838
Duplicated = 49
============================================================================
Evaluate Gen  80
New Population 69
Better than Dads 7
Best Ind: ( (1x + -4.0) + (1y + 6.0) )
Fitness = 0.150758768838
Worst Ind: ( (1x + -4.0) + (1y + 6.0) )
Fitness = 0.150758768838
Avg Fitness = 0.150758768838
Duplicated = 49
============================================================================
Evaluate Gen  81
New Population 81
Better than Dads 9
Best Ind: ( (1x + -4.0) + (1y + 6.0) )
Fitness = 0.150758768838
Worst Ind: ( (1x + -4.0) + (1y + 6.0) )
Fitness = 0.150758768838
Avg Fitness = 0.150758768838
Duplicated = 49
============================================================================
Evaluate Gen  82
New Population 82
Better than Dads 8
Best Ind: ( (1x + -4.0) + (1y + 6.0) )
Fitness = 0.150758768838
Worst Ind: ( (1x + -4.0) + (1y + 6.0) )
Fitness = 0.150758768838
Avg Fitness = 0.150758768838
Duplicated = 49
============================================================================
Evaluate Gen  83
New Population 74
Better than Dads 12
Best Ind: ( (1x + -4.0) + (1y + 6.0) )
Fitness = 0.150758768838
Worst Ind: ( (1x + -4.0) + (1y + 6.0) )
Fitness = 0.150758768838
Avg Fitness = 0.150758768838
Duplicated = 49
============================================================================
Evaluate Gen  84
New Population 75
Better than Dads 13
Best Ind: ( (1x + -4.0) + (1y + 6.0) )
Fitness = 0.150758768838
Worst Ind: ( (1x + -4.0) + (1y + 6.0) )
Fitness = 0.150758768838
Avg Fitness = 0.150758768838
Duplicated = 49
============================================================================
Evaluate Gen  85
New Population 76
Better than Dads 10
Best Ind: ( (1x + -4.0) + (1y + 6.0) )
Fitness = 0.150758768838
Worst Ind: ( (1x + -4.0) + (1y + 6.0) )
Fitness = 0.150758768838
Avg Fitness = 0.150758768838
Duplicated = 49
============================================================================
Evaluate Gen  86
New Population 79
Better than Dads 11
Best Ind: ( (1x + -4.0) + (1y + 6.0) )
Fitness = 0.150758768838
Worst Ind: ( (1x + -4.0) + (1y + 6.0) )
Fitness = 0.150758768838
Avg Fitness = 0.150758768838
Duplicated = 49
============================================================================
Evaluate Gen  87
New Population 71
Better than Dads 11
Best Ind: ( (1x + -4.0) + (1y + 6.0) )
Fitness = 0.150758768838
Worst Ind: ( (1x + -4.0) + (1y + 6.0) )
Fitness = 0.150758768838
Avg Fitness = 0.150758768838
Duplicated = 49
============================================================================
Evaluate Gen  88
New Population 79
Better than Dads 11
Best Ind: ( (1x + -4.0) + (1y + 6.0) )
Fitness = 0.150758768838
Worst Ind: ( (1x + -4.0) + (1y + 6.0) )
Fitness = 0.150758768838
Avg Fitness = 0.150758768838
Duplicated = 49
============================================================================
Evaluate Gen  89
New Population 77
Better than Dads 11
Best Ind: ( (1x + -4.0) + (1y + 6.0) )
Fitness = 0.150758768838
Worst Ind: ( (1x + -4.0) + (1y + 6.0) )
Fitness = 0.150758768838
Avg Fitness = 0.150758768838
Duplicated = 49
============================================================================
Evaluate Gen  90
New Population 79
Better than Dads 11
Best Ind: ( (1x + -4.0) + (1y + 6.0) )
Fitness = 0.150758768838
Worst Ind: ( (1x + -4.0) + (1y + 6.0) )
Fitness = 0.150758768838
Avg Fitness = 0.150758768838
Duplicated = 49
============================================================================
Evaluate Gen  91
New Population 76
Better than Dads 14
Best Ind: ( (1x + -4.0) + (1y + 6.0) )
Fitness = 0.150758768838
Worst Ind: ( (1x + -4.0) + (1y + 6.0) )
Fitness = 0.150758768838
Avg Fitness = 0.150758768838
Duplicated = 49
============================================================================
Evaluate Gen  92
New Population 75
Better than Dads 7
Best Ind: ( (1x + -4.0) + (1y + 6.0) )
Fitness = 0.150758768838
Worst Ind: ( (1x + -4.0) + (1y + 6.0) )
Fitness = 0.150758768838
Avg Fitness = 0.150758768838
Duplicated = 49
============================================================================
Evaluate Gen  93
New Population 80
Better than Dads 8
Best Ind: ( (1x + -4.0) + (1y + 6.0) )
Fitness = 0.150758768838
Worst Ind: ( (1x + -4.0) + (1y + 6.0) )
Fitness = 0.150758768838
Avg Fitness = 0.150758768838
Duplicated = 49
============================================================================
Evaluate Gen  94
New Population 85
Better than Dads 7
Best Ind: ( (1x + -4.0) + (1y + 6.0) )
Fitness = 0.150758768838
Worst Ind: ( (1x + -4.0) + (1y + 6.0) )
Fitness = 0.150758768838
Avg Fitness = 0.150758768838
Duplicated = 49
============================================================================
Evaluate Gen  95
New Population 79
Better than Dads 7
Best Ind: ( (1x + -4.0) + (1y + 6.0) )
Fitness = 0.150758768838
Worst Ind: ( (1x + -4.0) + (1y + 6.0) )
Fitness = 0.150758768838
Avg Fitness = 0.150758768838
Duplicated = 49
============================================================================
Evaluate Gen  96
New Population 72
Better than Dads 8
Best Ind: ( (1x + -4.0) + (1y + 6.0) )
Fitness = 0.150758768838
Worst Ind: ( (1x + -4.0) + (1y + 6.0) )
Fitness = 0.150758768838
Avg Fitness = 0.150758768838
Duplicated = 49
============================================================================
Evaluate Gen  97
New Population 82
Better than Dads 10
Best Ind: ( (1x + -4.0) + (1y + 6.0) )
Fitness = 0.150758768838
Worst Ind: ( (1x + -4.0) + (1y + 6.0) )
Fitness = 0.150758768838
Avg Fitness = 0.150758768838
Duplicated = 49
============================================================================
Evaluate Gen  98
New Population 79
Better than Dads 9
Best Ind: ( (1x + -4.0) + (1y + 6.0) )
Fitness = 0.150758768838
Worst Ind: ( (1x + -4.0) + (1y + 6.0) )
Fitness = 0.150758768838
Avg Fitness = 0.150758768838
Duplicated = 49
============================================================================
Evaluate Gen  99
New Population 75
Better than Dads 11
Best Ind: ( (1x + -4.0) + (1y + 6.0) )
Fitness = 0.150758768838
Worst Ind: ( (1x + -4.0) + (1y + 6.0) )
Fitness = 0.150758768838
Avg Fitness = 0.150758768838
Duplicated = 49
============================================================================
Evaluate Gen  100
New Population 76
Better than Dads 14
Best Ind: ( (1x + -4.0) + (1y + 6.0) )
Fitness = 0.150758768838
Worst Ind: ( (1x + -4.0) + (1y + 6.0) )
Fitness = 0.150758768838
Avg Fitness = 0.150758768838
Duplicated = 49
============================================================================
Evaluate Gen  101
New Population 71
Better than Dads 11
Best Ind: ( (1x + -4.0) + (1y + 6.0) )
Fitness = 0.150758768838
Worst Ind: ( (1x + -4.0) + (1y + 6.0) )
Fitness = 0.150758768838
Avg Fitness = 0.150758768838
Duplicated = 49
============================================================================
Evaluate Gen  102
New Population 71
Better than Dads 15
Best Ind: ( (1x + -4.0) + (1y + 6.0) )
Fitness = 0.150758768838
Worst Ind: ( (1x + -4.0) + (1y + 6.0) )
Fitness = 0.150758768838
Avg Fitness = 0.150758768838
Duplicated = 49
============================================================================
Evaluate Gen  103
New Population 82
Better than Dads 10
Best Ind: ( (1x + -4.0) + (1y + 6.0) )
Fitness = 0.150758768838
Worst Ind: ( (1x + -4.0) + (1y + 6.0) )
Fitness = 0.150758768838
Avg Fitness = 0.150758768838
Duplicated = 49
============================================================================
Evaluate Gen  104
New Population 80
Better than Dads 8
Best Ind: ( (1x + -4.0) + (1y + 6.0) )
Fitness = 0.150758768838
Worst Ind: ( (1x + -4.0) + (1y + 6.0) )
Fitness = 0.150758768838
Avg Fitness = 0.150758768838
Duplicated = 49
============================================================================
Evaluate Gen  105
New Population 77
Better than Dads 11
Best Ind: ( (1x + -4.0) + (1y + 6.0) )
Fitness = 0.150758768838
Worst Ind: ( (1x + -4.0) + (1y + 6.0) )
Fitness = 0.150758768838
Avg Fitness = 0.150758768838
Duplicated = 49
============================================================================
Evaluate Gen  106
New Population 80
Better than Dads 10
Best Ind: ( (1x + -4.0) + (1y + 6.0) )
Fitness = 0.150758768838
Worst Ind: ( (1x + -4.0) + (1y + 6.0) )
Fitness = 0.150758768838
Avg Fitness = 0.150758768838
Duplicated = 49
============================================================================
Evaluate Gen  107
New Population 76
Better than Dads 12
Best Ind: ( (1x + -4.0) + (1y + 6.0) )
Fitness = 0.150758768838
Worst Ind: ( (1x + -4.0) + (1y + 6.0) )
Fitness = 0.150758768838
Avg Fitness = 0.150758768838
Duplicated = 49
============================================================================
Evaluate Gen  108
New Population 76
Better than Dads 12
Best Ind: ( (1x + -4.0) + (1y + 6.0) )
Fitness = 0.150758768838
Worst Ind: ( (1x + -4.0) + (1y + 6.0) )
Fitness = 0.150758768838
Avg Fitness = 0.150758768838
Duplicated = 49
============================================================================
Evaluate Gen  109
New Population 73
Better than Dads 11
Best Ind: ( (1x + -4.0) + (1y + 6.0) )
Fitness = 0.150758768838
Worst Ind: ( (1x + -4.0) + (1y + 6.0) )
Fitness = 0.150758768838
Avg Fitness = 0.150758768838
Duplicated = 49
============================================================================
Evaluate Gen  110
New Population 77
Better than Dads 9
Best Ind: ( (1x + -4.0) + (1y + 6.0) )
Fitness = 0.150758768838
Worst Ind: ( (1x + -4.0) + (1y + 6.0) )
Fitness = 0.150758768838
Avg Fitness = 0.150758768838
Duplicated = 49
============================================================================
Evaluate Gen  111
New Population 74
Better than Dads 14
Best Ind: ( (1x + -4.0) + (1y + 6.0) )
Fitness = 0.150758768838
Worst Ind: ( (1x + -4.0) + (1y + 6.0) )
Fitness = 0.150758768838
Avg Fitness = 0.150758768838
Duplicated = 49
============================================================================
Evaluate Gen  112
New Population 76
Better than Dads 8
Best Ind: ( (1x + -4.0) + (1y + 6.0) )
Fitness = 0.150758768838
Worst Ind: ( (1x + -4.0) + (1y + 6.0) )
Fitness = 0.150758768838
Avg Fitness = 0.150758768838
Duplicated = 49
============================================================================
Evaluate Gen  113
New Population 79
Better than Dads 9
Best Ind: ( (1x + -4.0) + (1y + 6.0) )
Fitness = 0.150758768838
Worst Ind: ( (1x + -4.0) + (1y + 6.0) )
Fitness = 0.150758768838
Avg Fitness = 0.150758768838
Duplicated = 49
============================================================================
Evaluate Gen  114
New Population 81
Better than Dads 11
Best Ind: ( (1x + -4.0) + (1y + 6.0) )
Fitness = 0.150758768838
Worst Ind: ( (1x + -4.0) + (1y + 6.0) )
Fitness = 0.150758768838
Avg Fitness = 0.150758768838
Duplicated = 49
============================================================================
Evaluate Gen  115
New Population 83
Better than Dads 7
Best Ind: ( (1x + -4.0) + (1y + 6.0) )
Fitness = 0.150758768838
Worst Ind: ( (1x + -4.0) + (1y + 6.0) )
Fitness = 0.150758768838
Avg Fitness = 0.150758768838
Duplicated = 49
============================================================================
Evaluate Gen  116
New Population 81
Better than Dads 11
Best Ind: ( (1x + -4.0) + (1y + 6.0) )
Fitness = 0.150758768838
Worst Ind: ( (1x + -4.0) + (1y + 6.0) )
Fitness = 0.150758768838
Avg Fitness = 0.150758768838
Duplicated = 49
============================================================================
Evaluate Gen  117
New Population 79
Better than Dads 11
Best Ind: ( (1x + -4.0) + (1y + 6.0) )
Fitness = 0.150758768838
Worst Ind: ( (1x + -4.0) + (1y + 6.0) )
Fitness = 0.150758768838
Avg Fitness = 0.150758768838
Duplicated = 49
============================================================================
Evaluate Gen  118
New Population 78
Better than Dads 12
Best Ind: ( (1x + -4.0) + (1y + 6.0) )
Fitness = 0.150758768838
Worst Ind: ( (1x + -4.0) + (1y + 6.0) )
Fitness = 0.150758768838
Avg Fitness = 0.150758768838
Duplicated = 49
============================================================================
Evaluate Gen  119
New Population 78
Better than Dads 10
Best Ind: ( (1x + -4.0) + (1y + 6.0) )
Fitness = 0.150758768838
Worst Ind: ( (1x + -4.0) + (1y + 6.0) )
Fitness = 0.150758768838
Avg Fitness = 0.150758768838
Duplicated = 49
============================================================================
Evaluate Gen  120
New Population 81
Better than Dads 15
Best Ind: ( (1x + -4.0) + (1y + 6.0) )
Fitness = 0.150758768838
Worst Ind: ( (1x + -4.0) + (1y + 6.0) )
Fitness = 0.150758768838
Avg Fitness = 0.150758768838
Duplicated = 49
============================================================================
Evaluate Gen  121
New Population 72
Better than Dads 10
Best Ind: ( (1x + -4.0) + (1y + 6.0) )
Fitness = 0.150758768838
Worst Ind: ( (1x + -4.0) + (1y + 6.0) )
Fitness = 0.150758768838
Avg Fitness = 0.150758768838
Duplicated = 49
============================================================================
Evaluate Gen  122
New Population 73
Better than Dads 9
Best Ind: ( (1x + -4.0) + (1y + 6.0) )
Fitness = 0.150758768838
Worst Ind: ( (1x + -4.0) + (1y + 6.0) )
Fitness = 0.150758768838
Avg Fitness = 0.150758768838
Duplicated = 49
============================================================================
Evaluate Gen  123
New Population 79
Better than Dads 5
Best Ind: ( (1x + -4.0) + (1y + 6.0) )
Fitness = 0.150758768838
Worst Ind: ( (1x + -4.0) + (1y + 6.0) )
Fitness = 0.150758768838
Avg Fitness = 0.150758768838
Duplicated = 49
============================================================================
Evaluate Gen  124
New Population 68
Better than Dads 12
Best Ind: ( (1x + -4.0) + (1y + 6.0) )
Fitness = 0.150758768838
Worst Ind: ( (1x + -4.0) + (1y + 6.0) )
Fitness = 0.150758768838
Avg Fitness = 0.150758768838
Duplicated = 49
============================================================================
Evaluate Gen  125
New Population 77
Better than Dads 11
Best Ind: ( (1x + -4.0) + (1y + 6.0) )
Fitness = 0.150758768838
Worst Ind: ( (1x + -4.0) + (1y + 6.0) )
Fitness = 0.150758768838
Avg Fitness = 0.150758768838
Duplicated = 49
============================================================================
Evaluate Gen  126
New Population 75
Better than Dads 9
Best Ind: ( (1x + -4.0) + (1y + 6.0) )
Fitness = 0.150758768838
Worst Ind: ( (1x + -4.0) + (1y + 6.0) )
Fitness = 0.150758768838
Avg Fitness = 0.150758768838
Duplicated = 49
============================================================================
Evaluate Gen  127
New Population 81
Better than Dads 9
Best Ind: ( (1x + -4.0) + (1y + 6.0) )
Fitness = 0.150758768838
Worst Ind: ( (1x + -4.0) + (1y + 6.0) )
Fitness = 0.150758768838
Avg Fitness = 0.150758768838
Duplicated = 49
============================================================================
Evaluate Gen  128
New Population 81
Better than Dads 7
Best Ind: ( (1x + -4.0) + (1y + 6.0) )
Fitness = 0.150758768838
Worst Ind: ( (1x + -4.0) + (1y + 6.0) )
Fitness = 0.150758768838
Avg Fitness = 0.150758768838
Duplicated = 49
============================================================================
Evaluate Gen  129
New Population 75
Better than Dads 7
Best Ind: ( (1x + -4.0) + (1y + 6.0) )
Fitness = 0.150758768838
Worst Ind: ( (1x + -4.0) + (1y + 6.0) )
Fitness = 0.150758768838
Avg Fitness = 0.150758768838
Duplicated = 49
============================================================================
Evaluate Gen  130
New Population 75
Better than Dads 11
Best Ind: ( (1x + -4.0) + (1y + 6.0) )
Fitness = 0.150758768838
Worst Ind: ( (1x + -4.0) + (1y + 6.0) )
Fitness = 0.150758768838
Avg Fitness = 0.150758768838
Duplicated = 49
============================================================================
Evaluate Gen  131
New Population 82
Better than Dads 10
Best Ind: ( (1x + -4.0) + (1y + 6.0) )
Fitness = 0.150758768838
Worst Ind: ( (1x + -4.0) + (1y + 6.0) )
Fitness = 0.150758768838
Avg Fitness = 0.150758768838
Duplicated = 49
============================================================================
Evaluate Gen  132
New Population 79
Better than Dads 11
Best Ind: ( (1x + -4.0) + (1y + 6.0) )
Fitness = 0.150758768838
Worst Ind: ( (1x + -4.0) + (1y + 6.0) )
Fitness = 0.150758768838
Avg Fitness = 0.150758768838
Duplicated = 49
============================================================================
Evaluate Gen  133
New Population 76
Better than Dads 12
Best Ind: ( (1x + -4.0) + (1y + 6.0) )
Fitness = 0.150758768838
Worst Ind: ( (1x + -4.0) + (1y + 6.0) )
Fitness = 0.150758768838
Avg Fitness = 0.150758768838
Duplicated = 49
============================================================================
Evaluate Gen  134
New Population 79
Better than Dads 11
Best Ind: ( (1x + -4.0) + (1y + 6.0) )
Fitness = 0.150758768838
Worst Ind: ( (1x + -4.0) + (1y + 6.0) )
Fitness = 0.150758768838
Avg Fitness = 0.150758768838
Duplicated = 49
============================================================================
Evaluate Gen  135
New Population 75
Better than Dads 11
Best Ind: ( (1x + -4.0) + (1y + 6.0) )
Fitness = 0.150758768838
Worst Ind: ( (1x + -4.0) + (1y + 6.0) )
Fitness = 0.150758768838
Avg Fitness = 0.150758768838
Duplicated = 49
============================================================================
Evaluate Gen  136
New Population 74
Better than Dads 12
Best Ind: ( (1x + -4.0) + (1y + 6.0) )
Fitness = 0.150758768838
Worst Ind: ( (1x + -4.0) + (1y + 6.0) )
Fitness = 0.150758768838
Avg Fitness = 0.150758768838
Duplicated = 49
============================================================================
Evaluate Gen  137
New Population 80
Better than Dads 10
Best Ind: ( (1x + -4.0) + (1y + 6.0) )
Fitness = 0.150758768838
Worst Ind: ( (1x + -4.0) + (1y + 6.0) )
Fitness = 0.150758768838
Avg Fitness = 0.150758768838
Duplicated = 49
============================================================================
Evaluate Gen  138
New Population 81
Better than Dads 13
Best Ind: ( (1x + -4.0) + (1y + 6.0) )
Fitness = 0.150758768838
Worst Ind: ( (1x + -4.0) + (1y + 6.0) )
Fitness = 0.150758768838
Avg Fitness = 0.150758768838
Duplicated = 49
============================================================================
Evaluate Gen  139
New Population 75
Better than Dads 15
Best Ind: ( (1x + -4.0) + (1y + 6.0) )
Fitness = 0.150758768838
Worst Ind: ( (1x + -4.0) + (1y + 6.0) )
Fitness = 0.150758768838
Avg Fitness = 0.150758768838
Duplicated = 49
============================================================================
Evaluate Gen  140
New Population 76
Better than Dads 8
Best Ind: ( (1x + -4.0) + (1y + 6.0) )
Fitness = 0.150758768838
Worst Ind: ( (1x + -4.0) + (1y + 6.0) )
Fitness = 0.150758768838
Avg Fitness = 0.150758768838
Duplicated = 49
============================================================================
Evaluate Gen  141
New Population 79
Better than Dads 7
Best Ind: ( (1x + -4.0) + (1y + 6.0) )
Fitness = 0.150758768838
Worst Ind: ( (1x + -4.0) + (1y + 6.0) )
Fitness = 0.150758768838
Avg Fitness = 0.150758768838
Duplicated = 49
============================================================================
Evaluate Gen  142
New Population 79
Better than Dads 11
Best Ind: ( (1x + -4.0) + (1y + 6.0) )
Fitness = 0.150758768838
Worst Ind: ( (1x + -4.0) + (1y + 6.0) )
Fitness = 0.150758768838
Avg Fitness = 0.150758768838
Duplicated = 49
============================================================================
Evaluate Gen  143
New Population 77
Better than Dads 13
Best Ind: ( (1x + -4.0) + (1y + 6.0) )
Fitness = 0.150758768838
Worst Ind: ( (1x + -4.0) + (1y + 6.0) )
Fitness = 0.150758768838
Avg Fitness = 0.150758768838
Duplicated = 49
============================================================================
Evaluate Gen  144
New Population 79
Better than Dads 13
Best Ind: ( (1x + -4.0) + (1y + 6.0) )
Fitness = 0.150758768838
Worst Ind: ( (1x + -4.0) + (1y + 6.0) )
Fitness = 0.150758768838
Avg Fitness = 0.150758768838
Duplicated = 49
============================================================================
Evaluate Gen  145
New Population 76
Better than Dads 14
Best Ind: ( (1x + -4.0) + (1y + 6.0) )
Fitness = 0.150758768838
Worst Ind: ( (1x + -4.0) + (1y + 6.0) )
Fitness = 0.150758768838
Avg Fitness = 0.150758768838
Duplicated = 49
============================================================================
Evaluate Gen  146
New Population 78
Better than Dads 12
Best Ind: ( (1x + -4.0) + (1y + 6.0) )
Fitness = 0.150758768838
Worst Ind: ( (1x + -4.0) + (1y + 6.0) )
Fitness = 0.150758768838
Avg Fitness = 0.150758768838
Duplicated = 49
============================================================================
Evaluate Gen  147
New Population 82
Better than Dads 10
Best Ind: ( (1x + -4.0) + (1y + 6.0) )
Fitness = 0.150758768838
Worst Ind: ( (1x + -4.0) + (1y + 6.0) )
Fitness = 0.150758768838
Avg Fitness = 0.150758768838
Duplicated = 49
============================================================================
Evaluate Gen  148
New Population 74
Better than Dads 8
Best Ind: ( (1x + -4.0) + (1y + 6.0) )
Fitness = 0.150758768838
Worst Ind: ( (1x + -4.0) + (1y + 6.0) )
Fitness = 0.150758768838
Avg Fitness = 0.150758768838
Duplicated = 49
============================================================================
Evaluate Gen  149
New Population 82
Better than Dads 8
Best Ind: ( (1x + -4.0) + (1y + 6.0) )
Fitness = 0.150758768838
Worst Ind: ( (1x + -4.0) + (1y + 6.0) )
Fitness = 0.150758768838
Avg Fitness = 0.150758768838
Duplicated = 49
============================================================================
Evaluate Gen  150
New Population 82
Better than Dads 10
Best Ind: ( (1x + -4.0) + (1y + 6.0) )
Fitness = 0.150758768838
Worst Ind: ( (1x + -4.0) + (1y + 6.0) )
Fitness = 0.150758768838
Avg Fitness = 0.150758768838
Duplicated = 49
============================================================================
Evaluate Gen  151
New Population 76
Better than Dads 12
Best Ind: ( (1x + -4.0) + (1y + 6.0) )
Fitness = 0.150758768838
Worst Ind: ( (1x + -4.0) + (1y + 6.0) )
Fitness = 0.150758768838
Avg Fitness = 0.150758768838
Duplicated = 49
============================================================================
Evaluate Gen  152
New Population 75
Better than Dads 9
Best Ind: ( (1x + -4.0) + (1y + 6.0) )
Fitness = 0.150758768838
Worst Ind: ( (1x + -4.0) + (1y + 6.0) )
Fitness = 0.150758768838
Avg Fitness = 0.150758768838
Duplicated = 49
============================================================================
Evaluate Gen  153
New Population 79
Better than Dads 17
Best Ind: ( (1x + -4.0) + (1y + 6.0) )
Fitness = 0.150758768838
Worst Ind: ( (1x + -4.0) + (1y + 6.0) )
Fitness = 0.150758768838
Avg Fitness = 0.150758768838
Duplicated = 49
============================================================================
Evaluate Gen  154
New Population 77
Better than Dads 11
Best Ind: ( (1x + -4.0) + (1y + 6.0) )
Fitness = 0.150758768838
Worst Ind: ( (1x + -4.0) + (1y + 6.0) )
Fitness = 0.150758768838
Avg Fitness = 0.150758768838
Duplicated = 49
============================================================================
Evaluate Gen  155
New Population 74
Better than Dads 10
Best Ind: ( (1x + -4.0) + (1y + 6.0) )
Fitness = 0.150758768838
Worst Ind: ( (1x + -4.0) + (1y + 6.0) )
Fitness = 0.150758768838
Avg Fitness = 0.150758768838
Duplicated = 49
============================================================================
Evaluate Gen  156
New Population 76
Better than Dads 14
Best Ind: ( (1x + -4.0) + (1y + 6.0) )
Fitness = 0.150758768838
Worst Ind: ( (1x + -4.0) + (1y + 6.0) )
Fitness = 0.150758768838
Avg Fitness = 0.150758768838
Duplicated = 49
============================================================================
Evaluate Gen  157
New Population 72
Better than Dads 12
Best Ind: ( (1x + -4.0) + (1y + 6.0) )
Fitness = 0.150758768838
Worst Ind: ( (1x + -4.0) + (1y + 6.0) )
Fitness = 0.150758768838
Avg Fitness = 0.150758768838
Duplicated = 49
============================================================================
Evaluate Gen  158
New Population 79
Better than Dads 15
Best Ind: ( (1x + -4.0) + (1y + 6.0) )
Fitness = 0.150758768838
Worst Ind: ( (1x + -4.0) + (1y + 6.0) )
Fitness = 0.150758768838
Avg Fitness = 0.150758768838
Duplicated = 49
============================================================================
Evaluate Gen  159
New Population 82
Better than Dads 6
Best Ind: ( (1x + -4.0) + (1y + 6.0) )
Fitness = 0.150758768838
Worst Ind: ( (1x + -4.0) + (1y + 6.0) )
Fitness = 0.150758768838
Avg Fitness = 0.150758768838
Duplicated = 49
============================================================================
Evaluate Gen  160
New Population 82
Better than Dads 10
Best Ind: ( (1x + -4.0) + (1y + 6.0) )
Fitness = 0.150758768838
Worst Ind: ( (1x + -4.0) + (1y + 6.0) )
Fitness = 0.150758768838
Avg Fitness = 0.150758768838
Duplicated = 49
============================================================================
Evaluate Gen  161
New Population 75
Better than Dads 15
Best Ind: ( (1x + -4.0) + (1y + 6.0) )
Fitness = 0.150758768838
Worst Ind: ( (1x + -4.0) + (1y + 6.0) )
Fitness = 0.150758768838
Avg Fitness = 0.150758768838
Duplicated = 49
============================================================================
Evaluate Gen  162
New Population 77
Better than Dads 13
Best Ind: ( (1x + -4.0) + (1y + 6.0) )
Fitness = 0.150758768838
Worst Ind: ( (1x + -4.0) + (1y + 6.0) )
Fitness = 0.150758768838
Avg Fitness = 0.150758768838
Duplicated = 49
============================================================================
Evaluate Gen  163
New Population 73
Better than Dads 11
Best Ind: ( (1x + -4.0) + (1y + 6.0) )
Fitness = 0.150758768838
Worst Ind: ( (1x + -4.0) + (1y + 6.0) )
Fitness = 0.150758768838
Avg Fitness = 0.150758768838
Duplicated = 49
============================================================================
Evaluate Gen  164
New Population 81
Better than Dads 15
Best Ind: ( (1x + -4.0) + (1y + 6.0) )
Fitness = 0.150758768838
Worst Ind: ( (1x + -4.0) + (1y + 6.0) )
Fitness = 0.150758768838
Avg Fitness = 0.150758768838
Duplicated = 49
============================================================================
Evaluate Gen  165
New Population 77
Better than Dads 9
Best Ind: ( (1x + -4.0) + (1y + 6.0) )
Fitness = 0.150758768838
Worst Ind: ( (1x + -4.0) + (1y + 6.0) )
Fitness = 0.150758768838
Avg Fitness = 0.150758768838
Duplicated = 49
============================================================================
Evaluate Gen  166
New Population 77
Better than Dads 13
Best Ind: ( (1x + -4.0) + (1y + 6.0) )
Fitness = 0.150758768838
Worst Ind: ( (1x + -4.0) + (1y + 6.0) )
Fitness = 0.150758768838
Avg Fitness = 0.150758768838
Duplicated = 49
============================================================================
Evaluate Gen  167
New Population 75
Better than Dads 9
Best Ind: ( (1x + -4.0) + (1y + 6.0) )
Fitness = 0.150758768838
Worst Ind: ( (1x + -4.0) + (1y + 6.0) )
Fitness = 0.150758768838
Avg Fitness = 0.150758768838
Duplicated = 49
============================================================================
Evaluate Gen  168
New Population 79
Better than Dads 9
Best Ind: ( (1x + -4.0) + (1y + 6.0) )
Fitness = 0.150758768838
Worst Ind: ( (1x + -4.0) + (1y + 6.0) )
Fitness = 0.150758768838
Avg Fitness = 0.150758768838
Duplicated = 49
============================================================================
Evaluate Gen  169
New Population 73
Better than Dads 9
Best Ind: ( (1x + -4.0) + (1y + 6.0) )
Fitness = 0.150758768838
Worst Ind: ( (1x + -4.0) + (1y + 6.0) )
Fitness = 0.150758768838
Avg Fitness = 0.150758768838
Duplicated = 49
============================================================================
Evaluate Gen  170
New Population 78
Better than Dads 10
Best Ind: ( (1x + -4.0) + (1y + 6.0) )
Fitness = 0.150758768838
Worst Ind: ( (1x + -4.0) + (1y + 6.0) )
Fitness = 0.150758768838
Avg Fitness = 0.150758768838
Duplicated = 49
============================================================================
Evaluate Gen  171
New Population 79
Better than Dads 9
Best Ind: ( (1x + -4.0) + (1y + 6.0) )
Fitness = 0.150758768838
Worst Ind: ( (1x + -4.0) + (1y + 6.0) )
Fitness = 0.150758768838
Avg Fitness = 0.150758768838
Duplicated = 49
============================================================================
Evaluate Gen  172
New Population 73
Better than Dads 11
Best Ind: ( (1x + -4.0) + (1y + 6.0) )
Fitness = 0.150758768838
Worst Ind: ( (1x + -4.0) + (1y + 6.0) )
Fitness = 0.150758768838
Avg Fitness = 0.150758768838
Duplicated = 49
============================================================================
Evaluate Gen  173
New Population 80
Better than Dads 10
Best Ind: ( (1x + -4.0) + (1y + 6.0) )
Fitness = 0.150758768838
Worst Ind: ( (1x + -4.0) + (1y + 6.0) )
Fitness = 0.150758768838
Avg Fitness = 0.150758768838
Duplicated = 49
============================================================================
Evaluate Gen  174
New Population 76
Better than Dads 10
Best Ind: ( (1x + -4.0) + (1y + 6.0) )
Fitness = 0.150758768838
Worst Ind: ( (1x + -4.0) + (1y + 6.0) )
Fitness = 0.150758768838
Avg Fitness = 0.150758768838
Duplicated = 49
============================================================================
Evaluate Gen  175
New Population 76
Better than Dads 14
Best Ind: ( (1x + -4.0) + (1y + 6.0) )
Fitness = 0.150758768838
Worst Ind: ( (1x + -4.0) + (1y + 6.0) )
Fitness = 0.150758768838
Avg Fitness = 0.150758768838
Duplicated = 49
============================================================================
Evaluate Gen  176
New Population 74
Better than Dads 4
Best Ind: ( (1x + -4.0) + (1y + 6.0) )
Fitness = 0.150758768838
Worst Ind: ( (1x + -4.0) + (1y + 6.0) )
Fitness = 0.150758768838
Avg Fitness = 0.150758768838
Duplicated = 49
============================================================================
Evaluate Gen  177
New Population 71
Better than Dads 11
Best Ind: ( (1x + -4.0) + (1y + 6.0) )
Fitness = 0.150758768838
Worst Ind: ( (1x + -4.0) + (1y + 6.0) )
Fitness = 0.150758768838
Avg Fitness = 0.150758768838
Duplicated = 49
============================================================================
Evaluate Gen  178
New Population 75
Better than Dads 5
Best Ind: ( (1x + -4.0) + (1y + 6.0) )
Fitness = 0.150758768838
Worst Ind: ( (1x + -4.0) + (1y + 6.0) )
Fitness = 0.150758768838
Avg Fitness = 0.150758768838
Duplicated = 49
============================================================================
Evaluate Gen  179
New Population 80
Better than Dads 4
Best Ind: ( (1x + -4.0) + (1y + 6.0) )
Fitness = 0.150758768838
Worst Ind: ( (1x + -4.0) + (1y + 6.0) )
Fitness = 0.150758768838
Avg Fitness = 0.150758768838
Duplicated = 49
============================================================================
Evaluate Gen  180
New Population 79
Better than Dads 9
Best Ind: ( (1x + -4.0) + (1y + 6.0) )
Fitness = 0.150758768838
Worst Ind: ( (1x + -4.0) + (1y + 6.0) )
Fitness = 0.150758768838
Avg Fitness = 0.150758768838
Duplicated = 49
============================================================================
Evaluate Gen  181
New Population 76
Better than Dads 6
Best Ind: ( (1x + -4.0) + (1y + 6.0) )
Fitness = 0.150758768838
Worst Ind: ( (1x + -4.0) + (1y + 6.0) )
Fitness = 0.150758768838
Avg Fitness = 0.150758768838
Duplicated = 49
============================================================================
Evaluate Gen  182
New Population 69
Better than Dads 13
Best Ind: ( (1x + -4.0) + (1y + 6.0) )
Fitness = 0.150758768838
Worst Ind: ( (1x + -4.0) + (1y + 6.0) )
Fitness = 0.150758768838
Avg Fitness = 0.150758768838
Duplicated = 49
============================================================================
Evaluate Gen  183
New Population 82
Better than Dads 8
Best Ind: ( (1x + -4.0) + (1y + 6.0) )
Fitness = 0.150758768838
Worst Ind: ( (1x + -4.0) + (1y + 6.0) )
Fitness = 0.150758768838
Avg Fitness = 0.150758768838
Duplicated = 49
============================================================================
Evaluate Gen  184
New Population 72
Better than Dads 8
Best Ind: ( (1x + -4.0) + (1y + 6.0) )
Fitness = 0.150758768838
Worst Ind: ( (1x + -4.0) + (1y + 6.0) )
Fitness = 0.150758768838
Avg Fitness = 0.150758768838
Duplicated = 49
============================================================================
Evaluate Gen  185
New Population 82
Better than Dads 10
Best Ind: ( (1x + -4.0) + (1y + 6.0) )
Fitness = 0.150758768838
Worst Ind: ( (1x + -4.0) + (1y + 6.0) )
Fitness = 0.150758768838
Avg Fitness = 0.150758768838
Duplicated = 49
============================================================================
Evaluate Gen  186
New Population 78
Better than Dads 12
Best Ind: ( (1x + -4.0) + (1y + 6.0) )
Fitness = 0.150758768838
Worst Ind: ( (1x + -4.0) + (1y + 6.0) )
Fitness = 0.150758768838
Avg Fitness = 0.150758768838
Duplicated = 49
============================================================================
Evaluate Gen  187
New Population 77
Better than Dads 9
Best Ind: ( (1x + -4.0) + (1y + 6.0) )
Fitness = 0.150758768838
Worst Ind: ( (1x + -4.0) + (1y + 6.0) )
Fitness = 0.150758768838
Avg Fitness = 0.150758768838
Duplicated = 49
============================================================================
Evaluate Gen  188
New Population 76
Better than Dads 10
Best Ind: ( (1x + -4.0) + (1y + 6.0) )
Fitness = 0.150758768838
Worst Ind: ( (1x + -4.0) + (1y + 6.0) )
Fitness = 0.150758768838
Avg Fitness = 0.150758768838
Duplicated = 49
============================================================================
Evaluate Gen  189
New Population 73
Better than Dads 9
Best Ind: ( (1x + -4.0) + (1y + 6.0) )
Fitness = 0.150758768838
Worst Ind: ( (1x + -4.0) + (1y + 6.0) )
Fitness = 0.150758768838
Avg Fitness = 0.150758768838
Duplicated = 49
============================================================================
Evaluate Gen  190
New Population 74
Better than Dads 10
Best Ind: ( (1x + -4.0) + (1y + 6.0) )
Fitness = 0.150758768838
Worst Ind: ( (1x + -4.0) + (1y + 6.0) )
Fitness = 0.150758768838
Avg Fitness = 0.150758768838
Duplicated = 49
============================================================================
Evaluate Gen  191
New Population 78
Better than Dads 8
Best Ind: ( (1x + -4.0) + (1y + 6.0) )
Fitness = 0.150758768838
Worst Ind: ( (1x + -4.0) + (1y + 6.0) )
Fitness = 0.150758768838
Avg Fitness = 0.150758768838
Duplicated = 49
============================================================================
Evaluate Gen  192
New Population 82
Better than Dads 6
Best Ind: ( (1x + -4.0) + (1y + 6.0) )
Fitness = 0.150758768838
Worst Ind: ( (1x + -4.0) + (1y + 6.0) )
Fitness = 0.150758768838
Avg Fitness = 0.150758768838
Duplicated = 49
============================================================================
Evaluate Gen  193
New Population 80
Better than Dads 10
Best Ind: ( (1x + -4.0) + (1y + 6.0) )
Fitness = 0.150758768838
Worst Ind: ( (1x + -4.0) + (1y + 6.0) )
Fitness = 0.150758768838
Avg Fitness = 0.150758768838
Duplicated = 49
============================================================================
Evaluate Gen  194
New Population 78
Better than Dads 12
Best Ind: ( (1x + -4.0) + (1y + 6.0) )
Fitness = 0.150758768838
Worst Ind: ( (1x + -4.0) + (1y + 6.0) )
Fitness = 0.150758768838
Avg Fitness = 0.150758768838
Duplicated = 49
============================================================================
Evaluate Gen  195
New Population 79
Better than Dads 11
Best Ind: ( (1x + -4.0) + (1y + 6.0) )
Fitness = 0.150758768838
Worst Ind: ( (1x + -4.0) + (1y + 6.0) )
Fitness = 0.150758768838
Avg Fitness = 0.150758768838
Duplicated = 49
============================================================================
Evaluate Gen  196
New Population 80
Better than Dads 8
Best Ind: ( (1x + -4.0) + (1y + 6.0) )
Fitness = 0.150758768838
Worst Ind: ( (1x + -4.0) + (1y + 6.0) )
Fitness = 0.150758768838
Avg Fitness = 0.150758768838
Duplicated = 49
============================================================================
Evaluate Gen  197
New Population 72
Better than Dads 10
Best Ind: ( (1x + -4.0) + (1y + 6.0) )
Fitness = 0.150758768838
Worst Ind: ( (1x + -4.0) + (1y + 6.0) )
Fitness = 0.150758768838
Avg Fitness = 0.150758768838
Duplicated = 49
============================================================================
Evaluate Gen  198
New Population 79
Better than Dads 13
Best Ind: ( (1x + -4.0) + (1y + 6.0) )
Fitness = 0.150758768838
Worst Ind: ( (1x + -4.0) + (1y + 6.0) )
Fitness = 0.150758768838
Avg Fitness = 0.150758768838
Duplicated = 49
============================================================================
Evaluate Gen  199
New Population 81
Better than Dads 11
Best Ind: ( (1x + -4.0) + (1y + 6.0) )
Fitness = 0.150758768838
Worst Ind: ( (1x + -4.0) + (1y + 6.0) )
Fitness = 0.150758768838
Avg Fitness = 0.150758768838
Duplicated = 49
============================================================================
Evaluate Gen  200
New Population 76
Better than Dads 10
Best Ind: ( (1x + -4.0) + (1y + 6.0) )
Fitness = 0.150758768838
Worst Ind: ( (1x + -4.0) + (1y + 6.0) )
Fitness = 0.150758768838
Avg Fitness = 0.150758768838
Duplicated = 49
============================================================================
Evaluate Gen  201
New Population 75
Better than Dads 9
Best Ind: ( (1x + -4.0) + (1y + 6.0) )
Fitness = 0.150758768838
Worst Ind: ( (1x + -4.0) + (1y + 6.0) )
Fitness = 0.150758768838
Avg Fitness = 0.150758768838
Duplicated = 49
============================================================================
Evaluate Gen  202
New Population 82
Better than Dads 10
Best Ind: ( (1x + -4.0) + (1y + 6.0) )
Fitness = 0.150758768838
Worst Ind: ( (1x + -4.0) + (1y + 6.0) )
Fitness = 0.150758768838
Avg Fitness = 0.150758768838
Duplicated = 49
============================================================================
Evaluate Gen  203
New Population 83
Better than Dads 11
Best Ind: ( (1x + -4.0) + (1y + 6.0) )
Fitness = 0.150758768838
Worst Ind: ( (1x + -4.0) + (1y + 6.0) )
Fitness = 0.150758768838
Avg Fitness = 0.150758768838
Duplicated = 49
============================================================================
Evaluate Gen  204
New Population 81
Better than Dads 11
Best Ind: ( (1x + -4.0) + (1y + 6.0) )
Fitness = 0.150758768838
Worst Ind: ( (1x + -4.0) + (1y + 6.0) )
Fitness = 0.150758768838
Avg Fitness = 0.150758768838
Duplicated = 49
============================================================================
Evaluate Gen  205
New Population 73
Better than Dads 11
Best Ind: ( (1x + -4.0) + (1y + 6.0) )
Fitness = 0.150758768838
Worst Ind: ( (1x + -4.0) + (1y + 6.0) )
Fitness = 0.150758768838
Avg Fitness = 0.150758768838
Duplicated = 49
============================================================================
Evaluate Gen  206
New Population 76
Better than Dads 4
Best Ind: ( (1x + -4.0) + (1y + 6.0) )
Fitness = 0.150758768838
Worst Ind: ( (1x + -4.0) + (1y + 6.0) )
Fitness = 0.150758768838
Avg Fitness = 0.150758768838
Duplicated = 49
============================================================================
Evaluate Gen  207
New Population 86
Better than Dads 6
Best Ind: ( (1x + -4.0) + (1y + 6.0) )
Fitness = 0.150758768838
Worst Ind: ( (1x + -4.0) + (1y + 6.0) )
Fitness = 0.150758768838
Avg Fitness = 0.150758768838
Duplicated = 49
============================================================================
Evaluate Gen  208
New Population 75
Better than Dads 9
Best Ind: ( (1x + -4.0) + (1y + 6.0) )
Fitness = 0.150758768838
Worst Ind: ( (1x + -4.0) + (1y + 6.0) )
Fitness = 0.150758768838
Avg Fitness = 0.150758768838
Duplicated = 49
============================================================================
Evaluate Gen  209
New Population 82
Better than Dads 10
Best Ind: ( (1x + -4.0) + (1y + 6.0) )
Fitness = 0.150758768838
Worst Ind: ( (1x + -4.0) + (1y + 6.0) )
Fitness = 0.150758768838
Avg Fitness = 0.150758768838
Duplicated = 49
============================================================================
Evaluate Gen  210
New Population 81
Better than Dads 7
Best Ind: ( (1x + -4.0) + (1y + 6.0) )
Fitness = 0.150758768838
Worst Ind: ( (1x + -4.0) + (1y + 6.0) )
Fitness = 0.150758768838
Avg Fitness = 0.150758768838
Duplicated = 49
============================================================================
Evaluate Gen  211
New Population 77
Better than Dads 13
Best Ind: ( (1x + -4.0) + (1y + 6.0) )
Fitness = 0.150758768838
Worst Ind: ( (1x + -4.0) + (1y + 6.0) )
Fitness = 0.150758768838
Avg Fitness = 0.150758768838
Duplicated = 49
============================================================================
Evaluate Gen  212
New Population 76
Better than Dads 8
Best Ind: ( (1x + -4.0) + (1y + 6.0) )
Fitness = 0.150758768838
Worst Ind: ( (1x + -4.0) + (1y + 6.0) )
Fitness = 0.150758768838
Avg Fitness = 0.150758768838
Duplicated = 49
============================================================================
Evaluate Gen  213
New Population 71
Better than Dads 9
Best Ind: ( (1x + -4.0) + (1y + 6.0) )
Fitness = 0.150758768838
Worst Ind: ( (1x + -4.0) + (1y + 6.0) )
Fitness = 0.150758768838
Avg Fitness = 0.150758768838
Duplicated = 49
============================================================================
Evaluate Gen  214
New Population 76
Better than Dads 10
Best Ind: ( (1x + -4.0) + (1y + 6.0) )
Fitness = 0.150758768838
Worst Ind: ( (1x + -4.0) + (1y + 6.0) )
Fitness = 0.150758768838
Avg Fitness = 0.150758768838
Duplicated = 49
============================================================================
Evaluate Gen  215
New Population 78
Better than Dads 14
Best Ind: ( (1x + -4.0) + (1y + 6.0) )
Fitness = 0.150758768838
Worst Ind: ( (1x + -4.0) + (1y + 6.0) )
Fitness = 0.150758768838
Avg Fitness = 0.150758768838
Duplicated = 49
============================================================================
Evaluate Gen  216
New Population 74
Better than Dads 12
Best Ind: ( (1x + -4.0) + (1y + 6.0) )
Fitness = 0.150758768838
Worst Ind: ( (1x + -4.0) + (1y + 6.0) )
Fitness = 0.150758768838
Avg Fitness = 0.150758768838
Duplicated = 49
============================================================================
Evaluate Gen  217
New Population 76
Better than Dads 14
Best Ind: ( (1x + -4.0) + (1y + 6.0) )
Fitness = 0.150758768838
Worst Ind: ( (1x + -4.0) + (1y + 6.0) )
Fitness = 0.150758768838
Avg Fitness = 0.150758768838
Duplicated = 49
============================================================================
Evaluate Gen  218
New Population 82
Better than Dads 12
Best Ind: ( (1x + -4.0) + (1y + 6.0) )
Fitness = 0.150758768838
Worst Ind: ( (1x + -4.0) + (1y + 6.0) )
Fitness = 0.150758768838
Avg Fitness = 0.150758768838
Duplicated = 49
============================================================================
Evaluate Gen  219
New Population 83
Better than Dads 11
Best Ind: ( (1x + -4.0) + (1y + 6.0) )
Fitness = 0.150758768838
Worst Ind: ( (1x + -4.0) + (1y + 6.0) )
Fitness = 0.150758768838
Avg Fitness = 0.150758768838
Duplicated = 49
============================================================================
Evaluate Gen  220
New Population 76
Better than Dads 12
Best Ind: ( (1x + -4.0) + (1y + 6.0) )
Fitness = 0.150758768838
Worst Ind: ( (1x + -4.0) + (1y + 6.0) )
Fitness = 0.150758768838
Avg Fitness = 0.150758768838
Duplicated = 49
============================================================================
Evaluate Gen  221
New Population 76
Better than Dads 10
Best Ind: ( (1x + -4.0) + (1y + 6.0) )
Fitness = 0.150758768838
Worst Ind: ( (1x + -4.0) + (1y + 6.0) )
Fitness = 0.150758768838
Avg Fitness = 0.150758768838
Duplicated = 49
============================================================================
Evaluate Gen  222
New Population 75
Better than Dads 11
Best Ind: ( (1x + -4.0) + (1y + 6.0) )
Fitness = 0.150758768838
Worst Ind: ( (1x + -4.0) + (1y + 6.0) )
Fitness = 0.150758768838
Avg Fitness = 0.150758768838
Duplicated = 49
============================================================================
Evaluate Gen  223
New Population 77
Better than Dads 7
Best Ind: ( (1x + -4.0) + (1y + 6.0) )
Fitness = 0.150758768838
Worst Ind: ( (1x + -4.0) + (1y + 6.0) )
Fitness = 0.150758768838
Avg Fitness = 0.150758768838
Duplicated = 49
============================================================================
Evaluate Gen  224
New Population 79
Better than Dads 11
Best Ind: ( (1x + -4.0) + (1y + 6.0) )
Fitness = 0.150758768838
Worst Ind: ( (1x + -4.0) + (1y + 6.0) )
Fitness = 0.150758768838
Avg Fitness = 0.150758768838
Duplicated = 49
============================================================================
Evaluate Gen  225
New Population 78
Better than Dads 4
Best Ind: ( (1x + -4.0) + (1y + 6.0) )
Fitness = 0.150758768838
Worst Ind: ( (1x + -4.0) + (1y + 6.0) )
Fitness = 0.150758768838
Avg Fitness = 0.150758768838
Duplicated = 49
============================================================================
Evaluate Gen  226
New Population 73
Better than Dads 13
Best Ind: ( (1x + -4.0) + (1y + 6.0) )
Fitness = 0.150758768838
Worst Ind: ( (1x + -4.0) + (1y + 6.0) )
Fitness = 0.150758768838
Avg Fitness = 0.150758768838
Duplicated = 49
============================================================================
Evaluate Gen  227
New Population 74
Better than Dads 12
Best Ind: ( (1x + -4.0) + (1y + 6.0) )
Fitness = 0.150758768838
Worst Ind: ( (1x + -4.0) + (1y + 6.0) )
Fitness = 0.150758768838
Avg Fitness = 0.150758768838
Duplicated = 49
============================================================================
Evaluate Gen  228
New Population 81
Better than Dads 5
Best Ind: ( (1x + -4.0) + (1y + 6.0) )
Fitness = 0.150758768838
Worst Ind: ( (1x + -4.0) + (1y + 6.0) )
Fitness = 0.150758768838
Avg Fitness = 0.150758768838
Duplicated = 49
============================================================================
Evaluate Gen  229
New Population 81
Better than Dads 5
Best Ind: ( (1x + -4.0) + (1y + 6.0) )
Fitness = 0.150758768838
Worst Ind: ( (1x + -4.0) + (1y + 6.0) )
Fitness = 0.150758768838
Avg Fitness = 0.150758768838
Duplicated = 49
============================================================================
Evaluate Gen  230
New Population 74
Better than Dads 8
Best Ind: ( (1x + -4.0) + (1y + 6.0) )
Fitness = 0.150758768838
Worst Ind: ( (1x + -4.0) + (1y + 6.0) )
Fitness = 0.150758768838
Avg Fitness = 0.150758768838
Duplicated = 49
============================================================================
Evaluate Gen  231
New Population 77
Better than Dads 13
Best Ind: ( (1x + -4.0) + (1y + 6.0) )
Fitness = 0.150758768838
Worst Ind: ( (1x + -4.0) + (1y + 6.0) )
Fitness = 0.150758768838
Avg Fitness = 0.150758768838
Duplicated = 49
============================================================================
Evaluate Gen  232
New Population 75
Better than Dads 9
Best Ind: ( (1x + -4.0) + (1y + 6.0) )
Fitness = 0.150758768838
Worst Ind: ( (1x + -4.0) + (1y + 6.0) )
Fitness = 0.150758768838
Avg Fitness = 0.150758768838
Duplicated = 49
============================================================================
Evaluate Gen  233
New Population 77
Better than Dads 9
Best Ind: ( (1x + -4.0) + (1y + 6.0) )
Fitness = 0.150758768838
Worst Ind: ( (1x + -4.0) + (1y + 6.0) )
Fitness = 0.150758768838
Avg Fitness = 0.150758768838
Duplicated = 49
============================================================================
Evaluate Gen  234
New Population 75
Better than Dads 11
Best Ind: ( (1x + -4.0) + (1y + 6.0) )
Fitness = 0.150758768838
Worst Ind: ( (1x + -4.0) + (1y + 6.0) )
Fitness = 0.150758768838
Avg Fitness = 0.150758768838
Duplicated = 49
============================================================================
Evaluate Gen  235
New Population 80
Better than Dads 10
Best Ind: ( (1x + -4.0) + (1y + 6.0) )
Fitness = 0.150758768838
Worst Ind: ( (1x + -4.0) + (1y + 6.0) )
Fitness = 0.150758768838
Avg Fitness = 0.150758768838
Duplicated = 49
============================================================================
Evaluate Gen  236
New Population 80
Better than Dads 10
Best Ind: ( (1x + -4.0) + (1y + 6.0) )
Fitness = 0.150758768838
Worst Ind: ( (1x + -4.0) + (1y + 6.0) )
Fitness = 0.150758768838
Avg Fitness = 0.150758768838
Duplicated = 49
============================================================================
Evaluate Gen  237
New Population 78
Better than Dads 8
Best Ind: ( (1x + -4.0) + (1y + 6.0) )
Fitness = 0.150758768838
Worst Ind: ( (1x + -4.0) + (1y + 6.0) )
Fitness = 0.150758768838
Avg Fitness = 0.150758768838
Duplicated = 49
============================================================================
Evaluate Gen  238
New Population 79
Better than Dads 9
Best Ind: ( (1x + -4.0) + (1y + 6.0) )
Fitness = 0.150758768838
Worst Ind: ( (1x + -4.0) + (1y + 6.0) )
Fitness = 0.150758768838
Avg Fitness = 0.150758768838
Duplicated = 49
============================================================================
Evaluate Gen  239
New Population 75
Better than Dads 7
Best Ind: ( (1x + -4.0) + (1y + 6.0) )
Fitness = 0.150758768838
Worst Ind: ( (1x + -4.0) + (1y + 6.0) )
Fitness = 0.150758768838
Avg Fitness = 0.150758768838
Duplicated = 49
============================================================================
Evaluate Gen  240
New Population 74
Better than Dads 14
Best Ind: ( (1x + -4.0) + (1y + 6.0) )
Fitness = 0.150758768838
Worst Ind: ( (1x + -4.0) + (1y + 6.0) )
Fitness = 0.150758768838
Avg Fitness = 0.150758768838
Duplicated = 49
============================================================================
Evaluate Gen  241
New Population 78
Better than Dads 14
Best Ind: ( (1x + -4.0) + (1y + 6.0) )
Fitness = 0.150758768838
Worst Ind: ( (1x + -4.0) + (1y + 6.0) )
Fitness = 0.150758768838
Avg Fitness = 0.150758768838
Duplicated = 49
============================================================================
Evaluate Gen  242
New Population 74
Better than Dads 8
Best Ind: ( (1x + -4.0) + (1y + 6.0) )
Fitness = 0.150758768838
Worst Ind: ( (1x + -4.0) + (1y + 6.0) )
Fitness = 0.150758768838
Avg Fitness = 0.150758768838
Duplicated = 49
============================================================================
Evaluate Gen  243
New Population 79
Better than Dads 9
Best Ind: ( (1x + -4.0) + (1y + 6.0) )
Fitness = 0.150758768838
Worst Ind: ( (1x + -4.0) + (1y + 6.0) )
Fitness = 0.150758768838
Avg Fitness = 0.150758768838
Duplicated = 49
============================================================================
Evaluate Gen  244
New Population 74
Better than Dads 6
Best Ind: ( (1x + -4.0) + (1y + 6.0) )
Fitness = 0.150758768838
Worst Ind: ( (1x + -4.0) + (1y + 6.0) )
Fitness = 0.150758768838
Avg Fitness = 0.150758768838
Duplicated = 49
============================================================================
Evaluate Gen  245
New Population 76
Better than Dads 12
Best Ind: ( (1x + -4.0) + (1y + 6.0) )
Fitness = 0.150758768838
Worst Ind: ( (1x + -4.0) + (1y + 6.0) )
Fitness = 0.150758768838
Avg Fitness = 0.150758768838
Duplicated = 49
============================================================================
Evaluate Gen  246
New Population 73
Better than Dads 7
Best Ind: ( (1x + -4.0) + (1y + 6.0) )
Fitness = 0.150758768838
Worst Ind: ( (1x + -4.0) + (1y + 6.0) )
Fitness = 0.150758768838
Avg Fitness = 0.150758768838
Duplicated = 49
============================================================================
Evaluate Gen  247
New Population 74
Better than Dads 12
Best Ind: ( (1x + -4.0) + (1y + 6.0) )
Fitness = 0.150758768838
Worst Ind: ( (1x + -4.0) + (1y + 6.0) )
Fitness = 0.150758768838
Avg Fitness = 0.150758768838
Duplicated = 49
============================================================================
Evaluate Gen  248
New Population 77
Better than Dads 11
Best Ind: ( (1x + -4.0) + (1y + 6.0) )
Fitness = 0.150758768838
Worst Ind: ( (1x + -4.0) + (1y + 6.0) )
Fitness = 0.150758768838
Avg Fitness = 0.150758768838
Duplicated = 49
============================================================================
Evaluate Gen  249
New Population 81
Better than Dads 9
Best Ind: ( (1x + -4.0) + (1y + 6.0) )
Fitness = 0.150758768838
Worst Ind: ( (1x + -4.0) + (1y + 6.0) )
Fitness = 0.150758768838
Avg Fitness = 0.150758768838
Duplicated = 49
============================================================================
Evaluate Gen  250
New Population 77
Better than Dads 11
Best Ind: ( (1x + -4.0) + (1y + 6.0) )
Fitness = 0.150758768838
Worst Ind: ( (1x + -4.0) + (1y + 6.0) )
Fitness = 0.150758768838
Avg Fitness = 0.150758768838
Duplicated = 49
============================================================================
Evaluate Gen  251
New Population 78
Better than Dads 14
Best Ind: ( (1x + -4.0) + (1y + 6.0) )
Fitness = 0.150758768838
Worst Ind: ( (1x + -4.0) + (1y + 6.0) )
Fitness = 0.150758768838
Avg Fitness = 0.150758768838
Duplicated = 49
============================================================================
Evaluate Gen  252
New Population 76
Better than Dads 16
Best Ind: ( (1x + -4.0) + (1y + 6.0) )
Fitness = 0.150758768838
Worst Ind: ( (1x + -4.0) + (1y + 6.0) )
Fitness = 0.150758768838
Avg Fitness = 0.150758768838
Duplicated = 49
============================================================================
Evaluate Gen  253
New Population 80
Better than Dads 8
Best Ind: ( (1x + -4.0) + (1y + 6.0) )
Fitness = 0.150758768838
Worst Ind: ( (1x + -4.0) + (1y + 6.0) )
Fitness = 0.150758768838
Avg Fitness = 0.150758768838
Duplicated = 49
============================================================================
Evaluate Gen  254
New Population 75
Better than Dads 11
Best Ind: ( (1x + -4.0) + (1y + 6.0) )
Fitness = 0.150758768838
Worst Ind: ( (1x + -4.0) + (1y + 6.0) )
Fitness = 0.150758768838
Avg Fitness = 0.150758768838
Duplicated = 49
============================================================================
Evaluate Gen  255
New Population 75
Better than Dads 7
Best Ind: ( (1x + -4.0) + (1y + 6.0) )
Fitness = 0.150758768838
Worst Ind: ( (1x + -4.0) + (1y + 6.0) )
Fitness = 0.150758768838
Avg Fitness = 0.150758768838
Duplicated = 49
============================================================================
Evaluate Gen  256
New Population 69
Better than Dads 9
Best Ind: ( (1x + -4.0) + (1y + 6.0) )
Fitness = 0.150758768838
Worst Ind: ( (1x + -4.0) + (1y + 6.0) )
Fitness = 0.150758768838
Avg Fitness = 0.150758768838
Duplicated = 49
============================================================================
Evaluate Gen  257
New Population 71
Better than Dads 11
Best Ind: ( (1x + -4.0) + (1y + 6.0) )
Fitness = 0.150758768838
Worst Ind: ( (1x + -4.0) + (1y + 6.0) )
Fitness = 0.150758768838
Avg Fitness = 0.150758768838
Duplicated = 49
============================================================================
Evaluate Gen  258
New Population 74
Better than Dads 12
Best Ind: ( (1x + -4.0) + (1y + 6.0) )
Fitness = 0.150758768838
Worst Ind: ( (1x + -4.0) + (1y + 6.0) )
Fitness = 0.150758768838
Avg Fitness = 0.150758768838
Duplicated = 49
============================================================================
Evaluate Gen  259
New Population 80
Better than Dads 10
Best Ind: ( (1x + -4.0) + (1y + 6.0) )
Fitness = 0.150758768838
Worst Ind: ( (1x + -4.0) + (1y + 6.0) )
Fitness = 0.150758768838
Avg Fitness = 0.150758768838
Duplicated = 49
============================================================================
Evaluate Gen  260
New Population 74
Better than Dads 8
Best Ind: ( (1x + -4.0) + (1y + 6.0) )
Fitness = 0.150758768838
Worst Ind: ( (1x + -4.0) + (1y + 6.0) )
Fitness = 0.150758768838
Avg Fitness = 0.150758768838
Duplicated = 49
============================================================================
Evaluate Gen  261
New Population 78
Better than Dads 12
Best Ind: ( (1x + -4.0) + (1y + 6.0) )
Fitness = 0.150758768838
Worst Ind: ( (1x + -4.0) + (1y + 6.0) )
Fitness = 0.150758768838
Avg Fitness = 0.150758768838
Duplicated = 49
============================================================================
Evaluate Gen  262
New Population 78
Better than Dads 12
Best Ind: ( (1x + -4.0) + (1y + 6.0) )
Fitness = 0.150758768838
Worst Ind: ( (1x + -4.0) + (1y + 6.0) )
Fitness = 0.150758768838
Avg Fitness = 0.150758768838
Duplicated = 49
============================================================================
Evaluate Gen  263
New Population 82
Better than Dads 8
Best Ind: ( (1x + -4.0) + (1y + 6.0) )
Fitness = 0.150758768838
Worst Ind: ( (1x + -4.0) + (1y + 6.0) )
Fitness = 0.150758768838
Avg Fitness = 0.150758768838
Duplicated = 49
============================================================================
Evaluate Gen  264
New Population 77
Better than Dads 9
Best Ind: ( (1x + -4.0) + (1y + 6.0) )
Fitness = 0.150758768838
Worst Ind: ( (1x + -4.0) + (1y + 6.0) )
Fitness = 0.150758768838
Avg Fitness = 0.150758768838
Duplicated = 49
============================================================================
Evaluate Gen  265
New Population 75
Better than Dads 7
Best Ind: ( (1x + -4.0) + (1y + 6.0) )
Fitness = 0.150758768838
Worst Ind: ( (1x + -4.0) + (1y + 6.0) )
Fitness = 0.150758768838
Avg Fitness = 0.150758768838
Duplicated = 49
============================================================================
Evaluate Gen  266
New Population 77
Better than Dads 9
Best Ind: ( (1x + -4.0) + (1y + 6.0) )
Fitness = 0.150758768838
Worst Ind: ( (1x + -4.0) + (1y + 6.0) )
Fitness = 0.150758768838
Avg Fitness = 0.150758768838
Duplicated = 49
============================================================================
Evaluate Gen  267
New Population 77
Better than Dads 11
Best Ind: ( (1x + -4.0) + (1y + 6.0) )
Fitness = 0.150758768838
Worst Ind: ( (1x + -4.0) + (1y + 6.0) )
Fitness = 0.150758768838
Avg Fitness = 0.150758768838
Duplicated = 49
============================================================================
Evaluate Gen  268
New Population 81
Better than Dads 9
Best Ind: ( (1x + -4.0) + (1y + 6.0) )
Fitness = 0.150758768838
Worst Ind: ( (1x + -4.0) + (1y + 6.0) )
Fitness = 0.150758768838
Avg Fitness = 0.150758768838
Duplicated = 49
============================================================================
Evaluate Gen  269
New Population 81
Better than Dads 5
Best Ind: ( (1x + -4.0) + (1y + 6.0) )
Fitness = 0.150758768838
Worst Ind: ( (1x + -4.0) + (1y + 6.0) )
Fitness = 0.150758768838
Avg Fitness = 0.150758768838
Duplicated = 49
============================================================================
Evaluate Gen  270
New Population 72
Better than Dads 10
Best Ind: ( (1x + -4.0) + (1y + 6.0) )
Fitness = 0.150758768838
Worst Ind: ( (1x + -4.0) + (1y + 6.0) )
Fitness = 0.150758768838
Avg Fitness = 0.150758768838
Duplicated = 49
============================================================================
Evaluate Gen  271
New Population 82
Better than Dads 4
Best Ind: ( (1x + -4.0) + (1y + 6.0) )
Fitness = 0.150758768838
Worst Ind: ( (1x + -4.0) + (1y + 6.0) )
Fitness = 0.150758768838
Avg Fitness = 0.150758768838
Duplicated = 49
============================================================================
Evaluate Gen  272
New Population 72
Better than Dads 8
Best Ind: ( (1x + -4.0) + (1y + 6.0) )
Fitness = 0.150758768838
Worst Ind: ( (1x + -4.0) + (1y + 6.0) )
Fitness = 0.150758768838
Avg Fitness = 0.150758768838
Duplicated = 49
============================================================================
Evaluate Gen  273
New Population 88
Better than Dads 4
Best Ind: ( (1x + -4.0) + (1y + 6.0) )
Fitness = 0.150758768838
Worst Ind: ( (1x + -4.0) + (1y + 6.0) )
Fitness = 0.150758768838
Avg Fitness = 0.150758768838
Duplicated = 49
============================================================================
Evaluate Gen  274
New Population 79
Better than Dads 7
Best Ind: ( (1x + -4.0) + (1y + 6.0) )
Fitness = 0.150758768838
Worst Ind: ( (1x + -4.0) + (1y + 6.0) )
Fitness = 0.150758768838
Avg Fitness = 0.150758768838
Duplicated = 49
============================================================================
Evaluate Gen  275
New Population 73
Better than Dads 17
Best Ind: ( (1x + -4.0) + (1y + 6.0) )
Fitness = 0.150758768838
Worst Ind: ( (1x + -4.0) + (1y + 6.0) )
Fitness = 0.150758768838
Avg Fitness = 0.150758768838
Duplicated = 49
============================================================================
Evaluate Gen  276
New Population 84
Better than Dads 10
Best Ind: ( (1x + -4.0) + (1y + 6.0) )
Fitness = 0.150758768838
Worst Ind: ( (1x + -4.0) + (1y + 6.0) )
Fitness = 0.150758768838
Avg Fitness = 0.150758768838
Duplicated = 49
============================================================================
Evaluate Gen  277
New Population 75
Better than Dads 11
Best Ind: ( (1x + -4.0) + (1y + 6.0) )
Fitness = 0.150758768838
Worst Ind: ( (1x + -4.0) + (1y + 6.0) )
Fitness = 0.150758768838
Avg Fitness = 0.150758768838
Duplicated = 49
============================================================================
Evaluate Gen  278
New Population 75
Better than Dads 15
Best Ind: ( (1x + -4.0) + (1y + 6.0) )
Fitness = 0.150758768838
Worst Ind: ( (1x + -4.0) + (1y + 6.0) )
Fitness = 0.150758768838
Avg Fitness = 0.150758768838
Duplicated = 49
============================================================================
Evaluate Gen  279
New Population 78
Better than Dads 10
Best Ind: ( (1x + -4.0) + (1y + 6.0) )
Fitness = 0.150758768838
Worst Ind: ( (1x + -4.0) + (1y + 6.0) )
Fitness = 0.150758768838
Avg Fitness = 0.150758768838
Duplicated = 49
============================================================================
Evaluate Gen  280
New Population 79
Better than Dads 11
Best Ind: ( (1x + -4.0) + (1y + 6.0) )
Fitness = 0.150758768838
Worst Ind: ( (1x + -4.0) + (1y + 6.0) )
Fitness = 0.150758768838
Avg Fitness = 0.150758768838
Duplicated = 49
============================================================================
Evaluate Gen  281
New Population 78
Better than Dads 8
Best Ind: ( (1x + -4.0) + (1y + 6.0) )
Fitness = 0.150758768838
Worst Ind: ( (1x + -4.0) + (1y + 6.0) )
Fitness = 0.150758768838
Avg Fitness = 0.150758768838
Duplicated = 49
============================================================================
Evaluate Gen  282
New Population 78
Better than Dads 12
Best Ind: ( (1x + -4.0) + (1y + 6.0) )
Fitness = 0.150758768838
Worst Ind: ( (1x + -4.0) + (1y + 6.0) )
Fitness = 0.150758768838
Avg Fitness = 0.150758768838
Duplicated = 49
============================================================================
Evaluate Gen  283
New Population 82
Better than Dads 8
Best Ind: ( (1x + -4.0) + (1y + 6.0) )
Fitness = 0.150758768838
Worst Ind: ( (1x + -4.0) + (1y + 6.0) )
Fitness = 0.150758768838
Avg Fitness = 0.150758768838
Duplicated = 49
============================================================================
Evaluate Gen  284
New Population 78
Better than Dads 12
Best Ind: ( (1x + -4.0) + (1y + 6.0) )
Fitness = 0.150758768838
Worst Ind: ( (1x + -4.0) + (1y + 6.0) )
Fitness = 0.150758768838
Avg Fitness = 0.150758768838
Duplicated = 49
============================================================================
Evaluate Gen  285
New Population 77
Better than Dads 9
Best Ind: ( (1x + -4.0) + (1y + 6.0) )
Fitness = 0.150758768838
Worst Ind: ( (1x + -4.0) + (1y + 6.0) )
Fitness = 0.150758768838
Avg Fitness = 0.150758768838
Duplicated = 49
============================================================================
Evaluate Gen  286
New Population 79
Better than Dads 13
Best Ind: ( (1x + -4.0) + (1y + 6.0) )
Fitness = 0.150758768838
Worst Ind: ( (1x + -4.0) + (1y + 6.0) )
Fitness = 0.150758768838
Avg Fitness = 0.150758768838
Duplicated = 49
============================================================================
Evaluate Gen  287
New Population 83
Better than Dads 9
Best Ind: ( (1x + -4.0) + (1y + 6.0) )
Fitness = 0.150758768838
Worst Ind: ( (1x + -4.0) + (1y + 6.0) )
Fitness = 0.150758768838
Avg Fitness = 0.150758768838
Duplicated = 49
============================================================================
Evaluate Gen  288
New Population 75
Better than Dads 13
Best Ind: ( (1x + -4.0) + (1y + 6.0) )
Fitness = 0.150758768838
Worst Ind: ( (1x + -4.0) + (1y + 6.0) )
Fitness = 0.150758768838
Avg Fitness = 0.150758768838
Duplicated = 49
============================================================================
Evaluate Gen  289
New Population 72
Better than Dads 12
Best Ind: ( (1x + -4.0) + (1y + 6.0) )
Fitness = 0.150758768838
Worst Ind: ( (1x + -4.0) + (1y + 6.0) )
Fitness = 0.150758768838
Avg Fitness = 0.150758768838
Duplicated = 49
============================================================================
Evaluate Gen  290
New Population 77
Better than Dads 7
Best Ind: ( (1x + -4.0) + (1y + 6.0) )
Fitness = 0.150758768838
Worst Ind: ( (1x + -4.0) + (1y + 6.0) )
Fitness = 0.150758768838
Avg Fitness = 0.150758768838
Duplicated = 49
============================================================================
Evaluate Gen  291
New Population 79
Better than Dads 9
Best Ind: ( (1x + -4.0) + (1y + 6.0) )
Fitness = 0.150758768838
Worst Ind: ( (1x + -4.0) + (1y + 6.0) )
Fitness = 0.150758768838
Avg Fitness = 0.150758768838
Duplicated = 49
============================================================================
Evaluate Gen  292
New Population 73
Better than Dads 11
Best Ind: ( (1x + -4.0) + (1y + 6.0) )
Fitness = 0.150758768838
Worst Ind: ( (1x + -4.0) + (1y + 6.0) )
Fitness = 0.150758768838
Avg Fitness = 0.150758768838
Duplicated = 49
============================================================================
Evaluate Gen  293
New Population 81
Better than Dads 9
Best Ind: ( (1x + -4.0) + (1y + 6.0) )
Fitness = 0.150758768838
Worst Ind: ( (1x + -4.0) + (1y + 6.0) )
Fitness = 0.150758768838
Avg Fitness = 0.150758768838
Duplicated = 49
============================================================================
Evaluate Gen  294
New Population 80
Better than Dads 8
Best Ind: ( (1x + -4.0) + (1y + 6.0) )
Fitness = 0.150758768838
Worst Ind: ( (1x + -4.0) + (1y + 6.0) )
Fitness = 0.150758768838
Avg Fitness = 0.150758768838
Duplicated = 49
============================================================================
Evaluate Gen  295
New Population 75
Better than Dads 11
Best Ind: ( (1x + -4.0) + (1y + 6.0) )
Fitness = 0.150758768838
Worst Ind: ( (1x + -4.0) + (1y + 6.0) )
Fitness = 0.150758768838
Avg Fitness = 0.150758768838
Duplicated = 49
============================================================================
Evaluate Gen  296
New Population 72
Better than Dads 14
Best Ind: ( (1x + -4.0) + (1y + 6.0) )
Fitness = 0.150758768838
Worst Ind: ( (1x + -4.0) + (1y + 6.0) )
Fitness = 0.150758768838
Avg Fitness = 0.150758768838
Duplicated = 49
============================================================================
Evaluate Gen  297
New Population 77
Better than Dads 9
Best Ind: ( (1x + -4.0) + (1y + 6.0) )
Fitness = 0.150758768838
Worst Ind: ( (1x + -4.0) + (1y + 6.0) )
Fitness = 0.150758768838
Avg Fitness = 0.150758768838
Duplicated = 49
============================================================================
Evaluate Gen  298
New Population 77
Better than Dads 7
Best Ind: ( (1x + -4.0) + (1y + 6.0) )
Fitness = 0.150758768838
Worst Ind: ( (1x + -4.0) + (1y + 6.0) )
Fitness = 0.150758768838
Avg Fitness = 0.150758768838
Duplicated = 49
============================================================================
Evaluate Gen  299
New Population 75
Better than Dads 7
Best Ind: ( (1x + -4.0) + (1y + 6.0) )
Fitness = 0.150758768838
Worst Ind: ( (1x + -4.0) + (1y + 6.0) )
Fitness = 0.150758768838
Avg Fitness = 0.150758768838
Duplicated = 49
============================================================================
Evaluate Gen  300
New Population 72
Better than Dads 14
Best Ind: ( (1x + -4.0) + (1y + 6.0) )
Fitness = 0.150758768838
Worst Ind: ( (1x + -4.0) + (1y + 6.0) )
Fitness = 0.150758768838
Avg Fitness = 0.150758768838
Duplicated = 49
