dataset_file= dataset/SR_circle.txt
population= 100
generations= 50
tournament_size= 2
cross_over= 0.9
mutation= 0.05
elitism= True
(50, 2)
============================================================================
Build initial population
ind: 1
( (2x + 7.0) * (5y + 4.0) )
Fitness 0.765659298801
ind: 2
( ( (3y + 1.0) + ( ( (5x + 10.0)^2  )^2  ) )^2  )
Fitness 3543.66098766
ind: 3
( (10x + 2.0) * (10y + -10.0) )
Fitness 1.14088708539
ind: 4
( ( 10.0^2  ) * ( ( ( ( 9.0 + (7y + -9.0) )^2  ) + ( ( ( 9.0 * 6.0 ) * ( 1.0^2  ) ) * ( ( 1.0 + (10x + -3.0) )^2  ) ) ) + 1.0 ) )
Fitness 76.7005866992
ind: 5
( ( ( ( 8.0 + (9y + 0.0) ) + (6x + 10.0) ) + (2y + 10.0) ) * 8.0 )
Fitness 2.11187120819
ind: 6
( ( 5.0 + ( ( ( (4x + 0.0) + ( 2.0 * 8.0 ) ) + ( 2.0 * ( 8.0 * (5x + -10.0) ) ) ) + ( (4y + 1.0)^2  ) ) ) * (2x + -5.0) )
Fitness 3.82883794382
ind: 7
( ( ( 6.0 + 5.0 ) + ( ( ( ( (6y + -5.0)^2  ) + (10x + 8.0) ) * ( ( 4.0^2  ) + ( 7.0 + (7y + 2.0) ) ) ) + ( ( (7y + 10.0)^2  ) * ( (9y + -7.0) + ( (3x + -6.0)^2  ) ) ) ) ) + ( 10.0^2  ) )
Fitness 10.8817507783
ind: 8
( ( ( (3y + 2.0)^2  ) + ( 4.0^2  ) ) * (6x + -1.0) )
Fitness 1.33754025445
ind: 9
( (2y + -10.0) * ( 3.0 * ( ( ( 7.0 * ( 1.0 + 8.0 ) ) * 9.0 ) * ( (9x + -4.0) + ( 1.0 + 3.0 ) ) ) ) )
Fitness 44.1643015769
ind: 10
( ( ( ( ( (2x + 8.0) + ( 3.0^2  ) )^2  )^2  ) * 3.0 ) * ( ( (8y + -8.0) + 3.0 )^2  ) )
Fitness 542.389085436
ind: 11
( ( ( (2y + -6.0) * (7x + -8.0) ) + ( 1.0 + 5.0 ) )^2  )
Fitness 8.88763185556
ind: 12
( ( ( ( ( ( 3.0 * (3x + -7.0) )^2  ) * 7.0 ) + (5x + 5.0) ) + ( (7x + -4.0) + ( (8x + -1.0) + (8y + -6.0) ) ) ) * ( 8.0 + ( (1y + 9.0)^2  ) ) )
Fitness 77.6044940709
ind: 13
( ( ( 9.0 * ( ( ( 1.0^2  ) * ( (9y + 0.0)^2  ) )^2  ) ) * (7x + 6.0) ) + ( (1y + -5.0) * ( 10.0 + ( ( ( 9.0^2  )^2  )^2  ) ) ) )
Fitness 2074.13015864
ind: 14
( ( 8.0 * ( ( ( (3y + 5.0) * ( (3x + 8.0) * 9.0 ) ) + ( (8y + 2.0) + ( 9.0^2  ) ) ) + (1y + -10.0) ) ) * 10.0 )
Fitness 26.320714276
ind: 15
( ( ( (6y + -8.0)^2  ) + ( ( 9.0 * 9.0 ) * (4x + -6.0) ) ) * ( ( ( ( (1y + -6.0) + ( 5.0 * 3.0 ) ) + ( (3x + -5.0) * (8x + 9.0) ) ) + 3.0 ) + ( ( 5.0 + ( 8.0 + ( (10y + -2.0) * 8.0 ) ) ) * 4.0 ) ) )
Fitness 39.785955348
ind: 16
( (1y + 1.0) + ( (3y + -4.0) + ( (7x + -10.0) + ( ( 7.0 * (10x + -4.0) ) + (7x + -9.0) ) ) ) )
Fitness 1.12883177324
ind: 17
( ( (8y + -5.0)^2  ) + ( ( (6y + 6.0) + ( ( ( 6.0 * (4x + -2.0) ) + 3.0 )^2  ) )^2  ) )
Fitness 74.2270840058
ind: 18
( ( (4y + -6.0)^2  ) * ( (4x + 3.0)^2  ) )
Fitness 3.7817077996
ind: 19
( ( ( (10x + 9.0) + ( ( 7.0 * ( (3x + -3.0)^2  ) )^2  ) ) + 4.0 ) * (10y + -8.0) )
Fitness 53.3350256757
ind: 20
( ( 1.0 + ( ( ( ( (5y + -2.0) * 9.0 ) + 4.0 ) + 9.0 )^2  ) ) * ( ( ( 4.0 * (9y + 10.0) ) + ( ( (1x + -10.0) * 4.0 ) * ( 5.0 + ( 10.0^2  ) ) ) ) * 5.0 ) )
Fitness 657.895143621
ind: 21
( ( ( ( ( ( (3x + 8.0) + (5x + -4.0) )^2  ) + ( ( (2y + 0.0) + 2.0 ) * 1.0 ) ) * 1.0 ) * 1.0 ) + 6.0 )
Fitness 1.04880884817
ind: 22
( ( 1.0 + ( ( (7x + 9.0) * 4.0 ) * ( 5.0 * (4y + 10.0) ) ) ) + ( ( (7x + -2.0)^2  )^2  ) )
Fitness 8.12942187366
ind: 23
( ( ( ( ( 6.0 * ( (5x + 6.0) * 6.0 ) ) * 8.0 ) + ( (7y + -3.0) + ( (7x + 10.0) * 1.0 ) ) )^2  ) * (5y + 8.0) )
Fitness 806.448460845
ind: 24
( ( ( ( ( ( (3y + -6.0)^2  ) * ( 10.0 + (9y + -3.0) ) ) + ( ( (7x + -1.0) + (10y + 2.0) ) * ( (8y + 1.0) + (10y + -7.0) ) ) ) * (8y + 6.0) ) * ( ( ( (5x + -10.0) + ( 9.0^2  ) )^2  ) * ( 1.0 + (7x + 7.0) ) ) ) * 10.0 )
Fitness 3733.86781131
ind: 25
( ( ( 3.0^2  ) + ( ( ( 1.0 * ( (8y + 9.0)^2  ) )^2  )^2  ) ) * ( ( (5x + 6.0)^2  ) + ( (3x + -10.0) * (10x + 5.0) ) ) )
Fitness 19674.7187835
ind: 26
( ( 1.0 * (2y + 7.0) ) + ( ( ( ( ( 2.0^2  ) + ( 9.0 + (7x + -1.0) ) ) * ( 8.0^2  ) ) + 3.0 ) * 10.0 ) )
Fitness 12.4225601226
ind: 27
( ( (10y + 5.0) + ( 4.0 + (5x + 4.0) ) )^2  )
Fitness 2.14709105536
ind: 28
( ( ( 1.0^2  ) * (7y + -10.0) ) + (3x + 1.0) )
Fitness 0.4472135955
ind: 29
( ( ( (3y + 3.0)^2  ) * ( ( ( 8.0 + ( 8.0^2  ) ) + (8x + 4.0) )^2  ) ) + ( ( ( 1.0 + ( (7y + 3.0) * 10.0 ) ) + (6y + 2.0) ) * 2.0 ) )
Fitness 39.6013532985
ind: 30
( (8y + -6.0) + ( ( 2.0 + ( (2x + -7.0) + ( (6x + -1.0) + ( (10x + 0.0)^2  ) ) ) ) * 2.0 ) )
Fitness 1.31477048279
ind: 31
( ( (1x + 3.0) + ( (10x + 1.0) * ( ( (9y + 10.0) + 7.0 )^2  ) ) )^2  )
Fitness 350.257551667
ind: 32
( (6y + -9.0) * (1x + -3.0) )
Fitness 0.721110255093
ind: 33
( (10x + 1.0) + (2y + 6.0) )
Fitness 0.391105487709
ind: 34
( ( (2x + 8.0)^2  ) + ( ( (10y + -4.0) * ( ( 2.0^2  ) + ( 7.0 * ( 9.0^2  ) ) ) )^2  ) )
Fitness 656.030045044
ind: 35
( ( ( 1.0 * (6y + 8.0) )^2  ) + ( ( ( 5.0^2  ) * ( ( ( (10y + -9.0)^2  ) * ( (2y + -1.0) + (6y + 0.0) ) ) + ( ( (4x + -8.0) * (2x + 9.0) )^2  ) ) )^2  ) )
Fitness 15994.8128817
ind: 36
( ( ( ( 7.0^2  )^2  ) + ( 2.0 * ( ( (2y + 7.0) * (6x + 7.0) )^2  ) ) )^2  )
Fitness 1608.18770049
ind: 37
( 8.0 * ( (10x + -9.0) + ( ( ( 1.0 + (5y + -10.0) )^2  ) + 2.0 ) ) )
Fitness 3.71752605909
ind: 38
( ( ( (3x + 10.0) + ( ( ( (5x + -2.0) + (3x + 2.0) ) * ( 2.0 * 2.0 ) ) * ( ( (6y + 9.0) * 1.0 ) * ( 10.0 * (6y + -2.0) ) ) ) ) + (10y + 8.0) ) * (8y + 8.0) )
Fitness 28.3499236897
ind: 39
( ( 3.0 * ( ( 7.0 + 5.0 ) + ( ( ( 7.0 + (3x + -2.0) ) * ( 9.0 * (10x + -6.0) ) ) + (8x + 2.0) ) ) ) + ( 1.0 * (1y + 3.0) ) )
Fitness 3.80784042328
ind: 40
( (4y + -5.0) * ( ( 5.0 + 6.0 ) * ( 7.0 * (1x + 3.0) ) ) )
Fitness 4.80832611207
ind: 41
( ( ( ( ( ( (5y + 7.0) + (2y + -6.0) ) * ( 1.0 * 3.0 ) )^2  ) * ( (2y + 0.0) + ( (4x + -5.0) + ( (3x + 3.0)^2  ) ) ) ) + 7.0 ) + (10x + 8.0) )
Fitness 6.87099931412
ind: 42
( (2y + 10.0) + (2x + -1.0) )
Fitness 0.4
ind: 43
( ( (2y + -5.0) * ( (7y + -3.0)^2  ) ) + ( ( ( 1.0 + (4x + 7.0) ) * (2x + 1.0) ) * 6.0 ) )
Fitness 2.06773781529
ind: 44
( ( (6y + 9.0) * 3.0 ) + (9x + 5.0) )
Fitness 0.787400787401
ind: 45
( ( ( 4.0 + ( ( ( (6x + -2.0) + (4y + 2.0) )^2  ) + 9.0 ) ) * ( ( ( ( 10.0^2  ) + (5y + 1.0) )^2  ) * (7x + 1.0) ) ) + ( 2.0 * 9.0 ) )
Fitness 197.493501914
ind: 46
( 6.0 + ( ( ( 4.0 + ( (9x + 2.0)^2  ) ) * ( 1.0^2  ) ) + ( ( ( 1.0 * ( 5.0^2  ) )^2  ) * ( (9y + 3.0) * 5.0 ) ) ) )
Fitness 19.4592437524
ind: 47
( ( (5y + 7.0)^2  ) * (1x + -5.0) )
Fitness 2.48394846967
ind: 48
( ( (2x + -1.0) + (4x + -8.0) ) * (5y + -2.0) )
Fitness 0.783793821603
ind: 49
( ( ( 5.0 + (4x + -10.0) ) * 10.0 ) + ( ( (5y + -5.0)^2  ) + ( ( ( ( 5.0 * 7.0 ) * (9x + -5.0) ) * ( 4.0^2  ) ) + 4.0 ) ) )
Fitness 8.64651625176
ind: 50
( ( ( 10.0 + (10x + -7.0) ) * (10y + 7.0) ) + ( (7y + 6.0) * ( (6x + 10.0) + ( ( (6x + 2.0) + ( 8.0 + 8.0 ) ) + (2x + -1.0) ) ) ) )
Fitness 1.95636865512
ind: 51
( ( 7.0 * (9y + 2.0) ) * ( (8x + 4.0)^2  ) )
Fitness 5.61490098017
ind: 52
( ( ( (8x + -8.0) * (10y + -10.0) ) + ( ( ( ( (4x + 6.0) + (3y + -9.0) ) * ( 2.0^2  ) ) * (4x + 7.0) ) * ( ( 5.0 * ( 4.0^2  ) ) * ( 6.0 * 2.0 ) ) ) ) + ( (3x + 5.0) + (9y + -3.0) ) )
Fitness 39.8676513932
ind: 53
( 7.0 * ( (8y + -5.0) * ( ( (7y + -10.0)^2  ) + ( 7.0 * (5x + -3.0) ) ) ) )
Fitness 12.3052268855
ind: 54
( ( 10.0 + ( (10y + 9.0) * ( ( 2.0^2  ) + ( 7.0 + (9y + -10.0) ) ) ) ) + ( ( 10.0 + ( 6.0^2  ) ) * ( ( ( (1x + -10.0)^2  ) * ( ( (1x + 0.0)^2  ) * 8.0 ) )^2  ) ) )
Fitness 481.515690295
ind: 55
( ( (8x + -6.0) + ( ( ( ( 6.0^2  ) + ( 1.0^2  ) ) * ( (9y + -3.0) * ( (6y + -10.0) * (5y + -3.0) ) ) ) + ( 4.0^2  ) ) )^2  )
Fitness 3651.38626483
ind: 56
( (4x + -7.0) * ( (2y + 8.0)^2  ) )
Fitness 3.04302481094
ind: 57
( ( ( 6.0^2  ) + ( (9y + 7.0) * ( ( 2.0 * ( (2y + 8.0) + 7.0 ) ) + ( 1.0^2  ) ) ) ) + ( ( 6.0 * ( ( 3.0^2  ) + ( ( (7y + 3.0)^2  ) + (9x + -9.0) ) ) )^2  ) )
Fitness 41.1547081146
ind: 58
( (3y + 2.0) + ( (5x + 0.0) + ( ( 1.0 * ( ( (6x + -6.0)^2  ) + 7.0 ) )^2  ) ) )
Fitness 11.3806853924
ind: 59
( ( 5.0 * ( (5y + 10.0) + ( ( ( 6.0 * (4y + 7.0) )^2  )^2  ) ) ) * ( ( (1y + -2.0) * (8x + 9.0) )^2  ) )
Fitness 11425.2658035
ind: 60
( (10x + 5.0) + ( ( ( 3.0 * ( 4.0 * 8.0 ) ) * 8.0 ) + ( ( ( (1y + -8.0) * ( (3y + -4.0)^2  ) ) * ( (9y + 6.0) + ( (6y + -2.0) + (4x + 0.0) ) ) ) * (5y + -4.0) ) ) )
Fitness 14.3265813295
ind: 61
( ( 4.0 * 9.0 ) * ( (9x + -6.0) * ( ( (4x + 8.0) + 10.0 ) + (10y + -6.0) ) ) )
Fitness 7.13342797482
ind: 62
( ( ( ( ( ( (3y + -2.0) * (8y + -5.0) ) + (2x + -10.0) )^2  ) * ( ( ( (9y + 0.0)^2  )^2  ) + 2.0 ) )^2  )^2  )
Fitness 1.53249723044e+13
ind: 63
( ( 6.0 * (6x + -1.0) ) + ( ( ( ( ( 2.0^2  ) * ( (2y + -3.0)^2  ) ) + 4.0 )^2  ) + (5x + 10.0) ) )
Fitness 8.3558362837
ind: 64
( ( 5.0 + ( 8.0 * ( ( (2y + -3.0) + 1.0 )^2  ) ) ) * ( ( ( (4y + -7.0) + (3x + -2.0) ) * (8x + -10.0) )^2  ) )
Fitness 149.886690537
ind: 65
( (1x + -5.0) + (2y + 0.0) )
Fitness 0.346410161514
ind: 66
( (6x + -1.0) + ( ( ( ( (10y + -2.0) + (9y + -4.0) )^2  )^2  ) + 5.0 ) )
Fitness 42.2273479701
ind: 67
( ( (1x + 6.0)^2  ) + ( ( ( ( ( (3x + -3.0) * (2y + 5.0) ) + ( 6.0 + 2.0 ) )^2  )^2  )^2  ) )
Fitness 22449.9071225
ind: 68
( (4y + 0.0) + ( 8.0 * ( (2x + 1.0) * (10x + 1.0) ) ) )
Fitness 1.33102098999
ind: 69
( (5y + -7.0) + ( 7.0 * ( ( ( 3.0 + ( (9x + -1.0) * 4.0 ) ) * ( ( (10y + -4.0) * 2.0 ) + ( 10.0 + (4x + 6.0) ) ) ) + (9x + 5.0) ) ) )
Fitness 6.209540333
ind: 70
( (4x + 4.0) + ( ( (3x + -1.0) + ( 10.0 * ( (8y + 7.0) * ( 1.0 + (4x + 0.0) ) ) ) ) * 4.0 ) )
Fitness 3.88446947919
ind: 71
( ( (6y + -2.0)^2  ) + ( (5y + -3.0) * (8x + 6.0) ) )
Fitness 0.662979283855
ind: 72
( ( ( ( 6.0^2  ) * ( (9y + 1.0) + ( ( (8y + -1.0) + (8y + 10.0) )^2  ) ) ) + ( (5x + -3.0)^2  ) ) + ( ( ( ( 6.0^2  ) * (1x + 4.0) )^2  )^2  ) )
Fitness 3197.62630869
ind: 73
( ( ( ( (10y + -1.0) * ( 1.0 + ( 10.0 * 10.0 ) ) ) * 5.0 ) * ( ( (1x + -10.0) + ( 6.0 + ( 5.0 * (1y + -2.0) ) ) ) + 1.0 ) ) + ( (6x + 4.0) + ( ( 2.0 + ( ( (10y + -3.0) + 7.0 ) + (6y + 1.0) ) ) * 7.0 ) ) )
Fitness 29.5086076352
ind: 74
( ( (7x + 1.0) + (2y + 10.0) )^2  )
Fitness 1.71172427686
ind: 75
( ( ( ( (1y + -3.0) * ( ( (1x + 1.0) + (10y + -5.0) ) + 6.0 ) ) + ( (2y + -4.0)^2  ) ) * ( (10x + -6.0) + ( (2y + 8.0) * ( ( 8.0^2  )^2  ) ) ) ) * ( ( 8.0 * ( 5.0 + ( (9y + 8.0)^2  ) ) )^2  ) )
Fitness 138943.37242
ind: 76
( ( ( ( ( ( 3.0 + 3.0 )^2  )^2  ) * (6x + -6.0) )^2  ) + ( 2.0 + ( (10y + 4.0)^2  ) ) )
Fitness 1346.84320543
ind: 77
( ( ( ( 2.0 * 7.0 ) * ( ( ( (4y + 8.0)^2  ) * ( 7.0^2  ) ) * ( ( (8y + -4.0) * 2.0 )^2  ) ) ) * (6x + -6.0) )^2  )
Fitness 4830940.48545
ind: 78
( (3x + -10.0) + ( ( (7x + 1.0) + ( ( ( (9y + 0.0) + 5.0 ) * 6.0 ) * ( ( 8.0 + (2x + -2.0) )^2  ) ) ) * ( ( (10x + 9.0)^2  ) * ( 3.0 + ( ( 6.0 * 9.0 ) + ( 10.0^2  ) ) ) ) ) )
Fitness 900.913973689
ind: 79
( ( ( ( ( (4y + 9.0)^2  ) * ( 1.0^2  ) ) + (7x + 1.0) ) * ( ( 3.0 + ( ( 4.0 + (4y + 0.0) ) + (9y + -4.0) ) )^2  ) )^2  )
Fitness 2638.46708455
ind: 80
( ( ( ( ( 6.0^2  ) + (5x + 4.0) ) + ( 5.0 + ( ( (5x + -9.0) + (8x + 5.0) ) * ( 6.0 * (7y + -3.0) ) ) ) ) * (6y + 4.0) ) + ( 5.0 + ( ( (6x + -4.0) + ( (8x + -1.0) * ( 3.0 * 7.0 ) ) ) * ( ( 5.0 + ( 3.0^2  ) ) + 7.0 ) ) ) )
Fitness 7.06986189871
ind: 81
( ( (1x + -10.0) * ( ( (3x + 10.0) + ( 7.0^2  ) ) + ( ( ( 7.0^2  ) + (5y + 3.0) ) + ( (3x + -4.0) * (5x + 2.0) ) ) ) )^2  )
Fitness 158.924734544
ind: 82
( ( (3x + -9.0)^2  ) + (8y + 8.0) )
Fitness 1.36014705087
ind: 83
( ( (5x + -2.0) + ( ( ( ( (7y + 5.0) * (10x + -10.0) )^2  ) * 9.0 ) + ( ( 7.0 + (8x + 3.0) ) + 3.0 ) ) )^2  )
Fitness 15187.810187
ind: 84
( (5y + 5.0) * ( ( (9x + -2.0) + ( ( 1.0 + ( 6.0 * 4.0 ) )^2  ) ) + ( ( ( ( 4.0 + (1y + 4.0) ) + ( (9x + -5.0)^2  ) ) + (4y + -5.0) ) * (7y + -3.0) ) ) )
Fitness 8.04300153821
ind: 85
( ( ( ( ( (7y + 10.0) + ( (3x + -1.0) + (8x + 5.0) ) ) + ( ( (9y + -6.0)^2  )^2  ) ) * (2y + -1.0) )^2  )^2  )
Fitness 1096543918.9
ind: 86
( ( (5x + 0.0)^2  ) * ( ( ( ( (7y + -3.0) + ( 2.0 + (9x + 8.0) ) )^2  ) + 2.0 )^2  ) )
Fitness 89.0679838744
ind: 87
( ( ( ( (9x + -7.0) * (2y + -9.0) ) + ( ( (6x + -5.0) * ( (1x + 0.0) * 8.0 ) ) + 3.0 ) )^2  ) + ( 8.0 * 8.0 ) )
Fitness 17.8381613402
ind: 88
( (2y + -10.0) + ( (3y + 8.0) * ( ( 9.0 * ( 10.0^2  ) ) + ( 2.0 + ( (10x + 9.0) * 2.0 ) ) ) ) )
Fitness 12.1235308388
ind: 89
( (10x + 6.0) * ( ( 10.0 * ( (2y + 6.0) + 3.0 ) ) * ( 6.0^2  ) ) )
Fitness 22.1240855805
ind: 90
( ( (5x + -2.0) * (6x + -10.0) ) * ( (4x + -9.0) + (6y + 0.0) ) )
Fitness 3.09026209368
ind: 91
( ( (8x + -8.0) + (9y + 4.0) ) + 3.0 )
Fitness 0.394265740106
ind: 92
( ( ( 4.0 + ( ( (7y + -8.0) + (1x + 0.0) ) * ( 8.0^2  ) ) ) + ( 8.0^2  ) ) + (7x + -8.0) )
Fitness 3.0100323934
ind: 93
( ( (1y + -4.0) * ( 2.0 * (3x + -3.0) ) )^2  )
Fitness 4.20868500709
ind: 94
( (8y + 5.0) * ( ( ( (5x + -8.0)^2  ) + ( 4.0 + ( ( 3.0 + (1x + -3.0) ) * ( (7y + -4.0) * (4y + -9.0) ) ) ) ) + ( (7x + -5.0)^2  ) ) )
Fitness 3.91451655796
ind: 95
( ( ( ( ( 9.0 * (3x + -3.0) ) + ( 8.0 + ( 2.0 * 4.0 ) ) )^2  ) + 10.0 ) + ( ( 4.0 * ( (9y + 5.0) + (9x + 0.0) ) ) * (2x + 1.0) ) )
Fitness 3.31813200461
ind: 96
( ( ( (3x + 6.0) + 5.0 ) + ( ( 4.0^2  ) * ( (7y + 9.0) + (10x + -4.0) ) ) )^2  )
Fitness 23.5951266155
ind: 97
( ( ( 2.0 * ( (2y + -8.0) * (9x + -5.0) ) ) * ( (6y + -6.0) * ( ( ( (5x + -10.0) + 1.0 ) * (8y + 0.0) ) * (4x + 1.0) ) ) ) + ( ( ( ( ( 1.0 + (2x + 2.0) ) * 3.0 ) + ( ( (6x + 4.0) + (3x + 5.0) ) + ( 7.0 + (1y + 5.0) ) ) ) + ( (6x + -1.0)^2  ) ) * ( 3.0 * (5x + 2.0) ) ) )
Fitness 34.00962521
ind: 98
( ( ( ( (3y + 10.0)^2  )^2  ) * ( 8.0^2  ) ) * ( ( ( ( 3.0 + (2y + 9.0) ) + ( ( 4.0^2  ) + ( 1.0^2  ) ) ) + 10.0 ) * ( (9x + -10.0)^2  ) ) )
Fitness 9406.49749375
ind: 99
( (8y + 10.0) + ( (5x + 4.0) * (1y + -7.0) ) )
Fitness 0.725892817341
ind: 100
( 4.0 + ( ( ( ( ( (8x + 4.0) + (7x + -2.0) ) + ( (9y + 8.0)^2  ) )^2  )^2  )^2  ) )
Fitness 376638287.616
Best Ind: ( (1x + -5.0) + (2y + 0.0) )
Fitness = 0.346410161514
Worst Ind: ( ( ( ( ( ( (3y + -2.0) * (8y + -5.0) ) + (2x + -10.0) )^2  ) * ( ( ( (9y + 0.0)^2  )^2  ) + 2.0 ) )^2  )^2  )
Fitness = 1.53249723044e+13
Avg Fitness = 1.53264505784e+11
Duplicated = 0
============================================================================
Evaluate Gen  1
New Population 160
Better than Dads 27
Best Ind: ( (1x + -5.0) + (2y + 0.0) )
Fitness = 0.346410161514
Worst Ind: ( ( ( (3y + 3.0)^2  ) * ( ( ( 8.0 + ( 8.0^2  ) ) + (8x + 4.0) )^2  ) ) + ( ( ( (7y + -3.0) + ( 2.0 + (9x + 8.0) ) )^2  ) * 2.0 ) )
Fitness = 39.6391252877
Avg Fitness = 8.1001958661
Duplicated = 3
============================================================================
Evaluate Gen  2
New Population 160
Better than Dads 26
Best Ind: ( (1x + -5.0) + (2y + 0.0) )
Fitness = 0.346410161514
Worst Ind: ( ( ( ( ( 6.0^2  ) + (5x + 4.0) ) + ( (9x + -6.0) + ( ( (5x + -9.0) + (8x + 5.0) ) * ( 6.0 * (7y + -3.0) ) ) ) ) * (6y + 4.0) ) + ( 5.0 + ( ( (6x + -4.0) + ( (8x + -1.0) * ( 3.0 * 7.0 ) ) ) * ( ( 5.0 + ( 3.0^2  ) ) + 7.0 ) ) ) )
Fitness = 7.1059333407
Avg Fitness = 2.86575522908
Duplicated = 8
============================================================================
Evaluate Gen  3
New Population 156
Better than Dads 26
Best Ind: ( (5x + -9.0) + (2y + 6.0) )
Fitness = 0.29754687697
Worst Ind: ( ( (4y + -6.0)^2  ) * ( (4x + 3.0)^2  ) )
Fitness = 3.7817077996
Avg Fitness = 1.57387839252
Duplicated = 5
============================================================================
Evaluate Gen  4
New Population 161
Better than Dads 29
Best Ind: ( (1y + 1.0) + (2x + 1.0) )
Fitness = 0.177117256026
Worst Ind: ( (8y + -6.0) + ( ( ( ( (2y + -6.0) * (7x + -8.0) ) + ( 1.0 + 5.0 ) ) + ( (2x + -7.0) + ( (6x + -1.0) + ( (10x + 0.0)^2  ) ) ) ) * 2.0 ) )
Fitness = 1.92353840617
Avg Fitness = 1.02140824549
Duplicated = 6
============================================================================
Evaluate Gen  5
New Population 161
Better than Dads 32
Best Ind: ( (1y + 1.0) + (2x + 1.0) )
Fitness = 0.177117256026
Worst Ind: ( 8.0 * ( (10x + -9.0) + ( (4y + 0.0) + ( (3y + -4.0) * (6x + -1.0) ) ) ) )
Fitness = 1.29236956642
Avg Fitness = 0.765516775881
Duplicated = 4
============================================================================
Evaluate Gen  6
New Population 162
Better than Dads 35
Best Ind: ( (1y + 1.0) + (2x + 1.0) )
Fitness = 0.177117256026
Worst Ind: ( ( 3.0 * ( ( 7.0 + ( (8x + -8.0) + (9y + 4.0) ) ) + ( ( 1.0^2  ) * (10x + -4.0) ) ) ) + ( 1.0 * (1y + 3.0) ) )
Fitness = 0.880205860309
Avg Fitness = 0.617397393568
Duplicated = 7
============================================================================
Evaluate Gen  7
New Population 168
Better than Dads 40
Best Ind: ( (1y + 1.0) + (2x + 1.0) )
Fitness = 0.177117256026
Worst Ind: ( (5x + 4.0) + ( (5x + 4.0) * (1y + -7.0) ) )
Fitness = 0.724434599782
Avg Fitness = 0.524895194473
Duplicated = 5
============================================================================
Evaluate Gen  8
New Population 162
Better than Dads 29
Best Ind: ( (1y + 1.0) + (2x + 1.0) )
Fitness = 0.177117256026
Worst Ind: ( (2x + -1.0) + ( ( ( (3y + 2.0)^2  ) + ( 4.0^2  ) ) + (1x + -5.0) ) )
Fitness = 0.59160797831
Avg Fitness = 0.458966207517
Duplicated = 9
============================================================================
Evaluate Gen  9
New Population 167
Better than Dads 41
Best Ind: ( (1y + 1.0) + (2x + 1.0) )
Fitness = 0.177117256026
Worst Ind: ( ( (10y + 5.0) + (7x + 7.0) ) + (3x + 1.0) )
Fitness = 0.500098584111
Avg Fitness = 0.421546698842
Duplicated = 17
============================================================================
Evaluate Gen  10
New Population 162
Better than Dads 32
Best Ind: ( ( ( 1.0^2  ) * ( (1y + -7.0) + 7.0 ) ) * (3x + 1.0) )
Fitness = 0.163458845199
Worst Ind: ( (3x + 1.0) + ( (5x + 0.0) + ( ( 1.0^2  ) * (7y + -10.0) ) ) )
Fitness = 0.449264215225
Avg Fitness = 0.38654687167
Duplicated = 17
============================================================================
Evaluate Gen  11
New Population 167
Better than Dads 39
Best Ind: ( ( ( 1.0^2  ) * ( (1y + -7.0) + 7.0 ) ) * (3x + 1.0) )
Fitness = 0.163458845199
Worst Ind: ( (1y + 1.0) + ( ( (8x + -8.0) + (5x + 4.0) ) + (2y + 6.0) ) )
Fitness = 0.414478066562
Avg Fitness = 0.357349423529
Duplicated = 27
============================================================================
Evaluate Gen  12
New Population 161
Better than Dads 38
Best Ind: ( ( ( 1.0^2  ) * ( (1y + -7.0) + 7.0 ) ) * (3x + 1.0) )
Fitness = 0.163458845199
Worst Ind: ( (2y + 10.0) + (2x + -1.0) )
Fitness = 0.4
Avg Fitness = 0.343738443298
Duplicated = 27
============================================================================
Evaluate Gen  13
New Population 166
Better than Dads 37
Best Ind: ( ( ( 1.0^2  ) * ( (1y + -7.0) + 7.0 ) ) * (3x + 1.0) )
Fitness = 0.163458845199
Worst Ind: ( (2y + -1.0) + (1x + -5.0) )
Fitness = 0.374165738677
Avg Fitness = 0.316497597149
Duplicated = 34
============================================================================
Evaluate Gen  14
New Population 147
Better than Dads 25
Best Ind: ( ( ( 1.0^2  ) * ( (1y + -7.0) + 7.0 ) ) * (3x + 1.0) )
Fitness = 0.163458845199
Worst Ind: ( (2y + 0.0) + (9x + 5.0) )
Fitness = 0.358659127569
Avg Fitness = 0.300568411233
Duplicated = 26
============================================================================
Evaluate Gen  15
New Population 167
Better than Dads 30
Best Ind: ( ( ( 1.0^2  ) * ( (1y + -7.0) + 7.0 ) ) * (3x + 1.0) )
Fitness = 0.163458845199
Worst Ind: ( ( (6y + 0.0) + (1x + -5.0) ) + (3x + 1.0) )
Fitness = 0.33905316997
Avg Fitness = 0.276007958698
Duplicated = 25
============================================================================
Evaluate Gen  16
New Population 166
Better than Dads 39
Best Ind: ( ( ( 1.0^2  ) * ( (1y + -7.0) + 7.0 ) ) * (3x + 1.0) )
Fitness = 0.163458845199
Worst Ind: ( (1y + 1.0) + (1x + -5.0) )
Fitness = 0.316227766017
Avg Fitness = 0.255091935448
Duplicated = 33
============================================================================
Evaluate Gen  17
New Population 160
Better than Dads 42
Best Ind: ( ( ( 1.0^2  ) * ( (1y + -7.0) + 7.0 ) ) * (3x + 1.0) )
Fitness = 0.163458845199
Worst Ind: ( (2x + -1.0) + (6y + 0.0) )
Fitness = 0.290721510054
Avg Fitness = 0.236997963097
Duplicated = 34
============================================================================
Evaluate Gen  18
New Population 159
Better than Dads 30
Best Ind: ( ( ( 1.0^2  ) * ( (1y + -7.0) + 7.0 ) ) * (3x + 1.0) )
Fitness = 0.163458845199
Worst Ind: ( ( (2y + -1.0) * (2x + -1.0) ) + ( 4.0 + ( (6y + -9.0) + (5x + 4.0) ) ) )
Fitness = 0.269719338589
Avg Fitness = 0.217646839477
Duplicated = 35
============================================================================
Evaluate Gen  19
New Population 163
Better than Dads 41
Best Ind: ( ( (2y + -1.0) + ( (2y + -1.0) * (2x + -1.0) ) ) + (2x + 1.0) )
Fitness = 0.159471852533
Worst Ind: ( (2y + -1.0) + (2x + -1.0) )
Fitness = 0.244948974278
Avg Fitness = 0.203857476739
Duplicated = 44
============================================================================
Evaluate Gen  20
New Population 171
Better than Dads 46
Best Ind: ( ( (1y + -7.0) + 7.0 ) * (2x + -1.0) )
Fitness = 0.154376366486
Worst Ind: ( ( 1.0 * (1y + 3.0) ) + ( (2y + -1.0) + (2x + -1.0) ) )
Fitness = 0.214303244138
Avg Fitness = 0.192234418543
Duplicated = 51
============================================================================
Evaluate Gen  21
New Population 157
Better than Dads 36
Best Ind: ( ( (1y + -7.0) + 7.0 ) * (2x + -1.0) )
Fitness = 0.154376366486
Worst Ind: ( (2y + -1.0) * (2x + -1.0) )
Fitness = 0.205930862991
Avg Fitness = 0.186554772687
Duplicated = 54
============================================================================
Evaluate Gen  22
New Population 160
Better than Dads 36
Best Ind: ( ( (1y + -7.0) + 7.0 ) * (2x + -1.0) )
Fitness = 0.154376366486
Worst Ind: ( (1y + 1.0) * (2x + -1.0) )
Fitness = 0.201134739519
Avg Fitness = 0.179999110638
Duplicated = 55
============================================================================
Evaluate Gen  23
New Population 160
Better than Dads 40
Best Ind: ( ( (1y + -7.0) + 7.0 ) * (2x + -1.0) )
Fitness = 0.154376366486
Worst Ind: ( (1y + 1.0) + ( (1y + 1.0) * (2x + 1.0) ) )
Fitness = 0.189785608444
Avg Fitness = 0.176067828227
Duplicated = 64
============================================================================
Evaluate Gen  24
New Population 153
Better than Dads 40
Best Ind: ( ( (1y + -7.0) + 7.0 ) * (2x + -1.0) )
Fitness = 0.154376366486
Worst Ind: ( ( (2y + 0.0) * ( (2x + -1.0) * (2x + 1.0) ) ) + (2x + 1.0) )
Fitness = 0.179986678091
Avg Fitness = 0.174471051946
Duplicated = 69
============================================================================
Evaluate Gen  25
New Population 160
Better than Dads 33
Best Ind: ( 1.0 + ( ( ( 1.0^2  ) * ( (1y + -7.0) + 7.0 ) ) * (3x + 1.0) ) )
Fitness = 0.145494547365
Worst Ind: ( (1y + 3.0) + (2x + -1.0) )
Fitness = 0.177117256026
Avg Fitness = 0.173184892472
Duplicated = 72
============================================================================
Evaluate Gen  26
New Population 154
Better than Dads 27
Best Ind: ( (1y + 1.0) + ( ( (1y + -7.0) + 7.0 ) * (2x + -1.0) ) )
Fitness = 0.112763628334
Worst Ind: ( (1y + 1.0) + (2x + 1.0) )
Fitness = 0.177117256026
Avg Fitness = 0.171692951625
Duplicated = 68
============================================================================
Evaluate Gen  27
New Population 155
Better than Dads 38
Best Ind: ( (1y + 1.0) + ( ( (1y + -7.0) + 7.0 ) * (2x + -1.0) ) )
Fitness = 0.112763628334
Worst Ind: ( (1y + 1.0) + (2x + -1.0) )
Fitness = 0.177117256026
Avg Fitness = 0.17072732287
Duplicated = 68
============================================================================
Evaluate Gen  28
New Population 161
Better than Dads 39
Best Ind: ( (1y + 1.0) + ( ( (1y + -7.0) + 7.0 ) * (2x + -1.0) ) )
Fitness = 0.112763628334
Worst Ind: ( (1y + 1.0) + (2x + 1.0) )
Fitness = 0.177117256026
Avg Fitness = 0.169688950732
Duplicated = 69
============================================================================
Evaluate Gen  29
New Population 158
Better than Dads 43
Best Ind: ( (1y + 1.0) + ( ( (1y + -7.0) + 7.0 ) * (2x + -1.0) ) )
Fitness = 0.112763628334
Worst Ind: ( (1y + 1.0) * (2x + 1.0) )
Fitness = 0.174210362069
Avg Fitness = 0.168676073031
Duplicated = 71
============================================================================
Evaluate Gen  30
New Population 164
Better than Dads 40
Best Ind: ( (1y + 1.0) + ( ( (1y + -7.0) + 7.0 ) * (2x + -1.0) ) )
Fitness = 0.112763628334
Worst Ind: ( (1y + 1.0) * (2x + 1.0) )
Fitness = 0.174210362069
Avg Fitness = 0.167651831402
Duplicated = 71
============================================================================
Evaluate Gen  31
New Population 163
Better than Dads 36
Best Ind: ( (1y + 1.0) + ( ( (1y + -7.0) + 7.0 ) * (2x + -1.0) ) )
Fitness = 0.112763628334
Worst Ind: ( (1y + 1.0) * (2x + 1.0) )
Fitness = 0.174210362069
Avg Fitness = 0.165779331595
Duplicated = 66
============================================================================
Evaluate Gen  32
New Population 165
Better than Dads 52
Best Ind: ( (1y + 1.0) + ( ( (1y + -7.0) + 7.0 ) * (2x + -1.0) ) )
Fitness = 0.112763628334
Worst Ind: ( (1y + 1.0) * (2x + 1.0) )
Fitness = 0.174210362069
Avg Fitness = 0.163629666966
Duplicated = 59
============================================================================
Evaluate Gen  33
New Population 167
Better than Dads 52
Best Ind: ( (1y + 1.0) + ( ( (1y + -7.0) + 7.0 ) * (2x + -1.0) ) )
Fitness = 0.112763628334
Worst Ind: ( (2y + -1.0) * ( (1y + 1.0) * (2x + 1.0) ) )
Fitness = 0.169652199931
Avg Fitness = 0.161639363093
Duplicated = 60
============================================================================
Evaluate Gen  34
New Population 174
Better than Dads 51
Best Ind: ( (1y + 1.0) + ( ( (1y + -7.0) + 7.0 ) * (2x + -1.0) ) )
Fitness = 0.112763628334
Worst Ind: ( ( (2x + 1.0) + (2y + 0.0) ) + ( (2y + -1.0) * (2x + -1.0) ) )
Fitness = 0.169454381584
Avg Fitness = 0.159336862364
Duplicated = 59
============================================================================
Evaluate Gen  35
New Population 170
Better than Dads 59
Best Ind: ( (1y + 1.0) + ( ( (1y + -7.0) + 7.0 ) * (2x + -1.0) ) )
Fitness = 0.112763628334
Worst Ind: ( ( (1y + -7.0) + 7.0 ) + (2x + 1.0) )
Fitness = 0.168723358988
Avg Fitness = 0.158467100969
Duplicated = 57
============================================================================
Evaluate Gen  36
New Population 170
Better than Dads 49
Best Ind: ( 1.0 + ( ( ( ( (1y + -7.0) + 7.0 ) * (2x + -1.0) ) * ( (1y + -7.0) + 7.0 ) ) * (3x + 1.0) ) )
Fitness = 0.110580489983
Worst Ind: ( ( (2y + -1.0) * ( (1y + 1.0) * (2x + 1.0) ) ) + ( (2x + -1.0) * (2x + 1.0) ) )
Fitness = 0.167100957864
Avg Fitness = 0.156040198873
Duplicated = 57
============================================================================
Evaluate Gen  37
New Population 175
Better than Dads 61
Best Ind: ( 1.0 + ( ( ( ( (1y + -7.0) + 7.0 ) * (2x + -1.0) ) * ( (1y + -7.0) + 7.0 ) ) * (3x + 1.0) ) )
Fitness = 0.110580489983
Worst Ind: ( ( (1y + 1.0) * ( 1.0 * (2x + -1.0) ) ) * (2x + 1.0) )
Fitness = 0.164977171202
Avg Fitness = 0.153306544837
Duplicated = 52
============================================================================
Evaluate Gen  38
New Population 174
Better than Dads 51
Best Ind: ( 1.0 + ( ( ( ( (1y + -7.0) + 7.0 ) * (2x + -1.0) ) * ( (1y + -7.0) + 7.0 ) ) * (3x + 1.0) ) )
Fitness = 0.110580489983
Worst Ind: ( ( (1y + -7.0) + 7.0 ) + ( (2x + -1.0) * (2x + 1.0) ) )
Fitness = 0.16434445675
Avg Fitness = 0.150243992649
Duplicated = 53
============================================================================
Evaluate Gen  39
New Population 165
Better than Dads 49
Best Ind: ( ( (1y + -7.0) + 7.0 ) * ( ( (2y + -1.0) * (1y + 1.0) ) + ( (2x + -1.0) * (2x + 1.0) ) ) )
Fitness = 0.107698180817
Worst Ind: ( ( (2y + -1.0) + ( (2y + -1.0) * (2x + -1.0) ) ) + (2x + 1.0) )
Fitness = 0.159471852533
Avg Fitness = 0.148028308969
Duplicated = 57
============================================================================
Evaluate Gen  40
New Population 170
Better than Dads 52
Best Ind: ( ( (1y + -7.0) + 7.0 ) * ( ( (2y + -1.0) * (1y + 1.0) ) + ( (2x + -1.0) * (2x + 1.0) ) ) )
Fitness = 0.107698180817
Worst Ind: ( ( (2y + -1.0) * ( (1y + 1.0) * (2x + 1.0) ) ) + (2x + 1.0) )
Fitness = 0.158539459247
Avg Fitness = 0.145158135047
Duplicated = 49
============================================================================
Evaluate Gen  41
New Population 167
Better than Dads 44
Best Ind: ( ( (1y + -7.0) + 7.0 ) * ( ( (2y + -1.0) * (1y + 1.0) ) + ( (2x + -1.0) * (2x + 1.0) ) ) )
Fitness = 0.107698180817
Worst Ind: ( ( (1y + -7.0) + 7.0 ) * (2x + -1.0) )
Fitness = 0.154376366486
Avg Fitness = 0.142448601381
Duplicated = 46
============================================================================
Evaluate Gen  42
New Population 166
Better than Dads 50
Best Ind: ( ( 1.0^2  ) + ( ( ( ( (1y + -7.0) + 7.0 ) * (2x + -1.0) ) * (2x + 1.0) ) * ( ( 1.0^2  ) * ( (1y + -7.0) + 7.0 ) ) ) )
Fitness = 0.0911045082499
Worst Ind: ( ( (1y + -7.0) + 7.0 ) * (2x + 1.0) )
Fitness = 0.154376366486
Avg Fitness = 0.140005965004
Duplicated = 40
============================================================================
Evaluate Gen  43
New Population 169
Better than Dads 49
Best Ind: ( ( 1.0^2  ) + ( ( ( ( (1y + -7.0) + 7.0 ) * (2x + -1.0) ) * (2x + 1.0) ) * ( ( 1.0^2  ) * ( (1y + -7.0) + 7.0 ) ) ) )
Fitness = 0.0911045082499
Worst Ind: ( ( (2y + -1.0) * ( (1y + 1.0) * (1y + 1.0) ) ) + ( (2x + -1.0) * (2x + 1.0) ) )
Fitness = 0.15260655265
Avg Fitness = 0.136031444569
Duplicated = 37
============================================================================
Evaluate Gen  44
New Population 168
Better than Dads 51
Best Ind: ( ( 1.0^2  ) + ( ( ( ( (1y + -7.0) + 7.0 ) * (2x + -1.0) ) * (2x + 1.0) ) * ( ( 1.0^2  ) * ( (1y + -7.0) + 7.0 ) ) ) )
Fitness = 0.0911045082499
Worst Ind: ( ( (1y + 1.0) * ( (1y + -7.0) + 7.0 ) ) * ( (1y + 1.0) + (2x + -1.0) ) )
Fitness = 0.14768747298
Avg Fitness = 0.133578121723
Duplicated = 43
============================================================================
Evaluate Gen  45
New Population 172
Better than Dads 55
Best Ind: ( 1.0 + ( ( ( (1y + -7.0) + 7.0 ) * (2x + -1.0) ) * ( ( (2x + -1.0) * ( (1y + 1.0) * ( (1y + -7.0) + 7.0 ) ) ) * ( ( (1y + -7.0) + 7.0 ) * (2x + 1.0) ) ) ) )
Fitness = 0.0874003132994
Worst Ind: ( ( (1y + -7.0) + 7.0 ) * ( ( ( (1y + -7.0) + 7.0 ) * (2x + -1.0) ) * (2x + 1.0) ) )
Fitness = 0.141421356237
Avg Fitness = 0.130400907771
Duplicated = 48
============================================================================
Evaluate Gen  46
New Population 172
Better than Dads 57
Best Ind: ( 1.0 + ( ( ( (1y + -7.0) + 7.0 ) * (2x + -1.0) ) * ( ( (2x + -1.0) * ( (1y + 1.0) * ( (1y + -7.0) + 7.0 ) ) ) * ( ( (1y + -7.0) + 7.0 ) * (2x + 1.0) ) ) ) )
Fitness = 0.0874003132994
Worst Ind: ( ( (1y + -7.0) + 7.0 ) * ( (1y + 1.0) * ( ( ( (1y + -7.0) + 7.0 ) * (2x + -1.0) ) * (2x + 1.0) ) ) )
Fitness = 0.141421356237
Avg Fitness = 0.128535911675
Duplicated = 48
============================================================================
Evaluate Gen  47
New Population 162
Better than Dads 45
Best Ind: ( 1.0 + ( ( ( (1y + -7.0) + 7.0 ) * (2x + -1.0) ) * ( ( (2x + -1.0) * ( (1y + 1.0) * ( (1y + -7.0) + 7.0 ) ) ) * ( ( (1y + -7.0) + 7.0 ) * (2x + 1.0) ) ) ) )
Fitness = 0.0874003132994
Worst Ind: ( ( ( (1y + -7.0) + 7.0 ) * (2x + -1.0) ) * (2x + 1.0) )
Fitness = 0.141421356237
Avg Fitness = 0.126003836798
Duplicated = 45
============================================================================
Evaluate Gen  48
New Population 169
Better than Dads 52
Best Ind: ( 1.0 + ( ( ( (1y + -7.0) + 7.0 ) * ( ( (1y + -7.0) + 7.0 ) * (2x + -1.0) ) ) * ( ( (2x + -1.0) * (2x + 1.0) ) * ( ( (1y + -7.0) + 7.0 ) * (2x + 1.0) ) ) ) )
Fitness = 0.0809217709294
Worst Ind: ( 1.0 + ( ( ( (1y + -7.0) + 7.0 ) * ( (1y + -7.0) + 7.0 ) ) * ( (2y + -1.0) * (2x + -1.0) ) ) )
Fitness = 0.138243447494
Avg Fitness = 0.122761091499
Duplicated = 45
============================================================================
Evaluate Gen  49
New Population 163
Better than Dads 48
Best Ind: ( 1.0 + ( ( ( (1y + -7.0) + 7.0 ) * ( ( (1y + -7.0) + 7.0 ) * (2x + -1.0) ) ) * ( ( (2x + -1.0) * (2x + 1.0) ) * ( ( (1y + -7.0) + 7.0 ) * (2x + 1.0) ) ) ) )
Fitness = 0.0809217709294
Worst Ind: ( 1.0 + ( ( (2x + 1.0) * ( (1y + -7.0) + 7.0 ) ) * ( (2y + -1.0) * (2x + -1.0) ) ) )
Fitness = 0.134283426577
Avg Fitness = 0.121433224738
Duplicated = 48
============================================================================
Evaluate Gen  50
New Population 169
Better than Dads 53
Best Ind: ( 1.0 + ( ( ( (1y + -7.0) + 7.0 ) * ( ( (1y + -7.0) + 7.0 ) * (2x + -1.0) ) ) * ( ( (2x + -1.0) * (2x + 1.0) ) * ( ( (1y + -7.0) + 7.0 ) * (2x + 1.0) ) ) ) )
Fitness = 0.0809217709294
Worst Ind: ( (1y + 1.0) + ( ( ( (1y + -7.0) + 7.0 ) * (2x + -1.0) ) * (2x + 1.0) ) )
Fitness = 0.130036082454
Avg Fitness = 0.119700779156
Duplicated = 53
