dataset_file= dataset/SR_circle.txt
population= 50
generations= 50
tournament_size= 7
cross_over= 0.6
mutation= 0.3
elitism= True
(50, 2)
============================================================================
Build initial population
ind: 1
( 1.0x * 0.111111111111y )
ind: 2
( ( 0.166666666667x + 0.2x ) * 0.111111111111y )
ind: 3
( 1.0x * ( 1.0y + ( 0.166666666667y * ( ( ( 0.125y * 0.142857142857x ) + 0.142857142857y ) * 0.166666666667x ) ) ) )
ind: 4
( 1.0y * 0.1x )
ind: 5
( 0.142857142857x * ( ( ( ( 0.142857142857y * 0.333333333333y ) * ( ( 0.2x * 0.333333333333x ) + ( 0.111111111111x * 0.111111111111x ) ) ) + 0.1x ) + ( 0.111111111111y * ( 0.1x + 0.142857142857y ) ) ) )
ind: 6
( 0.166666666667x + ( 0.142857142857x * ( 1.0y + ( ( ( 0.5y * 0.111111111111x ) + 0.166666666667x ) * 1.0x ) ) ) )
ind: 7
( ( ( 0.111111111111y + 0.166666666667x ) + ( ( ( ( 0.1y * 0.5x ) * ( 0.1x + 0.142857142857y ) ) + ( ( 0.2x + 0.1x ) * 0.111111111111y ) ) + 0.5x ) ) * 0.166666666667x )
ind: 8
( 1.0x + 0.2y )
ind: 9
( 0.1x + ( 0.5y + 0.111111111111x ) )
ind: 10
( 0.111111111111x * 0.142857142857y )
ind: 11
( 0.166666666667y * 0.25x )
ind: 12
( 0.333333333333x + ( 0.125y + 0.1y ) )
ind: 13
( ( 0.142857142857y * ( 0.142857142857y + 0.166666666667x ) ) * ( ( 0.5y * 1.0y ) * ( 0.166666666667x + 0.125y ) ) )
ind: 14
( ( 0.142857142857y + 0.5x ) + 0.125x )
ind: 15
( 0.142857142857x * ( ( ( 0.125x + ( ( 1.0x + 0.1x ) + 0.166666666667y ) ) + 0.25y ) + ( ( ( ( 0.5x + 0.5y ) * ( 0.2y * 0.1x ) ) + 0.166666666667y ) + 0.333333333333x ) ) )
ind: 16
( ( ( ( 0.2y * ( 0.25x * ( 0.5y * 0.125y ) ) ) * ( ( 0.111111111111x * 0.2y ) + ( 0.333333333333y * ( 0.5y + 0.125x ) ) ) ) * 0.166666666667y ) + ( ( 0.125y + 0.142857142857x ) + 0.25y ) )
ind: 17
( ( ( 0.333333333333x + 0.1y ) + 0.1y ) + 0.1x )
ind: 18
( ( ( 0.166666666667x * ( 0.125x + ( 0.25x * ( 0.111111111111x * 0.166666666667x ) ) ) ) * ( ( 0.5x + 1.0y ) + 0.25x ) ) + 0.2x )
ind: 19
( 0.125x * 0.333333333333y )
ind: 20
( 0.166666666667x * 0.2y )
ind: 21
( ( ( 1.0x + ( 0.5x * ( ( 0.111111111111y * 0.125y ) + ( 0.5y + 0.2x ) ) ) ) + 1.0y ) * ( 0.25x + 1.0y ) )
ind: 22
( 0.125x + ( 0.5y * 0.5x ) )
ind: 23
( 0.125y + ( 0.166666666667y + ( ( 0.5x + 0.1y ) + 0.166666666667y ) ) )
ind: 24
( ( 1.0x + ( 0.25x * 0.2y ) ) + 0.2x )
ind: 25
( ( ( ( ( 0.1x + ( 0.5y + 0.333333333333y ) ) + ( 0.142857142857x + ( 1.0y + 0.25y ) ) ) * ( ( ( 0.111111111111x * 0.166666666667y ) * 0.166666666667x ) + 0.125x ) ) * 0.25x ) * ( ( ( 1.0y + ( ( 0.333333333333y + 0.111111111111x ) + 1.0x ) ) + 0.166666666667y ) * 0.111111111111x ) )
ind: 26
( ( 0.111111111111x * 0.166666666667x ) + ( ( ( ( ( 1.0y * 0.2y ) * 0.5x ) + ( 0.1x * 0.25x ) ) + 0.125y ) * ( 1.0x + ( 0.111111111111y * ( ( 0.125y * 0.111111111111x ) + ( 0.1x + 0.142857142857y ) ) ) ) ) )
ind: 27
( ( 0.333333333333x + 0.111111111111x ) * 0.142857142857y )
ind: 28
( ( ( ( ( ( 0.125y + 0.25y ) + ( 0.5y + 0.166666666667y ) ) + 0.25x ) * ( ( 0.333333333333y + 0.125x ) + ( 0.1x * 0.333333333333y ) ) ) * 0.5x ) + 0.125x )
ind: 29
( 0.111111111111y + 0.111111111111x )
ind: 30
( 0.111111111111x * ( ( 1.0y * 0.5y ) * 0.5y ) )
ind: 31
( ( 0.1x + ( 0.166666666667y * 1.0y ) ) + 0.166666666667y )
ind: 32
( ( 1.0y + 0.5x ) * ( ( 0.25x + 0.1y ) * ( ( ( ( 0.125x + 0.125y ) * 0.1y ) * ( 0.1x + ( 0.125y + 0.25y ) ) ) * 0.111111111111y ) ) )
ind: 33
( 0.125y + ( ( ( ( 0.125y * 0.125x ) + 0.166666666667y ) + ( ( 0.333333333333x + 0.5x ) + 0.111111111111x ) ) + 0.333333333333x ) )
ind: 34
( ( ( 0.142857142857y * ( ( 0.166666666667x * ( 0.2x + 0.5y ) ) + ( ( 1.0y * 0.125y ) + ( 0.333333333333y + 0.125y ) ) ) ) + 0.25x ) + 0.5x )
ind: 35
( 0.166666666667y * 0.125x )
ind: 36
( 0.111111111111x + ( ( ( 0.2y * ( ( 0.333333333333y * 0.166666666667x ) * ( 0.111111111111x + 0.2y ) ) ) * ( 0.2y + 0.166666666667y ) ) + 0.25y ) )
ind: 37
( 0.25y * 0.166666666667x )
ind: 38
( ( 0.125x + ( ( ( ( 1.0x * 0.1y ) + ( 0.111111111111x + 0.142857142857y ) ) * ( ( 0.2y + 0.142857142857x ) * 0.166666666667x ) ) * 0.2x ) ) + ( 0.166666666667y + ( 0.25y + 0.166666666667y ) ) )
ind: 39
( ( 0.5y * 0.142857142857y ) + 0.166666666667x )
ind: 40
( 1.0y * ( ( ( 0.125x * ( ( 0.111111111111y + 1.0y ) + ( 0.166666666667y + 0.111111111111y ) ) ) * ( 0.2x * 0.166666666667y ) ) + ( 0.1y + ( ( ( 0.111111111111x * 0.125x ) + ( 1.0x + 0.142857142857x ) ) * ( 0.25y + 0.111111111111x ) ) ) ) )
ind: 41
( 0.166666666667y * ( ( ( ( 0.125x * ( 1.0x + 0.125x ) ) + ( 0.333333333333y * ( 0.125x * 0.111111111111y ) ) ) + ( 0.1y * 0.125x ) ) + 0.2x ) )
ind: 42
( ( ( ( ( ( 0.111111111111y + 0.142857142857y ) * 0.111111111111y ) * 0.5y ) + ( ( ( 0.142857142857x * 0.166666666667y ) * 0.333333333333y ) + 0.2y ) ) * ( ( 1.0y + ( ( 0.333333333333y * 1.0x ) + 0.1x ) ) + 0.1y ) ) + 1.0y )
ind: 43
( ( 0.5y + ( 0.142857142857y + ( 0.125y + ( 0.111111111111x * 0.111111111111y ) ) ) ) + 0.125y )
ind: 44
( ( ( 0.5x + 0.5y ) * ( 1.0y * 0.166666666667x ) ) + ( 0.2y * ( 0.142857142857y + 0.1x ) ) )
ind: 45
( 1.0x + 0.2y )
ind: 46
( 0.2x + 0.1y )
ind: 47
( ( 0.333333333333y + ( ( 0.111111111111x + 0.5x ) + 0.166666666667x ) ) + ( ( ( 0.2y + 0.142857142857y ) + 0.111111111111x ) * 0.2x ) )
ind: 48
( 0.111111111111y * ( 1.0x + ( 0.2y + 0.166666666667x ) ) )
ind: 49
( ( 0.142857142857y * ( ( ( 0.142857142857y * 0.125y ) + ( ( 0.2x * 0.125y ) + 0.333333333333x ) ) + 0.111111111111x ) ) + 1.0y )
ind: 50
( ( 0.166666666667y + ( ( ( ( 0.1y * 0.2x ) * ( 0.166666666667x + 0.125x ) ) * ( 0.111111111111x * 0.166666666667x ) ) * 0.166666666667x ) ) * ( ( 0.333333333333y + 0.2x ) + 0.111111111111y ) )
Best Ind: ( ( ( 1.0x + ( 0.5x * ( ( 0.111111111111y * 0.125y ) + ( 0.5y + 0.2x ) ) ) ) + 1.0y ) * ( 0.25x + 1.0y ) )
Fitness = 14.2311175592
Worst Ind: ( 0.125y + ( ( ( ( 0.125y * 0.125x ) + 0.166666666667y ) + ( ( 0.333333333333x + 0.5x ) + 0.111111111111x ) ) + 0.333333333333x ) )
Fitness = 59.7534370823
Avg Fitness = 48.5553377395
Duplicated = 1
============================================================================
Evaluate Gen  1
New Population 70
Better than Dads 7
Best Ind: ( ( ( 1.0x + ( 0.5x * ( ( 0.111111111111y * 0.125y ) + ( 0.5y + 0.2x ) ) ) ) + 1.0y ) * ( 0.25x + 1.0y ) )
Fitness = 14.2311175592
Worst Ind: ( ( ( 0.166666666667x * ( 0.125x + ( 0.25x * ( 0.111111111111x * 0.166666666667x ) ) ) ) * ( ( 0.5x + 1.0y ) + 0.25x ) ) + 0.2x )
Fitness = 50.0
Avg Fitness = 48.127961123
Duplicated = 0
============================================================================
Evaluate Gen  2
New Population 69
Better than Dads 12
Best Ind: ( ( ( 1.0x + ( 0.5x * ( ( 0.111111111111y * 0.125y ) + ( 0.5y + 0.2x ) ) ) ) + 1.0y ) * ( 0.25x + 1.0y ) )
Fitness = 14.2311175592
Worst Ind: ( 0.111111111111x + ( ( ( 0.2y * ( ( 0.333333333333y * 0.166666666667x ) * ( 0.111111111111x + 0.2y ) ) ) * ( 0.2y + 0.166666666667y ) ) + 0.125x ) )
Fitness = 50.0
Avg Fitness = 47.81297656
Duplicated = 0
============================================================================
Evaluate Gen  3
New Population 71
Better than Dads 12
Best Ind: ( ( ( 1.0x + ( 0.5x * ( ( 0.111111111111y * 0.125y ) + ( 0.5y + 0.2x ) ) ) ) + 1.0y ) * ( 0.25x + 1.0y ) )
Fitness = 14.2311175592
Worst Ind: ( 0.1x + ( 0.5y + 0.111111111111x ) )
Fitness = 50.0
Avg Fitness = 47.7529462698
Duplicated = 1
============================================================================
Evaluate Gen  4
New Population 70
Better than Dads 12
Best Ind: ( ( ( 1.0x + ( 0.5x * ( ( 0.111111111111y * 0.125y ) + ( 0.5y + 0.2x ) ) ) ) + 1.0y ) * ( 0.25x + 1.0y ) )
Fitness = 14.2311175592
Worst Ind: ( ( ( 0.111111111111y + 0.111111111111x ) + 0.111111111111x ) * ( ( 0.25x + ( ( 0.125y * 0.166666666667y ) + 0.142857142857y ) ) * ( ( ( ( 0.125x + 0.125y ) * 0.1y ) * ( 0.2x + ( 0.125y + 0.25y ) ) ) * 0.111111111111y ) ) )
Fitness = 49.9991396986
Avg Fitness = 47.0966220498
Duplicated = 1
============================================================================
Evaluate Gen  5
New Population 72
Better than Dads 10
Best Ind: ( ( ( 1.0x + ( 0.5x * ( ( 0.111111111111y * 0.125y ) + ( 0.5y + 0.2x ) ) ) ) + 1.0y ) * ( 0.25x + 1.0y ) )
Fitness = 14.2311175592
Worst Ind: ( 1.0x * ( 1.0y + ( 0.166666666667y * ( ( 0.166666666667x + 0.142857142857y ) * 0.166666666667x ) ) ) )
Fitness = 49.9504091278
Avg Fitness = 46.5038887728
Duplicated = 0
============================================================================
Evaluate Gen  6
New Population 63
Better than Dads 6
Best Ind: ( ( ( 1.0x + ( 0.5x * ( ( 0.111111111111y * 0.125y ) + ( 0.5y + 0.2x ) ) ) ) + 1.0y ) * ( 0.25x + 1.0y ) )
Fitness = 14.2311175592
Worst Ind: ( ( ( ( ( ( 0.125y + 0.25y ) + 0.111111111111x ) + 0.25x ) * ( ( 0.333333333333y + 0.125x ) + ( 0.1x * 0.333333333333y ) ) ) * 1.0y ) + 0.125x )
Fitness = 49.8496502326
Avg Fitness = 45.6659859904
Duplicated = 2
============================================================================
Evaluate Gen  7
New Population 72
Better than Dads 14
Best Ind: ( ( ( 1.0x + ( 0.5x * ( ( 0.111111111111y * 0.125y ) + ( 0.5y + 0.2x ) ) ) ) + 1.0y ) * ( 0.25x + 1.0y ) )
Fitness = 14.2311175592
Worst Ind: ( 0.142857142857x * ( ( ( ( 0.142857142857y * 0.333333333333y ) * ( ( 0.2x * 0.333333333333x ) + ( 0.1x * 0.111111111111x ) ) ) + 0.1x ) + ( 0.111111111111y * ( 0.1x + 0.142857142857y ) ) ) )
Fitness = 49.2882653061
Avg Fitness = 45.1815177449
Duplicated = 6
============================================================================
Evaluate Gen  8
New Population 69
Better than Dads 11
Best Ind: ( ( ( 1.0x + ( 0.5x * ( ( 0.111111111111y * 0.125y ) + ( 0.5y + 0.2x ) ) ) ) + 1.0y ) * ( 0.25x + 1.0y ) )
Fitness = 14.2311175592
Worst Ind: ( ( 0.125y * 0.111111111111x ) + ( ( ( 0.2y + ( 0.5y * 0.142857142857y ) ) + 0.111111111111x ) * 0.2x ) )
Fitness = 48.8950617284
Avg Fitness = 44.7813171115
Duplicated = 6
============================================================================
Evaluate Gen  9
New Population 73
Better than Dads 16
Best Ind: ( ( ( 1.0x + ( 0.5x * ( ( 0.111111111111y * 0.125y ) + ( 0.5y + 0.2x ) ) ) ) + 1.0y ) * ( 0.25x + 1.0y ) )
Fitness = 14.2311175592
Worst Ind: ( 0.2y * ( 1.0x + ( 0.2y + 0.166666666667x ) ) )
Fitness = 48.02
Avg Fitness = 43.971440326
Duplicated = 3
============================================================================
Evaluate Gen  10
New Population 65
Better than Dads 6
Best Ind: ( ( ( 1.0x + ( 0.5x * ( ( 0.111111111111y * 0.125y ) + ( 0.5y + 0.2x ) ) ) ) + 1.0y ) * ( 0.25x + 1.0y ) )
Fitness = 14.2311175592
Worst Ind: ( ( ( 0.2y * 0.166666666667x ) + 0.166666666667y ) * ( 1.0x + ( 0.2y + 0.111111111111y ) ) )
Fitness = 47.4410150892
Avg Fitness = 43.4931238643
Duplicated = 4
============================================================================
Evaluate Gen  11
New Population 74
Better than Dads 9
Best Ind: ( 1.0x * ( 1.0x + ( 0.2y + 0.111111111111y ) ) )
Fitness = 12.6446942205
Worst Ind: ( 0.5x * ( ( ( 0.2y + ( 0.1y * 0.2x ) ) * 0.2x ) + ( 0.2y + 0.166666666667x ) ) )
Fitness = 45.9201388889
Avg Fitness = 42.2043107092
Duplicated = 3
============================================================================
Evaluate Gen  12
New Population 66
Better than Dads 8
Best Ind: ( 1.0x * ( 1.0x + ( 0.2y + 0.111111111111y ) ) )
Fitness = 12.6446942205
Worst Ind: ( ( 0.166666666667y + ( ( ( ( 0.1y * 0.2x ) * ( 0.166666666667x + 0.111111111111y ) ) * ( 0.111111111111x * 0.166666666667x ) ) * 0.166666666667x ) ) * ( ( 0.333333333333y + 0.2x ) + 0.2y ) )
Fitness = 45.6543209877
Avg Fitness = 41.425709439
Duplicated = 2
============================================================================
Evaluate Gen  13
New Population 72
Better than Dads 10
Best Ind: ( 1.0x * ( ( 1.0x + ( 0.2y + 0.166666666667x ) ) + ( 0.1x * 0.333333333333y ) ) )
Fitness = 11.2821033364
Worst Ind: ( 1.0x + ( 0.166666666667x * ( 1.0x + ( 0.1x + 0.142857142857y ) ) ) )
Fitness = 45.0439862766
Avg Fitness = 39.7712634063
Duplicated = 1
============================================================================
Evaluate Gen  14
New Population 72
Better than Dads 13
Best Ind: ( 1.0x * ( ( 1.0x + ( 0.2y + 0.166666666667x ) ) + ( 0.1x * 0.333333333333y ) ) )
Fitness = 11.2821033364
Worst Ind: ( ( ( ( 1.0y + ( ( 0.333333333333y + 0.111111111111x ) + 1.0x ) ) + 0.166666666667y ) * 0.111111111111x ) + ( 0.333333333333y + 0.2x ) )
Fitness = 44.0176802317
Avg Fitness = 38.9585968569
Duplicated = 2
============================================================================
Evaluate Gen  15
New Population 74
Better than Dads 15
Best Ind: ( 1.0x * ( ( 1.0x + ( 0.2y + 0.166666666667x ) ) + ( 0.1x * 0.333333333333y ) ) )
Fitness = 11.2821033364
Worst Ind: ( 1.0x + ( 0.166666666667x * ( ( 0.333333333333y + ( ( 0.111111111111x * 0.125x ) + ( 1.0x + 0.142857142857x ) ) ) + ( ( 1.0x + ( 0.2y + 0.111111111111y ) ) + 0.142857142857y ) ) ) )
Fitness = 42.6513486803
Avg Fitness = 37.679111325
Duplicated = 2
============================================================================
Evaluate Gen  16
New Population 73
Better than Dads 15
Best Ind: ( 1.0x * ( ( 1.0x + ( 0.2y + 0.166666666667x ) ) + ( 0.1x * 0.333333333333y ) ) )
Fitness = 11.2821033364
Worst Ind: ( ( ( 0.111111111111y + 0.166666666667x ) + ( ( ( ( 0.1y * 0.5x ) * ( 0.1x + 0.142857142857y ) ) + ( ( 0.2x + 0.1x ) * 0.111111111111y ) ) + 0.5x ) ) * 0.25x )
Fitness = 41.9934300706
Avg Fitness = 36.9283339108
Duplicated = 2
============================================================================
Evaluate Gen  17
New Population 73
Better than Dads 17
Best Ind: ( 1.0x * ( ( 1.0x + ( 0.2y + 0.166666666667x ) ) + ( 0.1x * 0.333333333333y ) ) )
Fitness = 11.2821033364
Worst Ind: ( 0.125x * ( 1.0x + ( ( ( ( 0.125y + 0.25y ) + ( 0.5y + 0.166666666667y ) ) + 0.25x ) + 0.166666666667x ) ) )
Fitness = 41.5378146701
Avg Fitness = 35.5042796216
Duplicated = 1
============================================================================
Evaluate Gen  18
New Population 70
Better than Dads 14
Best Ind: ( 1.0x * ( ( 1.0x + ( 0.2y + 0.166666666667x ) ) + ( 0.1x * 0.333333333333y ) ) )
Fitness = 11.2821033364
Worst Ind: ( 1.0x + ( 0.25x * ( ( 0.333333333333y + ( ( 0.111111111111x * 0.125x ) + ( 1.0x + 0.142857142857x ) ) ) + ( ( 1.0x + ( 0.2y + 0.111111111111y ) ) + 0.142857142857y ) ) ) )
Fitness = 41.0222509167
Avg Fitness = 34.8852108211
Duplicated = 3
============================================================================
Evaluate Gen  19
New Population 67
Better than Dads 9
Best Ind: ( 1.0x * ( ( 1.0x + ( 0.2y + 0.166666666667x ) ) + ( 0.1x * 0.333333333333y ) ) )
Fitness = 11.2821033364
Worst Ind: ( ( ( ( 0.5y + 0.166666666667y ) * ( 0.111111111111x * 0.166666666667x ) ) * 0.166666666667x ) + ( 0.166666666667x * ( ( 0.333333333333y + ( 0.125y + 0.166666666667x ) ) + ( ( 1.0x + 0.166666666667x ) + 0.142857142857y ) ) ) )
Fitness = 39.5061728395
Avg Fitness = 33.0413588251
Duplicated = 5
============================================================================
Evaluate Gen  20
New Population 70
Better than Dads 15
Best Ind: ( 1.0x * ( ( 1.0x + ( 0.2y + 0.166666666667x ) ) + ( 0.1x * 0.333333333333y ) ) )
Fitness = 11.2821033364
Worst Ind: ( ( ( ( ( ( 0.2y + 0.142857142857y ) + 0.111111111111x ) * 0.2x ) + ( ( ( 0.142857142857x * 0.166666666667y ) * 0.333333333333y ) + 0.2y ) ) * ( ( 1.0y + ( ( 0.333333333333y * 1.0x ) + 0.1x ) ) + 0.1y ) ) + 0.166666666667x )
Fitness = 39.3423219207
Avg Fitness = 32.0005064713
Duplicated = 3
============================================================================
Evaluate Gen  21
New Population 69
Better than Dads 12
Best Ind: ( 1.0x * ( ( 1.0x + ( 0.2y + 0.166666666667x ) ) + ( 0.1x * 0.333333333333y ) ) )
Fitness = 11.2821033364
Worst Ind: ( 0.5x * ( ( 0.333333333333y + ( ( 0.2x + 0.1x ) * 0.111111111111y ) ) + 0.5x ) )
Fitness = 38.28125
Avg Fitness = 29.7416645284
Duplicated = 1
============================================================================
Evaluate Gen  22
New Population 70
Better than Dads 12
Best Ind: ( 1.0x * ( ( 1.0x + ( 0.2y + 0.166666666667x ) ) + ( 0.1x * 0.333333333333y ) ) )
Fitness = 11.2821033364
Worst Ind: ( ( ( ( 0.125y + ( 0.125y + 0.166666666667x ) ) + 0.111111111111x ) + 0.5y ) * ( 1.0x + ( 0.1x * 0.333333333333y ) ) )
Fitness = 37.075617284
Avg Fitness = 28.4834428398
Duplicated = 1
============================================================================
Evaluate Gen  23
New Population 71
Better than Dads 11
Best Ind: ( 1.0x * ( ( 1.0x + ( 0.2y + 0.166666666667x ) ) + ( 0.1x * 0.333333333333y ) ) )
Fitness = 11.2821033364
Worst Ind: ( ( ( ( 0.1y + 0.111111111111x ) + ( ( ( 0.142857142857x * 0.166666666667y ) * 0.333333333333y ) + 0.2y ) ) * ( ( 1.0y + ( ( 0.333333333333y * 1.0x ) + 0.1x ) ) + 0.1y ) ) + ( ( ( ( 0.333333333333y + 0.125x ) + ( 0.1x * 0.333333333333y ) ) + 0.25x ) + 0.166666666667x ) )
Fitness = 34.3906761976
Avg Fitness = 27.2521588676
Duplicated = 3
============================================================================
Evaluate Gen  24
New Population 71
Better than Dads 13
Best Ind: ( 1.0x * ( ( 1.0x + ( 0.2y + 0.166666666667x ) ) + ( 0.1x * 0.333333333333y ) ) )
Fitness = 11.2821033364
Worst Ind: ( ( 0.2y + 0.166666666667x ) + ( 0.166666666667x * ( ( 0.333333333333y + ( 0.125y + 0.166666666667x ) ) + ( ( 1.0x + 0.166666666667x ) + 1.0x ) ) ) )
Fitness = 32.4459876543
Avg Fitness = 26.3472402288
Duplicated = 3
============================================================================
Evaluate Gen  25
New Population 71
Better than Dads 11
Best Ind: ( 1.0x * ( ( 1.0x + ( 0.2y + 0.166666666667x ) ) + ( 0.1x * 0.333333333333y ) ) )
Fitness = 11.2821033364
Worst Ind: ( ( 0.2y + 0.166666666667x ) + ( 0.166666666667x * ( ( 0.333333333333y + ( 0.125y + 0.166666666667x ) ) + ( ( 1.0x + 0.166666666667x ) + ( 1.0x + 0.1x ) ) ) ) )
Fitness = 31.7781635802
Avg Fitness = 25.6020669852
Duplicated = 2
============================================================================
Evaluate Gen  26
New Population 72
Better than Dads 16
Best Ind: ( ( ( ( 0.2y + 0.111111111111y ) + ( ( ( 0.142857142857x * 0.166666666667y ) * 0.333333333333y ) + 0.2y ) ) * ( ( 1.0y + ( ( 0.333333333333y * 1.0x ) + 0.1x ) ) + 0.1y ) ) + ( ( 0.111111111111x * 0.166666666667x ) + ( ( 0.111111111111y + ( 0.125y + 0.5x ) ) * ( 1.0x + ( 0.111111111111y * 1.0x ) ) ) ) )
Fitness = 10.558410496
Worst Ind: ( ( ( ( 0.2y + 0.111111111111x ) + ( ( ( 0.125y * 0.166666666667y ) * 0.333333333333y ) + 0.2y ) ) * ( ( 1.0y + ( ( 0.333333333333y * 1.0x ) + 0.1x ) ) + 0.1y ) ) + ( ( ( ( 0.333333333333y + 0.125x ) + ( 0.1x * 0.333333333333y ) ) + 0.25x ) + 0.166666666667x ) )
Fitness = 30.0743547577
Avg Fitness = 24.5203896741
Duplicated = 1
============================================================================
Evaluate Gen  27
New Population 74
Better than Dads 16
Best Ind: ( ( ( ( 0.2y + 0.111111111111y ) + ( ( ( 0.142857142857x * 0.166666666667y ) * 0.333333333333y ) + 0.2y ) ) * ( ( 1.0y + ( ( 0.333333333333y * 1.0x ) + 0.1x ) ) + 0.1y ) ) + ( ( 0.111111111111x * 0.166666666667x ) + ( ( 0.111111111111y + ( 0.125y + 0.5x ) ) * ( 1.0x + ( 0.111111111111y * 1.0x ) ) ) ) )
Fitness = 10.558410496
Worst Ind: ( ( ( ( ( ( 0.2y + 0.142857142857y ) + 0.111111111111x ) * 0.2x ) + ( ( 0.25x + 0.2y ) + 0.2y ) ) * ( ( 1.0y + ( ( 0.333333333333y * 1.0x ) + 0.1x ) ) + 0.1y ) ) + 0.166666666667x )
Fitness = 29.233934949
Avg Fitness = 23.7795466154
Duplicated = 1
============================================================================
Evaluate Gen  28
New Population 73
Better than Dads 13
Best Ind: ( ( ( ( 0.2y + 0.111111111111y ) + ( ( ( 0.142857142857x * 0.166666666667y ) * 0.333333333333y ) + 0.2y ) ) * ( ( 1.0y + ( ( 0.333333333333y * 1.0x ) + 0.1x ) ) + 0.1y ) ) + ( ( 0.111111111111x * 0.166666666667x ) + ( ( 0.111111111111y + ( 0.125y + 0.5x ) ) * ( 1.0x + ( 0.111111111111y * 1.0x ) ) ) ) )
Fitness = 10.558410496
Worst Ind: ( ( 0.111111111111x + ( ( 0.2x + 0.25y ) + 0.25y ) ) * ( 1.0y + ( 0.166666666667y * ( ( 0.166666666667x + 0.142857142857y ) * 0.166666666667x ) ) ) )
Fitness = 28.0917343793
Avg Fitness = 22.7459403329
Duplicated = 0
============================================================================
Evaluate Gen  29
New Population 70
Better than Dads 16
Best Ind: ( ( ( ( 0.2y + 0.111111111111y ) + ( ( ( 0.142857142857x * 0.166666666667y ) * 0.333333333333y ) + 0.2y ) ) * ( ( 1.0y + ( ( 0.333333333333y * 1.0x ) + 0.1x ) ) + 0.1y ) ) + ( ( 0.111111111111x * 0.166666666667x ) + ( ( 0.111111111111y + ( 0.125y + 0.5x ) ) * ( 1.0x + ( 0.111111111111y * 1.0x ) ) ) ) )
Fitness = 10.558410496
Worst Ind: ( ( 0.111111111111x * 0.166666666667x ) + ( ( 0.111111111111y + ( 0.125y + 0.5x ) ) * ( 1.0x + ( 0.111111111111y * 1.0x ) ) ) )
Fitness = 27.4348422497
Avg Fitness = 22.2993118428
Duplicated = 0
============================================================================
Evaluate Gen  30
New Population 70
Better than Dads 14
Best Ind: ( ( ( ( 0.2y + 0.111111111111y ) + 0.333333333333y ) * ( ( 1.0y + ( ( 0.333333333333y * 1.0x ) + 0.1x ) ) + 0.1y ) ) + ( ( ( 0.166666666667x + 0.142857142857y ) * ( 1.0y + ( ( 0.333333333333y * 1.0x ) + 0.1x ) ) ) + ( ( 0.111111111111y + ( 0.125y + 0.5x ) ) * ( 1.0x + ( 0.111111111111y * 1.0x ) ) ) ) )
Fitness = 5.51376088295
Worst Ind: ( ( ( 0.2x + 0.2y ) * 0.166666666667x ) + ( ( 0.111111111111y + ( 0.125y + 0.5x ) ) * ( 1.0x + ( 0.111111111111y * ( ( 0.125y * 0.111111111111x ) + ( 0.1x + 0.142857142857y ) ) ) ) ) )
Fitness = 26.8818163088
Avg Fitness = 21.2127845846
Duplicated = 3
============================================================================
Evaluate Gen  31
New Population 70
Better than Dads 10
Best Ind: ( ( ( ( 0.2y + 0.111111111111y ) + 0.333333333333y ) * ( ( 1.0y + ( ( 0.333333333333y * 1.0x ) + 0.1x ) ) + 0.1y ) ) + ( ( ( 0.166666666667x + 0.142857142857y ) * ( 1.0y + ( ( 0.333333333333y * 1.0x ) + 0.1x ) ) ) + ( ( 0.111111111111y + ( 0.125y + 0.5x ) ) * ( 1.0x + ( 0.111111111111y * 1.0x ) ) ) ) )
Fitness = 5.51376088295
Worst Ind: ( ( 0.1y + 0.25y ) + ( 0.166666666667x * ( ( 0.333333333333y + ( 1.0x + 0.166666666667x ) ) + ( ( 1.0x + 0.166666666667x ) + ( 1.0x + 0.1x ) ) ) ) )
Fitness = 25.481867284
Avg Fitness = 19.9811419134
Duplicated = 2
============================================================================
Evaluate Gen  32
New Population 69
Better than Dads 16
Best Ind: ( ( ( ( 0.2y + 0.111111111111y ) + 0.333333333333y ) * ( ( 1.0y + ( ( 0.333333333333y * 1.0x ) + 0.1x ) ) + 0.1y ) ) + ( ( ( 0.166666666667x + 0.142857142857y ) * ( 1.0y + ( ( 0.333333333333y * 1.0x ) + 0.1x ) ) ) + ( ( 0.111111111111y + ( 0.125y + 0.5x ) ) * ( 1.0x + ( 0.111111111111y * 1.0x ) ) ) ) )
Fitness = 5.51376088295
Worst Ind: ( ( ( ( 0.2y + 0.111111111111y ) + ( ( ( 0.142857142857y * 0.166666666667y ) * 0.5x ) + ( ( 0.125y + 1.0y ) + ( 0.125y + 0.166666666667x ) ) ) ) * ( ( 1.0y + ( ( 0.333333333333y * 1.0x ) + 0.1x ) ) + 0.1y ) ) + ( 0.5y + 0.5x ) )
Fitness = 24.8341590043
Avg Fitness = 19.5547957559
Duplicated = 2
============================================================================
Evaluate Gen  33
New Population 70
Better than Dads 15
Best Ind: ( ( ( ( 0.2y + 0.111111111111y ) + 0.333333333333y ) * ( ( 1.0y + ( ( 0.333333333333y * 1.0x ) + 0.1x ) ) + 0.1y ) ) + ( ( ( 0.166666666667x + 0.142857142857y ) * ( 1.0y + ( ( 0.333333333333y * 1.0x ) + 0.1x ) ) ) + ( ( 0.111111111111y + ( 0.125y + 0.5x ) ) * ( 1.0x + ( 0.111111111111y * 1.0x ) ) ) ) )
Fitness = 5.51376088295
Worst Ind: ( ( ( ( ( 0.2y + ( 0.2y + 0.111111111111x ) ) + 0.111111111111y ) + 0.333333333333y ) * ( ( 1.0y + ( ( 0.333333333333y * 1.0x ) + 0.1x ) ) + 0.1y ) ) + 1.0x )
Fitness = 24.3406809594
Avg Fitness = 18.5996241651
Duplicated = 2
============================================================================
Evaluate Gen  34
New Population 71
Better than Dads 15
Best Ind: ( ( ( ( 0.2y + 0.111111111111y ) + 0.333333333333y ) * ( ( 1.0y + ( ( 0.333333333333y * 1.0x ) + 0.1x ) ) + 0.1y ) ) + ( ( ( 0.166666666667x + 0.142857142857y ) * ( 1.0y + ( ( 0.333333333333y * 1.0x ) + 0.1x ) ) ) + ( ( 0.111111111111y + ( 0.125y + 0.5x ) ) * ( 1.0x + ( 0.111111111111y * 1.0x ) ) ) ) )
Fitness = 5.51376088295
Worst Ind: ( 0.5x * ( ( ( ( ( 1.0x * 0.1y ) + ( 0.111111111111x + 0.142857142857y ) ) * ( ( 0.2y + 0.142857142857x ) * 0.166666666667x ) ) * ( ( ( 0.333333333333y + 0.125x ) + ( 0.1x * 0.333333333333y ) ) + 0.25x ) ) + ( ( 1.0x + ( 0.1x + 0.142857142857y ) ) + 0.166666666667x ) ) )
Fitness = 23.3423526878
Avg Fitness = 17.8043047329
Duplicated = 2
============================================================================
Evaluate Gen  35
New Population 67
Better than Dads 12
Best Ind: ( ( ( ( 0.2y + 0.111111111111y ) + 0.333333333333y ) * ( ( 1.0y + ( ( 0.333333333333y * 1.0x ) + 0.1x ) ) + 0.1y ) ) + ( ( ( 0.166666666667x + 0.142857142857y ) * ( 1.0y + ( ( 0.333333333333y * 1.0x ) + 0.1x ) ) ) + ( ( 0.111111111111y + ( 0.125y + 0.5x ) ) * ( 1.0x + ( 0.111111111111y * 1.0x ) ) ) ) )
Fitness = 5.51376088295
Worst Ind: ( 0.5x * ( ( ( ( ( 1.0x * 0.1y ) + ( 0.111111111111x + 0.142857142857y ) ) * ( ( 0.2y + 0.142857142857x ) * 0.166666666667x ) ) * 0.111111111111x ) + ( ( 1.0x + ( 0.166666666667x + 0.142857142857y ) ) + 0.166666666667x ) ) )
Fitness = 22.221450624
Avg Fitness = 16.636869187
Duplicated = 1
============================================================================
Evaluate Gen  36
New Population 64
Better than Dads 10
Best Ind: ( ( ( ( 0.2y + 0.111111111111y ) + 0.333333333333y ) * ( ( 1.0y + ( ( 0.333333333333y * 1.0x ) + 0.1x ) ) + 0.1y ) ) + ( ( ( 0.166666666667x + 0.142857142857y ) * ( 1.0y + ( ( 0.333333333333y * 1.0x ) + 0.1x ) ) ) + ( ( 0.111111111111y + ( 0.125y + 0.5x ) ) * ( 1.0x + ( 0.111111111111y * 1.0x ) ) ) ) )
Fitness = 5.51376088295
Worst Ind: ( ( ( ( 0.2y + 0.111111111111y ) + 0.333333333333y ) * ( ( 1.0y + ( ( 1.0x * 0.1y ) + ( 0.111111111111x + 0.142857142857y ) ) ) + 0.1y ) ) + 1.0x )
Fitness = 22.04156859
Avg Fitness = 16.0934916983
Duplicated = 2
============================================================================
Evaluate Gen  37
New Population 71
Better than Dads 16
Best Ind: ( ( ( 1.0y + 0.142857142857y ) * ( ( 0.2y + 0.111111111111y ) + 0.333333333333y ) ) + ( ( 0.111111111111y + ( ( 0.2x + 0.1y ) + 0.5x ) ) * ( 1.0x + ( 0.111111111111y * 1.0x ) ) ) )
Fitness = 3.96904132023
Worst Ind: ( ( ( ( 1.0x + ( 0.111111111111y * 1.0x ) ) + 0.2y ) * 0.166666666667x ) + ( ( ( 1.0y + ( ( 0.333333333333y * 1.0x ) + 0.1x ) ) + ( 0.125y + 0.5x ) ) * ( 1.0x + ( 0.111111111111y * ( ( 0.125y * 0.111111111111x ) + ( 0.1x + 0.142857142857y ) ) ) ) ) )
Fitness = 21.0713798438
Avg Fitness = 15.2849268958
Duplicated = 4
============================================================================
Evaluate Gen  38
New Population 71
Better than Dads 15
Best Ind: ( ( ( 1.0y + 0.142857142857y ) * ( ( 0.2y + 0.111111111111y ) + 0.333333333333y ) ) + ( ( 0.111111111111y + ( ( 0.2x + 0.1y ) + 0.5x ) ) * ( 1.0x + ( 0.111111111111y * 1.0x ) ) ) )
Fitness = 3.96904132023
Worst Ind: ( ( ( ( 0.166666666667x + 0.25y ) + ( 0.125y + 0.25y ) ) + 0.333333333333y ) * ( ( 0.333333333333y + 0.125x ) + ( ( 0.111111111111y + 0.166666666667x ) + ( 0.125y + 1.0x ) ) ) )
Fitness = 19.9651161691
Avg Fitness = 14.6385705686
Duplicated = 4
============================================================================
Evaluate Gen  39
New Population 75
Better than Dads 11
Best Ind: ( ( ( 1.0y + 0.142857142857y ) * ( ( 0.2y + 0.111111111111y ) + 0.333333333333y ) ) + ( ( 0.111111111111y + ( ( 0.2x + 0.1y ) + 0.5x ) ) * ( 1.0x + ( 0.111111111111y * 1.0x ) ) ) )
Fitness = 3.96904132023
Worst Ind: ( ( ( ( 0.2y + 0.5y ) + ( ( ( 0.142857142857x * 0.166666666667y ) * 0.333333333333y ) + 0.2y ) ) * ( ( 1.0y + ( ( 0.333333333333y * 1.0x ) + 0.1x ) ) + 0.1y ) ) + 0.333333333333y )
Fitness = 17.1869385607
Avg Fitness = 13.6051780459
Duplicated = 7
============================================================================
Evaluate Gen  40
New Population 76
Better than Dads 21
Best Ind: ( ( ( 1.0y + 0.142857142857y ) * ( ( 0.2y + 0.111111111111y ) + 0.333333333333y ) ) + ( ( 0.111111111111y + ( ( 0.2x + 0.1y ) + 0.5x ) ) * ( 1.0x + ( 0.111111111111y * 1.0x ) ) ) )
Fitness = 3.96904132023
Worst Ind: ( ( ( 0.166666666667x + 0.142857142857y ) * 1.0x ) + ( ( 0.166666666667x + ( 0.125y + 0.5x ) ) * ( 1.0x + ( 0.111111111111y * ( 0.2y + 0.111111111111y ) ) ) ) )
Fitness = 17.0138888889
Avg Fitness = 13.153000351
Duplicated = 4
============================================================================
Evaluate Gen  41
New Population 72
Better than Dads 18
Best Ind: ( ( ( 0.166666666667x + 1.0y ) * ( 0.25x + 1.0y ) ) + ( ( 0.166666666667x + ( 0.125y + 0.5x ) ) * ( 1.0x + ( 0.111111111111y * 1.0x ) ) ) )
Fitness = 2.40350647596
Worst Ind: ( ( ( 0.166666666667x + 0.142857142857y ) * ( ( 1.0y + ( ( 0.333333333333y * 1.0x ) + 0.1x ) ) + 0.333333333333y ) ) + ( ( 0.166666666667x + ( 0.125y + 0.5x ) ) * ( 1.0x + ( 0.111111111111y * 1.0x ) ) ) )
Fitness = 15.8538123583
Avg Fitness = 12.57343469
Duplicated = 4
============================================================================
Evaluate Gen  42
New Population 70
Better than Dads 16
Best Ind: ( ( ( 0.166666666667x + 1.0y ) * ( 0.25x + 1.0y ) ) + ( ( 0.166666666667x + ( 0.125y + 0.5x ) ) * ( 1.0x + ( 0.111111111111y * 1.0x ) ) ) )
Fitness = 2.40350647596
Worst Ind: ( ( ( ( 0.111111111111y + ( 0.125y + 0.5x ) ) + ( ( 0.333333333333y * 1.0x ) + 0.1x ) ) + 0.1y ) * ( ( ( 1.0x + 0.5y ) + 0.2y ) + ( ( 0.111111111111y + 0.166666666667x ) + ( 0.125y + 1.0x ) ) ) )
Fitness = 14.9717416256
Avg Fitness = 12.2921301146
Duplicated = 3
============================================================================
Evaluate Gen  43
New Population 73
Better than Dads 20
Best Ind: ( ( ( 0.166666666667x + 1.0y ) * ( 0.25x + 1.0y ) ) + ( ( 0.166666666667x + ( 0.125y + 0.5x ) ) * ( 1.0x + ( 0.111111111111y * 1.0x ) ) ) )
Fitness = 2.40350647596
Worst Ind: ( 0.5x * ( 0.5x + ( ( 1.0x + ( 0.166666666667x + 0.142857142857y ) ) + 0.166666666667x ) ) )
Fitness = 14.6701388889
Avg Fitness = 12.0529709816
Duplicated = 2
============================================================================
Evaluate Gen  44
New Population 74
Better than Dads 17
Best Ind: ( ( ( 0.166666666667x + 1.0y ) * ( 0.25x + 1.0y ) ) + ( ( 0.166666666667x + ( 0.125y + 0.5x ) ) * ( 1.0x + ( 0.111111111111y * 1.0x ) ) ) )
Fitness = 2.40350647596
Worst Ind: ( ( ( 0.125y + 0.142857142857y ) * ( ( 0.2y + 0.111111111111y ) + 0.333333333333y ) ) + ( ( ( ( 0.125y + ( 0.125y + 0.166666666667x ) ) + 0.111111111111x ) + 0.333333333333y ) * ( ( 0.333333333333y + ( ( 0.111111111111x * 0.125x ) + ( 1.0x + 0.142857142857x ) ) ) + ( ( 1.0x + ( 0.2y + 0.111111111111y ) ) + 0.142857142857y ) ) ) )
Fitness = 14.2963929704
Avg Fitness = 11.5758719903
Duplicated = 1
============================================================================
Evaluate Gen  45
New Population 68
Better than Dads 15
Best Ind: ( ( ( 0.166666666667x + 1.0y ) * ( 0.25x + 1.0y ) ) + ( ( 0.166666666667x + ( 0.125y + 0.5x ) ) * ( 1.0x + ( 0.111111111111y * 1.0x ) ) ) )
Fitness = 2.40350647596
Worst Ind: ( ( ( 0.125y + 0.333333333333y ) * ( ( 0.2y + 0.111111111111y ) + 0.333333333333y ) ) + ( ( 0.111111111111y + ( 0.142857142857x + 0.5x ) ) * ( 1.0x + ( 0.111111111111y * ( ( 0.125y * 0.111111111111x ) + 0.333333333333y ) ) ) ) )
Fitness = 14.085427529
Avg Fitness = 11.3627137539
Duplicated = 1
============================================================================
Evaluate Gen  46
New Population 75
Better than Dads 22
Best Ind: ( ( ( 0.166666666667x + 1.0y ) * ( 0.25x + 1.0y ) ) + ( ( 0.166666666667x + ( 0.125y + 0.5x ) ) * ( 1.0x + ( 0.111111111111y * 1.0x ) ) ) )
Fitness = 2.40350647596
Worst Ind: ( 0.5x * ( ( 0.333333333333y + ( ( 0.111111111111x * ( 0.2y + 0.111111111111y ) ) + ( 1.0x + 0.142857142857x ) ) ) + ( ( 1.0x + ( 0.2y + 0.111111111111y ) ) + ( ( ( 0.125y + 0.25y ) + 0.111111111111x ) + 0.333333333333y ) ) ) )
Fitness = 13.2637703914
Avg Fitness = 11.1085145512
Duplicated = 1
============================================================================
Evaluate Gen  47
New Population 73
Better than Dads 21
Best Ind: ( ( ( 0.166666666667x + 1.0y ) * ( 0.25x + 1.0y ) ) + ( ( 0.166666666667x + ( 0.125y + 0.5x ) ) * ( 1.0x + ( 0.111111111111y * 1.0x ) ) ) )
Fitness = 2.40350647596
Worst Ind: ( ( 1.0x * 1.0x ) + ( ( 0.125y + 0.5x ) * ( 1.0x + ( 0.111111111111y * 1.0x ) ) ) )
Fitness = 12.8250123266
Avg Fitness = 11.0251128874
Duplicated = 1
============================================================================
Evaluate Gen  48
New Population 72
Better than Dads 20
Best Ind: ( ( ( 0.166666666667x + 1.0y ) * ( 0.25x + 1.0y ) ) + ( ( 0.166666666667x + ( 0.125y + 0.5x ) ) * ( 1.0x + ( 0.111111111111y * 1.0x ) ) ) )
Fitness = 2.40350647596
Worst Ind: ( ( ( ( 0.333333333333y * 1.0x ) + 0.1x ) + 1.0y ) * ( 0.25x + 1.0y ) )
Fitness = 12.5891228
Avg Fitness = 10.9550768504
Duplicated = 1
============================================================================
Evaluate Gen  49
New Population 76
Better than Dads 22
Best Ind: ( ( ( 0.166666666667x + 1.0y ) * ( 0.25x + 1.0y ) ) + ( ( 0.166666666667x + ( 0.125y + 0.5x ) ) * ( 1.0x + ( 0.111111111111y * 1.0x ) ) ) )
Fitness = 2.40350647596
Worst Ind: ( ( 0.111111111111x * 0.166666666667x ) + ( ( 0.111111111111y + ( 1.0x + ( 0.111111111111y * 1.0x ) ) ) * ( 1.0x + ( 0.111111111111y * ( ( 0.125y * 0.111111111111x ) + ( 0.1x + 0.142857142857y ) ) ) ) ) )
Fitness = 12.1924099406
Avg Fitness = 10.8745682027
Duplicated = 4
============================================================================
Evaluate Gen  50
New Population 70
Better than Dads 19
Best Ind: ( ( ( 0.166666666667x + 1.0y ) * ( 0.25x + 1.0y ) ) + ( ( 0.166666666667x + ( 0.125y + 0.5x ) ) * ( 1.0x + ( 0.111111111111y * 1.0x ) ) ) )
Fitness = 2.40350647596
Worst Ind: ( ( ( 1.0x + ( 0.111111111111y * 1.0x ) ) * 1.0x ) + ( ( 0.166666666667x + ( 0.125y + 0.333333333333y ) ) * ( 1.0x + ( 0.111111111111y * 1.0x ) ) ) )
Fitness = 12.1422029044
Avg Fitness = 10.839262208
Duplicated = 4
