dataset_file= dataset/SR_circle.txt
population= 50
generations= 100
tournament_size= 2
cross_over= 0.9
mutation= 0.05
elitism= True
(50, 2)
============================================================================
Build initial population
ind: 1
( ( ( ( ( 0.142857142857x * ( 0.1x * 0.333333333333x ) ) + 0.111111111111y ) + 0.111111111111y ) * ( 0.1x + ( 0.25y * 0.5y ) ) ) + 1.0y )
ind: 2
( 0.2y * 0.25x )
ind: 3
( ( 0.333333333333x + ( 1.0x * 0.142857142857y ) ) + ( ( ( ( 1.0x + ( 0.333333333333x + 0.1y ) ) + ( 0.111111111111x + ( 0.333333333333x + 0.333333333333x ) ) ) + ( 0.166666666667y * ( ( 0.333333333333y + 0.1y ) + 0.125x ) ) ) + ( ( 1.0y + ( 0.5x * ( 0.2y + 0.2y ) ) ) * ( 0.142857142857y + 0.1y ) ) ) )
ind: 4
( 0.111111111111x * ( 0.1y * ( 0.2x + ( 0.142857142857y + ( 0.142857142857y * 0.166666666667x ) ) ) ) )
ind: 5
( 0.111111111111x * 0.125y )
ind: 6
( ( ( 0.25x * ( 0.142857142857y * 0.111111111111x ) ) + 0.1x ) + 1.0y )
ind: 7
( ( 0.333333333333x * ( ( 1.0y + 0.142857142857y ) * 0.111111111111y ) ) + 0.111111111111y )
ind: 8
( 0.111111111111y * 0.111111111111x )
ind: 9
( 0.333333333333y + ( ( 1.0x + 0.5x ) * 1.0y ) )
ind: 10
( ( ( 0.142857142857y * ( ( 1.0x * 0.2y ) * ( ( 0.333333333333y + 0.333333333333x ) + ( 1.0x + 0.2y ) ) ) ) * 0.125y ) + 0.142857142857x )
ind: 11
( 0.125x * ( ( ( ( 0.111111111111x + 0.125x ) * 0.166666666667y ) + 0.166666666667x ) * ( 0.333333333333y * 0.25x ) ) )
ind: 12
( ( 0.111111111111y * 0.25x ) * ( ( ( 0.1x + 0.2y ) * 1.0y ) * 0.1y ) )
ind: 13
( 0.333333333333y * ( 0.333333333333x * 0.2y ) )
ind: 14
( ( 0.25x * ( 0.2y + ( 0.125y + ( 0.111111111111y * 0.5x ) ) ) ) * ( ( ( ( 0.5y + ( 1.0y * 0.1y ) ) + 0.25y ) + 0.25y ) + 0.125y ) )
ind: 15
( 0.5x * ( ( 1.0x * ( ( 0.125x * 0.5y ) * 0.333333333333x ) ) * 0.5y ) )
ind: 16
( ( ( 0.142857142857y * ( ( ( 0.25y + 0.166666666667y ) * ( 0.125y * 0.25x ) ) * ( ( 0.111111111111x * 0.166666666667x ) * 0.166666666667y ) ) ) * ( ( ( ( 0.333333333333x + 0.333333333333y ) + 0.142857142857y ) + ( ( 0.25y * 0.333333333333x ) * 0.333333333333y ) ) + 1.0x ) ) + 0.2x )
ind: 17
( 0.25x * ( ( ( ( 0.2y + ( 0.166666666667y * 0.2x ) ) + 0.5y ) * 0.1x ) * ( ( ( 0.142857142857x + 0.2x ) * ( ( 1.0x + 1.0x ) + 0.142857142857x ) ) + ( 1.0x + ( ( 0.2y + 0.125x ) * 0.142857142857x ) ) ) ) )
ind: 18
( ( 0.333333333333y + ( 0.25y + ( 0.142857142857x + ( 0.2x * 0.166666666667y ) ) ) ) + ( 0.166666666667y * ( ( ( ( 0.1y + 0.25x ) + ( 0.166666666667x + 0.333333333333y ) ) * 0.111111111111y ) * ( ( ( 0.111111111111x + 0.166666666667y ) * ( 0.333333333333x * 0.1x ) ) * ( ( 0.1y * 0.5x ) * ( 0.333333333333x * 0.5y ) ) ) ) ) )
ind: 19
( ( 0.2y + 0.2x ) + 0.333333333333y )
ind: 20
( 0.111111111111y * ( ( 1.0x + ( 0.166666666667y + 1.0y ) ) * ( ( ( ( 0.125y + 0.166666666667y ) * ( 0.125x * 0.125x ) ) * 1.0x ) * ( ( ( 0.25y + 0.333333333333y ) + 0.2x ) + ( 0.125y * 0.5x ) ) ) ) )
ind: 21
( ( 0.5y * ( 0.333333333333y * 0.166666666667x ) ) * 1.0y )
ind: 22
( 0.5x + ( ( 1.0y * 0.142857142857x ) + ( ( ( ( 0.166666666667y * 0.333333333333y ) * ( 0.125y + 0.1y ) ) * ( 0.125y * 0.5y ) ) + 0.25y ) ) )
ind: 23
( 0.5x * ( ( ( ( ( 0.5x * 0.333333333333y ) * ( 0.1x + 0.1x ) ) * 0.125y ) + ( ( ( 0.142857142857x + 0.125x ) * 0.1x ) * 0.125y ) ) + 0.111111111111x ) )
ind: 24
( 0.1y + ( ( 0.333333333333x + ( 0.2y * 0.142857142857y ) ) * 0.2x ) )
ind: 25
( ( 0.142857142857y * ( ( 0.166666666667x * ( ( 0.111111111111y * 0.333333333333x ) + 0.166666666667x ) ) * ( ( 0.142857142857y + 0.111111111111y ) + 0.25y ) ) ) + ( 0.2x * ( 0.166666666667x + 1.0x ) ) )
ind: 26
( ( 0.1y * ( 0.25x + ( 0.125y * ( 0.142857142857x * ( 1.0y * 0.5y ) ) ) ) ) * 0.125x )
ind: 27
( ( 0.333333333333x * ( 0.1y + ( 0.5x * ( 0.166666666667y + ( 0.111111111111x + 1.0x ) ) ) ) ) * 0.142857142857y )
ind: 28
( 0.111111111111y * ( 0.25x + 0.25x ) )
ind: 29
( ( ( 0.2x * 0.2y ) * ( 1.0y + ( 0.111111111111x * 0.111111111111x ) ) ) + 0.333333333333x )
ind: 30
( 0.1y + ( ( 0.1x + 0.166666666667x ) * ( ( 0.5x + ( 0.333333333333y * 0.25x ) ) + ( ( 0.1y * ( 0.142857142857x * 0.166666666667y ) ) * ( ( 0.142857142857y * 0.25x ) * 0.111111111111y ) ) ) ) )
ind: 31
( ( ( ( ( 0.25y + 0.142857142857x ) * ( ( 0.5y * 1.0x ) + ( 0.2x * 0.5y ) ) ) + ( ( 0.333333333333x * ( 0.25y + 0.142857142857x ) ) + 0.125x ) ) * ( ( 1.0y * ( 0.1y * ( 0.111111111111x * 0.111111111111y ) ) ) * 0.111111111111x ) ) * ( ( 0.25x + 0.125y ) + 0.166666666667x ) )
ind: 32
( ( ( 0.1y * 0.2y ) * ( ( ( ( 0.142857142857x + 0.5y ) * 0.142857142857y ) + ( ( 0.111111111111y + 0.2y ) + 0.25y ) ) + ( 0.5x + 1.0x ) ) ) + 0.111111111111x )
ind: 33
( ( 0.142857142857x * ( ( 0.5y * 1.0x ) * ( ( ( 0.2y * 0.333333333333y ) * ( 0.2x + 0.25y ) ) * ( 0.142857142857y + 0.2x ) ) ) ) + ( 0.111111111111y * 0.5x ) )
ind: 34
( 0.111111111111x + 0.1y )
ind: 35
( ( 0.2x * ( ( ( ( 0.125x + 0.1y ) * ( 1.0x + 0.142857142857x ) ) * ( 0.5x + ( 0.166666666667x * 0.142857142857x ) ) ) + 0.333333333333x ) ) + 0.5x )
ind: 36
( ( ( ( ( ( 0.5y * 0.1x ) * 0.333333333333x ) + ( ( 1.0x + 0.125x ) + ( 0.333333333333y * 0.5x ) ) ) * ( ( 0.111111111111y + ( 0.142857142857y * 0.25x ) ) * ( ( 0.25x + 0.142857142857y ) * 0.125x ) ) ) * ( ( ( ( 1.0x + 0.111111111111x ) + ( 0.5x * 0.111111111111y ) ) * ( 0.5y * 0.166666666667x ) ) * 0.1x ) ) + 0.2x )
ind: 37
( 0.2x * ( 0.125y * 0.125y ) )
ind: 38
( ( ( ( 0.111111111111y + 0.2x ) * 0.1y ) * ( ( ( ( 0.333333333333y + 0.5x ) * 0.125y ) * ( 0.142857142857y * 0.1x ) ) * 0.5x ) ) * 1.0y )
ind: 39
( 0.1x + 0.111111111111y )
ind: 40
( ( ( 0.125x + ( 1.0y * ( ( 0.5y * 1.0x ) + 0.2y ) ) ) + ( 1.0y + ( ( 0.5x * ( 0.166666666667y * 0.5y ) ) * 0.125x ) ) ) * ( 0.5x + 0.5y ) )
ind: 41
( ( ( 0.5x * 0.25x ) * 0.25y ) + ( 0.125y * ( ( ( ( 0.2y + 0.111111111111y ) + ( 0.166666666667y + 0.142857142857x ) ) + ( 0.25x * ( 1.0y * 0.25x ) ) ) + ( ( ( 0.142857142857y + 0.142857142857x ) + 0.333333333333y ) * ( ( 0.1y * 0.333333333333y ) + 0.166666666667y ) ) ) ) )
ind: 42
( ( ( 0.5y + ( 1.0x * ( 0.166666666667x + ( 0.166666666667x + 0.2y ) ) ) ) * ( ( ( 0.111111111111y + 0.142857142857y ) * 0.2y ) * ( 0.142857142857x * ( 0.5y * ( 0.142857142857x + 0.125x ) ) ) ) ) * 0.5y )
ind: 43
( ( ( 0.111111111111y * 0.2y ) + ( ( ( ( 0.2y + 0.5x ) + 1.0x ) * 0.1y ) + 0.166666666667y ) ) * 0.1y )
ind: 44
( ( ( 0.333333333333y + ( ( 0.111111111111x + ( 0.25y + 0.1x ) ) + ( ( 0.2x * 0.166666666667y ) * 0.166666666667y ) ) ) + 0.166666666667x ) * 0.1x )
ind: 45
( 0.2y + 0.166666666667x )
ind: 46
( 0.125x + 0.1y )
ind: 47
( 0.5x * ( 0.111111111111y * 1.0y ) )
ind: 48
( ( ( 1.0y * ( ( ( 0.125y + 0.25y ) + 0.142857142857x ) * ( ( 0.25y * 1.0y ) + ( 0.333333333333y + 0.5x ) ) ) ) + ( ( 0.142857142857y + ( ( 0.25x + 0.25x ) * ( 0.142857142857x + 0.142857142857y ) ) ) * 0.2x ) ) + 0.1y )
ind: 49
( ( 0.1y * 0.2y ) * 0.1x )
ind: 50
( 0.125y * ( ( ( 0.5y * 0.333333333333y ) + ( ( 0.333333333333x * ( 0.111111111111y + 0.166666666667y ) ) + 1.0x ) ) + 0.2y ) )
Best Ind: ( ( ( 0.125x + ( 1.0y * ( ( 0.5y * 1.0x ) + 0.2y ) ) ) + ( 1.0y + ( ( 0.5x * ( 0.166666666667y * 0.5y ) ) * 0.125x ) ) ) * ( 0.5x + 0.5y ) )
Fitness = 23.6328125
Worst Ind: ( ( 0.333333333333x + ( 1.0x * 0.142857142857y ) ) + ( ( ( ( 1.0x + ( 0.333333333333x + 0.1y ) ) + ( 0.111111111111x + ( 0.333333333333x + 0.333333333333x ) ) ) + ( 0.166666666667y * ( ( 0.333333333333y + 0.1y ) + 0.125x ) ) ) + ( ( 1.0y + ( 0.5x * ( 0.2y + 0.2y ) ) ) * ( 0.142857142857y + 0.1y ) ) ) )
Fitness = 133.139886478
Avg Fitness = 50.3787931993
Duplicated = 0
============================================================================
Evaluate Gen  1
New Population 80
Better than Dads 14
Best Ind: ( ( ( 0.125x + ( 1.0y * ( ( 0.5y * 1.0x ) + 0.2y ) ) ) + ( 1.0y + ( ( 0.5x * ( 0.166666666667y * 0.5y ) ) * 0.125x ) ) ) * ( 0.5x + 0.5y ) )
Fitness = 23.6328125
Worst Ind: ( 0.111111111111y * 0.111111111111x )
Fitness = 50.0
Avg Fitness = 48.0860661997
Duplicated = 0
============================================================================
Evaluate Gen  2
New Population 76
Better than Dads 16
Best Ind: ( ( ( 0.125x + ( 1.0y * ( ( 0.5y * 1.0x ) + 0.2y ) ) ) + ( 1.0y + ( ( 0.5x * ( 0.166666666667y * 0.5y ) ) * 0.125x ) ) ) * ( 0.5x + 0.5y ) )
Fitness = 23.6328125
Worst Ind: ( 0.111111111111y * ( ( 1.0x + ( 0.166666666667y + 1.0y ) ) * ( ( ( ( 0.125y + 0.166666666667y ) * ( 0.125x * 0.125x ) ) * 1.0x ) * ( ( ( 0.25y + 0.333333333333y ) + 0.2x ) + ( 0.125y * 0.5x ) ) ) ) )
Fitness = 49.9999134629
Avg Fitness = 47.5515252924
Duplicated = 0
============================================================================
Evaluate Gen  3
New Population 77
Better than Dads 15
Best Ind: ( ( ( 0.125x + ( 1.0y * ( ( 0.5y * 1.0x ) + 0.2y ) ) ) + ( 1.0y + ( ( 0.5x * ( 0.166666666667y * 0.5y ) ) * 0.125x ) ) ) * ( 0.5x + 0.5y ) )
Fitness = 23.6328125
Worst Ind: ( 0.125x * ( ( ( ( 0.111111111111x + 0.125x ) * 0.166666666667y ) + 0.142857142857y ) * ( 0.333333333333y * 0.25x ) ) )
Fitness = 49.9814005395
Avg Fitness = 46.641472466
Duplicated = 0
============================================================================
Evaluate Gen  4
New Population 81
Better than Dads 17
Best Ind: ( ( ( 0.125x + ( 1.0y * ( ( 0.5y * 1.0x ) + 0.2y ) ) ) + ( 1.0y + ( ( 0.5x * ( 0.166666666667y * 0.5y ) ) * 0.125x ) ) ) * ( 0.5x + 0.5y ) )
Fitness = 23.6328125
Worst Ind: ( 0.111111111111y * ( ( 0.2x + ( 0.142857142857y + ( 0.142857142857y * 0.125y ) ) ) + 0.25x ) )
Fitness = 49.2094986143
Avg Fitness = 45.3249275521
Duplicated = 0
============================================================================
Evaluate Gen  5
New Population 80
Better than Dads 18
Best Ind: ( ( ( 0.125x + ( 1.0y * ( ( 0.5y * 1.0x ) + 0.2y ) ) ) + ( 1.0y + ( ( 0.5x * ( 0.166666666667y * 0.5y ) ) * 0.125x ) ) ) * ( 0.5x + 0.5y ) )
Fitness = 23.6328125
Worst Ind: ( ( ( 0.333333333333y + ( ( 0.111111111111x + ( 0.25y + 0.1x ) ) + ( ( 0.2x * 0.166666666667y ) * 0.111111111111y ) ) ) + 0.166666666667x ) * 0.1x )
Fitness = 48.1244085434
Avg Fitness = 44.5032976639
Duplicated = 2
============================================================================
Evaluate Gen  6
New Population 74
Better than Dads 16
Best Ind: ( ( ( 0.125x + ( 1.0y * ( ( 0.5y * 1.0x ) + 0.2y ) ) ) + ( 1.0y + ( ( 0.5x * ( 0.166666666667y * 0.5y ) ) * 0.125x ) ) ) * ( 0.5x + 0.5y ) )
Fitness = 23.6328125
Worst Ind: ( ( 0.5x * 0.25y ) + ( 0.125y * ( ( ( ( 0.2y + 0.111111111111y ) + ( 0.166666666667y + 0.142857142857x ) ) + ( 0.25x * ( 1.0y * 0.25x ) ) ) + ( ( ( 0.142857142857y + 0.142857142857x ) + 0.333333333333y ) * ( ( 0.1y * 0.333333333333y ) + 0.166666666667y ) ) ) ) )
Fitness = 46.8916981328
Avg Fitness = 43.5678090139
Duplicated = 2
============================================================================
Evaluate Gen  7
New Population 73
Better than Dads 15
Best Ind: ( ( ( 0.125x + ( 1.0y * ( ( 0.5y * 1.0x ) + 0.2y ) ) ) + ( 1.0y + ( ( 0.5x * ( 0.166666666667y * 0.5y ) ) * 0.125x ) ) ) * ( 0.5x + 0.5y ) )
Fitness = 23.6328125
Worst Ind: ( 0.333333333333x + ( ( 0.333333333333x + ( 0.2y * 0.142857142857y ) ) * 0.2x ) )
Fitness = 46.7222222222
Avg Fitness = 42.522510125
Duplicated = 3
============================================================================
Evaluate Gen  8
New Population 79
Better than Dads 17
Best Ind: ( ( ( 0.125x + ( 1.0y * ( ( 0.5y * 1.0x ) + 0.2y ) ) ) + ( 1.0y + ( ( 0.5x * ( 0.166666666667y * 0.5y ) ) * 0.125x ) ) ) * ( 0.5x + 0.5y ) )
Fitness = 23.6328125
Worst Ind: ( 0.5x + ( 0.25x * ( ( ( 0.333333333333x + ( 0.2y * 0.142857142857y ) ) + ( 0.333333333333y * 0.25x ) ) + ( ( 0.1y * ( 0.142857142857x * 0.166666666667y ) ) * ( ( 0.142857142857y * 0.25x ) * 0.111111111111y ) ) ) ) )
Fitness = 45.9201388889
Avg Fitness = 40.6217892901
Duplicated = 2
============================================================================
Evaluate Gen  9
New Population 81
Better than Dads 18
Best Ind: ( ( ( 0.333333333333y + ( ( 0.111111111111x + ( 0.25y + 0.1x ) ) + ( 1.0x + 1.0x ) ) ) + 0.166666666667x ) * 0.333333333333x )
Fitness = 18.2229080933
Worst Ind: ( 0.5x + ( 0.25x * ( ( 0.5x + ( 0.333333333333y * 0.25x ) ) + ( ( 0.1y * ( 0.142857142857x * 0.166666666667y ) ) * ( ( 0.142857142857y * 0.25x ) * 0.111111111111y ) ) ) ) )
Fitness = 43.9453125
Avg Fitness = 37.7469497399
Duplicated = 4
============================================================================
Evaluate Gen  10
New Population 80
Better than Dads 17
Best Ind: ( ( ( 0.333333333333y + ( ( 0.111111111111x + ( 0.25y + 0.1x ) ) + ( 1.0x + 1.0x ) ) ) + 0.166666666667x ) * 0.333333333333x )
Fitness = 18.2229080933
Worst Ind: ( ( 1.0x * ( ( 0.166666666667x * ( 0.142857142857x + 0.166666666667x ) ) * ( 0.1y + 0.25y ) ) ) + ( 0.2x * ( 0.166666666667x + 1.0x ) ) )
Fitness = 39.0138888889
Avg Fitness = 36.0945476631
Duplicated = 3
============================================================================
Evaluate Gen  11
New Population 82
Better than Dads 19
Best Ind: ( ( ( 0.125x + 0.5x ) + ( 1.0y + ( ( 0.5x * ( 0.166666666667y * 0.5y ) ) * 0.125x ) ) ) * ( 0.5x + 0.5y ) )
Fitness = 17.626953125
Worst Ind: ( ( 1.0x * ( ( 0.166666666667x * ( ( 0.111111111111y * 0.333333333333x ) + 0.166666666667x ) ) * ( 0.333333333333y * 0.25y ) ) ) + ( 0.2x * ( 0.166666666667x + 1.0x ) ) )
Fitness = 39.0138888889
Avg Fitness = 34.2823673517
Duplicated = 4
============================================================================
Evaluate Gen  12
New Population 80
Better than Dads 24
Best Ind: ( 0.142857142857y + ( ( 1.0y * 0.142857142857x ) + ( 0.5x * ( 1.0x + ( 0.111111111111x + 1.0x ) ) ) ) )
Fitness = 11.8035259678
Worst Ind: ( ( ( ( ( 0.25y * 1.0y ) + ( 0.333333333333y + 0.5x ) ) * ( 0.111111111111y + 0.166666666667x ) ) * 0.125y ) + ( 0.2x * ( 0.166666666667x + 1.0x ) ) )
Fitness = 38.8989562988
Avg Fitness = 32.4484501543
Duplicated = 5
============================================================================
Evaluate Gen  13
New Population 81
Better than Dads 18
Best Ind: ( 0.142857142857y + ( ( 1.0y * 0.142857142857x ) + ( 0.5x * ( 1.0x + ( 0.111111111111x + 1.0x ) ) ) ) )
Fitness = 11.8035259678
Worst Ind: ( ( ( ( ( 0.2y + 0.111111111111y ) + ( 0.166666666667y + 0.142857142857x ) ) + ( 0.25x * ( 1.0y * 0.25x ) ) ) + ( ( ( 0.142857142857y + 0.142857142857x ) + 0.333333333333y ) * ( ( 0.1y * 0.333333333333y ) + 0.166666666667y ) ) ) + ( 0.2x * ( 0.166666666667x + 1.0x ) ) )
Fitness = 35.5873330814
Avg Fitness = 29.3982274825
Duplicated = 6
============================================================================
Evaluate Gen  14
New Population 74
Better than Dads 15
Best Ind: ( ( 0.25x * ( 1.0y * 0.25x ) ) + ( ( 1.0y * 0.142857142857x ) + ( 0.5x * ( 1.0x + ( 0.111111111111x + 1.0x ) ) ) ) )
Fitness = 11.7552995017
Worst Ind: ( 0.5x + ( ( ( ( ( 0.2y + 0.111111111111y ) + ( 0.166666666667y + 0.142857142857x ) ) + ( 0.25x * ( 1.0y * 0.25x ) ) ) + ( ( 0.333333333333y + 0.333333333333y ) * ( ( 0.1y * 0.333333333333y ) + 0.166666666667y ) ) ) + ( 0.2x * ( 0.166666666667x + 1.0x ) ) ) )
Fitness = 34.4518965469
Avg Fitness = 27.5211247992
Duplicated = 4
============================================================================
Evaluate Gen  15
New Population 77
Better than Dads 20
Best Ind: ( ( 0.25x * ( 1.0y * 0.25x ) ) + ( ( 1.0y * 0.142857142857x ) + ( 0.5x * ( 1.0x + ( 0.111111111111x + 1.0x ) ) ) ) )
Fitness = 11.7552995017
Worst Ind: ( ( ( ( ( 0.2y + 0.111111111111y ) + ( 0.166666666667y + 0.142857142857x ) ) + ( 0.25x * ( 1.0y * 0.25x ) ) ) + ( ( 0.333333333333y + 0.333333333333y ) * ( ( 0.1y * 0.333333333333y ) + 0.166666666667y ) ) ) + ( 0.2x * ( 0.166666666667x + 1.0x ) ) )
Fitness = 34.2608024691
Avg Fitness = 25.8169096493
Duplicated = 3
============================================================================
Evaluate Gen  16
New Population 76
Better than Dads 21
Best Ind: ( ( 0.25x * ( 1.0y * 0.25x ) ) + ( ( 1.0y * 0.142857142857x ) + ( 0.5x * ( 1.0x + ( 0.111111111111x + 1.0x ) ) ) ) )
Fitness = 11.7552995017
Worst Ind: ( ( ( 0.333333333333y + ( ( ( 0.142857142857y + 0.111111111111y ) + 0.333333333333x ) + ( 0.5x + ( 0.333333333333y * 0.25x ) ) ) ) + 0.166666666667x ) * ( 0.142857142857x + 0.5y ) )
Fitness = 30.5563429075
Avg Fitness = 24.7130414707
Duplicated = 4
============================================================================
Evaluate Gen  17
New Population 85
Better than Dads 20
Best Ind: ( ( 0.25x * ( 1.0y * 0.25x ) ) + ( ( 1.0y * 0.142857142857x ) + ( 0.5x * ( 1.0x + ( 0.111111111111x + 1.0x ) ) ) ) )
Fitness = 11.7552995017
Worst Ind: ( ( ( ( 0.166666666667x + ( 0.333333333333y + 0.5x ) ) + 0.5x ) * 0.1x ) + ( ( 0.1x + 0.333333333333x ) * 1.0x ) )
Fitness = 26.28125
Avg Fitness = 22.3702994207
Duplicated = 4
============================================================================
Evaluate Gen  18
New Population 82
Better than Dads 23
Best Ind: ( ( 0.2x + ( ( 1.0y * ( 0.142857142857x + 0.5y ) ) + ( 0.5x * ( 0.166666666667y + ( 0.111111111111x + 1.0x ) ) ) ) ) + 0.333333333333y )
Fitness = 11.2308738017
Worst Ind: ( ( ( ( ( 0.2y * 0.333333333333y ) * ( 0.2x + 0.25y ) ) * ( ( 0.142857142857y + 0.111111111111y ) + 0.25y ) ) + ( ( 1.0y * 0.142857142857x ) + ( 0.5x * ( 0.166666666667y + ( 0.111111111111x + 1.0x ) ) ) ) ) + 0.333333333333y )
Fitness = 25.8532573059
Avg Fitness = 20.3207104564
Duplicated = 1
============================================================================
Evaluate Gen  19
New Population 81
Better than Dads 23
Best Ind: ( 0.142857142857y + ( ( 1.0x * 0.142857142857x ) + ( 0.5x * ( 1.0x + ( 0.111111111111x + 1.0x ) ) ) ) )
Fitness = 11.1569404525
Worst Ind: ( ( ( 0.333333333333y + ( ( 0.111111111111x + ( 0.25y + 0.1x ) ) + ( 0.142857142857x + 0.5y ) ) ) + 0.166666666667x ) * ( 0.142857142857x + 0.5y ) )
Fitness = 23.9417093203
Avg Fitness = 18.6005441649
Duplicated = 0
============================================================================
Evaluate Gen  20
New Population 78
Better than Dads 22
Best Ind: ( 0.142857142857y + ( ( 1.0x * 0.142857142857x ) + ( 0.5x * ( 1.0x + ( 0.111111111111x + 1.0x ) ) ) ) )
Fitness = 11.1569404525
Worst Ind: ( 0.5x + ( ( 1.0y * 0.142857142857y ) + ( 0.5x * ( 0.2y + ( 0.111111111111x + 1.0x ) ) ) ) )
Fitness = 21.6589076673
Avg Fitness = 17.3383129663
Duplicated = 0
============================================================================
Evaluate Gen  21
New Population 81
Better than Dads 21
Best Ind: ( 0.142857142857y + ( ( 1.0x * 0.142857142857x ) + ( 0.5x * ( 1.0x + ( 0.111111111111x + 1.0x ) ) ) ) )
Fitness = 11.1569404525
Worst Ind: ( ( ( 0.333333333333y + ( ( 0.111111111111x + 0.333333333333x ) + 1.0y ) ) + ( 0.5x * 1.0y ) ) * ( 0.142857142857x + 0.5y ) )
Fitness = 20.1562106324
Avg Fitness = 15.6856190393
Duplicated = 2
============================================================================
Evaluate Gen  22
New Population 75
Better than Dads 19
Best Ind: ( 0.142857142857y + ( ( 1.0x * 0.142857142857x ) + ( 0.5x * ( 1.0x + ( 0.111111111111x + 1.0x ) ) ) ) )
Fitness = 11.1569404525
Worst Ind: ( 0.25y + ( ( 1.0y * 0.142857142857x ) + ( 0.5x * ( 0.166666666667y + ( 0.5x + 1.0x ) ) ) ) )
Fitness = 19.53125
Avg Fitness = 14.9539216073
Duplicated = 4
============================================================================
Evaluate Gen  23
New Population 85
Better than Dads 24
Best Ind: ( ( 0.125x + ( ( 1.0y * 0.5y ) + ( 0.5x * ( 0.166666666667y + ( 0.111111111111x + 1.0x ) ) ) ) ) + ( ( 0.166666666667x * 0.142857142857x ) + ( 0.5x * ( 0.166666666667y + ( 0.111111111111x + 1.0x ) ) ) ) )
Fitness = 3.31080681204
Worst Ind: ( ( 0.5x + ( ( 1.0y * 0.166666666667y ) + ( 0.5x * ( 0.166666666667y + ( 0.5x + 1.0x ) ) ) ) ) + ( ( ( 0.142857142857y + 0.142857142857x ) + 0.333333333333y ) * ( ( 0.1y * 0.333333333333y ) + 0.166666666667y ) ) )
Fitness = 16.0346606345
Avg Fitness = 12.8576357565
Duplicated = 2
============================================================================
Evaluate Gen  24
New Population 82
Better than Dads 24
Best Ind: ( ( 0.125x + ( ( 1.0y * 0.5y ) + ( 0.5x * ( 0.166666666667y + ( 0.111111111111x + 1.0x ) ) ) ) ) + ( ( 0.166666666667x * 0.142857142857x ) + ( 0.5x * ( 0.166666666667y + ( 0.111111111111x + 1.0x ) ) ) ) )
Fitness = 3.31080681204
Worst Ind: ( ( ( 0.333333333333y + ( ( 0.111111111111x + ( 0.142857142857x + 0.5y ) ) + 1.0y ) ) + ( 0.5x * 1.0y ) ) * ( 0.142857142857x + 0.5y ) )
Fitness = 13.7752726207
Avg Fitness = 11.8710457136
Duplicated = 4
============================================================================
Evaluate Gen  25
New Population 81
Better than Dads 26
Best Ind: ( ( 0.125x + ( ( 1.0y * 0.5y ) + ( 0.5x * ( 0.166666666667y + ( 0.111111111111x + 1.0x ) ) ) ) ) + ( ( 0.166666666667x * 0.142857142857x ) + ( 0.5x * ( 0.166666666667y + ( 0.111111111111x + 1.0x ) ) ) ) )
Fitness = 3.31080681204
Worst Ind: ( 0.125x + ( ( 0.166666666667x * 0.142857142857x ) + ( 0.5x * ( 0.166666666667y + ( 1.0x + 1.0x ) ) ) ) )
Fitness = 13.1227938261
Avg Fitness = 11.6216379711
Duplicated = 5
============================================================================
Evaluate Gen  26
New Population 79
Better than Dads 26
Best Ind: ( ( 0.125x + ( ( 1.0y * 0.5y ) + ( 0.5x * ( 0.166666666667y + ( 0.111111111111x + 1.0x ) ) ) ) ) + ( ( 0.166666666667x * 0.142857142857x ) + ( 0.5x * ( 0.166666666667y + ( 0.111111111111x + 1.0x ) ) ) ) )
Fitness = 3.31080681204
Worst Ind: ( ( 0.125x + ( 0.333333333333y + ( 0.5x * ( 0.166666666667y + ( 0.111111111111x + 1.0x ) ) ) ) ) + ( ( 0.166666666667x * 0.142857142857x ) + ( 0.5x * ( 0.166666666667y + ( 0.111111111111x + 1.0x ) ) ) ) )
Fitness = 12.6304891195
Avg Fitness = 11.4923307035
Duplicated = 6
============================================================================
Evaluate Gen  27
New Population 88
Better than Dads 28
Best Ind: ( ( 0.125x + ( ( 1.0y * 0.5y ) + ( 0.5x * ( 0.166666666667y + ( 0.111111111111x + 1.0x ) ) ) ) ) + ( ( 0.166666666667x * 0.142857142857x ) + ( 0.5x * ( 0.166666666667y + ( 0.111111111111x + 1.0x ) ) ) ) )
Fitness = 3.31080681204
Worst Ind: ( ( 0.125x + ( ( 1.0y * 0.142857142857x ) + ( 0.5x * ( 0.166666666667y + ( 0.111111111111x + 1.0x ) ) ) ) ) + ( ( 0.166666666667x * 0.142857142857x ) + ( 0.5x * ( 0.166666666667y + ( 0.111111111111x + 1.0x ) ) ) ) )
Fitness = 12.1070309899
Avg Fitness = 11.3311725644
Duplicated = 8
============================================================================
Evaluate Gen  28
New Population 78
Better than Dads 24
Best Ind: ( ( 0.125x + ( ( 1.0y * 0.5y ) + ( 0.5x * ( 0.166666666667y + ( 0.111111111111x + 1.0x ) ) ) ) ) + ( ( 0.166666666667x * 0.142857142857x ) + ( 0.5x * ( 0.166666666667y + ( 0.111111111111x + 1.0x ) ) ) ) )
Fitness = 3.31080681204
Worst Ind: ( ( 0.25x * ( ( 0.111111111111x + 1.0x ) * 0.25x ) ) + ( ( 1.0y * 0.142857142857x ) + ( 0.5x * ( 1.0x + ( 0.111111111111x + 1.0x ) ) ) ) )
Fitness = 12.0405225584
Avg Fitness = 11.283755583
Duplicated = 8
============================================================================
Evaluate Gen  29
New Population 81
Better than Dads 24
Best Ind: ( ( 0.125x + ( ( 1.0y * 0.5y ) + ( 0.5x * ( 0.166666666667y + ( 0.111111111111x + 1.0x ) ) ) ) ) + ( ( 0.166666666667x * 0.142857142857x ) + ( 0.5x * ( 0.166666666667y + ( 0.111111111111x + 1.0x ) ) ) ) )
Fitness = 3.31080681204
Worst Ind: ( ( 0.111111111111y + ( 0.111111111111x + ( 0.5x * ( 0.166666666667y + ( 0.5x + 1.0x ) ) ) ) ) + ( ( 0.166666666667x * 0.142857142857x ) + ( 0.5x * ( 0.166666666667y + ( 0.111111111111x + 1.0x ) ) ) ) )
Fitness = 11.9221989834
Avg Fitness = 11.1836368966
Duplicated = 7
============================================================================
Evaluate Gen  30
New Population 82
Better than Dads 29
Best Ind: ( ( 0.125x + ( ( 1.0y * 0.5y ) + ( 0.5x * ( 0.166666666667y + ( 0.111111111111x + 1.0x ) ) ) ) ) + ( ( 0.166666666667x * 0.142857142857x ) + ( 0.5x * ( 0.166666666667y + ( 0.111111111111x + 1.0x ) ) ) ) )
Fitness = 3.31080681204
Worst Ind: ( ( ( 0.125x + ( 0.5x + 1.0x ) ) + 1.0y ) * ( 0.5x + 0.5y ) )
Fitness = 11.8554982969
Avg Fitness = 11.1358725257
Duplicated = 5
============================================================================
Evaluate Gen  31
New Population 81
Better than Dads 28
Best Ind: ( ( 0.125x + ( ( 1.0y * 0.5y ) + ( 0.5x * ( 0.166666666667y + ( 0.111111111111x + 1.0x ) ) ) ) ) + ( ( 0.166666666667x * 0.142857142857x ) + ( 0.5x * ( 0.166666666667y + ( 0.111111111111x + 1.0x ) ) ) ) )
Fitness = 3.31080681204
Worst Ind: ( ( 0.125x * ( ( 0.111111111111x + 1.0x ) * 0.25x ) ) + ( ( 1.0y * 0.142857142857x ) + ( 0.5x * ( 1.0x + ( 0.111111111111x + 1.0x ) ) ) ) )
Fitness = 11.7932743679
Avg Fitness = 11.0085025382
Duplicated = 4
============================================================================
Evaluate Gen  32
New Population 81
Better than Dads 20
Best Ind: ( ( 1.0y * ( 0.5y + 0.5y ) ) + ( 0.5x * ( 0.166666666667y + ( 0.111111111111x + 1.0x ) ) ) )
Fitness = 2.4753084189
Worst Ind: ( ( 0.25x * ( 1.0y * 0.25x ) ) + ( ( 1.0y * 0.142857142857x ) + ( 0.5x * ( 1.0x + ( 0.111111111111x + 1.0x ) ) ) ) )
Fitness = 11.7552995017
Avg Fitness = 10.65720699
Duplicated = 4
============================================================================
Evaluate Gen  33
New Population 81
Better than Dads 28
Best Ind: ( ( 1.0y * ( 0.5y + 0.5y ) ) + ( 0.5x * ( 0.166666666667y + ( 0.111111111111x + 1.0x ) ) ) )
Fitness = 2.4753084189
Worst Ind: ( ( ( ( 0.5x * ( 1.0x + ( 0.111111111111x + 1.0x ) ) ) * ( 0.166666666667y * 0.5y ) ) * ( 0.125x + ( 0.142857142857x + 1.0x ) ) ) + ( ( 1.0y * 0.142857142857x ) + ( 0.5x * ( 1.0x + ( 0.111111111111x + 1.0x ) ) ) ) )
Fitness = 11.7552995017
Avg Fitness = 10.6002550955
Duplicated = 2
============================================================================
Evaluate Gen  34
New Population 79
Better than Dads 24
Best Ind: ( ( 1.0y * ( 0.5y + 0.5y ) ) + ( 0.5x * ( 0.166666666667y + ( 0.111111111111x + 1.0x ) ) ) )
Fitness = 2.4753084189
Worst Ind: ( ( ( ( 0.333333333333y + 0.5x ) * ( 0.166666666667x + 1.0x ) ) * ( ( 0.111111111111x + 0.125x ) * 0.25x ) ) + ( ( 1.0y * 0.142857142857x ) + ( 0.5x * ( 1.0x + ( 0.111111111111x + 1.0x ) ) ) ) )
Fitness = 11.6594544841
Avg Fitness = 10.1956399903
Duplicated = 2
============================================================================
Evaluate Gen  35
New Population 77
Better than Dads 21
Best Ind: ( ( 1.0y * ( 0.5y + 0.5y ) ) + ( 0.5x * ( 0.166666666667y + ( 0.111111111111x + 1.0x ) ) ) )
Fitness = 2.4753084189
Worst Ind: ( 0.142857142857y + ( ( 1.0x * 0.142857142857x ) + ( ( 1.0y * 0.142857142857x ) + ( 0.5x * ( 1.0x + ( 0.111111111111x + 1.0x ) ) ) ) ) )
Fitness = 11.3118929376
Avg Fitness = 10.0646827095
Duplicated = 3
============================================================================
Evaluate Gen  36
New Population 78
Better than Dads 23
Best Ind: ( ( 1.0y * ( 0.5y + 0.5y ) ) + ( 0.5x * ( 0.166666666667y + ( 0.111111111111x + 1.0x ) ) ) )
Fitness = 2.4753084189
Worst Ind: ( ( 0.333333333333y * 0.142857142857x ) + ( 0.5x * ( 1.0x + ( 0.25x + 1.0x ) ) ) )
Fitness = 11.2120106385
Avg Fitness = 9.53703299105
Duplicated = 4
============================================================================
Evaluate Gen  37
New Population 84
Better than Dads 27
Best Ind: ( ( 1.0y * ( 0.5y + 0.5y ) ) + ( 0.5x * ( 0.166666666667y + ( 0.111111111111x + 1.0x ) ) ) )
Fitness = 2.4753084189
Worst Ind: ( ( ( ( 0.142857142857y + 0.142857142857x ) + 1.0x ) + ( 1.0y + ( ( 0.142857142857y + 0.142857142857x ) * 0.125x ) ) ) * ( 0.5x + 0.5y ) )
Fitness = 11.1414413655
Avg Fitness = 8.98721055101
Duplicated = 4
============================================================================
Evaluate Gen  38
New Population 78
Better than Dads 23
Best Ind: ( ( ( ( 1.0y * ( 0.142857142857y + 0.166666666667x ) ) + ( 1.0y * 0.333333333333y ) ) + ( ( 1.0y * 0.333333333333y ) + ( 0.5x * ( 0.166666666667y + ( 0.5x + 1.0x ) ) ) ) ) + 0.111111111111x )
Fitness = 2.42524092971
Worst Ind: ( ( 0.25x * ( ( 0.142857142857y + 0.142857142857x ) + 0.166666666667x ) ) + ( 0.5x * ( ( 0.111111111111x + 1.0x ) + ( 0.111111111111x + 1.0x ) ) ) )
Fitness = 11.0822674894
Avg Fitness = 8.3566865155
Duplicated = 1
============================================================================
Evaluate Gen  39
New Population 86
Better than Dads 29
Best Ind: ( ( 1.0y * 0.333333333333y ) + ( ( 1.0y * 1.0y ) + ( 0.5x * ( 1.0x + ( 0.111111111111x + 1.0x ) ) ) ) )
Fitness = 1.89043209877
Worst Ind: ( ( ( 0.142857142857y * ( ( 0.111111111111x + 0.5x ) * 0.166666666667x ) ) + ( ( 1.0y * ( 0.142857142857x + 0.5y ) ) + ( 0.5x * ( 0.166666666667y + ( 0.166666666667x + 1.0x ) ) ) ) ) + 0.333333333333y )
Fitness = 10.5034722222
Avg Fitness = 7.36488599888
Duplicated = 1
============================================================================
Evaluate Gen  40
New Population 78
Better than Dads 20
Best Ind: ( ( 1.0y * 0.333333333333y ) + ( ( 1.0y * 1.0y ) + ( 0.5x * ( 1.0x + ( 0.111111111111x + 1.0x ) ) ) ) )
Fitness = 1.89043209877
Worst Ind: ( ( 0.142857142857y + 0.142857142857x ) + ( ( 1.0y * ( 0.142857142857y + 0.142857142857x ) ) + ( 0.5x * ( 1.0x + ( 0.111111111111x + 1.0x ) ) ) ) )
Fitness = 9.91200070057
Avg Fitness = 6.31946657478
Duplicated = 3
============================================================================
Evaluate Gen  41
New Population 81
Better than Dads 19
Best Ind: ( ( 1.0y * ( 1.0y + 0.25x ) ) + ( 0.5x * ( 1.0x + ( 0.166666666667y + 1.0x ) ) ) )
Fitness = 0.56141456843
Worst Ind: ( ( 0.142857142857x * ( 0.142857142857y + 0.166666666667x ) ) + ( ( 1.0y * ( 0.142857142857y + 0.142857142857x ) ) + ( 0.5x * ( 1.0x + ( 0.111111111111x + 1.0x ) ) ) ) )
Fitness = 8.45062492535
Avg Fitness = 5.15174894524
Duplicated = 7
============================================================================
Evaluate Gen  42
New Population 84
Better than Dads 27
Best Ind: ( ( 1.0y * ( 1.0y + 0.25x ) ) + ( 0.5x * ( 1.0x + ( 0.166666666667y + 1.0x ) ) ) )
Fitness = 0.56141456843
Worst Ind: ( ( ( 1.0y * ( 0.142857142857y + 0.166666666667x ) ) + ( ( 1.0y * 0.333333333333y ) + ( 0.5x * ( 0.166666666667y + ( 0.5x + 1.0x ) ) ) ) ) + 0.111111111111x )
Fitness = 7.48476473923
Avg Fitness = 4.52224062189
Duplicated = 10
============================================================================
Evaluate Gen  43
New Population 74
Better than Dads 20
Best Ind: ( ( 1.0y * ( 1.0y + 0.25x ) ) + ( 0.5x * ( 1.0x + ( 0.166666666667y + 1.0x ) ) ) )
Fitness = 0.56141456843
Worst Ind: ( ( 1.0y * ( 0.142857142857y + 0.166666666667x ) ) + ( ( 1.0y * ( 0.142857142857y + 0.142857142857x ) ) + ( 0.5x * ( 1.0x + ( 0.111111111111x + 1.0x ) ) ) ) )
Fitness = 6.21428476946
Avg Fitness = 4.03778110641
Duplicated = 8
============================================================================
Evaluate Gen  44
New Population 88
Better than Dads 30
Best Ind: ( ( 1.0y * ( 1.0y + 0.25x ) ) + ( 0.5x * ( 1.0x + ( 0.166666666667y + 1.0x ) ) ) )
Fitness = 0.56141456843
Worst Ind: ( ( ( 0.125x * ( ( 0.111111111111x + 0.333333333333y ) * 1.0y ) ) + ( ( 1.0y * 1.0y ) + ( 0.5x * ( 0.166666666667y + ( 0.166666666667x + 1.0x ) ) ) ) ) + 0.333333333333y )
Fitness = 5.23912175866
Avg Fitness = 3.46305908962
Duplicated = 10
============================================================================
Evaluate Gen  45
New Population 82
Better than Dads 25
Best Ind: ( ( 1.0y * ( 1.0y + 0.25x ) ) + ( 0.5x * ( 1.0x + ( 0.166666666667y + 1.0x ) ) ) )
Fitness = 0.56141456843
Worst Ind: ( ( ( 1.0y * 0.333333333333y ) + ( ( 1.0y * ( 0.142857142857x + 0.5y ) ) + ( 0.5x * ( 0.166666666667y + ( 0.166666666667x + 1.0x ) ) ) ) ) + ( ( 0.333333333333y + 0.125x ) + ( ( 1.0y * 0.333333333333y ) + ( 0.5x * ( 0.166666666667y + ( 0.5x + 1.0x ) ) ) ) ) )
Fitness = 4.66946184025
Avg Fitness = 3.1060008041
Duplicated = 12
============================================================================
Evaluate Gen  46
New Population 84
Better than Dads 27
Best Ind: ( ( 1.0y * ( 1.0y + 0.25x ) ) + ( 0.5x * ( 1.0x + ( 0.166666666667y + 1.0x ) ) ) )
Fitness = 0.56141456843
Worst Ind: ( ( ( 1.0y * ( 0.142857142857x + 0.5y ) ) + ( 1.0y * 0.142857142857x ) ) + ( ( 1.0x * 0.142857142857x ) + ( ( 1.0y * 0.142857142857x ) + ( 0.5x * ( 1.0x + ( 0.111111111111x + 1.0x ) ) ) ) ) )
Fitness = 3.88037988633
Avg Fitness = 2.68870919288
Duplicated = 8
============================================================================
Evaluate Gen  47
New Population 81
Better than Dads 25
Best Ind: ( ( 1.0y * ( 1.0y + 0.25x ) ) + ( 0.5x * ( 1.0x + ( 0.166666666667y + 1.0x ) ) ) )
Fitness = 0.56141456843
Worst Ind: ( ( 1.0y * 0.333333333333y ) + ( ( 1.0y * ( 0.142857142857y + 0.25x ) ) + ( 0.5x * ( 1.0x + ( 0.166666666667y + 1.0x ) ) ) ) )
Fitness = 3.73668896212
Avg Fitness = 2.42818950013
Duplicated = 4
============================================================================
Evaluate Gen  48
New Population 85
Better than Dads 29
Best Ind: ( ( 1.0y * ( 1.0y + 0.25x ) ) + ( 0.5x * ( 1.0x + ( 0.166666666667y + 1.0x ) ) ) )
Fitness = 0.56141456843
Worst Ind: ( ( 0.125x + ( ( 1.0y * 0.5y ) + ( 0.5x * ( 0.166666666667y + ( 0.111111111111x + 1.0x ) ) ) ) ) + ( ( 0.111111111111x * 0.142857142857x ) + ( 0.5x * ( 0.166666666667y + ( 0.111111111111x + 1.0x ) ) ) ) )
Fitness = 3.31311060649
Avg Fitness = 2.14016904905
Duplicated = 5
============================================================================
Evaluate Gen  49
New Population 78
Better than Dads 22
Best Ind: ( 0.111111111111x + ( ( 1.0y * 1.0y ) + ( 0.5x * ( ( 0.111111111111x + 1.0x ) + ( 0.111111111111x + 1.0x ) ) ) ) )
Fitness = 0.25050524029
Worst Ind: ( ( ( 0.166666666667y + 1.0x ) * 0.333333333333y ) + ( ( 0.125x * 0.333333333333y ) + ( ( 1.0y * 1.0y ) + ( 0.5x * ( 0.166666666667y + ( 0.166666666667x + 1.0x ) ) ) ) ) )
Fitness = 2.93559091781
Avg Fitness = 1.92850083329
Duplicated = 6
============================================================================
Evaluate Gen  50
New Population 86
Better than Dads 29
Best Ind: ( 0.111111111111x + ( ( 1.0y * 1.0y ) + ( 0.5x * ( ( 0.111111111111x + 1.0x ) + ( 0.111111111111x + 1.0x ) ) ) ) )
Fitness = 0.25050524029
Worst Ind: ( ( 1.0y * ( 0.5y + 0.5y ) ) + ( 0.5x * ( ( 0.5x * ( 0.166666666667y + ( 0.111111111111x + 1.0x ) ) ) + ( 0.111111111111x + 1.0x ) ) ) )
Fitness = 2.46913580247
Avg Fitness = 1.66094002772
Duplicated = 6
============================================================================
Evaluate Gen  51
New Population 84
Better than Dads 23
Best Ind: ( ( ( ( 1.0x * 0.142857142857x ) * 1.0y ) * 0.333333333333y ) + ( ( 1.0y * 1.0y ) + ( 0.5x * ( 1.0x + ( 0.111111111111x + 1.0x ) ) ) ) )
Fitness = 0.0568861803981
Worst Ind: ( ( ( ( 1.0y * ( 0.142857142857y + 0.25x ) ) + ( 0.5x * ( 1.0x + ( 0.166666666667y + 1.0x ) ) ) ) * ( ( 0.111111111111x + 1.0x ) * ( 0.333333333333y + ( 1.0y * 0.333333333333y ) ) ) ) + ( ( 1.0y * 1.0y ) + ( 0.5x * ( 0.166666666667y + ( 0.166666666667x + 1.0x ) ) ) ) )
Fitness = 2.18848132179
Avg Fitness = 1.40240200329
Duplicated = 7
============================================================================
Evaluate Gen  52
New Population 82
Better than Dads 29
Best Ind: ( ( ( 0.142857142857x * 1.0y ) * 0.333333333333y ) + ( ( 1.0y * 1.0y ) + ( 0.5x * ( 1.0x + ( 0.111111111111x + 1.0x ) ) ) ) )
Fitness = 0.0446197911669
Worst Ind: ( 0.125x + ( ( 0.125x * ( 0.111111111111x + 0.166666666667y ) ) + ( ( 1.0y * 1.0y ) + ( 0.5x * ( 0.166666666667y + ( 0.166666666667x + 1.0x ) ) ) ) ) )
Fitness = 2.10295430111
Avg Fitness = 1.3533856025
Duplicated = 7
============================================================================
Evaluate Gen  53
New Population 89
Better than Dads 30
Best Ind: ( ( 1.0y * 1.0y ) + ( 0.5x * ( 1.0x + ( 0.111111111111x + 1.0x ) ) ) )
Fitness = 0.0385802469136
Worst Ind: ( ( 0.111111111111x * ( 0.142857142857y + 0.142857142857x ) ) + ( ( 0.125x * ( ( 0.111111111111x + 1.0x ) * 1.0y ) ) + ( ( 1.0y * 1.0y ) + ( 0.5x * ( 0.166666666667y + ( 0.166666666667x + 1.0x ) ) ) ) ) )
Fitness = 2.0254155575
Avg Fitness = 1.11471089794
Duplicated = 5
============================================================================
Evaluate Gen  54
New Population 83
Better than Dads 27
Best Ind: ( ( 1.0y * 1.0y ) + ( 0.5x * ( 1.0x + ( 0.111111111111x + 1.0x ) ) ) )
Fitness = 0.0385802469136
Worst Ind: ( ( 1.0y * 0.333333333333y ) + ( ( 1.0y * 1.0y ) + ( 0.5x * ( 1.0x + ( 0.111111111111x + 1.0x ) ) ) ) )
Fitness = 1.89043209877
Avg Fitness = 0.925741346899
Duplicated = 8
============================================================================
Evaluate Gen  55
New Population 87
Better than Dads 32
Best Ind: ( ( 1.0y * 1.0y ) + ( 0.5x * ( 1.0x + ( 0.111111111111x + 1.0x ) ) ) )
Fitness = 0.0385802469136
Worst Ind: ( ( 1.0y * ( ( 0.142857142857x + 0.5y ) + 0.142857142857x ) ) + ( ( 1.0y * 0.166666666667y ) + ( 0.5x * ( 1.0x + ( 0.111111111111x + 1.0x ) ) ) ) )
Fitness = 1.62059063212
Avg Fitness = 0.727965002325
Duplicated = 7
============================================================================
Evaluate Gen  56
New Population 82
Better than Dads 25
Best Ind: ( ( 1.0y * 1.0y ) + ( 0.5x * ( 1.0x + ( 0.111111111111x + 1.0x ) ) ) )
Fitness = 0.0385802469136
Worst Ind: ( ( ( 1.0y * 1.0y ) * 0.333333333333y ) + ( ( 1.0y * 1.0y ) + ( 0.5x * ( 1.0x + ( 0.111111111111x + 1.0x ) ) ) ) )
Fitness = 1.19689074237
Avg Fitness = 0.542948969314
Duplicated = 6
============================================================================
Evaluate Gen  57
New Population 77
Better than Dads 23
Best Ind: ( ( 1.0y * 1.0y ) + ( 0.5x * ( 1.0x + ( 0.111111111111x + 1.0x ) ) ) )
Fitness = 0.0385802469136
Worst Ind: ( ( 1.0y * ( ( 0.142857142857x + 0.5y ) + 0.111111111111y ) ) + ( ( 1.0y * ( 0.142857142857y + 0.142857142857x ) ) + ( 0.5x * ( 1.0x + ( 0.111111111111x + 1.0x ) ) ) ) )
Fitness = 1.07506377535
Avg Fitness = 0.418537725173
Duplicated = 6
============================================================================
Evaluate Gen  58
New Population 78
Better than Dads 21
Best Ind: ( ( 1.0y * 1.0y ) + ( 0.5x * ( 1.0x + ( 0.111111111111x + 1.0x ) ) ) )
Fitness = 0.0385802469136
Worst Ind: ( ( 1.0x * 0.142857142857x ) + ( ( 0.5x * ( ( 0.111111111111x * ( 0.142857142857x + 0.5y ) ) + ( 0.142857142857y + ( 0.142857142857y + 0.142857142857x ) ) ) ) + ( ( 1.0y * 1.0y ) + ( 0.5x * ( 0.166666666667y + ( 0.166666666667x + 1.0x ) ) ) ) ) )
Fitness = 0.713036831577
Avg Fitness = 0.266774518166
Duplicated = 6
============================================================================
Evaluate Gen  59
New Population 87
Better than Dads 31
Best Ind: ( ( 1.0y * 1.0y ) + ( 0.5x * ( 1.0x + ( 0.111111111111x + 1.0x ) ) ) )
Fitness = 0.0385802469136
Worst Ind: ( 0.142857142857y + ( ( ( 0.142857142857x * ( 1.0y * 1.0y ) ) * 0.333333333333y ) + ( ( 1.0y * 1.0y ) + ( 0.5x * ( 1.0x + ( 0.111111111111x + 1.0x ) ) ) ) ) )
Fitness = 0.473538123
Avg Fitness = 0.172394272177
Duplicated = 6
============================================================================
Evaluate Gen  60
New Population 81
Better than Dads 24
Best Ind: ( ( 1.0y * 1.0y ) + ( 0.5x * ( 1.0x + ( 0.111111111111x + 1.0x ) ) ) )
Fitness = 0.0385802469136
Worst Ind: ( 0.111111111111x + ( ( 1.0y * 1.0y ) + ( 0.5x * ( ( 0.111111111111x + 1.0x ) + ( 0.111111111111x + 1.0x ) ) ) ) )
Fitness = 0.25050524029
Avg Fitness = 0.11667370046
Duplicated = 4
============================================================================
Evaluate Gen  61
New Population 88
Better than Dads 30
Best Ind: ( ( 1.0y * 1.0y ) + ( 0.5x * ( 1.0x + ( 0.111111111111x + 1.0x ) ) ) )
Fitness = 0.0385802469136
Worst Ind: ( ( 0.5y * ( ( 0.111111111111x + 1.0x ) * ( ( 1.0x * 1.0y ) * 0.333333333333y ) ) ) + ( ( 1.0y * 1.0y ) + ( 0.5x * ( ( 0.111111111111x + 1.0x ) + ( 0.111111111111x + 1.0x ) ) ) ) )
Fitness = 0.159691133024
Avg Fitness = 0.0845962233211
Duplicated = 5
============================================================================
Evaluate Gen  62
New Population 85
Better than Dads 31
Best Ind: ( ( 1.0y * 1.0y ) + ( 0.5x * ( 1.0x + ( 0.111111111111x + 1.0x ) ) ) )
Fitness = 0.0385802469136
Worst Ind: ( ( ( 1.0x * ( 1.0y * ( 0.142857142857x + 0.5y ) ) ) * 0.333333333333y ) + ( ( ( 1.0x * 0.333333333333y ) * 0.333333333333y ) + ( ( 1.0y * 1.0y ) + ( 0.5x * ( 1.0x + ( 0.111111111111x + 1.0x ) ) ) ) ) )
Fitness = 0.121662385185
Avg Fitness = 0.0706249400791
Duplicated = 6
============================================================================
Evaluate Gen  63
New Population 78
Better than Dads 22
Best Ind: ( ( 1.0y * 1.0y ) + ( 0.5x * ( 1.0x + ( 0.111111111111x + 1.0x ) ) ) )
Fitness = 0.0385802469136
Worst Ind: ( ( 0.125x * ( ( ( 1.0y * ( 1.0y + 0.25x ) ) + 0.142857142857y ) * ( 0.333333333333y + ( 1.0y * 0.333333333333y ) ) ) ) + ( ( 1.0y * 1.0y ) + ( 0.5x * ( 1.0x + ( 0.166666666667x + 1.0x ) ) ) ) )
Fitness = 0.100373995936
Avg Fitness = 0.0664037936335
Duplicated = 7
============================================================================
Evaluate Gen  64
New Population 82
Better than Dads 29
Best Ind: ( ( 1.0y * 1.0y ) + ( 0.5x * ( 1.0x + ( 0.111111111111x + 1.0x ) ) ) )
Fitness = 0.0385802469136
Worst Ind: ( ( ( 1.0x * ( 1.0y * ( 0.142857142857x + 0.5y ) ) ) * ( 1.0y * 0.333333333333y ) ) + ( ( 1.0y * 1.0y ) + ( 0.5x * ( 1.0x + ( 0.125x + 1.0x ) ) ) ) )
Fitness = 0.0934261330249
Avg Fitness = 0.0615882969381
Duplicated = 8
============================================================================
Evaluate Gen  65
New Population 84
Better than Dads 25
Best Ind: ( ( 1.0y * 1.0y ) + ( 0.5x * ( 1.0x + ( 0.111111111111x + 1.0x ) ) ) )
Fitness = 0.0385802469136
Worst Ind: ( ( 1.0y * 1.0y ) + ( 0.5x * ( 1.0x + ( 0.166666666667x + 1.0x ) ) ) )
Fitness = 0.0868055555556
Avg Fitness = 0.0510393686792
Duplicated = 6
============================================================================
Evaluate Gen  66
New Population 89
Better than Dads 29
Best Ind: ( ( 1.0y * 1.0y ) + ( 0.5x * ( 1.0x + 1.0x ) ) )
Fitness = 2.46519032882e-32
Worst Ind: ( ( 0.111111111111x * 0.125x ) + ( ( 1.0y * 1.0y ) + ( 0.5x * ( 1.0x + ( 0.111111111111x + 1.0x ) ) ) ) )
Fitness = 0.0602816358025
Avg Fitness = 0.042571142652
Duplicated = 8
============================================================================
Evaluate Gen  67
New Population 83
Better than Dads 29
Best Ind: ( ( 1.0y * 1.0y ) + ( 0.5x * ( 1.0x + 1.0x ) ) )
Fitness = 2.46519032882e-32
Worst Ind: ( ( 1.0x * 0.142857142857x ) + ( ( 0.5x * ( ( 0.111111111111x * ( 0.5x + 0.5y ) ) + 0.5x ) ) + ( ( 1.0y * 1.0y ) + ( 0.5x * ( 0.166666666667y + ( 0.166666666667x + 1.0x ) ) ) ) ) )
Fitness = 0.051753523539
Avg Fitness = 0.0409587063849
Duplicated = 8
============================================================================
Evaluate Gen  68
New Population 83
Better than Dads 24
Best Ind: ( ( 1.0y * 1.0y ) + ( 0.5x * ( 1.0x + 1.0x ) ) )
Fitness = 2.46519032882e-32
Worst Ind: ( ( ( 0.142857142857x * ( 1.0y * 1.0y ) ) * 0.333333333333y ) + ( ( 1.0y * 1.0y ) + ( 0.5x * ( 1.0x + ( 0.111111111111x + 1.0x ) ) ) ) )
Fitness = 0.0435204280725
Avg Fitness = 0.0386007079127
Duplicated = 10
============================================================================
Evaluate Gen  69
New Population 90
Better than Dads 26
Best Ind: ( ( 1.0y * 1.0y ) + ( 0.5x * ( 1.0x + 1.0x ) ) )
Fitness = 2.46519032882e-32
Worst Ind: ( ( 0.125x * ( ( ( 0.111111111111x + 0.142857142857y ) * ( 0.333333333333y + ( 1.0y * 0.333333333333y ) ) ) * ( 0.333333333333y + ( 1.0y * 0.333333333333y ) ) ) ) + ( ( 1.0y * 1.0y ) + ( 0.5x * ( 1.0x + ( 0.111111111111x + 1.0x ) ) ) ) )
Fitness = 0.0394163936655
Avg Fitness = 0.0379161090622
Duplicated = 13
============================================================================
Evaluate Gen  70
New Population 75
Better than Dads 20
Best Ind: ( ( 1.0y * 1.0y ) + ( 0.5x * ( 1.0x + 1.0x ) ) )
Fitness = 2.46519032882e-32
Worst Ind: ( ( ( 0.111111111111x * ( ( 0.111111111111x + 0.142857142857y ) * ( 0.333333333333y + ( 0.142857142857x * 0.333333333333y ) ) ) ) * ( ( ( 1.0x * 1.0y ) + 0.142857142857y ) * ( 0.333333333333y + ( 1.0y * 0.333333333333y ) ) ) ) + ( ( 1.0y * 1.0y ) + ( 0.5x * ( 1.0x + ( 0.111111111111x + 1.0x ) ) ) ) )
Fitness = 0.0389403037504
Avg Fitness = 0.0378607039323
Duplicated = 12
============================================================================
Evaluate Gen  71
New Population 81
Better than Dads 25
Best Ind: ( ( 1.0y * 1.0y ) + ( 0.5x * ( 1.0x + 1.0x ) ) )
Fitness = 2.46519032882e-32
Worst Ind: ( ( ( 0.111111111111x * ( ( 0.111111111111x + 0.142857142857y ) * ( 0.333333333333y + ( 0.142857142857x * 0.333333333333y ) ) ) ) * 0.142857142857x ) + ( ( 1.0y * 1.0y ) + ( 0.5x * ( 1.0x + ( 0.111111111111x + 1.0x ) ) ) ) )
Fitness = 0.0388431439175
Avg Fitness = 0.0378184247378
Duplicated = 14
============================================================================
Evaluate Gen  72
New Population 79
Better than Dads 20
Best Ind: ( ( 1.0y * 1.0y ) + ( 0.5x * ( 1.0x + 1.0x ) ) )
Fitness = 2.46519032882e-32
Worst Ind: ( ( ( ( 1.0x + ( 0.125x + 1.0x ) ) * ( ( 0.111111111111x * 1.0y ) * 0.333333333333y ) ) * 0.333333333333y ) + ( ( 1.0y * 1.0y ) + ( 0.5x * ( 1.0x + ( 0.111111111111x + 1.0x ) ) ) ) )
Fitness = 0.0385802469136
Avg Fitness = 0.0378086419753
Duplicated = 14
============================================================================
Evaluate Gen  73
New Population 75
Better than Dads 16
Best Ind: ( ( 1.0y * 1.0y ) + ( 0.5x * ( 1.0x + 1.0x ) ) )
Fitness = 2.46519032882e-32
Worst Ind: ( ( ( ( 0.5x * 0.142857142857x ) * ( ( 1.0x * ( 1.0y * 1.0y ) ) * 0.333333333333y ) ) * 1.0y ) + ( ( 1.0y * 1.0y ) + ( 0.5x * ( 1.0x + ( 0.111111111111x + 1.0x ) ) ) ) )
Fitness = 0.0385802469136
Avg Fitness = 0.0378086419753
Duplicated = 13
============================================================================
Evaluate Gen  74
New Population 83
Better than Dads 23
Best Ind: ( ( 1.0y * 1.0y ) + ( 0.5x * ( 1.0x + 1.0x ) ) )
Fitness = 2.46519032882e-32
Worst Ind: ( ( ( 0.142857142857x * 1.0x ) * 0.333333333333y ) + ( ( 1.0y * 1.0y ) + ( 0.5x * ( 1.0x + ( 0.111111111111x + 1.0x ) ) ) ) )
Fitness = 0.0385802469136
Avg Fitness = 0.0378086419753
Duplicated = 13
============================================================================
Evaluate Gen  75
New Population 88
Better than Dads 22
Best Ind: ( ( 1.0y * 1.0y ) + ( 0.5x * ( 1.0x + 1.0x ) ) )
Fitness = 2.46519032882e-32
Worst Ind: ( ( ( ( 1.0x * ( 0.125x * 1.0y ) ) * 1.0x ) * ( 0.142857142857x * ( 0.333333333333y * 0.333333333333y ) ) ) + ( ( 1.0y * 1.0y ) + ( 0.5x * ( 1.0x + ( 0.111111111111x + 1.0x ) ) ) ) )
Fitness = 0.0385802469136
Avg Fitness = 0.0378086419753
Duplicated = 13
============================================================================
Evaluate Gen  76
New Population 85
Better than Dads 26
Best Ind: ( ( 1.0y * 1.0y ) + ( 0.5x * ( 1.0x + 1.0x ) ) )
Fitness = 2.46519032882e-32
Worst Ind: ( ( ( 0.142857142857x * 1.0x ) * 0.333333333333y ) + ( ( 1.0y * 1.0y ) + ( 0.5x * ( 1.0x + ( 0.111111111111x + 1.0x ) ) ) ) )
Fitness = 0.0385802469136
Avg Fitness = 0.0378086419753
Duplicated = 13
============================================================================
Evaluate Gen  77
New Population 85
Better than Dads 23
Best Ind: ( ( 1.0y * 1.0y ) + ( 0.5x * ( 1.0x + 1.0x ) ) )
Fitness = 2.46519032882e-32
Worst Ind: ( ( ( 0.125x * 0.333333333333y ) * ( 0.5x * ( 0.111111111111x + ( 0.125x + 1.0x ) ) ) ) + ( ( 1.0y * 1.0y ) + ( 0.5x * ( 1.0x + ( 0.111111111111x + 1.0x ) ) ) ) )
Fitness = 0.0385802469136
Avg Fitness = 0.0378086419753
Duplicated = 13
============================================================================
Evaluate Gen  78
New Population 88
Better than Dads 22
Best Ind: ( ( 1.0y * 1.0y ) + ( 0.5x * ( 1.0x + 1.0x ) ) )
Fitness = 2.46519032882e-32
Worst Ind: ( ( ( ( 0.5x * 0.333333333333y ) * ( ( 1.0x * ( 0.333333333333y * 1.0y ) ) * 0.333333333333y ) ) * ( 0.142857142857x * ( 1.0y * 1.0y ) ) ) + ( ( 1.0y * 1.0y ) + ( 0.5x * ( 1.0x + ( 0.111111111111x + 1.0x ) ) ) ) )
Fitness = 0.0385802469136
Avg Fitness = 0.0371383434517
Duplicated = 13
============================================================================
Evaluate Gen  79
New Population 84
Better than Dads 24
Best Ind: ( ( 1.0y * 1.0y ) + ( 0.5x * ( 1.0x + 1.0x ) ) )
Fitness = 2.46519032882e-32
Worst Ind: ( ( ( 0.125x * 0.333333333333y ) * ( 0.5x * ( 0.111111111111x + ( 0.125x + 1.0x ) ) ) ) + ( ( 1.0y * 1.0y ) + ( 0.5x * ( 1.0x + ( 0.111111111111x + 1.0x ) ) ) ) )
Fitness = 0.0385802469136
Avg Fitness = 0.0371383434517
Duplicated = 13
============================================================================
Evaluate Gen  80
New Population 82
Better than Dads 19
Best Ind: ( ( 1.0y * 1.0y ) + ( 0.5x * ( 1.0x + 1.0x ) ) )
Fitness = 2.46519032882e-32
Worst Ind: ( ( ( ( 0.5x * 0.333333333333y ) * ( ( 1.0x * ( 0.333333333333y * 1.0y ) ) * 0.333333333333y ) ) * ( 0.142857142857x * ( 1.0y * 1.0y ) ) ) + ( ( 1.0y * 1.0y ) + ( 0.5x * ( 1.0x + ( 0.111111111111x + 1.0x ) ) ) ) )
Fitness = 0.0385802469136
Avg Fitness = 0.0371383434517
Duplicated = 13
============================================================================
Evaluate Gen  81
New Population 82
Better than Dads 24
Best Ind: ( ( 1.0y * 1.0y ) + ( 0.5x * ( 1.0x + 1.0x ) ) )
Fitness = 2.46519032882e-32
Worst Ind: ( ( 1.0y * 1.0y ) + ( 0.5x * ( 1.0x + ( 0.111111111111x + 1.0x ) ) ) )
Fitness = 0.0385802469136
Avg Fitness = 0.0371383434517
Duplicated = 13
============================================================================
Evaluate Gen  82
New Population 85
Better than Dads 24
Best Ind: ( ( 1.0y * 1.0y ) + ( 0.5x * ( 1.0x + 1.0x ) ) )
Fitness = 2.46519032882e-32
Worst Ind: ( ( ( 0.142857142857x * ( ( 1.0x * 1.0y ) * 0.333333333333y ) ) * 0.333333333333y ) + ( ( 1.0y * 1.0y ) + ( 0.5x * ( 1.0x + ( 0.111111111111x + 1.0x ) ) ) ) )
Fitness = 0.0385802469136
Avg Fitness = 0.0371383434517
Duplicated = 13
============================================================================
Evaluate Gen  83
New Population 85
Better than Dads 30
Best Ind: ( ( 1.0y * 1.0y ) + ( 0.5x * ( 1.0x + 1.0x ) ) )
Fitness = 2.46519032882e-32
Worst Ind: ( ( ( ( 0.5x * 0.142857142857x ) * ( ( 1.0x * ( 0.142857142857x * 1.0y ) ) * 0.333333333333y ) ) * 0.333333333333y ) + ( ( 1.0y * 1.0y ) + ( 0.5x * ( 1.0x + ( 0.111111111111x + 1.0x ) ) ) ) )
Fitness = 0.0385802469136
Avg Fitness = 0.0371383434517
Duplicated = 13
============================================================================
Evaluate Gen  84
New Population 83
Better than Dads 24
Best Ind: ( ( 1.0y * 1.0y ) + ( 0.5x * ( 1.0x + 1.0x ) ) )
Fitness = 2.46519032882e-32
Worst Ind: ( ( ( 0.125x * 0.333333333333y ) * 1.0x ) + ( ( 1.0y * 1.0y ) + ( 0.5x * ( 1.0x + ( 0.111111111111x + 1.0x ) ) ) ) )
Fitness = 0.0385802469136
Avg Fitness = 0.0371383434517
Duplicated = 13
============================================================================
Evaluate Gen  85
New Population 81
Better than Dads 21
Best Ind: ( ( 1.0y * 1.0y ) + ( 0.5x * ( 1.0x + 1.0x ) ) )
Fitness = 2.46519032882e-32
Worst Ind: ( ( 1.0y * 1.0y ) + ( 0.5x * ( 1.0x + ( 0.111111111111x + 1.0x ) ) ) )
Fitness = 0.0385802469136
Avg Fitness = 0.0363731205881
Duplicated = 13
============================================================================
Evaluate Gen  86
New Population 84
Better than Dads 26
Best Ind: ( ( 1.0y * 1.0y ) + ( 0.5x * ( 1.0x + 1.0x ) ) )
Fitness = 2.46519032882e-32
Worst Ind: ( ( ( 0.142857142857x * 1.0x ) * 0.333333333333y ) + ( ( 1.0y * 1.0y ) + ( 0.5x * ( 1.0x + ( 0.111111111111x + 1.0x ) ) ) ) )
Fitness = 0.0385802469136
Avg Fitness = 0.0363731205881
Duplicated = 14
============================================================================
Evaluate Gen  87
New Population 89
Better than Dads 33
Best Ind: ( ( 1.0y * 1.0y ) + ( 0.5x * ( 1.0x + 1.0x ) ) )
Fitness = 2.46519032882e-32
Worst Ind: ( ( 0.142857142857x * ( 1.0x * 0.333333333333y ) ) + ( ( 1.0y * 1.0y ) + ( 0.5x * ( 1.0x + ( 0.111111111111x + 1.0x ) ) ) ) )
Fitness = 0.0385802469136
Avg Fitness = 0.0363731205881
Duplicated = 14
============================================================================
Evaluate Gen  88
New Population 80
Better than Dads 28
Best Ind: ( ( 1.0y * 1.0y ) + ( 0.5x * ( 1.0x + 1.0x ) ) )
Fitness = 2.46519032882e-32
Worst Ind: ( ( ( 0.142857142857x * 1.0x ) * ( 0.142857142857x * ( 0.333333333333y * 0.333333333333y ) ) ) + ( ( 1.0y * 1.0y ) + ( 0.5x * ( 1.0x + ( 0.111111111111x + 1.0x ) ) ) ) )
Fitness = 0.0385802469136
Avg Fitness = 0.0356056002808
Duplicated = 13
============================================================================
Evaluate Gen  89
New Population 82
Better than Dads 23
Best Ind: ( ( 1.0y * 1.0y ) + ( 0.5x * ( 1.0x + 1.0x ) ) )
Fitness = 2.46519032882e-32
Worst Ind: ( ( ( ( 0.5x * 1.0y ) * ( ( 1.0x * ( 1.0y * 1.0y ) ) * 0.333333333333y ) ) * ( 0.142857142857x * ( 1.0y * 1.0y ) ) ) + ( ( 1.0y * 1.0y ) + ( 0.5x * ( 1.0x + ( 0.111111111111x + 1.0x ) ) ) ) )
Fitness = 0.0385802469136
Avg Fitness = 0.0341743182748
Duplicated = 13
============================================================================
Evaluate Gen  90
New Population 85
Better than Dads 24
Best Ind: ( ( 1.0y * 1.0y ) + ( 0.5x * ( 1.0x + 1.0x ) ) )
Fitness = 2.46519032882e-32
Worst Ind: ( ( ( 0.142857142857x * ( ( 0.111111111111x * 1.0y ) * 0.333333333333y ) ) * 0.333333333333y ) + ( ( 1.0y * 1.0y ) + ( 0.5x * ( 1.0x + ( 0.111111111111x + 1.0x ) ) ) ) )
Fitness = 0.0385802469136
Avg Fitness = 0.0335082591323
Duplicated = 15
============================================================================
Evaluate Gen  91
New Population 83
Better than Dads 24
Best Ind: ( ( 1.0y * 1.0y ) + ( 0.5x * ( 1.0x + 1.0x ) ) )
Fitness = 2.46519032882e-32
Worst Ind: ( ( ( 0.142857142857x * ( ( 1.0x * 1.0y ) * 0.333333333333y ) ) * 0.333333333333y ) + ( ( 1.0y * 1.0y ) + ( 0.5x * ( 1.0x + ( 0.111111111111x + 1.0x ) ) ) ) )
Fitness = 0.0385802469136
Avg Fitness = 0.0328379606087
Duplicated = 14
============================================================================
Evaluate Gen  92
New Population 79
Better than Dads 23
Best Ind: ( ( 1.0y * 1.0y ) + ( 0.5x * ( 1.0x + 1.0x ) ) )
Fitness = 2.46519032882e-32
Worst Ind: ( ( ( 0.142857142857x * 1.0x ) * ( 0.142857142857x * ( 0.333333333333y * 0.333333333333y ) ) ) + ( ( 1.0y * 1.0y ) + ( 0.5x * ( 1.0x + ( 0.111111111111x + 1.0x ) ) ) ) )
Fitness = 0.0385802469136
Avg Fitness = 0.03223788037
Duplicated = 14
============================================================================
Evaluate Gen  93
New Population 86
Better than Dads 27
Best Ind: ( ( 1.0y * 1.0y ) + ( 0.5x * ( 1.0x + 1.0x ) ) )
Fitness = 2.46519032882e-32
Worst Ind: ( ( ( 0.142857142857x * ( ( 1.0x * 1.0x ) * 0.333333333333y ) ) * 0.333333333333y ) + ( ( 1.0y * 1.0y ) + ( 0.5x * ( 1.0x + ( 0.111111111111x + 1.0x ) ) ) ) )
Fitness = 0.0385802469136
Avg Fitness = 0.0302358905772
Duplicated = 13
============================================================================
Evaluate Gen  94
New Population 86
Better than Dads 28
Best Ind: ( ( 1.0y * 1.0y ) + ( 0.5x * ( 1.0x + 1.0x ) ) )
Fitness = 2.46519032882e-32
Worst Ind: ( ( ( ( 0.5x * 0.142857142857x ) * ( ( 1.0x * ( 0.142857142857x * 1.0y ) ) * 0.333333333333y ) ) * 0.333333333333y ) + ( ( 1.0y * 1.0y ) + ( 0.5x * ( 1.0x + ( 0.111111111111x + 1.0x ) ) ) ) )
Fitness = 0.0385802469136
Avg Fitness = 0.02673233846
Duplicated = 14
============================================================================
Evaluate Gen  95
New Population 83
Better than Dads 23
Best Ind: ( ( 1.0y * 1.0y ) + ( 0.5x * ( 1.0x + 1.0x ) ) )
Fitness = 2.46519032882e-32
Worst Ind: ( ( ( 0.142857142857x * ( ( 1.0x * 1.0x ) * 0.333333333333y ) ) * 0.333333333333y ) + ( ( 1.0y * 1.0y ) + ( 0.5x * ( 1.0x + ( 0.111111111111x + 1.0x ) ) ) ) )
Fitness = 0.0385802469136
Avg Fitness = 0.0225400132617
Duplicated = 14
============================================================================
Evaluate Gen  96
New Population 84
Better than Dads 30
Best Ind: ( ( 1.0y * 1.0y ) + ( 0.5x * ( 1.0x + 1.0x ) ) )
Fitness = 2.46519032882e-32
Worst Ind: ( ( ( ( 0.5x * 1.0y ) * ( ( 1.0x * ( 1.0y * 1.0y ) ) * 0.333333333333y ) ) * 0.333333333333y ) + ( ( 1.0y * 1.0y ) + ( 0.5x * ( 1.0x + ( 0.111111111111x + 1.0x ) ) ) ) )
Fitness = 0.0385802469136
Avg Fitness = 0.0191497319704
Duplicated = 14
============================================================================
Evaluate Gen  97
New Population 89
Better than Dads 32
Best Ind: ( ( 1.0y * 1.0y ) + ( 0.5x * ( 1.0x + 1.0x ) ) )
Fitness = 2.46519032882e-32
Worst Ind: ( ( 0.142857142857x * ( ( 0.5x * ( 1.0y * 1.0y ) ) * 0.333333333333y ) ) + ( ( 1.0y * 1.0y ) + ( 0.5x * ( 1.0x + ( 0.111111111111x + 1.0x ) ) ) ) )
Fitness = 0.0385802469136
Avg Fitness = 0.012478308694
Duplicated = 13
============================================================================
Evaluate Gen  98
New Population 83
Better than Dads 23
Best Ind: ( ( 1.0y * 1.0y ) + ( 0.5x * ( 1.0x + 1.0x ) ) )
Fitness = 2.46519032882e-32
Worst Ind: ( ( ( ( 0.333333333333y * 1.0y ) * ( ( 1.0x * ( 1.0y * 1.0y ) ) * 0.333333333333y ) ) * 1.0x ) + ( ( ( 0.142857142857x * 1.0x ) * 0.333333333333y ) + ( ( 1.0y * 1.0y ) + ( 0.5x * ( 1.0x + 1.0x ) ) ) ) )
Fitness = 0.0119420497183
Avg Fitness = 0.00455619438777
Duplicated = 11
============================================================================
Evaluate Gen  99
New Population 88
Better than Dads 27
Best Ind: ( ( 1.0y * 1.0y ) + ( 0.5x * ( 1.0x + 1.0x ) ) )
Fitness = 2.46519032882e-32
Worst Ind: ( ( ( 0.5x * 0.142857142857x ) * ( 0.111111111111x * 0.5x ) ) + ( ( ( 0.142857142857x * 1.0x ) * 0.333333333333y ) + ( ( 1.0y * 1.0y ) + ( 0.5x * ( 1.0x + 1.0x ) ) ) ) )
Fitness = 0.00522634412592
Avg Fitness = 0.00310771453277
Duplicated = 13
============================================================================
Evaluate Gen  100
New Population 80
Better than Dads 26
Best Ind: ( ( 1.0y * 1.0y ) + ( 0.5x * ( 1.0x + 1.0x ) ) )
Fitness = 2.46519032882e-32
Worst Ind: ( ( ( ( 0.5x * 1.0y ) * ( ( 1.0x * ( 1.0y * 1.0y ) ) * 0.333333333333y ) ) * ( ( 0.5x * 1.0y ) * ( ( 1.0x * ( 1.0y * 1.0y ) ) * 0.333333333333y ) ) ) + ( ( ( 0.142857142857x * 1.0x ) * 0.333333333333y ) + ( ( 1.0y * 1.0y ) + ( 0.5x * ( 1.0x + 1.0x ) ) ) ) )
Fitness = 0.00506532073142
Avg Fitness = 0.00298203437753
Duplicated = 15
