dataset_file= dataset/SR_circle.txt
population= 50
generations= 100
tournament_size= 5
cross_over= 0.6
mutation= 0.3
elitism= True
(50, 2)
============================================================================
Build initial population
ind: 1
( 9.0 * ( (8x + -5.0) * (1y + 2.0) ) )
Fitness 1.48737376723
ind: 2
( (1x + 1.0) * ( (2y + 5.0) + ( (1x + -10.0) + ( ( (5x + 4.0) + ( (5y + -1.0) * (1x + 1.0) ) ) * ( 1.0 + (3y + -7.0) ) ) ) ) )
Fitness 0.763551966041
ind: 3
( ( ( ( 8.0 + ( ( 6.0 + (5x + 2.0) ) * 2.0 ) ) * 1.0 ) * ( (3x + -1.0) + 4.0 ) ) * (9y + -4.0) )
Fitness 3.25108985998
ind: 4
( ( ( (7x + 6.0)^2  )^2  ) + ( ( 3.0 + 7.0 ) * (6y + -9.0) ) )
Fitness 12.2139711804
ind: 5
( ( ( ( 3.0 + 10.0 ) + 4.0 ) * ( (9y + 5.0) * 10.0 ) ) + (7x + -2.0) )
Fitness 4.74944337688
ind: 6
( ( (6x + 7.0) + ( ( ( ( 3.0^2  ) * (4y + -9.0) ) * ( ( 9.0 + 7.0 )^2  ) )^2  ) ) * ( ( ( ( ( 9.0 * (7y + 6.0) ) * (8x + 9.0) )^2  ) + ( ( (5x + -9.0) + ( (6x + 7.0)^2  ) ) + ( (8x + -1.0) + 2.0 ) ) ) * ( 7.0 + ( 4.0^2  ) ) ) )
Fitness 7489921.48548
ind: 7
( ( ( ( ( 7.0 + ( (7x + -3.0)^2  ) ) + 7.0 ) + ( ( (2x + -7.0) * 9.0 ) * ( ( (2y + -8.0)^2  ) + ( (3x + 0.0) * (4x + -6.0) ) ) ) )^2  ) * ( 2.0^2  ) )
Fitness 1461.92041165
ind: 8
( ( ( ( (3y + 3.0)^2  ) * ( ( ( (1x + -9.0)^2  )^2  ) + ( ( 7.0 + (9y + 8.0) ) * ( (1x + -7.0)^2  ) ) ) ) + ( ( (10y + 5.0) + (5y + 10.0) )^2  ) ) + ( (8y + -7.0) + (6x + -8.0) ) )
Fitness 45.9632594115
ind: 9
( ( ( 10.0 * ( ( ( (10x + 1.0) + 9.0 ) + (10x + -6.0) ) + (2y + 8.0) ) ) + 3.0 ) + ( 1.0^2  ) )
Fitness 1.74787954742
ind: 10
( ( ( 7.0 + (7y + -7.0) ) * ( ( (2y + 2.0)^2  )^2  ) ) * ( (10x + -3.0)^2  ) )
Fitness 15.5979352461
ind: 11
( 2.0 * ( ( (4x + -7.0)^2  ) + ( 5.0 * ( ( ( (8y + 1.0) * (10x + 6.0) ) * (2x + -6.0) )^2  ) ) ) )
Fitness 101.856074929
ind: 12
( ( ( ( ( 10.0^2  ) + 5.0 ) * ( (8y + 9.0) + 4.0 ) ) + ( ( ( (9x + -7.0)^2  ) + ( 2.0 * ( (7x + -9.0) * 9.0 ) ) ) + ( ( ( 4.0^2  ) * ( 8.0 * 9.0 ) ) * ( ( 10.0 * (6x + 7.0) ) + ( 7.0 + (3y + -5.0) ) ) ) ) ) * (10x + 6.0) )
Fitness 132.9226894
ind: 13
( ( ( 6.0 + ( ( (7x + 8.0) + 5.0 ) * 1.0 ) ) + (3y + 1.0) ) * ( ( ( ( (5x + 3.0)^2  )^2  ) * ( ( (6y + -6.0)^2  ) + (1y + 1.0) ) ) * ( (1y + -5.0) * 3.0 ) ) )
Fitness 598.314121616
ind: 14
( ( ( ( ( (2x + -9.0)^2  ) * (2x + -4.0) )^2  ) * (9y + -5.0) )^2  )
Fitness 249823.843239
ind: 15
( ( 9.0 + (5y + -6.0) ) + (8x + -10.0) )
Fitness 0.408293535437
ind: 16
( 6.0 + ( ( ( (6y + 2.0) * (8x + 0.0) )^2  ) + ( 10.0 * ( ( ( (1y + 1.0) + (6y + -8.0) ) + (5x + 3.0) )^2  ) ) ) )
Fitness 4.36119249747
ind: 17
( (2y + 0.0) * (8x + 3.0) )
Fitness 0.342108488585
ind: 18
( ( ( ( ( (5y + 7.0) * ( 5.0 + 9.0 ) )^2  ) + (5x + -10.0) ) + (1x + 9.0) ) + 3.0 )
Fitness 15.5273951454
ind: 19
( ( ( (7x + 8.0)^2  )^2  ) + ( ( ( (8x + -1.0) + (2x + 0.0) ) * ( (10y + -1.0) + ( ( 6.0^2  )^2  ) ) ) * (7x + 9.0) ) )
Fitness 40.5618183482
ind: 20
( ( ( ( ( ( (6x + -4.0) + 6.0 ) * (4x + 9.0) )^2  ) * ( (3y + -9.0) + (4x + -3.0) ) ) + ( (2x + 8.0)^2  ) ) + 4.0 )
Fitness 22.6866660451
ind: 21
( ( 5.0 + ( ( ( ( (4y + 7.0) + (2x + 7.0) ) * ( (2y + 3.0) * 10.0 ) ) + ( (8x + 9.0) + (9x + -10.0) ) ) * ( (7x + -8.0) * ( ( 5.0 * 10.0 )^2  ) ) ) ) * ( 10.0 + (3y + 8.0) ) )
Fitness 1815.76381173
ind: 22
( (2y + -10.0) + ( ( (5y + 9.0) + ( ( (9x + -7.0) * (10y + -10.0) ) + 7.0 ) ) + 2.0 ) )
Fitness 1.26753579835
ind: 23
( ( ( (7y + 5.0) * ( ( ( 4.0^2  ) * (7y + -8.0) ) * (1x + 6.0) ) )^2  )^2  )
Fitness 1323228.3076
ind: 24
( ( ( ( (1x + -2.0) + 7.0 ) * (6y + 3.0) ) + ( 6.0^2  ) ) * ( ( ( ( ( 9.0 + (5x + -10.0) )^2  )^2  )^2  ) * 4.0 ) )
Fitness 1003.59237367
ind: 25
( ( 8.0 * ( (7x + 7.0)^2  ) ) * ( ( ( (6y + 8.0) * ( 9.0 * 7.0 ) ) + ( ( ( (1y + 4.0)^2  ) * ( 6.0 * (4x + 2.0) ) )^2  ) ) + 7.0 ) )
Fitness 1692.92130378
ind: 26
( ( ( ( ( ( 10.0 * 8.0 ) * ( 10.0 + 5.0 ) ) + (1y + 9.0) ) * ( ( (3x + -1.0) + ( 9.0^2  ) ) * ( (1x + -10.0) + (9y + -7.0) ) ) ) * ( ( ( ( (8y + 0.0)^2  ) + ( (1x + -9.0) * (6y + 9.0) ) ) * ( ( 1.0^2  ) + ( 1.0 + 9.0 ) ) ) + ( 7.0 + ( ( 10.0^2  ) * 6.0 ) ) ) ) * (7x + -1.0) )
Fitness 7562.58832511
ind: 27
( 10.0 * ( 8.0 + ( ( ( ( 10.0 * (3x + -3.0) ) + (4x + 10.0) ) * ( (2y + 6.0) + ( 3.0 * 7.0 ) ) ) + ( 3.0 * (5x + -4.0) ) ) ) )
Fitness 11.8193494691
ind: 28
( ( (10y + -10.0) * 6.0 ) * ( ( ( (1x + -10.0)^2  )^2  )^2  ) )
Fitness 11709.6562865
ind: 29
( ( ( (4y + -7.0) + ( ( (9x + -4.0)^2  ) * (4y + -5.0) ) ) * 7.0 ) + ( 8.0 + ( ( 5.0 * (9y + -2.0) ) * ( 7.0 * (7y + -1.0) ) ) ) )
Fitness 6.39746148215
ind: 30
( ( ( 8.0^2  ) + ( (9x + 3.0)^2  ) ) + ( 3.0 + ( ( ( ( 7.0 + (5y + -9.0) )^2  )^2  )^2  ) ) )
Fitness 137.037076986
ind: 31
( ( (7y + -10.0) * (9x + 4.0) ) * ( (1y + -6.0) * 3.0 ) )
Fitness 4.87072662113
ind: 32
( (4y + 8.0) + ( ( ( (9x + 1.0) * 5.0 ) + 4.0 ) * 9.0 ) )
Fitness 2.29771697367
ind: 33
( ( ( (10y + -6.0) + (6x + -8.0) ) * ( ( ( ( 5.0^2  ) * 5.0 ) * (1y + -5.0) ) * (2x + 5.0) ) ) + ( ( 8.0 * ( (4x + -2.0)^2  ) )^2  ) )
Fitness 35.3779592402
ind: 34
( (1y + 6.0) * (9x + 1.0) )
Fitness 0.831009537286
ind: 35
( ( ( ( ( ( 4.0 * (7y + -10.0) ) * (7y + -9.0) ) * ( ( (7x + 9.0) + 8.0 )^2  ) ) + 5.0 ) + ( (5x + 5.0) + 3.0 ) ) * 2.0 )
Fitness 75.4705240475
ind: 36
( ( ( ( (7x + 8.0) * ( 5.0 + 1.0 ) ) + ( (1y + 3.0)^2  ) ) + (1x + -7.0) ) + ( 5.0^2  ) )
Fitness 1.22065556157
ind: 37
( ( ( 7.0 * ( ( ( (5x + -2.0) + 6.0 ) * 4.0 ) * (8x + 0.0) ) ) * ( ( ( ( 4.0 * 1.0 )^2  ) + ( (8y + 8.0)^2  ) )^2  ) ) * ( 7.0^2  ) )
Fitness 3080.32940881
ind: 38
( ( (5y + -7.0) * ( (10x + -8.0)^2  ) )^2  )
Fitness 173.901010905
ind: 39
( ( ( (1x + 5.0)^2  ) + ( ( (7y + -5.0) * (6x + -6.0) )^2  ) ) * (1x + 10.0) )
Fitness 21.6531752868
ind: 40
( ( ( (4y + -9.0) + ( ( 7.0 * ( 9.0 * (7x + 6.0) ) )^2  ) )^2  ) * ( (1x + 7.0) * 5.0 ) )
Fitness 303641.506442
ind: 41
( ( ( 10.0^2  ) * ( ( ( ( 4.0^2  ) * ( (8y + -1.0)^2  ) )^2  )^2  ) ) + ( (5x + 4.0) + (1y + 7.0) ) )
Fitness 957159.111739
ind: 42
( ( 7.0 + (7y + -6.0) ) + ( ( ( ( ( 10.0^2  ) * ( (4y + -5.0)^2  ) )^2  ) * 9.0 ) + (6x + 4.0) ) )
Fitness 1859.51608759
ind: 43
( (10y + 0.0) * (8x + -2.0) )
Fitness 0.735672606542
ind: 44
( ( ( ( 3.0 + 10.0 ) * ( (4y + 4.0) + ( (5y + -4.0)^2  ) ) ) * ( ( ( ( (2y + -4.0)^2  ) + 8.0 )^2  ) + ( ( (6x + -1.0)^2  ) + ( (8y + 1.0) * 7.0 ) ) ) )^2  )
Fitness 124077.143783
ind: 45
( (6y + 8.0) * ( 2.0 * ( (1y + 4.0) + ( (7x + -4.0) * ( ( 2.0 + 9.0 )^2  ) ) ) ) )
Fitness 14.1792413271
ind: 46
( ( (7x + -1.0) + ( ( 8.0 + ( (5y + -10.0)^2  ) ) * ( ( (4y + 9.0) + ( (8y + 7.0) * 10.0 ) ) + ( ( (8y + -2.0) * (8x + 2.0) )^2  ) ) ) ) + ( ( (6y + 9.0) * ( ( 6.0 * (5y + -9.0) ) * (7x + 0.0) ) ) * ( 3.0 + 9.0 ) ) )
Fitness 52.0058082558
ind: 47
( 1.0 * ( ( ( ( 3.0 + ( (1y + -5.0)^2  ) ) + (3y + 4.0) )^2  ) + ( ( ( 9.0 * ( (3x + -7.0) * (10x + 7.0) ) )^2  ) + ( 6.0 + 5.0 ) ) ) )
Fitness 63.4160665762
ind: 48
( (5x + 3.0) * ( 9.0 * (6y + 4.0) ) )
Fitness 1.76155378952
ind: 49
( ( ( (8x + 1.0) + 1.0 ) * ( ( ( ( 10.0^2  ) * (9y + 3.0) )^2  ) + ( ( ( 7.0 + (3y + -4.0) ) * 5.0 ) * ( ( (10y + -2.0)^2  ) + ( (3x + -4.0) * (3y + 10.0) ) ) ) ) )^2  )
Fitness 406732.118032
ind: 50
( ( ( 5.0 * ( (4x + 7.0)^2  ) ) * ( ( ( 5.0 * ( 8.0 + (7y + -4.0) ) ) * (1x + -1.0) ) * 4.0 ) )^2  )
Fitness 3370.53778807
Best Ind: ( (2y + 0.0) * (8x + 3.0) )
Fitness = 0.342108488585
Worst Ind: ( ( (6x + 7.0) + ( ( ( ( 3.0^2  ) * (4y + -9.0) ) * ( ( 9.0 + 7.0 )^2  ) )^2  ) ) * ( ( ( ( ( 9.0 * (7y + 6.0) ) * (8x + 9.0) )^2  ) + ( ( (5x + -9.0) + ( (6x + 7.0)^2  ) ) + ( (8x + -1.0) + 2.0 ) ) ) * ( 7.0 + ( 4.0^2  ) ) ) )
Fitness = 7489921.48548
Avg Fitness = 217794.946791
Duplicated = 0
============================================================================
Evaluate Gen  1
New Population 75
Better than Dads 3
Best Ind: ( (2y + 0.0) * (8x + 3.0) )
Fitness = 0.342108488585
Worst Ind: ( ( ( ( ( 10.0^2  ) + 5.0 ) * ( (8y + 9.0) + 4.0 ) ) + ( ( ( (9x + -7.0)^2  ) + ( 2.0 * ( (7x + -9.0) * 9.0 ) ) ) + ( ( ( 4.0^2  ) * ( 8.0 * 9.0 ) ) * ( ( 10.0 * (6x + 7.0) ) + ( 7.0 + (3y + -5.0) ) ) ) ) ) * (10x + 6.0) )
Fitness = 132.9226894
Avg Fitness = 18.6588798343
Duplicated = 1
============================================================================
Evaluate Gen  2
New Population 74
Better than Dads 6
Best Ind: ( ( 6.0 + ( (1x + -1.0) * 1.0 ) ) + (3y + 1.0) )
Fitness = 0.316227766017
Worst Ind: ( ( ( ( ( (7y + 0.0) * ( 1.0^2  ) ) + ( ( 6.0 + (5x + 2.0) ) * 2.0 ) ) * 1.0 ) * 7.0 )^2  )
Fitness = 17.9963885266
Avg Fitness = 4.60046551145
Duplicated = 2
============================================================================
Evaluate Gen  3
New Population 82
Better than Dads 8
Best Ind: ( ( 6.0 + ( (1x + -1.0) * 1.0 ) ) + (3y + 1.0) )
Fitness = 0.316227766017
Worst Ind: ( (2y + -10.0) * ( ( (5y + 9.0) + ( ( (9x + -7.0) * (10y + -10.0) ) + 9.0 ) ) + 2.0 ) )
Fitness = 4.40046432575
Avg Fitness = 1.85163290604
Duplicated = 4
============================================================================
Evaluate Gen  4
New Population 81
Better than Dads 11
Best Ind: ( ( 6.0 + ( (1x + -1.0) * 1.0 ) ) + (3y + 1.0) )
Fitness = 0.316227766017
Worst Ind: ( ( ( (9y + -5.0) * (7x + 1.0) ) + 4.0 ) * (8x + 8.0) )
Fitness = 2.15975639083
Avg Fitness = 0.973921720066
Duplicated = 5
============================================================================
Evaluate Gen  5
New Population 81
Better than Dads 10
Best Ind: ( (2y + 0.0) + (6x + 2.0) )
Fitness = 0.285569919109
Worst Ind: ( ( (10y + -2.0)^2  ) + ( (3x + -4.0) * (10y + 0.0) ) )
Fitness = 1.08538480472
Avg Fitness = 0.629671066346
Duplicated = 7
============================================================================
Evaluate Gen  6
New Population 83
Better than Dads 12
Best Ind: ( (2y + 0.0) + (6x + 2.0) )
Fitness = 0.285569919109
Worst Ind: ( ( ( ( (1x + 1.0) * ( 5.0 + 1.0 ) ) + ( (1y + 3.0)^2  ) ) + (1x + -7.0) ) + ( 5.0^2  ) )
Fitness = 0.80622577483
Avg Fitness = 0.508589555836
Duplicated = 11
============================================================================
Evaluate Gen  7
New Population 83
Better than Dads 12
Best Ind: ( (2y + 0.0) + (6x + 2.0) )
Fitness = 0.285569919109
Worst Ind: ( (3x + -4.0) * (10y + 0.0) )
Fitness = 0.713740453529
Avg Fitness = 0.433541841217
Duplicated = 14
============================================================================
Evaluate Gen  8
New Population 81
Better than Dads 14
Best Ind: ( 3.0 + ( (5y + -1.0) * (1x + 1.0) ) )
Fitness = 0.268414459874
Worst Ind: ( (8x + -5.0) * (1y + 2.0) )
Fitness = 0.50418451607
Avg Fitness = 0.391410548899
Duplicated = 14
============================================================================
Evaluate Gen  9
New Population 79
Better than Dads 12
Best Ind: ( (2y + 0.0) * (1x + 1.0) )
Fitness = 0.177051328778
Worst Ind: ( 9.0 + ( (5x + -4.0) * (3y + 0.0) ) )
Fitness = 0.463955206823
Avg Fitness = 0.366821587295
Duplicated = 15
============================================================================
Evaluate Gen  10
New Population 80
Better than Dads 6
Best Ind: ( (2y + 0.0) * (1x + 1.0) )
Fitness = 0.177051328778
Worst Ind: ( ( 9.0 + (5y + -6.0) ) + (8x + -10.0) )
Fitness = 0.408293535437
Avg Fitness = 0.347886140432
Duplicated = 19
============================================================================
Evaluate Gen  11
New Population 82
Better than Dads 14
Best Ind: ( (2y + 0.0) * (1x + 1.0) )
Fitness = 0.177051328778
Worst Ind: ( (1y + 6.0) + (9x + 1.0) )
Fitness = 0.376422059197
Avg Fitness = 0.33674143095
Duplicated = 24
============================================================================
Evaluate Gen  12
New Population 80
Better than Dads 14
Best Ind: ( (2y + 0.0) * (1x + 1.0) )
Fitness = 0.177051328778
Worst Ind: ( (2y + 0.0) + ( ( 6.0 + (8x + -2.0) ) + (3y + 1.0) ) )
Fitness = 0.36215223045
Avg Fitness = 0.328776768851
Duplicated = 23
============================================================================
Evaluate Gen  13
New Population 85
Better than Dads 12
Best Ind: ( (2y + 0.0) * (1x + 1.0) )
Fitness = 0.177051328778
Worst Ind: ( (9x + 8.0) + (4y + -7.0) )
Fitness = 0.354083950543
Avg Fitness = 0.319480764594
Duplicated = 28
============================================================================
Evaluate Gen  14
New Population 80
Better than Dads 9
Best Ind: ( (2y + 0.0) * (1x + 1.0) )
Fitness = 0.177051328778
Worst Ind: ( (2y + 0.0) * (8x + 3.0) )
Fitness = 0.342108488585
Avg Fitness = 0.314151320693
Duplicated = 30
============================================================================
Evaluate Gen  15
New Population 81
Better than Dads 10
Best Ind: ( (2y + 0.0) * (1x + 1.0) )
Fitness = 0.177051328778
Worst Ind: ( (8x + 3.0) + (3y + 1.0) )
Fitness = 0.339994274998
Avg Fitness = 0.304979391673
Duplicated = 28
============================================================================
Evaluate Gen  16
New Population 81
Better than Dads 8
Best Ind: ( (1x + 1.0) + (2y + 0.0) )
Fitness = 0.168763616199
Worst Ind: ( (2y + 0.0) + (8x + 3.0) )
Fitness = 0.328877386288
Avg Fitness = 0.292486295049
Duplicated = 27
============================================================================
Evaluate Gen  17
New Population 78
Better than Dads 7
Best Ind: ( (1x + 1.0) + (2y + 0.0) )
Fitness = 0.168763616199
Worst Ind: ( ( 6.0 + ( (1x + -1.0) * 1.0 ) ) + (3y + 1.0) )
Fitness = 0.316227766017
Avg Fitness = 0.278394721741
Duplicated = 29
============================================================================
Evaluate Gen  18
New Population 81
Better than Dads 8
Best Ind: ( (1x + 1.0) + (2y + 0.0) )
Fitness = 0.168763616199
Worst Ind: ( (2y + 0.0) * (6x + 2.0) )
Fitness = 0.29335984132
Avg Fitness = 0.270917271573
Duplicated = 34
============================================================================
Evaluate Gen  19
New Population 81
Better than Dads 6
Best Ind: ( (1x + 1.0) + (2y + 0.0) )
Fitness = 0.168763616199
Worst Ind: ( (2y + 0.0) * (6x + 2.0) )
Fitness = 0.29335984132
Avg Fitness = 0.259659802909
Duplicated = 34
============================================================================
Evaluate Gen  20
New Population 81
Better than Dads 8
Best Ind: ( (1x + 1.0) + (2y + 0.0) )
Fitness = 0.168763616199
Worst Ind: ( (2y + 0.0) + (6x + 2.0) )
Fitness = 0.285569919109
Avg Fitness = 0.245755053093
Duplicated = 33
============================================================================
Evaluate Gen  21
New Population 84
Better than Dads 11
Best Ind: ( (1x + 1.0) + (2y + 0.0) )
Fitness = 0.168763616199
Worst Ind: ( (2y + 0.0) + (6x + 2.0) )
Fitness = 0.285569919109
Avg Fitness = 0.230097565639
Duplicated = 30
============================================================================
Evaluate Gen  22
New Population 81
Better than Dads 13
Best Ind: ( (1x + 1.0) * ( (2y + 0.0) * ( (1x + -1.0) * 1.0 ) ) )
Fitness = 0.158944854594
Worst Ind: ( (1x + 1.0) * ( (7y + 4.0) * ( (1x + -1.0) * 1.0 ) ) )
Fitness = 0.265105596179
Avg Fitness = 0.210712779943
Duplicated = 33
============================================================================
Evaluate Gen  23
New Population 83
Better than Dads 12
Best Ind: ( (1x + 1.0) * ( (2y + 0.0) * ( (1x + -1.0) * 1.0 ) ) )
Fitness = 0.158944854594
Worst Ind: ( (2y + 0.0) * (3x + -2.0) )
Fitness = 0.244000702132
Avg Fitness = 0.196782949354
Duplicated = 34
============================================================================
Evaluate Gen  24
New Population 81
Better than Dads 10
Best Ind: ( (1x + 1.0) * ( (2y + 0.0) * ( (1x + -1.0) * 1.0 ) ) )
Fitness = 0.158944854594
Worst Ind: ( (2y + 0.0) + (1x + -1.0) )
Fitness = 0.202303453607
Avg Fitness = 0.183344423302
Duplicated = 37
============================================================================
Evaluate Gen  25
New Population 81
Better than Dads 7
Best Ind: ( (1x + 1.0) * ( (2y + 0.0) * ( (1x + -1.0) * 1.0 ) ) )
Fitness = 0.158944854594
Worst Ind: ( ( (2y + 0.0) * (1x + -1.0) ) * (1x + -1.0) )
Fitness = 0.202245511093
Avg Fitness = 0.175946488105
Duplicated = 38
============================================================================
Evaluate Gen  26
New Population 82
Better than Dads 9
Best Ind: ( (1x + 1.0) * ( (2y + 0.0) * ( (1x + -1.0) * 1.0 ) ) )
Fitness = 0.158944854594
Worst Ind: ( (2y + 0.0) * (1x + 1.0) )
Fitness = 0.177051328778
Avg Fitness = 0.173810135056
Duplicated = 43
============================================================================
Evaluate Gen  27
New Population 83
Better than Dads 5
Best Ind: ( (1x + 1.0) * ( (2y + 0.0) * ( (1x + -1.0) * 1.0 ) ) )
Fitness = 0.158944854594
Worst Ind: ( (2y + 0.0) * (1x + 1.0) )
Fitness = 0.177051328778
Avg Fitness = 0.172860760788
Duplicated = 41
============================================================================
Evaluate Gen  28
New Population 81
Better than Dads 5
Best Ind: ( (1x + 1.0) * ( (2y + 0.0) * ( (1x + -1.0) * 1.0 ) ) )
Fitness = 0.158944854594
Worst Ind: ( (2y + 0.0) * (1x + 1.0) )
Fitness = 0.177051328778
Avg Fitness = 0.17274203869
Duplicated = 39
============================================================================
Evaluate Gen  29
New Population 77
Better than Dads 7
Best Ind: ( (1x + 1.0) * ( (2y + 0.0) * ( (1x + -1.0) * 1.0 ) ) )
Fitness = 0.158944854594
Worst Ind: ( (2y + 0.0) * (1x + 1.0) )
Fitness = 0.177051328778
Avg Fitness = 0.172682677641
Duplicated = 39
============================================================================
Evaluate Gen  30
New Population 79
Better than Dads 6
Best Ind: ( (2y + 0.0) + ( (2y + 0.0) * (1x + -1.0) ) )
Fitness = 0.141421356237
Worst Ind: ( (2y + 0.0) * (1x + -1.0) )
Fitness = 0.177051328778
Avg Fitness = 0.171067736075
Duplicated = 38
============================================================================
Evaluate Gen  31
New Population 81
Better than Dads 9
Best Ind: ( (2y + 0.0) + ( (2y + 0.0) * (1x + -1.0) ) )
Fitness = 0.141421356237
Worst Ind: ( (2y + 0.0) * (1x + 1.0) )
Fitness = 0.177051328778
Avg Fitness = 0.170057106555
Duplicated = 36
============================================================================
Evaluate Gen  32
New Population 83
Better than Dads 8
Best Ind: ( (2y + 0.0) + ( (2y + 0.0) * (1x + -1.0) ) )
Fitness = 0.141421356237
Worst Ind: ( (2y + 0.0) * (1x + -1.0) )
Fitness = 0.177051328778
Avg Fitness = 0.168417029794
Duplicated = 36
============================================================================
Evaluate Gen  33
New Population 86
Better than Dads 11
Best Ind: ( (2y + 0.0) + ( (2y + 0.0) * (1x + -1.0) ) )
Fitness = 0.141421356237
Worst Ind: ( ( (2y + 0.0) * (1x + -1.0) ) + (1x + 1.0) )
Fitness = 0.174083276315
Avg Fitness = 0.165964014462
Duplicated = 36
============================================================================
Evaluate Gen  34
New Population 83
Better than Dads 7
Best Ind: ( (2y + 0.0) + ( (2y + 0.0) * (1x + -1.0) ) )
Fitness = 0.141421356237
Worst Ind: ( (2y + 0.0) + (1x + 1.0) )
Fitness = 0.168763616199
Avg Fitness = 0.164520388928
Duplicated = 39
============================================================================
Evaluate Gen  35
New Population 80
Better than Dads 6
Best Ind: ( (2y + 0.0) + ( (2y + 0.0) * (1x + -1.0) ) )
Fitness = 0.141421356237
Worst Ind: ( (2y + 0.0) + (1x + 1.0) )
Fitness = 0.168763616199
Avg Fitness = 0.163596183882
Duplicated = 37
============================================================================
Evaluate Gen  36
New Population 82
Better than Dads 8
Best Ind: ( (2y + 0.0) + ( (2y + 0.0) * (1x + -1.0) ) )
Fitness = 0.141421356237
Worst Ind: ( (2y + 0.0) + (1x + 1.0) )
Fitness = 0.168763616199
Avg Fitness = 0.162890316403
Duplicated = 36
============================================================================
Evaluate Gen  37
New Population 81
Better than Dads 12
Best Ind: ( (2y + 0.0) + ( (2y + 0.0) * (1x + -1.0) ) )
Fitness = 0.141421356237
Worst Ind: ( (2y + 0.0) + (1x + 1.0) )
Fitness = 0.168763616199
Avg Fitness = 0.161942691676
Duplicated = 36
============================================================================
Evaluate Gen  38
New Population 84
Better than Dads 15
Best Ind: ( (2y + 0.0) + ( (2y + 0.0) * (1x + -1.0) ) )
Fitness = 0.141421356237
Worst Ind: ( (2y + 0.0) + (1x + 1.0) )
Fitness = 0.168763616199
Avg Fitness = 0.161609666289
Duplicated = 36
============================================================================
Evaluate Gen  39
New Population 81
Better than Dads 7
Best Ind: ( (2y + 0.0) + ( (2y + 0.0) * (1x + -1.0) ) )
Fitness = 0.141421356237
Worst Ind: ( (2y + 0.0) + (1x + 1.0) )
Fitness = 0.168763616199
Avg Fitness = 0.159389785974
Duplicated = 34
============================================================================
Evaluate Gen  40
New Population 80
Better than Dads 7
Best Ind: ( (2y + 0.0) + ( (2y + 0.0) * (1x + -1.0) ) )
Fitness = 0.141421356237
Worst Ind: ( (2y + 0.0) + (1x + 1.0) )
Fitness = 0.168763616199
Avg Fitness = 0.157552556875
Duplicated = 29
============================================================================
Evaluate Gen  41
New Population 89
Better than Dads 14
Best Ind: ( (2y + 0.0) + ( (2y + 0.0) * (1x + -1.0) ) )
Fitness = 0.141421356237
Worst Ind: ( ( ( (2y + 0.0) * (1x + 1.0) ) * (1x + -1.0) ) * (1x + 1.0) )
Fitness = 0.161931108472
Avg Fitness = 0.156033937586
Duplicated = 29
============================================================================
Evaluate Gen  42
New Population 84
Better than Dads 12
Best Ind: ( (2y + 0.0) + ( (2y + 0.0) * (1x + -1.0) ) )
Fitness = 0.141421356237
Worst Ind: ( ( (2y + 0.0) * (1x + 1.0) ) * (1x + -1.0) )
Fitness = 0.158944854594
Avg Fitness = 0.155141907461
Duplicated = 29
============================================================================
Evaluate Gen  43
New Population 85
Better than Dads 11
Best Ind: ( (2y + 0.0) + ( (2y + 0.0) * (1x + -1.0) ) )
Fitness = 0.141421356237
Worst Ind: ( ( (2y + 0.0) * (1x + 1.0) ) * (1x + -1.0) )
Fitness = 0.158944854594
Avg Fitness = 0.15452718888
Duplicated = 25
============================================================================
Evaluate Gen  44
New Population 88
Better than Dads 10
Best Ind: ( (2y + 0.0) + ( (2y + 0.0) * (1x + -1.0) ) )
Fitness = 0.141421356237
Worst Ind: ( ( ( ( (2y + 0.0) * (1x + 1.0) ) * (1x + -1.0) ) * (1x + 1.0) ) + (1x + 1.0) )
Fitness = 0.156728131614
Avg Fitness = 0.153827604321
Duplicated = 28
============================================================================
Evaluate Gen  45
New Population 85
Better than Dads 16
Best Ind: ( (2y + 0.0) + ( (2y + 0.0) * (1x + -1.0) ) )
Fitness = 0.141421356237
Worst Ind: ( ( ( (2y + 0.0) * (1x + 1.0) ) * (1x + -1.0) )^2  )
Fitness = 0.155825417383
Avg Fitness = 0.153753404311
Duplicated = 28
============================================================================
Evaluate Gen  46
New Population 87
Better than Dads 18
Best Ind: ( (2y + 0.0) + ( (2y + 0.0) * (1x + -1.0) ) )
Fitness = 0.141421356237
Worst Ind: ( ( ( (2y + 0.0) * (1x + 1.0) ) * (1x + -1.0) )^2  )
Fitness = 0.155825417383
Avg Fitness = 0.153595935231
Duplicated = 27
============================================================================
Evaluate Gen  47
New Population 88
Better than Dads 15
Best Ind: ( (2y + 0.0) + ( (2y + 0.0) * (1x + -1.0) ) )
Fitness = 0.141421356237
Worst Ind: ( ( ( (2y + 0.0) * (1x + 1.0) ) * (1x + -1.0) )^2  )
Fitness = 0.155825417383
Avg Fitness = 0.153467276562
Duplicated = 27
============================================================================
Evaluate Gen  48
New Population 87
Better than Dads 14
Best Ind: ( (2y + 0.0) + ( (2y + 0.0) * (1x + -1.0) ) )
Fitness = 0.141421356237
Worst Ind: ( ( (1x + 1.0) * ( (2y + 0.0) * ( (1x + -1.0) * 1.0 ) ) )^2  )
Fitness = 0.155825417383
Avg Fitness = 0.153228593933
Duplicated = 28
============================================================================
Evaluate Gen  49
New Population 82
Better than Dads 11
Best Ind: ( (2y + 0.0) + ( (2y + 0.0) * (1x + -1.0) ) )
Fitness = 0.141421356237
Worst Ind: ( ( ( ( (2y + 0.0) * (1x + 1.0) ) * (1x + -1.0) ) * (1x + 1.0) ) * (1x + -1.0) )
Fitness = 0.155324488458
Avg Fitness = 0.153163900901
Duplicated = 30
============================================================================
Evaluate Gen  50
New Population 83
Better than Dads 14
Best Ind: ( (2y + 0.0) + ( (2y + 0.0) * (1x + -1.0) ) )
Fitness = 0.141421356237
Worst Ind: ( ( ( ( (2y + 0.0) * (1x + 1.0) ) * (1x + -1.0) ) * (1x + 1.0) ) * (1x + -1.0) )
Fitness = 0.155324488458
Avg Fitness = 0.153053226269
Duplicated = 28
============================================================================
Evaluate Gen  51
New Population 83
Better than Dads 17
Best Ind: ( (2y + 0.0) + ( (2y + 0.0) * (1x + -1.0) ) )
Fitness = 0.141421356237
Worst Ind: ( ( ( ( (2y + 0.0) * (1x + 1.0) ) * (1x + -1.0) ) * (1x + 1.0) ) * (1x + -1.0) )
Fitness = 0.155324488458
Avg Fitness = 0.152776800694
Duplicated = 26
============================================================================
Evaluate Gen  52
New Population 80
Better than Dads 13
Best Ind: ( (2y + 0.0) + ( (2y + 0.0) * (1x + -1.0) ) )
Fitness = 0.141421356237
Worst Ind: ( ( ( ( (2y + 0.0) * (1x + -1.0) ) * (1x + 1.0) ) * (1x + 1.0) ) * (1x + -1.0) )
Fitness = 0.155324488458
Avg Fitness = 0.152585842388
Duplicated = 26
============================================================================
Evaluate Gen  53
New Population 78
Better than Dads 12
Best Ind: ( (2y + 0.0) + ( (2y + 0.0) * (1x + -1.0) ) )
Fitness = 0.141421356237
Worst Ind: ( ( ( ( (2y + 0.0) * (1x + 1.0) ) * (1x + -1.0) ) * (1x + 1.0) ) * (1x + -1.0) )
Fitness = 0.155324488458
Avg Fitness = 0.152437326965
Duplicated = 25
============================================================================
Evaluate Gen  54
New Population 83
Better than Dads 13
Best Ind: ( (2y + 0.0) + ( (2y + 0.0) * (1x + -1.0) ) )
Fitness = 0.141421356237
Worst Ind: ( ( ( ( (2y + 0.0) * (1x + -1.0) ) * (1x + 1.0) ) * (1x + 1.0) ) * (1x + -1.0) )
Fitness = 0.155324488458
Avg Fitness = 0.152047365491
Duplicated = 24
============================================================================
Evaluate Gen  55
New Population 83
Better than Dads 10
Best Ind: ( (2y + 0.0) + ( (2y + 0.0) * (1x + -1.0) ) )
Fitness = 0.141421356237
Worst Ind: ( ( ( ( (2y + 0.0) * (1x + 1.0) ) * (1x + -1.0) ) * (1x + 1.0) ) * (1x + -1.0) )
Fitness = 0.155324488458
Avg Fitness = 0.151683954252
Duplicated = 24
============================================================================
Evaluate Gen  56
New Population 81
Better than Dads 9
Best Ind: ( (2y + 0.0) + ( (2y + 0.0) * (1x + -1.0) ) )
Fitness = 0.141421356237
Worst Ind: ( ( ( ( (2y + 0.0) * (1x + 1.0) ) * (1x + -1.0) ) * (1x + 1.0) ) * (1x + -1.0) )
Fitness = 0.155324488458
Avg Fitness = 0.151307719557
Duplicated = 24
============================================================================
Evaluate Gen  57
New Population 81
Better than Dads 14
Best Ind: ( (2y + 0.0) + ( (2y + 0.0) * (1x + -1.0) ) )
Fitness = 0.141421356237
Worst Ind: ( ( (1x + 1.0) * ( (2y + 0.0) * ( (1x + -1.0) * 1.0 ) ) ) + (1x + 1.0) )
Fitness = 0.154967487834
Avg Fitness = 0.150935309172
Duplicated = 24
============================================================================
Evaluate Gen  58
New Population 82
Better than Dads 15
Best Ind: ( (2y + 0.0) + ( (2y + 0.0) * (1x + -1.0) ) )
Fitness = 0.141421356237
Worst Ind: ( ( ( ( ( (1x + 1.0) * (1x + -1.0) ) * ( ( (2y + 0.0) * (1x + 1.0) ) * (1x + -1.0) ) ) * (1x + 1.0) ) * (1x + 1.0) ) * (1x + -1.0) )
Fitness = 0.154228887163
Avg Fitness = 0.150745026079
Duplicated = 26
============================================================================
Evaluate Gen  59
New Population 77
Better than Dads 12
Best Ind: ( (2y + 0.0) + ( (2y + 0.0) * (1x + -1.0) ) )
Fitness = 0.141421356237
Worst Ind: ( ( ( ( ( ( (2y + 0.0) * (1x + 1.0) ) * (1x + -1.0) ) * (1x + 1.0) ) * (1x + -1.0) ) * (1x + 1.0) ) * (1x + -1.0) )
Fitness = 0.153074818374
Avg Fitness = 0.150647075528
Duplicated = 27
============================================================================
Evaluate Gen  60
New Population 77
Better than Dads 10
Best Ind: ( (2y + 0.0) + ( (2y + 0.0) * (1x + -1.0) ) )
Fitness = 0.141421356237
Worst Ind: ( ( ( ( ( ( (2y + 0.0) * (1x + -1.0) ) * (1x + 1.0) ) * (1x + 1.0) ) * (1x + -1.0) ) * (1x + 1.0) ) * (1x + -1.0) )
Fitness = 0.153074818374
Avg Fitness = 0.150545085817
Duplicated = 26
============================================================================
Evaluate Gen  61
New Population 85
Better than Dads 17
Best Ind: ( (2y + 0.0) + ( (2y + 0.0) * (1x + -1.0) ) )
Fitness = 0.141421356237
Worst Ind: ( ( ( ( ( ( (2y + 0.0) * (1x + 1.0) ) * (1x + -1.0) ) * (1x + 1.0) ) * (1x + -1.0) ) * (1x + 1.0) ) * (1x + -1.0) )
Fitness = 0.153074818374
Avg Fitness = 0.150348864022
Duplicated = 23
============================================================================
Evaluate Gen  62
New Population 77
Better than Dads 8
Best Ind: ( (2y + 0.0) + ( (2y + 0.0) * (1x + -1.0) ) )
Fitness = 0.141421356237
Worst Ind: ( ( ( ( ( ( (2y + 0.0) * (1x + 1.0) ) * (1x + -1.0) ) * (1x + 1.0) ) * (1x + -1.0) ) * (1x + 1.0) ) * (1x + -1.0) )
Fitness = 0.153074818374
Avg Fitness = 0.150226543295
Duplicated = 24
============================================================================
Evaluate Gen  63
New Population 76
Better than Dads 12
Best Ind: ( (2y + 0.0) + ( (2y + 0.0) * (1x + -1.0) ) )
Fitness = 0.141421356237
Worst Ind: ( ( ( ( (1x + -1.0) * (1x + 1.0) ) * (1x + -1.0) ) * (1x + -1.0) ) * ( ( ( ( ( (2y + 0.0) * (1x + 1.0) ) * (1x + -1.0) ) * (1x + 1.0) ) * (1x + -1.0) ) * (1x + 1.0) ) )
Fitness = 0.152737847425
Avg Fitness = 0.150206212278
Duplicated = 26
============================================================================
Evaluate Gen  64
New Population 78
Better than Dads 12
Best Ind: ( (2y + 0.0) + ( (2y + 0.0) * (1x + -1.0) ) )
Fitness = 0.141421356237
Worst Ind: ( ( (1x + 1.0) * ( (2y + 0.0) * ( (1x + -1.0) * ( (1x + 1.0) * (1x + -1.0) ) ) ) )^2  )
Fitness = 0.152398057486
Avg Fitness = 0.150181084579
Duplicated = 27
============================================================================
Evaluate Gen  65
New Population 83
Better than Dads 18
Best Ind: ( (2y + 0.0) + ( (2y + 0.0) * (1x + -1.0) ) )
Fitness = 0.141421356237
Worst Ind: ( ( ( ( ( ( (2y + 0.0) * (1x + -1.0) ) * (1x + 1.0) ) * 1.0 ) * (1x + -1.0) ) * (1x + 1.0) )^2  )
Fitness = 0.152398057486
Avg Fitness = 0.150181084579
Duplicated = 27
============================================================================
Evaluate Gen  66
New Population 82
Better than Dads 18
Best Ind: ( (1y + 2.0) + (1x + -1.0) )
Fitness = 0.134198690702
Worst Ind: ( ( ( ( ( ( (2y + 0.0) * (1x + -1.0) ) * (1x + 1.0) ) * 1.0 ) * (1x + -1.0) ) * (1x + 1.0) )^2  )
Fitness = 0.152398057486
Avg Fitness = 0.1497703269
Duplicated = 27
============================================================================
Evaluate Gen  67
New Population 81
Better than Dads 12
Best Ind: ( (1y + 2.0) + (1x + -1.0) )
Fitness = 0.134198690702
Worst Ind: ( ( ( ( ( (2y + 0.0) * (1x + -1.0) ) * (1x + 1.0) ) * (1x + 1.0) ) * (1x + -1.0) )^2  )
Fitness = 0.152398057486
Avg Fitness = 0.149741151704
Duplicated = 27
============================================================================
Evaluate Gen  68
New Population 79
Better than Dads 14
Best Ind: ( (1y + 2.0) + (1x + -1.0) )
Fitness = 0.134198690702
Worst Ind: ( ( ( ( ( (2y + 0.0) * (1x + -1.0) ) * (1x + 1.0) ) * (1x + 1.0) ) * (1x + -1.0) )^2  )
Fitness = 0.152398057486
Avg Fitness = 0.149686507066
Duplicated = 26
============================================================================
Evaluate Gen  69
New Population 80
Better than Dads 13
Best Ind: ( (1y + 2.0) + (1x + -1.0) )
Fitness = 0.134198690702
Worst Ind: ( ( ( ( ( (2y + 0.0) * (1x + -1.0) ) * (1x + 1.0) ) * (1x + 1.0) ) * (1x + -1.0) )^2  )
Fitness = 0.152398057486
Avg Fitness = 0.149431755211
Duplicated = 25
============================================================================
Evaluate Gen  70
New Population 79
Better than Dads 12
Best Ind: ( (1y + 2.0) + (1x + -1.0) )
Fitness = 0.134198690702
Worst Ind: ( ( ( ( ( (2y + 0.0) * (1x + -1.0) ) * (1x + 1.0) ) * (1x + 1.0) ) * (1x + -1.0) )^2  )
Fitness = 0.152398057486
Avg Fitness = 0.149183687459
Duplicated = 25
============================================================================
Evaluate Gen  71
New Population 77
Better than Dads 9
Best Ind: ( (1y + 2.0) + (1x + -1.0) )
Fitness = 0.134198690702
Worst Ind: ( ( ( ( ( (2y + 0.0) * (1x + -1.0) ) * (1x + 1.0) ) * (1x + 1.0) ) * (1x + -1.0) )^2  )
Fitness = 0.152398057486
Avg Fitness = 0.149068101704
Duplicated = 25
============================================================================
Evaluate Gen  72
New Population 78
Better than Dads 10
Best Ind: ( (1y + 2.0) + (1x + -1.0) )
Fitness = 0.134198690702
Worst Ind: ( ( ( ( ( (2y + 0.0) * (1x + -1.0) ) * (1x + 1.0) ) * (1x + 1.0) ) * (1x + -1.0) )^2  )
Fitness = 0.152398057486
Avg Fitness = 0.148493778669
Duplicated = 23
============================================================================
Evaluate Gen  73
New Population 76
Better than Dads 11
Best Ind: ( (1y + 2.0) + (1x + -1.0) )
Fitness = 0.134198690702
Worst Ind: ( ( ( ( ( (2y + 0.0) * (1x + -1.0) ) * (1x + 1.0) ) * (1x + 1.0) ) * (1x + -1.0) )^2  )
Fitness = 0.152398057486
Avg Fitness = 0.148419877602
Duplicated = 23
============================================================================
Evaluate Gen  74
New Population 83
Better than Dads 13
Best Ind: ( (1y + 2.0) + (1x + -1.0) )
Fitness = 0.134198690702
Worst Ind: ( ( (1x + 1.0) * ( ( (2y + 0.0) + (1x + 1.0) ) * (1x + -1.0) ) ) + (1x + 1.0) )
Fitness = 0.152083233612
Avg Fitness = 0.148182859246
Duplicated = 24
============================================================================
Evaluate Gen  75
New Population 77
Better than Dads 13
Best Ind: ( (1y + 2.0) + (1x + -1.0) )
Fitness = 0.134198690702
Worst Ind: ( ( (1x + 1.0) * ( ( (2y + 0.0) + (1x + 1.0) ) * ( (1x + -1.0) * 1.0 ) ) ) + (1x + 1.0) )
Fitness = 0.152083233612
Avg Fitness = 0.148182859246
Duplicated = 24
============================================================================
Evaluate Gen  76
New Population 79
Better than Dads 9
Best Ind: ( ( (2y + 0.0) + ( (2y + 0.0) * (1x + -1.0) ) )^2  )
Fitness = 0.1
Worst Ind: ( ( ( ( (1x + -1.0) * (1x + 1.0) ) * ( (1x + 1.0) * (1x + -1.0) ) ) * ( (1x + 1.0) * ( (2y + 0.0) * ( (1x + -1.0) * ( (1x + 1.0) * (1x + -1.0) ) ) ) ) ) * ( ( ( ( ( (2y + 0.0) * (1x + 1.0) ) * (1x + -1.0) ) * (1x + 1.0) ) * (1x + -1.0) ) * (1x + 1.0) ) )
Fitness = 0.151821252412
Avg Fitness = 0.146767322472
Duplicated = 25
============================================================================
Evaluate Gen  77
New Population 79
Better than Dads 13
Best Ind: ( ( (2y + 0.0) + ( (2y + 0.0) * (1x + -1.0) ) )^2  )
Fitness = 0.1
Worst Ind: ( ( ( ( ( (2y + 0.0) + (1x + 1.0) ) * (1x + 1.0) ) * (1x + -1.0) ) * (1x + 1.0) ) * (1x + -1.0) )
Fitness = 0.150886358156
Avg Fitness = 0.146694658508
Duplicated = 26
============================================================================
Evaluate Gen  78
New Population 79
Better than Dads 9
Best Ind: ( ( (2y + 0.0) + ( (2y + 0.0) * (1x + -1.0) ) )^2  )
Fitness = 0.1
Worst Ind: ( ( ( ( ( (2y + 0.0) + (1x + 1.0) ) * (1x + 1.0) ) * (1x + -1.0) ) * (1x + 1.0) ) * (1x + -1.0) )
Fitness = 0.150886358156
Avg Fitness = 0.145502665096
Duplicated = 24
============================================================================
Evaluate Gen  79
New Population 84
Better than Dads 12
Best Ind: ( ( (2y + 0.0) + ( (2y + 0.0) * (1x + -1.0) ) )^2  )
Fitness = 0.1
Worst Ind: ( ( ( ( ( ( (2y + 0.0) * (1x + -1.0) ) * (1x + 1.0) ) * (1x + 1.0) ) * (1x + -1.0) ) * (1x + 1.0) ) + (1x + 1.0) )
Fitness = 0.150059540311
Avg Fitness = 0.14432135484
Duplicated = 23
============================================================================
Evaluate Gen  80
New Population 81
Better than Dads 16
Best Ind: ( ( (2y + 0.0) + ( (2y + 0.0) * (1x + -1.0) ) )^2  )
Fitness = 0.1
Worst Ind: ( ( ( ( ( ( (2y + 0.0) * (1x + -1.0) ) * (1x + 1.0) ) * (1x + 1.0) ) * (1x + -1.0) ) * (1x + 1.0) ) + (1x + 1.0) )
Fitness = 0.150059540311
Avg Fitness = 0.144304371918
Duplicated = 24
============================================================================
Evaluate Gen  81
New Population 81
Better than Dads 14
Best Ind: ( ( (2y + 0.0) + ( (2y + 0.0) * (1x + -1.0) ) )^2  )
Fitness = 0.1
Worst Ind: ( ( ( ( ( ( (2y + 0.0) * (1x + 1.0) ) * (1x + -1.0) ) * (1x + 1.0) ) * (1x + -1.0) ) * (1x + -1.0) ) + (1x + 1.0) )
Fitness = 0.150059540311
Avg Fitness = 0.142936819502
Duplicated = 23
============================================================================
Evaluate Gen  82
New Population 79
Better than Dads 13
Best Ind: ( ( (2y + 0.0) + ( (2y + 0.0) * (1x + -1.0) ) )^2  )
Fitness = 0.1
Worst Ind: ( ( ( (1x + 1.0) * ( ( (1x + -1.0) * (1x + 1.0) ) * (1x + -1.0) ) ) * ( ( (2y + 0.0) * (1x + 1.0) ) * (1x + -1.0) ) )^2  )
Fitness = 0.149665825553
Avg Fitness = 0.142799605997
Duplicated = 24
============================================================================
Evaluate Gen  83
New Population 80
Better than Dads 13
Best Ind: ( ( (2y + 0.0) + ( (2y + 0.0) * (1x + -1.0) ) )^2  )
Fitness = 0.1
Worst Ind: ( ( ( (1x + 1.0) * ( ( (1x + -1.0) * (1x + 1.0) ) * ( (1x + -1.0) * 1.0 ) ) ) * ( ( (2y + 0.0) * (1x + 1.0) ) * (1x + -1.0) ) )^2  )
Fitness = 0.149665825553
Avg Fitness = 0.141577558124
Duplicated = 22
============================================================================
Evaluate Gen  84
New Population 83
Better than Dads 15
Best Ind: ( ( (2y + 0.0) + ( (2y + 0.0) * (1x + -1.0) ) )^2  )
Fitness = 0.1
Worst Ind: ( ( ( ( (1x + -1.0) * (1x + 1.0) ) * (1x + -1.0) ) * ( (1x + 1.0) * ( (2y + 0.0) * ( (1x + -1.0) * ( (1x + 1.0) * (1x + -1.0) ) ) ) ) ) * ( ( ( ( ( (2y + 0.0) * (1x + 1.0) ) * (1x + -1.0) ) * (1x + 1.0) ) * (1x + -1.0) ) * (1x + 1.0) ) )
Fitness = 0.149665825553
Avg Fitness = 0.140714270127
Duplicated = 21
============================================================================
Evaluate Gen  85
New Population 84
Better than Dads 16
Best Ind: ( ( (2y + 0.0) + ( (2y + 0.0) * (1x + -1.0) ) )^2  )
Fitness = 0.1
Worst Ind: ( ( ( (1x + 1.0) * ( ( (1x + -1.0) * (1x + 1.0) ) * ( (1x + -1.0) * 1.0 ) ) ) * ( ( (2y + 0.0) * (1x + 1.0) ) * (1x + -1.0) ) )^2  )
Fitness = 0.149665825553
Avg Fitness = 0.138285506228
Duplicated = 24
============================================================================
Evaluate Gen  86
New Population 87
Better than Dads 22
Best Ind: ( ( (2y + 0.0) + ( (2y + 0.0) * (1x + -1.0) ) )^2  )
Fitness = 0.1
Worst Ind: ( ( ( ( ( ( (2y + 0.0) * (1x + -1.0) ) * (1x + 1.0) ) * (1x + 1.0) ) + (1x + -1.0) ) * (1x + 1.0) ) + 1.0 )
Fitness = 0.149662425462
Avg Fitness = 0.138188662226
Duplicated = 24
============================================================================
Evaluate Gen  87
New Population 84
Better than Dads 16
Best Ind: ( ( (2y + 0.0) + ( (2y + 0.0) * (1x + -1.0) ) )^2  )
Fitness = 0.1
Worst Ind: ( ( ( ( ( (2y + 0.0) * (1x + -1.0) ) * (1x + 1.0) ) * (1x + 1.0) ) * (1x + -1.0) ) + (1x + 1.0) )
Fitness = 0.14901782797
Avg Fitness = 0.137597906502
Duplicated = 23
============================================================================
Evaluate Gen  88
New Population 83
Better than Dads 13
Best Ind: ( ( (2y + 0.0) + ( (2y + 0.0) * (1x + -1.0) ) )^2  )
Fitness = 0.1
Worst Ind: ( ( ( ( ( (2y + 0.0) * (1x + -1.0) ) * (1x + 1.0) ) * (1x + 1.0) ) * (1x + -1.0) ) + (1x + 1.0) )
Fitness = 0.14901782797
Avg Fitness = 0.134816645451
Duplicated = 20
============================================================================
Evaluate Gen  89
New Population 88
Better than Dads 16
Best Ind: ( ( (2y + 0.0) + ( (2y + 0.0) * (1x + -1.0) ) )^2  )
Fitness = 0.1
Worst Ind: ( ( ( ( ( ( (2y + 0.0) * (1x + -1.0) ) * (1x + 1.0) ) * (1x + 1.0) ) * (1x + -1.0) ) + (1x + 1.0) ) + ( ( (1x + -1.0) * (1x + 1.0) ) * (1x + -1.0) ) )
Fitness = 0.144823625463
Avg Fitness = 0.132541361786
Duplicated = 22
============================================================================
Evaluate Gen  90
New Population 86
Better than Dads 20
Best Ind: ( ( (2y + 0.0) + ( (2y + 0.0) * (1x + -1.0) ) )^2  )
Fitness = 0.1
Worst Ind: ( ( ( ( ( ( (2y + 0.0) * (1x + -1.0) ) * (1x + 1.0) ) * (1x + 1.0) ) * (1x + -1.0) ) * (1x + -1.0) ) + (2y + 0.0) )
Fitness = 0.144731213871
Avg Fitness = 0.132262034022
Duplicated = 23
============================================================================
Evaluate Gen  91
New Population 89
Better than Dads 22
Best Ind: ( ( (2y + 0.0) + ( (2y + 0.0) * (1x + -1.0) ) )^2  )
Fitness = 0.1
Worst Ind: ( ( ( (2y + 0.0) * (1x + 1.0) ) * ( (1x + 1.0) * (1x + -1.0) ) ) + (2y + 0.0) )
Fitness = 0.143198865074
Avg Fitness = 0.131110683917
Duplicated = 24
============================================================================
Evaluate Gen  92
New Population 88
Better than Dads 18
Best Ind: ( ( (2y + 0.0) + ( (2y + 0.0) * (1x + -1.0) ) )^2  )
Fitness = 0.1
Worst Ind: ( ( ( ( (2y + 0.0) * (1x + 1.0) ) * (1x + -1.0) ) * (1x + 1.0) ) + ( (1x + 1.0) * ( (2y + 0.0) * ( (1x + -1.0) * ( (1x + 1.0) * (1x + -1.0) ) ) ) ) )
Fitness = 0.141421356237
Avg Fitness = 0.129759017876
Duplicated = 26
============================================================================
Evaluate Gen  93
New Population 90
Better than Dads 18
Best Ind: ( ( (2y + 0.0) + ( (2y + 0.0) * (1x + -1.0) ) )^2  )
Fitness = 0.1
Worst Ind: ( (2y + 0.0) + ( ( (2y + 0.0) * (1x + -1.0) ) * (1x + 1.0) ) )
Fitness = 0.141421356237
Avg Fitness = 0.128787758355
Duplicated = 29
============================================================================
Evaluate Gen  94
New Population 90
Better than Dads 23
Best Ind: ( ( (2y + 0.0) + ( (2y + 0.0) * (1x + -1.0) ) )^2  )
Fitness = 0.1
Worst Ind: ( (2y + 0.0) + ( ( (2y + 0.0) * (1x + -1.0) ) * (1x + 1.0) ) )
Fitness = 0.141421356237
Avg Fitness = 0.127674810188
Duplicated = 30
============================================================================
Evaluate Gen  95
New Population 85
Better than Dads 17
Best Ind: ( ( (2y + 0.0) + ( (2y + 0.0) * (1x + -1.0) ) )^2  )
Fitness = 0.1
Worst Ind: ( ( ( (2y + 0.0) * (1x + 1.0) ) * (1x + -1.0) ) + ( ( ( ( (2y + 0.0) * (1x + 1.0) ) * (1x + -1.0) ) * (1x + 1.0) ) * (1x + -1.0) ) )
Fitness = 0.141421356237
Avg Fitness = 0.127674810188
Duplicated = 30
============================================================================
Evaluate Gen  96
New Population 84
Better than Dads 14
Best Ind: ( ( (2y + 0.0) + ( (2y + 0.0) * (1x + -1.0) ) )^2  )
Fitness = 0.1
Worst Ind: ( (2y + 0.0) + ( (2y + 0.0) * (1x + -1.0) ) )
Fitness = 0.141421356237
Avg Fitness = 0.125308618159
Duplicated = 29
============================================================================
Evaluate Gen  97
New Population 86
Better than Dads 18
Best Ind: ( ( (2y + 0.0) + ( (2y + 0.0) * (1x + -1.0) ) )^2  )
Fitness = 0.1
Worst Ind: ( ( (2y + 0.0) + ( (2y + 0.0) * (1x + -1.0) ) ) + 2.0 )
Fitness = 0.141421356237
Avg Fitness = 0.124480191035
Duplicated = 28
============================================================================
Evaluate Gen  98
New Population 85
Better than Dads 19
Best Ind: ( ( (2y + 0.0) + ( (2y + 0.0) * (1x + -1.0) ) )^2  )
Fitness = 0.1
Worst Ind: ( (2y + 0.0) + ( (2y + 0.0) * (1x + -1.0) ) )
Fitness = 0.141421356237
Avg Fitness = 0.122107957348
Duplicated = 29
============================================================================
Evaluate Gen  99
New Population 85
Better than Dads 16
Best Ind: ( ( (2y + 0.0) + ( (2y + 0.0) * (1x + -1.0) ) )^2  )
Fitness = 0.1
Worst Ind: ( ( ( (2y + 0.0) * (1x + -1.0) ) * (1x + 1.0) ) + (2y + 0.0) )
Fitness = 0.141421356237
Avg Fitness = 0.1195991871
Duplicated = 30
============================================================================
Evaluate Gen  100
New Population 82
Better than Dads 17
Best Ind: ( ( ( ( (2y + 0.0) * (1x + -1.0) ) * (1x + 1.0) ) + (2y + 0.0) ) + 1.0 )
Fitness = 0.0919493957022
Worst Ind: ( (2y + 0.0) + ( (2y + 0.0) * (1x + -1.0) ) )
Fitness = 0.141421356237
Avg Fitness = 0.118356116624
Duplicated = 28
