dataset_file= dataset/SR_circle.txt
population= 100
generations= 50
tournament_size= 7
cross_over= 0.6
mutation= 0.3
elitism= True
(50, 2)
============================================================================
Build initial population
ind: 1
( ( 0.25y + 0.333333333333x ) + 0.2y )
ind: 2
( ( ( 0.111111111111x * ( ( ( 0.166666666667y * 0.1x ) + ( 0.2x * 0.1y ) ) * 0.5y ) ) * 0.5x ) * 0.125x )
ind: 3
( ( ( ( 0.25y * 1.0x ) * 0.2x ) * ( ( 0.5x * 0.166666666667y ) + 0.5x ) ) + ( 0.333333333333x + ( 0.125x + ( ( 0.166666666667y + ( 0.125y * 0.166666666667x ) ) * ( 0.333333333333x * 1.0y ) ) ) ) )
ind: 4
( ( 0.1y + ( 0.25x + ( 0.25y * ( 0.25y * ( 1.0x + 0.5y ) ) ) ) ) + 1.0x )
ind: 5
( ( 0.5y + ( 0.1y + ( 0.125y * ( ( 0.111111111111x + 0.1x ) * ( 0.2y * 0.142857142857x ) ) ) ) ) * ( ( 0.1x + 0.1y ) + 0.5y ) )
ind: 6
( 0.166666666667y + 0.1x )
ind: 7
( ( ( ( ( ( 0.111111111111x * 0.1x ) * ( 0.125y + 1.0x ) ) + ( ( 1.0y + 0.25y ) + ( 0.2y + 0.142857142857y ) ) ) + 0.2y ) * 1.0y ) + ( 0.2y * ( ( ( 0.111111111111x + ( 0.25x * 0.111111111111y ) ) * 0.333333333333x ) * 0.142857142857x ) ) )
ind: 8
( 0.111111111111y * ( 0.25x * 0.333333333333x ) )
ind: 9
( 0.2x + 0.125y )
ind: 10
( ( 0.142857142857x + ( 0.5y * ( ( ( 1.0x + 0.111111111111x ) + 0.5x ) * ( 0.333333333333x + 0.125x ) ) ) ) * 0.1x )
ind: 11
( 0.2y * 0.1x )
ind: 12
( 0.2x + ( 0.5y * ( ( 0.1x * ( 0.25y * ( 0.125y + 1.0x ) ) ) * ( ( 0.2y * 0.2x ) + ( ( 0.2x + 0.125x ) + ( 0.166666666667x + 0.5x ) ) ) ) ) )
ind: 13
( 0.333333333333x + ( ( ( 0.1y + 0.5x ) + 0.333333333333x ) * ( 0.333333333333y * ( ( 0.111111111111x * ( 0.111111111111y * 0.333333333333x ) ) * 0.25y ) ) ) )
ind: 14
( 0.333333333333x * ( 0.1y * 0.125x ) )
ind: 15
( 0.25x + 1.0y )
ind: 16
( ( 0.5y + 0.5x ) * ( ( 0.125x * 0.333333333333x ) + ( ( ( 0.142857142857y * 0.25x ) * 0.333333333333y ) + 0.142857142857x ) ) )
ind: 17
( 0.111111111111x * 0.125y )
ind: 18
( 0.5x + ( 0.25x + ( 0.333333333333y * 0.333333333333x ) ) )
ind: 19
( ( ( ( 0.1y * 0.125y ) * 0.25x ) + 0.111111111111x ) * 0.125x )
ind: 20
( ( ( ( 0.111111111111y * 0.111111111111x ) * 0.125y ) * ( ( ( ( 0.125y * 0.125y ) * 0.2x ) * 0.142857142857x ) + 0.333333333333y ) ) + 0.111111111111x )
ind: 21
( 0.111111111111y * ( 1.0x + 0.333333333333x ) )
ind: 22
( ( ( 0.2x + 0.333333333333y ) + ( 0.333333333333x + 0.111111111111x ) ) * 0.166666666667y )
ind: 23
( 0.125y + ( ( 0.25x + ( ( ( 0.5x + 0.125y ) * ( 0.25x * 1.0x ) ) + ( ( 0.166666666667y + 0.111111111111y ) + 0.111111111111y ) ) ) * ( ( ( 0.333333333333y * 0.125x ) + ( ( 0.5x * 0.1x ) * ( 0.1y * 0.111111111111x ) ) ) * ( ( ( 0.111111111111y * 1.0y ) * 0.125x ) * ( 0.5y * ( 0.333333333333x + 1.0y ) ) ) ) ) )
ind: 24
( ( ( ( ( 0.166666666667y + 0.166666666667y ) + ( ( 0.166666666667x * 0.2y ) * 1.0x ) ) + 0.333333333333y ) + ( 0.142857142857y * ( ( 0.111111111111x + 1.0y ) * ( 0.111111111111x + ( 0.1y * 1.0x ) ) ) ) ) * 0.142857142857y )
ind: 25
( 0.125x * ( ( ( ( 0.125x * ( 0.111111111111x * 1.0x ) ) + 0.142857142857y ) + 0.142857142857x ) + ( ( 0.142857142857x + ( ( 0.142857142857x + 0.1x ) * 0.166666666667x ) ) + ( 0.5y + 0.1x ) ) ) )
ind: 26
( ( ( ( 0.5y + ( ( 0.333333333333x * 0.111111111111x ) * 1.0x ) ) + ( 0.5x + 0.125y ) ) + 1.0y ) + ( ( 0.333333333333x + ( ( ( 0.142857142857y + 0.1x ) + ( 0.5x * 0.2y ) ) * 1.0y ) ) * 0.111111111111y ) )
ind: 27
( 0.142857142857x * ( ( ( 0.25y * ( ( 0.125x * 1.0y ) + 0.2x ) ) * ( ( 0.111111111111y + 0.25y ) + ( ( 0.333333333333y + 0.125y ) * ( 0.5x * 0.166666666667x ) ) ) ) + ( 0.125x * 0.166666666667y ) ) )
ind: 28
( ( ( ( 0.333333333333x + 0.166666666667x ) + ( 0.333333333333y * 0.142857142857y ) ) + ( 0.5y + 0.111111111111y ) ) * ( 0.25x + 0.166666666667x ) )
ind: 29
( ( ( 0.25y + ( 0.125x * 0.2y ) ) * 0.166666666667y ) * ( ( ( 0.166666666667x + ( ( 0.5y + 1.0y ) * ( 0.333333333333y + 0.2x ) ) ) + 0.111111111111x ) + 0.25y ) )
ind: 30
( ( ( ( 0.2y + 0.1y ) + ( ( ( 0.142857142857y + 0.1x ) + ( 0.333333333333y * 0.2x ) ) + 0.5x ) ) * ( ( 0.333333333333y * 0.2y ) + 0.25x ) ) * 0.5x )
ind: 31
( 0.25x * ( ( 0.25y + ( ( ( 0.111111111111x * 0.166666666667y ) * ( 0.25y + 0.1y ) ) * ( ( 1.0y * 1.0y ) + 0.142857142857x ) ) ) * ( ( ( 1.0y + 0.1y ) + 0.333333333333y ) * 0.2y ) ) )
ind: 32
( ( 0.2y * ( 0.1x * 0.25x ) ) + 1.0x )
ind: 33
( ( ( 0.25x * ( ( ( 0.5y + 0.25x ) * 0.2y ) + 0.1y ) ) + 0.125x ) + 0.142857142857x )
ind: 34
( ( 0.5y + ( ( ( 0.142857142857x + ( 0.125y * 0.1y ) ) * 0.25y ) + 1.0y ) ) + ( ( ( 0.25x + ( 1.0y * ( 0.333333333333y * 0.125y ) ) ) + 0.142857142857y ) * ( ( 0.25x * ( ( 0.166666666667x * 0.1x ) * ( 0.2x + 0.111111111111x ) ) ) * ( 1.0y * 0.1y ) ) ) )
ind: 35
( 0.111111111111x + 0.142857142857y )
ind: 36
( ( 0.5y + 0.5x ) + ( 0.333333333333y * 0.25y ) )
ind: 37
( 0.333333333333y * ( 0.2y * ( ( 0.111111111111x * 0.111111111111x ) * 0.2x ) ) )
ind: 38
( 0.5y + 0.125x )
ind: 39
( ( ( 0.2x + ( ( 0.2x + 0.125y ) * 0.25y ) ) * 0.142857142857x ) * 0.2y )
ind: 40
( 1.0y * ( 0.333333333333y + ( ( ( 0.25x * 0.166666666667y ) * ( 0.166666666667x * ( 0.5x + 0.125y ) ) ) + ( 0.125x * 0.25y ) ) ) )
ind: 41
( 1.0y * 0.142857142857x )
ind: 42
( ( 0.2y + 0.166666666667y ) + ( 0.125x + ( 0.142857142857y + 0.166666666667y ) ) )
ind: 43
( ( ( ( 0.333333333333x * 0.111111111111y ) + ( 0.166666666667y + ( ( 0.111111111111y + 0.111111111111x ) * 0.2y ) ) ) + ( 1.0y * 0.25y ) ) + 0.142857142857x )
ind: 44
( ( ( 0.1x + ( 0.166666666667x + 0.1x ) ) + 0.166666666667x ) + ( 0.142857142857x + ( 1.0x * ( 0.125x + 0.333333333333y ) ) ) )
ind: 45
( ( 0.142857142857y * 0.25x ) * ( ( ( 0.25y + 0.111111111111x ) * 0.142857142857x ) * ( ( ( ( 0.111111111111y * 0.111111111111y ) * 0.2x ) * ( 0.125x * 0.25y ) ) + ( 1.0x * 0.1y ) ) ) )
ind: 46
( ( 0.2x * 0.125x ) * 0.125y )
ind: 47
( ( ( 0.166666666667y * ( 0.166666666667y * ( 0.5x * ( 0.2x + 0.166666666667y ) ) ) ) + ( ( 0.142857142857x * 1.0x ) * ( 0.2y * 0.166666666667x ) ) ) + 0.142857142857y )
ind: 48
( ( ( 0.166666666667y * 0.2x ) * 0.142857142857x ) * 0.1x )
ind: 49
( ( ( ( ( 0.111111111111x + ( 0.5x * 0.166666666667y ) ) * ( ( 0.142857142857x + 0.333333333333y ) * 0.333333333333x ) ) * ( ( ( 0.125x + 0.166666666667x ) + ( 0.1x + 0.1x ) ) * ( 0.111111111111x * ( 1.0y * 0.333333333333y ) ) ) ) * 0.111111111111x ) * 0.125y )
ind: 50
( ( ( ( 0.142857142857y + ( ( 0.1y * 0.333333333333x ) * ( 0.333333333333y + 0.1y ) ) ) + ( 0.142857142857x + ( 1.0x + 0.333333333333y ) ) ) + ( ( 0.1y * 0.166666666667y ) + ( 0.111111111111y * ( ( 1.0x + 0.142857142857x ) * 0.142857142857y ) ) ) ) + ( ( 0.111111111111x * 0.333333333333y ) * ( ( 0.5x * ( 0.142857142857y * ( 0.1x + 0.111111111111y ) ) ) * ( 0.166666666667x + 0.111111111111y ) ) ) )
ind: 51
( 0.142857142857y * ( 1.0x + 0.111111111111y ) )
ind: 52
( 0.1y + ( ( ( ( 0.1x + ( 0.2x + 0.142857142857x ) ) * 0.125x ) * 1.0x ) + ( ( ( 0.166666666667x * 0.333333333333x ) + 0.166666666667x ) * 0.25y ) ) )
ind: 53
( 0.125y * 0.25x )
ind: 54
( 0.142857142857x * 0.166666666667y )
ind: 55
( 1.0y + ( ( ( 0.125y + ( ( 0.166666666667y * 0.111111111111x ) + 0.5x ) ) + 0.166666666667x ) * ( ( ( 0.125x * ( 0.166666666667y * 0.25x ) ) + 0.25x ) * 0.25y ) ) )
ind: 56
( ( ( ( ( 0.142857142857y + 0.25y ) * 0.2y ) + 0.111111111111x ) + 0.166666666667x ) * ( ( ( 0.166666666667y + ( ( 0.111111111111x + 0.25y ) * ( 0.166666666667x * 0.333333333333x ) ) ) * ( ( 0.2x + 0.333333333333y ) * 0.166666666667y ) ) * ( ( 0.5y + ( ( 0.111111111111y * 0.1y ) + ( 0.111111111111y + 1.0y ) ) ) * 0.125y ) ) )
ind: 57
( ( ( ( 0.142857142857y * 0.333333333333x ) + ( ( ( 0.5x + 1.0y ) + ( 0.166666666667x * 0.1x ) ) * ( 0.5x * ( 0.125y * 1.0x ) ) ) ) * ( 0.142857142857y * ( 0.142857142857y + 0.2x ) ) ) * ( ( 0.111111111111y + 0.166666666667y ) * ( ( ( ( 0.1x + 0.125y ) * ( 1.0y * 1.0y ) ) + ( 0.2y * ( 0.333333333333x + 0.1y ) ) ) + ( ( 0.333333333333y + ( 0.125x * 0.125y ) ) * 0.111111111111y ) ) ) )
ind: 58
( 0.166666666667x * ( ( ( ( 0.5y + ( 0.142857142857x + 0.111111111111y ) ) * 0.5y ) + ( 0.111111111111y + ( ( 0.1x + 0.1y ) * 0.1y ) ) ) + ( 1.0y * 0.125x ) ) )
ind: 59
( ( 0.142857142857y + ( ( ( 0.142857142857x + 0.5y ) + 0.333333333333y ) * 0.2x ) ) + 0.111111111111y )
ind: 60
( 1.0x + 1.0y )
ind: 61
( ( 0.166666666667x * ( ( 0.5x * ( ( 0.1y * 0.25x ) + ( 0.111111111111y + 0.1y ) ) ) + 0.125y ) ) + ( ( 0.111111111111y + ( ( ( 0.125x * 0.1x ) * ( 0.25x + 0.142857142857y ) ) * ( 0.333333333333x * 0.125y ) ) ) + 0.166666666667x ) )
ind: 62
( ( 0.25y + ( 0.142857142857y + ( ( ( 0.333333333333x + 0.333333333333x ) * ( 0.2x + 0.111111111111x ) ) * ( 0.1y * ( 0.333333333333x + 0.142857142857x ) ) ) ) ) * 1.0x )
ind: 63
( ( ( ( ( 0.166666666667y * 0.1y ) + 0.25x ) * 0.333333333333x ) * 1.0x ) + ( 0.111111111111x + 0.25x ) )
ind: 64
( ( 0.166666666667y + 0.166666666667x ) * 0.1y )
ind: 65
( 0.5y * 0.125x )
ind: 66
( ( ( ( 0.125y * ( 0.142857142857y * 0.111111111111y ) ) * ( 0.125y + 0.142857142857y ) ) * ( ( ( 0.125y + ( 0.142857142857x * 0.111111111111x ) ) + ( ( 0.111111111111y + 0.1y ) + ( 0.1y * 0.2x ) ) ) + 0.142857142857x ) ) * 0.166666666667y )
ind: 67
( 1.0y + ( 0.111111111111x + ( ( ( ( 0.111111111111x * 0.1x ) * ( 0.25x * 0.333333333333y ) ) + ( 0.5y * 0.5y ) ) * 0.2y ) ) )
ind: 68
( 0.125x + ( ( ( 0.1x * 0.111111111111x ) + ( ( ( 0.5y + 0.125y ) + ( 0.142857142857x + 1.0y ) ) * 0.142857142857y ) ) + ( ( 0.25y + 0.1x ) * 0.1x ) ) )
ind: 69
( 0.333333333333x + ( ( ( ( 0.1y + ( 0.25y + 0.111111111111x ) ) * ( ( 0.333333333333x * 0.125x ) * ( 0.111111111111y + 0.25x ) ) ) + 0.2y ) + 0.333333333333y ) )
ind: 70
( ( ( ( 0.142857142857x + ( 0.142857142857y * 0.142857142857y ) ) + 0.333333333333y ) * ( 0.2y + 0.1y ) ) + 0.333333333333x )
ind: 71
( ( 0.5x + ( ( ( 0.111111111111x * 0.166666666667y ) * ( 0.125y * ( 0.111111111111y * 0.2x ) ) ) * ( 0.166666666667x * ( ( 0.5y * 0.1x ) * ( 0.25x + 0.166666666667y ) ) ) ) ) + 0.333333333333x )
ind: 72
( 0.125x + 0.2y )
ind: 73
( 0.142857142857y + ( ( 0.333333333333x + 1.0x ) * ( 1.0y + 1.0y ) ) )
ind: 74
( ( 0.111111111111x * 1.0y ) + ( 1.0y + ( ( ( ( 0.166666666667x + 0.166666666667x ) * ( 0.1y * 0.166666666667y ) ) + 1.0y ) * 0.5y ) ) )
ind: 75
( 1.0y * 0.25x )
ind: 76
( 0.25x + ( ( 0.111111111111y + ( 0.25x + 1.0x ) ) + ( 0.1x * 0.111111111111x ) ) )
ind: 77
( ( 1.0x + ( 0.1x + 0.166666666667y ) ) * ( ( 0.5x * 1.0x ) + 1.0y ) )
ind: 78
( ( ( 0.142857142857x * 0.1x ) * 0.333333333333y ) + 0.166666666667y )
ind: 79
( 0.1x + ( ( ( 0.111111111111y * 0.25y ) * ( ( ( 0.125x + 0.166666666667x ) + ( 0.111111111111x * 0.5x ) ) + ( 0.2x + 0.2y ) ) ) * 0.111111111111x ) )
ind: 80
( 0.25x + 0.142857142857y )
ind: 81
( ( 0.142857142857y + ( ( 0.2x * 1.0x ) + 0.5x ) ) * 0.125y )
ind: 82
( ( ( 0.333333333333x + ( 0.2x * 0.142857142857y ) ) + 0.2y ) + ( ( ( ( 0.142857142857x + 0.111111111111x ) + 0.166666666667x ) * ( 0.25y * ( 0.111111111111y * 0.111111111111y ) ) ) + 0.166666666667x ) )
ind: 83
( ( 0.25y + ( 0.142857142857x + 0.142857142857y ) ) * ( ( 1.0y + 1.0y ) + ( ( 0.2y * ( 0.125x * 0.5x ) ) * ( 1.0y * 1.0y ) ) ) )
ind: 84
( 0.111111111111y * 0.111111111111x )
ind: 85
( ( ( ( ( ( 0.25x * 0.111111111111x ) + 0.111111111111x ) * 0.125x ) * ( ( ( 0.333333333333x * 0.111111111111x ) * 0.333333333333x ) + 0.5y ) ) * 0.142857142857y ) + 1.0x )
ind: 86
( ( ( 0.111111111111y + 0.166666666667x ) + ( ( ( ( 0.333333333333y * 0.1y ) * 0.166666666667x ) * 0.111111111111x ) + ( 0.2y + ( 0.25y + 0.2y ) ) ) ) * 0.333333333333x )
ind: 87
( 0.333333333333y * 0.2x )
ind: 88
( ( ( 0.111111111111y + 0.125y ) * 0.166666666667y ) * 0.2x )
ind: 89
( 0.1y * ( ( ( ( 0.2y + ( 0.125x * 0.1y ) ) + 0.2x ) * ( ( 1.0y * 0.111111111111y ) + 0.1y ) ) * 0.125y ) )
ind: 90
( ( 0.125x + ( ( 0.2y * 0.25y ) * 1.0y ) ) * 0.2x )
ind: 91
( 0.166666666667x + 0.2y )
ind: 92
( ( ( 0.2x * 0.125y ) + ( ( ( ( 0.333333333333x + 0.2y ) * 0.125y ) * ( ( 0.25y + 0.111111111111x ) * 1.0x ) ) * 0.2y ) ) * ( ( ( ( 0.142857142857x * ( 0.2y + 0.125x ) ) * ( 0.5y * ( 0.142857142857y + 0.166666666667y ) ) ) * 0.333333333333x ) * ( ( ( 0.111111111111y * ( 0.2y * 0.111111111111x ) ) + ( ( 0.25y * 0.333333333333x ) + ( 0.142857142857y * 0.125y ) ) ) + ( ( 0.1y * 0.333333333333x ) + ( 1.0x + ( 0.125x * 0.5y ) ) ) ) ) )
ind: 93
( ( 0.111111111111x + ( 1.0x + ( ( 0.1y * ( 0.166666666667y + 0.142857142857y ) ) + 0.25y ) ) ) * ( ( 0.142857142857x + 0.1y ) + ( 0.111111111111y + ( ( 1.0y * 0.1x ) + 0.5y ) ) ) )
ind: 94
( 1.0x * ( ( 0.1y + 0.5y ) + ( 0.125y * ( 0.2x * 0.25x ) ) ) )
ind: 95
( 0.111111111111x + ( 0.111111111111y + 0.1x ) )
ind: 96
( ( ( 0.125x + 0.5x ) * ( 0.25x + ( ( ( 0.166666666667y + 0.2y ) + 0.1y ) + ( 0.1x * 0.333333333333y ) ) ) ) + 1.0x )
ind: 97
( ( ( 0.5y * 0.333333333333x ) * ( 0.166666666667x + ( ( 0.111111111111x * ( 0.333333333333y + 0.2x ) ) * 0.2y ) ) ) + 0.111111111111y )
ind: 98
( ( ( 0.111111111111x + ( 0.25x + ( 0.166666666667y * ( 0.333333333333y + 0.142857142857x ) ) ) ) + 0.1x ) + ( 0.1y + 1.0x ) )
ind: 99
( ( ( 0.111111111111y + 0.333333333333y ) + 0.1y ) + ( 0.1x * ( ( ( ( 0.1x + 0.5y ) + 0.166666666667x ) + 0.166666666667y ) + 0.142857142857x ) ) )
ind: 100
( 0.5x * 0.1y )
Best Ind: ( ( ( ( ( ( 0.111111111111x * 0.1x ) * ( 0.125y + 1.0x ) ) + ( ( 1.0y + 0.25y ) + ( 0.2y + 0.142857142857y ) ) ) + 0.2y ) * 1.0y ) + ( 0.2y * ( ( ( 0.111111111111x + ( 0.25x * 0.111111111111y ) ) * 0.333333333333x ) * 0.142857142857x ) ) )
Fitness = 16.5421040025
Worst Ind: ( ( ( ( 0.5y + ( ( 0.333333333333x * 0.111111111111x ) * 1.0x ) ) + ( 0.5x + 0.125y ) ) + 1.0y ) + ( ( 0.333333333333x + ( ( ( 0.142857142857y + 0.1x ) + ( 0.5x * 0.2y ) ) * 1.0y ) ) * 0.111111111111y ) )
Fitness = 83.2448875447
Avg Fitness = 49.1871733221
Duplicated = 0
============================================================================
Evaluate Gen  1
New Population 146
Better than Dads 19
Best Ind: ( ( ( ( ( ( 0.111111111111x * 0.1x ) * ( 0.125y + 1.0x ) ) + ( ( 1.0y + 0.25y ) + ( 0.2y + 0.142857142857y ) ) ) + 0.2y ) * 1.0y ) + ( 0.2y * ( ( ( 0.111111111111x + ( 0.25x * 0.111111111111y ) ) * 0.333333333333x ) * 0.142857142857x ) ) )
Fitness = 16.5421040025
Worst Ind: ( 0.5y + 0.125x )
Fitness = 50.0
Avg Fitness = 47.6948602561
Duplicated = 3
============================================================================
Evaluate Gen  2
New Population 144
Better than Dads 25
Best Ind: ( ( ( ( ( ( 0.111111111111x * 0.1x ) * ( 0.125y + 1.0x ) ) + ( ( 1.0y + 0.25y ) + ( 0.2y + 0.142857142857y ) ) ) + 0.2y ) * 1.0y ) + ( 0.2y * ( ( ( 0.111111111111x + ( 0.25x * 0.111111111111y ) ) * 0.333333333333x ) * 0.142857142857x ) ) )
Fitness = 16.5421040025
Worst Ind: ( ( 0.125y * 0.25x ) * 0.125x )
Fitness = 50.0
Avg Fitness = 47.5866025314
Duplicated = 3
============================================================================
Evaluate Gen  3
New Population 143
Better than Dads 23
Best Ind: ( ( ( ( ( ( 0.111111111111x * 0.1x ) * ( 0.125y + 1.0x ) ) + ( ( 1.0y + 0.25y ) + ( 0.2y + 0.142857142857y ) ) ) + 0.2y ) * 1.0y ) + ( 0.2y * ( ( ( 0.111111111111x + ( 0.25x * 0.111111111111y ) ) * 0.333333333333x ) * 0.142857142857x ) ) )
Fitness = 16.5421040025
Worst Ind: ( 0.2x + ( 0.5y * ( ( 0.1x * ( 0.25y * ( 0.125y + 1.0x ) ) ) * ( ( 0.2y * 0.2x ) + ( ( 0.2x + 0.125x ) + ( 0.166666666667x + 0.5x ) ) ) ) ) )
Fitness = 49.9996093758
Avg Fitness = 47.4411003543
Duplicated = 2
============================================================================
Evaluate Gen  4
New Population 141
Better than Dads 21
Best Ind: ( ( ( ( ( ( 0.111111111111x * 0.1x ) * ( 0.125y + 1.0x ) ) + ( ( 1.0y + 0.25y ) + ( 0.2y + 0.142857142857y ) ) ) + 0.2y ) * 1.0y ) + ( 0.2y * ( ( ( 0.111111111111x + ( 0.25x * 0.111111111111y ) ) * 0.333333333333x ) * 0.142857142857x ) ) )
Fitness = 16.5421040025
Worst Ind: ( 0.1y * ( ( ( ( 0.2y + ( 0.125x * 0.1y ) ) + 0.2x ) * ( ( 1.0y * 0.111111111111y ) + 0.1y ) ) * 0.125y ) )
Fitness = 49.9906254395
Avg Fitness = 47.2975510418
Duplicated = 5
============================================================================
Evaluate Gen  5
New Population 137
Better than Dads 25
Best Ind: ( ( ( ( ( ( 0.111111111111x * 0.1x ) * ( 0.125y + 1.0x ) ) + ( ( 1.0y + 0.25y ) + ( 0.2y + 0.142857142857y ) ) ) + 0.2y ) * 1.0y ) + ( 0.2y * ( ( ( 0.111111111111x + ( 0.25x * 0.111111111111y ) ) * 0.333333333333x ) * 0.142857142857x ) ) )
Fitness = 16.5421040025
Worst Ind: ( 0.142857142857x * ( ( ( 0.25y * ( 0.125y + 0.2x ) ) * ( ( 0.111111111111y + ( 0.2x + 0.125y ) ) + 0.125x ) ) + ( 0.125x * 0.166666666667y ) ) )
Fitness = 49.9607901801
Avg Fitness = 47.0708248146
Duplicated = 5
============================================================================
Evaluate Gen  6
New Population 137
Better than Dads 22
Best Ind: ( ( ( ( ( ( 0.111111111111x * 0.1x ) * ( 0.125y + 1.0x ) ) + ( ( 1.0y + 0.25y ) + ( 0.2y + 0.142857142857y ) ) ) + 0.2y ) * 1.0y ) + ( 0.2y * ( ( ( 0.111111111111x + ( 0.25x * 0.111111111111y ) ) * 0.333333333333x ) * 0.142857142857x ) ) )
Fitness = 16.5421040025
Worst Ind: ( ( ( ( ( ( 0.142857142857y + 0.1x ) + ( 0.333333333333y * 0.2x ) ) * 0.5y ) * ( ( 0.125y * 0.333333333333x ) + 0.5y ) ) * 0.142857142857y ) + 1.0x )
Fitness = 49.8076187995
Avg Fitness = 46.8434055168
Duplicated = 9
============================================================================
Evaluate Gen  7
New Population 140
Better than Dads 22
Best Ind: ( ( ( ( ( ( 0.111111111111x * 0.1x ) * ( 0.125y + 1.0x ) ) + ( ( 1.0y + 0.25y ) + ( 0.2y + 0.142857142857y ) ) ) + 0.2y ) * 1.0y ) + ( 0.2y * ( ( ( 0.111111111111x + ( 0.25x * 0.111111111111y ) ) * 0.333333333333x ) * 0.142857142857x ) ) )
Fitness = 16.5421040025
Worst Ind: ( ( 0.142857142857x + 0.5y ) * 0.1x )
Fitness = 49.2882653061
Avg Fitness = 46.5263249645
Duplicated = 10
============================================================================
Evaluate Gen  8
New Population 142
Better than Dads 27
Best Ind: ( 0.125y + ( ( 1.0y * 1.0y ) + 0.142857142857x ) )
Fitness = 13.4877907058
Worst Ind: ( ( 0.166666666667y + 0.166666666667x ) * 0.1y )
Fitness = 49.1701388889
Avg Fitness = 45.7918562172
Duplicated = 5
============================================================================
Evaluate Gen  9
New Population 145
Better than Dads 29
Best Ind: ( 0.125y + ( ( 1.0y * 1.0y ) + 0.142857142857x ) )
Fitness = 13.4877907058
Worst Ind: ( ( 0.125x + ( ( 0.2y * 0.25y ) * 1.0y ) ) * 0.2x )
Fitness = 48.7578125
Avg Fitness = 45.1847915239
Duplicated = 2
============================================================================
Evaluate Gen  10
New Population 146
Better than Dads 26
Best Ind: ( 0.125y + ( ( 1.0y * 1.0y ) + 0.142857142857x ) )
Fitness = 13.4877907058
Worst Ind: ( ( 0.142857142857y + ( ( 0.111111111111y + 0.1x ) + 0.5x ) ) * 0.125y )
Fitness = 48.4252960443
Avg Fitness = 44.4795939135
Duplicated = 1
============================================================================
Evaluate Gen  11
New Population 136
Better than Dads 22
Best Ind: ( 0.125y + ( ( 1.0y * 1.0y ) + 0.142857142857x ) )
Fitness = 13.4877907058
Worst Ind: ( 1.0y + ( 0.333333333333x * 0.125x ) )
Fitness = 47.9383680556
Avg Fitness = 44.1212936976
Duplicated = 1
============================================================================
Evaluate Gen  12
New Population 147
Better than Dads 28
Best Ind: ( 0.125y + ( ( 1.0y * 1.0y ) + 0.142857142857x ) )
Fitness = 13.4877907058
Worst Ind: ( 0.25x + ( ( 0.25y + 0.111111111111x ) * ( 0.2y + 0.1x ) ) )
Fitness = 46.9911265432
Avg Fitness = 43.241155844
Duplicated = 4
============================================================================
Evaluate Gen  13
New Population 142
Better than Dads 26
Best Ind: ( 0.125y + ( ( 1.0y * 1.0y ) + 0.142857142857x ) )
Fitness = 13.4877907058
Worst Ind: ( ( 0.25x + ( ( 0.25y + 0.111111111111x ) * ( 0.2y + 0.1x ) ) ) + ( ( ( ( 0.333333333333y + ( 0.25y + 0.111111111111x ) ) * ( ( 0.333333333333x * 0.125x ) * ( 0.111111111111y + 0.25x ) ) ) + 0.2y ) + 0.333333333333y ) )
Fitness = 46.9163534998
Avg Fitness = 42.497329955
Duplicated = 9
============================================================================
Evaluate Gen  14
New Population 145
Better than Dads 23
Best Ind: ( 0.125y + ( ( 1.0y * 1.0y ) + 0.142857142857x ) )
Fitness = 13.4877907058
Worst Ind: ( ( 0.166666666667y + 0.166666666667x ) * 0.5y )
Fitness = 45.9201388889
Avg Fitness = 41.5631676346
Duplicated = 10
============================================================================
Evaluate Gen  15
New Population 145
Better than Dads 26
Best Ind: ( 0.125y + ( ( 1.0y * 1.0y ) + 0.142857142857x ) )
Fitness = 13.4877907058
Worst Ind: ( ( ( 0.2y + ( 0.125x * ( 0.333333333333x + 0.111111111111x ) ) ) + 0.2x ) * ( ( 0.142857142857x + 0.25y ) + 0.1y ) )
Fitness = 45.1928826531
Avg Fitness = 40.8731864624
Duplicated = 6
============================================================================
Evaluate Gen  16
New Population 139
Better than Dads 22
Best Ind: ( 0.125y + ( ( 1.0y * 1.0y ) + 0.142857142857x ) )
Fitness = 13.4877907058
Worst Ind: ( ( ( ( 0.5y + ( 0.2y * 0.166666666667x ) ) * 0.25x ) + 0.333333333333x ) * 0.333333333333x )
Fitness = 44.5987654321
Avg Fitness = 39.8921332961
Duplicated = 5
============================================================================
Evaluate Gen  17
New Population 145
Better than Dads 31
Best Ind: ( 0.125y + ( ( 1.0y * 1.0y ) + 0.142857142857x ) )
Fitness = 13.4877907058
Worst Ind: ( ( ( ( 0.166666666667y * 0.5y ) + 0.25x ) + ( ( 0.142857142857x * 1.0x ) * ( 0.2y * 0.166666666667x ) ) ) * ( 0.5x + 0.5y ) )
Fitness = 43.9453125
Avg Fitness = 39.0874921027
Duplicated = 1
============================================================================
Evaluate Gen  18
New Population 144
Better than Dads 26
Best Ind: ( 0.125y + ( ( 1.0y * 1.0y ) + 0.142857142857x ) )
Fitness = 13.4877907058
Worst Ind: ( ( ( ( 0.166666666667y * 0.5y ) + 0.2x ) + 0.2y ) + ( ( 0.25y + 0.111111111111x ) * ( 0.2y + 0.1x ) ) )
Fitness = 43.0385802469
Avg Fitness = 37.7996440212
Duplicated = 6
============================================================================
Evaluate Gen  19
New Population 150
Better than Dads 28
Best Ind: ( ( 1.0y + 0.2x ) * ( ( 0.5x * ( 0.2y + 0.1x ) ) + 1.0y ) )
Fitness = 12.5790091159
Worst Ind: ( ( 0.111111111111y + ( ( 0.5y + 0.333333333333y ) * ( 0.2y + ( 0.125x * ( 0.333333333333x + 0.111111111111x ) ) ) ) ) + 0.1x )
Fitness = 42.0138888889
Avg Fitness = 36.3746148017
Duplicated = 5
============================================================================
Evaluate Gen  20
New Population 146
Better than Dads 29
Best Ind: ( ( 1.0y + 0.2x ) * ( ( 0.5x * ( 0.2y + 0.1x ) ) + 1.0y ) )
Fitness = 12.5790091159
Worst Ind: ( ( 0.111111111111x * 1.0y ) + ( 1.0y + ( ( ( ( 0.166666666667x + 0.166666666667x ) * ( 0.1y * 0.166666666667y ) ) + 1.0y ) * 0.5y ) ) )
Fitness = 41.0157976476
Avg Fitness = 35.2923440756
Duplicated = 3
============================================================================
Evaluate Gen  21
New Population 150
Better than Dads 34
Best Ind: ( ( 1.0y + 0.2x ) * ( ( 0.5x * ( 0.2y + 0.1x ) ) + 1.0y ) )
Fitness = 12.5790091159
Worst Ind: ( ( 0.2x + 0.333333333333y ) * ( ( 0.2y + ( 0.125x + 0.25x ) ) + ( 0.125x + 0.125y ) ) )
Fitness = 40.1258680556
Avg Fitness = 33.9279552452
Duplicated = 3
============================================================================
Evaluate Gen  22
New Population 141
Better than Dads 28
Best Ind: ( ( 1.0y + 0.2x ) * ( ( 0.5x * ( 0.2y + 0.1x ) ) + 1.0y ) )
Fitness = 12.5790091159
Worst Ind: ( ( 0.2x + 0.333333333333y ) * ( ( ( ( 0.111111111111y + 0.111111111111y ) + 0.5x ) + 0.142857142857x ) + ( ( ( 0.333333333333y * 0.142857142857y ) + ( ( 0.142857142857x + 0.1x ) * 0.166666666667x ) ) + 0.2x ) ) )
Fitness = 38.6036853672
Avg Fitness = 32.5454491113
Duplicated = 3
============================================================================
Evaluate Gen  23
New Population 148
Better than Dads 26
Best Ind: ( ( 1.0y + 0.2x ) * ( ( 0.5x * ( 0.2y + 0.1x ) ) + 1.0y ) )
Fitness = 12.5790091159
Worst Ind: ( ( ( 0.5y + 0.5x ) * ( 0.25x + ( ( ( 0.166666666667y + 0.2y ) + 0.1y ) + 0.1x ) ) ) + 1.0x )
Fitness = 37.227983441
Avg Fitness = 30.7420033671
Duplicated = 2
============================================================================
Evaluate Gen  24
New Population 147
Better than Dads 29
Best Ind: ( ( 1.0y + 0.2x ) * ( ( 0.5x * ( 0.2y + 0.1x ) ) + 1.0y ) )
Fitness = 12.5790091159
Worst Ind: ( ( 0.5y + ( 0.5y + 0.25y ) ) * ( 0.25y + 0.333333333333x ) )
Fitness = 35.595703125
Avg Fitness = 29.6511424899
Duplicated = 3
============================================================================
Evaluate Gen  25
New Population 138
Better than Dads 21
Best Ind: ( ( 1.0y + 0.2x ) * ( ( 0.5x * ( 0.2y + 0.1x ) ) + 1.0y ) )
Fitness = 12.5790091159
Worst Ind: ( ( 0.111111111111x + ( 1.0x + ( ( 0.1y * ( 0.166666666667y + 0.142857142857y ) ) + 0.25y ) ) ) * ( ( 0.142857142857x + 0.1y ) + ( 0.111111111111y + ( ( 1.0y * 0.1x ) + 0.5y ) ) ) )
Fitness = 34.5900730663
Avg Fitness = 28.4265069111
Duplicated = 4
============================================================================
Evaluate Gen  26
New Population 150
Better than Dads 27
Best Ind: ( ( 1.0y + 0.2x ) * ( ( 0.5x * ( 0.2y + 0.1x ) ) + 1.0y ) )
Fitness = 12.5790091159
Worst Ind: ( ( ( 0.333333333333x + ( 0.5y + 0.333333333333y ) ) * ( 0.25x + ( ( ( 0.166666666667y + 0.2y ) + 0.1y ) + ( 0.1x * 0.333333333333y ) ) ) ) + 1.0x )
Fitness = 33.0584407388
Avg Fitness = 26.7695752949
Duplicated = 1
============================================================================
Evaluate Gen  27
New Population 146
Better than Dads 31
Best Ind: ( ( 1.0y + 0.2x ) * ( ( 0.5x * ( 0.2y + 0.1x ) ) + 1.0y ) )
Fitness = 12.5790091159
Worst Ind: ( ( ( ( ( 0.1y + ( 0.25y + 0.111111111111x ) ) * ( ( 0.333333333333x * 0.125x ) * ( 0.111111111111y + 0.25x ) ) ) + 0.2y ) + 1.0x ) * ( ( ( ( 0.125x * ( 0.111111111111x * 1.0x ) ) + 0.142857142857y ) + 0.125y ) + ( ( 0.142857142857x + ( ( 0.142857142857x + 0.1x ) * 0.166666666667x ) ) + ( 0.5y + 0.1x ) ) ) )
Fitness = 31.7252835053
Avg Fitness = 25.3411445794
Duplicated = 0
============================================================================
Evaluate Gen  28
New Population 137
Better than Dads 24
Best Ind: ( ( 1.0y + 0.2x ) * ( ( 0.5x * ( 0.2y + 0.1x ) ) + 1.0y ) )
Fitness = 12.5790091159
Worst Ind: ( ( ( ( ( 0.2y + 0.5y ) + 0.166666666667x ) + 0.166666666667y ) + ( ( ( 0.5y + 0.166666666667x ) + ( 0.333333333333x + 0.2x ) ) * ( ( 0.2y + ( 0.142857142857y * 0.111111111111x ) ) + 0.333333333333x ) ) ) * 0.5y )
Fitness = 30.6261815201
Avg Fitness = 24.2655696669
Duplicated = 2
============================================================================
Evaluate Gen  29
New Population 146
Better than Dads 28
Best Ind: ( ( 0.5y + ( ( ( 0.2x + ( 0.166666666667x + 0.111111111111x ) ) + 0.2y ) + ( ( 0.5y + 0.166666666667x ) + ( 0.1x + 0.25x ) ) ) ) * ( ( ( 0.333333333333x + ( 0.142857142857y * 0.111111111111x ) ) + 0.333333333333x ) + ( ( ( 0.166666666667y + 0.2y ) + 0.1y ) + ( 0.1x * 0.333333333333y ) ) ) )
Fitness = 11.6534098093
Worst Ind: ( ( 1.0y + ( 0.1x + ( 0.166666666667x + 0.1x ) ) ) * 0.5y )
Fitness = 28.125
Avg Fitness = 22.3468616894
Duplicated = 1
============================================================================
Evaluate Gen  30
New Population 143
Better than Dads 29
Best Ind: ( ( 1.0y + ( 0.1x + ( 0.166666666667x + 0.1x ) ) ) * ( 1.0y + 0.2x ) )
Fitness = 11.6110265404
Worst Ind: ( ( 0.5y + ( ( ( 0.1x + 0.166666666667y ) + 0.2y ) + ( ( 0.5y + 0.166666666667x ) + ( 0.1x + 0.25x ) ) ) ) * ( 0.2y + 0.2y ) )
Fitness = 26.4022222222
Avg Fitness = 21.12557467
Duplicated = 0
============================================================================
Evaluate Gen  31
New Population 146
Better than Dads 31
Best Ind: ( ( ( 0.2y + 0.2y ) + ( 0.5y + ( ( 0.2x + 0.333333333333y ) + ( 0.5y + 0.2x ) ) ) ) * ( ( 0.1x + 0.1y ) + 0.5y ) )
Fitness = 11.4702012604
Worst Ind: ( ( ( 0.166666666667y + 0.5y ) + ( ( 0.166666666667y + ( 0.142857142857y * 0.111111111111x ) ) + ( ( 0.166666666667y + 0.2y ) + 0.1y ) ) ) * ( ( 0.2y + ( 0.125x + 0.25x ) ) + ( ( 0.1y * ( 0.166666666667y + 0.142857142857y ) ) + 0.25y ) ) )
Fitness = 25.0278125
Avg Fitness = 19.6131274399
Duplicated = 1
============================================================================
Evaluate Gen  32
New Population 145
Better than Dads 30
Best Ind: ( ( ( 0.2y + 0.2y ) + ( 0.5y + ( ( 0.2x + 0.333333333333y ) + ( 0.5y + 0.2x ) ) ) ) * ( ( 0.1x + 0.1y ) + 0.5y ) )
Fitness = 11.4702012604
Worst Ind: ( ( 0.2x + 0.333333333333y ) * ( ( ( ( 0.5y + 0.111111111111y ) + 0.5x ) + 0.142857142857x ) + ( ( 0.5y + 0.25y ) + 0.2x ) ) )
Fitness = 23.7265726393
Avg Fitness = 18.7285934452
Duplicated = 2
============================================================================
Evaluate Gen  33
New Population 146
Better than Dads 31
Best Ind: ( ( ( 0.2y + 0.2y ) + ( 0.5y + ( ( 0.2x + 0.333333333333y ) + ( 0.5y + 0.2x ) ) ) ) * ( ( 0.1x + 0.1y ) + 0.5y ) )
Fitness = 11.4702012604
Worst Ind: ( ( 1.0y + ( 0.166666666667y + ( 0.166666666667x + 0.142857142857y ) ) ) * 0.5y )
Fitness = 22.620819161
Avg Fitness = 17.5651212773
Duplicated = 1
============================================================================
Evaluate Gen  34
New Population 149
Better than Dads 30
Best Ind: ( ( ( 0.2y + 0.2y ) + ( 0.5y + ( ( 0.2x + 0.333333333333y ) + ( 0.5y + 0.2x ) ) ) ) * ( ( 0.1x + 0.1y ) + 0.5y ) )
Fitness = 11.4702012604
Worst Ind: ( ( ( ( 0.25x * 0.166666666667y ) + ( ( 0.5x + 0.5y ) + ( 0.25y + 0.333333333333x ) ) ) + 0.5y ) * ( ( ( 0.111111111111y + 0.111111111111y ) + ( ( 0.166666666667y + 0.2y ) + 0.1y ) ) + ( ( 0.25y + ( ( 0.5x + 0.5y ) + ( 0.25y + 0.333333333333x ) ) ) * 0.25y ) ) )
Fitness = 20.8078613039
Avg Fitness = 16.214598275
Duplicated = 6
============================================================================
Evaluate Gen  35
New Population 145
Better than Dads 31
Best Ind: ( ( 0.5y + ( ( ( 0.166666666667y + 0.2y ) + ( 0.25y + 0.333333333333x ) ) + ( 0.1x * 0.333333333333y ) ) ) * ( 1.0y + 0.2x ) )
Fitness = 11.13655701
Worst Ind: ( ( ( 0.2y + ( ( 0.166666666667x + 0.111111111111y ) + 0.5x ) ) + ( 0.5y + 0.333333333333y ) ) * ( ( 0.1x + 0.1y ) + 0.5y ) )
Fitness = 19.4272222222
Avg Fitness = 15.3658326762
Duplicated = 4
============================================================================
Evaluate Gen  36
New Population 134
Better than Dads 29
Best Ind: ( ( 0.5y + ( ( ( 0.166666666667y + 0.2y ) + ( 0.25y + 0.333333333333x ) ) + ( 0.1x * 0.333333333333y ) ) ) * ( 1.0y + 0.2x ) )
Fitness = 11.13655701
Worst Ind: ( ( ( 0.5x * ( 0.2y + ( 0.2y + ( 0.125x + 0.25x ) ) ) ) + 1.0y ) * ( ( ( ( 0.5y + 0.111111111111y ) + 0.5x ) + 0.142857142857x ) + ( 0.333333333333x + ( 0.5y + 0.333333333333y ) ) ) )
Fitness = 18.4436585619
Avg Fitness = 15.111793395
Duplicated = 7
============================================================================
Evaluate Gen  37
New Population 144
Better than Dads 31
Best Ind: ( ( 0.5y + ( ( ( 0.166666666667y + 0.2y ) + ( 0.25y + 0.333333333333x ) ) + ( 0.1x * 0.333333333333y ) ) ) * ( 1.0y + 0.2x ) )
Fitness = 11.13655701
Worst Ind: ( ( 0.166666666667y + ( ( 1.0x + ( 0.5x + 0.125y ) ) + ( ( 0.5y + ( 0.333333333333x + 0.166666666667x ) ) + 0.2y ) ) ) * ( 0.5y + 0.166666666667x ) )
Fitness = 17.1455957232
Avg Fitness = 14.5080212179
Duplicated = 8
============================================================================
Evaluate Gen  38
New Population 140
Better than Dads 28
Best Ind: ( ( 0.5y + ( ( ( 0.166666666667y + 0.2y ) + ( 0.25y + 0.333333333333x ) ) + ( 0.1x * 0.333333333333y ) ) ) * ( 1.0y + 0.2x ) )
Fitness = 11.13655701
Worst Ind: ( ( ( ( 0.5y + 0.111111111111y ) + ( ( 0.166666666667y + 0.2y ) + 0.1y ) ) + ( 0.1x + 0.5y ) ) * ( 0.5x + ( ( ( 0.166666666667x + 0.166666666667x ) * ( 0.1y * 0.166666666667y ) ) + 1.0y ) ) )
Fitness = 16.5041399423
Avg Fitness = 14.0294040449
Duplicated = 9
============================================================================
Evaluate Gen  39
New Population 149
Better than Dads 35
Best Ind: ( ( 0.5y + ( ( ( 0.166666666667y + 0.2y ) + ( 0.25y + 0.333333333333x ) ) + ( 0.1x * 0.333333333333y ) ) ) * ( 1.0y + 0.2x ) )
Fitness = 11.13655701
Worst Ind: ( ( ( 0.25y + ( ( 0.5x + 0.5y ) + ( 0.25y + 0.333333333333x ) ) ) + 0.5x ) * ( ( ( 0.2y + ( 0.125x * 0.1y ) ) + 0.5x ) + ( ( 0.166666666667x * 0.142857142857y ) * 1.0x ) ) )
Fitness = 15.8873476474
Avg Fitness = 13.6655610447
Duplicated = 14
============================================================================
Evaluate Gen  40
New Population 144
Better than Dads 32
Best Ind: ( ( 0.5y + ( ( ( 0.166666666667y + 0.2y ) + ( 0.25y + 0.333333333333x ) ) + ( 0.1x * 0.333333333333y ) ) ) * ( 1.0y + 0.2x ) )
Fitness = 11.13655701
Worst Ind: ( ( ( 0.25y + ( ( 0.5x + 0.142857142857y ) + ( 0.25y + 0.333333333333x ) ) ) + 0.5y ) * ( ( ( ( ( 0.142857142857y + 0.5x ) + ( 0.333333333333y * 0.2x ) ) + 0.111111111111y ) + ( ( 0.166666666667y + 0.2y ) + 0.1y ) ) + ( ( 0.25y + ( ( 0.5x + 0.5y ) + ( 0.25y + 0.333333333333x ) ) ) * 0.25y ) ) )
Fitness = 15.2110033196
Avg Fitness = 13.2768316426
Duplicated = 12
============================================================================
Evaluate Gen  41
New Population 148
Better than Dads 37
Best Ind: ( ( 0.5y + ( ( ( 0.166666666667y + 0.2y ) + ( 0.25y + 0.333333333333x ) ) + ( 0.1x * 0.333333333333y ) ) ) * ( 1.0y + 0.2x ) )
Fitness = 11.13655701
Worst Ind: ( ( 0.5x + ( 0.25x + 0.166666666667x ) ) * ( ( ( 0.166666666667x + 0.5y ) + 0.5x ) + ( ( 0.142857142857x + ( ( 0.142857142857x + 0.1x ) * 0.166666666667x ) ) + 0.2x ) ) )
Fitness = 14.4698429865
Avg Fitness = 12.9854506216
Duplicated = 14
============================================================================
Evaluate Gen  42
New Population 140
Better than Dads 31
Best Ind: ( ( 0.5y + ( ( ( 0.166666666667y + 0.2y ) + ( 0.25y + 0.333333333333x ) ) + ( 0.1x * 0.333333333333y ) ) ) * ( 1.0y + 0.2x ) )
Fitness = 11.13655701
Worst Ind: ( ( 0.5y + ( ( 1.0x + ( ( 0.166666666667x + 0.111111111111y ) + 0.5x ) ) + ( ( 0.5y + ( 0.333333333333x + 0.166666666667x ) ) + ( 0.166666666667y + 0.5y ) ) ) ) * ( 0.5y + 0.166666666667x ) )
Fitness = 14.1786945781
Avg Fitness = 12.8243557831
Duplicated = 16
============================================================================
Evaluate Gen  43
New Population 148
Better than Dads 45
Best Ind: ( ( 0.5y + ( ( ( 0.166666666667y + 0.2y ) + ( 0.25y + 0.333333333333x ) ) + ( 0.1x * 0.333333333333y ) ) ) * ( 1.0y + 0.2x ) )
Fitness = 11.13655701
Worst Ind: ( ( ( 0.5y + 0.111111111111y ) + 0.333333333333y ) * ( ( ( 0.2y + 0.2y ) + ( 0.5y + 0.333333333333y ) ) + ( 0.333333333333x + 0.5x ) ) )
Fitness = 14.0044057712
Avg Fitness = 12.7117410681
Duplicated = 13
============================================================================
Evaluate Gen  44
New Population 148
Better than Dads 37
Best Ind: ( ( 0.5y + ( ( ( 0.166666666667y + 0.2y ) + ( 0.25y + 0.333333333333x ) ) + ( 0.1x * 0.333333333333y ) ) ) * ( 1.0y + 0.2x ) )
Fitness = 11.13655701
Worst Ind: ( ( ( 1.0y + 1.0y ) + 0.2y ) * ( ( 0.5y + 0.166666666667x ) + 0.166666666667x ) )
Fitness = 13.6678649792
Avg Fitness = 12.4934781039
Duplicated = 8
============================================================================
Evaluate Gen  45
New Population 153
Better than Dads 41
Best Ind: ( ( 0.5y + ( ( ( 0.166666666667y + 0.2y ) + ( 0.25y + 0.333333333333x ) ) + ( 0.1x * 0.333333333333y ) ) ) * ( 1.0y + 0.2x ) )
Fitness = 11.13655701
Worst Ind: ( ( 0.25y + ( 0.142857142857x + 0.5y ) ) * ( ( 1.0y + 1.0y ) + ( ( 0.2y * ( ( 0.5y + 0.166666666667x ) * 0.5x ) ) * ( 1.0y * 1.0y ) ) ) )
Fitness = 13.1982353717
Avg Fitness = 12.3020592682
Duplicated = 9
============================================================================
Evaluate Gen  46
New Population 143
Better than Dads 33
Best Ind: ( ( 0.25y + ( 0.142857142857x + 0.5y ) ) * ( ( ( 0.111111111111y + 0.111111111111y ) + ( ( ( 0.166666666667y + 0.2y ) + ( 0.25y + 0.333333333333x ) ) + ( 0.2y + ( 0.25y + 0.2y ) ) ) ) + ( ( 0.2y * ( 0.125x * 0.5x ) ) * ( 1.0y * 1.0y ) ) ) )
Fitness = 11.062980002
Worst Ind: ( ( ( ( ( 0.5x * ( 0.2y + 0.1x ) ) + 1.0y ) + ( 0.5y + 0.5x ) ) * 0.5y ) + ( ( 0.25y + ( ( 0.5x + 0.5y ) + ( 0.25y + 0.333333333333x ) ) ) * 0.25y ) )
Fitness = 12.9913279286
Avg Fitness = 12.1633028488
Duplicated = 8
============================================================================
Evaluate Gen  47
New Population 145
Better than Dads 43
Best Ind: ( ( 0.25y + ( 0.142857142857x + 0.5y ) ) * ( ( ( 0.111111111111y + 0.111111111111y ) + ( ( ( 0.166666666667y + 0.2y ) + ( 0.25y + 0.333333333333x ) ) + ( 0.2y + ( 0.25y + 0.2y ) ) ) ) + ( ( 0.2y * ( 0.125x * 0.5x ) ) * ( 1.0y * 1.0y ) ) ) )
Fitness = 11.062980002
Worst Ind: ( ( ( ( 0.142857142857x + ( 1.0x + ( 0.1x + 0.166666666667y ) ) ) + ( ( 0.25x * 1.0y ) + ( ( 0.5x + 0.5y ) + ( 0.25y + 0.333333333333x ) ) ) ) + ( 0.5y + ( 0.333333333333x + 0.166666666667x ) ) ) * ( 0.25x + 0.166666666667x ) )
Fitness = 12.9392813388
Avg Fitness = 12.1248882934
Duplicated = 7
============================================================================
Evaluate Gen  48
New Population 146
Better than Dads 36
Best Ind: ( ( 0.25y + ( 0.142857142857x + 0.5y ) ) * ( ( ( 0.111111111111y + 0.111111111111y ) + ( ( ( 0.166666666667y + 0.2y ) + ( 0.25y + 0.333333333333x ) ) + ( 0.2y + ( 0.25y + 0.2y ) ) ) ) + ( ( 0.2y * ( 0.125x * 0.5x ) ) * ( 1.0y * 1.0y ) ) ) )
Fitness = 11.062980002
Worst Ind: ( ( ( 0.5y + ( 0.5y + 0.2x ) ) + ( ( ( ( 0.5y + 0.111111111111y ) + 0.5x ) + 0.142857142857x ) + 0.111111111111x ) ) * ( ( ( 0.333333333333x + 0.166666666667x ) + ( 0.333333333333y * 0.142857142857y ) ) + ( 0.5y + 0.111111111111y ) ) )
Fitness = 12.6337592771
Avg Fitness = 12.0499785349
Duplicated = 13
============================================================================
Evaluate Gen  49
New Population 143
Better than Dads 33
Best Ind: ( ( 0.25y + ( 0.142857142857x + 0.5y ) ) * ( ( ( 0.111111111111y + 0.111111111111y ) + ( ( ( 0.166666666667y + 0.2y ) + ( 0.25y + 0.333333333333x ) ) + ( 0.2y + ( 0.25y + 0.2y ) ) ) ) + ( ( 0.2y * ( 0.125x * 0.5x ) ) * ( 1.0y * 1.0y ) ) ) )
Fitness = 11.062980002
Worst Ind: ( ( 1.0y + 0.2x ) * 1.0y )
Fitness = 12.5411993809
Avg Fitness = 11.9902990101
Duplicated = 11
============================================================================
Evaluate Gen  50
New Population 142
Better than Dads 35
Best Ind: ( ( 0.25y + ( 0.142857142857x + 0.5y ) ) * ( ( ( 0.111111111111y + 0.111111111111y ) + ( ( ( 0.166666666667y + 0.2y ) + ( 0.25y + 0.333333333333x ) ) + ( 0.2y + ( 0.25y + 0.2y ) ) ) ) + ( ( 0.2y * ( 0.125x * 0.5x ) ) * ( 1.0y * 1.0y ) ) ) )
Fitness = 11.062980002
Worst Ind: ( 0.5y * ( ( 1.0y + ( ( ( 0.333333333333x + 0.25x ) * ( 0.2y + 0.1x ) ) + 1.0y ) ) + ( ( 0.2y * ( 0.125x * 0.5x ) ) * ( 1.0y * 1.0y ) ) ) )
Fitness = 12.4804763794
Avg Fitness = 11.9375700059
Duplicated = 12
