dataset_file= dataset/SR_circle.txt
population= 300
generations= 50
tournament_size= 2
cross_over= 0.9
mutation= 0.05
elitism= True
(50, 2)
============================================================================
Build initial population
ind: 1
( ( 6.0 * ( ( ( 7.0 + ( 9.0 + (6y + 10.0) ) )^2  ) + ( 2.0 + ( (2x + -5.0) + 10.0 ) ) ) )^2  )
Fitness 623.675091694
ind: 2
( ( ( ( (3y + -8.0) * ( ( (8x + 1.0) + (2y + 5.0) ) * ( (5x + -1.0) * (6y + -7.0) ) ) ) + 5.0 ) * (9y + -7.0) )^2  )
Fitness 2302.86761221
ind: 3
( ( ( (8x + -6.0) + ( 1.0 + (3y + -2.0) ) ) * 10.0 ) * (2x + -1.0) )
Fitness 1.74215509835
ind: 4
( ( (6y + -1.0) + ( ( (10x + 7.0) * ( ( 10.0 * (4y + -8.0) )^2  ) ) + (8x + -7.0) ) ) + ( ( 9.0^2  ) * (9x + 3.0) ) )
Fitness 33.9010114073
ind: 5
( ( ( ( ( 2.0 + ( (4x + -3.0)^2  ) ) + (7x + -8.0) ) + (5y + 3.0) ) * 10.0 )^2  )
Fitness 27.7485278451
ind: 6
( ( (6y + 7.0) * ( 9.0 * (9x + 2.0) ) )^2  )
Fitness 65.1115965094
ind: 7
( ( 5.0 * ( ( ( (7y + -9.0) + (9y + 6.0) ) + (6x + -8.0) )^2  ) )^2  )
Fitness 276.234465627
ind: 8
( ( ( ( 9.0 * ( 1.0^2  ) ) + ( ( ( 8.0 * (5y + 1.0) ) + ( 9.0^2  ) ) * (5x + -1.0) ) ) * ( (4y + 2.0) * ( ( ( 6.0^2  ) * ( 8.0 + (7y + 0.0) ) ) * ( ( 3.0 + 5.0 )^2  ) ) ) ) + ( (2x + -6.0)^2  ) )
Fitness 666.008603938
ind: 9
( (7x + 2.0) + ( ( ( ( 3.0^2  ) + ( (4y + -2.0) * ( (8y + 1.0) + 2.0 ) ) ) * ( (4x + -1.0)^2  ) ) * ( (7y + -2.0) * ( 4.0^2  ) ) ) )
Fitness 12.9702428718
ind: 10
( (2y + 10.0) * ( ( ( (7y + -9.0) + (8x + 0.0) ) * (8x + -8.0) ) + ( 9.0 * 7.0 ) ) )
Fitness 5.67978872847
ind: 11
( ( ( (1x + 10.0)^2  ) + ( ( ( (9y + 0.0) * ( 9.0 + 6.0 ) )^2  ) * ( ( 2.0 * (8x + 1.0) ) * (4x + -6.0) ) ) ) * ( 7.0 + (2y + 2.0) ) )
Fitness 251.009183489
ind: 12
( 10.0 + ( ( ( 6.0 + ( ( 7.0 * (9x + -9.0) )^2  ) ) + ( ( (9x + 7.0)^2  ) * ( ( (10y + -5.0) * 6.0 )^2  ) ) )^2  ) )
Fitness 52215.4336794
ind: 13
( (8y + 10.0) * ( (2y + 6.0) + ( (8y + 8.0) + ( (6x + 0.0) + ( ( 5.0^2  ) + (9y + 8.0) ) ) ) ) )
Fitness 3.30151480384
ind: 14
( (9x + 9.0) + ( ( ( (10y + -4.0) * ( 2.0 + 2.0 ) ) * (7x + -7.0) ) + (2x + 1.0) ) )
Fitness 1.98101692886
ind: 15
( ( ( ( (10y + -4.0)^2  ) + ( ( (1y + 2.0) * ( 10.0^2  ) )^2  ) ) + ( (8y + 2.0) * ( ( ( 1.0 * (3x + 9.0) ) * ( (6x + -6.0) + (1y + 6.0) ) ) + 5.0 ) ) )^2  )
Fitness 7550.03371317
ind: 16
( ( ( ( ( ( (9y + 9.0) + (10x + 3.0) )^2  ) * ( ( (1x + -4.0) + 5.0 ) + ( 4.0 * 1.0 ) ) ) + ( ( (1y + 0.0)^2  ) * (6x + 5.0) ) )^2  ) + (1x + -6.0) )
Fitness 265.255484973
ind: 17
( (7y + 2.0) * (3x + 7.0) )
Fitness 0.803581200137
ind: 18
( (4y + -1.0) * (3x + -7.0) )
Fitness 0.604005691727
ind: 19
( (1y + -8.0) + ( ( 9.0 + 7.0 ) + ( ( ( ( (6y + -6.0) + (10x + -6.0) ) * 4.0 )^2  )^2  ) ) )
Fitness 665.199984967
ind: 20
( 4.0 * ( ( (1x + -4.0) * ( ( 8.0 * ( (1x + 1.0) + (9x + 1.0) ) ) + (3y + -5.0) ) ) * ( (5y + 0.0) * (2y + 2.0) ) ) )
Fitness 8.97367983742
ind: 21
( (2x + -8.0) * ( (9y + 4.0) + (6x + -6.0) ) )
Fitness 1.07058914872
ind: 22
( ( ( ( ( ( (6x + 2.0)^2  ) + (3y + 6.0) ) * ( ( (3y + -10.0) * 4.0 )^2  ) ) + ( 4.0^2  ) ) * ( ( ( ( (10y + -8.0) + 8.0 ) * ( (2x + 0.0)^2  ) )^2  ) * ( ( ( 9.0^2  ) + ( (4y + 6.0) * 8.0 ) )^2  ) ) ) + 3.0 )
Fitness 40557.214106
ind: 23
( ( ( (9y + 10.0)^2  ) * ( (5y + 10.0) + ( 6.0 * 6.0 ) ) ) * ( ( ( (4y + 4.0) + 9.0 ) + ( ( 5.0 * ( (9x + -6.0) * (10y + -3.0) ) ) + 10.0 ) ) * 10.0 ) )
Fitness 442.212591578
ind: 24
( ( ( 2.0 + (2y + -7.0) )^2  ) + ( ( ( ( (9y + -5.0) + ( 8.0 * (4x + -3.0) ) ) + ( (6x + 8.0) * (6x + -5.0) ) ) + ( ( ( 10.0^2  ) * 7.0 ) * ( (2y + 5.0) + ( 8.0 * 3.0 ) ) ) )^2  ) )
Fitness 2867.11032051
ind: 25
( 8.0 * ( ( 9.0 + ( ( ( 4.0 * (6x + -7.0) ) + ( (9y + 0.0) * 2.0 ) ) + 7.0 ) )^2  ) )
Fitness 9.74782026917
ind: 26
( ( ( ( ( (6x + -7.0) + ( (3x + 1.0)^2  ) ) * ( ( 6.0^2  ) + (3y + 2.0) ) ) * 5.0 )^2  ) * (4x + -2.0) )
Fitness 440.411485818
ind: 27
( ( ( (9y + 2.0)^2  )^2  ) * (2x + -3.0) )
Fitness 14.3848010066
ind: 28
( ( ( ( ( (6y + 8.0) + (10x + 10.0) ) + ( (3y + -10.0) + ( 8.0 + (3y + 7.0) ) ) )^2  )^2  ) * ( ( 4.0 * 7.0 )^2  ) )
Fitness 3287.81288701
ind: 29
( 2.0 * ( ( ( ( (5y + 4.0) + 1.0 ) + ( (1x + -7.0) + ( (10y + 4.0)^2  ) ) )^2  )^2  ) )
Fitness 3191.63034849
ind: 30
( (8y + 4.0) * (10x + 2.0) )
Fitness 0.810072694536
ind: 31
( ( ( (6y + -4.0) * ( ( ( (4y + -4.0) * (10x + 1.0) ) * 10.0 ) * ( ( 7.0^2  ) + ( (4y + 10.0) * (6x + -6.0) ) ) ) ) * ( (1x + 9.0) + 1.0 ) ) + ( (6y + 8.0)^2  ) )
Fitness 106.549477023
ind: 32
( ( (1y + -8.0) * ( ( 2.0 + ( (2x + -4.0) + 4.0 ) )^2  ) ) + 6.0 )
Fitness 0.952129753803
ind: 33
( (5y + 3.0) + (9x + 3.0) )
Fitness 0.383337714943
ind: 34
( ( (4x + 1.0)^2  ) * ( ( ( ( ( (3x + -10.0) * (6x + 9.0) )^2  ) + ( ( (6y + 4.0) * 5.0 ) + 5.0 ) ) + ( 5.0 + ( ( 7.0^2  ) + ( (3y + -6.0) * (9x + -5.0) ) ) ) ) * (5y + -3.0) ) )
Fitness 73.4625479875
ind: 35
( ( 4.0 * ( ( ( 6.0^2  ) + ( (7x + -1.0) * (5y + 0.0) ) )^2  ) )^2  )
Fitness 982.145502204
ind: 36
( ( ( ( (6x + 9.0) * (10y + -3.0) ) + (10y + 8.0) ) + ( ( (7x + -1.0) + ( ( (10x + 9.0)^2  )^2  ) )^2  ) ) * ( 10.0^2  ) )
Fitness 80569.7744446
ind: 37
( ( ( 1.0 * 10.0 ) * ( ( (6y + 0.0) + (8x + -4.0) )^2  ) ) + (2x + 0.0) )
Fitness 3.63042697213
ind: 38
( ( (5y + 2.0) + (2x + -1.0) ) + ( 3.0^2  ) )
Fitness 0.424264068712
ind: 39
( (5y + -8.0) * ( ( (2y + 2.0) + ( ( (4x + 2.0) + ( 3.0^2  ) )^2  ) ) + 10.0 ) )
Fitness 4.74130783645
ind: 40
( (8x + 10.0) + ( ( ( ( ( 6.0 + 6.0 )^2  )^2  )^2  ) * ( ( 9.0 + ( 8.0 * ( 9.0^2  ) ) ) * (2y + -2.0) ) ) )
Fitness 106301.076997
ind: 41
( ( ( (6x + 6.0) + ( ( (9x + -10.0) + ( (1x + 1.0) * (5x + 9.0) ) ) * ( (5y + -5.0) * (1y + 0.0) ) ) ) * ( ( (1y + 1.0)^2  ) * 5.0 ) ) + (7x + -8.0) )
Fitness 1.35666587
ind: 42
( (5y + -2.0) * ( 8.0 + ( (2x + 0.0) + 8.0 ) ) )
Fitness 1.05216727178
ind: 43
( ( ( ( ( 5.0^2  ) + ( 8.0 * 2.0 ) )^2  ) + (8x + -9.0) ) * (4y + -8.0) )
Fitness 16.3566500238
ind: 44
( 10.0 * ( ( 7.0 * (8y + -8.0) ) + ( ( (3y + 5.0)^2  ) * ( 7.0 + (8x + 8.0) ) ) ) )
Fitness 8.97865009275
ind: 45
( (8y + 6.0) + ( (1x + -3.0) * ( (2y + -5.0) + ( (1x + -7.0)^2  ) ) ) )
Fitness 1.64620776332
ind: 46
( ( ( (5y + 0.0) + 9.0 ) + (5y + -7.0) ) * (8x + -3.0) )
Fitness 0.776153108538
ind: 47
( (5y + 5.0) * ( ( (7y + 4.0) + ( ( ( (2y + -9.0) + (8x + -10.0) ) * (3y + -8.0) )^2  ) )^2  ) )
Fitness 7537.11072328
ind: 48
( ( (10y + -3.0) * ( (5y + -9.0) + (10x + -9.0) ) )^2  )
Fitness 23.3516594699
ind: 49
( 6.0 * ( ( 1.0 + ( ( ( (1y + -4.0) + (2x + -10.0) ) * (4x + -5.0) )^2  ) )^2  ) )
Fitness 3694.90797517
ind: 50
( ( ( ( 9.0^2  ) + (9x + 8.0) ) * ( ( 9.0 + (10y + -3.0) ) * (2x + -2.0) ) ) * ( (8x + -9.0) * ( 9.0 * ( (7y + -10.0) * ( ( 5.0 + (4x + -6.0) ) * 8.0 ) ) ) ) )
Fitness 750.503420013
ind: 51
( (9x + -5.0) + ( ( ( ( ( (2x + -9.0) + (6y + -1.0) ) + (1y + -2.0) )^2  ) + ( ( ( (9x + 6.0)^2  ) * 9.0 )^2  ) )^2  ) )
Fitness 244883.822842
ind: 52
( 7.0 * ( ( ( (6y + -2.0) * 4.0 ) * 10.0 ) * ( (4x + 3.0) * 5.0 ) ) )
Fitness 18.9246687169
ind: 53
( ( (1x + 2.0) * ( ( ( 6.0 + ( (7y + 2.0) * (2y + -5.0) ) ) * 4.0 ) + ( (6y + 3.0) + ( ( (10y + -2.0)^2  ) + 9.0 ) ) ) ) + 4.0 )
Fitness 2.00512865835
ind: 54
( ( ( ( ( ( 5.0 + (5y + 5.0) ) + ( (6x + -3.0) * (7y + 6.0) ) )^2  )^2  ) + ( (1x + -4.0)^2  ) )^2  )
Fitness 894766.408138
ind: 55
( ( ( ( 6.0^2  ) + ( ( ( (1x + 4.0)^2  ) * ( (1y + -2.0)^2  ) ) + ( ( (6x + -5.0) + (1x + 5.0) ) * ( 1.0^2  ) ) ) ) * ( (3y + 9.0) * (9x + -10.0) ) ) + ( (1y + 1.0) * ( ( 6.0 + ( 3.0 * (8x + -3.0) ) )^2  ) ) )
Fitness 11.9060908782
ind: 56
( (6y + 0.0) + ( (5x + -6.0)^2  ) )
Fitness 0.976804677605
ind: 57
( ( 2.0 * 2.0 ) + ( ( ( (8y + 3.0) + (7x + -9.0) )^2  ) + (8y + 4.0) ) )
Fitness 1.41067359797
ind: 58
( ( ( ( 2.0^2  ) * ( ( ( (6y + -5.0) * (3x + -4.0) )^2  ) + (9x + -9.0) ) ) + (8y + -6.0) )^2  )
Fitness 783.946924714
ind: 59
( ( ( ( ( 5.0 * ( 7.0^2  ) )^2  ) + (4x + 5.0) ) * (7x + -5.0) ) + ( (8x + -9.0) * ( ( ( 10.0 * (9y + -6.0) ) * (5y + -3.0) )^2  ) ) )
Fitness 264.11488381
ind: 60
( (9y + 9.0) + ( ( (3x + 7.0) * 5.0 ) + (5y + 0.0) ) )
Fitness 0.92736184955
ind: 61
( ( ( 3.0 * ( (1y + 6.0)^2  ) ) + 3.0 ) * ( (9x + 1.0)^2  ) )
Fitness 9.63055034772
ind: 62
( ( (5x + 7.0) + (4y + 4.0) ) + ( ( (5x + -2.0)^2  ) + ( 4.0 * ( ( (9y + 8.0) * (4x + 7.0) )^2  ) ) ) )
Fitness 21.5427481998
ind: 63
( (2x + -1.0) * (7y + -6.0) )
Fitness 0.421419835712
ind: 64
( ( ( ( 3.0 * 4.0 ) + ( ( 10.0^2  ) * ( ( (4x + -5.0)^2  ) * ( 10.0 + (7y + -10.0) ) ) ) )^2  )^2  )
Fitness 65025547.1825
ind: 65
( ( ( ( (5y + 7.0)^2  )^2  ) + ( (10x + 1.0) * (6y + -5.0) ) )^2  )
Fitness 1364.80720817
ind: 66
( 9.0 * ( (8x + 10.0) + ( ( 9.0 + ( (4y + -7.0) + 7.0 ) ) * 1.0 ) ) )
Fitness 1.84390889146
ind: 67
( ( ( (2x + -5.0) * ( (6y + -8.0) * 2.0 ) )^2  )^2  )
Fitness 1746.93660446
ind: 68
( ( (1x + -9.0)^2  ) + (10y + -7.0) )
Fitness 1.2124355653
ind: 69
( ( ( ( (2x + -3.0) * 7.0 )^2  ) + ( 9.0 * ( ( 2.0 * 2.0 ) + ( ( (1y + -4.0) + 10.0 ) * 7.0 ) ) ) ) * ( (9x + -2.0) + (3y + -10.0) ) )
Fitness 16.7263265543
ind: 70
( (8y + 4.0) * ( (4x + 6.0) + (1x + 1.0) ) )
Fitness 0.892921201977
ind: 71
( ( ( ( 1.0^2  ) * ( ( 7.0 + ( 9.0^2  ) ) + (4x + 1.0) ) ) * ( ( ( ( (3x + 4.0) + (8y + -5.0) ) * ( 9.0 * (5y + 9.0) ) ) + ( ( (5y + 2.0) + (10y + -10.0) )^2  ) )^2  ) )^2  )
Fitness 4754334.2156
ind: 72
( (6x + -3.0) * (7y + 10.0) )
Fitness 0.931872508943
ind: 73
( ( ( (10x + 7.0) * (1y + -1.0) )^2  ) * (3y + -8.0) )
Fitness 5.1205468458
ind: 74
( ( (4y + 8.0)^2  ) * (2x + 6.0) )
Fitness 2.93598365118
ind: 75
( ( (10y + -6.0)^2  ) + (10x + 7.0) )
Fitness 1.35764942819
ind: 76
( ( ( (2y + 2.0)^2  ) * ( 7.0 * (3x + 3.0) ) )^2  )
Fitness 28.3303210823
ind: 77
( (5x + 3.0) * (4y + -1.0) )
Fitness 0.426736956241
ind: 78
( ( (8x + -6.0)^2  ) * ( ( (3y + -7.0)^2  )^2  ) )
Fitness 68.3345447047
ind: 79
( ( (1x + -6.0) + (9x + 9.0) ) * ( ( ( ( (3x + -8.0) * (9x + -9.0) )^2  ) * 6.0 ) * ( ( ( (4y + 1.0)^2  )^2  ) * ( (10y + 9.0) * (1x + -1.0) ) ) ) )
Fitness 2981.7992579
ind: 80
( ( ( 9.0 + ( ( (9y + -2.0) + (3x + -10.0) ) + (7x + 3.0) ) )^2  ) + ( ( ( ( (8x + -2.0) + 9.0 ) * ( (9x + 1.0) + 9.0 ) ) + ( ( ( 6.0 + 7.0 ) * ( 6.0 + 5.0 ) ) * ( 7.0 * ( (7y + -5.0) * 2.0 ) ) ) ) + ( ( (3x + -1.0) + (10y + 3.0) ) * 6.0 ) ) )
Fitness 14.981265133
ind: 81
( ( (8y + 0.0) + ( ( (3y + -7.0) * ( ( (8x + 4.0)^2  ) + 3.0 ) )^2  ) ) * (6x + -8.0) )
Fitness 127.165797288
ind: 82
( ( (4x + -4.0)^2  ) + (6y + -5.0) )
Fitness 0.664221641343
ind: 83
( ( ( ( ( ( (2x + -3.0)^2  ) + ( (6y + 10.0)^2  ) )^2  ) + ( 10.0^2  ) ) + ( ( ( ( (6y + 4.0)^2  ) * ( (1x + -4.0) * 9.0 ) ) * (10x + -10.0) )^2  ) )^2  )
Fitness 137191067.88
ind: 84
( ( ( ( ( ( 6.0 * (2x + 7.0) )^2  ) + (10y + -1.0) )^2  ) + 10.0 ) * 5.0 )
Fitness 622.728576508
ind: 85
( (4x + -2.0) + ( ( 3.0 + ( ( (3y + -1.0)^2  ) + (6x + 3.0) ) )^2  ) )
Fitness 1.8809713202
ind: 86
( (9x + -1.0) + (3y + -10.0) )
Fitness 0.489897948557
ind: 87
( (1x + -10.0) + (8y + -9.0) )
Fitness 0.632455532034
ind: 88
( ( ( ( ( 7.0 + (7y + 5.0) ) * (1y + -1.0) ) + ( (6x + -5.0) * ( (9x + -7.0)^2  ) ) ) + ( 10.0 * ( 2.0 + ( (7x + 2.0) * ( 8.0^2  ) ) ) ) ) * ( ( 4.0 + ( ( ( (3y + 2.0)^2  ) * 7.0 ) * ( 8.0 * ( 8.0 + 2.0 ) ) ) )^2  ) )
Fitness 49516.2739111
ind: 89
( (8y + -8.0) + ( (10x + -5.0) * 8.0 ) )
Fitness 1.10473216886
ind: 90
( ( ( 3.0^2  ) + ( ( (1y + -2.0) * ( ( 3.0 + (9y + 8.0) ) + (8x + 3.0) ) ) * (1y + 2.0) ) ) * (6x + -10.0) )
Fitness 2.50499268981
ind: 91
( ( ( ( ( 7.0^2  ) * (4y + -5.0) )^2  ) + (5x + 4.0) ) * ( (7y + 2.0)^2  ) )
Fitness 151.590995775
ind: 92
( ( (8y + 2.0)^2  ) * ( (4x + 10.0) + 7.0 ) )
Fitness 3.49594007559
ind: 93
( ( (7x + -9.0) + ( ( ( ( 7.0 + (5y + -3.0) ) * ( (3y + 5.0) + (3y + -7.0) ) ) + 8.0 )^2  ) ) + 7.0 )
Fitness 2.94814321173
ind: 94
( ( 7.0 + ( ( (4x + 5.0)^2  ) + ( 8.0 * ( ( (10y + 3.0) * (7x + 2.0) ) * 10.0 ) ) ) ) + 2.0 )
Fitness 6.47781959593
ind: 95
( ( 10.0^2  ) + ( ( (6x + 0.0)^2  ) + ( ( (1y + -6.0) + (1y + 1.0) )^2  ) ) )
Fitness 1.69705627485
ind: 96
( 5.0 + ( ( ( ( ( (10x + -8.0) + (6x + 2.0) ) + ( 7.0 * (9x + 0.0) ) ) * 9.0 ) * ( (10y + -4.0)^2  ) ) + ( ( 2.0^2  ) * 5.0 ) ) )
Fitness 21.1893035273
ind: 97
( ( 6.0 + 3.0 ) * ( ( ( ( ( 6.0 + (6y + -7.0) ) + ( 8.0 * 4.0 ) ) * ( ( (5x + 2.0)^2  )^2  ) ) * ( 7.0 + 8.0 ) )^2  ) )
Fitness 191644.463646
ind: 98
( ( ( ( ( ( (2y + 9.0) * (1y + -10.0) ) + 5.0 ) * (7x + 4.0) ) * ( ( (5x + 9.0) + (5y + 0.0) ) * ( ( 5.0^2  ) * ( 5.0 * 5.0 ) ) ) )^2  ) * 8.0 )
Fitness 1798459.57958
ind: 99
( ( ( ( (9y + 10.0) * 10.0 ) + (3x + -4.0) )^2  ) * ( ( (6x + 9.0)^2  ) + (7x + -6.0) ) )
Fitness 157.312776533
ind: 100
( ( ( ( ( ( (7x + -8.0) * 8.0 ) * (4y + 1.0) )^2  ) + ( ( ( (10y + 8.0) + 1.0 ) + 9.0 )^2  ) ) + (1x + 0.0) ) * ( ( ( (5y + -5.0) * ( 5.0^2  ) ) * ( ( 10.0 + (5y + -6.0) ) * ( ( (4y + -8.0)^2  ) + ( (8x + 3.0) + 10.0 ) ) ) )^2  ) )
Fitness 469954.461973
ind: 101
( 5.0 * ( ( 5.0 * ( (2x + 4.0) * ( ( (7y + -7.0) + 1.0 ) + ( 7.0^2  ) ) ) ) * ( ( ( ( (7y + 10.0) * (8y + -10.0) ) + 8.0 ) + 4.0 )^2  ) ) )
Fitness 584.099289505
ind: 102
( ( ( (8x + 7.0)^2  ) * (3y + 4.0) ) + ( ( 3.0 * ( 5.0^2  ) ) + ( (8y + -6.0) * ( 2.0^2  ) ) ) )
Fitness 2.73495886624
ind: 103
( ( (8x + 9.0) + (1y + 8.0) ) * 6.0 )
Fitness 1.42126704036
ind: 104
( ( ( ( ( ( 4.0 + 4.0 ) + ( 6.0^2  ) ) * ( 9.0 + (4y + 0.0) ) ) * (1y + 0.0) ) + (7y + 0.0) ) * ( (6x + 5.0) + ( 10.0^2  ) ) )
Fitness 23.1961835666
ind: 105
( ( ( ( 8.0 + ( ( 1.0 + (10y + -2.0) ) + 6.0 ) ) * ( (7x + 0.0) + ( ( (6y + 7.0) + (7x + 3.0) ) * (3y + -5.0) ) ) ) + ( ( 9.0^2  ) * ( 5.0^2  ) ) )^2  )
Fitness 216.814800002
ind: 106
( ( ( 8.0 * ( ( ( (6y + 6.0) + (3x + 2.0) )^2  ) * 6.0 ) ) + (5y + 7.0) ) + 10.0 )
Fitness 9.13016976841
ind: 107
( ( ( ( ( ( (4y + 1.0) * (6x + 9.0) ) * (8x + 5.0) ) * ( (6x + 7.0) * 6.0 ) )^2  ) + ( (4y + 9.0)^2  ) ) * ( ( (9y + 6.0)^2  )^2  ) )
Fitness 294219.77255
ind: 108
( ( ( 1.0 * ( ( ( (9y + -6.0) * 2.0 )^2  )^2  ) ) + ( (2y + 6.0) + 6.0 ) ) * (9x + 5.0) )
Fitness 149.61835149
ind: 109
( 5.0 * ( ( ( ( 4.0 + ( (10y + 4.0)^2  ) ) + (5x + -7.0) )^2  )^2  ) )
Fitness 4734.8117194
ind: 110
( (9x + -4.0) + ( (9y + -9.0)^2  ) )
Fitness 1.54101888016
ind: 111
( (5y + 0.0) * (4x + -1.0) )
Fitness 0.368650981287
ind: 112
( ( ( ( ( (9x + -5.0)^2  ) * ( 8.0 + (7y + -5.0) ) ) + ( ( (6y + 6.0)^2  )^2  ) ) * ( (7y + 6.0) + ( 8.0^2  ) ) ) + ( ( (4y + 10.0)^2  ) * ( (5x + -2.0) * 2.0 ) ) )
Fitness 94.6478842394
ind: 113
( (7x + -9.0) * (1y + -2.0) )
Fitness 0.583095189485
ind: 114
( ( ( ( ( 10.0 * ( (7x + -7.0) * 3.0 ) ) * ( 3.0 * ( 8.0 + 1.0 ) ) )^2  ) + (2y + -7.0) ) * ( ( ( (2y + 6.0)^2  ) + 1.0 ) + ( (1y + -4.0) * (10y + 8.0) ) ) )
Fitness 3232.3970469
ind: 115
( 6.0 + ( ( ( ( ( (9x + 9.0) + (10x + -1.0) ) * ( (10y + -7.0) * (9y + 8.0) ) ) + ( (4y + 8.0) + (9y + 8.0) ) ) * (5x + 8.0) ) * ( ( (10y + 2.0) * ( 4.0 + ( (3x + -10.0) * (7x + -5.0) ) ) ) + ( ( ( 8.0 * (10x + 0.0) )^2  ) * 6.0 ) ) ) )
Fitness 1579.94888039
ind: 116
( ( 8.0 + ( ( ( ( (7y + 2.0) + (8y + 1.0) ) + 1.0 )^2  ) * (10y + -6.0) ) ) + ( ( ( ( (8x + 10.0) * 2.0 )^2  ) * ( ( ( 10.0^2  )^2  )^2  ) ) * ( ( ( ( 9.0 + 9.0 ) + ( 3.0 + 10.0 ) ) * (4x + 7.0) )^2  ) ) )
Fitness 9657681.7094
ind: 117
( 5.0 * ( (9y + -10.0) + ( ( ( (2y + -10.0) + ( (1y + -9.0)^2  ) ) + ( (3x + -6.0) + (7x + 2.0) ) ) * 1.0 ) ) )
Fitness 2.39374184072
ind: 118
( ( ( ( 6.0 + (8y + -5.0) )^2  ) * ( 5.0 + ( ( (3x + -7.0) * ( 6.0 + (10y + -7.0) ) )^2  ) ) ) + ( (4y + 1.0) * ( ( ( ( 5.0 + (5y + 1.0) ) * ( 5.0 + 8.0 ) ) + (3x + 8.0) )^2  ) ) )
Fitness 54.6466837732
ind: 119
( (3x + -3.0) * ( 9.0 + ( ( ( (5y + -9.0)^2  ) * ( 9.0^2  ) ) + ( ( 3.0^2  ) + (10y + -6.0) ) ) ) )
Fitness 21.3342447722
ind: 120
( (7y + -9.0) * ( ( (6x + 9.0) + 4.0 ) * ( (10x + -8.0)^2  ) ) )
Fitness 13.4305621625
ind: 121
( ( ( 8.0 + (7y + 10.0) ) + ( ( ( ( (5y + 10.0) * (5y + 3.0) ) * ( (2x + -5.0)^2  ) ) * 1.0 )^2  ) ) * ( (5x + -2.0) + ( (6x + -4.0) * 6.0 ) ) )
Fitness 1668.05859093
ind: 122
( ( 1.0^2  ) + ( (4y + 8.0) * ( 6.0 * (10x + 2.0) ) ) )
Fitness 2.49612518468
ind: 123
( (6x + 3.0) + ( ( ( (3y + -4.0)^2  ) * (4x + -8.0) ) * (2x + 10.0) ) )
Fitness 5.59464029228
ind: 124
( (6y + -2.0) * ( 2.0 + (5x + -1.0) ) )
Fitness 0.469410855325
ind: 125
( ( ( ( ( ( 3.0^2  ) * ( 7.0 * (9y + 6.0) ) ) + ( (6y + 5.0)^2  ) ) + ( ( ( 3.0^2  ) + (2x + 6.0) ) + ( ( 10.0 * 3.0 ) * 2.0 ) ) ) * ( ( ( ( 3.0 + 8.0 )^2  ) + ( ( (7x + 9.0) * (7y + 10.0) )^2  ) )^2  ) ) * ( ( (4x + -7.0)^2  )^2  ) )
Fitness 2343135.03131
ind: 126
( ( ( (2y + 6.0) * ( ( 1.0 + (7y + -1.0) )^2  ) ) + 8.0 ) + ( ( (3x + -5.0) + 6.0 )^2  ) )
Fitness 1.78605710995
ind: 127
( ( ( ( ( (10x + 4.0) + 5.0 ) * 6.0 )^2  ) * ( ( 5.0 * (3x + 1.0) ) * ( (9y + -7.0) * ( (8x + 8.0) + 5.0 ) ) ) ) * ( ( (10x + 7.0) + ( 2.0 * ( ( 4.0 + (8x + 0.0) ) * ( (2x + 0.0) * 7.0 ) ) ) )^2  ) )
Fitness 126106.851827
ind: 128
( 3.0 + ( ( ( 7.0 + ( ( 5.0 + 2.0 ) + (6y + -2.0) ) ) * 9.0 ) + (5x + 9.0) ) )
Fitness 1.54272486205
ind: 129
( ( ( (2x + -10.0) * ( 5.0 * 7.0 ) ) + ( ( 9.0^2  ) * (4y + -6.0) ) )^2  )
Fitness 122.787051435
ind: 130
( ( ( ( ( 7.0 * ( 6.0 + 4.0 ) ) + ( ( 1.0^2  ) + (6x + 2.0) ) )^2  ) * (10y + 9.0) ) * (2y + -1.0) )
Fitness 28.1083106753
ind: 131
( ( 8.0 + ( ( 1.0 + ( ( (10x + 2.0) * (5x + 6.0) )^2  ) ) + ( (1x + 7.0) + ( (8y + 8.0) + ( (5y + 8.0)^2  ) ) ) ) ) + ( 7.0 + ( ( ( ( (3y + -9.0) * (10y + -10.0) ) + ( (5x + 5.0)^2  ) ) * ( ( (10x + -9.0) * (4y + 2.0) )^2  ) ) * ( 4.0 + (4x + 2.0) ) ) ) )
Fitness 68.2785471433
ind: 132
( ( ( ( 10.0^2  ) + ( (1x + 4.0)^2  ) ) * (8y + -5.0) ) * ( 1.0^2  ) )
Fitness 3.77837437846
ind: 133
( 5.0 + ( ( (3y + -4.0)^2  ) * ( (1x + -1.0) + ( ( ( (4x + -9.0) + (7x + 5.0) ) * 9.0 )^2  ) ) ) )
Fitness 48.1633937758
ind: 134
( ( 3.0 * ( ( (3x + 9.0) * 7.0 ) * 7.0 ) ) * (3y + 1.0) )
Fitness 7.30624132933
ind: 135
( ( ( (3y + -4.0) + ( ( 5.0 + 2.0 ) * ( ( (6x + 5.0) * 8.0 )^2  ) ) ) * (1x + -7.0) )^2  )
Fitness 24189.5869649
ind: 136
( ( (8y + -1.0)^2  ) * ( ( ( ( 2.0 * (5x + 3.0) )^2  )^2  )^2  ) )
Fitness 12784.5092805
ind: 137
( (4x + 6.0) * (7y + 4.0) )
Fitness 0.785754755761
ind: 138
( ( 3.0 + ( ( ( 3.0 + ( 8.0^2  ) ) + (10x + -4.0) ) * ( (5x + -8.0)^2  ) ) ) + ( (10y + 8.0) * ( ( ( ( (9y + 6.0)^2  ) + (7x + -10.0) ) * ( 4.0^2  ) )^2  ) ) )
Fitness 966.650368153
ind: 139
( ( (3y + -1.0) + (4x + 0.0) ) + (7y + 4.0) )
Fitness 0.373618720673
ind: 140
( ( 1.0 + 6.0 ) + ( ( 8.0^2  ) + ( 6.0 * ( ( ( (1x + -2.0) * 7.0 ) + (6y + 1.0) ) * ( ( 8.0 + (7x + 0.0) ) * ( 7.0 + (10x + -7.0) ) ) ) ) ) )
Fitness 7.38559551108
ind: 141
( ( ( (2x + -9.0) + (5x + 5.0) ) * ( ( ( (2y + 2.0) + ( (2x + 9.0)^2  ) )^2  ) + (10y + 5.0) ) )^2  )
Fitness 4094.1202828
ind: 142
( ( ( ( (6x + 7.0) * 2.0 )^2  )^2  ) + ( ( (7y + 5.0) * (5x + 7.0) )^2  ) )
Fitness 51.7211997154
ind: 143
( ( ( 5.0 + ( (5y + -6.0)^2  ) ) + 4.0 ) * ( ( (3y + 9.0) * ( ( 1.0 + (10x + -5.0) ) + 4.0 ) ) * ( ( 8.0 + 8.0 ) + ( 9.0 * 7.0 ) ) ) )
Fitness 65.019914165
ind: 144
( ( 6.0 + ( (8y + -6.0) + ( 7.0 * ( (4y + -3.0) + ( 3.0 * (7y + 1.0) ) ) ) ) ) + ( ( ( ( 8.0^2  ) * ( (5y + 2.0) + (9y + -10.0) ) ) * ( 5.0 * ( ( (5x + -4.0)^2  ) * ( (2x + 9.0)^2  ) ) ) ) * ( (10x + 6.0) * ( (4x + -4.0) * (3y + 6.0) ) ) ) )
Fitness 3070.99408992
ind: 145
( ( ( ( (3y + -2.0) + ( ( (10x + 9.0) * 10.0 ) + 8.0 ) ) * 3.0 )^2  ) * ( 8.0^2  ) )
Fitness 404.747007401
ind: 146
( ( ( 6.0 * (7y + 3.0) ) + ( ( ( ( (4x + 2.0)^2  )^2  ) + ( (7y + -7.0) * (5y + 2.0) ) ) * (4y + -3.0) ) ) + ( (6y + 2.0) * ( (4x + 10.0) * (4x + 6.0) ) ) )
Fitness 4.77999445651
ind: 147
( ( ( 3.0^2  ) * (5x + -10.0) ) * ( ( 1.0 * (9y + 8.0) )^2  ) )
Fitness 13.7156844525
ind: 148
( 3.0 + ( ( (10x + -5.0) * 8.0 ) + ( ( (5x + -7.0) * (4y + 2.0) )^2  ) ) )
Fitness 3.63915247057
ind: 149
( (3y + 10.0) + ( (7y + 8.0) * ( ( ( 5.0 + 10.0 ) * ( (10x + 0.0) * 3.0 ) )^2  ) ) )
Fitness 127.279927718
ind: 150
( ( ( (9y + -8.0) + 6.0 ) * ( (9x + -5.0)^2  ) ) + ( ( ( ( (8x + -1.0) + 3.0 )^2  ) + (6x + -5.0) )^2  ) )
Fitness 6.91277618941
ind: 151
( ( ( ( ( (2y + -5.0)^2  )^2  ) * (6y + 0.0) )^2  ) * ( ( ( (8y + 6.0)^2  )^2  ) * ( ( (5x + 0.0) * (8x + -10.0) ) * ( 9.0 + ( 6.0 * ( (9y + 9.0) + (5x + -2.0) ) ) ) ) ) )
Fitness 365500.942589
ind: 152
( ( ( 4.0 * ( ( 2.0 + 5.0 ) + ( (1x + -9.0)^2  ) ) )^2  ) * ( (10y + -9.0) + ( ( 5.0^2  )^2  ) ) )
Fitness 1255.32911223
ind: 153
( (2x + -1.0) * ( ( ( ( ( 9.0^2  )^2  ) * ( 4.0^2  ) )^2  ) * ( (3x + 8.0) * ( ( 2.0 + (9y + 7.0) ) + 10.0 ) ) ) )
Fitness 201184.645325
ind: 154
( ( ( (1x + 0.0) + (5x + 8.0) ) * (5y + 9.0) ) * ( ( 2.0 * 1.0 )^2  ) )
Fitness 2.39582971014
ind: 155
( ( ( ( (6x + -4.0) * ( ( 4.0 + 9.0 )^2  ) ) + (7x + -3.0) ) + (4y + 10.0) ) + (2y + 8.0) )
Fitness 3.97968174603
ind: 156
( ( ( (6x + 4.0) * 4.0 ) * ( ( ( ( 10.0 + 8.0 ) + 4.0 ) * (7y + 1.0) ) * ( 2.0^2  ) ) ) + (9x + -8.0) )
Fitness 11.7412369777
ind: 157
( ( ( ( ( (2x + 8.0) * 10.0 ) * (3x + -6.0) )^2  )^2  ) + ( 1.0 * ( (6y + 10.0) * ( (4y + 1.0)^2  ) ) ) )
Fitness 31564.3165182
ind: 158
( (2y + 2.0) + (6x + 1.0) )
Fitness 0.290918693956
ind: 159
( ( (9x + -4.0) + (10y + 2.0) ) * ( 3.0^2  ) )
Fitness 1.24924854034
ind: 160
( (8x + 3.0) * ( ( (8y + 8.0) + 9.0 ) * 6.0 ) )
Fitness 3.33622496335
ind: 161
( ( ( (9y + 8.0) * (3x + 8.0) ) + 7.0 )^2  )
Fitness 12.6579642609
ind: 162
( ( (1x + 1.0) + ( (9y + 10.0) * ( (8y + -8.0) * 7.0 ) ) ) + 2.0 )
Fitness 2.47386337537
ind: 163
( ( ( ( (6y + -2.0) * ( 6.0^2  ) ) * 5.0 ) * (5x + -6.0) ) + ( ( (3x + 9.0) + (10y + 1.0) )^2  ) )
Fitness 9.24067473375
ind: 164
( ( ( ( ( (1y + 2.0) * ( 8.0 + 8.0 ) )^2  ) + 8.0 ) * ( 10.0 * ( ( (10y + -6.0) * ( (6x + -10.0)^2  ) ) + ( ( (8y + -4.0) * 10.0 )^2  ) ) ) ) * ( 1.0 * (2y + -10.0) ) )
Fitness 2182.00219786
ind: 165
( ( ( ( 4.0^2  ) * ( 6.0^2  ) ) + (8x + 6.0) ) * ( ( (5y + -8.0)^2  ) * ( ( (9x + -5.0)^2  ) + 4.0 ) ) )
Fitness 241.732858751
ind: 166
( ( ( ( (1x + -10.0) + 4.0 ) + ( ( 5.0 * (1y + -4.0) ) * ( (9x + -10.0) + ( 8.0 + (4x + 7.0) ) ) ) ) + ( ( ( 2.0 + ( 7.0 * 1.0 ) ) + 4.0 ) + ( ( ( (1y + -1.0) + 4.0 ) * 10.0 )^2  ) ) )^2  )
Fitness 138.93013532
ind: 167
( ( ( ( ( ( 8.0 * (10x + 0.0) ) + ( 6.0^2  ) )^2  ) + 9.0 ) + ( ( ( ( 4.0 * (1x + -6.0) ) + (8y + -1.0) ) * ( ( 6.0 * (6y + -9.0) ) + ( 10.0 + 8.0 ) ) ) * ( ( ( (4y + -8.0)^2  ) + 2.0 ) * (1x + 9.0) ) ) ) + (10y + -5.0) )
Fitness 144.287144264
ind: 168
( ( ( 2.0 * ( (8y + 10.0) * 10.0 ) ) * ( ( ( 1.0 * (3x + 8.0) ) + (5x + 9.0) ) * ( 3.0^2  ) ) ) + ( 6.0 + (7x + -9.0) ) )
Fitness 24.7370167967
ind: 169
( ( (9x + -2.0) * 1.0 ) * (4y + 8.0) )
Fitness 0.971038691629
ind: 170
( ( ( ( (3x + -6.0) * (9x + -6.0) ) + ( (3x + -5.0) + ( 4.0 + ( (6x + -7.0)^2  ) ) ) ) + ( 10.0 * ( (8y + -9.0) + (4y + -9.0) ) ) ) + 2.0 )
Fitness 1.62851307562
ind: 171
( ( ( ( ( 6.0^2  ) * 2.0 )^2  ) * ( ( ( ( 9.0 + 2.0 ) * ( (2y + 1.0) * (7y + -2.0) ) )^2  ) * ( ( (3x + -6.0) * ( (7y + -10.0) + (6x + -6.0) ) ) + ( 10.0 + (5y + 9.0) ) ) ) ) * ( ( (9x + -3.0)^2  ) * 2.0 ) )
Fitness 62133.9900369
ind: 172
( ( (6x + 7.0)^2  ) + (5y + -4.0) )
Fitness 1.1257617338
ind: 173
( ( (6x + 5.0) + (3y + 4.0) ) + ( ( 2.0 + ( (9y + -4.0) * (4y + -4.0) ) )^2  ) )
Fitness 7.50732975165
ind: 174
( ( (7x + 3.0) + (7x + 4.0) ) * ( ( 8.0 + ( ( ( (7y + 6.0) * (5x + 6.0) ) + 6.0 ) + ( (10y + -6.0)^2  ) ) ) * ( 6.0 * ( ( 3.0 * (8x + -9.0) )^2  ) ) ) )
Fitness 259.605581825
ind: 175
( ( ( (10y + -10.0) * ( (10y + -10.0) + ( (9y + 8.0) + (8y + -8.0) ) ) ) * (2y + 7.0) ) + (2x + 6.0) )
Fitness 5.23163924571
ind: 176
( ( ( ( 8.0 + ( 8.0^2  ) ) * ( ( ( (10x + -1.0) * 6.0 ) + 7.0 ) * ( (9x + 7.0) * ( (4x + 7.0) + 8.0 ) ) ) )^2  ) + ( ( ( (10x + 6.0) * (6y + -2.0) ) + 2.0 ) * 7.0 ) )
Fitness 85184.0306866
ind: 177
( (9x + 3.0) + (6y + 3.0) )
Fitness 0.390727458278
ind: 178
( (6x + 5.0) + ( (10y + 4.0) + 1.0 ) )
Fitness 0.442130970039
ind: 179
( ( ( ( (8x + 0.0) + ( (6y + -7.0)^2  ) ) * (4y + 5.0) ) * (3x + 10.0) ) * 3.0 )
Fitness 10.2104542787
ind: 180
( ( ( ( ( ( 7.0^2  ) + (4x + -3.0) ) + 4.0 ) * ( 1.0^2  ) ) + ( (8y + -2.0)^2  ) ) * ( 3.0 * 3.0 ) )
Fitness 3.93192065027
ind: 181
( (9x + 6.0) + (7y + 6.0) )
Fitness 0.470010758643
ind: 182
( (1x + 1.0) + (9y + -3.0) )
Fitness 0.348874688195
ind: 183
( ( ( ( (10y + -1.0) + ( ( 5.0 * 10.0 )^2  ) ) * ( 3.0 * ( (9y + 0.0) * (5x + -6.0) ) ) ) + (2x + -4.0) ) + (6y + -8.0) )
Fitness 71.7475205327
ind: 184
( ( (9y + -9.0) + 8.0 ) + ( ( ( 6.0^2  ) + ( (9x + 7.0) + (6y + 9.0) ) ) * ( 5.0^2  ) ) )
Fitness 5.09509568114
ind: 185
( ( ( ( (7y + 1.0) * (9x + 1.0) )^2  )^2  ) + ( ( (9y + -5.0) + ( ( ( 2.0 + 9.0 ) + ( 7.0^2  ) ) + (10x + 4.0) ) ) * (8y + 10.0) ) )
Fitness 108.160623467
ind: 186
( ( ( (8y + 3.0) * ( 9.0 + (8y + 4.0) ) ) * ( ( 2.0 * ( 2.0 + 5.0 ) )^2  ) ) + ( (4x + 10.0) * ( 5.0^2  ) ) )
Fitness 18.3765254333
ind: 187
( ( ( ( (10y + 9.0) * ( ( (2x + -2.0) * 8.0 ) + (9y + 6.0) ) ) + (6y + 10.0) ) * 2.0 ) * 1.0 )
Fitness 1.94696648771
ind: 188
( ( ( (9x + 10.0) * ( ( (9x + 5.0)^2  ) * ( ( (3y + 0.0) * 2.0 ) + ( 10.0 * (8y + 2.0) ) ) ) )^2  )^2  )
Fitness 1542963192.11
ind: 189
( ( ( ( ( ( (5y + -5.0) * (7x + 9.0) ) + 7.0 ) + ( 10.0 + (6y + 0.0) ) ) + 6.0 ) + 8.0 ) + ( (9x + 4.0) * ( (6y + 5.0)^2  ) ) )
Fitness 2.26432579063
ind: 190
( ( ( (10y + -6.0) * ( ( ( (6x + -6.0)^2  ) + (7x + -9.0) )^2  ) ) + (2y + -6.0) ) + (5y + 2.0) )
Fitness 23.8505734039
ind: 191
( (10x + -6.0) * ( ( 6.0^2  ) + ( (2x + 0.0) + ( 10.0 + ( 4.0 + ( 3.0 + (2y + 0.0) ) ) ) ) ) )
Fitness 2.80570728797
ind: 192
( ( ( (6x + -1.0)^2  ) + (6y + 6.0) )^2  )
Fitness 4.18586430283
ind: 193
( ( ( (1y + -8.0)^2  ) * ( (8x + -10.0) + (3y + -1.0) ) ) + ( (3y + 6.0) + 7.0 ) )
Fitness 3.79868398264
ind: 194
( ( 4.0 * ( (6x + -6.0) * ( ( ( (8y + 8.0) * 1.0 )^2  ) + ( ( (1x + 4.0) + (6y + 4.0) )^2  ) ) ) ) + 10.0 )
Fitness 9.03699064955
ind: 195
( ( ( ( (3y + 2.0) * ( ( (3y + 0.0) * (2x + 1.0) )^2  ) ) + ( ( 3.0 * ( (7y + -7.0) * (10y + -7.0) ) )^2  ) ) * ( 6.0^2  ) )^2  )
Fitness 1124371.10234
ind: 196
( ( (10x + 3.0) + 5.0 ) * ( ( (6y + 6.0)^2  ) + (1y + -10.0) ) )
Fitness 2.88251128288
ind: 197
( ( ( ( 10.0 + ( ( 7.0 + (3x + -7.0) ) * ( (9x + -6.0) * 6.0 ) ) ) * 10.0 ) + 1.0 ) + (5y + -1.0) )
Fitness 4.30269908295
ind: 198
( ( ( ( ( 6.0 + (2x + -10.0) ) + ( ( (7y + 2.0) * (3y + -4.0) ) + 5.0 ) ) + ( (5y + -1.0)^2  ) ) * (10x + 8.0) ) * ( ( (4y + -3.0) * (3y + -10.0) )^2  ) )
Fitness 142.262669519
ind: 199
( (1x + -9.0) + ( ( ( (8x + 1.0) + (7y + 2.0) )^2  ) + (3y + 4.0) ) )
Fitness 1.10465886554
ind: 200
( ( (7x + 9.0) * ( ( ( 9.0^2  ) * 7.0 ) + ( (5y + 4.0) + ( ( (1y + -5.0) * 8.0 ) + 3.0 ) ) ) ) * 2.0 )
Fitness 13.864342754
ind: 201
( ( ( 6.0 + ( (4y + 3.0) + 6.0 ) ) + (2x + -7.0) ) + ( ( ( 10.0 * (3x + -7.0) ) * (7x + 6.0) )^2  ) )
Fitness 55.2801049203
ind: 202
( ( ( ( ( ( (10x + -10.0) * 1.0 ) * (8y + 10.0) ) + 2.0 ) + ( ( ( 1.0^2  ) * 5.0 ) + 2.0 ) )^2  ) + ( ( (3y + 7.0) + ( 8.0^2  ) ) * ( ( ( (2y + 10.0) + 4.0 )^2  ) + ( ( (6y + -8.0) + (2y + -4.0) )^2  ) ) ) )
Fitness 29.5398036554
ind: 203
( ( ( ( 10.0 + ( ( 1.0 * 1.0 ) + (9y + -7.0) ) ) * ( ( (5y + 3.0) * ( 5.0^2  ) )^2  ) ) + ( ( ( 10.0 * ( 9.0^2  ) ) * ( (8x + -7.0)^2  ) ) * ( ( ( (8y + -5.0) * (4x + -4.0) )^2  ) + ( 4.0 * ( (4y + 3.0) + (6x + -8.0) ) ) ) ) ) * 6.0 )
Fitness 4021.59230253
ind: 204
( (3x + 0.0) + (6y + 10.0) )
Fitness 0.424264068712
ind: 205
( ( 9.0 * (3y + 7.0) ) * (9x + -5.0) )
Fitness 2.89350226344
ind: 206
( ( (9y + -9.0) * ( ( (4y + 5.0)^2  ) * (9x + 1.0) ) ) + ( ( (4y + 9.0) + ( ( (3y + 8.0) + (1y + -8.0) )^2  ) )^2  ) )
Fitness 4.54032934189
ind: 207
( ( ( (1y + -10.0)^2  )^2  ) + ( ( ( ( 10.0^2  )^2  ) * ( (3x + -4.0) * 4.0 ) )^2  ) )
Fitness 25612.500971
ind: 208
( ( (8y + -1.0) + ( (4x + -7.0)^2  ) ) + ( (2x + 4.0) + 5.0 ) )
Fitness 1.1313708499
ind: 209
( (6y + 8.0) + ( ( ( (9y + -8.0) + ( ( (2x + 8.0)^2  )^2  ) ) + (5y + -6.0) ) + ( (2x + 7.0) + 10.0 ) ) )
Fitness 9.87927122818
ind: 210
( ( ( ( ( (2y + 7.0) + ( 4.0 * 9.0 ) )^2  ) + ( (1x + -3.0)^2  ) )^2  )^2  )
Fitness 495780.037363
ind: 211
( (2x + -10.0) * ( ( ( (4y + -4.0) * ( 1.0 * ( 2.0 * 3.0 ) ) ) + (2y + -5.0) ) * (2x + 8.0) ) )
Fitness 6.72458177138
ind: 212
( ( ( ( 2.0 * (8y + -6.0) )^2  )^2  ) + (3x + 6.0) )
Fitness 55.8406661851
ind: 213
( ( (9y + 5.0)^2  ) + ( 5.0 * ( (4x + 9.0) + (5x + -10.0) ) ) )
Fitness 1.21680968403
ind: 214
( ( (9y + 0.0) * ( ( ( ( 8.0^2  ) * 4.0 ) * (4x + -8.0) )^2  ) ) + ( ( 3.0^2  )^2  ) )
Fitness 721.036396295
ind: 215
( (3x + 1.0) + ( (3y + 1.0) + ( ( (5x + 4.0)^2  ) * 7.0 ) ) )
Fitness 2.00401376791
ind: 216
( ( (5x + 7.0) * ( ( (8y + -10.0) + ( ( 9.0 + (1y + 5.0) ) * 10.0 ) ) + ( ( ( (6x + 3.0) * (3y + -5.0) )^2  )^2  ) ) ) + ( ( (6y + 7.0) + ( ( ( 6.0 + (6x + 10.0) ) + 1.0 )^2  ) ) * ( ( ( ( 2.0 + 8.0 ) * 6.0 ) * ( ( 8.0 * (1y + 4.0) )^2  ) ) + ( ( (1y + -7.0)^2  ) + (7y + 5.0) ) ) ) )
Fitness 848.530005362
ind: 217
( ( ( ( ( ( 1.0 * (6y + -3.0) ) + ( (5y + 9.0) + 4.0 ) )^2  ) * 10.0 ) + 6.0 ) * (9x + 5.0) )
Fitness 14.162980527
ind: 218
( ( ( ( 5.0 + (10x + -7.0) ) * ( (6y + -4.0) + ( 8.0^2  ) ) ) * 7.0 ) * ( ( 10.0^2  ) + ( ( (3x + 4.0) + ( ( 3.0 + (3x + 4.0) ) * ( (6x + -2.0)^2  ) ) )^2  ) ) )
Fitness 1341.31027306
ind: 219
( ( ( ( 7.0 * (3x + -4.0) ) + ( ( ( 2.0^2  ) * (6y + -10.0) )^2  ) )^2  ) * ( ( ( ( (7y + 3.0) + 1.0 ) + ( 9.0^2  ) )^2  )^2  ) )
Fitness 2096229.53085
ind: 220
( ( ( ( (6x + 2.0) * ( ( 8.0^2  )^2  ) ) + ( (6y + -1.0) * ( ( 2.0 * 7.0 ) + ( (8x + 2.0) + 1.0 ) ) ) )^2  )^2  )
Fitness 72403001.8555
ind: 221
( 6.0 * ( ( ( ( ( (2y + -5.0) + 7.0 ) + ( 10.0 * (8y + -6.0) ) ) + 2.0 ) + ( (10x + 4.0)^2  ) ) * ( (7y + 7.0) + ( (1x + 9.0) + 1.0 ) ) ) )
Fitness 12.0374563326
ind: 222
( ( ( 2.0 + ( ( (9x + 5.0) * (4y + -9.0) ) * ( ( 1.0^2  ) + ( (6x + -2.0) + (9x + -9.0) ) ) ) ) + ( ( ( ( (4x + -2.0) * 2.0 ) * 5.0 ) + ( ( (1x + -1.0) * (6x + 3.0) )^2  ) ) + 6.0 ) ) + ( (1x + 10.0) * ( ( ( 4.0 * ( 2.0 * (9x + 7.0) ) ) * 8.0 ) + 5.0 ) ) )
Fitness 10.2948957773
ind: 223
( ( ( (10y + -7.0) * (2x + -9.0) )^2  ) * ( ( ( ( (2y + 8.0) + 1.0 ) * ( (5x + 1.0) * 3.0 ) ) * ( (3x + 7.0) + 5.0 ) )^2  ) )
Fitness 11464.3918605
ind: 224
( (7y + 8.0) * ( (8x + 8.0) + (1x + -7.0) ) )
Fitness 0.960077993811
ind: 225
( ( (4x + 1.0) + ( (3y + 7.0)^2  ) ) + ( (4y + 4.0)^2  ) )
Fitness 1.2449899598
ind: 226
( ( ( (8x + -7.0) + ( ( 4.0^2  ) + (8y + -10.0) ) ) + (9y + -3.0) ) * ( ( ( (3y + -2.0) + 8.0 ) + (9x + 1.0) ) + (5y + 8.0) ) )
Fitness 1.7645349311
ind: 227
( ( ( 10.0^2  ) + ( ( ( (4x + 4.0)^2  )^2  ) + (1y + 9.0) ) ) * (4y + -7.0) )
Fitness 13.1164019457
ind: 228
( ( ( (3x + -4.0) + 6.0 ) + ( 5.0^2  ) ) * ( (7y + -1.0) * (2x + -7.0) ) )
Fitness 4.10184997858
ind: 229
( ( ( ( ( 4.0 + (6x + 1.0) )^2  )^2  ) + ( ( 8.0 * (8y + -3.0) ) + 7.0 ) ) + ( 8.0 * ( 4.0 + ( 8.0 + ( 4.0 + 4.0 ) ) ) ) )
Fitness 8.89156904039
ind: 230
( (5y + 4.0) + ( (5x + 5.0) + ( 2.0 + ( ( ( 5.0^2  )^2  ) + ( 9.0 * 9.0 ) ) ) ) )
Fitness 3.78417758568
ind: 231
( 1.0 * ( (7x + 10.0) + ( ( ( ( (5y + 9.0)^2  )^2  )^2  ) * (4x + 1.0) ) ) )
Fitness 3588.41402601
ind: 232
( 4.0 * ( ( (6y + -2.0) * ( (5x + 3.0) + ( ( 10.0 * 7.0 )^2  ) ) ) * ( (8y + 0.0)^2  ) ) )
Fitness 253.03721931
ind: 233
( ( (5y + 7.0) * ( ( ( ( 7.0 * 6.0 ) + (2x + 2.0) ) * ( (10x + 9.0)^2  ) ) * (1x + 2.0) ) ) + 9.0 )
Fitness 47.336244042
ind: 234
( ( ( (6x + 6.0) + ( 2.0 + (7y + 4.0) ) )^2  ) * ( ( ( 10.0 * (9x + 5.0) ) * ( ( ( (5x + 6.0) * (4x + -10.0) ) + 2.0 ) * ( ( 6.0^2  )^2  ) ) ) * 7.0 ) )
Fitness 13817.1812567
ind: 235
( ( ( ( 4.0 + (2y + -4.0) ) + (7x + -8.0) ) * ( ( ( ( (9y + -6.0)^2  ) * ( 2.0 * (2y + -5.0) ) )^2  )^2  ) ) + 6.0 )
Fitness 1769421.30301
ind: 236
( ( ( ( ( ( (1x + 10.0)^2  ) + (9x + 9.0) ) + ( (9x + -1.0)^2  ) )^2  )^2  ) * ( ( ( 7.0^2  ) * ( 4.0 + (9y + -4.0) ) ) * ( ( ( ( 1.0^2  ) * ( 10.0 * 9.0 ) ) + 7.0 )^2  ) ) )
Fitness 4786557.70726
ind: 237
( ( (10x + -3.0) * ( ( ( ( (7y + 1.0) + 7.0 ) * ( 6.0 + (9x + 1.0) ) ) + 4.0 ) * ( 1.0^2  ) ) ) * 3.0 )
Fitness 4.25044604315
ind: 238
( ( ( (1y + 7.0) + ( ( 1.0^2  ) + ( 8.0 + ( 10.0 + 6.0 ) ) ) ) * (7x + -3.0) )^2  )
Fitness 26.1968218229
ind: 239
( ( 10.0 * ( ( 5.0 * ( ( 1.0 + (4x + 1.0) ) + ( 4.0 * (8x + 3.0) ) ) )^2  ) ) + ( ( 3.0 + (9y + -6.0) )^2  ) )
Fitness 64.9689926042
ind: 240
( ( (5y + 0.0) + (3x + 3.0) )^2  )
Fitness 0.709545043083
ind: 241
( 4.0 * ( ( ( ( ( (8y + -5.0)^2  ) + ( (10y + 8.0) * (5x + -2.0) ) )^2  )^2  ) + ( ( 6.0^2  )^2  ) ) )
Fitness 3558.38687188
ind: 242
( ( ( 4.0 * ( (6x + 7.0) * (5y + 0.0) ) ) + 8.0 ) + ( (5x + -2.0)^2  ) )
Fitness 1.40139406658
ind: 243
( ( (2x + 4.0) + ( 8.0^2  ) ) * ( ( ( ( 2.0 * ( (2y + -7.0) * (6x + -3.0) ) ) * ( ( 10.0^2  )^2  ) )^2  )^2  ) )
Fitness 9.36064797757e+11
ind: 244
( (9x + 7.0) + ( ( ( 2.0 * ( (7y + 9.0)^2  ) ) + (3y + 3.0) ) + ( ( (3x + 5.0)^2  ) * ( 7.0 * (3y + -3.0) ) ) ) )
Fitness 3.65375542737
ind: 245
( (6x + 3.0) * (3y + -5.0) )
Fitness 0.661604555237
ind: 246
( 3.0 + ( ( ( ( ( 4.0 + 1.0 ) + 1.0 )^2  ) * ( (4x + -10.0) + ( ( (6y + 3.0) + (2y + -9.0) ) + ( 9.0 + 6.0 ) ) ) )^2  ) )
Fitness 32.6
ind: 247
( ( ( ( 6.0 * ( (9y + 5.0) + ( (4y + 5.0) * (10x + 5.0) ) ) ) + (4y + -2.0) )^2  ) * ( ( ( ( (4y + 5.0) + 4.0 )^2  ) * ( ( ( (3x + 7.0) + (4x + -9.0) )^2  ) * (1x + -7.0) ) ) * 3.0 ) )
Fitness 7422.74156293
ind: 248
( ( 8.0 + ( (10y + 3.0)^2  ) ) + ( ( ( (5x + 3.0) + (9x + 1.0) )^2  )^2  ) )
Fitness 21.9708898318
ind: 249
( ( ( ( 9.0 + ( ( (8y + -8.0) * (8x + 3.0) ) + (2x + 6.0) ) ) * 6.0 ) + 9.0 )^2  )
Fitness 44.7249371157
ind: 250
( ( ( ( 6.0 + 7.0 ) * 1.0 ) + ( ( (8y + 9.0) * (3x + 8.0) ) * 6.0 ) ) * ( ( ( (2x + -9.0) * (1x + 5.0) ) * ( ( 3.0 + ( 9.0 + 10.0 ) )^2  ) ) * 2.0 ) )
Fitness 614.410823472
ind: 251
( (9y + -7.0) + ( ( 1.0 + (4x + -9.0) ) * (4y + 9.0) ) )
Fitness 1.26491106407
ind: 252
( ( (9x + -5.0) * (1x + -9.0) ) * ( (7y + -9.0)^2  ) )
Fitness 11.2683628466
ind: 253
( ( (10x + 0.0) + (1y + -6.0) ) + 5.0 )
Fitness 0.361233857564
ind: 254
( ( 10.0 * ( ( ( ( 3.0 * 3.0 )^2  ) * ( (9y + -10.0) * (7x + -10.0) ) )^2  ) )^2  )
Fitness 249306014.668
ind: 255
( (4y + -3.0) + ( (2x + 2.0)^2  ) )
Fitness 0.33833601788
ind: 256
( (5x + -5.0) * ( ( 2.0 * ( ( ( 2.0 + 4.0 ) * 2.0 ) + ( ( 7.0^2  ) + ( (6y + -7.0)^2  ) ) ) ) + 7.0 ) )
Fitness 5.13030213535
ind: 257
( ( (2x + -8.0) * ( 6.0^2  ) ) + ( ( ( 3.0 * 5.0 ) + ( (10y + -9.0)^2  ) ) + ( 5.0 + ( (5y + -9.0)^2  ) ) ) )
Fitness 1.94147105197
ind: 258
( ( ( ( ( ( (10y + -9.0) + 4.0 ) + ( (7y + -6.0) * (5y + 4.0) ) ) * 2.0 )^2  ) * (5x + -5.0) ) * 3.0 )
Fitness 19.515890961
ind: 259
( ( (8x + -2.0) * (3y + 8.0) ) + 2.0 )
Fitness 0.915309851916
ind: 260
( ( ( (5y + 2.0) * ( 1.0^2  ) )^2  ) + (5x + 4.0) )
Fitness 0.627277610207
ind: 261
( ( ( ( ( (5y + -10.0)^2  ) + 10.0 )^2  ) + 6.0 ) * ( ( ( ( 4.0^2  ) + ( ( 6.0^2  ) + ( (4y + -2.0) * (6y + -5.0) ) ) ) + (10y + -6.0) ) + (2x + -6.0) ) )
Fitness 177.60784048
ind: 262
( ( ( (8y + -10.0) + ( ( ( (5x + -6.0) * 4.0 ) + ( (9x + 4.0) + 1.0 ) )^2  ) ) + ( (3y + -6.0) + 4.0 ) ) * 5.0 )
Fitness 8.78205422762
ind: 263
( (8x + 0.0) + ( ( ( 8.0 * ( (10y + 4.0) * ( 1.0 * 5.0 ) ) ) + (6y + 3.0) ) * (7y + 3.0) ) )
Fitness 6.17917201257
ind: 264
( ( ( (1y + -8.0)^2  ) * ( 10.0^2  ) ) * ( (2y + 10.0) * ( ( ( (8x + -6.0) + 1.0 ) + 10.0 )^2  ) ) )
Fitness 268.436174909
ind: 265
( (8x + -7.0) + ( ( ( (10y + -7.0) + ( ( 7.0^2  ) + ( (9y + 6.0)^2  ) ) ) + (10y + -2.0) ) + ( ( ( 9.0^2  )^2  ) + ( 8.0 + ( ( (7x + 0.0) * (9x + -4.0) )^2  ) ) ) ) )
Fitness 13.0827176076
ind: 266
( ( ( ( 7.0^2  ) + (6y + -3.0) ) * ( ( 6.0 + (6x + 8.0) ) + ( 9.0 * ( (8x + 5.0) * ( 10.0 * 2.0 ) ) ) ) )^2  )
Fitness 8949.1153898
ind: 267
( 2.0 + ( ( ( ( ( (1y + 7.0) * (2x + -1.0) ) + (10x + 3.0) ) + (7x + 0.0) )^2  ) * ( ( ( ( 6.0^2  )^2  )^2  ) * ( ( (6x + 4.0)^2  )^2  ) ) ) )
Fitness 207806.679398
ind: 268
( ( ( ( 8.0^2  ) * (7x + -5.0) ) * ( (8y + -6.0) + (6x + 1.0) ) )^2  )
Fitness 679.787246129
ind: 269
( ( ( ( ( (9y + 4.0)^2  ) + ( (5x + -9.0) + (9x + 0.0) ) ) * ( 5.0 * (9y + -7.0) ) )^2  ) * (10x + 6.0) )
Fitness 328.632049681
ind: 270
( 1.0 + ( ( ( ( ( (4y + -1.0) + 4.0 ) * 2.0 ) * (3y + 5.0) ) + (9x + 10.0) )^2  ) )
Fitness 9.48525170989
ind: 271
( ( ( ( (2x + 10.0) * ( 2.0 * (2x + 8.0) ) ) * (6x + 8.0) ) * (6y + -4.0) ) * ( 4.0^2  ) )
Fitness 47.5265898926
ind: 272
( ( ( ( ( ( (3x + 2.0) * 8.0 ) + ( (4x + -7.0)^2  ) ) + ( ( 6.0 * (5y + -9.0) ) + ( 3.0^2  ) ) ) + 3.0 )^2  )^2  )
Fitness 407.960441181
ind: 273
( ( ( ( 5.0 * ( (4x + 1.0) * ( 8.0 + (1x + 0.0) ) ) ) + (9y + -1.0) )^2  ) + (6x + 8.0) )
Fitness 17.9504874586
ind: 274
( ( (6x + -7.0) * ( ( ( ( (1y + 3.0)^2  )^2  )^2  )^2  ) )^2  )
Fitness 1664920759.08
ind: 275
( ( (10x + -8.0) + ( (10x + 1.0)^2  ) ) + ( (2x + -4.0) * (4y + -9.0) ) )
Fitness 1.24899959968
ind: 276
( ( ( ( ( ( 9.0 * (2x + 8.0) ) + ( (2x + 0.0)^2  ) ) * ( (3x + 7.0) + ( (3y + 5.0)^2  ) ) ) * (3y + -10.0) ) + ( (7x + -8.0) * ( (1x + 4.0) + 5.0 ) ) )^2  )
Fitness 3740.62913049
ind: 277
( 1.0 * ( ( (1x + 10.0)^2  ) * ( ( ( ( 6.0^2  )^2  ) * ( ( (5x + 4.0) + 3.0 ) + ( (4x + -2.0)^2  ) ) ) + (9y + 9.0) ) ) )
Fitness 216.1317885
ind: 278
( (2x + 0.0) * ( ( 9.0 * ( ( ( 7.0^2  )^2  ) * ( (2y + 5.0) + ( (10y + 1.0) * (4x + 10.0) ) ) ) ) + (5y + 10.0) ) )
Fitness 169.40340432
ind: 279
( ( (10x + 5.0) * ( ( (2x + 2.0)^2  ) + (2x + -9.0) ) ) * (5y + 6.0) )
Fitness 2.32058584443
ind: 280
( ( ( (6y + 4.0) + ( (8y + -10.0) * (3y + -2.0) ) ) + ( ( ( ( 8.0 * 4.0 ) + 1.0 )^2  ) * ( (4y + 1.0) * ( ( (9x + 5.0)^2  ) * ( 7.0 * (4x + -2.0) ) ) ) ) ) + ( ( ( 4.0^2  ) * 10.0 ) * 3.0 ) )
Fitness 164.925832078
ind: 281
( ( ( (4y + -4.0) + 8.0 )^2  ) * ( ( ( ( ( (5x + -3.0) + 8.0 ) + ( 4.0 + (6y + -8.0) ) )^2  ) + 1.0 )^2  ) )
Fitness 34.4366306676
ind: 282
( (3y + 9.0) * (3x + -10.0) )
Fitness 1.34907375632
ind: 283
( ( (9x + 4.0) * ( ( ( (1y + 0.0)^2  ) * (8x + 5.0) )^2  ) ) * ( 5.0^2  ) )
Fitness 7.02577098203
ind: 284
( ( ( ( ( (10y + -10.0) + ( 6.0^2  ) )^2  )^2  ) + ( ( ( 8.0^2  ) + ( (6x + -3.0)^2  ) ) + ( (9x + 5.0) + ( ( 4.0 + 9.0 ) * ( 4.0 * (4x + 9.0) ) ) ) ) ) * (4y + -3.0) )
Fitness 135.188958484
ind: 285
( ( 1.0^2  ) * ( ( ( ( ( 10.0 * (2x + 10.0) ) + (2y + 8.0) ) * ( (2y + 5.0) + 7.0 ) ) + ( (6x + 3.0) * ( ( 5.0^2  )^2  ) ) ) * (1y + -7.0) ) )
Fitness 21.7690360629
ind: 286
( ( ( (1x + -10.0) * ( ( 9.0 * (9x + 8.0) )^2  ) ) * 8.0 ) + ( ( 6.0 + 2.0 ) * ( 2.0 + ( (3x + -8.0) + (6y + 9.0) ) ) ) )
Fitness 112.292564313
ind: 287
( ( ( (7x + -5.0)^2  )^2  ) * ( ( ( ( (10y + -7.0) * ( 7.0^2  ) )^2  ) + (10x + 5.0) ) + ( 6.0^2  ) ) )
Fitness 4344.28829393
ind: 288
( (8x + -4.0) + ( ( ( (5y + -5.0) + 1.0 ) + ( ( 6.0 + 4.0 )^2  ) ) * 3.0 ) )
Fitness 2.37907545067
ind: 289
( ( (5x + -5.0) * ( (2x + 1.0) * ( 3.0 * ( (10y + -2.0) * (7x + -7.0) ) ) ) ) * (3x + 2.0) )
Fitness 4.09427690265
ind: 290
( ( ( 5.0 + (6y + 2.0) ) * ( (4x + -1.0) + 3.0 ) ) + 5.0 )
Fitness 0.660185868446
ind: 291
( 2.0 * ( 10.0 + ( (3y + 5.0) * ( ( ( (1x + 9.0) + (1y + -6.0) )^2  )^2  ) ) ) )
Fitness 5.93632883186
ind: 292
( ( ( ( ( (7y + -1.0)^2  ) * ( ( (10x + -3.0) * 10.0 )^2  ) )^2  ) + (9x + -2.0) ) * 1.0 )
Fitness 19217.9096142
ind: 293
( ( ( ( 8.0 * ( ( (1y + 3.0)^2  ) * ( (7y + -2.0) * (8y + 2.0) ) ) ) + (2x + 5.0) ) * (5x + 10.0) )^2  )
Fitness 3902.61886174
ind: 294
( ( (9y + 10.0) + ( (3y + -1.0) * ( ( 6.0 * ( (5x + 4.0) * 6.0 ) ) * (8y + -9.0) ) ) ) + ( 9.0^2  ) )
Fitness 8.2991506868
ind: 295
( ( ( (5y + 0.0) * ( ( ( (7x + -1.0)^2  ) + ( 8.0^2  ) )^2  ) ) * 6.0 ) + (1y + -4.0) )
Fitness 51.2507363079
ind: 296
( (3y + 1.0) * (3x + -10.0) )
Fitness 0.638524771022
ind: 297
( ( ( ( ( ( (5x + 2.0) * (10x + -1.0) ) * 1.0 )^2  ) * ( ( 5.0 + (1y + 8.0) ) * 3.0 ) ) * ( (10y + 6.0) * (10y + 3.0) ) ) * 10.0 )
Fitness 522.019763334
ind: 298
( ( ( (2y + -2.0) + 2.0 ) * ( ( (2x + 4.0) * (6x + -2.0) ) * (1y + 9.0) ) ) * 3.0 )
Fitness 2.79735840256
ind: 299
( ( ( ( ( (4x + 1.0) * ( 7.0 + (3y + -1.0) ) ) * 2.0 ) + ( ( (7y + -3.0)^2  )^2  ) ) * ( ( (7y + 3.0) + ( ( 10.0 * 10.0 ) * (8x + -9.0) ) ) * ( ( (10y + 0.0)^2  ) * ( ( (10y + -5.0) * (8x + 0.0) ) * ( (2x + 6.0) + (10x + 3.0) ) ) ) ) ) * (6x + -1.0) )
Fitness 39476.1269398
ind: 300
( (4x + 7.0) + ( ( 8.0 * ( ( ( 8.0 * (5y + 8.0) )^2  ) * ( ( (2y + 0.0) * (8y + -10.0) ) * ( (8y + -6.0)^2  ) ) ) ) * 10.0 ) )
Fitness 1592.54216495
Best Ind: ( (2y + 2.0) + (6x + 1.0) )
Fitness = 0.290918693956
Worst Ind: ( ( (2x + 4.0) + ( 8.0^2  ) ) * ( ( ( ( 2.0 * ( (2y + -7.0) * (6x + -3.0) ) ) * ( ( 10.0^2  )^2  ) )^2  )^2  ) )
Fitness = 9.36064797757e+11
Avg Fitness = 3132764012.54
Duplicated = 0
============================================================================
Evaluate Gen  1
New Population 458
Better than Dads 66
Best Ind: ( (1y + -8.0) + (2x + 10.0) )
Fitness = 0.177117256026
Worst Ind: ( ( (8y + 0.0) + ( ( (3y + -7.0) * ( ( (8x + 4.0)^2  ) + 3.0 ) )^2  ) ) * (6x + -8.0) )
Fitness = 127.165797288
Avg Fitness = 14.862760592
Duplicated = 5
============================================================================
Evaluate Gen  2
New Population 482
Better than Dads 84
Best Ind: ( (1y + -8.0) + (2x + 10.0) )
Fitness = 0.177117256026
Worst Ind: ( 4.0 * ( ( (1x + -4.0) * ( ( 8.0 * ( (1x + 1.0) + (9x + 1.0) ) ) + (3y + -5.0) ) ) * ( (5y + 0.0) * (2y + 2.0) ) ) )
Fitness = 8.97367983742
Avg Fitness = 2.8622993801
Duplicated = 4
============================================================================
Evaluate Gen  3
New Population 484
Better than Dads 85
Best Ind: ( (1y + -8.0) + (2x + 10.0) )
Fitness = 0.177117256026
Worst Ind: ( ( (7x + -9.0) + ( ( ( ( 7.0 + (5y + -3.0) ) * ( (3y + 5.0) + (3y + -7.0) ) ) + 8.0 )^2  ) ) + 7.0 )
Fitness = 2.94814321173
Avg Fitness = 1.38058217152
Duplicated = 10
============================================================================
Evaluate Gen  4
New Population 474
Better than Dads 104
Best Ind: ( (1y + -8.0) + (2x + 10.0) )
Fitness = 0.177117256026
Worst Ind: ( 9.0 * ( (8x + 10.0) + ( ( 9.0 + ( (4y + -7.0) + 7.0 ) ) * 1.0 ) ) )
Fitness = 1.84390889146
Avg Fitness = 0.94796048794
Duplicated = 13
============================================================================
Evaluate Gen  5
New Population 495
Better than Dads 102
Best Ind: ( (1y + -8.0) + (2x + 10.0) )
Fitness = 0.177117256026
Worst Ind: ( ( (5y + 2.0) + (2x + -1.0) ) + ( (9y + 8.0) * (3x + 8.0) ) )
Fitness = 1.15982895432
Avg Fitness = 0.704552471482
Duplicated = 25
============================================================================
Evaluate Gen  6
New Population 497
Better than Dads 109
Best Ind: ( (1y + -8.0) + (2x + 10.0) )
Fitness = 0.177117256026
Worst Ind: ( (9x + 6.0) * (7y + 4.0) )
Fitness = 0.843467628231
Avg Fitness = 0.54133038521
Duplicated = 34
============================================================================
Evaluate Gen  7
New Population 493
Better than Dads 117
Best Ind: ( (1y + -8.0) + (2x + 10.0) )
Fitness = 0.177117256026
Worst Ind: ( ( (6x + 3.0) + ( (4y + -1.0) * (3x + -7.0) ) ) * 1.0 )
Fitness = 0.621180721909
Avg Fitness = 0.449278741984
Duplicated = 37
============================================================================
Evaluate Gen  8
New Population 490
Better than Dads 114
Best Ind: ( (1y + -8.0) + (2x + 10.0) )
Fitness = 0.177117256026
Worst Ind: ( ( ( (5y + 0.0) + (3x + 3.0) ) + (9y + -3.0) ) + (6y + 0.0) )
Fitness = 0.50782719605
Avg Fitness = 0.39764457574
Duplicated = 41
============================================================================
Evaluate Gen  9
New Population 481
Better than Dads 111
Best Ind: ( (1y + -8.0) + (2x + 10.0) )
Fitness = 0.177117256026
Worst Ind: ( ( (9x + -4.0) + (10y + 2.0) ) + 10.0 )
Fitness = 0.441693909829
Avg Fitness = 0.366633193548
Duplicated = 56
============================================================================
Evaluate Gen  10
New Population 485
Better than Dads 117
Best Ind: ( (1y + -8.0) + (2x + 10.0) )
Fitness = 0.177117256026
Worst Ind: ( (4y + -3.0) + ( 3.0 + ( ( (5x + 8.0) + ( 4.0 + (6y + -5.0) ) ) * ( 1.0^2  ) ) ) )
Fitness = 0.404202708425
Avg Fitness = 0.345200240348
Duplicated = 77
============================================================================
Evaluate Gen  11
New Population 487
Better than Dads 123
Best Ind: ( (1y + -8.0) + (2x + 10.0) )
Fitness = 0.177117256026
Worst Ind: ( (6y + 0.0) + (8x + -4.0) )
Fitness = 0.378992626769
Avg Fitness = 0.327548104558
Duplicated = 102
============================================================================
Evaluate Gen  12
New Population 476
Better than Dads 121
Best Ind: ( 1.0 + ( (1y + -2.0) + (1x + 1.0) ) )
Fitness = 0.150758768838
Worst Ind: ( (5y + 0.0) * (4x + -1.0) )
Fitness = 0.368650981287
Avg Fitness = 0.312728583388
Duplicated = 103
============================================================================
Evaluate Gen  13
New Population 479
Better than Dads 117
Best Ind: ( 1.0 + ( (1y + -2.0) + (1x + 1.0) ) )
Fitness = 0.150758768838
Worst Ind: ( ( ( (3x + -3.0) + (3y + 0.0) ) + 5.0 ) + (6y + 0.0) )
Fitness = 0.348587254593
Avg Fitness = 0.298912405475
Duplicated = 97
============================================================================
Evaluate Gen  14
New Population 485
Better than Dads 128
Best Ind: ( 1.0 + ( (1y + -2.0) + (1x + 1.0) ) )
Fitness = 0.150758768838
Worst Ind: ( ( ( 1.0^2  ) + (7y + 2.0) ) + (4x + 1.0) )
Fitness = 0.331366231228
Avg Fitness = 0.284861521523
Duplicated = 110
============================================================================
Evaluate Gen  15
New Population 467
Better than Dads 112
Best Ind: ( 1.0 + ( (1y + -2.0) + (1x + 1.0) ) )
Fitness = 0.150758768838
Worst Ind: ( ( ( (3x + -3.0) + ( 9.0 + (1y + -8.0) ) ) + (2x + -1.0) ) + (3y + 0.0) )
Fitness = 0.31313033457
Avg Fitness = 0.273344235159
Duplicated = 124
============================================================================
Evaluate Gen  16
New Population 495
Better than Dads 137
Best Ind: ( (1y + 1.0) * (1x + 1.0) )
Fitness = 0.137840710435
Worst Ind: ( (5y + 0.0) + (1x + -3.0) )
Fitness = 0.29361353683
Avg Fitness = 0.262274440953
Duplicated = 136
============================================================================
Evaluate Gen  17
New Population 477
Better than Dads 128
Best Ind: ( (1y + 1.0) * (1x + 1.0) )
Fitness = 0.137840710435
Worst Ind: ( (1y + -2.0) + (2x + -1.0) )
Fitness = 0.282842712475
Avg Fitness = 0.254307705579
Duplicated = 133
============================================================================
Evaluate Gen  18
New Population 476
Better than Dads 127
Best Ind: ( (1y + 1.0) * (1x + 1.0) )
Fitness = 0.137840710435
Worst Ind: ( (5y + -2.0) * (1x + 1.0) )
Fitness = 0.277123928602
Avg Fitness = 0.246571886516
Duplicated = 125
============================================================================
Evaluate Gen  19
New Population 465
Better than Dads 110
Best Ind: ( (1y + 1.0) * (1x + 1.0) )
Fitness = 0.137840710435
Worst Ind: ( (5y + 0.0) + (2x + -1.0) )
Fitness = 0.270704398178
Avg Fitness = 0.23786002818
Duplicated = 120
============================================================================
Evaluate Gen  20
New Population 467
Better than Dads 113
Best Ind: ( (1y + 1.0) * (1x + 1.0) )
Fitness = 0.137840710435
Worst Ind: ( (1x + 1.0) * ( (5y + -2.0) + (1x + 1.0) ) )
Fitness = 0.262249738174
Avg Fitness = 0.22944851051
Duplicated = 132
============================================================================
Evaluate Gen  21
New Population 478
Better than Dads 126
Best Ind: ( (1y + 1.0) * (1x + 1.0) )
Fitness = 0.137840710435
Worst Ind: ( (2x + -1.0) + ( 1.0 + (3y + -2.0) ) )
Fitness = 0.251014575925
Avg Fitness = 0.221687668238
Duplicated = 132
============================================================================
Evaluate Gen  22
New Population 480
Better than Dads 114
Best Ind: ( (1y + 1.0) * (1x + 1.0) )
Fitness = 0.137840710435
Worst Ind: ( (2y + 2.0) + (2x + -4.0) )
Fitness = 0.244948974278
Avg Fitness = 0.212227125582
Duplicated = 129
============================================================================
Evaluate Gen  23
New Population 485
Better than Dads 117
Best Ind: ( (1y + 1.0) * (1x + 1.0) )
Fitness = 0.137840710435
Worst Ind: ( ( (1y + 1.0) + (1x + 1.0) ) * (2x + -1.0) )
Fitness = 0.231266718188
Avg Fitness = 0.203508424826
Duplicated = 143
============================================================================
Evaluate Gen  24
New Population 480
Better than Dads 116
Best Ind: ( (1y + 1.0) * (1x + 1.0) )
Fitness = 0.137840710435
Worst Ind: ( ( ( (2y + 2.0) * (1x + 1.0) ) + (3x + 2.0) ) + ( ( (1x + -3.0)^2  ) + (2x + -10.0) ) )
Fitness = 0.224054010081
Avg Fitness = 0.195443942132
Duplicated = 144
============================================================================
Evaluate Gen  25
New Population 498
Better than Dads 140
Best Ind: ( (1y + 1.0) * (1x + 1.0) )
Fitness = 0.137840710435
Worst Ind: ( ( ( 9.0 + (1y + -8.0) ) * ( ( (1y + -2.0) * (2x + 0.0) ) + (1x + 1.0) ) ) + ( ( (1y + 1.0)^2  ) * (1y + -2.0) ) )
Fitness = 0.212803388593
Avg Fitness = 0.188608928992
Duplicated = 161
============================================================================
Evaluate Gen  26
New Population 471
Better than Dads 106
Best Ind: ( (1y + 1.0) * (1x + 1.0) )
Fitness = 0.137840710435
Worst Ind: ( (1x + 1.0) + (2y + 2.0) )
Fitness = 0.202303453607
Avg Fitness = 0.182656953546
Duplicated = 169
============================================================================
Evaluate Gen  27
New Population 485
Better than Dads 115
Best Ind: ( (1y + 1.0) * (1x + 1.0) )
Fitness = 0.137840710435
Worst Ind: ( 1.0 * ( (1y + -2.0) + (1x + 1.0) ) )
Fitness = 0.2
Avg Fitness = 0.176094706938
Duplicated = 181
============================================================================
Evaluate Gen  28
New Population 492
Better than Dads 134
Best Ind: ( ( 8.0 + (1y + -8.0) ) + (1x + 1.0) )
Fitness = 0.134198690702
Worst Ind: ( (2y + 0.0) * (2x + -1.0) )
Fitness = 0.191864026502
Avg Fitness = 0.170400237945
Duplicated = 188
============================================================================
Evaluate Gen  29
New Population 490
Better than Dads 138
Best Ind: ( ( 8.0 + (1y + -8.0) ) + (1x + 1.0) )
Fitness = 0.134198690702
Worst Ind: ( (2y + 2.0) * (1x + 1.0) )
Fitness = 0.189785608444
Avg Fitness = 0.164979793497
Duplicated = 191
============================================================================
Evaluate Gen  30
New Population 500
Better than Dads 130
Best Ind: ( ( 8.0 + (1y + -8.0) ) + (1x + 1.0) )
Fitness = 0.134198690702
Worst Ind: ( ( (1y + -2.0) + (1x + 1.0) ) + (1x + 1.0) )
Fitness = 0.177117256026
Avg Fitness = 0.160197247349
Duplicated = 203
============================================================================
Evaluate Gen  31
New Population 473
Better than Dads 112
Best Ind: ( ( 8.0 + (1y + -8.0) ) + (1x + 1.0) )
Fitness = 0.134198690702
Worst Ind: ( ( (2y + 0.0) * ( 9.0 + (1y + -8.0) ) ) * (1x + 1.0) )
Fitness = 0.174326740876
Avg Fitness = 0.156102177622
Duplicated = 226
============================================================================
Evaluate Gen  32
New Population 489
Better than Dads 120
Best Ind: ( ( 9.0 + (1y + -8.0) ) + ( ( ( (1y + 2.0) * (1y + -2.0) ) + (2x + 2.0) ) * (1x + 1.0) ) )
Fitness = 0.117401823463
Worst Ind: ( (2y + 0.0) + (1x + 1.0) )
Fitness = 0.168763616199
Avg Fitness = 0.152025879619
Duplicated = 248
============================================================================
Evaluate Gen  33
New Population 462
Better than Dads 99
Best Ind: ( ( 9.0 + (1y + -8.0) ) + ( ( ( (1y + 2.0) * (1y + -2.0) ) + (2x + 2.0) ) * (1x + 1.0) ) )
Fitness = 0.117401823463
Worst Ind: ( ( (2y + 2.0) + (4x + 0.0) ) + ( ( (1x + -3.0)^2  ) + (2x + -10.0) ) )
Fitness = 0.168272059386
Avg Fitness = 0.148473840217
Duplicated = 248
============================================================================
Evaluate Gen  34
New Population 491
Better than Dads 97
Best Ind: ( ( (1y + 1.0) + (4x + 0.0) ) + ( ( (1x + -3.0)^2  ) + (2x + -10.0) ) )
Fitness = 0.112763628334
Worst Ind: ( (1y + 1.0) + (1x + 1.0) )
Fitness = 0.150758768838
Avg Fitness = 0.146253265111
Duplicated = 266
============================================================================
Evaluate Gen  35
New Population 485
Better than Dads 103
Best Ind: ( ( (1y + 1.0) + (4x + 0.0) ) + ( ( (1x + -3.0)^2  ) + (2x + -10.0) ) )
Fitness = 0.112763628334
Worst Ind: ( (1y + 1.0) + (1x + 1.0) )
Fitness = 0.150758768838
Avg Fitness = 0.144887420528
Duplicated = 263
============================================================================
Evaluate Gen  36
New Population 477
Better than Dads 92
Best Ind: ( ( (1y + 1.0) + (4x + 0.0) ) + ( ( (1x + -3.0)^2  ) + (2x + -10.0) ) )
Fitness = 0.112763628334
Worst Ind: ( (1y + 1.0) + (1x + 1.0) )
Fitness = 0.150758768838
Avg Fitness = 0.143404212957
Duplicated = 261
============================================================================
Evaluate Gen  37
New Population 473
Better than Dads 88
Best Ind: ( ( (1y + 1.0) + (4x + 0.0) ) + ( ( (1x + -3.0)^2  ) + (2x + -10.0) ) )
Fitness = 0.112763628334
Worst Ind: ( (1x + 1.0) + (1y + 1.0) )
Fitness = 0.150758768838
Avg Fitness = 0.14163793603
Duplicated = 259
============================================================================
Evaluate Gen  38
New Population 490
Better than Dads 84
Best Ind: ( ( (1y + 1.0) + (4x + 0.0) ) + ( ( (1x + -3.0)^2  ) + (2x + -10.0) ) )
Fitness = 0.112763628334
Worst Ind: ( (1y + 1.0) + (1x + 1.0) )
Fitness = 0.150758768838
Avg Fitness = 0.138438316594
Duplicated = 261
============================================================================
Evaluate Gen  39
New Population 475
Better than Dads 96
Best Ind: ( ( (1y + 1.0) + (4x + 0.0) ) + ( ( (1x + -3.0)^2  ) + (2x + -10.0) ) )
Fitness = 0.112763628334
Worst Ind: ( (1x + 1.0) * (1y + 1.0) )
Fitness = 0.137840710435
Avg Fitness = 0.137456127873
Duplicated = 285
============================================================================
Evaluate Gen  40
New Population 465
Better than Dads 65
Best Ind: ( ( (1y + 1.0) + (4x + 0.0) ) + ( ( (1x + -3.0)^2  ) + (2x + -10.0) ) )
Fitness = 0.112763628334
Worst Ind: ( (1y + 1.0) * (1x + 1.0) )
Fitness = 0.137840710435
Avg Fitness = 0.137456127873
Duplicated = 285
============================================================================
Evaluate Gen  41
New Population 455
Better than Dads 65
Best Ind: ( ( (1y + 1.0) + (4x + 0.0) ) + ( ( (1x + -3.0)^2  ) + (2x + -10.0) ) )
Fitness = 0.112763628334
Worst Ind: ( (1y + 1.0) * (1x + 1.0) )
Fitness = 0.137840710435
Avg Fitness = 0.137334562877
Duplicated = 283
============================================================================
Evaluate Gen  42
New Population 474
Better than Dads 78
Best Ind: ( ( (1y + 1.0) + (4x + 0.0) ) + ( ( (1x + -3.0)^2  ) + (2x + -10.0) ) )
Fitness = 0.112763628334
Worst Ind: ( (1y + 1.0) * (1x + 1.0) )
Fitness = 0.137840710435
Avg Fitness = 0.137319994686
Duplicated = 283
============================================================================
Evaluate Gen  43
New Population 469
Better than Dads 70
Best Ind: ( 1.0 + ( ( (2y + 0.0) * ( (1x + 1.0) + (1y + -2.0) ) ) * ( (1y + 1.0) * (1x + 1.0) ) ) )
Fitness = 0.0997200000554
Worst Ind: ( (1y + 1.0) * (1x + 1.0) )
Fitness = 0.137840710435
Avg Fitness = 0.13718222035
Duplicated = 281
============================================================================
Evaluate Gen  44
New Population 470
Better than Dads 66
Best Ind: ( 1.0 + ( ( (2y + 0.0) * ( (1x + 1.0) + (1y + -2.0) ) ) * ( (1y + 1.0) * (1x + 1.0) ) ) )
Fitness = 0.0997200000554
Worst Ind: ( (1y + 1.0) * (1x + 1.0) )
Fitness = 0.137840710435
Avg Fitness = 0.137153083967
Duplicated = 280
============================================================================
Evaluate Gen  45
New Population 473
Better than Dads 77
Best Ind: ( 1.0 + ( ( (2y + 0.0) * ( (1x + 1.0) + (1y + -2.0) ) ) * ( (1y + 1.0) * (1x + 1.0) ) ) )
Fitness = 0.0997200000554
Worst Ind: ( (1y + 1.0) * (1x + 1.0) )
Fitness = 0.137840710435
Avg Fitness = 0.137111664805
Duplicated = 280
============================================================================
Evaluate Gen  46
New Population 475
Better than Dads 73
Best Ind: ( 1.0 + ( ( (2y + 0.0) * ( (1x + 1.0) + (1y + -2.0) ) ) * ( (1y + 1.0) * (1x + 1.0) ) ) )
Fitness = 0.0997200000554
Worst Ind: ( ( 9.0 + (1y + -8.0) ) * (1x + 1.0) )
Fitness = 0.137840710435
Avg Fitness = 0.137111664805
Duplicated = 280
============================================================================
Evaluate Gen  47
New Population 481
Better than Dads 60
Best Ind: ( 1.0 + ( ( (2y + 0.0) * ( (1x + 1.0) + (1y + -2.0) ) ) * ( (1y + 1.0) * (1x + 1.0) ) ) )
Fitness = 0.0997200000554
Worst Ind: ( (1y + 1.0) * (1x + 1.0) )
Fitness = 0.137840710435
Avg Fitness = 0.137031307677
Duplicated = 279
============================================================================
Evaluate Gen  48
New Population 458
Better than Dads 76
Best Ind: ( 1.0 + ( ( (2y + 0.0) * ( (1x + 1.0) + (1y + -2.0) ) ) * ( (1y + 1.0) * (1x + 1.0) ) ) )
Fitness = 0.0997200000554
Worst Ind: ( (1y + 1.0) * (1x + 1.0) )
Fitness = 0.137840710435
Avg Fitness = 0.136998419803
Duplicated = 278
============================================================================
Evaluate Gen  49
New Population 458
Better than Dads 74
Best Ind: ( 1.0 + ( ( (2y + 0.0) * ( (1x + 1.0) + (1y + -2.0) ) ) * ( (1y + 1.0) * (1x + 1.0) ) ) )
Fitness = 0.0997200000554
Worst Ind: ( (1y + 1.0) * (1x + 1.0) )
Fitness = 0.137840710435
Avg Fitness = 0.13694653661
Duplicated = 276
============================================================================
Evaluate Gen  50
New Population 461
Better than Dads 66
Best Ind: ( 1.0 + ( ( (2y + 0.0) * ( (1x + 1.0) + (1y + -2.0) ) ) * ( (1y + 1.0) * (1x + 1.0) ) ) )
Fitness = 0.0997200000554
Worst Ind: ( (1y + 1.0) * (1x + 1.0) )
Fitness = 0.137840710435
Avg Fitness = 0.136889364864
Duplicated = 274
