dataset_file= dataset/SR_circle.txt
population= 300
generations= 50
tournament_size= 3
cross_over= 0.6
mutation= 0.3
elitism= True
(50, 2)
============================================================================
Build initial population
ind: 1
( ( 0.142857142857x * 0.5x ) * ( 0.1x * ( ( ( 0.2x * ( 0.5y * 0.166666666667x ) ) + 0.142857142857y ) + 0.333333333333y ) ) )
ind: 2
( ( 0.166666666667y * 0.1x ) + ( 0.2x * 0.5y ) )
ind: 3
( ( ( 0.2y * 0.125y ) + ( ( 0.1x + 0.125y ) * 0.25x ) ) + ( ( 0.1y * 0.5y ) * ( ( ( ( 0.333333333333y + 0.111111111111x ) + ( 0.166666666667x + 0.142857142857x ) ) + ( 0.125x * 0.333333333333x ) ) * ( ( 0.166666666667y + 0.25y ) * ( 0.1y + ( 0.142857142857x + 0.5y ) ) ) ) ) )
ind: 4
( ( 0.166666666667x * 0.5y ) * 1.0y )
ind: 5
( 0.125y + 0.111111111111x )
ind: 6
( 0.1y + ( ( ( 0.111111111111y + 0.333333333333y ) + ( ( 0.5y * 0.166666666667y ) * 0.5y ) ) * ( 0.1y * ( ( 0.333333333333y * 0.125y ) + 0.333333333333x ) ) ) )
ind: 7
( 0.25x * ( ( 0.333333333333x + 0.1y ) + 0.166666666667x ) )
ind: 8
( ( 0.5y + ( ( 0.2x + ( ( 1.0x + 0.166666666667y ) * ( 0.333333333333x * 0.166666666667x ) ) ) * 1.0x ) ) * 0.125y )
ind: 9
( 0.25x + ( 0.111111111111x + ( ( ( ( 0.2y + 0.5y ) * ( 0.142857142857y + 0.142857142857x ) ) * 0.166666666667x ) * ( ( 0.333333333333x * ( 0.25y + 0.142857142857x ) ) + ( 0.333333333333y + 1.0y ) ) ) ) )
ind: 10
( 0.125x + ( ( 0.2x + 0.2y ) + ( ( 0.333333333333y * 0.166666666667x ) * ( ( 0.25y + 0.142857142857y ) * ( 1.0y * 0.25y ) ) ) ) )
ind: 11
( 0.111111111111y * ( ( 0.2x + 0.1y ) + ( ( ( 0.111111111111x + 0.1x ) * 0.111111111111x ) * ( 0.111111111111x + ( 0.142857142857x * ( 0.166666666667x + 1.0y ) ) ) ) ) )
ind: 12
( ( 0.166666666667y * ( ( ( ( 0.142857142857y * 0.333333333333x ) + 0.125x ) + ( 0.1y * 0.166666666667x ) ) + 0.142857142857x ) ) * ( 0.2y + 0.5y ) )
ind: 13
( ( 0.25x * ( ( 0.125x + ( 0.333333333333y + ( 0.1x + 0.111111111111x ) ) ) + ( 0.142857142857y * 0.25x ) ) ) + 0.166666666667y )
ind: 14
( ( 1.0y + ( ( ( ( 1.0x * 0.142857142857y ) * 0.1x ) * 0.1x ) + 1.0x ) ) + 0.25x )
ind: 15
( 0.25y + ( 0.166666666667x + ( ( ( ( 0.125x * 0.142857142857y ) * ( 0.125x * 0.125x ) ) * ( 0.111111111111y + ( 0.142857142857y * 0.2y ) ) ) * 0.1y ) ) )
ind: 16
( ( 0.111111111111x + ( 1.0x * ( ( ( 0.333333333333x + 0.25x ) + 0.25y ) * 0.142857142857x ) ) ) * ( ( 0.125y * ( 0.111111111111y * ( 1.0x + ( 0.125x + 0.2x ) ) ) ) + ( 0.125y * 0.1x ) ) )
ind: 17
( 0.111111111111y * 0.166666666667x )
ind: 18
( ( 0.1x + 1.0y ) + ( 0.125y + ( 0.142857142857x + ( ( 0.111111111111x + 0.111111111111x ) * 0.25y ) ) ) )
ind: 19
( ( 0.111111111111x + ( 0.125y * 0.142857142857y ) ) * ( 0.125y + ( ( ( ( 0.125y * 0.1x ) + ( 0.2y + 0.142857142857x ) ) * 0.166666666667x ) + ( 0.142857142857x + ( ( 0.5y * 1.0x ) + ( 1.0y + 1.0y ) ) ) ) ) )
ind: 20
( ( ( 0.2x + 0.125y ) + 0.25y ) + ( 0.111111111111y * 0.125x ) )
ind: 21
( ( 0.333333333333y * 0.25y ) + 0.166666666667x )
ind: 22
( ( ( ( ( 0.166666666667x * ( 1.0x + 0.333333333333y ) ) * 0.25y ) * ( 0.25x + ( ( 0.2y + 0.333333333333x ) + ( 0.125y * 0.2y ) ) ) ) + 0.1x ) + 1.0x )
ind: 23
( ( ( ( 0.5x + 0.111111111111x ) * ( ( 0.125y * 0.333333333333x ) * 0.111111111111x ) ) + ( 0.2y * 1.0y ) ) * ( ( ( ( 0.125x * 0.1x ) + ( 0.111111111111x + 0.333333333333y ) ) * ( 0.25x + 0.125x ) ) * 0.125x ) )
ind: 24
( ( 0.1y * 0.25x ) * ( 0.142857142857y * ( 0.1x + ( ( ( 0.5x + 0.125y ) * 0.5x ) + ( ( 0.1y * 0.25y ) * 0.142857142857x ) ) ) ) )
ind: 25
( ( ( 0.142857142857y + ( ( ( 1.0x * 0.142857142857y ) + ( 1.0y * 0.25x ) ) + ( 0.166666666667x + ( 1.0x + 0.142857142857x ) ) ) ) * ( 0.333333333333y + 0.166666666667y ) ) + ( 0.125y * ( 0.2x * 0.1x ) ) )
ind: 26
( 0.125x + ( 1.0y + 0.125y ) )
ind: 27
( 0.111111111111x * ( ( 0.1y * ( ( ( 1.0x * 0.166666666667y ) * 0.125y ) * 0.125y ) ) + ( ( ( 0.1y * 0.25y ) * 1.0x ) + ( 1.0y * 0.25y ) ) ) )
ind: 28
( ( 1.0x + 0.111111111111x ) * ( 0.125y + ( 0.1y * ( 0.142857142857y * ( ( 0.2x + 0.142857142857y ) * 0.166666666667x ) ) ) ) )
ind: 29
( 0.142857142857y + 0.142857142857x )
ind: 30
( ( 0.2y * 0.1x ) + 0.111111111111x )
ind: 31
( 0.125y * ( ( 0.142857142857y + 0.5x ) * ( 0.333333333333y + 0.5y ) ) )
ind: 32
( ( 1.0x * 0.111111111111y ) + 0.333333333333y )
ind: 33
( 0.111111111111y * 0.5x )
ind: 34
( ( 0.5x + 0.5x ) + ( ( 0.1x + ( ( ( 0.25x + 0.142857142857y ) * ( 0.333333333333x * 0.1x ) ) * ( 0.333333333333x * 0.125x ) ) ) + 0.125x ) )
ind: 35
( ( ( ( ( ( 0.333333333333y + 0.142857142857x ) * 0.166666666667x ) * ( 0.125y + 0.1y ) ) + 0.125y ) * 0.5y ) * 1.0y )
ind: 36
( ( ( 0.166666666667x + 0.1x ) + 0.333333333333x ) + ( 0.25y * 0.2x ) )
ind: 37
( 0.111111111111x + ( ( 0.111111111111y * 0.166666666667y ) + ( 0.5y + ( 0.5y * 0.333333333333x ) ) ) )
ind: 38
( ( ( ( 0.333333333333y + ( ( 0.1y * 0.125y ) * 0.111111111111x ) ) * ( ( ( 0.2x + 0.125y ) + ( 0.1x + 0.25y ) ) * 1.0x ) ) + ( ( 0.1x * ( ( 0.5y + 1.0y ) + 0.166666666667x ) ) * ( ( ( 0.125y * 0.111111111111x ) + ( 0.5x * 0.166666666667y ) ) + 0.111111111111x ) ) ) * ( 0.1y * ( ( 1.0y * 0.1y ) * ( ( ( 0.1y * 1.0y ) + ( 0.125x * 0.25y ) ) + 1.0x ) ) ) )
ind: 39
( ( 0.2y + ( 0.25x + ( 0.5y + ( ( 0.5x * 0.2x ) * 0.5x ) ) ) ) + ( ( ( 1.0y + 1.0y ) + ( ( ( 0.111111111111y * 0.25y ) * 0.111111111111x ) * ( ( 0.166666666667x + 1.0x ) + 0.142857142857x ) ) ) + 0.1x ) )
ind: 40
( 0.142857142857x + ( 0.5y + ( 0.125y + 0.25y ) ) )
ind: 41
( 0.25y * ( ( ( ( 0.333333333333y * 0.111111111111x ) + 0.111111111111y ) * 1.0x ) + ( ( ( ( 0.333333333333x * 0.125x ) * 0.166666666667x ) + ( 1.0y + ( 0.333333333333x + 0.166666666667x ) ) ) + ( ( 1.0y * 0.111111111111x ) * ( 0.333333333333y * 0.5y ) ) ) ) )
ind: 42
( ( 0.1y + ( ( 0.111111111111y * ( 0.5y + 0.25x ) ) * 0.166666666667y ) ) * 0.333333333333x )
ind: 43
( ( ( 0.1y + 0.111111111111x ) + 0.125x ) * 0.333333333333x )
ind: 44
( 0.111111111111x + ( ( 0.111111111111y * ( ( 0.1y * ( 0.1y + 0.5y ) ) * 0.25y ) ) * 1.0x ) )
ind: 45
( ( ( ( 0.142857142857x * ( 0.166666666667y + 0.5x ) ) + ( ( 0.1y + 0.5x ) + 0.2x ) ) * 0.142857142857y ) * 0.5x )
ind: 46
( ( 0.111111111111y + ( 0.125y * 0.1y ) ) * 0.2x )
ind: 47
( 0.5y + 0.5x )
ind: 48
( ( 0.333333333333x * ( 0.5y + 0.25x ) ) + 0.25y )
ind: 49
( ( ( 0.25y * ( 0.5x + ( 0.1x * ( 0.1y * 0.25x ) ) ) ) * ( ( 1.0y * 0.333333333333x ) + 1.0x ) ) + 0.2y )
ind: 50
( ( ( 0.5y * ( 0.2y * ( ( 0.142857142857x + 0.2x ) + 0.333333333333y ) ) ) + ( 0.125x + 0.2y ) ) + ( 0.5y * ( 0.142857142857y + 0.111111111111x ) ) )
ind: 51
( ( 0.142857142857y * 0.2x ) + 0.5y )
ind: 52
( ( ( ( ( 0.111111111111y + 0.25y ) + ( ( 0.125y + 0.333333333333y ) + 0.142857142857y ) ) + 0.2y ) * ( ( 1.0y * ( 0.25y * 0.142857142857x ) ) + ( ( ( 1.0x + 0.25y ) * 1.0y ) * 1.0x ) ) ) + ( 0.2x + 0.5x ) )
ind: 53
( 0.166666666667y * 0.125x )
ind: 54
( 0.5x * 0.1y )
ind: 55
( ( 0.25x + ( ( ( ( 0.166666666667x * 0.166666666667y ) * 0.5y ) + 0.166666666667y ) + 0.333333333333y ) ) + 1.0x )
ind: 56
( 0.333333333333y * ( 0.5x + 0.333333333333x ) )
ind: 57
( ( ( 0.1y * ( 0.166666666667x * 0.25y ) ) + ( ( 0.25y * 0.5y ) * 0.166666666667x ) ) + 0.142857142857x )
ind: 58
( 1.0x * 0.25y )
ind: 59
( 0.166666666667y * ( ( 0.125y * ( 1.0y * ( ( 0.2x * 1.0x ) * 1.0y ) ) ) + 0.1y ) )
ind: 60
( 0.333333333333x + ( ( 0.25y * 0.2y ) * ( ( 0.1y + ( ( 0.5y * 0.333333333333x ) * ( 0.166666666667x * 0.125y ) ) ) + ( 0.166666666667x + 0.1y ) ) ) )
ind: 61
( ( ( 0.166666666667y * 0.1x ) * 1.0y ) + 0.111111111111x )
ind: 62
( ( 0.2x + ( 0.111111111111y + 0.1y ) ) + 0.125x )
ind: 63
( 0.25x * ( 0.125x + ( ( ( ( 0.5y + 0.5x ) + 0.333333333333x ) * ( 0.111111111111x * ( 0.111111111111x + 0.2y ) ) ) * 0.5y ) ) )
ind: 64
( 0.111111111111y + ( ( 0.166666666667y * 1.0x ) * ( 0.25y * 0.25y ) ) )
ind: 65
( ( ( ( ( ( 0.5y * 0.125x ) + ( 0.142857142857x * 0.333333333333y ) ) * 0.125y ) * 0.2y ) + 0.25x ) + ( 0.25x * 0.333333333333y ) )
ind: 66
( ( ( 0.2x + 0.125y ) + 0.111111111111y ) * 0.125x )
ind: 67
( 0.2x * 0.2y )
ind: 68
( ( 1.0y + 0.25y ) * 0.125x )
ind: 69
( ( ( 0.333333333333y * ( ( 0.1y * 0.166666666667x ) * ( ( 0.2y + 0.1x ) + ( 0.2x * 0.111111111111x ) ) ) ) + ( 0.5x * ( ( ( 0.142857142857y * 0.111111111111y ) + ( 0.142857142857x * 1.0x ) ) * 0.142857142857y ) ) ) * 0.5x )
ind: 70
( 1.0x * 0.5y )
ind: 71
( 0.166666666667x + 0.142857142857y )
ind: 72
( ( 0.1x * 0.166666666667y ) * ( 0.5x + ( 0.333333333333y + 0.166666666667y ) ) )
ind: 73
( 1.0y * 0.166666666667x )
ind: 74
( ( ( 0.25y * 0.2x ) + 0.1x ) * ( ( 1.0y + 0.142857142857y ) + 0.142857142857x ) )
ind: 75
( ( ( 0.5x + 0.2x ) + 0.2y ) + ( ( 0.125y * 0.125y ) + 0.333333333333x ) )
ind: 76
( 1.0x + 0.1y )
ind: 77
( ( 0.142857142857y * ( 0.166666666667y + ( 0.2x * ( 0.333333333333y + ( 0.1x * 1.0x ) ) ) ) ) + ( ( ( ( 0.111111111111x + 0.111111111111y ) + ( 0.333333333333x * ( 0.333333333333y + 0.142857142857x ) ) ) + ( 0.125y + ( 0.166666666667x + ( 0.25y * 0.111111111111x ) ) ) ) + ( 0.5y + 0.5y ) ) )
ind: 78
( 0.5x + ( ( ( 0.5y * 0.5y ) * ( ( ( 0.25y * 0.111111111111x ) + 0.1x ) + 0.166666666667x ) ) + ( 0.1x * 0.166666666667x ) ) )
ind: 79
( ( 0.2y * 0.5x ) + 0.2x )
ind: 80
( 0.25y + 0.2x )
ind: 81
( ( 0.125y + 0.25x ) * 0.1y )
ind: 82
( ( 0.5x * ( 0.142857142857y * 0.2y ) ) * 0.166666666667x )
ind: 83
( ( 0.5x + 0.25y ) * ( ( ( ( ( 0.142857142857y + 0.333333333333x ) * 0.1x ) + 0.1x ) + 0.142857142857y ) * 0.111111111111x ) )
ind: 84
( ( 0.166666666667y * ( ( ( ( 0.25x * 0.125y ) * 0.1x ) * ( ( 0.2x * 0.125x ) * 0.1x ) ) * ( 1.0y * 0.1x ) ) ) * 0.2x )
ind: 85
( ( ( 0.2x * 0.166666666667y ) + 0.2x ) + 0.125y )
ind: 86
( 0.333333333333x + ( ( 0.333333333333x * 0.125x ) * 0.142857142857y ) )
ind: 87
( 0.1x + 1.0y )
ind: 88
( ( ( ( 0.111111111111x * ( ( 1.0y + 0.25y ) + 0.111111111111y ) ) + 0.142857142857y ) * 0.125y ) * 0.25y )
ind: 89
( 0.166666666667y + ( 1.0x * 0.125x ) )
ind: 90
( 0.166666666667y * ( 0.111111111111y * ( 0.142857142857y + ( ( ( 0.142857142857y * 0.111111111111x ) + 0.5y ) + 0.111111111111y ) ) ) )
ind: 91
( ( 0.25x + 0.25y ) * 0.125x )
ind: 92
( ( ( ( ( ( 0.166666666667x + 0.333333333333y ) * ( 0.142857142857y * 1.0y ) ) * 0.1x ) + ( 0.142857142857x + ( 0.125y * ( 0.2y * 0.2x ) ) ) ) + 0.166666666667x ) + 0.1x )
ind: 93
( ( ( ( ( ( 0.2y * 0.166666666667y ) * ( 0.5x * 0.2y ) ) * ( ( 0.142857142857y * 0.333333333333x ) * 0.142857142857x ) ) * ( ( ( 1.0y + 0.25x ) * 0.166666666667x ) * ( ( 0.25x * 0.142857142857y ) * ( 0.166666666667x + 0.25x ) ) ) ) + ( ( 0.2y * 0.142857142857y ) * ( 1.0y + ( 0.25y * ( 0.111111111111y + 0.111111111111y ) ) ) ) ) * ( ( 0.2x + 0.142857142857x ) + 0.333333333333x ) )
ind: 94
( ( ( 0.142857142857y * 0.111111111111x ) + 0.125y ) + 0.333333333333y )
ind: 95
( 0.1y + ( 1.0x + ( 0.25y + 0.5x ) ) )
ind: 96
( 0.333333333333y + ( ( 0.1y * ( 0.125y * ( ( 0.5y * 0.25x ) * 0.142857142857x ) ) ) * 0.142857142857y ) )
ind: 97
( 0.2y + ( ( ( 0.5y * ( 0.5x + 0.25y ) ) + 0.333333333333x ) + ( 0.2x * 0.25y ) ) )
ind: 98
( ( ( ( 0.142857142857x + ( 0.1x * ( 0.111111111111y + 0.25x ) ) ) + ( 0.166666666667y + ( 1.0y + ( 0.1x + 0.142857142857y ) ) ) ) + ( ( 0.2y * 0.142857142857y ) + ( 0.333333333333x + ( ( 1.0x * 0.333333333333y ) + ( 0.5x * 0.142857142857y ) ) ) ) ) + ( ( 0.111111111111y + 0.111111111111x ) + 0.5y ) )
ind: 99
( 0.166666666667x + 0.125y )
ind: 100
( ( 0.125y + 0.2x ) * 1.0y )
ind: 101
( 0.125x * ( 0.5y + 0.25y ) )
ind: 102
( ( 0.166666666667x + 0.5x ) * ( ( ( ( 0.1y + ( 0.2y + 0.1x ) ) + ( ( 1.0y + 0.5x ) + 0.166666666667x ) ) * 0.125x ) * ( 0.2y + 0.333333333333y ) ) )
ind: 103
( ( 0.166666666667x + 0.111111111111x ) + ( 0.333333333333y * 0.25y ) )
ind: 104
( 0.125y * ( ( 0.5y * ( ( 0.333333333333x + ( 0.142857142857x * 0.142857142857y ) ) + ( ( 0.25y * 1.0x ) * 0.166666666667x ) ) ) + ( 0.166666666667x * 0.333333333333y ) ) )
ind: 105
( 0.111111111111y + ( ( 0.333333333333x + 0.125x ) + ( 0.2y * 0.25y ) ) )
ind: 106
( 0.125x + 0.142857142857y )
ind: 107
( ( 0.142857142857y + ( 0.25x * 0.125x ) ) + 0.142857142857x )
ind: 108
( 1.0x + ( 0.1x + ( 0.166666666667x + 0.333333333333y ) ) )
ind: 109
( 0.1x + ( ( ( 0.111111111111x + ( 0.333333333333x + 0.25y ) ) * 0.2y ) * 0.333333333333y ) )
ind: 110
( 0.111111111111y + ( 0.125x + 0.142857142857y ) )
ind: 111
( 1.0y * ( ( 1.0x * 1.0x ) + ( ( ( 0.5y * ( 1.0x + 0.5x ) ) + 0.5x ) * ( ( 0.1y * ( 1.0x * 0.2x ) ) * ( 0.166666666667x + ( 0.166666666667x + 0.166666666667x ) ) ) ) ) )
ind: 112
( ( ( ( 0.142857142857y + 0.5y ) + ( ( 0.1x * ( 0.2x * 0.142857142857y ) ) + 0.125x ) ) + 0.111111111111y ) + 0.166666666667x )
ind: 113
( ( ( ( ( 0.142857142857y + ( 0.166666666667y + 0.5y ) ) * ( ( 0.1x + 0.125x ) * 0.166666666667y ) ) * ( ( 0.125y + ( 0.166666666667y * 0.2x ) ) + 0.166666666667y ) ) + 0.111111111111x ) + ( 1.0y + 0.333333333333x ) )
ind: 114
( ( 0.142857142857x + ( 0.166666666667y * ( ( ( 0.1y * 0.2y ) + ( 0.166666666667y + 0.166666666667y ) ) * 0.2x ) ) ) + ( ( 0.333333333333x + ( 0.142857142857y + ( 0.5y + 0.1y ) ) ) + 0.142857142857y ) )
ind: 115
( ( ( ( ( 0.111111111111y * 0.1y ) + ( ( 0.111111111111y + 0.5y ) + 0.166666666667x ) ) * ( ( 0.2x + 0.333333333333x ) * 0.142857142857y ) ) * 0.1y ) * 0.2y )
ind: 116
( 0.1x + ( ( ( 0.2x + ( 1.0y * 1.0y ) ) * 0.111111111111x ) + ( 0.166666666667x * 0.1y ) ) )
ind: 117
( ( ( 0.142857142857x * ( ( ( 0.166666666667x * 0.142857142857x ) + ( 0.2y * 0.1x ) ) * 0.111111111111y ) ) + ( 0.166666666667y * 0.25y ) ) + ( 0.111111111111y + ( ( 0.1x * ( ( 0.166666666667x * 0.111111111111x ) + ( 0.5y + 0.333333333333x ) ) ) + ( 1.0x * ( ( 0.111111111111x + 0.5x ) + ( 0.5x + 0.166666666667x ) ) ) ) ) )
ind: 118
( 0.333333333333y * 0.166666666667x )
ind: 119
( ( ( 0.333333333333x + 0.25y ) + 0.5x ) + ( ( 0.333333333333y + 0.111111111111y ) + 0.2y ) )
ind: 120
( 0.333333333333y + ( 0.1x * 1.0y ) )
ind: 121
( ( ( 0.1x + ( ( 0.142857142857y * 0.166666666667y ) * ( 0.5x * ( 0.5y + 0.25x ) ) ) ) * 0.166666666667y ) + 0.142857142857y )
ind: 122
( ( ( 0.2y + 0.5y ) + 0.1y ) + ( ( ( 0.2x + 0.25x ) * 0.1y ) + ( ( ( ( 0.166666666667x * 0.111111111111x ) * 1.0x ) + ( ( 0.125x * 1.0y ) + 0.25x ) ) + ( ( ( 0.1x * 0.166666666667x ) * 0.2x ) + ( 0.142857142857x * 0.142857142857y ) ) ) ) )
ind: 123
( 0.125y * ( ( ( 0.111111111111x * 0.5x ) + 1.0y ) + ( ( 0.125y * ( ( 0.2y + 0.166666666667y ) + ( 0.125x + 0.125x ) ) ) + ( 1.0y * ( 0.166666666667x * 0.111111111111y ) ) ) ) )
ind: 124
( 0.111111111111x * ( 0.166666666667x * 0.142857142857y ) )
ind: 125
( ( ( 0.166666666667y * ( 0.111111111111y * ( 0.166666666667y * 0.5x ) ) ) * ( ( ( ( 0.166666666667x * 0.2x ) + ( 0.111111111111y * 0.142857142857y ) ) + ( ( 1.0y + 0.1x ) + ( 0.1y + 0.125x ) ) ) * ( 0.1y * 0.111111111111y ) ) ) * 0.25y )
ind: 126
( ( 0.166666666667y * 0.1y ) * ( 0.125x * ( ( ( 0.1y + ( 0.25y * 0.166666666667y ) ) * 0.1x ) * 0.25y ) ) )
ind: 127
( ( ( ( ( ( 0.142857142857x * 0.333333333333y ) + ( 0.5x * 0.333333333333y ) ) + ( 0.333333333333y * ( 0.166666666667y * 0.5y ) ) ) + ( ( ( 0.111111111111x + 0.111111111111y ) + ( 0.166666666667x * 0.125y ) ) + 0.2y ) ) + ( 0.166666666667y + 0.166666666667y ) ) * ( ( ( 1.0x * 0.2x ) + ( ( 0.333333333333x + ( 0.5y * 0.125y ) ) + ( 0.142857142857y + ( 0.111111111111x + 0.5x ) ) ) ) + ( ( 1.0y + ( ( 0.5y * 0.125x ) * 0.5y ) ) + ( ( ( 1.0x * 0.125y ) * 0.333333333333x ) + ( ( 0.25y * 1.0x ) * 1.0y ) ) ) ) )
ind: 128
( ( ( ( ( 0.125y * 0.1x ) * 1.0y ) * 0.25y ) + 1.0y ) + ( 0.166666666667x + ( 0.166666666667x * 0.125y ) ) )
ind: 129
( 0.111111111111y + ( 0.111111111111x + ( ( 0.111111111111y + ( ( 0.1x + 0.142857142857y ) + ( 1.0x * 0.166666666667y ) ) ) * 0.111111111111x ) ) )
ind: 130
( ( ( ( 0.333333333333y + ( ( 0.25x + 0.166666666667x ) + 0.142857142857x ) ) * 1.0x ) * 0.1x ) * 0.25y )
ind: 131
( ( 0.1x * ( ( 0.2y + ( ( 0.1y + 0.142857142857y ) * ( 1.0x + 0.1x ) ) ) + ( 0.5x + 0.166666666667y ) ) ) * ( ( ( 0.1x * ( ( 1.0y * 1.0y ) + ( 0.25y * 0.166666666667y ) ) ) + 0.1x ) + 0.2x ) )
ind: 132
( ( 0.166666666667y + ( ( 0.5x * ( 0.111111111111x + ( 0.2x * 0.333333333333y ) ) ) + ( ( ( 0.5x + 1.0x ) * 0.2y ) * ( ( 1.0x + 0.25x ) + 0.2x ) ) ) ) + 0.25x )
ind: 133
( ( ( ( ( ( 0.25y + 0.5y ) + ( 0.142857142857y + 0.5x ) ) * 0.166666666667y ) * 0.1y ) + ( ( ( ( 0.111111111111y * 1.0y ) + ( 0.2x + 0.111111111111y ) ) + 0.333333333333x ) * 0.333333333333y ) ) * ( 1.0x * ( ( ( 0.333333333333y + 0.125y ) + ( 0.111111111111x * ( 0.333333333333y * 0.2x ) ) ) + ( ( 0.2x + 0.1x ) * ( ( 0.142857142857y * 0.5y ) + 0.333333333333y ) ) ) ) )
ind: 134
( 0.111111111111y * ( ( 0.125y + 0.111111111111y ) * 0.166666666667x ) )
ind: 135
( ( 0.333333333333x + 0.111111111111x ) + 0.125y )
ind: 136
( ( 0.5x + 0.142857142857y ) * ( 1.0y + ( ( ( ( 0.5x + 0.142857142857x ) * ( 0.142857142857x + 1.0x ) ) + ( 0.2y + 0.333333333333y ) ) * ( ( 0.25y + ( 0.111111111111y + 0.25y ) ) + 0.142857142857x ) ) ) )
ind: 137
( ( ( 0.166666666667y + 0.333333333333x ) * 0.25x ) + 1.0x )
ind: 138
( 0.166666666667x * ( 1.0y * 0.5x ) )
ind: 139
( 0.25y * 0.111111111111x )
ind: 140
( 1.0x + ( ( 0.125y + ( 0.1x + 0.125x ) ) + 0.125y ) )
ind: 141
( 0.25y * ( ( 0.333333333333x + 0.166666666667y ) + ( 0.25y + 0.333333333333y ) ) )
ind: 142
( 0.111111111111y * ( 0.1x + ( 0.333333333333y * ( ( 0.333333333333y * 1.0x ) + 0.111111111111x ) ) ) )
ind: 143
( ( 0.111111111111y + 0.5y ) + 0.333333333333x )
ind: 144
( ( 0.333333333333x * 0.166666666667y ) + 0.1y )
ind: 145
( 0.166666666667x * ( 0.2y * 0.25y ) )
ind: 146
( ( 0.166666666667x + 0.142857142857y ) + ( 0.2x + 0.1x ) )
ind: 147
( 0.142857142857x * ( 0.125y + 0.2y ) )
ind: 148
( 0.166666666667x + ( 0.2y * 0.125y ) )
ind: 149
( ( 0.1x * 0.125y ) + ( 0.1x + ( 0.333333333333x * ( ( 0.166666666667y + 0.166666666667x ) + ( ( 0.1x * 0.2x ) * ( 0.2y + 0.5x ) ) ) ) ) )
ind: 150
( ( ( ( ( ( 0.5x * 0.142857142857y ) * 0.111111111111y ) * ( ( 0.125x * 0.125y ) + ( 0.111111111111x + 0.111111111111y ) ) ) * ( 0.142857142857y + 1.0x ) ) * ( 0.2y * 0.111111111111y ) ) + ( 0.142857142857x + ( ( ( ( 0.5x * 0.111111111111x ) * 0.2x ) * 0.1x ) * 0.5y ) ) )
ind: 151
( ( 0.166666666667x + 0.25y ) * ( ( 0.5x + 0.125x ) * ( 0.25x * 0.125x ) ) )
ind: 152
( ( ( ( ( 0.1x * 0.25x ) * 0.166666666667x ) + ( 0.25x * 0.111111111111y ) ) * ( 0.5x * 0.125y ) ) + 0.333333333333y )
ind: 153
( ( ( ( 0.111111111111x + 0.5y ) + ( 0.1y * 1.0x ) ) * 0.142857142857y ) + ( 0.2y + 0.166666666667x ) )
ind: 154
( ( ( 0.25x * ( 0.166666666667y + 0.125y ) ) * ( ( ( ( 0.166666666667x + 0.111111111111y ) * 1.0y ) * 1.0x ) * ( 0.142857142857x + 0.5x ) ) ) * 0.5y )
ind: 155
( ( ( 0.333333333333y * ( 0.125x * 0.166666666667y ) ) + ( 0.5y * 0.1x ) ) * 0.5x )
ind: 156
( 0.5y * 0.166666666667x )
ind: 157
( 0.142857142857y * ( 0.142857142857x * ( ( ( 0.2x + ( 1.0y + 0.25x ) ) + 0.25y ) + 0.166666666667y ) ) )
ind: 158
( 0.1y + 0.142857142857x )
ind: 159
( ( ( ( 0.25x * 0.25y ) * ( 0.5y * ( ( 0.125y + 0.125y ) * 0.125x ) ) ) + 0.142857142857y ) * ( 0.2y + 0.166666666667y ) )
ind: 160
( ( 0.125y * ( ( 0.25x * 0.333333333333x ) + ( 0.25y + ( 0.2y + ( 0.5y * 0.125y ) ) ) ) ) + ( 0.166666666667y + ( ( 0.142857142857y * ( ( 0.2y * 0.1x ) * ( 0.142857142857y + 0.25x ) ) ) + ( ( 0.5x * ( 0.166666666667x + 0.25y ) ) + 0.2x ) ) ) )
ind: 161
( ( 0.1x * ( ( ( ( 0.2y + 0.1y ) * ( 0.5y + 0.333333333333x ) ) + ( 0.1y * ( 0.1x * 0.125y ) ) ) * ( ( 1.0x * 0.111111111111x ) * ( ( 0.25y * 0.166666666667x ) * 0.2x ) ) ) ) + 0.25x )
ind: 162
( ( ( 0.111111111111y + ( ( ( 0.333333333333x + 0.111111111111y ) * ( 0.333333333333y + 0.166666666667x ) ) * 0.1y ) ) * 0.111111111111y ) + 0.2y )
ind: 163
( ( 0.125y * ( 0.25y * ( 0.25y + 0.166666666667y ) ) ) * ( ( ( 0.166666666667x * ( 0.111111111111x + ( 0.111111111111x * 0.25y ) ) ) + 0.333333333333y ) + ( 0.166666666667y + 0.25x ) ) )
ind: 164
( 0.5y + ( 0.5x * 0.111111111111x ) )
ind: 165
( 0.2y + ( 0.166666666667x + ( ( 0.166666666667y + ( ( 0.142857142857y * 0.5y ) * ( 1.0y + 0.111111111111y ) ) ) * 0.166666666667x ) ) )
ind: 166
( ( 0.142857142857x * ( ( 0.25x + 0.25y ) * ( 1.0x + 0.142857142857x ) ) ) + 0.166666666667x )
ind: 167
( ( ( 0.1y + ( 0.333333333333y * 0.166666666667x ) ) + ( ( 0.25x + 0.2y ) + ( ( 1.0y * 0.125x ) + 0.125x ) ) ) * ( 0.5y * ( 0.2x * 0.1x ) ) )
ind: 168
( ( ( 0.111111111111y * ( ( 0.333333333333x * 0.2x ) * 0.1x ) ) + 0.25y ) * 0.25y )
ind: 169
( ( 0.2y + ( ( 0.125y * 0.142857142857x ) * 0.142857142857y ) ) * ( ( ( 0.142857142857x * 1.0y ) * ( 0.166666666667y + ( ( 0.166666666667y * 0.5x ) * 0.2y ) ) ) * 0.333333333333x ) )
ind: 170
( ( 1.0x * 0.142857142857y ) + 0.1y )
ind: 171
( ( ( 0.142857142857y + 0.1y ) + ( 1.0y * 0.2x ) ) * 1.0x )
ind: 172
( 0.2y * ( ( 0.111111111111x * 0.142857142857x ) * 0.2x ) )
ind: 173
( ( ( 1.0x + ( 0.1x + ( ( 0.1y + 0.125y ) * ( 0.125y + 0.142857142857y ) ) ) ) + ( ( ( 0.1x + ( 0.111111111111x + 0.2y ) ) * 0.125x ) * ( 0.5x * 1.0y ) ) ) + ( ( ( ( 1.0x + ( 0.25y + 0.125x ) ) * 0.333333333333x ) + ( 0.1y + ( ( 1.0y + 1.0x ) * 0.1y ) ) ) + ( 0.2y + 0.142857142857y ) ) )
ind: 174
( 0.125x + ( ( ( 0.5y * 0.142857142857y ) + 0.5x ) + 0.5x ) )
ind: 175
( 0.333333333333y * 0.333333333333x )
ind: 176
( ( ( ( 0.142857142857x + ( 0.111111111111y + 0.2x ) ) + ( 0.142857142857x * 0.25x ) ) + 0.25x ) + ( 0.25x * 0.111111111111x ) )
ind: 177
( ( ( 0.166666666667x * ( 0.142857142857y + ( 0.1y * ( 0.111111111111x * 0.5x ) ) ) ) * 0.142857142857x ) + 1.0x )
ind: 178
( ( ( 0.25x * ( ( 0.333333333333x + 0.25x ) + 0.111111111111x ) ) * 0.333333333333y ) + ( ( 0.333333333333y + ( ( 0.142857142857x + ( 1.0y + 0.111111111111y ) ) * 0.111111111111x ) ) * ( ( 0.333333333333x + 0.111111111111x ) * 0.25x ) ) )
ind: 179
( 0.1x * ( ( ( ( 0.166666666667y * ( 0.142857142857y * 0.166666666667y ) ) * ( ( 0.1y + 0.111111111111x ) * 0.1y ) ) * 0.125y ) * 0.5y ) )
ind: 180
( 0.166666666667y * ( 0.166666666667x + ( ( ( 0.5y + ( 0.125y * 0.25y ) ) * 0.333333333333y ) + ( ( ( 0.166666666667y * 1.0y ) + 0.5y ) + 0.142857142857y ) ) ) )
ind: 181
( 0.111111111111y * 0.1x )
ind: 182
( 0.166666666667x + 0.333333333333y )
ind: 183
( ( ( ( 0.333333333333x + ( 0.166666666667y + 0.2y ) ) * ( ( 1.0x * ( 0.25x + 0.111111111111x ) ) * 1.0x ) ) * ( ( 0.111111111111y + 0.2y ) + 0.333333333333y ) ) + 0.25x )
ind: 184
( 1.0y * ( ( ( ( ( 0.111111111111x * 1.0x ) * ( 0.1y * 0.1x ) ) + 0.1y ) + 0.1x ) * 0.111111111111y ) )
ind: 185
( ( 0.333333333333y + 0.25x ) * ( 0.2y * ( ( ( 0.166666666667x + 0.125x ) + ( ( 0.5y * 0.5x ) + 0.25y ) ) + 0.166666666667y ) ) )
ind: 186
( ( 0.2y * 0.166666666667x ) + 0.333333333333x )
ind: 187
( 0.125x * ( ( ( ( 0.111111111111x + 0.25y ) + 0.25x ) + 0.125x ) + 1.0y ) )
ind: 188
( 0.1x + 0.2y )
ind: 189
( 0.125y * ( ( 0.25x + 0.5y ) * ( 1.0y * ( ( 0.2x + 0.333333333333x ) * 0.142857142857x ) ) ) )
ind: 190
( 1.0x * ( ( ( 0.333333333333y + ( ( 0.142857142857y + 0.166666666667x ) + ( 0.25x * 1.0y ) ) ) + ( 1.0x + ( 0.1y * ( 0.125x + 0.1x ) ) ) ) + 0.166666666667y ) )
ind: 191
( ( 0.111111111111y * ( ( ( ( 0.5x + 0.2x ) * 0.25y ) + ( ( 0.333333333333y * 0.166666666667x ) + 0.333333333333x ) ) * 0.5x ) ) + 0.25y )
ind: 192
( ( ( 0.25y * ( ( ( 0.166666666667x + 0.25y ) * ( 0.111111111111y * 0.5y ) ) * ( ( 0.142857142857y * 0.5y ) + ( 0.111111111111x + 0.111111111111y ) ) ) ) + 0.333333333333y ) * ( ( ( ( 0.5y * 0.2x ) + ( ( 0.111111111111y + 0.5x ) + 0.2y ) ) * ( 0.142857142857x * ( ( 0.111111111111y * 0.25x ) * 0.142857142857y ) ) ) * 0.5x ) )
ind: 193
( 0.2y + 0.166666666667x )
ind: 194
( ( ( 0.5x + 0.1x ) + ( ( 0.111111111111x * 0.25x ) * ( ( 0.111111111111y + 0.142857142857y ) + 0.111111111111y ) ) ) + 0.125y )
ind: 195
( 1.0y * ( ( ( ( ( 0.1y * 0.5y ) * 0.1y ) * 1.0x ) * 0.125x ) + ( 0.2x + 1.0y ) ) )
ind: 196
( 0.25x * ( ( ( 0.142857142857x * ( ( 0.166666666667x * 0.1x ) * ( 0.142857142857x + 0.166666666667x ) ) ) * 0.111111111111y ) * 1.0y ) )
ind: 197
( ( ( 0.2x * ( 0.125x * ( 0.5x + 0.5x ) ) ) * ( ( ( 0.142857142857x * 0.5x ) + ( 0.25y * 0.125y ) ) * ( 0.142857142857x + ( ( 0.1y + 0.111111111111y ) * ( 0.111111111111x + 0.333333333333y ) ) ) ) ) * 0.25y )
ind: 198
( ( 0.111111111111y + 0.2x ) + ( ( ( 0.1x * 0.166666666667y ) * ( ( 0.142857142857y * ( 0.142857142857x + 0.166666666667y ) ) + ( 0.142857142857y * 0.125y ) ) ) * 0.111111111111y ) )
ind: 199
( ( 1.0y + ( ( 0.166666666667x * 0.5x ) * ( ( 0.25x * ( 0.2y + 0.333333333333y ) ) * ( 0.25x * ( 0.142857142857y * 0.5x ) ) ) ) ) + 0.1y )
ind: 200
( 0.142857142857y + ( 0.333333333333y + ( 0.2x * 0.5x ) ) )
ind: 201
( ( 0.1x * ( ( ( ( 0.142857142857y + 1.0x ) + 0.2x ) + ( ( 0.2y * 0.142857142857y ) + 0.125x ) ) * 0.166666666667y ) ) * 0.5x )
ind: 202
( 0.5y * ( ( ( 0.125x * 0.125y ) + 0.142857142857x ) * 0.142857142857y ) )
ind: 203
( 0.5y * ( 0.5x + 0.111111111111y ) )
ind: 204
( 0.111111111111x * 0.5y )
ind: 205
( 0.333333333333y * 0.25x )
ind: 206
( 0.333333333333y * ( 0.125x * 0.111111111111y ) )
ind: 207
( 0.333333333333x * ( 0.125y * 0.125x ) )
ind: 208
( 0.25x * ( 0.111111111111y + 0.166666666667x ) )
ind: 209
( 0.25y + 0.5x )
ind: 210
( 0.5x + ( ( ( 0.166666666667y * ( 0.5x * 0.333333333333x ) ) * ( 0.5x + 1.0y ) ) + 0.2x ) )
ind: 211
( ( ( 0.111111111111y + 1.0x ) * ( 0.333333333333y * 0.125x ) ) + ( ( ( 0.2y + 0.2y ) * ( 1.0x * 0.166666666667y ) ) * ( 0.2y + ( 0.142857142857y * 0.142857142857x ) ) ) )
ind: 212
( ( ( ( ( 0.125x * ( 0.333333333333x * 0.111111111111x ) ) + ( 0.111111111111y * 0.25x ) ) * ( ( ( 0.2y + 0.5x ) * 0.111111111111y ) + ( ( 0.125y + 0.1x ) + ( 0.166666666667x * 0.2y ) ) ) ) + ( 0.2y * 0.2x ) ) + ( 0.2x * 0.166666666667y ) )
ind: 213
( 0.111111111111x * ( 0.166666666667x * 1.0y ) )
ind: 214
( 0.111111111111y * ( ( 0.166666666667y + ( ( 0.166666666667y + 0.1x ) + ( ( 0.5x * 0.333333333333y ) * ( 0.166666666667x * 1.0y ) ) ) ) + ( ( ( ( 0.5x * 0.2y ) + ( 0.111111111111x + 0.125x ) ) + ( 1.0y + 0.2x ) ) + 0.142857142857x ) ) )
ind: 215
( ( 1.0x * ( ( ( 0.125x * ( 0.111111111111x + 0.125y ) ) * ( ( 0.111111111111x + 1.0x ) + 0.25y ) ) + 0.166666666667y ) ) + ( 1.0y + ( ( ( ( 1.0y + 0.5x ) + ( 0.5x + 0.333333333333x ) ) * ( ( 0.5x * 0.2x ) * 0.166666666667x ) ) + 0.111111111111x ) ) )
ind: 216
( ( ( ( 1.0x + ( 0.2x * ( 0.125x * 0.166666666667x ) ) ) * 1.0x ) * ( ( ( 0.333333333333y * 0.111111111111x ) + 0.333333333333y ) + 0.125y ) ) * 0.2x )
ind: 217
( 0.166666666667x + 0.111111111111y )
ind: 218
( ( ( ( ( ( 0.142857142857x * 0.2y ) * ( 1.0x * 0.333333333333y ) ) + ( ( 0.142857142857x * 0.25x ) * 0.2x ) ) * 0.25x ) + ( ( 0.166666666667y * 0.2y ) + 0.166666666667x ) ) * 0.5x )
ind: 219
( ( ( 0.125y * 1.0x ) + ( 0.125x + ( 0.5x + 0.125x ) ) ) + ( ( ( 0.166666666667y + 0.111111111111x ) + ( ( 0.125y + ( 1.0y + 0.333333333333x ) ) * 0.111111111111x ) ) * ( ( 0.125x + ( 0.333333333333x * 0.333333333333y ) ) + 0.166666666667x ) ) )
ind: 220
( ( 0.2y * ( 0.1y + 0.142857142857x ) ) * 0.142857142857x )
ind: 221
( ( ( 0.2y * ( ( ( 1.0y * 0.333333333333x ) + 0.125x ) * ( 0.166666666667x * 0.5x ) ) ) * ( ( 0.25x * 0.2y ) * 0.2y ) ) * ( ( 0.111111111111y + ( ( 0.142857142857y * 0.166666666667y ) * 0.333333333333x ) ) + ( ( ( ( 0.125x + 0.166666666667y ) + ( 0.125y * 0.25y ) ) * 0.111111111111y ) + ( 0.5y * 0.333333333333x ) ) ) )
ind: 222
( ( ( 0.333333333333y * 0.125y ) + ( 0.166666666667y + ( 0.25x * ( ( 0.2y * 0.5x ) + 0.125x ) ) ) ) + ( 0.166666666667y * 1.0x ) )
ind: 223
( ( ( 0.333333333333x + 0.125x ) + ( 0.111111111111x + 0.2y ) ) + ( 0.2x + 0.333333333333x ) )
ind: 224
( ( 1.0y * ( ( 0.5x + ( 0.333333333333y + 0.333333333333x ) ) * ( 0.2y * ( ( 0.25y + 0.333333333333x ) + 0.111111111111y ) ) ) ) + ( 0.142857142857y + ( 0.1x + 0.1x ) ) )
ind: 225
( 0.125y + ( ( 0.142857142857y + ( ( 0.25y * ( 0.5x * 0.142857142857x ) ) + 0.2x ) ) * ( 0.111111111111y + ( 0.111111111111x + ( 0.5x + ( 0.1y + 0.2x ) ) ) ) ) )
ind: 226
( 0.333333333333x + ( 1.0y * 0.166666666667y ) )
ind: 227
( ( ( 0.1y + ( 0.111111111111x + ( ( 0.111111111111y * 0.5y ) + 0.5y ) ) ) * ( 0.333333333333y * 0.333333333333y ) ) * 0.2y )
ind: 228
( ( ( ( ( ( 0.1x * 0.111111111111x ) * ( 0.142857142857y + 0.333333333333y ) ) + ( ( 0.333333333333x + 0.5y ) * 0.166666666667x ) ) + 0.2y ) + ( ( 0.333333333333x * ( ( 0.333333333333x * 0.111111111111x ) * ( 0.5x + 0.1y ) ) ) * ( 0.166666666667y * 0.2y ) ) ) * 0.2x )
ind: 229
( 0.2x * ( ( ( ( 0.1x * 0.111111111111y ) + ( ( 0.2y + 0.1y ) + ( 0.5y + 0.125x ) ) ) + ( ( 0.125x * ( 1.0y * 0.125x ) ) * 0.5x ) ) * 0.25x ) )
ind: 230
( ( ( 0.2y + 0.1y ) * ( ( 0.166666666667y * 0.1y ) * 1.0y ) ) + ( ( ( ( 0.166666666667x * 0.2y ) + ( 0.333333333333y * ( 0.25x + 0.125x ) ) ) * 0.333333333333y ) + 0.125x ) )
ind: 231
( 0.1y * ( 0.5x * ( ( ( 1.0y + 0.166666666667x ) + ( ( 0.2x + 0.166666666667x ) * 0.142857142857y ) ) * 0.142857142857y ) ) )
ind: 232
( ( ( 0.25x * 0.25x ) + ( ( 0.5y * ( ( 0.111111111111x + 0.142857142857x ) + ( 0.125y + 0.1y ) ) ) + ( 0.111111111111x + 0.25x ) ) ) * 0.1x )
ind: 233
( ( ( ( ( ( 0.166666666667y + 0.2x ) * ( 0.2y + 0.125y ) ) * 0.2y ) * ( 1.0x + ( 1.0x * 0.125y ) ) ) + ( ( 0.142857142857x * 0.5y ) * 0.125x ) ) * 0.25y )
ind: 234
( ( 0.166666666667y * ( ( 0.25y * 0.2y ) * ( 0.166666666667x * ( 0.111111111111x * 0.2y ) ) ) ) + ( 0.142857142857y + ( ( 0.142857142857y + ( 0.25x + ( 0.142857142857x + 0.1y ) ) ) * ( ( 0.2y + ( 0.5x + 0.111111111111y ) ) * 0.125x ) ) ) )
ind: 235
( 0.2x * ( ( 0.166666666667y * 0.333333333333x ) + 0.142857142857x ) )
ind: 236
( 1.0y + 1.0x )
ind: 237
( ( 0.166666666667y * 0.125x ) + ( ( ( 0.125y * ( ( 0.1x + 0.333333333333x ) * ( 1.0x + 0.125y ) ) ) + ( 0.2y * 0.1y ) ) + 0.2y ) )
ind: 238
( ( 0.125x * ( ( ( ( 0.25y * 0.1x ) * 0.142857142857x ) + 0.25y ) + ( ( 0.2x * ( 0.1x * 0.142857142857x ) ) * 0.333333333333y ) ) ) + 0.2x )
ind: 239
( 0.2y + ( ( 0.166666666667y * 0.333333333333y ) * 0.166666666667x ) )
ind: 240
( ( 0.111111111111y * 0.1x ) * 0.333333333333y )
ind: 241
( 0.111111111111x + ( ( ( ( ( 0.142857142857x + 0.166666666667y ) * 0.125x ) * 0.111111111111y ) * ( ( 0.125x + 0.125x ) * 0.5y ) ) * ( ( ( 0.2y + 0.2x ) * ( 0.142857142857x * 0.333333333333x ) ) + ( ( 0.25x * ( 0.125y * 0.111111111111y ) ) + ( ( 0.1x * 0.1x ) * ( 0.25y + 0.166666666667x ) ) ) ) ) )
ind: 242
( ( ( ( 0.25x + 1.0y ) * ( 0.1x + ( 0.125x * 0.2y ) ) ) + 1.0y ) * 1.0x )
ind: 243
( ( ( ( 0.166666666667y * 1.0y ) + ( ( ( 1.0y * 0.142857142857x ) * ( 1.0x + 0.333333333333y ) ) * 0.166666666667x ) ) + 0.5x ) + ( 0.333333333333x * 0.25x ) )
ind: 244
( ( 0.142857142857x * ( ( ( ( 0.5x * 0.111111111111x ) + ( 0.333333333333y * 0.333333333333y ) ) + ( ( 0.125y + 0.5x ) * 0.166666666667y ) ) + ( ( 0.111111111111x + 0.142857142857y ) + 0.125x ) ) ) + ( ( ( ( ( 0.2y + 0.111111111111y ) * 1.0x ) + ( 0.5y * 0.125y ) ) + ( 0.142857142857x * 0.142857142857y ) ) * ( ( 1.0x * ( ( 0.1y + 0.1y ) + 0.5y ) ) * ( 0.125y * 0.2y ) ) ) )
ind: 245
( 0.333333333333y + 0.5x )
ind: 246
( ( ( 0.333333333333y * ( 0.142857142857y + ( ( 0.25y * 0.2y ) * 0.166666666667y ) ) ) + 0.125y ) * ( ( 0.111111111111x * 0.25x ) + ( ( ( ( 0.333333333333x * 0.25x ) * 0.333333333333x ) + ( ( 0.125x + 0.125x ) + ( 0.142857142857y + 0.25y ) ) ) + ( ( ( 0.111111111111y + 1.0y ) * ( 0.5y + 1.0x ) ) + ( 0.333333333333y + 0.166666666667y ) ) ) ) )
ind: 247
( ( 0.2x + ( 0.125x * ( 0.125x + ( ( 0.2x + 0.25y ) * ( 0.166666666667y + 0.125y ) ) ) ) ) * ( ( 0.333333333333x * ( ( 0.166666666667y + ( 0.5y * 0.2y ) ) * 0.166666666667y ) ) + ( ( 0.5x + 0.2y ) + 0.333333333333y ) ) )
ind: 248
( ( ( 0.111111111111x + ( ( 0.25x * 0.2x ) * 0.2y ) ) + ( 0.142857142857x * 0.142857142857y ) ) * ( 0.125x * ( ( 0.333333333333x + ( 0.333333333333x + 0.166666666667x ) ) * ( 1.0y + 0.333333333333x ) ) ) )
ind: 249
( ( 0.142857142857y + ( 0.333333333333y + 0.2x ) ) + 0.2y )
ind: 250
( ( 0.2x * ( 0.166666666667y + 0.25x ) ) + ( 1.0y * ( ( ( 0.111111111111y + 0.2x ) + ( 0.142857142857y + 0.125x ) ) + ( 0.5y + ( ( 0.25y * 0.125y ) * ( 0.1x * 0.5x ) ) ) ) ) )
ind: 251
( 0.111111111111x + ( 0.142857142857x + 0.333333333333y ) )
ind: 252
( 0.25y * 0.111111111111x )
ind: 253
( 0.5y + 0.111111111111x )
ind: 254
( ( ( ( 0.5y + ( ( 0.333333333333x + 0.25x ) * ( 1.0y * 0.111111111111y ) ) ) + ( ( ( 0.2x * 0.166666666667y ) + 0.5y ) * 0.125y ) ) * ( 0.1x * ( 0.111111111111y + 0.1x ) ) ) + ( 0.5x * ( 1.0y + 0.166666666667x ) ) )
ind: 255
( ( 0.142857142857x * ( 0.1y * ( 1.0x + 0.142857142857y ) ) ) * 0.1x )
ind: 256
( ( 0.166666666667x * ( ( ( ( 0.142857142857x + 0.125y ) * ( 1.0y + 1.0y ) ) + ( 0.125x + ( 0.142857142857x + 0.5y ) ) ) + 0.1y ) ) * ( 0.2x + ( 0.25x * 0.111111111111x ) ) )
ind: 257
( 0.142857142857x * ( 0.166666666667x + ( ( 0.25y * 0.125y ) + ( 0.111111111111y * 0.2y ) ) ) )
ind: 258
( 0.111111111111y + 0.111111111111x )
ind: 259
( ( 0.25x * 0.125x ) + ( 0.5y + ( 0.5y * ( ( ( 0.333333333333y + 0.2x ) * ( 0.125x * 0.333333333333x ) ) + ( ( 0.166666666667x * 0.111111111111x ) + 0.125y ) ) ) ) )
ind: 260
( 0.2y * ( 0.125y + ( 0.125y + ( ( ( 0.333333333333y * 0.5y ) + 0.2x ) + ( ( 0.25y * 0.1x ) + ( 0.25x + 0.111111111111y ) ) ) ) ) )
ind: 261
( ( 0.5y * ( ( ( ( 0.111111111111x + 0.111111111111y ) + ( 0.5x * 0.5y ) ) * 1.0x ) * ( ( 0.333333333333y * ( 0.333333333333x * 0.125x ) ) + ( ( 0.2x + 0.142857142857y ) * 0.2y ) ) ) ) + ( 0.25x + ( ( ( ( 0.2x * 0.166666666667x ) * ( 0.2x * 0.333333333333y ) ) * 0.333333333333y ) * 0.142857142857x ) ) )
ind: 262
( 0.142857142857x * 0.2y )
ind: 263
( 0.125x * ( 0.142857142857y * 0.125x ) )
ind: 264
( ( 1.0x * ( ( ( ( 0.1x + 0.166666666667x ) + ( 0.166666666667y + 0.166666666667y ) ) + ( 0.333333333333x + 0.166666666667x ) ) + ( 0.5y * ( 0.142857142857y + 0.1x ) ) ) ) * ( 0.111111111111x * ( ( ( 0.333333333333y * ( 1.0y + 1.0x ) ) + ( ( 1.0y * 0.1x ) * 1.0y ) ) * 1.0x ) ) )
ind: 265
( ( ( ( ( 0.111111111111x * 0.1y ) + ( 0.2y * ( 0.333333333333y + 1.0x ) ) ) * ( 0.25y * 0.111111111111x ) ) + ( 0.2x + ( ( 0.125x * ( 0.1x * 0.333333333333y ) ) + ( 0.1x * 0.166666666667y ) ) ) ) * 0.166666666667y )
ind: 266
( ( 1.0x + 0.166666666667y ) + 0.25x )
ind: 267
( 0.333333333333x * ( 0.5y * ( ( 0.333333333333y * ( 0.2x * 0.125x ) ) + ( ( ( 0.333333333333x * 0.1x ) * 0.166666666667x ) * ( 1.0y * ( 0.125x * 0.5x ) ) ) ) ) )
ind: 268
( 0.111111111111x * ( ( ( 0.5y * ( 0.125x * ( 0.5x * 0.142857142857x ) ) ) + 0.166666666667y ) * 0.142857142857y ) )
ind: 269
( 0.2y + ( 0.111111111111x * 0.111111111111x ) )
ind: 270
( ( 0.2y * ( ( 0.5y * ( ( 1.0y * 0.5x ) + ( 0.333333333333y * 0.2y ) ) ) + 0.333333333333x ) ) + ( 0.25x + 0.5x ) )
ind: 271
( 0.125y + ( ( ( 0.25y + ( 0.25x + 0.142857142857x ) ) * 0.2y ) * 0.5x ) )
ind: 272
( ( 0.5x * ( 0.1y * ( 1.0y + 0.25y ) ) ) + ( ( 0.142857142857y + 0.125y ) + 0.1y ) )
ind: 273
( 1.0y * ( 1.0x * ( ( ( 0.1y * ( 0.166666666667y + 0.333333333333y ) ) * 0.333333333333x ) * 0.333333333333y ) ) )
ind: 274
( ( 0.333333333333y + ( ( ( ( 0.1y + 0.25x ) * ( 0.111111111111x * 0.166666666667x ) ) + 0.166666666667x ) + ( ( ( 0.125x + 0.125y ) + ( 0.111111111111x * 0.2x ) ) * 0.5y ) ) ) * 0.2x )
ind: 275
( 0.142857142857x * ( ( 1.0y + 0.1x ) * ( ( 0.1x * ( ( 0.2x + 1.0y ) + ( 0.1x * 0.111111111111x ) ) ) * ( ( ( 1.0x + 0.5x ) + 0.125y ) + ( 0.1x * 0.25y ) ) ) ) )
ind: 276
( 0.166666666667y + 0.25x )
ind: 277
( ( ( 0.1y * ( ( ( 0.5x * 0.25x ) + ( 0.333333333333y * 0.333333333333y ) ) * ( ( 0.111111111111x * 0.333333333333y ) + ( 0.5x * 0.142857142857y ) ) ) ) + ( 0.125x * ( 0.1x * ( ( 0.333333333333x * 0.25x ) + 0.5x ) ) ) ) * ( ( 0.166666666667x * ( 0.125x * ( ( 0.1x * 0.2y ) + 0.166666666667y ) ) ) * ( 0.5x + 0.111111111111x ) ) )
ind: 278
( ( 0.2x * 0.1y ) * ( 0.2y + ( ( 0.5x + ( ( 0.5x + 0.25y ) * ( 0.166666666667y * 0.1x ) ) ) * ( 0.5x + ( 0.142857142857y + 0.25x ) ) ) ) )
ind: 279
( 0.25y * ( 0.166666666667x + ( ( 0.2x * ( 0.142857142857x * 0.333333333333x ) ) * ( 0.166666666667x * 0.1x ) ) ) )
ind: 280
( ( 0.1y * ( 1.0x + ( ( 0.111111111111y * ( 1.0x + 0.142857142857y ) ) * 0.166666666667y ) ) ) * 0.333333333333y )
ind: 281
( ( 0.1x * 0.125y ) * 0.25y )
ind: 282
( 0.111111111111x + 0.111111111111y )
ind: 283
( ( 0.2y * ( ( 0.125y * ( 0.125x * ( 0.1y * 1.0y ) ) ) * ( 0.125y * 0.111111111111x ) ) ) * ( 0.166666666667x * 0.125y ) )
ind: 284
( ( ( ( 0.1x * 0.333333333333y ) + ( ( 0.5y * ( 0.142857142857y * 0.1x ) ) + ( ( 0.1y + 0.333333333333x ) + 0.333333333333x ) ) ) * 0.111111111111x ) * ( 0.5x * 0.333333333333x ) )
ind: 285
( ( ( ( 0.25y + ( ( 1.0y * 0.125x ) * ( 0.2x * 0.166666666667y ) ) ) * ( ( 0.25y + 0.125x ) * ( 0.125y * ( 0.5y + 0.111111111111x ) ) ) ) + ( 0.25y * ( 0.1x * 0.1x ) ) ) * 0.333333333333y )
ind: 286
( 0.25y + 0.5x )
ind: 287
( 1.0y + 0.166666666667x )
ind: 288
( 0.333333333333y + ( 0.111111111111y + 0.1x ) )
ind: 289
( ( 0.166666666667x + 0.25x ) + ( ( 0.2y * ( ( ( 0.142857142857x + 0.2x ) * 0.111111111111x ) + 0.111111111111x ) ) + ( ( ( 0.2y * ( 0.25y * 0.111111111111y ) ) + 0.166666666667y ) * 0.25y ) ) )
ind: 290
( ( ( ( 0.2y * ( ( 0.125y * 0.142857142857x ) * ( 0.1x * 0.111111111111y ) ) ) + 0.111111111111y ) * ( 0.1x + 0.5x ) ) * 0.1x )
ind: 291
( 0.125y + 0.111111111111x )
ind: 292
( ( 1.0y + 0.125x ) * ( ( ( ( 0.5x + 0.111111111111y ) * ( 0.25y + ( 0.166666666667y + 0.166666666667x ) ) ) * 0.1x ) + ( 0.25y + 0.166666666667x ) ) )
ind: 293
( ( 0.1y + ( ( 0.2y * 0.125x ) + 0.142857142857y ) ) + ( 0.25x * ( 0.111111111111y + 0.111111111111x ) ) )
ind: 294
( 0.125y + 0.1x )
ind: 295
( ( 0.333333333333x + 0.5y ) * ( ( 0.142857142857x * 0.5x ) + 0.142857142857x ) )
ind: 296
( ( 1.0y + ( ( ( ( 0.333333333333x + 0.142857142857y ) + 0.142857142857y ) * 0.166666666667y ) * 0.111111111111x ) ) + ( 0.333333333333y * 0.125y ) )
ind: 297
( 0.111111111111y * ( ( ( ( 1.0x + 0.5y ) * 0.111111111111x ) * ( 0.142857142857y * 0.111111111111x ) ) + ( ( 0.5x * ( 0.333333333333y + 0.1x ) ) * ( 0.2x * 0.125y ) ) ) )
ind: 298
( 0.25x + 0.1y )
ind: 299
( 0.142857142857x + ( ( ( 0.333333333333y + ( 1.0y * 0.125x ) ) * ( 0.166666666667x * ( ( 0.166666666667y + 0.2y ) * ( 0.1x * 0.25x ) ) ) ) * ( 0.125x * ( 0.125y * 0.25x ) ) ) )
ind: 300
( ( ( 0.25y + 0.125x ) * ( ( 0.142857142857y * ( ( 0.2y + 0.111111111111x ) * 0.111111111111y ) ) * 0.5y ) ) + ( ( 0.2x * 0.1y ) * 0.125y ) )
Best Ind: ( ( ( 0.142857142857x * ( ( ( 0.166666666667x * 0.142857142857x ) + ( 0.2y * 0.1x ) ) * 0.111111111111y ) ) + ( 0.166666666667y * 0.25y ) ) + ( 0.111111111111y + ( ( 0.1x * ( ( 0.166666666667x * 0.111111111111x ) + ( 0.5y + 0.333333333333x ) ) ) + ( 1.0x * ( ( 0.111111111111x + 0.5x ) + ( 0.5x + 0.166666666667x ) ) ) ) ) )
Fitness = 10.5860857571
Worst Ind: ( ( 0.2y + ( 0.25x + ( 0.5y + ( ( 0.5x * 0.2x ) * 0.5x ) ) ) ) + ( ( ( 1.0y + 1.0y ) + ( ( ( 0.111111111111y * 0.25y ) * 0.111111111111x ) * ( ( 0.166666666667x + 1.0x ) + 0.142857142857x ) ) ) + 0.1x ) )
Fitness = 171.948771513
Avg Fitness = 49.4926977561
Duplicated = 3
============================================================================
Evaluate Gen  1
New Population 429
Better than Dads 64
Best Ind: ( ( ( 0.142857142857x * ( ( ( 0.166666666667x * 0.142857142857x ) + ( 0.2y * 0.1x ) ) * 0.111111111111y ) ) + ( 0.166666666667y * 0.25y ) ) + ( 0.111111111111y + ( ( 0.1x * ( ( 0.166666666667x * 0.111111111111x ) + ( 0.5y + 0.333333333333x ) ) ) + ( 1.0x * ( ( 0.111111111111x + 0.5x ) + ( 0.5x + 0.166666666667x ) ) ) ) ) )
Fitness = 10.5860857571
Worst Ind: ( ( 0.166666666667x * 0.5y ) * 1.0y )
Fitness = 50.0
Avg Fitness = 48.2806911674
Duplicated = 11
============================================================================
Evaluate Gen  2
New Population 429
Better than Dads 74
Best Ind: ( ( ( 0.142857142857x * ( ( ( 0.166666666667x * 0.142857142857x ) + ( 0.2y * 0.1x ) ) * 0.111111111111y ) ) + ( 0.166666666667y * 0.25y ) ) + ( 0.111111111111y + ( ( 0.1x * ( ( 0.166666666667x * 0.111111111111x ) + ( 0.5y + 0.333333333333x ) ) ) + ( 1.0x * ( ( 0.111111111111x + 0.5x ) + ( 0.5x + 0.166666666667x ) ) ) ) ) )
Fitness = 10.5860857571
Worst Ind: ( 0.333333333333x * ( 0.125y * 0.125x ) )
Fitness = 50.0
Avg Fitness = 48.1115389091
Duplicated = 10
============================================================================
Evaluate Gen  3
New Population 426
Better than Dads 73
Best Ind: ( ( ( 0.142857142857x * ( ( ( 0.166666666667x * 0.142857142857x ) + ( 0.2y * 0.1x ) ) * 0.111111111111y ) ) + ( 0.166666666667y * 0.25y ) ) + ( 0.111111111111y + ( ( 0.1x * ( ( 0.166666666667x * 0.111111111111x ) + ( 0.5y + 0.333333333333x ) ) ) + ( 1.0x * ( ( 0.111111111111x + 0.5x ) + ( 0.5x + 0.166666666667x ) ) ) ) ) )
Fitness = 10.5860857571
Worst Ind: ( 0.111111111111x * ( ( ( 0.333333333333y * ( 0.125x * ( 0.5x * 0.142857142857x ) ) ) + 0.166666666667y ) * 0.142857142857y ) )
Fitness = 49.9997047434
Avg Fitness = 47.7569797645
Duplicated = 13
============================================================================
Evaluate Gen  4
New Population 424
Better than Dads 70
Best Ind: ( ( ( 0.142857142857x * ( ( ( 0.166666666667x * 0.142857142857x ) + ( 0.2y * 0.1x ) ) * 0.111111111111y ) ) + ( 0.166666666667y * 0.25y ) ) + ( 0.111111111111y + ( ( 0.1x * ( ( 0.166666666667x * 0.111111111111x ) + ( 0.5y + 0.333333333333x ) ) ) + ( 1.0x * ( ( 0.111111111111x + 0.5x ) + ( 0.5x + 0.166666666667x ) ) ) ) ) )
Fitness = 10.5860857571
Worst Ind: ( ( 0.166666666667x + 0.25y ) * ( ( 0.5x + 0.125x ) * ( 0.142857142857x * ( 0.125y + ( ( 0.25y * 0.125y ) + ( 0.111111111111y * 0.2y ) ) ) ) ) )
Fitness = 49.96512885
Avg Fitness = 47.2642792307
Duplicated = 11
============================================================================
Evaluate Gen  5
New Population 432
Better than Dads 81
Best Ind: ( ( ( 0.142857142857x * ( ( ( 0.166666666667x * 0.142857142857x ) + ( 0.2y * 0.1x ) ) * 0.111111111111y ) ) + ( 0.166666666667y * 0.25y ) ) + ( 0.111111111111y + ( ( 0.1x * ( ( 0.166666666667x * 0.111111111111x ) + ( 0.5y + 0.333333333333x ) ) ) + ( 1.0x * ( ( 0.111111111111x + 0.5x ) + ( 0.5x + 0.166666666667x ) ) ) ) ) )
Fitness = 10.5860857571
Worst Ind: ( ( ( 0.111111111111x + ( 0.111111111111y * 0.2y ) ) + ( 0.142857142857x * 0.142857142857y ) ) * ( 0.125x * ( ( 0.333333333333x + ( 0.333333333333x + 0.166666666667x ) ) * ( 1.0y + 0.333333333333x ) ) ) )
Fitness = 49.8554287297
Avg Fitness = 46.8209200406
Duplicated = 17
============================================================================
Evaluate Gen  6
New Population 431
Better than Dads 76
Best Ind: ( ( ( 0.142857142857x * ( ( ( 0.166666666667x * 0.142857142857x ) + ( 0.2y * 0.1x ) ) * 0.111111111111y ) ) + ( 0.166666666667y * 0.25y ) ) + ( 0.111111111111y + ( ( 0.1x * ( ( 0.166666666667x * 0.111111111111x ) + ( 0.5y + 0.333333333333x ) ) ) + ( 1.0x * ( ( 0.111111111111x + 0.5x ) + ( 0.5x + 0.166666666667x ) ) ) ) ) )
Fitness = 10.5860857571
Worst Ind: ( 0.2y + ( 0.111111111111x * 0.111111111111x ) )
Fitness = 49.3846212468
Avg Fitness = 46.2650846569
Duplicated = 18
============================================================================
Evaluate Gen  7
New Population 435
Better than Dads 75
Best Ind: ( ( ( 0.142857142857x * ( ( ( 0.166666666667x * 0.142857142857x ) + ( 0.2y * 0.1x ) ) * 0.111111111111y ) ) + ( 0.166666666667y * 0.25y ) ) + ( 0.111111111111y + ( ( 0.1x * ( ( 0.166666666667x * 0.111111111111x ) + ( 0.5y + 0.333333333333x ) ) ) + ( 1.0x * ( ( 0.111111111111x + 0.5x ) + ( 0.5x + 0.166666666667x ) ) ) ) ) )
Fitness = 10.5860857571
Worst Ind: ( ( ( 0.1y * 0.2y ) + 0.25x ) + 0.25x )
Fitness = 49.005
Avg Fitness = 45.5547991592
Duplicated = 14
============================================================================
Evaluate Gen  8
New Population 436
Better than Dads 76
Best Ind: ( ( ( 0.142857142857x * ( ( ( 0.166666666667x * 0.142857142857x ) + ( 0.2y * 0.1x ) ) * 0.111111111111y ) ) + ( 0.166666666667y * 0.25y ) ) + ( 0.111111111111y + ( ( 0.1x * ( ( 0.166666666667x * 0.111111111111x ) + ( 0.5y + 0.333333333333x ) ) ) + ( 1.0x * ( ( 0.111111111111x + 0.5x ) + ( 0.5x + 0.166666666667x ) ) ) ) ) )
Fitness = 10.5860857571
Worst Ind: ( ( ( ( ( 0.142857142857x * 0.166666666667y ) + 0.333333333333x ) * 0.1x ) + 0.1x ) + 0.142857142857y )
Fitness = 48.3472222222
Avg Fitness = 44.9204828527
Duplicated = 9
============================================================================
Evaluate Gen  9
New Population 425
Better than Dads 83
Best Ind: ( ( ( 0.142857142857x * ( ( ( 0.166666666667x * 0.142857142857x ) + ( 0.2y * 0.1x ) ) * 0.111111111111y ) ) + ( 0.166666666667y * 0.25y ) ) + ( 0.111111111111y + ( ( 0.1x * ( ( 0.166666666667x * 0.111111111111x ) + ( 0.5y + 0.333333333333x ) ) ) + ( 1.0x * ( ( 0.111111111111x + 0.5x ) + ( 0.5x + 0.166666666667x ) ) ) ) ) )
Fitness = 10.5860857571
Worst Ind: ( 0.333333333333x * ( ( 0.125x * ( ( 0.2y * 0.142857142857y ) + 0.333333333333x ) ) + 0.142857142857x ) )
Fitness = 47.6328667535
Avg Fitness = 44.4006779788
Duplicated = 13
============================================================================
Evaluate Gen  10
New Population 433
Better than Dads 81
Best Ind: ( ( ( 0.142857142857x * ( ( ( 0.166666666667x * 0.142857142857x ) + ( 0.2y * 0.1x ) ) * 0.111111111111y ) ) + ( 0.166666666667y * 0.25y ) ) + ( 0.111111111111y + ( ( 0.1x * ( ( 0.166666666667x * 0.111111111111x ) + ( 0.5y + 0.333333333333x ) ) ) + ( 1.0x * ( ( 0.111111111111x + 0.5x ) + ( 0.5x + 0.166666666667x ) ) ) ) ) )
Fitness = 10.5860857571
Worst Ind: ( ( ( 0.333333333333y * 0.125y ) + ( 0.166666666667y + ( 0.25x * ( ( 0.2y * 0.5x ) + 0.125x ) ) ) ) * ( ( ( ( 0.111111111111x + 0.25y ) + 0.25x ) + 0.125x ) + 0.111111111111y ) )
Fitness = 46.9266312629
Avg Fitness = 43.8098732682
Duplicated = 12
============================================================================
Evaluate Gen  11
New Population 431
Better than Dads 83
Best Ind: ( ( ( 0.142857142857x * ( ( ( 0.166666666667x * 0.142857142857x ) + ( 0.2y * 0.1x ) ) * 0.111111111111y ) ) + ( 0.166666666667y * 0.25y ) ) + ( 0.111111111111y + ( ( 0.1x * ( ( 0.166666666667x * 0.111111111111x ) + ( 0.5y + 0.333333333333x ) ) ) + ( 1.0x * ( ( 0.111111111111x + 0.5x ) + ( 0.5x + 0.166666666667x ) ) ) ) ) )
Fitness = 10.5860857571
Worst Ind: ( ( 0.25x + ( 0.125x + 0.25y ) ) + ( 0.5y * ( 0.142857142857y + 0.111111111111x ) ) )
Fitness = 46.4923469388
Avg Fitness = 42.9667861533
Duplicated = 13
============================================================================
Evaluate Gen  12
New Population 442
Better than Dads 84
Best Ind: ( ( ( 0.142857142857x * ( ( ( 0.166666666667x * 0.142857142857x ) + ( 0.2y * 0.1x ) ) * 0.111111111111y ) ) + ( 0.166666666667y * 0.25y ) ) + ( 0.111111111111y + ( ( 0.1x * ( ( 0.166666666667x * 0.111111111111x ) + ( 0.5y + 0.333333333333x ) ) ) + ( 1.0x * ( ( 0.111111111111x + 0.5x ) + ( 0.5x + 0.166666666667x ) ) ) ) ) )
Fitness = 10.5860857571
Worst Ind: ( ( ( 0.5y * ( 0.2y * ( ( 0.142857142857x + 0.2x ) + 0.333333333333y ) ) ) + ( 0.125x + 0.2y ) ) + ( ( 0.166666666667x + ( 0.333333333333y + ( ( 0.1y * 0.2y ) * 0.142857142857x ) ) ) + ( 0.333333333333y * 0.25y ) ) )
Fitness = 45.9201388889
Avg Fitness = 42.0325462514
Duplicated = 14
============================================================================
Evaluate Gen  13
New Population 435
Better than Dads 91
Best Ind: ( ( ( 0.142857142857x * ( ( ( 0.166666666667x * 0.142857142857x ) + ( 0.2y * 0.1x ) ) * 0.111111111111y ) ) + ( 0.166666666667y * 0.25y ) ) + ( 0.111111111111y + ( ( 0.1x * ( ( 0.166666666667x * 0.111111111111x ) + ( 0.5y + 0.333333333333x ) ) ) + ( 1.0x * ( ( 0.111111111111x + 0.5x ) + ( 0.5x + 0.166666666667x ) ) ) ) ) )
Fitness = 10.5860857571
Worst Ind: ( ( ( 0.111111111111x * 0.5x ) + 1.0y ) + ( ( 0.125y * ( ( 0.2y + 0.166666666667y ) + ( 0.125x + 0.125x ) ) ) + ( 1.0y * ( 0.166666666667x * 0.333333333333x ) ) ) )
Fitness = 45.6726232856
Avg Fitness = 41.1821950926
Duplicated = 15
============================================================================
Evaluate Gen  14
New Population 440
Better than Dads 85
Best Ind: ( ( ( 0.142857142857x * ( ( ( 0.166666666667x * 0.142857142857x ) + ( 0.2y * 0.1x ) ) * 0.111111111111y ) ) + ( 0.166666666667y * 0.25y ) ) + ( 0.111111111111y + ( ( 0.1x * ( ( 0.166666666667x * 0.111111111111x ) + ( 0.5y + 0.333333333333x ) ) ) + ( 1.0x * ( ( 0.111111111111x + 0.5x ) + ( 0.5x + 0.166666666667x ) ) ) ) ) )
Fitness = 10.5860857571
Worst Ind: ( ( ( 0.2y + 0.5x ) * 0.111111111111y ) + ( 0.142857142857y + ( ( 0.166666666667y + 0.333333333333x ) * 0.25x ) ) )
Fitness = 44.8614969136
Avg Fitness = 40.1646010925
Duplicated = 13
============================================================================
Evaluate Gen  15
New Population 427
Better than Dads 87
Best Ind: ( ( ( 0.142857142857x * ( ( ( 0.166666666667x * 0.142857142857x ) + ( 0.2y * 0.1x ) ) * 0.111111111111y ) ) + ( 0.166666666667y * 0.25y ) ) + ( 0.111111111111y + ( ( 0.1x * ( ( 0.166666666667x * 0.111111111111x ) + ( 0.5y + 0.333333333333x ) ) ) + ( 1.0x * ( ( 0.111111111111x + 0.5x ) + ( 0.5x + 0.166666666667x ) ) ) ) ) )
Fitness = 10.5860857571
Worst Ind: ( ( 0.25x * 0.125x ) + ( ( ( 0.5y * 0.142857142857y ) + 0.5x ) + ( ( ( 0.2x + ( 1.0y * 1.0y ) ) * 0.111111111111x ) + ( 0.166666666667x * 0.1y ) ) ) )
Fitness = 43.9499629206
Avg Fitness = 39.4184128594
Duplicated = 14
============================================================================
Evaluate Gen  16
New Population 428
Better than Dads 86
Best Ind: ( ( ( 0.142857142857x * ( ( ( 0.166666666667x * 0.142857142857x ) + ( 0.2y * 0.1x ) ) * 0.111111111111y ) ) + ( 0.166666666667y * 0.25y ) ) + ( 0.111111111111y + ( ( 0.1x * ( ( 0.166666666667x * 0.111111111111x ) + ( 0.5y + 0.333333333333x ) ) ) + ( 1.0x * ( ( 0.111111111111x + 0.5x ) + ( 0.5x + 0.166666666667x ) ) ) ) ) )
Fitness = 10.5860857571
Worst Ind: ( 0.333333333333x + ( ( ( 0.2x + ( 1.0y * 1.0y ) ) * 0.111111111111x ) + ( 0.111111111111y * 1.0y ) ) )
Fitness = 43.5555555556
Avg Fitness = 38.6517548877
Duplicated = 13
============================================================================
Evaluate Gen  17
New Population 431
Better than Dads 76
Best Ind: ( ( ( 0.142857142857x * ( ( ( 0.166666666667x * 0.142857142857x ) + ( 0.2y * 0.1x ) ) * 0.111111111111y ) ) + ( 0.166666666667y * 0.25y ) ) + ( 0.111111111111y + ( ( 0.1x * ( ( 0.166666666667x * 0.111111111111x ) + ( 0.5y + 0.333333333333x ) ) ) + ( 1.0x * ( ( 0.111111111111x + 0.5x ) + ( 0.5x + 0.166666666667x ) ) ) ) ) )
Fitness = 10.5860857571
Worst Ind: ( ( ( ( 0.142857142857y * 0.1x ) + 0.5y ) + 0.111111111111y ) * ( ( 0.125x + 0.25y ) + 0.166666666667x ) )
Fitness = 42.6528742284
Avg Fitness = 37.731370176
Duplicated = 16
============================================================================
Evaluate Gen  18
New Population 437
Better than Dads 89
Best Ind: ( ( ( 0.142857142857x * ( ( ( 0.166666666667x * 0.142857142857x ) + ( 0.2y * 0.1x ) ) * 0.111111111111y ) ) + ( 0.166666666667y * 0.25y ) ) + ( 0.111111111111y + ( ( 0.1x * ( ( 0.166666666667x * 0.111111111111x ) + ( 0.5y + 0.333333333333x ) ) ) + ( 1.0x * ( ( 0.111111111111x + 0.5x ) + ( 0.5x + 0.166666666667x ) ) ) ) ) )
Fitness = 10.5860857571
Worst Ind: ( ( ( 0.2y + 0.1y ) * ( ( 0.166666666667y * 0.1y ) * ( 0.25y + 0.166666666667x ) ) ) + ( ( ( ( 0.166666666667x * 0.2y ) + 0.5y ) * 0.333333333333y ) + 0.125x ) )
Fitness = 41.9709311252
Avg Fitness = 36.635058667
Duplicated = 16
============================================================================
Evaluate Gen  19
New Population 430
Better than Dads 85
Best Ind: ( ( ( 0.142857142857x * ( ( ( 0.166666666667x * 0.142857142857x ) + ( 0.2y * 0.1x ) ) * 0.111111111111y ) ) + ( 0.166666666667y * 0.25y ) ) + ( 0.111111111111y + ( ( 0.1x * ( ( 0.166666666667x * 0.111111111111x ) + ( 0.5y + 0.333333333333x ) ) ) + ( 1.0x * ( ( 0.111111111111x + 0.5x ) + ( 0.5x + 0.166666666667x ) ) ) ) ) )
Fitness = 10.5860857571
Worst Ind: ( ( ( 0.25x * 0.25x ) + ( ( ( 0.2x + 0.1x ) * ( ( 0.111111111111x + 0.25y ) + 0.25x ) ) * 0.111111111111x ) ) + ( 1.0y * 0.125y ) )
Fitness = 41.064453125
Avg Fitness = 35.7853213982
Duplicated = 16
============================================================================
Evaluate Gen  20
New Population 421
Better than Dads 73
Best Ind: ( ( ( 0.142857142857x * ( ( ( 0.166666666667x * 0.142857142857x ) + ( 0.2y * 0.1x ) ) * 0.111111111111y ) ) + ( 0.166666666667y * 0.25y ) ) + ( 0.111111111111y + ( ( 0.1x * ( ( 0.166666666667x * 0.111111111111x ) + ( 0.5y + 0.333333333333x ) ) ) + ( 1.0x * ( ( 0.111111111111x + 0.5x ) + ( 0.5x + 0.166666666667x ) ) ) ) ) )
Fitness = 10.5860857571
Worst Ind: ( ( ( ( 0.142857142857x + ( 0.2y * 0.25x ) ) + ( 0.2y * 0.2x ) ) + ( 0.25x * 0.111111111111x ) ) + ( 0.5x * ( ( ( 0.5x * ( 0.166666666667x + 0.25y ) ) + 0.2x ) + 0.166666666667x ) ) )
Fitness = 40.0015432099
Avg Fitness = 34.8362466892
Duplicated = 15
============================================================================
Evaluate Gen  21
New Population 440
Better than Dads 91
Best Ind: ( ( ( 0.142857142857x * ( ( ( 0.166666666667x * 0.142857142857x ) + ( 0.2y * 0.1x ) ) * 0.111111111111y ) ) + ( 0.166666666667y * 0.25y ) ) + ( 0.111111111111y + ( ( 0.1x * ( ( 0.166666666667x * 0.111111111111x ) + ( 0.5y + 0.333333333333x ) ) ) + ( 1.0x * ( ( 0.111111111111x + 0.5x ) + ( 0.5x + 0.166666666667x ) ) ) ) ) )
Fitness = 10.5860857571
Worst Ind: ( ( 0.142857142857y * 0.5y ) + ( 0.142857142857x * ( 0.166666666667x + ( 1.0x + ( 0.1y * ( 0.333333333333y * 0.333333333333y ) ) ) ) ) )
Fitness = 38.8038548753
Avg Fitness = 33.7471108684
Duplicated = 11
============================================================================
Evaluate Gen  22
New Population 428
Better than Dads 86
Best Ind: ( ( ( 0.142857142857x * ( ( ( 0.166666666667x * 0.142857142857x ) + ( 0.2y * 0.1x ) ) * 0.111111111111y ) ) + ( 0.166666666667y * 0.25y ) ) + ( 0.111111111111y + ( ( 0.1x * ( ( 0.166666666667x * 0.111111111111x ) + ( 0.5y + 0.333333333333x ) ) ) + ( 1.0x * ( ( 0.111111111111x + 0.5x ) + ( 0.5x + 0.166666666667x ) ) ) ) ) )
Fitness = 10.5860857571
Worst Ind: ( ( 1.0x * 0.125x ) + ( ( 0.125x * 0.5x ) + ( 0.5y * ( ( ( 0.166666666667y * 1.0y ) * ( 0.125x * 0.333333333333x ) ) + ( ( 0.166666666667x * 0.125y ) + 0.125y ) ) ) ) )
Fitness = 38.28125
Avg Fitness = 32.7941671193
Duplicated = 11
============================================================================
Evaluate Gen  23
New Population 419
Better than Dads 83
Best Ind: ( ( ( 0.142857142857x * ( ( ( 0.166666666667x * 0.142857142857x ) + ( 0.2y * 0.1x ) ) * 0.111111111111y ) ) + ( 0.166666666667y * 0.25y ) ) + ( 0.111111111111y + ( ( 0.1x * ( ( 0.166666666667x * 0.111111111111x ) + ( 0.5y + 0.333333333333x ) ) ) + ( 1.0x * ( ( 0.111111111111x + 0.5x ) + ( 0.5x + 0.166666666667x ) ) ) ) ) )
Fitness = 10.5860857571
Worst Ind: ( ( ( ( ( 0.5y * ( 0.5x + 0.25y ) ) + 0.111111111111x ) + ( 0.125y * 0.25y ) ) + ( 0.142857142857y + ( 0.25x * ( ( 0.2y * 0.5x ) + ( 0.25x * 0.125x ) ) ) ) ) + ( ( 0.166666666667y + ( ( 0.166666666667y * 1.0y ) + 0.5y ) ) + ( ( 0.125y + ( 1.0y + 0.333333333333x ) ) * 0.111111111111x ) ) )
Fitness = 37.5055714392
Avg Fitness = 31.7444878962
Duplicated = 11
============================================================================
Evaluate Gen  24
New Population 429
Better than Dads 85
Best Ind: ( ( ( 0.142857142857x * ( ( ( 0.166666666667x * 0.142857142857x ) + ( 0.2y * 0.1x ) ) * 0.111111111111y ) ) + ( 0.166666666667y * 0.25y ) ) + ( 0.111111111111y + ( ( 0.1x * ( ( 0.166666666667x * 0.111111111111x ) + ( 0.5y + 0.333333333333x ) ) ) + ( 1.0x * ( ( 0.111111111111x + 0.5x ) + ( 0.5x + 0.166666666667x ) ) ) ) ) )
Fitness = 10.5860857571
Worst Ind: ( ( ( 0.333333333333y * 0.125y ) + ( 0.25y + 0.5y ) ) + ( 0.25x * 1.0x ) )
Fitness = 36.4800347222
Avg Fitness = 30.5666439791
Duplicated = 17
============================================================================
Evaluate Gen  25
New Population 424
Better than Dads 89
Best Ind: ( ( ( 0.142857142857x * ( ( ( 0.166666666667x * 0.142857142857x ) + ( 0.2y * 0.1x ) ) * 0.111111111111y ) ) + ( 0.166666666667y * 0.25y ) ) + ( 0.111111111111y + ( ( 0.1x * ( ( 0.166666666667x * 0.111111111111x ) + ( 0.5y + 0.333333333333x ) ) ) + ( 1.0x * ( ( 0.111111111111x + 0.5x ) + ( 0.5x + 0.166666666667x ) ) ) ) ) )
Fitness = 10.5860857571
Worst Ind: ( ( ( 0.5y + 0.125y ) + ( ( 0.5x * ( ( 0.333333333333x + 0.1y ) + 0.166666666667x ) ) + ( ( 0.1x + 0.125y ) * 0.25x ) ) ) * 0.5y )
Fitness = 35.595703125
Avg Fitness = 29.4554689354
Duplicated = 22
============================================================================
Evaluate Gen  26
New Population 439
Better than Dads 104
Best Ind: ( ( ( 0.142857142857x * ( ( ( 0.166666666667x * 0.142857142857x ) + ( 0.2y * 0.1x ) ) * 0.111111111111y ) ) + ( 0.166666666667y * 0.25y ) ) + ( 0.111111111111y + ( ( 0.1x * ( ( 0.166666666667x * 0.111111111111x ) + ( 0.5y + 0.333333333333x ) ) ) + ( 1.0x * ( ( 0.111111111111x + 0.5x ) + ( 0.5x + 0.166666666667x ) ) ) ) ) )
Fitness = 10.5860857571
Worst Ind: ( ( ( ( 0.333333333333y + 0.2x ) * 0.2y ) * 0.333333333333x ) + ( ( ( 0.333333333333y + 0.25x ) * ( 0.25x + ( 1.0x + 0.125x ) ) ) + 0.2y ) )
Fitness = 34.2895507813
Avg Fitness = 28.4900744171
Duplicated = 22
============================================================================
Evaluate Gen  27
New Population 419
Better than Dads 91
Best Ind: ( ( ( 0.142857142857x * ( ( ( 0.166666666667x * 0.142857142857x ) + ( 0.2y * 0.1x ) ) * 0.111111111111y ) ) + ( 0.166666666667y * 0.25y ) ) + ( 0.111111111111y + ( ( 0.1x * ( ( 0.166666666667x * 0.111111111111x ) + ( 0.5y + 0.333333333333x ) ) ) + ( 1.0x * ( ( 0.111111111111x + 0.5x ) + ( 0.5x + 0.166666666667x ) ) ) ) ) )
Fitness = 10.5860857571
Worst Ind: ( ( ( ( ( ( 0.166666666667x + 0.25y ) * 1.0x ) + 0.5x ) + ( 0.333333333333y * ( 0.2y + 0.1x ) ) ) + 0.1x ) + ( ( ( 0.2x + ( 1.0y * 1.0y ) ) * 0.111111111111x ) + ( 0.111111111111y * 1.0y ) ) )
Fitness = 33.3472222222
Avg Fitness = 27.6687565096
Duplicated = 18
============================================================================
Evaluate Gen  28
New Population 432
Better than Dads 85
Best Ind: ( ( ( 0.142857142857x * ( ( ( 0.166666666667x * 0.142857142857x ) + ( 0.2y * 0.1x ) ) * 0.111111111111y ) ) + ( 0.166666666667y * 0.25y ) ) + ( 0.111111111111y + ( ( 0.1x * ( ( 0.166666666667x * 0.111111111111x ) + ( 0.5y + 0.333333333333x ) ) ) + ( 1.0x * ( ( 0.111111111111x + 0.5x ) + ( 0.5x + 0.166666666667x ) ) ) ) ) )
Fitness = 10.5860857571
Worst Ind: ( 1.0y + ( ( 0.142857142857y + ( ( ( 0.2y * 0.333333333333y ) + 0.333333333333x ) + 0.2x ) ) * ( 0.111111111111y + ( 0.111111111111x + ( 0.5x + ( 0.1y + 0.2x ) ) ) ) ) )
Fitness = 31.7873710373
Avg Fitness = 26.3843816135
Duplicated = 21
============================================================================
Evaluate Gen  29
New Population 425
Better than Dads 86
Best Ind: ( ( ( ( ( 0.25x + 0.333333333333y ) + ( ( 0.125y + 0.333333333333y ) + 0.142857142857y ) ) + 0.2y ) * ( 1.0y + ( ( ( 1.0x + 0.25y ) * 1.0y ) * 1.0x ) ) ) + ( ( ( 0.142857142857x + ( 0.333333333333y + 1.0x ) ) + 0.125x ) * 0.333333333333x ) )
Fitness = 4.69290620066
Worst Ind: ( ( 0.25y + ( ( 0.5y + ( 0.1x * ( 0.1x * 0.333333333333y ) ) ) * ( ( 0.2y + 0.5y ) + ( 0.1y * 1.0x ) ) ) ) + ( 0.142857142857y + ( ( 0.166666666667y + 0.333333333333x ) * 0.25x ) ) )
Fitness = 30.6577125868
Avg Fitness = 25.4289522389
Duplicated = 17
============================================================================
Evaluate Gen  30
New Population 421
Better than Dads 83
Best Ind: ( ( ( ( ( 0.25x + 0.333333333333y ) + ( ( 0.125y + 0.333333333333y ) + 0.142857142857y ) ) + 0.2y ) * ( 1.0y + ( ( ( 1.0x + 0.25y ) * 1.0y ) * 1.0x ) ) ) + ( ( ( 0.142857142857x + ( 0.333333333333y + 1.0x ) ) + 0.125x ) * 0.333333333333x ) )
Fitness = 4.69290620066
Worst Ind: ( ( ( ( 0.2y * ( 0.1y + 0.333333333333x ) ) + 0.5y ) + 0.333333333333x ) * ( 0.2x + ( 1.0x + 0.111111111111y ) ) )
Fitness = 29.8163580247
Avg Fitness = 24.6594516633
Duplicated = 15
============================================================================
Evaluate Gen  31
New Population 427
Better than Dads 94
Best Ind: ( ( ( ( ( 0.25x + 0.333333333333y ) + ( ( 0.125y + 0.333333333333y ) + 0.142857142857y ) ) + 0.2y ) * ( 1.0y + ( ( ( 1.0x + 0.25y ) * 1.0y ) * 1.0x ) ) ) + ( ( ( 0.142857142857x + ( 0.333333333333y + 1.0x ) ) + 0.125x ) * 0.333333333333x ) )
Fitness = 4.69290620066
Worst Ind: ( ( ( ( ( ( 0.166666666667x + 0.25y ) * 1.0x ) + 0.5x ) + ( 0.333333333333y * ( 0.2y + 0.1x ) ) ) + ( 0.5y * ( ( 0.2y * 0.5x ) + 0.25y ) ) ) + ( ( ( 0.2x + ( 1.0y * 1.0y ) ) * 0.111111111111x ) + ( 0.111111111111y * 1.0y ) ) )
Fitness = 28.4383680556
Avg Fitness = 23.7297056556
Duplicated = 15
============================================================================
Evaluate Gen  32
New Population 432
Better than Dads 94
Best Ind: ( ( ( ( ( 0.25x + 0.333333333333y ) + ( ( 0.125y + 0.333333333333y ) + 0.142857142857y ) ) + 0.2y ) * ( 1.0y + ( ( ( 1.0x + 0.25y ) * 1.0y ) * 1.0x ) ) ) + ( ( ( 0.142857142857x + ( 0.333333333333y + 1.0x ) ) + 0.125x ) * 0.333333333333x ) )
Fitness = 4.69290620066
Worst Ind: ( ( ( ( ( 0.166666666667y * 0.142857142857y ) + 0.5y ) + ( 0.1y * 1.0x ) ) * 1.0y ) + ( 0.166666666667x * 0.125y ) )
Fitness = 28.125
Avg Fitness = 22.7703261616
Duplicated = 13
============================================================================
Evaluate Gen  33
New Population 432
Better than Dads 81
Best Ind: ( ( ( ( ( 0.25x + 0.333333333333y ) + ( ( 0.125y + 0.333333333333y ) + 0.142857142857y ) ) + 0.2y ) * ( 1.0y + ( ( ( 1.0x + 0.25y ) * 1.0y ) * 1.0x ) ) ) + ( ( ( 0.142857142857x + ( 0.333333333333y + 1.0x ) ) + 0.125x ) * 0.333333333333x ) )
Fitness = 4.69290620066
Worst Ind: ( ( ( ( 1.0x + ( ( 0.25x * 0.333333333333y ) + 0.125x ) ) * 0.333333333333x ) + ( 0.333333333333y * 0.5y ) ) + ( 0.2y + 0.142857142857y ) )
Fitness = 26.5842013889
Avg Fitness = 21.5593955569
Duplicated = 14
============================================================================
Evaluate Gen  34
New Population 428
Better than Dads 87
Best Ind: ( ( ( ( ( 0.25x + 0.333333333333y ) + ( ( 0.125y + 0.333333333333y ) + 0.142857142857y ) ) + 0.2y ) * ( 1.0y + ( ( ( 1.0x + 0.25y ) * 1.0y ) * 1.0x ) ) ) + ( ( ( 0.142857142857x + ( 0.333333333333y + 1.0x ) ) + 0.125x ) * 0.333333333333x ) )
Fitness = 4.69290620066
Worst Ind: ( ( ( ( ( 0.5x * 0.5x ) + ( 0.333333333333y * 0.333333333333y ) ) + ( ( 0.2y * ( 1.0y + 0.5x ) ) + 0.125x ) ) + 0.25x ) + 0.1y )
Fitness = 25.8800154321
Avg Fitness = 20.639493234
Duplicated = 14
============================================================================
Evaluate Gen  35
New Population 424
Better than Dads 88
Best Ind: ( ( ( ( ( 0.25x + 0.333333333333y ) + ( ( 0.125y + 0.333333333333y ) + 0.142857142857y ) ) + 0.2y ) * ( 1.0y + ( ( ( 1.0x + 0.25y ) * 1.0y ) * 1.0x ) ) ) + ( ( ( 0.142857142857x + ( 0.333333333333y + 1.0x ) ) + 0.125x ) * 0.333333333333x ) )
Fitness = 4.69290620066
Worst Ind: ( ( ( 0.25x * ( ( 0.333333333333x + 0.142857142857y ) + 1.0x ) ) + ( 0.142857142857y + ( 0.125y * ( ( 0.2y * 0.5x ) + ( 0.5x * 1.0y ) ) ) ) ) + ( 0.25x * 1.0x ) )
Fitness = 25.0868055556
Avg Fitness = 19.8099160668
Duplicated = 12
============================================================================
Evaluate Gen  36
New Population 426
Better than Dads 89
Best Ind: ( ( ( ( ( 0.5x + 0.25y ) + ( ( 0.25y + 0.111111111111x ) + 1.0x ) ) + ( 0.333333333333x + ( 0.1x + 0.2y ) ) ) * ( ( 0.125x + 0.25x ) + 0.166666666667x ) ) + ( ( 1.0y * 1.0y ) + ( 0.25x + 0.2x ) ) )
Fitness = 4.10891220386
Worst Ind: ( ( ( ( 0.142857142857y + 0.5x ) + ( ( 0.142857142857y * 0.111111111111x ) + 0.5x ) ) * 0.5x ) + ( 0.111111111111y * 1.0y ) )
Fitness = 24.112654321
Avg Fitness = 18.79169669
Duplicated = 7
============================================================================
Evaluate Gen  37
New Population 429
Better than Dads 82
Best Ind: ( ( 0.333333333333y * ( 0.111111111111x + ( ( ( 0.142857142857y * 0.25x ) + ( 0.25x + 0.25y ) ) + ( 0.5y * ( 0.142857142857y + 0.111111111111x ) ) ) ) ) + ( ( ( ( 0.5x * ( 1.0x + 0.125y ) ) + ( 0.333333333333y * 0.333333333333y ) ) + ( 0.2y * 0.25y ) ) + ( ( ( 0.333333333333y + 0.5y ) + ( 0.1y * 1.0x ) ) * 1.0y ) ) )
Fitness = 3.00399755745
Worst Ind: ( ( ( 0.333333333333x * 0.25x ) + ( ( 1.0x + ( 1.0x * 0.125y ) ) * ( 0.142857142857x + 0.2x ) ) ) + ( ( 0.1y * 0.25y ) + ( ( ( 0.5y * ( 0.5x + 0.25y ) ) + 0.333333333333x ) + ( 0.5y * ( 0.142857142857y + 0.111111111111x ) ) ) ) )
Fitness = 22.8616780045
Avg Fitness = 17.616179181
Duplicated = 6
============================================================================
Evaluate Gen  38
New Population 423
Better than Dads 92
Best Ind: ( ( 0.333333333333y * ( 0.111111111111x + ( ( ( 0.142857142857y * 0.25x ) + ( 0.25x + 0.25y ) ) + ( 0.5y * ( 0.142857142857y + 0.111111111111x ) ) ) ) ) + ( ( ( ( 0.5x * ( 1.0x + 0.125y ) ) + ( 0.333333333333y * 0.333333333333y ) ) + ( 0.2y * 0.25y ) ) + ( ( ( 0.333333333333y + 0.5y ) + ( 0.1y * 1.0x ) ) * 1.0y ) ) )
Fitness = 3.00399755745
Worst Ind: ( ( ( 0.111111111111x + 0.166666666667x ) + ( ( 0.111111111111y + 0.2x ) + ( ( 0.111111111111y + 0.333333333333x ) + 0.333333333333x ) ) ) * ( 0.333333333333x + 0.25x ) )
Fitness = 22.1913687414
Avg Fitness = 16.7848323826
Duplicated = 4
============================================================================
Evaluate Gen  39
New Population 419
Better than Dads 82
Best Ind: ( ( 0.333333333333y * ( 0.111111111111x + ( ( ( 0.142857142857y * 0.25x ) + ( 0.25x + 0.25y ) ) + ( 0.5y * ( 0.142857142857y + 0.111111111111x ) ) ) ) ) + ( ( ( ( 0.5x * ( 1.0x + 0.125y ) ) + ( 0.333333333333y * 0.333333333333y ) ) + ( 0.2y * 0.25y ) ) + ( ( ( 0.333333333333y + 0.5y ) + ( 0.1y * 1.0x ) ) * 1.0y ) ) )
Fitness = 3.00399755745
Worst Ind: ( ( ( 0.5y * ( ( 0.5y + ( 0.5x * 0.5x ) ) + ( 1.0y + 0.111111111111y ) ) ) + 1.0x ) + ( 0.5y * ( 0.142857142857y + 0.111111111111x ) ) )
Fitness = 20.7359558964
Avg Fitness = 15.9083511789
Duplicated = 5
============================================================================
Evaluate Gen  40
New Population 441
Better than Dads 110
Best Ind: ( ( 0.333333333333y * ( 0.111111111111x + ( ( ( 0.142857142857y * 0.25x ) + ( 0.25x + 0.25y ) ) + ( 0.5y * ( 0.142857142857y + 0.111111111111x ) ) ) ) ) + ( ( ( ( 0.5x * ( 1.0x + 0.125y ) ) + ( 0.333333333333y * 0.333333333333y ) ) + ( 0.2y * 0.25y ) ) + ( ( ( 0.333333333333y + 0.5y ) + ( 0.1y * 1.0x ) ) * 1.0y ) ) )
Fitness = 3.00399755745
Worst Ind: ( ( ( 0.25x * ( ( 0.333333333333x + 0.142857142857y ) + 1.0x ) ) + ( 0.333333333333y * ( 0.111111111111x + 0.5y ) ) ) + ( 0.25x * 1.0x ) )
Fitness = 19.53125
Avg Fitness = 15.2365293059
Duplicated = 7
============================================================================
Evaluate Gen  41
New Population 435
Better than Dads 102
Best Ind: ( ( 0.333333333333y * ( 0.111111111111x + ( ( ( 0.142857142857y * 0.25x ) + ( 0.25x + 0.25y ) ) + ( 0.5y * ( 0.142857142857y + 0.111111111111x ) ) ) ) ) + ( ( ( ( 0.5x * ( 1.0x + 0.125y ) ) + ( 0.333333333333y * 0.333333333333y ) ) + ( 0.2y * 0.25y ) ) + ( ( ( 0.333333333333y + 0.5y ) + ( 0.1y * 1.0x ) ) * 1.0y ) ) )
Fitness = 3.00399755745
Worst Ind: ( ( ( 0.5y + 1.0x ) * ( ( 0.2y * ( 0.333333333333y * 0.5y ) ) + 0.5y ) ) + ( 0.5y * ( ( ( 1.0y + 0.5x ) + ( 0.166666666667y + 0.5x ) ) + 0.111111111111x ) ) )
Fitness = 18.2409328838
Avg Fitness = 14.5958555247
Duplicated = 8
============================================================================
Evaluate Gen  42
New Population 438
Better than Dads 113
Best Ind: ( ( 0.333333333333y * ( 0.111111111111x + ( ( ( 0.142857142857y * 0.25x ) + ( 0.25x + 0.25y ) ) + ( 0.5y * ( 0.142857142857y + 0.111111111111x ) ) ) ) ) + ( ( ( ( 0.5x * ( 1.0x + 0.125y ) ) + ( 0.333333333333y * 0.333333333333y ) ) + ( 0.2y * 0.25y ) ) + ( ( ( 0.333333333333y + 0.5y ) + ( 0.1y * 1.0x ) ) * 1.0y ) ) )
Fitness = 3.00399755745
Worst Ind: ( ( ( 0.1y + 0.5x ) + ( 1.0y * 1.0y ) ) + ( ( ( 0.166666666667x * 0.125y ) + 0.125y ) + 0.2x ) )
Fitness = 17.2647447112
Avg Fitness = 14.1999265387
Duplicated = 7
============================================================================
Evaluate Gen  43
New Population 436
Better than Dads 100
Best Ind: ( ( 0.333333333333y * ( 0.111111111111x + ( ( ( 0.142857142857y * 0.25x ) + ( 0.25x + 0.25y ) ) + ( 0.5y * ( 0.142857142857y + 0.111111111111x ) ) ) ) ) + ( ( ( ( 0.5x * ( 1.0x + 0.125y ) ) + ( 0.333333333333y * 0.333333333333y ) ) + ( 0.2y * 0.25y ) ) + ( ( ( 0.333333333333y + 0.5y ) + ( 0.1y * 1.0x ) ) * 1.0y ) ) )
Fitness = 3.00399755745
Worst Ind: ( ( 0.142857142857y + ( ( ( 0.2y * 0.333333333333y ) + 0.333333333333x ) + ( ( 0.5x * ( 0.5x * 1.0x ) ) + 0.25x ) ) ) * ( 0.5y + ( 1.0x + ( 0.111111111111y * 0.111111111111y ) ) ) )
Fitness = 16.7366071489
Avg Fitness = 13.6545578556
Duplicated = 6
============================================================================
Evaluate Gen  44
New Population 444
Better than Dads 120
Best Ind: ( ( 0.333333333333y * ( 0.111111111111x + ( ( ( 0.142857142857y * 0.25x ) + ( 0.25x + 0.25y ) ) + ( 0.5y * ( 0.142857142857y + 0.111111111111x ) ) ) ) ) + ( ( ( ( 0.5x * ( 1.0x + 0.125y ) ) + ( 0.333333333333y * 0.333333333333y ) ) + ( 0.2y * 0.25y ) ) + ( ( ( 0.333333333333y + 0.5y ) + ( 0.1y * 1.0x ) ) * 1.0y ) ) )
Fitness = 3.00399755745
Worst Ind: ( ( ( ( 0.142857142857y * 0.142857142857y ) + 0.5y ) + ( ( ( 1.0y + ( 0.5x * 1.0x ) ) + ( 0.166666666667y + ( 0.25x * 0.125x ) ) ) + ( 0.111111111111x + 0.2y ) ) ) * ( ( ( ( 0.111111111111x + 0.5y ) + ( 0.1y * 1.0x ) ) * ( 0.111111111111y * 1.0y ) ) + ( ( 0.25y + 0.5y ) + 0.111111111111y ) ) )
Fitness = 15.9987135226
Avg Fitness = 13.2163159886
Duplicated = 8
============================================================================
Evaluate Gen  45
New Population 434
Better than Dads 100
Best Ind: ( ( ( 0.5x * 0.333333333333y ) + ( 0.125x + ( 1.0y * 1.0y ) ) ) + ( 1.0x * 1.0x ) )
Fitness = 0.344229839498
Worst Ind: ( ( ( ( 0.142857142857y * 1.0y ) + ( 0.25x + 0.25y ) ) + ( ( ( 1.0y + ( 0.5x * 1.0x ) ) + ( 0.166666666667y + ( 0.25x * 0.125x ) ) ) + 0.333333333333y ) ) * ( ( ( ( 0.111111111111x + 0.5y ) + ( 0.1y * 1.0x ) ) * ( 0.111111111111y * 1.0y ) ) + ( ( 0.25y + 0.5y ) + 0.111111111111y ) ) )
Fitness = 15.2051423342
Avg Fitness = 12.7859355296
Duplicated = 10
============================================================================
Evaluate Gen  46
New Population 429
Better than Dads 99
Best Ind: ( ( ( 0.5x * 0.333333333333y ) + ( 0.125x + ( 1.0y * 1.0y ) ) ) + ( 1.0x * 1.0x ) )
Fitness = 0.344229839498
Worst Ind: ( ( ( 0.5x + ( 0.333333333333y + ( 0.1y * 1.0x ) ) ) + ( 0.111111111111x + ( 0.5x + ( 0.1y + 0.2x ) ) ) ) * ( 0.2x + ( 1.0x + ( 0.111111111111y * 0.111111111111y ) ) ) )
Fitness = 14.9082501403
Avg Fitness = 12.4860959855
Duplicated = 11
============================================================================
Evaluate Gen  47
New Population 431
Better than Dads 103
Best Ind: ( ( ( 0.5x * 0.333333333333y ) + ( 0.125x + ( 1.0y * 1.0y ) ) ) + ( 1.0x * 1.0x ) )
Fitness = 0.344229839498
Worst Ind: ( ( ( 0.1y + ( 0.2x * ( ( 0.166666666667x * 0.1y ) + 0.111111111111x ) ) ) + ( 1.0y * 1.0y ) ) + ( ( ( 0.166666666667x * 0.125y ) + 0.125y ) + 0.2x ) )
Fitness = 14.4201393129
Avg Fitness = 12.1952620994
Duplicated = 11
============================================================================
Evaluate Gen  48
New Population 441
Better than Dads 114
Best Ind: ( ( ( 0.5x * 0.333333333333y ) + ( 0.125x + ( 1.0y * 1.0y ) ) ) + ( 1.0x * 1.0x ) )
Fitness = 0.344229839498
Worst Ind: ( ( 0.333333333333x + 1.0x ) * ( 0.2x + ( 1.0x + ( 0.111111111111y * 0.111111111111y ) ) ) )
Fitness = 13.8124468086
Avg Fitness = 11.9742251449
Duplicated = 10
============================================================================
Evaluate Gen  49
New Population 435
Better than Dads 108
Best Ind: ( ( ( 0.5x * 0.333333333333y ) + ( 0.125x + ( 1.0y * 1.0y ) ) ) + ( 1.0x * 1.0x ) )
Fitness = 0.344229839498
Worst Ind: ( ( 0.125x + ( 1.0y * 1.0y ) ) + ( 0.5y * ( 1.0x + 0.111111111111x ) ) )
Fitness = 13.4136587383
Avg Fitness = 11.8093240781
Duplicated = 13
============================================================================
Evaluate Gen  50
New Population 429
Better than Dads 104
Best Ind: ( ( ( 0.5x * 0.333333333333y ) + ( 0.125x + ( 1.0y * 1.0y ) ) ) + ( 1.0x * 1.0x ) )
Fitness = 0.344229839498
Worst Ind: ( ( ( 0.166666666667x + ( ( 0.333333333333x * 0.125y ) + 0.125y ) ) + ( 0.333333333333x + ( 0.166666666667y + 1.0x ) ) ) * ( 1.0x + 0.125y ) )
Fitness = 13.154683223
Avg Fitness = 11.6616284164
Duplicated = 13
