dataset_file= dataset/SR_circle.txt
population= 300
generations= 100
tournament_size= 2
cross_over= 0.6
mutation= 0.3
elitism= True
(50, 2)
============================================================================
Build initial population
ind: 1
( ( 6y - ( ( 45.0 + 4x ) + 8y ) ) - 46.0 )
ind: 2
( 87.0 * ( ( ( ( ( 3x - 3x ) - ( 8y - 4x ) ) - ( 8y + ( 84.0 - 7x ) ) ) * ( 63.0 + ( 70.0 + 2x ) ) ) - ( 45.0 - ( ( 8x * 12.0 ) * ( 93.0 * 21.0 ) ) ) ) )
ind: 3
( ( ( ( ( ( 18.0 * 19.0 ) + ( 6y + 4x ) ) + 69.0 ) - 1x ) - ( ( ( 6y + ( 61.0 - 5x ) ) * ( ( 1y - 42.0 ) - ( 9x * 5y ) ) ) * 2y ) ) + 56.0 )
ind: 4
( ( ( 60.0 * ( ( ( 9x + 28.0 ) + ( 90.0 * 13.0 ) ) + ( 30.0 - ( 8x + 8y ) ) ) ) * 57.0 ) + ( 61.0 + ( 6x + ( ( 62.0 * ( 94.0 * 4y ) ) * ( ( 54.0 - 45.0 ) * 8y ) ) ) ) )
ind: 5
( 48.0 * ( ( 13.0 - ( 71.0 * 8y ) ) - ( ( ( ( 77.0 - 5y ) * ( 8y * 2x ) ) - ( 3x - ( 4x + 38.0 ) ) ) * ( 52.0 - 9y ) ) ) )
ind: 6
( 4x * ( ( ( ( ( 9y + 1y ) - ( 6y + 5y ) ) - 75.0 ) - 90.0 ) * ( ( ( 8x * 17.0 ) - 70.0 ) + 53.0 ) ) )
ind: 7
( 4x - ( 8x + ( ( 28.0 + ( ( 3y - 66.0 ) + ( 1y * 9x ) ) ) + ( 9x + 2x ) ) ) )
ind: 8
( 5y - ( 4y + ( ( 6y - 6x ) - 75.0 ) ) )
ind: 9
( ( 57.0 * ( 10x + ( 9x - ( ( 33.0 - 5x ) - 35.0 ) ) ) ) * ( 5y * ( ( 4y + 10y ) - ( 3x + 3x ) ) ) )
ind: 10
( ( ( ( ( 79.0 + 33.0 ) - ( ( 86.0 - 9.0 ) * ( 63.0 + 6y ) ) ) - ( ( ( 6.0 * 17.0 ) - ( 3y - 6x ) ) - 3y ) ) + ( 3y - ( ( 26.0 * 10y ) + ( 10y + 1y ) ) ) ) + ( ( 6y - 78.0 ) * ( ( 9y - ( 2x + 10y ) ) + ( 3y * ( ( 1y * 8y ) - 6.0 ) ) ) ) )
ind: 11
( ( 8y - ( 14.0 - ( ( 21.0 * ( 46.0 - 91.0 ) ) - ( 3y * ( 98.0 + 55.0 ) ) ) ) ) - ( ( 76.0 + ( ( 9x * ( 70.0 * 4x ) ) - 71.0 ) ) - 3.0 ) )
ind: 12
( 9y - ( 4y - ( 89.0 - ( 63.0 + ( ( 27.0 * 6x ) + ( 27.0 + 8x ) ) ) ) ) )
ind: 13
( ( ( ( ( 40.0 * 28.0 ) + ( ( 8x * 50.0 ) * 21.0 ) ) - ( 6.0 - ( ( 30.0 - 1x ) + ( 87.0 + 10x ) ) ) ) + ( 9x * ( ( 1x - ( 80.0 - 85.0 ) ) - ( 34.0 * ( 8y - 9x ) ) ) ) ) - 6y )
ind: 14
( 92.0 + ( ( 1y + ( ( ( 7y - 99.0 ) * ( 6x - 7x ) ) + 5y ) ) + ( 43.0 + ( ( ( 2y - 10x ) * 49.0 ) - ( 10y + ( 10y - 26.0 ) ) ) ) ) )
ind: 15
( 7x * 7y )
ind: 16
( ( ( ( 7.0 - ( ( 40.0 + 6y ) - ( 8x - 1x ) ) ) + 66.0 ) + 75.0 ) - ( 37.0 - ( ( 3x + ( ( 3y + 1x ) - ( 93.0 * 28.0 ) ) ) + 10x ) ) )
ind: 17
( ( 9y - ( 4y + 6x ) ) - 99.0 )
ind: 18
( ( 38.0 - ( 5x - 74.0 ) ) - ( 6x + ( 9y + 6x ) ) )
ind: 19
( ( ( 2x * ( 51.0 - 2x ) ) + 51.0 ) - ( ( ( ( ( 35.0 * 13.0 ) * 10y ) - ( ( 81.0 * 6y ) - 23.0 ) ) - ( ( ( 4y + 46.0 ) + 9x ) - ( ( 33.0 - 8y ) + ( 56.0 - 83.0 ) ) ) ) + 3x ) )
ind: 20
( ( 10y - ( ( 87.0 + 62.0 ) * 83.0 ) ) + 5x )
ind: 21
( ( ( ( 84.0 + 4.0 ) + ( ( ( 84.0 + 90.0 ) * ( 6x * 5.0 ) ) + ( 4x - ( 66.0 - 10y ) ) ) ) + ( 17.0 * 26.0 ) ) + 3y )
ind: 22
( ( ( 10.0 - ( ( ( 2y * 32.0 ) + 5.0 ) * ( ( 90.0 - 1y ) - ( 1y - 54.0 ) ) ) ) + 8x ) + ( ( ( 9x + 11.0 ) - ( ( 97.0 + ( 58.0 + 10y ) ) + 6y ) ) * ( 88.0 * ( 1x + 7.0 ) ) ) )
ind: 23
( ( 9y + 10x ) + ( 8y - ( 1y - ( ( 83.0 * 4y ) * 73.0 ) ) ) )
ind: 24
( 28.0 + ( ( ( 76.0 - 7.0 ) + 15.0 ) - ( ( 5x - 5y ) - 20.0 ) ) )
ind: 25
( ( ( ( 10.0 * ( 7y + ( 9x - 5y ) ) ) + 23.0 ) - ( 51.0 - 7y ) ) + ( ( ( ( 4x + 7x ) - 9x ) - 57.0 ) * ( ( 23.0 - 74.0 ) - 30.0 ) ) )
ind: 26
( 6y * ( 3y + ( ( ( 8x * ( 5x + 92.0 ) ) - ( ( 42.0 + 8y ) - 10y ) ) * 55.0 ) ) )
ind: 27
( ( ( ( 8y - 46.0 ) * 2x ) - ( 59.0 * ( ( 6x + ( 35.0 + 6x ) ) - ( 4x * 5y ) ) ) ) - ( ( ( ( 70.0 - 8x ) + ( ( 7x - 15.0 ) - 5x ) ) + 60.0 ) - ( 6.0 * 5x ) ) )
ind: 28
( 13.0 - ( ( 16.0 - 32.0 ) - ( 7y - ( 9.0 - ( ( 34.0 * 2x ) + 10y ) ) ) ) )
ind: 29
( 5x - ( 6x * 7y ) )
ind: 30
( 85.0 - ( ( 10x + ( 15.0 - 11.0 ) ) + ( 7x + ( 9y + ( ( 9x * 1y ) - ( 60.0 + 9y ) ) ) ) ) )
ind: 31
( 9x + ( 5y * 65.0 ) )
ind: 32
( ( 75.0 - ( ( 7y * ( ( 77.0 * 8y ) * ( 8x - 9x ) ) ) * ( ( ( 65.0 * 3y ) - 2.0 ) + ( ( 24.0 - 6y ) * 36.0 ) ) ) ) + ( ( 3y + 48.0 ) * ( ( ( 44.0 * 5x ) * ( ( 4y + 22.0 ) + ( 8x + 4y ) ) ) + ( 10x * ( 9y * ( 6.0 * 99.0 ) ) ) ) ) )
ind: 33
( ( ( 43.0 - 76.0 ) + ( 6.0 * 75.0 ) ) * ( 2x - 1y ) )
ind: 34
( ( ( ( 87.0 + ( ( 9x + 6x ) * 2x ) ) - ( ( ( 9.0 * 42.0 ) - 4x ) + ( ( 14.0 - 8y ) * ( 10y + 5y ) ) ) ) - ( ( 44.0 - ( 10y * 4x ) ) + 9y ) ) - 7y )
ind: 35
( ( ( ( 99.0 * 6x ) + ( 4x * ( ( 41.0 * 5y ) * 1y ) ) ) + ( ( 11.0 * ( 56.0 * ( 7x * 7y ) ) ) - 5y ) ) + ( ( ( ( 75.0 - ( 9x * 8x ) ) + ( ( 24.0 - 30.0 ) * 76.0 ) ) + 10y ) * ( ( ( ( 8.0 * 5y ) - 7.0 ) - 30.0 ) + 66.0 ) ) )
ind: 36
( ( ( 8x * 10x ) - 4y ) - 25.0 )
ind: 37
( 7x + ( ( ( 6x * 71.0 ) - ( 7y * ( 5y - 15.0 ) ) ) - 8.0 ) )
ind: 38
( ( ( ( ( 4x * ( 43.0 - 7y ) ) + 5y ) * 20.0 ) * 10x ) + 54.0 )
ind: 39
( 10y - ( 99.0 - ( ( 1x * ( 7x - ( 1x - 1x ) ) ) - 23.0 ) ) )
ind: 40
( ( ( 9y + 86.0 ) + 10y ) - ( ( 9x + 58.0 ) + ( ( 40.0 + ( 2.0 + 3y ) ) - ( ( ( 39.0 + 69.0 ) * 2y ) + 3x ) ) ) )
ind: 41
( ( 42.0 + ( ( 6y + ( ( 58.0 * 7y ) * 3y ) ) * 6x ) ) * 27.0 )
ind: 42
( 7x - ( ( ( ( 2x - ( 3x * 88.0 ) ) * ( ( 6x * 1y ) + 75.0 ) ) + 11.0 ) - ( 30.0 * 2y ) ) )
ind: 43
( ( 8x * ( 1y * 8y ) ) * ( 1y - ( 4y + 4y ) ) )
ind: 44
( ( ( ( ( 4x * 21.0 ) + ( 36.0 + ( 51.0 + 4x ) ) ) - ( ( ( 100.0 + 5y ) + ( 10x - 9y ) ) + 5x ) ) + ( 6y - 10y ) ) - 5x )
ind: 45
( ( ( ( 3x * ( ( 45.0 * 100.0 ) - ( 60.0 + 12.0 ) ) ) * ( 86.0 * ( 57.0 - ( 61.0 + 82.0 ) ) ) ) - 7y ) + ( ( 5x * 10y ) + ( ( 1x * 7x ) * ( ( 87.0 + 10x ) * ( ( 8x * 7y ) + ( 69.0 * 87.0 ) ) ) ) ) )
ind: 46
( ( 15.0 - 8y ) * 7x )
ind: 47
( ( 3x + ( ( 5y - ( ( 80.0 * 31.0 ) + ( 47.0 + 6x ) ) ) * ( ( 100.0 - ( 8x + 92.0 ) ) * ( 40.0 * ( 10y * 9y ) ) ) ) ) * ( 35.0 * 3x ) )
ind: 48
( 9y * ( ( ( 57.0 - ( 75.0 * ( 33.0 * 30.0 ) ) ) * ( ( 2.0 - 2x ) + 4x ) ) - ( 7y - 57.0 ) ) )
ind: 49
( 44.0 + ( ( ( 9y + 55.0 ) * ( 5x - 8x ) ) - 56.0 ) )
ind: 50
( ( 3x * 3y ) - ( ( 7x - 44.0 ) - ( ( ( ( 13.0 * 46.0 ) + ( 82.0 - 6.0 ) ) + ( 10x - 6x ) ) - 21.0 ) ) )
ind: 51
( ( ( ( ( 8x + ( 13.0 * 6y ) ) * 3y ) - 32.0 ) * ( 1x * 33.0 ) ) + 9x )
ind: 52
( 81.0 + ( ( 6x + 52.0 ) - ( ( 6x + 1y ) * ( 77.0 - 82.0 ) ) ) )
ind: 53
( 7x * ( 4x - ( ( 94.0 * 3y ) + ( 8y - ( ( 7x - 1x ) - ( 4y + 1y ) ) ) ) ) )
ind: 54
( ( ( 7y + ( 6x - ( ( 8y * 2x ) + ( 5x - 53.0 ) ) ) ) * 8x ) + 68.0 )
ind: 55
( ( ( 7y - ( ( 98.0 - 7.0 ) * ( 7y * ( 2x - 2y ) ) ) ) + 85.0 ) - ( ( 3x - 3y ) * 89.0 ) )
ind: 56
( ( ( ( 10y + 1x ) * ( ( 3.0 * 3x ) * 30.0 ) ) - ( ( 87.0 * 9.0 ) + 5y ) ) + ( 82.0 - 2.0 ) )
ind: 57
( ( ( ( ( ( 2y + 30.0 ) - 3y ) * 82.0 ) * 42.0 ) * ( ( ( ( 77.0 * 8x ) - 60.0 ) * ( ( 93.0 * 9x ) * 73.0 ) ) * ( 38.0 * ( ( 2y - 12.0 ) - ( 17.0 - 7y ) ) ) ) ) + 6y )
ind: 58
( ( 7y + ( 71.0 - ( 57.0 + ( ( 58.0 + 96.0 ) * 30.0 ) ) ) ) * ( ( 24.0 - 12.0 ) * 5x ) )
ind: 59
( 44.0 - ( 6x + ( ( 7y - 8.0 ) + ( ( 7x - 53.0 ) * ( 7y + 3x ) ) ) ) )
ind: 60
( ( 67.0 + ( 56.0 - 8y ) ) + ( 9x * 4y ) )
ind: 61
( ( ( 7y - 7y ) * ( ( 4y - 2x ) - ( ( ( 8y + 53.0 ) + ( 10y * 1y ) ) + ( 8y * 10y ) ) ) ) + ( 2y * 79.0 ) )
ind: 62
( ( ( 70.0 * ( ( 8y - 6x ) + 75.0 ) ) * 10x ) + ( ( 3y * 1x ) - 6x ) )
ind: 63
( ( ( ( 4x - ( 9y + ( 5x + 4y ) ) ) - 4.0 ) + ( 24.0 - 100.0 ) ) - 6y )
ind: 64
( ( 39.0 * ( 3x - ( ( ( 24.0 * 6y ) - 98.0 ) - 55.0 ) ) ) + 8.0 )
ind: 65
( ( ( ( ( ( 1x + 4x ) + 6y ) * 94.0 ) + ( 8y * 79.0 ) ) - ( 6x - 8y ) ) * 5x )
ind: 66
( 10y * ( ( 3y + 10x ) * ( ( ( 24.0 + ( 8y + 10y ) ) * 6x ) + ( ( ( 8y - 90.0 ) * ( 3.0 - 2y ) ) * 6x ) ) ) )
ind: 67
( ( ( 1x - 18.0 ) - 44.0 ) - ( 3.0 - 3y ) )
ind: 68
( 5y * ( ( 1x - 41.0 ) + ( ( ( ( 7x + 11.0 ) * 6x ) * 8y ) * ( 4.0 * ( ( 5x - 7y ) + ( 10y - 4y ) ) ) ) ) )
ind: 69
( ( 8x * ( 19.0 * ( ( ( 6x - 46.0 ) + ( 7y * 8x ) ) * ( 21.0 + ( 75.0 + 6y ) ) ) ) ) - 81.0 )
ind: 70
( ( 53.0 + ( 8x + ( ( 12.0 + 2x ) * ( ( 7y + 20.0 ) * ( 8y * 10x ) ) ) ) ) * 75.0 )
ind: 71
( 13.0 + ( 10y * ( ( ( ( 9y - 16.0 ) * ( 6y * 28.0 ) ) - ( 5x + 8x ) ) - 70.0 ) ) )
ind: 72
( 1x * 4y )
ind: 73
( 8x * 3y )
ind: 74
( ( ( ( ( 93.0 - 46.0 ) * ( ( 7y - 1x ) * ( 15.0 * 75.0 ) ) ) + ( ( ( 49.0 + 1x ) - ( 45.0 + 5x ) ) - ( ( 8y * 29.0 ) * 90.0 ) ) ) + 100.0 ) * ( 14.0 + 58.0 ) )
ind: 75
( ( 95.0 + ( ( ( 2y - ( 100.0 - 8y ) ) * 6y ) * ( ( ( 5y + 21.0 ) + ( 10y - 37.0 ) ) - ( ( 3y - 12.0 ) + ( 6x - 2y ) ) ) ) ) - ( 78.0 * 76.0 ) )
ind: 76
( ( 7x * 23.0 ) + ( ( 9y - 8x ) * ( ( ( 69.0 * ( 85.0 + 79.0 ) ) + ( ( 1y - 5y ) + 32.0 ) ) + ( ( 1y + 60.0 ) * 76.0 ) ) ) )
ind: 77
( ( 7x - 92.0 ) + ( ( ( 53.0 - ( ( 18.0 - 25.0 ) + 10x ) ) - ( 4y - ( 80.0 - 2y ) ) ) + 56.0 ) )
ind: 78
( ( 9x + ( 93.0 - ( 8x - 4y ) ) ) - ( 72.0 - 8x ) )
ind: 79
( ( ( ( 5x + 35.0 ) - ( 80.0 + 44.0 ) ) - 99.0 ) + ( ( ( 9x * ( ( 44.0 + 1x ) - 7y ) ) * ( 93.0 + 34.0 ) ) + 81.0 ) )
ind: 80
( ( ( ( ( 50.0 + ( 6x - 2y ) ) - 8x ) - 23.0 ) * ( 9x - 98.0 ) ) - 14.0 )
ind: 81
( 7x - ( ( ( 24.0 + ( ( 3y * 3x ) - ( 6x - 51.0 ) ) ) * 2y ) * 81.0 ) )
ind: 82
( ( 3y * 1x ) + ( ( 28.0 - ( ( 3y * 93.0 ) + ( ( 47.0 * 10y ) + ( 76.0 + 91.0 ) ) ) ) + 9y ) )
ind: 83
( ( ( ( ( ( 9y * 8y ) - 40.0 ) * ( ( 8.0 + 22.0 ) - ( 41.0 - 3x ) ) ) * 67.0 ) - ( ( 10y + 87.0 ) * ( ( 100.0 + 4x ) * 72.0 ) ) ) + 34.0 )
ind: 84
( ( ( ( ( ( 31.0 - 61.0 ) - ( 46.0 + 7x ) ) * ( 70.0 + 8y ) ) * 47.0 ) * 8x ) * ( ( 36.0 - ( 97.0 + 99.0 ) ) - ( ( ( ( 77.0 - 3x ) + ( 9y - 27.0 ) ) * ( ( 59.0 * 7y ) * ( 77.0 + 71.0 ) ) ) + ( 3y * ( 9y * 3x ) ) ) ) )
ind: 85
( 10y + 6x )
ind: 86
( ( ( 3y - 3y ) - ( 4y * 54.0 ) ) * ( ( 77.0 * ( ( 9x + 90.0 ) - 6y ) ) - ( 3y * ( 8y + ( ( 9x + 6x ) - ( 7y * 3x ) ) ) ) ) )
ind: 87
( ( ( 100.0 * ( ( ( 4y + 1.0 ) * 5x ) - 1y ) ) * 85.0 ) + 73.0 )
ind: 88
( 42.0 + ( ( ( ( 67.0 * 55.0 ) - ( 6x + 10y ) ) * ( ( ( 7x - 6x ) + ( 74.0 - 7x ) ) + 100.0 ) ) * 9.0 ) )
ind: 89
( ( 58.0 - ( ( 2x + ( 4x + 8.0 ) ) + 6y ) ) + 80.0 )
ind: 90
( 2x - ( ( 25.0 - ( ( ( 4x + 10y ) * 41.0 ) - 9x ) ) - ( 9x * ( 10y * 4x ) ) ) )
ind: 91
( 73.0 + ( ( ( ( 10x - ( 11.0 * 9y ) ) - ( ( 3x * 6y ) - 10x ) ) + 1y ) - ( ( ( ( 8x + 5x ) + ( 79.0 + 29.0 ) ) * 46.0 ) * 2y ) ) )
ind: 92
( ( ( ( ( ( 6y - 7y ) * ( 49.0 + 9x ) ) + 82.0 ) - 4x ) + ( ( ( ( 8y - 7x ) * 23.0 ) + ( ( 45.0 - 91.0 ) + 79.0 ) ) - ( ( 9y + 2.0 ) * 100.0 ) ) ) + 91.0 )
ind: 93
( 8x + ( 3y * 5x ) )
ind: 94
( 7.0 - ( ( 3x + ( 13.0 * ( 1x * 6y ) ) ) + 35.0 ) )
ind: 95
( ( ( 9x + 14.0 ) * ( ( 6y - ( ( 3x * 4y ) * 28.0 ) ) - ( 13.0 * ( 5x - 5y ) ) ) ) - ( 2x - 1y ) )
ind: 96
( ( 2y - 2x ) - 78.0 )
ind: 97
( ( ( 1x - 9y ) - 10x ) * ( 8y - 39.0 ) )
ind: 98
( ( 4y * 86.0 ) - ( ( ( 11.0 * ( 6x * ( 69.0 * 1y ) ) ) - 10y ) - ( 28.0 + 9y ) ) )
ind: 99
( 6y - ( 49.0 + 5x ) )
ind: 100
( ( ( 86.0 * ( 9x - 36.0 ) ) - ( ( 2.0 * 3x ) + 9x ) ) * ( ( ( 60.0 + ( ( 6y + 3y ) - ( 85.0 * 3x ) ) ) + 6y ) - ( ( ( ( 10.0 * 9y ) * ( 34.0 - 82.0 ) ) - 1y ) + ( ( 25.0 * 78.0 ) + 80.0 ) ) ) )
ind: 101
( ( ( 43.0 * ( ( 79.0 * ( 39.0 * 92.0 ) ) - 14.0 ) ) - 9x ) * ( ( 4y + 35.0 ) * ( ( ( ( 7y - 7y ) + 25.0 ) + ( ( 45.0 + 10y ) - 4y ) ) + ( 9x - ( ( 61.0 + 1.0 ) - ( 10x + 1y ) ) ) ) ) )
ind: 102
( ( ( ( 9y * ( ( 67.0 + 79.0 ) + ( 56.0 * 10y ) ) ) * ( 5x + ( 10y * ( 9x - 79.0 ) ) ) ) - 6x ) + 36.0 )
ind: 103
( ( 3y - ( ( ( ( 4y + 67.0 ) * 44.0 ) - 85.0 ) - 5x ) ) * ( 95.0 * ( ( ( 13.0 - 1x ) - 34.0 ) + ( 9y + ( 4y * ( 10y * 4x ) ) ) ) ) )
ind: 104
( ( 8x + ( ( ( 53.0 - ( 2x + 3y ) ) + ( 33.0 * ( 10y - 15.0 ) ) ) + ( 3y * ( 22.0 + ( 17.0 + 75.0 ) ) ) ) ) + ( ( ( ( ( 61.0 + 41.0 ) * 97.0 ) - 85.0 ) + 3y ) + 6y ) )
ind: 105
( ( ( 3y + ( 6y - ( 10x * ( 8x * 5y ) ) ) ) * ( ( 25.0 + 5y ) * 6x ) ) * 42.0 )
ind: 106
( ( 10x + 4x ) * 4y )
ind: 107
( 33.0 - ( 9y - ( ( ( 10x - ( 2x + 81.0 ) ) + ( ( 42.0 + 2x ) - 5y ) ) * 59.0 ) ) )
ind: 108
( 4x + 9y )
ind: 109
( ( ( 10y - ( 27.0 - 4y ) ) - ( 98.0 * ( 3x - 39.0 ) ) ) - ( ( ( ( 70.0 + ( 7y - 55.0 ) ) - 71.0 ) + 4x ) + ( 7x - ( 1x * ( 98.0 - 5x ) ) ) ) )
ind: 110
( ( ( ( ( ( 99.0 - 3x ) - 7y ) + ( ( 32.0 - 3y ) * ( 12.0 - 55.0 ) ) ) * ( 6y * 9y ) ) + ( ( ( ( 4y - 6.0 ) * ( 39.0 * 7x ) ) * 10.0 ) - 5x ) ) + ( ( ( ( ( 42.0 - 71.0 ) * 63.0 ) - 3x ) - ( 71.0 + 31.0 ) ) + ( 8y + 8x ) ) )
ind: 111
( 5y * ( 5y + ( ( 79.0 - ( 9x * 3x ) ) - ( ( ( 8.0 + 2x ) + ( 10y - 47.0 ) ) + ( 5x + ( 1.0 * 24.0 ) ) ) ) ) )
ind: 112
( ( ( ( ( 8y + 10x ) * 41.0 ) - 69.0 ) * 4x ) - ( ( 9.0 * 2.0 ) + ( 67.0 * ( ( ( 8y * 6.0 ) + 71.0 ) + ( ( 30.0 * 60.0 ) - 3y ) ) ) ) )
ind: 113
( 79.0 * ( 100.0 * ( 6y - ( 5x * ( ( 9y * 6y ) + 81.0 ) ) ) ) )
ind: 114
( 9y - ( ( 6x - ( ( ( 33.0 + 9x ) - ( 4x - 5y ) ) - 2y ) ) - 4.0 ) )
ind: 115
( 10x * 5y )
ind: 116
( ( ( ( 5y - 30.0 ) - ( ( ( 10y * 1y ) + ( 18.0 - 84.0 ) ) * ( 1y + 9x ) ) ) + 18.0 ) + 73.0 )
ind: 117
( 55.0 + ( 80.0 - ( 81.0 * ( 3y - 7x ) ) ) )
ind: 118
( ( 20.0 + 4x ) + ( ( ( 26.0 + 32.0 ) + ( 10y - 10x ) ) - 7y ) )
ind: 119
( ( 3x * 83.0 ) + ( 80.0 - ( ( ( ( 7y - 25.0 ) - ( 5y + 10y ) ) - ( 76.0 * ( 9y + 7y ) ) ) - 97.0 ) ) )
ind: 120
( ( 51.0 * ( ( 3.0 + ( ( 68.0 + 7x ) - 20.0 ) ) + 17.0 ) ) - ( ( 52.0 * ( 10x * ( ( 5x * 72.0 ) * 6y ) ) ) - ( ( ( 7.0 * 1x ) * 7x ) + ( 6y - ( 59.0 + ( 7y + 50.0 ) ) ) ) ) )
ind: 121
( 5x + 4y )
ind: 122
( ( ( ( ( 8y - 34.0 ) - 58.0 ) * 1x ) * 91.0 ) - 43.0 )
ind: 123
( ( ( 1y * 5x ) + ( ( 6y - ( 17.0 - 78.0 ) ) + ( 11.0 * ( 4x - ( 3x + 4y ) ) ) ) ) - 90.0 )
ind: 124
( ( ( ( 23.0 + ( ( 1x * 82.0 ) + ( 50.0 * 18.0 ) ) ) + 4y ) * 20.0 ) * 7x )
ind: 125
( ( ( ( 9x - 6y ) - ( 9x - ( 3x - ( 5x - 26.0 ) ) ) ) * 8x ) + ( ( ( ( 22.0 + ( 6y * 76.0 ) ) - ( ( 43.0 - 7x ) * 84.0 ) ) - 34.0 ) * 9y ) )
ind: 126
( ( ( ( ( 49.0 - 13.0 ) * ( 19.0 + ( 10y + 8x ) ) ) + ( ( 1.0 - 49.0 ) + 7y ) ) + 63.0 ) * ( 10x * ( 7.0 - ( 1y + 2x ) ) ) )
ind: 127
( ( ( ( 86.0 * 1y ) * 77.0 ) * 99.0 ) + ( ( ( ( 16.0 + 8x ) * 6x ) * 44.0 ) - 2x ) )
ind: 128
( ( ( 24.0 * ( ( ( 2x - 8.0 ) * 76.0 ) - 10y ) ) + ( ( ( ( 2x * 1y ) + ( 6y + 1y ) ) * ( 2x + 95.0 ) ) - 27.0 ) ) + ( 51.0 * 5x ) )
ind: 129
( ( ( 8y + 48.0 ) * 3.0 ) * ( ( 8x * ( 53.0 * 3y ) ) + ( ( ( ( 6y - 4x ) - ( 88.0 * 98.0 ) ) * ( ( 63.0 + 27.0 ) * ( 4x + 96.0 ) ) ) - ( 93.0 - ( ( 40.0 + 94.0 ) - ( 8y * 47.0 ) ) ) ) ) )
ind: 130
( ( 9x * ( 98.0 * ( 10x - 83.0 ) ) ) - ( 5y * ( ( ( 3x * 9x ) * ( 65.0 + ( 12.0 * 2y ) ) ) * ( 22.0 + ( ( 97.0 + 4x ) + 49.0 ) ) ) ) )
ind: 131
( 56.0 + ( ( 62.0 * ( 7x - ( 1x * ( 3y + 92.0 ) ) ) ) - 7y ) )
ind: 132
( ( ( ( ( ( 35.0 - 72.0 ) + ( 4x * 76.0 ) ) - 8.0 ) - ( ( ( 32.0 * 8x ) * 84.0 ) - 76.0 ) ) + ( 87.0 + 8y ) ) - ( 70.0 + 4x ) )
ind: 133
( 83.0 * ( ( 79.0 * ( 58.0 * ( 59.0 - ( 9y + 4x ) ) ) ) - 28.0 ) )
ind: 134
( ( ( ( ( 3x - ( 8x - 6x ) ) + 5y ) + 14.0 ) + 39.0 ) - 58.0 )
ind: 135
( ( 10x * 5y ) - ( 86.0 * ( ( 1y + 5x ) + 4x ) ) )
ind: 136
( 8x * 2y )
ind: 137
( 3x * 6y )
ind: 138
( ( ( 8y * ( 10y * 21.0 ) ) + ( 4x + ( 6y * 3x ) ) ) * ( 54.0 + 83.0 ) )
ind: 139
( 3y + ( ( ( ( 83.0 - 6x ) * ( ( 4x * 96.0 ) * 5x ) ) * ( ( 74.0 + 83.0 ) - 2y ) ) * ( 2y + ( 2.0 * ( ( 4x * 97.0 ) + ( 1x + 39.0 ) ) ) ) ) )
ind: 140
( ( 10y * 2x ) * 2y )
ind: 141
( 7y + 10x )
ind: 142
( ( 71.0 * ( 18.0 - 2x ) ) * ( ( 95.0 - 6x ) * ( ( ( 4x - ( 4y - 44.0 ) ) * ( ( 32.0 * 89.0 ) * 75.0 ) ) + ( 94.0 * 7.0 ) ) ) )
ind: 143
( ( ( 9x * ( 2.0 * ( ( 10y * 92.0 ) * ( 8y * 89.0 ) ) ) ) - 1x ) - ( ( 10x + 5x ) * 4x ) )
ind: 144
( ( ( 9x + 84.0 ) + 59.0 ) * ( 4x * ( 4x + ( ( 44.0 * 30.0 ) - 1y ) ) ) )
ind: 145
( ( ( 9x - 6x ) - 90.0 ) * ( ( 74.0 + 1x ) - ( 9y * ( ( ( 10x * 5x ) + ( 63.0 + 43.0 ) ) + 30.0 ) ) ) )
ind: 146
( ( ( ( 60.0 * 97.0 ) + ( ( ( 61.0 * 32.0 ) * ( 7y + 4x ) ) - ( ( 4y * 5x ) * 77.0 ) ) ) - 10x ) * ( ( ( ( 6x * 3y ) * ( ( 5x - 59.0 ) * ( 5y - 10y ) ) ) - 9y ) - ( ( ( ( 2x + 43.0 ) * ( 20.0 - 63.0 ) ) * 95.0 ) + 90.0 ) ) )
ind: 147
( ( 7y - ( ( ( 6y * ( 64.0 - 3x ) ) * ( ( 9y + 21.0 ) * ( 55.0 + 90.0 ) ) ) + ( 99.0 - 21.0 ) ) ) + 22.0 )
ind: 148
( ( 95.0 + 100.0 ) - ( 4x - ( 4x - ( ( ( 3y + 5.0 ) + ( 10x + 87.0 ) ) * ( ( 38.0 + 4.0 ) * ( 3x + 79.0 ) ) ) ) ) )
ind: 149
( ( ( 1y * 4x ) - ( 9x - 1y ) ) - ( 37.0 + ( ( 40.0 - ( ( 41.0 + 7y ) + ( 9x - 20.0 ) ) ) * ( 7x - ( 2y - ( 18.0 + 5x ) ) ) ) ) )
ind: 150
( ( ( 9y - ( ( ( 5x * 55.0 ) - 6y ) - ( ( 3.0 * 3x ) + 1x ) ) ) - ( ( ( ( 7y - 2x ) - 8y ) + 98.0 ) * ( 2y + ( ( 33.0 - 1y ) - ( 24.0 + 9.0 ) ) ) ) ) - ( ( 10x - 45.0 ) + 1x ) )
ind: 151
( 7x - ( ( 99.0 * 6y ) * 47.0 ) )
ind: 152
( ( 4y + ( 6x + 8.0 ) ) + ( ( 41.0 * ( 1y * 10y ) ) - 54.0 ) )
ind: 153
( ( ( ( ( 8x * ( 37.0 * 22.0 ) ) * 35.0 ) - ( 61.0 * 7y ) ) - 4x ) * 29.0 )
ind: 154
( ( ( 2.0 + ( 70.0 + ( ( 4y * 8y ) * 3x ) ) ) + 66.0 ) - ( ( ( 53.0 * 8x ) * 37.0 ) * ( ( ( ( 8y * 44.0 ) - ( 1x * 5.0 ) ) + 7y ) * ( ( 83.0 + 7y ) - 9y ) ) ) )
ind: 155
( 4y * 1x )
ind: 156
( ( ( 95.0 + ( ( ( 89.0 + 10y ) - ( 90.0 * 46.0 ) ) - ( ( 1y + 63.0 ) - 6x ) ) ) + 11.0 ) - ( ( 4y + 8y ) - ( ( 10x + ( ( 66.0 + 96.0 ) + 3y ) ) - 8y ) ) )
ind: 157
( 6x - ( ( ( ( ( 8y - 20.0 ) - ( 7y * 10y ) ) * 46.0 ) + ( 98.0 * ( 2x * ( 9x - 57.0 ) ) ) ) - ( 60.0 + ( 21.0 * ( ( 39.0 * 2.0 ) * ( 23.0 * 5x ) ) ) ) ) )
ind: 158
( ( ( ( ( ( 25.0 + 1x ) + 5x ) + ( ( 5y + 21.0 ) + ( 24.0 * 97.0 ) ) ) - 83.0 ) - ( ( ( 36.0 + ( 44.0 + 93.0 ) ) - ( 7x + ( 5.0 * 8x ) ) ) + 61.0 ) ) - ( 4y * 7x ) )
ind: 159
( ( ( ( 10x + 80.0 ) - 33.0 ) + 10y ) * 36.0 )
ind: 160
( ( ( 49.0 + 7x ) + ( 99.0 * ( 1y - ( 56.0 - ( 7x + 6x ) ) ) ) ) * ( 85.0 + ( 55.0 * 94.0 ) ) )
ind: 161
( ( ( ( 9x * 40.0 ) + ( 3x * 7.0 ) ) * ( 40.0 * 6y ) ) - 6.0 )
ind: 162
( ( ( 7y * ( ( 4y + 27.0 ) - 8x ) ) * ( 4x * ( 2y + ( 4x * 11.0 ) ) ) ) * ( 9x * 56.0 ) )
ind: 163
( ( 2x - 10y ) - 4y )
ind: 164
( 7x * ( ( 17.0 * 98.0 ) - ( 4x + ( 72.0 - 4y ) ) ) )
ind: 165
( ( ( 1x - ( 11.0 - ( 22.0 + ( 4y * 41.0 ) ) ) ) - ( 11.0 - 64.0 ) ) * ( ( 4.0 * 25.0 ) - ( 1x * 7y ) ) )
ind: 166
( ( ( 4y + 1y ) - ( 89.0 * ( 1y - 2x ) ) ) - 5x )
ind: 167
( ( 8x - ( 93.0 - ( 61.0 - 3y ) ) ) + ( 95.0 - ( 4y * 3.0 ) ) )
ind: 168
( 8y - ( 10x + ( ( 19.0 * 3y ) * 2.0 ) ) )
ind: 169
( ( ( 8y + ( 73.0 - 94.0 ) ) + 10x ) * ( ( 44.0 * 33.0 ) * 54.0 ) )
ind: 170
( ( ( 56.0 - ( ( ( 9y * 41.0 ) - ( 2x * 6x ) ) * ( ( 8x + 1y ) + 82.0 ) ) ) * 3.0 ) * ( ( ( 27.0 + 99.0 ) - ( 9y - 5y ) ) - ( 94.0 * 80.0 ) ) )
ind: 171
( ( ( ( ( 89.0 + 7x ) - 5x ) - ( ( ( 70.0 - 2y ) * ( 3x - 3y ) ) - 7x ) ) * ( 81.0 * ( ( ( 4y * 8x ) - 45.0 ) - 50.0 ) ) ) * 33.0 )
ind: 172
( ( ( ( ( 38.0 * 6x ) * ( 5x - 54.0 ) ) + ( ( 40.0 * 3y ) + 96.0 ) ) + 2y ) - 97.0 )
ind: 173
( ( ( 5x + ( ( ( 3x * 5y ) * 9y ) - 7.0 ) ) - 95.0 ) + 40.0 )
ind: 174
( 7x - 3y )
ind: 175
( 8y + ( ( 73.0 * ( ( 7x - 5x ) + 6.0 ) ) * ( 3y - ( 5x * 40.0 ) ) ) )
ind: 176
( ( ( ( 1y - ( 80.0 + ( 5y + 82.0 ) ) ) - ( 35.0 + ( ( 27.0 * 6y ) * 79.0 ) ) ) + 6x ) * ( ( ( 61.0 * 6x ) + 8x ) + 97.0 ) )
ind: 177
( 56.0 * ( ( 3x - ( ( 16.0 - 7y ) * ( ( 10y - 1x ) * ( 67.0 * 7y ) ) ) ) + ( ( 44.0 + 2y ) + 68.0 ) ) )
ind: 178
( ( ( 8x + ( ( 2x * 2x ) - ( 48.0 + 95.0 ) ) ) - ( ( 52.0 * ( ( 3y + 8x ) * 24.0 ) ) - ( ( ( 1x + 30.0 ) + ( 1x * 18.0 ) ) * ( ( 7y - 1x ) - 3x ) ) ) ) - 6x )
ind: 179
( ( ( ( ( 5x - 30.0 ) - 67.0 ) * ( 95.0 - 7y ) ) - 92.0 ) * 18.0 )
ind: 180
( ( ( ( ( 6x - 20.0 ) * ( 60.0 - ( 5x * 1y ) ) ) * 49.0 ) * 6y ) - ( 3.0 + 6y ) )
ind: 181
( ( ( 28.0 - 41.0 ) - 10x ) + 1y )
ind: 182
( ( 8x + ( 1x * 99.0 ) ) + ( ( ( ( 2y * ( 89.0 - 6x ) ) * ( 68.0 + ( 4x - 36.0 ) ) ) + 74.0 ) * 6y ) )
ind: 183
( 8x * 3y )
ind: 184
( ( ( ( 17.0 - ( ( 3y + 1x ) + ( 94.0 - 37.0 ) ) ) + ( 5y + ( 50.0 + ( 5x - 46.0 ) ) ) ) + ( 30.0 * 4y ) ) - 68.0 )
ind: 185
( ( ( 41.0 * ( ( 44.0 + 84.0 ) + 47.0 ) ) + ( 40.0 - ( ( 7x - ( 70.0 - 10y ) ) + 77.0 ) ) ) - ( 5x - 3y ) )
ind: 186
( ( ( 1x + 15.0 ) + ( ( 2x * ( ( 60.0 + 35.0 ) * ( 24.0 * 5x ) ) ) + 55.0 ) ) + ( ( 35.0 * ( 7y + 8x ) ) - 85.0 ) )
ind: 187
( ( 46.0 + ( ( ( ( 6.0 + 10x ) * ( 10y - 84.0 ) ) + ( ( 57.0 - 10y ) - ( 10y * 6x ) ) ) * ( 10y + ( ( 10x + 4y ) + ( 82.0 - 77.0 ) ) ) ) ) * ( 3y * 7x ) )
ind: 188
( ( ( 10x + 4.0 ) * 2y ) + ( ( 6y + 3.0 ) - 7.0 ) )
ind: 189
( 55.0 - ( ( ( ( 7x * 77.0 ) * ( 4.0 - 9y ) ) * 5y ) - 7y ) )
ind: 190
( ( 8y * ( ( ( 5x - ( 63.0 - 3y ) ) - 7y ) - 54.0 ) ) * ( ( 5x * ( 79.0 + ( ( 68.0 + 8y ) * ( 2x * 10x ) ) ) ) * 98.0 ) )
ind: 191
( 8y + ( ( 10y + ( ( 12.0 * 1x ) - 43.0 ) ) + ( 68.0 - 9.0 ) ) )
ind: 192
( ( ( ( 4x - ( 4x + ( 3x - 48.0 ) ) ) + ( 66.0 - 2y ) ) * ( ( 39.0 - ( 4y + 64.0 ) ) + 9y ) ) * ( ( ( 5x + 90.0 ) + 9y ) - 88.0 ) )
ind: 193
( ( ( 42.0 * 72.0 ) * ( ( ( ( 2x - 6y ) - ( 2x * 31.0 ) ) + ( 22.0 + 7y ) ) + ( ( 10x * ( 7x * 12.0 ) ) - 17.0 ) ) ) + ( 36.0 - 4y ) )
ind: 194
( ( ( ( ( ( 12.0 - 2x ) * 1x ) * ( ( 5y - 52.0 ) - ( 7x - 9y ) ) ) - 84.0 ) + ( ( ( ( 5x - 23.0 ) * 6x ) * 14.0 ) + ( ( 84.0 - ( 96.0 * 7.0 ) ) + 53.0 ) ) ) - 9y )
ind: 195
( ( 5y * ( ( ( 9x - ( 13.0 - 80.0 ) ) + 17.0 ) + 2x ) ) * 51.0 )
ind: 196
( 4y + ( ( ( ( ( 27.0 * 3.0 ) - ( 3y + 1x ) ) + 9y ) + 79.0 ) + 29.0 ) )
ind: 197
( ( ( ( ( ( 34.0 - 3x ) + 9x ) + 8y ) + ( ( 6x - ( 5y + 87.0 ) ) + ( 2y - 5x ) ) ) - ( ( 53.0 - 6y ) - 3y ) ) + 4y )
ind: 198
( ( ( ( 4x * 3x ) * 28.0 ) - ( ( ( 3x * 4y ) + 3x ) + 2y ) ) - 10y )
ind: 199
( ( 53.0 - ( ( 2x * 10y ) - ( ( ( 7y + 51.0 ) - ( 91.0 - 95.0 ) ) * ( ( 67.0 * 7y ) - ( 100.0 - 66.0 ) ) ) ) ) - 8y )
ind: 200
( 10y * 1x )
ind: 201
( 15.0 + ( 4x * ( ( 31.0 - ( ( 4y * 36.0 ) + ( 3y - 9x ) ) ) * 32.0 ) ) )
ind: 202
( 8x * ( ( 61.0 + 2x ) + ( 8y + 2x ) ) )
ind: 203
( ( 1y - ( ( 6y - ( ( 3x - 4x ) + ( 7y * 24.0 ) ) ) + ( 90.0 * 6y ) ) ) + 45.0 )
ind: 204
( ( ( ( 5x * ( 8x * ( 1y * 87.0 ) ) ) + 2.0 ) * 24.0 ) + ( ( 5y - 89.0 ) * 33.0 ) )
ind: 205
( ( 7x * 2y ) * 1x )
ind: 206
( ( ( 10x * 9y ) - ( ( 2x + 13.0 ) + ( 10y - ( ( 12.0 + 32.0 ) + 75.0 ) ) ) ) - 4y )
ind: 207
( 47.0 - ( 2x - ( 2x - ( 7y + 22.0 ) ) ) )
ind: 208
( ( 1y - ( ( ( ( 80.0 + 99.0 ) * 72.0 ) + ( 9.0 * ( 3x + 7x ) ) ) + ( ( ( 57.0 + 4x ) + 5y ) - ( ( 5y * 2y ) * ( 74.0 - 3x ) ) ) ) ) - 3y )
ind: 209
( 6y - ( ( ( ( ( 68.0 * 20.0 ) * 20.0 ) + 81.0 ) + ( ( 99.0 - ( 6y * 20.0 ) ) - ( 3x * 9y ) ) ) - 36.0 ) )
ind: 210
( ( ( ( 4x * 2x ) - ( 9y + 53.0 ) ) + 1x ) - 81.0 )
ind: 211
( ( ( ( ( 95.0 + ( 4x + 81.0 ) ) * 69.0 ) * 10y ) * ( 3y + ( 21.0 * 53.0 ) ) ) + ( 40.0 + ( ( 23.0 + 10x ) * 5.0 ) ) )
ind: 212
( ( ( 9x - 2y ) - ( ( 7y + ( ( 9x * 7x ) * 5y ) ) + ( 9x * ( 30.0 + 93.0 ) ) ) ) + ( ( 62.0 - 6x ) * 38.0 ) )
ind: 213
( ( 6y * 18.0 ) - ( ( 2y * ( 59.0 - ( 4y + ( 79.0 * 2x ) ) ) ) - ( 47.0 + 10y ) ) )
ind: 214
( ( ( ( 46.0 + 2y ) - ( ( 71.0 * 5y ) + ( 59.0 + 1y ) ) ) + ( ( 29.0 + 80.0 ) - ( 34.0 * ( ( 10y - 5x ) * ( 80.0 + 10y ) ) ) ) ) - ( 73.0 * ( ( ( ( 91.0 - 8x ) * 4y ) + ( ( 2x * 10y ) * 1y ) ) + 5.0 ) ) )
ind: 215
( ( ( 1y + ( ( ( 6y * 10y ) * 1y ) - 9x ) ) * ( ( 3y - 8x ) * ( 61.0 * ( ( 7x * 43.0 ) + ( 58.0 * 9x ) ) ) ) ) * 68.0 )
ind: 216
( ( 10x * ( ( 28.0 * ( ( 3y - 29.0 ) * ( 70.0 - 42.0 ) ) ) + 21.0 ) ) - ( ( ( 6x - 27.0 ) * ( 91.0 + 82.0 ) ) * ( 5x + ( ( ( 89.0 * 9x ) - ( 84.0 - 4y ) ) - 19.0 ) ) ) )
ind: 217
( ( ( ( ( 81.0 * ( 5x * 3y ) ) + ( ( 26.0 + 7y ) * 82.0 ) ) + 57.0 ) + 30.0 ) - 10x )
ind: 218
( ( ( 3y + 5x ) * 4y ) - 81.0 )
ind: 219
( ( ( 3x + 87.0 ) * ( 10y - ( 9y * 46.0 ) ) ) - 1x )
ind: 220
( 29.0 - ( 2y - 10x ) )
ind: 221
( ( ( 7x + ( 11.0 - 67.0 ) ) - ( 7y * 4x ) ) - ( 88.0 + ( ( 1x + 8x ) * 29.0 ) ) )
ind: 222
( ( 16.0 - 5y ) + ( ( ( ( ( 61.0 * 3y ) * ( 4y + 24.0 ) ) * 6x ) + ( ( 22.0 * 6x ) + ( 52.0 - 70.0 ) ) ) + ( ( ( ( 3y * 12.0 ) * 7x ) + 3y ) * ( 6y - ( 64.0 - 8y ) ) ) ) )
ind: 223
( ( ( ( ( 29.0 * ( 1.0 * 93.0 ) ) * 3y ) * ( ( ( 5y - 5x ) - 7.0 ) + 2y ) ) * 34.0 ) * ( 1y + ( ( ( 7x * 9y ) + ( 6y + 92.0 ) ) - ( 71.0 + 5x ) ) ) )
ind: 224
( ( ( 90.0 * ( 9x - 10y ) ) + 4y ) - ( ( ( ( ( 4y * 7x ) - 3x ) - ( ( 10y + 20.0 ) - 62.0 ) ) * ( 82.0 - ( ( 6y - 38.0 ) * 10x ) ) ) - ( 33.0 - ( 6x - 8x ) ) ) )
ind: 225
( ( 8x + ( ( ( 8y * ( 10.0 - 58.0 ) ) * ( ( 5x - 10x ) + 1x ) ) * ( ( 9x + 2x ) + ( 22.0 + ( 1x - 29.0 ) ) ) ) ) * 30.0 )
ind: 226
( ( ( ( ( 6x - ( 10x - 8x ) ) + 33.0 ) * 10x ) - 5y ) - 100.0 )
ind: 227
( 7y + ( 3y + ( ( 79.0 + 2x ) + ( ( 4y * 4x ) + 38.0 ) ) ) )
ind: 228
( ( ( ( 6.0 * ( 5x + 3x ) ) - ( ( 4y * 1y ) - ( 6y - ( 5y + 4x ) ) ) ) - ( 4x + ( 4y + 6y ) ) ) - 6y )
ind: 229
( ( ( 1y - ( 2y - 94.0 ) ) + 45.0 ) * ( 9y + ( 78.0 * ( ( ( 56.0 - 7x ) - 8x ) - 3y ) ) ) )
ind: 230
( ( ( 2x + 28.0 ) * 97.0 ) * ( ( ( ( 10x + ( 35.0 + 31.0 ) ) - 10x ) - 98.0 ) * ( ( 2y * ( 80.0 + 8y ) ) + 27.0 ) ) )
ind: 231
( ( ( 8y + 7y ) - ( ( ( ( 6y + 2y ) - 14.0 ) * ( 10x + 14.0 ) ) - 6.0 ) ) - 10y )
ind: 232
( 86.0 - ( ( ( ( 3y * 8x ) - 6x ) * ( ( 50.0 * ( 67.0 + 99.0 ) ) + ( ( 95.0 * 2y ) - 6x ) ) ) + ( 4x * ( 89.0 + 12.0 ) ) ) )
ind: 233
( 95.0 - ( ( ( ( ( 15.0 + 23.0 ) - 2x ) * 20.0 ) * 9y ) + 7y ) )
ind: 234
( ( 9.0 + ( 7x + ( ( ( 3x + 99.0 ) - 45.0 ) - 7y ) ) ) * ( 42.0 + 10x ) )
ind: 235
( ( 8x * 2y ) - ( ( ( 59.0 + ( 2y * 73.0 ) ) + ( 7.0 - ( ( 80.0 + 57.0 ) + 7.0 ) ) ) * ( ( 96.0 * 7.0 ) * 55.0 ) ) )
ind: 236
( ( 31.0 + ( ( ( 9x * ( 39.0 + 34.0 ) ) + 86.0 ) - ( 62.0 - ( ( 11.0 - 35.0 ) * 59.0 ) ) ) ) - 10y )
ind: 237
( ( 9y * 48.0 ) * ( ( 99.0 + ( ( ( 2x - 18.0 ) * 9.0 ) * 4y ) ) + 3y ) )
ind: 238
( ( ( ( ( ( 3x * 44.0 ) + 2x ) - 6.0 ) - ( ( ( 4x + 16.0 ) + ( 7y + 83.0 ) ) * 10.0 ) ) - ( ( 51.0 - 2x ) * 95.0 ) ) + 2x )
ind: 239
( ( 5y + 7x ) * 37.0 )
ind: 240
( ( 7x * ( 6x - ( ( 6y + 10.0 ) * 86.0 ) ) ) * ( 5x * 27.0 ) )
ind: 241
( ( 5x * ( 8y * 10y ) ) + ( 10y + ( ( 39.0 - ( 15.0 * ( 6x + 7y ) ) ) - 9y ) ) )
ind: 242
( 10y * ( ( ( ( 7y - ( 30.0 * 9y ) ) * ( ( 94.0 * 10y ) - ( 40.0 - 5x ) ) ) + ( 64.0 * 1.0 ) ) * 4x ) )
ind: 243
( 8x - 4y )
ind: 244
( ( ( 94.0 + ( 6x - ( 75.0 * ( 3x + 44.0 ) ) ) ) + 79.0 ) + ( 5y * ( ( ( 80.0 * ( 48.0 + 6y ) ) + 10x ) + 9x ) ) )
ind: 245
( 2y - ( ( 80.0 * ( ( 1x - ( 45.0 + 7y ) ) - 87.0 ) ) * ( 7x * ( ( 10x + ( 1y - 4x ) ) + ( 22.0 + 30.0 ) ) ) ) )
ind: 246
( ( ( ( 49.0 - ( ( 8y * 7y ) + ( 33.0 - 64.0 ) ) ) + 7x ) + ( 26.0 + 60.0 ) ) + ( 100.0 * ( 19.0 + ( ( 30.0 - ( 24.0 - 41.0 ) ) * 8y ) ) ) )
ind: 247
( ( 2y * ( 11.0 * 7x ) ) - ( 41.0 * 43.0 ) )
ind: 248
( ( ( ( 7y - 66.0 ) - ( ( 2x + 5y ) - ( ( 33.0 - 9y ) - 2x ) ) ) + 6y ) - ( ( 84.0 + 2x ) + ( 8x + ( ( ( 2y - 14.0 ) - ( 1x - 23.0 ) ) - 8y ) ) ) )
ind: 249
( ( ( 31.0 + ( ( 43.0 - ( 98.0 * 85.0 ) ) - ( ( 65.0 * 17.0 ) - 3x ) ) ) * 63.0 ) + ( ( ( 44.0 - ( ( 1y + 10x ) * 6x ) ) + ( 5x - 1.0 ) ) + ( 14.0 * ( ( ( 10y * 50.0 ) + 46.0 ) + 54.0 ) ) ) )
ind: 250
( 7y * ( ( ( 64.0 - 25.0 ) * 10.0 ) * ( 3x * 74.0 ) ) )
ind: 251
( ( 18.0 - ( 4y + ( ( ( 20.0 * 9x ) + 14.0 ) + ( ( 1x - 1y ) + 6y ) ) ) ) - ( ( ( 96.0 - ( 8y + ( 3y * 93.0 ) ) ) - ( 74.0 + ( 10y - ( 2x * 27.0 ) ) ) ) - 65.0 ) )
ind: 252
( ( ( ( 7y * ( 76.0 - ( 1y * 6y ) ) ) + ( ( 87.0 * 1x ) + 1y ) ) * 57.0 ) + ( ( ( ( ( 2x * 9x ) - ( 9x * 43.0 ) ) - ( ( 47.0 - 9x ) - ( 41.0 - 76.0 ) ) ) - ( ( ( 10y - 9y ) - 61.0 ) * ( 18.0 * ( 34.0 * 74.0 ) ) ) ) + ( ( ( ( 45.0 + 50.0 ) + ( 10y * 10y ) ) - 5x ) + ( 4y - ( 36.0 + ( 1y - 3x ) ) ) ) ) )
ind: 253
( 74.0 - ( ( ( ( 57.0 * ( 5x - 7x ) ) + 5y ) + ( 18.0 * 39.0 ) ) - ( 45.0 - 3x ) ) )
ind: 254
( 93.0 + ( ( ( ( ( 61.0 * 4x ) * ( 53.0 + 7x ) ) + ( ( 4x - 2y ) * ( 87.0 * 47.0 ) ) ) + ( ( 57.0 + 27.0 ) * 54.0 ) ) * 5x ) )
ind: 255
( ( 25.0 - 10x ) * 1y )
ind: 256
( 2y - 9x )
ind: 257
( 9x * ( ( ( ( 3y + 5x ) - 2y ) - ( ( 45.0 - ( 70.0 * 36.0 ) ) - ( ( 5.0 + 37.0 ) - 2y ) ) ) * 31.0 ) )
ind: 258
( ( ( 9y - 7x ) - 4x ) * ( ( ( ( ( 45.0 * 88.0 ) * ( 91.0 + 5.0 ) ) * ( 4x * ( 47.0 * 36.0 ) ) ) * 7x ) + ( 9x + 32.0 ) ) )
ind: 259
( ( ( ( 1.0 * 10x ) - ( ( 3x - 76.0 ) + ( 78.0 + 16.0 ) ) ) * ( ( 2y + ( ( 3x * 65.0 ) - ( 3y - 1x ) ) ) - ( 4x * 5x ) ) ) + ( ( 96.0 * ( 5y * ( 31.0 + 7y ) ) ) - ( ( ( ( 4y - 95.0 ) - 3x ) * 61.0 ) * ( 1x * ( 90.0 * 5x ) ) ) ) )
ind: 260
( ( ( 7x - 17.0 ) - ( ( 100.0 * 2x ) - ( 9x * 4x ) ) ) + ( 8y + 4x ) )
ind: 261
( 9.0 - ( ( 25.0 + 71.0 ) * ( 85.0 * ( 5x * ( ( 32.0 + 2x ) + ( 10y + 33.0 ) ) ) ) ) )
ind: 262
( ( ( 9x * ( ( ( 68.0 - 16.0 ) - ( 43.0 - 78.0 ) ) + 10x ) ) * 82.0 ) - 3y )
ind: 263
( ( 8y + ( 9x - 3y ) ) * 5x )
ind: 264
( ( ( ( ( 29.0 + 7y ) - ( ( 1y - 27.0 ) - ( 42.0 + 2x ) ) ) - 7x ) + 48.0 ) + ( 68.0 * ( 39.0 * 97.0 ) ) )
ind: 265
( ( 55.0 + ( 6x * ( 19.0 + 39.0 ) ) ) + ( ( ( 38.0 + 6y ) * ( 26.0 - 97.0 ) ) * 4x ) )
ind: 266
( ( ( ( ( ( 11.0 * 1x ) + 40.0 ) + 6x ) * 10x ) * ( 86.0 + 70.0 ) ) * ( ( ( 4x * ( ( 1y + 6y ) + 73.0 ) ) + 8y ) + ( ( ( ( 39.0 + 58.0 ) + ( 5.0 + 87.0 ) ) - ( 5x + 67.0 ) ) + 7x ) ) )
ind: 267
( 4x * ( ( 2x * ( 1y + ( ( 31.0 * 9y ) + ( 30.0 + 93.0 ) ) ) ) * 10x ) )
ind: 268
( ( 8x * 3y ) * ( ( ( 18.0 - ( 68.0 * 3y ) ) + 6y ) - 35.0 ) )
ind: 269
( ( 1y * ( 83.0 * ( 9x + ( 9x * ( 6.0 + 3y ) ) ) ) ) - 51.0 )
ind: 270
( 3y - 6x )
ind: 271
( 7x - ( ( ( 89.0 * ( 4y * 2y ) ) * 8y ) - 71.0 ) )
ind: 272
( ( ( 89.0 + ( ( ( 2y + 3x ) * 8x ) + ( 10x - 82.0 ) ) ) - 48.0 ) - ( 66.0 - 3x ) )
ind: 273
( ( ( ( 9x * ( ( 93.0 + 4y ) - ( 8x * 9.0 ) ) ) * ( ( 3x * 32.0 ) + ( ( 5x * 94.0 ) + 3x ) ) ) + ( 8x * 4x ) ) + ( ( ( 50.0 + ( 95.0 * ( 54.0 - 11.0 ) ) ) + 11.0 ) + ( 24.0 + ( ( 3y + ( 23.0 * 2x ) ) + ( ( 66.0 - 89.0 ) * ( 2y + 1x ) ) ) ) ) )
ind: 274
( ( ( 9y - 10.0 ) * ( 3x * 33.0 ) ) - ( 74.0 - ( 33.0 + 1y ) ) )
ind: 275
( ( 6x + 6y ) + 9x )
ind: 276
( ( 9x + ( ( 5x - 32.0 ) - 10x ) ) - ( 10x * ( ( ( 5x * 6x ) + ( 6y * ( 75.0 + 72.0 ) ) ) + ( ( ( 57.0 - 13.0 ) + 63.0 ) + ( ( 58.0 * 14.0 ) - 44.0 ) ) ) ) )
ind: 277
( ( 8x * ( ( 12.0 + ( 2y + ( 57.0 - 10y ) ) ) + 54.0 ) ) - ( 39.0 + ( ( 47.0 - 5y ) * ( 65.0 + ( 7x - 52.0 ) ) ) ) )
ind: 278
( ( ( 96.0 * ( 87.0 - ( 80.0 + ( 77.0 - 12.0 ) ) ) ) - ( 17.0 * ( 33.0 - 3y ) ) ) * ( ( ( ( ( 2x + 9x ) - ( 9x - 8x ) ) * ( 83.0 + 98.0 ) ) + 9y ) - 49.0 ) )
ind: 279
( 4y + ( ( ( ( 8x - 5y ) * ( 77.0 * ( 85.0 + 3x ) ) ) + ( 4x + ( 5x - 73.0 ) ) ) + 2x ) )
ind: 280
( ( ( 10.0 + 6y ) - ( 2.0 + ( 9x * ( 10x - ( 15.0 * 5x ) ) ) ) ) - 97.0 )
ind: 281
( 1x - ( ( ( 10.0 * 1y ) - ( 61.0 - 8y ) ) - ( ( ( 89.0 + ( 23.0 - 4y ) ) * 55.0 ) * ( 5y - 5x ) ) ) )
ind: 282
( ( ( 31.0 - 5y ) - 6x ) - ( 84.0 * 10y ) )
ind: 283
( 10x + 1y )
ind: 284
( 18.0 * ( ( ( 61.0 + ( 41.0 * 1x ) ) * 9y ) + 6x ) )
ind: 285
( 6y * 3x )
ind: 286
( ( 8y + 39.0 ) * ( 87.0 + ( 5x * ( ( ( 4x - 5y ) + 67.0 ) - ( ( 22.0 * 87.0 ) + 10x ) ) ) ) )
ind: 287
( ( ( ( 11.0 + 62.0 ) - 8x ) * ( 49.0 + ( ( 93.0 * 73.0 ) - ( ( 10x - 8.0 ) + 2x ) ) ) ) - 9y )
ind: 288
( ( ( 10x * 8y ) + ( 75.0 * ( 24.0 + ( 8x - ( 7x + 10x ) ) ) ) ) - 5.0 )
ind: 289
( ( ( 3x - 64.0 ) * ( ( 2y - ( ( 3y - 6y ) * 71.0 ) ) + 1.0 ) ) + 8.0 )
ind: 290
( 3y - ( 26.0 + ( 4x + 7.0 ) ) )
ind: 291
( ( ( ( ( ( 76.0 - 3y ) * ( 67.0 * 98.0 ) ) * 8y ) + 16.0 ) - 92.0 ) - ( ( 77.0 * ( ( ( 7x + 7x ) - 66.0 ) * ( ( 50.0 - 79.0 ) + 10x ) ) ) + 2x ) )
ind: 292
( ( 10y + 88.0 ) - ( 10x - 60.0 ) )
ind: 293
( ( 14.0 - 1y ) * 7x )
ind: 294
( ( ( 4y - ( 7x + 1y ) ) * 9y ) * 10y )
ind: 295
( 4x + ( ( ( ( 63.0 - 6x ) + ( ( 6y - 87.0 ) - ( 39.0 + 8x ) ) ) - 69.0 ) + ( 74.0 + 8y ) ) )
ind: 296
( ( ( ( ( 49.0 + ( 8y * 4y ) ) * 2x ) - ( 56.0 + 6y ) ) + 5x ) + 44.0 )
ind: 297
( ( 20.0 * 2y ) - ( 7x * 39.0 ) )
ind: 298
( ( ( ( ( 7.0 * 21.0 ) - 1x ) + ( 95.0 + ( 3x - 7y ) ) ) * 10x ) - 64.0 )
ind: 299
( ( 7y * ( 15.0 - ( ( 10x + 1x ) * ( ( 26.0 + 22.0 ) * ( 66.0 - 7y ) ) ) ) ) + 86.0 )
ind: 300
( ( 3.0 - ( ( 33.0 + ( 3x + 17.0 ) ) * 36.0 ) ) - ( 14.0 * ( 91.0 * 7y ) ) )
Best Ind: ( ( ( 9x + 14.0 ) * ( ( 6y - ( ( 3x * 4y ) * 28.0 ) ) - ( 13.0 * ( 5x - 5y ) ) ) ) - ( 2x - 1y ) )
Fitness = 31.7890896877
Worst Ind: ( ( ( ( ( ( 2y + 30.0 ) - 3y ) * 82.0 ) * 42.0 ) * ( ( ( ( 77.0 * 8x ) - 60.0 ) * ( ( 93.0 * 9x ) * 73.0 ) ) * ( 38.0 * ( ( 2y - 12.0 ) - ( 17.0 - 7y ) ) ) ) ) + 6y )
Fitness = 1.07115831067e+14
Avg Fitness = 4.72759857271e+11
Duplicated = 1
============================================================================
Evaluate Gen  1
New Population 408
Better than Dads 36
Best Ind: ( ( ( 9x + 14.0 ) * ( ( 6y - ( ( 3x * 4y ) * 28.0 ) ) - ( 13.0 * ( 5x - 5y ) ) ) ) - ( 2x - 1y ) )
Fitness = 31.7890896877
Worst Ind: ( ( 16.0 - 5y ) + ( ( ( ( ( 61.0 * 3y ) * ( 4y + 24.0 ) ) * 6x ) + ( ( 22.0 * 6x ) + ( 52.0 - 70.0 ) ) ) + ( ( ( ( 3y * 12.0 ) * 7x ) + 3y ) * ( 6y - ( 64.0 - 96.0 ) ) ) ) )
Fitness = 803637.874588
Avg Fitness = 68704.0448342
Duplicated = 4
============================================================================
Evaluate Gen  2
New Population 415
Better than Dads 28
Best Ind: ( ( ( 9x + 14.0 ) * ( ( 6y - ( ( 3x * 4y ) * 28.0 ) ) - ( 13.0 * ( 5x - 5y ) ) ) ) - ( 2x - 1y ) )
Fitness = 31.7890896877
Worst Ind: ( ( ( 31.0 - 52.0 ) - 6x ) - ( 84.0 * 10y ) )
Fitness = 26702.8353377
Avg Fitness = 4654.02465458
Duplicated = 8
============================================================================
Evaluate Gen  3
New Population 405
Better than Dads 32
Best Ind: ( ( ( 9x + 14.0 ) * ( ( 6y - ( ( 3x * 4y ) * 28.0 ) ) - ( 13.0 * ( 5x - 5y ) ) ) ) - ( 2x - 1y ) )
Fitness = 31.7890896877
Worst Ind: ( 7y + ( 3y + ( ( 79.0 + 2x ) + ( ( 4y * 4x ) + 38.0 ) ) ) )
Fitness = 5850.0
Avg Fitness = 1856.15719535
Duplicated = 13
============================================================================
Evaluate Gen  4
New Population 414
Better than Dads 30
Best Ind: ( ( ( 9x + 14.0 ) * ( ( 6y - ( ( 3x * 4y ) * 28.0 ) ) - ( 13.0 * ( 5x - 5y ) ) ) ) - ( 2x - 1y ) )
Fitness = 31.7890896877
Worst Ind: ( ( ( ( 17.0 - ( 4x * 2x ) ) + ( 5y + ( 50.0 + ( 5x - 46.0 ) ) ) ) + ( 30.0 * 4y ) ) - 68.0 )
Fitness = 3400.0
Avg Fitness = 1070.95136081
Duplicated = 13
============================================================================
Evaluate Gen  5
New Population 417
Better than Dads 33
Best Ind: ( ( ( 9x + 14.0 ) * ( ( 6y - ( ( 3x * 4y ) * 28.0 ) ) - ( 13.0 * ( 5x - 5y ) ) ) ) - ( 2x - 1y ) )
Fitness = 31.7890896877
Worst Ind: ( 6y - ( ( ( ( ( 68.0 * 20.0 ) * 20.0 ) + 53.0 ) + ( ( 99.0 - ( 6y * 20.0 ) ) - ( 3x * 9y ) ) ) - 36.0 ) )
Fitness = 1800.0
Avg Fitness = 552.18144765
Duplicated = 26
============================================================================
Evaluate Gen  6
New Population 422
Better than Dads 41
Best Ind: ( ( ( 9x + 14.0 ) * ( ( 6y - ( ( 3x * 4y ) * 28.0 ) ) - ( 13.0 * ( 5x - 5y ) ) ) ) - ( 2x - 1y ) )
Fitness = 31.7890896877
Worst Ind: ( ( ( 9x * ( 2.0 * ( ( 10y * 92.0 ) * ( 8y * 89.0 ) ) ) ) - 1x ) - ( ( 10x + 5x ) * 3y ) )
Fitness = 715.254517974
Avg Fitness = 339.390655357
Duplicated = 31
============================================================================
Evaluate Gen  7
New Population 424
Better than Dads 36
Best Ind: ( ( ( 9x + 14.0 ) * ( ( 6y - ( ( 3x * 4y ) * 28.0 ) ) - ( 13.0 * ( 5x - 5y ) ) ) ) - ( 2x - 1y ) )
Fitness = 31.7890896877
Worst Ind: ( ( ( ( 4x - ( ( 18.0 - 25.0 ) + 10x ) ) - ( 4y - ( 80.0 - 2y ) ) ) - ( 6x * 7y ) ) * 1x )
Fitness = 443.871296925
Avg Fitness = 256.831657891
Duplicated = 35
============================================================================
Evaluate Gen  8
New Population 421
Better than Dads 42
Best Ind: ( ( ( 9x + 14.0 ) * ( ( 6y - ( ( 3x * 4y ) * 28.0 ) ) - ( 13.0 * ( 5x - 5y ) ) ) ) - ( 2x - 1y ) )
Fitness = 31.7890896877
Worst Ind: ( 29.0 - ( 2y - 10x ) )
Fitness = 318.519422198
Avg Fitness = 222.837221502
Duplicated = 27
============================================================================
Evaluate Gen  9
New Population 424
Better than Dads 32
Best Ind: ( ( ( 9x + 14.0 ) * ( ( 6y - ( ( 3x * 4y ) * 28.0 ) ) - ( 13.0 * ( 5x - 5y ) ) ) ) - ( 2x - 1y ) )
Fitness = 31.7890896877
Worst Ind: ( ( ( ( 11.0 + 62.0 ) - 8x ) * ( ( ( ( 7x * 77.0 ) * ( 4.0 - 9y ) ) * 5y ) + ( ( 93.0 * 73.0 ) - ( ( 10x - 8.0 ) + ( 33.0 + 9x ) ) ) ) ) - 9y )
Fitness = 286.10180719
Avg Fitness = 197.641237858
Duplicated = 26
============================================================================
Evaluate Gen  10
New Population 419
Better than Dads 35
Best Ind: ( ( ( 9x + 14.0 ) * ( ( 6y - ( ( 3x * 4y ) * 28.0 ) ) - ( 13.0 * ( 5x - 5y ) ) ) ) - ( 2x - 1y ) )
Fitness = 31.7890896877
Worst Ind: ( ( 53.0 - ( ( 2x * 10y ) - ( ( ( 7y + 51.0 ) - ( 91.0 - 95.0 ) ) * ( ( 67.0 * 7y ) - ( 100.0 - 66.0 ) ) ) ) ) - 8y )
Fitness = 254.312717502
Avg Fitness = 177.943680945
Duplicated = 24
============================================================================
Evaluate Gen  11
New Population 425
Better than Dads 32
Best Ind: ( ( ( 9x + 14.0 ) * ( ( 6y - ( ( 3x * 4y ) * 28.0 ) ) - ( 13.0 * ( 5x - 5y ) ) ) ) - ( 2x - 1y ) )
Fitness = 31.7890896877
Worst Ind: ( ( ( ( 87.0 + ( ( 9x + 6x ) * ( 2y + 3x ) ) ) - ( ( ( 9.0 * 42.0 ) - 4x ) + ( ( 14.0 - 8y ) * ( 10y + 5y ) ) ) ) - ( ( 44.0 - ( 10y * 4x ) ) + 9y ) ) - 7y )
Fitness = 222.523627814
Avg Fitness = 160.481973998
Duplicated = 31
============================================================================
Evaluate Gen  12
New Population 428
Better than Dads 35
Best Ind: ( ( ( 9x + 14.0 ) * ( ( 6y - ( ( 3x * 4y ) * 28.0 ) ) - ( 13.0 * ( 5x - 5y ) ) ) ) - ( 2x - 1y ) )
Fitness = 31.7890896877
Worst Ind: ( ( ( ( 8x + 10y ) + ( ( 2x * 2x ) - ( 48.0 + 95.0 ) ) ) - ( ( 52.0 * ( 4y + ( 6x + 8.0 ) ) ) - ( ( ( 1x + 30.0 ) + ( 1x * 18.0 ) ) * ( ( 7y - 1x ) - 3x ) ) ) ) - 6x )
Fitness = 191.111653319
Avg Fitness = 146.82244357
Duplicated = 38
============================================================================
Evaluate Gen  13
New Population 423
Better than Dads 36
Best Ind: ( ( ( 9x + 14.0 ) * ( ( 6y - ( ( 3x * 4y ) * 28.0 ) ) - ( 13.0 * ( 5x - 5y ) ) ) ) - ( 2x - 1y ) )
Fitness = 31.7890896877
Worst Ind: ( 3y + 5x )
Fitness = 185.594719273
Avg Fitness = 134.923041241
Duplicated = 48
============================================================================
Evaluate Gen  14
New Population 427
Better than Dads 35
Best Ind: ( ( ( 9x + 14.0 ) * ( ( 6y - ( ( 3x * 4y ) * 28.0 ) ) - ( 13.0 * ( 5x - 5y ) ) ) ) - ( 2x - 1y ) )
Fitness = 31.7890896877
Worst Ind: ( ( ( 7x - 9y ) - 10x ) * 1y )
Fitness = 158.945448439
Avg Fitness = 124.904710644
Duplicated = 44
============================================================================
Evaluate Gen  15
New Population 421
Better than Dads 33
Best Ind: ( ( ( 9x + 14.0 ) * ( ( 6y - ( ( 3x * 4y ) * 28.0 ) ) - ( 13.0 * ( 5x - 5y ) ) ) ) - ( 2x - 1y ) )
Fitness = 31.7890896877
Worst Ind: ( ( ( ( ( ( 4y * 1y ) - 20.0 ) * ( 60.0 - ( 5x * 1y ) ) ) * 49.0 ) * ( ( 2y - ( 89.0 * ( 1y - 2x ) ) ) - 5x ) ) - ( 3.0 + 3y ) )
Fitness = 150.0
Avg Fitness = 117.151474199
Duplicated = 40
============================================================================
Evaluate Gen  16
New Population 422
Better than Dads 36
Best Ind: ( ( ( 9x + 14.0 ) * ( ( 6y - ( ( 3x * 4y ) * 28.0 ) ) - ( 13.0 * ( 5x - 5y ) ) ) ) - ( 2x - 1y ) )
Fitness = 31.7890896877
Worst Ind: ( ( ( 87.0 + ( ( 9x + 2x ) * 2x ) ) - ( ( ( 9.0 * 42.0 ) - 4x ) + ( ( 14.0 - 8y ) * ( 10y + 5y ) ) ) ) - 4x )
Fitness = 127.407768879
Avg Fitness = 113.166295931
Duplicated = 43
============================================================================
Evaluate Gen  17
New Population 425
Better than Dads 29
Best Ind: ( ( ( 9x + 14.0 ) * ( ( 6y - ( ( 3x * 4y ) * 28.0 ) ) - ( 13.0 * ( 5x - 5y ) ) ) ) - ( 2x - 1y ) )
Fitness = 31.7890896877
Worst Ind: ( ( ( ( 8y - 46.0 ) * ( 8x - ( 93.0 - ( 61.0 - 3y ) ) ) ) - ( 59.0 * ( ( 11.0 + 62.0 ) - 8x ) ) ) - 4y )
Fitness = 127.156358751
Avg Fitness = 109.341634307
Duplicated = 36
============================================================================
Evaluate Gen  18
New Population 429
Better than Dads 35
Best Ind: ( ( ( 9x + 14.0 ) * ( ( 6y - ( ( 3x * 4y ) * 28.0 ) ) - ( 13.0 * ( 5x - 5y ) ) ) ) - ( 2x - 1y ) )
Fitness = 31.7890896877
Worst Ind: ( ( ( ( 2x - 46.0 ) * ( 8x - ( 93.0 - ( 61.0 - 3y ) ) ) ) - ( 59.0 * ( ( 11.0 + 62.0 ) - 8x ) ) ) - 4y )
Fitness = 127.156358751
Avg Fitness = 103.80239559
Duplicated = 40
============================================================================
Evaluate Gen  19
New Population 427
Better than Dads 26
Best Ind: ( 4y - ( ( ( 2x - ( 4x - 5y ) ) - 1y ) * ( 18.0 - 1y ) ) )
Fitness = 25.0
Worst Ind: ( ( ( 7x * ( ( 29.0 - ( 2y - 10x ) ) - 1y ) ) * 6y ) - ( 1x * ( 98.0 - 5x ) ) )
Fitness = 125.0
Avg Fitness = 97.0147790417
Duplicated = 41
============================================================================
Evaluate Gen  20
New Population 426
Better than Dads 36
Best Ind: ( 4y - ( ( ( 2x - ( 4x - 5y ) ) - 1y ) * ( 18.0 - 1y ) ) )
Fitness = 25.0
Worst Ind: ( ( 14.0 - 1y ) * 7x )
Fitness = 111.261813907
Avg Fitness = 92.2952820577
Duplicated = 30
============================================================================
Evaluate Gen  21
New Population 430
Better than Dads 32
Best Ind: ( 4y - ( ( ( 2x - ( 4x - 5y ) ) - 1y ) * ( 18.0 - 1y ) ) )
Fitness = 25.0
Worst Ind: ( 4y - ( ( ( 2x - ( 4x - 5y ) ) - 4y ) * ( 18.0 - 1y ) ) )
Fitness = 100.0
Avg Fitness = 88.5759890834
Duplicated = 28
============================================================================
Evaluate Gen  22
New Population 422
Better than Dads 25
Best Ind: ( 4y - ( ( ( 2x - ( 4x - 5y ) ) - 1y ) * ( 18.0 - 1y ) ) )
Fitness = 25.0
Worst Ind: ( ( ( ( 57.0 * ( 5x - 7x ) ) + 5y ) + ( 18.0 * 39.0 ) ) - ( ( ( 11.0 + 62.0 ) - 8x ) - 3x ) )
Fitness = 95.5558266595
Avg Fitness = 86.9368292998
Duplicated = 34
============================================================================
Evaluate Gen  23
New Population 426
Better than Dads 23
Best Ind: ( 4y - ( ( ( 2x - ( 4x - 5y ) ) - 1y ) * ( 18.0 - 1y ) ) )
Fitness = 25.0
Worst Ind: ( ( ( 7y * 8x ) - 3y ) - ( 45.0 - 3x ) )
Fitness = 95.5558266595
Avg Fitness = 85.2840167262
Duplicated = 42
============================================================================
Evaluate Gen  24
New Population 421
Better than Dads 26
Best Ind: ( 4y - ( ( ( 2x - ( 4x - 5y ) ) - 1y ) * ( 18.0 - 1y ) ) )
Fitness = 25.0
Worst Ind: ( ( ( 41.0 * ( ( 44.0 + 84.0 ) + 47.0 ) ) + ( ( 66.0 - 3x ) - 3y ) ) - ( 5x - 3y ) )
Fitness = 95.3672690632
Avg Fitness = 83.2168274772
Duplicated = 46
============================================================================
Evaluate Gen  25
New Population 424
Better than Dads 27
Best Ind: ( 4y - ( ( ( 2x - ( 4x - 5y ) ) - 1y ) * ( 18.0 - 1y ) ) )
Fitness = 25.0
Worst Ind: ( 7x - 3y )
Fitness = 95.3672690632
Avg Fitness = 80.9779364048
Duplicated = 44
============================================================================
Evaluate Gen  26
New Population 414
Better than Dads 27
Best Ind: ( 4y - ( ( ( 2x - ( 4x - 5y ) ) - 1y ) * ( 18.0 - 1y ) ) )
Fitness = 25.0
Worst Ind: ( ( ( ( ( 3y * 5x ) - ( 3x - 3y ) ) + ( ( 57.0 * ( 5x - 7x ) ) - 4y ) ) - ( ( ( ( 1y + 99.0 ) * 72.0 ) + ( 3x - 3y ) ) + ( ( ( 57.0 + 4x ) + 5y ) - ( ( 5y * 2y ) * ( 74.0 - 3x ) ) ) ) ) - 3y )
Fitness = 95.3672690632
Avg Fitness = 77.8481081601
Duplicated = 41
============================================================================
Evaluate Gen  27
New Population 432
Better than Dads 26
Best Ind: ( 4y - ( ( ( 2x - ( 4x - 5y ) ) - 1y ) * ( 18.0 - 1y ) ) )
Fitness = 25.0
Worst Ind: ( ( ( ( 57.0 * ( 5x - 7x ) ) + 5y ) + ( 18.0 * 39.0 ) ) - 3y )
Fitness = 95.3672690632
Avg Fitness = 72.9550976225
Duplicated = 37
============================================================================
Evaluate Gen  28
New Population 424
Better than Dads 30
Best Ind: ( 4y - ( ( ( 2x - ( 4x - 5y ) ) - 1y ) * ( 18.0 - 1y ) ) )
Fitness = 25.0
Worst Ind: ( ( ( 41.0 * ( ( 44.0 + ( 3y + 4y ) ) + 8x ) ) + ( 40.0 - ( ( 7x - ( 70.0 - 10y ) ) + 77.0 ) ) ) - ( 5x - 3y ) )
Fitness = 95.3672690632
Avg Fitness = 66.5664409908
Duplicated = 37
============================================================================
Evaluate Gen  29
New Population 422
Better than Dads 33
Best Ind: ( 4y - ( ( ( 2x - ( 4x - 5y ) ) - 1y ) * ( 18.0 - 1y ) ) )
Fitness = 25.0
Worst Ind: ( ( ( 89.0 + ( ( 2x + 2x ) + ( 10x - 82.0 ) ) ) - 48.0 ) - ( ( 2y - ( 4y - 3x ) ) * 1x ) )
Fitness = 75.0
Avg Fitness = 60.926569284
Duplicated = 47
============================================================================
Evaluate Gen  30
New Population 430
Better than Dads 36
Best Ind: ( 4y - ( ( ( 2x - ( 4x - 5y ) ) - 1y ) * ( 18.0 - 1y ) ) )
Fitness = 25.0
Worst Ind: ( ( 6y - 2x ) - ( ( 6x * 1y ) - 2x ) )
Fitness = 63.7038844396
Avg Fitness = 58.9367868446
Duplicated = 55
============================================================================
Evaluate Gen  31
New Population 438
Better than Dads 25
Best Ind: ( 4y - ( ( ( 2x - ( 4x - 5y ) ) - 1y ) * ( 18.0 - 1y ) ) )
Fitness = 25.0
Worst Ind: ( 3y - 2x )
Fitness = 63.7038844396
Avg Fitness = 57.9904612124
Duplicated = 54
============================================================================
Evaluate Gen  32
New Population 429
Better than Dads 34
Best Ind: ( 4y - ( ( ( 2x - ( 4x - 5y ) ) - 1y ) * ( 18.0 - 1y ) ) )
Fitness = 25.0
Worst Ind: ( ( ( ( ( 5x - 2x ) - 4y ) - 3y ) + ( 60.0 + 9y ) ) - 2x )
Fitness = 63.7038844396
Avg Fitness = 57.2914316889
Duplicated = 51
============================================================================
Evaluate Gen  33
New Population 434
Better than Dads 29
Best Ind: ( 4y - ( ( ( 2x - ( 4x - 5y ) ) - 1y ) * ( 18.0 - 1y ) ) )
Fitness = 25.0
Worst Ind: ( ( ( ( ( 41.0 * ( 11.0 + 62.0 ) ) + 5y ) + ( 18.0 * 39.0 ) ) - ( ( 14.0 - 1y ) * 7x ) ) - 2x )
Fitness = 63.7038844396
Avg Fitness = 55.9567992861
Duplicated = 47
============================================================================
Evaluate Gen  34
New Population 429
Better than Dads 31
Best Ind: ( 4y - ( ( ( 2x - ( 4x - 5y ) ) - 1y ) * ( 18.0 - 1y ) ) )
Fitness = 25.0
Worst Ind: ( ( 2y - 3y ) - 2x )
Fitness = 63.7038844396
Avg Fitness = 54.0653744782
Duplicated = 53
============================================================================
Evaluate Gen  35
New Population 437
Better than Dads 32
Best Ind: ( 4y - ( ( ( 2x - ( 4x - 5y ) ) - 1y ) * ( 18.0 - 1y ) ) )
Fitness = 25.0
Worst Ind: ( ( ( ( 1y + 63.0 ) - 3y ) - 8y ) - ( 74.0 - ( 6x - 2y ) ) )
Fitness = 63.5781793755
Avg Fitness = 51.7829336843
Duplicated = 57
============================================================================
Evaluate Gen  36
New Population 441
Better than Dads 31
Best Ind: ( 4y - ( ( ( 2x - ( 4x - 5y ) ) - 1y ) * ( 18.0 - 1y ) ) )
Fitness = 25.0
Worst Ind: ( ( ( 6y - ( ( ( 9.0 * 42.0 ) - 4x ) + ( ( 14.0 - 8y ) * ( 10y + 5y ) ) ) ) - ( ( 5x - 2x ) - 4y ) ) - 2y )
Fitness = 63.5781793755
Avg Fitness = 47.9263305854
Duplicated = 60
============================================================================
Evaluate Gen  37
New Population 439
Better than Dads 32
Best Ind: ( ( ( 6y - 6x ) - 1x ) * ( ( 6y - 6x ) - 1x ) )
Fitness = 25.0
Worst Ind: ( 1x * 4y )
Fitness = 63.5781793755
Avg Fitness = 42.1020206999
Duplicated = 64
============================================================================
Evaluate Gen  38
New Population 436
Better than Dads 35
Best Ind: ( 9y - ( ( ( ( 33.0 + 9x ) - ( 4x - 5y ) ) - 1x ) * ( 18.0 - 1y ) ) )
Fitness = 15.8945448439
Worst Ind: ( ( 8x + 9y ) - ( ( ( 2x - ( ( 9y - 6x ) - ( 14.0 - 1y ) ) ) - ( 1x * ( 98.0 - 5x ) ) ) * ( 18.0 - 1y ) ) )
Fitness = 52.8418210624
Avg Fitness = 35.3941853513
Duplicated = 64
============================================================================
Evaluate Gen  39
New Population 428
Better than Dads 26
Best Ind: ( 9y - ( ( ( ( 33.0 + 9x ) - ( 4x - 5y ) ) - 1x ) * ( 18.0 - 1y ) ) )
Fitness = 15.8945448439
Worst Ind: ( 16.0 - ( ( 6y - 6x ) - 1x ) )
Fitness = 31.8519422198
Avg Fitness = 31.6664942447
Duplicated = 58
============================================================================
Evaluate Gen  40
New Population 443
Better than Dads 34
Best Ind: ( 9y - ( ( ( ( 33.0 + 9x ) - ( 4x - 5y ) ) - 1x ) * ( 18.0 - 1y ) ) )
Fitness = 15.8945448439
Worst Ind: ( ( ( ( ( ( 14.0 - 1y ) * 7x ) + 10x ) * 6x ) + ( 1x * 7y ) ) - ( ( 2y - ( 14.0 - 1y ) ) - 1x ) )
Fitness = 31.8519422198
Avg Fitness = 31.6641896519
Duplicated = 57
============================================================================
Evaluate Gen  41
New Population 430
Better than Dads 26
Best Ind: ( 9y - ( ( ( ( 33.0 + 9x ) - ( 4x - 5y ) ) - 1x ) * ( 18.0 - 1y ) ) )
Fitness = 15.8945448439
Worst Ind: ( ( ( 14.0 - 1y ) * 7x ) - ( ( ( 3y * 1x ) - ( 4x - 5y ) ) - ( ( 6y - 6x ) - 1x ) ) )
Fitness = 31.8519422198
Avg Fitness = 31.6620945675
Duplicated = 52
============================================================================
Evaluate Gen  42
New Population 440
Better than Dads 22
Best Ind: ( 9y - ( ( ( ( 33.0 + 9x ) - ( 4x - 5y ) ) - 1x ) * ( 18.0 - 1y ) ) )
Fitness = 15.8945448439
Worst Ind: ( ( 2y - ( 1x - ( ( 14.0 - 1y ) - 95.0 ) ) ) - ( ( 6y - 6x ) - 1x ) )
Fitness = 31.8519422198
Avg Fitness = 31.6583234155
Duplicated = 49
============================================================================
Evaluate Gen  43
New Population 429
Better than Dads 24
Best Ind: ( 9y - ( ( ( ( 33.0 + 9x ) - ( 4x - 5y ) ) - 1x ) * ( 18.0 - 1y ) ) )
Fitness = 15.8945448439
Worst Ind: ( ( ( 14.0 - 1y ) * 7x ) - ( 6x - ( ( 6y - 6x ) - 1x ) ) )
Fitness = 31.8519422198
Avg Fitness = 31.6549712805
Duplicated = 49
============================================================================
Evaluate Gen  44
New Population 433
Better than Dads 24
Best Ind: ( 9y - ( ( ( ( 33.0 + 9x ) - ( 4x - 5y ) ) - 1x ) * ( 18.0 - 1y ) ) )
Fitness = 15.8945448439
Worst Ind: ( ( 2x - ( 4x - ( ( 3x - 3y ) - 2y ) ) ) - ( ( 6y - 6x ) - 1x ) )
Fitness = 31.8519422198
Avg Fitness = 31.602796904
Duplicated = 49
============================================================================
Evaluate Gen  45
New Population 432
Better than Dads 33
Best Ind: ( 9y - ( ( ( ( 33.0 + 9x ) - ( 4x - 5y ) ) - 1x ) * ( 18.0 - 1y ) ) )
Fitness = 15.8945448439
Worst Ind: ( 2x - ( ( 6y - 6x ) - 1x ) )
Fitness = 31.8519422198
Avg Fitness = 31.5948355833
Duplicated = 48
============================================================================
Evaluate Gen  46
New Population 429
Better than Dads 27
Best Ind: ( 9y - ( ( ( ( 33.0 + 9x ) - ( 4x - 5y ) ) - 1x ) * ( 18.0 - 1y ) ) )
Fitness = 15.8945448439
Worst Ind: ( ( 5y - ( ( 1x - 1x ) * 4y ) ) - ( ( 6y - 6x ) - 1x ) )
Fitness = 31.8519422198
Avg Fitness = 31.5843601613
Duplicated = 44
============================================================================
Evaluate Gen  47
New Population 447
Better than Dads 28
Best Ind: ( 9y - ( ( ( ( 33.0 + 9x ) - ( 4x - 5y ) ) - 1x ) * ( 18.0 - 1y ) ) )
Fitness = 15.8945448439
Worst Ind: ( ( ( ( ( 9y - 10.0 ) * ( 3x * 33.0 ) ) - ( ( 8y + 6x ) - 1x ) ) - ( ( 5x - 2x ) - 4y ) ) - ( 2y - ( 14.0 - 1y ) ) )
Fitness = 31.7890896877
Avg Fitness = 31.4938024652
Duplicated = 46
============================================================================
Evaluate Gen  48
New Population 438
Better than Dads 31
Best Ind: ( 9y - ( ( ( ( 33.0 + 9x ) - ( 4x - 5y ) ) - 1x ) * ( 18.0 - 1y ) ) )
Fitness = 15.8945448439
Worst Ind: ( ( 1x - 6x ) - ( 14.0 - 1y ) )
Fitness = 31.7890896877
Avg Fitness = 31.4408206491
Duplicated = 45
============================================================================
Evaluate Gen  49
New Population 425
Better than Dads 22
Best Ind: ( 9y - ( ( ( ( 33.0 + 9x ) - ( 4x - 5y ) ) - 1x ) * ( 18.0 - 1y ) ) )
Fitness = 15.8945448439
Worst Ind: ( ( ( 6y - ( 6y - 6x ) ) - ( 3y * 1y ) ) - 1y )
Fitness = 31.7890896877
Avg Fitness = 31.4408206491
Duplicated = 45
============================================================================
Evaluate Gen  50
New Population 415
Better than Dads 19
Best Ind: ( 9y - ( ( ( ( 33.0 + 9x ) - ( 4x - 5y ) ) - 1x ) * ( 18.0 - 1y ) ) )
Fitness = 15.8945448439
Worst Ind: ( ( ( 1x - ( 14.0 - 1y ) ) - 2x ) - 1y )
Fitness = 31.7890896877
Avg Fitness = 31.4408206491
Duplicated = 45
============================================================================
Evaluate Gen  51
New Population 429
Better than Dads 37
Best Ind: ( 9y - ( ( ( ( 33.0 + 9x ) - ( 4x - 5y ) ) - 1x ) * ( 18.0 - 1y ) ) )
Fitness = 15.8945448439
Worst Ind: ( ( ( 74.0 - ( ( 4y + 6x ) + ( 72.0 - 4y ) ) ) * ( 14.0 - 1y ) ) - 1y )
Fitness = 31.7890896877
Avg Fitness = 31.365208534
Duplicated = 44
============================================================================
Evaluate Gen  52
New Population 428
Better than Dads 23
Best Ind: ( 9y - ( ( ( ( 33.0 + 9x ) - ( 4x - 5y ) ) - 1x ) * ( 18.0 - 1y ) ) )
Fitness = 15.8945448439
Worst Ind: ( ( ( ( 8y + 6x ) - 1x ) * 1x ) - 1y )
Fitness = 31.7890896877
Avg Fitness = 31.1306509704
Duplicated = 45
============================================================================
Evaluate Gen  53
New Population 438
Better than Dads 24
Best Ind: ( 9y - ( ( ( ( 33.0 + 9x ) - ( 4x - 5y ) ) - 1x ) * ( 18.0 - 1y ) ) )
Fitness = 15.8945448439
Worst Ind: ( 2x - 1y )
Fitness = 31.7890896877
Avg Fitness = 31.0324085563
Duplicated = 46
============================================================================
Evaluate Gen  54
New Population 435
Better than Dads 27
Best Ind: ( 9y - ( ( ( ( 33.0 + 9x ) - ( 4x - 5y ) ) - 1x ) * ( 18.0 - 1y ) ) )
Fitness = 15.8945448439
Worst Ind: ( ( ( 9y - 1x ) - ( ( 5x - 2x ) - 4y ) ) - ( 2y - ( 14.0 - 1y ) ) )
Fitness = 31.7890896877
Avg Fitness = 30.8986582714
Duplicated = 47
============================================================================
Evaluate Gen  55
New Population 440
Better than Dads 30
Best Ind: ( 9y - ( ( ( ( 33.0 + 9x ) - ( 4x - 5y ) ) - 1x ) * ( 18.0 - 1y ) ) )
Fitness = 15.8945448439
Worst Ind: ( ( ( ( ( 4x - 5y ) - ( ( 6y - 6x ) - 1x ) ) - 6x ) - ( ( 5x - 2x ) - 4y ) ) - ( 2y - ( 14.0 - 1y ) ) )
Fitness = 31.7890896877
Avg Fitness = 30.8757479823
Duplicated = 47
============================================================================
Evaluate Gen  56
New Population 428
Better than Dads 27
Best Ind: ( 9y - ( ( ( ( 33.0 + 9x ) - ( 4x - 5y ) ) - 1x ) * ( 18.0 - 1y ) ) )
Fitness = 15.8945448439
Worst Ind: ( ( ( ( 5y * ( ( 6y - 6x ) * 7y ) ) - ( ( 4y + 6x ) + ( 72.0 - 4y ) ) ) * ( 14.0 - 1y ) ) - 1y )
Fitness = 31.7890896877
Avg Fitness = 30.747154051
Duplicated = 47
============================================================================
Evaluate Gen  57
New Population 434
Better than Dads 31
Best Ind: ( 9y - ( ( ( ( 33.0 + 9x ) - ( 4x - 5y ) ) - 1x ) * ( 18.0 - 1y ) ) )
Fitness = 15.8945448439
Worst Ind: ( ( ( ( 33.0 - ( 2y - 10x ) ) - 10y ) - 1y ) - ( ( 8x - ( 93.0 - ( 61.0 - 3y ) ) ) - 1y ) )
Fitness = 31.7890896877
Avg Fitness = 30.6715419359
Duplicated = 47
============================================================================
Evaluate Gen  58
New Population 441
Better than Dads 30
Best Ind: ( 1y * ( 1x * 1x ) )
Fitness = 10.5683642125
Worst Ind: ( ( ( 74.0 - ( 9y - 1x ) ) * ( ( 6y - 6x ) - 1x ) ) - 1y )
Fitness = 31.7890896877
Avg Fitness = 30.5555455864
Duplicated = 46
============================================================================
Evaluate Gen  59
New Population 430
Better than Dads 28
Best Ind: ( 1y * ( 1x * 1x ) )
Fitness = 10.5683642125
Worst Ind: ( ( ( ( 5y * ( 1x * 1x ) ) - ( ( 4y + 6x ) + ( 72.0 - 4y ) ) ) * ( 14.0 - 1y ) ) - 1y )
Fitness = 31.7890896877
Avg Fitness = 30.3816910572
Duplicated = 46
============================================================================
Evaluate Gen  60
New Population 427
Better than Dads 21
Best Ind: ( 1y * ( 1x * 1x ) )
Fitness = 10.5683642125
Worst Ind: ( ( ( 95.0 + ( 6y - ( 1x * ( 2x - 1y ) ) ) ) + 11.0 ) - ( ( 8x - ( 93.0 - ( 61.0 - 3y ) ) ) - 1y ) )
Fitness = 31.7890896877
Avg Fitness = 30.0622319406
Duplicated = 45
============================================================================
Evaluate Gen  61
New Population 435
Better than Dads 29
Best Ind: ( 1y * ( 1x * 1x ) )
Fitness = 10.5683642125
Worst Ind: ( ( 6y - 6x ) - 1y )
Fitness = 31.7890896877
Avg Fitness = 29.7368031244
Duplicated = 39
============================================================================
Evaluate Gen  62
New Population 434
Better than Dads 26
Best Ind: ( 1y * ( 1x * 1x ) )
Fitness = 10.5683642125
Worst Ind: ( ( ( 7x + ( 6y - ( 1x * 3y ) ) ) + 11.0 ) - ( ( 8x - ( 93.0 - ( 61.0 - 3y ) ) ) - 1y ) )
Fitness = 31.7890896877
Avg Fitness = 29.2912014323
Duplicated = 35
============================================================================
Evaluate Gen  63
New Population 428
Better than Dads 30
Best Ind: ( 1y * ( 1x * 1x ) )
Fitness = 10.5683642125
Worst Ind: ( ( ( 1y - ( 14.0 - 1y ) ) - 2x ) - 1y )
Fitness = 31.7890896877
Avg Fitness = 28.777359063
Duplicated = 36
============================================================================
Evaluate Gen  64
New Population 427
Better than Dads 25
Best Ind: ( 1y * ( 1x * 1x ) )
Fitness = 10.5683642125
Worst Ind: ( ( ( 74.0 - ( 9y - 1x ) ) * 1y ) - ( ( 8y - ( ( ( 3y + 6x ) + ( 72.0 - 4y ) ) - 2x ) ) * 1y ) )
Fitness = 31.7890896877
Avg Fitness = 27.8963983196
Duplicated = 39
============================================================================
Evaluate Gen  65
New Population 418
Better than Dads 29
Best Ind: ( 1y * ( 1x * 1x ) )
Fitness = 10.5683642125
Worst Ind: ( 9y - ( ( ( ( 6y + 8x ) - 2y ) - 1x ) * ( ( ( 14.0 - 1y ) * 6x ) - 2y ) ) )
Fitness = 31.7890896877
Avg Fitness = 26.8341849844
Duplicated = 37
============================================================================
Evaluate Gen  66
New Population 427
Better than Dads 42
Best Ind: ( 1y * ( 1x * 1x ) )
Fitness = 10.5683642125
Worst Ind: ( ( ( 74.0 - ( 2x - 1y ) ) * ( ( 6y - 6x ) - 1x ) ) - ( ( 8y - ( ( ( 3y + 6x ) + ( 72.0 - 4y ) ) - 2x ) ) * 1y ) )
Fitness = 31.7890896877
Avg Fitness = 25.0662192062
Duplicated = 41
============================================================================
Evaluate Gen  67
New Population 430
Better than Dads 44
Best Ind: ( 1y * ( 1x * 1x ) )
Fitness = 10.5683642125
Worst Ind: ( ( 4y - ( ( ( 1x * ( 98.0 - 5x ) ) * 1y ) - 5y ) ) - ( ( ( 3x - 3y ) - 2x ) * 1y ) )
Fitness = 31.7890896877
Avg Fitness = 22.8911415941
Duplicated = 40
============================================================================
Evaluate Gen  68
New Population 441
Better than Dads 31
Best Ind: ( 1y * ( 1x * 1x ) )
Fitness = 10.5683642125
Worst Ind: ( ( 2x - 1y ) * 1y )
Fitness = 25.0
Avg Fitness = 21.553441017
Duplicated = 37
============================================================================
Evaluate Gen  69
New Population 444
Better than Dads 43
Best Ind: ( ( 8x + ( ( 1x - ( 14.0 - 1y ) ) - ( 6y - 6x ) ) ) - ( ( ( 1x * 1y ) * 1y ) * ( 18.0 - 1y ) ) )
Fitness = 7.97885476654
Worst Ind: ( ( 8x + 9y ) - ( ( 4y - ( 14.0 - 1y ) ) * ( 18.0 - 1y ) ) )
Fitness = 25.0
Avg Fitness = 20.5246418009
Duplicated = 36
============================================================================
Evaluate Gen  70
New Population 436
Better than Dads 38
Best Ind: ( ( 8x + ( ( 1x - ( 14.0 - 1y ) ) - ( 6y - 6x ) ) ) - ( ( ( 1x * 1y ) * 1y ) * ( 18.0 - 1y ) ) )
Fitness = 7.97885476654
Worst Ind: ( ( ( 1x - 1y ) * 1y ) - ( ( ( ( ( 4x - 5y ) - ( 14.0 - 1y ) ) - ( 4x - 5y ) ) - ( 14.0 - 1y ) ) * ( 18.0 - 1y ) ) )
Fitness = 25.0
Avg Fitness = 19.0548219006
Duplicated = 35
============================================================================
Evaluate Gen  71
New Population 439
Better than Dads 50
Best Ind: ( ( 8x + ( ( 1x - ( 14.0 - 1y ) ) - ( 6y - 6x ) ) ) - ( ( ( 1x * 1y ) * 1y ) * ( 18.0 - 1y ) ) )
Fitness = 7.97885476654
Worst Ind: ( ( ( 74.0 - ( ( ( 60.0 + 9y ) + 9y ) - 1x ) ) * 1y ) - ( ( ( ( ( 6y + 8x ) - 2y ) - 1x ) * ( ( ( 14.0 - 1y ) * 6x ) - 2y ) ) * ( 18.0 - 1y ) ) )
Fitness = 21.2626825222
Avg Fitness = 17.1191486569
Duplicated = 34
============================================================================
Evaluate Gen  72
New Population 425
Better than Dads 47
Best Ind: ( ( ( ( ( 1x - ( 14.0 - 1y ) ) - 2x ) - 1y ) * ( 18.0 - 1y ) ) * ( 1x * 1y ) )
Fitness = 7.97885476654
Worst Ind: ( ( ( 2x - 1y ) * 1y ) * ( ( ( 1x + ( 6y - ( 9y - 1x ) ) ) + 11.0 ) - ( 6y - 1y ) ) )
Fitness = 21.2207254752
Avg Fitness = 15.9016221382
Duplicated = 34
============================================================================
Evaluate Gen  73
New Population 448
Better than Dads 52
Best Ind: ( ( ( 1x - 1y ) * ( ( ( 1x - 1x ) * 1y ) * 1y ) ) * 1x )
Fitness = 4.24419871646
Worst Ind: ( ( ( ( 1x + 8x ) - 2y ) - ( 5y - 1x ) ) * ( 14.0 - 1y ) )
Fitness = 15.8945448439
Avg Fitness = 14.4046043142
Duplicated = 38
============================================================================
Evaluate Gen  74
New Population 441
Better than Dads 41
Best Ind: ( ( ( 1x - 1y ) * ( ( ( 1x - 1x ) * 1y ) * 1y ) ) * 1x )
Fitness = 4.24419871646
Worst Ind: ( ( ( ( 2x - ( 4x - 5y ) ) + 6x ) - 1x ) * ( 14.0 - 1y ) )
Fitness = 15.8945448439
Avg Fitness = 13.956835505
Duplicated = 32
============================================================================
Evaluate Gen  75
New Population 433
Better than Dads 40
Best Ind: ( ( ( 1x - 1y ) * ( ( ( 1x - 1x ) * 1y ) * 1y ) ) * 1x )
Fitness = 4.24419871646
Worst Ind: ( ( ( ( 2x - ( 4x - 5y ) ) + 6x ) - 1x ) * ( 14.0 - 1y ) )
Fitness = 15.8945448439
Avg Fitness = 13.5675061472
Duplicated = 26
============================================================================
Evaluate Gen  76
New Population 443
Better than Dads 43
Best Ind: ( ( ( 1x - 1y ) * ( ( ( 1x - 1x ) * 1y ) * 1y ) ) * 1x )
Fitness = 4.24419871646
Worst Ind: ( ( ( ( ( 14.0 - 1y ) - 2x ) * 1y ) - 1x ) * ( ( 6y - 6x ) - ( 14.0 - 1y ) ) )
Fitness = 15.8945448439
Avg Fitness = 12.8997235282
Duplicated = 25
============================================================================
Evaluate Gen  77
New Population 439
Better than Dads 49
Best Ind: ( ( ( 1x - 1y ) * ( ( ( 1x - 1x ) * 1y ) * 1y ) ) * 1x )
Fitness = 4.24419871646
Worst Ind: ( ( 2x - ( 14.0 - 1y ) ) - ( ( 1y - ( 14.0 - 1y ) ) * 1x ) )
Fitness = 15.8945448439
Avg Fitness = 11.9096940299
Duplicated = 22
============================================================================
Evaluate Gen  78
New Population 433
Better than Dads 44
Best Ind: ( ( ( ( ( 6y + 8x ) - 2x ) - 1x ) * ( ( 2x - 1y ) * 1y ) ) * ( 1x * 1x ) )
Fitness = 4.24407320683
Worst Ind: ( ( ( 1y - ( 1x * 1y ) ) * ( ( 4y + 2x ) + ( 72.0 - 4y ) ) ) - ( ( ( ( ( 6y + 8x ) - 2y ) - 1x ) * ( ( ( 14.0 - 1y ) * 6x ) - 2y ) ) * ( ( 9y - 1x ) * 1x ) ) )
Fitness = 15.8313801546
Avg Fitness = 10.6333320174
Duplicated = 27
============================================================================
Evaluate Gen  79
New Population 429
Better than Dads 46
Best Ind: ( ( 1y * ( ( ( 1y * 1x ) - 6x ) - 1x ) ) * ( ( ( ( 14.0 - 1y ) - ( 14.0 - 1y ) ) * ( 1y * ( 14.0 - 1y ) ) ) * ( ( 6y - 6x ) - 1x ) ) )
Fitness = 3.125
Worst Ind: ( ( ( 74.0 - 1x ) - ( ( ( 2x - 1y ) - 1x ) - 1y ) ) * ( ( ( 1x - 1x ) * 1y ) * 2x ) )
Fitness = 12.5
Avg Fitness = 9.78289114757
Duplicated = 28
============================================================================
Evaluate Gen  80
New Population 431
Better than Dads 47
Best Ind: ( ( 1y * ( ( ( 1y * 1x ) - 6x ) - 1x ) ) * ( ( ( ( 14.0 - 1y ) - ( 14.0 - 1y ) ) * ( 1y * ( 14.0 - 1y ) ) ) * ( ( 6y - 6x ) - 1x ) ) )
Fitness = 3.125
Worst Ind: ( 4y - ( ( 1x * 1y ) * 1y ) )
Fitness = 10.6313412611
Avg Fitness = 9.54817025034
Duplicated = 25
============================================================================
Evaluate Gen  81
New Population 447
Better than Dads 43
Best Ind: ( ( 1y * ( ( ( 1y * 1x ) - 6x ) - 1x ) ) * ( ( ( ( 14.0 - 1y ) - ( 14.0 - 1y ) ) * ( 1y * ( 14.0 - 1y ) ) ) * ( ( 6y - 6x ) - 1x ) ) )
Fitness = 3.125
Worst Ind: ( ( ( ( ( 6y - ( 5y + 8x ) ) - 1x ) * ( ( 74.0 - ( 5y - 1x ) ) - 1x ) ) - ( ( 1x - 1y ) * ( 18.0 - 1y ) ) ) * ( ( ( 6y + 8x ) - 2y ) - 1x ) )
Fitness = 10.6313412611
Avg Fitness = 9.20961460935
Duplicated = 18
============================================================================
Evaluate Gen  82
New Population 434
Better than Dads 42
Best Ind: ( ( 1y * ( ( ( 1y * 1x ) - 6x ) - 1x ) ) * ( ( ( ( 14.0 - 1y ) - ( 14.0 - 1y ) ) * ( 1y * ( 14.0 - 1y ) ) ) * ( ( 6y - 6x ) - 1x ) ) )
Fitness = 3.125
Worst Ind: ( ( ( 74.0 - ( 93.0 - 1x ) ) * ( 14.0 - 1y ) ) * ( ( ( ( ( 72.0 - 4y ) - ( 14.0 - 1y ) ) - ( 4x - 5y ) ) - ( 14.0 - 1y ) ) - ( 1x - 1y ) ) )
Fitness = 10.6313412611
Avg Fitness = 8.7433037593
Duplicated = 31
============================================================================
Evaluate Gen  83
New Population 436
Better than Dads 50
Best Ind: ( ( ( ( 6y - 6x ) - 1x ) * 1x ) * ( ( ( 1x * 1y ) * 1y ) * ( ( 1x - 1y ) * ( 18.0 - 1y ) ) ) )
Fitness = 1.81885452916
Worst Ind: ( 1x * ( 1x * ( ( 1x - ( 4x - 5y ) ) - ( 14.0 - 1y ) ) ) )
Fitness = 10.5683642125
Avg Fitness = 8.03717613685
Duplicated = 23
============================================================================
Evaluate Gen  84
New Population 425
Better than Dads 52
Best Ind: ( ( ( 1x - 1y ) * ( ( ( 1x - 1x ) * 1y ) * 1y ) ) * ( ( ( 4y - 1y ) * ( ( 1x * 1y ) * 1y ) ) * ( ( 1x * 7y ) - 1y ) ) )
Fitness = 1.61681212908
Worst Ind: ( ( ( ( 1y * ( 14.0 - 1y ) ) - ( ( 1x * ( 18.0 - 1y ) ) * ( 18.0 - 1y ) ) ) - 1x ) * ( ( 1y - ( 5y - 1x ) ) * ( 14.0 - 1y ) ) )
Fitness = 10.5683642125
Avg Fitness = 7.24713921716
Duplicated = 25
============================================================================
Evaluate Gen  85
New Population 427
Better than Dads 50
Best Ind: ( ( ( 1x - 1y ) * ( ( ( 1x - 1x ) * 1y ) * 1y ) ) * ( ( ( 4y - 1y ) * ( ( 1x * 1y ) * 1y ) ) * ( ( 1x * 7y ) - 1y ) ) )
Fitness = 1.61681212908
Worst Ind: ( ( ( ( 9y - 6x ) - ( 1x * ( 18.0 - 1y ) ) ) * 1y ) * ( 14.0 - 1y ) )
Fitness = 7.97885476654
Avg Fitness = 6.52193765963
Duplicated = 26
============================================================================
Evaluate Gen  86
New Population 430
Better than Dads 38
Best Ind: ( ( ( ( 1y * 1y ) * ( ( 9y - 1x ) * 1x ) ) * ( ( 1y - ( 5y - 1x ) ) * ( ( 2x - 1y ) * 1y ) ) ) * ( ( 1x * 7y ) - 1y ) )
Fitness = 1.32623131715
Worst Ind: ( ( ( 1x * 1y ) * ( 1x - 1y ) ) * ( ( ( ( ( 1y + 8x ) - 2y ) - 1x ) - ( ( 6y - 6x ) - 1x ) ) - ( 14.0 - 1y ) ) )
Fitness = 7.97885476654
Avg Fitness = 6.19061598699
Duplicated = 27
============================================================================
Evaluate Gen  87
New Population 437
Better than Dads 55
Best Ind: ( ( ( 1x - 1x ) * ( ( ( 1y - 1x ) * ( 14.0 - 1y ) ) * 1x ) ) * ( ( ( ( 11.0 - 2y ) - ( 5y - 1x ) ) * ( 14.0 - 1y ) ) * ( ( 1x - 1y ) * ( 18.0 - 1y ) ) ) )
Fitness = 1.171875
Worst Ind: ( ( ( 6y - 6x ) - 1x ) * ( ( 1y - ( ( 2x - 1y ) - 1x ) ) * ( ( ( 2y - ( 14.0 - 1y ) ) - 1x ) * 1y ) ) )
Fitness = 7.91569007732
Avg Fitness = 5.61103152717
Duplicated = 25
============================================================================
Evaluate Gen  88
New Population 442
Better than Dads 50
Best Ind: ( ( 1y * 1x ) * ( 9y - ( ( ( 1y * 1y ) * ( ( 9y - 1x ) * 1x ) ) * ( ( 1y - ( 5y - 1x ) ) * ( ( 2x - 1y ) * 1y ) ) ) ) )
Fitness = 0.808405538482
Worst Ind: ( ( 1y * ( ( 1y - ( 5y - 1x ) ) * ( ( 2x - 1y ) * 1y ) ) ) * ( ( 1x * 7y ) - 1y ) )
Fitness = 6.38726805427
Avg Fitness = 5.00696152496
Duplicated = 25
============================================================================
Evaluate Gen  89
New Population 425
Better than Dads 55
Best Ind: ( ( 1y * 1x ) * ( 9y - ( ( ( 1y * 1y ) * ( ( 9y - 1x ) * 1x ) ) * ( ( 1y - ( 5y - 1x ) ) * ( ( 2x - 1y ) * 1y ) ) ) ) )
Fitness = 0.808405538482
Worst Ind: ( ( ( 1x * 1y ) * ( ( ( 1x * 1y ) * 1y ) - ( 14.0 - 1y ) ) ) * ( 74.0 - ( 9y - 1x ) ) )
Fitness = 6.25
Avg Fitness = 4.6790544986
Duplicated = 21
============================================================================
Evaluate Gen  90
New Population 440
Better than Dads 54
Best Ind: ( ( 1y * 1x ) * ( 9y - ( ( ( 1y * 1y ) * ( ( 9y - 1x ) * 1x ) ) * ( ( 1y - ( 5y - 1x ) ) * ( ( 2x - 1y ) * 1y ) ) ) ) )
Fitness = 0.808405538482
Worst Ind: ( ( 1x * 1y ) * ( 1x * ( 14.0 - 1y ) ) )
Fitness = 6.25
Avg Fitness = 4.18822801549
Duplicated = 18
============================================================================
Evaluate Gen  91
New Population 427
Better than Dads 64
Best Ind: ( ( 1y * 1x ) * ( 9y - ( ( ( 1y * 1y ) * ( ( 9y - 1x ) * 1x ) ) * ( ( 1y - ( 5y - 1x ) ) * ( ( 2x - 1y ) * 1y ) ) ) ) )
Fitness = 0.808405538482
Worst Ind: ( ( ( 1x * 2x ) - ( ( 1x * 1y ) * ( 14.0 - 1y ) ) ) * ( ( ( ( 6y - 6x ) - 1x ) - 1y ) * ( ( 2x - 1y ) * 1y ) ) )
Fitness = 5.32626408214
Avg Fitness = 3.71348488887
Duplicated = 19
============================================================================
Evaluate Gen  92
New Population 425
Better than Dads 58
Best Ind: ( ( ( ( 1x * ( 18.0 - 1y ) ) * ( 18.0 - 1y ) ) * ( ( 1x * 1y ) * ( ( 1y * 1x ) * ( 18.0 - 1y ) ) ) ) * ( ( 2x - 1y ) * ( ( 2x + ( 8x + 9y ) ) - ( 1x - 1y ) ) ) )
Fitness = 0.795714855936
Worst Ind: ( ( 1x * 1y ) * ( ( ( ( ( 6y - 6x ) - 1x ) - ( 5y - 1x ) ) * ( 14.0 - 1y ) ) * ( 14.0 - 1y ) ) )
Fitness = 4.24419871646
Avg Fitness = 3.4082602816
Duplicated = 19
============================================================================
Evaluate Gen  93
New Population 430
Better than Dads 63
Best Ind: ( ( ( ( ( 3x * 1x ) - ( 1x - 1y ) ) - 6x ) - ( ( 1x * 1y ) * ( ( 1x * 1y ) * 1y ) ) ) * ( ( 1y * ( ( ( 1y * 1x ) - 6x ) - 1x ) ) * ( ( ( ( 14.0 - 1y ) - ( 14.0 - 1y ) ) * ( 1y * ( 14.0 - 1y ) ) ) * ( ( 6y - 6x ) - 1x ) ) ) )
Fitness = 0.44094876913
Worst Ind: ( ( ( ( 9y - 6x ) - ( 1x * ( 18.0 - 1y ) ) ) * 1y ) * ( ( ( ( 14.0 - ( 14.0 - 1y ) ) + ( 6y - 8x ) ) + 11.0 ) - ( 1x * 1y ) ) )
Fitness = 4.24419871646
Avg Fitness = 3.1779713783
Duplicated = 18
============================================================================
Evaluate Gen  94
New Population 417
Better than Dads 56
Best Ind: ( ( ( ( ( 3x * 1x ) - ( 1x - 1y ) ) - 6x ) - ( ( 1x * 1y ) * ( ( 1x * 1y ) * 1y ) ) ) * ( ( 1y * ( ( ( 1y * 1x ) - 6x ) - 1x ) ) * ( ( ( ( 14.0 - 1y ) - ( 14.0 - 1y ) ) * ( 1y * ( 14.0 - 1y ) ) ) * ( ( 6y - 6x ) - 1x ) ) ) )
Fitness = 0.44094876913
Worst Ind: ( ( ( ( 1y - 6x ) - 1x ) * 1x ) * ( ( 1x * 1y ) * 1y ) )
Fitness = 4.24407320683
Avg Fitness = 2.92624354203
Duplicated = 20
============================================================================
Evaluate Gen  95
New Population 430
Better than Dads 58
Best Ind: ( ( ( ( ( 3x * 1x ) - ( 1x - 1y ) ) - 6x ) - ( ( 1x * 1y ) * ( ( 1x * 1y ) * 1y ) ) ) * ( ( 1y * ( ( ( 1y * 1x ) - 6x ) - 1x ) ) * ( ( ( ( 14.0 - 1y ) - ( 14.0 - 1y ) ) * ( 1y * ( 14.0 - 1y ) ) ) * ( ( 6y - 6x ) - 1x ) ) ) )
Fitness = 0.44094876913
Worst Ind: ( ( ( 1x - ( 14.0 - 1y ) ) * ( ( ( 1x * 1y ) - ( 1x * ( 9y - 1x ) ) ) * ( 14.0 - 1y ) ) ) * ( ( 6y - 6x ) - 1x ) )
Fitness = 4.24407320683
Avg Fitness = 2.58190525951
Duplicated = 21
============================================================================
Evaluate Gen  96
New Population 410
Better than Dads 51
Best Ind: ( ( ( ( ( 3x * 1x ) - ( 1x - 1y ) ) - 6x ) - ( ( 1x * 1y ) * ( ( 1x * 1y ) * 1y ) ) ) * ( ( 1y * ( ( ( 1y * 1x ) - 6x ) - 1x ) ) * ( ( ( ( 14.0 - 1y ) - ( 14.0 - 1y ) ) * ( 1y * ( 14.0 - 1y ) ) ) * ( ( 6y - 6x ) - 1x ) ) ) )
Fitness = 0.44094876913
Worst Ind: ( ( ( ( 1x * ( 18.0 - 1y ) ) * 1y ) * 1x ) * ( ( 2x - 1y ) * ( ( 2x + ( 8x + 9y ) ) - ( 1x - 1y ) ) ) )
Fitness = 3.125
Avg Fitness = 2.35347558251
Duplicated = 24
============================================================================
Evaluate Gen  97
New Population 432
Better than Dads 69
Best Ind: ( ( ( 2x - ( 1x * 1y ) ) * ( ( 2y - 1x ) * ( ( 1y * 1x ) * ( 1x * 1y ) ) ) ) * ( 1x * ( ( 1x * 1y ) * 1y ) ) )
Fitness = 0.367456769353
Worst Ind: ( ( ( ( 2x - ( 1x * 1x ) ) * ( 1x * 1y ) ) - ( ( 1x * ( 18.0 - 1y ) ) * 1x ) ) * ( ( 4y * 1x ) - ( ( 1x * 1y ) * 1y ) ) )
Fitness = 2.65259068441
Avg Fitness = 2.16706336365
Duplicated = 32
============================================================================
Evaluate Gen  98
New Population 429
Better than Dads 68
Best Ind: ( ( ( 2x - ( 1x * 1y ) ) * ( ( 2y - 1x ) * ( ( 1y * 1x ) * ( 1x * 1y ) ) ) ) * ( 1x * ( ( 1x * 1y ) * 1y ) ) )
Fitness = 0.367456769353
Worst Ind: ( ( ( 14.0 - 1y ) - ( 1x - 1x ) ) * ( ( 74.0 - ( 1y - 1x ) ) * ( ( ( 4y * 1x ) - ( ( 1x * 1y ) * 1y ) ) * 1y ) ) )
Fitness = 2.65259068441
Avg Fitness = 2.05671821756
Duplicated = 31
============================================================================
Evaluate Gen  99
New Population 429
Better than Dads 67
Best Ind: ( ( ( 2x - ( 1x * 1y ) ) * ( ( 2y - 1x ) * ( ( 1y * 1x ) * ( 1x * 1y ) ) ) ) * ( 1x * ( ( 1x * 1y ) * 1y ) ) )
Fitness = 0.367456769353
Worst Ind: ( ( ( ( ( 1x * ( 1x * 7y ) ) * ( 33.0 - 6y ) ) - 1y ) * ( ( 1y * 1x ) * ( 18.0 - 1y ) ) ) * ( ( ( 6y + 8x ) - 2y ) - ( ( ( 2y - ( 1x - 1y ) ) - 1x ) * 1x ) ) )
Fitness = 2.65259068441
Avg Fitness = 1.89110793331
Duplicated = 31
============================================================================
Evaluate Gen  100
New Population 426
Better than Dads 62
Best Ind: ( ( ( 2x - ( 1x * 1y ) ) * ( ( 2y - 1x ) * ( ( 1y * 1x ) * ( 1x * 1y ) ) ) ) * ( 1x * ( ( 1x * 1y ) * 1y ) ) )
Fitness = 0.367456769353
Worst Ind: ( ( ( 1y - 1y ) * ( ( ( 8y - 1x ) * 1x ) * 1y ) ) * ( 1x * 1y ) )
Fitness = 2.65259068441
Avg Fitness = 1.72518830822
Duplicated = 28
