dataset_file= dataset/SR_circle.txt
population= 500
generations= 100
tournament_size= 5
cross_over= 0.6
mutation= 0.3
elitism= True
(50, 2)
============================================================================
Build initial population
ind: 1
( ( ( ( ( ( 88.0 - 22.0 ) - 63.0 ) * 2.0 ) * 12.0 ) * ( 8x + 7y ) ) - ( 3x - ( ( ( ( 46.0 * 46.0 ) - ( 1y - 66.0 ) ) * 3y ) * ( ( ( 99.0 * 10x ) * 5x ) - ( 9y - 92.0 ) ) ) ) )
ind: 2
( 53.0 * ( 100.0 + ( ( ( ( 41.0 - 6.0 ) - 85.0 ) - ( 7x * ( 50.0 - 82.0 ) ) ) - 1y ) ) )
ind: 3
( ( ( 54.0 * ( 39.0 - 86.0 ) ) + 1x ) - 2y )
ind: 4
( ( ( ( 66.0 + ( ( 10x * 5x ) - 9y ) ) - 8.0 ) + ( 92.0 * ( ( 68.0 - ( 7x * 6y ) ) * ( ( 75.0 + 1x ) * ( 44.0 * 9x ) ) ) ) ) * ( 31.0 * ( ( 2x - 24.0 ) * 33.0 ) ) )
ind: 5
( 13.0 + ( 5x - ( 6x * 5y ) ) )
ind: 6
( ( ( ( 2.0 + ( ( 7y * 2y ) * 92.0 ) ) - 1x ) + 39.0 ) - 55.0 )
ind: 7
( ( ( ( 5x * 79.0 ) - ( 73.0 + 2y ) ) - ( ( 43.0 + ( 8x - ( 5y - 67.0 ) ) ) * ( 8x - ( 4x * ( 84.0 - 1.0 ) ) ) ) ) + 10x )
ind: 8
( ( 70.0 + ( 9y - 77.0 ) ) + ( 7x * 4y ) )
ind: 9
( ( ( 62.0 + ( ( 10.0 * 7x ) - 10x ) ) * 1y ) * ( 3.0 * 53.0 ) )
ind: 10
( ( 6x * ( 2y - ( 1y - ( ( 9x - 2y ) + 10x ) ) ) ) * 93.0 )
ind: 11
( ( ( 6y + 4y ) + 2x ) + 86.0 )
ind: 12
( ( 73.0 - ( ( ( 6x * ( 2x - 6y ) ) * 6x ) * ( ( 8.0 * 9x ) - 8y ) ) ) + 84.0 )
ind: 13
( ( ( 1y + ( ( ( 92.0 + 81.0 ) * 10x ) - 6x ) ) * ( 1y - 3.0 ) ) - 3y )
ind: 14
( ( ( ( 4y * 46.0 ) - ( 44.0 + ( ( 63.0 * 8.0 ) + ( 39.0 - 84.0 ) ) ) ) + ( 54.0 * ( 5x - ( 91.0 - 7x ) ) ) ) * ( 7y - 1y ) )
ind: 15
( 2y - 2x )
ind: 16
( ( ( 4x - ( ( ( 2y * 24.0 ) + 50.0 ) + ( 36.0 + 62.0 ) ) ) + 1y ) - ( 80.0 - ( 92.0 - 22.0 ) ) )
ind: 17
( ( 73.0 * 5x ) - ( 67.0 * ( 9x + ( 87.0 - ( 22.0 - ( 4y - 30.0 ) ) ) ) ) )
ind: 18
( ( 3x + ( 41.0 + 7y ) ) - ( ( 3y * ( ( 59.0 + 2y ) - 9y ) ) + 25.0 ) )
ind: 19
( ( 8x * ( ( ( 27.0 + 62.0 ) + 8x ) + ( 14.0 * ( ( 81.0 - 8x ) * 8y ) ) ) ) - ( 23.0 * 86.0 ) )
ind: 20
( 3x + ( 82.0 + 5y ) )
ind: 21
( ( ( 4y + 5y ) - ( ( 62.0 + ( 6y - 6x ) ) + 71.0 ) ) * ( 7x + ( ( 3y - 2y ) - 3y ) ) )
ind: 22
( 92.0 - ( ( ( ( ( 1x * 43.0 ) - ( 4y * 6x ) ) * ( ( 3y - 74.0 ) + ( 8x - 10x ) ) ) - 10x ) + ( ( ( ( 2y + 33.0 ) + 6.0 ) * ( 7x + ( 34.0 * 83.0 ) ) ) * 75.0 ) ) )
ind: 23
( ( ( ( ( 8y + 43.0 ) - 1x ) * ( 21.0 - ( 4x * 4y ) ) ) - ( 7.0 * ( 61.0 + ( ( 1y * 2x ) - 3y ) ) ) ) + 66.0 )
ind: 24
( ( ( ( 2x + ( ( 56.0 - 49.0 ) - 41.0 ) ) * ( 50.0 - 1y ) ) + 90.0 ) - ( 6y * ( ( ( 10x * ( 6x * 8y ) ) * ( 32.0 - ( 3x * 1y ) ) ) + 5x ) ) )
ind: 25
( ( 3x + ( 2y - ( 72.0 * 99.0 ) ) ) - ( ( 7x + ( 57.0 + ( 14.0 + 28.0 ) ) ) + ( ( ( 46.0 + ( 90.0 + 65.0 ) ) + 3x ) + ( ( 9x * ( 1.0 - 59.0 ) ) + 1y ) ) ) )
ind: 26
( ( 21.0 - ( ( 34.0 - ( ( 47.0 * 6y ) + ( 83.0 * 6y ) ) ) * ( 50.0 - ( ( 4x - 6y ) + ( 1x + 67.0 ) ) ) ) ) * ( ( ( ( 81.0 * ( 2x + 65.0 ) ) + ( 5y - ( 80.0 + 24.0 ) ) ) + 44.0 ) + 4x ) )
ind: 27
( 58.0 + ( ( ( ( ( 2y + 3y ) + 30.0 ) * 10x ) * 10y ) * ( 5.0 * 6x ) ) )
ind: 28
( ( ( ( 90.0 - 6y ) - ( 2x * ( 8y + 90.0 ) ) ) - 65.0 ) - 19.0 )
ind: 29
( 7y - 5x )
ind: 30
( 5x - ( ( 4y - 5x ) * ( 73.0 - 51.0 ) ) )
ind: 31
( ( 8x - ( 18.0 * ( ( ( 10x + 1y ) - 2x ) + 77.0 ) ) ) - ( ( ( 47.0 + ( ( 77.0 + 9.0 ) + ( 31.0 - 29.0 ) ) ) - 4y ) * ( 6y * ( ( ( 10y - 6y ) + ( 10x - 99.0 ) ) * ( 1y - ( 9y + 18.0 ) ) ) ) ) )
ind: 32
( 67.0 * ( 87.0 - ( ( 1y - ( 26.0 * 2y ) ) + 2x ) ) )
ind: 33
( 2.0 + ( ( 8x * ( ( 10y * 5x ) - ( 7y + ( 3.0 - 16.0 ) ) ) ) - 60.0 ) )
ind: 34
( ( ( ( 4.0 * ( 8.0 * ( 94.0 + 4x ) ) ) + ( 5y + ( 2x * 37.0 ) ) ) + ( ( 78.0 - 71.0 ) - 3x ) ) * ( ( ( ( 68.0 + 53.0 ) - ( 21.0 + 1y ) ) * 9y ) * ( 10x + 12.0 ) ) )
ind: 35
( ( ( 5x - 10y ) - ( ( 83.0 - 27.0 ) * 38.0 ) ) + 73.0 )
ind: 36
( 5y - ( ( 10.0 * ( ( 4x * 3x ) - 65.0 ) ) * ( 7.0 - ( ( 54.0 + ( 67.0 * 30.0 ) ) - ( 2y - ( 8y - 11.0 ) ) ) ) ) )
ind: 37
( 88.0 - ( 8x * ( ( 30.0 - ( 4y - ( 8x - 35.0 ) ) ) + 3x ) ) )
ind: 38
( 7x + ( ( ( ( 30.0 * ( 5x * 1.0 ) ) - ( ( 57.0 - 8x ) + ( 5x * 3y ) ) ) * ( ( ( 85.0 + 27.0 ) * 8x ) + ( ( 85.0 + 3.0 ) * ( 4y + 4x ) ) ) ) - ( ( ( ( 41.0 + 89.0 ) * 41.0 ) + ( 7y * 99.0 ) ) - ( ( ( 12.0 + 2x ) * 10.0 ) + 4y ) ) ) )
ind: 39
( ( ( 7x + ( 2.0 + 19.0 ) ) * ( ( ( 10y * 10y ) * 100.0 ) * 7.0 ) ) - 1.0 )
ind: 40
( 1y - 2x )
ind: 41
( 2y - 9x )
ind: 42
( ( ( ( 7x - ( 16.0 + 4x ) ) + ( 4y + 4x ) ) - ( ( 7y - ( 41.0 - 10y ) ) - 21.0 ) ) + ( ( ( ( ( 83.0 * 75.0 ) - ( 5x + 6.0 ) ) + 28.0 ) * ( 7x + 41.0 ) ) * ( 2y + 79.0 ) ) )
ind: 43
( 6x + ( ( ( 74.0 - 6.0 ) - ( 7y - ( 60.0 + 93.0 ) ) ) * 73.0 ) )
ind: 44
( ( 8x * ( 9x + 9x ) ) * ( ( 30.0 * ( 8y - ( 10y * 7x ) ) ) + ( 48.0 * ( 1x - 3x ) ) ) )
ind: 45
( ( ( 35.0 * 57.0 ) + ( ( ( ( 93.0 * 5y ) * ( 4x - 67.0 ) ) - 15.0 ) + ( ( ( 1x * 1y ) + ( 28.0 * 76.0 ) ) + ( ( 1x + 9.0 ) - 8y ) ) ) ) * 89.0 )
ind: 46
( ( ( 46.0 + ( 85.0 - 2x ) ) + ( ( ( 16.0 - ( 10x + 76.0 ) ) - ( 7x * ( 8x - 10x ) ) ) - ( ( 4y + 34.0 ) * ( ( 3x * 6x ) - 5x ) ) ) ) + ( ( ( ( 28.0 + ( 20.0 * 57.0 ) ) * ( ( 6y - 1y ) + ( 4y + 72.0 ) ) ) - ( ( ( 6.0 + 6x ) - ( 8x - 54.0 ) ) * 33.0 ) ) + 10x ) )
ind: 47
( ( ( ( 4y * 3x ) + 80.0 ) - 8y ) * ( 8y - ( 10y * 86.0 ) ) )
ind: 48
( 9y - 8x )
ind: 49
( 68.0 + ( ( ( ( 55.0 + ( 3y - 2x ) ) * 25.0 ) - 7x ) - ( ( ( 2y - 7y ) - 51.0 ) + 36.0 ) ) )
ind: 50
( ( ( 95.0 + 51.0 ) * ( ( ( ( 5x * 86.0 ) - 6y ) + ( ( 3x + 53.0 ) + 96.0 ) ) * 5y ) ) * ( 25.0 + ( 4x - ( ( 98.0 * ( 4x * 3.0 ) ) - 6y ) ) ) )
ind: 51
( ( 87.0 - ( 5x * ( 6x + ( 10x + ( 3y - 6y ) ) ) ) ) + ( ( ( ( 24.0 - ( 88.0 + 2x ) ) + ( ( 10x * 43.0 ) - 7x ) ) + ( ( 2.0 - ( 10x + 7x ) ) + 1x ) ) - 73.0 ) )
ind: 52
( ( 8x * 10y ) * ( ( ( ( 1y * 6x ) * ( 11.0 + 4y ) ) + 91.0 ) * ( 41.0 + ( 35.0 + ( ( 2x * 59.0 ) + ( 77.0 + 78.0 ) ) ) ) ) )
ind: 53
( ( ( ( ( ( 74.0 * 88.0 ) - 1y ) - ( 10y - ( 10x + 6y ) ) ) + 5y ) * 3y ) * 10x )
ind: 54
( ( ( ( ( 1y - ( 31.0 + 9y ) ) - 48.0 ) - ( 15.0 * 92.0 ) ) * ( 3x + ( ( 5x * ( 4x * 13.0 ) ) - 84.0 ) ) ) + 10x )
ind: 55
( 2.0 + ( 5.0 + ( ( ( ( 2x * 6x ) * 9y ) + 90.0 ) - ( 8x - ( 9x - 89.0 ) ) ) ) )
ind: 56
( ( ( ( ( 97.0 + ( 60.0 + 95.0 ) ) - 6y ) * ( 4x - ( 7x + ( 9x - 5y ) ) ) ) * 52.0 ) * 99.0 )
ind: 57
( 59.0 * ( ( ( 31.0 - 4.0 ) - 9y ) - 10x ) )
ind: 58
( ( 3x - ( ( 7y * 61.0 ) - 70.0 ) ) * 1x )
ind: 59
( ( 16.0 * ( 4y * ( 2x - ( ( 69.0 + 9.0 ) * 76.0 ) ) ) ) * ( 39.0 - 5x ) )
ind: 60
( ( 27.0 - 9x ) - ( ( ( 85.0 - 9x ) + ( ( ( 3y + 78.0 ) * 4x ) - 62.0 ) ) * ( ( ( ( 3y + 92.0 ) * ( 3x * 99.0 ) ) - 29.0 ) + 1.0 ) ) )
ind: 61
( 29.0 - ( ( ( 10x * ( 5y - 8x ) ) - 96.0 ) - 5x ) )
ind: 62
( ( 1x * 9y ) + ( 20.0 + ( ( ( 62.0 - 9y ) + 2.0 ) - 5x ) ) )
ind: 63
( ( ( ( ( ( 62.0 + 5x ) - 79.0 ) - 27.0 ) - 8y ) + ( 5y - ( ( ( 1y + 52.0 ) + ( 2x + 7y ) ) * 78.0 ) ) ) + 76.0 )
ind: 64
( ( ( ( 9y * ( ( 10y - 51.0 ) - ( 54.0 + 65.0 ) ) ) * 10x ) - ( ( ( 62.0 * 8x ) - ( ( 25.0 + 57.0 ) * ( 57.0 - 23.0 ) ) ) + ( ( 61.0 * ( 34.0 * 8y ) ) + ( 8y * ( 3y * 56.0 ) ) ) ) ) + 64.0 )
ind: 65
( ( 5x - ( 10y + 1.0 ) ) - ( 32.0 + 95.0 ) )
ind: 66
( ( ( ( 4y - ( ( 14.0 + 5x ) - 10y ) ) * 1x ) * 3y ) + 99.0 )
ind: 67
( ( ( ( 46.0 + ( 38.0 + 1x ) ) * 68.0 ) * ( 28.0 - ( ( 92.0 * 8y ) + ( ( 31.0 * 3.0 ) * 55.0 ) ) ) ) - 93.0 )
ind: 68
( ( ( 7x * 74.0 ) + 7y ) - 81.0 )
ind: 69
( 71.0 + ( ( 4x + ( 10x * ( 9x + 3y ) ) ) + 4y ) )
ind: 70
( ( 8x + ( ( ( ( 36.0 + 13.0 ) - 7x ) * 40.0 ) + 9y ) ) * ( ( ( 43.0 - ( ( 43.0 * 3x ) * ( 10.0 + 7x ) ) ) - ( ( 68.0 * 8x ) - 34.0 ) ) - ( ( 69.0 + ( ( 90.0 * 87.0 ) - 25.0 ) ) - 1x ) ) )
ind: 71
( ( 13.0 + 10y ) + ( ( 7y * ( ( ( 2x + 71.0 ) * ( 9y - 4x ) ) * 58.0 ) ) * 45.0 ) )
ind: 72
( ( ( ( ( 6x - ( 31.0 * 1x ) ) * 93.0 ) - 28.0 ) * ( ( 5y + 81.0 ) - ( ( ( 98.0 * 75.0 ) - 7y ) + ( ( 10x * 3y ) * 97.0 ) ) ) ) * 25.0 )
ind: 73
( ( ( 8y - ( ( ( 47.0 + 99.0 ) * ( 24.0 + 27.0 ) ) + ( ( 71.0 * 10x ) + 3x ) ) ) - 43.0 ) + 1y )
ind: 74
( 5x + ( 1y * ( ( ( ( 22.0 * 2x ) + ( 10y + 2y ) ) * 9y ) + 22.0 ) ) )
ind: 75
( ( ( ( 53.0 + 2y ) - ( 2y - ( ( 79.0 - 34.0 ) * ( 10x + 85.0 ) ) ) ) * ( ( ( ( 4y * 47.0 ) - 24.0 ) * ( ( 91.0 * 5y ) * ( 5x + 7y ) ) ) - ( ( ( 31.0 + 7.0 ) * ( 1x + 2x ) ) - 26.0 ) ) ) * 6x )
ind: 76
( 10x - 6y )
ind: 77
( ( ( ( 6y - ( 77.0 - ( 24.0 - 8x ) ) ) * ( 4x - ( ( 89.0 * 96.0 ) + 16.0 ) ) ) - ( 9y * 10.0 ) ) * 46.0 )
ind: 78
( ( ( ( ( 22.0 * ( 74.0 - 24.0 ) ) + 10y ) - ( ( ( 4x + 10x ) * ( 26.0 - 1y ) ) + ( 5y - ( 99.0 - 77.0 ) ) ) ) - 9y ) + ( 1y * ( ( ( ( 9y * 1x ) - ( 59.0 * 5y ) ) * ( ( 40.0 + 8x ) - ( 34.0 + 54.0 ) ) ) * 3x ) ) )
ind: 79
( ( 10x + 3y ) * 6.0 )
ind: 80
( ( 3x + 8y ) + 10y )
ind: 81
( ( 7y * ( 8x + ( 10y + 50.0 ) ) ) - 45.0 )
ind: 82
( 23.0 - ( ( ( ( 100.0 * ( 81.0 * 10x ) ) - ( 100.0 + 1y ) ) - 69.0 ) - 3y ) )
ind: 83
( 10x * ( ( ( ( 81.0 - ( 5y + 27.0 ) ) + ( ( 2y + 7x ) * ( 3x * 62.0 ) ) ) * ( ( 62.0 * ( 24.0 * 10y ) ) + 8y ) ) + ( 54.0 - 61.0 ) ) )
ind: 84
( ( ( ( ( ( 3.0 - 87.0 ) - 5y ) * 1.0 ) + ( 3x * 6x ) ) - 3x ) + 7y )
ind: 85
( ( ( 9y + 37.0 ) - 97.0 ) - ( 4x + 13.0 ) )
ind: 86
( ( ( 26.0 + ( 34.0 * ( ( 85.0 * 82.0 ) * 41.0 ) ) ) + ( ( ( ( 96.0 * 6y ) - ( 5x * 2x ) ) + 55.0 ) * 6x ) ) * ( ( 91.0 - ( ( 9x - 6x ) - 50.0 ) ) * 74.0 ) )
ind: 87
( ( 5y - 29.0 ) + ( 5x * ( 84.0 * ( ( 9x + 9x ) - ( ( 6x * 14.0 ) * ( 3y - 78.0 ) ) ) ) ) )
ind: 88
( 13.0 + ( 2y - ( ( ( ( 51.0 + 3x ) + 8y ) * 5y ) + 91.0 ) ) )
ind: 89
( 9y * ( ( 7y + ( ( 5y - ( 76.0 - 87.0 ) ) - 3x ) ) - 7x ) )
ind: 90
( 10y * ( 8x + 39.0 ) )
ind: 91
( ( 6y + 3x ) - 8y )
ind: 92
( 51.0 * ( 3x - ( ( 5y - ( 5.0 - 7y ) ) - ( 41.0 - 98.0 ) ) ) )
ind: 93
( ( ( ( 82.0 + ( ( 91.0 + 9x ) * 1x ) ) * ( 9x * ( 29.0 * 8x ) ) ) * ( 10x + 26.0 ) ) * ( 7y * 4y ) )
ind: 94
( ( ( ( ( 6x + ( 6x * 7.0 ) ) + 6y ) - 54.0 ) - 40.0 ) - 10x )
ind: 95
( ( ( 4x * ( 66.0 * 36.0 ) ) + 8x ) * 2y )
ind: 96
( ( 10y * ( 8y * 5y ) ) + ( ( ( 8y - 3x ) + 1x ) + ( ( 3x + ( 60.0 + 84.0 ) ) + ( 4x * 4x ) ) ) )
ind: 97
( 7x * ( 6y - 8x ) )
ind: 98
( 46.0 + ( 86.0 * ( ( ( ( 6y + 96.0 ) + ( 68.0 + 16.0 ) ) * ( 49.0 - 96.0 ) ) * ( ( 53.0 + 4x ) - ( 54.0 + 10x ) ) ) ) )
ind: 99
( ( ( ( 21.0 + 15.0 ) - ( 2y * 8y ) ) + 58.0 ) + ( ( 2y * 9x ) + ( ( 65.0 + ( ( 9.0 * 10y ) + ( 5y - 1x ) ) ) - 2x ) ) )
ind: 100
( ( ( 61.0 - ( ( 10x - ( 5y + 88.0 ) ) - ( 7y - ( 33.0 - 58.0 ) ) ) ) + 5x ) - ( ( 63.0 - ( ( 6y * 11.0 ) * 1y ) ) - ( ( ( 3x + 45.0 ) * ( ( 5y - 60.0 ) - 8y ) ) + 54.0 ) ) )
ind: 101
( ( 58.0 * ( 5y + ( ( 6x - ( 5x - 46.0 ) ) - ( 51.0 - ( 5y + 1x ) ) ) ) ) + ( 22.0 * ( 19.0 - ( 72.0 + ( 9y - ( 23.0 + 9x ) ) ) ) ) )
ind: 102
( 14.0 + ( ( ( 79.0 + 3y ) - ( 10x * ( 7y + 65.0 ) ) ) * 40.0 ) )
ind: 103
( ( 60.0 + ( 92.0 * ( ( ( 54.0 * 7x ) * ( 60.0 + 93.0 ) ) - 7x ) ) ) + ( 10x * 1y ) )
ind: 104
( 4y - ( 7x + 58.0 ) )
ind: 105
( 40.0 + ( ( 1y * ( ( ( 6x * 41.0 ) * 6y ) * ( ( 75.0 * 2.0 ) - ( 7x + 11.0 ) ) ) ) - 5x ) )
ind: 106
( ( 10y - 7x ) * ( 6x + 57.0 ) )
ind: 107
( 5y - ( 1x - 6x ) )
ind: 108
( 3x + 5y )
ind: 109
( ( 28.0 * ( 29.0 - ( 58.0 * 2x ) ) ) * 2y )
ind: 110
( ( 1x * 94.0 ) + 2y )
ind: 111
( ( 5x * ( ( 87.0 * ( 6x - ( 98.0 - 8x ) ) ) * ( 84.0 + 82.0 ) ) ) * ( 24.0 * 5y ) )
ind: 112
( 75.0 - ( ( ( ( 1x * 9x ) * 7y ) - ( 79.0 - 3y ) ) - 56.0 ) )
ind: 113
( ( ( ( ( 1y + ( 17.0 - 2x ) ) - ( ( 3x - 2y ) * 7y ) ) * ( ( ( 1y * 26.0 ) - ( 81.0 + 9x ) ) * 71.0 ) ) - 91.0 ) - 10y )
ind: 114
( ( 9y + ( 74.0 * 80.0 ) ) - ( ( 7x - ( ( 30.0 + 99.0 ) - 56.0 ) ) - 57.0 ) )
ind: 115
( 6y - 9x )
ind: 116
( ( ( ( ( ( 9x + 2y ) - ( 57.0 - 6y ) ) * 65.0 ) - 14.0 ) * 25.0 ) + 19.0 )
ind: 117
( ( 90.0 - ( 4.0 - 82.0 ) ) - ( ( ( 49.0 - 10y ) + ( ( ( 1y * 58.0 ) * ( 54.0 * 75.0 ) ) + 9y ) ) * ( 3x - ( 22.0 - 4y ) ) ) )
ind: 118
( ( ( ( ( 6x - 55.0 ) * 6y ) - ( ( ( 10y - 8y ) + ( 6x - 2x ) ) - ( ( 65.0 + 90.0 ) - ( 7x * 69.0 ) ) ) ) + 32.0 ) + ( 9x * ( ( 42.0 + 3.0 ) * 57.0 ) ) )
ind: 119
( ( ( ( ( 57.0 * 6y ) * 63.0 ) + 9x ) * ( 1.0 - ( ( 96.0 - 10y ) - ( 8y - ( 3x - 33.0 ) ) ) ) ) * 4x )
ind: 120
( ( ( ( ( 27.0 + ( 69.0 * 70.0 ) ) * ( ( 62.0 * 8x ) - ( 60.0 * 3y ) ) ) + 8.0 ) * 3x ) - ( ( ( ( ( 78.0 * 64.0 ) * 9y ) + 7y ) - ( ( 87.0 - 8y ) - ( 6y * 40.0 ) ) ) - 64.0 ) )
ind: 121
( ( 4x - 6x ) - 3y )
ind: 122
( ( ( ( 6x * 10x ) * 10y ) + 3y ) - 1.0 )
ind: 123
( ( 7x - 86.0 ) * 6y )
ind: 124
( 7x * ( ( ( 5x * ( 88.0 - ( 4y + 56.0 ) ) ) + ( ( ( 9y - 32.0 ) + 5x ) + 9x ) ) * 2x ) )
ind: 125
( 9y + ( 9.0 * 7x ) )
ind: 126
( ( 10y - 6y ) + ( ( 8x - 6y ) * ( ( ( ( 61.0 * 71.0 ) * ( 8y + 3x ) ) - ( 50.0 + ( 66.0 + 63.0 ) ) ) * 27.0 ) ) )
ind: 127
( 9.0 - ( ( 38.0 - 56.0 ) + ( 9x * ( ( ( 10y + 7y ) * 46.0 ) * 2x ) ) ) )
ind: 128
( 96.0 * ( ( ( 7x + 5x ) - 4y ) * 68.0 ) )
ind: 129
( 2x - 6y )
ind: 130
( 1y + ( ( 1y + ( 10x * ( 23.0 + ( 3y + 46.0 ) ) ) ) - 7y ) )
ind: 131
( 1x - ( ( ( 7y - ( ( 34.0 + 32.0 ) - 80.0 ) ) - ( ( 89.0 + ( 2x - 90.0 ) ) * ( 48.0 * ( 48.0 - 3x ) ) ) ) - ( 61.0 - ( 9.0 - 31.0 ) ) ) )
ind: 132
( 10y - ( 1x - 47.0 ) )
ind: 133
( ( 10y + 99.0 ) * 1x )
ind: 134
( ( ( ( 47.0 + ( 5y + ( 2y - 9y ) ) ) * ( 38.0 * 1x ) ) * ( ( ( 83.0 - 11.0 ) * 73.0 ) - 24.0 ) ) - ( ( 3x + 6y ) - ( 1.0 - ( 4y * ( 6x * 4.0 ) ) ) ) )
ind: 135
( ( 2x - 2.0 ) - ( ( 55.0 + 72.0 ) - ( ( 5x * 4y ) + 72.0 ) ) )
ind: 136
( ( ( ( 8x + 5x ) * ( ( ( 74.0 + 10y ) * 26.0 ) * 25.0 ) ) * ( 9y * ( ( ( 75.0 - 5y ) + 62.0 ) - ( ( 63.0 + 36.0 ) + 6x ) ) ) ) * 73.0 )
ind: 137
( ( ( ( ( ( 48.0 + 74.0 ) + ( 3y * 79.0 ) ) - 77.0 ) * 64.0 ) - 60.0 ) * ( ( 6x - ( 5y * 39.0 ) ) - ( 99.0 * 60.0 ) ) )
ind: 138
( ( 4x + ( ( ( ( 10x * 7y ) - ( 16.0 - 63.0 ) ) * 37.0 ) * ( ( ( 74.0 + 39.0 ) + ( 46.0 - 8y ) ) + ( 4x + ( 4y - 75.0 ) ) ) ) ) - ( 58.0 + ( 77.0 * 8.0 ) ) )
ind: 139
( ( 70.0 * 7x ) * ( ( 98.0 - ( ( ( 6y * 10x ) * ( 14.0 - 57.0 ) ) + ( ( 8y * 8y ) + 4x ) ) ) * ( ( 5x + ( 7x * ( 27.0 * 49.0 ) ) ) + ( 9x + ( 4y * ( 15.0 - 9y ) ) ) ) ) )
ind: 140
( ( ( 78.0 + ( ( ( 2y * 2.0 ) * ( 44.0 * 74.0 ) ) - ( ( 1y * 72.0 ) - ( 100.0 + 2x ) ) ) ) - 10y ) + 70.0 )
ind: 141
( 6x - ( ( ( 1x + ( ( 9x - 53.0 ) + ( 98.0 * 8y ) ) ) + 4x ) - 85.0 ) )
ind: 142
( ( ( ( ( ( 7y * 7y ) - ( 5y + 73.0 ) ) * ( ( 3x - 6y ) - 8.0 ) ) + 92.0 ) - ( 44.0 * 50.0 ) ) + 1y )
ind: 143
( ( 2x - ( 2y - 90.0 ) ) + ( ( ( 4y + ( 85.0 * 5x ) ) * ( 9x * 5x ) ) + 6x ) )
ind: 144
( ( 7x + ( 51.0 * 9y ) ) + ( ( ( 53.0 + 10x ) + ( 58.0 - 77.0 ) ) * ( ( 45.0 * ( 10x + ( 2x * 22.0 ) ) ) + 66.0 ) ) )
ind: 145
( ( 6y + 9x ) - 17.0 )
ind: 146
( 2x + ( 8x + ( ( 12.0 + ( 73.0 - 7y ) ) * ( ( ( 20.0 * 32.0 ) * ( 62.0 + 85.0 ) ) + ( ( 39.0 * 7y ) * ( 4x + 10x ) ) ) ) ) )
ind: 147
( 7y + ( 1x - 6x ) )
ind: 148
( 6x + ( 65.0 * 10y ) )
ind: 149
( ( ( ( 9x * 36.0 ) * ( ( 4y + 6x ) * ( 1x - ( 92.0 - 10x ) ) ) ) - 1y ) - ( 7y - ( 6y - 64.0 ) ) )
ind: 150
( 10x - 6y )
ind: 151
( ( ( 4y + 9x ) + ( 33.0 * ( ( 87.0 + ( 6x - 42.0 ) ) - ( ( 99.0 + 24.0 ) - 77.0 ) ) ) ) - ( ( ( 98.0 + ( ( 91.0 - 37.0 ) + 6.0 ) ) + ( 6x + 5y ) ) + 2.0 ) )
ind: 152
( ( 9x - 4x ) - ( 93.0 - ( ( 9y - 1x ) + 3y ) ) )
ind: 153
( ( 91.0 * ( 6y - ( ( ( 65.0 + 91.0 ) + 3y ) - 70.0 ) ) ) + 5x )
ind: 154
( 6x - 8y )
ind: 155
( 5y * 2x )
ind: 156
( ( 29.0 + 7x ) + ( ( 86.0 - ( ( 91.0 * 75.0 ) + ( 8y - ( 9y - 5x ) ) ) ) + 10y ) )
ind: 157
( 8x - ( ( ( 78.0 * 97.0 ) * ( ( 14.0 - ( 7y - 71.0 ) ) + ( 9x - ( 16.0 + 2y ) ) ) ) * 7y ) )
ind: 158
( ( 41.0 - ( 3y - ( 48.0 + 3y ) ) ) * ( ( ( ( ( 9x * 1x ) + ( 8y * 86.0 ) ) + ( ( 74.0 * 9y ) * 38.0 ) ) + ( 89.0 * 38.0 ) ) + ( 5x + ( 6x * ( ( 3y - 3y ) - ( 8x + 7.0 ) ) ) ) ) )
ind: 159
( 35.0 * ( ( 6y + 10x ) + 96.0 ) )
ind: 160
( ( 91.0 - ( 62.0 * 26.0 ) ) - ( ( 75.0 - 10y ) + ( 1y * ( ( 92.0 + 57.0 ) * ( 55.0 - ( 4x - 10y ) ) ) ) ) )
ind: 161
( 61.0 + ( ( ( ( ( 72.0 - 6x ) + ( 6y + 2.0 ) ) - ( ( 74.0 + 70.0 ) - 97.0 ) ) * ( ( 10y - 5y ) - 9y ) ) * 8y ) )
ind: 162
( ( 74.0 + ( ( 58.0 - ( ( 28.0 - 7x ) - 6y ) ) - ( ( 1y + 84.0 ) + ( ( 2.0 * 27.0 ) - ( 6x - 3x ) ) ) ) ) - 5y )
ind: 163
( 18.0 - ( ( ( ( 4x + ( 10y + 9x ) ) * 37.0 ) + 40.0 ) - 15.0 ) )
ind: 164
( ( ( 38.0 - ( 5y * 1x ) ) + 9y ) * 36.0 )
ind: 165
( 31.0 * ( ( 8y - 8x ) - 10x ) )
ind: 166
( ( 75.0 * ( ( ( 10x - ( 31.0 * 99.0 ) ) - 18.0 ) - ( ( ( 73.0 - 1y ) * 74.0 ) + ( 4x * 1x ) ) ) ) + 66.0 )
ind: 167
( ( ( ( ( ( 8y + 8y ) - 10x ) * ( 48.0 - 7y ) ) * ( 4x - ( ( 8x - 8y ) * ( 10y * 49.0 ) ) ) ) * 9y ) - ( 21.0 + ( ( 8x + ( ( 96.0 - 50.0 ) + 1y ) ) * ( 77.0 - ( 1x - ( 10y + 4x ) ) ) ) ) )
ind: 168
( ( 7x * 99.0 ) - ( ( 9x - ( ( ( 10y + 8.0 ) + 4x ) - 3.0 ) ) - ( ( ( ( 5x + 8.0 ) * 1y ) + 32.0 ) - ( ( ( 3y + 4x ) - 49.0 ) * ( ( 6y * 4x ) + 84.0 ) ) ) ) )
ind: 169
( ( ( 9y * 79.0 ) * 3x ) + 64.0 )
ind: 170
( ( ( ( ( ( 3x + 10y ) - ( 86.0 * 12.0 ) ) + 2y ) + 19.0 ) + 1x ) * 83.0 )
ind: 171
( 9x + ( 8y + 5y ) )
ind: 172
( ( ( ( 6y * ( ( 1.0 * 8y ) * 10x ) ) * ( ( ( 16.0 - 91.0 ) * ( 78.0 + 89.0 ) ) * 1.0 ) ) + 44.0 ) - ( ( ( 2y - 20.0 ) + ( ( 78.0 * ( 8x - 7x ) ) + ( 46.0 + 6y ) ) ) + ( ( 3y * 3x ) + 5y ) ) )
ind: 173
( ( 6x + ( ( 4.0 + 58.0 ) + ( ( 5y * ( 10x - 47.0 ) ) + 4x ) ) ) - ( 10x + ( 2x + ( 13.0 + ( 84.0 * 2x ) ) ) ) )
ind: 174
( ( 15.0 - ( 2x + ( 23.0 - 2y ) ) ) + 25.0 )
ind: 175
( ( ( ( 1y - ( 12.0 + ( 9x + 3y ) ) ) * 95.0 ) + 4x ) + 68.0 )
ind: 176
( ( 46.0 - 63.0 ) - ( ( 44.0 * ( ( ( 93.0 - 7.0 ) + 1x ) - 2y ) ) - ( 9y * 42.0 ) ) )
ind: 177
( 5y - ( ( ( ( 97.0 * ( 47.0 + 52.0 ) ) + ( ( 1y + 7y ) + ( 25.0 + 93.0 ) ) ) - ( 80.0 * ( 6x + ( 9y - 5y ) ) ) ) - ( 3x - 67.0 ) ) )
ind: 178
( ( ( ( ( ( 96.0 + 5y ) - ( 7y + 7x ) ) + 41.0 ) * ( 56.0 * ( 90.0 * 2x ) ) ) * ( ( ( 1x * ( 54.0 * 6y ) ) * ( ( 1y + 10y ) - ( 9x * 8y ) ) ) - 78.0 ) ) + 62.0 )
ind: 179
( ( 95.0 * ( ( 4.0 * ( ( 6x + 6.0 ) - 6y ) ) * ( ( ( 46.0 * 16.0 ) + ( 96.0 * 46.0 ) ) * 5y ) ) ) * 8y )
ind: 180
( ( ( ( 8y * ( 6x - ( 34.0 * 78.0 ) ) ) + 5x ) * 1x ) + 41.0 )
ind: 181
( ( ( 3x - ( ( 35.0 * ( 76.0 - 61.0 ) ) * 37.0 ) ) - 43.0 ) * ( ( 26.0 - 5x ) + ( ( 16.0 + ( ( 5y * 1x ) * 8x ) ) - ( ( 8x + 8y ) - ( 76.0 * ( 32.0 * 8x ) ) ) ) ) )
ind: 182
( 38.0 * ( 2x + ( 4y + ( 67.0 + 73.0 ) ) ) )
ind: 183
( ( 6x + 76.0 ) - 2y )
ind: 184
( ( ( ( 73.0 + ( ( 6x + 10y ) + 9.0 ) ) - ( 38.0 * ( 10y * 66.0 ) ) ) - 9.0 ) - 8x )
ind: 185
( ( 6y - 44.0 ) + ( 9y - ( ( ( ( 81.0 + 27.0 ) + 8y ) + ( 1x * 5x ) ) + ( 12.0 * 10y ) ) ) )
ind: 186
( ( ( ( ( 35.0 * ( 6x + 18.0 ) ) - 7y ) + ( 78.0 + ( ( 29.0 + 9x ) + 1x ) ) ) * 67.0 ) - 48.0 )
ind: 187
( ( 5y + ( 5y + 8x ) ) + 9x )
ind: 188
( ( ( 2y - ( 10x * 65.0 ) ) - ( 1x + 7x ) ) + 30.0 )
ind: 189
( 8y * ( ( ( 10x * 6y ) + ( 72.0 - 1y ) ) * 16.0 ) )
ind: 190
( ( 42.0 + 30.0 ) + ( 2.0 - ( 5x * ( ( ( 2x + 4x ) * ( 5y * 5y ) ) - ( 3x - 42.0 ) ) ) ) )
ind: 191
( ( 7y * ( 4x + 23.0 ) ) - 9.0 )
ind: 192
( ( 8y * 8x ) - ( ( ( 13.0 * 6x ) + ( 9x - ( ( 32.0 - 13.0 ) - 85.0 ) ) ) + ( 10y - ( ( 7.0 + 63.0 ) * ( ( 52.0 * 91.0 ) * ( 5x - 62.0 ) ) ) ) ) )
ind: 193
( ( ( ( 71.0 + 9x ) - 1y ) * 21.0 ) * ( 9x + ( 7y + ( 5x * 4y ) ) ) )
ind: 194
( ( 7y - ( 2x + ( ( ( 6x * 48.0 ) * 35.0 ) * ( ( 6y + 6y ) + 46.0 ) ) ) ) + 3y )
ind: 195
( 10x * ( 7y * 52.0 ) )
ind: 196
( ( ( 3x * ( 19.0 + 88.0 ) ) + 10x ) - ( ( 2y * ( 18.0 - 3x ) ) * 89.0 ) )
ind: 197
( ( ( 1y + ( 6x - 4x ) ) + ( ( ( 5x + 86.0 ) - ( 9.0 - 4y ) ) - ( 10x - ( ( 72.0 - 30.0 ) * ( 2y + 42.0 ) ) ) ) ) * 41.0 )
ind: 198
( ( ( ( ( 83.0 * ( 8x * 5y ) ) + ( ( 8y - 2x ) + 9x ) ) * ( 63.0 - ( 7x - 6x ) ) ) + ( 2x * 10x ) ) * 86.0 )
ind: 199
( ( ( 7x - ( ( ( 8.0 + 68.0 ) - ( 29.0 + 10y ) ) * ( 6.0 - ( 12.0 * 4y ) ) ) ) - 84.0 ) - ( 6x - ( 30.0 - ( ( 3y + ( 7.0 + 9x ) ) - ( 55.0 - 2x ) ) ) ) )
ind: 200
( ( ( ( 88.0 + ( 5x * ( 3y - 80.0 ) ) ) - ( 37.0 + ( 5x * ( 2y * 68.0 ) ) ) ) * 2x ) - 3x )
ind: 201
( ( 35.0 + ( 68.0 * ( 16.0 + 8y ) ) ) - ( ( 4x + ( 1y + ( 6y - 10x ) ) ) + 92.0 ) )
ind: 202
( 10x + ( ( 5y + 29.0 ) + 5x ) )
ind: 203
( ( 10x - 55.0 ) - 2y )
ind: 204
( ( 1y * 5x ) * 65.0 )
ind: 205
( ( ( 2y + ( 8x - ( 44.0 * 10x ) ) ) * 9y ) * ( ( ( ( 40.0 * 4x ) * 8x ) - ( ( ( 5y * 9y ) * 44.0 ) - 39.0 ) ) - ( ( ( 1x + ( 8y - 90.0 ) ) * ( ( 1x * 10x ) * 40.0 ) ) * ( 34.0 * ( 92.0 * 61.0 ) ) ) ) )
ind: 206
( 2y - 6x )
ind: 207
( ( ( 2.0 - ( ( ( 13.0 * 9y ) - ( 31.0 + 6x ) ) - 2x ) ) - 9x ) * ( ( 83.0 * 100.0 ) * ( 31.0 - 10x ) ) )
ind: 208
( ( ( ( 4y + ( ( 12.0 + 7x ) - 69.0 ) ) * ( ( ( 10y - 7y ) + 51.0 ) * 89.0 ) ) * 4y ) + ( ( 82.0 * 7y ) - ( 17.0 - ( ( 3x - ( 54.0 + 8x ) ) * 3x ) ) ) )
ind: 209
( ( ( ( ( 10y + ( 7y + 8x ) ) * 10y ) * ( ( 8y * ( 48.0 * 87.0 ) ) * 74.0 ) ) * 90.0 ) * 11.0 )
ind: 210
( ( ( ( ( 7x * ( 8x + 35.0 ) ) * ( ( 10y * 10x ) * ( 5y + 38.0 ) ) ) - 3y ) + ( 58.0 * ( ( 6x + 8x ) * ( ( 4y - 82.0 ) * 5y ) ) ) ) + 8y )
ind: 211
( 8y + ( ( 10y * ( ( 11.0 + 6x ) + ( ( 15.0 + 8.0 ) + 7x ) ) ) + ( 5x - 13.0 ) ) )
ind: 212
( 7x * ( 10y * ( ( ( ( 4x + 2.0 ) - 9y ) * ( 80.0 - ( 4y + 6.0 ) ) ) + ( 86.0 + 75.0 ) ) ) )
ind: 213
( ( ( ( 10x * ( 64.0 + ( 6x - 93.0 ) ) ) * ( 80.0 - ( 76.0 - 3x ) ) ) - 47.0 ) + ( 5y * 7y ) )
ind: 214
( ( ( ( ( 6x + ( 1y + 7.0 ) ) - ( ( 6y + 15.0 ) + ( 1x - 63.0 ) ) ) + ( 4y * ( ( 33.0 + 4x ) - ( 47.0 + 3x ) ) ) ) + 22.0 ) + ( ( 6x * 70.0 ) - ( ( 2y - ( 29.0 - 75.0 ) ) + ( ( 24.0 + ( 3y - 54.0 ) ) - 5y ) ) ) )
ind: 215
( ( ( 53.0 + ( ( ( 1y - 7y ) * 9x ) - 10.0 ) ) * ( ( 8.0 + ( 10y - 22.0 ) ) - ( ( 8.0 - ( 7x - 71.0 ) ) - 7y ) ) ) - ( 25.0 - 28.0 ) )
ind: 216
( 8y * ( ( 10.0 + 8x ) + 9x ) )
ind: 217
( 9y - 3x )
ind: 218
( ( 7x * ( ( 7x * ( 91.0 * 24.0 ) ) * ( 10y + ( 45.0 + 26.0 ) ) ) ) + ( ( 56.0 + 37.0 ) + 71.0 ) )
ind: 219
( ( 79.0 - ( ( ( ( 13.0 - 6y ) - 2y ) - ( ( 49.0 - 30.0 ) + 7x ) ) + ( 14.0 + 91.0 ) ) ) + ( 5x - ( ( ( ( 8y - 10y ) + 76.0 ) * ( ( 17.0 - 3y ) - 4y ) ) + ( ( 18.0 + ( 4y * 40.0 ) ) + ( ( 54.0 - 59.0 ) + 7y ) ) ) ) )
ind: 220
( ( 4.0 - ( 10x + ( 50.0 * 78.0 ) ) ) - ( ( ( ( 6y - 77.0 ) * 8y ) + ( 5y + ( ( 9x - 2x ) - 4y ) ) ) * 1y ) )
ind: 221
( ( 10x - ( 6x * ( 89.0 - ( 3.0 + 19.0 ) ) ) ) * 8y )
ind: 222
( ( 2y - ( 65.0 - ( 9x - ( 2y * 1y ) ) ) ) - ( 8x + ( 35.0 * 8x ) ) )
ind: 223
( 6y + ( 1x * ( ( ( ( 34.0 + 66.0 ) - 4y ) * ( ( 52.0 * 15.0 ) + ( 20.0 * 40.0 ) ) ) * ( 37.0 * 1.0 ) ) ) )
ind: 224
( 1x + ( 5y - ( 12.0 + ( 26.0 - ( 3y - 7y ) ) ) ) )
ind: 225
( ( 6x * 27.0 ) * ( ( ( ( 24.0 * ( 1.0 - 84.0 ) ) + 4x ) - 4y ) + ( 10y - 8x ) ) )
ind: 226
( ( ( ( ( ( 1x * 66.0 ) + 74.0 ) + 49.0 ) * ( ( 2.0 + ( 96.0 + 94.0 ) ) * ( ( 29.0 * 6y ) + 3x ) ) ) + ( ( ( 2x * ( 10y + 9y ) ) - 1x ) - 68.0 ) ) + ( 30.0 - ( 4x * 5y ) ) )
ind: 227
( ( ( 10y - 7x ) - ( 9x * 3y ) ) * ( 4y + ( ( ( ( 9y + 49.0 ) - 9x ) * 45.0 ) * ( 9y + ( ( 10y - 8.0 ) - ( 45.0 * 42.0 ) ) ) ) ) )
ind: 228
( ( 20.0 - ( ( ( ( 6x - 3x ) - 7.0 ) - 5.0 ) - ( ( 93.0 * 9x ) - 2y ) ) ) * 84.0 )
ind: 229
( ( 6x * ( 93.0 + 24.0 ) ) - ( 7y - 80.0 ) )
ind: 230
( ( 8y * ( 90.0 * ( ( 31.0 - 7x ) * 98.0 ) ) ) * ( 3y * 5y ) )
ind: 231
( ( ( ( ( ( 8x + 34.0 ) + 10x ) * ( 56.0 + ( 17.0 * 2.0 ) ) ) * ( ( 46.0 * 7x ) + 6y ) ) - ( ( 77.0 * 74.0 ) - ( 47.0 + ( ( 3x + 2y ) - 91.0 ) ) ) ) - ( ( ( 77.0 + ( 1y - 1x ) ) * 1y ) - ( 4y * ( ( 7.0 + ( 3y + 1y ) ) + 32.0 ) ) ) )
ind: 232
( ( ( 9x * 7y ) + ( ( ( 63.0 - 6x ) + 1x ) + ( ( 5x * ( 5y - 92.0 ) ) * ( ( 9y + 9x ) + 7y ) ) ) ) + 9x )
ind: 233
( ( 3y + 19.0 ) + 3x )
ind: 234
( ( 6x - ( 3.0 - 45.0 ) ) + ( 4y * 76.0 ) )
ind: 235
( ( 28.0 - 31.0 ) + ( ( 1y + ( ( 7x * ( 9x + 22.0 ) ) + 74.0 ) ) - ( ( ( 64.0 + 7y ) + ( ( 9x * 52.0 ) * 83.0 ) ) + ( 3x * ( ( 77.0 + 3x ) - 8y ) ) ) ) )
ind: 236
( 15.0 - ( ( ( 35.0 * ( ( 63.0 - 2y ) * ( 80.0 - 5y ) ) ) - ( ( 5x * ( 1y - 36.0 ) ) - ( 7y + 5x ) ) ) + 62.0 ) )
ind: 237
( 6x * ( ( ( 72.0 - ( 6x - 3y ) ) + ( ( 4y + ( 71.0 - 4x ) ) - ( ( 6y + 42.0 ) * 3y ) ) ) * 8x ) )
ind: 238
( ( 6x + ( ( ( ( 93.0 - 6x ) + 87.0 ) - ( ( 92.0 + 3y ) - 64.0 ) ) + 55.0 ) ) + ( ( 5y * ( ( ( 31.0 + 10.0 ) + ( 5y + 7.0 ) ) * 55.0 ) ) * 6.0 ) )
ind: 239
( ( ( 91.0 * 3x ) - ( 60.0 - 7x ) ) * 5y )
ind: 240
( ( ( ( ( ( 84.0 * 10x ) + ( 73.0 - 8y ) ) * 4y ) * ( 68.0 - ( ( 67.0 - 51.0 ) * ( 86.0 * 35.0 ) ) ) ) * 7y ) - 99.0 )
ind: 241
( 5y - ( ( ( 7x * ( 3x - 36.0 ) ) + ( ( ( 7x + 7x ) * ( 36.0 + 5y ) ) + ( 6y - ( 21.0 * 52.0 ) ) ) ) * ( ( 94.0 + 51.0 ) - 79.0 ) ) )
ind: 242
( ( ( ( ( 8x + ( 25.0 - 4x ) ) + 41.0 ) + ( 8x + ( ( 61.0 * 5y ) * 79.0 ) ) ) + 2x ) * ( 69.0 * ( 48.0 * ( 7y - ( 5y * ( 2x - 3x ) ) ) ) ) )
ind: 243
( 7y + 8x )
ind: 244
( ( 3y * ( 10y + 7x ) ) + 18.0 )
ind: 245
( ( 2x - ( ( 10y * 7y ) - 8y ) ) * 5.0 )
ind: 246
( 77.0 - ( ( ( 72.0 + 8y ) - 1x ) + 4y ) )
ind: 247
( ( ( ( 100.0 - 51.0 ) - ( ( ( 68.0 - 54.0 ) - 5x ) - 10y ) ) - ( ( 85.0 + ( 10y * 97.0 ) ) - ( ( 24.0 * 40.0 ) + ( 3x + 7x ) ) ) ) + ( ( ( ( 9y * ( 1x - 34.0 ) ) - ( 3y * ( 4y * 10y ) ) ) - 88.0 ) * 1x ) )
ind: 248
( ( 4x * ( 67.0 - ( 2x - ( 23.0 + 6y ) ) ) ) - ( 32.0 - 4x ) )
ind: 249
( ( ( ( ( 16.0 + ( 8x + 7y ) ) * 8y ) - ( ( 83.0 * ( 5x + 1y ) ) + 71.0 ) ) * ( ( 4y + 16.0 ) + ( 51.0 * ( 11.0 - ( 59.0 * 7y ) ) ) ) ) * 3x )
ind: 250
( ( 69.0 * ( 3x - 2x ) ) - ( ( 9y + 10y ) - ( 13.0 + ( 1.0 * ( ( 98.0 - 4.0 ) * ( 38.0 + 4x ) ) ) ) ) )
ind: 251
( ( ( ( 8y + ( 10x * 40.0 ) ) + 13.0 ) + 61.0 ) * 12.0 )
ind: 252
( ( ( 86.0 + ( ( 5y - ( 6y - 6y ) ) + 9x ) ) - ( ( 94.0 * ( 5y - 9y ) ) + ( 51.0 + ( 59.0 * 2x ) ) ) ) - 100.0 )
ind: 253
( ( 39.0 + ( ( ( ( 5.0 - 60.0 ) + 10x ) + 3y ) - ( ( 26.0 - 7x ) + 86.0 ) ) ) * 10y )
ind: 254
( 7y + ( ( 40.0 - ( ( ( 21.0 * 5.0 ) + ( 10y - 4x ) ) * 8y ) ) + ( 91.0 * 8x ) ) )
ind: 255
( ( ( ( 10y - ( 4x + ( 8x - 44.0 ) ) ) * 3y ) - 7x ) - 2x )
ind: 256
( 63.0 - ( ( ( 7.0 - ( ( 5x * 86.0 ) - ( 2y + 32.0 ) ) ) + ( 7x * 29.0 ) ) + 5x ) )
ind: 257
( 8y * ( 8y - ( ( ( ( 8x - 10y ) + ( 83.0 + 10x ) ) + ( ( 8y + 5x ) * 4y ) ) + 7.0 ) ) )
ind: 258
( 8x * 2y )
ind: 259
( ( 10y * 7x ) * ( ( 7y - ( ( ( 33.0 + 68.0 ) + 2x ) * ( 2.0 - 8y ) ) ) + 6y ) )
ind: 260
( 8y * ( 6x * 9y ) )
ind: 261
( ( ( 10x * 3y ) + 3x ) + ( 8y + 1x ) )
ind: 262
( ( ( 4x - 22.0 ) * 5.0 ) + ( ( ( ( 5x * 2y ) - 11.0 ) - 1y ) * 57.0 ) )
ind: 263
( ( 6x - ( ( ( ( 8y + 8x ) - ( 80.0 - 90.0 ) ) - 8x ) * ( 5x * 73.0 ) ) ) - ( ( 11.0 * ( ( ( 1.0 * 3y ) + ( 15.0 + 62.0 ) ) - 62.0 ) ) - 5y ) )
ind: 264
( ( 1y + 92.0 ) + ( ( ( 4x + ( ( 3x + 6y ) - ( 10x + 9x ) ) ) + 2x ) - ( 58.0 - ( ( ( 5x + 59.0 ) * 8y ) - ( ( 5x + 9y ) - ( 1.0 * 1y ) ) ) ) ) )
ind: 265
( 4y * ( 4y + ( 70.0 + 9x ) ) )
ind: 266
( ( ( ( 40.0 - ( 20.0 - ( 10y * 3x ) ) ) + ( 83.0 - 28.0 ) ) * 1x ) * 8x )
ind: 267
( 6x * ( ( 64.0 + ( ( 9x - ( 79.0 * 16.0 ) ) * 2y ) ) * 42.0 ) )
ind: 268
( ( 78.0 + ( 6y * ( ( ( 40.0 * 1x ) - ( 32.0 - 3x ) ) * ( 1y + 45.0 ) ) ) ) * ( 7y * ( ( ( ( 7x - 4y ) * ( 10y - 6x ) ) + 2x ) - 5x ) ) )
ind: 269
( ( ( ( ( 100.0 - ( 1x - 38.0 ) ) - 4x ) + 5x ) + ( ( 87.0 - ( 11.0 + ( 45.0 * 5y ) ) ) * 77.0 ) ) - 98.0 )
ind: 270
( ( ( 93.0 * 100.0 ) * ( ( 72.0 * ( 10y * 2y ) ) - 7x ) ) + ( ( ( ( ( 59.0 - 34.0 ) + 91.0 ) - 8x ) - 18.0 ) * 7y ) )
ind: 271
( ( 2y - 28.0 ) - 10x )
ind: 272
( 5.0 - ( ( ( 4x - ( ( 67.0 - 92.0 ) - 10x ) ) - 4y ) + ( 6y + 9y ) ) )
ind: 273
( 9y - ( ( ( ( ( 2x + 39.0 ) + ( 6.0 * 38.0 ) ) - 37.0 ) * ( ( 54.0 * ( 5y + 91.0 ) ) * 9.0 ) ) - ( ( ( 2x * 9y ) * 85.0 ) * 25.0 ) ) )
ind: 274
( 1y + ( ( ( ( 3x * ( 84.0 + 7y ) ) + 81.0 ) - 1y ) - ( ( ( 32.0 - ( 8x + 5y ) ) - ( ( 80.0 - 90.0 ) * 91.0 ) ) - ( ( 8y * 6x ) + 5x ) ) ) )
ind: 275
( 8x - 2y )
ind: 276
( ( ( 91.0 + ( ( 8x + 5x ) + ( ( 7y + 94.0 ) - 77.0 ) ) ) * 6x ) * ( 82.0 - 11.0 ) )
ind: 277
( ( 6y * ( 1x * ( 92.0 + ( 8y * ( 5.0 - 79.0 ) ) ) ) ) + ( 82.0 + ( ( 1y + 41.0 ) + 3x ) ) )
ind: 278
( ( 55.0 - 8x ) * 10y )
ind: 279
( ( ( 3x - 5y ) + 10x ) * 31.0 )
ind: 280
( ( ( ( ( 72.0 + 7y ) - 92.0 ) * ( ( 64.0 + 49.0 ) * 1x ) ) + 89.0 ) - ( 3x + 7y ) )
ind: 281
( ( ( 7y - ( 1x + 1y ) ) - ( 5y * 72.0 ) ) * 8y )
ind: 282
( ( ( ( ( ( 2x * 4x ) * 81.0 ) * ( ( 3y * 24.0 ) * 46.0 ) ) - 1x ) * ( ( ( 9x - 10y ) * 58.0 ) * ( ( ( 8x + 8y ) - ( 6y * 3y ) ) - 9y ) ) ) + ( 3x * ( ( ( 4y + ( 70.0 + 54.0 ) ) + 15.0 ) - ( 36.0 - ( ( 6y * 7x ) + ( 9y * 32.0 ) ) ) ) ) )
ind: 283
( 6y - ( ( ( ( ( 7y * 38.0 ) + ( 61.0 + 5x ) ) * 10x ) + 2x ) + ( ( 9.0 * ( 90.0 - 53.0 ) ) + 79.0 ) ) )
ind: 284
( ( ( 6y + ( 9y + ( ( 92.0 - 52.0 ) - 88.0 ) ) ) + 7x ) * ( ( 2x + ( ( ( 60.0 - 12.0 ) - 69.0 ) + 2x ) ) * ( ( 7y - 51.0 ) * 56.0 ) ) )
ind: 285
( 45.0 + ( 92.0 - ( 79.0 - ( ( 86.0 * 98.0 ) + ( ( 1y - 9x ) + 6x ) ) ) ) )
ind: 286
( ( ( 6y - ( ( 1x + 6x ) - 3y ) ) + 59.0 ) - 43.0 )
ind: 287
( ( ( 5y - 5y ) * ( ( 5x - ( 30.0 + ( 7x * 9x ) ) ) - 29.0 ) ) * 3x )
ind: 288
( 56.0 + ( ( ( ( ( 4y - 13.0 ) * ( 59.0 - 45.0 ) ) * ( 46.0 * 98.0 ) ) - ( 88.0 + ( ( 3x + 75.0 ) * ( 10y * 1y ) ) ) ) * 59.0 ) )
ind: 289
( 7x - ( 27.0 * ( 43.0 + 4y ) ) )
ind: 290
( 7x * ( 37.0 + ( 7y + ( ( 95.0 * ( 30.0 + 3.0 ) ) - 7x ) ) ) )
ind: 291
( 22.0 * ( ( ( 36.0 * ( 95.0 - ( 7x * 1y ) ) ) - 8.0 ) * ( ( ( ( 1y - 1y ) - ( 2y * 5x ) ) + ( 1x - ( 56.0 + 1x ) ) ) + 14.0 ) ) )
ind: 292
( ( ( 37.0 - 20.0 ) + ( 56.0 - 33.0 ) ) * ( ( 10x * ( ( 3.0 * 2y ) - 8y ) ) - ( ( ( 25.0 + ( 5x * 9x ) ) * ( ( 9y + 1y ) - ( 11.0 - 9y ) ) ) - 28.0 ) ) )
ind: 293
( ( 1x * 10y ) * ( ( ( 91.0 + 99.0 ) * ( 7x - ( ( 55.0 * 5y ) * ( 20.0 - 9x ) ) ) ) - ( 92.0 + ( 25.0 * 9y ) ) ) )
ind: 294
( ( ( 76.0 - ( 2.0 * 74.0 ) ) * ( ( 3y - 9y ) * ( 1x - 10y ) ) ) * ( 13.0 - ( ( ( 5y + 84.0 ) + 20.0 ) + ( ( 67.0 - ( 5y + 4x ) ) + 1y ) ) ) )
ind: 295
( ( ( 28.0 * ( 62.0 + 78.0 ) ) - ( ( 2y + ( ( 2y - 3y ) + ( 5y * 42.0 ) ) ) - ( 1x - ( 92.0 * 36.0 ) ) ) ) - ( ( 1y - ( 9.0 + ( 1.0 * 39.0 ) ) ) + 3.0 ) )
ind: 296
( ( 64.0 + ( 99.0 - ( ( ( 2x * 1y ) * ( 18.0 - 29.0 ) ) + ( ( 9y - 8x ) + ( 6y + 9y ) ) ) ) ) - ( 95.0 + 6.0 ) )
ind: 297
( ( ( ( 2x * 89.0 ) + ( ( 7x - 8x ) * 4x ) ) * ( 6y + 89.0 ) ) * ( ( ( ( ( 58.0 * 2y ) + ( 10x - 7x ) ) - 48.0 ) + 51.0 ) - 16.0 ) )
ind: 298
( 9y + ( ( ( ( ( 6.0 - 48.0 ) + ( 4x - 46.0 ) ) - ( ( 10x * 8y ) * ( 2.0 - 6y ) ) ) + ( 7y * ( ( 5y - 100.0 ) - ( 1y * 55.0 ) ) ) ) - ( ( 51.0 + 72.0 ) + 91.0 ) ) )
ind: 299
( ( ( ( 50.0 * 24.0 ) - ( ( 8x + ( 23.0 + 1x ) ) * ( 9x + ( 3x * 6y ) ) ) ) - 67.0 ) - 7y )
ind: 300
( ( 38.0 - 60.0 ) - ( 9x * ( ( ( 79.0 + ( 3.0 - 1x ) ) - 39.0 ) * ( 8y - 3y ) ) ) )
ind: 301
( ( 2y + ( ( ( 76.0 - 20.0 ) + 7x ) - 1x ) ) + ( ( ( ( ( 7x * 21.0 ) - ( 92.0 - 94.0 ) ) + ( 5x - 96.0 ) ) - ( ( 49.0 + ( 50.0 * 4x ) ) * ( ( 1x + 94.0 ) * ( 2x + 22.0 ) ) ) ) - ( 9.0 + 38.0 ) ) )
ind: 302
( 6x * ( ( 8y + ( 4y + ( ( 89.0 + 4x ) + 69.0 ) ) ) - 10x ) )
ind: 303
( ( ( 33.0 * 4x ) + 10y ) - 9x )
ind: 304
( ( ( 30.0 * 23.0 ) + 2y ) * ( ( ( 10y + ( ( 54.0 + 1y ) - ( 2x - 20.0 ) ) ) - ( 75.0 * ( ( 7.0 * 34.0 ) * 20.0 ) ) ) + 1y ) )
ind: 305
( ( 57.0 - ( 60.0 * ( 10y * ( ( 12.0 - 80.0 ) - ( 9x - 5y ) ) ) ) ) + ( ( ( 2.0 * 40.0 ) + 12.0 ) * 8y ) )
ind: 306
( 7.0 - ( 10x + 2y ) )
ind: 307
( ( 68.0 * ( ( ( ( 6x + 3x ) - 3x ) + 4y ) * 45.0 ) ) - ( 20.0 * 8y ) )
ind: 308
( ( ( ( ( ( 3x - 6y ) + 65.0 ) - 92.0 ) * ( 6x - ( ( 8y + 10y ) + ( 61.0 - 2x ) ) ) ) * 86.0 ) - 69.0 )
ind: 309
( ( 4.0 - ( 7y + ( ( 59.0 * 5x ) - ( 6y + ( 92.0 * 88.0 ) ) ) ) ) + 4x )
ind: 310
( ( ( ( 91.0 - ( ( 19.0 - 10x ) + ( 5y * 4.0 ) ) ) - 50.0 ) * ( 9x + ( ( 17.0 * ( 2y - 20.0 ) ) * ( ( 81.0 - 9x ) - 4y ) ) ) ) + 53.0 )
ind: 311
( ( 2y - ( 1.0 + 5x ) ) * 73.0 )
ind: 312
( 6x - 5y )
ind: 313
( 1x + ( ( 1x - 3y ) - 6x ) )
ind: 314
( ( ( 42.0 - 4y ) - ( 6y + ( ( ( 67.0 + 30.0 ) * 51.0 ) + 13.0 ) ) ) - ( ( 10y - ( 3y * ( ( 66.0 + 38.0 ) + 64.0 ) ) ) * ( 9y - 7x ) ) )
ind: 315
( ( ( 85.0 + ( ( 9y * ( 10x + 71.0 ) ) * 32.0 ) ) + ( 31.0 * ( ( ( 7y + 2y ) + 3y ) * ( 2x * ( 16.0 - 73.0 ) ) ) ) ) + ( ( ( 49.0 - 1x ) - 64.0 ) * 9y ) )
ind: 316
( 9x - ( 8y * 4x ) )
ind: 317
( ( ( 43.0 + ( 99.0 - 91.0 ) ) * ( ( 44.0 * ( ( 31.0 - 1y ) * 5x ) ) + 62.0 ) ) * ( ( 9y * 1y ) + 79.0 ) )
ind: 318
( ( ( ( 7x * 33.0 ) * 10y ) + ( ( 71.0 * 4x ) - ( ( 23.0 * ( 51.0 * 70.0 ) ) + ( ( 6y + 9y ) - ( 79.0 - 8x ) ) ) ) ) * ( ( 6y + 16.0 ) - 63.0 ) )
ind: 319
( ( ( 1x + 98.0 ) * 5x ) + ( ( ( ( 91.0 + ( 6.0 - 82.0 ) ) - 27.0 ) - 8y ) + ( ( ( 34.0 + ( 78.0 * 8x ) ) - ( ( 9y * 63.0 ) * 91.0 ) ) - 91.0 ) ) )
ind: 320
( ( 5y * 4x ) * ( 56.0 + ( ( ( 41.0 * ( 41.0 * 2y ) ) + 2x ) * ( 21.0 + ( 5x + ( 38.0 + 1y ) ) ) ) ) )
ind: 321
( ( 33.0 + 9x ) - 7y )
ind: 322
( 9x * ( ( ( 90.0 - ( 45.0 * 8.0 ) ) + ( ( 7y * 48.0 ) * ( ( 6y * 2.0 ) + ( 1.0 - 2x ) ) ) ) * 52.0 ) )
ind: 323
( ( ( ( 7x * 1x ) * 4x ) * ( 6x * ( 69.0 + ( 5y * 6.0 ) ) ) ) + 28.0 )
ind: 324
( ( 1y - 18.0 ) + ( 5x * ( ( ( ( 4.0 + 3y ) + ( 1x + 10y ) ) - 38.0 ) - ( ( 10y * 22.0 ) * ( 5x + ( 10x - 3x ) ) ) ) ) )
ind: 325
( ( ( ( 9x * ( 29.0 * ( 47.0 * 100.0 ) ) ) * 9y ) - ( 2y + ( 30.0 * 5x ) ) ) * ( 10y - 4y ) )
ind: 326
( ( ( 5x - 10.0 ) - 5x ) - 10y )
ind: 327
( 55.0 - ( ( ( 53.0 + ( 5x + ( 2.0 * 36.0 ) ) ) + ( 3y + ( ( 98.0 + 10x ) * ( 1y * 15.0 ) ) ) ) - 1x ) )
ind: 328
( 5x * 7y )
ind: 329
( ( ( 4y - ( ( ( 31.0 + 10x ) - ( 10y + 9x ) ) + 58.0 ) ) + 10x ) + ( 3y - ( ( ( ( 63.0 + 65.0 ) - 42.0 ) * 2y ) + ( 2.0 - ( 51.0 + 97.0 ) ) ) ) )
ind: 330
( ( ( 10y - 7x ) - ( 6y + 60.0 ) ) + 4y )
ind: 331
( ( ( ( 70.0 * 87.0 ) + 10y ) + ( 3x + 39.0 ) ) - 96.0 )
ind: 332
( ( ( ( ( 9x * ( 3x - 6x ) ) - 2x ) * 53.0 ) * 2y ) * 1y )
ind: 333
( ( 60.0 - ( 4y - ( ( ( 1x * 28.0 ) - ( 7.0 * 4x ) ) * ( 100.0 - ( 97.0 - 5.0 ) ) ) ) ) - 10x )
ind: 334
( ( ( ( 57.0 + ( 8y + 10y ) ) - 22.0 ) - ( ( 1y * 59.0 ) - ( 10y + 3y ) ) ) * ( ( 88.0 * 3x ) * 83.0 ) )
ind: 335
( 6y + ( 5y - ( ( 8x - ( 10x * ( 72.0 + 74.0 ) ) ) + ( 91.0 * ( ( 7.0 - 3x ) + 77.0 ) ) ) ) )
ind: 336
( 2y + 7x )
ind: 337
( ( 1x - ( 52.0 * ( 6y * 7.0 ) ) ) + ( ( ( 78.0 + ( ( 20.0 - 5y ) + 10y ) ) - 5x ) * ( ( ( ( 10y - 1y ) - ( 3y + 3x ) ) + ( ( 5y - 2x ) - ( 10.0 * 2x ) ) ) - 84.0 ) ) )
ind: 338
( ( 22.0 - ( ( 8x * ( ( 79.0 * 4x ) - ( 9.0 + 10x ) ) ) + ( ( 13.0 - ( 5y - 16.0 ) ) - ( 40.0 - 15.0 ) ) ) ) + 27.0 )
ind: 339
( ( 6y * ( ( ( ( 51.0 + 4x ) * 4x ) + 7.0 ) * 83.0 ) ) * ( 10y * 73.0 ) )
ind: 340
( 97.0 + ( ( ( ( ( 24.0 + 7y ) * 5x ) - 51.0 ) * 43.0 ) - ( 2x * ( ( 92.0 + ( 8y + 6y ) ) * 42.0 ) ) ) )
ind: 341
( ( ( 8y * 4y ) * ( 9x * ( ( ( 26.0 - 10x ) + ( 22.0 - 7x ) ) - ( 4y * ( 96.0 + 4x ) ) ) ) ) + 41.0 )
ind: 342
( ( ( ( ( 2x * ( 24.0 + 71.0 ) ) * ( 4x - ( 18.0 + 30.0 ) ) ) + ( ( 41.0 + ( 6y - 10y ) ) * ( ( 8x - 4y ) * ( 2y - 8x ) ) ) ) + 26.0 ) * ( ( ( ( 4y + 10y ) + ( 39.0 - 8y ) ) * 70.0 ) - ( 20.0 - ( ( ( 6y - 10y ) + ( 1x + 2x ) ) * ( 3y + ( 4y + 43.0 ) ) ) ) ) )
ind: 343
( ( 6y - 31.0 ) - ( ( 8y + ( ( 5.0 * ( 97.0 - 5x ) ) * ( ( 8y + 7x ) + ( 24.0 + 7y ) ) ) ) - ( ( 8y - 5x ) + 49.0 ) ) )
ind: 344
( ( 70.0 - ( 57.0 + ( ( 48.0 * ( 7.0 - 15.0 ) ) + 6x ) ) ) - 9y )
ind: 345
( ( ( ( ( ( 43.0 - 1x ) * ( 5x + 38.0 ) ) * 3y ) + ( 84.0 * 76.0 ) ) - 8y ) * ( ( 71.0 - 2x ) * 81.0 ) )
ind: 346
( ( ( ( 1x + ( ( 16.0 + 5y ) - 2y ) ) + 1x ) + 2x ) - ( 78.0 + 5.0 ) )
ind: 347
( 20.0 + ( ( 10x - ( ( ( 8x - 1.0 ) + ( 7x * 1y ) ) * 80.0 ) ) * 6x ) )
ind: 348
( ( 70.0 - ( 10y * 3x ) ) - ( ( ( ( 97.0 * ( 6x + 74.0 ) ) + 72.0 ) * ( ( ( 86.0 * 32.0 ) + ( 21.0 - 1y ) ) * 3y ) ) + ( 1y * 68.0 ) ) )
ind: 349
( 7x - ( ( 4y + ( ( ( 23.0 - 4y ) + ( 10y + 56.0 ) ) * ( 12.0 + 1x ) ) ) + 30.0 ) )
ind: 350
( ( ( 5x + ( 5y * 9y ) ) + ( 90.0 * 9x ) ) - ( 1y + ( ( ( 2y - ( 11.0 * 26.0 ) ) + ( 54.0 + ( 3.0 - 6y ) ) ) - ( ( ( 65.0 - 50.0 ) - 1y ) * ( 1x + 9y ) ) ) ) )
ind: 351
( ( ( ( ( 2y - ( 31.0 - 50.0 ) ) - ( 7y + ( 8x - 15.0 ) ) ) - ( 9y + ( 34.0 * ( 53.0 - 4y ) ) ) ) * ( 29.0 * ( ( 6x * ( 11.0 * 92.0 ) ) - 30.0 ) ) ) + 24.0 )
ind: 352
( 8x - 4y )
ind: 353
( ( 9y * ( 33.0 - ( ( ( 6x - 7y ) - 1x ) * ( 7y + ( 7.0 + 9y ) ) ) ) ) * 27.0 )
ind: 354
( 45.0 * ( ( ( ( 32.0 * ( 8x + 7x ) ) - 4y ) - 43.0 ) + ( ( 24.0 * 83.0 ) + 46.0 ) ) )
ind: 355
( ( ( ( 4y * ( 51.0 * ( 10x - 81.0 ) ) ) * ( ( 88.0 + ( 7.0 + 57.0 ) ) - ( ( 1x - 5x ) * ( 5x * 6y ) ) ) ) + ( 25.0 + 51.0 ) ) - 2y )
ind: 356
( ( 1x - 52.0 ) + ( 3y - ( 19.0 + ( 60.0 - ( ( 73.0 - 89.0 ) + 10x ) ) ) ) )
ind: 357
( ( 43.0 + ( ( ( ( 81.0 * 10y ) + ( 4y + 9.0 ) ) * ( 7y + ( 72.0 - 8.0 ) ) ) + 2x ) ) * 72.0 )
ind: 358
( ( 6y - 2x ) + ( ( ( ( 68.0 + 48.0 ) + 80.0 ) - 51.0 ) + 2y ) )
ind: 359
( 4y * 9x )
ind: 360
( ( ( 1y - ( ( 6y - 5x ) + ( 7y - 58.0 ) ) ) * ( ( 9x + 31.0 ) + 41.0 ) ) - ( ( ( 2y + 4.0 ) + ( ( ( 8x + 61.0 ) - ( 6.0 + 10x ) ) + ( 10x * 9x ) ) ) - 12.0 ) )
ind: 361
( ( 9x + 2x ) * ( ( ( ( ( 7x - 9x ) + ( 8x + 5y ) ) + ( 97.0 - 10y ) ) * 35.0 ) * ( 55.0 + ( 1y + 2x ) ) ) )
ind: 362
( ( 3x * ( ( ( ( 50.0 * 10x ) + ( 96.0 + 56.0 ) ) - ( 1x * 2y ) ) + ( 40.0 - ( 9x - 4x ) ) ) ) - 74.0 )
ind: 363
( 4x * ( 8x - 4y ) )
ind: 364
( 2y - ( ( 3y + 6y ) - ( ( 2y + 98.0 ) + ( 20.0 - 6x ) ) ) )
ind: 365
( ( ( ( ( ( 60.0 - 2x ) + 17.0 ) - 8.0 ) - ( ( ( 39.0 * 2y ) * ( 4y * 70.0 ) ) - ( ( 1x - 32.0 ) * 6.0 ) ) ) * 86.0 ) - 89.0 )
ind: 366
( 4x * ( 7x - 6y ) )
ind: 367
( ( 61.0 - ( 54.0 - ( 52.0 - ( ( 7y * 10x ) + 9.0 ) ) ) ) + ( 6y + 40.0 ) )
ind: 368
( 6y - 10x )
ind: 369
( ( ( 83.0 + 7y ) * ( 10x - ( ( ( 8x + 53.0 ) * 1y ) * ( 82.0 - 79.0 ) ) ) ) * ( 6.0 * 2y ) )
ind: 370
( ( 8x + ( 96.0 * ( 83.0 + 8y ) ) ) * 10x )
ind: 371
( ( ( ( ( ( 6y * 12.0 ) * ( 5y + 10y ) ) - ( ( 59.0 + 5y ) - 7x ) ) + ( ( 9x * 67.0 ) * ( ( 4x + 3y ) + ( 6x * 3x ) ) ) ) * 41.0 ) + 10x )
ind: 372
( ( ( ( ( 7.0 - 16.0 ) - ( ( 1x + 40.0 ) * ( 4y + 6y ) ) ) * 65.0 ) + ( 5x - 10y ) ) * ( ( 5x - ( ( 6x + 10x ) + 2x ) ) * ( 1x - ( 81.0 * 71.0 ) ) ) )
ind: 373
( ( ( 6x + 10y ) * ( 9.0 * ( ( ( 56.0 + 5y ) + 3x ) - ( 5x + 3y ) ) ) ) - 66.0 )
ind: 374
( ( ( 12.0 - 51.0 ) - ( 1x + ( 96.0 - ( ( 15.0 + 1y ) - 29.0 ) ) ) ) - ( 10x * 6x ) )
ind: 375
( 4x * ( ( 5y * 10y ) + ( 30.0 * 5x ) ) )
ind: 376
( 10x + ( ( ( ( 3x * ( 37.0 + 1x ) ) * 3y ) + ( 70.0 + 6x ) ) - ( 6x - 9y ) ) )
ind: 377
( ( 4.0 + ( 2x - ( ( ( 2x - 84.0 ) * ( 64.0 + 10.0 ) ) - ( 77.0 * 92.0 ) ) ) ) + ( 8y * ( 9y * 1y ) ) )
ind: 378
( ( 39.0 - ( 7x * ( ( ( 6x - 1y ) - ( 4x * 10x ) ) * 65.0 ) ) ) - ( ( 94.0 + 38.0 ) - 5y ) )
ind: 379
( ( ( ( ( 8x + ( 5y - 6x ) ) * 9x ) + ( ( 4x * 61.0 ) * ( 4y * 21.0 ) ) ) * ( 4x + ( ( ( 20.0 + 9y ) * 3y ) * ( 53.0 * 33.0 ) ) ) ) * ( ( ( 7x * 43.0 ) * ( ( ( 1y * 62.0 ) - 1.0 ) - ( ( 38.0 + 7x ) - 5y ) ) ) + 1x ) )
ind: 380
( 10y * ( 34.0 * ( ( 45.0 - ( ( 72.0 * 6y ) * 10x ) ) - 81.0 ) ) )
ind: 381
( ( 45.0 - ( ( ( 1x - 3x ) + ( ( 68.0 - 6x ) + ( 29.0 + 6.0 ) ) ) + 39.0 ) ) * ( ( ( ( ( 87.0 * 19.0 ) - 39.0 ) * ( 51.0 + ( 64.0 - 2y ) ) ) * ( 57.0 - 59.0 ) ) - ( 45.0 * 87.0 ) ) )
ind: 382
( ( ( 9x * ( 53.0 + 4y ) ) - 7y ) + ( 73.0 + ( 3x * ( ( 61.0 + 47.0 ) + ( ( 10x - 1y ) * 7x ) ) ) ) )
ind: 383
( ( ( 25.0 * ( 8x * 4y ) ) * 10x ) + ( 2x + ( ( ( 6x + ( 62.0 * 23.0 ) ) + 5.0 ) * 7x ) ) )
ind: 384
( 6y + ( 6y + ( 4x - 48.0 ) ) )
ind: 385
( ( 6y - ( 44.0 + 8x ) ) * ( 3y + 14.0 ) )
ind: 386
( 82.0 - ( ( ( ( ( 2x * 2y ) * ( 5y * 96.0 ) ) - 10x ) * ( ( 1x - ( 1x + 10y ) ) + 29.0 ) ) + ( 6.0 * 60.0 ) ) )
ind: 387
( 73.0 - ( ( 6y - 95.0 ) - ( 64.0 * 10x ) ) )
ind: 388
( 1x * ( ( 2y * 16.0 ) - ( ( ( 6y + ( 24.0 - 2x ) ) + ( 8x - 88.0 ) ) + ( 5x * ( ( 29.0 * 58.0 ) - ( 6y - 42.0 ) ) ) ) ) )
ind: 389
( ( ( 14.0 - 7x ) + ( ( ( ( 78.0 * 8y ) + 3x ) + 8x ) * 42.0 ) ) - ( ( ( ( 6x * 72.0 ) + ( ( 14.0 * 2x ) + ( 18.0 * 21.0 ) ) ) - ( ( 1x + ( 5.0 - 33.0 ) ) - ( ( 51.0 - 1x ) - 95.0 ) ) ) - 8x ) )
ind: 390
( 81.0 - ( ( ( ( 7y * ( 5y - 13.0 ) ) + 5x ) + 90.0 ) + 58.0 ) )
ind: 391
( ( ( ( ( ( 6y + 1y ) - 3y ) + ( 10y - ( 10y - 5y ) ) ) * ( ( 1y * 88.0 ) - 7y ) ) - ( 7y * 42.0 ) ) - ( ( 62.0 + 59.0 ) - ( 7.0 + ( ( ( 13.0 * 1x ) * ( 59.0 * 14.0 ) ) * ( ( 18.0 * 4y ) * ( 9y * 1y ) ) ) ) ) )
ind: 392
( ( 9.0 + 19.0 ) - ( 1y + ( ( ( 50.0 - 44.0 ) - ( 4x + ( 9y - 4x ) ) ) - 8y ) ) )
ind: 393
( ( ( 20.0 * 39.0 ) - ( 57.0 * 1x ) ) * ( ( ( 49.0 - ( ( 41.0 + 2y ) * 1y ) ) * 61.0 ) * ( ( ( 7y + 70.0 ) * ( 6y + ( 24.0 - 6x ) ) ) - 67.0 ) ) )
ind: 394
( ( ( ( 59.0 + 8x ) * 3.0 ) * ( 6x - 62.0 ) ) - ( ( ( ( 10y * 7x ) + 91.0 ) * ( ( ( 1y - 9x ) * ( 3y - 3x ) ) - 54.0 ) ) * ( ( ( 80.0 * ( 9x * 2y ) ) * 2x ) + ( ( ( 50.0 + 11.0 ) * ( 60.0 + 83.0 ) ) + 53.0 ) ) ) )
ind: 395
( ( ( 10y + ( 5y - ( 8.0 * 4.0 ) ) ) * ( ( ( ( 8y - 7x ) + 8x ) * 81.0 ) + ( ( ( 5y * 4x ) * ( 7y * 5y ) ) * ( ( 1y * 10y ) + 2y ) ) ) ) - 27.0 )
ind: 396
( ( ( ( ( ( 78.0 * 10y ) * ( 81.0 - 4y ) ) - 1x ) * 34.0 ) + ( ( 38.0 * 5x ) * ( 6y - ( 4y - 6.0 ) ) ) ) + ( ( ( 36.0 - 4y ) - ( ( 67.0 - ( 9y + 3y ) ) - ( 8x * ( 4x * 45.0 ) ) ) ) * ( 1.0 * 5y ) ) )
ind: 397
( ( ( ( ( 2x + ( 17.0 * 22.0 ) ) * 4x ) + 1x ) - ( 62.0 + 7y ) ) + 3y )
ind: 398
( 4x + ( ( ( ( ( 1x - 1y ) - 1x ) + ( 5y * ( 2x + 20.0 ) ) ) - 78.0 ) * 1y ) )
ind: 399
( 7x - ( 9y * ( ( ( ( 1y * 52.0 ) - 8x ) - ( ( 4.0 + 3.0 ) - ( 2x - 100.0 ) ) ) * ( 5x + 21.0 ) ) ) )
ind: 400
( ( 8y - 10x ) + 8y )
ind: 401
( 86.0 + ( ( ( ( ( 7x - 7y ) - 32.0 ) * ( ( 3x - 10.0 ) + 10y ) ) - ( ( ( 10y - 7x ) + 16.0 ) * ( ( 5y * 12.0 ) + ( 51.0 + 18.0 ) ) ) ) - 31.0 ) )
ind: 402
( ( ( ( 76.0 + ( 7y + 4x ) ) - ( ( 65.0 * 13.0 ) + 5y ) ) * ( ( ( ( 83.0 - 1x ) * ( 4y - 2.0 ) ) + 4y ) * 5x ) ) * ( 39.0 * 1x ) )
ind: 403
( 6y + 8x )
ind: 404
( ( ( ( 30.0 + ( ( 10y * 13.0 ) - ( 1x + 4x ) ) ) + ( ( ( 88.0 + 98.0 ) + 54.0 ) - ( 6.0 * 8y ) ) ) * ( 4x + 3y ) ) + ( 28.0 - ( ( 92.0 + ( 10y - 91.0 ) ) + ( 5x - ( ( 4y + 47.0 ) - ( 4x * 6x ) ) ) ) ) )
ind: 405
( ( ( ( ( 85.0 * ( 42.0 + 2x ) ) + 4x ) - ( ( 76.0 - 1x ) * ( ( 42.0 * 10y ) + ( 9.0 + 27.0 ) ) ) ) * 44.0 ) - 100.0 )
ind: 406
( ( 3y * ( ( 1x * ( 67.0 - ( 5x - 46.0 ) ) ) * ( ( ( 9.0 * 7x ) + ( 100.0 + 19.0 ) ) + ( 10y * 43.0 ) ) ) ) * 17.0 )
ind: 407
( ( ( 10x + 6y ) - 10x ) * 5x )
ind: 408
( ( 7x - 5y ) - 49.0 )
ind: 409
( ( 35.0 + ( ( ( 21.0 - 1y ) + 3x ) - ( 4x * 6y ) ) ) + ( 1y * ( 65.0 * ( 7y + 1y ) ) ) )
ind: 410
( ( ( 3x + 45.0 ) - ( 58.0 + ( ( 1y + ( 9y * 88.0 ) ) - ( ( 2x * 3y ) * ( 4y - 67.0 ) ) ) ) ) + ( ( 35.0 - 2x ) * 4x ) )
ind: 411
( ( ( ( 85.0 - ( ( 84.0 * 1y ) + ( 5x + 7x ) ) ) * ( 49.0 + ( ( 47.0 * 31.0 ) + ( 3x + 48.0 ) ) ) ) * ( ( 9y - ( ( 34.0 - 9x ) - ( 6y - 52.0 ) ) ) * ( ( ( 72.0 + 24.0 ) + ( 3x * 24.0 ) ) * 1y ) ) ) * ( 3y * ( ( 82.0 * ( ( 44.0 + 15.0 ) * 20.0 ) ) + 31.0 ) ) )
ind: 412
( ( ( 3y - ( ( ( 34.0 - 99.0 ) - ( 37.0 - 4x ) ) + ( 6x - 38.0 ) ) ) - ( 5.0 - 9x ) ) * ( ( 16.0 * ( ( 17.0 - 7y ) + 2x ) ) - 22.0 ) )
ind: 413
( 9x - ( ( ( ( 16.0 * 2y ) * 2x ) + ( 5x - 5y ) ) * 81.0 ) )
ind: 414
( 31.0 - ( ( ( ( ( 88.0 + 31.0 ) + 1y ) + 9x ) * ( 96.0 + 68.0 ) ) + 87.0 ) )
ind: 415
( 8x + ( ( ( 4y - ( ( 6x - 8y ) - ( 85.0 * 70.0 ) ) ) * 4y ) * ( 47.0 - 89.0 ) ) )
ind: 416
( ( 9y - 26.0 ) - ( 3y - ( ( ( ( 8x * 1x ) + 3x ) - ( ( 24.0 * 71.0 ) * ( 61.0 * 63.0 ) ) ) * 27.0 ) ) )
ind: 417
( 37.0 * ( ( 3.0 * ( ( 3x + ( 4y + 64.0 ) ) + 51.0 ) ) - 5y ) )
ind: 418
( 7x * 2y )
ind: 419
( 4y * ( 8y - 9x ) )
ind: 420
( ( ( 34.0 - ( ( ( 66.0 * 10x ) + ( 10x * 21.0 ) ) - 38.0 ) ) * 3y ) + 2y )
ind: 421
( ( ( 77.0 * 4y ) - 2x ) * 3.0 )
ind: 422
( 68.0 - ( ( ( ( ( 10x * 56.0 ) * ( 4x + 10x ) ) * ( 9x * ( 49.0 - 10x ) ) ) + ( ( 9y - 4x ) * ( 95.0 * 62.0 ) ) ) - 3.0 ) )
ind: 423
( ( ( ( ( ( 61.0 + 63.0 ) + ( 6x * 8.0 ) ) - ( 68.0 - 5y ) ) + ( ( 8.0 + ( 2y + 27.0 ) ) - 80.0 ) ) - ( ( 37.0 - 72.0 ) + 3y ) ) - ( ( ( 25.0 - 3y ) + ( ( ( 3y * 50.0 ) * 7x ) + ( ( 62.0 - 4y ) + 6y ) ) ) * ( ( ( ( 3y * 10x ) * ( 4y + 25.0 ) ) * ( 1x * ( 3.0 * 5y ) ) ) * ( ( 1x - ( 9y + 2x ) ) - ( ( 3y + 32.0 ) + 10x ) ) ) ) )
ind: 424
( 7y + ( ( ( 2x - ( 13.0 * ( 10x * 2y ) ) ) - ( ( 69.0 + 6x ) * ( ( 4y - 2x ) + ( 10x * 4x ) ) ) ) - 8x ) )
ind: 425
( ( 4y * 8y ) * 4x )
ind: 426
( ( ( 8y + 5.0 ) - 9x ) - 4x )
ind: 427
( 78.0 - ( ( ( 2x - ( 92.0 + 10y ) ) - ( ( ( 5x - 4x ) - ( 98.0 * 81.0 ) ) - ( ( 35.0 - 8y ) + 83.0 ) ) ) + ( ( 5x * 9x ) * 20.0 ) ) )
ind: 428
( 100.0 - ( ( 74.0 + ( ( 9.0 + ( 60.0 - 5y ) ) - 40.0 ) ) - ( 9x * 4y ) ) )
ind: 429
( ( 93.0 - ( ( 2y - ( ( 9y + 11.0 ) + 69.0 ) ) * ( 20.0 - 51.0 ) ) ) - ( ( ( 25.0 * ( ( 72.0 * 9y ) + ( 84.0 * 3x ) ) ) + 3y ) - ( 9x + ( ( 78.0 * ( 9x * 10.0 ) ) - 52.0 ) ) ) )
ind: 430
( ( ( ( ( 3x * ( 4x + 52.0 ) ) + 2y ) - 5x ) - 59.0 ) - 89.0 )
ind: 431
( ( ( ( ( ( 6y + 10x ) * ( 8x * 42.0 ) ) - ( 3.0 * ( 76.0 * 99.0 ) ) ) * ( ( ( 83.0 * 70.0 ) - 69.0 ) - 29.0 ) ) * 3x ) * 74.0 )
ind: 432
( ( 1y * ( 10x - ( ( ( 9x - 98.0 ) - ( 46.0 + 29.0 ) ) * ( 87.0 + 6x ) ) ) ) * ( 47.0 + ( ( ( ( 35.0 + 9x ) + 2y ) + 4y ) + 5x ) ) )
ind: 433
( 21.0 + ( ( ( 10x + 10y ) - ( 1x - 3y ) ) + ( ( ( ( 1y - 99.0 ) + ( 2y + 38.0 ) ) - 2x ) + 86.0 ) ) )
ind: 434
( ( ( ( ( ( 35.0 - 77.0 ) * ( 47.0 - 6y ) ) + ( ( 7.0 - 4x ) + ( 2x * 86.0 ) ) ) - ( ( ( 3x + 5y ) + ( 9x - 32.0 ) ) - 25.0 ) ) + 5y ) + 10x )
ind: 435
( ( 38.0 * ( ( 16.0 - ( ( 4x + 98.0 ) + 7y ) ) + ( 8.0 - ( ( 4x * 14.0 ) - ( 8x - 10x ) ) ) ) ) - 10.0 )
ind: 436
( ( ( 4.0 * ( 60.0 * ( ( 90.0 * 87.0 ) + ( 10x * 58.0 ) ) ) ) * ( ( ( 21.0 + 4x ) - ( ( 1y + 5y ) - ( 80.0 * 3.0 ) ) ) + 7y ) ) - ( ( ( 31.0 * 9x ) - ( ( 78.0 + ( 32.0 + 2x ) ) * 10x ) ) * 57.0 ) )
ind: 437
( ( ( 31.0 * 79.0 ) * ( ( 8x * ( ( 4y + 5y ) + 34.0 ) ) * 8x ) ) * 2y )
ind: 438
( ( 58.0 + ( 30.0 - ( ( 8y * ( 35.0 * 8y ) ) - ( 13.0 * ( 91.0 * 41.0 ) ) ) ) ) * ( 5x * ( 3y * ( 14.0 + 47.0 ) ) ) )
ind: 439
( ( ( ( 3x + 63.0 ) - 3y ) + 92.0 ) + 38.0 )
ind: 440
( 1y * 3x )
ind: 441
( ( ( 6x + ( 63.0 + 6x ) ) * ( 68.0 - ( 14.0 + 88.0 ) ) ) - 1y )
ind: 442
( ( ( 1x + 71.0 ) - ( 7x - ( 5x * ( ( 10y + 10y ) * 8x ) ) ) ) - 18.0 )
ind: 443
( ( ( 4x + ( ( ( 48.0 + 73.0 ) * ( 71.0 * 10y ) ) + ( ( 60.0 + 3y ) + 65.0 ) ) ) - ( ( ( 46.0 - 63.0 ) - ( 5y * 7x ) ) + 25.0 ) ) * 9x )
ind: 444
( ( ( ( 25.0 - 4x ) * ( ( 89.0 - ( 10y + 93.0 ) ) - 3y ) ) - ( 75.0 + 52.0 ) ) + 77.0 )
ind: 445
( ( ( ( ( ( 75.0 - 3x ) * 56.0 ) * ( 1x + 10y ) ) - ( ( 41.0 + 7y ) + ( 97.0 - 8y ) ) ) + 7.0 ) - ( 17.0 * 29.0 ) )
ind: 446
( ( 14.0 + ( ( 57.0 * ( 10y - ( 1y - 2x ) ) ) * 50.0 ) ) + ( ( 22.0 * 84.0 ) * 59.0 ) )
ind: 447
( ( ( ( 5x - 39.0 ) - ( 52.0 - ( ( 6x * 4x ) * 10y ) ) ) + ( 57.0 - 13.0 ) ) - 9y )
ind: 448
( 3x + 8y )
ind: 449
( ( ( ( 1x + 5y ) * 8y ) + 1y ) + ( ( ( 5y - ( 10y * 3x ) ) - 4x ) + ( 21.0 - 60.0 ) ) )
ind: 450
( 10x + ( ( ( 94.0 - ( 4x + ( 5y - 5y ) ) ) + 7y ) * ( 6x + 7x ) ) )
ind: 451
( 89.0 * ( ( ( ( 64.0 + 45.0 ) - 95.0 ) * ( 7x * 5y ) ) - ( 25.0 * ( 35.0 - 2x ) ) ) )
ind: 452
( 23.0 + ( ( ( ( ( 6y - 1y ) - ( 63.0 - 85.0 ) ) + 47.0 ) + 31.0 ) - 3x ) )
ind: 453
( ( 39.0 * 89.0 ) - ( ( 5x * ( 27.0 - ( ( 9x + 1x ) * 3x ) ) ) - ( ( ( 94.0 + 4.0 ) * ( ( 9x + 7y ) - ( 8.0 + 3y ) ) ) * ( 3y * ( ( 7x * 5y ) + 50.0 ) ) ) ) )
ind: 454
( ( ( 78.0 + ( ( 49.0 + ( 33.0 * 27.0 ) ) + ( ( 33.0 + 76.0 ) + 9x ) ) ) - 30.0 ) * 3y )
ind: 455
( 33.0 + ( 7x - 1y ) )
ind: 456
( ( ( ( 4y - 6x ) + ( ( ( 61.0 - 82.0 ) - ( 7y - 84.0 ) ) * 7x ) ) - ( 6y + 85.0 ) ) + ( 85.0 * 10x ) )
ind: 457
( ( ( ( 99.0 - 14.0 ) + ( ( 52.0 - ( 2y + 94.0 ) ) * 1x ) ) + ( 1x * ( 6y - 14.0 ) ) ) * ( ( 4y - ( ( ( 4y - 41.0 ) + ( 9x + 46.0 ) ) - 6x ) ) - 62.0 ) )
ind: 458
( ( 2y - 38.0 ) - 8x )
ind: 459
( 1x + 9y )
ind: 460
( 3y - ( ( ( ( 16.0 + ( 87.0 - 1x ) ) - 97.0 ) + ( 9y - 93.0 ) ) * ( ( ( ( 74.0 + 72.0 ) - 94.0 ) * ( ( 4y + 6y ) - 9x ) ) * ( 95.0 - ( 5x + ( 3y * 50.0 ) ) ) ) ) )
ind: 461
( ( ( ( ( ( 8x + 66.0 ) + 11.0 ) - ( 69.0 - 27.0 ) ) - ( ( ( 1x + 27.0 ) + ( 2y * 62.0 ) ) - 7y ) ) * 31.0 ) + 2x )
ind: 462
( 9y - ( ( 4x * 4x ) * ( ( 9x * 64.0 ) + ( ( 4x * 60.0 ) + 2y ) ) ) )
ind: 463
( ( 6x + ( ( 6y * 73.0 ) + 63.0 ) ) + ( ( 22.0 + ( ( ( 38.0 * 23.0 ) * ( 10x + 88.0 ) ) - 15.0 ) ) * ( 57.0 * ( 1x * ( ( 31.0 * 6x ) + ( 2y + 5x ) ) ) ) ) )
ind: 464
( ( 46.0 + ( ( 6y - 71.0 ) - ( 4y * ( ( 2x + 3.0 ) * 96.0 ) ) ) ) - ( 5x - 29.0 ) )
ind: 465
( ( ( ( ( ( 4y + 5y ) + ( 10x + 86.0 ) ) * ( 17.0 + 93.0 ) ) + 78.0 ) - ( 3x + ( ( ( 15.0 - 99.0 ) - 9x ) * 66.0 ) ) ) - 6y )
ind: 466
( ( ( ( ( 4y + 6y ) + 5.0 ) + ( 6x - ( ( 10x * 63.0 ) + ( 7x - 9y ) ) ) ) - ( ( ( 37.0 * 5x ) * ( ( 4y + 8y ) * 36.0 ) ) * ( 7.0 - 6y ) ) ) + 3x )
ind: 467
( 7y + ( ( 8y * 4x ) - 3y ) )
ind: 468
( ( ( ( 6x * ( 9x * 1y ) ) * ( ( ( 6y - 58.0 ) * 3y ) - 44.0 ) ) + ( ( 62.0 + ( 8y * ( 96.0 - 4y ) ) ) - 8x ) ) - 62.0 )
ind: 469
( 8y + ( 6x + 98.0 ) )
ind: 470
( ( 31.0 - ( ( ( 73.0 * 3x ) * 9y ) - 10.0 ) ) - ( 30.0 - ( ( 5x * 48.0 ) * ( ( 29.0 + 31.0 ) * ( ( 94.0 * 7y ) - 95.0 ) ) ) ) )
ind: 471
( ( 3y - ( ( 6x - ( 5x * ( 13.0 - 7y ) ) ) - ( ( 73.0 + 83.0 ) + 8y ) ) ) * ( 7y + ( ( 20.0 * ( 87.0 * 24.0 ) ) + 3x ) ) )
ind: 472
( 34.0 * ( 1y - ( 7x * 5y ) ) )
ind: 473
( ( ( 28.0 * 8y ) - ( ( ( 6y + ( 100.0 * 58.0 ) ) * 2x ) + ( ( ( 43.0 - 23.0 ) - 38.0 ) - ( ( 5x + 46.0 ) * 2y ) ) ) ) + ( ( ( ( 2y + 6y ) - 31.0 ) * 63.0 ) - 3x ) )
ind: 474
( 4y * ( ( 3.0 + ( 4x + ( 3y * ( 10x - 5x ) ) ) ) - ( 68.0 * 3x ) ) )
ind: 475
( ( 8y - ( ( 1y - 68.0 ) * ( 1y + 56.0 ) ) ) - ( ( 10x * ( 84.0 * 60.0 ) ) + 1x ) )
ind: 476
( 8x + 4y )
ind: 477
( 10y * 8x )
ind: 478
( 74.0 - ( ( ( 4x + ( 25.0 + ( 78.0 - 72.0 ) ) ) * ( 53.0 * 7y ) ) - 10x ) )
ind: 479
( ( 4x * ( 95.0 - ( ( ( 3y * 90.0 ) + ( 38.0 - 30.0 ) ) + 44.0 ) ) ) + 8x )
ind: 480
( ( 10x + 31.0 ) * 10y )
ind: 481
( ( 2x - ( 78.0 * ( ( ( 66.0 - 8y ) + ( 6x - 52.0 ) ) - 41.0 ) ) ) * 46.0 )
ind: 482
( ( 70.0 - 93.0 ) - ( ( 100.0 * ( ( ( 57.0 * 7y ) - 1x ) * 4y ) ) - ( ( 86.0 * ( 7y - 18.0 ) ) * 69.0 ) ) )
ind: 483
( ( 4y + ( ( ( ( 33.0 * 1y ) * 10.0 ) - 36.0 ) + ( ( ( 10y - 78.0 ) + ( 9x * 9y ) ) + ( ( 28.0 - 7x ) - ( 38.0 + 37.0 ) ) ) ) ) * 91.0 )
ind: 484
( ( 45.0 + 7y ) * ( ( 4x + 5y ) + 2x ) )
ind: 485
( ( ( ( 90.0 + ( 4y + 20.0 ) ) - 9y ) * ( 57.0 - 6y ) ) * ( ( 11.0 + 61.0 ) + ( 3x - ( ( 7x * 46.0 ) + 8.0 ) ) ) )
ind: 486
( ( ( 35.0 + 4y ) - 71.0 ) - 2x )
ind: 487
( ( 54.0 - ( ( 3x + ( ( 10y * 6x ) + ( 8y * 26.0 ) ) ) + 1y ) ) * ( 50.0 + 4y ) )
ind: 488
( ( ( 62.0 - ( 3x + ( ( 5y - 1x ) - ( 76.0 * 3x ) ) ) ) * ( 5x * ( 38.0 + ( 92.0 + ( 9x * 19.0 ) ) ) ) ) - ( ( ( 56.0 - 89.0 ) - 7y ) * 1y ) )
ind: 489
( 48.0 - ( 10x - ( 9y - ( 2.0 * 88.0 ) ) ) )
ind: 490
( ( ( ( ( 79.0 - 6x ) - ( 55.0 * 89.0 ) ) + ( ( ( 6y * 62.0 ) * ( 8x * 50.0 ) ) * 2x ) ) * 9x ) - 5.0 )
ind: 491
( ( 7y * 68.0 ) * ( ( ( ( 2y * 58.0 ) * 4y ) * ( 91.0 + ( 4x + 69.0 ) ) ) - ( ( 1y + 6x ) * 6x ) ) )
ind: 492
( ( ( ( ( 41.0 - 73.0 ) + ( 6y + ( 4y + 5x ) ) ) - 2y ) - 69.0 ) * 5x )
ind: 493
( ( ( 42.0 * ( 74.0 + ( 2y + ( 39.0 * 8.0 ) ) ) ) * ( 5y * 9x ) ) - 45.0 )
ind: 494
( 6y * ( 3x - 12.0 ) )
ind: 495
( 11.0 + ( 4.0 * ( 3.0 - ( ( 48.0 * ( 3y - 3x ) ) - ( ( 6x * 57.0 ) + ( 36.0 - 3y ) ) ) ) ) )
ind: 496
( 2y * ( ( ( 94.0 - 5y ) * ( 22.0 - ( ( 79.0 * 10y ) + 10y ) ) ) * ( ( ( ( 9x - 4x ) * 9x ) * 72.0 ) - 8x ) ) )
ind: 497
( ( 9x + ( 23.0 + 7x ) ) - ( 3x + ( 3y + 7y ) ) )
ind: 498
( 4x + 5y )
ind: 499
( ( 9y - ( ( ( 35.0 * ( 85.0 * 74.0 ) ) + 10.0 ) + 1x ) ) * ( ( ( 8y - ( ( 58.0 + 1x ) * 12.0 ) ) * ( ( 66.0 + 60.0 ) * 16.0 ) ) + 7.0 ) )
ind: 500
( ( ( 14.0 - ( 1y - ( ( 85.0 - 100.0 ) * 6y ) ) ) - ( 50.0 + ( 9x - ( ( 1x + 43.0 ) - 1x ) ) ) ) + 6y )
Best Ind: ( ( ( 6x + ( 63.0 + 6x ) ) * ( 68.0 - ( 14.0 + 88.0 ) ) ) - 1y )
Fitness = 31.7890896877
Worst Ind: ( ( ( ( 85.0 - ( ( 84.0 * 1y ) + ( 5x + 7x ) ) ) * ( 49.0 + ( ( 47.0 * 31.0 ) + ( 3x + 48.0 ) ) ) ) * ( ( 9y - ( ( 34.0 - 9x ) - ( 6y - 52.0 ) ) ) * ( ( ( 72.0 + 24.0 ) + ( 3x * 24.0 ) ) * 1y ) ) ) * ( 3y * ( ( 82.0 * ( ( 44.0 + 15.0 ) * 20.0 ) ) + 31.0 ) ) )
Fitness = 4.01668883878e+15
Avg Fitness = 8.60507561531e+12
Duplicated = 1
============================================================================
Evaluate Gen  1
New Population 688
Better than Dads 60
Best Ind: ( ( ( 6x + ( 63.0 + 6x ) ) * ( 68.0 - ( 14.0 + 88.0 ) ) ) - 1y )
Fitness = 31.7890896877
Worst Ind: ( ( ( 37.0 - 20.0 ) + ( 56.0 - 33.0 ) ) * ( ( 10x * ( ( 3.0 * 2y ) - 8y ) ) - ( ( ( 25.0 + ( 5x * 9x ) ) * ( ( 9y + 1y ) - ( 11.0 - 9y ) ) ) - ( ( 2x * 59.0 ) + ( 77.0 + 78.0 ) ) ) ) )
Fitness = 410750.0
Avg Fitness = 40996.9431548
Duplicated = 6
============================================================================
Evaluate Gen  2
New Population 687
Better than Dads 54
Best Ind: ( ( ( 6x + ( 63.0 + 6x ) ) * ( 68.0 - ( 14.0 + 88.0 ) ) ) - 1y )
Fitness = 31.7890896877
Worst Ind: ( ( ( ( 7x - 6x ) + ( ( ( 61.0 - 82.0 ) - ( 7y - 84.0 ) ) * 7x ) ) - ( 6y + 85.0 ) ) + ( 85.0 * 10x ) )
Fitness = 27200.6631204
Avg Fitness = 5719.42526716
Duplicated = 8
============================================================================
Evaluate Gen  3
New Population 703
Better than Dads 58
Best Ind: ( ( ( 6x + ( 63.0 + 6x ) ) * ( 68.0 - ( 14.0 + 88.0 ) ) ) - 1y )
Fitness = 31.7890896877
Worst Ind: ( ( ( 10y + 50.0 ) + 22.0 ) + ( ( 6x * 70.0 ) - ( ( 2y - ( 29.0 - 75.0 ) ) + ( ( 24.0 + ( 3y - 54.0 ) ) - 5y ) ) ) )
Fitness = 7350.0
Avg Fitness = 2665.54292576
Duplicated = 9
============================================================================
Evaluate Gen  4
New Population 671
Better than Dads 42
Best Ind: ( ( ( 6x + ( 63.0 + 6x ) ) * ( 68.0 - ( 14.0 + 88.0 ) ) ) - 1y )
Fitness = 31.7890896877
Worst Ind: ( 8y * ( 6x * 9y ) )
Fitness = 4592.7394248
Avg Fitness = 1866.50142101
Duplicated = 15
============================================================================
Evaluate Gen  5
New Population 694
Better than Dads 45
Best Ind: ( ( ( 6x + ( 63.0 + 6x ) ) * ( 68.0 - ( 14.0 + 88.0 ) ) ) - 1y )
Fitness = 31.7890896877
Worst Ind: ( ( ( ( ( 2y - ( 10x * 65.0 ) ) - ( 1x + 7x ) ) + 2y ) - 5x ) - 59.0 )
Fitness = 2950.0
Avg Fitness = 1299.05681187
Duplicated = 19
============================================================================
Evaluate Gen  6
New Population 690
Better than Dads 54
Best Ind: ( ( ( 6x + ( 63.0 + 6x ) ) * ( 68.0 - ( 14.0 + 88.0 ) ) ) - 1y )
Fitness = 31.7890896877
Worst Ind: ( 4y + ( ( 4x + ( 10x * ( 9x + 3y ) ) ) + 4y ) )
Fitness = 2314.20307759
Avg Fitness = 958.421005264
Duplicated = 25
============================================================================
Evaluate Gen  7
New Population 689
Better than Dads 56
Best Ind: ( ( ( 6x + ( 63.0 + 6x ) ) * ( 68.0 - ( 14.0 + 88.0 ) ) ) - 1y )
Fitness = 31.7890896877
Worst Ind: ( ( ( ( 47.0 + ( 5y + ( 2y - 9y ) ) ) * ( 38.0 * 1x ) ) * ( ( ( 64.0 - 11.0 ) * 73.0 ) - ( 3y + 19.0 ) ) ) - ( ( 3x + 6y ) - ( 1.0 - ( 4y * ( 6x * 4.0 ) ) ) ) )
Fitness = 1525.87630501
Avg Fitness = 700.914539503
Duplicated = 30
============================================================================
Evaluate Gen  8
New Population 687
Better than Dads 52
Best Ind: ( 2x * 1y )
Fitness = 31.7890896877
Worst Ind: ( ( 38.0 + ( 5y + ( ( 9x - 2x ) - 4y ) ) ) * 1y )
Fitness = 1207.98540813
Avg Fitness = 511.442896464
Duplicated = 33
============================================================================
Evaluate Gen  9
New Population 699
Better than Dads 59
Best Ind: ( 2x * 1y )
Fitness = 31.7890896877
Worst Ind: ( 1y + ( ( ( ( 3x * ( 84.0 + 7y ) ) + 81.0 ) - 1y ) - ( ( ( 32.0 - 1y ) - ( ( 80.0 - 90.0 ) * 91.0 ) ) - ( ( 8y * 6x ) + 5x ) ) ) )
Fitness = 772.938152506
Avg Fitness = 373.088960638
Duplicated = 39
============================================================================
Evaluate Gen  10
New Population 717
Better than Dads 59
Best Ind: ( 2x * 1y )
Fitness = 31.7890896877
Worst Ind: ( ( ( ( ( ( 62.0 - 9y ) + 2.0 ) - 5x ) - 4y ) * 8x ) + 9y )
Fitness = 548.335439933
Avg Fitness = 298.729180913
Duplicated = 52
============================================================================
Evaluate Gen  11
New Population 703
Better than Dads 71
Best Ind: ( 2x * 1y )
Fitness = 31.7890896877
Worst Ind: ( ( 10y - 7x ) + ( 5y - 10y ) )
Fitness = 388.404711771
Avg Fitness = 254.169065024
Duplicated = 64
============================================================================
Evaluate Gen  12
New Population 709
Better than Dads 62
Best Ind: ( 2x * 1y )
Fitness = 31.7890896877
Worst Ind: ( ( ( 6y + ( 8x * ( 18.0 - 29.0 ) ) ) - 28.0 ) - 10x )
Fitness = 318.519422198
Avg Fitness = 236.130618392
Duplicated = 76
============================================================================
Evaluate Gen  13
New Population 707
Better than Dads 60
Best Ind: ( 2x * 1y )
Fitness = 31.7890896877
Worst Ind: ( ( 9y - 5x ) - ( 8x + 5y ) )
Fitness = 300.020508875
Avg Fitness = 216.811135101
Duplicated = 80
============================================================================
Evaluate Gen  14
New Population 712
Better than Dads 55
Best Ind: ( 2x * 1y )
Fitness = 31.7890896877
Worst Ind: ( ( ( ( 5x - 39.0 ) - ( 52.0 - ( ( 6x * 4x ) * 10y ) ) ) + ( 57.0 - 13.0 ) ) - 9y )
Fitness = 286.10180719
Avg Fitness = 202.170985237
Duplicated = 90
============================================================================
Evaluate Gen  15
New Population 727
Better than Dads 68
Best Ind: ( 2x * 1y )
Fitness = 31.7890896877
Worst Ind: ( ( ( 2y - 9x ) - 43.0 ) - 8x )
Fitness = 254.815537759
Avg Fitness = 185.537830261
Duplicated = 91
============================================================================
Evaluate Gen  16
New Population 713
Better than Dads 78
Best Ind: ( 2x * 1y )
Fitness = 31.7890896877
Worst Ind: ( ( ( 23.0 + ( ( ( 5y + 47.0 ) + 31.0 ) - 3x ) ) - 5x ) - 5.0 )
Fitness = 250.0
Avg Fitness = 169.334469412
Duplicated = 105
============================================================================
Evaluate Gen  17
New Population 726
Better than Dads 74
Best Ind: ( 2x * 1y )
Fitness = 31.7890896877
Worst Ind: ( ( 6y + 8x ) - 7y )
Fitness = 222.523627814
Avg Fitness = 154.197390998
Duplicated = 122
============================================================================
Evaluate Gen  18
New Population 717
Better than Dads 65
Best Ind: ( 2x * 1y )
Fitness = 31.7890896877
Worst Ind: ( ( 5x + ( 5x - 96.0 ) ) - ( 7x - 6y ) )
Fitness = 190.734538126
Avg Fitness = 144.59125883
Duplicated = 109
============================================================================
Evaluate Gen  19
New Population 721
Better than Dads 56
Best Ind: ( 2x * 1y )
Fitness = 31.7890896877
Worst Ind: ( ( 8x - ( 7y - ( 5x * ( ( 10y + 10y ) * 8x ) ) ) ) - ( 8y - 5x ) )
Fitness = 159.259711099
Avg Fitness = 133.860230854
Duplicated = 100
============================================================================
Evaluate Gen  20
New Population 711
Better than Dads 54
Best Ind: ( 2x * 1y )
Fitness = 31.7890896877
Worst Ind: ( ( ( ( 6y - 8x ) - 4x ) * ( 4x + 5y ) ) - 5x )
Fitness = 159.259711099
Avg Fitness = 130.785400893
Duplicated = 102
============================================================================
Evaluate Gen  21
New Population 725
Better than Dads 58
Best Ind: ( 2x * 1y )
Fitness = 31.7890896877
Worst Ind: ( ( 39.0 - ( 8y * ( ( 8x - 4y ) * 3y ) ) ) - ( ( 94.0 + 38.0 ) - 5y ) )
Fitness = 158.945448439
Avg Fitness = 126.766256854
Duplicated = 108
============================================================================
Evaluate Gen  22
New Population 709
Better than Dads 47
Best Ind: ( 2x * 1y )
Fitness = 31.7890896877
Worst Ind: ( 9x - 5y )
Fitness = 158.945448439
Avg Fitness = 120.692225307
Duplicated = 97
============================================================================
Evaluate Gen  23
New Population 718
Better than Dads 76
Best Ind: ( 2x * 1y )
Fitness = 31.7890896877
Worst Ind: ( 68.0 - ( ( ( ( ( 4x + 3y ) * ( 4x + 10x ) ) * ( 9x * ( 49.0 - 10x ) ) ) + ( ( 9y - 4x ) * ( 95.0 * 62.0 ) ) ) - 3.0 ) )
Fitness = 150.0
Avg Fitness = 112.236930958
Duplicated = 112
============================================================================
Evaluate Gen  24
New Population 708
Better than Dads 70
Best Ind: ( 2x * 1y )
Fitness = 31.7890896877
Worst Ind: ( ( ( 74.0 + 6y ) - ( 7x - 1y ) ) - ( ( ( 72.0 + 8y ) - 1x ) + 4y ) )
Fitness = 131.119485819
Avg Fitness = 107.618290828
Duplicated = 95
============================================================================
Evaluate Gen  25
New Population 720
Better than Dads 66
Best Ind: ( ( 6y - ( 1x + 8y ) ) - ( ( ( 9x - 5y ) - 1x ) * 1x ) )
Fitness = 25.0
Worst Ind: ( ( ( ( 4x + ( ( 3x + 6y ) - 7x ) ) + 2x ) - ( 58.0 - 4y ) ) - 4x )
Fitness = 127.407768879
Avg Fitness = 104.659328365
Duplicated = 98
============================================================================
Evaluate Gen  26
New Population 716
Better than Dads 63
Best Ind: ( ( 6y - ( 1x + 8y ) ) - ( ( ( 9x - 5y ) - 1x ) * 1x ) )
Fitness = 25.0
Worst Ind: ( ( ( ( 2y * 10x ) - ( 10x * 65.0 ) ) - ( 1x + 7x ) ) - 4y )
Fitness = 127.156358751
Avg Fitness = 101.382686469
Duplicated = 104
============================================================================
Evaluate Gen  27
New Population 716
Better than Dads 54
Best Ind: ( ( 6y - ( 1x + 8y ) ) - ( ( ( 9x - 5y ) - 1x ) * 1x ) )
Fitness = 25.0
Worst Ind: ( 8x - 4y )
Fitness = 127.156358751
Avg Fitness = 95.5914242093
Duplicated = 93
============================================================================
Evaluate Gen  28
New Population 709
Better than Dads 62
Best Ind: ( ( 6y - ( 1x + 8y ) ) - ( ( ( 9x - 5y ) - 1x ) * 1x ) )
Fitness = 25.0
Worst Ind: ( ( ( 8y - 3y ) - ( 2y - ( 1.0 + 5x ) ) ) * 1x )
Fitness = 125.219599208
Avg Fitness = 88.559859006
Duplicated = 90
============================================================================
Evaluate Gen  29
New Population 718
Better than Dads 70
Best Ind: ( ( 6y - ( 1x + 8y ) ) - ( ( ( 9x - 5y ) - 1x ) * 1x ) )
Fitness = 25.0
Worst Ind: ( 1y + 3x )
Fitness = 100.571042699
Avg Fitness = 82.8518103755
Duplicated = 80
============================================================================
Evaluate Gen  30
New Population 725
Better than Dads 56
Best Ind: ( ( 6y - ( 1x + 8y ) ) - ( ( ( 9x - 5y ) - 1x ) * 1x ) )
Fitness = 25.0
Worst Ind: ( ( ( ( 1x * 94.0 ) + ( 1y * ( 8x - 4y ) ) ) + ( ( ( 3y * 9x ) + 2x ) - ( 58.0 - 4y ) ) ) - 3x )
Fitness = 95.5558266595
Avg Fitness = 81.1376144382
Duplicated = 76
============================================================================
Evaluate Gen  31
New Population 720
Better than Dads 48
Best Ind: ( ( 6y - ( 1x + 8y ) ) - ( ( ( 9x - 5y ) - 1x ) * 1x ) )
Fitness = 25.0
Worst Ind: ( ( ( ( 10x + 10y ) - ( 1x - 3y ) ) - 2y ) - ( 4x - 3x ) )
Fitness = 95.5558266595
Avg Fitness = 79.7917577229
Duplicated = 80
============================================================================
Evaluate Gen  32
New Population 720
Better than Dads 48
Best Ind: ( ( 6y - ( 1x + 8y ) ) - ( ( ( 9x - 5y ) - 1x ) * 1x ) )
Fitness = 25.0
Worst Ind: ( ( ( 2y - 38.0 ) + 5x ) - ( ( 6y - 1y ) - 3y ) )
Fitness = 95.3672690632
Avg Fitness = 77.5664313697
Duplicated = 93
============================================================================
Evaluate Gen  33
New Population 709
Better than Dads 48
Best Ind: ( ( 6y - ( 1x + 8y ) ) - ( ( ( 9x - 5y ) - 1x ) * 1x ) )
Fitness = 25.0
Worst Ind: ( ( 69.0 * ( 3x - 2x ) ) - ( 1x - 3y ) )
Fitness = 95.3672690632
Avg Fitness = 75.0343903573
Duplicated = 73
============================================================================
Evaluate Gen  34
New Population 716
Better than Dads 61
Best Ind: ( ( 6y - ( 1x + 8y ) ) - ( ( ( 9x - 5y ) - 1x ) * 1x ) )
Fitness = 25.0
Worst Ind: ( ( ( 8y - 7x ) - 1y ) - 3y )
Fitness = 95.3672690632
Avg Fitness = 70.9506667384
Duplicated = 71
============================================================================
Evaluate Gen  35
New Population 724
Better than Dads 70
Best Ind: ( ( 93.0 - ( ( 6y - 2x ) * 1y ) ) * ( 6y - 1y ) )
Fitness = 21.2626825222
Worst Ind: ( ( 35.0 + ( ( 1x - 3y ) - ( 3x - 2x ) ) ) - ( 15.0 - ( 2x + ( 44.0 - 2y ) ) ) )
Fitness = 90.0464429309
Avg Fitness = 65.3966570816
Duplicated = 76
============================================================================
Evaluate Gen  36
New Population 731
Better than Dads 51
Best Ind: ( ( 93.0 - ( ( 6y - 2x ) * 1y ) ) * ( 6y - 1y ) )
Fitness = 21.2626825222
Worst Ind: ( ( ( 5y - 4y ) - 5x ) * ( 6y - 1y ) )
Fitness = 79.4727242193
Avg Fitness = 58.7892314037
Duplicated = 84
============================================================================
Evaluate Gen  37
New Population 711
Better than Dads 47
Best Ind: ( ( 93.0 - ( ( 6y - 2x ) * 1y ) ) * ( 6y - 1y ) )
Fitness = 21.2626825222
Worst Ind: ( ( ( 2y - 5x ) - ( ( 6x + 10y ) - 2x ) ) - ( 3y - ( 4y - 2x ) ) )
Fitness = 63.7038844396
Avg Fitness = 57.4214307471
Duplicated = 83
============================================================================
Evaluate Gen  38
New Population 736
Better than Dads 46
Best Ind: ( ( 93.0 - ( ( 6y - 2x ) * 1y ) ) * ( 6y - 1y ) )
Fitness = 21.2626825222
Worst Ind: ( ( 1x - ( 2x + ( ( 5x - 10.0 ) - 5x ) ) ) - ( 4y - 2x ) )
Fitness = 63.7038844396
Avg Fitness = 56.8462016577
Duplicated = 75
============================================================================
Evaluate Gen  39
New Population 723
Better than Dads 59
Best Ind: ( ( 93.0 - ( ( 6y - 2x ) * 1y ) ) * ( 6y - 1y ) )
Fitness = 21.2626825222
Worst Ind: ( ( ( 1y - 4y ) * ( 3x - 6y ) ) - 2x )
Fitness = 63.7038844396
Avg Fitness = 56.4413330831
Duplicated = 90
============================================================================
Evaluate Gen  40
New Population 723
Better than Dads 44
Best Ind: ( ( 6x - 1y ) * 1x )
Fitness = 15.8945448439
Worst Ind: ( 8x - 2y )
Fitness = 63.5781793755
Avg Fitness = 55.8331564783
Duplicated = 93
============================================================================
Evaluate Gen  41
New Population 728
Better than Dads 43
Best Ind: ( ( 6x - 1y ) * 1x )
Fitness = 15.8945448439
Worst Ind: ( ( ( ( 2x - 2y ) + 5y ) - ( ( ( ( 6x + 10y ) + 9.0 ) - 31.0 ) + ( ( 48.0 * ( 7.0 - 15.0 ) ) + 6x ) ) ) - 2y )
Fitness = 63.5781793755
Avg Fitness = 55.2144047224
Duplicated = 89
============================================================================
Evaluate Gen  42
New Population 720
Better than Dads 39
Best Ind: ( ( 6x - 1y ) * 1x )
Fitness = 15.8945448439
Worst Ind: ( ( ( 2.0 - ( 15.0 - ( 3y + ( 1y * 5x ) ) ) ) * ( ( 5x - 10.0 ) - 5x ) ) - ( ( 8y - 8x ) - 2y ) )
Fitness = 63.5781793755
Avg Fitness = 54.5271335741
Duplicated = 84
============================================================================
Evaluate Gen  43
New Population 713
Better than Dads 47
Best Ind: ( ( 6x - 1y ) * 1x )
Fitness = 15.8945448439
Worst Ind: ( ( ( 8x - 4y ) - 38.0 ) - ( ( ( ( ( 9x - 5y ) - 2x ) + ( 7x - 1y ) ) * 3y ) - ( ( 93.0 * 9x ) - 2y ) ) )
Fitness = 63.5781793755
Avg Fitness = 53.3496416282
Duplicated = 83
============================================================================
Evaluate Gen  44
New Population 716
Better than Dads 55
Best Ind: ( ( 6x - 1y ) * 1x )
Fitness = 15.8945448439
Worst Ind: ( ( ( ( 4y * ( 51.0 * ( 10x - 81.0 ) ) ) * ( ( 88.0 + ( 7.0 + 57.0 ) ) - ( ( 1x - 5x ) * ( 5x * 6y ) ) ) ) + ( ( 5x * 1y ) + 51.0 ) ) - 2y )
Fitness = 63.5781793755
Avg Fitness = 52.0587741511
Duplicated = 82
============================================================================
Evaluate Gen  45
New Population 719
Better than Dads 70
Best Ind: ( ( 6x - 1y ) * 1x )
Fitness = 15.8945448439
Worst Ind: ( ( 2y - ( 44.0 + 8x ) ) - ( ( ( 8x - 4y ) - 38.0 ) - ( ( ( 1x + ( 9y * 79.0 ) ) * ( 1x - 3y ) ) - ( ( 9x + ( 23.0 + 7x ) ) - 2y ) ) ) )
Fitness = 63.5781793755
Avg Fitness = 50.1626856774
Duplicated = 78
============================================================================
Evaluate Gen  46
New Population 724
Better than Dads 64
Best Ind: ( ( 6x - 1y ) * 1x )
Fitness = 15.8945448439
Worst Ind: ( ( ( ( ( ( 1x * 94.0 ) + 9y ) - 3y ) - 4y ) - ( ( 8x - 4y ) - 4y ) ) - 2y )
Fitness = 63.5781793755
Avg Fitness = 47.2654522149
Duplicated = 84
============================================================================
Evaluate Gen  47
New Population 736
Better than Dads 66
Best Ind: ( ( 6x - 1y ) * 1x )
Fitness = 15.8945448439
Worst Ind: ( ( 4x - ( 2y - 7y ) ) - ( 2x * ( ( 8y - 8x ) - 2y ) ) )
Fitness = 63.5781793755
Avg Fitness = 42.2141413096
Duplicated = 84
============================================================================
Evaluate Gen  48
New Population 736
Better than Dads 60
Best Ind: ( ( 6x - 1y ) * 1x )
Fitness = 15.8945448439
Worst Ind: ( ( ( ( 71.0 * 93.0 ) - ( 2y * 1y ) ) - 4y ) - ( 9x - ( 2y * 1y ) ) )
Fitness = 50.0
Avg Fitness = 40.0649699248
Duplicated = 85
============================================================================
Evaluate Gen  49
New Population 704
Better than Dads 52
Best Ind: ( ( 6x - 1y ) * 1x )
Fitness = 15.8945448439
Worst Ind: ( 4x - ( ( 3x + 6y ) - ( 8x - 1.0 ) ) )
Fitness = 50.0
Avg Fitness = 37.6506642781
Duplicated = 88
============================================================================
Evaluate Gen  50
New Population 709
Better than Dads 53
Best Ind: ( ( 10y - 1y ) * ( ( 52.0 - 1x ) * ( ( ( 8y - ( 32.0 + 4x ) ) - 2x ) - ( ( 2y + 1x ) * 1x ) ) ) )
Fitness = 13.5519688258
Worst Ind: ( ( ( 4x + ( ( 3x + 6y ) - ( 3y - 4x ) ) ) + 2x ) - ( 1y * 3x ) )
Fitness = 47.6836345316
Avg Fitness = 34.0504116773
Duplicated = 98
============================================================================
Evaluate Gen  51
New Population 727
Better than Dads 51
Best Ind: ( ( 10y - 1y ) * ( ( 52.0 - 1x ) * ( ( ( 8y - ( 32.0 + 4x ) ) - 2x ) - ( ( 2y + 1x ) * 1x ) ) ) )
Fitness = 13.5519688258
Worst Ind: ( ( 6y - 1x ) - 1x )
Fitness = 31.8519422198
Avg Fitness = 31.0954984849
Duplicated = 113
============================================================================
Evaluate Gen  52
New Population 721
Better than Dads 46
Best Ind: ( ( 10y - 1y ) * ( ( 52.0 - 1x ) * ( ( ( 8y - ( 32.0 + 4x ) ) - 2x ) - ( ( 2y + 1x ) * 1x ) ) ) )
Fitness = 13.5519688258
Worst Ind: ( ( ( 9y - 4x ) - ( ( 8x + 4y ) - 2y ) ) - ( ( 72.0 + 8y ) - 1x ) )
Fitness = 31.8519422198
Avg Fitness = 31.0805375498
Duplicated = 113
============================================================================
Evaluate Gen  53
New Population 721
Better than Dads 37
Best Ind: ( ( 10y - 1y ) * ( ( 52.0 - 1x ) * ( ( ( 8y - ( 32.0 + 4x ) ) - 2x ) - ( ( 2y + 1x ) * 1x ) ) ) )
Fitness = 13.5519688258
Worst Ind: ( ( ( ( 1x * 94.0 ) + 9y ) + ( 6y - 8x ) ) - ( 9y - 1x ) )
Fitness = 31.8519422198
Avg Fitness = 31.0643195641
Duplicated = 109
============================================================================
Evaluate Gen  54
New Population 726
Better than Dads 46
Best Ind: ( ( 10y - 1y ) * ( ( 52.0 - 1x ) * ( ( ( 8y - ( 32.0 + 4x ) ) - 2x ) - ( ( 2y + 1x ) * 1x ) ) ) )
Fitness = 13.5519688258
Worst Ind: ( ( ( ( ( 72.0 + 7y ) - 92.0 ) * 6x ) + 89.0 ) - 1x )
Fitness = 31.8519422198
Avg Fitness = 31.0288850276
Duplicated = 105
============================================================================
Evaluate Gen  55
New Population 727
Better than Dads 56
Best Ind: ( ( 10y - 1y ) * ( ( 52.0 - 1x ) * ( ( ( 8y - ( 32.0 + 4x ) ) - 2x ) - ( ( 2y + 1x ) * 1x ) ) ) )
Fitness = 13.5519688258
Worst Ind: ( ( 6y - 1x ) - 1x )
Fitness = 31.8519422198
Avg Fitness = 31.0087701849
Duplicated = 102
============================================================================
Evaluate Gen  56
New Population 723
Better than Dads 55
Best Ind: ( ( 10y - 1y ) * ( ( 52.0 - 1x ) * ( ( ( 8y - ( 32.0 + 4x ) ) - 2x ) - ( ( 2y + 1x ) * 1x ) ) ) )
Fitness = 13.5519688258
Worst Ind: ( 9y - ( 8x - 1x ) )
Fitness = 31.8519422198
Avg Fitness = 30.9591105872
Duplicated = 87
============================================================================
Evaluate Gen  57
New Population 728
Better than Dads 52
Best Ind: ( ( 10y - 1y ) * ( ( 52.0 - 1x ) * ( ( ( 8y - ( 32.0 + 4x ) ) - 2x ) - ( ( 2y + 1x ) * 1x ) ) ) )
Fitness = 13.5519688258
Worst Ind: ( 5x - ( 5y - 1x ) )
Fitness = 31.8519422198
Avg Fitness = 30.9455344402
Duplicated = 72
============================================================================
Evaluate Gen  58
New Population 735
Better than Dads 48
Best Ind: ( ( 10y - 1y ) * ( ( 52.0 - 1x ) * ( ( ( 8y - ( 32.0 + 4x ) ) - 2x ) - ( ( 2y + 1x ) * 1x ) ) ) )
Fitness = 13.5519688258
Worst Ind: ( 4y - ( ( 6y - 9x ) - ( ( ( ( 28.0 - 4y ) * 1x ) - 10x ) - 1y ) ) )
Fitness = 31.7890896877
Avg Fitness = 30.8749167773
Duplicated = 80
============================================================================
Evaluate Gen  59
New Population 721
Better than Dads 36
Best Ind: ( ( 10y - 1y ) * ( ( 52.0 - 1x ) * ( ( ( 8y - ( 32.0 + 4x ) ) - 2x ) - ( ( 2y + 1x ) * 1x ) ) ) )
Fitness = 13.5519688258
Worst Ind: ( ( 1x * 86.0 ) - ( ( 8y - 7x ) - 1y ) )
Fitness = 31.7890896877
Avg Fitness = 30.8431276876
Duplicated = 80
============================================================================
Evaluate Gen  60
New Population 727
Better than Dads 35
Best Ind: ( ( 10y - 1y ) * ( ( 52.0 - 1x ) * ( ( ( 8y - ( 32.0 + 4x ) ) - 2x ) - ( ( 2y + 1x ) * 1x ) ) ) )
Fitness = 13.5519688258
Worst Ind: ( ( ( 53.0 + ( 4y - 1x ) ) * ( ( 8.0 + ( 10y - 22.0 ) ) - ( ( 8.0 - ( 7x - 71.0 ) ) - 7y ) ) ) - 1y )
Fitness = 31.7890896877
Avg Fitness = 30.8431276876
Duplicated = 81
============================================================================
Evaluate Gen  61
New Population 707
Better than Dads 36
Best Ind: ( ( 10y - 1y ) * ( ( 52.0 - 1x ) * ( ( ( 8y - ( 32.0 + 4x ) ) - 2x ) - ( ( 2y + 1x ) * 1x ) ) ) )
Fitness = 13.5519688258
Worst Ind: ( ( 8y - 1x ) - ( ( ( 9x - ( 1x + 6x ) ) + 4y ) - ( 6x - 1y ) ) )
Fitness = 31.7890896877
Avg Fitness = 30.8431276876
Duplicated = 81
============================================================================
Evaluate Gen  62
New Population 719
Better than Dads 28
Best Ind: ( ( 10y - 1y ) * ( ( 52.0 - 1x ) * ( ( ( 8y - ( 32.0 + 4x ) ) - 2x ) - ( ( 2y + 1x ) * 1x ) ) ) )
Fitness = 13.5519688258
Worst Ind: ( ( ( ( ( ( 8x - 4y ) - 4x ) - ( 98.0 * 81.0 ) ) - ( ( 35.0 - 8y ) + 83.0 ) ) - 31.0 ) - ( 6y - 1y ) )
Fitness = 31.7890896877
Avg Fitness = 30.8431276876
Duplicated = 81
============================================================================
Evaluate Gen  63
New Population 721
Better than Dads 35
Best Ind: ( ( 10y - 1y ) * ( ( 52.0 - 1x ) * ( ( ( 8y - ( 32.0 + 4x ) ) - 2x ) - ( ( 2y + 1x ) * 1x ) ) ) )
Fitness = 13.5519688258
Worst Ind: ( 10x - ( ( ( 72.0 + 8y ) - 1x ) - 1y ) )
Fitness = 31.7890896877
Avg Fitness = 30.8220748732
Duplicated = 81
============================================================================
Evaluate Gen  64
New Population 737
Better than Dads 35
Best Ind: ( ( 10y - 1y ) * ( ( 52.0 - 1x ) * ( ( ( 8y - ( 32.0 + 4x ) ) - 2x ) - ( ( 2y + 1x ) * 1x ) ) ) )
Fitness = 13.5519688258
Worst Ind: ( 1x - 1y )
Fitness = 31.7890896877
Avg Fitness = 30.7902857836
Duplicated = 80
============================================================================
Evaluate Gen  65
New Population 717
Better than Dads 40
Best Ind: ( ( 10y - 1y ) * ( ( 52.0 - 1x ) * ( ( ( 8y - ( 32.0 + 4x ) ) - 2x ) - ( ( 2y + 1x ) * 1x ) ) ) )
Fitness = 13.5519688258
Worst Ind: ( ( 6y + 9x ) - 1y )
Fitness = 31.7890896877
Avg Fitness = 30.7767076042
Duplicated = 81
============================================================================
Evaluate Gen  66
New Population 731
Better than Dads 42
Best Ind: ( ( 10y - 1y ) * ( ( 52.0 - 1x ) * ( ( ( 8y - ( 32.0 + 4x ) ) - 2x ) - ( ( 2y + 1x ) * 1x ) ) ) )
Fitness = 13.5519688258
Worst Ind: ( ( ( ( ( 2y + ( 7x - 1y ) ) - ( 8x - 1.0 ) ) * ( ( 1y + 3y ) - 1x ) ) - 7x ) - 1y )
Fitness = 31.7890896877
Avg Fitness = 30.7631294248
Duplicated = 81
============================================================================
Evaluate Gen  67
New Population 729
Better than Dads 44
Best Ind: ( ( 10y - 1y ) * ( ( 52.0 - 1x ) * ( ( ( 8y - ( 32.0 + 4x ) ) - 2x ) - ( ( 2y + 1x ) * 1x ) ) ) )
Fitness = 13.5519688258
Worst Ind: ( ( ( ( ( ( 8x - 1.0 ) * ( 1y * 3x ) ) + 9y ) + ( 6y - 8x ) ) - ( 9y - 1x ) ) - ( 6y - 1y ) )
Fitness = 31.7890896877
Avg Fitness = 30.7313403351
Duplicated = 81
============================================================================
Evaluate Gen  68
New Population 711
Better than Dads 36
Best Ind: ( ( 10y - 1y ) * ( ( 52.0 - 1x ) * ( ( ( 8y - ( 32.0 + 4x ) ) - 2x ) - ( ( 2y + 1x ) * 1x ) ) ) )
Fitness = 13.5519688258
Worst Ind: ( 7x - 1y )
Fitness = 31.7890896877
Avg Fitness = 30.7177621557
Duplicated = 83
============================================================================
Evaluate Gen  69
New Population 729
Better than Dads 41
Best Ind: ( ( 10y - 1y ) * ( ( 52.0 - 1x ) * ( ( ( 8y - ( 32.0 + 4x ) ) - 2x ) - ( ( 2y + 1x ) * 1x ) ) ) )
Fitness = 13.5519688258
Worst Ind: ( ( ( 54.0 * 15.0 ) + 1x ) - ( 6y - 1y ) )
Fitness = 31.7890896877
Avg Fitness = 30.7041839764
Duplicated = 84
============================================================================
Evaluate Gen  70
New Population 733
Better than Dads 39
Best Ind: ( ( 10y - 1y ) * ( ( 52.0 - 1x ) * ( ( ( 8y - ( 32.0 + 4x ) ) - 2x ) - ( ( 2y + 1x ) * 1x ) ) ) )
Fitness = 13.5519688258
Worst Ind: ( ( ( 4x + ( ( 3x + 23.0 ) - ( 10x + 9x ) ) ) + 2x ) - ( 58.0 - ( ( 37.0 - 4x ) - ( ( 5x + 9y ) - ( 1.0 * 1y ) ) ) ) )
Fitness = 31.7890896877
Avg Fitness = 30.690605797
Duplicated = 84
============================================================================
Evaluate Gen  71
New Population 726
Better than Dads 39
Best Ind: ( ( 10y - 1y ) * ( ( 52.0 - 1x ) * ( ( ( 8y - ( 32.0 + 4x ) ) - 2x ) - ( ( 2y + 1x ) * 1x ) ) ) )
Fitness = 13.5519688258
Worst Ind: ( ( ( 54.0 * ( 39.0 - 86.0 ) ) + 1x ) - ( 6y - 1y ) )
Fitness = 31.7890896877
Avg Fitness = 30.6634494382
Duplicated = 83
============================================================================
Evaluate Gen  72
New Population 726
Better than Dads 40
Best Ind: ( ( 10y - 1y ) * ( ( 52.0 - 1x ) * ( ( ( 8y - ( 32.0 + 4x ) ) - 2x ) - ( ( 2y + 1x ) * 1x ) ) ) )
Fitness = 13.5519688258
Worst Ind: ( 7x - 1y )
Fitness = 31.7890896877
Avg Fitness = 30.6634494382
Duplicated = 83
============================================================================
Evaluate Gen  73
New Population 723
Better than Dads 48
Best Ind: ( ( 10y - 1y ) * ( ( 52.0 - 1x ) * ( ( ( 8y - ( 32.0 + 4x ) ) - 2x ) - ( ( 2y + 1x ) * 1x ) ) ) )
Fitness = 13.5519688258
Worst Ind: ( 7x - 1y )
Fitness = 31.7890896877
Avg Fitness = 30.6498712589
Duplicated = 82
============================================================================
Evaluate Gen  74
New Population 741
Better than Dads 43
Best Ind: ( ( 10y - 1y ) * ( ( 52.0 - 1x ) * ( ( ( 8y - ( 32.0 + 4x ) ) - 2x ) - ( ( 2y + 1x ) * 1x ) ) ) )
Fitness = 13.5519688258
Worst Ind: ( ( ( ( 1x - 4y ) - ( 8x + ( ( 9y + 37.0 ) - 97.0 ) ) ) - ( ( 80.0 - 90.0 ) * 91.0 ) ) - ( 6y - 1y ) )
Fitness = 31.7890896877
Avg Fitness = 30.5862930795
Duplicated = 81
============================================================================
Evaluate Gen  75
New Population 731
Better than Dads 38
Best Ind: ( ( 10y - 1y ) * ( ( 52.0 - 1x ) * ( ( ( 8y - ( 32.0 + 4x ) ) - 2x ) - ( ( 2y + 1x ) * 1x ) ) ) )
Fitness = 13.5519688258
Worst Ind: ( ( 5x * 1y ) - 1y )
Fitness = 31.7890896877
Avg Fitness = 30.5727149001
Duplicated = 81
============================================================================
Evaluate Gen  76
New Population 734
Better than Dads 49
Best Ind: ( ( 10y - 1y ) * ( ( 52.0 - 1x ) * ( ( ( 8y - ( 32.0 + 4x ) ) - 2x ) - ( ( 2y + 1x ) * 1x ) ) ) )
Fitness = 13.5519688258
Worst Ind: ( ( ( ( ( ( 6y - 1x ) - ( 1y * 4x ) ) - 84.0 ) - ( 1y * 3x ) ) * ( 10y + 7x ) ) - 1y )
Fitness = 31.7890896877
Avg Fitness = 30.5455585414
Duplicated = 81
============================================================================
Evaluate Gen  77
New Population 736
Better than Dads 48
Best Ind: ( ( 10y - 1y ) * ( ( 52.0 - 1x ) * ( ( ( 8y - ( 32.0 + 4x ) ) - 2x ) - ( ( 2y + 1x ) * 1x ) ) ) )
Fitness = 13.5519688258
Worst Ind: ( ( ( ( 8y - 7x ) - ( 5y - 86.0 ) ) - 1x ) - ( ( ( 10x - 55.0 ) - 2y ) - 1y ) )
Fitness = 31.7890896877
Avg Fitness = 30.5137694517
Duplicated = 81
============================================================================
Evaluate Gen  78
New Population 714
Better than Dads 34
Best Ind: ( ( 10y - 1y ) * ( ( 52.0 - 1x ) * ( ( ( 8y - ( 32.0 + 4x ) ) - 2x ) - ( ( 2y + 1x ) * 1x ) ) ) )
Fitness = 13.5519688258
Worst Ind: ( ( 1.0 - ( 2x + ( ( ( 3y + 5x ) - 3y ) - ( 9y - 1x ) ) ) ) - 1y )
Fitness = 31.7890896877
Avg Fitness = 30.4548240032
Duplicated = 81
============================================================================
Evaluate Gen  79
New Population 738
Better than Dads 47
Best Ind: ( ( 10y - 1y ) * ( ( 52.0 - 1x ) * ( ( ( 8y - ( 32.0 + 4x ) ) - 2x ) - ( ( 2y + 1x ) * 1x ) ) ) )
Fitness = 13.5519688258
Worst Ind: ( ( 4y - 1x ) - 1y )
Fitness = 31.7890896877
Avg Fitness = 30.4201930095
Duplicated = 82
============================================================================
Evaluate Gen  80
New Population 732
Better than Dads 41
Best Ind: ( ( 10y - 1y ) * ( ( 52.0 - 1x ) * ( ( ( 8y - ( 32.0 + 4x ) ) - 2x ) - ( ( 2y + 1x ) * 1x ) ) ) )
Fitness = 13.5519688258
Worst Ind: ( 7x - 1y )
Fitness = 31.7890896877
Avg Fitness = 30.3566148302
Duplicated = 81
============================================================================
Evaluate Gen  81
New Population 731
Better than Dads 46
Best Ind: ( ( 10y - 1y ) * ( ( 52.0 - 1x ) * ( ( ( 8y - ( 32.0 + 4x ) ) - 2x ) - ( ( 2y + 1x ) * 1x ) ) ) )
Fitness = 13.5519688258
Worst Ind: ( ( 10y * ( 1x + 8y ) ) - 1y )
Fitness = 31.7890896877
Avg Fitness = 30.3566148302
Duplicated = 82
============================================================================
Evaluate Gen  82
New Population 727
Better than Dads 34
Best Ind: ( ( 10y - 1y ) * ( ( 52.0 - 1x ) * ( ( ( 8y - ( 32.0 + 4x ) ) - 2x ) - ( ( 2y + 1x ) * 1x ) ) ) )
Fitness = 13.5519688258
Worst Ind: ( ( ( ( 2y + ( 7x - 1y ) ) + 3y ) - 7x ) - 1y )
Fitness = 31.7890896877
Avg Fitness = 30.3566148302
Duplicated = 82
============================================================================
Evaluate Gen  83
New Population 720
Better than Dads 42
Best Ind: ( ( 10y - 1y ) * ( ( 52.0 - 1x ) * ( ( ( 8y - ( 32.0 + 4x ) ) - 2x ) - ( ( 2y + 1x ) * 1x ) ) ) )
Fitness = 13.5519688258
Worst Ind: ( ( ( ( 9x + 1x ) - 2y ) - ( ( ( 9y - 1x ) + 18.0 ) - 1y ) ) - ( 6y - 1y ) )
Fitness = 31.7890896877
Avg Fitness = 30.3219838365
Duplicated = 81
============================================================================
Evaluate Gen  84
New Population 729
Better than Dads 38
Best Ind: ( ( 10y - 1y ) * ( ( 52.0 - 1x ) * ( ( ( 8y - ( 32.0 + 4x ) ) - 2x ) - ( ( 2y + 1x ) * 1x ) ) ) )
Fitness = 13.5519688258
Worst Ind: ( 7x - 1y )
Fitness = 31.7890896877
Avg Fitness = 30.2419855737
Duplicated = 80
============================================================================
Evaluate Gen  85
New Population 725
Better than Dads 38
Best Ind: ( ( 10y - 1y ) * ( ( 52.0 - 1x ) * ( ( ( 8y - ( 32.0 + 4x ) ) - 2x ) - ( ( 2y + 1x ) * 1x ) ) ) )
Fitness = 13.5519688258
Worst Ind: ( 9x - ( 10y - 1y ) )
Fitness = 31.7890896877
Avg Fitness = 30.1755654903
Duplicated = 84
============================================================================
Evaluate Gen  86
New Population 719
Better than Dads 43
Best Ind: ( ( 10y - 1y ) * ( ( 52.0 - 1x ) * ( ( ( 8y - ( 32.0 + 4x ) ) - 2x ) - ( ( 2y + 1x ) * 1x ) ) ) )
Fitness = 13.5519688258
Worst Ind: ( ( ( ( 8y - ( 58.0 - 4y ) ) - ( 5y - ( 2y - 1x ) ) ) - ( 8x - 4y ) ) - ( ( ( 10x - 55.0 ) - 2y ) - 1y ) )
Fitness = 31.7890896877
Avg Fitness = 30.1755654903
Duplicated = 84
============================================================================
Evaluate Gen  87
New Population 736
Better than Dads 46
Best Ind: ( ( 10y - 1y ) * ( ( 52.0 - 1x ) * ( ( ( 8y - ( 32.0 + 4x ) ) - 2x ) - ( ( 2y + 1x ) * 1x ) ) ) )
Fitness = 13.5519688258
Worst Ind: ( ( 8y - 7x ) - 1y )
Fitness = 31.7890896877
Avg Fitness = 30.0591454069
Duplicated = 82
============================================================================
Evaluate Gen  88
New Population 719
Better than Dads 56
Best Ind: ( ( 10y - 1y ) * ( ( 52.0 - 1x ) * ( ( ( 8y - ( 32.0 + 4x ) ) - 2x ) - ( ( 2y + 1x ) * 1x ) ) ) )
Fitness = 13.5519688258
Worst Ind: ( 7x - 1y )
Fitness = 31.7890896877
Avg Fitness = 30.0455672275
Duplicated = 85
============================================================================
Evaluate Gen  89
New Population 724
Better than Dads 51
Best Ind: ( ( 10y - 1y ) * ( ( 52.0 - 1x ) * ( ( ( 8y - ( 32.0 + 4x ) ) - 2x ) - ( ( 2y + 1x ) * 1x ) ) ) )
Fitness = 13.5519688258
Worst Ind: ( ( ( ( 1.0 + ( 3y + 7y ) ) * ( 10y + 7x ) ) + 18.0 ) - 1y )
Fitness = 31.7890896877
Avg Fitness = 29.9094654203
Duplicated = 87
============================================================================
Evaluate Gen  90
New Population 744
Better than Dads 58
Best Ind: ( ( 10y - 1y ) * ( ( 52.0 - 1x ) * ( ( ( 8y - ( 32.0 + 4x ) ) - 2x ) - ( ( 2y + 1x ) * 1x ) ) ) )
Fitness = 13.5519688258
Worst Ind: ( 9x - ( ( 8y - 7x ) - 1y ) )
Fitness = 31.7890896877
Avg Fitness = 29.6962072544
Duplicated = 94
============================================================================
Evaluate Gen  91
New Population 742
Better than Dads 76
Best Ind: ( ( 10y - 1y ) * ( ( 52.0 - 1x ) * ( ( ( 8y - ( 32.0 + 4x ) ) - 2x ) - ( ( 2y + 1x ) * 1x ) ) ) )
Fitness = 13.5519688258
Worst Ind: ( ( ( 6x - ( 3x - 5y ) ) - 1x ) - ( ( 6y - 9x ) - 1y ) )
Fitness = 31.7890896877
Avg Fitness = 29.3179247889
Duplicated = 106
============================================================================
Evaluate Gen  92
New Population 730
Better than Dads 59
Best Ind: ( ( 10y - 1y ) * ( ( 52.0 - 1x ) * ( ( ( 8y - ( 32.0 + 4x ) ) - 2x ) - ( ( 2y + 1x ) * 1x ) ) ) )
Fitness = 13.5519688258
Worst Ind: ( ( ( 2y - 4x ) - ( 72.0 + 8y ) ) - ( 2y * 1x ) )
Fitness = 31.7890896877
Avg Fitness = 28.8930311239
Duplicated = 123
============================================================================
Evaluate Gen  93
New Population 742
Better than Dads 65
Best Ind: ( ( ( ( 4x - 2y ) - ( ( 39.0 - 86.0 ) - ( ( 6x - 1y ) - 1y ) ) ) * ( 6y - 1y ) ) * 1x )
Fitness = 10.6313412611
Worst Ind: ( ( ( ( 10x - 55.0 ) * ( 2y * 5y ) ) - 2x ) * ( 6y - 1y ) )
Fitness = 31.7890896877
Avg Fitness = 28.2622015768
Duplicated = 120
============================================================================
Evaluate Gen  94
New Population 728
Better than Dads 67
Best Ind: ( ( ( ( 4x - 2y ) - ( ( 39.0 - 86.0 ) - ( ( 6x - 1y ) - 1y ) ) ) * ( 6y - 1y ) ) * 1x )
Fitness = 10.6313412611
Worst Ind: ( ( 1x - 4y ) - ( ( ( ( 10x - 55.0 ) * ( 2y * 5y ) ) - 2x ) * ( 6y - 1y ) ) )
Fitness = 31.7890896877
Avg Fitness = 27.5268603569
Duplicated = 113
============================================================================
Evaluate Gen  95
New Population 738
Better than Dads 71
Best Ind: ( ( ( ( 4x - 2y ) - ( ( 39.0 - 86.0 ) - ( ( 6x - 1y ) - 1y ) ) ) * ( 6y - 1y ) ) * 1x )
Fitness = 10.6313412611
Worst Ind: ( ( ( 9y - 1x ) + 2x ) - ( ( 93.0 - ( ( 7x - 1y ) - 2x ) ) * ( 6y - 1y ) ) )
Fitness = 31.7890896877
Avg Fitness = 26.7169497166
Duplicated = 107
============================================================================
Evaluate Gen  96
New Population 733
Better than Dads 72
Best Ind: ( ( ( ( 4x - 2y ) - ( ( 39.0 - 86.0 ) - ( ( 6x - 1y ) - 1y ) ) ) * ( 6y - 1y ) ) * 1x )
Fitness = 10.6313412611
Worst Ind: ( ( ( 8y - 7x ) - 2x ) * ( ( ( ( 10y - 1y ) * 8x ) * 86.0 ) - ( 7x - 1y ) ) )
Fitness = 31.7890896877
Avg Fitness = 25.3560211476
Duplicated = 102
============================================================================
Evaluate Gen  97
New Population 717
Better than Dads 68
Best Ind: ( ( ( ( 1x - 5x ) - 7x ) - ( ( ( 72.0 + 8y ) - 1x ) * 1x ) ) * ( 6y - 1y ) )
Fitness = 10.5683642125
Worst Ind: ( ( 5y * ( 10y + 1y ) ) - ( ( 93.0 - ( 4y - 2x ) ) * ( 6y - 1y ) ) )
Fitness = 31.7890896877
Avg Fitness = 23.4588026465
Duplicated = 85
============================================================================
Evaluate Gen  98
New Population 746
Better than Dads 70
Best Ind: ( ( 1y - ( ( ( 3y * 1x ) - ( ( 7x - 1y ) * 1y ) ) * ( 4y - 1x ) ) ) * ( 6y - 1y ) )
Fitness = 7.97885476654
Worst Ind: ( ( ( ( 8x - 2y ) - 3x ) - 1y ) * ( 6y - 1y ) )
Fitness = 25.0
Avg Fitness = 21.6917906223
Duplicated = 82
============================================================================
Evaluate Gen  99
New Population 728
Better than Dads 67
Best Ind: ( ( ( ( ( ( 6x - 1y ) - 1y ) - 1x ) * 1x ) * ( 6y - 1y ) ) * 1x )
Fitness = 7.91569007732
Worst Ind: ( ( ( 4x - 2y ) - ( ( 3x + 6y ) - 1y ) ) * ( 6y - 1y ) )
Fitness = 25.0
Avg Fitness = 20.5704892238
Duplicated = 73
============================================================================
Evaluate Gen  100
New Population 733
Better than Dads 87
Best Ind: ( ( ( ( ( ( 6x - 1y ) - 1y ) - 1x ) * 1x ) * ( 6y - 1y ) ) * 1x )
Fitness = 7.91569007732
Worst Ind: ( ( 6x - ( ( 3x + 6y ) - ( 6y - 1x ) ) ) * 1x )
Fitness = 25.0
Avg Fitness = 19.2736747889
Duplicated = 83
