dataset_file= dataset/SR_circle.txt
population= 100
generations= 50
tournament_size= 3
cross_over= 0.6
mutation= 0.3
elitism= True
(50, 2)
============================================================================
Build initial population
ind: 1
( ( 3y - ( ( ( 6y * 16.0 ) + 83.0 ) - ( 4x - 5y ) ) ) + 50.0 )
ind: 2
( ( ( ( ( ( 52.0 - 22.0 ) * 31.0 ) * ( 1x + 8y ) ) * 6y ) + ( 3y + ( ( 9y + 7x ) - ( 8x * 9x ) ) ) ) - 2.0 )
ind: 3
( ( ( ( 34.0 + 34.0 ) + 36.0 ) - 99.0 ) + ( 8y + ( ( ( ( 6y + 52.0 ) * ( 92.0 - 66.0 ) ) * 9x ) - 92.0 ) ) )
ind: 4
( 1x * 7y )
ind: 5
( ( ( ( 30.0 - 9x ) * ( ( ( 64.0 - 2y ) + ( 83.0 - 1x ) ) * ( 35.0 + 77.0 ) ) ) * ( 91.0 + 7y ) ) - ( 3x - 7x ) )
ind: 6
( ( ( 10y * 99.0 ) - ( 9y * 69.0 ) ) * 9x )
ind: 7
( 4y - ( 2x - 74.0 ) )
ind: 8
( 5x * ( ( 22.0 * ( 8y * ( ( 70.0 - 58.0 ) + ( 48.0 - 2x ) ) ) ) * 68.0 ) )
ind: 9
( ( ( 79.0 * ( 8y - ( 3x * ( 75.0 * 2.0 ) ) ) ) + 52.0 ) + ( 3y * 44.0 ) )
ind: 10
( ( 2y * ( 71.0 + ( ( 94.0 * ( 1y + 7x ) ) * 1x ) ) ) * ( 78.0 + ( ( ( 5x + ( 36.0 + 9x ) ) + ( 41.0 - ( 5y + 7y ) ) ) + 8x ) ) )
ind: 11
( ( 6.0 - ( 5y * 4x ) ) + 1y )
ind: 12
( ( ( ( 22.0 + ( ( 6y - 5y ) - 6y ) ) * ( ( ( 15.0 - 63.0 ) * 8y ) - ( 96.0 + ( 1x * 2x ) ) ) ) - 1.0 ) * 7y )
ind: 13
( ( 36.0 - ( 86.0 * ( 3x - ( ( 30.0 + 68.0 ) - ( 5x - 3x ) ) ) ) ) - ( ( 2.0 * ( ( ( 45.0 * 46.0 ) * ( 79.0 - 40.0 ) ) * ( 41.0 * 10y ) ) ) * ( 29.0 * ( ( ( 64.0 * 59.0 ) + 2x ) + ( ( 1y - 4x ) * 10x ) ) ) ) )
ind: 14
( ( 10x + ( 67.0 - ( 61.0 - ( ( 6y - 10y ) * ( 71.0 + 3y ) ) ) ) ) + ( ( 17.0 * 2x ) - 8y ) )
ind: 15
( 63.0 + ( ( 9x - ( ( 7.0 + ( 6x - 10y ) ) - ( ( 4x - 60.0 ) - 3x ) ) ) * 2x ) )
ind: 16
( ( ( 26.0 * 1y ) * ( ( 38.0 + ( 10y * 75.0 ) ) * ( ( 84.0 * ( 26.0 - 2y ) ) + ( 30.0 * 8y ) ) ) ) - ( 5y * ( 5x + ( 6.0 - 75.0 ) ) ) )
ind: 17
( ( 6y * ( ( ( ( 10x * 7x ) - 2x ) + 92.0 ) + 6y ) ) - 9y )
ind: 18
( ( 84.0 + 1y ) - 5x )
ind: 19
( ( ( ( 2x - 31.0 ) * ( 51.0 - ( ( 16.0 + 96.0 ) + ( 10y + 2.0 ) ) ) ) - 1x ) * ( ( 79.0 + 8y ) * ( 21.0 + 74.0 ) ) )
ind: 20
( ( ( 8.0 * ( ( ( 48.0 + 1x ) - ( 48.0 * 11.0 ) ) * ( ( 6y - 6.0 ) - ( 3y + 13.0 ) ) ) ) + ( ( 4y * 87.0 ) - 28.0 ) ) * ( 40.0 * ( ( 97.0 * 99.0 ) - ( ( ( 30.0 - 9x ) * 2y ) * ( 6x + ( 50.0 * 2x ) ) ) ) ) )
ind: 21
( ( ( ( ( 7x - ( 99.0 - 5x ) ) + 4x ) + 10y ) - ( ( 2x - ( 6y - 6x ) ) - 4y ) ) - 6x )
ind: 22
( ( 2y * ( ( 1y + ( ( 2x + 38.0 ) - 3x ) ) * 10.0 ) ) + 14.0 )
ind: 23
( 2y + ( 10x + 95.0 ) )
ind: 24
( 2y * ( 9x * 4x ) )
ind: 25
( ( ( ( 2x * ( 49.0 * 4y ) ) + ( ( ( 33.0 * 54.0 ) + 100.0 ) - 10y ) ) * ( ( ( 32.0 - 29.0 ) + ( 1y - 84.0 ) ) - ( ( ( 8x + 24.0 ) * ( 96.0 + 3x ) ) + 55.0 ) ) ) + 37.0 )
ind: 26
( ( ( 3x * ( 8x - ( ( 32.0 - 49.0 ) + ( 6x - 4x ) ) ) ) + ( ( 88.0 * ( ( 33.0 * 8y ) + 61.0 ) ) * 55.0 ) ) * ( ( ( ( ( 5x * 28.0 ) - ( 75.0 - 4y ) ) * ( ( 3.0 - 65.0 ) - ( 89.0 + 79.0 ) ) ) - 2y ) + 2x ) )
ind: 27
( ( 9y + 63.0 ) * ( ( ( 66.0 - ( 2y - ( 95.0 * 38.0 ) ) ) - 84.0 ) + 9x ) )
ind: 28
( ( 2x + 78.0 ) + 10y )
ind: 29
( ( ( 49.0 + ( ( ( 62.0 - 4x ) * 8x ) + 90.0 ) ) + 3x ) + 5y )
ind: 30
( ( 19.0 * ( ( 13.0 - 43.0 ) * 42.0 ) ) * ( 9y + ( ( ( ( 3x + 3x ) - ( 91.0 - 7x ) ) - 15.0 ) * 8y ) ) )
ind: 31
( 2x - ( ( ( ( ( 76.0 + 9x ) + ( 96.0 * 73.0 ) ) - ( 2y - 7y ) ) * 21.0 ) - 77.0 ) )
ind: 32
( 5y * ( ( 53.0 * 2y ) * 6x ) )
ind: 33
( 5y * 9x )
ind: 34
( 9x - ( 52.0 + 3y ) )
ind: 35
( 6y - ( 10.0 - ( ( 48.0 - ( 4x + ( 65.0 + 62.0 ) ) ) - ( ( ( 2x - 87.0 ) - 54.0 ) + ( 2y - ( 37.0 - 2.0 ) ) ) ) ) )
ind: 36
( ( ( ( ( ( 76.0 + 57.0 ) - ( 33.0 - 12.0 ) ) - 1y ) * 6y ) * 50.0 ) - ( 9x + ( ( 4y * 1y ) - ( 8x - ( 1x + 11.0 ) ) ) ) )
ind: 37
( 7x + ( 5y + ( ( 3x - ( ( 26.0 - 59.0 ) * ( 5y + 67.0 ) ) ) - ( ( ( 97.0 + 9y ) + ( 8x + 36.0 ) ) - ( ( 5y * 7x ) + ( 3y * 7y ) ) ) ) ) )
ind: 38
( ( ( 5x - ( 4y + 6y ) ) * 49.0 ) - ( ( 60.0 + 8x ) + 48.0 ) )
ind: 39
( ( ( 58.0 - ( ( ( 45.0 - 46.0 ) + ( 25.0 - 4x ) ) + ( 13.0 + 9.0 ) ) ) + ( 6x - 9y ) ) - 64.0 )
ind: 40
( 8y - ( 6y - ( 54.0 * ( 9x * 65.0 ) ) ) )
ind: 41
( ( ( 10x * ( ( ( 9x + 93.0 ) + 71.0 ) - ( ( 10y - 6y ) - 3y ) ) ) * 2y ) * ( 54.0 * ( ( ( 7x + ( 7x * 10x ) ) * ( 10y - ( 53.0 - 3y ) ) ) * 36.0 ) ) )
ind: 42
( ( ( 9y - 81.0 ) * ( ( ( 7y + ( 10y - 1x ) ) + 81.0 ) * ( 66.0 - ( ( 4.0 - 46.0 ) + 9y ) ) ) ) + 9x )
ind: 43
( 77.0 - ( ( ( ( ( 93.0 - 3x ) - ( 7.0 * 20.0 ) ) + 4.0 ) * ( 94.0 * ( ( 11.0 + 3.0 ) - 35.0 ) ) ) * ( ( ( 7y + 32.0 ) + 19.0 ) * 10x ) ) )
ind: 44
( 97.0 + ( 84.0 - ( ( ( 7y * 6y ) - ( ( 6x * 91.0 ) - ( 88.0 - 98.0 ) ) ) * ( 7x - ( ( 48.0 * 3y ) + 73.0 ) ) ) ) )
ind: 45
( 3y + ( ( 10y + 6x ) + ( 3x - ( ( ( 9y - 6x ) - 4y ) * 9x ) ) ) )
ind: 46
( 10y - 2x )
ind: 47
( ( ( 2x * ( ( 63.0 * 9.0 ) * ( ( 6y + 46.0 ) + ( 3y * 8x ) ) ) ) * 7y ) - ( 9y * ( ( 10y + 94.0 ) + ( ( 3x + 4x ) * 28.0 ) ) ) )
ind: 48
( ( ( 84.0 + 37.0 ) * ( ( ( ( 100.0 - 23.0 ) - ( 2y + 4x ) ) + ( ( 3x - 1x ) + ( 7x - 9y ) ) ) + 53.0 ) ) * 18.0 )
ind: 49
( ( ( ( ( ( 28.0 * 3x ) + ( 4x - 54.0 ) ) - ( 9x * 55.0 ) ) * ( ( ( 7x - 1y ) + 2x ) * 66.0 ) ) + ( 4x + ( 91.0 - ( ( 1x * 76.0 ) * ( 31.0 * 20.0 ) ) ) ) ) * 6y )
ind: 50
( 5y - ( 67.0 - ( ( 30.0 + ( ( 5y + 8x ) - ( 18.0 * 2y ) ) ) - 72.0 ) ) )
ind: 51
( 4y * ( ( 50.0 * ( ( ( 4x + 77.0 ) - ( 2x * 64.0 ) ) - ( ( 25.0 + 8y ) - ( 37.0 + 26.0 ) ) ) ) - ( 5x + 4x ) ) )
ind: 52
( ( 71.0 * ( ( 6y + ( 6x * 22.0 ) ) + ( ( ( 79.0 - 6y ) - 84.0 ) * 1y ) ) ) - 4x )
ind: 53
( ( ( ( 16.0 + ( ( 74.0 + 43.0 ) - ( 4y - 10.0 ) ) ) - ( ( ( 10y * 24.0 ) + 93.0 ) * 85.0 ) ) - ( 36.0 + 93.0 ) ) - ( ( ( 19.0 - ( ( 68.0 - 2y ) - 3x ) ) * 6.0 ) - 3y ) )
ind: 54
( ( ( ( 1.0 - ( 40.0 * ( 8y - 96.0 ) ) ) + ( 16.0 * ( 3y * 6y ) ) ) - ( ( ( ( 9y * 76.0 ) - 3.0 ) * 10x ) + ( ( ( 41.0 - 6y ) - ( 53.0 + 45.0 ) ) + ( ( 1x * 18.0 ) + ( 3y + 39.0 ) ) ) ) ) - 1x )
ind: 55
( 7x - ( ( 5x * ( ( ( 8y + 43.0 ) * ( 3y - 27.0 ) ) + ( ( 6y - 53.0 ) - ( 7x + 22.0 ) ) ) ) + 7x ) )
ind: 56
( ( 10y + ( 25.0 * ( 6y + 40.0 ) ) ) - 1x )
ind: 57
( ( ( 5y * ( 37.0 + ( ( 1.0 * 100.0 ) * 92.0 ) ) ) - ( ( ( 5x - 87.0 ) - ( ( 4y + 6.0 ) * 84.0 ) ) - ( 71.0 + ( 9.0 * 3x ) ) ) ) * 66.0 )
ind: 58
( ( 1y + ( ( 58.0 - 7y ) - ( 3x * ( 49.0 + 8y ) ) ) ) * ( 95.0 + ( 1x * 1x ) ) )
ind: 59
( ( 6y + 7y ) - ( 7y * 5x ) )
ind: 60
( ( ( ( ( ( 9x - 21.0 ) * ( 8y - 11.0 ) ) - ( 7x + ( 19.0 * 6x ) ) ) - ( 10y - ( 6y + ( 6y * 6x ) ) ) ) - 8y ) - ( 7x + ( ( 73.0 - ( ( 65.0 * 64.0 ) + 10x ) ) - 1y ) ) )
ind: 61
( 2y * 9x )
ind: 62
( 85.0 + ( ( ( ( 45.0 + ( 3y + 10x ) ) + 8x ) - ( ( 2y + ( 2x - 8x ) ) - ( ( 2y - 8x ) + 2y ) ) ) + 79.0 ) )
ind: 63
( ( ( ( 9y + ( 34.0 * 49.0 ) ) * ( ( ( 94.0 + 3x ) + ( 92.0 - 31.0 ) ) + 41.0 ) ) * ( 7x - ( 67.0 + ( ( 18.0 * 9x ) - 7.0 ) ) ) ) - ( 65.0 + 12.0 ) )
ind: 64
( ( 6x * ( ( 49.0 + 4y ) - 52.0 ) ) * ( ( 30.0 * 95.0 ) + 3y ) )
ind: 65
( 4x - 1y )
ind: 66
( 64.0 - ( 10y + 9x ) )
ind: 67
( ( ( ( ( 60.0 + ( 6y - 8y ) ) * 32.0 ) - 2y ) - ( ( 6x - 63.0 ) * 27.0 ) ) * ( ( ( 53.0 - ( 4x - 2y ) ) * 4x ) - ( 16.0 - ( ( ( 1y * 84.0 ) - 10y ) + ( ( 41.0 * 9x ) - ( 86.0 * 44.0 ) ) ) ) ) )
ind: 68
( ( ( 24.0 * ( 56.0 + ( 8y + 64.0 ) ) ) + 3x ) * ( 8x + ( 90.0 * ( 98.0 - ( 92.0 - ( 38.0 - 64.0 ) ) ) ) ) )
ind: 69
( ( ( 6y * ( 6x + 9.0 ) ) - ( 3y * ( ( ( 9y - 7x ) * 66.0 ) + 5y ) ) ) + 47.0 )
ind: 70
( 9y + ( 9x * 3y ) )
ind: 71
( ( 5x - 8y ) + ( ( 84.0 - ( 90.0 + 1x ) ) - 8y ) )
ind: 72
( ( ( 94.0 * ( 1y * ( ( 38.0 * 6.0 ) - ( 7y - 1x ) ) ) ) - 25.0 ) + ( 79.0 + ( ( 1x + 30.0 ) - ( ( ( 12.0 * 94.0 ) + 4x ) - ( ( 10x + 3x ) - ( 8x - 86.0 ) ) ) ) ) )
ind: 73
( ( 7x - 9y ) + ( ( 57.0 - ( ( ( 3x * 8.0 ) - ( 54.0 + 2y ) ) * 75.0 ) ) - ( 75.0 + 5y ) ) )
ind: 74
( 10y + 1x )
ind: 75
( ( 56.0 * ( ( ( ( 59.0 * 21.0 ) * 5.0 ) - ( ( 4x - 6x ) * ( 25.0 * 8y ) ) ) - 10x ) ) * 2y )
ind: 76
( ( 4x + 9x ) * 9y )
ind: 77
( ( ( 2.0 * 49.0 ) * ( ( 22.0 * ( ( 92.0 - 97.0 ) - ( 7x - 5y ) ) ) * 75.0 ) ) * ( ( 3.0 - 7x ) * ( ( 76.0 + ( ( 1x * 15.0 ) * 52.0 ) ) - 22.0 ) ) )
ind: 78
( ( 1y + 34.0 ) - ( 5x - 7y ) )
ind: 79
( ( ( ( ( 2.0 - ( 5x + 6x ) ) * 9y ) * ( 4x + 88.0 ) ) * 4y ) + ( ( ( 8x + ( 18.0 * 4x ) ) + 1x ) - 75.0 ) )
ind: 80
( 6y - ( 80.0 - ( ( ( ( 1y * 45.0 ) * 30.0 ) + ( 7y + 1x ) ) - 6x ) ) )
ind: 81
( ( ( ( ( 8x * 53.0 ) - ( ( 49.0 - 7y ) * ( 85.0 + 7.0 ) ) ) * ( 9x * 2x ) ) * ( ( 4y - 6y ) * ( 70.0 - 4y ) ) ) + ( ( 58.0 * ( 68.0 - ( ( 10y * 1y ) * 56.0 ) ) ) + 1x ) )
ind: 82
( 10y * ( ( ( ( 9x + ( 10x - 10y ) ) * 68.0 ) * ( ( ( 87.0 * 92.0 ) * 42.0 ) * 9y ) ) * 8.0 ) )
ind: 83
( ( ( 43.0 * 1x ) - 2x ) - ( 71.0 + ( ( 7y - 84.0 ) - 31.0 ) ) )
ind: 84
( ( 19.0 + ( ( ( ( 8x - 5x ) + 6y ) + ( 56.0 - 100.0 ) ) + ( ( ( 3y * 2y ) * ( 11.0 - 10x ) ) * ( 43.0 * ( 7y - 6.0 ) ) ) ) ) + 5y )
ind: 85
( ( 31.0 * ( ( ( ( 5x - 9y ) - 9.0 ) + ( 53.0 - ( 93.0 - 4y ) ) ) * ( ( 59.0 * ( 7x * 46.0 ) ) - 31.0 ) ) ) * 1x )
ind: 86
( 2x + ( ( ( 10x - ( 20.0 * 73.0 ) ) - ( ( ( 8x + 2y ) - 10y ) - 7x ) ) * ( ( 44.0 + 9y ) - 56.0 ) ) )
ind: 87
( ( 3x - 81.0 ) - ( ( ( ( ( 6y + 2x ) + ( 4x * 34.0 ) ) - ( 7.0 + 72.0 ) ) + 1y ) + 60.0 ) )
ind: 88
( ( 29.0 * ( ( ( ( 27.0 * 6y ) + 23.0 ) - ( ( 16.0 * 6x ) * ( 71.0 + 8y ) ) ) + ( 3.0 - 3x ) ) ) - ( 1x - ( ( ( ( 1x + 94.0 ) - ( 22.0 + 91.0 ) ) * ( 5x + 10x ) ) * 83.0 ) ) )
ind: 89
( ( ( ( 8x * 42.0 ) - 8y ) - ( 9.0 - ( 30.0 + ( ( 54.0 + 97.0 ) - 83.0 ) ) ) ) - ( ( ( 9x * ( 10y + 6.0 ) ) * 2y ) + ( 6x - ( ( ( 1y * 100.0 ) - ( 45.0 - 10y ) ) - 20.0 ) ) ) )
ind: 90
( 9y + 4x )
ind: 91
( 6x + 4y )
ind: 92
( 1x - ( ( ( 7x + ( ( 61.0 * 67.0 ) * 1y ) ) - ( 9.0 - 48.0 ) ) - 7y ) )
ind: 93
( ( 1x * 1x ) - 8y )
ind: 94
( 5x + ( 58.0 * ( 62.0 - ( 100.0 + 2y ) ) ) )
ind: 95
( ( ( ( ( 8x + 4x ) * 71.0 ) * 77.0 ) * ( ( 3y + ( 2x + ( 2y * 92.0 ) ) ) * 53.0 ) ) * 59.0 )
ind: 96
( ( ( 25.0 - 9.0 ) - 2y ) * 3x )
ind: 97
( 75.0 + ( 2x + 8y ) )
ind: 98
( ( ( ( ( 5y * 10y ) + ( ( 58.0 - 52.0 ) * 5x ) ) * ( 5y + 10y ) ) - ( 74.0 + 73.0 ) ) + 36.0 )
ind: 99
( ( ( 41.0 + ( 30.0 - 8.0 ) ) - ( 44.0 * 77.0 ) ) + ( 1y - ( ( 38.0 + 3x ) * ( ( 5x + ( 6y - 9y ) ) - 10x ) ) ) )
ind: 100
( ( ( 3y * 63.0 ) - 54.0 ) * ( ( ( 93.0 + 4y ) * ( ( 10y + 29.0 ) + ( 10y - ( 4x + 97.0 ) ) ) ) + 71.0 ) )
Best Ind: ( 4x - 1y )
Fitness = 31.7890896877
Worst Ind: ( ( 36.0 - ( 86.0 * ( 3x - ( ( 30.0 + 68.0 ) - ( 5x - 3x ) ) ) ) ) - ( ( 2.0 * ( ( ( 45.0 * 46.0 ) * ( 79.0 - 40.0 ) ) * ( 41.0 * 10y ) ) ) * ( 29.0 * ( ( ( 64.0 * 59.0 ) + 2x ) + ( ( 1y - 4x ) * 10x ) ) ) ) )
Fitness = 2.37180538671e+14
Avg Fitness = 2.41493302339e+12
Duplicated = 0
============================================================================
Evaluate Gen  1
New Population 141
Better than Dads 12
Best Ind: ( 4x - 1y )
Fitness = 31.7890896877
Worst Ind: ( ( 31.0 * ( ( ( ( 5x - 9y ) - 9.0 ) + ( 53.0 - ( 93.0 - 4y ) ) ) * ( ( 59.0 * ( 7x * 46.0 ) ) - 31.0 ) ) ) * 1x )
Fitness = 275487.448259
Avg Fitness = 22280.5418568
Duplicated = 4
============================================================================
Evaluate Gen  2
New Population 138
Better than Dads 9
Best Ind: ( 4x - 1y )
Fitness = 31.7890896877
Worst Ind: ( ( ( 49.0 + ( ( ( 7y - 4x ) * 8x ) + 90.0 ) ) + 3x ) + 5y )
Fitness = 7750.0
Avg Fitness = 2028.77751357
Duplicated = 4
============================================================================
Evaluate Gen  3
New Population 138
Better than Dads 11
Best Ind: ( 4x - 1y )
Fitness = 31.7890896877
Worst Ind: ( ( 7x - 9y ) + ( ( 57.0 - ( ( ( 3x * 8.0 ) - ( 54.0 + 2y ) ) * 75.0 ) ) - ( 75.0 + 5y ) ) )
Fitness = 3750.0
Avg Fitness = 1126.43605835
Duplicated = 3
============================================================================
Evaluate Gen  4
New Population 135
Better than Dads 13
Best Ind: ( 4x - 1y )
Fitness = 31.7890896877
Worst Ind: ( ( ( ( 8x * 42.0 ) - 8y ) - ( 9.0 - ( 30.0 + ( ( 54.0 + 97.0 ) - 83.0 ) ) ) ) - ( ( ( 9x * ( 10y + 6.0 ) ) * 2y ) + ( 6x - ( ( ( 1y * 100.0 ) - ( 45.0 - 10y ) ) - 20.0 ) ) ) )
Fitness = 2348.88292409
Avg Fitness = 543.283626872
Duplicated = 3
============================================================================
Evaluate Gen  5
New Population 140
Better than Dads 12
Best Ind: ( 4x - 1y )
Fitness = 31.7890896877
Worst Ind: ( ( 2y * 7x ) + ( 9x * 3y ) )
Fitness = 651.676338598
Avg Fitness = 303.772626555
Duplicated = 5
============================================================================
Evaluate Gen  6
New Population 143
Better than Dads 11
Best Ind: ( 4x - 1y )
Fitness = 31.7890896877
Worst Ind: ( ( 67.0 - ( ( 30.0 + ( ( 5y + 8x ) - ( 18.0 * 2y ) ) ) - 72.0 ) ) - ( 10y + 9x ) )
Fitness = 428.152161704
Avg Fitness = 229.55180714
Duplicated = 6
============================================================================
Evaluate Gen  7
New Population 137
Better than Dads 12
Best Ind: ( 4x - 1y )
Fitness = 31.7890896877
Worst Ind: ( 9x - ( 9y + ( ( 73.0 - ( ( 65.0 * 64.0 ) + 10x ) ) - 1y ) ) )
Fitness = 317.890896877
Avg Fitness = 194.090647487
Duplicated = 6
============================================================================
Evaluate Gen  8
New Population 139
Better than Dads 10
Best Ind: ( 4x - 1y )
Fitness = 31.7890896877
Worst Ind: ( ( ( 6y + ( 6x * 22.0 ) ) + ( ( ( 79.0 - 6y ) - 84.0 ) * 1y ) ) - 8y )
Fitness = 254.312717502
Avg Fitness = 172.397046168
Duplicated = 5
============================================================================
Evaluate Gen  9
New Population 143
Better than Dads 12
Best Ind: ( 4x - 1y )
Fitness = 31.7890896877
Worst Ind: ( ( 2y * 9x ) - ( 7x + ( ( 73.0 - ( ( 65.0 * 64.0 ) + 10x ) ) - 1y ) ) )
Fitness = 225.197567906
Avg Fitness = 157.860535426
Duplicated = 8
============================================================================
Evaluate Gen  10
New Population 141
Better than Dads 13
Best Ind: ( 4x - 1y )
Fitness = 31.7890896877
Worst Ind: ( ( ( ( 6x * ( ( 49.0 + 4y ) - 52.0 ) ) * ( ( 30.0 * 95.0 ) + 3y ) ) + 34.0 ) - ( 5x - 7y ) )
Fitness = 222.523627814
Avg Fitness = 141.122622519
Duplicated = 16
============================================================================
Evaluate Gen  11
New Population 146
Better than Dads 11
Best Ind: ( 4x - 1y )
Fitness = 31.7890896877
Worst Ind: ( 1x - ( 5y - 6x ) )
Fitness = 191.111653319
Avg Fitness = 119.27836028
Duplicated = 13
============================================================================
Evaluate Gen  12
New Population 136
Better than Dads 10
Best Ind: ( 4x - 1y )
Fitness = 31.7890896877
Worst Ind: ( ( 1x + 1y ) - 5x )
Fitness = 159.259711099
Avg Fitness = 101.125287915
Duplicated = 18
============================================================================
Evaluate Gen  13
New Population 142
Better than Dads 15
Best Ind: ( 4x - 1y )
Fitness = 31.7890896877
Worst Ind: ( ( 71.0 * ( ( 6y + ( 6x * 9x ) ) + ( ( ( 79.0 - 6y ) - 84.0 ) * 1y ) ) ) - 4x )
Fitness = 127.407768879
Avg Fitness = 88.8827783088
Duplicated = 18
============================================================================
Evaluate Gen  14
New Population 139
Better than Dads 9
Best Ind: ( 4x - 1y )
Fitness = 31.7890896877
Worst Ind: ( ( 3x + 4y ) - 2.0 )
Fitness = 100.0
Avg Fitness = 84.5737116359
Duplicated = 11
============================================================================
Evaluate Gen  15
New Population 135
Better than Dads 6
Best Ind: ( 4x - 1y )
Fitness = 31.7890896877
Worst Ind: ( ( ( 2y * ( 9x * ( 10y - 1x ) ) ) + 1y ) - 2.0 )
Fitness = 100.0
Avg Fitness = 82.1541367349
Duplicated = 9
============================================================================
Evaluate Gen  16
New Population 135
Better than Dads 10
Best Ind: ( 4x - 1y )
Fitness = 31.7890896877
Worst Ind: ( ( ( ( 2y * 7x ) - ( ( ( 10y * 24.0 ) + 93.0 ) * 85.0 ) ) - ( 36.0 + 93.0 ) ) - ( 10y - 3y ) )
Fitness = 95.3672690632
Avg Fitness = 78.053104057
Duplicated = 10
============================================================================
Evaluate Gen  17
New Population 140
Better than Dads 8
Best Ind: ( 4x - 1y )
Fitness = 31.7890896877
Worst Ind: ( ( ( 1y - 6x ) - 4y ) - ( 10y - 3y ) )
Fitness = 95.3672690632
Avg Fitness = 74.4257562352
Duplicated = 11
============================================================================
Evaluate Gen  18
New Population 137
Better than Dads 9
Best Ind: ( 4x - 1y )
Fitness = 31.7890896877
Worst Ind: ( ( ( 2y * ( 9x * ( 10y - 1x ) ) ) + 1y ) - ( ( ( 83.0 - 1x ) - 9x ) - ( 10y - 3y ) ) )
Fitness = 95.3672690632
Avg Fitness = 72.1050972707
Duplicated = 12
============================================================================
Evaluate Gen  19
New Population 139
Better than Dads 12
Best Ind: ( 4x - 1y )
Fitness = 31.7890896877
Worst Ind: ( ( ( ( ( 4x - 2y ) - 2y ) * 3x ) - ( 2y - 7y ) ) - ( ( ( 19.0 - ( ( 68.0 - 2y ) - 3x ) ) * 6.0 ) - 3y ) )
Fitness = 95.3672690632
Avg Fitness = 68.2919942347
Duplicated = 12
============================================================================
Evaluate Gen  20
New Population 144
Better than Dads 9
Best Ind: ( 1x * 1y )
Fitness = 15.8945448439
Worst Ind: ( ( ( 25.0 - 9.0 ) - 2y ) * 3x )
Fitness = 95.3672690632
Avg Fitness = 60.5736055529
Duplicated = 14
============================================================================
Evaluate Gen  21
New Population 142
Better than Dads 12
Best Ind: ( 1x * 1y )
Fitness = 15.8945448439
Worst Ind: ( 4x - ( ( 5y - ( 1x * ( ( 1x - 2y ) * 3x ) ) ) - ( ( 10x * 8y ) - 2x ) ) )
Fitness = 63.7038844396
Avg Fitness = 56.6326582439
Duplicated = 15
============================================================================
Evaluate Gen  22
New Population 148
Better than Dads 13
Best Ind: ( 1x * 1y )
Fitness = 15.8945448439
Worst Ind: ( ( ( ( 1y - 6x ) - ( ( 4x - 2y ) - 2y ) ) - ( 10y - 3y ) ) - 2x )
Fitness = 63.7038844396
Avg Fitness = 55.150436891
Duplicated = 17
============================================================================
Evaluate Gen  23
New Population 137
Better than Dads 8
Best Ind: ( 1x * 1y )
Fitness = 15.8945448439
Worst Ind: ( ( 10x * 8y ) - 2x )
Fitness = 63.7038844396
Avg Fitness = 54.1716560141
Duplicated = 21
============================================================================
Evaluate Gen  24
New Population 144
Better than Dads 8
Best Ind: ( 1x * 1y )
Fitness = 15.8945448439
Worst Ind: ( ( 10y - 2x ) - ( 9x - 2y ) )
Fitness = 63.5781793755
Avg Fitness = 52.4461735997
Duplicated = 24
============================================================================
Evaluate Gen  25
New Population 141
Better than Dads 8
Best Ind: ( 1x * 1y )
Fitness = 15.8945448439
Worst Ind: ( 9x - 2y )
Fitness = 63.5781793755
Avg Fitness = 50.5669823262
Duplicated = 20
============================================================================
Evaluate Gen  26
New Population 145
Better than Dads 12
Best Ind: ( 1x * 1y )
Fitness = 15.8945448439
Worst Ind: ( ( 6x - ( ( ( 84.0 - ( 90.0 + 1x ) ) - ( 4x - ( 4x - 2y ) ) ) - 7y ) ) - ( 4x - 2y ) )
Fitness = 63.5781793755
Avg Fitness = 47.3440265053
Duplicated = 15
============================================================================
Evaluate Gen  27
New Population 137
Better than Dads 11
Best Ind: ( 1x * 1y )
Fitness = 15.8945448439
Worst Ind: ( ( ( 22.0 + ( ( 3x - 5y ) - ( ( 1y + 10y ) + 1x ) ) ) * ( ( 1y + 10y ) - ( 96.0 + ( 1x * 2x ) ) ) ) - 1.0 )
Fitness = 50.0
Avg Fitness = 44.3486618928
Duplicated = 10
============================================================================
Evaluate Gen  28
New Population 138
Better than Dads 7
Best Ind: ( 1x * 1y )
Fitness = 15.8945448439
Worst Ind: ( ( ( 22.0 + ( ( 3x - 5y ) - 6y ) ) * ( ( 1x * 7y ) - ( ( 43.0 * 1x ) - 2x ) ) ) - 1.0 )
Fitness = 50.0
Avg Fitness = 43.6225476268
Duplicated = 13
============================================================================
Evaluate Gen  29
New Population 140
Better than Dads 7
Best Ind: ( 1x * 1y )
Fitness = 15.8945448439
Worst Ind: ( ( ( 4x - 2y ) * ( ( 1y + 10y ) - ( 96.0 + ( 1x * 2x ) ) ) ) - 1.0 )
Fitness = 50.0
Avg Fitness = 42.1640666683
Duplicated = 19
============================================================================
Evaluate Gen  30
New Population 143
Better than Dads 9
Best Ind: ( 1x * 1y )
Fitness = 15.8945448439
Worst Ind: ( ( ( ( ( ( 52.0 - 22.0 ) * 31.0 ) * 9x ) - ( 1x + 1y ) ) - ( ( 10y - ( 5y * 4x ) ) + 1y ) ) - ( 1x + 1y ) )
Fitness = 45.0232214655
Avg Fitness = 41.5187815034
Duplicated = 20
============================================================================
Evaluate Gen  31
New Population 148
Better than Dads 8
Best Ind: ( 1x * 1y )
Fitness = 15.8945448439
Worst Ind: ( ( ( 1x + 1y ) * ( ( 1x + 1y ) + 8y ) ) - ( 1x + 1y ) )
Fitness = 45.0232214655
Avg Fitness = 41.3870687109
Duplicated = 19
============================================================================
Evaluate Gen  32
New Population 143
Better than Dads 10
Best Ind: ( 1x * 1y )
Fitness = 15.8945448439
Worst Ind: ( ( 52.0 - ( ( 5y - ( 5y * 4x ) ) + ( ( 4x - 2y ) - 2y ) ) ) - ( 1x + 1y ) )
Fitness = 45.0232214655
Avg Fitness = 41.1230146007
Duplicated = 18
============================================================================
Evaluate Gen  33
New Population 150
Better than Dads 10
Best Ind: ( 1x * 1y )
Fitness = 15.8945448439
Worst Ind: ( ( ( ( 52.0 - 4x ) * 31.0 ) * ( ( 1x + 1y ) + 8y ) ) - ( 1x + 1y ) )
Fitness = 45.0232214655
Avg Fitness = 40.4631935877
Duplicated = 17
============================================================================
Evaluate Gen  34
New Population 147
Better than Dads 12
Best Ind: ( 1x * 1y )
Fitness = 15.8945448439
Worst Ind: ( ( 52.0 - ( ( 5y - ( 5y * 4x ) ) + ( ( 4x - 2y ) - 2y ) ) ) - ( 1x + 1y ) )
Fitness = 45.0232214655
Avg Fitness = 39.6722883077
Duplicated = 19
============================================================================
Evaluate Gen  35
New Population 146
Better than Dads 9
Best Ind: ( 1x * 1y )
Fitness = 15.8945448439
Worst Ind: ( 1x + 1y )
Fitness = 45.0232214655
Avg Fitness = 38.618585968
Duplicated = 19
============================================================================
Evaluate Gen  36
New Population 144
Better than Dads 13
Best Ind: ( 1x * 1y )
Fitness = 15.8945448439
Worst Ind: ( ( 52.0 - ( 9y + 1y ) ) - ( 1x + 1y ) )
Fitness = 45.0232214655
Avg Fitness = 37.4325423106
Duplicated = 21
============================================================================
Evaluate Gen  37
New Population 144
Better than Dads 12
Best Ind: ( 1x * 1y )
Fitness = 15.8945448439
Worst Ind: ( ( 5y * 4x ) - ( 1x + 1y ) )
Fitness = 45.0232214655
Avg Fitness = 35.7202760087
Duplicated = 22
============================================================================
Evaluate Gen  38
New Population 143
Better than Dads 8
Best Ind: ( 1x * 1y )
Fitness = 15.8945448439
Worst Ind: ( ( 4x - ( ( ( 84.0 - ( 90.0 + 1x ) ) - 8y ) - ( 6y - 6x ) ) ) - ( 1x + 1y ) )
Fitness = 45.0232214655
Avg Fitness = 32.9536788418
Duplicated = 28
============================================================================
Evaluate Gen  39
New Population 141
Better than Dads 10
Best Ind: ( 1x * 1y )
Fitness = 15.8945448439
Worst Ind: ( ( ( ( 1y - ( 40.0 * ( 8y - 96.0 ) ) ) + ( 16.0 * ( 3y * 6y ) ) ) - ( ( ( ( 9y * 76.0 ) - 3.0 ) * ( 4x - 2y ) ) + ( ( ( 41.0 - 6y ) - ( 53.0 + 45.0 ) ) + ( ( 1x * 18.0 ) + ( 3y + 39.0 ) ) ) ) ) - 1x )
Fitness = 31.8519422198
Avg Fitness = 31.6365509172
Duplicated = 31
============================================================================
Evaluate Gen  40
New Population 145
Better than Dads 12
Best Ind: ( 1x * 1y )
Fitness = 15.8945448439
Worst Ind: ( ( ( 1y * 3x ) - ( 1x + 1y ) ) - 1x )
Fitness = 31.8519422198
Avg Fitness = 31.6340368159
Duplicated = 29
============================================================================
Evaluate Gen  41
New Population 145
Better than Dads 5
Best Ind: ( 1x * 1y )
Fitness = 15.8945448439
Worst Ind: ( ( 52.0 - ( 1x + 1y ) ) - 1x )
Fitness = 31.8519422198
Avg Fitness = 31.6315227146
Duplicated = 30
============================================================================
Evaluate Gen  42
New Population 146
Better than Dads 10
Best Ind: ( 1x * 1y )
Fitness = 15.8945448439
Worst Ind: ( ( ( 1x + 1y ) - 1x ) - ( ( 10y + ( 25.0 * ( 6y + 1.0 ) ) ) - 1x ) )
Fitness = 31.8519422198
Avg Fitness = 31.6271230374
Duplicated = 28
============================================================================
Evaluate Gen  43
New Population 141
Better than Dads 11
Best Ind: ( 1x * 1y )
Fitness = 15.8945448439
Worst Ind: ( ( ( ( 1.0 - ( 40.0 * ( 8y - 96.0 ) ) ) + ( 16.0 * ( 3y * 6y ) ) ) - ( ( ( ( 9y * 76.0 ) - 3.0 ) * 10x ) + ( ( ( 1x + 1y ) - ( 53.0 + 45.0 ) ) + ( ( 1x * 18.0 ) + ( 3y + 39.0 ) ) ) ) ) - 1x )
Fitness = 31.8519422198
Avg Fitness = 31.6214663095
Duplicated = 28
============================================================================
Evaluate Gen  44
New Population 146
Better than Dads 15
Best Ind: ( 1x * 1y )
Fitness = 15.8945448439
Worst Ind: ( ( ( ( 1.0 - ( 40.0 * ( 8y - 96.0 ) ) ) + ( 16.0 * ( 3y * 6y ) ) ) - ( ( ( ( 9y * 76.0 ) - 3.0 ) * 10x ) + ( ( ( 41.0 - 6y ) - ( 53.0 + 45.0 ) ) + ( ( 1x * 18.0 ) + ( 3y + 39.0 ) ) ) ) ) - 1x )
Fitness = 31.8519422198
Avg Fitness = 31.6151810563
Duplicated = 29
============================================================================
Evaluate Gen  45
New Population 149
Better than Dads 16
Best Ind: ( 1x * 1y )
Fitness = 15.8945448439
Worst Ind: ( ( 1x + 1y ) - 1x )
Fitness = 31.8519422198
Avg Fitness = 31.6051246512
Duplicated = 27
============================================================================
Evaluate Gen  46
New Population 144
Better than Dads 11
Best Ind: ( 1x * 1y )
Fitness = 15.8945448439
Worst Ind: ( ( ( 4x - 2y ) - 1x ) - 1x )
Fitness = 31.8519422198
Avg Fitness = 31.5906685688
Duplicated = 24
============================================================================
Evaluate Gen  47
New Population 147
Better than Dads 9
Best Ind: ( 1x * 1y )
Fitness = 15.8945448439
Worst Ind: ( ( ( 22.0 - ( 1x + 1y ) ) - 1x ) - 1y )
Fitness = 31.7890896877
Avg Fitness = 31.5862688915
Duplicated = 27
============================================================================
Evaluate Gen  48
New Population 134
Better than Dads 7
Best Ind: ( 1x * 1y )
Fitness = 15.8945448439
Worst Ind: ( ( ( 22.0 + ( 4x - 2y ) ) * ( ( 3y - 3y ) - ( 96.0 + ( 1x * 2x ) ) ) ) - ( 1x - 1y ) )
Fitness = 31.7890896877
Avg Fitness = 31.5862688915
Duplicated = 27
============================================================================
Evaluate Gen  49
New Population 147
Better than Dads 12
Best Ind: ( 1x * 1y )
Fitness = 15.8945448439
Worst Ind: ( ( ( ( 6x * ( ( 3y * 6y ) - 52.0 ) ) * 1x ) + 34.0 ) - 1y )
Fitness = 31.7890896877
Avg Fitness = 31.5862688915
Duplicated = 27
============================================================================
Evaluate Gen  50
New Population 143
Better than Dads 9
Best Ind: ( 1x * 1y )
Fitness = 15.8945448439
Worst Ind: ( ( ( 22.0 - ( 1x + 1y ) ) - 1x ) - 1y )
Fitness = 31.7890896877
Avg Fitness = 31.5862688915
Duplicated = 27
