dataset_file= dataset/SR_circle.txt
population= 300
generations= 50
tournament_size= 2
cross_over= 0.6
mutation= 0.3
elitism= True
(50, 2)
============================================================================
Build initial population
ind: 1
( ( ( ( 9y + ( 2x - ( 4x * 6.0 ) ) ) + 49.0 ) * ( 9x - ( ( ( 4y + 7x ) * 4x ) - ( 3x - 44.0 ) ) ) ) + ( ( ( ( ( 79.0 - 6y ) * ( 40.0 - 6x ) ) + ( 94.0 + ( 8.0 * 10y ) ) ) - 81.0 ) - 5y ) )
ind: 2
( ( ( 38.0 * ( 79.0 * ( ( 15.0 + 6x ) + 79.0 ) ) ) * ( 59.0 - ( 47.0 - ( ( 76.0 * 1x ) - ( 7y * 76.0 ) ) ) ) ) + 67.0 )
ind: 3
( ( ( ( ( 2x - ( 7x + 99.0 ) ) + ( ( 59.0 + 45.0 ) + ( 60.0 - 10x ) ) ) + 6x ) * ( 8x + ( 5y + 10.0 ) ) ) + ( 4y - ( ( 24.0 + 10x ) + 1x ) ) )
ind: 4
( 7x * ( ( ( ( ( 76.0 * 7x ) - ( 5x - 8y ) ) * 64.0 ) + 63.0 ) - 1y ) )
ind: 5
( ( 6x - ( 1y - 35.0 ) ) - ( ( ( 1y + 7x ) + 7y ) + ( ( 1x * 53.0 ) + 23.0 ) ) )
ind: 6
( ( ( ( 89.0 - ( ( 4y + 7x ) - 70.0 ) ) * 3x ) * 6y ) - ( 52.0 * ( ( ( 80.0 * ( 9x + 81.0 ) ) + 2y ) - ( 76.0 - ( 91.0 * ( 3y - 5y ) ) ) ) ) )
ind: 7
( 86.0 - ( 8x * ( 53.0 - ( ( 9x - ( 8y * 8y ) ) * 93.0 ) ) ) )
ind: 8
( 4x - 10y )
ind: 9
( 33.0 - ( ( ( ( ( 36.0 + 9x ) + ( 4x - 10x ) ) - ( 62.0 + 37.0 ) ) + 5y ) * ( ( 80.0 * 4x ) + 12.0 ) ) )
ind: 10
( 2x * 3y )
ind: 11
( 10x - ( 1y + 6y ) )
ind: 12
( 76.0 + ( 28.0 - ( ( 7x - ( ( 1x + 94.0 ) + ( 8x + 24.0 ) ) ) - ( 8y - 100.0 ) ) ) )
ind: 13
( ( ( 38.0 + 27.0 ) - 8x ) * 6y )
ind: 14
( ( 4y - 1.0 ) * 7x )
ind: 15
( 5x - ( 5y - ( ( 10y * ( ( 80.0 - 10y ) + ( 9y * 9x ) ) ) * ( ( 58.0 * 23.0 ) + ( 10y - ( 1y - 99.0 ) ) ) ) ) )
ind: 16
( ( 2y * ( ( 54.0 * 2x ) + 43.0 ) ) + 1x )
ind: 17
( ( ( ( 2y * 21.0 ) * ( 64.0 + ( ( 43.0 * 28.0 ) * 6.0 ) ) ) + ( ( 28.0 - ( 10y + 2y ) ) - 58.0 ) ) * ( 10y - ( 89.0 * ( 100.0 + ( ( 24.0 + 7x ) - ( 92.0 + 83.0 ) ) ) ) ) )
ind: 18
( ( 45.0 - ( 1.0 + ( 3y * 4x ) ) ) - 10x )
ind: 19
( ( ( 6x - 65.0 ) + ( ( 83.0 - 9y ) + 84.0 ) ) * ( 47.0 * ( 10.0 * ( ( 10y - 38.0 ) + ( 4x * ( 8x - 3x ) ) ) ) ) )
ind: 20
( ( 24.0 - ( ( 19.0 + ( ( 7y * 9x ) * 72.0 ) ) + 66.0 ) ) - ( ( ( ( 20.0 - 7x ) - 71.0 ) * 4x ) * ( ( 79.0 - ( 2y * ( 86.0 * 9x ) ) ) + ( 53.0 * 9y ) ) ) )
ind: 21
( 7x * 7y )
ind: 22
( ( 10y + 60.0 ) + ( ( ( 48.0 * ( ( 97.0 + 18.0 ) * 4y ) ) - ( 74.0 * 81.0 ) ) + ( ( ( ( 70.0 - 95.0 ) * 19.0 ) - ( 9y * 53.0 ) ) * ( ( 10.0 - ( 4x - 11.0 ) ) - ( 45.0 * 9y ) ) ) ) )
ind: 23
( ( 53.0 + 4y ) * ( 35.0 * ( 4.0 - ( ( 5x - 8y ) - ( ( 86.0 + 50.0 ) + 29.0 ) ) ) ) )
ind: 24
( 8y + 8x )
ind: 25
( ( ( ( ( 74.0 + 3y ) + 2y ) - ( 5y * ( ( 70.0 + 72.0 ) * 6.0 ) ) ) + 3.0 ) + ( ( ( 6x + 1x ) + 4x ) * 1x ) )
ind: 26
( ( ( ( ( 75.0 + ( 87.0 - 1y ) ) + 2x ) - 85.0 ) - 96.0 ) * ( ( 3x * ( ( 9y + 77.0 ) + ( ( 8y * 4y ) * ( 1y * 36.0 ) ) ) ) * 44.0 ) )
ind: 27
( ( 97.0 + ( 1y * 9y ) ) + ( ( 22.0 * 47.0 ) + ( ( ( ( 4x * 9x ) - ( 65.0 * 69.0 ) ) * 6x ) + ( 50.0 + ( ( 1x - 98.0 ) + 9x ) ) ) ) )
ind: 28
( ( ( 20.0 * ( 48.0 * ( ( 2x + 47.0 ) * ( 8y - 52.0 ) ) ) ) - 63.0 ) * 6y )
ind: 29
( ( ( 5y - ( 88.0 + 26.0 ) ) * 3x ) - 39.0 )
ind: 30
( ( 8x - 84.0 ) - 7y )
ind: 31
( ( ( ( 1x + ( ( 6y - 9x ) - ( 82.0 * 7x ) ) ) * 3y ) - 10y ) * ( 3y - 1x ) )
ind: 32
( ( ( ( ( ( 21.0 - 67.0 ) * ( 8.0 + 6y ) ) - ( ( 5y * 6x ) + ( 8y - 4y ) ) ) + 99.0 ) + 7x ) - 86.0 )
ind: 33
( ( ( ( 19.0 * ( ( 6y * 7x ) - ( 10.0 - 25.0 ) ) ) * 8y ) * 8x ) - ( ( 54.0 * 5y ) * ( ( ( 92.0 * 39.0 ) + ( ( 1x * 2x ) * 20.0 ) ) * 91.0 ) ) )
ind: 34
( ( 2y * ( 7x - ( 73.0 + 10.0 ) ) ) - ( 3.0 * 6x ) )
ind: 35
( ( ( 61.0 + ( ( ( 8x - 8x ) - ( 36.0 * 5x ) ) * 83.0 ) ) + ( ( 8y + ( 10x + ( 28.0 - 6y ) ) ) * 9x ) ) - 6x )
ind: 36
( ( 10x * ( ( 5x - ( ( 43.0 + 92.0 ) + 9y ) ) - 58.0 ) ) - 3y )
ind: 37
( ( ( 7x + ( 67.0 + ( ( 52.0 - 8.0 ) - 60.0 ) ) ) * ( ( ( ( 51.0 - 10y ) - 7y ) - ( ( 8y - 58.0 ) - 8y ) ) - 1x ) ) - 9y )
ind: 38
( ( ( ( 73.0 * ( ( 1y * 55.0 ) + 37.0 ) ) - ( 7y + ( ( 2y - 1y ) + 1y ) ) ) + 8x ) + 14.0 )
ind: 39
( ( 9x - ( 31.0 * 90.0 ) ) * 1y )
ind: 40
( ( 36.0 - ( ( ( 36.0 * 2x ) + 77.0 ) - 95.0 ) ) - 8y )
ind: 41
( 1y - ( 46.0 - ( ( ( ( 2x - 3x ) * 23.0 ) * 98.0 ) - ( ( ( 80.0 - 61.0 ) - ( 63.0 - 80.0 ) ) - ( 11.0 - ( 64.0 + 9x ) ) ) ) ) )
ind: 42
( 50.0 - ( ( 2x - ( 83.0 * ( 3.0 - ( 13.0 + 7x ) ) ) ) + ( ( ( ( 94.0 + 2.0 ) - ( 34.0 * 4y ) ) * ( ( 7y - 55.0 ) - ( 10y * 51.0 ) ) ) * 10x ) ) )
ind: 43
( ( ( 27.0 - ( ( 57.0 + 3y ) + 49.0 ) ) + 64.0 ) * ( ( ( 3x * ( ( 58.0 * 23.0 ) + 2y ) ) * 10y ) - 1x ) )
ind: 44
( ( ( ( 56.0 * ( ( 8y - 88.0 ) - ( 93.0 * 50.0 ) ) ) + 11.0 ) + ( 9x + 4y ) ) - 46.0 )
ind: 45
( ( ( ( ( 64.0 + ( 6y * 9x ) ) + ( ( 1x - 72.0 ) - 5y ) ) + 42.0 ) + ( ( 87.0 - 9y ) * ( ( ( 2y * 2y ) * ( 34.0 + 72.0 ) ) * ( ( 10y - 6y ) * ( 41.0 * 98.0 ) ) ) ) ) * ( ( ( 3x * ( ( 41.0 + 4x ) - ( 3x + 7x ) ) ) * ( 71.0 + 9y ) ) * 5x ) )
ind: 46
( 2y - ( 5x + ( 97.0 * ( 10x + ( 4x * ( 25.0 * 80.0 ) ) ) ) ) )
ind: 47
( ( ( ( ( 10x * 10y ) * 84.0 ) * ( 15.0 * ( ( 2x + 11.0 ) + 1.0 ) ) ) + ( ( ( ( 2x * 93.0 ) - ( 68.0 * 48.0 ) ) * 8x ) - 21.0 ) ) * 2x )
ind: 48
( 10x * ( ( 8y - 9.0 ) - 21.0 ) )
ind: 49
( ( ( 8y - ( 8x - ( ( 5x + 4x ) * ( 10y + 85.0 ) ) ) ) * ( ( ( 3y - 10x ) - ( 2x + 7x ) ) * 10x ) ) + ( ( 91.0 + 1y ) * ( 79.0 - 21.0 ) ) )
ind: 50
( ( 36.0 - 3y ) * 7x )
ind: 51
( 9y - ( 1x * ( 87.0 - 8x ) ) )
ind: 52
( ( ( ( ( ( 4x * 6y ) * ( 5y + 6y ) ) * 47.0 ) - 48.0 ) - ( 10x - ( ( ( 8x * 2x ) - ( 30.0 + 8y ) ) * 24.0 ) ) ) * ( ( 5x - 16.0 ) * 5x ) )
ind: 53
( ( 13.0 * ( 97.0 + ( ( ( 7y - 5x ) + 8y ) + 19.0 ) ) ) + 8x )
ind: 54
( 3x * ( ( 1x * ( 9y - 7.0 ) ) + 97.0 ) )
ind: 55
( ( ( 58.0 - 7y ) * 68.0 ) + ( ( ( ( 5y - 8x ) + 1.0 ) + ( ( ( 5y * 39.0 ) - 9y ) + 70.0 ) ) * 5x ) )
ind: 56
( 30.0 - ( 1y * 3x ) )
ind: 57
( 33.0 - ( ( ( ( ( 1x + 3x ) * 98.0 ) * 20.0 ) * ( ( 14.0 + ( 40.0 + 5y ) ) + ( ( 86.0 - 9x ) + 17.0 ) ) ) - 66.0 ) )
ind: 58
( ( 24.0 - 3x ) * ( ( ( 2y * 79.0 ) + 8y ) * 60.0 ) )
ind: 59
( 6.0 * ( 1x * ( ( 81.0 - 29.0 ) + 4y ) ) )
ind: 60
( 8y * ( 3x * ( ( 43.0 * ( ( 8y + 6x ) + ( 59.0 * 71.0 ) ) ) - ( ( ( 21.0 + 3x ) + ( 10.0 + 10x ) ) * 4.0 ) ) ) )
ind: 61
( 10x + ( 33.0 + ( 7x * ( 4y + 4y ) ) ) )
ind: 62
( 10y + ( 4x * 8x ) )
ind: 63
( ( ( ( 62.0 - 1x ) * ( 10y + 30.0 ) ) + ( 75.0 * ( 4x + ( 19.0 - ( 3x + 93.0 ) ) ) ) ) * ( 1x + 27.0 ) )
ind: 64
( ( ( ( ( ( 100.0 + 49.0 ) + 10y ) - ( ( 9y - 1y ) + ( 5y - 9y ) ) ) * 7x ) - ( ( 91.0 - 3y ) - 9x ) ) - 1y )
ind: 65
( ( ( 9x * ( ( 6x - 4y ) - ( ( 3x - 5.0 ) - ( 56.0 + 3y ) ) ) ) + ( ( ( ( 22.0 - 66.0 ) - 11.0 ) * 74.0 ) - 46.0 ) ) + 92.0 )
ind: 66
( ( ( ( ( ( 2y - 63.0 ) + ( 10x * 5y ) ) + 1y ) + 18.0 ) - 1x ) - ( ( ( 4x * 11.0 ) + 9x ) * ( 2x + ( ( 9y + ( 65.0 * 5x ) ) * 23.0 ) ) ) )
ind: 67
( ( ( ( ( ( 5y * 7y ) + ( 28.0 * 4x ) ) - ( 79.0 + 10y ) ) + 8x ) + 1y ) * ( ( 10x - ( 56.0 * ( 5x + ( 1x + 17.0 ) ) ) ) * ( ( 10x * ( ( 83.0 + 3y ) - ( 6x * 49.0 ) ) ) + ( 57.0 - ( ( 41.0 - 59.0 ) * 63.0 ) ) ) ) )
ind: 68
( ( 38.0 * ( 12.0 + 100.0 ) ) - ( ( 4y - 86.0 ) + ( ( ( ( 8.0 * 7y ) - ( 52.0 * 7x ) ) + ( 12.0 * 64.0 ) ) * ( ( ( 36.0 - 3y ) * ( 1.0 - 9y ) ) * 4y ) ) ) )
ind: 69
( 53.0 * ( ( 10y - ( ( ( 12.0 - 72.0 ) * 4y ) + 90.0 ) ) + 8x ) )
ind: 70
( ( ( ( 9x * 73.0 ) - 85.0 ) + ( 2x * 8y ) ) * ( 61.0 - ( ( 65.0 + 1x ) + 89.0 ) ) )
ind: 71
( ( 4x - 10y ) + 7x )
ind: 72
( 9x * ( ( 1x + ( 64.0 - ( ( 60.0 * 1.0 ) + 54.0 ) ) ) + 6y ) )
ind: 73
( ( ( 6x + 7x ) - 7y ) - 2y )
ind: 74
( ( 41.0 + 7y ) + ( 3y - 7x ) )
ind: 75
( 75.0 + ( ( ( 8x * 30.0 ) + 7x ) * 4y ) )
ind: 76
( ( 48.0 - ( ( 18.0 - ( 66.0 - 5x ) ) * ( ( ( 2x * 2y ) + ( 79.0 - 37.0 ) ) * ( 5x + 8x ) ) ) ) - ( ( ( ( ( 83.0 * 98.0 ) * ( 74.0 + 3.0 ) ) - 8.0 ) + 1x ) - 61.0 ) )
ind: 77
( ( 3y * ( 14.0 - 6y ) ) + ( ( 27.0 - ( ( ( 7y + 5x ) - 21.0 ) + ( 7y * ( 5x * 97.0 ) ) ) ) * ( ( 6y * ( ( 64.0 + 57.0 ) * ( 2x * 7y ) ) ) - ( ( 83.0 * ( 36.0 * 3x ) ) * ( 9x * 8x ) ) ) ) )
ind: 78
( ( ( ( ( ( 90.0 + 3.0 ) * ( 6y * 23.0 ) ) * 1y ) + 74.0 ) - ( 13.0 + ( 10x - 3y ) ) ) - ( 40.0 * ( 81.0 - ( ( ( 21.0 + 4y ) + 22.0 ) - 10y ) ) ) )
ind: 79
( 73.0 - ( 10.0 * ( ( ( 4x - ( 1x + 2x ) ) * ( 7x + ( 10y - 7x ) ) ) - ( 64.0 - 35.0 ) ) ) )
ind: 80
( ( ( ( ( ( 67.0 * 5.0 ) - ( 9y * 50.0 ) ) * 28.0 ) - ( ( 98.0 + ( 87.0 * 3x ) ) + 49.0 ) ) + ( ( ( ( 43.0 + 9y ) + ( 9x + 6y ) ) - ( ( 2y - 3y ) * ( 97.0 * 74.0 ) ) ) - 30.0 ) ) - ( ( 12.0 - ( ( 38.0 * ( 79.0 - 86.0 ) ) * 7x ) ) - ( ( 10y - 56.0 ) - ( 2x * ( 57.0 - 7x ) ) ) ) )
ind: 81
( 4y - ( 10x * 24.0 ) )
ind: 82
( 3x + ( 98.0 * 2y ) )
ind: 83
( ( ( ( ( ( 25.0 - 2y ) - ( 50.0 * 5x ) ) * ( 7y - ( 51.0 - 10x ) ) ) - ( ( ( 62.0 + 6y ) - 7y ) + 73.0 ) ) * ( 5x - 3y ) ) - ( 8x + ( ( 1x + ( ( 2y + 1x ) + 6y ) ) - 1x ) ) )
ind: 84
( ( 10y * ( 3x - 3y ) ) * 37.0 )
ind: 85
( 5x + ( 99.0 + 9y ) )
ind: 86
( ( 6y - ( 45.0 * 3x ) ) * ( ( 18.0 - ( 9x - 5y ) ) * ( 93.0 - 1y ) ) )
ind: 87
( ( ( ( ( ( 5x - 17.0 ) + 6x ) + ( ( 6x + 92.0 ) + 2x ) ) * ( 4y + 10.0 ) ) * 84.0 ) * 56.0 )
ind: 88
( 43.0 - ( ( ( ( 45.0 * ( 8y - 4y ) ) * 4x ) * 56.0 ) + ( ( ( ( 9y * 3y ) + 20.0 ) + 58.0 ) + ( 1y - ( ( 4y - 8y ) * ( 9y + 59.0 ) ) ) ) ) )
ind: 89
( ( ( 9y - ( 8x - ( ( 1x * 95.0 ) - 7y ) ) ) + 37.0 ) - 18.0 )
ind: 90
( ( 2y + 18.0 ) * ( ( ( ( ( 10y + 5.0 ) * 76.0 ) * ( ( 6x * 6y ) * 85.0 ) ) * ( 10y + ( 92.0 + ( 7x - 85.0 ) ) ) ) + ( ( 6y * ( ( 7y - 26.0 ) - 8x ) ) + 82.0 ) ) )
ind: 91
( 94.0 + ( ( ( ( 7y + 6.0 ) - ( ( 5y - 50.0 ) + ( 6y + 54.0 ) ) ) - ( 94.0 * 34.0 ) ) + ( ( 9y + 10x ) - 57.0 ) ) )
ind: 92
( ( 13.0 - 51.0 ) + ( ( ( 42.0 + ( 2y * ( 57.0 + 23.0 ) ) ) - 7x ) - 7y ) )
ind: 93
( ( 5x + ( ( 2y * 3x ) + ( 65.0 - 88.0 ) ) ) * ( ( ( 3y * 3x ) - ( ( ( 7x * 23.0 ) + 41.0 ) - ( 21.0 + 48.0 ) ) ) + 4x ) )
ind: 94
( 1x - 7y )
ind: 95
( ( 84.0 * ( ( ( 4x + 20.0 ) * ( 3y * ( 54.0 * 8y ) ) ) * 85.0 ) ) - ( ( 59.0 + 2x ) * ( 93.0 - ( ( ( 71.0 + 1y ) - ( 8x - 82.0 ) ) - 1.0 ) ) ) )
ind: 96
( 6y - ( ( ( 15.0 - 43.0 ) - 1x ) - ( 10x * 9y ) ) )
ind: 97
( ( ( ( ( ( 2y + 8y ) * ( 15.0 - 6x ) ) + ( ( 3x + 6y ) * ( 10x + 9x ) ) ) - 7y ) + 8x ) - ( 6y + ( ( 16.0 - 97.0 ) + ( ( ( 68.0 - 8y ) + ( 6y * 7y ) ) * 6x ) ) ) )
ind: 98
( ( ( 94.0 * 5x ) - ( ( 88.0 * ( ( 7x - 46.0 ) * 3y ) ) + ( 8x - 33.0 ) ) ) * 9x )
ind: 99
( 1y * 9x )
ind: 100
( 94.0 + ( ( 3x + 8x ) - ( 82.0 * ( ( 62.0 * 31.0 ) * ( ( 21.0 - 1y ) + 1y ) ) ) ) )
ind: 101
( ( ( ( ( 1y - 9y ) * ( 9y + 9x ) ) + 84.0 ) - 3.0 ) + 8y )
ind: 102
( ( ( ( 96.0 + 43.0 ) * 46.0 ) * ( ( 86.0 + ( ( 94.0 - 8y ) * ( 8x * 4x ) ) ) * ( 3y + 23.0 ) ) ) * 10y )
ind: 103
( 5x * ( ( 72.0 - 8x ) - ( ( ( ( 48.0 + 9y ) + 15.0 ) * 65.0 ) * 22.0 ) ) )
ind: 104
( ( 5.0 * ( 9x * ( 3x * 44.0 ) ) ) - 5y )
ind: 105
( 94.0 - ( ( 8y + ( 91.0 * ( 5x + ( 52.0 * 8y ) ) ) ) * ( ( 86.0 * 1y ) * 8y ) ) )
ind: 106
( 5x - 4y )
ind: 107
( ( ( ( ( ( 4y - 33.0 ) + ( 63.0 + 40.0 ) ) * 5y ) * 58.0 ) - ( 2y + ( 6y - 30.0 ) ) ) * ( ( ( 37.0 + 96.0 ) - 75.0 ) * 9x ) )
ind: 108
( 93.0 - ( 17.0 - ( ( ( 1y - ( 5y - 7y ) ) + ( 6x * 93.0 ) ) - 1x ) ) )
ind: 109
( ( ( ( 2y * ( 46.0 * 74.0 ) ) * ( ( 22.0 - ( 50.0 - 2.0 ) ) - ( 44.0 - ( 1x + 1x ) ) ) ) * 57.0 ) - ( ( 1y * ( 88.0 - ( ( 3y * 1x ) + ( 89.0 - 1y ) ) ) ) - 8x ) )
ind: 110
( 9y - ( 3x - ( ( ( 46.0 + 38.0 ) * 9x ) * ( 62.0 - ( ( 10x - 72.0 ) + ( 11.0 + 7x ) ) ) ) ) )
ind: 111
( ( 6x * ( ( ( ( 10y * 2y ) - ( 42.0 * 6x ) ) - 94.0 ) * ( ( 3y - ( 4x + 9x ) ) * ( ( 11.0 * 65.0 ) * 10y ) ) ) ) + ( ( ( ( ( 4x - 7y ) - ( 2x + 35.0 ) ) + 2x ) * 99.0 ) + ( 8x * 8x ) ) )
ind: 112
( ( ( 76.0 - 90.0 ) - ( 77.0 + 80.0 ) ) + ( ( 1y - ( 1x * 10.0 ) ) - 79.0 ) )
ind: 113
( ( 10x * ( 10y - 37.0 ) ) * 5x )
ind: 114
( ( 24.0 * 9y ) - ( 7y - 7x ) )
ind: 115
( 73.0 * ( ( ( 3x + 6y ) + 4y ) * ( ( ( ( 8y - 2y ) - ( 4y * 21.0 ) ) + ( 8y * ( 54.0 * 85.0 ) ) ) + ( 50.0 - 54.0 ) ) ) )
ind: 116
( 47.0 - ( ( 2x + ( 10y + 8.0 ) ) + 8x ) )
ind: 117
( ( ( ( 12.0 - 9x ) - ( ( 8x - 1y ) * 3x ) ) - ( ( ( 8x - ( 50.0 + 36.0 ) ) * 2x ) * ( 45.0 + 9y ) ) ) + ( 9y + 14.0 ) )
ind: 118
( 65.0 + ( ( ( ( 3y + ( 2x * 4.0 ) ) + 45.0 ) + 6y ) + 59.0 ) )
ind: 119
( ( ( 98.0 * ( ( ( 78.0 + 8x ) - 2x ) + ( 68.0 - 6y ) ) ) - 8y ) * ( ( ( ( ( 8y + 56.0 ) + 2y ) * 3y ) - ( ( ( 9x * 4y ) - ( 92.0 * 24.0 ) ) - 45.0 ) ) + ( ( ( ( 15.0 - 19.0 ) + ( 25.0 * 5y ) ) * ( 37.0 + 59.0 ) ) - 21.0 ) ) )
ind: 120
( ( ( 94.0 * 10y ) + ( ( ( ( 3y * 19.0 ) - ( 77.0 + 7y ) ) + ( ( 58.0 * 92.0 ) - ( 94.0 - 80.0 ) ) ) - ( 6y * 9x ) ) ) * 20.0 )
ind: 121
( 4y * ( 2y * 3x ) )
ind: 122
( ( 93.0 - ( ( 9y * 1y ) - 91.0 ) ) + ( ( 1y + 10x ) + 8x ) )
ind: 123
( ( ( 7.0 + 17.0 ) * 6x ) - 10y )
ind: 124
( ( ( 9x * ( ( ( 2x * 6y ) + ( 12.0 - 21.0 ) ) * 10x ) ) - ( 7.0 - 7y ) ) - 7y )
ind: 125
( 3y * 5x )
ind: 126
( 9x + ( ( 49.0 - ( ( 1x + ( 15.0 + 75.0 ) ) * ( 1x * 7y ) ) ) * ( ( ( 4x * ( 89.0 - 8x ) ) * 8x ) * ( 2x * 48.0 ) ) ) )
ind: 127
( ( 8y + 54.0 ) - ( ( ( 4x - 4x ) * 7y ) - ( 100.0 - ( ( ( 8y + 16.0 ) - 6x ) + ( 6.0 + ( 10y + 3x ) ) ) ) ) )
ind: 128
( 96.0 - ( ( ( 4y - 85.0 ) + ( 96.0 - ( 5x - 23.0 ) ) ) - ( 7x - ( ( ( 1x * 2x ) * 9x ) - ( 5y * 46.0 ) ) ) ) )
ind: 129
( ( 7x - 2.0 ) - 6y )
ind: 130
( ( 1x * 3x ) + ( ( 55.0 * ( 93.0 + 5y ) ) - 8x ) )
ind: 131
( ( 8x * ( 4y - ( 31.0 * 3.0 ) ) ) + 9x )
ind: 132
( ( ( ( ( 55.0 - 3y ) - 84.0 ) - ( ( 5y + ( 36.0 - 43.0 ) ) + 5x ) ) - 69.0 ) - 54.0 )
ind: 133
( ( ( ( ( ( 73.0 + 25.0 ) + ( 100.0 * 7x ) ) + 3.0 ) - ( ( ( 4x + 1y ) + ( 3.0 + 57.0 ) ) * ( 1x - 24.0 ) ) ) * 10x ) + 10x )
ind: 134
( ( 10x * 8y ) + ( ( 34.0 + ( ( 5.0 - ( 10y - 3y ) ) - ( 8y + ( 1y - 2x ) ) ) ) - 24.0 ) )
ind: 135
( ( ( ( 28.0 - ( ( 9.0 * 32.0 ) - 7y ) ) + ( ( 25.0 * ( 14.0 * 5y ) ) * ( 49.0 * 74.0 ) ) ) - 7.0 ) * 7x )
ind: 136
( ( 7x + ( 1y * ( 9y - 7.0 ) ) ) * ( ( ( 90.0 + ( 98.0 + ( 1x - 5x ) ) ) - ( ( 53.0 * 6x ) * ( ( 10x + 8.0 ) + ( 3y + 3x ) ) ) ) - ( ( 55.0 - 5y ) + ( 2x - ( 7x * 3y ) ) ) ) )
ind: 137
( 15.0 + ( ( ( ( 5y - 62.0 ) * ( ( 6x * 54.0 ) + 21.0 ) ) * 11.0 ) * 50.0 ) )
ind: 138
( 84.0 - ( 4x * ( ( ( ( 2x * 8y ) + 49.0 ) - ( ( 89.0 * 51.0 ) - ( 4y * 3y ) ) ) + ( 9x * 40.0 ) ) ) )
ind: 139
( 1x - ( 9y - 8y ) )
ind: 140
( ( ( 6x + 10x ) * 77.0 ) - ( ( ( ( 79.0 - ( 93.0 - 44.0 ) ) - ( ( 86.0 + 57.0 ) + 96.0 ) ) - ( ( ( 62.0 * 8.0 ) - ( 7x + 96.0 ) ) + ( 5y * 40.0 ) ) ) + ( ( ( 62.0 * 74.0 ) + ( ( 90.0 + 86.0 ) + 3x ) ) + 45.0 ) ) )
ind: 141
( 4x - 5y )
ind: 142
( ( ( ( ( 2y * 1x ) - ( 77.0 * 19.0 ) ) * ( ( ( 36.0 - 51.0 ) * ( 41.0 + 4x ) ) + ( 3y + 6.0 ) ) ) + 1y ) * ( 48.0 * 46.0 ) )
ind: 143
( 98.0 + ( ( ( 79.0 * ( 67.0 + ( 22.0 - 64.0 ) ) ) - 25.0 ) * ( 10x * 2y ) ) )
ind: 144
( ( 5y * ( ( ( 3.0 * 66.0 ) * ( 5y * ( 9y * 9x ) ) ) * ( ( 5y * ( 40.0 + 2x ) ) + 2x ) ) ) - 83.0 )
ind: 145
( 5x + ( ( ( ( ( 1x - 1y ) + 4y ) - 6.0 ) + ( 69.0 - ( 6y - ( 8x - 8x ) ) ) ) + 1y ) )
ind: 146
( 69.0 - ( ( ( ( ( 3.0 * 38.0 ) + ( 6.0 * 9x ) ) - ( 8y + 3y ) ) + 3y ) + ( 6y + ( ( 2x * ( 7y + 81.0 ) ) * 9x ) ) ) )
ind: 147
( ( ( ( 6y * 88.0 ) * 3x ) - 9x ) - ( ( ( 26.0 * ( ( 1y + 4x ) + ( 10x + 23.0 ) ) ) - ( 32.0 - ( 98.0 + 90.0 ) ) ) - 9y ) )
ind: 148
( ( 84.0 + 10y ) - ( 11.0 + 2x ) )
ind: 149
( 9x * 4y )
ind: 150
( ( ( ( 8x + ( ( 11.0 - 6y ) + ( 61.0 * 9y ) ) ) + ( ( 2y * ( 2y * 26.0 ) ) - 90.0 ) ) * ( ( ( ( 8x - 22.0 ) + 82.0 ) - 3y ) - 80.0 ) ) * 3x )
ind: 151
( 79.0 + ( ( ( 1y * 100.0 ) - ( 21.0 * ( ( 10y * 4y ) * 1y ) ) ) * 1x ) )
ind: 152
( ( ( ( ( 4y * ( 1y + 9y ) ) - 61.0 ) - 1x ) * 65.0 ) * ( ( ( 10y - ( ( 10x * 86.0 ) + ( 87.0 * 91.0 ) ) ) * ( 8x - ( ( 9y - 18.0 ) * ( 22.0 - 6x ) ) ) ) * ( 85.0 + ( ( 16.0 - 3y ) + 2x ) ) ) )
ind: 153
( 10x * ( ( 9x * ( 67.0 + ( 98.0 * ( 4.0 - 74.0 ) ) ) ) - ( ( ( 64.0 + ( 77.0 * 5y ) ) * ( 10y * ( 68.0 - 8x ) ) ) - ( ( 79.0 * ( 21.0 - 5.0 ) ) * 37.0 ) ) ) )
ind: 154
( ( 80.0 + ( ( ( 92.0 - ( 74.0 + 89.0 ) ) - 6x ) - ( ( ( 5x - 3y ) + ( 54.0 + 2x ) ) - ( ( 17.0 * 10y ) * ( 1x * 13.0 ) ) ) ) ) - 16.0 )
ind: 155
( ( ( ( ( 10x + 9y ) * ( ( 82.0 + 69.0 ) + 5.0 ) ) - ( ( ( 78.0 * 87.0 ) - 9y ) + 2x ) ) * 95.0 ) + 39.0 )
ind: 156
( 100.0 - ( ( 17.0 - 6.0 ) + ( ( ( 3x * 5x ) * ( 66.0 - ( 2y + 10y ) ) ) + ( 90.0 - 10x ) ) ) )
ind: 157
( ( 1y * 6y ) + ( ( 41.0 + 60.0 ) + ( 9x - 4x ) ) )
ind: 158
( ( ( 2.0 * ( 5x - 15.0 ) ) * ( 8x * 2y ) ) - 47.0 )
ind: 159
( ( ( ( ( ( 1y + 1x ) + 94.0 ) * 8.0 ) * 2y ) - ( ( 10x - 3x ) * 40.0 ) ) - 90.0 )
ind: 160
( ( 15.0 - ( 7y + 2x ) ) * ( ( ( ( 55.0 - 54.0 ) * 1y ) + ( ( 46.0 * 19.0 ) * 6y ) ) + 5y ) )
ind: 161
( ( ( 75.0 - ( 95.0 + ( 1x * ( 1x + 3y ) ) ) ) * 35.0 ) * 48.0 )
ind: 162
( ( 6x - ( 1x * ( ( ( 1.0 - 60.0 ) - ( 90.0 * 60.0 ) ) - ( ( 9y - 7x ) + 87.0 ) ) ) ) - 76.0 )
ind: 163
( ( ( 5y - 10y ) - 3y ) + ( ( ( ( ( 82.0 + 9y ) + 3y ) * 5y ) * ( 5x + 5y ) ) * 30.0 ) )
ind: 164
( ( ( ( ( ( 16.0 - 86.0 ) + ( 2y + 10.0 ) ) - ( 4x * ( 18.0 + 1y ) ) ) + ( ( ( 13.0 * 9x ) + 5x ) * ( 2y + 7y ) ) ) + 1y ) + ( 71.0 - ( ( ( ( 40.0 - 1x ) - 86.0 ) * 10y ) + ( ( 78.0 * ( 4x - 84.0 ) ) + ( ( 8x * 41.0 ) - ( 3y * 50.0 ) ) ) ) ) )
ind: 165
( ( ( ( 4x - ( 98.0 * 49.0 ) ) * 35.0 ) + ( 89.0 + ( 1x - ( 8y * 5.0 ) ) ) ) - ( ( ( 3.0 - 4y ) - 60.0 ) - ( 85.0 - ( ( 93.0 - 83.0 ) - ( 9x * 14.0 ) ) ) ) )
ind: 166
( 6y + ( 8x * ( ( 51.0 - 85.0 ) - ( 6x * ( 47.0 - 3x ) ) ) ) )
ind: 167
( ( ( ( 4y - ( 91.0 - ( 78.0 + 3x ) ) ) * 5y ) - ( ( ( ( 58.0 * 71.0 ) - 64.0 ) - 21.0 ) - 9x ) ) * ( 34.0 * 9y ) )
ind: 168
( 50.0 * ( ( ( ( ( 30.0 * 1y ) + 3x ) * 96.0 ) * 7y ) - 96.0 ) )
ind: 169
( ( ( ( 2x - 9.0 ) * 11.0 ) + 9y ) * ( ( ( ( ( 53.0 + 72.0 ) + ( 45.0 + 2y ) ) * ( ( 2x - 62.0 ) - 76.0 ) ) - 1y ) - 53.0 ) )
ind: 170
( ( ( ( ( ( 81.0 + 95.0 ) + 89.0 ) * 76.0 ) - ( ( ( 4y + 10y ) * ( 7y * 6x ) ) * 20.0 ) ) - ( ( ( 15.0 * 70.0 ) * ( 82.0 * ( 9y + 1.0 ) ) ) - ( ( 3y * ( 5.0 - 4y ) ) + ( ( 58.0 - 8y ) - ( 10x - 74.0 ) ) ) ) ) * ( 54.0 + 19.0 ) )
ind: 171
( ( ( ( 39.0 + ( 7.0 + ( 18.0 * 9x ) ) ) * ( 7y - 9y ) ) + ( 4x + 64.0 ) ) - 1x )
ind: 172
( ( ( 86.0 - 9x ) - 85.0 ) * 9y )
ind: 173
( ( ( ( 56.0 - 10x ) * ( 10.0 + 30.0 ) ) + ( ( ( ( 96.0 - 29.0 ) * ( 1x * 45.0 ) ) * 21.0 ) - ( ( 7y + 8y ) + 94.0 ) ) ) * 3x )
ind: 174
( ( 45.0 * ( ( 2x - ( 68.0 * 48.0 ) ) * 94.0 ) ) + ( ( ( 83.0 + 7y ) * 8x ) - ( ( ( 7x + ( 17.0 - 1y ) ) + 2y ) + 2x ) ) )
ind: 175
( ( ( ( 1x * ( 6y + 69.0 ) ) - 3y ) + ( 4x - 1y ) ) - 8y )
ind: 176
( 2y - 2x )
ind: 177
( ( 2.0 + ( 82.0 * 2x ) ) + 4y )
ind: 178
( 3x + 7y )
ind: 179
( 1y * ( ( ( 1x - ( 5y * ( 4x - 75.0 ) ) ) * 87.0 ) - 86.0 ) )
ind: 180
( ( 22.0 - 34.0 ) * ( 32.0 * ( ( 5x * ( ( 6x - 5x ) * ( 8y * 7x ) ) ) + 47.0 ) ) )
ind: 181
( ( ( 1x - ( ( 7x + ( 6x * 4y ) ) * 7y ) ) * ( 7x * ( 73.0 - ( 48.0 - 6y ) ) ) ) * ( 10x * ( 65.0 - ( ( ( 4y + 56.0 ) - ( 18.0 + 37.0 ) ) * 84.0 ) ) ) )
ind: 182
( ( ( 1.0 + ( 4x - 9y ) ) * ( 89.0 * 8.0 ) ) * 8y )
ind: 183
( ( ( ( 73.0 + 73.0 ) - 10y ) * ( ( ( 6x - 66.0 ) + 92.0 ) * ( ( 79.0 * ( 60.0 * 26.0 ) ) - 93.0 ) ) ) + ( 2y + ( 23.0 - 85.0 ) ) )
ind: 184
( 5x - ( 23.0 * 5y ) )
ind: 185
( 9x - 8y )
ind: 186
( ( ( ( ( ( 5.0 - 20.0 ) - 5x ) + 1x ) * ( 21.0 * ( 35.0 + 3x ) ) ) + ( ( 7y - 16.0 ) - ( ( ( 5x + 6y ) + 6.0 ) - ( ( 35.0 * 6x ) + ( 1x * 72.0 ) ) ) ) ) - 96.0 )
ind: 187
( 1y * ( ( 1y - ( ( 59.0 - ( 4x + 73.0 ) ) + ( ( 91.0 - 4y ) + 36.0 ) ) ) + ( ( 19.0 + ( 93.0 * ( 4.0 * 1y ) ) ) + 95.0 ) ) )
ind: 188
( ( ( ( ( 8x + 3y ) - 95.0 ) + ( 22.0 * ( 6x * ( 17.0 + 4y ) ) ) ) - 59.0 ) * ( 7y * ( ( 5x - ( ( 84.0 * 42.0 ) - 65.0 ) ) - 98.0 ) ) )
ind: 189
( ( 51.0 - ( ( 72.0 + ( 48.0 - 10y ) ) - ( ( ( 10.0 + 10x ) + ( 100.0 + 6y ) ) - ( ( 53.0 - 93.0 ) - 92.0 ) ) ) ) + ( 6x - 78.0 ) )
ind: 190
( 25.0 + ( ( ( 7y + 9.0 ) + 1y ) - ( ( ( 2.0 * ( 8y - 1x ) ) - ( ( 64.0 + 5x ) + 8.0 ) ) + ( ( 81.0 + ( 44.0 * 3x ) ) - 61.0 ) ) ) )
ind: 191
( 8y * ( ( ( 67.0 + ( 19.0 * 3x ) ) - 61.0 ) * 3y ) )
ind: 192
( ( ( 33.0 - ( 9y * 1.0 ) ) * ( ( ( ( 1y - 53.0 ) - 10y ) * ( ( 7x + 13.0 ) * ( 3y - 100.0 ) ) ) - 68.0 ) ) * ( 80.0 * ( 87.0 - ( 2x + ( ( 53.0 + 2y ) - ( 21.0 + 7y ) ) ) ) ) )
ind: 193
( ( ( ( ( 75.0 * 8.0 ) + ( 6y + 43.0 ) ) - ( ( 2y * 8y ) + ( ( 6x - 23.0 ) - ( 4x + 33.0 ) ) ) ) + ( 4y - ( 7y * ( ( 2.0 - 35.0 ) * ( 6x * 8y ) ) ) ) ) + ( ( 5y * 2y ) + 15.0 ) )
ind: 194
( ( ( ( 5x + ( ( 6x + 1y ) + ( 8x * 6.0 ) ) ) - 6y ) + 4y ) * 42.0 )
ind: 195
( 86.0 - ( ( 24.0 + 8x ) * 7y ) )
ind: 196
( 76.0 - ( ( ( 45.0 - ( ( 4x + 1y ) - 9y ) ) + 59.0 ) - 53.0 ) )
ind: 197
( ( ( 91.0 * ( 90.0 + 71.0 ) ) - ( 8x * 1.0 ) ) - 10y )
ind: 198
( 1y - ( ( 54.0 * 49.0 ) + ( ( 66.0 - ( ( 17.0 - 4x ) - ( 7y + 53.0 ) ) ) - ( ( ( 54.0 + 9y ) * 8y ) - ( 2x * 2x ) ) ) ) )
ind: 199
( ( ( ( 8x - 52.0 ) * ( 3y + 79.0 ) ) * 82.0 ) - ( ( ( 3y + 30.0 ) * ( ( 2x * 3y ) - 46.0 ) ) * 4y ) )
ind: 200
( ( 10y * ( ( 1x + 9x ) * 7x ) ) * ( 72.0 - ( 3y * 3x ) ) )
ind: 201
( ( ( ( 5y - 5x ) * ( 5y + 10x ) ) - 29.0 ) - ( 36.0 - ( ( ( 66.0 + 10x ) + 4x ) - 4.0 ) ) )
ind: 202
( ( ( ( ( ( 10y * 7y ) - ( 7y + 4x ) ) + ( 16.0 + ( 2x - 72.0 ) ) ) * 78.0 ) + ( 85.0 + 12.0 ) ) + ( ( 4.0 + 7y ) + 37.0 ) )
ind: 203
( ( 3x * ( ( ( 3y - 9x ) * 97.0 ) * 30.0 ) ) - ( 6x - ( 5y * 69.0 ) ) )
ind: 204
( 76.0 + ( 5y - ( 3x + ( 7x - ( ( 40.0 + 24.0 ) - 66.0 ) ) ) ) )
ind: 205
( ( ( ( 10y + 3y ) * ( 34.0 * 95.0 ) ) * ( 9x * ( 2x * 90.0 ) ) ) + ( 10x + ( ( 92.0 * ( 10y * 56.0 ) ) * 54.0 ) ) )
ind: 206
( ( ( ( ( ( 8x - 94.0 ) - 8x ) + ( 93.0 + ( 3y + 6x ) ) ) + 63.0 ) * 2y ) + 46.0 )
ind: 207
( ( ( ( 2y * 15.0 ) * ( ( ( 33.0 + 7x ) + ( 5.0 + 8y ) ) * 4y ) ) + 6x ) * 85.0 )
ind: 208
( 5y * ( ( 7x * ( 12.0 * ( 32.0 - 9y ) ) ) - ( 18.0 - ( 52.0 + ( ( 93.0 * 44.0 ) - ( 52.0 + 11.0 ) ) ) ) ) )
ind: 209
( 5x * 6y )
ind: 210
( 8y - ( 6x + 14.0 ) )
ind: 211
( 57.0 * ( 5x + ( 20.0 + ( ( 5y + 45.0 ) - ( ( 32.0 * 16.0 ) - 33.0 ) ) ) ) )
ind: 212
( ( ( ( 3.0 * 8x ) + 6y ) * ( ( ( 9x + 2y ) * 65.0 ) * ( ( 33.0 - 21.0 ) * 2.0 ) ) ) - ( 87.0 - ( ( ( ( 5y - 2x ) - 6x ) - 16.0 ) - ( ( 31.0 * ( 6y * 94.0 ) ) * 99.0 ) ) ) )
ind: 213
( 8x * 9y )
ind: 214
( ( 8y - ( ( 2y + 1x ) * ( 89.0 + ( ( 78.0 - 5x ) * ( 8y - 35.0 ) ) ) ) ) + ( 8y - ( ( 6y * ( ( 10y + 39.0 ) - 8y ) ) * ( 51.0 - 77.0 ) ) ) )
ind: 215
( 4y - 3x )
ind: 216
( ( 2x - 3y ) + 7x )
ind: 217
( 8y * 9x )
ind: 218
( ( ( 2x + ( 18.0 - ( 4y - ( 7y - 4x ) ) ) ) - 3y ) + 81.0 )
ind: 219
( ( 9y + ( 95.0 * ( 22.0 * ( 24.0 * ( 41.0 + 84.0 ) ) ) ) ) * ( ( ( 9x + 1y ) * ( ( 7x * 63.0 ) + ( 92.0 + ( 5x - 3x ) ) ) ) * ( 9y - 84.0 ) ) )
ind: 220
( 9x + 6y )
ind: 221
( ( ( 3x - 2x ) + ( 18.0 + ( 1y + 35.0 ) ) ) * 9x )
ind: 222
( 10x - ( ( ( ( ( 46.0 - 45.0 ) * ( 5x * 98.0 ) ) * ( 3y * ( 3x - 1x ) ) ) - ( ( ( 8.0 * 54.0 ) + ( 75.0 + 50.0 ) ) * ( 4y * ( 6x + 73.0 ) ) ) ) + ( ( 3y + 2x ) * 60.0 ) ) )
ind: 223
( ( ( ( ( 35.0 * ( 8y - 7x ) ) + 85.0 ) - 10x ) + 9y ) + ( ( 58.0 - 7y ) + 9x ) )
ind: 224
( ( 97.0 * ( 9x * 1y ) ) * 95.0 )
ind: 225
( ( 9y * ( 87.0 - ( 7y - ( ( 7x * 5x ) + ( 77.0 + 1y ) ) ) ) ) * ( ( 81.0 - 9y ) - ( ( 10y - ( 7y - ( 6y - 5y ) ) ) - 43.0 ) ) )
ind: 226
( 1y - ( 3x - 9x ) )
ind: 227
( ( ( 2y + 98.0 ) + 99.0 ) + 1x )
ind: 228
( ( ( 1x + ( ( 8.0 * 5x ) * ( ( 92.0 * 67.0 ) - ( 81.0 * 10y ) ) ) ) - ( 6y - 30.0 ) ) * ( ( ( 3y + ( 4y * ( 9y + 80.0 ) ) ) - 5x ) * ( 3x * 4x ) ) )
ind: 229
( ( ( ( 99.0 * 2x ) - ( ( ( 79.0 + 19.0 ) * ( 9y * 60.0 ) ) * ( 90.0 + ( 5.0 - 5y ) ) ) ) * 39.0 ) + ( 80.0 - 4y ) )
ind: 230
( ( ( ( 27.0 + 100.0 ) * ( 8y - ( ( 8y * 52.0 ) * ( 62.0 + 95.0 ) ) ) ) + 2x ) * ( ( ( 5x * 71.0 ) * ( 2x * ( 4y - ( 48.0 - 3x ) ) ) ) + 9.0 ) )
ind: 231
( 5x * 10y )
ind: 232
( ( ( 5x + ( ( ( 72.0 + 2y ) - ( 9x + 7y ) ) - ( ( 15.0 * 9y ) * ( 21.0 * 21.0 ) ) ) ) * 19.0 ) + ( ( 39.0 - 93.0 ) - ( 7y - 6x ) ) )
ind: 233
( 40.0 - ( 5x + ( 5x - ( 2y + 70.0 ) ) ) )
ind: 234
( ( ( ( ( 22.0 - ( 5y + 5x ) ) + ( ( 23.0 * 2x ) + 1y ) ) + 95.0 ) - ( 86.0 - ( ( 6x - ( 57.0 + 86.0 ) ) + 5x ) ) ) * 2y )
ind: 235
( ( 34.0 - ( 77.0 + ( 6x - ( ( 3y - 47.0 ) * ( 8y + 17.0 ) ) ) ) ) - ( ( ( ( 68.0 * 93.0 ) * 9y ) - ( ( 67.0 - ( 87.0 - 3y ) ) * ( 99.0 * 9.0 ) ) ) * ( ( 65.0 + 3x ) + ( 77.0 * ( 10y - 8y ) ) ) ) )
ind: 236
( 9y - ( ( ( 50.0 - ( ( 92.0 + 51.0 ) + 7y ) ) - 7x ) + 71.0 ) )
ind: 237
( ( ( ( 5x - ( ( 15.0 - 94.0 ) - ( 43.0 * 14.0 ) ) ) - ( ( ( 67.0 - 6y ) * 75.0 ) * 5x ) ) + 15.0 ) * 4.0 )
ind: 238
( 4x * ( 24.0 - ( ( ( 27.0 * 99.0 ) * ( ( 72.0 * 2x ) - ( 2y - 9y ) ) ) + 55.0 ) ) )
ind: 239
( ( 1y + 3x ) + ( ( 10x + ( ( 10y - 8x ) * ( ( 44.0 + 48.0 ) + ( 100.0 - 66.0 ) ) ) ) * ( 100.0 + ( ( 4x + 7y ) - 4x ) ) ) )
ind: 240
( 65.0 + ( 19.0 * ( ( ( 1x * 23.0 ) + ( 68.0 - 8y ) ) * ( ( ( 29.0 * 2y ) * 56.0 ) - ( ( 63.0 - 63.0 ) - 63.0 ) ) ) ) )
ind: 241
( 7.0 + ( 6x + 6y ) )
ind: 242
( 1x * ( 6y + 8y ) )
ind: 243
( ( ( 13.0 * ( ( 21.0 * 10.0 ) - ( ( 5y + 47.0 ) * ( 18.0 * 7y ) ) ) ) * 5x ) + 67.0 )
ind: 244
( ( ( 88.0 * ( 2x - ( 8y - ( 3x + 1y ) ) ) ) - 3.0 ) - 80.0 )
ind: 245
( ( 82.0 - ( 6y - 8y ) ) * ( 4x * ( 93.0 - ( ( 82.0 - ( 5x * 1x ) ) - ( ( 9x * 53.0 ) - ( 90.0 - 59.0 ) ) ) ) ) )
ind: 246
( 6y + 1x )
ind: 247
( ( ( 50.0 - 4x ) - ( ( ( 4y + 88.0 ) - 68.0 ) * 2x ) ) * 3x )
ind: 248
( ( ( 4x + ( 5x - 70.0 ) ) + 4y ) + ( 8x - 8y ) )
ind: 249
( ( ( 6y * ( 10x + ( ( 28.0 - 5x ) - 3y ) ) ) + ( ( 9y * ( ( 2x * 72.0 ) + ( 2y + 5y ) ) ) + ( 91.0 - ( ( 7x + 9x ) * 49.0 ) ) ) ) - ( ( ( 10x + ( 59.0 + ( 78.0 + 10x ) ) ) + ( 87.0 + 9y ) ) * ( 5x - 1x ) ) )
ind: 250
( 40.0 * ( 23.0 + ( ( ( ( 4y + 45.0 ) - ( 4y - 5x ) ) - ( ( 15.0 + 90.0 ) + ( 4y * 5x ) ) ) - ( 25.0 - 6x ) ) ) )
ind: 251
( 1y * ( ( 80.0 + ( 63.0 - 7x ) ) - ( ( ( ( 66.0 * 8x ) * 86.0 ) * ( 2y + ( 4x - 30.0 ) ) ) * 65.0 ) ) )
ind: 252
( 7x + ( 8x * ( 57.0 + 10y ) ) )
ind: 253
( ( ( ( ( 77.0 - 90.0 ) * ( 3y + ( 3x + 5y ) ) ) - 33.0 ) + ( ( ( ( 5y + 15.0 ) - ( 4x * 9y ) ) + 1y ) - 3y ) ) - 10y )
ind: 254
( 9x + 10y )
ind: 255
( ( ( 13.0 - ( 8.0 * ( 4x + ( 3y * 47.0 ) ) ) ) * 28.0 ) + ( ( 29.0 + 68.0 ) + 10x ) )
ind: 256
( ( ( 3x * 2y ) + 32.0 ) - ( 10y * ( ( 18.0 + ( 8.0 * 8x ) ) * 53.0 ) ) )
ind: 257
( 2x + ( ( ( 9x - ( 8y + 13.0 ) ) - ( 89.0 - 11.0 ) ) - 1x ) )
ind: 258
( 6y - ( 9x * 10x ) )
ind: 259
( ( 59.0 * 24.0 ) * ( ( 9y * ( 11.0 * 6y ) ) * ( ( 84.0 + ( ( 7y * 28.0 ) - ( 15.0 * 28.0 ) ) ) - 2x ) ) )
ind: 260
( ( 84.0 + 2x ) - 10y )
ind: 261
( 13.0 - ( 4y - ( ( 2.0 + ( 22.0 * 5y ) ) * ( ( 6x - ( 6x * 3x ) ) - ( 4y + 82.0 ) ) ) ) )
ind: 262
( ( ( ( ( ( 1x - 3y ) + ( 58.0 * 8y ) ) + ( ( 1y - 3y ) + ( 8x - 95.0 ) ) ) - 5y ) - ( 3x - 3x ) ) - ( 10x * 26.0 ) )
ind: 263
( 96.0 + ( ( 2y * ( ( ( 4x + 8x ) * 3y ) + ( ( 23.0 + 2x ) - 3x ) ) ) * 4y ) )
ind: 264
( ( ( ( 1y * 5.0 ) - ( 6x * ( 4y - 6x ) ) ) + 2x ) + 8x )
ind: 265
( ( ( ( ( 1y * 61.0 ) + 77.0 ) - ( ( ( 1x - 33.0 ) + 7x ) - 98.0 ) ) * ( 92.0 * 9y ) ) * 3x )
ind: 266
( ( 62.0 + 4y ) * 10x )
ind: 267
( ( ( ( 2y - ( 8y * 10.0 ) ) - ( 2x + ( ( 2y - 4x ) - ( 1y * 4y ) ) ) ) - ( ( 24.0 + 8x ) * ( 10.0 * 3x ) ) ) + ( 56.0 + ( ( ( ( 1x * 38.0 ) * ( 47.0 * 15.0 ) ) + ( ( 6y - 2x ) + 8.0 ) ) - 88.0 ) ) )
ind: 268
( ( ( ( ( ( 93.0 * 5y ) * ( 89.0 * 66.0 ) ) * ( 1y - ( 43.0 * 49.0 ) ) ) + ( ( ( 40.0 + 8y ) + 4y ) * 4x ) ) * ( 68.0 * 9x ) ) - 11.0 )
ind: 269
( ( ( ( 71.0 + 2y ) * 3x ) * 2x ) + 4x )
ind: 270
( ( 63.0 + ( 10y - 2x ) ) + 9x )
ind: 271
( ( ( 8y * ( 14.0 - ( 61.0 * 99.0 ) ) ) * 8x ) - 87.0 )
ind: 272
( ( 93.0 + 51.0 ) * ( ( 36.0 + ( ( ( 82.0 * 10x ) - 94.0 ) * ( ( 100.0 + 8.0 ) * 7y ) ) ) + 6x ) )
ind: 273
( ( 21.0 + 9x ) - ( ( 36.0 - 10y ) - ( ( ( ( 92.0 - 21.0 ) * 2y ) + 77.0 ) - 10y ) ) )
ind: 274
( ( 99.0 - ( 10y * 32.0 ) ) - 10x )
ind: 275
( ( 8.0 + 10x ) + ( ( ( 1y + 61.0 ) - 3x ) - ( 4x * 2x ) ) )
ind: 276
( 6x * 4y )
ind: 277
( 9y - ( 5x - ( ( ( ( 4x * 5x ) + ( 44.0 + 7.0 ) ) + 4x ) + ( 56.0 - 15.0 ) ) ) )
ind: 278
( 22.0 - ( ( ( ( ( 8y * 56.0 ) * 9x ) - ( ( 92.0 * 19.0 ) + ( 8.0 + 2y ) ) ) * 9y ) - 82.0 ) )
ind: 279
( ( ( 3x - 65.0 ) - ( ( ( ( 4x * 43.0 ) - ( 3y + 2y ) ) - 1y ) + 48.0 ) ) - ( ( 52.0 + 3x ) * 5y ) )
ind: 280
( 100.0 - ( 8x * ( 6y * ( 67.0 - 5x ) ) ) )
ind: 281
( 3y + ( 4x * 52.0 ) )
ind: 282
( ( 9x + ( ( ( 10x * 11.0 ) * ( ( 7y - 3y ) * ( 9y - 96.0 ) ) ) - ( 49.0 * ( 5x - 79.0 ) ) ) ) * ( ( ( ( ( 9x - 82.0 ) + 48.0 ) + 4x ) + 5y ) + 59.0 ) )
ind: 283
( ( 1y - ( 3x + 85.0 ) ) * ( ( ( 4x + ( ( 70.0 + 96.0 ) - 62.0 ) ) + 45.0 ) - ( 46.0 + 2x ) ) )
ind: 284
( 6y - ( 13.0 + 4x ) )
ind: 285
( 7y * ( ( ( 73.0 * ( 48.0 + ( 10x - 1y ) ) ) * 52.0 ) + ( ( 36.0 * ( ( 9x + 2y ) * ( 30.0 * 67.0 ) ) ) + 63.0 ) ) )
ind: 286
( ( 10x - 3y ) * 88.0 )
ind: 287
( 39.0 + ( 4y - ( ( ( ( 32.0 * 7x ) + 8x ) - ( ( 9x + 22.0 ) - ( 6y + 58.0 ) ) ) * ( ( ( 98.0 + 9x ) - 1x ) - ( ( 61.0 + 5x ) * 6x ) ) ) ) )
ind: 288
( 16.0 * ( 87.0 + ( ( ( ( 1.0 * 66.0 ) - 3x ) + 9y ) + 3y ) ) )
ind: 289
( ( 12.0 + ( ( ( 2x - 7y ) - ( ( 6x * 6x ) + 72.0 ) ) * 22.0 ) ) * ( 1x * ( 89.0 * ( 3y + 7y ) ) ) )
ind: 290
( ( ( ( 20.0 - 8x ) - ( ( 5x - 45.0 ) - 9x ) ) * ( ( ( ( 4x + 38.0 ) - 1y ) * 99.0 ) - ( 2y * 6y ) ) ) * 19.0 )
ind: 291
( 7x + ( 3y * 7x ) )
ind: 292
( ( ( ( ( 30.0 + 6y ) - ( 26.0 + 40.0 ) ) - 42.0 ) * ( 1y * 31.0 ) ) - 8x )
ind: 293
( ( ( 16.0 - ( ( ( 46.0 - 6y ) - ( 7x * 6y ) ) - ( 69.0 * ( 9x - 35.0 ) ) ) ) - 19.0 ) + 4x )
ind: 294
( ( 53.0 + ( 6.0 + ( ( 9y + ( 1x + 1y ) ) + ( 2x + 5x ) ) ) ) * ( ( 9.0 + 41.0 ) * ( 5x - ( 1x - ( ( 84.0 * 58.0 ) + ( 10y + 38.0 ) ) ) ) ) )
ind: 295
( ( ( 68.0 - 4y ) * 4x ) * 93.0 )
ind: 296
( ( ( 9y + 1x ) - 35.0 ) + 6y )
ind: 297
( ( 9x * ( ( 5y + ( 8.0 * 8y ) ) + 28.0 ) ) + 8y )
ind: 298
( ( ( 14.0 * 19.0 ) + 1x ) * ( ( 2y - ( ( 10y * 59.0 ) - 10y ) ) - ( 2y + 32.0 ) ) )
ind: 299
( ( 97.0 + ( 48.0 - 26.0 ) ) - ( ( 67.0 + 84.0 ) - ( 8x - ( 68.0 * ( ( 49.0 + 3y ) * 99.0 ) ) ) ) )
ind: 300
( 60.0 - ( 9y + 7x ) )
Best Ind: ( ( ( ( ( ( 100.0 + 49.0 ) + 10y ) - ( ( 9y - 1y ) + ( 5y - 9y ) ) ) * 7x ) - ( ( 91.0 - 3y ) - 9x ) ) - 1y )
Fitness = 31.7890896877
Worst Ind: ( ( 9y + ( 95.0 * ( 22.0 * ( 24.0 * ( 41.0 + 84.0 ) ) ) ) ) * ( ( ( 9x + 1y ) * ( ( 7x * 63.0 ) + ( 92.0 + ( 5x - 3x ) ) ) ) * ( 9y - 84.0 ) ) )
Fitness = 5.28068528276e+13
Avg Fitness = 1.85247330223e+11
Duplicated = 0
============================================================================
Evaluate Gen  1
New Population 414
Better than Dads 29
Best Ind: ( ( ( ( ( ( 100.0 + 49.0 ) + 10y ) - ( ( 9y - 1y ) + ( 5y - 9y ) ) ) * 7x ) - ( ( 91.0 - 3y ) - 9x ) ) - 1y )
Fitness = 31.7890896877
Worst Ind: ( ( 24.0 - 3x ) * ( ( ( 2y * 79.0 ) + 8y ) * 60.0 ) )
Fitness = 474928.999935
Avg Fitness = 43777.8428495
Duplicated = 3
============================================================================
Evaluate Gen  2
New Population 408
Better than Dads 27
Best Ind: ( ( ( ( ( ( 100.0 + 49.0 ) + 10y ) - ( ( 9y - 1y ) + ( 5y - 9y ) ) ) * 7x ) - ( ( 91.0 - 3y ) - 9x ) ) - 1y )
Fitness = 31.7890896877
Worst Ind: ( ( ( 98.0 * ( ( ( 78.0 + 8x ) - 2x ) + ( 68.0 - 6y ) ) ) - 8y ) * ( ( ( ( ( 8y + 56.0 ) + 2y ) * 3y ) - ( ( ( 9x * 4y ) - ( 92.0 * 24.0 ) ) - 45.0 ) ) + ( ( ( ( 15.0 - 19.0 ) + ( 25.0 * 5y ) ) * ( 37.0 + 59.0 ) ) - 21.0 ) ) )
Fitness = 16784.6393551
Avg Fitness = 3594.28237748
Duplicated = 8
============================================================================
Evaluate Gen  3
New Population 407
Better than Dads 27
Best Ind: ( ( ( ( ( ( 100.0 + 49.0 ) + 10y ) - ( ( 9y - 1y ) + ( 5y - 9y ) ) ) * 7x ) - ( ( 91.0 - 3y ) - 9x ) ) - 1y )
Fitness = 31.7890896877
Worst Ind: ( 100.0 - ( ( 24.0 + 8x ) * 7y ) )
Fitness = 5340.56706754
Avg Fitness = 1630.60313155
Duplicated = 12
============================================================================
Evaluate Gen  4
New Population 408
Better than Dads 30
Best Ind: ( ( ( ( ( ( 100.0 + 49.0 ) + 10y ) - ( ( 9y - 1y ) + ( 5y - 9y ) ) ) * 7x ) - ( ( 91.0 - 3y ) - 9x ) ) - 1y )
Fitness = 31.7890896877
Worst Ind: ( 6y + ( 8x * ( ( 66.0 - 85.0 ) - ( 6x * ( 79.0 - 3x ) ) ) ) )
Fitness = 3105.19027101
Avg Fitness = 919.717662707
Duplicated = 13
============================================================================
Evaluate Gen  5
New Population 425
Better than Dads 36
Best Ind: ( ( ( ( ( ( 100.0 + 49.0 ) + 10y ) - ( ( 9y - 1y ) + ( 5y - 9y ) ) ) * 7x ) - ( ( 91.0 - 3y ) - 9x ) ) - 1y )
Fitness = 31.7890896877
Worst Ind: ( 6y - ( ( ( 15.0 - 43.0 ) - 1x ) - ( 10x * 9y ) ) )
Fitness = 1430.50903595
Avg Fitness = 455.294598555
Duplicated = 22
============================================================================
Evaluate Gen  6
New Population 426
Better than Dads 42
Best Ind: ( ( ( ( ( ( 100.0 + 49.0 ) + 10y ) - ( ( 9y - 1y ) + ( 5y - 9y ) ) ) * 7x ) - ( ( 91.0 - 3y ) - 9x ) ) - 1y )
Fitness = 31.7890896877
Worst Ind: ( ( 2y * ( 1y * 5.0 ) ) - ( 3.0 * 6x ) )
Fitness = 573.334959957
Avg Fitness = 303.148330184
Duplicated = 34
============================================================================
Evaluate Gen  7
New Population 425
Better than Dads 36
Best Ind: ( ( ( ( ( ( 100.0 + 49.0 ) + 10y ) - ( ( 9y - 1y ) + ( 5y - 9y ) ) ) * 7x ) - ( ( 91.0 - 3y ) - 9x ) ) - 1y )
Fitness = 31.7890896877
Worst Ind: ( 60.0 - ( 9y + 7x ) )
Fitness = 363.003434233
Avg Fitness = 250.617082266
Duplicated = 33
============================================================================
Evaluate Gen  8
New Population 409
Better than Dads 25
Best Ind: ( ( ( ( ( ( 100.0 + 49.0 ) + 10y ) - ( ( 9y - 1y ) + ( 5y - 9y ) ) ) * 7x ) - ( ( 91.0 - 3y ) - 9x ) ) - 1y )
Fitness = 31.7890896877
Worst Ind: ( ( ( ( 71.0 + 2y ) * ( 4x + 9x ) ) - ( 8x * 1.0 ) ) - 10y )
Fitness = 317.890896877
Avg Fitness = 230.446989398
Duplicated = 30
============================================================================
Evaluate Gen  9
New Population 425
Better than Dads 34
Best Ind: ( ( ( ( ( ( 100.0 + 49.0 ) + 10y ) - ( ( 9y - 1y ) + ( 5y - 9y ) ) ) * 7x ) - ( ( 91.0 - 3y ) - 9x ) ) - 1y )
Fitness = 31.7890896877
Worst Ind: ( ( ( ( 3y - ( 10y * 32.0 ) ) - 10x ) * ( ( ( ( 51.0 - 10y ) - 7y ) - ( ( 8y - 58.0 ) - 8y ) ) - 8x ) ) - 9y )
Fitness = 286.10180719
Avg Fitness = 206.842986392
Duplicated = 39
============================================================================
Evaluate Gen  10
New Population 418
Better than Dads 23
Best Ind: ( 1x * 1y )
Fitness = 15.8945448439
Worst Ind: ( ( ( ( ( 9x + 3y ) - ( 26.0 + 40.0 ) ) - 42.0 ) * 8.0 ) - 8x )
Fitness = 254.815537759
Avg Fitness = 186.963559619
Duplicated = 48
============================================================================
Evaluate Gen  11
New Population 430
Better than Dads 38
Best Ind: ( 1x * 1y )
Fitness = 15.8945448439
Worst Ind: ( ( 1x * 3x ) + ( ( 71.0 * ( 93.0 + 5y ) ) - ( 7y + 2x ) ) )
Fitness = 247.967814261
Avg Fitness = 167.625805666
Duplicated = 51
============================================================================
Evaluate Gen  12
New Population 415
Better than Dads 27
Best Ind: ( 1x * 1y )
Fitness = 15.8945448439
Worst Ind: ( 10x - ( 1y + 6y ) )
Fitness = 222.523627814
Avg Fitness = 153.320713833
Duplicated = 45
============================================================================
Evaluate Gen  13
New Population 434
Better than Dads 39
Best Ind: ( 1x * 1y )
Fitness = 15.8945448439
Worst Ind: ( ( ( 5x * 8x ) - 3.0 ) - ( ( ( 1y + 61.0 ) - 3x ) - ( 4x * 2x ) ) )
Fitness = 200.0
Avg Fitness = 136.67884438
Duplicated = 42
============================================================================
Evaluate Gen  14
New Population 429
Better than Dads 38
Best Ind: ( 1x * 1y )
Fitness = 15.8945448439
Worst Ind: ( ( ( 9x * ( ( ( 2x * 6y ) + ( 22.0 - 64.0 ) ) * 36.0 ) ) - ( 7.0 - 7y ) ) - ( 3x + 5y ) )
Fitness = 185.668793829
Avg Fitness = 119.365282593
Duplicated = 55
============================================================================
Evaluate Gen  15
New Population 429
Better than Dads 31
Best Ind: ( 1x * 1y )
Fitness = 15.8945448439
Worst Ind: ( ( 5.0 * ( ( ( 2x - 3y ) + 7x ) * ( 1y - 3x ) ) ) - 5y )
Fitness = 158.945448439
Avg Fitness = 102.8900205
Duplicated = 45
============================================================================
Evaluate Gen  16
New Population 437
Better than Dads 34
Best Ind: ( 1x * 1y )
Fitness = 15.8945448439
Worst Ind: ( ( ( ( 8.0 + ( ( 2y * 3x ) * 2x ) ) + ( ( 66.0 + 10x ) + 4x ) ) - 3y ) + ( 4x - 1y ) )
Fitness = 127.156358751
Avg Fitness = 91.7016744261
Duplicated = 49
============================================================================
Evaluate Gen  17
New Population 430
Better than Dads 37
Best Ind: ( 1x * 1y )
Fitness = 15.8945448439
Worst Ind: ( 7x * ( ( ( ( ( 76.0 * 7x ) - ( 5x - 8y ) ) * ( 7x * ( 1x - 1y ) ) ) + 63.0 ) - 1y ) )
Fitness = 111.261813907
Avg Fitness = 82.686991158
Duplicated = 58
============================================================================
Evaluate Gen  18
New Population 433
Better than Dads 43
Best Ind: ( 1x * 1y )
Fitness = 15.8945448439
Worst Ind: ( ( ( ( ( ( 4x - 10y ) - 7.0 ) * 36.0 ) * ( 2x - ( 65.0 - ( 3x + 1y ) ) ) ) - 3.0 ) - ( 2x + ( ( ( 9x - ( 8y + 13.0 ) ) - 8x ) - 1x ) ) )
Fitness = 95.5558266595
Avg Fitness = 77.3049397995
Duplicated = 65
============================================================================
Evaluate Gen  19
New Population 435
Better than Dads 32
Best Ind: ( 1x * 1y )
Fitness = 15.8945448439
Worst Ind: ( ( ( 1x * 8y ) - ( 8.0 + 10x ) ) - 3x )
Fitness = 95.5558266595
Avg Fitness = 73.6838605815
Duplicated = 72
============================================================================
Evaluate Gen  20
New Population 429
Better than Dads 28
Best Ind: ( 1x * 1y )
Fitness = 15.8945448439
Worst Ind: ( ( ( 1y * ( 9y * 2y ) ) - 8x ) - ( ( 8.0 + 10x ) - 3y ) )
Fitness = 95.3672690632
Avg Fitness = 67.5200236964
Duplicated = 70
============================================================================
Evaluate Gen  21
New Population 447
Better than Dads 45
Best Ind: ( 1x * 1y )
Fitness = 15.8945448439
Worst Ind: ( 9y - ( ( 3y - ( 1x * 3x ) ) - 3y ) )
Fitness = 95.3672690632
Avg Fitness = 57.9762244957
Duplicated = 92
============================================================================
Evaluate Gen  22
New Population 432
Better than Dads 45
Best Ind: ( 1x * 1y )
Fitness = 15.8945448439
Worst Ind: ( ( ( ( ( 1y * 1x ) - 8x ) - ( ( 8.0 + 10x ) + 43.0 ) ) - 7x ) - 2x )
Fitness = 63.7038844396
Avg Fitness = 50.3840872841
Duplicated = 81
============================================================================
Evaluate Gen  23
New Population 436
Better than Dads 39
Best Ind: ( 1x * 1y )
Fitness = 15.8945448439
Worst Ind: ( ( ( 6x + 1x ) - 7y ) - ( ( ( ( 38.0 * ( 79.0 - 86.0 ) ) * 7x ) - 7y ) - 2y ) )
Fitness = 63.5781793755
Avg Fitness = 46.3673287351
Duplicated = 85
============================================================================
Evaluate Gen  24
New Population 443
Better than Dads 50
Best Ind: ( 1x * 1y )
Fitness = 15.8945448439
Worst Ind: ( ( 10x * 8y ) - 1.0 )
Fitness = 50.0
Avg Fitness = 41.5502587786
Duplicated = 104
============================================================================
Evaluate Gen  25
New Population 435
Better than Dads 32
Best Ind: ( 1x * 1y )
Fitness = 15.8945448439
Worst Ind: ( ( 9y - ( ( ( ( 4x + 38.0 ) - 1y ) - ( 1y + 1x ) ) - 2x ) ) - ( 3y * 1x ) )
Fitness = 47.6836345316
Avg Fitness = 39.6143459108
Duplicated = 107
============================================================================
Evaluate Gen  26
New Population 441
Better than Dads 34
Best Ind: ( 1x * 1y )
Fitness = 15.8945448439
Worst Ind: ( ( ( ( ( 10y + 1y ) * 2y ) - 60.0 ) - 60.0 ) - ( 3y * 1x ) )
Fitness = 47.6836345316
Avg Fitness = 36.9898751467
Duplicated = 88
============================================================================
Evaluate Gen  27
New Population 447
Better than Dads 36
Best Ind: ( 1x * 1y )
Fitness = 15.8945448439
Worst Ind: ( 1x + ( ( 4x + 38.0 ) - 1y ) )
Fitness = 45.0232214655
Avg Fitness = 33.88959304
Duplicated = 84
============================================================================
Evaluate Gen  28
New Population 441
Better than Dads 40
Best Ind: ( 1x * 1y )
Fitness = 15.8945448439
Worst Ind: ( ( ( ( 4y - 1.0 ) - 1x ) - ( 3y * 1x ) ) - 1x )
Fitness = 31.8519422198
Avg Fitness = 31.3402746576
Duplicated = 90
============================================================================
Evaluate Gen  29
New Population 424
Better than Dads 27
Best Ind: ( 1x * 1y )
Fitness = 15.8945448439
Worst Ind: ( ( 2x * 3y ) - ( ( 6x - ( 1y - 35.0 ) ) - 1x ) )
Fitness = 31.8519422198
Avg Fitness = 31.3130351729
Duplicated = 92
============================================================================
Evaluate Gen  30
New Population 424
Better than Dads 34
Best Ind: ( 1x * 1y )
Fitness = 15.8945448439
Worst Ind: ( 9y - 1x )
Fitness = 31.8519422198
Avg Fitness = 31.3056318958
Duplicated = 92
============================================================================
Evaluate Gen  31
New Population 440
Better than Dads 30
Best Ind: ( 1x * 1y )
Fitness = 15.8945448439
Worst Ind: ( 93.0 - ( ( 4x - 10y ) - 1x ) )
Fitness = 31.8519422198
Avg Fitness = 31.2934804063
Duplicated = 102
============================================================================
Evaluate Gen  32
New Population 440
Better than Dads 28
Best Ind: ( 1x * 1y )
Fitness = 15.8945448439
Worst Ind: ( ( ( ( ( ( 100.0 + 49.0 ) + 10y ) - ( ( 1x - 1y ) + ( 5y - 9y ) ) ) * ( 4x - 1y ) ) - ( 9y - 1x ) ) - 1y )
Fitness = 31.7890896877
Avg Fitness = 31.2771387479
Duplicated = 117
============================================================================
Evaluate Gen  33
New Population 440
Better than Dads 26
Best Ind: ( 1x * 1y )
Fitness = 15.8945448439
Worst Ind: ( 4x - 1y )
Fitness = 31.7890896877
Avg Fitness = 31.2241569318
Duplicated = 114
============================================================================
Evaluate Gen  34
New Population 441
Better than Dads 22
Best Ind: ( 1x * 1y )
Fitness = 15.8945448439
Worst Ind: ( 4x - 1y )
Fitness = 31.7890896877
Avg Fitness = 31.1711751156
Duplicated = 117
============================================================================
Evaluate Gen  35
New Population 443
Better than Dads 23
Best Ind: ( 1x * 1y )
Fitness = 15.8945448439
Worst Ind: ( ( 17.0 - ( ( ( 1y - ( 5y - 7y ) ) + 1y ) - 1x ) ) - ( ( 1y - ( 5y - 7y ) ) - 1y ) )
Fitness = 31.7890896877
Avg Fitness = 31.0955630005
Duplicated = 112
============================================================================
Evaluate Gen  36
New Population 448
Better than Dads 22
Best Ind: ( 1x * 1y )
Fitness = 15.8945448439
Worst Ind: ( 4x - 1y )
Fitness = 31.7890896877
Avg Fitness = 31.0196708953
Duplicated = 111
============================================================================
Evaluate Gen  37
New Population 437
Better than Dads 22
Best Ind: ( 1x * 1y )
Fitness = 15.8945448439
Worst Ind: ( ( ( 8x - ( 1x - 7y ) ) - 8y ) - 1y )
Fitness = 31.7890896877
Avg Fitness = 30.913707263
Duplicated = 108
============================================================================
Evaluate Gen  38
New Population 435
Better than Dads 28
Best Ind: ( 1x * 1y )
Fitness = 15.8945448439
Worst Ind: ( ( ( ( 4x - 1y ) - ( 8y + 13.0 ) ) - 33.0 ) - 1y )
Fitness = 31.7890896877
Avg Fitness = 30.8431113682
Duplicated = 113
============================================================================
Evaluate Gen  39
New Population 447
Better than Dads 33
Best Ind: ( 1x * 1y )
Fitness = 15.8945448439
Worst Ind: ( ( ( 2y + 70.0 ) * ( 7x - 5x ) ) - ( 4x - 1y ) )
Fitness = 31.7890896877
Avg Fitness = 30.6787295759
Duplicated = 106
============================================================================
Evaluate Gen  40
New Population 436
Better than Dads 33
Best Ind: ( 1x * 1y )
Fitness = 15.8945448439
Worst Ind: ( ( ( 1y + 1x ) - 3y ) - 1y )
Fitness = 31.7890896877
Avg Fitness = 30.5337548129
Duplicated = 104
============================================================================
Evaluate Gen  41
New Population 440
Better than Dads 32
Best Ind: ( 1x * 1y )
Fitness = 15.8945448439
Worst Ind: ( ( ( 1y + 1x ) - ( ( 38.0 * ( 79.0 - 86.0 ) ) * 7x ) ) - 1y )
Fitness = 31.7890896877
Avg Fitness = 30.121025784
Duplicated = 103
============================================================================
Evaluate Gen  42
New Population 442
Better than Dads 41
Best Ind: ( 1y * ( 1x * 1x ) )
Fitness = 10.5683642125
Worst Ind: ( 1y * 2x )
Fitness = 31.7890896877
Avg Fitness = 29.6715707753
Duplicated = 105
============================================================================
Evaluate Gen  43
New Population 439
Better than Dads 33
Best Ind: ( 1y * ( 1x * 1x ) )
Fitness = 10.5683642125
Worst Ind: ( 1y * ( ( 10y + ( 8x - ( 1y * 2x ) ) ) - ( ( ( 8.0 + 10x ) + 43.0 ) - 2x ) ) )
Fitness = 31.7890896877
Avg Fitness = 29.0213935103
Duplicated = 100
============================================================================
Evaluate Gen  44
New Population 442
Better than Dads 39
Best Ind: ( 1y * ( 1x * 1x ) )
Fitness = 10.5683642125
Worst Ind: ( 1y * ( ( 80.0 + ( 8x - 9y ) ) - ( ( ( 8.0 + 10x ) + 43.0 ) - 2x ) ) )
Fitness = 31.7890896877
Avg Fitness = 28.09057301
Duplicated = 94
============================================================================
Evaluate Gen  45
New Population 428
Better than Dads 39
Best Ind: ( 1y * ( 1x * 1x ) )
Fitness = 10.5683642125
Worst Ind: ( ( ( ( 4x - 1y ) - ( 8y + 13.0 ) ) - ( 4x - 1y ) ) - ( 1y * ( ( 1y - ( 4x - 1y ) ) - ( ( ( 8.0 + 10x ) + 43.0 ) - 2x ) ) ) )
Fitness = 31.7890896877
Avg Fitness = 26.6644264056
Duplicated = 83
============================================================================
Evaluate Gen  46
New Population 436
Better than Dads 44
Best Ind: ( 1y * ( 1x * 1x ) )
Fitness = 10.5683642125
Worst Ind: ( ( 4x - 1y ) * ( ( ( ( ( 2x + 1y ) - ( 3y * 1x ) ) - ( 4x - 1y ) ) - 7x ) - 2x ) )
Fitness = 31.7890896877
Avg Fitness = 24.6103437301
Duplicated = 79
============================================================================
Evaluate Gen  47
New Population 431
Better than Dads 54
Best Ind: ( 1y * ( 1x * 1x ) )
Fitness = 10.5683642125
Worst Ind: ( ( ( ( 1y * 2x ) + ( 3y * 1x ) ) - 1x ) * ( 63.0 - ( 3y * 1x ) ) )
Fitness = 31.7050926375
Avg Fitness = 22.1914449791
Duplicated = 71
============================================================================
Evaluate Gen  48
New Population 426
Better than Dads 42
Best Ind: ( ( 1y * ( 2x - 1y ) ) * ( ( 3y - 1x ) * ( 88.0 - ( 2y - ( 3y - 1x ) ) ) ) )
Fitness = 6.25
Worst Ind: ( ( 2x - 1y ) * ( 2x - 1y ) )
Fitness = 25.0
Avg Fitness = 20.5686787131
Duplicated = 72
============================================================================
Evaluate Gen  49
New Population 444
Better than Dads 53
Best Ind: ( ( 1y * ( 2x - 1y ) ) * ( ( 3y - 1x ) * ( 88.0 - ( 2y - ( 3y - 1x ) ) ) ) )
Fitness = 6.25
Worst Ind: ( ( 2y * 1x ) * ( 1y * 2x ) )
Fitness = 25.0
Avg Fitness = 18.990564142
Duplicated = 63
============================================================================
Evaluate Gen  50
New Population 450
Better than Dads 54
Best Ind: ( ( 1y * ( 2x - 1y ) ) * ( ( 3y - 1x ) * ( 88.0 - ( 2y - ( 3y - 1x ) ) ) ) )
Fitness = 6.25
Worst Ind: ( 1y * ( 8y - ( ( ( 8.0 + 10x ) + 43.0 ) - ( 2y * 1x ) ) ) )
Fitness = 21.2626825222
Avg Fitness = 17.8106021749
Duplicated = 55
