dataset_file= dataset/SR_circle.txt
population= 50
generations= 50
tournament_size= 3
cross_over= 0.6
mutation= 0.3
elitism= True
(50, 2)
============================================================================
Build initial population
ind: 1
( ( ( ( ( 70.0 + 1x ) - 51.0 ) + ( ( ( 9x + 8x ) + ( 59.0 * 3y ) ) * ( 70.0 * 10x ) ) ) * ( ( ( 3x * ( 8y - 63.0 ) ) - ( ( 79.0 - 43.0 ) * ( 66.0 + 70.0 ) ) ) - 76.0 ) ) * 7x )
ind: 2
( ( ( 4x - ( 51.0 - ( 13.0 - 9x ) ) ) + ( 7y - ( 5x * 2x ) ) ) * 22.0 )
ind: 3
( 21.0 * ( ( 2y - ( 3x + ( ( 10x - 41.0 ) + ( 2y + 8y ) ) ) ) * ( 9y + 74.0 ) ) )
ind: 4
( 45.0 * ( 11.0 * ( ( ( 5x - ( 6y * 7x ) ) * ( 1x - 38.0 ) ) + 7.0 ) ) )
ind: 5
( ( ( ( ( ( 10.0 + 76.0 ) + 7y ) * 22.0 ) * 6y ) - ( ( 60.0 + 67.0 ) * ( 41.0 - 6y ) ) ) + ( 9x * ( 5.0 * 2y ) ) )
ind: 6
( ( 98.0 * ( 56.0 * ( ( 23.0 + ( 10x + 1y ) ) + 4x ) ) ) * ( 30.0 * 56.0 ) )
ind: 7
( 5x + ( 83.0 - 9y ) )
ind: 8
( ( 53.0 - ( 21.0 * ( ( ( 79.0 * 43.0 ) - ( 4y * 5x ) ) + ( 79.0 - 73.0 ) ) ) ) - ( ( 9x - ( ( ( 82.0 * 8y ) + ( 99.0 + 5y ) ) * ( 27.0 * 2x ) ) ) + 7y ) )
ind: 9
( 70.0 + ( ( ( 10y * ( ( 4.0 + 4y ) * 3y ) ) - ( ( ( 4x - 18.0 ) + ( 1y - 9x ) ) + 1x ) ) - 21.0 ) )
ind: 10
( 9x + ( 97.0 + ( 10y * ( ( 88.0 * ( 6y - 5y ) ) + 49.0 ) ) ) )
ind: 11
( ( 3y + 5x ) - 1x )
ind: 12
( ( 9x + ( ( 11.0 + 55.0 ) + 52.0 ) ) * ( 51.0 - ( 7.0 - 7y ) ) )
ind: 13
( 3y - ( ( ( 10y - 8x ) + ( ( ( 43.0 * 10y ) * ( 8x * 4x ) ) * ( 6y * ( 6x - 30.0 ) ) ) ) + 8y ) )
ind: 14
( 2x * ( ( ( 1y - 65.0 ) * 10y ) - 63.0 ) )
ind: 15
( ( ( ( ( ( 5.0 + 66.0 ) + 10x ) * ( 26.0 - ( 42.0 * 81.0 ) ) ) * 4y ) * 4x ) + ( 31.0 * 8y ) )
ind: 16
( ( ( 4y * 27.0 ) - ( ( ( 8x + ( 4y - 65.0 ) ) - ( 6x - 54.0 ) ) - 8x ) ) - 9y )
ind: 17
( ( ( ( ( ( 30.0 + 20.0 ) * ( 10y * 37.0 ) ) + ( ( 81.0 * 1y ) * 5x ) ) * ( ( ( 9x + 50.0 ) - ( 10x + 4x ) ) - 7x ) ) * 52.0 ) - ( 63.0 - 6y ) )
ind: 18
( 10x + ( 49.0 * ( ( 39.0 - ( 6y + 10x ) ) * ( ( ( 2x - 7y ) - ( 23.0 - 17.0 ) ) * 49.0 ) ) ) )
ind: 19
( ( 6y * 4.0 ) * 7x )
ind: 20
( ( 4y - 7x ) - ( 1y - 67.0 ) )
ind: 21
( ( ( ( 56.0 + 10x ) + 8x ) * 34.0 ) - ( 7y - ( ( ( ( 2y - 53.0 ) * 75.0 ) - 6x ) * ( 9.0 - 70.0 ) ) ) )
ind: 22
( ( ( 100.0 - 3y ) - ( ( 7x * 5y ) * 6y ) ) + ( 1y + 49.0 ) )
ind: 23
( ( ( ( 47.0 + 9x ) + ( 3y * ( 45.0 - 81.0 ) ) ) + 56.0 ) + ( ( ( 8y + 8x ) * 25.0 ) * 47.0 ) )
ind: 24
( 15.0 + ( 99.0 * ( ( ( 4.0 - ( 10y + 2y ) ) * 6y ) + ( ( 9x * ( 4y - 9x ) ) * ( ( 3.0 + 2.0 ) * ( 40.0 + 12.0 ) ) ) ) ) )
ind: 25
( ( 66.0 - 58.0 ) + ( ( ( 46.0 - 92.0 ) * ( ( ( 8x + 10y ) * ( 94.0 + 10y ) ) * ( ( 66.0 - 10x ) - ( 90.0 + 32.0 ) ) ) ) + 10x ) )
ind: 26
( ( 48.0 + 4x ) + ( ( ( ( 7x * ( 3y * 9y ) ) * ( ( 5x * 8x ) + ( 57.0 - 1y ) ) ) + ( 14.0 * ( 31.0 - ( 40.0 - 7y ) ) ) ) - 43.0 ) )
ind: 27
( ( ( ( ( ( 53.0 - 6y ) + ( 29.0 - 45.0 ) ) * 96.0 ) - ( 77.0 + 7x ) ) * 2y ) * 10x )
ind: 28
( 1x - 8y )
ind: 29
( 100.0 + ( 4x * 4y ) )
ind: 30
( ( 6y + ( ( ( ( 5x - 3x ) * ( 28.0 * 79.0 ) ) * 62.0 ) - ( ( ( 24.0 * 89.0 ) * 3x ) - 77.0 ) ) ) * ( ( ( 3y - 18.0 ) * 4y ) - ( ( ( 4x * 79.0 ) - 4x ) + ( 57.0 + 7x ) ) ) )
ind: 31
( ( ( 9x * ( ( ( 1x + 14.0 ) * 1x ) + 76.0 ) ) * ( 1x * ( 22.0 - ( ( 2x + 4y ) * ( 8y * 76.0 ) ) ) ) ) * ( ( ( ( ( 16.0 + 21.0 ) + ( 76.0 + 1y ) ) + 45.0 ) + ( 10x * 3y ) ) - ( 44.0 - ( ( ( 79.0 + 80.0 ) - ( 52.0 + 7x ) ) - ( ( 77.0 * 62.0 ) + 58.0 ) ) ) ) )
ind: 32
( ( 5x * ( 58.0 - 4x ) ) * ( 5x * ( ( ( ( 10x * 5x ) + ( 97.0 + 4y ) ) + 8.0 ) * 4x ) ) )
ind: 33
( ( ( 6y + ( ( ( 10x * 63.0 ) + ( 6x - 7x ) ) - 7y ) ) + 3y ) * ( 85.0 - ( ( ( ( 4y + 2x ) - 10x ) - ( 94.0 - 41.0 ) ) + ( 48.0 * ( ( 37.0 + 2x ) + 1y ) ) ) ) )
ind: 34
( 3x + ( 74.0 * ( ( 1x + ( ( 7y + 8y ) * ( 71.0 + 60.0 ) ) ) + ( 4x * 2x ) ) ) )
ind: 35
( 6x - 1y )
ind: 36
( 1x * ( 1y - ( 59.0 + ( 46.0 + ( 12.0 - 5x ) ) ) ) )
ind: 37
( ( ( 44.0 - 6y ) + ( 9x * 9y ) ) - 5y )
ind: 38
( ( 8y - ( 5x - 62.0 ) ) - 4x )
ind: 39
( ( ( ( 3x + ( ( 10y + 8x ) + ( 5x - 27.0 ) ) ) * ( 42.0 - 7y ) ) + 8x ) - ( ( ( 90.0 * 66.0 ) + ( ( ( 6y * 27.0 ) * ( 75.0 * 34.0 ) ) * ( ( 6x - 4y ) - ( 3x * 21.0 ) ) ) ) + ( 96.0 - 35.0 ) ) )
ind: 40
( ( ( 5x - 62.0 ) + ( ( 78.0 - 6y ) + 8x ) ) * ( ( 10.0 + 11.0 ) + 7x ) )
ind: 41
( ( 3y * ( 81.0 - ( 2y + ( 5x * 7y ) ) ) ) + 4x )
ind: 42
( ( ( 96.0 * ( ( ( 8y - 55.0 ) + ( 2y + 30.0 ) ) + ( 25.0 + ( 5y * 56.0 ) ) ) ) - 79.0 ) * 8x )
ind: 43
( ( ( ( 2x * ( 67.0 * 43.0 ) ) + 59.0 ) * ( 8x - ( 3y * ( ( 77.0 * 6x ) - 5x ) ) ) ) * 6x )
ind: 44
( 9y + ( 99.0 * ( 95.0 * 1x ) ) )
ind: 45
( ( 8x + 3y ) + ( 8y + ( 91.0 * 12.0 ) ) )
ind: 46
( ( ( ( ( ( 5y + 2x ) - ( 59.0 * 1x ) ) - ( ( 10x * 53.0 ) - 3x ) ) * ( 8y + 1.0 ) ) * 23.0 ) - ( ( 3x * 6x ) - 68.0 ) )
ind: 47
( ( ( ( 10x + ( 10y - ( 6y - 3y ) ) ) * 3x ) * ( ( 90.0 * ( ( 7x - 1x ) + ( 10x - 89.0 ) ) ) - ( 7x + 9.0 ) ) ) - 8y )
ind: 48
( ( ( ( ( 68.0 * 89.0 ) - ( ( 10x - 41.0 ) - ( 3y * 62.0 ) ) ) - ( 1x - 5x ) ) + 83.0 ) - ( ( ( ( 25.0 * ( 96.0 + 8x ) ) + ( 10y - 3y ) ) + ( 32.0 - ( 2x * ( 75.0 * 52.0 ) ) ) ) + ( 75.0 - 9y ) ) )
ind: 49
( ( ( 94.0 + ( ( ( 16.0 * 62.0 ) * 6x ) * ( 7x * 6x ) ) ) - 47.0 ) * ( ( ( ( 1x * ( 35.0 * 9y ) ) + 28.0 ) * ( 10x - 10x ) ) - 49.0 ) )
ind: 50
( ( ( ( 10y - 10x ) + ( 6y * 9y ) ) + ( 90.0 * ( ( 80.0 * ( 73.0 + 7y ) ) + 17.0 ) ) ) + 5y )
Best Ind: ( 6x - 1y )
Fitness = 31.7890896877
Worst Ind: ( ( ( 9x * ( ( ( 1x + 14.0 ) * 1x ) + 76.0 ) ) * ( 1x * ( 22.0 - ( ( 2x + 4y ) * ( 8y * 76.0 ) ) ) ) ) * ( ( ( ( ( 16.0 + 21.0 ) + ( 76.0 + 1y ) ) + 45.0 ) + ( 10x * 3y ) ) - ( 44.0 - ( ( ( 79.0 + 80.0 ) - ( 52.0 + 7x ) ) - ( ( 77.0 * 62.0 ) + 58.0 ) ) ) ) )
Fitness = 54847817494.9
Avg Fitness = 1344070065.04
Duplicated = 0
============================================================================
Evaluate Gen  1
New Population 67
Better than Dads 4
Best Ind: ( 6x - 1y )
Fitness = 31.7890896877
Worst Ind: ( 21.0 * ( ( ( 27.0 * 2x ) - ( 3x + ( ( 10x - 41.0 ) + ( 2y + 8y ) ) ) ) * ( 9y + 74.0 ) ) )
Fitness = 3232950.0
Avg Fitness = 273522.827449
Duplicated = 0
============================================================================
Evaluate Gen  2
New Population 64
Better than Dads 4
Best Ind: ( 6x - 1y )
Fitness = 31.7890896877
Worst Ind: ( 9x + ( 97.0 + ( 10y * ( ( 88.0 * ( 6y - 5y ) ) + 49.0 ) ) ) )
Fitness = 114850.0
Avg Fitness = 12885.40716
Duplicated = 0
============================================================================
Evaluate Gen  3
New Population 64
Better than Dads 0
Best Ind: ( 6x - 1y )
Fitness = 31.7890896877
Worst Ind: ( ( ( 96.0 * ( ( ( 8y - 55.0 ) + ( 2y + 30.0 ) ) + ( 25.0 + ( 5y * 56.0 ) ) ) ) - 79.0 ) * 8x )
Fitness = 20130.4274829
Avg Fitness = 3984.39914793
Duplicated = 0
============================================================================
Evaluate Gen  4
New Population 64
Better than Dads 5
Best Ind: ( 6x - 1y )
Fitness = 31.7890896877
Worst Ind: ( ( ( 4x - ( 51.0 - ( 13.0 - 9x ) ) ) + ( 7y - ( 5x * 2x ) ) ) * 22.0 )
Fitness = 6513.92660183
Avg Fitness = 2558.3842013
Duplicated = 0
============================================================================
Evaluate Gen  5
New Population 69
Better than Dads 7
Best Ind: ( 6x - 1y )
Fitness = 31.7890896877
Worst Ind: ( 1x * ( 1y - ( 59.0 + ( 31.0 * 8y ) ) ) )
Fitness = 4170.63600676
Avg Fitness = 2074.78805334
Duplicated = 0
============================================================================
Evaluate Gen  6
New Population 71
Better than Dads 4
Best Ind: ( 6x - 1y )
Fitness = 31.7890896877
Worst Ind: ( 1x * ( 1y - ( 59.0 + ( 46.0 + ( 12.0 - 5x ) ) ) ) )
Fitness = 3344.45393308
Avg Fitness = 1444.87114017
Duplicated = 1
============================================================================
Evaluate Gen  7
New Population 66
Better than Dads 7
Best Ind: ( 6x - 1y )
Fitness = 31.7890896877
Worst Ind: ( ( 9x * ( 5.0 * 2y ) ) + ( 1y + 49.0 ) )
Fitness = 2450.0
Avg Fitness = 1162.73764013
Duplicated = 1
============================================================================
Evaluate Gen  8
New Population 74
Better than Dads 9
Best Ind: ( 6x - 1y )
Fitness = 31.7890896877
Worst Ind: ( ( ( ( 7x * ( 3y * 9y ) ) * ( 10y - 10x ) ) + ( 14.0 * ( 31.0 - ( 40.0 - 7y ) ) ) ) - 43.0 )
Fitness = 2150.0
Avg Fitness = 689.825957077
Duplicated = 6
============================================================================
Evaluate Gen  9
New Population 67
Better than Dads 5
Best Ind: ( 6x - 1y )
Fitness = 31.7890896877
Worst Ind: ( ( 3y * ( 81.0 - ( 2y + ( 5x * 7y ) ) ) ) + 4x )
Fitness = 1243.69860129
Avg Fitness = 396.930841293
Duplicated = 5
============================================================================
Evaluate Gen  10
New Population 67
Better than Dads 6
Best Ind: ( 6x - 1y )
Fitness = 31.7890896877
Worst Ind: ( 5x * 7y )
Fitness = 556.309069535
Avg Fitness = 295.46840434
Duplicated = 4
============================================================================
Evaluate Gen  11
New Population 71
Better than Dads 8
Best Ind: ( 6x - 1y )
Fitness = 31.7890896877
Worst Ind: ( ( 5x * ( ( 3y * 3y ) + 4x ) ) - ( ( 4.0 + 4y ) * 3y ) )
Fitness = 381.469076253
Avg Fitness = 233.390151116
Duplicated = 2
============================================================================
Evaluate Gen  12
New Population 72
Better than Dads 8
Best Ind: ( 6x - 1y )
Fitness = 31.7890896877
Worst Ind: ( ( ( 7x * 5y ) - ( ( 10x * 2y ) - 8x ) ) - 9y )
Fitness = 286.10180719
Avg Fitness = 215.175155105
Duplicated = 5
============================================================================
Evaluate Gen  13
New Population 71
Better than Dads 6
Best Ind: ( 6x - 1y )
Fitness = 31.7890896877
Worst Ind: ( ( ( ( 9x + ( 10y - ( 6y - 3y ) ) ) * 3x ) * ( ( ( ( 9y + 4x ) - 6y ) + ( 9x * 9y ) ) - ( 7x + 9.0 ) ) ) - 8y )
Fitness = 254.312717502
Avg Fitness = 203.007805718
Duplicated = 8
============================================================================
Evaluate Gen  14
New Population 72
Better than Dads 4
Best Ind: ( 6x - 1y )
Fitness = 31.7890896877
Worst Ind: ( ( 5x * 7y ) - 8y )
Fitness = 254.312717502
Avg Fitness = 194.760241108
Duplicated = 8
============================================================================
Evaluate Gen  15
New Population 70
Better than Dads 5
Best Ind: ( 6x - 1y )
Fitness = 31.7890896877
Worst Ind: ( ( ( ( ( ( 10x * 53.0 ) - 3x ) + 10y ) * 3x ) * ( ( 90.0 * ( ( 7x - 1x ) + ( 10x - 89.0 ) ) ) - ( 7x + 9.0 ) ) ) - 8y )
Fitness = 254.312717502
Avg Fitness = 182.704270989
Duplicated = 6
============================================================================
Evaluate Gen  16
New Population 68
Better than Dads 2
Best Ind: ( 6x - 1y )
Fitness = 31.7890896877
Worst Ind: ( ( ( ( ( ( 30.0 + 20.0 ) * ( 10y * 37.0 ) ) + ( ( 81.0 * 1y ) * 5x ) ) * 5y ) * 52.0 ) - ( 4y - 7x ) )
Fitness = 222.963595539
Avg Fitness = 169.977321658
Duplicated = 5
============================================================================
Evaluate Gen  17
New Population 72
Better than Dads 8
Best Ind: ( 6x - 1y )
Fitness = 31.7890896877
Worst Ind: ( ( ( 5x * 8x ) + ( 57.0 - 1y ) ) - ( 63.0 - 6y ) )
Fitness = 190.734538126
Avg Fitness = 161.838990221
Duplicated = 7
============================================================================
Evaluate Gen  18
New Population 68
Better than Dads 6
Best Ind: ( 6x - 1y )
Fitness = 31.7890896877
Worst Ind: ( ( 9y + 4x ) - ( 63.0 - 6y ) )
Fitness = 190.734538126
Avg Fitness = 158.036869965
Duplicated = 7
============================================================================
Evaluate Gen  19
New Population 67
Better than Dads 6
Best Ind: ( 6x - 1y )
Fitness = 31.7890896877
Worst Ind: ( ( ( ( ( ( 30.0 + 20.0 ) * ( 10y * 37.0 ) ) + ( ( 5x * 7y ) * 5x ) ) * ( ( ( 5y + 50.0 ) - ( 10x + 4x ) ) - 7x ) ) * 52.0 ) - ( 63.0 - 6y ) )
Fitness = 190.734538126
Avg Fitness = 153.916858812
Duplicated = 7
============================================================================
Evaluate Gen  20
New Population 73
Better than Dads 7
Best Ind: ( 6x - 1y )
Fitness = 31.7890896877
Worst Ind: ( ( ( ( 9y + 4x ) - 6y ) + ( 9x * 9y ) ) - 5x )
Fitness = 159.259711099
Avg Fitness = 147.549102019
Duplicated = 5
============================================================================
Evaluate Gen  21
New Population 77
Better than Dads 8
Best Ind: ( 6x - 1y )
Fitness = 31.7890896877
Worst Ind: ( ( ( ( 4y - 7x ) * ( ( 5x * 8x ) + ( 57.0 - 1y ) ) ) + ( 14.0 * ( 31.0 - ( 40.0 - 7y ) ) ) ) - 5x )
Fitness = 159.259711099
Avg Fitness = 147.100329808
Duplicated = 6
============================================================================
Evaluate Gen  22
New Population 72
Better than Dads 7
Best Ind: ( 6x - 1y )
Fitness = 31.7890896877
Worst Ind: ( ( 5y * ( ( 7x - 1x ) + ( 10x - 89.0 ) ) ) - 5y )
Fitness = 158.945448439
Avg Fitness = 144.233026483
Duplicated = 5
============================================================================
Evaluate Gen  23
New Population 74
Better than Dads 5
Best Ind: ( 6x - 1y )
Fitness = 31.7890896877
Worst Ind: ( ( ( 44.0 - ( 7x * 5y ) ) + ( 9x * 9y ) ) - 5y )
Fitness = 158.945448439
Avg Fitness = 143.915135586
Duplicated = 5
============================================================================
Evaluate Gen  24
New Population 69
Better than Dads 4
Best Ind: ( 6x - 1y )
Fitness = 31.7890896877
Worst Ind: ( ( 90.0 * ( ( 7x - 1x ) + ( 10x - 89.0 ) ) ) - 5y )
Fitness = 158.945448439
Avg Fitness = 140.737483668
Duplicated = 5
============================================================================
Evaluate Gen  25
New Population 74
Better than Dads 5
Best Ind: ( 6x - 1y )
Fitness = 31.7890896877
Worst Ind: ( ( 90.0 * ( ( ( 44.0 - 8y ) + 5x ) + ( 10x - 89.0 ) ) ) - 5y )
Fitness = 158.945448439
Avg Fitness = 137.49683117
Duplicated = 7
============================================================================
Evaluate Gen  26
New Population 69
Better than Dads 5
Best Ind: ( 1x * ( ( ( 44.0 - 8y ) - ( 78.0 - 6y ) ) - ( 7x - 1x ) ) )
Fitness = 25.0
Worst Ind: ( ( 90.0 * ( ( 7x - 1x ) + ( 10x - 89.0 ) ) ) - 5y )
Fitness = 158.945448439
Avg Fitness = 132.469198865
Duplicated = 6
============================================================================
Evaluate Gen  27
New Population 71
Better than Dads 9
Best Ind: ( 1x * ( ( ( 44.0 - 8y ) - ( 78.0 - 6y ) ) - ( 7x - 1x ) ) )
Fitness = 25.0
Worst Ind: ( ( ( 44.0 - ( 7x * 5y ) ) + ( ( 9y + 4x ) - ( 3y * 3y ) ) ) - 5y )
Fitness = 158.945448439
Avg Fitness = 128.328172272
Duplicated = 7
============================================================================
Evaluate Gen  28
New Population 69
Better than Dads 1
Best Ind: ( 1x * ( ( ( 44.0 - 8y ) - ( 78.0 - 6y ) ) - ( 7x - 1x ) ) )
Fitness = 25.0
Worst Ind: ( ( ( ( 9y + 4x ) - 1x ) + ( 9x * 9y ) ) - 5y )
Fitness = 158.945448439
Avg Fitness = 121.468489901
Duplicated = 9
============================================================================
Evaluate Gen  29
New Population 70
Better than Dads 5
Best Ind: ( 1x * ( ( ( 44.0 - 8y ) - ( 78.0 - 6y ) ) - ( 7x - 1x ) ) )
Fitness = 25.0
Worst Ind: ( ( ( 90.0 * ( ( 81.0 * 1y ) + ( 1x - 89.0 ) ) ) - 6y ) - ( ( ( 44.0 - 6y ) + ( 9x * ( 78.0 - 6y ) ) ) - ( 1x * ( 1y - ( 83.0 - 9y ) ) ) ) )
Fitness = 143.050903595
Avg Fitness = 114.371143961
Duplicated = 7
============================================================================
Evaluate Gen  30
New Population 69
Better than Dads 3
Best Ind: ( 1x * ( ( ( 44.0 - 8y ) - ( 78.0 - 6y ) ) - ( 7x - 1x ) ) )
Fitness = 25.0
Worst Ind: ( 1x * ( ( 81.0 - ( 10y * 37.0 ) ) - ( 83.0 - 9y ) ) )
Fitness = 143.050903595
Avg Fitness = 105.02196563
Duplicated = 6
============================================================================
Evaluate Gen  31
New Population 66
Better than Dads 6
Best Ind: ( 1x * ( ( ( 44.0 - 8y ) - ( 78.0 - 6y ) ) - ( 7x - 1x ) ) )
Fitness = 25.0
Worst Ind: ( 1x * ( ( 81.0 - ( ( 5y + 2x ) - 5y ) ) - ( 83.0 - 9y ) ) )
Fitness = 143.050903595
Avg Fitness = 101.214817171
Duplicated = 4
============================================================================
Evaluate Gen  32
New Population 67
Better than Dads 4
Best Ind: ( 1x * 1y )
Fitness = 15.8945448439
Worst Ind: ( 1x * ( 63.0 - ( 83.0 - 9y ) ) )
Fitness = 143.050903595
Avg Fitness = 94.235044997
Duplicated = 4
============================================================================
Evaluate Gen  33
New Population 68
Better than Dads 7
Best Ind: ( 1x * 1y )
Fitness = 15.8945448439
Worst Ind: ( 1x * ( ( 90.0 - ( 78.0 - 6y ) ) - ( 83.0 - 9y ) ) )
Fitness = 143.050903595
Avg Fitness = 86.3078853854
Duplicated = 4
============================================================================
Evaluate Gen  34
New Population 72
Better than Dads 6
Best Ind: ( 1x * 1y )
Fitness = 15.8945448439
Worst Ind: ( ( ( 5y + 2x ) - ( 1x * ( ( ( 1x * 3y ) - ( 10y * 37.0 ) ) - ( 83.0 - 9y ) ) ) ) - ( ( 10x * 53.0 ) - 3x ) )
Fitness = 95.5558266595
Avg Fitness = 69.9751941643
Duplicated = 6
============================================================================
Evaluate Gen  35
New Population 70
Better than Dads 5
Best Ind: ( 1x * 1y )
Fitness = 15.8945448439
Worst Ind: ( 1x * ( ( ( ( 3y * 1y ) + 4x ) - ( 5y + 2x ) ) - 6y ) )
Fitness = 95.3672690632
Avg Fitness = 62.1342203537
Duplicated = 5
============================================================================
Evaluate Gen  36
New Population 68
Better than Dads 7
Best Ind: ( 1x * 1y )
Fitness = 15.8945448439
Worst Ind: ( 1x * ( ( ( 44.0 - 8y ) - ( 78.0 - 6y ) ) - 6y ) )
Fitness = 95.3672690632
Avg Fitness = 54.5050903509
Duplicated = 5
============================================================================
Evaluate Gen  37
New Population 67
Better than Dads 6
Best Ind: ( 1x * 1y )
Fitness = 15.8945448439
Worst Ind: ( 1x * ( ( 5y - 5x ) - 5y ) )
Fitness = 79.4727242193
Avg Fitness = 44.1186591905
Duplicated = 5
============================================================================
Evaluate Gen  38
New Population 70
Better than Dads 9
Best Ind: ( 1x * 1y )
Fitness = 15.8945448439
Worst Ind: ( 1x * ( 1x * ( ( ( ( 3y * 1y ) + 4x ) - ( 78.0 - 6y ) ) - 6y ) ) )
Fitness = 63.4101852749
Avg Fitness = 36.3855829665
Duplicated = 12
============================================================================
Evaluate Gen  39
New Population 67
Better than Dads 7
Best Ind: ( 1x * 1y )
Fitness = 15.8945448439
Worst Ind: ( 1x * 3y )
Fitness = 47.6836345316
Avg Fitness = 31.6507950925
Duplicated = 8
============================================================================
Evaluate Gen  40
New Population 70
Better than Dads 4
Best Ind: ( 1x * 1y )
Fitness = 15.8945448439
Worst Ind: ( ( ( ( ( ( 44.0 - 8y ) - 1x ) - 1x ) - 6y ) + ( 78.0 - 6y ) ) - 1x )
Fitness = 31.8519422198
Avg Fitness = 30.5697512096
Duplicated = 7
============================================================================
Evaluate Gen  41
New Population 70
Better than Dads 2
Best Ind: ( 1x * 1y )
Fitness = 15.8945448439
Worst Ind: ( ( 1x * ( 1x * ( 9x - 6y ) ) ) - 1x )
Fitness = 31.8519422198
Avg Fitness = 30.568494159
Duplicated = 7
============================================================================
Evaluate Gen  42
New Population 69
Better than Dads 2
Best Ind: ( 1x * 1y )
Fitness = 15.8945448439
Worst Ind: ( ( ( ( ( ( 10x - 89.0 ) * ( 1y - 5y ) ) - 9y ) - ( ( 1x * ( 44.0 - 8y ) ) - 1x ) ) - 9y ) - ( ( 1x * ( 44.0 - 8y ) ) - 1x ) )
Fitness = 31.8519422198
Avg Fitness = 30.4314553146
Duplicated = 6
============================================================================
Evaluate Gen  43
New Population 69
Better than Dads 3
Best Ind: ( 1x * 1y )
Fitness = 15.8945448439
Worst Ind: ( ( 1x * ( 1x * ( 9x - 6y ) ) ) - 1x )
Fitness = 31.8519422198
Avg Fitness = 30.4301982639
Duplicated = 6
============================================================================
Evaluate Gen  44
New Population 72
Better than Dads 2
Best Ind: ( 1x * 1y )
Fitness = 15.8945448439
Worst Ind: ( ( 83.0 - 9y ) - ( ( 1x * ( 44.0 - 8y ) ) - 1x ) )
Fitness = 31.8519422198
Avg Fitness = 30.1561205751
Duplicated = 6
============================================================================
Evaluate Gen  45
New Population 73
Better than Dads 8
Best Ind: ( 1x * 1y )
Fitness = 15.8945448439
Worst Ind: ( ( ( ( ( 1x * ( 1y - 5y ) ) - 9y ) - ( ( 1x * ( 44.0 - 8y ) ) - 1x ) ) - 9y ) - ( ( 1x * ( 44.0 - 8y ) ) - 1x ) )
Fitness = 31.8519422198
Avg Fitness = 30.0178246801
Duplicated = 6
============================================================================
Evaluate Gen  46
New Population 69
Better than Dads 4
Best Ind: ( 1x * 1y )
Fitness = 15.8945448439
Worst Ind: ( ( 1x * ( 1x * ( 9x - 6y ) ) ) - 1x )
Fitness = 31.8519422198
Avg Fitness = 29.8782717344
Duplicated = 6
============================================================================
Evaluate Gen  47
New Population 71
Better than Dads 5
Best Ind: ( 1x * 1y )
Fitness = 15.8945448439
Worst Ind: ( ( ( 78.0 - 6y ) - 1x ) - ( 7x - 1x ) )
Fitness = 31.8519422198
Avg Fitness = 29.7387187887
Duplicated = 6
============================================================================
Evaluate Gen  48
New Population 69
Better than Dads 4
Best Ind: ( 1x * 1y )
Fitness = 15.8945448439
Worst Ind: ( ( 1x * 3y ) - 1x )
Fitness = 31.8519422198
Avg Fitness = 29.460869948
Duplicated = 5
============================================================================
Evaluate Gen  49
New Population 74
Better than Dads 3
Best Ind: ( 1x * 1y )
Fitness = 15.8945448439
Worst Ind: ( ( 1x * ( 1x * ( 9x - 6y ) ) ) - 1x )
Fitness = 31.8519422198
Avg Fitness = 29.1754788034
Duplicated = 5
============================================================================
Evaluate Gen  50
New Population 71
Better than Dads 6
Best Ind: ( 1x * 1y )
Fitness = 15.8945448439
Worst Ind: ( ( ( ( ( 78.0 - 6y ) + 8x ) - 1x ) + ( 9x * 9y ) ) - ( 57.0 - 1y ) )
Fitness = 31.7890896877
Avg Fitness = 28.4376720189
Duplicated = 6
