dataset_file= dataset/SR_circle.txt
population= 500
generations= 50
tournament_size= 2
cross_over= 0.6
mutation= 0.3
elitism= True
(50, 2)
============================================================================
Build initial population
ind: 1
( ( ( ( 3x * 79.0 ) - 6y ) * 3.0 ) * ( 13.0 - ( 21.0 * ( ( 8y - 40.0 ) + ( 87.0 - ( 9y * 84.0 ) ) ) ) ) )
ind: 2
( ( ( ( 7x - ( ( 98.0 - 1y ) + ( 1y + 97.0 ) ) ) - ( ( ( 9x - 9y ) + ( 29.0 + 8y ) ) - 90.0 ) ) + 82.0 ) * 8.0 )
ind: 3
( ( 4y + ( 17.0 - ( ( 67.0 + 10.0 ) * 6x ) ) ) * ( 83.0 - 61.0 ) )
ind: 4
( ( ( 26.0 * ( ( ( 7x + 4x ) * ( 20.0 + 10x ) ) - ( ( 55.0 * 6y ) * 2x ) ) ) * 3y ) - 93.0 )
ind: 5
( ( ( ( ( ( 5x * 37.0 ) + ( 7x + 83.0 ) ) * 9x ) + ( ( ( 41.0 - 7y ) * ( 9x + 41.0 ) ) - ( ( 43.0 * 8x ) - ( 4x - 7y ) ) ) ) * ( ( 2y - 4y ) + 8x ) ) + 2y )
ind: 6
( ( ( 5y * 10y ) * ( ( 10y + ( ( 1y - 6.0 ) + ( 1x * 4x ) ) ) + 5y ) ) + ( ( 2x * ( ( 47.0 * 10x ) + ( 18.0 + 9x ) ) ) + ( 99.0 + 4x ) ) )
ind: 7
( ( 88.0 - 2x ) - ( 31.0 * ( ( ( 9y * 49.0 ) + ( 10y - ( 84.0 * 2x ) ) ) - ( 8y - ( 43.0 * ( 87.0 * 19.0 ) ) ) ) ) )
ind: 8
( 11.0 + ( 3x * ( ( ( 1y * 48.0 ) * ( ( 3y - 63.0 ) + 6y ) ) - 97.0 ) ) )
ind: 9
( ( ( 66.0 * 10y ) + ( 43.0 - ( 20.0 - ( 9y - 88.0 ) ) ) ) + 1x )
ind: 10
( ( ( ( 61.0 * 7x ) - ( ( ( 9y * 2y ) * ( 1y - 6y ) ) - ( ( 99.0 - 6y ) + 3x ) ) ) + ( 9x * ( 99.0 - 2y ) ) ) - 2y )
ind: 11
( 1y - 4x )
ind: 12
( ( 7x - ( 26.0 * ( 8x - ( 7y * 76.0 ) ) ) ) + 40.0 )
ind: 13
( ( ( ( 61.0 + ( 95.0 * ( 81.0 * 23.0 ) ) ) + ( 9.0 - ( 10y - ( 3y * 71.0 ) ) ) ) * 81.0 ) + ( ( ( ( 7x - ( 4x - 60.0 ) ) - 6y ) * ( 5x + ( 10y - ( 94.0 + 4y ) ) ) ) - 6x ) )
ind: 14
( ( ( 5y + 75.0 ) + 6x ) * ( 40.0 + 33.0 ) )
ind: 15
( 7y - ( ( ( 2x - ( ( 8x * 7.0 ) - 20.0 ) ) - 5x ) * 38.0 ) )
ind: 16
( ( ( ( ( 9y * ( 17.0 * 39.0 ) ) * 40.0 ) - ( 7y - 5y ) ) - 2y ) - ( ( 1y - 9y ) - ( ( 4y + 18.0 ) * ( 10x - ( ( 70.0 + 82.0 ) + 2y ) ) ) ) )
ind: 17
( 45.0 - ( ( ( 1y + ( ( 4y + 6x ) + ( 27.0 - 43.0 ) ) ) + 28.0 ) * ( ( 77.0 * 77.0 ) * ( 34.0 - ( ( 23.0 + 10x ) * 38.0 ) ) ) ) )
ind: 18
( ( 10y - ( 10x * ( 7.0 * 1x ) ) ) * ( 62.0 * 52.0 ) )
ind: 19
( 9x - ( 7y + ( ( ( ( 8x * 65.0 ) + 48.0 ) - ( 4y - 51.0 ) ) + ( 5.0 * ( 10y * 80.0 ) ) ) ) )
ind: 20
( ( 15.0 * 6y ) + ( ( 2x - 18.0 ) * ( 16.0 - 63.0 ) ) )
ind: 21
( ( ( ( ( 3x * 81.0 ) + ( 2y - ( 77.0 + 9.0 ) ) ) * ( ( ( 6y - 8x ) * 9.0 ) - ( 37.0 + 7y ) ) ) * 6x ) - 35.0 )
ind: 22
( 77.0 + ( ( 3.0 + ( ( ( 94.0 + 73.0 ) * ( 45.0 - 5y ) ) + ( 9x * ( 8.0 - 13.0 ) ) ) ) + 50.0 ) )
ind: 23
( ( ( ( 80.0 + ( ( 24.0 * 43.0 ) - ( 4.0 - 24.0 ) ) ) * ( 14.0 + ( 14.0 + 8x ) ) ) + 39.0 ) * ( ( 2x + 7y ) + ( 80.0 + 1x ) ) )
ind: 24
( ( ( 7.0 * ( 4y * ( ( 7y + 8.0 ) * 45.0 ) ) ) - ( ( ( 1y * 6.0 ) + 71.0 ) + ( 60.0 + 3y ) ) ) + ( ( 42.0 - ( 10y - ( ( 10y * 8x ) - 5y ) ) ) * ( 95.0 * 1y ) ) )
ind: 25
( 5x * ( 1y * ( 11.0 - 6x ) ) )
ind: 26
( ( ( 54.0 * 4y ) + 7y ) * ( ( ( 6y - 24.0 ) - 10x ) + 41.0 ) )
ind: 27
( 5x * ( ( ( ( 8y + ( 30.0 - 8x ) ) * 72.0 ) + 16.0 ) - ( 86.0 + 10.0 ) ) )
ind: 28
( ( 72.0 + 55.0 ) - ( ( ( 3x * ( 42.0 - ( 6.0 - 66.0 ) ) ) * 5x ) * ( 17.0 + ( 5y * ( 46.0 - 96.0 ) ) ) ) )
ind: 29
( ( 8x + 9y ) - 85.0 )
ind: 30
( ( ( ( ( 30.0 + 19.0 ) - 80.0 ) - ( 10x + ( 2y * 2x ) ) ) - 6x ) + ( ( 79.0 + ( 10y + 88.0 ) ) * ( 8x - 7.0 ) ) )
ind: 31
( ( ( 19.0 - 4.0 ) + ( 44.0 - ( ( ( 9y + 4y ) - 4y ) + ( 7y + ( 2x + 2x ) ) ) ) ) * 2x )
ind: 32
( ( ( 1x + ( 89.0 - ( ( 4y * 90.0 ) + ( 9y * 5x ) ) ) ) + ( ( 1x * 83.0 ) + 59.0 ) ) - 4y )
ind: 33
( ( 28.0 + 1x ) * 10y )
ind: 34
( 22.0 + ( ( 12.0 * 9x ) - ( ( ( ( 14.0 + 3y ) + ( 7x + 67.0 ) ) * 4x ) * 5y ) ) )
ind: 35
( ( ( 4x - ( 96.0 - ( 2y * 40.0 ) ) ) - 29.0 ) - 5y )
ind: 36
( ( ( 2y - 85.0 ) - ( 9x * 42.0 ) ) + 5x )
ind: 37
( ( 83.0 - ( 10x + ( 10x + 77.0 ) ) ) - ( ( ( ( 7y + ( 88.0 + 6x ) ) + 90.0 ) * 2.0 ) + 4x ) )
ind: 38
( 65.0 - ( ( 8x * 11.0 ) - ( 55.0 - 3y ) ) )
ind: 39
( ( 1y * 69.0 ) * ( ( ( ( ( 7x - 76.0 ) + ( 83.0 + 2y ) ) * 45.0 ) + 1y ) + 6.0 ) )
ind: 40
( ( ( ( ( ( 5y * 4x ) * ( 45.0 * 1x ) ) - ( ( 52.0 + 41.0 ) + 24.0 ) ) - ( 87.0 + 3.0 ) ) + 43.0 ) * ( ( 7y - 6x ) - 3y ) )
ind: 41
( ( ( ( ( 60.0 * ( 7x - 8x ) ) + 65.0 ) + ( 43.0 * 100.0 ) ) + 66.0 ) + ( 7y - 2x ) )
ind: 42
( ( 30.0 - ( ( 1x - 98.0 ) - ( ( 8y - ( 62.0 + 97.0 ) ) * 2y ) ) ) - 8y )
ind: 43
( ( ( ( 5x - 8y ) * 4y ) * 7x ) - ( ( 5x - ( ( 83.0 - ( 9y + 58.0 ) ) * ( 5.0 * 8y ) ) ) + ( ( ( 36.0 - 10y ) + 67.0 ) * ( ( ( 9y * 58.0 ) - ( 95.0 - 7y ) ) * 3y ) ) ) )
ind: 44
( ( ( ( 83.0 - ( 4y + ( 67.0 - 9y ) ) ) - 58.0 ) - ( ( ( 4x - 66.0 ) * ( 2x + ( 77.0 - 10x ) ) ) * ( 8.0 - 8.0 ) ) ) * 50.0 )
ind: 45
( ( 70.0 - ( ( ( 22.0 * 2x ) * 1y ) + ( ( ( 9x + 55.0 ) + 42.0 ) - ( ( 49.0 - 7x ) - 1y ) ) ) ) * ( ( ( ( 10y + ( 2x - 63.0 ) ) - ( ( 44.0 + 71.0 ) * ( 9y - 2y ) ) ) + 90.0 ) - 73.0 ) )
ind: 46
( ( 1y - 7x ) - ( 12.0 - ( 33.0 - 6y ) ) )
ind: 47
( 10x * ( ( 3x + ( 4y - ( 92.0 * 4y ) ) ) - 67.0 ) )
ind: 48
( ( ( ( ( ( 1.0 * 5y ) - ( 6y * 43.0 ) ) + ( ( 49.0 + 7y ) - 72.0 ) ) + ( ( ( 13.0 * 53.0 ) + 7y ) + ( ( 4.0 - 42.0 ) + ( 6x * 1x ) ) ) ) * ( ( ( ( 64.0 + 6x ) - ( 3x * 3.0 ) ) + ( 8x - ( 9x - 5x ) ) ) - 82.0 ) ) - 9y )
ind: 49
( ( ( ( 34.0 * ( 5x - ( 33.0 - 83.0 ) ) ) * 3y ) * 30.0 ) - 98.0 )
ind: 50
( 6x - 7y )
ind: 51
( ( 9y + ( ( ( 9y - 5x ) - ( ( 14.0 - 1x ) + ( 10x - 86.0 ) ) ) - ( 5y - ( ( 5y * 7y ) - ( 4.0 + 6x ) ) ) ) ) + ( 3x - 5.0 ) )
ind: 52
( ( ( 4x * ( 24.0 + ( 69.0 - 8y ) ) ) + 34.0 ) + ( 67.0 + 4y ) )
ind: 53
( ( 88.0 - ( 3x + ( 22.0 - 57.0 ) ) ) * ( ( ( 3y + ( ( 89.0 * 3y ) * ( 50.0 * 7y ) ) ) - 10y ) + ( ( ( 9x - ( 76.0 + 5x ) ) * 3y ) + ( ( 4x * 4y ) + ( ( 49.0 * 8y ) + 91.0 ) ) ) ) )
ind: 54
( ( ( ( ( 2y + ( 93.0 + 78.0 ) ) - ( ( 9x * 12.0 ) + ( 94.0 - 9x ) ) ) - ( ( ( 5y + 81.0 ) + ( 7x + 4y ) ) - ( ( 87.0 + 5y ) * 8x ) ) ) - ( ( 23.0 - 5x ) + ( ( 50.0 + ( 5x + 43.0 ) ) + ( 11.0 - ( 9x * 3y ) ) ) ) ) * 99.0 )
ind: 55
( ( ( ( ( 36.0 + ( 41.0 + 7y ) ) - ( 49.0 * ( 19.0 * 10x ) ) ) - ( 9x + 11.0 ) ) * ( 8y + ( ( 6.0 + 2x ) + 87.0 ) ) ) * ( ( ( 2y + 2y ) - 72.0 ) * ( 15.0 + ( 2y * 3.0 ) ) ) )
ind: 56
( ( ( 33.0 - ( 5x + 41.0 ) ) * ( ( ( 41.0 - 1y ) + 5y ) + 21.0 ) ) - ( 15.0 - ( ( ( 41.0 - 5x ) - 7y ) + ( ( 64.0 - ( 3x + 6y ) ) * ( 9y + 5y ) ) ) ) )
ind: 57
( ( ( ( ( ( 6.0 * 6y ) * ( 10x - 5x ) ) - ( ( 35.0 + 4y ) * ( 7y * 18.0 ) ) ) + ( 100.0 + ( ( 9y - 1y ) - ( 21.0 * 10x ) ) ) ) * ( 2x - ( ( ( 10.0 - 7x ) + ( 17.0 + 5x ) ) * ( ( 4x - 79.0 ) + ( 10x - 4x ) ) ) ) ) + ( ( ( ( 95.0 * 78.0 ) + 5y ) + 38.0 ) - ( ( 65.0 + ( 61.0 + 4x ) ) * 6x ) ) )
ind: 58
( ( 3y + ( 9x * ( 10.0 * 10.0 ) ) ) - ( ( 7x * ( ( 53.0 + ( 6x - 50.0 ) ) - 5y ) ) * 45.0 ) )
ind: 59
( ( 5x - 36.0 ) - ( 4y * ( ( 3x - 3y ) * ( 1y + ( 8x - ( 12.0 + 4y ) ) ) ) ) )
ind: 60
( ( ( ( ( 5.0 - 95.0 ) + ( 23.0 * ( 9x + 51.0 ) ) ) * 12.0 ) - 2y ) - 35.0 )
ind: 61
( ( 31.0 - ( ( 6y - ( 74.0 + ( 42.0 * 8x ) ) ) + ( ( 45.0 + 81.0 ) + ( ( 8x * 3y ) - ( 6x + 4y ) ) ) ) ) - 44.0 )
ind: 62
( ( 9x * 8x ) + ( ( ( 6y + ( ( 7x + 58.0 ) - ( 4x * 6.0 ) ) ) - ( 4x - ( 8y + ( 33.0 * 12.0 ) ) ) ) * 6y ) )
ind: 63
( 34.0 - ( ( ( 6x * ( 5x + ( 28.0 + 9x ) ) ) - ( ( ( 7x - 3x ) * 2y ) + 1x ) ) - ( 55.0 + ( ( 1y * ( 7.0 - 38.0 ) ) + 7x ) ) ) )
ind: 64
( ( 1y * ( ( 2x + 4y ) * ( ( 6y - 4y ) - ( 6y * ( 95.0 * 4x ) ) ) ) ) + 48.0 )
ind: 65
( 2x - ( 6y * 2x ) )
ind: 66
( 100.0 + ( ( 5x + 23.0 ) - 8y ) )
ind: 67
( ( ( ( 1x + ( 2x + ( 10y - 4x ) ) ) - ( ( ( 6y - 73.0 ) + 10y ) * ( 49.0 - ( 4x - 22.0 ) ) ) ) - ( ( ( 10y * 10y ) * ( ( 1y - 49.0 ) - ( 87.0 + 22.0 ) ) ) * ( 34.0 + 6x ) ) ) - 29.0 )
ind: 68
( 8y - ( 3y + 5x ) )
ind: 69
( 4y * 9x )
ind: 70
( ( ( ( ( ( 10y - 81.0 ) - ( 57.0 - 68.0 ) ) - 10y ) * 49.0 ) * 4y ) - 1x )
ind: 71
( ( 7y - ( ( 84.0 * 98.0 ) - 6y ) ) * ( ( ( ( 54.0 - 20.0 ) + 45.0 ) + 10y ) * 3x ) )
ind: 72
( 3y + ( ( 38.0 * 6x ) + 88.0 ) )
ind: 73
( ( ( 10y + 65.0 ) * 74.0 ) * ( ( ( 7y - 4y ) * 3x ) * ( 41.0 - ( ( 12.0 - 85.0 ) + ( 3y - ( 6x - 75.0 ) ) ) ) ) )
ind: 74
( 2y + ( 8y + 2x ) )
ind: 75
( ( 6x * ( 9y + 26.0 ) ) + ( 93.0 * ( 18.0 + ( 70.0 + ( ( 63.0 * 31.0 ) * 3x ) ) ) ) )
ind: 76
( 90.0 + ( ( 4y + ( 1x - ( 90.0 - ( 5x * 30.0 ) ) ) ) * 5x ) )
ind: 77
( ( 63.0 - ( ( 10y * 6x ) + ( 76.0 - 26.0 ) ) ) * ( 5x + 92.0 ) )
ind: 78
( ( 10y - ( 61.0 + ( 9y - ( 2x + ( 97.0 - 74.0 ) ) ) ) ) * 3y )
ind: 79
( ( ( 15.0 + 8x ) - 9y ) - ( ( 18.0 + ( 3y * 58.0 ) ) - 6x ) )
ind: 80
( 20.0 + ( 7y + ( ( 97.0 * 63.0 ) * ( ( 3x + ( 93.0 * 8y ) ) * 80.0 ) ) ) )
ind: 81
( ( ( 6x + 3x ) + ( ( ( ( 7x * 2x ) - ( 13.0 - 43.0 ) ) + ( ( 2y * 9x ) - 87.0 ) ) - 10y ) ) + 62.0 )
ind: 82
( ( 8x * 9x ) * 2y )
ind: 83
( ( ( ( 1x - ( 76.0 - ( 97.0 * 4y ) ) ) - ( 6x + ( ( 29.0 + 2y ) - ( 49.0 + 12.0 ) ) ) ) - 80.0 ) + 21.0 )
ind: 84
( ( ( ( ( ( 31.0 - 6x ) + ( 10x * 3y ) ) + 67.0 ) * ( ( 16.0 + 8y ) - ( ( 72.0 * 4x ) - ( 75.0 - 1y ) ) ) ) + 1y ) - ( ( ( ( 98.0 * 20.0 ) - ( 2y + ( 42.0 + 37.0 ) ) ) - ( 8x * ( 79.0 * ( 9.0 * 61.0 ) ) ) ) * ( ( 6x - ( ( 4x * 8.0 ) + 42.0 ) ) + ( 2y * ( ( 6x - 2.0 ) + ( 98.0 + 9y ) ) ) ) ) )
ind: 85
( ( ( ( ( ( 86.0 + 3x ) * 1x ) + ( 20.0 + 45.0 ) ) + ( 51.0 * 57.0 ) ) - 76.0 ) - ( ( 7x * 73.0 ) + ( ( 10x * ( ( 8y * 6x ) + 5x ) ) + ( ( 65.0 + 90.0 ) * ( 9x * ( 6x - 2y ) ) ) ) ) )
ind: 86
( ( ( ( ( ( 4y + 88.0 ) * ( 72.0 * 21.0 ) ) * 1x ) * ( 59.0 + ( ( 1.0 - 3y ) + 3x ) ) ) * ( ( ( 74.0 + 8x ) - 70.0 ) - ( 9y - ( 4.0 * ( 62.0 * 68.0 ) ) ) ) ) + ( 8y * 9y ) )
ind: 87
( ( ( 5y * ( 93.0 - ( ( 6x + 9y ) * ( 15.0 * 8x ) ) ) ) + 8x ) + ( 2x * ( 13.0 * 20.0 ) ) )
ind: 88
( 85.0 * ( ( ( ( ( 24.0 - 1x ) + 8y ) * 4y ) - ( 2x - ( ( 1x + 1x ) * ( 5x - 6x ) ) ) ) * 88.0 ) )
ind: 89
( ( 83.0 - ( ( ( 11.0 + 32.0 ) + ( 52.0 + ( 97.0 + 87.0 ) ) ) * 2y ) ) * 8x )
ind: 90
( ( ( 94.0 - 3x ) - 31.0 ) - ( 4y + 20.0 ) )
ind: 91
( ( 5y - 67.0 ) * ( ( 28.0 - ( 81.0 + 17.0 ) ) + ( 7x - ( 68.0 * 10y ) ) ) )
ind: 92
( ( ( 65.0 + ( 15.0 - 10y ) ) - 8x ) - ( ( 3y - 3x ) * ( 42.0 * 10y ) ) )
ind: 93
( 37.0 * ( 3y * ( 9y + ( ( 2y + 5y ) * ( ( 96.0 * 3x ) - ( 5x + 3x ) ) ) ) ) )
ind: 94
( 8y - ( ( 12.0 + 11.0 ) * 5x ) )
ind: 95
( ( ( ( 4y + 4y ) - ( 62.0 + ( 79.0 - 7.0 ) ) ) + ( ( ( 2x + ( 9y - 61.0 ) ) + ( ( 99.0 * 7x ) + ( 26.0 * 7x ) ) ) + ( 79.0 * 1x ) ) ) - ( 87.0 * 7x ) )
ind: 96
( 9y * ( ( 2y - 8x ) * 1x ) )
ind: 97
( 4x + ( ( ( 2y * 91.0 ) + 44.0 ) * 7x ) )
ind: 98
( 2y + ( ( ( 4x + 10y ) - ( ( ( 5x + 1y ) * ( 10.0 - 8x ) ) * ( 71.0 + 6y ) ) ) - 71.0 ) )
ind: 99
( 3y * 9x )
ind: 100
( ( 10x * 8y ) + 10x )
ind: 101
( ( ( 76.0 + ( ( ( 6x * 1x ) - 1y ) + 24.0 ) ) + 10y ) - ( ( ( 81.0 - 7x ) - ( ( 39.0 + 19.0 ) * 63.0 ) ) + 6y ) )
ind: 102
( ( 39.0 + ( ( ( 10x * ( 93.0 * 5x ) ) * 94.0 ) - ( 4y - ( ( 6x - 2x ) + ( 59.0 - 9y ) ) ) ) ) + 84.0 )
ind: 103
( ( ( 10y - 9x ) - 9x ) - ( ( ( ( ( 1x - 47.0 ) + 4x ) - 46.0 ) - ( 3y * 75.0 ) ) * 10x ) )
ind: 104
( ( ( ( 12.0 * 7x ) + ( ( ( 63.0 + 52.0 ) * 7.0 ) * ( 9.0 * 10x ) ) ) + ( 3y + 48.0 ) ) + ( 6y + ( 3x + ( 17.0 + ( 5y - 73.0 ) ) ) ) )
ind: 105
( ( 8y - 75.0 ) * ( ( 52.0 * 44.0 ) - 6x ) )
ind: 106
( ( ( ( ( 17.0 - 41.0 ) - ( 5y - 3x ) ) + 79.0 ) * ( ( ( ( 99.0 + 4x ) - ( 25.0 * 30.0 ) ) * 10x ) * ( 6x - ( 7x * ( 20.0 + 8.0 ) ) ) ) ) - ( ( 10x + ( 6y * ( 64.0 + ( 5.0 + 2x ) ) ) ) - ( 36.0 + 67.0 ) ) )
ind: 107
( 10x * ( 4x - ( ( 10y * 97.0 ) * ( ( 12.0 - ( 1x - 8y ) ) - 2y ) ) ) )
ind: 108
( 5y * ( 9y * 7x ) )
ind: 109
( ( ( ( ( ( 8y + 2x ) - ( 100.0 * 9y ) ) - 9y ) - ( 71.0 - ( 9x - 24.0 ) ) ) * ( 85.0 * 87.0 ) ) + 10y )
ind: 110
( 6x + ( ( ( ( 21.0 - ( 78.0 * 3x ) ) - 83.0 ) * ( ( ( 67.0 - 3x ) - ( 3y - 34.0 ) ) - 2x ) ) + ( ( ( 43.0 + 4y ) + ( ( 3y * 31.0 ) + 8x ) ) * ( ( ( 95.0 + 11.0 ) + ( 86.0 * 6x ) ) * ( 5y - 10y ) ) ) ) )
ind: 111
( 7x - ( ( 3y + 3y ) * ( ( ( ( 2x - 4x ) * ( 4x + 52.0 ) ) * ( ( 9x - 10y ) - ( 1y + 82.0 ) ) ) * 51.0 ) ) )
ind: 112
( 58.0 * ( ( ( 8x + 47.0 ) + ( 5y * ( ( 79.0 + 4y ) - 1x ) ) ) * ( 2y - ( ( ( 3x + 93.0 ) + ( 9y * 32.0 ) ) + 72.0 ) ) ) )
ind: 113
( 29.0 * ( 6y + ( 9y * ( ( 5y - ( 3y * 46.0 ) ) * 5x ) ) ) )
ind: 114
( 82.0 - ( ( 8y - 4y ) * ( ( 6x * 14.0 ) + ( ( ( 8y + 3y ) * ( 36.0 * 1y ) ) + ( ( 51.0 + 3y ) - ( 2y - 82.0 ) ) ) ) ) )
ind: 115
( ( ( ( 3.0 * ( ( 40.0 + 7y ) + ( 9x - 67.0 ) ) ) + ( ( ( 8.0 - 6y ) + ( 10y * 7y ) ) * ( 37.0 + ( 1x * 88.0 ) ) ) ) + 65.0 ) * ( ( ( 65.0 + 96.0 ) * ( 5y * 10x ) ) - ( ( 6.0 - 2x ) - ( 70.0 - 73.0 ) ) ) )
ind: 116
( 54.0 - ( 5y * 5x ) )
ind: 117
( ( ( ( 54.0 - 4y ) * 4x ) + 3y ) * ( 7.0 * 8x ) )
ind: 118
( ( 4x * ( ( 98.0 + ( ( 1y * 64.0 ) * 7y ) ) + ( ( ( 79.0 - 3x ) - ( 21.0 + 54.0 ) ) * 10x ) ) ) * 7x )
ind: 119
( ( 15.0 - ( 41.0 - 10y ) ) - 9x )
ind: 120
( ( ( ( ( 9x + 7x ) - 67.0 ) * 38.0 ) + 7x ) + ( ( ( 82.0 - ( 7y * ( 14.0 - 4y ) ) ) - 4y ) * ( ( ( ( 85.0 * 48.0 ) * ( 38.0 + 2y ) ) + 1y ) * 10x ) ) )
ind: 121
( ( ( 18.0 - ( 47.0 - 3x ) ) - ( ( ( 46.0 - ( 4y * 2y ) ) * ( 8y * 10x ) ) * ( 7x + 7x ) ) ) - 5x )
ind: 122
( ( 8y + ( 4x * 20.0 ) ) + 45.0 )
ind: 123
( ( 38.0 + 7y ) - 5x )
ind: 124
( ( ( ( 9y - 10x ) - ( ( 9y + 7y ) + 84.0 ) ) + 8y ) * 2x )
ind: 125
( ( 6y + 4x ) - ( 47.0 + ( 8x - ( 7y * 7y ) ) ) )
ind: 126
( ( ( ( ( 86.0 * 6x ) - ( ( 2x + 8x ) * 21.0 ) ) - ( ( 8.0 - ( 3x - 5y ) ) - ( ( 2x + 2y ) * 3y ) ) ) - ( ( ( ( 98.0 - 2y ) + 6y ) - ( 17.0 * 99.0 ) ) - ( 80.0 * ( 6y + ( 2x * 37.0 ) ) ) ) ) - ( 23.0 * 24.0 ) )
ind: 127
( ( ( 90.0 * 8x ) - 7y ) - ( ( 16.0 + 6x ) - 9x ) )
ind: 128
( ( ( 4y + ( 4x * 7y ) ) + 10x ) + 2y )
ind: 129
( ( ( ( 1y - ( ( 90.0 + 90.0 ) * ( 5x + 5y ) ) ) - 4x ) * 73.0 ) * ( ( ( ( ( 52.0 * 9y ) - 89.0 ) - ( ( 29.0 + 3y ) * 6y ) ) * ( ( 33.0 - 31.0 ) - 45.0 ) ) + 8x ) )
ind: 130
( 43.0 * ( 5x - ( 29.0 + ( 2y * ( ( 4y * 4y ) * ( 22.0 - 1y ) ) ) ) ) )
ind: 131
( ( ( ( ( ( 91.0 - 37.0 ) + 2y ) + 1y ) - 27.0 ) - ( 6x - 83.0 ) ) * 2y )
ind: 132
( ( 5.0 * ( 5x + 9x ) ) + 9y )
ind: 133
( ( ( ( ( ( 4.0 + 1y ) + 4y ) - 8x ) + ( 4y + ( ( 4x - 1x ) + 61.0 ) ) ) + ( ( ( ( 84.0 - 86.0 ) - 56.0 ) - ( ( 9x - 47.0 ) + 6y ) ) * ( 97.0 + ( 6x + 4y ) ) ) ) * 7x )
ind: 134
( ( ( ( 3x + ( ( 7.0 - 70.0 ) - ( 7x - 70.0 ) ) ) + ( ( 9y + ( 10x - 9x ) ) + ( 2y * ( 73.0 + 32.0 ) ) ) ) * 14.0 ) - 1y )
ind: 135
( ( 7y + ( 8x + 2x ) ) - ( 10y + 75.0 ) )
ind: 136
( ( ( ( ( ( 1y * 8y ) * 81.0 ) * 1x ) * ( ( 9x - ( 4y - 3y ) ) * 72.0 ) ) * 90.0 ) + ( ( 2x + 23.0 ) + ( 6x + ( ( ( 30.0 * 10y ) * 15.0 ) * ( ( 6y - 10x ) * ( 8x - 8x ) ) ) ) ) )
ind: 137
( ( 6y + ( ( ( ( 3y - 97.0 ) * 1y ) - ( ( 7x - 8x ) + 6y ) ) - ( ( 36.0 + ( 8x - 52.0 ) ) * 72.0 ) ) ) * 1y )
ind: 138
( ( ( ( 77.0 + ( 7y - ( 79.0 - 21.0 ) ) ) - ( ( 50.0 * 89.0 ) * 3y ) ) * 5y ) - ( 6x * ( 2y + 8x ) ) )
ind: 139
( ( ( ( ( 88.0 - ( 30.0 * 31.0 ) ) * 74.0 ) * 19.0 ) * 7x ) * ( 3x - ( 5y * ( ( ( 4y * 6y ) - ( 1x * 6y ) ) * ( ( 6x - 7x ) + 4y ) ) ) ) )
ind: 140
( ( ( ( 77.0 - 50.0 ) - 4y ) - ( ( 99.0 * 9.0 ) - 45.0 ) ) * ( 10y + ( 10y * ( 7x - ( ( 9y + 88.0 ) * 38.0 ) ) ) ) )
ind: 141
( 14.0 + ( ( ( ( ( 21.0 + 2y ) * 58.0 ) - 8x ) + 90.0 ) * 30.0 ) )
ind: 142
( ( 4x + 43.0 ) - 10y )
ind: 143
( ( 32.0 - ( ( 6x * 3y ) * 24.0 ) ) * 2x )
ind: 144
( ( ( ( 6x - ( 53.0 - 10y ) ) + 10y ) - 41.0 ) + 32.0 )
ind: 145
( 7y - ( 26.0 * ( ( ( 10.0 * ( 1y * 7x ) ) * ( 7x * 10x ) ) - ( ( 80.0 - 10y ) * ( 30.0 * 88.0 ) ) ) ) )
ind: 146
( ( 9x + ( ( ( 80.0 + 2y ) + 10y ) + 82.0 ) ) * ( 55.0 - 51.0 ) )
ind: 147
( ( 73.0 * 92.0 ) + ( ( ( 60.0 - 16.0 ) * ( ( 4x + 3y ) + 86.0 ) ) * ( ( ( ( 66.0 + 5y ) + ( 33.0 - 7x ) ) - 8y ) + 8y ) ) )
ind: 148
( 2y * ( ( 51.0 + 2x ) - 3y ) )
ind: 149
( 5x * ( ( 6x - 7.0 ) * 2y ) )
ind: 150
( 4y - ( ( ( 6x * 35.0 ) * 5x ) - ( ( ( ( 10x + 8y ) + ( 26.0 + 60.0 ) ) - 44.0 ) - 5y ) ) )
ind: 151
( 4x * ( 5y * 88.0 ) )
ind: 152
( ( 62.0 + ( ( 14.0 * ( ( 8y + 3y ) * ( 5y * 91.0 ) ) ) - ( ( ( 20.0 - 1y ) * 27.0 ) - ( ( 81.0 - 2.0 ) * ( 40.0 + 9x ) ) ) ) ) - ( 8y * 3y ) )
ind: 153
( ( 32.0 * ( ( ( ( 82.0 + 59.0 ) - 1y ) * ( ( 5x + 9x ) + ( 8y * 10y ) ) ) - 79.0 ) ) * ( ( 53.0 * 9x ) + 4y ) )
ind: 154
( ( 77.0 * ( 81.0 - 4y ) ) - ( 8x - ( ( ( 10y * 10x ) - 89.0 ) - ( ( ( 99.0 + 1.0 ) - ( 9x + 29.0 ) ) + ( ( 57.0 + 2y ) - 5y ) ) ) ) )
ind: 155
( ( 38.0 + ( 6y + 5x ) ) + ( 5x - 2y ) )
ind: 156
( ( ( ( ( ( 4x - 1x ) - 8y ) * 2y ) - 5y ) - ( 2.0 + ( ( 1x - 26.0 ) * 26.0 ) ) ) + 90.0 )
ind: 157
( ( 7y + ( 4x - ( ( 99.0 * ( 9y - 42.0 ) ) - ( 65.0 + 96.0 ) ) ) ) + ( ( ( 1y * 1.0 ) + 45.0 ) * ( ( ( 90.0 + ( 4y - 10x ) ) + ( 40.0 * 5x ) ) * ( 8y + 4y ) ) ) )
ind: 158
( ( ( ( ( 8.0 * 95.0 ) - ( 49.0 - 9y ) ) * 59.0 ) + ( 2y * ( ( 7.0 - ( 5x + 6x ) ) - ( 1x + 1x ) ) ) ) - 8x )
ind: 159
( 99.0 + ( ( 2y - ( 8y + ( 7x + 5x ) ) ) - ( 5y - ( ( ( 2y - 56.0 ) - ( 3y - 87.0 ) ) - ( ( 7y * 6y ) + 10x ) ) ) ) )
ind: 160
( ( 1.0 + ( 73.0 * 3x ) ) * 5y )
ind: 161
( ( ( 9x - ( ( 9.0 + 4y ) * 1x ) ) + ( ( ( ( 63.0 * 6y ) - 10x ) * ( ( 3.0 + 53.0 ) * 1y ) ) * ( ( ( 48.0 - 37.0 ) - 1y ) * ( ( 5x - 83.0 ) - ( 2x - 40.0 ) ) ) ) ) + 1x )
ind: 162
( ( 91.0 * ( ( 75.0 - ( ( 10y * 4x ) * 3x ) ) + ( 5y + 2y ) ) ) - 15.0 )
ind: 163
( ( 5x - ( 8y * 1x ) ) - 89.0 )
ind: 164
( 7y - 6x )
ind: 165
( 29.0 * ( ( ( ( ( 89.0 + 2x ) * ( 1x * 3x ) ) - ( 2y * ( 10y * 30.0 ) ) ) - 7x ) + ( ( 22.0 * 2x ) - 16.0 ) ) )
ind: 166
( ( ( ( 24.0 + 69.0 ) - 44.0 ) + ( 2x - ( ( 7x - 45.0 ) + 5y ) ) ) - 2.0 )
ind: 167
( 8y - 2x )
ind: 168
( 5x - ( 2y - ( 3y - 3x ) ) )
ind: 169
( ( ( 72.0 - 6y ) + ( 86.0 * ( ( ( 56.0 - 9x ) + 7x ) + ( 32.0 - 7y ) ) ) ) * ( 15.0 - ( ( ( 98.0 * 4x ) - ( 68.0 - 74.0 ) ) - ( 64.0 + ( ( 5.0 + 3x ) * 4y ) ) ) ) )
ind: 170
( ( ( 9x + ( 20.0 - ( 40.0 * ( 57.0 * 74.0 ) ) ) ) * 5y ) - ( ( 9.0 - ( ( 1x * ( 3y + 61.0 ) ) + 43.0 ) ) * ( 95.0 - ( 79.0 - 65.0 ) ) ) )
ind: 171
( ( 14.0 - 1y ) + ( ( ( ( 6x * 29.0 ) - 1y ) * ( 8y - 6x ) ) * ( 58.0 * 37.0 ) ) )
ind: 172
( 61.0 + ( ( ( ( 8x * ( 71.0 + 88.0 ) ) - 31.0 ) - ( 46.0 - 6y ) ) + 62.0 ) )
ind: 173
( ( 9x + ( ( ( 23.0 + ( 5x + 4y ) ) - ( ( 2y * 39.0 ) - 55.0 ) ) + 28.0 ) ) - 88.0 )
ind: 174
( ( ( ( 100.0 * 7y ) - 75.0 ) - ( ( 91.0 * ( ( 4x + 6y ) - ( 3.0 + 30.0 ) ) ) - 2x ) ) + ( ( ( ( ( 5x + 2x ) + ( 1y * 10y ) ) + 19.0 ) * 63.0 ) * 48.0 ) )
ind: 175
( ( 5y * 1x ) + 8y )
ind: 176
( ( 2y - 5y ) * ( ( ( 7y - 4x ) * ( 8x - 9y ) ) + 5y ) )
ind: 177
( ( ( 96.0 - 57.0 ) * ( 45.0 + 7x ) ) * ( ( ( ( ( 44.0 * 14.0 ) - ( 6.0 * 23.0 ) ) * 7x ) - ( ( 1x * 4x ) * 24.0 ) ) - ( ( ( 3x - 1x ) - ( ( 97.0 * 5y ) + ( 58.0 * 68.0 ) ) ) - ( 14.0 + 9y ) ) ) )
ind: 178
( 27.0 - ( ( ( 9y * ( 3y + ( 7x + 29.0 ) ) ) + 54.0 ) - ( 83.0 - ( 87.0 - 6y ) ) ) )
ind: 179
( ( 55.0 + ( 88.0 - ( 7y * ( ( 2x + 7y ) + 83.0 ) ) ) ) + ( ( 2y - ( ( 2x + 4y ) + 32.0 ) ) * ( ( 26.0 - ( 35.0 * ( 15.0 - 30.0 ) ) ) * ( ( 10x + 29.0 ) - ( ( 4y * 29.0 ) + ( 8y - 52.0 ) ) ) ) ) )
ind: 180
( 53.0 + ( ( ( 97.0 - ( 1x * 87.0 ) ) - 3y ) * ( ( 6y * 6y ) + 17.0 ) ) )
ind: 181
( ( 9x + 52.0 ) + ( ( ( 2y * ( ( 37.0 - 3.0 ) * ( 10y - 9.0 ) ) ) - 10y ) * 5y ) )
ind: 182
( ( 3y + ( ( ( 10y - 35.0 ) - ( ( 22.0 + 53.0 ) - 6x ) ) * 2y ) ) - ( ( ( ( ( 81.0 - 8x ) + ( 69.0 * 9x ) ) + ( 2x * 76.0 ) ) * ( 62.0 - ( ( 9x * 5y ) * ( 47.0 * 6x ) ) ) ) * ( ( ( ( 5x * 56.0 ) - 77.0 ) * ( 7y - ( 63.0 + 1y ) ) ) * ( ( ( 52.0 * 3x ) + ( 52.0 * 34.0 ) ) + 3x ) ) ) )
ind: 183
( ( ( ( ( ( 97.0 * 93.0 ) * 6x ) - 79.0 ) * 36.0 ) - ( ( ( 1y + 6y ) + ( ( 6.0 * 53.0 ) + 2x ) ) + 32.0 ) ) - 92.0 )
ind: 184
( ( ( ( 66.0 - 9x ) * ( 9y + 2y ) ) + 76.0 ) - ( ( 1y - ( ( ( 7y * 19.0 ) - 4y ) + 67.0 ) ) + 10x ) )
ind: 185
( ( 9y - ( ( ( ( 6x * 44.0 ) * ( 6y - 5x ) ) + 7x ) * 79.0 ) ) + 43.0 )
ind: 186
( ( ( ( ( ( 24.0 * 3x ) - ( 16.0 * 97.0 ) ) * 6y ) * 1x ) - ( 7x - ( ( ( 26.0 - 10x ) + 4x ) + ( 4.0 + ( 60.0 - 97.0 ) ) ) ) ) + ( 94.0 + 22.0 ) )
ind: 187
( ( 10x + ( 9y + 47.0 ) ) + ( ( 49.0 + ( ( ( 5y * 9y ) + ( 63.0 * 9y ) ) - 6x ) ) * ( ( ( 35.0 * 58.0 ) * ( 2x + 10x ) ) + 64.0 ) ) )
ind: 188
( ( 4y - ( ( 61.0 + ( 47.0 * ( 7x * 88.0 ) ) ) * 21.0 ) ) + ( 16.0 + ( ( ( ( 8y * 98.0 ) + 87.0 ) - ( ( 56.0 + 9y ) - ( 85.0 * 83.0 ) ) ) + 10y ) ) )
ind: 189
( ( ( ( 1x * 13.0 ) - ( 9y - ( ( 3x * 7y ) + 28.0 ) ) ) * 10x ) * 95.0 )
ind: 190
( ( ( ( ( 1x * 5y ) * 2y ) - ( ( 26.0 - ( 5y * 45.0 ) ) + 1x ) ) * ( 65.0 * 2y ) ) - 66.0 )
ind: 191
( ( ( 9x - 10x ) + ( ( ( 2y * ( 19.0 * 23.0 ) ) * ( 8y * 6x ) ) - ( ( 10x + 4.0 ) - ( ( 77.0 * 4x ) - ( 9x * 94.0 ) ) ) ) ) + ( 9y + 70.0 ) )
ind: 192
( 2y + 7x )
ind: 193
( ( ( ( ( 3x * ( 8x + 2x ) ) * 7x ) * ( ( 50.0 * 69.0 ) - ( ( 68.0 - 58.0 ) - 85.0 ) ) ) * ( 8y - 3x ) ) * 11.0 )
ind: 194
( ( ( 63.0 + ( 6y - ( 4x * 1y ) ) ) + 57.0 ) * 62.0 )
ind: 195
( ( ( ( 97.0 - 8x ) + 9y ) - 8x ) * ( 9.0 + 2x ) )
ind: 196
( 15.0 * ( ( 6y * 1x ) - 4y ) )
ind: 197
( 5y + ( ( 5y - ( 29.0 - 5x ) ) - 6x ) )
ind: 198
( 6x - ( 99.0 - ( ( ( ( 36.0 * 62.0 ) * ( 7x * 1x ) ) - ( ( 3y * 6y ) - ( 9.0 * 27.0 ) ) ) + 45.0 ) ) )
ind: 199
( ( ( ( ( 7x - ( 10y + 3.0 ) ) - 10x ) - 9x ) + ( 7y - ( 1x * 3y ) ) ) - ( ( ( 80.0 - ( ( 9x * 3y ) - 10x ) ) * ( 92.0 + ( ( 63.0 + 2x ) - 6x ) ) ) - ( 19.0 + ( 71.0 * ( 41.0 * ( 7x + 2y ) ) ) ) ) )
ind: 200
( ( ( ( ( 63.0 * 6y ) - 9x ) * ( ( ( 4x - 33.0 ) - 39.0 ) + 10x ) ) * 8x ) + ( ( ( 62.0 * 6x ) * 2x ) - 1y ) )
ind: 201
( ( ( ( 10y * ( 55.0 + ( 8y - 7.0 ) ) ) * 96.0 ) * ( 12.0 - 6x ) ) - ( ( 15.0 + 91.0 ) - 4x ) )
ind: 202
( 4x + ( ( 4x + ( ( ( 45.0 + 56.0 ) + 64.0 ) - 7y ) ) - ( ( ( 89.0 + 1y ) - ( 4x - 2x ) ) * 52.0 ) ) )
ind: 203
( ( 6x - ( 9y - 4.0 ) ) - 5y )
ind: 204
( ( ( 23.0 + 60.0 ) - ( ( 4x + 10y ) * ( 7x * ( 10x + 18.0 ) ) ) ) * ( ( ( ( 89.0 - ( 5.0 * 8x ) ) * ( ( 9y - 10x ) - ( 35.0 * 8.0 ) ) ) - ( ( 85.0 + ( 5x - 5y ) ) - ( 5x - 28.0 ) ) ) + ( 68.0 + 9x ) ) )
ind: 205
( ( ( ( ( 28.0 - ( 4y * 3x ) ) - ( ( 9y - 1y ) + 69.0 ) ) + 2x ) * 3y ) * ( 4x - 7x ) )
ind: 206
( ( 4y * ( ( 82.0 + 7y ) - 39.0 ) ) + ( 96.0 - ( 44.0 - ( ( ( 82.0 + 8x ) * ( 39.0 + 3y ) ) * 8.0 ) ) ) )
ind: 207
( ( 4x + ( 1y - ( 1y - 81.0 ) ) ) * ( ( 24.0 * 7y ) + ( 74.0 - ( 2x - ( 6x * ( 46.0 * 8y ) ) ) ) ) )
ind: 208
( ( ( ( ( ( 3x - 10x ) - ( 20.0 * 1y ) ) + 18.0 ) - 3x ) - ( ( 99.0 - 8y ) - 98.0 ) ) * 2x )
ind: 209
( ( 76.0 - ( ( ( 51.0 - 10y ) * ( ( 5x - 19.0 ) * 92.0 ) ) * 92.0 ) ) - ( ( ( 65.0 * ( 40.0 * ( 5x + 38.0 ) ) ) + 54.0 ) - ( ( 3x - ( ( 82.0 * 9y ) * ( 60.0 + 7y ) ) ) + ( 7x - ( ( 5y * 8x ) - ( 7y + 83.0 ) ) ) ) ) )
ind: 210
( ( 2y * ( ( 96.0 - ( ( 12.0 - 1x ) * 6x ) ) - 1y ) ) - 3y )
ind: 211
( ( ( ( ( 10y + ( 34.0 + 3.0 ) ) * 84.0 ) * 10x ) * ( ( 74.0 * ( 68.0 - 36.0 ) ) - 3y ) ) + ( ( ( ( 5y + 52.0 ) * 9y ) - 7.0 ) * ( 94.0 + ( 2.0 - ( ( 2y - 10y ) + 3x ) ) ) ) )
ind: 212
( ( 3y * ( ( 9x * 17.0 ) + 100.0 ) ) + 6x )
ind: 213
( 49.0 + ( ( ( 6x * ( 81.0 - ( 63.0 + 2y ) ) ) + ( ( 30.0 + ( 13.0 * 5.0 ) ) * ( 94.0 + ( 79.0 + 63.0 ) ) ) ) - ( 8y * ( ( 6x * ( 5y + 60.0 ) ) - 33.0 ) ) ) )
ind: 214
( 9y + ( ( 57.0 - 7x ) * ( 11.0 + ( ( 4.0 + ( 1x * 6.0 ) ) * ( ( 6x * 2x ) - ( 85.0 - 35.0 ) ) ) ) ) )
ind: 215
( ( 2y - ( ( ( ( 82.0 + 97.0 ) + 9x ) * 4x ) * ( ( ( 20.0 - 100.0 ) * ( 6.0 - 7y ) ) + 67.0 ) ) ) * ( ( 47.0 - ( 73.0 * 8x ) ) * ( ( ( 8y - 42.0 ) + ( 1.0 * ( 9x * 4y ) ) ) + 72.0 ) ) )
ind: 216
( 6x * ( ( 10y - 79.0 ) + 47.0 ) )
ind: 217
( ( ( 57.0 * ( ( 1y - 66.0 ) - ( ( 1y + 9x ) * 3y ) ) ) + 9y ) + 77.0 )
ind: 218
( ( ( 28.0 * 6y ) * 1y ) + ( ( ( 19.0 - ( 13.0 + ( 13.0 * 38.0 ) ) ) * ( ( ( 9x - 32.0 ) * 6x ) * ( 68.0 + ( 8x + 10x ) ) ) ) + ( 63.0 + ( ( ( 76.0 - 12.0 ) - 4x ) * 5y ) ) ) )
ind: 219
( ( ( 4x * ( 21.0 - 9y ) ) * ( 3x - ( 3x + 89.0 ) ) ) - 4x )
ind: 220
( ( ( ( 6y - ( 49.0 + 2y ) ) + ( ( ( 88.0 - 16.0 ) * 5x ) + ( ( 4x - 10x ) * 5y ) ) ) + 78.0 ) * ( ( ( 8y - ( ( 9y + 68.0 ) * 9x ) ) * ( 8x + 4y ) ) + ( ( 9.0 - ( ( 56.0 - 84.0 ) * 13.0 ) ) - 34.0 ) ) )
ind: 221
( 10y + 6x )
ind: 222
( ( 73.0 + ( ( ( 8y * 48.0 ) - ( 38.0 - ( 3x * 9x ) ) ) - 3y ) ) - ( ( 58.0 + ( ( 4y + ( 4x * 16.0 ) ) * ( 13.0 * ( 50.0 - 82.0 ) ) ) ) + 2x ) )
ind: 223
( ( ( 2.0 + 16.0 ) * 92.0 ) - ( ( 3y - ( 16.0 - ( ( 50.0 - 5y ) - 4y ) ) ) + ( 22.0 * ( 10y - 4x ) ) ) )
ind: 224
( ( 4y - ( ( ( 2y * ( 1x + 5x ) ) - 64.0 ) * ( ( 83.0 - 64.0 ) * ( ( 9.0 * 8y ) + ( 10y * 13.0 ) ) ) ) ) + ( ( 5y - 21.0 ) + 6y ) )
ind: 225
( 49.0 - ( ( 10x * 81.0 ) + 5y ) )
ind: 226
( 4x * ( ( 29.0 - ( 9y * 4y ) ) - 4x ) )
ind: 227
( 5x - 6y )
ind: 228
( ( ( ( 5x + ( ( 2x - 1y ) * ( 4x - 87.0 ) ) ) - ( 97.0 + 8.0 ) ) + ( ( ( ( 7x + 48.0 ) - 10y ) * 45.0 ) - ( ( 6y - 43.0 ) + 2y ) ) ) - ( ( ( 5y * ( 1x * ( 25.0 + 1.0 ) ) ) * ( ( 3x - ( 61.0 + 1x ) ) * ( ( 62.0 - 83.0 ) + ( 78.0 - 6.0 ) ) ) ) * ( 7.0 * 4x ) ) )
ind: 229
( 3x - ( 71.0 * ( 3x * ( 6y * ( ( 1y - 1x ) * ( 4x - 7y ) ) ) ) ) )
ind: 230
( ( ( ( 2x - ( ( 5x * 40.0 ) - 10y ) ) - ( 37.0 * 1y ) ) * 37.0 ) - ( ( 60.0 + 44.0 ) * 2x ) )
ind: 231
( ( 1x + ( ( ( ( 31.0 * 2y ) + 37.0 ) - 30.0 ) + 6.0 ) ) - 7y )
ind: 232
( ( ( ( ( 98.0 + ( 42.0 - 2x ) ) * 60.0 ) * ( 2x + 7y ) ) * ( ( 6x + ( ( 7x - 74.0 ) - ( 10y - 9x ) ) ) * 18.0 ) ) + ( 2y * 8y ) )
ind: 233
( ( ( ( ( 8x + 2x ) - 8y ) + 94.0 ) + ( ( ( ( 5.0 * 6x ) - 10y ) + 8x ) + ( ( ( 7x + 5.0 ) * ( 5x - 5x ) ) - ( ( 5x + 60.0 ) - ( 9x - 6y ) ) ) ) ) + ( 45.0 + ( 41.0 * ( 45.0 - 81.0 ) ) ) )
ind: 234
( 10x + ( ( 94.0 - ( 86.0 + ( 9.0 - ( 8y * 1x ) ) ) ) * 6y ) )
ind: 235
( ( ( 7y - ( 1.0 + ( ( 18.0 - 59.0 ) * ( 3x - 41.0 ) ) ) ) - ( 5x - 24.0 ) ) + ( ( ( ( 41.0 + 10x ) - ( ( 99.0 + 4x ) + 8x ) ) * 5x ) * 90.0 ) )
ind: 236
( 56.0 * ( 3x + 3y ) )
ind: 237
( 4y * ( ( 86.0 + ( 7x * ( ( 8y - 40.0 ) * ( 100.0 - 1x ) ) ) ) + ( 92.0 * 3.0 ) ) )
ind: 238
( ( ( 63.0 - ( ( ( 43.0 - 95.0 ) - 90.0 ) + 4.0 ) ) - ( 5y - ( ( 39.0 - 10y ) - 62.0 ) ) ) - 7x )
ind: 239
( ( ( 7y * ( 6x * 1y ) ) + 10y ) + 95.0 )
ind: 240
( ( 79.0 * ( ( ( 9y * ( 8y + 9x ) ) - 10x ) - ( ( ( 9.0 + 2x ) * ( 44.0 * 14.0 ) ) + 5y ) ) ) + ( 4y + 83.0 ) )
ind: 241
( ( 5y + ( ( ( 10y - ( 55.0 * 38.0 ) ) - ( ( 8x + 88.0 ) * 2y ) ) * ( 2y + 6x ) ) ) + ( ( ( ( ( 4y + 58.0 ) - 100.0 ) * 48.0 ) + 73.0 ) + 8y ) )
ind: 242
( 3y + 10x )
ind: 243
( 71.0 * ( ( 5x - ( ( ( 3y + 9y ) - ( 3y - 39.0 ) ) - 10.0 ) ) - ( ( 68.0 - ( 99.0 - 3y ) ) * ( 49.0 * ( ( 5y + 1x ) + 31.0 ) ) ) ) )
ind: 244
( ( ( ( 33.0 * ( ( 29.0 - 2y ) * ( 29.0 + 4x ) ) ) + 14.0 ) * 94.0 ) - 8x )
ind: 245
( 30.0 - ( ( 74.0 + ( 25.0 + ( ( 1x * 23.0 ) - 44.0 ) ) ) + ( 8y * 9x ) ) )
ind: 246
( ( ( 79.0 + 9x ) * 35.0 ) + ( ( 71.0 - ( 5x * ( ( 5y * 15.0 ) * 54.0 ) ) ) * ( 96.0 + 96.0 ) ) )
ind: 247
( ( 98.0 + 4x ) * ( ( 4y + 9x ) - ( ( ( ( 9x * 50.0 ) - ( 10x * 91.0 ) ) - 92.0 ) * 6y ) ) )
ind: 248
( ( ( ( ( ( 83.0 + 57.0 ) - 5y ) * 7y ) * ( 55.0 * ( ( 4x - 46.0 ) * ( 3x * 10x ) ) ) ) * 1y ) - 5x )
ind: 249
( ( ( 6x * 3x ) + ( 81.0 + ( ( 95.0 - ( 9y * 77.0 ) ) * 54.0 ) ) ) + 29.0 )
ind: 250
( 3.0 - ( ( 9y * ( ( 3x - 90.0 ) + 45.0 ) ) + 6x ) )
ind: 251
( ( 2x * ( 99.0 + ( 7x - 40.0 ) ) ) - ( ( ( 3x + ( 7x + 5x ) ) * ( 47.0 + 4y ) ) - ( 49.0 - ( ( 51.0 * 62.0 ) - 80.0 ) ) ) )
ind: 252
( ( ( ( ( ( 3x - 7y ) - 22.0 ) - ( 79.0 + ( 2x + 83.0 ) ) ) * 3y ) - 9y ) - 1x )
ind: 253
( ( ( 6x + 52.0 ) * 5x ) - ( ( 1y - ( 53.0 * ( ( 2y + 46.0 ) * 30.0 ) ) ) - 90.0 ) )
ind: 254
( ( ( ( ( ( 90.0 * 63.0 ) * 4x ) * ( ( 10y * 9x ) + ( 4.0 * 6x ) ) ) + 3x ) * 84.0 ) - 44.0 )
ind: 255
( 10y - ( ( 24.0 + 29.0 ) * ( 10.0 - 10x ) ) )
ind: 256
( 18.0 + ( 93.0 - ( ( ( 8y - 29.0 ) * 8.0 ) - 4x ) ) )
ind: 257
( 9y - ( ( 41.0 - ( 97.0 + ( 1.0 + ( 1x * 87.0 ) ) ) ) - ( 63.0 + 8x ) ) )
ind: 258
( ( ( ( ( 7x - ( 70.0 * 34.0 ) ) - ( 1y * 82.0 ) ) * 5x ) + 52.0 ) - 51.0 )
ind: 259
( 9y + ( 7.0 - ( ( 6x - 8x ) + 8y ) ) )
ind: 260
( ( 4y + 4y ) * ( 4x * 1x ) )
ind: 261
( 10y + ( ( ( ( ( 8y * 56.0 ) * 1x ) + 20.0 ) * ( 13.0 - 7y ) ) + ( ( ( 9.0 - ( 59.0 * 5y ) ) - ( ( 7y + 74.0 ) * ( 10x - 1y ) ) ) + 53.0 ) ) )
ind: 262
( 8x + ( 5y * 9x ) )
ind: 263
( ( ( ( 5x * 3x ) + 4x ) * 11.0 ) + ( 10y + 67.0 ) )
ind: 264
( 65.0 - ( 7x + ( 6y + 13.0 ) ) )
ind: 265
( ( 90.0 * ( ( 5x + ( ( 1x + 99.0 ) - ( 58.0 * 98.0 ) ) ) + 3y ) ) + 91.0 )
ind: 266
( 10x - ( 1y + 49.0 ) )
ind: 267
( ( 80.0 - ( ( ( ( 68.0 * 37.0 ) * ( 5y + 9.0 ) ) + ( 5y * 1x ) ) * 41.0 ) ) + ( ( 21.0 * 96.0 ) * 1x ) )
ind: 268
( ( 79.0 + 4x ) * 4y )
ind: 269
( ( 7y - ( ( 10y + ( ( 12.0 + 10x ) - 47.0 ) ) - 9x ) ) - ( ( ( 8x * ( 1.0 - 1y ) ) - 7x ) + 30.0 ) )
ind: 270
( ( 10x * 8y ) - ( 98.0 * ( 9y + ( ( ( 45.0 + 4y ) * 8x ) - ( ( 98.0 - 5y ) + 70.0 ) ) ) ) )
ind: 271
( ( ( ( ( 4x * ( 17.0 - 5y ) ) + ( 96.0 * 7.0 ) ) - 26.0 ) * ( 94.0 * 79.0 ) ) * 36.0 )
ind: 272
( 9y - ( ( 8y + ( 3y + 7x ) ) * 2y ) )
ind: 273
( ( 6x * 8y ) + 20.0 )
ind: 274
( 32.0 - ( ( ( ( 5x - ( 53.0 + 4y ) ) - ( 60.0 * 3y ) ) * ( ( 8y * 9x ) + ( ( 9y * 25.0 ) - 59.0 ) ) ) - 9x ) )
ind: 275
( ( 7x + ( ( ( 98.0 * 6.0 ) * ( ( 4x - 8.0 ) + 7.0 ) ) * ( 50.0 + ( 86.0 + ( 11.0 - 5y ) ) ) ) ) * ( 45.0 - 16.0 ) )
ind: 276
( ( ( ( ( 7x - ( 72.0 * 86.0 ) ) + ( ( 43.0 + 7y ) + 60.0 ) ) * 14.0 ) * 4y ) - 9y )
ind: 277
( 10y + ( ( ( 8y * 70.0 ) * ( ( 13.0 + ( 2y * 10.0 ) ) * ( ( 67.0 - 4x ) - ( 5x * 65.0 ) ) ) ) * ( 57.0 - 99.0 ) ) )
ind: 278
( ( 1y + 10x ) + 5x )
ind: 279
( ( ( ( ( 82.0 * ( 8x * 55.0 ) ) + ( ( 8y * 27.0 ) - 2x ) ) + ( ( ( 10x * 6x ) * ( 6y + 34.0 ) ) + ( 3x + ( 3y - 24.0 ) ) ) ) * 92.0 ) - 2x )
ind: 280
( ( 3y * ( ( ( 5.0 * ( 2y - 30.0 ) ) + 5y ) - 8x ) ) + ( ( 10x - ( ( 9y - 97.0 ) + 72.0 ) ) * 40.0 ) )
ind: 281
( ( ( 3y - ( ( ( 99.0 - 10y ) * 82.0 ) + 2y ) ) - 5x ) + ( ( ( ( 22.0 + ( 8x - 4y ) ) - ( ( 37.0 - 63.0 ) * ( 4y - 17.0 ) ) ) + ( 4y + 2y ) ) + ( ( 8.0 + 1x ) * ( ( 6y + ( 5x + 4x ) ) * 71.0 ) ) ) )
ind: 282
( ( ( 1x + ( ( ( 1y - 3y ) * 78.0 ) - ( 2.0 * 98.0 ) ) ) * ( ( ( 6x - ( 44.0 + 8.0 ) ) * ( ( 3.0 - 1y ) - ( 6y - 9y ) ) ) - 100.0 ) ) - ( 61.0 + 83.0 ) )
ind: 283
( 66.0 - ( ( ( ( ( 8y + 25.0 ) * 39.0 ) + 6y ) + ( ( ( 75.0 * 9x ) - ( 34.0 * 8x ) ) - 6x ) ) + ( ( ( 6y - 45.0 ) * 77.0 ) - ( ( 19.0 + 53.0 ) - 91.0 ) ) ) )
ind: 284
( ( ( 9x - 8y ) * 4.0 ) + 95.0 )
ind: 285
( ( 72.0 + ( 6y - ( ( 80.0 - ( 22.0 + 33.0 ) ) + ( 75.0 + ( 1y * 2y ) ) ) ) ) - ( ( ( ( ( 7y * 86.0 ) * ( 1x - 34.0 ) ) * 94.0 ) + ( 87.0 * 3x ) ) + 3x ) )
ind: 286
( ( 24.0 * ( 7.0 * 27.0 ) ) - ( ( 6y * ( 2y - ( ( 1x * 25.0 ) * ( 8y * 29.0 ) ) ) ) * ( 4x - 2y ) ) )
ind: 287
( ( 60.0 + ( 52.0 * ( 2x - ( 2y + 5y ) ) ) ) + ( 16.0 * ( 93.0 * ( ( 3y + ( 99.0 * 9.0 ) ) - ( ( 4x + 29.0 ) + ( 6x + 90.0 ) ) ) ) ) )
ind: 288
( ( ( 4y - ( 44.0 * 3x ) ) + ( ( 1y + 2x ) * 55.0 ) ) + ( 6y * ( 10y + ( ( 28.0 + 94.0 ) * ( ( 7y + 9y ) - 56.0 ) ) ) ) )
ind: 289
( ( 75.0 + ( ( 48.0 - ( ( 46.0 - 31.0 ) + ( 99.0 - 83.0 ) ) ) - 2y ) ) * ( ( 15.0 * ( ( ( 5x - 2x ) * ( 10x - 9x ) ) - ( 4y + ( 53.0 * 3x ) ) ) ) * 53.0 ) )
ind: 290
( ( 58.0 * ( 18.0 - 5y ) ) * ( 7x - ( ( ( 69.0 * ( 65.0 + 9.0 ) ) * 26.0 ) * 37.0 ) ) )
ind: 291
( ( 1x + ( ( ( ( 1x + 5y ) * 1x ) * ( ( 10y - 68.0 ) - 10x ) ) - 8y ) ) + 48.0 )
ind: 292
( ( ( 60.0 - ( ( ( 45.0 + 52.0 ) - ( 3x - 14.0 ) ) * ( 9y * 6x ) ) ) - 39.0 ) + ( ( ( ( 68.0 - ( 61.0 * 38.0 ) ) + ( ( 1y * 5y ) * ( 1x + 90.0 ) ) ) - ( 55.0 - 9y ) ) - 81.0 ) )
ind: 293
( 86.0 + ( ( ( 54.0 - 4x ) - 8.0 ) * ( 8y + 9x ) ) )
ind: 294
( 59.0 - ( 1y + 4x ) )
ind: 295
( 29.0 - ( 5x + ( 64.0 * ( 1y - ( ( 23.0 + 9x ) + ( 1x * 7x ) ) ) ) ) )
ind: 296
( ( 4x - ( 95.0 * ( 4x - 25.0 ) ) ) + 2y )
ind: 297
( 15.0 - ( ( ( 21.0 * 34.0 ) + ( ( 78.0 - 1x ) + ( 96.0 + ( 30.0 * 7x ) ) ) ) + 4y ) )
ind: 298
( 4x - ( 2y + 1y ) )
ind: 299
( ( 10x * ( 64.0 * ( 1y - 10y ) ) ) - 63.0 )
ind: 300
( 16.0 + ( ( ( ( 58.0 + ( 52.0 + 5y ) ) * 5x ) + ( ( ( 94.0 + 12.0 ) * 2y ) * ( ( 10x + 7x ) - 3x ) ) ) + ( 1x - ( ( ( 4y + 85.0 ) + ( 5x - 10x ) ) - ( 5x - ( 96.0 * 79.0 ) ) ) ) ) )
ind: 301
( ( ( ( 10x + ( ( 76.0 + 2x ) - ( 47.0 + 32.0 ) ) ) - 10y ) * ( ( ( 9x * 55.0 ) - ( 4y * 63.0 ) ) * ( ( ( 6y * 31.0 ) + ( 1y + 82.0 ) ) - 5y ) ) ) * ( 98.0 - 8x ) )
ind: 302
( ( 72.0 + 8y ) - ( 54.0 - ( 2y * ( 30.0 - 7x ) ) ) )
ind: 303
( 7y * 2x )
ind: 304
( ( 1y + ( ( 39.0 + 28.0 ) + ( 7.0 * ( ( 2y - 4y ) * 36.0 ) ) ) ) - ( ( ( 2x + 6y ) - 7y ) - 71.0 ) )
ind: 305
( ( 5y * ( 10y + ( ( ( 2y + 87.0 ) + 3y ) + 40.0 ) ) ) + ( ( 49.0 + 45.0 ) * ( 78.0 + ( ( 2y - ( 93.0 * 1x ) ) - 47.0 ) ) ) )
ind: 306
( 10y * ( ( 1x + ( ( 8x - ( 2x * 3y ) ) * ( 14.0 - 70.0 ) ) ) - ( ( 1x + ( ( 36.0 + 4y ) * ( 55.0 - 1y ) ) ) * 47.0 ) ) )
ind: 307
( ( ( ( ( 10x * ( 33.0 * 16.0 ) ) - ( 2y - 5y ) ) * 95.0 ) + 10y ) + ( ( ( 96.0 - 6x ) * 6.0 ) * ( ( 10x * 5x ) + ( 8x - ( 7y - ( 79.0 - 91.0 ) ) ) ) ) )
ind: 308
( ( ( ( 8y + 45.0 ) - ( 84.0 - ( ( 3x - 2x ) + ( 35.0 * 9y ) ) ) ) - ( ( 20.0 + 7y ) + 100.0 ) ) * ( ( ( ( 9y - 3y ) - 44.0 ) - 96.0 ) + ( ( 80.0 - ( ( 8y * 9x ) * ( 3x + 9y ) ) ) - 6.0 ) ) )
ind: 309
( ( 10x * ( ( 23.0 - 4y ) * ( 6x - ( ( 42.0 - 55.0 ) - 5y ) ) ) ) - ( ( ( 8y + 7y ) * 5x ) * ( ( ( ( 8y - 13.0 ) + 1y ) * ( ( 9y + 59.0 ) + 9x ) ) - 3x ) ) )
ind: 310
( ( ( ( 33.0 * ( ( 21.0 - 40.0 ) * 28.0 ) ) - ( 3x * ( 57.0 * 2y ) ) ) * ( ( ( 12.0 * 2y ) + ( 18.0 * ( 23.0 + 6x ) ) ) * ( ( 10y + 5y ) - 4x ) ) ) - 75.0 )
ind: 311
( ( 7y + 7x ) - 10y )
ind: 312
( ( 3x * ( ( 1y * ( ( 42.0 - 8x ) - 78.0 ) ) * ( ( ( 5x * 3y ) + ( 7y + 44.0 ) ) - ( 74.0 * ( 7x - 46.0 ) ) ) ) ) - 15.0 )
ind: 313
( ( ( ( 2x + ( 6y - 26.0 ) ) * ( 53.0 + ( ( 4y + 5y ) * 36.0 ) ) ) * ( 2y - ( ( ( 10y + 10y ) * 1x ) + ( ( 7x + 3y ) * ( 3y + 4.0 ) ) ) ) ) * 4y )
ind: 314
( 37.0 - ( ( 2y - ( ( 39.0 - 7x ) - 3x ) ) - 10x ) )
ind: 315
( 7x * ( ( 57.0 + ( 88.0 - ( ( 2x * 8y ) + 10x ) ) ) - 74.0 ) )
ind: 316
( ( ( 91.0 - ( 12.0 + ( ( 4y + 72.0 ) + ( 38.0 - 1x ) ) ) ) - 54.0 ) - ( 91.0 - ( 53.0 - 4y ) ) )
ind: 317
( ( 92.0 * ( ( 3x + ( 52.0 - 25.0 ) ) + 13.0 ) ) * 5y )
ind: 318
( ( 4y * ( ( 10x - 18.0 ) * ( 88.0 - ( ( 10y + 3y ) * ( 40.0 - 1x ) ) ) ) ) * 21.0 )
ind: 319
( ( ( ( 83.0 + ( 19.0 - 8.0 ) ) + 10y ) - ( ( 12.0 - 10y ) * 6x ) ) + ( 4x * ( ( ( 83.0 * 69.0 ) - ( ( 2x * 7x ) * ( 8x + 52.0 ) ) ) - ( 19.0 - 62.0 ) ) ) )
ind: 320
( ( 47.0 + ( 80.0 - ( ( 60.0 - ( 7y + 33.0 ) ) - 45.0 ) ) ) - ( 85.0 * ( ( ( 1y * ( 85.0 * 1y ) ) - ( ( 5y + 50.0 ) - 1y ) ) + 7x ) ) )
ind: 321
( ( ( 98.0 - 6x ) - 40.0 ) - 9y )
ind: 322
( ( ( ( 3x * 4x ) - ( ( ( 71.0 + 4y ) * 3x ) * 7y ) ) * 2x ) + ( ( 6.0 - 1x ) + ( 4x + 7y ) ) )
ind: 323
( ( ( 70.0 + ( 3x - 8x ) ) - ( 88.0 - ( ( 4x * 6x ) * ( ( 59.0 + 10x ) - 1.0 ) ) ) ) - ( ( 9y + ( ( 8y * 6x ) + ( 77.0 - ( 8x - 16.0 ) ) ) ) - 3x ) )
ind: 324
( 20.0 * ( ( 9y - ( ( 63.0 - 4y ) * ( 5y - 85.0 ) ) ) * ( 10y - ( ( 7y - ( 5y + 96.0 ) ) + ( 88.0 * ( 8x - 2x ) ) ) ) ) )
ind: 325
( ( 6x - 7y ) * ( 8y * 2y ) )
ind: 326
( ( ( ( ( 86.0 + 4y ) * 8.0 ) + ( 3y + 3y ) ) - 45.0 ) * ( 3y * ( 95.0 * ( ( 9y - ( 9x + 5y ) ) * ( ( 27.0 * 10x ) * 7x ) ) ) ) )
ind: 327
( ( ( 4y * 6y ) * 7y ) + ( 7x - 1x ) )
ind: 328
( ( ( 7x - 9y ) * 90.0 ) + 71.0 )
ind: 329
( ( ( ( ( 10x - 89.0 ) + ( 3y + ( 83.0 + 23.0 ) ) ) * ( 28.0 + 7y ) ) * 7x ) - ( 79.0 - 5x ) )
ind: 330
( ( ( ( 2x + ( 27.0 - ( 20.0 + 69.0 ) ) ) - 9y ) * 29.0 ) + ( ( 17.0 + 8y ) + ( ( ( ( 99.0 - 8x ) * ( 91.0 + 3y ) ) + 7y ) - ( 8x - 1y ) ) ) )
ind: 331
( ( ( 83.0 + 54.0 ) + ( 3y + ( ( 6y - 17.0 ) * 8x ) ) ) - ( ( ( ( ( 9x - 10x ) - ( 7x - 1y ) ) - ( ( 82.0 + 5y ) * ( 6y * 30.0 ) ) ) * 82.0 ) * ( 1y + ( 62.0 * ( 70.0 - ( 1y - 1y ) ) ) ) ) )
ind: 332
( ( ( ( ( 26.0 * 1y ) + 3x ) - 24.0 ) + 8y ) - ( ( 9.0 - 2y ) * 10x ) )
ind: 333
( ( ( ( ( 7y * 6y ) - ( ( 5x + 7x ) * ( 13.0 + 40.0 ) ) ) + 3x ) * ( 93.0 * 38.0 ) ) + 3x )
ind: 334
( ( ( 72.0 * ( 30.0 - ( 4y - ( 1y - 3x ) ) ) ) + 71.0 ) - 7.0 )
ind: 335
( ( 92.0 * 3y ) - ( ( ( 9y + 34.0 ) * ( ( 3y * ( 7x + 3.0 ) ) - ( 34.0 - ( 7y - 7x ) ) ) ) * 33.0 ) )
ind: 336
( 9x - 6y )
ind: 337
( 6y + ( 82.0 + 7x ) )
ind: 338
( 9y + ( ( 6x * 6x ) + 8x ) )
ind: 339
( ( ( ( 10x * 20.0 ) + 10.0 ) + ( 100.0 + ( ( 71.0 + ( 1y - 7x ) ) * ( 32.0 - 19.0 ) ) ) ) * ( ( 69.0 - 6y ) * 7x ) )
ind: 340
( 4x + ( ( 13.0 + ( 75.0 - 24.0 ) ) - ( ( ( 10y - 94.0 ) * ( ( 9x + 81.0 ) * 28.0 ) ) * 1y ) ) )
ind: 341
( ( ( ( ( 3y * ( 8y + 22.0 ) ) + 10y ) * ( 9x + ( ( 90.0 + 1y ) - 2x ) ) ) * ( 60.0 - 8.0 ) ) * ( ( ( ( ( 7.0 - 10x ) + 7x ) - 8x ) + ( ( ( 10x - 28.0 ) - ( 6x + 61.0 ) ) + 6x ) ) + 58.0 ) )
ind: 342
( ( ( 5x + ( ( ( 89.0 * 52.0 ) * ( 32.0 - 4x ) ) * ( ( 73.0 - 4x ) * ( 8y * 2x ) ) ) ) + 1x ) + 43.0 )
ind: 343
( 5.0 + ( ( ( ( ( 54.0 * 10x ) - 3x ) + 9y ) - ( 51.0 - ( ( 2y + 14.0 ) + 5y ) ) ) * 100.0 ) )
ind: 344
( ( ( ( 3x + 97.0 ) + 9x ) * 12.0 ) * 8y )
ind: 345
( 6x * ( 6y + ( 28.0 + ( 22.0 - 60.0 ) ) ) )
ind: 346
( ( 60.0 - 9x ) - ( 7y + 5x ) )
ind: 347
( 2x + ( ( ( ( 57.0 * 4y ) - 7y ) - 4y ) - 7.0 ) )
ind: 348
( ( ( ( ( ( 81.0 * 29.0 ) - ( 10x + 6x ) ) + 57.0 ) + ( ( ( 11.0 * 56.0 ) + 51.0 ) - 17.0 ) ) * ( 57.0 * ( 3y + ( ( 33.0 * 2x ) + 9x ) ) ) ) + ( 100.0 - ( ( ( 8.0 + 26.0 ) * ( 8x * ( 8y - 6x ) ) ) - ( ( 3y - 83.0 ) * 1y ) ) ) )
ind: 349
( ( ( ( 10y - 54.0 ) * ( ( 3y * ( 33.0 * 57.0 ) ) * 5x ) ) * ( ( ( ( 10y * 15.0 ) - 12.0 ) + 10x ) * ( ( ( 4y + 44.0 ) * ( 7y - 17.0 ) ) + 92.0 ) ) ) * ( ( ( ( 7y + 8x ) * 24.0 ) * ( ( ( 7x * 9y ) + ( 23.0 + 32.0 ) ) + ( 57.0 - ( 81.0 + 7y ) ) ) ) + 100.0 ) )
ind: 350
( ( 1y - ( ( 8y - ( 45.0 + 5x ) ) * 48.0 ) ) * 5.0 )
ind: 351
( ( ( 78.0 + ( ( ( 68.0 * 4x ) - 64.0 ) * ( 1x + ( 21.0 + 10y ) ) ) ) * ( ( 64.0 - 71.0 ) - 78.0 ) ) * ( ( ( ( 64.0 - ( 6y * 66.0 ) ) + ( ( 4y * 7y ) * ( 4x - 83.0 ) ) ) * ( ( 88.0 * ( 4x * 68.0 ) ) * 28.0 ) ) - ( ( ( 19.0 - 2y ) + ( ( 83.0 + 9y ) + ( 6.0 - 20.0 ) ) ) * ( 4x * ( 8y - 7x ) ) ) ) )
ind: 352
( ( 15.0 - 23.0 ) * ( ( 100.0 - ( ( 88.0 * 8x ) * ( ( 8x - 2y ) * ( 9.0 + 4x ) ) ) ) + 81.0 ) )
ind: 353
( 23.0 - ( ( ( 6x * ( ( 86.0 * 26.0 ) - 36.0 ) ) + 3y ) * ( 22.0 * 9y ) ) )
ind: 354
( ( ( 8x + ( 2.0 - ( ( 13.0 - 34.0 ) + ( 8.0 - 58.0 ) ) ) ) * ( 22.0 * ( ( 4y + ( 51.0 + 8x ) ) + 95.0 ) ) ) + ( 3y + 10x ) )
ind: 355
( ( ( ( ( ( 3y + 9x ) * 24.0 ) - ( ( 65.0 - 7x ) + ( 74.0 - 4x ) ) ) - 9y ) * 7y ) - ( ( 8y - 79.0 ) - ( ( 91.0 - ( 16.0 - ( 1x * 92.0 ) ) ) - ( 9y + ( 9y * 74.0 ) ) ) ) )
ind: 356
( ( 40.0 + ( ( 70.0 + ( ( 75.0 * 8y ) - ( 9x * 8y ) ) ) - ( ( ( 8x + 37.0 ) * ( 2y - 48.0 ) ) - ( 8y * ( 1y * 4y ) ) ) ) ) + 84.0 )
ind: 357
( ( ( ( ( ( 16.0 - 75.0 ) * ( 3x * 48.0 ) ) * 2y ) * 82.0 ) - ( 53.0 - ( 13.0 + 7.0 ) ) ) - ( ( 77.0 + ( 7x * 4x ) ) - ( ( ( ( 6x - 1y ) + 2y ) + 6x ) + 52.0 ) ) )
ind: 358
( ( 9y * 9y ) * ( ( 32.0 + ( 26.0 * ( ( 36.0 + 78.0 ) + 5y ) ) ) * 4x ) )
ind: 359
( ( ( ( 8y - ( ( 41.0 + 59.0 ) * 80.0 ) ) * ( ( ( 9.0 + 10x ) - 59.0 ) + 7y ) ) + ( ( ( ( 76.0 + 4x ) + 89.0 ) - 20.0 ) + ( ( 1.0 - ( 1x - 9x ) ) + ( 5x + 4x ) ) ) ) * 47.0 )
ind: 360
( ( ( ( 12.0 + ( 10y - 8x ) ) + 44.0 ) + 3.0 ) * ( 6y - 52.0 ) )
ind: 361
( ( ( ( 92.0 - 6y ) + ( 14.0 - ( ( 4x + 4x ) + 7x ) ) ) - ( ( ( ( 2y - 4y ) - ( 7x - 10.0 ) ) + ( 87.0 * ( 8y * 4x ) ) ) + ( ( 86.0 - 2y ) + 21.0 ) ) ) - ( 3x + ( 38.0 + ( 8x + 51.0 ) ) ) )
ind: 362
( ( 25.0 * ( 84.0 - ( ( 49.0 - ( 98.0 + 11.0 ) ) * 9y ) ) ) * ( ( ( 100.0 * ( 53.0 - ( 20.0 + 7x ) ) ) - 33.0 ) - ( 2y + 78.0 ) ) )
ind: 363
( ( ( ( 37.0 - 10y ) + ( 8x * 3x ) ) - ( ( 2y - ( ( 10y - 8y ) - ( 5y - 5y ) ) ) * 6x ) ) + ( ( 1y + ( ( ( 11.0 - 5.0 ) - ( 40.0 - 1x ) ) + 72.0 ) ) - 4x ) )
ind: 364
( ( 50.0 + ( ( ( 7x * 10x ) + ( ( 6x + 52.0 ) * ( 60.0 * 10y ) ) ) * ( 3y * 15.0 ) ) ) - ( 50.0 - 2x ) )
ind: 365
( 1x - ( 10y * ( ( 4y * ( ( 42.0 - 79.0 ) + 3x ) ) + 14.0 ) ) )
ind: 366
( ( 7y - 3y ) + 7x )
ind: 367
( ( ( 10y + ( ( 8x * 96.0 ) - ( ( 2x + 7x ) - 90.0 ) ) ) + 8x ) - 5x )
ind: 368
( ( 11.0 - ( 70.0 - 6y ) ) - 10x )
ind: 369
( ( 10y * ( 5.0 * 90.0 ) ) * ( ( 82.0 + 63.0 ) * 1x ) )
ind: 370
( ( 10x + 1x ) + 6y )
ind: 371
( 10x + ( 9y * 3x ) )
ind: 372
( 9y * 4x )
ind: 373
( 54.0 * ( 7x - ( ( ( 23.0 - ( 1x * 68.0 ) ) + ( ( 68.0 * 3y ) + ( 66.0 - 1x ) ) ) - 5y ) ) )
ind: 374
( ( ( 4y - ( ( ( 6y + 8y ) - ( 4x - 5x ) ) - ( 22.0 - 7.0 ) ) ) + ( 3x - ( ( 2y * ( 93.0 - 93.0 ) ) - 3y ) ) ) * 4y )
ind: 375
( ( 25.0 - ( 9x - ( ( ( 82.0 * 18.0 ) * 10y ) - ( ( 35.0 - 3x ) - 51.0 ) ) ) ) + 7x )
ind: 376
( ( ( 1y - 48.0 ) - ( 94.0 - ( 94.0 + ( ( 10y + 3x ) - 6x ) ) ) ) + 9x )
ind: 377
( ( ( 1y + 6x ) - ( ( 73.0 * ( ( 71.0 + 10x ) * 17.0 ) ) - 49.0 ) ) - ( 25.0 * ( ( 9x * ( 9x - 61.0 ) ) - 8x ) ) )
ind: 378
( 7x * ( 2y + ( 6y + 6y ) ) )
ind: 379
( ( 70.0 - 69.0 ) - ( ( ( ( 88.0 - ( 7x - 91.0 ) ) + 10y ) + 7y ) * ( ( ( ( 10y * 4.0 ) + 9x ) + 23.0 ) - 10.0 ) ) )
ind: 380
( 7y - ( 26.0 - ( 17.0 + ( 4x - 29.0 ) ) ) )
ind: 381
( ( ( 3x - ( 1.0 - ( ( 10x - 8y ) - ( 53.0 + 2x ) ) ) ) * 97.0 ) * 10y )
ind: 382
( 7x * ( ( 3y * 4x ) * ( ( 4x * ( ( 8x - 65.0 ) * ( 4y - 81.0 ) ) ) + ( ( 56.0 + 2y ) + 96.0 ) ) ) )
ind: 383
( ( 3y - 4x ) + ( 3y * ( ( 52.0 + ( ( 7y * 22.0 ) + 9x ) ) + 65.0 ) ) )
ind: 384
( ( ( ( ( ( 10x + 24.0 ) * ( 8x - 9y ) ) - ( ( 8y + 7y ) - 6x ) ) - ( ( 10x - 84.0 ) * ( 5x + ( 8y * 2x ) ) ) ) * ( ( ( ( 77.0 + 21.0 ) + ( 80.0 + 5.0 ) ) - 70.0 ) - 3x ) ) + 3y )
ind: 385
( ( ( 3y - ( ( 85.0 + ( 71.0 - 54.0 ) ) - 32.0 ) ) - 65.0 ) * 7x )
ind: 386
( 10x + 2y )
ind: 387
( ( 3y + ( ( 3x + ( ( 81.0 - 2x ) - ( 35.0 - 52.0 ) ) ) * 10y ) ) * 25.0 )
ind: 388
( 9y + ( ( 1y * 10x ) * 49.0 ) )
ind: 389
( ( ( 1y + ( 86.0 + ( 1x - 95.0 ) ) ) - ( 6x - 24.0 ) ) + 9x )
ind: 390
( 7y * ( ( 90.0 + 40.0 ) - 2x ) )
ind: 391
( ( 1x + ( 1.0 - ( ( ( 10y * 3y ) - 16.0 ) - ( ( 83.0 - 7y ) - ( 5.0 * 2x ) ) ) ) ) + ( ( ( 2x + 5x ) * 77.0 ) * 10x ) )
ind: 392
( ( ( 72.0 - ( 4x * ( ( 96.0 + 37.0 ) - ( 51.0 - 4y ) ) ) ) + 58.0 ) * 32.0 )
ind: 393
( ( 1.0 * 6x ) - 2y )
ind: 394
( ( ( ( 12.0 + 5y ) * 28.0 ) + ( 80.0 - ( ( ( 34.0 - 1.0 ) * 5x ) + ( ( 71.0 * 10x ) + ( 69.0 * 4x ) ) ) ) ) - ( 98.0 + 5x ) )
ind: 395
( 9x - ( 1x * ( 8y + ( ( ( 7x - 4y ) * 8y ) - ( 3y + 93.0 ) ) ) ) )
ind: 396
( 9.0 - ( ( 6x * ( ( ( 34.0 + 8.0 ) - 3y ) - ( 58.0 * 36.0 ) ) ) - ( 3x - 2y ) ) )
ind: 397
( 8x + ( ( ( 5x + 36.0 ) + 7y ) - ( ( ( ( 57.0 * 81.0 ) + 9x ) * 7x ) * 65.0 ) ) )
ind: 398
( ( ( ( ( ( 83.0 * 22.0 ) * 5y ) - 1y ) * 1x ) - ( 82.0 - 80.0 ) ) * 7x )
ind: 399
( ( ( 25.0 - ( ( 67.0 * 10.0 ) - ( 5x + ( 5y * 9.0 ) ) ) ) + ( ( 4y * ( ( 3x * 77.0 ) * 6x ) ) - 6.0 ) ) + 27.0 )
ind: 400
( ( ( 98.0 - ( 58.0 + ( 7x - 8y ) ) ) - 81.0 ) - ( ( ( 25.0 + 26.0 ) * 10y ) - ( ( ( 80.0 - ( 4x * 42.0 ) ) + 92.0 ) - ( ( ( 9x - 10y ) * ( 33.0 + 55.0 ) ) + ( 56.0 * ( 10y - 9y ) ) ) ) ) )
ind: 401
( 4y * ( 60.0 - ( 75.0 + ( ( 41.0 - 8x ) * 2y ) ) ) )
ind: 402
( ( 96.0 + 10y ) * ( ( ( ( ( 9.0 - 6.0 ) - 1.0 ) + ( 42.0 - 5y ) ) - ( ( 46.0 * ( 5y * 17.0 ) ) - ( 9y * 10x ) ) ) + 10x ) )
ind: 403
( ( ( 92.0 * 5x ) - 7y ) + 5x )
ind: 404
( ( ( 9y - ( 8.0 * ( ( 14.0 + 66.0 ) - ( 9y - 4x ) ) ) ) - ( 2x * 2y ) ) * 1y )
ind: 405
( ( ( ( 65.0 + ( 7.0 + ( 9y + 98.0 ) ) ) + ( 91.0 + 8x ) ) + ( 1y + 4y ) ) * ( ( 66.0 - ( 8y + ( 1y - 43.0 ) ) ) + ( ( ( 8x * ( 54.0 * 4y ) ) * 55.0 ) * ( ( 41.0 * ( 39.0 + 10x ) ) + 35.0 ) ) ) )
ind: 406
( 27.0 - ( ( ( ( 10y - 8y ) + 89.0 ) * 10x ) + 2y ) )
ind: 407
( 31.0 + ( ( ( ( 21.0 + ( 25.0 - 6y ) ) + ( ( 100.0 + 2y ) - 3x ) ) + 32.0 ) - 1y ) )
ind: 408
( ( 5y * ( ( 2y * 3x ) - 10x ) ) + 9y )
ind: 409
( ( ( 6y - ( ( ( 68.0 - 44.0 ) - ( 10y * 25.0 ) ) * 11.0 ) ) + ( 57.0 - ( 49.0 * 96.0 ) ) ) * ( ( ( 1.0 - ( ( 2.0 - 4y ) * 4x ) ) - 8y ) - 55.0 ) )
ind: 410
( ( 9x - ( ( 1x * 7x ) * 8y ) ) + ( 10x - ( 6x + 46.0 ) ) )
ind: 411
( 33.0 + ( ( ( ( ( 3y - 9.0 ) - 18.0 ) * ( ( 33.0 * 3x ) * ( 1x * 3y ) ) ) * ( 85.0 * ( 7y - 72.0 ) ) ) - 20.0 ) )
ind: 412
( ( 7x * ( ( 1x - ( ( 96.0 * 99.0 ) + 7y ) ) - ( ( ( 7x * 3.0 ) - 1y ) * ( 52.0 + 5x ) ) ) ) * 9y )
ind: 413
( 10x - ( ( ( 64.0 * 7y ) * ( 10y - 1y ) ) + ( ( ( ( 41.0 + 4.0 ) * 8y ) - ( 38.0 * ( 90.0 * 90.0 ) ) ) - 5y ) ) )
ind: 414
( ( 7y * ( 26.0 - 78.0 ) ) + 10x )
ind: 415
( 75.0 + ( ( 5.0 * ( 53.0 - ( ( 2x - 18.0 ) * 7y ) ) ) * 4x ) )
ind: 416
( ( 2x + ( ( 6x - 8y ) * ( 7x * ( ( 2.0 + 1y ) * ( 65.0 - 96.0 ) ) ) ) ) + ( ( ( ( 3x + 88.0 ) + 20.0 ) * 12.0 ) + 5y ) )
ind: 417
( ( 5x - ( 35.0 * ( ( 32.0 + 1.0 ) * 5y ) ) ) - 40.0 )
ind: 418
( 4x - 2y )
ind: 419
( ( ( 3y + 10x ) + ( 4x + 5x ) ) * ( 61.0 + 10y ) )
ind: 420
( 16.0 + ( ( ( ( ( 2y + 64.0 ) + 9x ) + ( ( 4y * 6x ) + 8y ) ) + ( ( ( 82.0 - 32.0 ) + ( 77.0 + 2x ) ) - ( ( 9y - 9y ) * 43.0 ) ) ) - ( 7x * 88.0 ) ) )
ind: 421
( 7y * ( ( ( ( ( 9x - 66.0 ) + ( 92.0 * 6x ) ) + ( ( 63.0 + 3.0 ) - ( 9y + 3x ) ) ) + 6x ) - 77.0 ) )
ind: 422
( ( ( ( ( 7.0 * ( 9y - 22.0 ) ) * ( 5y - 3y ) ) * ( ( 13.0 * 12.0 ) + 6x ) ) - ( ( 14.0 * ( ( 68.0 * 1x ) * 3x ) ) * 60.0 ) ) + 8y )
ind: 423
( ( ( 8x + ( ( 43.0 - 1y ) - 86.0 ) ) + 11.0 ) - ( 2y * ( 22.0 + 37.0 ) ) )
ind: 424
( 8x + 4y )
ind: 425
( 8y * ( ( 96.0 + ( 99.0 - ( ( 15.0 - 9y ) * ( 4x * 92.0 ) ) ) ) * 10x ) )
ind: 426
( 69.0 - ( ( 47.0 + ( ( ( 4.0 * 81.0 ) * ( 25.0 - 82.0 ) ) * ( ( 27.0 + 10y ) * 41.0 ) ) ) * ( ( 8.0 + ( ( 9y * 7y ) - ( 15.0 * 23.0 ) ) ) - ( 5y - ( 5x - 87.0 ) ) ) ) )
ind: 427
( 4y + 5x )
ind: 428
( ( 3y * 5x ) - ( 16.0 * 4y ) )
ind: 429
( ( 7x + 84.0 ) * ( 3x + ( ( 2y - 4x ) * 6y ) ) )
ind: 430
( ( 6.0 - ( ( 8x - 11.0 ) + ( ( ( 2y + 10y ) * 2y ) + ( 58.0 + 6y ) ) ) ) - 2y )
ind: 431
( ( 34.0 + 4x ) + 9y )
ind: 432
( ( 36.0 * ( ( ( 6y * ( 53.0 - 7y ) ) * ( 2y * 1x ) ) - ( 98.0 + ( ( 9x * 2x ) * 10.0 ) ) ) ) + ( ( ( ( ( 82.0 + 47.0 ) + ( 38.0 + 4x ) ) + 51.0 ) * 10y ) - ( 5y + 8x ) ) )
ind: 433
( 9x * ( 2x * 4y ) )
ind: 434
( 7x - 10y )
ind: 435
( 5x - ( ( 4x + ( 4y * 16.0 ) ) * 2y ) )
ind: 436
( ( ( ( 37.0 * 31.0 ) + ( 3y + ( ( 8x - 19.0 ) * ( 2x + 64.0 ) ) ) ) * 38.0 ) * ( 53.0 + ( 3.0 + 7x ) ) )
ind: 437
( 76.0 * ( ( 6x - 31.0 ) * ( ( ( 8y + 47.0 ) * ( 35.0 * ( 87.0 * 5y ) ) ) - ( ( ( 80.0 - 1y ) - 73.0 ) * 100.0 ) ) ) )
ind: 438
( 5y * ( 5x * 58.0 ) )
ind: 439
( 36.0 + ( ( ( 10y - ( 12.0 * ( 86.0 - 70.0 ) ) ) + ( ( 60.0 * 28.0 ) - ( ( 7x - 50.0 ) - 10y ) ) ) * ( 9y + 5y ) ) )
ind: 440
( 3y - 4x )
ind: 441
( ( ( ( ( 51.0 - ( 1x + 4y ) ) - ( ( 79.0 + 81.0 ) - 77.0 ) ) + 67.0 ) - ( ( ( 5x * 4y ) * 78.0 ) - 75.0 ) ) + 67.0 )
ind: 442
( ( 57.0 + 66.0 ) - ( 2y + 10x ) )
ind: 443
( 1x * ( ( ( ( ( 5x * 10y ) * ( 16.0 - 4y ) ) + ( ( 2y + 9x ) * 22.0 ) ) - ( ( ( 43.0 - 2y ) + ( 18.0 + 22.0 ) ) + ( ( 7y - 7y ) - ( 9x - 10y ) ) ) ) - 23.0 ) )
ind: 444
( ( ( ( 65.0 * ( ( 1y + 3y ) - ( 73.0 + 9y ) ) ) * ( 4y - ( ( 1.0 + 3x ) + 30.0 ) ) ) - 4y ) * 60.0 )
ind: 445
( ( ( ( 8.0 * 10y ) * 75.0 ) * ( ( ( 58.0 - ( 11.0 - 9x ) ) - 80.0 ) - ( ( ( 44.0 * 99.0 ) - 13.0 ) - ( ( 71.0 * 19.0 ) * 60.0 ) ) ) ) * ( ( 8y * ( 1y - 85.0 ) ) - 4y ) )
ind: 446
( ( ( ( ( ( 4y + 7x ) - 8x ) - 7x ) * 8x ) + 10y ) * ( 9y - 10y ) )
ind: 447
( 4x * ( ( 9y - 6x ) - 1x ) )
ind: 448
( ( 2x - ( 6x - ( ( ( 49.0 + 49.0 ) * ( 76.0 + 7x ) ) - ( 34.0 - ( 57.0 - 8y ) ) ) ) ) + ( ( ( 84.0 + ( 10x * 10.0 ) ) - ( 9x * 5x ) ) + ( ( ( 76.0 + 3x ) - ( 99.0 + 12.0 ) ) * 72.0 ) ) )
ind: 449
( ( ( ( 25.0 + ( 8y + ( 31.0 - 9y ) ) ) + 90.0 ) - ( 95.0 + 9y ) ) + ( 1x + ( ( ( 8x - ( 16.0 - 1x ) ) + 83.0 ) + ( ( 6y - 50.0 ) + 52.0 ) ) ) )
ind: 450
( ( 7y - ( ( 6x * 9x ) * ( ( ( 10x + 8y ) + 58.0 ) * 2y ) ) ) + 5x )
ind: 451
( ( ( ( ( ( 8y * 6x ) + 2y ) + 49.0 ) * ( ( 20.0 * 40.0 ) * ( ( 1y + 2x ) * ( 5y + 25.0 ) ) ) ) * ( 2.0 - 2y ) ) - 44.0 )
ind: 452
( ( ( 7y * 67.0 ) * 73.0 ) + 4x )
ind: 453
( ( 53.0 + ( ( ( ( 9x - 73.0 ) - 83.0 ) * ( 5x * 8y ) ) + 61.0 ) ) * ( ( 1x - ( ( ( 36.0 + 44.0 ) + 68.0 ) - 8y ) ) - 18.0 ) )
ind: 454
( ( ( 100.0 - ( ( 99.0 - ( 7y - 8x ) ) + 5y ) ) - ( ( ( 92.0 + ( 6y - 6x ) ) - 38.0 ) * 7x ) ) * 30.0 )
ind: 455
( ( ( ( ( ( 86.0 + 9y ) - ( 8x + 1x ) ) - ( ( 7x - 1x ) - 47.0 ) ) + ( ( ( 48.0 * 13.0 ) - ( 5x * 51.0 ) ) + ( ( 2x - 91.0 ) - ( 1y + 7y ) ) ) ) * 5y ) * 9y )
ind: 456
( 9y - ( ( 6.0 - 21.0 ) * ( 69.0 + ( 6x - 5x ) ) ) )
ind: 457
( ( ( ( ( ( 9y * 10y ) - 35.0 ) + ( 78.0 + 6y ) ) - 6y ) - 29.0 ) - 7x )
ind: 458
( ( 10x + 9x ) * ( ( 34.0 * ( ( 52.0 - 82.0 ) - ( 34.0 * ( 9x + 24.0 ) ) ) ) * 4y ) )
ind: 459
( 10x + 2y )
ind: 460
( ( 4y * ( 56.0 + ( ( 7y * 67.0 ) + 71.0 ) ) ) * ( 2x + ( 52.0 + 4x ) ) )
ind: 461
( ( ( ( ( ( 1y + 6y ) * ( 14.0 - 2x ) ) + ( ( 48.0 - 71.0 ) * ( 5x + 10x ) ) ) + 84.0 ) * 5y ) + ( ( ( ( ( 81.0 * 8y ) + ( 9y + 4y ) ) * ( ( 43.0 * 7x ) * 8y ) ) - 87.0 ) * ( ( ( 7x - ( 45.0 + 1x ) ) - 7y ) * ( 5x * 9x ) ) ) )
ind: 462
( ( ( ( 95.0 + ( ( 2y + 25.0 ) - ( 2.0 + 99.0 ) ) ) * ( 2y - ( ( 9y * 2y ) + ( 95.0 - 10y ) ) ) ) + ( 33.0 + ( ( 4y + ( 9x - 10y ) ) + ( 51.0 * ( 88.0 - 8x ) ) ) ) ) + 70.0 )
ind: 463
( ( ( ( ( ( 3y - 6y ) - ( 80.0 * 87.0 ) ) + ( 9y * ( 7y * 96.0 ) ) ) - ( 6y + ( 32.0 * ( 9y * 10y ) ) ) ) + 2y ) - 7x )
ind: 464
( 1x * ( ( ( 7y + ( 2y + ( 2x - 73.0 ) ) ) - 2x ) + ( 4y + ( 10x * 37.0 ) ) ) )
ind: 465
( 8y - ( ( ( 50.0 + ( ( 1x + 90.0 ) - 33.0 ) ) - ( ( ( 87.0 - 3y ) + 64.0 ) - ( ( 48.0 - 23.0 ) * ( 14.0 + 3y ) ) ) ) - ( ( ( 6x + ( 38.0 - 89.0 ) ) + ( ( 3.0 * 3x ) + 57.0 ) ) * ( ( ( 5y * 2y ) + ( 1x - 18.0 ) ) - 50.0 ) ) ) )
ind: 466
( ( 6x + ( 10y + 1x ) ) * 7x )
ind: 467
( 8y + ( 1y - 6x ) )
ind: 468
( ( ( ( 19.0 - ( ( 48.0 + 53.0 ) - 8y ) ) * 3x ) * ( 86.0 - 5x ) ) - 93.0 )
ind: 469
( 3x - ( 6y - ( ( ( ( 91.0 - 9y ) - 50.0 ) - ( 6x + 4y ) ) * 55.0 ) ) )
ind: 470
( ( ( 37.0 + 3y ) + 4x ) * 5y )
ind: 471
( 5x + ( ( 10y + ( ( 8y + ( 5y * 4x ) ) + 9x ) ) + 86.0 ) )
ind: 472
( ( 10.0 * ( 5x * ( 10y + 81.0 ) ) ) + ( ( ( ( 44.0 + 4y ) - 2x ) + 36.0 ) + ( ( ( ( 43.0 - 95.0 ) * ( 9x - 8x ) ) - ( 70.0 * 34.0 ) ) * 2y ) ) )
ind: 473
( ( 1y * ( 9x + 57.0 ) ) + ( ( ( ( ( 82.0 * 19.0 ) - ( 3.0 - 7y ) ) - 4y ) + 4y ) + 18.0 ) )
ind: 474
( ( ( ( 1x - ( ( 2x - 4y ) - ( 48.0 * 50.0 ) ) ) * ( 7y * 7x ) ) + ( 36.0 - ( ( 5y + 52.0 ) - 2.0 ) ) ) + ( 87.0 * ( ( 98.0 * ( ( 71.0 + 32.0 ) - ( 6y * 2x ) ) ) * 12.0 ) ) )
ind: 475
( ( 9x + ( ( 1x * 8y ) * 69.0 ) ) - 2y )
ind: 476
( 8.0 * ( 73.0 * ( ( ( 8y - 10y ) - 7x ) * 66.0 ) ) )
ind: 477
( ( ( ( 8x * ( 8y * 26.0 ) ) * 70.0 ) - ( 2y + ( ( 60.0 - ( 8.0 * 69.0 ) ) + ( 84.0 * 9x ) ) ) ) * ( ( ( 49.0 + 1x ) + 3x ) + 88.0 ) )
ind: 478
( ( ( 40.0 - ( ( 45.0 * 1y ) - 66.0 ) ) + ( 5x - ( 64.0 + 68.0 ) ) ) - 8x )
ind: 479
( ( ( 30.0 + ( ( ( 39.0 * 35.0 ) * 20.0 ) * 10x ) ) - ( ( 82.0 - 6.0 ) * ( 13.0 - 38.0 ) ) ) + ( ( 4x - ( ( ( 14.0 * 6y ) - ( 8x + 79.0 ) ) + ( 61.0 + 9x ) ) ) + ( ( 76.0 - 10x ) * ( ( 7x * 8y ) * ( 3x * 3x ) ) ) ) )
ind: 480
( ( 4x + ( ( 15.0 * ( 39.0 - ( 1x + 31.0 ) ) ) * 5y ) ) * 47.0 )
ind: 481
( ( 8x - ( ( ( 37.0 + ( 71.0 * 24.0 ) ) * ( ( 17.0 + 43.0 ) + 8.0 ) ) + 61.0 ) ) - ( ( ( ( 55.0 - ( 88.0 + 9y ) ) * ( ( 53.0 - 98.0 ) * 39.0 ) ) + ( ( ( 65.0 * 30.0 ) * ( 49.0 - 31.0 ) ) + ( 37.0 + ( 65.0 + 10y ) ) ) ) - ( ( 7y + 78.0 ) * ( ( ( 3x - 3x ) - ( 97.0 - 5x ) ) * ( 2y * 75.0 ) ) ) ) )
ind: 482
( ( 75.0 + ( ( 8y - 3x ) * 7x ) ) - 8.0 )
ind: 483
( ( ( ( 75.0 + 6y ) - 27.0 ) + ( ( ( ( 42.0 + 4.0 ) * 9y ) - ( 98.0 + 94.0 ) ) - ( 5x + ( 90.0 - ( 1y + 38.0 ) ) ) ) ) * 59.0 )
ind: 484
( ( ( ( 97.0 * ( 9y - ( 8x * 4y ) ) ) + 62.0 ) + 5x ) * ( 41.0 + 63.0 ) )
ind: 485
( ( 3x * 7y ) * 54.0 )
ind: 486
( ( 20.0 * ( ( ( 35.0 + 1x ) + 6.0 ) + ( ( ( 9y * 8.0 ) * ( 77.0 * 26.0 ) ) - ( ( 5x * 1x ) * 2x ) ) ) ) * ( ( ( 9x * ( ( 6x * 5x ) - 7y ) ) + 17.0 ) * ( 6x + ( ( ( 81.0 - 37.0 ) + 8y ) - ( ( 72.0 + 5x ) * ( 6y + 5x ) ) ) ) ) )
ind: 487
( ( 1y - ( ( 99.0 - 63.0 ) * ( 23.0 + ( ( 10.0 * 4x ) - ( 55.0 * 12.0 ) ) ) ) ) + ( 9y - ( 31.0 + ( ( ( 71.0 * 4.0 ) + ( 83.0 + 10y ) ) + 56.0 ) ) ) )
ind: 488
( 9x * ( ( 71.0 * ( ( ( 17.0 * 88.0 ) + ( 5y * 21.0 ) ) - ( ( 10x - 40.0 ) + 27.0 ) ) ) * ( 77.0 * 3y ) ) )
ind: 489
( ( 28.0 + ( ( ( 4y * 6x ) * ( ( 33.0 + 61.0 ) - 10y ) ) + ( ( ( 43.0 + 9y ) * ( 3y - 21.0 ) ) - 3y ) ) ) * ( 10y * 16.0 ) )
ind: 490
( ( 83.0 * ( ( ( ( 7x * 36.0 ) + ( 96.0 - 81.0 ) ) - ( 67.0 * ( 2y - 55.0 ) ) ) + ( ( ( 2y - 4x ) + 95.0 ) * ( ( 85.0 + 94.0 ) + 7x ) ) ) ) * ( 4x * ( 1x - 70.0 ) ) )
ind: 491
( ( ( ( 4y + 74.0 ) - 26.0 ) - 77.0 ) * ( ( ( ( 3y - 1y ) + ( ( 1x * 7x ) * 8y ) ) * 46.0 ) - ( ( ( 10x + ( 6x + 5y ) ) + 31.0 ) + 76.0 ) ) )
ind: 492
( ( ( ( ( ( 9x + 61.0 ) * 20.0 ) * ( ( 9.0 + 73.0 ) + 8y ) ) - 8x ) - ( ( 4x * ( ( 83.0 * 35.0 ) - 18.0 ) ) + 10x ) ) * ( 95.0 - ( 98.0 - 6x ) ) )
ind: 493
( ( ( ( ( 3y + ( 3x * 18.0 ) ) - ( ( 7y + 2x ) - ( 35.0 - 86.0 ) ) ) + 4x ) * 8x ) + 9x )
ind: 494
( ( ( ( 100.0 + ( 61.0 - ( 96.0 * 6x ) ) ) + ( ( ( 3y * 90.0 ) * 17.0 ) + ( 6y - 54.0 ) ) ) + 8x ) - 17.0 )
ind: 495
( ( 2x - ( 50.0 + 3y ) ) - 7x )
ind: 496
( 8x * ( 8x + ( ( 12.0 * ( 10y + ( 2y + 1y ) ) ) + 2y ) ) )
ind: 497
( 93.0 + ( ( ( ( ( 71.0 * 4x ) * ( 78.0 * 78.0 ) ) * ( ( 45.0 + 3x ) * 20.0 ) ) * ( 2x - ( ( 2y + 44.0 ) - ( 25.0 * 1x ) ) ) ) + 4y ) )
ind: 498
( 7x - 1y )
ind: 499
( ( ( 28.0 - ( 70.0 + ( ( 1x - 46.0 ) + 8y ) ) ) + 83.0 ) * 1y )
ind: 500
( ( ( 48.0 + 61.0 ) * 1x ) + ( ( ( ( 54.0 * 82.0 ) - ( 96.0 - ( 6x + 39.0 ) ) ) - 10y ) - ( ( 35.0 * ( 66.0 + ( 1y - 1y ) ) ) * ( 52.0 * 4y ) ) ) )
Best Ind: ( ( ( ( 3x + ( ( 7.0 - 70.0 ) - ( 7x - 70.0 ) ) ) + ( ( 9y + ( 10x - 9x ) ) + ( 2y * ( 73.0 + 32.0 ) ) ) ) * 14.0 ) - 1y )
Fitness = 31.7890896877
Worst Ind: ( ( ( ( 10y - 54.0 ) * ( ( 3y * ( 33.0 * 57.0 ) ) * 5x ) ) * ( ( ( ( 10y * 15.0 ) - 12.0 ) + 10x ) * ( ( ( 4y + 44.0 ) * ( 7y - 17.0 ) ) + 92.0 ) ) ) * ( ( ( ( 7y + 8x ) * 24.0 ) * ( ( ( 7x * 9y ) + ( 23.0 + 32.0 ) ) + ( 57.0 - ( 81.0 + 7y ) ) ) ) + 100.0 ) )
Fitness = 5.90592425366e+15
Avg Fitness = 1.31705365055e+13
Duplicated = 1
============================================================================
Evaluate Gen  1
New Population 688
Better than Dads 51
Best Ind: ( ( ( ( 3x + ( ( 7.0 - 70.0 ) - ( 7x - 70.0 ) ) ) + ( ( 9y + ( 10x - 9x ) ) + ( 2y * ( 73.0 + 32.0 ) ) ) ) * 14.0 ) - 1y )
Fitness = 31.7890896877
Worst Ind: ( 10y * ( ( 1x + ( ( 8x - ( 2x * 3y ) ) * ( 14.0 - 70.0 ) ) ) - ( ( 1x + ( ( 36.0 + 4y ) * ( 55.0 - 1y ) ) ) * 47.0 ) ) )
Fitness = 423000.0
Avg Fitness = 42370.5151832
Duplicated = 4
============================================================================
Evaluate Gen  2
New Population 665
Better than Dads 45
Best Ind: ( ( ( ( 3x + ( ( 7.0 - 70.0 ) - ( 7x - 70.0 ) ) ) + ( ( 9y + ( 10x - 9x ) ) + ( 2y * ( 73.0 + 32.0 ) ) ) ) * 14.0 ) - 1y )
Fitness = 31.7890896877
Worst Ind: ( ( ( ( ( ( 4x - 1x ) - 8y ) * 2y ) - 5y ) - ( 2.0 + ( ( 1x - 26.0 ) * 26.0 ) ) ) + 90.0 )
Fitness = 38400.0
Avg Fitness = 6713.80091399
Duplicated = 11
============================================================================
Evaluate Gen  3
New Population 695
Better than Dads 54
Best Ind: ( ( ( ( 3x + ( ( 7.0 - 70.0 ) - ( 7x - 70.0 ) ) ) + ( ( 9y + ( 10x - 9x ) ) + ( 2y * ( 73.0 + 32.0 ) ) ) ) * 14.0 ) - 1y )
Fitness = 31.7890896877
Worst Ind: ( ( ( 1x + ( ( ( 1y - 3y ) * 78.0 ) - ( 2.0 * 98.0 ) ) ) * ( ( ( 6x - ( 44.0 + 8.0 ) ) * ( ( 3.0 - 1y ) - ( 6y - 9y ) ) ) - 100.0 ) ) - ( 61.0 + 83.0 ) )
Fitness = 7200.0
Avg Fitness = 2319.28288341
Duplicated = 23
============================================================================
Evaluate Gen  4
New Population 692
Better than Dads 62
Best Ind: ( ( ( ( 3x + ( ( 7.0 - 70.0 ) - ( 7x - 70.0 ) ) ) + ( ( 9y + ( 10x - 9x ) ) + ( 2y * ( 73.0 + 32.0 ) ) ) ) * 14.0 ) - 1y )
Fitness = 31.7890896877
Worst Ind: ( ( ( ( ( ( 1.0 * 5y ) - ( 6y * 43.0 ) ) + ( ( 49.0 + 7y ) - 72.0 ) ) + ( ( ( 13.0 * 53.0 ) + 7y ) + ( ( 4.0 - 42.0 ) + ( 6x * 1x ) ) ) ) * ( ( ( ( 64.0 + 6x ) - ( 3x * 3.0 ) ) + ( 8x - ( 9x - 5x ) ) ) - 82.0 ) ) - ( 76.0 - 79.0 ) )
Fitness = 3950.0
Avg Fitness = 1379.06966502
Duplicated = 26
============================================================================
Evaluate Gen  5
New Population 696
Better than Dads 67
Best Ind: ( ( ( ( 3x + ( ( 7.0 - 70.0 ) - ( 7x - 70.0 ) ) ) + ( ( 9y + ( 10x - 9x ) ) + ( 2y * ( 73.0 + 32.0 ) ) ) ) * 14.0 ) - 1y )
Fitness = 31.7890896877
Worst Ind: ( ( 10x * ( ( 23.0 - 4y ) * ( 6x - ( ( 42.0 - 55.0 ) - 5y ) ) ) ) - ( ( ( 8y + 7y ) * 5x ) * ( ( ( ( 8y - 13.0 ) + 1y ) * 20.0 ) - 3x ) ) )
Fitness = 2377.88194781
Avg Fitness = 781.54119143
Duplicated = 40
============================================================================
Evaluate Gen  6
New Population 685
Better than Dads 60
Best Ind: ( ( ( ( 3x + ( ( 7.0 - 70.0 ) - ( 7x - 70.0 ) ) ) + ( ( 9y + ( 10x - 9x ) ) + ( 2y * ( 73.0 + 32.0 ) ) ) ) * 14.0 ) - 1y )
Fitness = 31.7890896877
Worst Ind: ( ( 62.0 + ( ( ( 9y * 4x ) * ( ( 8y + 3y ) * ( 5y * 91.0 ) ) ) - ( ( ( 20.0 - 1y ) * 27.0 ) - ( ( 81.0 - 2.0 ) * ( 40.0 + 9x ) ) ) ) ) - ( 8y * ( 5y + 8x ) ) )
Fitness = 1369.6926397
Avg Fitness = 446.736834407
Duplicated = 54
============================================================================
Evaluate Gen  7
New Population 708
Better than Dads 83
Best Ind: ( ( ( ( 3x + ( ( 7.0 - 70.0 ) - ( 7x - 70.0 ) ) ) + ( ( 9y + ( 10x - 9x ) ) + ( 2y * ( 73.0 + 32.0 ) ) ) ) * 14.0 ) - 1y )
Fitness = 31.7890896877
Worst Ind: ( 5y * 8x )
Fitness = 635.781793755
Avg Fitness = 289.272124871
Duplicated = 64
============================================================================
Evaluate Gen  8
New Population 708
Better than Dads 64
Best Ind: ( ( ( ( 3x + ( ( 7.0 - 70.0 ) - ( 7x - 70.0 ) ) ) + ( ( 9y + ( 10x - 9x ) ) + ( 2y * ( 73.0 + 32.0 ) ) ) ) * 14.0 ) - 1y )
Fitness = 31.7890896877
Worst Ind: ( ( 5x - ( 8y * ( ( 7y + 5x ) * ( ( 6x - 7.0 ) * 2y ) ) ) ) - 7.0 )
Fitness = 350.0
Avg Fitness = 229.503868473
Duplicated = 64
============================================================================
Evaluate Gen  9
New Population 712
Better than Dads 55
Best Ind: ( ( ( ( 3x + ( ( 7.0 - 70.0 ) - ( 7x - 70.0 ) ) ) + ( ( 9y + ( 10x - 9x ) ) + ( 2y * ( 73.0 + 32.0 ) ) ) ) * 14.0 ) - 1y )
Fitness = 31.7890896877
Worst Ind: ( 80.0 - ( ( ( 20.0 - ( 60.0 * 3y ) ) * ( 7x - 32.0 ) ) - 9x ) )
Fitness = 286.667479978
Avg Fitness = 206.739373935
Duplicated = 61
============================================================================
Evaluate Gen  10
New Population 708
Better than Dads 36
Best Ind: ( ( ( ( 3x + ( ( 7.0 - 70.0 ) - ( 7x - 70.0 ) ) ) + ( ( 9y + ( 10x - 9x ) ) + ( 2y * ( 73.0 + 32.0 ) ) ) ) * 14.0 ) - 1y )
Fitness = 31.7890896877
Worst Ind: ( ( ( 10y + 72.0 ) + ( 5x - ( 64.0 + 68.0 ) ) ) - 8x )
Fitness = 254.815537759
Avg Fitness = 186.196712894
Duplicated = 59
============================================================================
Evaluate Gen  11
New Population 718
Better than Dads 62
Best Ind: ( ( ( ( 3x + ( ( 7.0 - 70.0 ) - ( 7x - 70.0 ) ) ) + ( ( 9y + ( 10x - 9x ) ) + ( 2y * ( 73.0 + 32.0 ) ) ) ) * 14.0 ) - 1y )
Fitness = 31.7890896877
Worst Ind: ( ( ( 3x + 4y ) - ( 5y - ( ( 39.0 - 10y ) - 38.0 ) ) ) - 7x )
Fitness = 222.963595539
Avg Fitness = 168.527268911
Duplicated = 47
============================================================================
Evaluate Gen  12
New Population 705
Better than Dads 63
Best Ind: ( ( ( ( 3x + ( ( 7.0 - 70.0 ) - ( 7x - 70.0 ) ) ) + ( ( 9y + ( 10x - 9x ) ) + ( 2y * ( 73.0 + 32.0 ) ) ) ) * 14.0 ) - 1y )
Fitness = 31.7890896877
Worst Ind: ( ( 1x + ( ( ( ( 31.0 * 2y ) + 37.0 ) - 30.0 ) + 6.0 ) ) - 7y )
Fitness = 222.523627814
Avg Fitness = 153.348789619
Duplicated = 62
============================================================================
Evaluate Gen  13
New Population 718
Better than Dads 66
Best Ind: ( ( ( ( 3x + ( ( 7.0 - 70.0 ) - ( 7x - 70.0 ) ) ) + ( ( 9y + ( 10x - 9x ) ) + ( 2y * ( 73.0 + 32.0 ) ) ) ) * 14.0 ) - 1y )
Fitness = 31.7890896877
Worst Ind: ( ( 28.0 - ( ( 8y - 5x ) + 17.0 ) ) - ( ( ( 6x * 35.0 ) * 5x ) - 6y ) )
Fitness = 190.734538126
Avg Fitness = 138.635665598
Duplicated = 72
============================================================================
Evaluate Gen  14
New Population 705
Better than Dads 51
Best Ind: ( 2y * ( ( 9y - 6x ) - 1x ) )
Fitness = 31.7890896877
Worst Ind: ( ( ( ( ( 10x - 89.0 ) + ( 3y + ( 83.0 + 23.0 ) ) ) * ( 28.0 + 7y ) ) * 7x ) - ( 1x - 5x ) )
Fitness = 159.259711099
Avg Fitness = 128.446334818
Duplicated = 66
============================================================================
Evaluate Gen  15
New Population 709
Better than Dads 52
Best Ind: ( 2y * ( ( 9y - 6x ) - 1x ) )
Fitness = 31.7890896877
Worst Ind: ( ( ( 10y + 6x ) - ( ( 8y - 5x ) + 17.0 ) ) - ( ( ( 7x - 10y ) * 5x ) - ( ( ( ( 10x + 8y ) + ( 26.0 + 60.0 ) ) - 44.0 ) - 5y ) ) )
Fitness = 158.945448439
Avg Fitness = 120.665659164
Duplicated = 73
============================================================================
Evaluate Gen  16
New Population 702
Better than Dads 53
Best Ind: ( 2y * ( ( 9y - 6x ) - 1x ) )
Fitness = 31.7890896877
Worst Ind: ( ( ( 6y * 1x ) - 4y ) - ( 2x + 4y ) )
Fitness = 142.405790763
Avg Fitness = 111.142894759
Duplicated = 80
============================================================================
Evaluate Gen  17
New Population 708
Better than Dads 47
Best Ind: ( ( ( 2y * ( 12.0 - 8y ) ) - ( ( ( ( 2x + 4y ) + 8y ) - ( ( 9.0 - 2y ) * 10x ) ) - 1x ) ) * 1x )
Fitness = 25.0
Worst Ind: ( ( 4y + 7x ) - 4x )
Fitness = 127.407768879
Avg Fitness = 106.690863734
Duplicated = 78
============================================================================
Evaluate Gen  18
New Population 709
Better than Dads 48
Best Ind: ( ( ( 2y * ( 12.0 - 8y ) ) - ( ( ( ( 2x + 4y ) + 8y ) - ( ( 9.0 - 2y ) * 10x ) ) - 1x ) ) * 1x )
Fitness = 25.0
Worst Ind: ( ( 6y + ( ( 5y - ( ( 4y + 72.0 ) + ( 38.0 - 1x ) ) ) * ( 9y * 10y ) ) ) - 4x )
Fitness = 127.407768879
Avg Fitness = 100.77070618
Duplicated = 78
============================================================================
Evaluate Gen  19
New Population 716
Better than Dads 46
Best Ind: ( ( ( 2y * ( 12.0 - 8y ) ) - ( ( ( ( 2x + 4y ) + 8y ) - ( ( 9.0 - 2y ) * 10x ) ) - 1x ) ) * 1x )
Fitness = 25.0
Worst Ind: ( ( 2x + 4y ) - 4y )
Fitness = 127.156358751
Avg Fitness = 92.9321821804
Duplicated = 83
============================================================================
Evaluate Gen  20
New Population 718
Better than Dads 63
Best Ind: ( ( ( 2y * ( 12.0 - 8y ) ) - ( ( ( ( 2x + 4y ) + 8y ) - ( ( 9.0 - 2y ) * 10x ) ) - 1x ) ) * 1x )
Fitness = 25.0
Worst Ind: ( 55.0 - ( ( 2y * ( ( 51.0 + ( 7y - 4x ) ) - ( 1y * 8x ) ) ) * ( ( 9y - 6x ) - 1x ) ) )
Fitness = 100.0
Avg Fitness = 83.9551024558
Duplicated = 79
============================================================================
Evaluate Gen  21
New Population 726
Better than Dads 52
Best Ind: ( ( ( 2y * ( 12.0 - 8y ) ) - ( ( ( ( 2x + 4y ) + 8y ) - ( ( 9.0 - 2y ) * 10x ) ) - 1x ) ) * 1x )
Fitness = 25.0
Worst Ind: ( ( ( 70.0 + ( 5y * 8x ) ) - ( 88.0 - ( ( 4x * 6x ) * ( ( 59.0 + 10x ) - 1.0 ) ) ) ) - ( ( 9y + ( ( 8y * 6x ) + ( 77.0 - ( 8x - 16.0 ) ) ) ) - 3x ) )
Fitness = 95.5558266595
Avg Fitness = 81.4646440214
Duplicated = 73
============================================================================
Evaluate Gen  22
New Population 729
Better than Dads 53
Best Ind: ( ( ( 2y * ( 12.0 - 8y ) ) - ( ( ( ( 2x + 4y ) + 8y ) - ( ( 9.0 - 2y ) * 10x ) ) - 1x ) ) * 1x )
Fitness = 25.0
Worst Ind: ( 4x - ( 2y + 1y ) )
Fitness = 95.3672690632
Avg Fitness = 77.9711861048
Duplicated = 80
============================================================================
Evaluate Gen  23
New Population 720
Better than Dads 51
Best Ind: ( ( ( 2y * ( 12.0 - 8y ) ) - ( ( ( ( 2x + 4y ) + 8y ) - ( ( 9.0 - 2y ) * 10x ) ) - 1x ) ) * 1x )
Fitness = 25.0
Worst Ind: ( 7x - 3y )
Fitness = 95.3672690632
Avg Fitness = 72.8115926643
Duplicated = 82
============================================================================
Evaluate Gen  24
New Population 717
Better than Dads 51
Best Ind: ( ( ( 7y - 4x ) - 5x ) - ( 1x * ( 10y - 1y ) ) )
Fitness = 15.8945448439
Worst Ind: ( ( ( ( ( 12.0 + ( 8x + 2x ) ) - ( 8y - 3x ) ) - 6y ) - ( 3y * 5x ) ) - 3y )
Fitness = 95.3672690632
Avg Fitness = 65.8756267898
Duplicated = 85
============================================================================
Evaluate Gen  25
New Population 712
Better than Dads 49
Best Ind: ( ( ( 7y - 4x ) - 5x ) - ( 1x * ( 10y - 1y ) ) )
Fitness = 15.8945448439
Worst Ind: ( ( ( 2y + ( 5x - 4y ) ) - ( ( ( 7x - 3x ) * 2y ) + 1x ) ) - 2x )
Fitness = 63.7038844396
Avg Fitness = 59.3313645228
Duplicated = 77
============================================================================
Evaluate Gen  26
New Population 708
Better than Dads 49
Best Ind: ( ( ( 7y - 4x ) - 5x ) - ( 1x * ( 10y - 1y ) ) )
Fitness = 15.8945448439
Worst Ind: ( ( ( 8y - 3x ) - ( ( 7x - 3x ) * 2y ) ) - 2x )
Fitness = 63.7038844396
Avg Fitness = 58.7837892236
Duplicated = 71
============================================================================
Evaluate Gen  27
New Population 718
Better than Dads 56
Best Ind: ( ( ( 7y - 4x ) - 5x ) - ( 1x * ( 10y - 1y ) ) )
Fitness = 15.8945448439
Worst Ind: ( ( 2x + 4y ) - 2x )
Fitness = 63.7038844396
Avg Fitness = 58.0682360677
Duplicated = 76
============================================================================
Evaluate Gen  28
New Population 712
Better than Dads 52
Best Ind: ( ( ( 7y - 4x ) - 5x ) - ( 1x * ( 10y - 1y ) ) )
Fitness = 15.8945448439
Worst Ind: ( ( 9y - 6x ) - ( ( 4y - 2x ) - 2y ) )
Fitness = 63.5781793755
Avg Fitness = 57.3119416825
Duplicated = 99
============================================================================
Evaluate Gen  29
New Population 722
Better than Dads 51
Best Ind: ( ( ( 7y - 4x ) - 5x ) - ( 1x * ( 10y - 1y ) ) )
Fitness = 15.8945448439
Worst Ind: ( ( 2x + 3y ) - ( ( ( 5x * 1y ) - 2x ) - 2y ) )
Fitness = 63.5781793755
Avg Fitness = 56.2981867262
Duplicated = 99
============================================================================
Evaluate Gen  30
New Population 730
Better than Dads 55
Best Ind: ( ( ( 7y - 4x ) - 5x ) - ( 1x * ( 10y - 1y ) ) )
Fitness = 15.8945448439
Worst Ind: ( ( ( ( 10y * ( 55.0 + ( 8y - 7x ) ) ) * ( 34.0 - ( ( 5x * 1y ) - 2x ) ) ) * 1x ) - ( 4x - 2y ) )
Fitness = 63.5781793755
Avg Fitness = 54.7927260092
Duplicated = 98
============================================================================
Evaluate Gen  31
New Population 725
Better than Dads 62
Best Ind: ( ( ( 7y - 4x ) - 5x ) - ( 1x * ( 10y - 1y ) ) )
Fitness = 15.8945448439
Worst Ind: ( ( 70.0 + ( ( ( 2x + 4y ) - 2x ) - 3x ) ) - 2y )
Fitness = 63.5781793755
Avg Fitness = 52.7495076224
Duplicated = 93
============================================================================
Evaluate Gen  32
New Population 729
Better than Dads 64
Best Ind: ( ( ( 7y - 4x ) - 5x ) - ( 1x * ( 10y - 1y ) ) )
Fitness = 15.8945448439
Worst Ind: ( ( ( ( 10x - ( 3y + 4x ) ) - ( 7y - 9x ) ) - 9y ) - 2y )
Fitness = 63.5781793755
Avg Fitness = 49.0882184143
Duplicated = 89
============================================================================
Evaluate Gen  33
New Population 712
Better than Dads 70
Best Ind: ( ( ( 7y - 4x ) - 5x ) - ( 1x * ( 10y - 1y ) ) )
Fitness = 15.8945448439
Worst Ind: ( ( 4y - ( ( 73.0 * 3x ) - 4y ) ) * 1x )
Fitness = 63.5781793755
Avg Fitness = 45.0672408562
Duplicated = 103
============================================================================
Evaluate Gen  34
New Population 720
Better than Dads 66
Best Ind: ( ( ( 7y - 4x ) - 5x ) - ( 1x * ( 10y - 1y ) ) )
Fitness = 15.8945448439
Worst Ind: ( ( ( ( 5x * ( ( 6x - 7.0 ) * 2y ) ) - ( ( ( 5y + 2y ) * 3x ) - 4y ) ) - ( 38.0 - 1x ) ) * ( ( 5x - 36.0 ) - ( 1y * ( ( 1x - 8y ) - 6x ) ) ) )
Fitness = 63.4101852749
Avg Fitness = 39.35015214
Duplicated = 91
============================================================================
Evaluate Gen  35
New Population 725
Better than Dads 64
Best Ind: ( ( ( 7y - 4x ) - 5x ) - ( 1x * ( 10y - 1y ) ) )
Fitness = 15.8945448439
Worst Ind: ( ( ( ( 10y * ( 55.0 + 1x ) ) * 96.0 ) * ( 12.0 - 6x ) ) - ( ( 10y - 1y ) * 3x ) )
Fitness = 47.6836345316
Avg Fitness = 34.937854864
Duplicated = 99
============================================================================
Evaluate Gen  36
New Population 716
Better than Dads 60
Best Ind: ( ( ( 7y - 4x ) - 5x ) - ( 1x * ( 10y - 1y ) ) )
Fitness = 15.8945448439
Worst Ind: ( ( ( 6x * ( 10x + 7y ) ) - 1x ) - ( 1y * ( 1y + 2x ) ) )
Fitness = 39.1187289051
Avg Fitness = 31.3341627885
Duplicated = 107
============================================================================
Evaluate Gen  37
New Population 719
Better than Dads 53
Best Ind: ( ( ( 7y - 4x ) - 5x ) - ( 1x * ( 10y - 1y ) ) )
Fitness = 15.8945448439
Worst Ind: ( ( ( 1y * 8x ) - 8x ) - 1x )
Fitness = 31.8519422198
Avg Fitness = 31.260513746
Duplicated = 102
============================================================================
Evaluate Gen  38
New Population 720
Better than Dads 57
Best Ind: ( ( ( 7y - 4x ) - 5x ) - ( 1x * ( 10y - 1y ) ) )
Fitness = 15.8945448439
Worst Ind: ( ( ( ( 2y * ( 1y * ( 5x - 6x ) ) ) - 2y ) - 4x ) - 1x )
Fitness = 31.8519422198
Avg Fitness = 31.2228653327
Duplicated = 96
============================================================================
Evaluate Gen  39
New Population 709
Better than Dads 45
Best Ind: ( ( ( 7y - 4x ) - 5x ) - ( 1x * ( 10y - 1y ) ) )
Fitness = 15.8945448439
Worst Ind: ( ( 2y * ( ( 96.0 - ( ( 12.0 - 1x ) * 2x ) ) - ( ( 8x * 11.0 ) - ( 55.0 - 3y ) ) ) ) - ( ( 9y - 6x ) - 1x ) )
Fitness = 31.8519422198
Avg Fitness = 31.1728046872
Duplicated = 97
============================================================================
Evaluate Gen  40
New Population 722
Better than Dads 57
Best Ind: ( ( ( 7y - 4x ) - 5x ) - ( 1x * ( 10y - 1y ) ) )
Fitness = 15.8945448439
Worst Ind: ( ( ( ( ( ( 34.0 + 8.0 ) - 3y ) - 7y ) - ( ( 4x - 2y ) - 2y ) ) - 6x ) - 1x )
Fitness = 31.8519422198
Avg Fitness = 31.058567795
Duplicated = 93
============================================================================
Evaluate Gen  41
New Population 743
Better than Dads 63
Best Ind: ( ( ( 7y - 4x ) - 5x ) - ( 1x * ( 10y - 1y ) ) )
Fitness = 15.8945448439
Worst Ind: ( ( 9y - 6x ) - 1x )
Fitness = 31.8519422198
Avg Fitness = 30.9577768518
Duplicated = 95
============================================================================
Evaluate Gen  42
New Population 725
Better than Dads 58
Best Ind: ( ( ( 7y - 4x ) - 5x ) - ( 1x * ( 10y - 1y ) ) )
Fitness = 15.8945448439
Worst Ind: ( ( ( 1y * 8x ) - ( ( 10y * ( 55.0 + ( 8y - 7.0 ) ) ) * ( ( 2x - 2y ) - 1x ) ) ) - 1x )
Fitness = 31.8519422198
Avg Fitness = 30.8851525094
Duplicated = 100
============================================================================
Evaluate Gen  43
New Population 719
Better than Dads 51
Best Ind: ( ( ( 7y - 4x ) - 5x ) - ( 1x * ( 10y - 1y ) ) )
Fitness = 15.8945448439
Worst Ind: ( ( 93.0 * 1x ) - ( ( 7x - ( ( 3y * 1x ) - 2y ) ) - 1y ) )
Fitness = 31.7890896877
Avg Fitness = 30.6591319103
Duplicated = 109
============================================================================
Evaluate Gen  44
New Population 731
Better than Dads 58
Best Ind: ( ( ( 7y - 4x ) - 5x ) - ( 1x * ( 10y - 1y ) ) )
Fitness = 15.8945448439
Worst Ind: ( ( ( ( 1x - 1y ) - 8x ) - ( ( ( ( 9y - 6x ) - 1x ) - 1x ) - 1y ) ) - 1y )
Fitness = 31.7890896877
Avg Fitness = 30.3956216703
Duplicated = 97
============================================================================
Evaluate Gen  45
New Population 730
Better than Dads 71
Best Ind: ( ( ( 7y - 4x ) - 5x ) - ( 1x * ( 10y - 1y ) ) )
Fitness = 15.8945448439
Worst Ind: ( ( ( 10y - 1y ) * 3x ) - 1y )
Fitness = 31.7890896877
Avg Fitness = 29.7976324559
Duplicated = 97
============================================================================
Evaluate Gen  46
New Population 735
Better than Dads 67
Best Ind: ( ( ( 1y * 1x ) * 2x ) * ( 1x - 1x ) )
Fitness = 15.8313801546
Worst Ind: ( ( ( ( 7y + 2x ) - ( ( 15.0 + 91.0 ) - 4x ) ) - 1x ) - 1y )
Fitness = 31.7890896877
Avg Fitness = 29.4342749324
Duplicated = 107
============================================================================
Evaluate Gen  47
New Population 722
Better than Dads 70
Best Ind: ( ( ( 1y * 1x ) * 2x ) * ( 1x - 1x ) )
Fitness = 15.8313801546
Worst Ind: ( ( ( ( 2y * ( 1y * ( 5x - 6x ) ) ) - 2y ) - 4x ) - ( 1y * 2x ) )
Fitness = 31.7890896877
Avg Fitness = 28.8450992587
Duplicated = 111
============================================================================
Evaluate Gen  48
New Population 732
Better than Dads 79
Best Ind: ( ( 1y * ( ( ( 1y * ( 3x - 7y ) ) - ( ( 4x - 2y ) * 96.0 ) ) - ( 2y * 1x ) ) ) * ( 1x - 1x ) )
Fitness = 12.5
Worst Ind: ( ( ( 5x * ( 3x - 7y ) ) - ( ( 4x - 2y ) * 96.0 ) ) - ( 2y * 1x ) )
Fitness = 31.7890896877
Avg Fitness = 27.8776230059
Duplicated = 104
============================================================================
Evaluate Gen  49
New Population 729
Better than Dads 73
Best Ind: ( ( ( ( ( ( 5y - 1x ) - 1y ) - ( 2y * 1x ) ) - 1x ) - ( 38.0 - 1x ) ) * ( 1x * ( ( 59.0 + 10x ) - 1y ) ) )
Fitness = 10.5683642125
Worst Ind: ( ( ( ( ( 4x * 1x ) - 1y ) - 6x ) - 6x ) - ( 1y * 2x ) )
Fitness = 31.7890896877
Avg Fitness = 26.5748942798
Duplicated = 93
============================================================================
Evaluate Gen  50
New Population 728
Better than Dads 74
Best Ind: ( ( ( ( ( ( 5y - 1x ) - 1y ) - ( 2y * 1x ) ) - 1x ) - ( 38.0 - 1x ) ) * ( 1x * ( ( 59.0 + 10x ) - 1y ) ) )
Fitness = 10.5683642125
Worst Ind: ( 1y * ( ( 7.0 - ( ( ( 2x + 4y ) - 4y ) - ( ( 5x * 1y ) - 2x ) ) ) - ( 1x + 1x ) ) )
Fitness = 31.7890896877
Avg Fitness = 24.8417913511
Duplicated = 88
