dataset_file= dataset/SR_circle.txt
population= 300
generations= 50
tournament_size= 5
cross_over= 0.9
mutation= 0.05
elitism= True
(50, 2)
============================================================================
Build initial population
ind: 1
( 26.0 * ( 4x - ( ( 10x + ( 8x * 1y ) ) - 3y ) ) )
ind: 2
( ( ( ( ( ( 3y + 60.0 ) + ( 77.0 * 6y ) ) + 63.0 ) + 25.0 ) + ( 48.0 * ( ( 1x * 61.0 ) - 2.0 ) ) ) - 6y )
ind: 3
( ( 17.0 - ( ( ( ( 4y - 2y ) - 2y ) - ( ( 80.0 + 35.0 ) - ( 79.0 * 7.0 ) ) ) * ( ( 6x - 69.0 ) * 10.0 ) ) ) + 7y )
ind: 4
( ( 72.0 * 43.0 ) * ( ( ( 3x - ( 3y + 15.0 ) ) + ( ( 87.0 + 8.0 ) + ( ( 57.0 - 17.0 ) + ( 99.0 + 4y ) ) ) ) - 89.0 ) )
ind: 5
( ( 10x + ( ( 79.0 * ( 3.0 - ( 92.0 - 30.0 ) ) ) - ( 2y * ( 8y - ( 3.0 + 4y ) ) ) ) ) - ( 8.0 - ( ( 23.0 + 8x ) - 5y ) ) )
ind: 6
( 64.0 + ( ( ( ( ( 2x + 1y ) + ( 6y * 3y ) ) + ( 3x + 73.0 ) ) + 1x ) + ( ( 7.0 * ( ( 47.0 * 7y ) * 60.0 ) ) + 11.0 ) ) )
ind: 7
( 10y + ( ( 37.0 - ( 1y + 5y ) ) * ( ( 3x + 48.0 ) + ( ( 30.0 + 56.0 ) + ( 95.0 + ( 3y * 5x ) ) ) ) ) )
ind: 8
( ( ( 63.0 + ( ( 8y - 14.0 ) * 7x ) ) - 14.0 ) - ( ( ( ( 30.0 + ( 10x - 6y ) ) - 1y ) + ( ( 80.0 + 70.0 ) + ( 3.0 * 47.0 ) ) ) * 5x ) )
ind: 9
( ( ( 71.0 - 72.0 ) + ( 9y - ( ( 57.0 * 2x ) - 6x ) ) ) - ( ( 69.0 - ( ( 37.0 - ( 9x - 4x ) ) - ( ( 26.0 * 4y ) * 4x ) ) ) * ( ( ( ( 66.0 * 6x ) - 2x ) + 2x ) - 12.0 ) ) )
ind: 10
( ( ( ( 76.0 + ( ( 6x * 39.0 ) * ( 74.0 - 5y ) ) ) * 60.0 ) + ( ( ( ( 95.0 - 20.0 ) - ( 19.0 - 3x ) ) + ( 51.0 * ( 54.0 + 57.0 ) ) ) - 1y ) ) * ( ( ( ( 6.0 + 65.0 ) * ( ( 2.0 + 85.0 ) + 7y ) ) + ( ( 2y - ( 10y * 10x ) ) - ( ( 10y + 49.0 ) + 33.0 ) ) ) + ( ( ( 7y - ( 6y - 40.0 ) ) * ( 46.0 * ( 61.0 - 8y ) ) ) + 4y ) ) )
ind: 11
( 3y * ( 36.0 * ( 3x * 9x ) ) )
ind: 12
( 8x * ( ( 71.0 - ( ( 1y - 70.0 ) - 10y ) ) - ( ( 6y * 10x ) + ( 32.0 * ( ( 7x + 89.0 ) * ( 3x - 3y ) ) ) ) ) )
ind: 13
( 2y + ( 7x + ( 7y * ( 50.0 - ( ( 62.0 * 2y ) - ( 3x * 5x ) ) ) ) ) )
ind: 14
( ( 9x + ( 8x - ( 7x + ( ( 50.0 * 10y ) * ( 88.0 - 61.0 ) ) ) ) ) - ( 1y - ( ( 38.0 * ( ( 1y * 39.0 ) * 1y ) ) - 7y ) ) )
ind: 15
( ( ( 8y * 8x ) * 1x ) - ( ( 82.0 - ( 71.0 - ( ( 6x + 5x ) * ( 29.0 - 15.0 ) ) ) ) - ( 10y - 39.0 ) ) )
ind: 16
( ( 95.0 - ( ( ( ( 2y - 9x ) - 13.0 ) + ( 10x + 7y ) ) * 63.0 ) ) * 82.0 )
ind: 17
( 7y + 8x )
ind: 18
( 8y + 5x )
ind: 19
( 6y * ( ( 99.0 * 8x ) * 83.0 ) )
ind: 20
( ( 1x + ( ( ( 10x + ( 10x * 65.0 ) ) + 4x ) + ( ( 4x + 34.0 ) + 3y ) ) ) - ( 74.0 + ( 10y * 3x ) ) )
ind: 21
( 8y * ( 3.0 - ( ( ( ( 5y + 1x ) + 1x ) - ( ( 5y + 8x ) - ( 8.0 + 86.0 ) ) ) + ( 9x + ( ( 16.0 + 3y ) + 3x ) ) ) ) )
ind: 22
( ( ( 23.0 - ( ( 6x + 1x ) * ( 59.0 + ( 3y - 56.0 ) ) ) ) * ( ( ( 91.0 + ( 61.0 - 3y ) ) + ( 1y * ( 7.0 - 5x ) ) ) + ( 7x + 4y ) ) ) + 1y )
ind: 23
( ( 7x + 67.0 ) * 8y )
ind: 24
( 37.0 * ( ( 58.0 + ( ( ( 8x * 10y ) * ( 47.0 - 38.0 ) ) * ( ( 3x + 24.0 ) - ( 96.0 - 64.0 ) ) ) ) - ( 8y - 9y ) ) )
ind: 25
( ( 8y + ( ( ( ( 50.0 + 100.0 ) - 8x ) * 10y ) * ( ( 5.0 - 10x ) - ( 8x * 8x ) ) ) ) - ( ( 7y * ( ( 5y + ( 1y - 7x ) ) * ( ( 2y + 60.0 ) - 7x ) ) ) + 8y ) )
ind: 26
( 10y * ( ( ( ( 94.0 * 100.0 ) * ( ( 5y - 7x ) + 83.0 ) ) + 52.0 ) + 19.0 ) )
ind: 27
( 86.0 - ( 6y * ( ( ( ( 34.0 * 77.0 ) - 10x ) + 10y ) + ( 9y + 41.0 ) ) ) )
ind: 28
( ( 54.0 * ( ( ( ( 8y - 12.0 ) + 5x ) + ( 47.0 * ( 10y - 55.0 ) ) ) - ( ( 27.0 - 61.0 ) + ( ( 5y * 84.0 ) * 17.0 ) ) ) ) - 5y )
ind: 29
( 19.0 + ( ( ( ( ( 51.0 - 45.0 ) * 86.0 ) + ( 46.0 - 6x ) ) - ( ( ( 8x * 5x ) - 53.0 ) - 10y ) ) * 2x ) )
ind: 30
( ( ( 19.0 - 8y ) + 3x ) + 3y )
ind: 31
( ( ( 9y - ( 47.0 - ( ( 3x + 45.0 ) - ( 6y * 79.0 ) ) ) ) * ( ( ( ( 2.0 * 69.0 ) + 8x ) * 7y ) - 33.0 ) ) + ( 5y * ( 5x - 46.0 ) ) )
ind: 32
( ( 29.0 * ( ( 67.0 + ( 1x * 38.0 ) ) * ( 1y * 7x ) ) ) - 6x )
ind: 33
( 1x + ( ( 4x + ( ( 91.0 - ( 9x * 74.0 ) ) - ( 44.0 + ( 5y - 37.0 ) ) ) ) - ( 91.0 + 3x ) ) )
ind: 34
( ( ( 69.0 - ( 7y * ( ( 79.0 + 1.0 ) * ( 78.0 - 10x ) ) ) ) - ( ( ( 1.0 * ( 54.0 + 3y ) ) + 5x ) + ( ( ( 10y * 6x ) + ( 96.0 + 5.0 ) ) + ( ( 61.0 + 47.0 ) * ( 9x * 7x ) ) ) ) ) * ( ( ( 2x - 26.0 ) + 3y ) + ( 3y * ( ( 23.0 + ( 1y * 72.0 ) ) * ( 8x + ( 74.0 + 1y ) ) ) ) ) )
ind: 35
( ( ( 4x - ( ( 22.0 * ( 6y * 7x ) ) - ( 6x * ( 6y - 4x ) ) ) ) + 8.0 ) - ( 91.0 * 63.0 ) )
ind: 36
( 4y - ( ( ( 78.0 - 97.0 ) * 39.0 ) + 3x ) )
ind: 37
( ( ( ( ( ( 24.0 + 61.0 ) - ( 21.0 + 5x ) ) * 50.0 ) - 42.0 ) - 10y ) + ( 4y * 5x ) )
ind: 38
( 19.0 - ( 6y - ( ( ( 9x + ( 55.0 - 5x ) ) * ( 10.0 + 26.0 ) ) + ( 4y + 10y ) ) ) )
ind: 39
( ( 54.0 * 9x ) + 7y )
ind: 40
( ( 13.0 - ( ( ( ( 1y - 8y ) * ( 26.0 - 5x ) ) * ( ( 7x + 46.0 ) + ( 50.0 * 5.0 ) ) ) - 68.0 ) ) * 98.0 )
ind: 41
( ( 1.0 * ( ( 6.0 + 7x ) - 44.0 ) ) - ( ( ( ( 4x + 8x ) - 8y ) - ( ( 5x - 9x ) + 10x ) ) * ( ( ( ( 8x + 8x ) + ( 6y - 83.0 ) ) - 5y ) - 54.0 ) ) )
ind: 42
( 7x + ( ( 8y * 50.0 ) + 5x ) )
ind: 43
( ( ( 20.0 * ( ( ( 8x * 40.0 ) + ( 6y - 1y ) ) * 60.0 ) ) + ( 7x + 6x ) ) - ( 7y - ( 55.0 + 9y ) ) )
ind: 44
( 86.0 * ( 8y - 5x ) )
ind: 45
( ( 8y * 10x ) * ( ( 30.0 * 47.0 ) - ( 10x + 6x ) ) )
ind: 46
( ( ( ( ( ( 5.0 - 76.0 ) - ( 7x * 6x ) ) - ( 12.0 * 38.0 ) ) * 17.0 ) - 3x ) + 7y )
ind: 47
( ( ( ( ( ( 40.0 - 3y ) - ( 4y + 10x ) ) + 70.0 ) + 66.0 ) + 4y ) + 8y )
ind: 48
( ( ( ( 13.0 * ( 1y - 7x ) ) - ( ( ( 98.0 + 10x ) + 86.0 ) - 6x ) ) - 19.0 ) - ( 32.0 - ( 62.0 * 8x ) ) )
ind: 49
( 2x - 7y )
ind: 50
( 9y * ( ( 99.0 - 15.0 ) * 1x ) )
ind: 51
( ( ( ( 37.0 * ( ( 10.0 + 7y ) + 56.0 ) ) + ( 10x + ( 74.0 - ( 9x * 14.0 ) ) ) ) + ( ( ( ( 6x * 13.0 ) - ( 58.0 + 40.0 ) ) * 51.0 ) * ( ( 2y + 10y ) - ( ( 88.0 - 47.0 ) - ( 91.0 * 4y ) ) ) ) ) * ( 51.0 * 87.0 ) )
ind: 52
( ( 97.0 - ( 1x - ( 54.0 - 62.0 ) ) ) * 6y )
ind: 53
( ( 9x - ( ( 65.0 + ( ( 15.0 + 94.0 ) - 5y ) ) * 41.0 ) ) + ( 88.0 - 6x ) )
ind: 54
( ( 10y + ( 9x * 8y ) ) - 1x )
ind: 55
( ( ( 84.0 + ( ( 2x + ( 96.0 + 10y ) ) + 2y ) ) - ( ( ( ( 79.0 - 93.0 ) - ( 54.0 - 1y ) ) + 78.0 ) + ( 10y * 9y ) ) ) * 82.0 )
ind: 56
( ( ( ( 17.0 * 90.0 ) + ( 51.0 - 29.0 ) ) - 9x ) - 6y )
ind: 57
( ( ( 10x - ( 7y * 64.0 ) ) + ( ( 6x - 8x ) * ( 2y * ( 8y + ( 38.0 - 3y ) ) ) ) ) + ( 49.0 * 64.0 ) )
ind: 58
( ( ( 10x - ( 55.0 - ( 55.0 * 33.0 ) ) ) * 4x ) - ( ( ( ( ( 10y + 4y ) + ( 79.0 - 33.0 ) ) * 86.0 ) - ( ( 86.0 * ( 99.0 + 55.0 ) ) * 59.0 ) ) * 4y ) )
ind: 59
( 3y * 5x )
ind: 60
( 1x + 10y )
ind: 61
( 10x * ( 8y - ( 5x + ( ( ( 52.0 + 71.0 ) + ( 92.0 + 88.0 ) ) + ( 99.0 * 43.0 ) ) ) ) )
ind: 62
( ( 12.0 * ( 8x + 8y ) ) * ( ( ( ( ( 6x + 8.0 ) * ( 100.0 - 3x ) ) + ( ( 9x + 31.0 ) * 13.0 ) ) + ( ( ( 63.0 * 5y ) * ( 8y * 6.0 ) ) * ( 5x * ( 49.0 * 13.0 ) ) ) ) * ( ( ( ( 88.0 + 63.0 ) * 71.0 ) - ( 7.0 * 94.0 ) ) + ( ( 9y * 9y ) + ( ( 99.0 * 47.0 ) * ( 28.0 - 76.0 ) ) ) ) ) )
ind: 63
( ( ( 65.0 - 22.0 ) + ( ( ( 47.0 + 18.0 ) - ( ( 7x * 6x ) * ( 8y + 3y ) ) ) + ( 57.0 + 79.0 ) ) ) - ( 100.0 + ( ( 33.0 - ( 5x - 7y ) ) + 82.0 ) ) )
ind: 64
( 8x + ( ( ( 1x + ( ( 3x * 80.0 ) + ( 1y - 15.0 ) ) ) * 4x ) - ( 21.0 + ( ( ( 15.0 - 1y ) - 9y ) - ( 8x + 4x ) ) ) ) )
ind: 65
( ( 66.0 - 82.0 ) + ( ( ( ( 3x - ( 59.0 + 6x ) ) * ( ( 5x * 2x ) * ( 80.0 - 8x ) ) ) * 7x ) * 2y ) )
ind: 66
( 1y + ( 10x + 56.0 ) )
ind: 67
( ( 1x + ( ( 47.0 - 6y ) - 6x ) ) * ( ( 2x + ( 85.0 + 10y ) ) + 6x ) )
ind: 68
( 93.0 + ( ( ( ( 10y * 64.0 ) - 51.0 ) + ( 2x + 1.0 ) ) + 5x ) )
ind: 69
( ( ( 4y * 2x ) + ( 68.0 - 43.0 ) ) + 30.0 )
ind: 70
( ( ( 28.0 * ( ( 7y - 4y ) * 6x ) ) * ( ( ( ( 17.0 - 44.0 ) - ( 7x + 2y ) ) + ( ( 42.0 + 62.0 ) - 63.0 ) ) - 81.0 ) ) + ( ( ( 5x - 5y ) * 2y ) - ( 7y * 1.0 ) ) )
ind: 71
( ( 52.0 + 1y ) * ( ( ( 10x * ( ( 39.0 - 49.0 ) - 60.0 ) ) + 17.0 ) * ( ( 40.0 * ( 1y * 5y ) ) * 8y ) ) )
ind: 72
( ( 10x - ( 5y * ( ( 92.0 * 7y ) + 6x ) ) ) + ( ( 9x * ( 6.0 * 6y ) ) + ( ( ( ( 1x + 92.0 ) + 2y ) * ( ( 68.0 * 3x ) * ( 45.0 * 9x ) ) ) + ( ( 71.0 + ( 5y + 10y ) ) - 87.0 ) ) ) )
ind: 73
( ( ( ( ( ( 2x - 54.0 ) * ( 7x * 10x ) ) + ( ( 27.0 - 99.0 ) - 23.0 ) ) - 75.0 ) + ( 76.0 + ( ( ( 9x * 88.0 ) - ( 8y + 4x ) ) - ( 28.0 - ( 9y - 4y ) ) ) ) ) - ( 23.0 - ( ( 3x + 2x ) - 74.0 ) ) )
ind: 74
( ( ( ( ( ( 62.0 * 7.0 ) * 34.0 ) - ( 7y - 76.0 ) ) * 55.0 ) - ( ( ( 8y - 9y ) - ( 24.0 * 2x ) ) + 6y ) ) + ( 83.0 * ( 10x - ( 65.0 + 90.0 ) ) ) )
ind: 75
( 12.0 * ( ( 61.0 - ( ( ( 1x - 48.0 ) - 6y ) - ( ( 81.0 * 6y ) - ( 7y - 7y ) ) ) ) + 96.0 ) )
ind: 76
( 73.0 * ( ( ( 7y - ( 10y + 9y ) ) + 2y ) + ( ( 18.0 + ( 100.0 + 93.0 ) ) - ( ( ( 45.0 * 1x ) * ( 5x - 55.0 ) ) + 64.0 ) ) ) )
ind: 77
( ( ( ( 69.0 - 6x ) - 4x ) * 3y ) + 5y )
ind: 78
( ( 10x * 43.0 ) * ( ( ( ( ( 2y + 5x ) * 18.0 ) * ( 68.0 + 39.0 ) ) + ( 80.0 * ( 95.0 * ( 5y * 89.0 ) ) ) ) * 71.0 ) )
ind: 79
( ( ( ( ( ( 46.0 + 5y ) - ( 21.0 * 9.0 ) ) - 2y ) * ( ( ( 6x + 2y ) + ( 6x * 4y ) ) * 3x ) ) + ( ( 70.0 * ( ( 1x * 32.0 ) + ( 10y * 41.0 ) ) ) + ( 10x * ( 5x * 9x ) ) ) ) - 7y )
ind: 80
( ( ( ( ( ( 63.0 + 57.0 ) * 10x ) + 14.0 ) - 1x ) - 4x ) * ( ( ( 6y - 32.0 ) - ( 18.0 * 74.0 ) ) * ( ( ( 16.0 * 12.0 ) * 75.0 ) + ( ( 3y + 1.0 ) - ( ( 1y * 1x ) * 15.0 ) ) ) ) )
ind: 81
( ( 8y * ( ( 83.0 * 9x ) + 76.0 ) ) * 100.0 )
ind: 82
( ( ( ( 39.0 + ( 9x + 37.0 ) ) - ( ( 1y - 17.0 ) + ( 89.0 * 4y ) ) ) + 4x ) - 33.0 )
ind: 83
( ( 3y - 6x ) * ( 10y * ( ( 19.0 + ( 2x - ( 63.0 - 10y ) ) ) - ( 8y * 1.0 ) ) ) )
ind: 84
( ( ( 8y - ( ( ( 3y + 4x ) + 5y ) + ( 29.0 - ( 7.0 + 8x ) ) ) ) * 56.0 ) + 87.0 )
ind: 85
( ( ( ( ( 6y * 96.0 ) - ( 8x * 5.0 ) ) + ( ( ( 66.0 * 99.0 ) * ( 8y * 15.0 ) ) + ( ( 8x * 6.0 ) + 40.0 ) ) ) * ( 6x + ( 10x - 7x ) ) ) * ( ( 71.0 + ( 89.0 * 10x ) ) + ( 12.0 * 25.0 ) ) )
ind: 86
( ( ( 10y + ( 82.0 + 5y ) ) - 68.0 ) - ( 2x + 2y ) )
ind: 87
( ( 6y + 3x ) * ( 3x + 56.0 ) )
ind: 88
( 2y + ( ( ( 50.0 * ( ( 4.0 + 62.0 ) - ( 62.0 - 2x ) ) ) + ( 43.0 * ( ( 21.0 + 15.0 ) * 5y ) ) ) + 2x ) )
ind: 89
( ( 2y - 8x ) - 23.0 )
ind: 90
( 6x * ( ( ( 5y * ( ( 15.0 - 18.0 ) * ( 7y - 11.0 ) ) ) * ( 8y + 6y ) ) * 6y ) )
ind: 91
( ( 1x - 9y ) - ( ( ( ( 4x - ( 7x * 28.0 ) ) - ( 4y - 56.0 ) ) * 2y ) * ( 86.0 + 8x ) ) )
ind: 92
( 4x - ( ( 92.0 * ( ( 57.0 - 34.0 ) * ( ( 71.0 + 60.0 ) - ( 6x * 10x ) ) ) ) * ( 5y + ( ( ( 31.0 + 4y ) - 3y ) - ( 4y + ( 33.0 - 9x ) ) ) ) ) )
ind: 93
( ( 27.0 * 9y ) * 9x )
ind: 94
( 98.0 + ( ( 95.0 - 6y ) * 2x ) )
ind: 95
( 15.0 * ( 6y - ( 2x + ( 7x - 6x ) ) ) )
ind: 96
( 10y * ( ( 91.0 + 89.0 ) + ( 39.0 + ( 76.0 * ( 40.0 * ( 5x * 7.0 ) ) ) ) ) )
ind: 97
( ( ( 81.0 - ( 34.0 - 6y ) ) - ( ( 10y - 4y ) * 4x ) ) * 97.0 )
ind: 98
( ( ( ( 5x + ( 25.0 * 66.0 ) ) * ( 1y + 9x ) ) - ( ( ( ( 2y - 5y ) - ( 66.0 * 10y ) ) - ( 48.0 + ( 2y + 34.0 ) ) ) - ( ( 6.0 + 2x ) + ( ( 6x * 61.0 ) * ( 4.0 * 45.0 ) ) ) ) ) - 9y )
ind: 99
( 10x * ( ( 5y + 8x ) * ( ( ( ( 63.0 * 1x ) + ( 84.0 + 5y ) ) * ( ( 6y - 5y ) + ( 30.0 - 43.0 ) ) ) * ( ( 4y * ( 65.0 * 97.0 ) ) + ( ( 2x + 88.0 ) * 1x ) ) ) ) )
ind: 100
( ( ( ( ( ( 60.0 - 5y ) * ( 9x + 39.0 ) ) * 96.0 ) - ( 6x + 7y ) ) + ( 7y * ( ( ( 73.0 - 7.0 ) * ( 42.0 - 9y ) ) * 45.0 ) ) ) * 20.0 )
ind: 101
( ( 32.0 * ( 40.0 * ( 4x + ( 2x * 29.0 ) ) ) ) + ( ( 5y + ( ( ( 79.0 * 83.0 ) + 21.0 ) * 86.0 ) ) - 10x ) )
ind: 102
( 6y * ( 2x + 10y ) )
ind: 103
( ( 80.0 - ( 70.0 + ( 6y + ( ( 8x + 9x ) * ( 60.0 + 18.0 ) ) ) ) ) + ( ( ( ( ( 61.0 - 5.0 ) + ( 7x * 2x ) ) + 92.0 ) - ( ( 65.0 * ( 8y - 7y ) ) - ( ( 33.0 * 58.0 ) + 84.0 ) ) ) * 58.0 ) )
ind: 104
( ( 92.0 - ( 78.0 + ( ( 7y * 53.0 ) - 6y ) ) ) + ( ( ( 8.0 * 90.0 ) + ( ( 6x + ( 10y * 1x ) ) - ( 71.0 + ( 10y - 7.0 ) ) ) ) + ( ( 88.0 - 10x ) * 72.0 ) ) )
ind: 105
( ( 55.0 + ( ( 30.0 + ( 10.0 - 7x ) ) * 89.0 ) ) * ( ( 9x - 69.0 ) - ( 6x * ( ( ( 1x * 44.0 ) * ( 67.0 - 99.0 ) ) * ( ( 8y - 7y ) * 1y ) ) ) ) )
ind: 106
( 64.0 + ( ( ( ( ( 7.0 + 49.0 ) - ( 6x - 33.0 ) ) * ( 10y * ( 1x * 15.0 ) ) ) + ( ( 4y * ( 9x * 3y ) ) - 9x ) ) - ( 10.0 - ( ( ( 1y + 70.0 ) * 32.0 ) - ( 40.0 * 9x ) ) ) ) )
ind: 107
( 3y * ( ( 6x * ( 16.0 + 29.0 ) ) + ( 97.0 * 3x ) ) )
ind: 108
( ( 5y + ( 51.0 - ( 80.0 * 9x ) ) ) * 20.0 )
ind: 109
( ( 57.0 + 3y ) - ( ( 1x - ( ( ( 76.0 + 61.0 ) + 5y ) * ( ( 19.0 - 7y ) + 11.0 ) ) ) - ( 4y * 2y ) ) )
ind: 110
( ( ( 27.0 + ( ( 63.0 + ( 88.0 * 4y ) ) - ( ( 5x + 53.0 ) + 98.0 ) ) ) * ( 58.0 * ( 1x - 6x ) ) ) + ( 94.0 + ( ( 80.0 + 58.0 ) + ( ( 4x * ( 10y - 9.0 ) ) + 85.0 ) ) ) )
ind: 111
( ( ( 5y - 4y ) - 4x ) + ( 10y - 51.0 ) )
ind: 112
( ( ( 65.0 + 9y ) - 89.0 ) - ( ( ( ( ( 8x - 5.0 ) + ( 1y + 76.0 ) ) + ( ( 9y - 97.0 ) + ( 96.0 + 6y ) ) ) - ( 1x + ( ( 40.0 - 38.0 ) + ( 5y * 3y ) ) ) ) + 42.0 ) )
ind: 113
( ( ( ( ( ( 7x * 36.0 ) * ( 39.0 + 6y ) ) * 9y ) + ( ( 1y + 4y ) + 74.0 ) ) + 61.0 ) * 3x )
ind: 114
( ( ( ( ( ( 10y + 73.0 ) - ( 60.0 - 8y ) ) * 28.0 ) * ( ( 4y - 88.0 ) - 8y ) ) * 2x ) - ( 5x + 33.0 ) )
ind: 115
( 17.0 + ( ( 73.0 - ( ( ( 4y * 2x ) * 23.0 ) - 57.0 ) ) * ( 8y + ( 7y * ( 9x + 17.0 ) ) ) ) )
ind: 116
( 2y * ( ( 24.0 * 46.0 ) - ( 97.0 + ( ( ( 95.0 * 68.0 ) + ( 4x + 90.0 ) ) - ( 85.0 - 6y ) ) ) ) )
ind: 117
( ( 1y * 4x ) + 49.0 )
ind: 118
( 5y * ( ( ( ( ( 8y - 2x ) * 2y ) - ( 88.0 + 7y ) ) + ( ( ( 8x + 100.0 ) - 2y ) - ( 60.0 * 8x ) ) ) + 7y ) )
ind: 119
( ( ( 99.0 * 5y ) + 10y ) - ( ( ( ( ( 5x * 17.0 ) * 10x ) - ( ( 7y + 9x ) * 2y ) ) - ( ( 67.0 + 16.0 ) - 74.0 ) ) - 2x ) )
ind: 120
( 74.0 * ( ( ( 8.0 + 3y ) * ( ( ( 2x * 9y ) * ( 3y + 85.0 ) ) * 1.0 ) ) + ( ( 36.0 * ( 51.0 * ( 6x + 6y ) ) ) - 24.0 ) ) )
ind: 121
( ( ( ( ( 5y + 23.0 ) - 89.0 ) + 5x ) + ( ( 88.0 + 15.0 ) - 78.0 ) ) - ( 6x + 7x ) )
ind: 122
( ( ( 8x - ( 2y + 6x ) ) + 4y ) - 23.0 )
ind: 123
( ( ( ( 1y - ( ( 48.0 * 6y ) - ( 2y * 24.0 ) ) ) + ( ( ( 5x + 84.0 ) - ( 7.0 - 6x ) ) - 6y ) ) - 2y ) - ( ( ( ( ( 98.0 * 64.0 ) * 3.0 ) - 16.0 ) + 2y ) + ( ( ( ( 10x - 9y ) - 10y ) * 96.0 ) * 5x ) ) )
ind: 124
( 8x * ( ( 3x * ( ( 3x - 70.0 ) + 7y ) ) + 7x ) )
ind: 125
( ( ( ( 8y - ( ( 77.0 - 5y ) * 9.0 ) ) * ( 8x + ( 10x + 8x ) ) ) + ( 5x + 10x ) ) + ( 44.0 * ( 1y + ( ( ( 2y * 4x ) - 96.0 ) - 4x ) ) ) )
ind: 126
( ( 6x + 53.0 ) * ( ( ( ( ( 68.0 + 6y ) + ( 3x * 63.0 ) ) - ( ( 8x * 12.0 ) - ( 8y * 5x ) ) ) + ( ( ( 2y - 26.0 ) + 8y ) - 10x ) ) - ( 26.0 * 2x ) ) )
ind: 127
( 9x * ( ( 5y * ( ( ( 41.0 * 2x ) * 36.0 ) - 19.0 ) ) - ( 3y * ( ( ( 1x * 3x ) * ( 10x + 31.0 ) ) * ( 80.0 * 8y ) ) ) ) )
ind: 128
( 10y * ( 1y - 10x ) )
ind: 129
( 24.0 - ( ( 9y + 63.0 ) * 5x ) )
ind: 130
( ( ( ( ( ( 21.0 + 31.0 ) + ( 6x * 5y ) ) - 3x ) - ( ( 35.0 + ( 1x + 63.0 ) ) - 88.0 ) ) * 10.0 ) + ( 4.0 - ( 91.0 * ( 6y + 3x ) ) ) )
ind: 131
( 8y + 10x )
ind: 132
( ( ( ( ( ( 10x * 4x ) + ( 1y - 4x ) ) - ( 91.0 - ( 17.0 + 29.0 ) ) ) * ( 33.0 + ( ( 83.0 + 14.0 ) + ( 39.0 * 94.0 ) ) ) ) - ( ( ( ( 70.0 + 46.0 ) * ( 80.0 * 3y ) ) * ( ( 36.0 * 12.0 ) + 75.0 ) ) * 6x ) ) - 80.0 )
ind: 133
( ( ( 6.0 - 82.0 ) - ( 52.0 + 87.0 ) ) + ( 84.0 + ( 11.0 - ( ( 14.0 + 10y ) - 3x ) ) ) )
ind: 134
( ( ( ( ( 28.0 * ( 7x * 45.0 ) ) * ( 10x - ( 4.0 + 66.0 ) ) ) + 4x ) * ( 6y * 6y ) ) * 8x )
ind: 135
( ( ( ( 4y - ( ( 87.0 - 3x ) - ( 10x - 8x ) ) ) + ( 97.0 * ( 2y - 6.0 ) ) ) * 41.0 ) - ( 40.0 * ( ( ( ( 73.0 * 84.0 ) + 6x ) * ( 32.0 * ( 4y + 3x ) ) ) + ( ( ( 77.0 * 6x ) - ( 10y * 6x ) ) + 31.0 ) ) ) )
ind: 136
( ( ( ( ( 1y * ( 43.0 * 8y ) ) + 9y ) - 50.0 ) + ( ( 22.0 - 1x ) - ( ( 83.0 - 12.0 ) + 28.0 ) ) ) + ( 1y - 10x ) )
ind: 137
( 1y + ( ( ( 46.0 - ( 19.0 * ( 14.0 - 4x ) ) ) * 28.0 ) * ( 83.0 - ( 10x - 90.0 ) ) ) )
ind: 138
( ( ( ( ( 9x + ( 5.0 - 73.0 ) ) + ( 67.0 + ( 33.0 * 53.0 ) ) ) * ( 4y - ( ( 77.0 + 8x ) - ( 58.0 + 8x ) ) ) ) * 1x ) * ( ( 3y * 6y ) * 21.0 ) )
ind: 139
( ( 15.0 - ( ( ( 18.0 * 1.0 ) - ( 8.0 + ( 1x + 6y ) ) ) + ( ( ( 93.0 * 5x ) + ( 55.0 - 9x ) ) - 10x ) ) ) + ( 2y + 37.0 ) )
ind: 140
( ( ( ( ( 6y - ( 5y - 10x ) ) + ( 65.0 * 4.0 ) ) * ( ( 44.0 + 2y ) - 8y ) ) - ( 9y - 66.0 ) ) * ( ( ( 10x * ( ( 2x - 6x ) * ( 7y * 90.0 ) ) ) - ( ( ( 46.0 + 8y ) - 2y ) - 17.0 ) ) * ( ( 4y * 3y ) - 14.0 ) ) )
ind: 141
( 8y * ( 9x - ( 48.0 + ( 41.0 * 4x ) ) ) )
ind: 142
( ( ( 4x + 38.0 ) - ( ( 8x * 12.0 ) + ( 9.0 * ( ( 31.0 - 83.0 ) * ( 1.0 - 78.0 ) ) ) ) ) * 10y )
ind: 143
( 8x - 9y )
ind: 144
( 10y * ( 5x * ( 71.0 + ( 3x * 65.0 ) ) ) )
ind: 145
( 2y * 10x )
ind: 146
( ( ( 7x + ( 3y + ( 83.0 * ( 26.0 - 4x ) ) ) ) - 10x ) - ( 6y - 5x ) )
ind: 147
( 10x * 5y )
ind: 148
( ( 7y * 10x ) - ( ( ( ( 85.0 - 41.0 ) + 10x ) + 53.0 ) + ( ( 8x + 3y ) + 8x ) ) )
ind: 149
( ( ( 36.0 + ( ( 4y * 5y ) * 61.0 ) ) + ( ( ( 8y * 3y ) - 86.0 ) + ( 3x * 92.0 ) ) ) - 53.0 )
ind: 150
( ( ( 4y * ( ( ( 23.0 * 3.0 ) + ( 42.0 + 53.0 ) ) + 49.0 ) ) + ( ( ( ( 28.0 - 5x ) * 3y ) - 100.0 ) + 10y ) ) - 37.0 )
ind: 151
( ( ( ( 93.0 * 9x ) - ( 1y - ( 88.0 - 4y ) ) ) - 6x ) - ( 69.0 + ( ( ( 31.0 - 7x ) + 7y ) * ( 61.0 - 80.0 ) ) ) )
ind: 152
( 71.0 - ( ( 8x - 7y ) * ( 34.0 * 6x ) ) )
ind: 153
( ( ( 94.0 * ( ( ( 97.0 * 6x ) - ( 9y - 40.0 ) ) * 1x ) ) - 83.0 ) * 6y )
ind: 154
( ( ( ( 3x + 28.0 ) * 9y ) + ( 16.0 * 2.0 ) ) - 94.0 )
ind: 155
( ( 2y + ( ( 6y + 2y ) - 8y ) ) - ( 86.0 - ( 61.0 - ( 10x + 83.0 ) ) ) )
ind: 156
( 7x + ( 9y + 16.0 ) )
ind: 157
( 4y + ( 83.0 * ( ( ( ( 9y - 2y ) - ( 4x + 6x ) ) + 48.0 ) - 9x ) ) )
ind: 158
( ( ( ( 64.0 + ( ( 6y + 49.0 ) + 3y ) ) + 9x ) - 9x ) + ( ( 1x + ( ( 4x * ( 36.0 - 2y ) ) * ( ( 53.0 + 11.0 ) + 85.0 ) ) ) + ( ( ( 1y - 3.0 ) * ( 8x * 7y ) ) + ( ( ( 2x + 91.0 ) * 10y ) * ( 62.0 * ( 5y - 1x ) ) ) ) ) )
ind: 159
( ( ( ( 86.0 - 6y ) + ( ( ( 1y - 25.0 ) - ( 5x - 53.0 ) ) * 5x ) ) - ( ( 25.0 - ( ( 9y - 56.0 ) - 8y ) ) * 5.0 ) ) * 18.0 )
ind: 160
( ( 1y - ( ( 59.0 * ( 7.0 - 93.0 ) ) + ( 6x - 5x ) ) ) + 21.0 )
ind: 161
( ( ( ( ( 9x + ( 4y * 2y ) ) - 10x ) - ( 9x * ( ( 42.0 - 73.0 ) * ( 5x * 2y ) ) ) ) - ( ( ( ( 8x * 10x ) - ( 64.0 + 70.0 ) ) * ( 3y * 90.0 ) ) * ( 1x * 4x ) ) ) - ( ( 7y * 3x ) - ( ( ( 34.0 + 6x ) + ( 5x - ( 67.0 * 7x ) ) ) * ( 51.0 - 95.0 ) ) ) )
ind: 162
( 7x - ( 1y + 68.0 ) )
ind: 163
( ( ( ( 96.0 * 9x ) + ( ( ( 2y - 2x ) - 5y ) - 31.0 ) ) - 16.0 ) + ( ( ( ( 33.0 + ( 78.0 * 1x ) ) + ( ( 7y + 7y ) - 6x ) ) + ( ( 6y * 96.0 ) * ( ( 1x + 24.0 ) + ( 1y - 65.0 ) ) ) ) + 23.0 ) )
ind: 164
( ( 8x * 93.0 ) * ( 10y * ( 96.0 - 69.0 ) ) )
ind: 165
( ( ( 7y + ( 3.0 - 7x ) ) * ( ( ( ( 8y - 59.0 ) - ( 6y + 2y ) ) * ( ( 69.0 * 9x ) - ( 57.0 * 7y ) ) ) + 97.0 ) ) * 86.0 )
ind: 166
( ( ( ( ( ( 10y * 93.0 ) * ( 3y + 26.0 ) ) - ( 7.0 - ( 7x + 10x ) ) ) - ( 4x - 1x ) ) * ( 7x * 7y ) ) - ( ( 6y * 12.0 ) * ( ( ( ( 40.0 * 60.0 ) + 57.0 ) * ( ( 56.0 + 5y ) - 33.0 ) ) * ( ( ( 52.0 + 22.0 ) - 63.0 ) - ( ( 48.0 + 1.0 ) * 73.0 ) ) ) ) )
ind: 167
( 35.0 - ( ( ( 19.0 * 96.0 ) * ( 18.0 * ( ( 10y + 96.0 ) + ( 3x - 15.0 ) ) ) ) - ( ( 8x * ( ( 9x - 47.0 ) + 1x ) ) - 4x ) ) )
ind: 168
( 8x + 1y )
ind: 169
( ( 10y - 1y ) + 1x )
ind: 170
( 6y * 9x )
ind: 171
( ( ( ( 3y - ( 1y + 8.0 ) ) - ( 19.0 - ( 10x + 37.0 ) ) ) - 3x ) - 10.0 )
ind: 172
( ( 79.0 * ( 8y * ( 9y - 16.0 ) ) ) + ( 5y + ( ( ( 90.0 + 4x ) - ( ( 99.0 * 7y ) + 29.0 ) ) + ( ( ( 77.0 * 7y ) - 79.0 ) * 97.0 ) ) ) )
ind: 173
( 59.0 - ( ( ( 5y + ( 8x * ( 3y + 61.0 ) ) ) * ( ( ( 93.0 * 9x ) + ( 68.0 + 4y ) ) + 25.0 ) ) + ( 4y - 80.0 ) ) )
ind: 174
( 23.0 + ( 5x - 3y ) )
ind: 175
( ( ( 38.0 * 43.0 ) + ( ( ( 70.0 - ( 42.0 + 10x ) ) * 7y ) + 30.0 ) ) * 5x )
ind: 176
( ( 2y + ( ( 79.0 * 8y ) + ( 38.0 + 95.0 ) ) ) + ( 7y + 8x ) )
ind: 177
( 69.0 - ( ( 1x - 98.0 ) + ( ( ( ( 63.0 - 3x ) + 83.0 ) - ( 7y + 7y ) ) * ( ( 28.0 - ( 49.0 + 54.0 ) ) - ( 56.0 * ( 7x * 2.0 ) ) ) ) ) )
ind: 178
( ( 6y + ( 86.0 - 49.0 ) ) + ( 8x * ( ( 1y - 69.0 ) - ( 1y * 5x ) ) ) )
ind: 179
( ( 6y * 10x ) * ( ( ( ( ( 68.0 - 1.0 ) - 86.0 ) * 4.0 ) * 71.0 ) * ( 9x + 93.0 ) ) )
ind: 180
( ( ( 2y - 6x ) - 38.0 ) * 30.0 )
ind: 181
( 5y - ( 84.0 - ( ( 71.0 * 89.0 ) * ( ( 3x * ( 61.0 + 9x ) ) * ( ( 7y - 9y ) + ( 70.0 + 4x ) ) ) ) ) )
ind: 182
( ( 53.0 + ( ( ( ( 45.0 - 94.0 ) - ( 6y + 7x ) ) + 4y ) + ( 7y * ( ( 3.0 * 30.0 ) - 6y ) ) ) ) * ( ( ( ( ( 9y + 30.0 ) - 9x ) + 1y ) * 65.0 ) * 10x ) )
ind: 183
( 4y * 7x )
ind: 184
( ( ( ( ( ( 2x - 80.0 ) + 92.0 ) + ( ( 6y - 9x ) - 36.0 ) ) + 94.0 ) * 8x ) + 63.0 )
ind: 185
( 69.0 - ( ( ( ( 35.0 - ( 1x - 15.0 ) ) - ( 11.0 * ( 9y * 2x ) ) ) - ( 11.0 - ( 6x + ( 10x * 73.0 ) ) ) ) * 96.0 ) )
ind: 186
( 87.0 * ( ( 2x * ( 11.0 - 74.0 ) ) - ( 10x * ( ( 10y + ( 16.0 - 6y ) ) * ( 8y - 7y ) ) ) ) )
ind: 187
( ( ( ( ( 31.0 + ( 5y - 52.0 ) ) + 70.0 ) * ( ( ( 10y + 18.0 ) - ( 15.0 + 37.0 ) ) - ( 7x * ( 9x - 58.0 ) ) ) ) + ( 2y + 3y ) ) + ( 64.0 - ( ( ( ( 8y - 58.0 ) + 6x ) - 26.0 ) + ( 5y + ( 79.0 * 89.0 ) ) ) ) )
ind: 188
( ( 8y * ( ( ( 77.0 - 2x ) + 9x ) - 89.0 ) ) * 15.0 )
ind: 189
( ( ( 4x * ( 3.0 - ( 2x * 87.0 ) ) ) - 19.0 ) * ( ( ( ( ( 9y - 3y ) * ( 99.0 - 1y ) ) + ( 5.0 * 68.0 ) ) + 9y ) * 3y ) )
ind: 190
( ( 4y + 42.0 ) - ( 1x + 8.0 ) )
ind: 191
( ( 2x * 2y ) * ( ( 49.0 - 66.0 ) - 70.0 ) )
ind: 192
( ( ( ( 25.0 * ( ( 47.0 - 8x ) * 32.0 ) ) - 50.0 ) + ( 50.0 + ( 1x + 4x ) ) ) + ( 77.0 * ( 83.0 - ( 3y + 1y ) ) ) )
ind: 193
( ( ( ( ( 63.0 - ( 84.0 + 88.0 ) ) - ( ( 7y * 6y ) + ( 6x + 46.0 ) ) ) + ( 6x - 70.0 ) ) * ( 65.0 - ( 9y + ( ( 16.0 + 8x ) * 2x ) ) ) ) + ( ( ( 72.0 - 32.0 ) + 7y ) * ( 1y * 11.0 ) ) )
ind: 194
( 8x * ( ( 2y - 76.0 ) * 18.0 ) )
ind: 195
( 48.0 - ( 18.0 + ( 2x + 5y ) ) )
ind: 196
( 6y - ( 2x - ( ( 1y - ( ( 94.0 * 38.0 ) + ( 72.0 + 9.0 ) ) ) - ( ( ( 60.0 + 9y ) + ( 3.0 - 1x ) ) - 99.0 ) ) ) )
ind: 197
( ( 64.0 - ( 5.0 + 99.0 ) ) + ( 3x * ( 76.0 * ( ( 85.0 * ( 6y * 10y ) ) * ( 2.0 * ( 81.0 - 3x ) ) ) ) ) )
ind: 198
( ( 13.0 * ( 32.0 * ( ( 70.0 + ( 2x - 10y ) ) * ( 67.0 - ( 1y * 3x ) ) ) ) ) * ( ( ( 1y - 5y ) + 9y ) * ( 7x - 41.0 ) ) )
ind: 199
( ( ( 22.0 * 1y ) * 1x ) + 8x )
ind: 200
( ( 50.0 + ( ( ( ( 10y * 22.0 ) - 44.0 ) * ( ( 3x * 28.0 ) + 100.0 ) ) + 76.0 ) ) - 91.0 )
ind: 201
( ( ( 4y + 82.0 ) * 6x ) + 63.0 )
ind: 202
( 43.0 - ( ( ( 92.0 + 4x ) * ( ( ( 5y * 10x ) + ( 7x * 9x ) ) + 2y ) ) - ( ( ( 76.0 - ( 1y + 1y ) ) * ( 25.0 - 21.0 ) ) + 85.0 ) ) )
ind: 203
( ( 7y * 7y ) - 2x )
ind: 204
( 67.0 - ( 65.0 + ( ( 4y - ( 6x - 9x ) ) * 1x ) ) )
ind: 205
( 5y + ( 1y * ( 10y + ( ( 9x - ( 10x + 50.0 ) ) * 6y ) ) ) )
ind: 206
( 7x + ( ( 2y * 10x ) * ( ( 91.0 * ( 6x - ( 7x * 6y ) ) ) + 100.0 ) ) )
ind: 207
( ( 2y * 47.0 ) - ( 3.0 + ( 6x * 2x ) ) )
ind: 208
( 5y - 7x )
ind: 209
( ( 6y * 3x ) + ( 63.0 - 84.0 ) )
ind: 210
( ( ( ( ( ( 6y + 100.0 ) - ( 2y - 16.0 ) ) * 53.0 ) * 1x ) * ( 5.0 * ( ( 14.0 + 2x ) + ( 2y - 5y ) ) ) ) * ( 71.0 - ( 6x - ( ( ( 70.0 + 6x ) * ( 26.0 - 36.0 ) ) * ( 16.0 - ( 39.0 * 87.0 ) ) ) ) ) )
ind: 211
( ( ( ( ( ( 20.0 + 63.0 ) * ( 4x * 97.0 ) ) + ( 71.0 - 2x ) ) - 9x ) + ( ( ( 35.0 + ( 92.0 + 17.0 ) ) * 19.0 ) - 65.0 ) ) * ( ( ( ( 7y - ( 9.0 + 8y ) ) * 19.0 ) - 10x ) * ( 8x * ( 50.0 * 5y ) ) ) )
ind: 212
( ( ( 52.0 * ( ( ( 7x * 2x ) * ( 95.0 + 61.0 ) ) * ( ( 5x * 48.0 ) - 1x ) ) ) * ( ( ( 73.0 - ( 36.0 + 67.0 ) ) - 2x ) - ( ( ( 1y + 38.0 ) - ( 74.0 + 61.0 ) ) - 2x ) ) ) * 5y )
ind: 213
( 69.0 * ( ( ( 7y - ( ( 5y + 67.0 ) + 2y ) ) * ( ( 6y - ( 32.0 + 10x ) ) * 5y ) ) + ( 6x + 15.0 ) ) )
ind: 214
( ( ( 98.0 * 97.0 ) * ( 7x * 10y ) ) + ( ( ( ( ( 57.0 * 10x ) * ( 4y - 8y ) ) - 1y ) * ( ( 63.0 * 36.0 ) + 53.0 ) ) - ( 1x * ( 97.0 - ( ( 6x + 9y ) - ( 30.0 * 2y ) ) ) ) ) )
ind: 215
( 8y * 6x )
ind: 216
( ( 25.0 + ( ( 1x - 10y ) - ( 12.0 * ( ( 1y * 57.0 ) * ( 51.0 * 6x ) ) ) ) ) + ( ( ( 12.0 - ( ( 1x * 9y ) - 3x ) ) - ( ( ( 34.0 + 4y ) * 34.0 ) - ( 6x + 7y ) ) ) - ( 36.0 + 3x ) ) )
ind: 217
( 84.0 + ( ( ( ( ( 1y + 27.0 ) * ( 6.0 - 4y ) ) + 4y ) + ( ( ( 6y + 73.0 ) * ( 70.0 + 31.0 ) ) * ( ( 2x * 59.0 ) * ( 6x * 15.0 ) ) ) ) - 1x ) )
ind: 218
( ( 2x - ( 1x + ( 7y * 30.0 ) ) ) * 1x )
ind: 219
( 18.0 - ( ( ( 7x + 7y ) + ( ( 2x + 22.0 ) - ( 2x * ( 94.0 + 1y ) ) ) ) - 10y ) )
ind: 220
( ( ( ( ( 81.0 + 3x ) * ( ( 95.0 + 62.0 ) * ( 16.0 + 48.0 ) ) ) - 9y ) + 7y ) + 1x )
ind: 221
( 1x * ( ( ( ( ( 57.0 * 3x ) * 30.0 ) * 10y ) * ( 85.0 * 98.0 ) ) * ( ( 9x + 8x ) + 24.0 ) ) )
ind: 222
( ( ( 30.0 - ( ( 17.0 - ( 4x * 3x ) ) - ( ( 5y * 2y ) - ( 49.0 + 24.0 ) ) ) ) - ( 87.0 - 5x ) ) - ( 2y + 6y ) )
ind: 223
( 9y + ( ( ( 53.0 - ( 50.0 * 25.0 ) ) + ( ( ( 7.0 - 5y ) + ( 87.0 + 26.0 ) ) + ( ( 10x * 3x ) * 50.0 ) ) ) - 2y ) )
ind: 224
( ( ( 8x + 71.0 ) + 7y ) - 71.0 )
ind: 225
( ( ( ( ( 9y + 5x ) * ( ( 81.0 - 89.0 ) - ( 10x * 1y ) ) ) + ( ( ( 21.0 + 8x ) - 4x ) * ( 5y * ( 6x * 59.0 ) ) ) ) + 17.0 ) + 10y )
ind: 226
( ( ( 7x * 12.0 ) * ( 2y * ( ( 79.0 * ( 2y - 53.0 ) ) + ( 21.0 + ( 8x * 9y ) ) ) ) ) * 100.0 )
ind: 227
( 4x + ( 10y - 13.0 ) )
ind: 228
( ( 44.0 * ( ( ( 26.0 * ( 7y * 5x ) ) * ( ( 12.0 + 7y ) * ( 10y - 3y ) ) ) - 9x ) ) - 10x )
ind: 229
( ( 10y - ( ( ( 10x - ( 86.0 + 32.0 ) ) + 8y ) * ( 83.0 * 3.0 ) ) ) + 2x )
ind: 230
( ( ( ( 7y * ( 22.0 - 21.0 ) ) - 8.0 ) + ( 5y * 10y ) ) - ( ( 59.0 * ( 56.0 - 3x ) ) * ( 2x + ( ( 10y * ( 2y * 100.0 ) ) + ( 4y - ( 16.0 - 2.0 ) ) ) ) ) )
ind: 231
( 9x - 9y )
ind: 232
( 10y * 6x )
ind: 233
( 3y * ( 25.0 + ( ( ( 36.0 * 8x ) - ( 9x - 3x ) ) - 7y ) ) )
ind: 234
( 96.0 + ( ( ( ( ( 68.0 * 7x ) - 2y ) + 6.0 ) + ( 7y - ( ( 100.0 - 99.0 ) - ( 21.0 * 100.0 ) ) ) ) - ( ( ( 45.0 + 5x ) - ( ( 1y - 67.0 ) * ( 43.0 - 6y ) ) ) * 5y ) ) )
ind: 235
( ( ( 2y + 5.0 ) * 8x ) + ( 9x * ( 3x - ( 10.0 - ( 81.0 * 4x ) ) ) ) )
ind: 236
( ( 10.0 + ( 56.0 + ( ( 4y * ( 4y - 8x ) ) * ( ( 8y - 6x ) - ( 64.0 - 9y ) ) ) ) ) - 63.0 )
ind: 237
( 4.0 - ( ( 6y - ( 70.0 + 30.0 ) ) * ( ( 31.0 * 30.0 ) + ( ( ( 10y * 5x ) + ( 25.0 - 66.0 ) ) - 77.0 ) ) ) )
ind: 238
( ( 1x - ( ( 1x * 85.0 ) - 57.0 ) ) + 9y )
ind: 239
( ( ( ( 10x * ( ( 1y - 41.0 ) - 40.0 ) ) + 51.0 ) + 7y ) - ( 8y + 69.0 ) )
ind: 240
( 5y + ( 4y - ( ( ( 7y - ( 4y + 9x ) ) - ( 65.0 - ( 24.0 * 14.0 ) ) ) + ( 7y * ( 7y + ( 29.0 - 2y ) ) ) ) ) )
ind: 241
( 9y * ( ( 15.0 * ( 5x - ( 16.0 + ( 39.0 + 4.0 ) ) ) ) + ( 6x + 5.0 ) ) )
ind: 242
( ( ( 5x - 7x ) * ( 49.0 * ( ( ( 33.0 - 2.0 ) + 5y ) - ( 5y + 51.0 ) ) ) ) - ( 77.0 + 12.0 ) )
ind: 243
( ( ( ( 2y * ( 47.0 + ( 21.0 * 74.0 ) ) ) - 9.0 ) - 65.0 ) * ( ( ( 5y + 23.0 ) + 2x ) + ( ( 7y - 100.0 ) * ( 8x - 73.0 ) ) ) )
ind: 244
( ( ( ( ( 2.0 + 6y ) - ( ( 5x + 1y ) + ( 5.0 + 5x ) ) ) - 9x ) - 82.0 ) - 81.0 )
ind: 245
( ( 1y * ( 4x + 3x ) ) + ( ( ( 91.0 + 84.0 ) + 38.0 ) * 28.0 ) )
ind: 246
( 5y * ( ( 53.0 * ( 68.0 + 5y ) ) + ( ( 2x + 32.0 ) * ( 6x + 10.0 ) ) ) )
ind: 247
( ( 3y + 2x ) * 9x )
ind: 248
( ( 71.0 + ( 9x - 4x ) ) + ( ( 62.0 * ( 3x + ( 1x - 7y ) ) ) - 2x ) )
ind: 249
( 9x - ( ( 10y * ( 1x - 9x ) ) - ( 70.0 + ( 37.0 + ( 6x + ( 5y - 5x ) ) ) ) ) )
ind: 250
( ( 3y - ( ( ( ( 9y - 37.0 ) * ( 5y * 10.0 ) ) * ( 4x * ( 7.0 - 4x ) ) ) * 6y ) ) * 68.0 )
ind: 251
( ( 20.0 * 1x ) + 10y )
ind: 252
( ( 7y + 3x ) + 45.0 )
ind: 253
( ( ( ( 1x - ( ( 68.0 * 96.0 ) + ( 8x * 51.0 ) ) ) + ( 7x - ( 48.0 * 10y ) ) ) - 5x ) * ( ( 7y * 4x ) + 7x ) )
ind: 254
( ( ( ( ( 51.0 - 10y ) - 3y ) - 8y ) - 4x ) - 61.0 )
ind: 255
( ( ( ( ( 100.0 * 7x ) * 6x ) + 90.0 ) * ( 10x + 1x ) ) * 6y )
ind: 256
( 72.0 * ( 77.0 + ( 3x * ( ( ( 7x * 10.0 ) * 7y ) * 60.0 ) ) ) )
ind: 257
( ( ( 3x + 5x ) + 11.0 ) * ( 38.0 - 1y ) )
ind: 258
( ( ( ( 3y + 5x ) - ( 9x + ( ( 99.0 + 85.0 ) + 18.0 ) ) ) + ( 45.0 + 5x ) ) + ( 1x + ( ( ( 3y * 39.0 ) + 84.0 ) - 69.0 ) ) )
ind: 259
( ( 2y * ( 64.0 + ( 58.0 * ( ( 6y - 1x ) * 5x ) ) ) ) * ( 5y * ( 84.0 - 6x ) ) )
ind: 260
( ( 4x + 2y ) - 3x )
ind: 261
( ( ( 3x * ( 81.0 * ( 58.0 - ( 6y + 2y ) ) ) ) - ( ( ( ( 9y * 4y ) + 7x ) * 10x ) - ( ( 6y - 71.0 ) * 50.0 ) ) ) + ( 50.0 - ( ( 7x + ( ( 4x + 20.0 ) + 3.0 ) ) - ( 77.0 * 100.0 ) ) ) )
ind: 262
( ( ( ( 6x - ( 1y - 96.0 ) ) - ( ( ( 9.0 - 6.0 ) + ( 3y - 9y ) ) * 12.0 ) ) - 3x ) - 1x )
ind: 263
( 2x - ( 10y * 45.0 ) )
ind: 264
( ( 3x + 66.0 ) - 7y )
ind: 265
( ( ( ( 4y * 4x ) - 7y ) * 3y ) + ( ( ( 8x * 58.0 ) + ( 59.0 + 58.0 ) ) - 7x ) )
ind: 266
( 3y - ( ( 64.0 - ( 7y * 9x ) ) * 14.0 ) )
ind: 267
( 2x * ( ( ( ( 15.0 + 10x ) + ( 10x * 6x ) ) * ( ( 8y - 3y ) - 3x ) ) + 100.0 ) )
ind: 268
( ( ( ( ( ( 17.0 * 35.0 ) - ( 4y + 78.0 ) ) + 91.0 ) + 4x ) * ( 5y + 81.0 ) ) * ( 74.0 - ( 31.0 - ( ( 58.0 * ( 10x + 4x ) ) * 7y ) ) ) )
ind: 269
( ( 1y * ( ( ( 98.0 - ( 57.0 - 9x ) ) + ( ( 57.0 - 27.0 ) + ( 7x * 7y ) ) ) - ( 8y + ( 7y * 3y ) ) ) ) - 49.0 )
ind: 270
( ( 4y * 8y ) - ( ( ( 17.0 + 8x ) + ( 36.0 * 63.0 ) ) - 1y ) )
ind: 271
( ( ( ( 4x - ( 8y * ( 74.0 - 8x ) ) ) - ( ( ( 6y + 100.0 ) + 3x ) * 3y ) ) - 7x ) * 50.0 )
ind: 272
( 80.0 * ( 4x + ( ( ( 4x * 31.0 ) - 2x ) + ( ( ( 6x - 4y ) - ( 68.0 * 9x ) ) + 10x ) ) ) )
ind: 273
( ( ( ( 89.0 * 1y ) * 2x ) * 86.0 ) + ( ( 32.0 - 46.0 ) * ( 5.0 - 20.0 ) ) )
ind: 274
( ( ( 7y - 93.0 ) * 2.0 ) - ( ( 19.0 - 1y ) + ( ( ( 83.0 - 1x ) * ( 7y - 26.0 ) ) + 5y ) ) )
ind: 275
( ( ( ( ( 8y - ( 97.0 - 4y ) ) * ( 42.0 * 17.0 ) ) - ( 2.0 - ( 3x - ( 2x + 10x ) ) ) ) * 9y ) - ( 33.0 + ( ( 9y * ( ( 82.0 * 6y ) + ( 10.0 * 68.0 ) ) ) * ( ( 20.0 * ( 8y - 1y ) ) * ( 79.0 - ( 5x + 8x ) ) ) ) ) )
ind: 276
( ( 4x - ( ( 2y + 58.0 ) + ( 8y - ( 5y * 1x ) ) ) ) - ( 97.0 + ( ( ( ( 9x - 21.0 ) - ( 10x - 4x ) ) + ( ( 8.0 - 99.0 ) + ( 42.0 + 2x ) ) ) * 75.0 ) ) )
ind: 277
( 2.0 - ( 11.0 * ( 4x + 10y ) ) )
ind: 278
( ( ( ( 98.0 * 8x ) + 9y ) * 12.0 ) + 6x )
ind: 279
( ( 7x * ( 70.0 + ( ( 7y + 44.0 ) * 5x ) ) ) + 9y )
ind: 280
( ( ( ( 5x - 4y ) + ( ( 5y + ( 2x - 42.0 ) ) * ( ( 100.0 + 8x ) + 26.0 ) ) ) - 20.0 ) * 7x )
ind: 281
( ( ( ( 6x + 50.0 ) * 9y ) - 3x ) - 18.0 )
ind: 282
( ( ( ( ( ( 1y * 4x ) * ( 9x - 59.0 ) ) * ( 8x - 8.0 ) ) + ( ( 2y - ( 9y * 2y ) ) * 93.0 ) ) + 81.0 ) + ( ( ( ( ( 99.0 + 16.0 ) + 8x ) + ( ( 84.0 - 99.0 ) + 37.0 ) ) + ( 5x * 4x ) ) - ( ( ( 24.0 - 10.0 ) + ( 7x * 50.0 ) ) - ( ( ( 86.0 + 4x ) * 89.0 ) * ( ( 4.0 * 20.0 ) * 8x ) ) ) ) )
ind: 283
( ( ( 6y - 58.0 ) * ( 48.0 * 46.0 ) ) - ( ( 5y - ( ( 47.0 - ( 6x - 79.0 ) ) + ( 9x + ( 67.0 - 34.0 ) ) ) ) + ( ( 25.0 * 55.0 ) + ( 2y + 4.0 ) ) ) )
ind: 284
( ( 3y + ( ( ( ( 74.0 + 32.0 ) * 7x ) - 3x ) * 1x ) ) - ( 3y + 3x ) )
ind: 285
( ( ( ( ( ( 72.0 * 43.0 ) * 43.0 ) + 17.0 ) + 6.0 ) - ( ( ( 77.0 * ( 8.0 * 4y ) ) + ( ( 50.0 * 55.0 ) + ( 55.0 * 4.0 ) ) ) * 14.0 ) ) + ( ( ( 9y - ( ( 98.0 + 56.0 ) - 3y ) ) - ( 8x + 1x ) ) * ( 68.0 * 4y ) ) )
ind: 286
( 10y - ( 6x * 6.0 ) )
ind: 287
( 2x + ( 6y * ( ( 92.0 - 9y ) * 4x ) ) )
ind: 288
( 67.0 - ( ( ( 67.0 + ( 4x * 8y ) ) - 3y ) * 29.0 ) )
ind: 289
( 5y - 5x )
ind: 290
( 5x * ( 28.0 + ( 8y + ( 69.0 - ( 22.0 + ( 5x + 86.0 ) ) ) ) ) )
ind: 291
( ( ( 10x * ( 4.0 - ( 1y * ( 7x * 24.0 ) ) ) ) * 2x ) - ( ( ( 9y + ( ( 80.0 * 8y ) * 2y ) ) * ( ( 6x + 89.0 ) - ( ( 10x - 10x ) + ( 97.0 + 67.0 ) ) ) ) * ( ( ( 2y * 4y ) - ( 9.0 - ( 3.0 - 10y ) ) ) - 2x ) ) )
ind: 292
( ( ( ( 31.0 + 25.0 ) * 9y ) - 2y ) * ( 42.0 - ( 7x * ( 6x - ( 6.0 * 1x ) ) ) ) )
ind: 293
( ( ( ( 51.0 * 7y ) - 1x ) * ( ( ( 3y - ( 9y * 57.0 ) ) * 27.0 ) - ( ( ( 74.0 + 100.0 ) * 6y ) - ( 4x - ( 9x * 59.0 ) ) ) ) ) * ( 43.0 + 33.0 ) )
ind: 294
( 43.0 - ( ( ( 4x - 68.0 ) + ( 83.0 * 9y ) ) - ( ( ( 10x * ( 1y * 69.0 ) ) - ( ( 7x - 92.0 ) - ( 1y + 44.0 ) ) ) + 5x ) ) )
ind: 295
( ( ( ( ( ( 5x - 51.0 ) - 4x ) * 4x ) - 56.0 ) * 8y ) * 3x )
ind: 296
( ( 3y * ( ( 78.0 + 3x ) * 3y ) ) * 15.0 )
ind: 297
( 7x + 2y )
ind: 298
( 84.0 - ( 9y - 1x ) )
ind: 299
( ( ( 9y - ( ( 55.0 * ( 40.0 * 1x ) ) - 10x ) ) - 2x ) - ( ( 6x - ( 37.0 * ( ( 44.0 + 86.0 ) - 70.0 ) ) ) + 10x ) )
ind: 300
( 5y * ( ( ( ( ( 59.0 - 56.0 ) - ( 7y + 10y ) ) - ( 31.0 - ( 7x + 9y ) ) ) - 3.0 ) * 7x ) )
Best Ind: ( ( 4y * 8y ) - ( ( ( 17.0 + 8x ) + ( 36.0 * 63.0 ) ) - 1y ) )
Fitness = 31.7890896877
Worst Ind: ( ( 12.0 * ( 8x + 8y ) ) * ( ( ( ( ( 6x + 8.0 ) * ( 100.0 - 3x ) ) + ( ( 9x + 31.0 ) * 13.0 ) ) + ( ( ( 63.0 * 5y ) * ( 8y * 6.0 ) ) * ( 5x * ( 49.0 * 13.0 ) ) ) ) * ( ( ( ( 88.0 + 63.0 ) * 71.0 ) - ( 7.0 * 94.0 ) ) + ( ( 9y * 9y ) + ( ( 99.0 * 47.0 ) * ( 28.0 - 76.0 ) ) ) ) ) )
Fitness = 1.49357168021e+16
Avg Fitness = 4.98496787035e+13
Duplicated = 0
============================================================================
Evaluate Gen  1
New Population 472
Better than Dads 47
Best Ind: ( ( 4y * 8y ) - ( ( ( 17.0 + 8x ) + ( 36.0 * 63.0 ) ) - 1y ) )
Fitness = 31.7890896877
Worst Ind: ( ( 3y * ( ( 78.0 + 3x ) * 3y ) ) * 7.0 )
Fitness = 122850.0
Avg Fitness = 13129.2218311
Duplicated = 4
============================================================================
Evaluate Gen  2
New Population 453
Better than Dads 43
Best Ind: ( ( 4y * 8y ) - ( ( ( 17.0 + 8x ) + ( 36.0 * 63.0 ) ) - 1y ) )
Fitness = 31.7890896877
Worst Ind: ( 2y * ( ( 24.0 * 46.0 ) - ( 97.0 + 6x ) ) )
Fitness = 6167.08339942
Avg Fitness = 1947.9441166
Duplicated = 5
============================================================================
Evaluate Gen  3
New Population 470
Better than Dads 37
Best Ind: ( ( 4y * 8y ) - ( ( ( 17.0 + 8x ) + ( 36.0 * 63.0 ) ) - 1y ) )
Fitness = 31.7890896877
Worst Ind: ( ( ( 5y - 52.0 ) - 4x ) + ( 10y - 51.0 ) )
Fitness = 2550.0
Avg Fitness = 808.385103162
Duplicated = 9
============================================================================
Evaluate Gen  4
New Population 474
Better than Dads 58
Best Ind: ( ( 4y * 8y ) - ( ( ( 17.0 + 8x ) + ( 36.0 * 63.0 ) ) - 1y ) )
Fitness = 31.7890896877
Worst Ind: ( ( ( ( ( 2.0 + 6y ) - ( ( 5x + 1y ) + ( 5.0 + 5x ) ) ) - 9x ) - 82.0 ) - ( 6y * 9x ) )
Fitness = 858.305421569
Avg Fitness = 356.934615889
Duplicated = 20
============================================================================
Evaluate Gen  5
New Population 473
Better than Dads 58
Best Ind: ( ( 4y * 8y ) - ( ( ( 17.0 + 8x ) + ( 36.0 * 63.0 ) ) - 1y ) )
Fitness = 31.7890896877
Worst Ind: ( 10x + ( ( ( ( ( 51.0 - 45.0 ) * 86.0 ) + ( 46.0 - 6x ) ) - ( ( ( 8x * 5x ) - 53.0 ) - 10y ) ) * 2x ) )
Fitness = 398.189394304
Avg Fitness = 243.35034071
Duplicated = 21
============================================================================
Evaluate Gen  6
New Population 481
Better than Dads 47
Best Ind: ( ( 4y * 8y ) - ( ( ( 17.0 + 8x ) + ( 36.0 * 63.0 ) ) - 1y ) )
Fitness = 31.7890896877
Worst Ind: ( ( ( ( 5x + 8x ) * ( 1y + 9x ) ) - ( ( ( ( 2y - 5y ) - ( 66.0 * 10y ) ) - ( ( 8x * 58.0 ) + ( 59.0 + 58.0 ) ) ) - ( ( 6.0 + 2x ) + ( ( 6x * 61.0 ) * ( 4.0 * 45.0 ) ) ) ) ) - 9y )
Fitness = 286.10180719
Avg Fitness = 197.097457298
Duplicated = 28
============================================================================
Evaluate Gen  7
New Population 469
Better than Dads 40
Best Ind: ( ( 4y * 8y ) - ( ( ( 17.0 + 8x ) + ( 36.0 * 63.0 ) ) - 1y ) )
Fitness = 31.7890896877
Worst Ind: ( ( 9x + ( 8x - ( 7x + ( ( 50.0 * 10y ) * ( 2x - 9y ) ) ) ) ) - ( 1y - ( ( 38.0 * ( ( 1y * 39.0 ) * 1y ) ) - 7y ) ) )
Fitness = 222.523627814
Avg Fitness = 172.501356716
Duplicated = 38
============================================================================
Evaluate Gen  8
New Population 484
Better than Dads 43
Best Ind: ( ( 4y * 8y ) - ( ( ( 17.0 + 8x ) + ( 36.0 * 63.0 ) ) - 1y ) )
Fitness = 31.7890896877
Worst Ind: ( ( 29.0 * ( ( 67.0 + 10y ) * ( 6y + 3x ) ) ) - 6x )
Fitness = 191.111653319
Avg Fitness = 155.177949042
Duplicated = 49
============================================================================
Evaluate Gen  9
New Population 492
Better than Dads 45
Best Ind: ( ( 4y * 8y ) - ( ( ( 17.0 + 8x ) + ( 36.0 * 63.0 ) ) - 1y ) )
Fitness = 31.7890896877
Worst Ind: ( ( ( ( ( ( 3y + 60.0 ) + ( 77.0 * 6y ) ) + 63.0 ) + 2x ) + ( 48.0 * ( ( 1x * 61.0 ) - 2.0 ) ) ) - 6y )
Fitness = 190.734538126
Avg Fitness = 137.839380162
Duplicated = 53
============================================================================
Evaluate Gen  10
New Population 499
Better than Dads 46
Best Ind: ( ( 4y * 8y ) - ( ( ( 17.0 + 8x ) + ( 36.0 * 63.0 ) ) - 1y ) )
Fitness = 31.7890896877
Worst Ind: ( ( 7x + ( 4y + ( 83.0 * ( 26.0 - 4x ) ) ) ) - 5x )
Fitness = 159.259711099
Avg Fitness = 126.340992881
Duplicated = 39
============================================================================
Evaluate Gen  11
New Population 483
Better than Dads 43
Best Ind: ( ( 4y * 8y ) - ( ( ( 17.0 + 8x ) + ( 36.0 * 63.0 ) ) - 1y ) )
Fitness = 31.7890896877
Worst Ind: ( ( 54.0 * ( ( ( ( 8y - 12.0 ) + 5x ) + ( 47.0 * ( 10y - 55.0 ) ) ) - ( ( 27.0 - 61.0 ) + ( ( 5y * 84.0 ) * 17.0 ) ) ) ) - 5y )
Fitness = 158.945448439
Avg Fitness = 111.03665723
Duplicated = 44
============================================================================
Evaluate Gen  12
New Population 478
Better than Dads 44
Best Ind: ( ( 4y * 8y ) - ( ( ( 17.0 + 8x ) + ( 36.0 * 63.0 ) ) - 1y ) )
Fitness = 31.7890896877
Worst Ind: ( ( ( ( ( 8x - 7y ) - ( 3x * 5x ) ) + ( 93.0 - ( ( 59.0 - 56.0 ) - 56.0 ) ) ) - ( ( ( 8x - ( 2y + 6x ) ) - 3x ) - 18.0 ) ) - 4x )
Fitness = 127.407768879
Avg Fitness = 100.058696799
Duplicated = 35
============================================================================
Evaluate Gen  13
New Population 480
Better than Dads 50
Best Ind: ( ( 4y * 8y ) - ( ( ( 17.0 + 8x ) + ( 36.0 * 63.0 ) ) - 1y ) )
Fitness = 31.7890896877
Worst Ind: ( ( 9x - ( ( 9x - 9y ) - ( ( ( 8y - 12.0 ) + 5x ) - 4x ) ) ) - ( 5x - 4y ) )
Fitness = 127.156358751
Avg Fitness = 87.1016790289
Duplicated = 34
============================================================================
Evaluate Gen  14
New Population 470
Better than Dads 47
Best Ind: ( ( 4y * 8y ) - ( ( ( 17.0 + 8x ) + ( 36.0 * 63.0 ) ) - 1y ) )
Fitness = 31.7890896877
Worst Ind: ( ( ( ( 81.0 - ( ( 3x + 56.0 ) + 50.0 ) ) - 66.0 ) + ( ( ( 5y - 7x ) + 83.0 ) * 50.0 ) ) - 3x )
Fitness = 95.5558266595
Avg Fitness = 79.3932823174
Duplicated = 36
============================================================================
Evaluate Gen  15
New Population 501
Better than Dads 53
Best Ind: ( 2x * 1y )
Fitness = 31.7890896877
Worst Ind: ( ( ( 6y - 5x ) * 9y ) - 3x )
Fitness = 95.5558266595
Avg Fitness = 70.9031786051
Duplicated = 38
============================================================================
Evaluate Gen  16
New Population 491
Better than Dads 50
Best Ind: ( 2x * 1y )
Fitness = 31.7890896877
Worst Ind: ( ( 90.0 * 9y ) - ( 2x - ( ( 1y * 7x ) * 1y ) ) )
Fitness = 74.4193888277
Avg Fitness = 62.2318974058
Duplicated = 38
============================================================================
Evaluate Gen  17
New Population 491
Better than Dads 48
Best Ind: ( 2x * 1y )
Fitness = 31.7890896877
Worst Ind: ( ( ( ( ( 90.0 * 9y ) - 3x ) * ( 9x - 3x ) ) + 10y ) - ( ( ( 4x * 9x ) + 22.0 ) - 2x ) )
Fitness = 63.7038844396
Avg Fitness = 61.1730614771
Duplicated = 32
============================================================================
Evaluate Gen  18
New Population 476
Better than Dads 48
Best Ind: ( 2x * 1y )
Fitness = 31.7890896877
Worst Ind: ( ( 8x - 4y ) - ( 5y - 2x ) )
Fitness = 63.7038844396
Avg Fitness = 60.5947316492
Duplicated = 32
============================================================================
Evaluate Gen  19
New Population 491
Better than Dads 36
Best Ind: ( ( ( 3y + 3x ) + ( 9x - 9y ) ) - ( ( ( 10y + 4y ) - 1x ) * ( 38.0 - 1y ) ) )
Fitness = 15.8945448439
Worst Ind: ( ( 9x + ( ( ( ( 3y * 1x ) - 1x ) - ( ( 38.0 - 1y ) - 3x ) ) - ( 7x + ( ( 50.0 * 10y ) * ( 88.0 - 61.0 ) ) ) ) ) - ( 1y - 2y ) )
Fitness = 63.5781793755
Avg Fitness = 59.6374258351
Duplicated = 36
============================================================================
Evaluate Gen  20
New Population 496
Better than Dads 38
Best Ind: ( ( ( 3y + 3x ) + ( 9x - 9y ) ) - ( ( ( 10y + 4y ) - 1x ) * ( 38.0 - 1y ) ) )
Fitness = 15.8945448439
Worst Ind: ( ( ( ( 4y + 42.0 ) - ( 4y - ( 5y - 2x ) ) ) * ( 1y * ( ( ( 23.0 * 5x ) + ( 42.0 + 53.0 ) ) + 49.0 ) ) ) - 2y )
Fitness = 63.5781793755
Avg Fitness = 58.5075489678
Duplicated = 37
============================================================================
Evaluate Gen  21
New Population 494
Better than Dads 38
Best Ind: ( ( ( 3y + 3x ) + ( 9x - 9y ) ) - ( ( ( 10y + 4y ) - 1x ) * ( 38.0 - 1y ) ) )
Fitness = 15.8945448439
Worst Ind: ( ( 57.0 * ( ( 5y + ( 1x * 38.0 ) ) * 5y ) ) - 2y )
Fitness = 63.5781793755
Avg Fitness = 56.1790913231
Duplicated = 35
============================================================================
Evaluate Gen  22
New Population 499
Better than Dads 53
Best Ind: ( ( ( 3y + 3x ) + ( 9x - 9y ) ) - ( ( ( 10y + 4y ) - 1x ) * ( 38.0 - 1y ) ) )
Fitness = 15.8945448439
Worst Ind: ( ( 9x + ( 8x - ( 7x + 3y ) ) ) - ( 1y - 2y ) )
Fitness = 63.5781793755
Avg Fitness = 53.0435028035
Duplicated = 36
============================================================================
Evaluate Gen  23
New Population 486
Better than Dads 54
Best Ind: ( ( ( 3y + 3x ) + ( 9x - 9y ) ) - ( ( ( 10y + 4y ) - 1x ) * ( 38.0 - 1y ) ) )
Fitness = 15.8945448439
Worst Ind: ( ( ( ( 4y * 63.0 ) * ( ( 12.0 + 7y ) * ( 10y - 3y ) ) ) * ( ( 22.0 - 1x ) + 1x ) ) - 2y )
Fitness = 63.5781793755
Avg Fitness = 48.2682628999
Duplicated = 37
============================================================================
Evaluate Gen  24
New Population 489
Better than Dads 48
Best Ind: ( ( ( 3y + 3x ) + ( 9x - 9y ) ) - ( ( ( 10y + 4y ) - 1x ) * ( 38.0 - 1y ) ) )
Fitness = 15.8945448439
Worst Ind: ( ( ( ( 10x - 12.0 ) - ( 1y - 2y ) ) - 6y ) - ( 2y * 1y ) )
Fitness = 50.0
Avg Fitness = 41.8221737482
Duplicated = 41
============================================================================
Evaluate Gen  25
New Population 504
Better than Dads 58
Best Ind: ( ( ( 3y + 3x ) + ( 9x - 9y ) ) - ( ( ( 10y + 4y ) - 1x ) * ( 38.0 - 1y ) ) )
Fitness = 15.8945448439
Worst Ind: ( ( ( ( 9x + ( 8x - ( 7x + 3x ) ) ) + 3x ) + ( 9x - 8x ) ) - ( ( ( 4x + 2y ) - 3x ) * ( 38.0 - 1y ) ) )
Fitness = 47.6836345316
Avg Fitness = 38.4122866764
Duplicated = 53
============================================================================
Evaluate Gen  26
New Population 511
Better than Dads 52
Best Ind: ( ( ( 3y + 3x ) + ( 9x - 9y ) ) - ( ( ( 10y + 4y ) - 1x ) * ( 38.0 - 1y ) ) )
Fitness = 15.8945448439
Worst Ind: ( ( ( ( 4x + 2y ) - ( 3y + 3x ) ) * 1x ) - ( 3y * 1x ) )
Fitness = 47.6836345316
Avg Fitness = 32.9650549922
Duplicated = 55
============================================================================
Evaluate Gen  27
New Population 512
Better than Dads 55
Best Ind: ( ( ( 3y + 3x ) + ( 9x - 9y ) ) - ( ( ( 10y + 4y ) - 1x ) * ( 38.0 - 1y ) ) )
Fitness = 15.8945448439
Worst Ind: ( ( ( 77.0 - 2x ) + 10y ) - 1x )
Fitness = 31.8519422198
Avg Fitness = 31.066364328
Duplicated = 54
============================================================================
Evaluate Gen  28
New Population 501
Better than Dads 54
Best Ind: ( ( ( 3y + 3x ) + ( 9x - 9y ) ) - ( ( ( 10y + 4y ) - 1x ) * ( 38.0 - 1y ) ) )
Fitness = 15.8945448439
Worst Ind: ( ( 9x + ( ( 2x * ( 26.0 - 4x ) ) - 8y ) ) - 1x )
Fitness = 31.8519422198
Avg Fitness = 30.8493782668
Duplicated = 47
============================================================================
Evaluate Gen  29
New Population 506
Better than Dads 53
Best Ind: ( ( ( 3y + 3x ) + ( 9x - 9y ) ) - ( ( ( 10y + 4y ) - 1x ) * ( 38.0 - 1y ) ) )
Fitness = 15.8945448439
Worst Ind: ( ( ( 7y * 7y ) - ( 99.0 - ( 2x + 2y ) ) ) - 1x )
Fitness = 31.8519422198
Avg Fitness = 30.6512115688
Duplicated = 52
============================================================================
Evaluate Gen  30
New Population 511
Better than Dads 64
Best Ind: ( ( ( 3y + 3x ) + ( 9x - 9y ) ) - ( ( ( 10y + 4y ) - 1x ) * ( 38.0 - 1y ) ) )
Fitness = 15.8945448439
Worst Ind: ( ( ( 7x + 10y ) + ( 8x - ( 7x + 3y ) ) ) - 1y )
Fitness = 31.7890896877
Avg Fitness = 30.102833313
Duplicated = 50
============================================================================
Evaluate Gen  31
New Population 503
Better than Dads 61
Best Ind: ( ( ( 3y + 3x ) + ( 9x - 9y ) ) - ( ( ( 10y + 4y ) - 1x ) * ( 38.0 - 1y ) ) )
Fitness = 15.8945448439
Worst Ind: ( ( 5y * ( ( ( ( 5y + 10y ) - 1x ) - ( 1x + ( 77.0 - 2x ) ) ) - ( ( 6x * 4y ) - 3y ) ) ) - ( 10y - 1y ) )
Fitness = 31.7890896877
Avg Fitness = 29.2822858025
Duplicated = 50
============================================================================
Evaluate Gen  32
New Population 505
Better than Dads 56
Best Ind: ( ( ( 3y + 3x ) + ( 9x - 9y ) ) - ( ( ( 10y + 4y ) - 1x ) * ( 38.0 - 1y ) ) )
Fitness = 15.8945448439
Worst Ind: ( ( ( 2x * ( 26.0 - 1y ) ) - ( 8x * ( 38.0 - 1y ) ) ) - ( ( ( 9x + ( 8x - ( 7x + 9x ) ) ) - ( 1y - 2y ) ) * 1x ) )
Fitness = 31.7890896877
Avg Fitness = 27.9159403772
Duplicated = 53
============================================================================
Evaluate Gen  33
New Population 491
Better than Dads 61
Best Ind: ( ( ( ( ( 1x - 1y ) * 7y ) - ( 4y - 1x ) ) * 1x ) * 1y )
Fitness = 10.5683642125
Worst Ind: ( ( ( 4x + 2y ) + ( 8x - ( 7x + 3y ) ) ) - ( ( ( 6y - 5x ) - 2x ) * ( 38.0 - 1y ) ) )
Fitness = 31.7890896877
Avg Fitness = 26.2698785915
Duplicated = 40
============================================================================
Evaluate Gen  34
New Population 494
Better than Dads 66
Best Ind: ( ( ( ( ( 1x - 1y ) * 7y ) - ( 4y - 1x ) ) * 1x ) * 1y )
Fitness = 10.5683642125
Worst Ind: ( ( ( 2x * ( 26.0 - 1y ) ) - ( ( 1y - 3x ) * ( 38.0 - 1y ) ) ) - ( 2x * ( 38.0 - 1y ) ) )
Fitness = 31.7890896877
Avg Fitness = 23.3614430365
Duplicated = 31
============================================================================
Evaluate Gen  35
New Population 485
Better than Dads 61
Best Ind: ( ( ( ( ( 1x - 1y ) * 7y ) - ( 4y - 1x ) ) * 1x ) * 1y )
Fitness = 10.5683642125
Worst Ind: ( ( ( 1y * 7x ) - 2x ) - ( ( ( ( ( 6y - 5x ) - 2x ) * ( 38.0 - 1y ) ) - 1y ) * 1y ) )
Fitness = 25.0
Avg Fitness = 20.1279469589
Duplicated = 39
============================================================================
Evaluate Gen  36
New Population 507
Better than Dads 64
Best Ind: ( ( ( ( ( 1x - 1y ) * 7y ) - ( 4y - 1x ) ) * 1x ) * 1y )
Fitness = 10.5683642125
Worst Ind: ( ( 8x - ( 2y * 1y ) ) - ( ( ( 2x * ( ( 9x - 1y ) - 1y ) ) - ( ( 84.0 - 3x ) * ( 38.0 - 1y ) ) ) - ( ( 2x * 1y ) * 1y ) ) )
Fitness = 21.2626825222
Avg Fitness = 17.5708846359
Duplicated = 53
============================================================================
Evaluate Gen  37
New Population 512
Better than Dads 68
Best Ind: ( ( ( 1x * ( 38.0 - 1y ) ) * 1y ) * 1x )
Fitness = 6.25
Worst Ind: ( ( ( ( 1y - 1x ) - 3y ) - ( ( 3y * 1x ) * 1y ) ) * 1x )
Fitness = 18.75
Avg Fitness = 15.4765206514
Duplicated = 54
============================================================================
Evaluate Gen  38
New Population 504
Better than Dads 72
Best Ind: ( ( ( ( 1y - 5x ) - ( ( 9x * 7y ) - 1x ) ) * ( 38.0 - 1y ) ) * ( ( ( 5x + 2y ) - 1x ) * ( 38.0 - 1y ) ) )
Fitness = 6.25
Worst Ind: ( ( 2y - 1x ) * ( 38.0 - 1y ) )
Fitness = 15.8945448439
Avg Fitness = 14.7028147648
Duplicated = 52
============================================================================
Evaluate Gen  39
New Population 500
Better than Dads 65
Best Ind: ( ( ( ( 1y - 5x ) - ( ( 9x * 7y ) - 1x ) ) * ( 38.0 - 1y ) ) * ( ( ( 5x + 2y ) - 1x ) * ( 38.0 - 1y ) ) )
Fitness = 6.25
Worst Ind: ( ( ( ( ( 1x + ( 2x * 1y ) ) - 6y ) + 2y ) - 1x ) * ( 38.0 - 1y ) )
Fitness = 15.8945448439
Avg Fitness = 13.8916864773
Duplicated = 42
============================================================================
Evaluate Gen  40
New Population 488
Better than Dads 58
Best Ind: ( ( ( ( 2y + 4y ) - 1x ) * ( ( 9x - 5x ) - ( ( 4x - 1x ) * ( ( 2x * 1y ) * 1y ) ) ) ) * 1y )
Fitness = 5.30518136881
Worst Ind: ( 6y - ( ( ( ( 1y - 2y ) + ( 8x - ( 7x + 9x ) ) ) - ( 3x - 1y ) ) * 1x ) )
Fitness = 15.8945448439
Avg Fitness = 12.7054898588
Duplicated = 38
============================================================================
Evaluate Gen  41
New Population 498
Better than Dads 66
Best Ind: ( ( 38.0 - ( ( ( ( 3y * 1x ) * ( 9y - 1x ) ) - ( ( 2y - 1x ) * ( 38.0 - 1y ) ) ) * ( 22.0 - 1x ) ) ) * ( 1y * 1x ) )
Fitness = 4.24407320683
Worst Ind: ( ( ( 2x * ( 26.0 - 1y ) ) * 1x ) * 1x )
Fitness = 15.8313801546
Avg Fitness = 10.619544785
Duplicated = 41
============================================================================
Evaluate Gen  42
New Population 512
Better than Dads 76
Best Ind: ( ( ( ( ( 9x - ( 1y - 2y ) ) - ( 7x - 1y ) ) * ( ( 1y * 1x ) * 1x ) ) * 1x ) * ( 22.0 - 1x ) )
Fitness = 3.125
Worst Ind: ( ( ( ( ( 10y + ( 1y * 1x ) ) - ( 1x - ( 1y - 2y ) ) ) * 7y ) - ( ( 7x - 1y ) * 1x ) ) * 1y )
Fitness = 10.6313412611
Avg Fitness = 9.38213918245
Duplicated = 35
============================================================================
Evaluate Gen  43
New Population 502
Better than Dads 76
Best Ind: ( ( ( ( ( ( 4x + 2y ) - 2y ) - ( 7x - 1y ) ) * 1x ) * ( ( ( ( 99.0 * 5y ) + 1x ) - 1x ) * ( 38.0 - 1y ) ) ) * ( 1x * 1y ) )
Fitness = 2.65259068441
Worst Ind: ( ( ( ( ( 1x * 1y ) - ( 3y + 3x ) ) - 1x ) * ( 38.0 - 1y ) ) * 1x )
Fitness = 10.5683642125
Avg Fitness = 8.45865101047
Duplicated = 35
============================================================================
Evaluate Gen  44
New Population 503
Better than Dads 78
Best Ind: ( ( ( ( 1y * 1x ) * 1x ) * ( 22.0 - 1x ) ) * ( ( 1y * 1x ) * 1y ) )
Fitness = 1.81898104889
Worst Ind: ( ( ( ( ( 1x * 1y ) - ( 3y + 3x ) ) - 1x ) * ( 38.0 - 1y ) ) * 1x )
Fitness = 10.5683642125
Avg Fitness = 7.15064188697
Duplicated = 22
============================================================================
Evaluate Gen  45
New Population 479
Better than Dads 73
Best Ind: ( ( ( 9x - 1y ) * ( ( 38.0 - 1y ) * ( ( 38.0 - ( 1y * 1x ) ) * ( 1y * 1x ) ) ) ) * ( ( ( 5x + 2y ) - 1x ) * 1x ) )
Fitness = 1.171875
Worst Ind: ( ( 7x - ( ( 1x - 1x ) * ( 38.0 - 1y ) ) ) * ( ( 1x * 2x ) * ( 38.0 - 1y ) ) )
Fitness = 8.48814641365
Avg Fitness = 5.83460798648
Duplicated = 21
============================================================================
Evaluate Gen  46
New Population 486
Better than Dads 77
Best Ind: ( ( ( ( ( 1y * 1x ) * 1x ) * 1x ) * ( 38.0 - 1y ) ) * ( ( ( 3y * 1x ) - ( ( ( 38.0 - 1y ) * ( 22.0 - 1x ) ) * ( 38.0 - 1y ) ) ) * 1y ) )
Fitness = 0.808405538482
Worst Ind: ( ( ( ( 6y - 5x ) - ( ( 2x * ( 26.0 - 1y ) ) * 1x ) ) * ( 38.0 - 1y ) ) * ( 1x - ( ( 7x - 1y ) * 1y ) ) )
Fitness = 6.25
Avg Fitness = 4.78750016305
Duplicated = 27
============================================================================
Evaluate Gen  47
New Population 489
Better than Dads 82
Best Ind: ( ( ( ( ( 1y * 1x ) * 1x ) * 1x ) * ( 38.0 - 1y ) ) * ( ( ( 3y * 1x ) - ( ( ( 38.0 - 1y ) * ( 22.0 - 1x ) ) * ( 38.0 - 1y ) ) ) * 1y ) )
Fitness = 0.808405538482
Worst Ind: ( ( ( ( 10y + 4y ) - 1x ) * ( 1y * 1x ) ) - ( ( 22.0 - ( ( 6y - 5x ) - 1y ) ) * ( ( 1y * 1x ) * 1x ) ) )
Fitness = 6.25
Avg Fitness = 4.08927221163
Duplicated = 24
============================================================================
Evaluate Gen  48
New Population 499
Better than Dads 89
Best Ind: ( ( ( ( 38.0 - 1y ) * 1x ) * 1y ) * ( ( ( 38.0 - 1y ) * ( 1y * ( ( 1x - 1x ) * ( 38.0 - 1y ) ) ) ) * ( ( 1y * ( ( 1x * 2x ) * ( 38.0 - 1y ) ) ) * 1y ) ) )
Fitness = 0.68359375
Worst Ind: ( ( ( 38.0 - 1y ) * ( 1y * 1x ) ) * ( ( ( ( 1x - 2x ) * ( 7x - 1y ) ) - ( ( ( 1y - 2y ) - 6y ) - ( 22.0 - 1x ) ) ) * ( 38.0 - 1y ) ) )
Fitness = 4.24419871646
Avg Fitness = 3.39969102256
Duplicated = 33
============================================================================
Evaluate Gen  49
New Population 493
Better than Dads 87
Best Ind: ( ( ( ( 9y - 1x ) * ( ( 38.0 - ( 1y * 1x ) ) * ( 1y * 1x ) ) ) * ( ( ( 1y * ( 1y * 1x ) ) * 1y ) * 1x ) ) * 1x )
Fitness = 0.367456769353
Worst Ind: ( ( ( ( 1y * 1x ) - 1x ) - ( 1x * 1y ) ) * ( ( ( 1x - ( ( 2y - 1x ) * ( 38.0 - 1y ) ) ) - 1x ) * ( 1y * 1x ) ) )
Fitness = 4.24407320683
Avg Fitness = 2.93800553591
Duplicated = 34
============================================================================
Evaluate Gen  50
New Population 490
Better than Dads 91
Best Ind: ( ( ( ( 9y - 1x ) * ( ( 38.0 - ( 1y * 1x ) ) * ( 1y * 1x ) ) ) * ( ( ( 1y * ( 1y * 1x ) ) * 1y ) * 1x ) ) * 1x )
Fitness = 0.367456769353
Worst Ind: ( ( ( 3y + 3x ) - 1y ) * ( ( ( ( 2x - 1y ) * 1x ) * 1x ) * ( ( 1x * 1y ) - ( ( 2x * 1y ) * 1x ) ) ) )
Fitness = 3.63796209779
Avg Fitness = 2.43159965713
Duplicated = 35
