dataset_file= dataset/SR_circle.txt
population= 100
generations= 100
tournament_size= 3
cross_over= 0.6
mutation= 0.3
elitism= True
(50, 2)
============================================================================
Build initial population
ind: 1
( ( ( ( 2y + ( 81.0 - ( 29.0 + 2x ) ) ) * ( 5y - ( 26.0 + 70.0 ) ) ) + 35.0 ) * 39.0 )
ind: 2
( ( ( 21.0 * ( ( 9y - ( 39.0 - 2x ) ) * ( 15.0 - ( 63.0 * 59.0 ) ) ) ) * ( 88.0 * ( 34.0 + 54.0 ) ) ) - 10y )
ind: 3
( ( ( ( 39.0 - ( ( 6x - 10x ) + 4y ) ) - 87.0 ) * 15.0 ) * ( ( 6y - 1x ) + ( ( 38.0 * 66.0 ) + 8.0 ) ) )
ind: 4
( ( ( ( 4y - 10y ) - ( ( ( 8x - 8x ) - ( 6y * 28.0 ) ) + ( ( 9x - 81.0 ) * ( 8y * 10x ) ) ) ) - ( ( ( ( 26.0 + 37.0 ) + 32.0 ) - 1y ) - ( 85.0 * ( ( 71.0 * 98.0 ) + ( 92.0 + 10x ) ) ) ) ) * 7.0 )
ind: 5
( ( ( ( ( 4y - ( 8y - 3x ) ) + 81.0 ) * ( ( 8y + 89.0 ) * ( ( 2y * 32.0 ) * 27.0 ) ) ) - 77.0 ) + 5.0 )
ind: 6
( 4x - ( 48.0 + ( 7y * 99.0 ) ) )
ind: 7
( 9x + ( ( 1x - ( 5y - 6x ) ) - ( ( 2y - ( ( 9x + 5.0 ) * 10y ) ) * 3x ) ) )
ind: 8
( ( 13.0 - 10x ) * 7y )
ind: 9
( 29.0 - ( ( 4x - ( ( 4y - ( 23.0 + 8y ) ) - ( ( 26.0 - 38.0 ) * 25.0 ) ) ) * ( 5y - ( 86.0 + ( ( 8x * 5x ) - ( 1y - 7x ) ) ) ) ) )
ind: 10
( 38.0 * ( ( ( ( ( 8x * 85.0 ) - 9y ) * ( 8x + ( 6y - 8y ) ) ) + 42.0 ) - 59.0 ) )
ind: 11
( ( 44.0 + 1y ) + ( 5y + ( 24.0 + ( ( 2.0 + ( 6y * 3x ) ) * ( ( 59.0 - 56.0 ) - 80.0 ) ) ) ) )
ind: 12
( 8x * ( 7y + 10y ) )
ind: 13
( ( ( 81.0 - ( 6x + 45.0 ) ) * ( ( ( 7y + 4x ) - 76.0 ) - 76.0 ) ) - 10x )
ind: 14
( ( 28.0 * ( 7y * 78.0 ) ) * ( 1y + 4x ) )
ind: 15
( ( ( ( ( 8y + ( 9x - 29.0 ) ) - 3y ) - ( ( 81.0 - 1y ) + ( 72.0 - ( 53.0 * 2y ) ) ) ) + ( ( 7y * ( 22.0 - ( 8y - 46.0 ) ) ) - 13.0 ) ) - 8x )
ind: 16
( 24.0 * ( 4y + 2x ) )
ind: 17
( 42.0 + ( 7x - ( ( 52.0 + ( 2x * 5y ) ) * 65.0 ) ) )
ind: 18
( 6y - ( 56.0 - ( ( 81.0 * ( 9.0 + 26.0 ) ) - ( 7x - 7x ) ) ) )
ind: 19
( ( ( 1x - 46.0 ) - 4y ) * 8y )
ind: 20
( 100.0 - ( ( 12.0 - 1x ) * ( ( ( 9x + 2y ) - ( 45.0 - 10y ) ) - 49.0 ) ) )
ind: 21
( ( 9x - 95.0 ) - ( ( ( ( 40.0 - ( 5y * 72.0 ) ) - 9x ) + ( ( ( 7x - 5.0 ) + ( 73.0 * 10x ) ) - ( ( 9y * 1y ) * 4y ) ) ) * 21.0 ) )
ind: 22
( 1x * ( ( ( ( 16.0 * ( 7.0 * 9x ) ) * ( ( 83.0 * 3x ) + 83.0 ) ) - ( 2.0 + ( 4y * ( 1y * 66.0 ) ) ) ) * ( ( 5x * ( 86.0 - 38.0 ) ) * ( ( ( 58.0 - 57.0 ) * ( 2x - 83.0 ) ) + 4y ) ) ) )
ind: 23
( 8y - ( ( ( ( ( 71.0 + 9x ) * ( 10x + 9x ) ) - 2y ) * ( ( 47.0 * ( 9x + 66.0 ) ) - 5x ) ) + ( 29.0 + 18.0 ) ) )
ind: 24
( ( 10x + ( 44.0 + ( ( ( 1y + 3y ) * 9.0 ) + 70.0 ) ) ) - ( ( ( ( 1y - ( 1y * 1.0 ) ) - 60.0 ) * 5y ) + ( 5y * 26.0 ) ) )
ind: 25
( ( 1x * 2.0 ) * 7y )
ind: 26
( 5x * ( 5y + ( 12.0 - 8x ) ) )
ind: 27
( ( ( ( 77.0 * 4x ) + 4y ) + 30.0 ) * 46.0 )
ind: 28
( ( 2y + 1.0 ) * 3x )
ind: 29
( 32.0 + ( 87.0 - ( ( ( 4x + ( 10y - 5x ) ) * 7y ) - 5x ) ) )
ind: 30
( ( ( ( ( 40.0 - 8y ) + 33.0 ) - 9x ) + 2x ) * ( 97.0 * ( ( 9x * ( 6x * ( 2y + 8x ) ) ) + 54.0 ) ) )
ind: 31
( 43.0 * ( 8y * 2x ) )
ind: 32
( 56.0 + ( ( 10.0 - ( ( 9x * 31.0 ) * 7y ) ) + ( 58.0 - ( ( 61.0 * 2x ) - 17.0 ) ) ) )
ind: 33
( ( 4x + 2y ) + ( ( 64.0 - ( ( 81.0 * ( 8x - 91.0 ) ) - 5y ) ) * ( 27.0 + ( 39.0 * ( ( 4y + 7x ) - 8.0 ) ) ) ) )
ind: 34
( 88.0 * ( ( ( 7x * 72.0 ) * ( 49.0 * 47.0 ) ) - 2y ) )
ind: 35
( ( ( ( ( 31.0 + 6y ) - ( ( 7x + 3y ) + ( 9x + 6.0 ) ) ) * ( ( 50.0 + ( 42.0 + 10x ) ) - ( ( 17.0 + 6x ) * ( 10x + 8y ) ) ) ) * ( 23.0 - ( ( 5y - 2x ) * ( ( 5y - 62.0 ) + 49.0 ) ) ) ) + 1x )
ind: 36
( ( 10y * ( 8y + ( 90.0 + 47.0 ) ) ) + ( 3x - 6x ) )
ind: 37
( ( 1x - ( ( ( 88.0 - 6.0 ) * 7y ) - 3x ) ) * 2y )
ind: 38
( 20.0 - ( 2y * ( ( ( 35.0 * 9x ) - ( ( 9x - 40.0 ) * ( 68.0 * 10x ) ) ) * 40.0 ) ) )
ind: 39
( ( ( ( ( 10y + 73.0 ) * 10y ) * 2.0 ) + ( ( ( ( 93.0 - 89.0 ) + 58.0 ) + ( ( 10x + 78.0 ) - 8y ) ) * 2y ) ) + 9y )
ind: 40
( ( ( ( ( 96.0 - 40.0 ) + 8x ) * ( 7x - 4y ) ) - ( ( 1y - ( ( 5x + 4x ) + 2x ) ) - 90.0 ) ) - ( ( ( 3x * 33.0 ) + ( ( 93.0 * ( 10y - 5y ) ) * ( 4x * ( 3x - 3y ) ) ) ) + ( 8y + ( ( 72.0 - ( 7x - 2y ) ) + ( ( 41.0 + 50.0 ) - 92.0 ) ) ) ) )
ind: 41
( 6y - ( ( 4x - ( 13.0 * ( ( 12.0 - 14.0 ) * 7y ) ) ) + ( ( 96.0 * 2.0 ) + ( 4y * 2y ) ) ) )
ind: 42
( ( 10y - 73.0 ) + ( 3y - ( 23.0 + ( 44.0 + ( 42.0 * 5x ) ) ) ) )
ind: 43
( ( 9x - 4.0 ) + ( ( ( ( 11.0 * ( 6y + 10x ) ) + ( 3x - ( 96.0 - 7y ) ) ) * ( ( ( 1x - 4y ) - ( 7y - 48.0 ) ) * ( ( 2y + 3x ) + ( 79.0 + 15.0 ) ) ) ) - ( 9y * 96.0 ) ) )
ind: 44
( 73.0 - ( ( ( ( ( 4x * 4x ) + ( 45.0 + 55.0 ) ) * 25.0 ) - ( 30.0 * ( 4y * ( 5y - 7y ) ) ) ) + 8x ) )
ind: 45
( ( ( ( 10y * 10y ) + ( 7x * ( ( 6x * 48.0 ) * ( 51.0 * 33.0 ) ) ) ) - 4x ) * 57.0 )
ind: 46
( 1x + 2y )
ind: 47
( ( ( ( 93.0 * 6y ) + ( 73.0 * ( 7y * 10y ) ) ) + 39.0 ) + ( 4x * ( ( 7y * 8y ) * 26.0 ) ) )
ind: 48
( 4x * ( ( ( ( 6y * ( 8y * 51.0 ) ) - 7x ) - 3x ) - 28.0 ) )
ind: 49
( ( ( ( ( ( 26.0 * 1y ) - ( 1x * 9x ) ) - ( 57.0 - ( 6x - 1x ) ) ) + ( 95.0 - ( 8y + ( 5y - 16.0 ) ) ) ) - ( ( ( ( 100.0 - 7y ) - 16.0 ) - ( ( 4y + 3.0 ) * 5y ) ) - ( ( 85.0 + 1y ) + 3y ) ) ) - 94.0 )
ind: 50
( 3y + ( 8x * 9x ) )
ind: 51
( ( ( 94.0 + ( 9.0 + ( ( 9x + 55.0 ) * 92.0 ) ) ) + 9y ) - 1y )
ind: 52
( ( ( 35.0 - ( 7.0 + 85.0 ) ) + 1x ) + ( ( ( 5y + 24.0 ) + 7y ) * ( ( ( 14.0 * ( 55.0 - 5y ) ) - 5x ) - ( ( ( 34.0 - 99.0 ) + 18.0 ) * 4x ) ) ) )
ind: 53
( ( ( 7y - 8y ) + 17.0 ) * ( 7x - 7y ) )
ind: 54
( ( ( ( ( 8x + ( 4y - 51.0 ) ) - 1y ) * 9x ) + 7x ) - ( 7y + ( 46.0 + 1y ) ) )
ind: 55
( 8y + ( ( 5x - ( ( 8y * 5x ) - 10.0 ) ) * ( ( 14.0 * ( 4x + ( 7y * 9x ) ) ) + 51.0 ) ) )
ind: 56
( ( ( 5x + ( 46.0 + 10y ) ) + ( 90.0 - 69.0 ) ) * ( 7y - ( ( 1y + 3.0 ) * ( 36.0 + ( ( 87.0 - 42.0 ) * ( 10y * 4x ) ) ) ) ) )
ind: 57
( ( 11.0 - 2x ) * ( 4y - 38.0 ) )
ind: 58
( ( ( 6x - 2x ) + 32.0 ) + ( ( 8y * 2x ) + ( ( ( ( 4y * 5.0 ) * ( 26.0 * 73.0 ) ) + ( 2y - 3x ) ) * ( 7y * ( ( 5y - 13.0 ) - ( 5.0 - 6x ) ) ) ) ) )
ind: 59
( 32.0 + ( ( ( ( 100.0 - ( 32.0 + 5x ) ) - ( 2y * 8x ) ) - 6y ) * ( ( 1x * ( ( 63.0 - 4y ) + ( 25.0 - 83.0 ) ) ) * 57.0 ) ) )
ind: 60
( ( ( 64.0 * 10y ) * ( ( 9x * 1.0 ) + ( 40.0 + 65.0 ) ) ) - 4x )
ind: 61
( ( ( ( 6y + ( 5x * 20.0 ) ) + 1y ) * ( 53.0 - ( 1y + ( ( 54.0 - 29.0 ) - 21.0 ) ) ) ) - ( ( 3y - ( ( 18.0 * 43.0 ) + 86.0 ) ) * 6x ) )
ind: 62
( ( ( 64.0 - ( ( 1x - ( 20.0 * 20.0 ) ) - 2y ) ) * 4x ) + ( ( ( 49.0 - 1y ) * ( ( 44.0 + ( 53.0 * 75.0 ) ) + ( 4x + ( 17.0 + 82.0 ) ) ) ) + ( ( ( 74.0 - ( 6x - 8x ) ) - 2.0 ) + 50.0 ) ) )
ind: 63
( ( 15.0 + 4x ) + ( ( ( ( ( 45.0 * 36.0 ) + ( 9y + 49.0 ) ) - ( 47.0 * 48.0 ) ) + 1y ) - 10y ) )
ind: 64
( ( ( 60.0 * 5x ) + 8y ) + ( ( ( ( ( 7x - 5x ) - ( 14.0 + 39.0 ) ) * 8y ) + 72.0 ) + 47.0 ) )
ind: 65
( 46.0 + ( ( ( 17.0 + 10x ) - ( 6x + ( ( 5y + 47.0 ) - 5y ) ) ) * 3y ) )
ind: 66
( ( 71.0 * 59.0 ) + ( ( 8x - 84.0 ) - ( ( 41.0 + ( 13.0 * 8y ) ) * 7y ) ) )
ind: 67
( 1y - ( 79.0 + ( ( 9x - ( 42.0 - 9x ) ) + ( 39.0 - 80.0 ) ) ) )
ind: 68
( 65.0 - ( ( ( ( 6y + 20.0 ) - ( ( 23.0 * 40.0 ) * 1y ) ) + ( ( ( 1y * 82.0 ) - ( 4y + 13.0 ) ) * ( 7x * 6y ) ) ) + ( 91.0 * ( ( 6y * ( 78.0 - 34.0 ) ) * ( ( 9y * 8y ) - 2x ) ) ) ) )
ind: 69
( 4y + ( 6y * ( 6x + ( ( ( 5x * 44.0 ) - ( 20.0 - 7x ) ) - 3x ) ) ) )
ind: 70
( 5x - 5y )
ind: 71
( ( ( 89.0 + 28.0 ) * ( 54.0 - ( 7y + 31.0 ) ) ) * ( ( 2x * ( ( ( 9x - 34.0 ) * ( 10y * 7y ) ) - ( ( 74.0 - 5x ) * ( 4y * 4y ) ) ) ) + ( 55.0 * ( 10x + ( ( 4y - 10x ) - 6x ) ) ) ) )
ind: 72
( ( 1y + ( 57.0 - ( ( 8x - 79.0 ) - ( 25.0 + 3y ) ) ) ) - ( ( 8y * 34.0 ) * 10y ) )
ind: 73
( 7y * ( 51.0 + ( ( ( 20.0 - 9y ) - 7y ) + 7x ) ) )
ind: 74
( ( 2y * 4x ) * 2y )
ind: 75
( ( 4.0 - ( ( ( ( 78.0 - 1x ) * 2y ) + ( ( 41.0 - 1y ) - 1x ) ) + 2.0 ) ) + ( 4x - 5y ) )
ind: 76
( 2x * 4y )
ind: 77
( ( 4x - 10y ) + ( 60.0 + 6y ) )
ind: 78
( ( ( ( ( ( 2x * 6y ) * 100.0 ) * ( ( 1y - 11.0 ) - 12.0 ) ) - 57.0 ) * ( 7y - 2y ) ) + ( 10x + 3.0 ) )
ind: 79
( ( ( ( ( ( 6x - 3x ) * ( 8x - 32.0 ) ) * ( 28.0 - 10.0 ) ) * 8y ) * 5x ) - 27.0 )
ind: 80
( 17.0 - ( ( ( ( ( 99.0 - 98.0 ) + 8x ) * 52.0 ) * ( 4y - ( ( 9.0 * 4x ) - 64.0 ) ) ) * ( 1x * 1x ) ) )
ind: 81
( ( 6y + 7x ) * 89.0 )
ind: 82
( ( 1y * 10x ) + 79.0 )
ind: 83
( 4x - ( 10x * ( 1y - 25.0 ) ) )
ind: 84
( 100.0 * ( ( 2y * 8x ) * ( ( 10y * 5x ) + ( ( ( 91.0 - 77.0 ) - 2x ) + ( ( 14.0 + 9x ) + 28.0 ) ) ) ) )
ind: 85
( 9y - ( ( 2x + ( ( 57.0 * 4x ) - 6y ) ) + ( 85.0 * ( ( 28.0 * 49.0 ) * 100.0 ) ) ) )
ind: 86
( ( ( ( 6y + ( ( 19.0 * 82.0 ) * 9x ) ) * 35.0 ) + ( ( 5y * 6x ) - ( ( 10y + ( 99.0 - 5y ) ) * ( 8x + ( 6x - 2y ) ) ) ) ) - ( 64.0 * 44.0 ) )
ind: 87
( ( ( ( 60.0 + 57.0 ) * ( 4y * ( ( 34.0 - 83.0 ) + ( 35.0 * 10x ) ) ) ) * 54.0 ) * 64.0 )
ind: 88
( ( ( ( ( 55.0 - ( 5y - 20.0 ) ) * ( 1y + 5x ) ) * ( 17.0 + 79.0 ) ) + 5x ) + ( 69.0 + 10x ) )
ind: 89
( ( 51.0 - ( 2y + 7x ) ) + ( ( ( 11.0 * ( 46.0 * ( 94.0 + 47.0 ) ) ) * ( ( 3.0 * 79.0 ) * 8x ) ) * 25.0 ) )
ind: 90
( ( 1y - ( ( 9.0 - 4x ) * 2x ) ) * 55.0 )
ind: 91
( ( ( ( 4x * ( 6y + ( 2x - 5x ) ) ) + 84.0 ) - ( ( ( 70.0 - ( 2x + 31.0 ) ) - ( ( 17.0 * 5x ) - ( 55.0 - 68.0 ) ) ) + 5x ) ) - 19.0 )
ind: 92
( ( ( ( 7.0 * ( 2y + 1x ) ) * 3x ) + 5.0 ) + ( ( 99.0 * 12.0 ) * ( 9x - 7y ) ) )
ind: 93
( ( ( 82.0 - 4y ) + ( ( 2y + 9x ) - 7x ) ) + 10y )
ind: 94
( 58.0 - ( 36.0 - ( ( 63.0 - 3x ) * ( 46.0 * ( 2y * ( 1y - 39.0 ) ) ) ) ) )
ind: 95
( ( ( ( ( ( 6x * 7x ) + 44.0 ) - 7y ) + ( ( ( 9x - 4.0 ) + ( 91.0 * 92.0 ) ) + ( 5y * 48.0 ) ) ) + ( ( 10.0 - ( 6y - 4x ) ) - ( ( 14.0 * ( 45.0 + 15.0 ) ) - ( 4x + 88.0 ) ) ) ) * ( 6y + 93.0 ) )
ind: 96
( ( ( ( ( 7x + ( 1x - 10y ) ) - ( 37.0 - 66.0 ) ) - ( 94.0 * ( 63.0 * ( 5.0 - 10y ) ) ) ) * ( 47.0 + ( ( ( 1y + 8x ) - 1x ) * 70.0 ) ) ) * ( 51.0 - 35.0 ) )
ind: 97
( 4x - ( ( 1x + 1y ) * ( 49.0 - ( 6x - 10y ) ) ) )
ind: 98
( 10x + ( ( ( ( ( 29.0 * 1y ) * 1x ) * ( ( 8y - 2x ) + ( 47.0 + 7x ) ) ) * 3x ) + ( 7y + 63.0 ) ) )
ind: 99
( ( ( ( 25.0 + 75.0 ) - ( ( ( 58.0 - 26.0 ) * ( 6y - 5.0 ) ) + 5y ) ) + 9x ) * ( ( ( ( 8.0 * 7y ) + 1.0 ) + 11.0 ) + 6y ) )
ind: 100
( ( ( 5y + ( 4.0 + ( ( 5x - 91.0 ) - ( 4y + 4x ) ) ) ) + 86.0 ) - 38.0 )
Best Ind: ( ( ( 94.0 + ( 9.0 + ( ( 9x + 55.0 ) * 92.0 ) ) ) + 9y ) - 1y )
Fitness = 31.7890896877
Worst Ind: ( ( 51.0 - ( 2y + 7x ) ) + ( ( ( 11.0 * ( 46.0 * ( 94.0 + 47.0 ) ) ) * ( ( 3.0 * 79.0 ) * 8x ) ) * 25.0 ) )
Fitness = 1.07716911163e+11
Avg Fitness = 1233010404.44
Duplicated = 0
============================================================================
Evaluate Gen  1
New Population 130
Better than Dads 7
Best Ind: ( ( ( 94.0 + ( 9.0 + ( ( 9x + 55.0 ) * 92.0 ) ) ) + 9y ) - 1y )
Fitness = 31.7890896877
Worst Ind: ( ( ( 35.0 - ( 7.0 + 85.0 ) ) + 1x ) + ( ( ( 5y + 24.0 ) + 7y ) * ( ( ( 14.0 * ( 55.0 - 5y ) ) - 5x ) - ( ( ( 34.0 - 99.0 ) + 18.0 ) * 4x ) ) ) )
Fitness = 357792.866955
Avg Fitness = 41770.6611712
Duplicated = 0
============================================================================
Evaluate Gen  2
New Population 137
Better than Dads 10
Best Ind: ( ( ( 94.0 + ( 9.0 + ( ( 9x + 55.0 ) * 92.0 ) ) ) + 9y ) - 1y )
Fitness = 31.7890896877
Worst Ind: ( 8y + ( 5y * ( ( 14.0 * ( 4x + ( 7y * 9x ) ) ) + 51.0 ) ) )
Fitness = 46892.6414318
Avg Fitness = 9011.71163797
Duplicated = 0
============================================================================
Evaluate Gen  3
New Population 132
Better than Dads 6
Best Ind: ( ( ( 94.0 + ( 9.0 + ( ( 9x + 55.0 ) * 92.0 ) ) ) + 9y ) - 1y )
Fitness = 31.7890896877
Worst Ind: ( 7y * ( 51.0 + ( ( ( 20.0 - 9y ) - 7y ) + 7x ) ) )
Fitness = 11348.7050185
Avg Fitness = 2900.78447299
Duplicated = 0
============================================================================
Evaluate Gen  4
New Population 145
Better than Dads 10
Best Ind: ( ( ( 94.0 + ( 9.0 + ( ( 9x + 55.0 ) * 92.0 ) ) ) + 9y ) - 1y )
Fitness = 31.7890896877
Worst Ind: ( ( 73.0 + ( 10y - 5x ) ) + ( 87.0 - ( ( ( 4x + ( 10y - 5x ) ) * 7y ) - 5x ) ) )
Fitness = 3650.0
Avg Fitness = 1385.28807579
Duplicated = 3
============================================================================
Evaluate Gen  5
New Population 134
Better than Dads 11
Best Ind: ( ( ( 94.0 + ( 9.0 + ( ( 9x + 55.0 ) * 92.0 ) ) ) + 9y ) - 1y )
Fitness = 31.7890896877
Worst Ind: ( ( ( ( ( 8x + ( 4y - 51.0 ) ) - 55.0 ) * 9x ) + 7x ) - ( 7y + ( 46.0 + 1y ) ) )
Fitness = 2300.0
Avg Fitness = 986.22453231
Duplicated = 3
============================================================================
Evaluate Gen  6
New Population 135
Better than Dads 8
Best Ind: ( ( ( 94.0 + ( 9.0 + ( ( 9x + 55.0 ) * 92.0 ) ) ) + 9y ) - 1y )
Fitness = 31.7890896877
Worst Ind: ( ( ( ( ( 96.0 - 40.0 ) + 8x ) * ( 7x - 10y ) ) - ( ( 1y - ( ( 5x + 4x ) + 2x ) ) - 90.0 ) ) - ( 8x * 9x ) )
Fitness = 1800.0
Avg Fitness = 823.740438524
Duplicated = 3
============================================================================
Evaluate Gen  7
New Population 136
Better than Dads 15
Best Ind: ( ( ( 94.0 + ( 9.0 + ( ( 9x + 55.0 ) * 92.0 ) ) ) + 9y ) - 1y )
Fitness = 31.7890896877
Worst Ind: ( ( 9x - 4.0 ) + ( ( 7x * ( ( ( 1x - 4y ) - ( 7y - 48.0 ) ) * ( ( 2y + 3x ) + ( 79.0 + 15.0 ) ) ) ) - 27.0 ) )
Fitness = 1550.0
Avg Fitness = 621.809716009
Duplicated = 4
============================================================================
Evaluate Gen  8
New Population 135
Better than Dads 11
Best Ind: ( 4x - ( ( 1x + 1y ) * ( 49.0 - 1y ) ) )
Fitness = 28.3797892298
Worst Ind: ( ( 9x + 2y ) * 7y )
Fitness = 1048.99359734
Avg Fitness = 401.17062363
Duplicated = 7
============================================================================
Evaluate Gen  9
New Population 141
Better than Dads 12
Best Ind: ( 4x - ( ( 1x + 1y ) * ( 49.0 - 1y ) ) )
Fitness = 28.3797892298
Worst Ind: ( 9x + ( 7x + 3y ) )
Fitness = 517.588803008
Avg Fitness = 276.73074557
Duplicated = 11
============================================================================
Evaluate Gen  10
New Population 143
Better than Dads 14
Best Ind: ( 4x - ( ( 1x + 1y ) * ( 49.0 - 1y ) ) )
Fitness = 28.3797892298
Worst Ind: ( ( ( 4x - ( 6y * ( 49.0 - ( 6x - 10y ) ) ) ) * ( ( ( 7y + 4x ) - 76.0 ) - 76.0 ) ) - 10x )
Fitness = 318.519422198
Avg Fitness = 229.98696164
Duplicated = 12
============================================================================
Evaluate Gen  11
New Population 138
Better than Dads 14
Best Ind: ( 4x - ( ( 1x + 1y ) * ( 49.0 - 1y ) ) )
Fitness = 28.3797892298
Worst Ind: ( 9x + ( ( 5y + 17.0 ) - ( 4y * 3x ) ) )
Fitness = 298.704493434
Avg Fitness = 215.166434835
Duplicated = 13
============================================================================
Evaluate Gen  12
New Population 146
Better than Dads 14
Best Ind: ( 4x - ( ( 1x + 1y ) * ( 49.0 - 1y ) ) )
Fitness = 28.3797892298
Worst Ind: ( 5y - ( ( ( ( ( 71.0 + 9x ) * ( 10x + 9x ) ) - 2y ) * ( ( 47.0 * ( 9x + 66.0 ) ) - 5x ) ) + 8x ) )
Fitness = 261.281767153
Avg Fitness = 197.371866763
Duplicated = 12
============================================================================
Evaluate Gen  13
New Population 143
Better than Dads 9
Best Ind: ( 4x - ( ( 1x + 1y ) * ( 49.0 - 1y ) ) )
Fitness = 28.3797892298
Worst Ind: ( ( ( ( ( 8y + ( 9x - 29.0 ) ) - 3y ) - ( ( 81.0 - 1y ) + ( 72.0 - ( 4x - 10y ) ) ) ) + ( ( 7y * ( 22.0 - ( 8y - 46.0 ) ) ) - 13.0 ) ) - 8x )
Fitness = 254.815537759
Avg Fitness = 182.889437605
Duplicated = 14
============================================================================
Evaluate Gen  14
New Population 140
Better than Dads 11
Best Ind: ( 4x - ( ( 1x + 1y ) * ( 49.0 - 1y ) ) )
Fitness = 28.3797892298
Worst Ind: ( ( 4.0 - ( ( ( ( 78.0 - 1x ) * 2y ) + ( ( 41.0 - 1y ) - 1x ) ) + 2.0 ) ) - ( ( ( ( ( 71.0 + 9x ) * ( 10x + 9x ) ) - 2y ) * ( ( 47.0 * ( 9x + 66.0 ) ) - 5x ) ) + ( 1y * ( 7x - 7y ) ) ) )
Fitness = 226.931342243
Avg Fitness = 165.281541758
Duplicated = 16
============================================================================
Evaluate Gen  15
New Population 148
Better than Dads 12
Best Ind: ( 4x - ( ( 1x + 1y ) * ( 49.0 - 1y ) ) )
Fitness = 28.3797892298
Worst Ind: ( ( ( 4y - ( 8y - 3x ) ) - 79.0 ) - ( 4y * 3x ) )
Fitness = 190.734538126
Avg Fitness = 150.234431349
Duplicated = 20
============================================================================
Evaluate Gen  16
New Population 140
Better than Dads 11
Best Ind: ( 4x - ( ( 1x + 1y ) * ( 49.0 - 1y ) ) )
Fitness = 28.3797892298
Worst Ind: ( 4y * 3x )
Fitness = 190.734538126
Avg Fitness = 141.293477334
Duplicated = 25
============================================================================
Evaluate Gen  17
New Population 145
Better than Dads 13
Best Ind: ( 4x - ( ( 1x + 1y ) * ( 49.0 - 1y ) ) )
Fitness = 28.3797892298
Worst Ind: ( ( ( 9x + 2y ) - ( 45.0 - 10y ) ) - ( ( 8y * 7y ) - 5x ) )
Fitness = 159.259711099
Avg Fitness = 125.530707234
Duplicated = 36
============================================================================
Evaluate Gen  18
New Population 146
Better than Dads 15
Best Ind: ( 4x - ( ( 1x + 1y ) * ( 49.0 - 1y ) ) )
Fitness = 28.3797892298
Worst Ind: ( ( ( 53.0 * 2y ) + ( ( 7y * ( 22.0 - ( 8y - 46.0 ) ) ) - 13.0 ) ) - ( 1y * 10x ) )
Fitness = 158.945448439
Avg Fitness = 118.060481577
Duplicated = 31
============================================================================
Evaluate Gen  19
New Population 142
Better than Dads 15
Best Ind: ( 4x - ( ( 1x + 1y ) * ( 49.0 - 1y ) ) )
Fitness = 28.3797892298
Worst Ind: ( 4y + 2x )
Fitness = 142.405790763
Avg Fitness = 112.171951783
Duplicated = 19
============================================================================
Evaluate Gen  20
New Population 142
Better than Dads 12
Best Ind: ( 4x - ( ( 1x + 1y ) * ( 49.0 - 1y ) ) )
Fitness = 28.3797892298
Worst Ind: ( ( 6y + ( ( 5y + 17.0 ) - ( 4y * 3x ) ) ) - 4x )
Fitness = 127.407768879
Avg Fitness = 110.713542526
Duplicated = 21
============================================================================
Evaluate Gen  21
New Population 144
Better than Dads 11
Best Ind: ( 100.0 - ( ( 10y - 1x ) * ( 10y - 1x ) ) )
Fitness = 25.0
Worst Ind: ( ( ( 5y + 9x ) + 1x ) - 4x )
Fitness = 127.407768879
Avg Fitness = 108.625291174
Duplicated = 27
============================================================================
Evaluate Gen  22
New Population 140
Better than Dads 15
Best Ind: ( 100.0 - ( ( 10y - 1x ) * ( 10y - 1x ) ) )
Fitness = 25.0
Worst Ind: ( ( ( ( 5y + ( 4.0 + 1x ) ) + 1x ) - 4x ) - 4x )
Fitness = 127.407768879
Avg Fitness = 106.842415889
Duplicated = 32
============================================================================
Evaluate Gen  23
New Population 149
Better than Dads 16
Best Ind: ( 100.0 - ( ( 10y - 1x ) * ( 10y - 1x ) ) )
Fitness = 25.0
Worst Ind: ( ( ( 5y + ( 4y + 2x ) ) + 1x ) - 4x )
Fitness = 127.407768879
Avg Fitness = 102.220271461
Duplicated = 38
============================================================================
Evaluate Gen  24
New Population 150
Better than Dads 17
Best Ind: ( 1x * 1y )
Fitness = 15.8945448439
Worst Ind: ( 2x * 4y )
Fitness = 127.156358751
Avg Fitness = 94.1907798676
Duplicated = 39
============================================================================
Evaluate Gen  25
New Population 142
Better than Dads 16
Best Ind: ( 1x * 1y )
Fitness = 15.8945448439
Worst Ind: ( ( 2y + 1.0 ) * 3x )
Fitness = 119.456818291
Avg Fitness = 86.5235543887
Duplicated = 35
============================================================================
Evaluate Gen  26
New Population 149
Better than Dads 11
Best Ind: ( 1x * 1y )
Fitness = 15.8945448439
Worst Ind: ( ( 8y - 3x ) - ( 7y - ( 8y - 3x ) ) )
Fitness = 95.5558266595
Avg Fitness = 83.7815387461
Duplicated = 39
============================================================================
Evaluate Gen  27
New Population 144
Better than Dads 11
Best Ind: ( 1x * 1y )
Fitness = 15.8945448439
Worst Ind: ( 8y - 3x )
Fitness = 95.5558266595
Avg Fitness = 82.8020965173
Duplicated = 37
============================================================================
Evaluate Gen  28
New Population 142
Better than Dads 11
Best Ind: ( 1x * 1y )
Fitness = 15.8945448439
Worst Ind: ( ( ( 5x - 91.0 ) - ( 79.0 + ( 7y - ( 8y - 3x ) ) ) ) - ( ( ( 88.0 - 6.0 ) * 7y ) - 3x ) )
Fitness = 95.5558266595
Avg Fitness = 80.5013352563
Duplicated = 33
============================================================================
Evaluate Gen  29
New Population 141
Better than Dads 14
Best Ind: ( 1x * 1y )
Fitness = 15.8945448439
Worst Ind: ( ( ( 40.0 + 65.0 ) + 1x ) - ( ( 8y - 3x ) * 2y ) )
Fitness = 95.3672690632
Avg Fitness = 77.5229998762
Duplicated = 30
============================================================================
Evaluate Gen  30
New Population 138
Better than Dads 6
Best Ind: ( 1x * 1y )
Fitness = 15.8945448439
Worst Ind: ( ( ( ( 3y - 91.0 ) - ( 8y - 3x ) ) - ( ( ( 88.0 - 6.0 ) * 7y ) - 3x ) ) * 2y )
Fitness = 95.3672690632
Avg Fitness = 75.7571505243
Duplicated = 28
============================================================================
Evaluate Gen  31
New Population 141
Better than Dads 9
Best Ind: ( 1x * 1y )
Fitness = 15.8945448439
Worst Ind: ( ( 8y - 3x ) - 3y )
Fitness = 95.3672690632
Avg Fitness = 72.3571194458
Duplicated = 24
============================================================================
Evaluate Gen  32
New Population 145
Better than Dads 14
Best Ind: ( 1x * 1y )
Fitness = 15.8945448439
Worst Ind: ( ( ( ( 5x - 91.0 ) - ( 8y - 3x ) ) - ( ( ( 88.0 - 6.0 ) * 7y ) - 3x ) ) * 2y )
Fitness = 95.3672690632
Avg Fitness = 65.3258326515
Duplicated = 19
============================================================================
Evaluate Gen  33
New Population 147
Better than Dads 14
Best Ind: ( 1x * 1y )
Fitness = 15.8945448439
Worst Ind: ( ( ( 40.0 + 65.0 ) + 1x ) - ( ( ( 8y - 3x ) * 4y ) - ( ( 10y - 1x ) * 3x ) ) )
Fitness = 75.0
Avg Fitness = 59.2164465551
Duplicated = 18
============================================================================
Evaluate Gen  34
New Population 144
Better than Dads 14
Best Ind: ( 1x * 1y )
Fitness = 15.8945448439
Worst Ind: ( ( 1x * 1y ) * 7y )
Fitness = 74.4193888277
Avg Fitness = 56.5328972901
Duplicated = 20
============================================================================
Evaluate Gen  35
New Population 140
Better than Dads 12
Best Ind: ( 1x * 1y )
Fitness = 15.8945448439
Worst Ind: ( ( 8y - 3x ) - ( 6y - 2x ) )
Fitness = 63.7038844396
Avg Fitness = 54.3714324355
Duplicated = 18
============================================================================
Evaluate Gen  36
New Population 138
Better than Dads 8
Best Ind: ( 1x * 1y )
Fitness = 15.8945448439
Worst Ind: ( ( ( ( ( 8y + ( 9x - 29.0 ) ) - 3y ) - ( ( 6y - 2x ) + ( 72.0 - ( 53.0 * 2y ) ) ) ) + ( 2x * 4y ) ) - ( 87.0 - 2x ) )
Fitness = 63.7038844396
Avg Fitness = 52.5350936404
Duplicated = 20
============================================================================
Evaluate Gen  37
New Population 142
Better than Dads 12
Best Ind: ( 1x * 1y )
Fitness = 15.8945448439
Worst Ind: ( ( ( ( ( 8y + ( 9x - 29.0 ) ) - 3y ) - ( ( 6y - 2x ) + ( 72.0 - ( 53.0 * 2y ) ) ) ) + ( 2x * 4y ) ) - ( 87.0 - 2x ) )
Fitness = 63.7038844396
Avg Fitness = 50.7875678503
Duplicated = 23
============================================================================
Evaluate Gen  38
New Population 144
Better than Dads 10
Best Ind: ( 1x * 1y )
Fitness = 15.8945448439
Worst Ind: ( ( 7x + 3y ) - 2y )
Fitness = 63.5781793755
Avg Fitness = 48.9247739938
Duplicated = 21
============================================================================
Evaluate Gen  39
New Population 151
Better than Dads 17
Best Ind: ( 1x * 1y )
Fitness = 15.8945448439
Worst Ind: ( ( ( ( ( 8y - 3x ) - ( ( 8y - 3x ) * 2y ) ) + 9x ) * 9x ) - 2y )
Fitness = 63.5781793755
Avg Fitness = 45.4546374607
Duplicated = 18
============================================================================
Evaluate Gen  40
New Population 146
Better than Dads 15
Best Ind: ( 1x * 1y )
Fitness = 15.8945448439
Worst Ind: ( ( ( ( ( 6y - 2x ) - 2y ) - 2y ) - ( 6y - 2x ) ) * 2y )
Fitness = 63.5781793755
Avg Fitness = 39.4974925233
Duplicated = 18
============================================================================
Evaluate Gen  41
New Population 147
Better than Dads 15
Best Ind: ( ( 39.0 - 1y ) * ( 1x * 1y ) )
Fitness = 10.6313412611
Worst Ind: ( 2y - ( 1x + 1y ) )
Fitness = 45.0232214655
Avg Fitness = 36.2260805738
Duplicated = 20
============================================================================
Evaluate Gen  42
New Population 143
Better than Dads 17
Best Ind: ( ( 39.0 - 1y ) * ( 1x * 1y ) )
Fitness = 10.6313412611
Worst Ind: ( ( 8y - 3x ) - ( ( 3y - 1x ) * ( ( 1x * 1y ) * 7y ) ) )
Fitness = 43.75
Avg Fitness = 34.077303308
Duplicated = 21
============================================================================
Evaluate Gen  43
New Population 150
Better than Dads 12
Best Ind: ( ( 1x * 1y ) * ( 3x - 1x ) )
Fitness = 10.5683642125
Worst Ind: ( ( 6y - 2x ) - ( ( 3x - 1x ) * ( ( 8y - 3x ) - ( ( 1x * 1y ) * 7y ) ) ) )
Fitness = 43.75
Avg Fitness = 30.9929870278
Duplicated = 24
============================================================================
Evaluate Gen  44
New Population 147
Better than Dads 15
Best Ind: ( ( 1x * 1y ) * ( 3x - 1x ) )
Fitness = 10.5683642125
Worst Ind: ( ( ( 8y - 3x ) - ( 87.0 - 2x ) ) - ( 10y - 1x ) )
Fitness = 31.8519422198
Avg Fitness = 28.7650495582
Duplicated = 27
============================================================================
Evaluate Gen  45
New Population 149
Better than Dads 22
Best Ind: ( ( 1x * 1y ) * ( 3x - 1x ) )
Fitness = 10.5683642125
Worst Ind: ( ( ( 1y - ( ( 10y - 1x ) * ( 1x * 1y ) ) ) - 3x ) - 1y )
Fitness = 31.7890896877
Avg Fitness = 28.2353910773
Duplicated = 25
============================================================================
Evaluate Gen  46
New Population 144
Better than Dads 16
Best Ind: ( ( 1x * 1y ) * ( 3x - 1x ) )
Fitness = 10.5683642125
Worst Ind: ( ( ( 1x * 2y ) * ( ( 8y - 3x ) - ( ( 1x * 1y ) * 7y ) ) ) - ( ( 39.0 - 1y ) * 2x ) )
Fitness = 31.7890896877
Avg Fitness = 27.6266420272
Duplicated = 24
============================================================================
Evaluate Gen  47
New Population 150
Better than Dads 13
Best Ind: ( ( 1x * 1y ) * ( 3x - 1x ) )
Fitness = 10.5683642125
Worst Ind: ( ( 8y + ( 9x - 29.0 ) ) - ( ( 39.0 - 1y ) * 2x ) )
Fitness = 31.7890896877
Avg Fitness = 26.4281240098
Duplicated = 17
============================================================================
Evaluate Gen  48
New Population 146
Better than Dads 18
Best Ind: ( ( 1x * 1y ) * ( 3x - 1x ) )
Fitness = 10.5683642125
Worst Ind: ( ( ( 10y - 1x ) * ( ( 8y - 3x ) - ( ( 1x * 1y ) * 7y ) ) ) - ( ( 39.0 - 1y ) * 2x ) )
Fitness = 31.7890896877
Avg Fitness = 25.1381976705
Duplicated = 15
============================================================================
Evaluate Gen  49
New Population 148
Better than Dads 14
Best Ind: ( ( 1x * 1y ) * ( 3x - 1x ) )
Fitness = 10.5683642125
Worst Ind: ( ( 8y - 2x ) - ( ( 10y - 1x ) * ( ( ( 10y - 1x ) - 3x ) - ( ( 2y + 1.0 ) * ( 6x - 1x ) ) ) ) )
Fitness = 28.9972453781
Avg Fitness = 24.1069153621
Duplicated = 14
============================================================================
Evaluate Gen  50
New Population 146
Better than Dads 13
Best Ind: ( ( 1x * 1y ) * ( 3x - 1x ) )
Fitness = 10.5683642125
Worst Ind: ( ( ( 70.0 - ( 2x + 31.0 ) ) - 3x ) - ( ( ( 10y - 1x ) - ( 10y - 1x ) ) * ( ( ( 6y - 2y ) + ( 70.0 - ( 2x + 31.0 ) ) ) - ( 1x + 1y ) ) ) )
Fitness = 28.440726724
Avg Fitness = 22.9136748175
Duplicated = 13
============================================================================
Evaluate Gen  51
New Population 141
Better than Dads 11
Best Ind: ( ( 1x * 1y ) * ( 3x - 1x ) )
Fitness = 10.5683642125
Worst Ind: ( ( 81.0 - 3x ) - ( ( 1x * 2y ) * ( ( ( ( 7y + 9x ) - 76.0 ) + 81.0 ) - ( 1x + 1y ) ) ) )
Fitness = 27.401554911
Avg Fitness = 21.5919305249
Duplicated = 11
============================================================================
Evaluate Gen  52
New Population 146
Better than Dads 13
Best Ind: ( ( 1x * 1y ) * ( 3x - 1x ) )
Fitness = 10.5683642125
Worst Ind: ( ( ( ( 81.0 - ( 10y - 1x ) ) - ( ( 10y - 1x ) - 2x ) ) - 2x ) - ( ( 10y - 1x ) * ( 10y - 1x ) ) )
Fitness = 25.0
Avg Fitness = 20.5953680195
Duplicated = 7
============================================================================
Evaluate Gen  53
New Population 150
Better than Dads 14
Best Ind: ( 10y - ( ( ( 3x - ( 1x * 1y ) ) * 1y ) * ( ( 10y - 1x ) - ( ( 10y - 1x ) * ( 10y - 1x ) ) ) ) )
Fitness = 4.24407320683
Worst Ind: ( ( 8y - 2x ) - ( 1y * ( ( ( 10y - 1x ) - ( 10y - 1x ) ) - ( ( 2y + 1.0 ) * ( 6x - 1x ) ) ) ) )
Fitness = 22.5423874997
Avg Fitness = 18.8414005418
Duplicated = 11
============================================================================
Evaluate Gen  54
New Population 136
Better than Dads 9
Best Ind: ( 10y - ( ( ( 3x - ( 1x * 1y ) ) * 1y ) * ( ( 10y - 1x ) - ( ( 10y - 1x ) * ( 10y - 1x ) ) ) ) )
Fitness = 4.24407320683
Worst Ind: ( ( ( 1x * 1y ) - ( 1y * 2x ) ) * ( 81.0 - 1y ) )
Fitness = 21.2626825222
Avg Fitness = 18.0204190753
Duplicated = 12
============================================================================
Evaluate Gen  55
New Population 145
Better than Dads 7
Best Ind: ( 10y - ( ( ( 3x - ( 1x * 1y ) ) * 1y ) * ( ( 10y - 1x ) - ( ( 10y - 1x ) * ( 10y - 1x ) ) ) ) )
Fitness = 4.24407320683
Worst Ind: ( ( 81.0 - 1y ) - ( ( ( ( 3x - ( 1x * 1y ) ) - 1x ) - ( ( 10y - 1x ) * ( 10y - 1x ) ) ) * ( 10y - 1x ) ) )
Fitness = 21.2206009587
Avg Fitness = 17.0645797738
Duplicated = 18
============================================================================
Evaluate Gen  56
New Population 142
Better than Dads 13
Best Ind: ( 10y - ( ( ( 3x - ( 1x * 1y ) ) * 1y ) * ( ( 10y - 1x ) - ( ( 10y - 1x ) * ( 10y - 1x ) ) ) ) )
Fitness = 4.24407320683
Worst Ind: ( ( 81.0 - ( 1x + 1y ) ) - ( ( ( 10y - 1x ) - 1x ) * ( 1x * 2y ) ) )
Fitness = 21.136728425
Avg Fitness = 16.242531071
Duplicated = 17
============================================================================
Evaluate Gen  57
New Population 151
Better than Dads 13
Best Ind: ( 10y - ( ( ( 3x - ( 1x * 1y ) ) * 1y ) * ( ( 10y - 1x ) - ( ( 10y - 1x ) * ( 10y - 1x ) ) ) ) )
Fitness = 4.24407320683
Worst Ind: ( ( 81.0 - 3x ) - ( ( 1x * 2y ) * ( ( ( ( 7y + 9x ) - 76.0 ) + 81.0 ) - ( 4x - ( ( 1x + 1y ) * ( 49.0 - 1y ) ) ) ) ) )
Fitness = 18.2349467173
Avg Fitness = 14.8737283981
Duplicated = 24
============================================================================
Evaluate Gen  58
New Population 152
Better than Dads 14
Best Ind: ( 10y - ( ( ( 3x - ( 1x * 1y ) ) * 1y ) * ( ( 10y - 1x ) - ( ( 10y - 1x ) * ( 10y - 1x ) ) ) ) )
Fitness = 4.24407320683
Worst Ind: ( 1x - ( 1x * 1y ) )
Fitness = 15.8945448439
Avg Fitness = 14.5607959144
Duplicated = 23
============================================================================
Evaluate Gen  59
New Population 146
Better than Dads 8
Best Ind: ( 10y - ( ( ( 3x - ( 1x * 1y ) ) * 1y ) * ( ( 10y - 1x ) - ( ( 10y - 1x ) * ( 10y - 1x ) ) ) ) )
Fitness = 4.24407320683
Worst Ind: ( ( ( ( ( 8y + 1x ) - 3y ) - 2x ) * 1y ) - ( ( 39.0 - 1y ) * ( 10y - 1x ) ) )
Fitness = 15.8945448439
Avg Fitness = 14.0302773628
Duplicated = 19
============================================================================
Evaluate Gen  60
New Population 150
Better than Dads 9
Best Ind: ( 10y - ( ( ( 3x - ( 1x * 1y ) ) * 1y ) * ( ( 10y - 1x ) - ( ( 10y - 1x ) * ( 10y - 1x ) ) ) ) )
Fitness = 4.24407320683
Worst Ind: ( 49.0 - ( 1x * 1y ) )
Fitness = 15.8945448439
Avg Fitness = 13.7561244244
Duplicated = 20
============================================================================
Evaluate Gen  61
New Population 143
Better than Dads 11
Best Ind: ( 10y - ( ( ( 3x - ( 1x * 1y ) ) * 1y ) * ( ( 10y - 1x ) - ( ( 10y - 1x ) * ( 10y - 1x ) ) ) ) )
Fitness = 4.24407320683
Worst Ind: ( ( 6y - 2x ) - ( 1x * 1y ) )
Fitness = 15.8945448439
Avg Fitness = 13.2170215805
Duplicated = 19
============================================================================
Evaluate Gen  62
New Population 151
Better than Dads 13
Best Ind: ( 10y - ( ( ( 3x - ( 1x * 1y ) ) * 1y ) * ( ( 10y - 1x ) - ( ( 10y - 1x ) * ( 10y - 1x ) ) ) ) )
Fitness = 4.24407320683
Worst Ind: ( 1y - ( ( 3x - 1y ) * ( 10y - 1x ) ) )
Fitness = 15.8945448439
Avg Fitness = 12.1807643113
Duplicated = 15
============================================================================
Evaluate Gen  63
New Population 144
Better than Dads 10
Best Ind: ( 10y - ( ( ( 3x - ( 1x * 1y ) ) * 1y ) * ( ( 10y - 1x ) - ( ( 10y - 1x ) * ( 10y - 1x ) ) ) ) )
Fitness = 4.24407320683
Worst Ind: ( ( 81.0 - 3x ) - ( ( ( 10y - 10y ) - ( ( 39.0 - 1y ) * 2x ) ) * ( 1x * ( 10y - 1x ) ) ) )
Fitness = 15.8313801546
Avg Fitness = 10.6754552012
Duplicated = 12
============================================================================
Evaluate Gen  64
New Population 154
Better than Dads 20
Best Ind: ( 10y - ( ( ( 3x - ( 1x * 1y ) ) * 1y ) * ( ( 10y - 1x ) - ( ( 10y - 1x ) * ( 10y - 1x ) ) ) ) )
Fitness = 4.24407320683
Worst Ind: ( ( ( 6y - 2x ) - ( ( ( ( 10y - 1x ) * ( 10y - 1x ) ) * ( 10y - 1x ) ) * ( ( 39.0 - 1y ) * 2x ) ) ) * 2y )
Fitness = 12.5
Avg Fitness = 9.52978231645
Duplicated = 18
============================================================================
Evaluate Gen  65
New Population 153
Better than Dads 20
Best Ind: ( 1y - ( ( ( ( 10y - 1x ) - ( ( 39.0 - 1y ) * ( 10y - 1x ) ) ) * ( 1x * ( 10y - 1x ) ) ) * ( ( 8y - 3x ) - ( ( 10y - 1x ) * ( 81.0 - 1y ) ) ) ) )
Fitness = 3.125
Worst Ind: ( 1x - ( ( ( ( 10y - 1x ) * 2y ) - ( 1x * 1y ) ) * 1y ) )
Fitness = 10.6313412611
Avg Fitness = 9.13947350276
Duplicated = 11
============================================================================
Evaluate Gen  66
New Population 151
Better than Dads 19
Best Ind: ( 1y - ( ( ( ( 10y - 1x ) - ( ( 39.0 - 1y ) * ( 10y - 1x ) ) ) * ( 1x * ( 10y - 1x ) ) ) * ( ( 8y - 3x ) - ( ( 10y - 1x ) * ( 81.0 - 1y ) ) ) ) )
Fitness = 3.125
Worst Ind: ( ( 6y - ( ( 8y + ( 9x - 29.0 ) ) - 1x ) ) * ( ( ( 39.0 - 1y ) * 2x ) - ( 1x * 1y ) ) )
Fitness = 10.5683642125
Avg Fitness = 8.79456433814
Duplicated = 10
============================================================================
Evaluate Gen  67
New Population 142
Better than Dads 13
Best Ind: ( 1y - ( ( ( ( 10y - 1x ) - ( ( 39.0 - 1y ) * ( 10y - 1x ) ) ) * ( 1x * ( 10y - 1x ) ) ) * ( ( 8y - 3x ) - ( ( 10y - 1x ) * ( 81.0 - 1y ) ) ) ) )
Fitness = 3.125
Worst Ind: ( ( 81.0 - 3x ) - ( ( ( 10y - 1x ) - 1x ) * ( ( ( 6y - 2y ) + ( 70.0 - ( 2x + 31.0 ) ) ) - ( 1x * 1y ) ) ) )
Fitness = 10.5683642125
Avg Fitness = 8.17328252836
Duplicated = 9
============================================================================
Evaluate Gen  68
New Population 144
Better than Dads 12
Best Ind: ( ( 6y - ( ( 8y + ( 9x - 1y ) ) - 1x ) ) * ( ( 6y - ( 8y - ( ( 39.0 - 1y ) * 1x ) ) ) * ( ( 10y - 1x ) * ( ( 8y - 3x ) - ( ( 10y - 1x ) * ( 81.0 - 1y ) ) ) ) ) )
Fitness = 3.125
Worst Ind: ( ( ( ( ( 10y - 1x ) - ( 10y - 1x ) ) * ( 10y - 1x ) ) - 1x ) * ( 1x * 1y ) )
Fitness = 10.5683642125
Avg Fitness = 7.45399400732
Duplicated = 5
============================================================================
Evaluate Gen  69
New Population 145
Better than Dads 16
Best Ind: ( ( 6y - ( ( 8y + ( 9x - 1y ) ) - 1x ) ) * ( ( 6y - ( 8y - ( ( 39.0 - 1y ) * 1x ) ) ) * ( ( 10y - 1x ) * ( ( 8y - 3x ) - ( ( 10y - 1x ) * ( 81.0 - 1y ) ) ) ) ) )
Fitness = 3.125
Worst Ind: ( ( ( 10y - 1x ) * ( 10y - 1x ) ) * ( 1y * ( 8y - ( ( 39.0 - 1y ) * 2x ) ) ) )
Fitness = 8.48814641365
Avg Fitness = 6.70897318706
Duplicated = 4
============================================================================
Evaluate Gen  70
New Population 143
Better than Dads 16
Best Ind: ( 1x - ( ( ( ( ( 10y - 1x ) * 2y ) - ( 1x * 1y ) ) * 1y ) * ( ( 1x - ( 1x * 1y ) ) * ( 6y - ( 1x * 1y ) ) ) ) )
Fitness = 1.81885452916
Worst Ind: ( 1x - ( ( ( 6y * 2y ) - ( 1x * 1y ) ) * ( ( 10y - 1x ) - ( ( 10y - 1x ) * ( 10y - 1x ) ) ) ) )
Fitness = 7.91569007732
Avg Fitness = 6.23551739107
Duplicated = 6
============================================================================
Evaluate Gen  71
New Population 151
Better than Dads 18
Best Ind: ( 1x - ( ( ( ( ( 10y - 1x ) * 2y ) - ( 1x * 1y ) ) * 1y ) * ( ( 1x - ( 1x * 1y ) ) * ( 6y - ( 1x * 1y ) ) ) ) )
Fitness = 1.81885452916
Worst Ind: ( ( ( ( 10y - 1x ) * 2y ) - ( 1x * 1y ) ) * ( ( 1y * ( ( ( 2y - 1x ) - 3x ) - ( ( 2y + 1.0 ) * ( 6x - 1x ) ) ) ) - ( ( 10y - 1x ) * ( 10y - 1x ) ) ) )
Fitness = 7.91569007732
Avg Fitness = 5.80651456752
Duplicated = 7
============================================================================
Evaluate Gen  72
New Population 144
Better than Dads 18
Best Ind: ( 1x - ( ( ( ( ( 10y - 1x ) * 2y ) - ( 1x * 1y ) ) * 1y ) * ( ( 1x - ( 1x * 1y ) ) * ( 6y - ( 1x * 1y ) ) ) ) )
Fitness = 1.81885452916
Worst Ind: ( ( ( 1x * 1y ) * ( ( ( 10y - 3x ) * 2y ) - ( 1x * ( 10y - 1x ) ) ) ) * ( 10y - 1x ) )
Fitness = 6.32416549603
Avg Fitness = 5.42948128967
Duplicated = 9
============================================================================
Evaluate Gen  73
New Population 144
Better than Dads 12
Best Ind: ( 1x - ( ( ( ( ( 10y - 1x ) * 2y ) - ( 1x * 1y ) ) * 1y ) * ( ( 1x - ( 1x * 1y ) ) * ( 6y - ( 1x * 1y ) ) ) ) )
Fitness = 1.81885452916
Worst Ind: ( 1y - ( ( 1x - ( 1x * 1y ) ) * ( 1x - ( 1x * 1y ) ) ) )
Fitness = 6.25
Avg Fitness = 5.18790520959
Duplicated = 9
============================================================================
Evaluate Gen  74
New Population 149
Better than Dads 18
Best Ind: ( 1x - ( ( ( ( ( 10y - 1x ) * 2y ) - ( 1x * 1y ) ) * 1y ) * ( ( 1x - ( 1x * 1y ) ) * ( 6y - ( 1x * 1y ) ) ) ) )
Fitness = 1.81885452916
Worst Ind: ( 1x - ( ( 1x * 1y ) * ( 1x - ( 1x * 1y ) ) ) )
Fitness = 6.25
Avg Fitness = 4.84046567789
Duplicated = 7
============================================================================
Evaluate Gen  75
New Population 147
Better than Dads 18
Best Ind: ( 1x - ( ( ( ( ( 10y - 1x ) * 2y ) - ( 1x * 1y ) ) * 1y ) * ( ( 1x - ( 1x * 1y ) ) * ( 6y - ( 1x * 1y ) ) ) ) )
Fitness = 1.81885452916
Worst Ind: ( ( 1x * 1y ) * ( 1x * 1y ) )
Fitness = 6.25
Avg Fitness = 4.44957830629
Duplicated = 12
============================================================================
Evaluate Gen  76
New Population 145
Better than Dads 19
Best Ind: ( 1x - ( ( ( ( ( 10y - 1x ) * 2y ) - ( 1x * 1y ) ) * 1y ) * ( ( 1x - ( 1x * 1y ) ) * ( 6y - ( 1x * 1y ) ) ) ) )
Fitness = 1.81885452916
Worst Ind: ( ( ( 1x * ( 10y - 1x ) ) * ( ( 3x - ( 1x * 1y ) ) * 1y ) ) - ( ( ( 1x * ( 10y - 1x ) ) * 1y ) * 1y ) )
Fitness = 6.25
Avg Fitness = 3.87788503198
Duplicated = 11
============================================================================
Evaluate Gen  77
New Population 150
Better than Dads 20
Best Ind: ( ( ( ( 1x * ( 10y - 1x ) ) * 1y ) - ( ( ( 1x * ( 10y - 1x ) ) * 1y ) * ( 10y - ( ( 1x * 1y ) * 1x ) ) ) ) * ( 1x - ( 1x * 1y ) ) )
Fitness = 1.32635936726
Worst Ind: ( ( 10y - ( ( 1x * 1y ) * 1y ) ) * ( 1x - ( 1x * 1y ) ) )
Fitness = 4.24419871646
Avg Fitness = 3.5282988622
Duplicated = 12
============================================================================
Evaluate Gen  78
New Population 142
Better than Dads 18
Best Ind: ( ( ( ( 3x - ( 1x * 1y ) ) * 1y ) * ( ( 1x - ( 1x * 1y ) ) - ( ( 39.0 - 1y ) * ( 1x - ( 1x * 1y ) ) ) ) ) * ( 1y * ( 1x * ( 10y - 1x ) ) ) )
Fitness = 0.808405538482
Worst Ind: ( ( 1y - ( ( 39.0 - 1y ) * 1x ) ) - ( ( ( 81.0 - 3x ) - ( ( 1x * 1y ) * ( 1x * 1y ) ) ) * 1y ) )
Fitness = 4.24419871646
Avg Fitness = 3.35965722388
Duplicated = 8
============================================================================
Evaluate Gen  79
New Population 136
Better than Dads 17
Best Ind: ( ( ( 1x * ( ( 1x * 1y ) * ( 1x * 1y ) ) ) * ( 81.0 - 1y ) ) * ( ( ( 10y - ( 1x * 1y ) ) * 1y ) * ( ( 10y - 1x ) - ( ( 10y - 1x ) * ( 10y - 1x ) ) ) ) )
Fitness = 0.367456769353
Worst Ind: ( ( 6y - 1x ) * ( ( 6y - ( ( ( 1x * 1y ) * 1x ) - ( ( 39.0 - 1y ) * 1x ) ) ) * ( 1x * 1y ) ) )
Fitness = 4.24407320683
Avg Fitness = 3.21970722799
Duplicated = 9
============================================================================
Evaluate Gen  80
New Population 148
Better than Dads 25
Best Ind: ( ( ( 1x * ( ( 1x * 1y ) * ( 1x * 1y ) ) ) * ( 81.0 - 1y ) ) * ( ( ( 10y - ( 1x * 1y ) ) * 1y ) * ( ( 10y - 1x ) - ( ( 10y - 1x ) * ( 10y - 1x ) ) ) ) )
Fitness = 0.367456769353
Worst Ind: ( ( 1x - ( 1x * ( 1x * 1y ) ) ) * ( 6y - ( 1x * 1y ) ) )
Fitness = 4.24407320683
Avg Fitness = 2.97015769848
Duplicated = 8
============================================================================
Evaluate Gen  81
New Population 146
Better than Dads 18
Best Ind: ( ( ( 1x * ( ( 1x * 1y ) * ( 1x * 1y ) ) ) * ( 81.0 - 1y ) ) * ( ( ( 10y - ( 1x * 1y ) ) * 1y ) * ( ( 10y - 1x ) - ( ( 10y - 1x ) * ( 10y - 1x ) ) ) ) )
Fitness = 0.367456769353
Worst Ind: ( ( 81.0 - ( 1x * ( 39.0 - 1y ) ) ) * ( ( ( 10y - ( 2x - 1x ) ) - 1y ) * ( 1x * ( 10y - 1x ) ) ) )
Fitness = 4.24407320683
Avg Fitness = 2.60654299907
Duplicated = 11
============================================================================
Evaluate Gen  82
New Population 147
Better than Dads 23
Best Ind: ( ( ( 1x * ( ( 1x * 1y ) * ( 1x * 1y ) ) ) * ( 81.0 - 1y ) ) * ( ( ( 10y - ( 1x * 1y ) ) * 1y ) * ( ( 10y - 1x ) - ( ( 10y - 1x ) * ( 10y - 1x ) ) ) ) )
Fitness = 0.367456769353
Worst Ind: ( ( ( ( 10y - 1x ) * ( 10y - 1x ) ) - ( ( 1x * 1y ) * ( 1x * ( 10y - 1x ) ) ) ) * ( 1x - ( 1x * 1y ) ) )
Fitness = 3.125
Avg Fitness = 2.37160293127
Duplicated = 16
============================================================================
Evaluate Gen  83
New Population 142
Better than Dads 21
Best Ind: ( ( ( 1x * ( ( 1x * 1y ) * ( 1x * 1y ) ) ) * ( 81.0 - 1y ) ) * ( ( ( 10y - ( 1x * 1y ) ) * 1y ) * ( ( 10y - 1x ) - ( ( 10y - 1x ) * ( 10y - 1x ) ) ) ) )
Fitness = 0.367456769353
Worst Ind: ( ( ( 3x - ( 1x * 1y ) ) * ( 1x * 1y ) ) * ( 1x - ( ( 10y - 1x ) * ( 10y - 1x ) ) ) )
Fitness = 3.125
Avg Fitness = 2.19907147666
Duplicated = 12
============================================================================
Evaluate Gen  84
New Population 148
Better than Dads 21
Best Ind: ( ( ( 1x * ( ( 1x * 1y ) * ( 1x * 1y ) ) ) * ( 81.0 - 1y ) ) * ( ( ( 10y - ( 1x * 1y ) ) * 1y ) * ( ( 10y - 1x ) - ( ( 10y - 1x ) * ( 10y - 1x ) ) ) ) )
Fitness = 0.367456769353
Worst Ind: ( ( 1y - ( ( ( 1x * ( 10y - 1x ) ) * 1y ) * 1y ) ) * ( 1x - ( 1x * 1y ) ) )
Fitness = 2.65259068441
Avg Fitness = 2.00593440528
Duplicated = 15
============================================================================
Evaluate Gen  85
New Population 142
Better than Dads 19
Best Ind: ( ( ( ( 1x * ( ( 1x * 1y ) * ( 1x * 1y ) ) ) * ( 81.0 - 1y ) ) * ( 10y - 1x ) ) * ( 1y * ( ( 1x - ( ( 1x * 1y ) * 1y ) ) * ( 10y - 1x ) ) ) )
Fitness = 0.244140625
Worst Ind: ( ( 81.0 - 3x ) - ( ( ( 39.0 - ( 1x * 1y ) ) * ( 1x * 1y ) ) * ( 1x * 1y ) ) )
Fitness = 2.65259068441
Avg Fitness = 1.82721615954
Duplicated = 16
============================================================================
Evaluate Gen  86
New Population 147
Better than Dads 23
Best Ind: ( ( ( ( 1x * ( ( 1x * 1y ) * ( 1x * 1y ) ) ) * ( 81.0 - 1y ) ) * ( 10y - 1x ) ) * ( 1y * ( ( 1x - ( ( 1x * 1y ) * 1y ) ) * ( 10y - 1x ) ) ) )
Fitness = 0.244140625
Worst Ind: ( ( 1x * ( ( 1x * 1y ) * ( 1x * ( 10y - 1x ) ) ) ) * ( 1x * 1y ) )
Fitness = 2.42521867767
Avg Fitness = 1.61772485453
Duplicated = 16
============================================================================
Evaluate Gen  87
New Population 144
Better than Dads 24
Best Ind: ( ( ( ( 1x * ( ( 1x * 1y ) * ( 1x * 1y ) ) ) * ( 81.0 - 1y ) ) * ( 10y - 1x ) ) * ( 1y * ( ( 1x - ( ( 1x * 1y ) * 1y ) ) * ( 10y - 1x ) ) ) )
Fitness = 0.244140625
Worst Ind: ( ( ( 1x * 2y ) - ( 1x - ( 1x * 1y ) ) ) * ( ( ( 39.0 - 1y ) - ( ( 39.0 - 1y ) * ( 1x * ( 10y - 1x ) ) ) ) * ( 1x * 1y ) ) )
Fitness = 1.81898104889
Avg Fitness = 1.48928921275
Duplicated = 17
============================================================================
Evaluate Gen  88
New Population 145
Better than Dads 18
Best Ind: ( ( ( ( 1x * ( ( 1x * 1y ) * ( 1x * 1y ) ) ) * ( 81.0 - 1y ) ) * ( 10y - 1x ) ) * ( 1y * ( ( 1x - ( ( 1x * 1y ) * 1y ) ) * ( 10y - 1x ) ) ) )
Fitness = 0.244140625
Worst Ind: ( ( 1x * ( ( 10y - ( ( 10y - 1x ) * ( 81.0 - 1y ) ) ) * ( 1x * 1y ) ) ) * ( 1x * 1y ) )
Fitness = 1.81898104889
Avg Fitness = 1.43258418263
Duplicated = 18
============================================================================
Evaluate Gen  89
New Population 140
Better than Dads 21
Best Ind: ( ( ( 8y - ( 1x - ( 1x * 1y ) ) ) * ( ( 1x * 1y ) * 1x ) ) * ( 1x * ( ( ( 1x * 1y ) * 1x ) * ( ( 10y - ( 1x * 1y ) ) * ( 6y - ( 1x * 1y ) ) ) ) ) )
Fitness = 0.197861083072
Worst Ind: ( ( ( 1x * 1y ) * ( 1x * 1y ) ) * ( ( ( 10y - ( 2x - 1x ) ) - 1y ) * ( 1x * ( 10y - 1x ) ) ) )
Fitness = 1.81898104889
Avg Fitness = 1.33536115228
Duplicated = 15
============================================================================
Evaluate Gen  90
New Population 149
Better than Dads 20
Best Ind: ( ( ( ( 1x * 1y ) * ( 1x * 1y ) ) * ( ( ( ( 1x * 1y ) * ( 1x * 1y ) ) * ( 1x * ( 1x - 1x ) ) ) * ( 10y - 1x ) ) ) * ( ( 6y - ( 8y - ( ( 39.0 - 1y ) * 1x ) ) ) * ( ( 10y - 1x ) * ( ( 8y - 3x ) - ( ( 10y - 1x ) * ( 81.0 - 1y ) ) ) ) ) )
Fitness = 0.0686645507813
Worst Ind: ( ( ( ( ( 1x * ( 10y - 1x ) ) * 1y ) - ( 1x * ( 1x * 1y ) ) ) * ( 6y - ( 1x * 1y ) ) ) - ( ( 10y - ( ( ( 1x * 1y ) * 1y ) * ( 1x * 1y ) ) ) * ( 1x - ( 1x * 1y ) ) ) )
Fitness = 1.81885452916
Avg Fitness = 1.13442558072
Duplicated = 14
============================================================================
Evaluate Gen  91
New Population 147
Better than Dads 20
Best Ind: ( ( ( ( 1x * 1y ) * ( 1x * 1y ) ) * ( ( ( ( 1x * 1y ) * ( 1x * 1y ) ) * ( 1x * ( 1x - 1x ) ) ) * ( 10y - 1x ) ) ) * ( ( 6y - ( 8y - ( ( 39.0 - 1y ) * 1x ) ) ) * ( ( 10y - 1x ) * ( ( 8y - 3x ) - ( ( 10y - 1x ) * ( 81.0 - 1y ) ) ) ) ) )
Fitness = 0.0686645507813
Worst Ind: ( ( ( 1x * 2y ) - ( 1x * ( 1x * 1y ) ) ) * ( ( ( ( 3x - ( 1x * 1y ) ) - ( 2x - 1x ) ) - ( ( 39.0 - 1y ) * ( 1x * ( 10y - 1x ) ) ) ) * ( 1x * 1y ) ) )
Fitness = 1.32635936726
Avg Fitness = 0.974667776382
Duplicated = 14
============================================================================
Evaluate Gen  92
New Population 144
Better than Dads 22
Best Ind: ( ( ( ( 1x * 1y ) * ( 1x * 1y ) ) * ( ( ( ( 1x * 1y ) * ( 1x * 1y ) ) * ( 1x * ( 1x - 1x ) ) ) * ( 10y - 1x ) ) ) * ( ( 6y - ( 8y - ( ( 39.0 - 1y ) * 1x ) ) ) * ( ( 10y - 1x ) * ( ( 8y - 3x ) - ( ( 10y - 1x ) * ( 81.0 - 1y ) ) ) ) ) )
Fitness = 0.0686645507813
Worst Ind: ( ( ( 1x * ( 10y - 1x ) ) - ( ( ( 1x * ( 10y - 1x ) ) * 1y ) * 1y ) ) * ( ( 1x * 1y ) * ( 1x * ( 10y - 1x ) ) ) )
Fitness = 1.32635936726
Avg Fitness = 0.877031298811
Duplicated = 15
============================================================================
Evaluate Gen  93
New Population 149
Better than Dads 24
Best Ind: ( ( ( ( 1x * 1y ) * ( 1x * 1y ) ) * ( ( ( ( 1x * 1y ) * ( 1x * 1y ) ) * ( 1x * ( 1x - 1x ) ) ) * ( 10y - 1x ) ) ) * ( ( 6y - ( 8y - ( ( 39.0 - 1y ) * 1x ) ) ) * ( ( 10y - 1x ) * ( ( 8y - 3x ) - ( ( 10y - 1x ) * ( 81.0 - 1y ) ) ) ) ) )
Fitness = 0.0686645507813
Worst Ind: ( ( 1x * ( 1x - ( 1x * 1y ) ) ) * ( 1y * ( ( 1x - ( ( 1x * 1y ) * 1y ) ) * ( 10y - 1x ) ) ) )
Fitness = 1.171875
Avg Fitness = 0.770526800876
Duplicated = 13
============================================================================
Evaluate Gen  94
New Population 143
Better than Dads 22
Best Ind: ( ( ( ( 1x * 1y ) * ( 1x * 1y ) ) * ( ( ( ( 1x * 1y ) * ( 1x * 1y ) ) * ( 1x * ( 1x - 1x ) ) ) * ( 10y - 1x ) ) ) * ( ( 6y - ( 8y - ( ( 39.0 - 1y ) * 1x ) ) ) * ( ( 10y - 1x ) * ( ( 8y - 3x ) - ( ( 10y - 1x ) * ( 81.0 - 1y ) ) ) ) ) )
Fitness = 0.0686645507813
Worst Ind: ( ( ( ( 1x * 1y ) * ( 1x * 1y ) ) * ( 1x * 1y ) ) * ( 1x * 1y ) )
Fitness = 1.171875
Avg Fitness = 0.677493598881
Duplicated = 11
============================================================================
Evaluate Gen  95
New Population 136
Better than Dads 23
Best Ind: ( ( ( ( 1x * 1y ) * ( 1x * 1y ) ) * ( ( ( ( 1x * 1y ) * ( 1x * 1y ) ) * ( 1x * ( 1x - 1x ) ) ) * ( 10y - 1x ) ) ) * ( ( 6y - ( 8y - ( ( 39.0 - 1y ) * 1x ) ) ) * ( ( 10y - 1x ) * ( ( 8y - 3x ) - ( ( 10y - 1x ) * ( 81.0 - 1y ) ) ) ) ) )
Fitness = 0.0686645507813
Worst Ind: ( ( 1x * ( 1x * 1y ) ) * ( ( ( 39.0 - ( 1x * 1y ) ) * ( 1x * 1y ) ) * ( 1x * ( 10y - 1x ) ) ) )
Fitness = 1.01057551041
Avg Fitness = 0.615946853121
Duplicated = 12
============================================================================
Evaluate Gen  96
New Population 145
Better than Dads 26
Best Ind: ( ( ( ( 1x * 1y ) * ( 1x * 1y ) ) * ( ( ( ( 1x * 1y ) * ( 1x * 1y ) ) * ( 1x * ( 1x - 1x ) ) ) * ( 10y - 1x ) ) ) * ( ( 6y - ( 8y - ( ( 39.0 - 1y ) * 1x ) ) ) * ( ( 10y - 1x ) * ( ( 8y - 3x ) - ( ( 10y - 1x ) * ( 81.0 - 1y ) ) ) ) ) )
Fitness = 0.0686645507813
Worst Ind: ( ( 10y - ( ( 39.0 - ( ( 1y * 1x ) * ( 1x * 1y ) ) ) * ( 1x - ( 1x * 1y ) ) ) ) * ( ( ( 1x - ( 1x * 1y ) ) * ( 2x - ( 1x - ( 1x * 1y ) ) ) ) - ( ( 39.0 - 1y ) * ( 1x - ( 1x * 1y ) ) ) ) )
Fitness = 0.808405538482
Avg Fitness = 0.53630038661
Duplicated = 13
============================================================================
Evaluate Gen  97
New Population 139
Better than Dads 23
Best Ind: ( ( ( ( 1x * 1y ) * ( 1x * 1y ) ) * ( ( ( ( 1x * 1y ) * ( 1x * 1y ) ) * ( 1x * ( 1x - 1x ) ) ) * ( 10y - 1x ) ) ) * ( ( 6y - ( 8y - ( ( 39.0 - 1y ) * 1x ) ) ) * ( ( 10y - 1x ) * ( ( 8y - 3x ) - ( ( 10y - 1x ) * ( 81.0 - 1y ) ) ) ) ) )
Fitness = 0.0686645507813
Worst Ind: ( ( ( ( ( 1x * 1y ) * ( 10y - 1x ) ) * ( 1x * ( 10y - 1x ) ) ) * ( 1x * ( 10y - 1x ) ) ) * ( ( ( 1x - ( 1x * 1y ) ) * ( 2x - ( 1x - ( 1x * 1y ) ) ) ) - ( ( 39.0 - 1y ) * ( 1x - ( 1x * 1y ) ) ) ) )
Fitness = 0.795842906045
Avg Fitness = 0.4787055629
Duplicated = 9
============================================================================
Evaluate Gen  98
New Population 141
Better than Dads 27
Best Ind: ( ( ( ( 1x * 1y ) * ( 1x * 1y ) ) * ( ( ( ( 1x * 1y ) * ( 1x * 1y ) ) * ( 1x * ( 1x - 1x ) ) ) * ( 10y - 1x ) ) ) * ( ( 6y - ( 8y - ( ( 39.0 - 1y ) * 1x ) ) ) * ( ( 10y - 1x ) * ( ( 8y - 3x ) - ( ( 10y - 1x ) * ( 81.0 - 1y ) ) ) ) ) )
Fitness = 0.0686645507813
Worst Ind: ( ( ( 1x * ( 1x - ( 1x * 1y ) ) ) * 1x ) * ( ( 1x * 1y ) * ( ( 10y - ( ( 10y - 1x ) * ( 81.0 - 1y ) ) ) * ( 1x * 1y ) ) ) )
Fitness = 0.5859375
Avg Fitness = 0.430213761817
Duplicated = 10
============================================================================
Evaluate Gen  99
New Population 142
Better than Dads 27
Best Ind: ( ( ( ( ( 1x * 1y ) * ( 1x * 1y ) ) * 1x ) * ( 1x * ( 10y - 1x ) ) ) * ( ( ( 10y - ( ( 1y * 1y ) * ( 1x * 1y ) ) ) * ( 1x - ( 1x * 1y ) ) ) * ( ( 1x - ( ( 1x * 1y ) * 1y ) ) * ( 1x * 1y ) ) ) )
Fitness = 0.0252626893792
Worst Ind: ( ( ( ( 1y * 1y ) * ( 1x * ( 10y - 1x ) ) ) * ( 1x * ( 10y - 1x ) ) ) * ( 1y * ( ( ( 10y - ( 2x - 1x ) ) - 1y ) * ( 1x * ( 10y - 1x ) ) ) ) )
Fitness = 0.5859375
Avg Fitness = 0.40094511132
Duplicated = 9
============================================================================
Evaluate Gen  100
New Population 143
Better than Dads 25
Best Ind: ( ( ( ( ( 1x * 1y ) * ( 1x * 1y ) ) * 1x ) * ( 1x * ( 10y - 1x ) ) ) * ( ( ( 10y - ( ( 1y * 1y ) * ( 1x * 1y ) ) ) * ( 1x - ( 1x * 1y ) ) ) * ( ( 1x - ( ( 1x * 1y ) * 1y ) ) * ( 1x * 1y ) ) ) )
Fitness = 0.0252626893792
Worst Ind: ( ( ( 10y - ( ( 1y * 1y ) * 1x ) ) * ( 1x - ( 1x * 1y ) ) ) * ( ( 1x - ( ( 1x * 1y ) * 1y ) ) * ( 1x * 1y ) ) )
Fitness = 0.5859375
Avg Fitness = 0.359116938755
Duplicated = 9
