dataset_file= dataset/SR_circle.txt
population= 500
generations= 50
tournament_size= 5
cross_over= 0.9
mutation= 0.05
elitism= True
(50, 2)
============================================================================
Build initial population
ind: 1
( ( ( ( ( ( 1x - 8x ) + ( 70.0 + 2y ) ) - ( 85.0 - ( 10x - 1.0 ) ) ) * 2.0 ) + ( ( ( 8y + 7x ) * 33.0 ) * ( 5y + 29.0 ) ) ) * 95.0 )
ind: 2
( 9y - 9x )
ind: 3
( 100.0 - ( ( ( 23.0 * ( ( 1.0 + 81.0 ) + ( 1.0 - 47.0 ) ) ) - ( 16.0 + 65.0 ) ) + ( 1y * 8x ) ) )
ind: 4
( 9y + ( ( ( 8x * 2y ) - 21.0 ) + ( 42.0 - 5y ) ) )
ind: 5
( 8x - ( 6x * ( ( ( ( 2y - 4x ) * 93.0 ) - 32.0 ) - ( ( ( 10.0 * 37.0 ) - 49.0 ) - 5y ) ) ) )
ind: 6
( ( 79.0 * ( ( 2y - ( ( 30.0 + 74.0 ) - 3y ) ) + ( 4x + ( ( 1x + 42.0 ) - ( 55.0 * 7y ) ) ) ) ) + 7x )
ind: 7
( ( 14.0 - ( 9x - 7y ) ) - 71.0 )
ind: 8
( ( 24.0 * ( 74.0 + ( 22.0 - 63.0 ) ) ) * ( 2x - 3y ) )
ind: 9
( ( ( 90.0 - ( ( ( 58.0 + 8y ) + 99.0 ) * 67.0 ) ) * ( ( 4x + 39.0 ) + 93.0 ) ) - 9y )
ind: 10
( 21.0 - ( 34.0 + ( ( 8x - 60.0 ) + ( 4x + ( ( 64.0 + 8x ) + ( 2x - 6y ) ) ) ) ) )
ind: 11
( ( ( 76.0 - 6.0 ) + 4.0 ) * ( ( 9y - ( ( 3.0 + ( 58.0 * 4.0 ) ) - ( ( 3x + 1y ) - 70.0 ) ) ) + ( ( ( 8x * 4x ) + 7y ) + 10y ) ) )
ind: 12
( ( 25.0 + 93.0 ) + ( ( ( 1y * ( ( 84.0 + 79.0 ) + 1y ) ) - ( 65.0 + 87.0 ) ) - ( ( ( 85.0 * 5x ) - ( ( 1y * 25.0 ) * 69.0 ) ) + 6y ) ) )
ind: 13
( ( ( ( ( 10x - 12.0 ) + ( 80.0 * 21.0 ) ) * ( ( 2x * 8y ) + ( 9y - 12.0 ) ) ) * ( 18.0 * 6x ) ) + ( ( 1x + 6.0 ) * ( 10y - 10x ) ) )
ind: 14
( 5y * 4x )
ind: 15
( ( ( ( ( ( 10x + 92.0 ) - ( 74.0 + 15.0 ) ) * 79.0 ) * 19.0 ) + 3y ) * ( 15.0 + 2x ) )
ind: 16
( ( ( 6y + 1y ) + 1x ) + 3x )
ind: 17
( ( 4x - ( ( ( 9.0 - ( 10y + 46.0 ) ) * ( ( 9y - 83.0 ) - ( 5.0 + 61.0 ) ) ) * 34.0 ) ) + ( 5y * 10y ) )
ind: 18
( ( ( ( ( 7x + 1x ) + ( ( 5y + 43.0 ) + 85.0 ) ) - ( 8x + 5x ) ) - ( ( ( 34.0 - 1y ) + ( 7y + 1y ) ) - 7y ) ) * 8.0 )
ind: 19
( ( 64.0 * ( ( 6y - ( 63.0 * 7x ) ) * 74.0 ) ) + ( 34.0 - ( 2y * ( ( ( 7x - 22.0 ) - ( 7y - 1y ) ) + 6y ) ) ) )
ind: 20
( 1x * ( 59.0 - ( ( ( ( 5y + 92.0 ) * ( 1y * 2y ) ) - ( 4y + ( 5y + 7x ) ) ) - ( ( ( 75.0 - 74.0 ) + ( 8y - 5.0 ) ) * ( ( 8y * 2x ) - ( 9.0 + 26.0 ) ) ) ) ) )
ind: 21
( 9x * ( ( 12.0 + ( ( ( 4.0 - 4y ) * ( 42.0 - 62.0 ) ) - 7y ) ) - 73.0 ) )
ind: 22
( ( ( ( ( ( 3y - 1y ) - 78.0 ) + ( 18.0 - 75.0 ) ) * ( 8x - ( ( 18.0 * 9y ) - ( 52.0 + 73.0 ) ) ) ) + ( ( ( 75.0 + 60.0 ) + ( ( 32.0 - 1x ) * ( 91.0 - 6y ) ) ) * 29.0 ) ) - 4x )
ind: 23
( 3x + ( ( ( ( 39.0 + 23.0 ) * ( ( 5x + 7y ) + ( 3y - 48.0 ) ) ) - ( ( ( 4x * 7x ) + ( 7y - 6y ) ) * ( ( 6y - 26.0 ) * 9x ) ) ) + 8y ) )
ind: 24
( ( ( 24.0 * ( 17.0 + ( 5x - 32.0 ) ) ) + ( 8x * ( 44.0 + 30.0 ) ) ) * 9y )
ind: 25
( 6x + 6y )
ind: 26
( ( 1y * ( ( ( 10y * ( 63.0 * 75.0 ) ) * 67.0 ) * 8x ) ) - ( 5.0 - 9x ) )
ind: 27
( 7x + ( ( ( 1x - 5x ) * ( ( ( 7x - 95.0 ) * 54.0 ) + 1y ) ) - ( 1y - 7y ) ) )
ind: 28
( ( ( ( 3y * ( 7x * 96.0 ) ) + ( 56.0 - 9x ) ) - ( 10x - 1y ) ) + 4y )
ind: 29
( 2.0 * ( ( 92.0 - 40.0 ) + ( 5y - ( 7x - ( ( 8y - 5y ) - 4y ) ) ) ) )
ind: 30
( ( 4.0 + ( 4x + ( ( 3y * ( 45.0 * 14.0 ) ) * 70.0 ) ) ) * 9y )
ind: 31
( ( 4x + 10.0 ) * ( 4y + 58.0 ) )
ind: 32
( ( 37.0 * ( 6y + 4y ) ) - ( ( 4y - 3x ) + 7y ) )
ind: 33
( ( 94.0 - 57.0 ) * ( ( 4x - ( ( ( 2y * 5y ) - ( 9x - 57.0 ) ) + 11.0 ) ) - 31.0 ) )
ind: 34
( 2x - ( ( ( ( 2x - ( 41.0 + 9x ) ) - ( 67.0 - 66.0 ) ) * 7x ) * ( ( ( 1x + 7x ) + 28.0 ) * ( ( 10y * 34.0 ) - ( 10x * 53.0 ) ) ) ) )
ind: 35
( 8.0 - ( ( ( 55.0 - 13.0 ) - ( ( 6y - ( 4x - 7y ) ) - ( 5x - ( 2y * 8x ) ) ) ) - 1y ) )
ind: 36
( ( ( ( ( 91.0 - 41.0 ) * ( ( 42.0 * 13.0 ) - 7y ) ) + ( 10y - ( ( 6x * 87.0 ) * ( 10y * 5y ) ) ) ) - ( ( 85.0 - ( ( 59.0 + 41.0 ) - ( 2y + 7y ) ) ) * ( 79.0 + ( ( 79.0 + 88.0 ) + 2y ) ) ) ) + ( ( ( ( ( 1x * 2x ) - 3y ) + ( ( 58.0 + 2y ) + ( 6x - 8x ) ) ) - ( 9y - 9.0 ) ) - 57.0 ) )
ind: 37
( 3y * ( ( ( 23.0 * ( ( 61.0 - 9x ) + ( 61.0 - 2y ) ) ) - 6x ) + ( ( 9y + 47.0 ) + 4x ) ) )
ind: 38
( ( ( ( 2y - 4y ) * ( 90.0 * 52.0 ) ) * 78.0 ) + 7x )
ind: 39
( ( 4x + ( 51.0 - ( ( 6y - ( 9x + 8x ) ) + 74.0 ) ) ) - 1.0 )
ind: 40
( ( ( 4x + ( 49.0 - ( ( 5y + 1y ) * 63.0 ) ) ) + ( 10y - 10x ) ) * 6y )
ind: 41
( ( ( ( ( ( 8y * 9y ) + ( 45.0 - 2x ) ) * 50.0 ) + ( 67.0 * 9x ) ) * 10x ) + 47.0 )
ind: 42
( 10x + 10y )
ind: 43
( 67.0 * ( ( ( 62.0 * ( 2x * 41.0 ) ) * ( 6x + ( 9y * 11.0 ) ) ) - ( 4.0 - 88.0 ) ) )
ind: 44
( ( 1x + 70.0 ) + 1y )
ind: 45
( ( ( ( 37.0 + 96.0 ) * ( ( 97.0 - ( 50.0 - 1y ) ) * 7x ) ) - 6y ) + 79.0 )
ind: 46
( ( ( ( 6x - 57.0 ) * 57.0 ) * 95.0 ) * ( ( 8x - 14.0 ) - ( 93.0 - ( 9y - 64.0 ) ) ) )
ind: 47
( ( 3x + 55.0 ) - ( ( ( 37.0 * 59.0 ) + 8.0 ) + ( 9y * ( 6y + 3y ) ) ) )
ind: 48
( ( 4x - 6x ) - ( 92.0 - ( ( 4y * ( ( 2x * 41.0 ) - ( 99.0 - 10x ) ) ) + 3x ) ) )
ind: 49
( 9y - 1x )
ind: 50
( ( 58.0 + 7x ) - 3y )
ind: 51
( 3x * 1y )
ind: 52
( ( 3x - 7y ) + 6x )
ind: 53
( ( ( 33.0 + 98.0 ) + ( ( 53.0 * 72.0 ) + 3y ) ) * 3x )
ind: 54
( 4y + ( 8x * 40.0 ) )
ind: 55
( ( 10y - ( 86.0 * 4x ) ) - 64.0 )
ind: 56
( ( 58.0 - 9x ) * ( ( 14.0 - 3y ) + 83.0 ) )
ind: 57
( ( ( 86.0 - 7y ) - 5y ) - 4x )
ind: 58
( ( 10y + 25.0 ) + ( 76.0 * ( ( 99.0 + ( ( 79.0 * 4x ) + 12.0 ) ) - ( ( ( 3x - 4x ) * ( 73.0 * 59.0 ) ) * 73.0 ) ) ) )
ind: 59
( ( ( 39.0 - ( ( ( 1x * 72.0 ) + ( 1y - 3x ) ) - 83.0 ) ) - 43.0 ) + ( 45.0 + ( 72.0 - ( 46.0 - 6y ) ) ) )
ind: 60
( ( 38.0 - ( 10x + 74.0 ) ) * 6y )
ind: 61
( ( ( ( ( ( 77.0 * 1y ) * ( 2y * 89.0 ) ) + 2x ) + 91.0 ) - ( 3x * ( ( ( 50.0 * 8y ) + ( 7y * 5y ) ) + ( ( 6x + 53.0 ) + ( 8y * 44.0 ) ) ) ) ) + 7y )
ind: 62
( 5y - 10x )
ind: 63
( 18.0 - ( ( ( 42.0 - ( ( 10y * 17.0 ) + 58.0 ) ) * 15.0 ) + ( ( ( ( 86.0 * 1x ) - ( 6y + 5x ) ) * 2x ) * 49.0 ) ) )
ind: 64
( ( 100.0 * ( 10x - ( ( ( 7x - 8x ) - ( 15.0 - 99.0 ) ) * 3y ) ) ) - 2y )
ind: 65
( 6x * ( 18.0 * ( 60.0 * ( ( ( 91.0 - 72.0 ) - 58.0 ) * 9y ) ) ) )
ind: 66
( 4x - ( 4y * ( ( 1y * ( 23.0 + 52.0 ) ) * ( ( ( 2y * 4y ) + 83.0 ) + 65.0 ) ) ) )
ind: 67
( ( ( 8y * ( ( ( 2x * 44.0 ) - 26.0 ) - ( 6y - 55.0 ) ) ) * ( ( ( 20.0 + ( 7y - 8y ) ) + ( ( 2x * 70.0 ) + 5.0 ) ) * 43.0 ) ) - ( 73.0 - ( ( 7x * ( ( 6y * 5x ) + 70.0 ) ) * 62.0 ) ) )
ind: 68
( 9x - ( ( ( ( 65.0 - ( 5y - 6x ) ) * 8x ) * 68.0 ) - ( 81.0 * 51.0 ) ) )
ind: 69
( ( 3y + ( ( ( ( 26.0 - 3y ) + 59.0 ) - 20.0 ) * ( 49.0 + 1y ) ) ) * ( ( ( ( 19.0 - 6y ) * ( 5y * 3x ) ) - ( 16.0 + ( 1x - ( 24.0 * 17.0 ) ) ) ) - ( 3y * ( ( ( 8y * 4x ) - 73.0 ) + 10.0 ) ) ) )
ind: 70
( ( ( ( ( 11.0 * ( 51.0 + 76.0 ) ) - ( 40.0 + ( 1y * 73.0 ) ) ) - ( ( ( 9x + 6y ) + 9x ) - ( ( 38.0 + 33.0 ) * 69.0 ) ) ) + ( ( 14.0 * ( 87.0 - 4y ) ) - 12.0 ) ) - ( 68.0 * ( ( ( ( 3.0 - 75.0 ) * 9y ) * ( 9x * 72.0 ) ) - 5x ) ) )
ind: 71
( 1x - 8y )
ind: 72
( ( 10y * 10y ) * ( 1x + 29.0 ) )
ind: 73
( ( ( ( ( 43.0 - 99.0 ) + ( 10x - ( 59.0 + 89.0 ) ) ) * ( 88.0 + 4y ) ) - 48.0 ) * ( 7.0 * 4x ) )
ind: 74
( ( 4x + 8x ) * ( ( ( ( 62.0 - 7y ) + 3y ) - 10x ) * 63.0 ) )
ind: 75
( ( 7x * 1.0 ) - ( 10x + ( ( 33.0 + 8y ) + 8y ) ) )
ind: 76
( 7x - ( ( 6y + 1x ) - ( 74.0 * 2y ) ) )
ind: 77
( ( ( 29.0 + 7y ) * ( 100.0 * ( 4y - ( ( 68.0 + 40.0 ) - 2y ) ) ) ) - ( 5x * ( ( 8x - 5x ) + ( 7y + 4y ) ) ) )
ind: 78
( ( 3y * ( ( ( 93.0 * 23.0 ) * 6y ) + 3x ) ) - ( ( 92.0 * 92.0 ) * 3.0 ) )
ind: 79
( 55.0 + ( ( ( 7x - 9y ) * ( ( 34.0 + ( 10y * 69.0 ) ) + ( 8.0 * 2x ) ) ) * 8.0 ) )
ind: 80
( ( ( 41.0 * 1x ) + ( ( 5.0 * ( ( 84.0 - 8y ) - 6y ) ) - ( 34.0 - ( 2x * ( 35.0 + 96.0 ) ) ) ) ) - 1y )
ind: 81
( 10y - ( 3x * 2x ) )
ind: 82
( ( ( 45.0 + ( ( ( 1.0 - 85.0 ) + ( 53.0 * 18.0 ) ) + ( ( 4x - 82.0 ) - 10.0 ) ) ) - 5y ) * ( 24.0 - ( ( 2x - 82.0 ) - 10.0 ) ) )
ind: 83
( 3y * 8x )
ind: 84
( ( 4x - 68.0 ) - ( ( ( 8.0 * ( ( 71.0 * 12.0 ) * ( 4y * 7.0 ) ) ) + ( 21.0 + 3y ) ) * ( 42.0 + ( 2.0 - ( 5x + 12.0 ) ) ) ) )
ind: 85
( ( ( 3y - ( ( 41.0 - 7y ) + ( ( 17.0 - 4y ) + 3y ) ) ) - ( ( 4y + 18.0 ) + ( ( ( 54.0 - 29.0 ) + 6y ) + ( ( 45.0 + 10y ) + 8x ) ) ) ) - ( ( 1x - ( ( 78.0 - 82.0 ) + ( 2x * 8y ) ) ) - 5y ) )
ind: 86
( ( 67.0 * 10y ) * 4x )
ind: 87
( ( ( ( 5x * 8y ) + 2y ) - ( ( 92.0 + ( ( 58.0 - 30.0 ) * 2x ) ) + 2x ) ) + 93.0 )
ind: 88
( ( ( ( 2x - ( 4x * ( 1y * 95.0 ) ) ) * 49.0 ) - ( ( ( 66.0 * 42.0 ) - ( 1.0 - ( 27.0 * 8x ) ) ) * ( ( ( 72.0 - 7y ) * 36.0 ) - 10y ) ) ) - 79.0 )
ind: 89
( ( 5x + 52.0 ) + 8y )
ind: 90
( 6x + 9y )
ind: 91
( ( 4.0 - ( ( ( ( 2.0 * 1x ) + ( 6y - 82.0 ) ) - 9x ) - ( 21.0 - ( ( 7y * 60.0 ) - 53.0 ) ) ) ) + ( 3x + ( 4y * ( 15.0 * ( ( 42.0 - 3y ) - 12.0 ) ) ) ) )
ind: 92
( ( ( 80.0 - 4x ) - 5x ) + ( ( 6y * 47.0 ) - 7x ) )
ind: 93
( ( ( ( 91.0 * ( ( 78.0 - 73.0 ) - 7x ) ) * 3y ) * ( ( ( ( 80.0 - 7x ) + ( 56.0 + 3y ) ) * ( 4x - 88.0 ) ) + ( 8.0 - 68.0 ) ) ) + ( 58.0 + ( ( ( ( 8y * 79.0 ) + ( 2x * 37.0 ) ) * ( 23.0 - ( 7y * 20.0 ) ) ) * ( 4x + 2y ) ) ) )
ind: 94
( 99.0 * ( ( ( ( ( 10y + 2y ) + 3x ) * 48.0 ) + 5y ) * 21.0 ) )
ind: 95
( ( ( 9y + ( ( ( 7x * 96.0 ) + 9x ) * ( ( 26.0 * 7x ) * ( 90.0 - 4.0 ) ) ) ) * 42.0 ) - 84.0 )
ind: 96
( ( 2.0 + 10x ) - ( 2y * 4x ) )
ind: 97
( ( 66.0 + 56.0 ) + ( 2y - ( 1y - ( 9.0 + ( 76.0 * ( 7x * 3y ) ) ) ) ) )
ind: 98
( 5y - ( 57.0 - ( ( 7x * ( 28.0 + ( 84.0 + 1y ) ) ) * 12.0 ) ) )
ind: 99
( ( 10x * ( 1y - 7.0 ) ) + 43.0 )
ind: 100
( ( ( ( ( ( 88.0 * 2y ) - ( 3x * 7x ) ) + ( ( 2y - 41.0 ) * 77.0 ) ) + 92.0 ) - 10y ) * ( ( 31.0 * 94.0 ) + ( 3y + ( 3y - 74.0 ) ) ) )
ind: 101
( 4x + ( ( ( ( 56.0 * ( 38.0 + 82.0 ) ) * 84.0 ) - ( 8y + ( 2y - 9x ) ) ) + 30.0 ) )
ind: 102
( ( ( 3x + 3x ) + ( ( ( 4y + ( 11.0 - 90.0 ) ) + 46.0 ) * 35.0 ) ) - 6y )
ind: 103
( ( 4x * ( 9y + ( ( ( 5y * 7x ) + ( 99.0 * 4y ) ) * ( ( 54.0 * 4x ) - 98.0 ) ) ) ) * 9x )
ind: 104
( 7y + ( ( 91.0 - 7y ) + 9x ) )
ind: 105
( 3y * ( ( ( ( 2x - 8x ) + ( ( 2y - 18.0 ) - 3x ) ) + 3x ) * ( 86.0 - 96.0 ) ) )
ind: 106
( ( 8y * ( 52.0 + ( 6y - 9y ) ) ) - ( ( ( ( ( 58.0 * 8y ) - 86.0 ) * 10x ) * 10.0 ) * ( 75.0 * ( 9y + 4x ) ) ) )
ind: 107
( 51.0 + ( 7x + ( 47.0 * ( ( 4x + 2y ) - ( ( 100.0 * 53.0 ) * ( 1y + 32.0 ) ) ) ) ) )
ind: 108
( ( ( ( ( 1x + 7x ) - 96.0 ) + 5y ) - 10.0 ) * 55.0 )
ind: 109
( ( ( 2y + 7y ) + ( ( ( ( 65.0 + 3x ) * 6y ) + 33.0 ) + 33.0 ) ) + ( ( ( ( ( 56.0 - 5y ) - 11.0 ) - 4x ) - 1y ) + ( ( ( 1y * 55.0 ) - ( 75.0 - ( 9.0 + 92.0 ) ) ) - ( ( ( 39.0 * 7y ) - 2x ) + ( 1x - 97.0 ) ) ) ) )
ind: 110
( ( ( 4y - 80.0 ) - ( 21.0 * ( 4y + 3x ) ) ) * ( 4y * 19.0 ) )
ind: 111
( ( 95.0 * ( 17.0 + ( ( ( 32.0 * 4y ) - ( 40.0 - 22.0 ) ) + ( ( 64.0 - 10x ) + ( 2y * 7x ) ) ) ) ) * 75.0 )
ind: 112
( 78.0 - ( ( 76.0 + ( ( ( 17.0 + 3y ) - ( 8x * 3x ) ) + ( 6y * ( 6y * 27.0 ) ) ) ) - 85.0 ) )
ind: 113
( ( ( 68.0 - 3.0 ) + ( ( 7x - ( 19.0 - 6y ) ) - 30.0 ) ) - ( ( 2y + ( 87.0 + ( 3y - ( 33.0 - 5y ) ) ) ) - 9x ) )
ind: 114
( ( ( 2y + ( ( 10x + 62.0 ) + ( ( 3x * 27.0 ) + ( 12.0 * 53.0 ) ) ) ) + ( ( ( 9x * ( 7.0 - 96.0 ) ) - 3x ) + ( ( 45.0 + 10y ) + 7y ) ) ) + ( ( ( ( 10x + ( 38.0 * 9y ) ) + 68.0 ) + ( ( 22.0 + ( 88.0 - 7x ) ) * ( 48.0 - 31.0 ) ) ) + ( 39.0 + ( ( ( 10.0 * 6y ) + 37.0 ) + ( ( 41.0 * 49.0 ) - 33.0 ) ) ) ) )
ind: 115
( 1x - ( 10y * 3x ) )
ind: 116
( 3x + ( 7y + 49.0 ) )
ind: 117
( ( ( ( 89.0 * 7x ) + 6y ) * 34.0 ) * ( ( 93.0 * 92.0 ) + ( ( 6y + 73.0 ) + 8x ) ) )
ind: 118
( 28.0 - ( ( ( ( 12.0 - 74.0 ) - ( ( 10x * 10y ) + 2x ) ) + 8.0 ) + ( 2y + 9x ) ) )
ind: 119
( ( ( ( 10.0 + ( 6y + 34.0 ) ) * ( 9y + 15.0 ) ) - ( ( ( ( 51.0 * 48.0 ) + ( 27.0 * 6x ) ) + ( 1y - 3y ) ) - ( 25.0 * 2.0 ) ) ) * ( 21.0 + 39.0 ) )
ind: 120
( ( 29.0 - ( ( ( 52.0 - 6y ) - ( 2x - 7x ) ) - 6y ) ) + 5x )
ind: 121
( ( ( 4x + 54.0 ) * 1x ) + ( 2y + 71.0 ) )
ind: 122
( ( ( ( ( 59.0 - 32.0 ) * ( ( 80.0 - 10y ) * 75.0 ) ) * 6x ) + 6y ) - 44.0 )
ind: 123
( ( 51.0 * ( 1x - 2y ) ) * 5x )
ind: 124
( ( ( 8y - ( ( 41.0 * 30.0 ) - 81.0 ) ) + 8x ) - ( ( ( 2y - 30.0 ) + 97.0 ) - ( ( ( 96.0 + ( 11.0 - 3.0 ) ) * ( 7y * ( 2.0 * 2x ) ) ) * ( 54.0 + ( ( 59.0 * 42.0 ) + 7x ) ) ) ) )
ind: 125
( ( 91.0 - 6x ) + ( 6y - ( 4x + ( 1x * ( 84.0 - 68.0 ) ) ) ) )
ind: 126
( ( 12.0 + ( ( 8x * ( ( 7y - 47.0 ) + ( 48.0 - 4y ) ) ) + ( 31.0 * 6x ) ) ) * ( ( 41.0 + ( 2x + 3x ) ) - 4x ) )
ind: 127
( ( ( ( 3y * ( 3y + 24.0 ) ) * ( 10y + 41.0 ) ) + 8y ) - ( 8x - ( ( ( 1x * ( 4y + 3.0 ) ) - ( ( 42.0 * 87.0 ) * ( 92.0 - 7.0 ) ) ) + ( 25.0 - ( ( 1y - 1y ) - ( 35.0 + 7y ) ) ) ) ) )
ind: 128
( ( 4x - 41.0 ) + ( ( 93.0 - 98.0 ) + 8y ) )
ind: 129
( ( 3y + ( ( ( 6.0 * ( 81.0 - 31.0 ) ) - ( 11.0 * ( 84.0 - 6x ) ) ) - ( ( 26.0 * 7x ) * ( ( 3x - 68.0 ) * ( 7x * 77.0 ) ) ) ) ) + 91.0 )
ind: 130
( 3x * ( 8x * ( ( ( ( 50.0 * 1y ) - ( 38.0 - 49.0 ) ) - 2x ) * ( 53.0 - 3y ) ) ) )
ind: 131
( ( 9y * 9x ) - 1x )
ind: 132
( 9y + ( 5y + ( 3y * 6x ) ) )
ind: 133
( 49.0 * ( ( ( 1y - ( 2y + ( 92.0 * 30.0 ) ) ) - ( 54.0 + ( 3x * ( 4y - 4.0 ) ) ) ) + ( ( ( 30.0 + 2x ) + ( 7y - 4y ) ) - 8x ) ) )
ind: 134
( ( ( ( 9x * 6y ) * ( 48.0 * ( 4x - 10y ) ) ) - 4x ) - ( 1y - ( ( ( ( 83.0 + 44.0 ) * 24.0 ) * 3y ) - 79.0 ) ) )
ind: 135
( ( 10x + ( 6y - ( ( 4.0 - ( 83.0 - 74.0 ) ) * ( ( 55.0 * 9x ) * ( 7x + 5y ) ) ) ) ) + 3x )
ind: 136
( ( 6y * 3y ) * ( ( 55.0 * 2x ) - ( ( ( 61.0 - 91.0 ) + 3y ) + ( 14.0 * ( ( 65.0 + 70.0 ) - 9x ) ) ) ) )
ind: 137
( ( 22.0 - ( 3x * ( ( 7y * 38.0 ) + ( ( 77.0 * 9y ) + ( 9x * 82.0 ) ) ) ) ) * ( 41.0 - 6x ) )
ind: 138
( ( ( ( ( ( 7y + 81.0 ) + 3x ) * 5y ) - 4x ) - ( ( ( 3x - ( 63.0 + 83.0 ) ) + ( 67.0 - ( 2x * 2x ) ) ) + ( ( 15.0 - 17.0 ) + ( 5y * 69.0 ) ) ) ) - ( ( 59.0 * 10x ) * 10x ) )
ind: 139
( ( 1x * ( ( 21.0 + 49.0 ) + ( ( 2y - ( 1x * 3x ) ) - ( 1y - ( 15.0 * 71.0 ) ) ) ) ) * ( 43.0 - 90.0 ) )
ind: 140
( 2y * 6x )
ind: 141
( 27.0 + ( 2x * ( 9y - 1.0 ) ) )
ind: 142
( 39.0 - ( ( 6y + 8x ) + ( 53.0 + ( ( ( 82.0 + 3y ) + 9x ) * 4y ) ) ) )
ind: 143
( 4x + ( 75.0 - ( ( 5y + 4x ) * ( ( ( 2x + 58.0 ) + ( 4y * 58.0 ) ) * 14.0 ) ) ) )
ind: 144
( ( 39.0 * ( ( 6y + ( ( 6y - 68.0 ) - ( 7x - 6.0 ) ) ) - ( ( 71.0 * ( 65.0 - 76.0 ) ) + ( ( 1x * 8x ) * 8x ) ) ) ) * ( 2x * ( ( 11.0 * 58.0 ) + 89.0 ) ) )
ind: 145
( 4y - 8x )
ind: 146
( ( 95.0 * ( 15.0 - 23.0 ) ) + ( ( 1y + 98.0 ) + ( 30.0 + ( 9y + ( 1x * 21.0 ) ) ) ) )
ind: 147
( 96.0 * ( ( 72.0 - ( ( 8x - ( 69.0 + 8y ) ) - ( ( 1y - 96.0 ) * 2y ) ) ) + ( 1x * ( ( 5y - 54.0 ) + ( ( 74.0 * 68.0 ) * 84.0 ) ) ) ) )
ind: 148
( ( ( 3y + 2y ) * 2.0 ) + ( 85.0 + ( 6y - ( 3y + ( 25.0 + 4x ) ) ) ) )
ind: 149
( 8x + ( ( ( 14.0 * ( ( 42.0 * 43.0 ) - ( 46.0 * 4y ) ) ) + ( ( ( 1y + 23.0 ) - ( 25.0 * 9y ) ) + 4x ) ) * ( 73.0 - 90.0 ) ) )
ind: 150
( ( ( 17.0 * ( ( 3x + 25.0 ) + ( ( 3x + 2.0 ) * ( 35.0 + 8y ) ) ) ) - ( ( 5x + 73.0 ) - 4x ) ) + 1x )
ind: 151
( ( ( 76.0 * ( ( ( 10x + 3y ) * ( 91.0 - 16.0 ) ) + ( 5y * ( 94.0 * 60.0 ) ) ) ) * 48.0 ) + ( ( ( ( 37.0 * ( 9y + 8x ) ) - 6y ) - ( 8y + 35.0 ) ) * ( ( 3x + 9.0 ) * 6y ) ) )
ind: 152
( ( 47.0 * 8x ) + 8y )
ind: 153
( 8x * ( 23.0 * ( ( 15.0 - ( ( 5x + 4y ) * 11.0 ) ) * ( ( 4x - 24.0 ) * ( ( 5.0 * 5x ) - ( 2x * 9x ) ) ) ) ) )
ind: 154
( 11.0 * ( 5y - ( 8y - ( 2x + 64.0 ) ) ) )
ind: 155
( 3x * ( ( ( ( 51.0 - 9y ) + ( ( 42.0 + 97.0 ) + ( 60.0 + 78.0 ) ) ) + 6x ) * 7y ) )
ind: 156
( 2y - ( 31.0 * ( 2x - 59.0 ) ) )
ind: 157
( 2y + ( ( ( 1y + 11.0 ) - ( 35.0 * ( ( 6x * 81.0 ) * ( 46.0 * 29.0 ) ) ) ) * 33.0 ) )
ind: 158
( ( 33.0 * ( ( 34.0 - ( 14.0 + 5y ) ) + ( 1.0 * 82.0 ) ) ) + ( 57.0 - ( 7x * ( 1x * 9x ) ) ) )
ind: 159
( 6.0 * ( ( 60.0 * 3x ) + ( ( ( 2y + ( 49.0 * 4x ) ) - ( 2x + ( 9y - 7x ) ) ) + ( ( 2x + 10y ) * ( ( 3y * 2y ) + ( 19.0 - 28.0 ) ) ) ) ) )
ind: 160
( ( ( ( ( ( 4x * 10.0 ) - 3y ) * 3y ) - 3x ) - ( 5y + 36.0 ) ) + ( ( ( 2x * ( ( 66.0 * 2x ) - 29.0 ) ) * ( ( ( 7x - 61.0 ) - 62.0 ) * 66.0 ) ) - 16.0 ) )
ind: 161
( 35.0 + ( ( 3x + ( ( 50.0 - 5.0 ) + 6y ) ) * ( ( 1y * ( ( 9x * 26.0 ) * ( 8.0 - 30.0 ) ) ) * 6y ) ) )
ind: 162
( ( 2x + ( 7y * 98.0 ) ) + ( ( 23.0 - ( ( ( 50.0 + 79.0 ) + 3x ) * 10x ) ) - ( ( ( ( 2x - 9y ) + ( 39.0 + 55.0 ) ) - ( 46.0 + 43.0 ) ) - ( 67.0 + ( 6y * ( 5x + 4y ) ) ) ) ) )
ind: 163
( ( 1y * ( 91.0 * 69.0 ) ) + ( ( ( ( ( 2y + 22.0 ) - 15.0 ) * 4x ) - 69.0 ) - ( 24.0 * ( 80.0 + ( ( 85.0 + 94.0 ) * 6y ) ) ) ) )
ind: 164
( ( 91.0 * ( ( 88.0 - ( 80.0 - ( 64.0 * 10x ) ) ) + ( 1x + 8x ) ) ) - ( ( 21.0 + ( 62.0 * ( ( 5y + 72.0 ) - ( 42.0 * 2x ) ) ) ) * 3x ) )
ind: 165
( ( 8y + ( 5x * 58.0 ) ) - ( 6y - ( 7y - 1x ) ) )
ind: 166
( ( ( ( ( 32.0 - 88.0 ) - ( 52.0 - ( 26.0 + 7.0 ) ) ) + ( ( 9y * 7y ) - ( 1y * 8x ) ) ) * ( ( ( ( 26.0 - 41.0 ) - 3x ) + 6y ) + ( 1x - 7y ) ) ) * 7x )
ind: 167
( 83.0 + ( 9y * ( ( ( ( 23.0 * 46.0 ) + ( 4x - 89.0 ) ) + ( ( 1x + 58.0 ) - 90.0 ) ) - ( 83.0 - 100.0 ) ) ) )
ind: 168
( ( ( 2y * 33.0 ) + ( 22.0 + 2y ) ) - ( ( 2x * ( ( 1.0 - 17.0 ) + 7x ) ) + ( 6y + 3x ) ) )
ind: 169
( ( 94.0 * 6y ) - ( ( 9y - ( 5y + 5x ) ) + 7y ) )
ind: 170
( 3y * ( 8x - 86.0 ) )
ind: 171
( 88.0 * ( ( ( ( ( 17.0 * 8y ) + ( 5.0 * 8y ) ) - 74.0 ) * ( 10x + 7x ) ) - 5y ) )
ind: 172
( ( 88.0 - ( 7y + ( ( 8y + 10y ) - ( ( 7x - 10x ) * ( 4x - 90.0 ) ) ) ) ) * ( 9y - 23.0 ) )
ind: 173
( ( ( ( ( ( 3x * 12.0 ) * 6y ) * ( 4y - 2x ) ) * ( ( ( 21.0 - 86.0 ) * 27.0 ) + 19.0 ) ) * 52.0 ) * 33.0 )
ind: 174
( ( 23.0 * 3y ) * ( ( ( 74.0 - ( ( 4y + 54.0 ) - 1.0 ) ) + 51.0 ) * ( 68.0 * ( 74.0 - 1x ) ) ) )
ind: 175
( ( 1x * 90.0 ) + 8y )
ind: 176
( ( ( 52.0 * 5y ) + 8x ) * ( 4y * ( ( 4x + 47.0 ) - ( ( ( 5y - 8y ) + 5y ) + 1x ) ) ) )
ind: 177
( ( 53.0 - ( 3y * 67.0 ) ) - ( 1y * ( 3x + 51.0 ) ) )
ind: 178
( 4y - ( ( 8x - 9x ) - ( ( 1x + ( 1y - 94.0 ) ) + ( ( ( 2y * 9.0 ) - ( 6x + 24.0 ) ) + ( 2x - ( 35.0 + 5y ) ) ) ) ) )
ind: 179
( 33.0 - ( ( 59.0 - ( ( 4.0 - 5x ) - ( 8y * ( 30.0 * 47.0 ) ) ) ) * 60.0 ) )
ind: 180
( 6y + ( 9x - ( ( ( ( 37.0 * 5x ) + 24.0 ) * 8y ) - ( 23.0 * ( 9y * 3y ) ) ) ) )
ind: 181
( ( 8y + ( ( 6x + 42.0 ) * ( 10y - ( ( 10y + 65.0 ) - ( 6x * 4y ) ) ) ) ) + ( ( 94.0 - ( ( 53.0 + ( 61.0 - 4y ) ) * ( 10.0 * 10y ) ) ) - 19.0 ) )
ind: 182
( ( 9x - ( ( ( 9x + 8x ) * ( ( 8x - 100.0 ) + 41.0 ) ) - ( 2y * ( 1x - ( 6y - 3y ) ) ) ) ) + ( 45.0 * ( 4x - ( ( ( 4y * 6x ) - 87.0 ) * 95.0 ) ) ) )
ind: 183
( 69.0 * ( ( ( ( ( 71.0 * 13.0 ) * ( 5x + 5x ) ) * 5x ) - ( ( ( 96.0 * 93.0 ) - ( 10y + 82.0 ) ) + 6y ) ) * 83.0 ) )
ind: 184
( ( ( ( 7x + ( ( 20.0 + 67.0 ) * ( 8y - 3x ) ) ) * ( 58.0 * ( ( 41.0 * 4y ) * 6y ) ) ) + ( 47.0 - 3y ) ) * 36.0 )
ind: 185
( ( 38.0 + 69.0 ) + ( ( ( ( 7x * 1y ) * 5y ) - 6y ) * ( 8x * 15.0 ) ) )
ind: 186
( ( ( 39.0 - 2y ) + 20.0 ) * ( ( ( ( ( 5x * 92.0 ) + ( 27.0 * 67.0 ) ) * 89.0 ) - 95.0 ) + ( ( 90.0 - ( 1y * 66.0 ) ) - ( 17.0 + ( ( 30.0 * 2y ) * 10x ) ) ) ) )
ind: 187
( ( ( ( 1y + 5.0 ) + ( 3x + ( 5x + 1x ) ) ) * 93.0 ) - 51.0 )
ind: 188
( 5y * ( ( 7x + ( 8x + 46.0 ) ) - 7y ) )
ind: 189
( 2y * 2x )
ind: 190
( ( ( 6y - ( 3x - 34.0 ) ) - ( ( 67.0 + ( 55.0 - 4x ) ) + 10x ) ) - 10x )
ind: 191
( 8y - ( ( 1x + ( 6x + 10y ) ) - 89.0 ) )
ind: 192
( 65.0 - ( ( ( ( 44.0 - ( 5x * 61.0 ) ) + 8x ) * 2y ) - 3x ) )
ind: 193
( ( ( 8x * 2x ) + 28.0 ) * ( 6.0 - ( ( ( ( 8x * 92.0 ) * ( 6x + 10y ) ) - 7y ) - ( ( ( 4y - 90.0 ) + ( 4y - 63.0 ) ) + 19.0 ) ) ) )
ind: 194
( ( 6x + 7y ) + ( 74.0 - 3y ) )
ind: 195
( 90.0 * ( ( ( 2y - 8x ) * 38.0 ) + 10x ) )
ind: 196
( ( 7x - 85.0 ) - ( ( 25.0 + ( ( 58.0 * 2y ) - ( 73.0 + 53.0 ) ) ) + ( 2x - ( ( ( 5x + 10x ) - 10x ) - 5.0 ) ) ) )
ind: 197
( 6x + ( ( 9y + ( 50.0 + 2x ) ) - 69.0 ) )
ind: 198
( 67.0 + ( ( ( ( 70.0 - ( 3y * 8x ) ) * 18.0 ) - ( 46.0 + 16.0 ) ) * ( ( ( 9x + ( 43.0 * 9y ) ) * ( 1.0 - ( 43.0 - 64.0 ) ) ) * 9y ) ) )
ind: 199
( 3y + ( 10y + ( 95.0 + 1x ) ) )
ind: 200
( ( ( 9x * ( 43.0 - 4y ) ) - 81.0 ) + ( 57.0 - 9x ) )
ind: 201
( ( ( ( ( 1x * ( 8y * 21.0 ) ) - ( ( 69.0 - 10y ) + 4y ) ) + 82.0 ) * 98.0 ) * ( 18.0 - ( ( ( 78.0 + 5y ) * ( 1x + ( 98.0 * 64.0 ) ) ) * 3y ) ) )
ind: 202
( 1y + ( ( 62.0 + 59.0 ) + 6x ) )
ind: 203
( 99.0 + ( ( ( 40.0 - 40.0 ) * ( ( ( 10.0 * 3x ) * ( 13.0 * 4y ) ) - ( 7x * 6x ) ) ) * 89.0 ) )
ind: 204
( ( ( 6x + ( 57.0 * ( 33.0 + ( 2x - 5x ) ) ) ) * ( 8y * 39.0 ) ) - ( ( 5x - 1.0 ) - 64.0 ) )
ind: 205
( ( ( 3y - ( 5y + ( ( 90.0 * 10y ) - ( 22.0 - 23.0 ) ) ) ) + ( 19.0 - ( ( 5y + 46.0 ) - ( ( 10x - 79.0 ) - ( 88.0 * 52.0 ) ) ) ) ) * 8x )
ind: 206
( ( ( 19.0 * ( ( ( 6x - 47.0 ) * 5x ) + 2x ) ) + ( 12.0 - 23.0 ) ) * 10y )
ind: 207
( ( ( 9x - 32.0 ) + 9y ) * ( 82.0 - 9x ) )
ind: 208
( ( 5x - 96.0 ) * ( 58.0 * 2y ) )
ind: 209
( ( ( 1x * ( ( 10y * 10.0 ) + ( ( 3x * 1x ) * ( 53.0 - 6x ) ) ) ) + 92.0 ) + ( 2y * ( 90.0 * 3y ) ) )
ind: 210
( ( ( ( 4y * 100.0 ) + 10x ) * 4x ) + ( ( 99.0 * ( 85.0 - ( ( 7y - 7x ) * ( 59.0 - 40.0 ) ) ) ) + ( ( ( ( 5y + 9y ) + ( 60.0 * 24.0 ) ) + ( ( 5x * 50.0 ) * ( 3y + 90.0 ) ) ) + ( ( 93.0 + 1x ) + ( ( 10y + 7y ) + 17.0 ) ) ) ) )
ind: 211
( ( 7x + ( 29.0 + ( 79.0 + 68.0 ) ) ) * ( ( ( 4y - 8x ) * ( 25.0 * ( ( 10x + 3y ) * ( 50.0 * 1.0 ) ) ) ) + ( 10y * 4x ) ) )
ind: 212
( ( ( ( ( ( 24.0 * 60.0 ) * ( 5.0 * 2y ) ) - 24.0 ) - ( 6y + ( ( 2y * 7x ) + 43.0 ) ) ) + ( ( ( 9x - 48.0 ) * 27.0 ) * 66.0 ) ) - ( 5y + ( 5y - ( ( ( 96.0 * 6.0 ) + 94.0 ) - 5y ) ) ) )
ind: 213
( ( 76.0 + 57.0 ) - ( ( 8y + 2x ) + 9y ) )
ind: 214
( ( ( 9x + 86.0 ) - 3x ) + ( ( 20.0 - 3x ) * ( ( ( 57.0 - 80.0 ) + ( 8.0 * ( 59.0 - 51.0 ) ) ) * ( 9y - ( 1.0 * ( 4y + 69.0 ) ) ) ) ) )
ind: 215
( ( ( ( ( ( 3y + 74.0 ) + ( 8x * 19.0 ) ) + ( 12.0 + ( 1x * 20.0 ) ) ) - ( 29.0 * ( ( 89.0 * 3x ) + 9x ) ) ) + 52.0 ) - ( 73.0 * ( 2x + 5y ) ) )
ind: 216
( 90.0 * ( ( ( ( 36.0 + ( 93.0 - 1x ) ) + ( ( 10x * 66.0 ) - 9y ) ) * 2x ) + ( ( ( 9x + 95.0 ) * 36.0 ) - 3x ) ) )
ind: 217
( ( ( 92.0 * 9y ) + ( ( ( ( 6y - 87.0 ) * ( 8x * 93.0 ) ) + 49.0 ) - ( ( 9.0 - ( 4x + 5x ) ) * 56.0 ) ) ) * 4y )
ind: 218
( 34.0 - ( ( ( ( ( 7y * 49.0 ) - ( 95.0 + 10x ) ) + 4.0 ) - ( ( ( 75.0 + 46.0 ) + ( 9y - 8y ) ) + ( 5y + 24.0 ) ) ) - ( ( ( 8x * ( 36.0 + 3y ) ) * ( ( 6y * 99.0 ) * ( 53.0 - 69.0 ) ) ) - 31.0 ) ) )
ind: 219
( ( ( ( 5y + 4y ) * ( ( 7y + 18.0 ) - 10x ) ) * 4y ) - 2y )
ind: 220
( ( ( ( ( ( 6y + 47.0 ) - ( 16.0 + 4x ) ) + 38.0 ) + ( ( 6y - 21.0 ) * 10y ) ) - ( ( 55.0 + 1x ) - ( 78.0 - 2x ) ) ) - 14.0 )
ind: 221
( ( ( ( 8y * 7x ) - 53.0 ) * ( ( 7.0 - 78.0 ) + ( ( ( 4y + 2y ) + 74.0 ) * ( ( 98.0 + 28.0 ) * ( 57.0 + 9y ) ) ) ) ) * 95.0 )
ind: 222
( ( ( 7y - 9x ) - 38.0 ) + 48.0 )
ind: 223
( ( ( ( ( ( 21.0 + 70.0 ) - 14.0 ) * 9x ) + ( ( 10x * ( 42.0 - 70.0 ) ) + ( ( 28.0 - 10y ) - 70.0 ) ) ) * 26.0 ) - 7x )
ind: 224
( ( 2y + ( 6x * ( ( 3y * ( 6x + 1y ) ) + ( 15.0 - 5y ) ) ) ) * ( ( ( ( 42.0 * ( 4y * 55.0 ) ) + 10y ) + 2x ) * ( ( ( 26.0 + ( 44.0 + 5y ) ) - 2x ) + ( ( ( 2x * 5y ) + ( 3x + 45.0 ) ) * 6x ) ) ) )
ind: 225
( ( 7y + 9x ) + 10y )
ind: 226
( ( ( 6x + 83.0 ) - 72.0 ) * ( ( ( 49.0 * ( ( 3y - 3x ) - 55.0 ) ) * 29.0 ) + 10x ) )
ind: 227
( ( ( 4y + ( 9y - 65.0 ) ) * 51.0 ) + 1x )
ind: 228
( ( ( ( ( 95.0 * ( 6y - 10y ) ) - ( 66.0 * ( 43.0 - 3y ) ) ) - 20.0 ) + 60.0 ) + ( ( 6x * ( 3.0 * 33.0 ) ) - ( 78.0 - 54.0 ) ) )
ind: 229
( 3.0 + ( 5y - ( ( ( ( 5x + 3x ) + 42.0 ) * ( 3x * 42.0 ) ) * 2y ) ) )
ind: 230
( ( 61.0 * 41.0 ) - ( 3x + ( ( 20.0 - 6y ) * ( ( 2y - ( 5y * 2x ) ) - ( ( 3y * 7x ) + ( 72.0 * 45.0 ) ) ) ) ) )
ind: 231
( 10y * ( ( 45.0 + ( ( 1x - ( 7x * 10y ) ) - 80.0 ) ) * ( ( ( 26.0 - 65.0 ) + 89.0 ) - ( ( ( 4y * 7y ) - ( 80.0 + 5.0 ) ) * 76.0 ) ) ) )
ind: 232
( ( ( 75.0 - ( 6y * ( ( 9x * 9y ) + 67.0 ) ) ) - ( 8y - ( ( ( 70.0 - 53.0 ) - ( 75.0 * 1x ) ) - ( ( 67.0 + 10x ) + ( 2x - 3y ) ) ) ) ) + 8x )
ind: 233
( ( 6y * ( ( 8.0 - ( 5x * ( 10x + 89.0 ) ) ) - ( ( ( 8.0 * 13.0 ) - ( 3y * 7y ) ) * 58.0 ) ) ) - ( ( ( 70.0 + 23.0 ) + 85.0 ) - 5y ) )
ind: 234
( 6x + ( ( ( ( 18.0 * 27.0 ) * ( ( 2x - 1y ) * ( 5y + 24.0 ) ) ) * ( 8y * 80.0 ) ) - 4y ) )
ind: 235
( ( ( ( ( 26.0 * 90.0 ) * 2x ) - 5x ) * ( 36.0 * ( 5y * ( ( 3y + 71.0 ) + ( 8y + 9x ) ) ) ) ) * ( 2y - 5x ) )
ind: 236
( ( ( ( ( ( 30.0 * 7y ) * ( 5y - 8y ) ) - ( 6y - 78.0 ) ) - 99.0 ) - 73.0 ) * ( 8x * 38.0 ) )
ind: 237
( 44.0 * ( 23.0 - ( ( ( ( 6x * 8x ) + ( 6y - 6x ) ) - ( 7x * ( 52.0 * 6x ) ) ) * 1y ) ) )
ind: 238
( 33.0 * ( ( 60.0 * ( ( 10y + 6y ) * 4x ) ) + ( ( 4y - ( 7y * ( 10.0 * 6y ) ) ) + 6.0 ) ) )
ind: 239
( 1y + 3x )
ind: 240
( ( 9x + ( 46.0 - ( 5y * ( 24.0 + ( 37.0 * 46.0 ) ) ) ) ) - 47.0 )
ind: 241
( ( 42.0 * ( ( 8.0 * ( 1x + ( 21.0 + 51.0 ) ) ) + 8y ) ) + ( 8y * ( ( ( 56.0 - ( 8y * 5x ) ) - 9x ) + ( ( ( 81.0 * 66.0 ) * ( 1y + 25.0 ) ) - ( 66.0 + 21.0 ) ) ) ) )
ind: 242
( 20.0 * ( 2y + ( 35.0 - 8x ) ) )
ind: 243
( ( 93.0 - ( 4y - 10y ) ) - 8x )
ind: 244
( ( ( 29.0 - ( 9x * ( 51.0 - 27.0 ) ) ) * 1y ) - ( ( ( ( ( 55.0 + 10y ) - 11.0 ) * ( ( 5x - 69.0 ) - 7x ) ) + 7y ) * ( ( ( ( 9x + 3.0 ) + ( 32.0 + 5x ) ) * ( ( 9x + 67.0 ) * ( 10x + 66.0 ) ) ) - ( 1x + 21.0 ) ) ) )
ind: 245
( 72.0 + ( ( ( ( ( 8y * 6.0 ) + ( 7x - 9x ) ) * ( 10x * 10x ) ) - ( ( 9y + ( 16.0 + 8y ) ) - 3y ) ) * 4x ) )
ind: 246
( ( ( ( 1y + ( ( 73.0 - 89.0 ) * ( 66.0 * 8x ) ) ) + ( 7x - 6y ) ) + 1y ) * 72.0 )
ind: 247
( ( ( 56.0 + ( 7y + 6x ) ) - ( 9.0 + ( 1y * ( ( 80.0 * 6y ) * ( 6y - 40.0 ) ) ) ) ) - ( 8y + 86.0 ) )
ind: 248
( ( 1y - ( ( ( 71.0 * 5x ) + ( ( 2y * 9x ) * 22.0 ) ) + ( ( ( 52.0 + 7x ) * ( 9y * 96.0 ) ) - 2x ) ) ) * 1y )
ind: 249
( ( 1y + 6x ) * ( ( ( 95.0 * 27.0 ) + 65.0 ) + 89.0 ) )
ind: 250
( 7x * 6y )
ind: 251
( 4x - 9y )
ind: 252
( ( 93.0 + 63.0 ) * ( ( ( 93.0 * 31.0 ) + ( ( ( 15.0 - 58.0 ) - 10x ) * ( ( 3y * 2y ) - ( 49.0 - 85.0 ) ) ) ) - 1x ) )
ind: 253
( 6.0 * ( 1y * ( ( ( 49.0 - ( 22.0 + 2y ) ) - ( ( 6x - 6x ) - 6x ) ) - 67.0 ) ) )
ind: 254
( ( 21.0 * ( ( ( 6x - 2y ) - 14.0 ) * ( ( 2x * ( 10y + 32.0 ) ) - 9y ) ) ) * ( ( 5y + 8x ) + ( 55.0 - ( ( ( 1.0 + 23.0 ) - ( 1.0 * 10x ) ) * ( 3y - 10y ) ) ) ) )
ind: 255
( 10x - ( 15.0 * 10y ) )
ind: 256
( ( 66.0 + 9y ) * ( ( ( ( ( 48.0 * 16.0 ) - 39.0 ) * ( ( 2.0 * 8x ) + ( 67.0 - 81.0 ) ) ) * 60.0 ) * ( 48.0 * 27.0 ) ) )
ind: 257
( 84.0 - ( 5x - ( ( 77.0 + ( 9y * 13.0 ) ) - 9x ) ) )
ind: 258
( 91.0 - ( ( 10x - ( ( 6x * 5y ) + ( ( 4x - 3y ) - ( 7y + 1x ) ) ) ) + 6x ) )
ind: 259
( ( 68.0 * 42.0 ) + ( ( ( 9y - ( 7x + 8x ) ) * ( 94.0 + 30.0 ) ) - ( 15.0 + ( 94.0 * ( 99.0 - 96.0 ) ) ) ) )
ind: 260
( ( ( 8y - ( 3.0 - 4x ) ) - ( 6y * 4y ) ) * 7y )
ind: 261
( ( ( ( ( ( 58.0 * 49.0 ) * 10y ) * 48.0 ) - ( ( ( 27.0 * 4x ) + ( 5y - 10y ) ) - 3y ) ) * 81.0 ) + ( 10y - ( ( 5y - ( ( 2y + 72.0 ) - 10x ) ) + 6x ) ) )
ind: 262
( ( ( 4x + 7y ) * ( 72.0 * ( 7y * 10y ) ) ) - 6x )
ind: 263
( ( ( ( 6y - ( ( 92.0 - 50.0 ) + ( 49.0 - 7x ) ) ) + ( 8.0 - 9x ) ) * ( ( ( ( 1x * 3x ) - ( 6y - 40.0 ) ) - ( 3y * ( 10y + 2x ) ) ) - ( ( ( 77.0 + 76.0 ) + ( 6y + 4x ) ) * ( 10.0 * 10y ) ) ) ) + 2x )
ind: 264
( ( 3y - ( ( 5y * ( ( 3y + 7x ) - 10y ) ) - 5y ) ) - 42.0 )
ind: 265
( ( 71.0 * ( 32.0 - ( ( 1x * 3y ) + 56.0 ) ) ) + 8y )
ind: 266
( ( ( 9.0 - 3y ) * ( 39.0 + ( ( 4y - 10x ) + ( ( 87.0 - 4x ) - 4y ) ) ) ) * 9y )
ind: 267
( ( ( ( 98.0 * ( ( 80.0 - 10.0 ) - 8y ) ) + 8x ) * 60.0 ) - 57.0 )
ind: 268
( ( 6y * 7y ) - ( ( 6x * 37.0 ) - 5y ) )
ind: 269
( ( ( ( 9y * ( ( 96.0 + 24.0 ) + ( 19.0 - 7y ) ) ) + 8x ) + ( 7x + 6y ) ) + ( 22.0 * ( ( ( ( 12.0 - 30.0 ) - 5x ) + ( ( 7y - 48.0 ) - 73.0 ) ) - ( 88.0 - ( ( 68.0 + 8.0 ) + ( 2y + 10y ) ) ) ) ) )
ind: 270
( ( 40.0 - ( ( ( 93.0 * 4y ) + 10y ) - ( ( ( 8y - 2x ) * ( 10y * 2.0 ) ) * ( ( 7y * 100.0 ) + ( 63.0 * 10y ) ) ) ) ) + 95.0 )
ind: 271
( ( 19.0 + 78.0 ) + ( 9y * 9x ) )
ind: 272
( 25.0 * ( ( 5.0 + ( 69.0 - ( ( 4x + 85.0 ) - ( 1y - 54.0 ) ) ) ) - ( ( 5y - ( 29.0 * 31.0 ) ) - ( ( ( 4x - 22.0 ) * ( 61.0 * 8y ) ) + 55.0 ) ) ) )
ind: 273
( 8.0 + ( ( 63.0 + ( ( ( 43.0 - 4y ) - 76.0 ) - 2x ) ) - 8x ) )
ind: 274
( ( ( 8x - 10y ) * 65.0 ) + 71.0 )
ind: 275
( ( ( 9x + ( 24.0 - 2y ) ) + ( ( 2.0 * ( ( 27.0 + 32.0 ) + 7y ) ) + 4x ) ) * 26.0 )
ind: 276
( ( ( ( 1x - 43.0 ) + ( 16.0 + 1y ) ) + ( ( 10y * ( 78.0 * 13.0 ) ) + ( ( 3x - ( 7x - 52.0 ) ) - ( ( 10x + 8y ) + 4y ) ) ) ) - 93.0 )
ind: 277
( 49.0 * ( ( 4y * ( 3x - 2y ) ) - ( 6y + ( ( 35.0 * ( 5x - 53.0 ) ) * ( ( 6y + 21.0 ) + ( 7x + 1x ) ) ) ) ) )
ind: 278
( ( 8x + ( 94.0 + 7y ) ) * ( ( ( ( 72.0 * ( 5x * 6y ) ) * 8y ) * ( ( ( 5y - 7x ) + ( 10y - 92.0 ) ) - ( ( 90.0 + 2y ) * ( 1y - 10x ) ) ) ) * ( 3x - ( ( 51.0 - ( 98.0 * 1x ) ) + ( 10.0 - 50.0 ) ) ) ) )
ind: 279
( ( ( 75.0 * ( ( 14.0 + ( 6x - 12.0 ) ) * 3y ) ) - ( 98.0 * 9x ) ) + ( ( ( 85.0 - 1y ) + 81.0 ) * ( 39.0 + ( 9x + 9y ) ) ) )
ind: 280
( 1x + ( 2y - ( ( ( ( 65.0 * 4y ) - ( 81.0 - 49.0 ) ) + 4y ) - 10y ) ) )
ind: 281
( ( ( ( 7y * ( ( 3x * 4y ) - ( 11.0 * 1y ) ) ) * 56.0 ) * 4.0 ) * ( ( ( 84.0 - 1x ) - ( ( ( 2x + 40.0 ) * 71.0 ) * ( 63.0 + 1.0 ) ) ) * 9y ) )
ind: 282
( ( 4y - ( ( 2x * 86.0 ) + ( ( ( 2y * 10y ) + 72.0 ) - ( 4.0 * ( 33.0 * 27.0 ) ) ) ) ) * 6x )
ind: 283
( ( ( 8x - ( ( ( 18.0 - 40.0 ) - ( 15.0 + 7y ) ) * ( ( 5.0 - 78.0 ) + ( 7x + 7x ) ) ) ) - 18.0 ) * 2y )
ind: 284
( 7.0 + ( ( ( ( ( 20.0 * 24.0 ) * 67.0 ) - ( ( 6y * 3x ) + 12.0 ) ) * 72.0 ) - ( 8y * 42.0 ) ) )
ind: 285
( ( 67.0 + ( 7y - ( 8y + ( ( 16.0 * 87.0 ) + 3y ) ) ) ) * ( ( 6y - ( ( ( 63.0 * 76.0 ) - 5y ) - 32.0 ) ) * ( 4x - ( 72.0 + 67.0 ) ) ) )
ind: 286
( ( 10x * 54.0 ) - ( ( 7x - ( ( 6y * 53.0 ) + ( 5.0 - 5.0 ) ) ) * 35.0 ) )
ind: 287
( ( 57.0 * ( 2x - ( ( ( 4y * 24.0 ) + ( 1x - 92.0 ) ) - ( ( 39.0 - 4y ) + 10y ) ) ) ) + 98.0 )
ind: 288
( ( ( 23.0 - ( ( ( 27.0 + 14.0 ) * ( 9x * 6y ) ) + 87.0 ) ) + 10.0 ) * ( ( 9y - 78.0 ) * 81.0 ) )
ind: 289
( ( ( ( 1x - ( 27.0 - ( 83.0 - 1x ) ) ) - ( 16.0 * ( ( 7y * 66.0 ) - 9y ) ) ) * ( ( ( ( 8y * 6y ) - ( 42.0 - 95.0 ) ) * 82.0 ) - 37.0 ) ) - ( 90.0 * 61.0 ) )
ind: 290
( ( ( ( 2y - 2y ) - ( 51.0 + 90.0 ) ) * ( 6x - 6y ) ) + ( 6y - ( ( ( ( 14.0 + 9x ) * 2y ) * 10y ) + ( 3y - ( ( 9x * 9x ) * 7y ) ) ) ) )
ind: 291
( 3x - ( ( ( 2y * ( 22.0 + 27.0 ) ) + 10y ) * ( ( ( 15.0 + ( 1x + 75.0 ) ) + ( ( 49.0 - 27.0 ) - ( 78.0 + 3x ) ) ) * ( ( ( 32.0 * 60.0 ) - 24.0 ) + ( 1x * ( 8x + 21.0 ) ) ) ) ) )
ind: 292
( ( 92.0 - ( 70.0 + 5y ) ) - 5x )
ind: 293
( ( ( 20.0 * ( ( ( 5x + 4x ) - ( 70.0 * 54.0 ) ) - 6x ) ) + 8x ) * ( ( ( 45.0 - ( ( 61.0 * 4y ) + ( 56.0 * 41.0 ) ) ) + 31.0 ) - 80.0 ) )
ind: 294
( 10y - ( 9y - ( ( 7.0 + 1x ) + ( 96.0 + 8x ) ) ) )
ind: 295
( 63.0 - ( 3y - ( 6y * 2x ) ) )
ind: 296
( ( ( ( 9y * ( 6x + 9x ) ) * ( 1.0 * ( ( 6y * 84.0 ) + 25.0 ) ) ) - ( ( 74.0 * 36.0 ) - 80.0 ) ) - ( ( 71.0 * 1x ) + 5x ) )
ind: 297
( ( ( ( ( 73.0 - ( 14.0 - 7y ) ) + ( ( 3x * 8x ) * ( 8x - 5x ) ) ) + ( ( ( 7y + 3.0 ) - 4x ) * ( 51.0 + 81.0 ) ) ) - 93.0 ) - 6y )
ind: 298
( ( ( 1y - 9y ) - ( ( 4x + 59.0 ) + ( ( 4x * ( 20.0 - 46.0 ) ) * ( ( 3x + 9y ) + ( 7x + 9y ) ) ) ) ) * 6y )
ind: 299
( ( ( ( ( 9y * ( 3y + 2x ) ) - ( ( 35.0 + 8y ) - ( 67.0 - 3y ) ) ) * 80.0 ) + 3y ) - 8x )
ind: 300
( ( 21.0 + ( ( ( ( 66.0 + 19.0 ) - 15.0 ) - ( ( 61.0 - 8y ) + ( 10x * 78.0 ) ) ) * 4y ) ) - 4x )
ind: 301
( ( 5y * 6x ) - 2.0 )
ind: 302
( ( ( ( ( ( 4x - 3y ) + 44.0 ) * ( 5x - ( 7y + 90.0 ) ) ) + ( 6y + 7x ) ) - 58.0 ) + 10x )
ind: 303
( 76.0 + ( ( ( ( 7y * 1.0 ) * 8y ) * 4x ) * ( ( 70.0 * 74.0 ) - ( ( ( 83.0 * 79.0 ) + 72.0 ) + ( 4y + ( 99.0 - 46.0 ) ) ) ) ) )
ind: 304
( 100.0 - ( 10.0 * ( 16.0 * ( ( 10x * ( 3x + 4y ) ) + ( ( 6y - 77.0 ) * ( 2x - 7y ) ) ) ) ) )
ind: 305
( ( ( 23.0 + 5x ) - 29.0 ) - 8y )
ind: 306
( 7.0 - ( ( 3.0 - 73.0 ) - ( ( ( 87.0 * 21.0 ) - ( 10x + ( 91.0 + 6x ) ) ) + ( ( 87.0 * 36.0 ) + ( ( 2y * 10y ) - ( 1y * 6x ) ) ) ) ) )
ind: 307
( 90.0 + ( ( ( 62.0 + 6y ) * ( ( ( 7x - 70.0 ) + 6y ) - 7x ) ) + 41.0 ) )
ind: 308
( ( 7y * 10y ) * 10x )
ind: 309
( ( 5x - 8y ) * 6x )
ind: 310
( 51.0 + ( ( 90.0 + ( 4x + ( 6y * ( 91.0 + 5y ) ) ) ) * 86.0 ) )
ind: 311
( 14.0 - ( ( ( 2.0 - 8x ) * ( ( 54.0 - ( 56.0 * 9x ) ) * ( ( 8x * 79.0 ) - 4x ) ) ) - 10y ) )
ind: 312
( ( 4y * 8x ) * 4y )
ind: 313
( 10x * 8y )
ind: 314
( ( ( 5y + 59.0 ) * ( ( ( ( 10y + 87.0 ) + ( 2x * 74.0 ) ) - 2y ) - ( 9x - ( 15.0 - 59.0 ) ) ) ) * ( ( 10x * ( ( ( 8.0 - 91.0 ) + 94.0 ) * ( 3x + ( 1y * 24.0 ) ) ) ) - 72.0 ) )
ind: 315
( ( ( 79.0 - 5y ) * 22.0 ) + ( 9x - ( 57.0 + 2x ) ) )
ind: 316
( ( 6x + 77.0 ) - ( ( 2y + ( 7x - ( 10y + ( 3.0 * 6y ) ) ) ) - ( 15.0 - 10x ) ) )
ind: 317
( 10y * ( 85.0 - 8x ) )
ind: 318
( ( ( 29.0 + ( 45.0 + ( 75.0 * 4y ) ) ) * ( 3x * ( 73.0 * 4x ) ) ) * ( ( ( 24.0 - 1y ) + ( ( ( 1y * 6y ) + 33.0 ) * 1.0 ) ) * ( ( 98.0 * ( 83.0 * 60.0 ) ) * ( ( 8y * ( 6x + 75.0 ) ) - 39.0 ) ) ) )
ind: 319
( 85.0 * ( ( ( 2y - 19.0 ) - ( 5y * ( 58.0 + ( 6y * 90.0 ) ) ) ) * ( ( 68.0 * ( 4.0 + 7x ) ) * ( ( ( 8x * 5.0 ) - 24.0 ) + ( ( 6x * 8x ) - ( 5.0 + 6y ) ) ) ) ) )
ind: 320
( 6y + ( ( ( ( ( 2y - 4y ) + ( 4x * 4x ) ) * ( 60.0 - 5x ) ) + 29.0 ) - 16.0 ) )
ind: 321
( ( ( ( 31.0 - 71.0 ) * ( ( ( 6x * 80.0 ) + ( 73.0 + 5.0 ) ) * 16.0 ) ) + ( ( ( ( 67.0 + 3.0 ) + 5x ) * 5y ) + ( ( ( 9y + 8y ) + ( 29.0 + 13.0 ) ) * ( 81.0 - 83.0 ) ) ) ) - ( ( ( ( ( 73.0 - 3x ) * 45.0 ) - ( 10x - 48.0 ) ) - ( 80.0 + ( ( 99.0 * 3.0 ) + 2x ) ) ) + ( 55.0 * 44.0 ) ) )
ind: 322
( ( 10y - ( 49.0 + 45.0 ) ) * ( ( 7y * ( ( 9.0 * ( 7y + 82.0 ) ) * ( ( 19.0 * 1x ) + 8x ) ) ) + 41.0 ) )
ind: 323
( ( ( 8.0 * 9x ) * ( 6y * ( ( ( 31.0 + 4x ) * ( 54.0 * 11.0 ) ) + ( 4y * 47.0 ) ) ) ) + ( 25.0 * 23.0 ) )
ind: 324
( ( ( ( 7x * 8x ) * ( ( ( 5y - 78.0 ) + 9y ) + ( 1x * 4y ) ) ) * 8y ) + ( ( ( 6y - 50.0 ) * 57.0 ) * ( 51.0 - 3x ) ) )
ind: 325
( ( ( ( ( ( 20.0 + 46.0 ) * ( 22.0 * 5x ) ) * 10y ) - ( ( 10x - ( 8x + 92.0 ) ) * 2y ) ) - 7.0 ) - ( 55.0 * 7x ) )
ind: 326
( 9y * 2x )
ind: 327
( ( ( 35.0 + 56.0 ) + ( ( ( ( 4x * 9.0 ) * 100.0 ) + ( ( 9x * 7x ) - 19.0 ) ) * 15.0 ) ) - 6y )
ind: 328
( ( 3y * ( 47.0 + ( 94.0 + ( ( 1x + 37.0 ) + ( 88.0 * 6x ) ) ) ) ) * ( 85.0 + 29.0 ) )
ind: 329
( ( ( ( ( 6y * 92.0 ) - ( 7x + ( 3x - 3x ) ) ) + 9x ) + ( 19.0 - 8x ) ) + 5x )
ind: 330
( ( 18.0 + ( ( 84.0 - 57.0 ) - 2y ) ) * ( ( ( ( ( 4x * 23.0 ) - 5x ) + 2x ) * ( ( 8x + ( 2y + 3y ) ) + 59.0 ) ) + 72.0 ) )
ind: 331
( ( ( ( ( 3y + 65.0 ) + 4x ) * 58.0 ) + 8.0 ) - ( ( 2x + ( ( 90.0 + 73.0 ) - 5y ) ) * ( ( ( ( 9x + 5x ) + 77.0 ) + ( 4x * 86.0 ) ) * ( 5y - ( ( 4x - 5x ) - ( 2x * 1x ) ) ) ) ) )
ind: 332
( 13.0 - ( ( ( ( 9x * ( 9x - 57.0 ) ) + 5y ) + ( ( 7y - 10x ) + ( ( 61.0 - 5x ) - ( 9y - 5x ) ) ) ) - 3y ) )
ind: 333
( 9y + 9x )
ind: 334
( 6y * 7x )
ind: 335
( ( ( ( 43.0 + ( ( 9y * 21.0 ) - ( 9y * 3x ) ) ) - 70.0 ) + 54.0 ) + ( 2y - 9x ) )
ind: 336
( ( 2y + ( ( 61.0 + 71.0 ) + 34.0 ) ) * 10x )
ind: 337
( ( 9y * ( 98.0 + ( 72.0 * 1x ) ) ) - 94.0 )
ind: 338
( 1x * 10y )
ind: 339
( ( ( 46.0 + ( ( ( 37.0 + 15.0 ) - 86.0 ) - ( ( 19.0 + 20.0 ) + ( 1.0 + 2y ) ) ) ) * ( ( ( 5x * ( 93.0 * 64.0 ) ) + ( ( 2x + 5x ) + 3y ) ) + 2y ) ) - 74.0 )
ind: 340
( 4x + ( 6y * ( 9y + 7y ) ) )
ind: 341
( ( 5y + 23.0 ) + ( ( 28.0 + 5x ) - 44.0 ) )
ind: 342
( ( 7x - ( 100.0 + ( 56.0 + ( ( 5y + 86.0 ) - 41.0 ) ) ) ) - 45.0 )
ind: 343
( ( ( ( ( 17.0 + 3x ) - 6y ) + ( 25.0 - 4x ) ) - 80.0 ) + ( ( ( 86.0 * 32.0 ) - 56.0 ) - 4y ) )
ind: 344
( ( 1.0 + 5y ) * 5x )
ind: 345
( ( ( 2.0 + 10y ) - 6y ) + ( ( 59.0 - 5x ) + ( ( ( 5x + 96.0 ) + 5x ) + 1y ) ) )
ind: 346
( ( 20.0 + 4x ) + ( 62.0 * ( ( 4x - 9y ) - 2y ) ) )
ind: 347
( ( ( ( 64.0 + ( 41.0 - ( 10y - 39.0 ) ) ) + 90.0 ) * ( 4x + ( ( ( 29.0 * 9x ) + 8x ) * ( ( 5x - 5y ) + 98.0 ) ) ) ) + ( ( 86.0 - 2x ) + ( 7x - ( 66.0 - ( ( 19.0 + 4y ) + 2x ) ) ) ) )
ind: 348
( ( 67.0 * ( ( 6x * ( 9y - ( 16.0 - 3y ) ) ) * ( 14.0 + 7y ) ) ) * 53.0 )
ind: 349
( ( ( ( ( 9y - 8.0 ) * ( 1y + ( 2y * 1x ) ) ) - 3x ) + ( 65.0 * 63.0 ) ) * ( ( 6y - 3x ) * ( ( ( 2y - ( 34.0 + 30.0 ) ) + ( 28.0 + ( 6x - 56.0 ) ) ) * ( 3y + 37.0 ) ) ) )
ind: 350
( ( 6x * 7y ) * ( 14.0 * ( ( ( 96.0 + 4y ) + ( ( 6y * 29.0 ) - ( 60.0 - 12.0 ) ) ) * 10x ) ) )
ind: 351
( 60.0 * ( ( ( ( ( 3x + 54.0 ) * 6y ) + 40.0 ) + 7y ) * ( ( 2.0 * 35.0 ) * 53.0 ) ) )
ind: 352
( ( 56.0 * ( ( 73.0 + 8y ) - 88.0 ) ) * ( ( 8.0 + ( 56.0 * ( 10.0 - ( 1x * 40.0 ) ) ) ) + ( ( ( 6y - 53.0 ) * ( ( 5x - 5y ) - 93.0 ) ) - ( ( 2x * 5x ) * ( ( 7x - 25.0 ) * 1x ) ) ) ) )
ind: 353
( ( ( ( 1.0 + ( 80.0 + ( 6x * 9x ) ) ) + ( ( ( 52.0 * 8x ) - ( 5y * 8y ) ) + ( 2y * ( 52.0 + 94.0 ) ) ) ) + 3x ) - ( ( 8x + 38.0 ) - 36.0 ) )
ind: 354
( ( ( ( 2x - ( ( 4y * 1y ) - ( 7x + 94.0 ) ) ) - ( ( 6y - ( 6.0 + 16.0 ) ) + ( ( 4y + 39.0 ) * ( 96.0 * 5x ) ) ) ) + 3y ) + 1x )
ind: 355
( ( 9y * 8y ) + 1x )
ind: 356
( ( ( 10x * ( 9y - ( ( 43.0 * 5.0 ) - 88.0 ) ) ) + 9x ) * 4y )
ind: 357
( 4y * ( 3x - ( ( ( 63.0 - 7.0 ) - 9x ) - 5x ) ) )
ind: 358
( ( 80.0 + ( 13.0 - ( 75.0 - 62.0 ) ) ) * ( ( 9x + 2y ) * ( 92.0 + ( ( ( 9y * 92.0 ) - ( 83.0 + 2.0 ) ) * 25.0 ) ) ) )
ind: 359
( 1x * 5y )
ind: 360
( 7x + ( 3x + ( ( 8x + ( ( 9y * 41.0 ) + 1.0 ) ) + ( 8.0 * 3x ) ) ) )
ind: 361
( ( 2x * ( 84.0 - 7y ) ) - ( 9x - ( ( ( ( 6y - 91.0 ) - 7y ) * 68.0 ) + ( ( ( 100.0 - 39.0 ) - ( 42.0 + 91.0 ) ) * 5x ) ) ) )
ind: 362
( ( ( 8x * 5y ) - ( 58.0 + 80.0 ) ) - ( ( 5x * ( 88.0 + ( 39.0 * 70.0 ) ) ) * 9x ) )
ind: 363
( 2x - ( 79.0 * ( 93.0 + ( 4y + ( ( 10x * 1x ) + 3y ) ) ) ) )
ind: 364
( 8x * 10y )
ind: 365
( ( 9y + ( ( ( ( 9x * 63.0 ) - ( 1y * 2x ) ) + 18.0 ) * ( ( ( 75.0 * 12.0 ) + ( 62.0 - 2x ) ) * 4x ) ) ) - 8y )
ind: 366
( 2y + ( ( ( ( 6y + 10y ) - ( ( 7y - 6x ) - ( 8.0 - 74.0 ) ) ) - ( 58.0 * 4x ) ) + 5x ) )
ind: 367
( ( 33.0 * 6x ) - ( ( ( 4.0 * ( ( 4y + 96.0 ) - 3x ) ) + ( 29.0 * 8x ) ) + 4y ) )
ind: 368
( ( 3.0 * 2y ) + ( ( ( 72.0 + 9.0 ) + 78.0 ) + ( ( ( ( 17.0 + 9y ) - 96.0 ) * ( 60.0 + ( 1x * 16.0 ) ) ) + ( 8x * ( ( 10y * 5x ) - ( 82.0 * 13.0 ) ) ) ) ) )
ind: 369
( 5x * ( ( 5y + ( 1x - ( 94.0 * ( 2x * 36.0 ) ) ) ) + ( ( ( ( 4y * 7.0 ) * ( 18.0 - 44.0 ) ) + 3y ) - 65.0 ) ) )
ind: 370
( ( ( ( ( 60.0 - ( 6y * 81.0 ) ) - ( 5y + 2y ) ) - ( 6x - 5y ) ) * ( ( ( ( 44.0 - 12.0 ) - 8y ) + 5y ) - ( ( ( 32.0 - 19.0 ) * ( 8x - 94.0 ) ) + 91.0 ) ) ) - ( ( 4x * ( ( 80.0 - ( 4y - 2.0 ) ) + ( ( 53.0 - 49.0 ) + ( 2x * 69.0 ) ) ) ) * ( 58.0 - ( ( 1y - ( 2x * 2x ) ) - 50.0 ) ) ) )
ind: 371
( ( ( 1y - ( ( 5y + 2x ) - ( ( 1y * 4x ) - 43.0 ) ) ) + 1y ) * 4y )
ind: 372
( ( 1x * ( 70.0 * 48.0 ) ) + ( 8y - 7y ) )
ind: 373
( ( 44.0 - ( 8.0 + 6x ) ) * ( 87.0 + ( ( 2y * ( 6x - ( 32.0 * 1x ) ) ) * 64.0 ) ) )
ind: 374
( ( ( 10y + ( 5y - 40.0 ) ) * 8y ) * ( 20.0 - ( ( ( ( 92.0 * 5y ) * 5x ) + 2y ) * 96.0 ) ) )
ind: 375
( ( ( ( 88.0 + 2y ) + 9y ) - 2y ) * ( ( 10y * ( 4x * ( 10y - 60.0 ) ) ) + 93.0 ) )
ind: 376
( ( ( 47.0 - ( 1x - 10y ) ) * ( ( ( ( 2x + 3y ) + ( 6x - 75.0 ) ) - 100.0 ) * ( 8x * ( ( 69.0 + 5y ) * 81.0 ) ) ) ) - ( 80.0 * ( ( ( 52.0 * 4x ) + ( 52.0 + 47.0 ) ) + 7.0 ) ) )
ind: 377
( ( ( 1x * ( 59.0 + 97.0 ) ) + ( 7y + ( 2y + ( ( 26.0 - 54.0 ) * 10.0 ) ) ) ) - ( 39.0 - ( ( 60.0 - 66.0 ) * ( 47.0 * ( 3y - ( 78.0 + 9y ) ) ) ) ) )
ind: 378
( ( ( ( 62.0 - 10x ) * ( 9y - 56.0 ) ) - ( 99.0 + 16.0 ) ) * 59.0 )
ind: 379
( ( 24.0 * ( ( 3x * ( 1y * ( 89.0 + 3.0 ) ) ) * 59.0 ) ) - ( ( 6y * 3y ) * 4.0 ) )
ind: 380
( 27.0 * ( ( ( ( ( 6y * 46.0 ) + ( 47.0 + 7y ) ) - ( 7y + 5x ) ) - 32.0 ) - 66.0 ) )
ind: 381
( ( 75.0 - ( ( 4x * ( 63.0 * 80.0 ) ) - ( ( ( 50.0 - 4y ) + ( 7x + 93.0 ) ) - ( 17.0 - 31.0 ) ) ) ) * ( ( 5y - 19.0 ) * ( 10x * ( ( ( 9y + 8y ) - ( 6y + 94.0 ) ) - ( ( 4.0 + 4y ) + 30.0 ) ) ) ) )
ind: 382
( ( ( 10x - 40.0 ) * 64.0 ) - ( ( 6y * ( ( 61.0 + ( 10x - 44.0 ) ) * ( 4y - ( 1y * 67.0 ) ) ) ) - 5y ) )
ind: 383
( ( ( 2y + 8x ) - 2y ) * 56.0 )
ind: 384
( 1x * 6y )
ind: 385
( 4x + ( ( 9x - ( ( ( 68.0 * 81.0 ) - ( 8.0 * 3y ) ) + 4x ) ) + 4y ) )
ind: 386
( ( ( 1y * ( ( ( 9y + 61.0 ) + ( 20.0 + 4x ) ) + ( ( 6x * 6y ) - 33.0 ) ) ) * ( 1y - ( ( 97.0 * 1.0 ) - 9x ) ) ) * 8x )
ind: 387
( 9x * ( 25.0 * ( ( ( 8.0 * 1x ) * ( 88.0 - ( 59.0 + 25.0 ) ) ) + ( 24.0 * ( 32.0 - ( 3y - 1x ) ) ) ) ) )
ind: 388
( ( ( ( ( 9.0 + 6y ) - ( ( 60.0 + 56.0 ) * 94.0 ) ) * ( 2y - 40.0 ) ) * ( ( 20.0 + ( ( 5x * 4y ) - 6y ) ) + 1x ) ) - 5x )
ind: 389
( ( ( ( 87.0 - ( 39.0 * ( 6x + 4x ) ) ) - ( 3x - 49.0 ) ) * ( 63.0 - ( ( 5y * 71.0 ) - 19.0 ) ) ) * ( 82.0 * 1x ) )
ind: 390
( ( ( 6y * ( ( ( 83.0 + 4x ) * ( 4x + 68.0 ) ) * ( ( 62.0 - 4x ) + 2y ) ) ) + 56.0 ) + ( ( 27.0 + 6x ) * ( ( 54.0 + ( 37.0 + 5x ) ) - ( 5y + 10x ) ) ) )
ind: 391
( 9y - 4x )
ind: 392
( 2y * ( ( ( 82.0 * 8x ) * 7y ) - 8x ) )
ind: 393
( 10y - ( ( 87.0 - ( ( 9y - 1x ) * 2y ) ) + ( 11.0 - 50.0 ) ) )
ind: 394
( 5x - 4y )
ind: 395
( ( ( ( ( ( 56.0 * 91.0 ) + ( 3x + 3x ) ) + ( 7x * ( 65.0 - 9y ) ) ) * ( 4x + 8y ) ) - ( 6x - 92.0 ) ) + ( ( 15.0 + 10y ) * 1y ) )
ind: 396
( 2x + 7y )
ind: 397
( 40.0 * ( ( ( 38.0 * ( ( 36.0 + 3x ) - ( 10y - 4y ) ) ) * ( 10x * 65.0 ) ) + 1y ) )
ind: 398
( ( ( 75.0 - ( 10x * ( 86.0 * 3x ) ) ) + ( 5.0 + ( 1y * 34.0 ) ) ) + 8x )
ind: 399
( ( ( ( 10y - 5y ) - ( 1x * 54.0 ) ) + 2x ) + 1x )
ind: 400
( ( 5y + ( ( 21.0 + ( ( 70.0 - 10y ) - 3x ) ) + 2y ) ) - 2x )
ind: 401
( ( ( ( ( ( 2x * 70.0 ) + 83.0 ) * ( 65.0 + ( 11.0 + 88.0 ) ) ) - 18.0 ) - 34.0 ) - 5y )
ind: 402
( ( 1x - 7x ) - 5y )
ind: 403
( ( ( 6y * 69.0 ) * ( ( 35.0 + ( ( 99.0 * 6x ) + 6x ) ) - ( 97.0 - ( 6x * 1y ) ) ) ) * 47.0 )
ind: 404
( ( ( ( ( 8y - 6y ) + ( ( 2y - 91.0 ) * 72.0 ) ) * ( 93.0 * 62.0 ) ) * 85.0 ) + ( 90.0 + ( ( ( 3y + 84.0 ) + ( 5x * 29.0 ) ) - 83.0 ) ) )
ind: 405
( ( ( ( ( ( 96.0 + 7y ) * 36.0 ) + ( 3x - ( 21.0 + 26.0 ) ) ) - ( ( 59.0 + ( 28.0 + 10x ) ) - ( ( 49.0 * 76.0 ) * ( 89.0 + 4y ) ) ) ) - ( ( 10x + 15.0 ) + ( ( 7y + 40.0 ) + ( 7x - 10.0 ) ) ) ) + ( 27.0 + 45.0 ) )
ind: 406
( ( ( 75.0 * 2.0 ) - ( ( ( ( 3y * 67.0 ) * ( 3x + 52.0 ) ) - ( ( 6.0 + 89.0 ) - 10x ) ) * 28.0 ) ) + ( 74.0 * 6.0 ) )
ind: 407
( ( ( 87.0 + ( 5x + 10x ) ) * ( ( 8y - ( ( 2y + 7.0 ) + ( 30.0 * 9x ) ) ) * ( 44.0 * 2x ) ) ) - 23.0 )
ind: 408
( ( ( ( 2y + 9y ) * 1x ) * ( ( 1x * ( ( 4x + 3y ) + 1.0 ) ) * ( ( 28.0 * 35.0 ) + ( ( 60.0 * 9y ) + 1y ) ) ) ) - 63.0 )
ind: 409
( ( ( ( ( ( 8y + 10y ) + ( 8x * 9y ) ) - ( 6y * 62.0 ) ) - 10y ) - ( ( ( 26.0 - 18.0 ) - 3y ) + ( 5x - 62.0 ) ) ) - ( 12.0 + 91.0 ) )
ind: 410
( 7y - ( 8x - ( 5y + ( ( ( 56.0 - 2.0 ) * ( 6x * 69.0 ) ) + 6y ) ) ) )
ind: 411
( ( ( 7x * ( ( ( 89.0 + 72.0 ) - 49.0 ) * ( ( 2y * 88.0 ) - ( 4x + 7y ) ) ) ) - ( ( 62.0 * 22.0 ) - 46.0 ) ) + ( 40.0 - ( 46.0 + 8x ) ) )
ind: 412
( 1y * 5x )
ind: 413
( ( 4x * ( ( ( ( 40.0 - 83.0 ) * 6x ) + ( ( 59.0 - 4x ) * 50.0 ) ) * 77.0 ) ) + ( ( 52.0 - ( ( 3x + ( 3x * 4x ) ) + 4.0 ) ) + ( 16.0 + ( 5y + ( 57.0 * 6y ) ) ) ) )
ind: 414
( ( 6x + ( ( ( ( 5x - 47.0 ) * ( 67.0 * 49.0 ) ) * ( 6y - 8y ) ) * 9y ) ) + 79.0 )
ind: 415
( 1y * ( 81.0 + ( ( 9y * ( ( 13.0 + 6x ) - 1x ) ) + 4x ) ) )
ind: 416
( 3y * ( ( ( 5x + 6x ) - 7y ) * 55.0 ) )
ind: 417
( ( ( 5x * 4y ) + 7y ) - ( 63.0 + 3y ) )
ind: 418
( ( ( 20.0 - ( ( 69.0 - 49.0 ) * ( ( 4x * 85.0 ) - ( 2y * 74.0 ) ) ) ) * 10y ) + ( ( 62.0 + 5x ) - ( ( ( 6x + ( 6y + 10y ) ) - 1x ) + ( 57.0 * 71.0 ) ) ) )
ind: 419
( ( ( 2x + ( ( 4x * ( 78.0 * 3.0 ) ) - ( ( 2y * 4x ) - 69.0 ) ) ) + ( 15.0 * ( ( 6y + 9x ) * ( 85.0 * 9x ) ) ) ) - ( ( 8x + 46.0 ) + 8x ) )
ind: 420
( ( ( ( 54.0 * 6y ) - ( ( ( 24.0 * 1y ) * 74.0 ) + 3x ) ) - ( 6x * 2x ) ) * 58.0 )
ind: 421
( ( ( ( ( ( 5y * 78.0 ) * 53.0 ) * ( ( 7x + 7y ) + 6x ) ) + 5y ) + 10y ) + ( ( 8.0 * ( ( ( 21.0 * 92.0 ) + ( 97.0 + 1y ) ) - ( ( 14.0 * 9y ) + 86.0 ) ) ) + ( 49.0 - 7x ) ) )
ind: 422
( ( ( 6y + 31.0 ) + 6x ) - ( ( ( ( ( 4y - 2x ) - 51.0 ) - ( ( 54.0 * 9y ) + 2x ) ) * ( 9y + 11.0 ) ) + ( ( ( ( 25.0 + 39.0 ) - 53.0 ) + 27.0 ) * 7y ) ) )
ind: 423
( ( 3x + ( ( ( ( 33.0 + 31.0 ) - 8x ) - 15.0 ) * 6y ) ) + ( ( 9y + ( ( 2.0 * 58.0 ) * ( ( 92.0 * 1y ) - 72.0 ) ) ) * 44.0 ) )
ind: 424
( ( ( 10y + ( 3x * ( 10y + ( 28.0 - 4x ) ) ) ) + ( 80.0 * ( ( ( 4x + 92.0 ) + 86.0 ) + 35.0 ) ) ) + 6y )
ind: 425
( 59.0 + ( 61.0 + ( 9.0 + ( ( 2y - ( 57.0 * 6x ) ) - 44.0 ) ) ) )
ind: 426
( 83.0 * ( ( 1y - ( 3y + 67.0 ) ) - 6x ) )
ind: 427
( 8y - ( ( ( ( ( 97.0 - 8x ) * ( 27.0 + 7x ) ) - 9x ) - 3x ) + ( ( 3y + ( 67.0 - 8x ) ) - 4x ) ) )
ind: 428
( 64.0 - ( 6y - ( 84.0 - ( ( 52.0 - ( 1.0 * 9x ) ) - ( 1x + 1y ) ) ) ) )
ind: 429
( 8y + ( 5x - ( ( ( 78.0 - ( 2x - 4y ) ) * ( 98.0 - ( 52.0 - 9y ) ) ) + 23.0 ) ) )
ind: 430
( ( ( 9x - 8y ) + ( 8y * ( ( ( 35.0 - 3.0 ) * 2x ) + 4y ) ) ) - ( ( 10y * ( ( 1x * 79.0 ) - 57.0 ) ) + 72.0 ) )
ind: 431
( ( 23.0 * 6x ) - 2y )
ind: 432
( ( ( 83.0 - ( ( ( 10x - 3x ) - 7y ) * 8x ) ) * 1x ) - ( ( ( 9y + 57.0 ) + ( 37.0 + 15.0 ) ) - 99.0 ) )
ind: 433
( 18.0 * ( 6y - 10x ) )
ind: 434
( ( ( 46.0 * 7y ) - ( 9y - ( 96.0 + ( ( 1y - 19.0 ) + 3x ) ) ) ) * 1y )
ind: 435
( 32.0 - ( ( ( ( 7y * ( 7x + 85.0 ) ) - 7x ) * 3y ) + ( ( 80.0 - 55.0 ) * ( 29.0 - ( ( 44.0 - 33.0 ) * ( 5x - 9x ) ) ) ) ) )
ind: 436
( ( ( 6y * ( 69.0 * ( 3x - ( 8.0 + 3y ) ) ) ) - 9y ) - 6x )
ind: 437
( ( ( 9.0 + 4y ) * 75.0 ) * ( ( ( 1x + ( 6y - ( 40.0 * 4y ) ) ) + ( 5y - ( ( 63.0 + 61.0 ) + ( 19.0 + 97.0 ) ) ) ) - ( 15.0 + ( ( 79.0 - 7x ) + 4x ) ) ) )
ind: 438
( ( ( 4.0 - 49.0 ) - 9x ) - 6y )
ind: 439
( 15.0 * ( ( 75.0 * ( ( ( 6y - 58.0 ) + ( 100.0 + 3x ) ) + 30.0 ) ) + 10x ) )
ind: 440
( ( 2y - ( 96.0 + ( 9y - ( 9x - 7x ) ) ) ) + 28.0 )
ind: 441
( 75.0 - ( 7x + ( 53.0 * ( 81.0 - ( 47.0 - ( 7y * 5x ) ) ) ) ) )
ind: 442
( 3y * 5x )
ind: 443
( ( ( ( ( 3y - 4y ) - ( 2x - ( 55.0 * 8y ) ) ) * 5y ) * ( ( ( 16.0 + 8x ) - 56.0 ) * ( ( 2y * ( 10x * 40.0 ) ) + ( ( 63.0 * 7x ) + ( 6y * 87.0 ) ) ) ) ) * 73.0 )
ind: 444
( ( 9x * 4x ) + ( ( 2y - 13.0 ) - ( ( 91.0 + 37.0 ) * 8y ) ) )
ind: 445
( ( ( 10y - ( ( 6x - ( 2y * 47.0 ) ) + ( ( 8y + 9x ) - 39.0 ) ) ) * ( ( 9y + 8y ) - 5y ) ) + ( ( 8y + ( 76.0 * ( 5y * 2y ) ) ) - 51.0 ) )
ind: 446
( 87.0 - ( ( ( ( 45.0 * ( 24.0 + 9x ) ) - ( ( 70.0 + 99.0 ) * 82.0 ) ) + ( ( ( 1.0 * 2y ) + ( 10x + 1y ) ) * ( 2x + 66.0 ) ) ) + 12.0 ) )
ind: 447
( ( 2y * ( ( 9y + ( ( 2y - 1x ) * 74.0 ) ) * ( ( 10y - 8.0 ) - ( 3x - ( 3x + 56.0 ) ) ) ) ) * ( 31.0 - ( ( 9y + 18.0 ) * ( ( 10y + ( 33.0 * 41.0 ) ) - 8y ) ) ) )
ind: 448
( ( 6.0 * ( ( ( 3y - 11.0 ) * 7y ) + 3y ) ) - ( 3x + ( ( 63.0 * ( ( 29.0 - 5x ) * ( 89.0 * 7x ) ) ) + ( 65.0 - ( ( 6y + 4y ) + ( 7x - 50.0 ) ) ) ) ) )
ind: 449
( ( ( ( 8y + ( ( 1y - 50.0 ) * ( 3x + 60.0 ) ) ) - 31.0 ) * ( ( ( ( 10x * 51.0 ) * 85.0 ) * ( ( 6y * 4x ) - 57.0 ) ) * ( 74.0 + ( ( 7y + 12.0 ) - ( 65.0 - 35.0 ) ) ) ) ) * 1x )
ind: 450
( ( 4x + 9x ) + 10y )
ind: 451
( 37.0 * ( 4x - 5y ) )
ind: 452
( ( 5y + ( ( 27.0 + 59.0 ) + ( ( ( 2y + 8y ) - 86.0 ) + 100.0 ) ) ) * ( ( ( ( ( 23.0 * 63.0 ) - ( 1.0 - 6y ) ) - 16.0 ) - ( ( ( 16.0 * 8y ) * 10y ) + ( ( 1x * 5x ) * 41.0 ) ) ) + 73.0 ) )
ind: 453
( 45.0 + ( 63.0 - ( ( ( ( 2y * 59.0 ) + 69.0 ) + 4y ) * 10x ) ) )
ind: 454
( ( ( ( 4y - 5x ) * 2y ) * ( 15.0 + 82.0 ) ) - 46.0 )
ind: 455
( ( ( 2x + 2.0 ) - 1x ) + 1y )
ind: 456
( 5y - ( ( 2x - ( ( ( 68.0 - 10y ) * 21.0 ) * ( 51.0 * 39.0 ) ) ) + ( 11.0 * 10y ) ) )
ind: 457
( 7x * ( 8x - 4y ) )
ind: 458
( ( ( 9y + ( 35.0 * 100.0 ) ) * 100.0 ) - ( ( 54.0 + ( 52.0 - ( 5x + ( 92.0 - 60.0 ) ) ) ) + ( 42.0 * 61.0 ) ) )
ind: 459
( ( 4x * ( ( ( 21.0 - ( 12.0 * 33.0 ) ) - 12.0 ) + ( 82.0 + ( ( 16.0 + 8y ) * 1y ) ) ) ) * 56.0 )
ind: 460
( ( ( ( ( 9.0 + 10y ) * ( ( 34.0 * 75.0 ) + ( 41.0 - 4y ) ) ) * ( 7x + ( 6y - 32.0 ) ) ) + ( 9x - 4y ) ) * 78.0 )
ind: 461
( ( ( 71.0 - 9x ) + ( ( ( ( 10y * 6y ) * ( 64.0 - 56.0 ) ) + ( 8y * ( 3y - 1y ) ) ) + 8y ) ) + 22.0 )
ind: 462
( ( 3y + 4x ) * 4x )
ind: 463
( ( ( 10x * 85.0 ) + ( 7y * 82.0 ) ) + ( 3y * 48.0 ) )
ind: 464
( ( 6x + 5x ) - ( ( ( ( 7x * 10.0 ) + ( 2x * 68.0 ) ) * 54.0 ) * ( 4x * ( ( 2y * ( 90.0 + 9x ) ) + 3x ) ) ) )
ind: 465
( ( ( 3x * ( ( ( 16.0 * 98.0 ) - 59.0 ) * 1y ) ) * ( 27.0 - ( 62.0 * 80.0 ) ) ) + 28.0 )
ind: 466
( 14.0 * ( ( 3y * ( ( ( 5x - 22.0 ) - 10x ) - 2.0 ) ) * ( 40.0 - 35.0 ) ) )
ind: 467
( 6.0 + ( 5y * 9x ) )
ind: 468
( ( ( 6y + 97.0 ) + ( ( ( 5y - ( 19.0 + 5x ) ) - 56.0 ) * ( ( 55.0 * ( 1x * 57.0 ) ) - 62.0 ) ) ) - 17.0 )
ind: 469
( 6y - ( ( ( ( 5y + 32.0 ) * ( ( 1x - 4y ) + ( 4x * 9.0 ) ) ) * ( ( 5y - 75.0 ) + 67.0 ) ) * 86.0 ) )
ind: 470
( ( 5y + ( ( 99.0 * ( ( 6x - 5y ) - 85.0 ) ) - ( 6y + ( ( 1x * 14.0 ) - ( 97.0 - 2x ) ) ) ) ) - ( ( 9x + 4x ) + ( ( ( 3y * 7x ) + 4y ) * ( 2x * ( 29.0 * 2x ) ) ) ) )
ind: 471
( ( 87.0 * ( ( 7y - 5.0 ) + 45.0 ) ) - ( ( ( ( 2y + ( 18.0 + 6y ) ) + 55.0 ) - ( ( ( 7x + 48.0 ) - ( 100.0 - 2x ) ) - 6y ) ) - 11.0 ) )
ind: 472
( ( 1x * 2y ) - ( 100.0 + ( 60.0 * ( 71.0 - ( ( 2y - 36.0 ) - 4y ) ) ) ) )
ind: 473
( ( ( 9x + 1y ) + ( 1y + ( 33.0 + ( 2x - 16.0 ) ) ) ) + 74.0 )
ind: 474
( 8x * ( 5y - ( 2x * ( ( ( 4y * 42.0 ) - ( 2x - 4x ) ) * ( 4.0 - ( 4.0 - 3y ) ) ) ) ) )
ind: 475
( 27.0 + ( ( ( ( 3y * ( 1y - 68.0 ) ) + ( 8y * ( 89.0 - 9x ) ) ) - 7x ) + 3x ) )
ind: 476
( 2x - 10y )
ind: 477
( 5x * ( ( 68.0 * 65.0 ) * ( 8x - ( ( ( 85.0 * 6y ) + ( 1x + 57.0 ) ) - ( 11.0 * 2.0 ) ) ) ) )
ind: 478
( 2y * ( 53.0 + ( ( ( 4x - 62.0 ) + 3x ) * ( 68.0 * 2y ) ) ) )
ind: 479
( ( ( ( 6x + ( ( 10y * 70.0 ) * ( 27.0 * 67.0 ) ) ) + 6x ) * ( 51.0 * 3x ) ) - 4y )
ind: 480
( ( 3x * 90.0 ) + ( ( 10y - 11.0 ) - ( 98.0 + ( 7x + ( 2y * ( 7y + 9y ) ) ) ) ) )
ind: 481
( 8y * ( ( ( 63.0 - ( ( 4y * 3x ) * 2y ) ) * ( ( 24.0 * ( 7x - 33.0 ) ) - ( ( 9y * 9y ) + 20.0 ) ) ) - ( ( ( 10.0 + ( 56.0 + 5y ) ) * ( 1x - 38.0 ) ) + 4y ) ) )
ind: 482
( ( ( 81.0 - ( 6x - 55.0 ) ) * ( ( ( ( 10x * 7x ) + 10.0 ) + ( ( 3.0 - 21.0 ) + 38.0 ) ) - 10y ) ) * 47.0 )
ind: 483
( 1y - ( 32.0 - ( ( ( 91.0 + ( 2x * 3x ) ) + 40.0 ) * 92.0 ) ) )
ind: 484
( ( 1x + ( 10y * ( 6y - 71.0 ) ) ) + ( ( 85.0 + 4y ) + 4y ) )
ind: 485
( ( 6y * ( 2x + ( 59.0 - 42.0 ) ) ) - 17.0 )
ind: 486
( ( ( 6x * ( 37.0 + 6x ) ) + 9x ) + ( ( 51.0 + 87.0 ) + ( ( ( 4y + 96.0 ) + ( ( 6x + 43.0 ) - 50.0 ) ) + ( 43.0 * 56.0 ) ) ) )
ind: 487
( ( ( ( ( 2y + ( 82.0 - 26.0 ) ) - 6x ) - ( ( ( 93.0 - 68.0 ) * ( 84.0 - 6x ) ) * 5x ) ) - 9y ) + 7y )
ind: 488
( ( ( ( ( ( 7x - 83.0 ) + 9x ) - ( 8.0 + 6y ) ) * ( 6x + ( ( 9x + 2x ) * 5y ) ) ) + ( ( ( 3x - ( 2y - 6y ) ) * ( 9x + ( 5y + 69.0 ) ) ) - 9y ) ) - 38.0 )
ind: 489
( 76.0 - ( ( ( ( ( 2y - 5y ) * ( 54.0 + 96.0 ) ) + 6y ) - ( ( ( 6x * 64.0 ) - 96.0 ) - ( ( 7x * 74.0 ) * ( 6x + 66.0 ) ) ) ) - 1x ) )
ind: 490
( ( ( ( ( 47.0 * ( 62.0 + 1.0 ) ) * ( 6y * 1y ) ) + ( 9y * ( ( 7.0 + 2x ) - 6y ) ) ) * ( 10x * 76.0 ) ) - ( ( 1.0 + ( ( 8y + ( 51.0 + 8y ) ) - ( ( 59.0 * 16.0 ) + ( 8x + 3x ) ) ) ) - 3x ) )
ind: 491
( ( ( 23.0 + 1x ) - 30.0 ) - 7y )
ind: 492
( ( 57.0 * ( ( ( 6y * 33.0 ) * ( ( 3.0 * 71.0 ) - 49.0 ) ) * 19.0 ) ) - 9x )
ind: 493
( ( ( 70.0 - ( 26.0 + ( 4.0 - 6x ) ) ) + ( ( 8y + ( ( 70.0 + 7.0 ) + ( 2x * 5x ) ) ) * ( ( ( 9x - 45.0 ) - 10x ) - 79.0 ) ) ) - 2x )
ind: 494
( ( ( 6x + ( ( 4.0 + 85.0 ) - 5y ) ) + 4x ) - ( 69.0 - 8y ) )
ind: 495
( 81.0 * ( ( ( 49.0 - 2x ) + ( ( ( 4y + 9y ) - ( 11.0 * 3x ) ) + 7x ) ) + ( 1x + 3x ) ) )
ind: 496
( 10x + ( ( ( 38.0 * ( ( 27.0 + 2x ) * 94.0 ) ) + ( ( ( 16.0 * 86.0 ) - 2x ) + ( ( 87.0 + 1y ) - 4x ) ) ) * ( 6y + 1y ) ) )
ind: 497
( ( ( 83.0 - 11.0 ) - 2y ) * ( ( 5y - ( 4x + 3x ) ) - ( ( 41.0 + 4x ) - ( ( ( 9x + 10x ) + 10y ) - 1x ) ) ) )
ind: 498
( ( ( 71.0 - ( ( ( 6y + 94.0 ) * ( 1x - 4x ) ) * ( 7x + ( 59.0 + 40.0 ) ) ) ) * 6x ) - 91.0 )
ind: 499
( 10y * ( 1x + 36.0 ) )
ind: 500
( ( 90.0 + ( 10x + ( ( ( 4x + 6x ) - 2x ) + ( ( 4x + 6.0 ) - 17.0 ) ) ) ) + ( 62.0 - 1y ) )
Best Ind: ( ( ( 83.0 - 11.0 ) - 2y ) * ( ( 5y - ( 4x + 3x ) ) - ( ( 41.0 + 4x ) - ( ( ( 9x + 10x ) + 10y ) - 1x ) ) ) )
Fitness = 31.7890896877
Worst Ind: ( ( ( 29.0 + ( 45.0 + ( 75.0 * 4y ) ) ) * ( 3x * ( 73.0 * 4x ) ) ) * ( ( ( 24.0 - 1y ) + ( ( ( 1y * 6y ) + 33.0 ) * 1.0 ) ) * ( ( 98.0 * ( 83.0 * 60.0 ) ) * ( ( 8y * ( 6x + 75.0 ) ) - 39.0 ) ) ) )
Fitness = 2.04511398022e+15
Avg Fitness = 4.09663411558e+12
Duplicated = 0
============================================================================
Evaluate Gen  1
New Population 764
Better than Dads 67
Best Ind: ( ( ( 83.0 - 11.0 ) - 2y ) * ( ( 5y - ( 4x + 3x ) ) - ( ( 41.0 + 4x ) - ( ( ( 9x + 10x ) + 10y ) - 1x ) ) ) )
Fitness = 31.7890896877
Worst Ind: ( ( ( ( 4.0 - 49.0 ) - 4x ) - ( ( ( 3x - ( 63.0 + 83.0 ) ) + ( 67.0 - ( 2x * 2x ) ) ) + ( ( 15.0 - 17.0 ) + ( 5y * 69.0 ) ) ) ) - ( ( 59.0 * 10x ) * 10x ) )
Fitness = 147500.0
Avg Fitness = 16192.6558691
Duplicated = 3
============================================================================
Evaluate Gen  2
New Population 786
Better than Dads 77
Best Ind: ( ( ( 83.0 - 11.0 ) - 2y ) * ( ( 5y - ( 4x + 3x ) ) - ( ( 41.0 + 4x ) - ( ( ( 9x + 10x ) + 10y ) - 1x ) ) ) )
Fitness = 31.7890896877
Worst Ind: ( 18.0 * ( 6y - 10x ) )
Fitness = 5733.34959957
Avg Fitness = 1804.76700761
Duplicated = 10
============================================================================
Evaluate Gen  3
New Population 765
Better than Dads 76
Best Ind: ( ( ( 83.0 - 11.0 ) - 2y ) * ( ( 5y - ( 4x + 3x ) ) - ( ( 41.0 + 4x ) - ( ( ( 9x + 10x ) + 10y ) - 1x ) ) ) )
Fitness = 31.7890896877
Worst Ind: ( ( ( ( 9y * ( 6x + 9x ) ) * ( 1.0 * ( ( 6y * 84.0 ) + 25.0 ) ) ) - 9x ) - ( ( 71.0 * 1x ) + 5x ) )
Fitness = 2420.74760871
Avg Fitness = 693.495197788
Duplicated = 16
============================================================================
Evaluate Gen  4
New Population 795
Better than Dads 81
Best Ind: ( ( ( 83.0 - 11.0 ) - 2y ) * ( ( 5y - ( 4x + 3x ) ) - ( ( 41.0 + 4x ) - ( ( ( 9x + 10x ) + 10y ) - 1x ) ) ) )
Fitness = 31.7890896877
Worst Ind: ( ( 4y * ( ( 2x * 41.0 ) - ( 99.0 - 10x ) ) ) + 3x )
Fitness = 641.781793755
Avg Fitness = 266.333151526
Duplicated = 43
============================================================================
Evaluate Gen  5
New Population 780
Better than Dads 72
Best Ind: ( ( ( 83.0 - 11.0 ) - 2y ) * ( ( 5y - ( 4x + 3x ) ) - ( ( 41.0 + 4x ) - ( ( ( 9x + 10x ) + 10y ) - 1x ) ) ) )
Fitness = 31.7890896877
Worst Ind: ( ( ( ( 8.0 - ( 5x * ( 10x + 89.0 ) ) ) - ( ( ( 8.0 * 13.0 ) - ( 3y * 7y ) ) * 58.0 ) ) - 6x ) - ( 92.0 - ( 6y + 7x ) ) )
Fitness = 293.358395394
Avg Fitness = 187.32830461
Duplicated = 49
============================================================================
Evaluate Gen  6
New Population 794
Better than Dads 76
Best Ind: ( ( 1y - 1x ) * 1y )
Fitness = 15.8945448439
Worst Ind: ( ( 29.0 - ( ( ( 10.0 * 37.0 ) - 49.0 ) - 5y ) ) + 5x )
Fitness = 225.116107327
Avg Fitness = 150.492295557
Duplicated = 54
============================================================================
Evaluate Gen  7
New Population 793
Better than Dads 64
Best Ind: ( ( 1y - 1x ) * 1y )
Fitness = 15.8945448439
Worst Ind: ( 2y - 5x )
Fitness = 159.259711099
Avg Fitness = 132.15598426
Duplicated = 57
============================================================================
Evaluate Gen  8
New Population 814
Better than Dads 70
Best Ind: ( ( 1y - 1x ) * 1y )
Fitness = 15.8945448439
Worst Ind: ( ( 9x - ( ( ( 10y - 60.0 ) + 18.0 ) + ( ( 37.0 + 6y ) + ( ( 45.0 + 10y ) + 8x ) ) ) ) - ( ( 1x - ( ( 78.0 - 82.0 ) + ( 2x * 8y ) ) ) - 5y ) )
Fitness = 158.945448439
Avg Fitness = 119.495114023
Duplicated = 53
============================================================================
Evaluate Gen  9
New Population 820
Better than Dads 84
Best Ind: ( ( 1y - 1x ) * 1y )
Fitness = 15.8945448439
Worst Ind: ( ( ( ( ( ( 97.0 - 8x ) * ( 27.0 + 7x ) ) - 3y ) - 3x ) + ( ( 3y + ( 67.0 - 8x ) ) - 4x ) ) - ( 3x * 2x ) )
Fitness = 150.0
Avg Fitness = 100.486398278
Duplicated = 62
============================================================================
Evaluate Gen  10
New Population 799
Better than Dads 68
Best Ind: ( ( 1y - 1x ) * 1y )
Fitness = 15.8945448439
Worst Ind: ( ( ( 4x - 5y ) + ( ( ( ( 7x + 9y ) * 7y ) - ( ( 6x * 37.0 ) - 5y ) ) * ( ( ( 82.0 + 7x ) + 9x ) - ( 1y + 3x ) ) ) ) - ( 2y * 4x ) )
Fitness = 127.156358751
Avg Fitness = 85.4244837286
Duplicated = 53
============================================================================
Evaluate Gen  11
New Population 832
Better than Dads 82
Best Ind: ( ( 1y - 1x ) * 1y )
Fitness = 15.8945448439
Worst Ind: ( 4x - ( ( 1.0 + ( ( 8y + ( 51.0 + 8y ) ) - 3x ) ) - 3x ) )
Fitness = 95.5558266595
Avg Fitness = 78.4613988159
Duplicated = 58
============================================================================
Evaluate Gen  12
New Population 811
Better than Dads 80
Best Ind: ( ( 1y - 1x ) * 1y )
Fitness = 15.8945448439
Worst Ind: ( ( 4y * 2x ) - 3y )
Fitness = 95.3672690632
Avg Fitness = 70.349807555
Duplicated = 60
============================================================================
Evaluate Gen  13
New Population 821
Better than Dads 77
Best Ind: ( ( 1y - 1x ) * 1y )
Fitness = 15.8945448439
Worst Ind: ( 10y - 2x )
Fitness = 63.7038844396
Avg Fitness = 59.872107749
Duplicated = 68
============================================================================
Evaluate Gen  14
New Population 817
Better than Dads 78
Best Ind: ( ( 1y - 1x ) * 1y )
Fitness = 15.8945448439
Worst Ind: ( ( ( ( ( 3y * 8y ) + 3x ) - 3y ) + ( ( 2y * 4x ) + 1x ) ) - 2x )
Fitness = 63.7038844396
Avg Fitness = 58.5394842736
Duplicated = 61
============================================================================
Evaluate Gen  15
New Population 799
Better than Dads 68
Best Ind: ( ( 1y - 1x ) * 1y )
Fitness = 15.8945448439
Worst Ind: ( ( ( 10y * ( 85.0 - 8x ) ) * ( 4.0 - 49.0 ) ) - ( 10x - 2y ) )
Fitness = 63.5781793755
Avg Fitness = 56.9418962338
Duplicated = 66
============================================================================
Evaluate Gen  16
New Population 832
Better than Dads 81
Best Ind: ( ( 1y - 1x ) * 1y )
Fitness = 15.8945448439
Worst Ind: ( ( ( ( 4y + 4y ) * ( 17.0 + ( 5x - 32.0 ) ) ) * 4x ) - ( ( ( 8x * 79.0 ) + 37.0 ) - 2y ) )
Fitness = 63.5781793755
Avg Fitness = 53.9535412514
Duplicated = 65
============================================================================
Evaluate Gen  17
New Population 822
Better than Dads 83
Best Ind: ( ( 1y - 1x ) * 1y )
Fitness = 15.8945448439
Worst Ind: ( ( ( ( ( 23.0 * 6x ) - 2y ) + 56.0 ) - 4x ) - 2y )
Fitness = 63.5781793755
Avg Fitness = 49.2573794966
Duplicated = 66
============================================================================
Evaluate Gen  18
New Population 812
Better than Dads 74
Best Ind: ( ( 1y - 1x ) * 1y )
Fitness = 15.8945448439
Worst Ind: ( 1y * 4x )
Fitness = 63.5781793755
Avg Fitness = 42.3151876356
Duplicated = 87
============================================================================
Evaluate Gen  19
New Population 810
Better than Dads 84
Best Ind: ( ( 1y - 1x ) * 1y )
Fitness = 15.8945448439
Worst Ind: ( ( ( 66.0 * 2y ) + ( ( ( ( 7x + 9y ) * 7y ) - 3y ) - ( ( 4y - 3x ) - 2y ) ) ) - 1.0 )
Fitness = 50.0
Avg Fitness = 36.284665719
Duplicated = 87
============================================================================
Evaluate Gen  20
New Population 822
Better than Dads 68
Best Ind: ( ( 1y - 1x ) * 1y )
Fitness = 15.8945448439
Worst Ind: ( ( 2y - 1x ) - ( 9y - 1x ) )
Fitness = 31.8519422198
Avg Fitness = 31.7515467482
Duplicated = 85
============================================================================
Evaluate Gen  21
New Population 824
Better than Dads 48
Best Ind: ( ( 1y - 1x ) * 1y )
Fitness = 15.8945448439
Worst Ind: ( ( ( ( ( ( 4x - 2y ) + 3x ) - 4x ) - 2y ) - 5y ) - ( 4x - ( 6y - ( 7y - 1x ) ) ) )
Fitness = 31.8519422198
Avg Fitness = 31.7500382874
Duplicated = 85
============================================================================
Evaluate Gen  22
New Population 826
Better than Dads 61
Best Ind: ( ( 1y - 1x ) * 1y )
Fitness = 15.8945448439
Worst Ind: ( ( ( 7x - 2y ) - 2y ) - ( 6y - ( 7y - 1x ) ) )
Fitness = 31.8519422198
Avg Fitness = 31.7480270064
Duplicated = 85
============================================================================
Evaluate Gen  23
New Population 823
Better than Dads 62
Best Ind: ( ( 1y - 1x ) * 1y )
Fitness = 15.8945448439
Worst Ind: ( ( ( 6y * 13.0 ) + 37.0 ) - ( 5x - ( 7y - 1x ) ) )
Fitness = 31.8519422198
Avg Fitness = 31.7446329697
Duplicated = 81
============================================================================
Evaluate Gen  24
New Population 845
Better than Dads 59
Best Ind: ( ( 1y - 1x ) * 1y )
Fitness = 15.8945448439
Worst Ind: ( ( 21.0 + ( ( 5y - ( ( 4y - 3x ) + 7y ) ) * 2x ) ) - 1x )
Fitness = 31.8519422198
Avg Fitness = 31.7385991266
Duplicated = 75
============================================================================
Evaluate Gen  25
New Population 848
Better than Dads 62
Best Ind: ( ( 1y - 1x ) * 1y )
Fitness = 15.8945448439
Worst Ind: ( ( ( 9y - 1x ) - 2y ) - 1x )
Fitness = 31.8519422198
Avg Fitness = 31.7286684265
Duplicated = 72
============================================================================
Evaluate Gen  26
New Population 827
Better than Dads 68
Best Ind: ( ( 1y - 1x ) * 1y )
Fitness = 15.8945448439
Worst Ind: ( 5y - ( ( 51.0 * 3y ) - ( 7y - 1x ) ) )
Fitness = 31.8519422198
Avg Fitness = 31.7127038834
Duplicated = 69
============================================================================
Evaluate Gen  27
New Population 832
Better than Dads 64
Best Ind: ( ( 1y - 1x ) * 1y )
Fitness = 15.8945448439
Worst Ind: ( ( ( 18.0 + ( 10x - 3y ) ) * ( ( 66.0 * 2y ) + 9x ) ) - ( 10x - 1y ) )
Fitness = 31.7890896877
Avg Fitness = 31.6937224187
Duplicated = 82
============================================================================
Evaluate Gen  28
New Population 857
Better than Dads 63
Best Ind: ( ( 1y - 1x ) * 1y )
Fitness = 15.8945448439
Worst Ind: ( 8.0 - ( ( ( 55.0 - 13.0 ) - ( ( ( 10x + 1x ) + ( 2y - 10y ) ) + ( ( 6x * 37.0 ) - 5y ) ) ) - 1y ) )
Fitness = 31.7890896877
Avg Fitness = 31.6869038178
Duplicated = 81
============================================================================
Evaluate Gen  29
New Population 852
Better than Dads 55
Best Ind: ( ( 1y - 1x ) * 1y )
Fitness = 15.8945448439
Worst Ind: ( 8.0 - ( ( ( 55.0 - 13.0 ) - ( 4y - ( 5x - ( 2y * 8x ) ) ) ) - 1y ) )
Fitness = 31.7890896877
Avg Fitness = 31.6800852168
Duplicated = 81
============================================================================
Evaluate Gen  30
New Population 852
Better than Dads 49
Best Ind: ( ( 1y - 1x ) * 1y )
Fitness = 15.8945448439
Worst Ind: ( ( ( 41.0 * 1x ) + ( 10x - 1y ) ) - 1y )
Fitness = 31.7890896877
Avg Fitness = 31.6800852168
Duplicated = 81
============================================================================
Evaluate Gen  31
New Population 832
Better than Dads 48
Best Ind: ( ( 1y - 1x ) * 1y )
Fitness = 15.8945448439
Worst Ind: ( ( ( ( ( 2y - 4x ) - 6x ) + ( 1y + 74.0 ) ) + 4x ) - ( ( ( 7y - 10x ) + ( 84.0 - ( 9y - 5x ) ) ) - ( ( 72.0 * 1x ) - ( 10x - 1y ) ) ) )
Fitness = 31.7890896877
Avg Fitness = 31.6665070375
Duplicated = 80
============================================================================
Evaluate Gen  32
New Population 844
Better than Dads 49
Best Ind: ( ( 1y - 1x ) * 1y )
Fitness = 15.8945448439
Worst Ind: ( 1x - 1y )
Fitness = 31.7890896877
Avg Fitness = 31.6596884365
Duplicated = 80
============================================================================
Evaluate Gen  33
New Population 839
Better than Dads 58
Best Ind: ( ( 1y - 1x ) * 1y )
Fitness = 15.8945448439
Worst Ind: ( ( ( 18.0 * ( 5y + ( 4y + ( 7y - 1x ) ) ) ) + ( 56.0 - 3.0 ) ) - ( 10x - 1y ) )
Fitness = 31.7890896877
Avg Fitness = 31.6392916563
Duplicated = 80
============================================================================
Evaluate Gen  34
New Population 847
Better than Dads 51
Best Ind: ( ( 1y - 1x ) * 1y )
Fitness = 15.8945448439
Worst Ind: ( ( ( ( 5x - 4y ) + 56.0 ) - ( 6y + 4y ) ) - ( ( ( 18.0 * 5x ) + ( 56.0 - 3.0 ) ) - ( 10x - 1y ) ) )
Fitness = 31.7890896877
Avg Fitness = 31.6324730553
Duplicated = 79
============================================================================
Evaluate Gen  35
New Population 847
Better than Dads 60
Best Ind: ( ( 1y - 1x ) * 1y )
Fitness = 15.8945448439
Worst Ind: ( ( ( ( 3y * 8y ) + 1x ) - 3y ) - ( ( 72.0 * 1x ) - ( 10x - 1y ) ) )
Fitness = 31.7890896877
Avg Fitness = 31.6324730553
Duplicated = 80
============================================================================
Evaluate Gen  36
New Population 846
Better than Dads 59
Best Ind: ( ( 1y - 1x ) * 1y )
Fitness = 15.8945448439
Worst Ind: ( ( ( 18.0 + ( 10x - ( 8y + 37.0 ) ) ) * ( 4y - ( 1y * 67.0 ) ) ) - ( 10x - 1y ) )
Fitness = 31.7890896877
Avg Fitness = 31.6324730553
Duplicated = 80
============================================================================
Evaluate Gen  37
New Population 868
Better than Dads 50
Best Ind: ( ( 1y - 1x ) * 1y )
Fitness = 15.8945448439
Worst Ind: ( ( ( ( ( 2y - 4x ) - 6x ) + ( 1y + 74.0 ) ) + 4x ) - 1y )
Fitness = 31.7890896877
Avg Fitness = 31.6324730553
Duplicated = 80
============================================================================
Evaluate Gen  38
New Population 847
Better than Dads 40
Best Ind: ( ( 1y - 1x ) * 1y )
Fitness = 15.8945448439
Worst Ind: ( ( ( ( ( 2y - 4x ) - 6x ) + ( 1y + 74.0 ) ) - 3y ) - ( 10x - 1y ) )
Fitness = 31.7890896877
Avg Fitness = 31.6324730553
Duplicated = 80
============================================================================
Evaluate Gen  39
New Population 841
Better than Dads 52
Best Ind: ( ( 1y - 1x ) * 1y )
Fitness = 15.8945448439
Worst Ind: ( ( 7y - 1x ) - ( ( ( ( 44.0 - ( 5x * 61.0 ) ) + 6y ) * 2y ) - ( 97.0 - ( 50.0 - 1y ) ) ) )
Fitness = 31.7890896877
Avg Fitness = 31.6324730553
Duplicated = 79
============================================================================
Evaluate Gen  40
New Population 839
Better than Dads 51
Best Ind: ( ( 1y - 1x ) * 1y )
Fitness = 15.8945448439
Worst Ind: ( 10x - 1y )
Fitness = 31.7890896877
Avg Fitness = 31.6256544544
Duplicated = 79
============================================================================
Evaluate Gen  41
New Population 839
Better than Dads 50
Best Ind: ( ( 1y - 1x ) * 1y )
Fitness = 15.8945448439
Worst Ind: ( ( ( 41.0 * 1x ) + ( ( 61.0 + ( ( 6y * 1y ) - 44.0 ) ) - ( 3y * 7x ) ) ) - 1y )
Fitness = 31.7890896877
Avg Fitness = 31.5870467638
Duplicated = 79
============================================================================
Evaluate Gen  42
New Population 833
Better than Dads 48
Best Ind: ( ( 1y - 1x ) * 1y )
Fitness = 15.8945448439
Worst Ind: ( 1.0 - ( ( ( 3y * 5x ) + ( 56.0 - 16.0 ) ) - ( 10x - 1y ) ) )
Fitness = 31.7890896877
Avg Fitness = 31.5666499835
Duplicated = 79
============================================================================
Evaluate Gen  43
New Population 836
Better than Dads 59
Best Ind: ( ( 1y - 1x ) * 1y )
Fitness = 15.8945448439
Worst Ind: ( ( ( ( ( 2y * 7y ) * 2x ) * 31.0 ) + ( ( ( ( 2y - 5y ) * ( 7x - 8x ) ) + 6y ) + ( ( 6x - 3y ) - 4x ) ) ) - ( ( ( 3y * 5x ) + ( 56.0 - 16.0 ) ) - ( 10x - 1y ) ) )
Fitness = 31.7890896877
Avg Fitness = 31.5462532032
Duplicated = 79
============================================================================
Evaluate Gen  44
New Population 829
Better than Dads 52
Best Ind: ( ( 1y - 1x ) * 1y )
Fitness = 15.8945448439
Worst Ind: ( ( ( 7x + 6y ) * 18.0 ) - 1y )
Fitness = 31.7890896877
Avg Fitness = 31.5462532032
Duplicated = 80
============================================================================
Evaluate Gen  45
New Population 835
Better than Dads 56
Best Ind: ( ( 1y - 1x ) * 1y )
Fitness = 15.8945448439
Worst Ind: ( ( ( 3y * ( ( 13.0 + 6x ) - 1x ) ) + ( 56.0 - 16.0 ) ) - ( 10x - 1y ) )
Fitness = 31.7890896877
Avg Fitness = 31.5394346023
Duplicated = 78
============================================================================
Evaluate Gen  46
New Population 823
Better than Dads 51
Best Ind: ( ( 1y - 1x ) * 1y )
Fitness = 15.8945448439
Worst Ind: ( 9x - 1y )
Fitness = 31.7890896877
Avg Fitness = 31.5008269117
Duplicated = 76
============================================================================
Evaluate Gen  47
New Population 834
Better than Dads 56
Best Ind: ( ( 1y - 1x ) * 1y )
Fitness = 15.8945448439
Worst Ind: ( ( ( 7x * 1x ) + 4x ) - 1y )
Fitness = 31.7890896877
Avg Fitness = 31.4736115305
Duplicated = 77
============================================================================
Evaluate Gen  48
New Population 838
Better than Dads 53
Best Ind: ( ( 1y - 1x ) * 1y )
Fitness = 15.8945448439
Worst Ind: ( ( ( 3y * 7x ) - 10y ) - ( 10x - 1y ) )
Fitness = 31.7890896877
Avg Fitness = 31.3828179699
Duplicated = 78
============================================================================
Evaluate Gen  49
New Population 844
Better than Dads 68
Best Ind: ( ( 1y - 1x ) * 1y )
Fitness = 15.8945448439
Worst Ind: ( ( ( ( 3y * 2x ) + 1x ) - 3y ) - ( ( 72.0 * 1x ) - ( 10x - 1y ) ) )
Fitness = 31.7890896877
Avg Fitness = 31.2988430103
Duplicated = 68
============================================================================
Evaluate Gen  50
New Population 844
Better than Dads 79
Best Ind: ( ( 1y - 1x ) * 1y )
Fitness = 15.8945448439
Worst Ind: ( 7x - ( 10x - 1y ) )
Fitness = 31.7890896877
Avg Fitness = 31.2126231582
Duplicated = 69
