dataset_file= dataset/SR_circle.txt
population= 500
generations= 50
tournament_size= 7
cross_over= 0.6
mutation= 0.3
elitism= True
(50, 2)
============================================================================
Build initial population
ind: 1
( ( ( 17.0 + ( ( 45.0 * 9x ) - 2y ) ) - ( ( 10x + ( 64.0 + 7y ) ) * ( 4x + 9.0 ) ) ) - 8y )
ind: 2
( ( 5x - 81.0 ) - ( ( ( 8y + ( ( 80.0 + 34.0 ) - ( 51.0 * 65.0 ) ) ) + ( 62.0 - ( ( 65.0 - 32.0 ) - 3y ) ) ) - 64.0 ) )
ind: 3
( ( 8y + 66.0 ) * ( ( 51.0 + 49.0 ) - ( ( 1x * ( ( 48.0 + 4x ) - ( 6x + 4y ) ) ) - ( ( 64.0 + 67.0 ) - ( 2x - ( 20.0 - 3y ) ) ) ) ) )
ind: 4
( ( ( 7x + ( ( 58.0 + 46.0 ) + ( 5y - ( 79.0 - 1x ) ) ) ) + 7.0 ) - 9y )
ind: 5
( ( ( ( ( 1x - 10y ) * 9y ) * 25.0 ) + 81.0 ) - ( ( 9x + 7y ) * 10x ) )
ind: 6
( 75.0 - ( 26.0 * ( ( ( ( 2y - 15.0 ) + ( 15.0 + 100.0 ) ) + 1y ) + 10x ) ) )
ind: 7
( ( ( 4y + ( 1x * ( 72.0 * 6x ) ) ) - ( 3y + ( ( 52.0 * ( 28.0 - 7.0 ) ) - ( ( 30.0 * 6.0 ) - 61.0 ) ) ) ) - 55.0 )
ind: 8
( ( 8x - ( 5y * 3.0 ) ) * 3y )
ind: 9
( ( 8x - ( 32.0 + 4y ) ) - ( ( ( ( 4y * 5x ) - 5y ) - ( 4x - 98.0 ) ) - ( ( ( 40.0 + 8x ) * ( ( 4x - 41.0 ) * ( 2.0 - 3.0 ) ) ) - 56.0 ) ) )
ind: 10
( ( ( ( ( 23.0 + 91.0 ) - ( 10y - ( 7.0 * 6x ) ) ) - 5x ) * 6y ) + 9x )
ind: 11
( ( 5x * 3y ) + 67.0 )
ind: 12
( 57.0 - ( ( 86.0 * 5y ) * ( ( 29.0 + 6y ) - ( 10y - ( 4x + 65.0 ) ) ) ) )
ind: 13
( ( ( ( ( 82.0 + ( 73.0 * 66.0 ) ) - 62.0 ) + 3x ) + ( ( ( ( 11.0 - 5x ) - ( 4y - 31.0 ) ) + ( ( 86.0 * 10.0 ) * 7x ) ) + ( 6x * 10y ) ) ) - ( 6y * ( 8x * ( 5x - 3y ) ) ) )
ind: 14
( 4x - ( 9x * 6y ) )
ind: 15
( 5y * ( ( ( ( 64.0 - ( 12.0 * 22.0 ) ) * ( ( 4y - 93.0 ) + ( 3x * 70.0 ) ) ) + ( ( ( 1y + 52.0 ) - 81.0 ) + ( ( 64.0 + 10y ) * 81.0 ) ) ) * ( 3y - ( ( 9y * ( 35.0 * 7.0 ) ) + 8x ) ) ) )
ind: 16
( ( 4y + 6x ) + 2x )
ind: 17
( ( ( ( ( 2y - ( 3x + 74.0 ) ) + ( 95.0 - ( 90.0 * 3y ) ) ) * 9y ) + ( 100.0 + ( ( 8x + ( 57.0 * 9x ) ) + ( ( 3x - 97.0 ) - ( 4y + 41.0 ) ) ) ) ) - 5x )
ind: 18
( 7x + ( ( ( 10y * ( 51.0 + 23.0 ) ) + 4y ) + 2x ) )
ind: 19
( 5x * 3y )
ind: 20
( ( 70.0 - ( ( ( ( 59.0 - 47.0 ) + 42.0 ) + ( 5x + ( 2x * 7x ) ) ) + ( 10x + ( ( 3y + 96.0 ) * ( 2x - 7y ) ) ) ) ) - ( 6y + 39.0 ) )
ind: 21
( 18.0 - ( ( 8y - ( ( 1x - ( 47.0 * 3x ) ) * ( ( 8y * 6.0 ) - ( 8x * 10x ) ) ) ) + ( ( ( 5x * 1y ) * ( ( 55.0 * 1x ) - ( 43.0 * 4x ) ) ) + ( 72.0 * 5x ) ) ) )
ind: 22
( ( 95.0 + 5x ) + 3y )
ind: 23
( ( ( 8y + 88.0 ) * ( 3x - 9y ) ) + ( 73.0 * 10.0 ) )
ind: 24
( ( ( ( 7y - 10y ) * ( ( 8x + ( 3y - 19.0 ) ) + 6y ) ) + 99.0 ) + 3x )
ind: 25
( 24.0 * ( 8y - 7x ) )
ind: 26
( 2y * 8x )
ind: 27
( ( 49.0 * ( ( ( 61.0 + ( 88.0 + 2x ) ) + ( ( 57.0 - 82.0 ) * 60.0 ) ) - ( 9y - 9.0 ) ) ) - 62.0 )
ind: 28
( ( ( 68.0 - 3y ) * ( 47.0 - 1y ) ) - 9x )
ind: 29
( 94.0 + ( ( ( ( 63.0 - ( 4x + 8y ) ) + ( ( 56.0 - 95.0 ) - ( 73.0 * 10y ) ) ) + ( ( 7y * ( 2y * 5x ) ) + ( 61.0 - 9x ) ) ) * ( ( ( 13.0 - 5x ) - 6x ) * 43.0 ) ) )
ind: 30
( ( 71.0 - ( 8y * ( ( 99.0 * ( 9x + 4x ) ) - 6.0 ) ) ) * ( 2y - 100.0 ) )
ind: 31
( ( 2y + 10y ) * ( 4x * ( 97.0 * ( 37.0 - 61.0 ) ) ) )
ind: 32
( ( ( ( 36.0 * 6y ) - ( 71.0 + 3x ) ) - ( 40.0 + ( 39.0 + ( ( 56.0 + 1y ) * 7x ) ) ) ) - ( 8x - 53.0 ) )
ind: 33
( ( 61.0 - ( ( 34.0 - 5x ) + 54.0 ) ) - ( ( ( 81.0 * ( ( 9y * 9y ) * 5y ) ) - ( ( ( 9.0 - 78.0 ) - ( 4x - 3x ) ) + 10x ) ) * 85.0 ) )
ind: 34
( ( ( 21.0 * ( ( 92.0 + 35.0 ) * ( ( 7y - 14.0 ) * ( 80.0 * 7y ) ) ) ) - ( 3x - ( ( 1y - ( 9x + 9y ) ) - 9x ) ) ) + 2x )
ind: 35
( ( 42.0 * ( ( ( ( 2x - 2y ) + 55.0 ) * 70.0 ) * ( ( ( 100.0 * 98.0 ) * ( 2y * 47.0 ) ) - 10x ) ) ) + ( 7.0 - ( ( 7x * 6x ) + ( ( 84.0 * ( 1x + 26.0 ) ) + 68.0 ) ) ) )
ind: 36
( 87.0 * ( 92.0 + ( 22.0 + ( ( 57.0 * ( 3x + 6y ) ) * ( 6y - ( 4y - 23.0 ) ) ) ) ) )
ind: 37
( ( 84.0 + ( ( ( 8x + ( 9x + 77.0 ) ) * ( ( 2y * 45.0 ) - 19.0 ) ) - 79.0 ) ) * ( 1x - ( ( 9x + 9y ) - 90.0 ) ) )
ind: 38
( 99.0 - ( ( ( ( 19.0 + ( 20.0 - 8y ) ) * ( 5x + 3x ) ) * 53.0 ) + 8x ) )
ind: 39
( ( ( ( 46.0 - ( 35.0 * 94.0 ) ) - ( ( ( 7.0 - 69.0 ) + 2x ) * 5y ) ) + 8x ) - ( 33.0 - 10.0 ) )
ind: 40
( 65.0 + ( ( ( ( ( 6x * 5y ) - 7x ) * ( 43.0 + 30.0 ) ) - 27.0 ) - ( ( ( 20.0 - 3x ) - 83.0 ) * 46.0 ) ) )
ind: 41
( 1y - ( ( ( 2.0 - 79.0 ) - 8x ) - 50.0 ) )
ind: 42
( ( ( 3y * 8y ) * ( 81.0 + ( 10y + ( ( 96.0 + 8x ) + 54.0 ) ) ) ) - 44.0 )
ind: 43
( ( ( 78.0 * 96.0 ) * ( 5y * 5y ) ) - ( ( ( ( ( 7x * 82.0 ) - 35.0 ) * 8.0 ) + ( 1x - 7y ) ) + 51.0 ) )
ind: 44
( ( ( 9y + ( ( ( 5y - 71.0 ) + 31.0 ) - ( ( 69.0 + 8x ) - 84.0 ) ) ) - 2y ) + 43.0 )
ind: 45
( ( 4x + 79.0 ) * 9y )
ind: 46
( ( ( 26.0 + ( ( 91.0 * ( 9y * 33.0 ) ) * 9y ) ) + 7y ) * ( ( 64.0 * ( 72.0 * ( 3x + 4y ) ) ) * ( ( 8y + 6x ) * ( 3x - ( ( 99.0 * 9x ) * 3x ) ) ) ) )
ind: 47
( ( 26.0 * ( ( ( 8y - 66.0 ) - ( ( 11.0 + 77.0 ) - ( 6y * 10x ) ) ) * 17.0 ) ) - ( 28.0 + ( 3y - ( 15.0 - 3y ) ) ) )
ind: 48
( ( 9y * 99.0 ) * 9x )
ind: 49
( 4x - ( 3y - 3y ) )
ind: 50
( 9x + ( 80.0 - ( ( ( 3x + 90.0 ) * ( 58.0 - 1x ) ) + 8y ) ) )
ind: 51
( 74.0 + ( ( ( 83.0 - 1x ) - ( 8x + 1y ) ) + 77.0 ) )
ind: 52
( 6x + ( ( ( ( ( 13.0 - 25.0 ) + 55.0 ) * ( ( 7x + 83.0 ) - ( 10x * 4x ) ) ) + 6y ) * ( 7x - 4x ) ) )
ind: 53
( ( 4x - ( 1x - ( 85.0 - ( 2y * 21.0 ) ) ) ) * 48.0 )
ind: 54
( 86.0 * ( ( 60.0 * 78.0 ) * ( 8x + 8y ) ) )
ind: 55
( 3x + ( ( ( 10.0 * ( 14.0 * ( 39.0 + 7x ) ) ) + ( 60.0 * 47.0 ) ) + ( 6y + ( 44.0 + 19.0 ) ) ) )
ind: 56
( ( 13.0 * 3y ) * 4x )
ind: 57
( ( 76.0 - ( ( 23.0 - ( 49.0 * ( 54.0 - 21.0 ) ) ) * ( 83.0 - 9y ) ) ) + ( ( ( 7x + 3x ) + 4x ) - 3x ) )
ind: 58
( 74.0 * ( ( ( ( ( 5y * 1x ) + 7x ) + ( 2y - 3y ) ) * 24.0 ) * ( ( 44.0 + 10y ) - 1y ) ) )
ind: 59
( ( ( ( ( ( 8x * 3x ) - ( 10y * 3y ) ) - ( 6.0 - 9y ) ) - ( 1x - ( 5.0 + ( 2x * 7y ) ) ) ) + 68.0 ) + 9y )
ind: 60
( 10x - ( ( ( 7y * ( 68.0 - ( 2x * 25.0 ) ) ) * 6y ) * 3y ) )
ind: 61
( 10y + ( ( 2.0 - 2y ) + ( 6x - ( ( ( 2y - 4y ) - ( 1.0 - 45.0 ) ) * 9x ) ) ) )
ind: 62
( 5x * ( ( 3x - 5y ) - 68.0 ) )
ind: 63
( ( 83.0 + 8x ) - 2y )
ind: 64
( ( 4x * ( ( 3y - ( ( 2y + 8y ) + 50.0 ) ) + 5x ) ) * ( ( ( ( 8x + ( 84.0 * 10x ) ) + ( 6.0 + 76.0 ) ) + 1y ) - 7x ) )
ind: 65
( ( ( 95.0 - 38.0 ) - 9y ) - ( ( 55.0 - ( 9x * 2y ) ) + ( ( 10y - ( 45.0 * ( 3x + 6y ) ) ) + ( 9y + 85.0 ) ) ) )
ind: 66
( ( 58.0 + ( ( 4y * ( 2x + 2x ) ) * 48.0 ) ) - ( ( ( 4y + 8y ) - 88.0 ) * 9x ) )
ind: 67
( ( 67.0 - ( ( ( ( 4x * 89.0 ) + ( 36.0 * 6x ) ) * 4y ) * ( ( ( 55.0 * 8y ) - 6y ) - ( ( 77.0 * 10y ) - 6y ) ) ) ) - ( ( ( ( 41.0 - 10x ) - 64.0 ) - ( 6x + ( ( 74.0 - 1y ) * ( 5x + 4y ) ) ) ) - ( 82.0 - ( ( 9x - ( 82.0 + 20.0 ) ) - ( 4x - 41.0 ) ) ) ) )
ind: 68
( 5y * ( ( ( ( ( 37.0 * 38.0 ) + 6x ) * ( ( 7x * 5y ) * 1y ) ) - 87.0 ) * 1x ) )
ind: 69
( ( 1y - ( 7x * 10y ) ) - ( ( ( 6y + 10x ) * 33.0 ) + 64.0 ) )
ind: 70
( ( 3y + ( ( 7y - ( ( 1y - 1x ) - 87.0 ) ) - ( ( ( 93.0 * 95.0 ) + ( 39.0 - 16.0 ) ) * 5x ) ) ) - ( 7x + ( 1x * 7x ) ) )
ind: 71
( ( ( ( ( 1x - ( 5x * 45.0 ) ) * ( ( 5y - 83.0 ) * ( 6y + 49.0 ) ) ) * 39.0 ) + ( 7x - ( ( ( 63.0 * 4y ) * ( 1y - 4y ) ) * ( 10x * 46.0 ) ) ) ) - ( ( 9y - 45.0 ) + ( 58.0 + ( 5x + ( 6y + ( 5.0 * 31.0 ) ) ) ) ) )
ind: 72
( 18.0 + ( ( 1x + ( ( 94.0 + ( 9y * 10x ) ) - 3x ) ) * 55.0 ) )
ind: 73
( 3y + ( ( ( 6y - ( 8x * 3x ) ) * ( ( 1.0 * ( 5y + 6x ) ) - ( 10x * 1x ) ) ) * 16.0 ) )
ind: 74
( ( 7x * 53.0 ) + ( 69.0 + ( ( ( ( 36.0 + 27.0 ) + ( 9y + 34.0 ) ) - ( 83.0 + ( 10x - 19.0 ) ) ) * ( 3x + 6x ) ) ) )
ind: 75
( ( ( ( 66.0 * ( 7y + ( 3y - 54.0 ) ) ) + 92.0 ) - 2x ) * ( ( 5x * 6y ) * 32.0 ) )
ind: 76
( ( ( 10x * 9y ) * ( 7y + ( 85.0 * ( 57.0 - ( 8x + 10y ) ) ) ) ) + ( ( 7.0 + 9x ) - 6x ) )
ind: 77
( ( ( 4y * ( ( ( 1y - 1x ) - ( 8.0 - 7x ) ) + 76.0 ) ) + 55.0 ) + 7x )
ind: 78
( 10x + ( ( 5x - ( 3y - ( 8y + ( 37.0 + 9y ) ) ) ) * ( 54.0 - ( ( ( 74.0 - 57.0 ) * 16.0 ) + ( 28.0 + ( 65.0 * 21.0 ) ) ) ) ) )
ind: 79
( 7x + ( ( 7x + 61.0 ) * ( 81.0 + ( ( ( 9y - 4.0 ) * 8x ) + ( ( 4x - 4x ) * 2x ) ) ) ) )
ind: 80
( ( 6x * ( ( ( 9y + 3x ) * 42.0 ) + ( 22.0 * 7x ) ) ) - 34.0 )
ind: 81
( ( 7x + 1x ) + ( 7y + 2x ) )
ind: 82
( ( 2x + 8y ) + ( ( 1y * 3y ) - ( ( 86.0 * 9y ) - ( 78.0 + 58.0 ) ) ) )
ind: 83
( 4y * ( ( ( 82.0 * 26.0 ) - 9y ) + 4x ) )
ind: 84
( ( ( 7x + ( ( 6y + 39.0 ) - 68.0 ) ) - 9.0 ) * ( 2y * 39.0 ) )
ind: 85
( 6x + ( ( 80.0 * ( ( ( 69.0 + 65.0 ) * ( 1y + 77.0 ) ) * ( 3y * 8y ) ) ) + 9y ) )
ind: 86
( ( 25.0 * 10y ) * ( ( 1x + 8y ) - ( ( ( ( 8y * 87.0 ) + 59.0 ) + ( ( 40.0 + 1y ) + 71.0 ) ) - ( ( ( 7x * 4y ) * 9x ) * ( ( 90.0 + 2x ) + 59.0 ) ) ) ) )
ind: 87
( 8x * 7y )
ind: 88
( ( 77.0 + ( 87.0 - 1x ) ) - ( ( ( ( 3.0 * ( 6x * 54.0 ) ) * ( 57.0 * 1y ) ) * 6y ) - ( 1y + ( 88.0 * 52.0 ) ) ) )
ind: 89
( 5x * 4y )
ind: 90
( ( ( 2y + ( ( 15.0 * 29.0 ) + ( 1y * ( 12.0 * 56.0 ) ) ) ) + 1x ) + ( ( ( ( 1x * ( 3x + 45.0 ) ) * 84.0 ) + ( ( 14.0 * ( 51.0 - 7x ) ) + ( ( 5.0 * 54.0 ) + 3x ) ) ) * ( ( 30.0 + 19.0 ) * ( 38.0 * 83.0 ) ) ) )
ind: 91
( ( ( 4x + ( 6y * ( ( 5y + 50.0 ) - 67.0 ) ) ) * 6x ) - 63.0 )
ind: 92
( ( ( ( ( ( 36.0 + 74.0 ) - 54.0 ) * ( ( 6x + 9x ) - 8x ) ) + ( ( ( 3x + 8x ) * ( 31.0 + 6y ) ) + 7y ) ) + 18.0 ) + 62.0 )
ind: 93
( 1x + 2y )
ind: 94
( ( ( ( ( 9y - ( 6x * 10y ) ) * ( 40.0 + 65.0 ) ) * 10y ) - 100.0 ) * ( ( 4.0 + 3y ) + 3x ) )
ind: 95
( ( ( 89.0 - 9y ) * ( 6y * ( ( 6y * ( 78.0 - 6x ) ) - 10x ) ) ) - 11.0 )
ind: 96
( ( ( 5x * ( 69.0 * 5x ) ) - ( 10x + 85.0 ) ) * ( 2y * ( ( 2x + 7x ) + 2y ) ) )
ind: 97
( ( ( 71.0 + ( ( ( 6x + 6y ) + 68.0 ) - ( ( 2y + 84.0 ) + ( 67.0 * 13.0 ) ) ) ) + 30.0 ) - 33.0 )
ind: 98
( ( 5y - ( ( 7x - ( ( 2x - 3y ) * ( 9x * 61.0 ) ) ) + ( 64.0 + 2y ) ) ) + ( 62.0 + ( 5x * ( ( 5y - 77.0 ) + 5y ) ) ) )
ind: 99
( 10x * ( 6y - 100.0 ) )
ind: 100
( ( ( 8x + ( 8x - 5x ) ) - ( ( ( ( 6y - 4x ) + 94.0 ) + ( 7y + ( 2y - 1x ) ) ) * 4x ) ) * 98.0 )
ind: 101
( ( ( ( ( ( 9y - 28.0 ) * ( 1x * 12.0 ) ) + ( 65.0 + 8x ) ) - 3x ) * ( ( ( 6x * ( 10x - 2y ) ) - ( ( 6y + 80.0 ) - ( 67.0 + 7y ) ) ) + 18.0 ) ) * ( ( 7y - 37.0 ) + ( 93.0 + 4x ) ) )
ind: 102
( ( 1x * 3y ) - ( 6y - ( 17.0 * 77.0 ) ) )
ind: 103
( ( ( ( 32.0 + ( 49.0 - ( 48.0 - 19.0 ) ) ) - ( 3x - 8y ) ) + ( 19.0 - ( 1y * 5.0 ) ) ) - 1x )
ind: 104
( 9x * ( ( 2x * ( 61.0 - ( ( 30.0 + 67.0 ) - ( 9x - 18.0 ) ) ) ) * 6y ) )
ind: 105
( ( 37.0 + ( ( 31.0 * 61.0 ) + ( ( 85.0 - 2y ) - 51.0 ) ) ) * ( ( ( ( 4.0 + ( 4x + 82.0 ) ) - 28.0 ) + ( ( 4x - ( 76.0 - 37.0 ) ) * ( ( 6y + 3x ) - 47.0 ) ) ) + ( 94.0 * 90.0 ) ) )
ind: 106
( ( 2y - 1x ) + ( 40.0 * 10x ) )
ind: 107
( ( ( 59.0 * ( 10x * ( ( 22.0 - 6y ) * 96.0 ) ) ) + 43.0 ) - 43.0 )
ind: 108
( ( ( ( 3x * 76.0 ) + 44.0 ) + ( 9y + 3y ) ) - 2y )
ind: 109
( 90.0 - ( 19.0 * ( ( 54.0 * ( ( 4y * 75.0 ) - ( 79.0 * 9y ) ) ) * 8x ) ) )
ind: 110
( ( 6x - 7y ) - 44.0 )
ind: 111
( ( ( 70.0 - 2y ) * ( ( ( 7y - 88.0 ) + 5x ) - 26.0 ) ) - 62.0 )
ind: 112
( 3x + 8y )
ind: 113
( ( 4y + 1x ) * ( ( ( 58.0 * 92.0 ) * 96.0 ) * 27.0 ) )
ind: 114
( ( ( ( 5y + ( 83.0 + ( 4x * 5x ) ) ) - ( ( 54.0 - ( 7y + 6y ) ) * 47.0 ) ) + 65.0 ) + 3x )
ind: 115
( ( ( ( ( ( 6x + 25.0 ) + 4y ) * ( ( 14.0 - 3y ) - 1x ) ) + ( ( ( 90.0 + 6y ) - ( 1x + 2y ) ) + 76.0 ) ) - ( 16.0 + ( 44.0 + 34.0 ) ) ) + ( 8x + 7x ) )
ind: 116
( ( 5x * ( 7y + ( ( 5y * 2x ) - ( 51.0 * 8y ) ) ) ) - ( ( 56.0 + 3x ) * 47.0 ) )
ind: 117
( ( ( 9x * 34.0 ) + 6y ) + ( ( 8y - ( ( 61.0 - ( 95.0 * 1.0 ) ) * 41.0 ) ) * 67.0 ) )
ind: 118
( ( ( 4y - ( ( 7y * ( 7y - 46.0 ) ) - 75.0 ) ) - ( 39.0 + 7x ) ) * 43.0 )
ind: 119
( ( ( 6y + ( 6x - 3x ) ) - 20.0 ) - ( 12.0 + ( 9x * 100.0 ) ) )
ind: 120
( 9x * ( ( ( ( ( 52.0 - 2y ) - ( 6y - 5x ) ) * 46.0 ) * 68.0 ) + 5y ) )
ind: 121
( ( ( ( ( ( 21.0 - 67.0 ) + 8x ) + ( 5y * ( 50.0 + 42.0 ) ) ) + ( ( 2x * ( 15.0 * 38.0 ) ) + ( 98.0 - 8y ) ) ) * 7x ) - ( ( 2x - 1y ) + 10x ) )
ind: 122
( ( ( ( ( 40.0 * ( 1x * 2y ) ) - 70.0 ) + 66.0 ) - 68.0 ) * ( ( ( ( 14.0 * ( 57.0 - 39.0 ) ) + ( ( 82.0 - 95.0 ) - 74.0 ) ) - 9y ) * 50.0 ) )
ind: 123
( 19.0 * ( ( ( ( ( 14.0 * 10x ) + 9y ) - 4x ) + ( ( ( 80.0 * 5y ) - ( 5y * 3x ) ) - ( 17.0 * 10y ) ) ) * 10y ) )
ind: 124
( ( ( 5x - 39.0 ) + ( ( ( 7.0 + ( 2y + 40.0 ) ) * ( ( 5x + 40.0 ) + 2y ) ) + ( ( 90.0 - ( 4y - 6y ) ) * ( 9y + 97.0 ) ) ) ) + 1y )
ind: 125
( 4y + ( 1x + ( 45.0 + 10y ) ) )
ind: 126
( ( 8x * ( ( 65.0 + 10y ) * 71.0 ) ) + 7x )
ind: 127
( ( ( ( 2x - ( 42.0 - ( 9x - 2x ) ) ) * ( ( 91.0 - ( 10y * 87.0 ) ) * ( ( 6x - 10y ) - 38.0 ) ) ) - ( 16.0 + 25.0 ) ) * ( ( ( ( 47.0 - ( 9x + 54.0 ) ) + 39.0 ) * 3x ) + ( 81.0 + ( ( 56.0 + ( 2x * 27.0 ) ) * 2x ) ) ) )
ind: 128
( ( ( 5y - 1y ) * ( 9y * 6x ) ) + 9x )
ind: 129
( ( 4y - 50.0 ) - ( 10y + 7x ) )
ind: 130
( 5x + ( 9y + 2y ) )
ind: 131
( ( 5x - 10y ) * ( 11.0 * 5y ) )
ind: 132
( ( ( 51.0 * 1x ) + ( ( 18.0 * 10x ) + 3y ) ) - 5x )
ind: 133
( ( ( 4y * ( 5.0 - 90.0 ) ) * ( 9y * 6y ) ) + ( 5y + ( ( ( ( 6y - 89.0 ) + ( 1x + 2y ) ) + ( 9x - 55.0 ) ) - 70.0 ) ) )
ind: 134
( ( ( 85.0 + ( ( 2y - 3y ) - ( 74.0 + 3x ) ) ) * 7x ) * 4x )
ind: 135
( ( ( 33.0 * ( 37.0 - ( ( 1y * 1y ) * 94.0 ) ) ) - ( 34.0 + ( 82.0 * ( ( 10x - 7y ) + ( 5x + 44.0 ) ) ) ) ) * ( 7y * ( 83.0 - 8y ) ) )
ind: 136
( 21.0 * ( 9y - ( 54.0 + ( 34.0 + 8x ) ) ) )
ind: 137
( ( 89.0 + 8x ) + 4y )
ind: 138
( 6x - 3y )
ind: 139
( ( ( ( ( ( 8x + 44.0 ) + ( 2y * 52.0 ) ) + 9y ) * 7y ) + ( ( 7y * ( 28.0 + ( 8y + 9y ) ) ) * ( ( 48.0 * 14.0 ) + 9x ) ) ) * 94.0 )
ind: 140
( ( 7y - ( ( 64.0 - 82.0 ) + 4x ) ) * 6x )
ind: 141
( ( ( ( ( ( 4.0 + 22.0 ) * 2x ) - ( 7y + 57.0 ) ) - 2x ) - ( 20.0 * 10x ) ) - ( 83.0 * ( ( 11.0 * 35.0 ) - 95.0 ) ) )
ind: 142
( ( ( ( 4x - ( ( 19.0 - 1y ) - 35.0 ) ) - ( 41.0 * 5y ) ) + 35.0 ) + ( ( 6x * ( 95.0 - ( ( 3x * 9y ) - 10.0 ) ) ) + 1y ) )
ind: 143
( 10y + ( 2x + ( 90.0 - ( 25.0 + ( ( 61.0 * 4x ) + 87.0 ) ) ) ) )
ind: 144
( 3y * ( ( ( 8y + ( 1y + ( 96.0 * 8x ) ) ) * ( 2y * 83.0 ) ) * ( ( ( ( 8x - 10x ) + 35.0 ) - 61.0 ) + 30.0 ) ) )
ind: 145
( 6.0 - ( ( ( 31.0 * ( 34.0 + 4y ) ) - 7x ) - 10.0 ) )
ind: 146
( 9y + ( 8y - ( ( 75.0 * ( 99.0 + ( 57.0 - 5y ) ) ) + ( 10y - ( ( 91.0 - 2x ) - 34.0 ) ) ) ) )
ind: 147
( ( ( ( 8x - ( ( 5y - 65.0 ) - ( 4y * 93.0 ) ) ) * 75.0 ) + ( 2y + ( 39.0 + ( 36.0 * ( 82.0 * 15.0 ) ) ) ) ) + 57.0 )
ind: 148
( 2y + 1x )
ind: 149
( 80.0 + ( ( 4y - 8x ) * 9y ) )
ind: 150
( ( 3y - 5x ) + 7y )
ind: 151
( ( 8x + 1y ) * ( ( ( ( ( 61.0 * 73.0 ) + 100.0 ) + 44.0 ) * ( 30.0 + ( 33.0 + ( 6x * 9x ) ) ) ) + ( ( ( 4y * 1y ) - 3x ) + 2x ) ) )
ind: 152
( ( 5x + ( 7y - 6y ) ) + 2y )
ind: 153
( ( ( ( ( 1y - 2x ) + ( 22.0 - ( 77.0 * 79.0 ) ) ) - 10y ) * ( 10y - ( ( 50.0 + 42.0 ) * ( 10y - ( 96.0 - 99.0 ) ) ) ) ) - ( 98.0 + 5x ) )
ind: 154
( ( ( ( 9y - ( ( 4x * 9y ) * 63.0 ) ) * ( ( ( 56.0 * 2y ) + ( 22.0 * 9y ) ) * ( 2x + ( 49.0 - 6x ) ) ) ) * ( ( 10y * 5x ) * 38.0 ) ) - ( 1y + 46.0 ) )
ind: 155
( 10y * ( 7x * 40.0 ) )
ind: 156
( 58.0 + ( 2y + ( ( ( 81.0 * ( 6y - 7y ) ) * ( ( 9y - 2x ) - ( 61.0 + 71.0 ) ) ) + 6x ) ) )
ind: 157
( 22.0 - ( 9y - 2x ) )
ind: 158
( ( ( ( ( ( 58.0 + 47.0 ) * ( 9y + 4y ) ) + 5x ) * ( ( 7y * 7y ) + ( 19.0 + 61.0 ) ) ) + 2y ) - ( 71.0 * ( ( 26.0 - 61.0 ) * ( 36.0 - 4x ) ) ) )
ind: 159
( ( 96.0 - ( 5.0 * ( ( ( 6y - 36.0 ) * 1x ) - 3.0 ) ) ) + 2x )
ind: 160
( ( ( 44.0 + ( ( ( 9x * 60.0 ) + ( 7y - 79.0 ) ) * 9y ) ) - 1x ) - 86.0 )
ind: 161
( ( ( 38.0 * ( 2y + ( ( 9y + 7x ) * 65.0 ) ) ) * 7x ) + 9x )
ind: 162
( ( ( ( ( 54.0 - 6x ) + 32.0 ) + 3x ) * 69.0 ) - ( ( ( ( ( 61.0 * 3x ) * 6x ) - ( 35.0 + 4y ) ) * 7y ) - ( ( 73.0 + ( ( 4.0 - 4x ) * ( 66.0 + 6y ) ) ) - ( 45.0 - ( 1x - ( 10y + 67.0 ) ) ) ) ) )
ind: 163
( 3x - ( ( 6y * ( 4y + 1x ) ) + 4y ) )
ind: 164
( ( 1x - 9y ) - ( 90.0 + ( ( ( ( 20.0 + 6x ) - 7x ) + 86.0 ) * ( 10.0 - ( ( 10y - 7x ) + ( 2y - 11.0 ) ) ) ) ) )
ind: 165
( 2x - ( 3x * 6y ) )
ind: 166
( 8x * ( ( ( ( 8.0 * 9x ) - 3y ) - ( 7x + ( ( 5x + 4x ) * ( 24.0 + 10x ) ) ) ) + ( ( ( 6y + ( 6y * 97.0 ) ) + ( 5x + ( 4x * 41.0 ) ) ) * 8x ) ) )
ind: 167
( ( 3y - 27.0 ) - ( ( 14.0 + 85.0 ) - ( ( ( ( 67.0 - 56.0 ) * 9y ) - ( ( 100.0 + 32.0 ) + ( 1y - 22.0 ) ) ) + ( 1y * ( 5y - 3x ) ) ) ) )
ind: 168
( ( 2x - ( ( 3x + 9y ) * 1x ) ) * ( ( 9y - 69.0 ) + ( ( 9x * 76.0 ) * 9y ) ) )
ind: 169
( ( 1x * ( ( ( ( 10.0 + 39.0 ) * ( 9x - 72.0 ) ) * 3x ) - ( 77.0 * ( 7y + 63.0 ) ) ) ) + 65.0 )
ind: 170
( ( ( 95.0 + ( ( 79.0 + 1x ) - ( ( 7x - 6.0 ) + 6x ) ) ) * 3y ) - ( 79.0 + 86.0 ) )
ind: 171
( ( ( ( 15.0 * 6x ) * 9x ) + ( ( 32.0 + 2y ) + 62.0 ) ) * 6.0 )
ind: 172
( 4y * ( ( ( 9y - 7x ) * ( ( ( 4x - 4.0 ) * ( 81.0 + 97.0 ) ) - ( 10y + ( 67.0 - 23.0 ) ) ) ) * 9y ) )
ind: 173
( 5x + ( ( ( ( 61.0 - ( 79.0 * 5y ) ) - 84.0 ) + ( ( ( 27.0 * 48.0 ) - 9y ) + ( ( 8.0 * 1x ) * ( 38.0 * 1y ) ) ) ) + ( ( 9x * 2x ) + ( ( ( 18.0 - 24.0 ) + ( 10x - 12.0 ) ) + ( ( 9x - 12.0 ) + 61.0 ) ) ) ) )
ind: 174
( ( 21.0 * ( ( ( 2x + 86.0 ) - ( ( 1x * 95.0 ) - 4y ) ) + 47.0 ) ) * ( 9y * 1x ) )
ind: 175
( ( 7.0 - ( ( 31.0 * ( ( 7x + 4y ) * ( 7y + 88.0 ) ) ) * 58.0 ) ) - ( 96.0 - 40.0 ) )
ind: 176
( ( ( 1y + 95.0 ) - 45.0 ) * 10x )
ind: 177
( 1y + ( ( ( ( ( 8y + 6x ) + 6x ) + ( 5x + ( 43.0 * 2.0 ) ) ) + 26.0 ) - 22.0 ) )
ind: 178
( ( 8x + 8x ) * 9y )
ind: 179
( ( ( ( ( ( 9y * 8x ) * ( 9x + 4x ) ) + 8y ) * ( 21.0 - ( 38.0 - 3y ) ) ) * 9x ) * 8y )
ind: 180
( ( ( ( 17.0 * 2x ) + 98.0 ) + 5x ) * ( 12.0 * 3y ) )
ind: 181
( 9x * ( 4y * ( ( ( ( 21.0 - 89.0 ) * ( 9x * 67.0 ) ) + ( ( 63.0 * 55.0 ) - ( 61.0 + 21.0 ) ) ) * ( 5x - ( ( 20.0 + 6x ) + ( 33.0 + 9x ) ) ) ) ) )
ind: 182
( 9x * ( ( ( 4y * 8y ) - 7x ) - ( 75.0 + 70.0 ) ) )
ind: 183
( ( 76.0 * ( ( ( ( 86.0 - 34.0 ) + ( 7.0 - 37.0 ) ) - 7x ) + ( 6x + 95.0 ) ) ) + ( 9y - ( 26.0 - 86.0 ) ) )
ind: 184
( ( ( 52.0 + 8x ) + 9x ) * ( 64.0 * ( ( ( 20.0 + ( 19.0 - 1y ) ) * 69.0 ) * 9y ) ) )
ind: 185
( 5x * 8y )
ind: 186
( ( 2.0 - ( 27.0 - ( ( 15.0 + 2y ) + ( 65.0 * 70.0 ) ) ) ) * ( 9x - ( 95.0 - ( 57.0 - ( ( 56.0 * 63.0 ) - ( 8x + 3x ) ) ) ) ) )
ind: 187
( ( ( 8x + ( ( ( 37.0 * 3x ) + ( 63.0 - 8y ) ) + ( 12.0 * 9y ) ) ) - 8x ) + ( ( 8x + 1y ) - ( ( ( ( 3.0 + 78.0 ) - ( 2y - 10x ) ) * ( 74.0 * 62.0 ) ) + 41.0 ) ) )
ind: 188
( ( 1x + ( ( ( ( 7y - 84.0 ) - 2y ) + 3x ) - ( 5x - ( 9y + 1y ) ) ) ) - ( 2x + 1x ) )
ind: 189
( 77.0 * ( ( ( 5x + ( 2x - 5y ) ) * 39.0 ) - 10.0 ) )
ind: 190
( 9y * 2x )
ind: 191
( ( ( 33.0 - 59.0 ) * 61.0 ) * ( ( 5y * ( 3y - 1y ) ) + ( ( ( 13.0 * ( 1x * 1y ) ) - 46.0 ) + ( ( 39.0 * 41.0 ) - 86.0 ) ) ) )
ind: 192
( ( ( 80.0 + 4y ) - 10x ) + ( 62.0 * ( ( 45.0 * 9x ) + ( ( ( 6y + 34.0 ) + 45.0 ) * ( ( 8y * 67.0 ) * ( 66.0 * 41.0 ) ) ) ) ) )
ind: 193
( ( 6y + 45.0 ) - ( 5x + 67.0 ) )
ind: 194
( ( 10y + ( ( ( ( 93.0 - 3y ) * ( 15.0 + 3x ) ) - 94.0 ) + 89.0 ) ) + 92.0 )
ind: 195
( ( ( 28.0 + ( ( 9x * ( 63.0 + 4.0 ) ) - 84.0 ) ) + ( 8x * 42.0 ) ) - ( ( ( ( 2x * ( 4x + 6x ) ) + ( ( 10x * 2x ) * 7y ) ) * 5x ) - ( ( 100.0 + 25.0 ) - 56.0 ) ) )
ind: 196
( ( 4y - ( ( 6y * ( ( 5x - 88.0 ) - 1y ) ) + ( 9y * ( 29.0 - 6x ) ) ) ) * 9y )
ind: 197
( ( ( ( ( 12.0 * ( 58.0 - 15.0 ) ) * ( ( 4y * 99.0 ) - ( 79.0 * 93.0 ) ) ) * ( 24.0 - ( ( 41.0 - 2y ) - 82.0 ) ) ) * ( ( 10.0 + ( 1x - 93.0 ) ) * ( 8x * 53.0 ) ) ) - ( 4y + ( ( ( 10x - ( 35.0 * 6y ) ) * 3y ) - ( ( ( 2y + 2x ) * 93.0 ) * ( 8y - ( 6x + 62.0 ) ) ) ) ) )
ind: 198
( ( ( 8x + 87.0 ) * 7y ) - 65.0 )
ind: 199
( ( ( ( ( 53.0 - 93.0 ) * 28.0 ) - ( 10x + 88.0 ) ) * 100.0 ) + ( 39.0 + ( 75.0 + ( ( 1x - ( 10y - 6y ) ) - ( ( 3y * 4y ) - 3y ) ) ) ) )
ind: 200
( ( ( ( ( ( 93.0 - 10x ) + 71.0 ) * ( 1x + 38.0 ) ) * ( 5x + ( ( 8x - 11.0 ) - 50.0 ) ) ) * 4y ) - 6x )
ind: 201
( 49.0 * ( ( ( 4x - ( 6.0 - ( 5y - 16.0 ) ) ) - 4x ) + 54.0 ) )
ind: 202
( 100.0 * ( 7x * ( 54.0 * 10y ) ) )
ind: 203
( 10x * ( ( 5y * 10y ) * ( 2y + ( ( ( 94.0 + 1y ) * 6x ) * 46.0 ) ) ) )
ind: 204
( 5y + ( ( 84.0 + ( ( 53.0 + ( 5y - 1x ) ) + 2.0 ) ) + 44.0 ) )
ind: 205
( ( 7x * ( ( 70.0 * 3y ) - ( 50.0 * 63.0 ) ) ) * ( 84.0 - ( ( 2x - 25.0 ) + 6.0 ) ) )
ind: 206
( 5y - ( ( 8x * ( 4x + ( ( 99.0 * 1y ) * ( 30.0 + 9.0 ) ) ) ) - 6y ) )
ind: 207
( 8x * ( ( 6y + ( ( ( 72.0 - 42.0 ) - ( 7x - 20.0 ) ) + 67.0 ) ) - ( 23.0 - ( 9y + 38.0 ) ) ) )
ind: 208
( ( ( ( 3y * ( ( 94.0 + 3x ) + 37.0 ) ) + 5y ) * ( ( ( 86.0 + ( 8x - 9x ) ) - ( ( 6x + 10y ) - ( 5y + 8x ) ) ) + ( 4x + ( ( 2x * 6x ) + ( 9y * 89.0 ) ) ) ) ) * 95.0 )
ind: 209
( 6x + 6y )
ind: 210
( ( 51.0 * ( 9y - ( ( 89.0 - ( 5y - 25.0 ) ) - 8y ) ) ) - 1x )
ind: 211
( ( ( ( 92.0 - 7x ) * ( 67.0 + ( 81.0 * ( 8x - 9y ) ) ) ) + ( ( 9y * 9y ) * 6x ) ) - ( 18.0 + 2y ) )
ind: 212
( 1x + ( 7.0 * ( 8x + ( ( ( 81.0 * 11.0 ) + 44.0 ) * ( 57.0 * ( 74.0 - 10y ) ) ) ) ) )
ind: 213
( 76.0 + ( ( 54.0 * ( ( 44.0 * ( 99.0 - 2.0 ) ) - ( ( 1y * 9y ) - ( 64.0 - 4y ) ) ) ) - 3x ) )
ind: 214
( ( ( 88.0 + 6y ) * ( ( 21.0 - ( 43.0 + 9x ) ) + 1x ) ) * 26.0 )
ind: 215
( ( 7x + ( 79.0 + ( 9y * ( ( 21.0 + 11.0 ) + ( 1x - 33.0 ) ) ) ) ) - ( 3x * 1.0 ) )
ind: 216
( ( ( 9x + ( ( ( 2y + 1y ) + 1y ) - 10x ) ) * ( ( 10y * ( ( 56.0 * 2y ) + ( 8x - 73.0 ) ) ) + ( 10x * ( 51.0 + ( 3x + 7x ) ) ) ) ) + ( 53.0 - ( ( ( ( 76.0 + 1y ) - 49.0 ) - 2.0 ) + 51.0 ) ) )
ind: 217
( ( 28.0 * ( 92.0 - ( 10x * ( ( 99.0 + 64.0 ) + 85.0 ) ) ) ) + 6y )
ind: 218
( 1y - ( 5x * ( ( ( ( 10x - 5x ) + 3y ) - ( ( 4y * 8y ) + 10y ) ) * 36.0 ) ) )
ind: 219
( ( ( ( 10y * 76.0 ) + 76.0 ) - ( ( 57.0 - 20.0 ) - 3.0 ) ) * ( 9y - ( 47.0 + ( ( 99.0 - ( 4y - 76.0 ) ) + ( ( 6x + 5y ) + 3y ) ) ) ) )
ind: 220
( ( 56.0 - ( ( 9x * ( ( 100.0 * 49.0 ) - 9x ) ) + ( 9x + ( 33.0 * ( 49.0 - 57.0 ) ) ) ) ) - ( ( 11.0 * ( 16.0 - ( ( 1x + 10x ) * 34.0 ) ) ) - ( 9y - ( 66.0 - 8x ) ) ) )
ind: 221
( ( ( ( ( 3.0 * 10y ) + ( ( 30.0 + 1y ) + 93.0 ) ) * 4y ) * 97.0 ) * ( 3x + 9x ) )
ind: 222
( ( 56.0 + ( ( 10.0 - ( 98.0 * 6x ) ) + ( ( 71.0 * ( 72.0 * 80.0 ) ) * 5x ) ) ) + ( 3y * ( 9y + ( ( 9y + 28.0 ) * 40.0 ) ) ) )
ind: 223
( 70.0 - ( ( ( ( ( 12.0 * 2x ) + 9y ) - 9y ) - 2y ) - 2y ) )
ind: 224
( 23.0 + ( 1y * 10x ) )
ind: 225
( ( 22.0 - ( ( ( ( 82.0 + 5x ) - 2x ) * ( 36.0 + ( 1y * 86.0 ) ) ) - ( 36.0 - 69.0 ) ) ) + 2y )
ind: 226
( ( ( 5x - ( 5y * 60.0 ) ) + ( ( 46.0 * ( 48.0 * 43.0 ) ) + 4y ) ) * 16.0 )
ind: 227
( ( 10x * 8y ) - ( ( ( 10x + ( ( 16.0 + 30.0 ) * 2y ) ) + 8x ) - 6x ) )
ind: 228
( ( 3y + 68.0 ) * 1x )
ind: 229
( ( 9x - ( ( 60.0 - ( 7y - ( 8y * 66.0 ) ) ) + 10y ) ) - ( ( 5y - ( 7x - ( ( 6x * 7y ) * 9x ) ) ) + 7x ) )
ind: 230
( ( ( 4x - 26.0 ) * ( 9y * 7y ) ) + 39.0 )
ind: 231
( ( ( 9y + ( ( ( 5.0 * 6x ) - ( 4x + 87.0 ) ) - 10y ) ) - 5x ) - 1y )
ind: 232
( 100.0 + ( ( ( ( 10x * ( 4x * 10.0 ) ) * ( 5x * ( 9y + 5x ) ) ) - ( 3y * ( 10y - 3.0 ) ) ) * 2y ) )
ind: 233
( ( ( 29.0 + ( 6x + 4y ) ) - 5y ) - ( ( 45.0 - 75.0 ) - ( ( 15.0 * 46.0 ) + 54.0 ) ) )
ind: 234
( ( 4y + ( ( ( 10x * ( 4x * 49.0 ) ) * 8y ) + ( 6y * 79.0 ) ) ) * ( ( ( 62.0 + ( ( 10.0 - 47.0 ) * ( 7y * 27.0 ) ) ) + ( ( 7x + ( 8y - 51.0 ) ) - 35.0 ) ) * 9x ) )
ind: 235
( 6x - ( ( 8x + ( 58.0 * 2x ) ) - ( ( ( 4x - 10x ) - 62.0 ) + ( ( 75.0 * ( 6x - 6x ) ) + 3y ) ) ) )
ind: 236
( 9x * ( 6y * 5x ) )
ind: 237
( 64.0 * ( 1y + ( 1y * ( ( ( 7y - 85.0 ) - ( 6x + 9x ) ) * ( ( 4x * 10x ) * 6x ) ) ) ) )
ind: 238
( ( 6x + 10y ) + 45.0 )
ind: 239
( ( ( ( 77.0 + 8y ) + ( ( ( 9y * 36.0 ) + ( 90.0 - 2y ) ) - 6x ) ) + 82.0 ) + 42.0 )
ind: 240
( ( ( ( ( 2x * 4x ) - 94.0 ) - 85.0 ) + 10x ) + ( 5y + 78.0 ) )
ind: 241
( ( ( 18.0 * ( ( ( 4y - 71.0 ) - ( 6.0 - 10x ) ) * 1x ) ) - ( 21.0 + 63.0 ) ) * 26.0 )
ind: 242
( ( ( 12.0 - 5x ) - ( 5x + ( 71.0 - 3y ) ) ) - 10x )
ind: 243
( ( 2y + 2y ) + ( ( ( 1y * 10x ) + 98.0 ) * ( 71.0 - ( ( 66.0 - ( 45.0 * 95.0 ) ) - ( 3y + ( 8x * 3x ) ) ) ) ) )
ind: 244
( ( ( 7y + ( 56.0 + 8x ) ) + ( ( 70.0 - 4x ) * ( 7.0 + 96.0 ) ) ) - 13.0 )
ind: 245
( 6x + ( ( 6x - 79.0 ) + ( ( 1y * 4y ) + 1y ) ) )
ind: 246
( 1x + ( ( 8x - 1y ) + ( ( ( ( 76.0 - 22.0 ) + ( 6x + 10x ) ) * ( 3y + 9.0 ) ) * 8x ) ) )
ind: 247
( 12.0 - ( 5x + 6y ) )
ind: 248
( ( ( ( ( ( 8y - 9x ) + ( 4y - 4y ) ) + ( 77.0 - ( 52.0 * 4.0 ) ) ) + ( ( 2x - ( 80.0 + 14.0 ) ) + ( 80.0 + ( 4y + 2y ) ) ) ) * 47.0 ) - ( 9y * 10.0 ) )
ind: 249
( ( ( ( ( 73.0 - ( 83.0 + 4y ) ) + ( ( 9y - 4x ) + 100.0 ) ) - 5y ) - ( ( 5y + ( 6y + ( 2y - 71.0 ) ) ) + 50.0 ) ) * 3.0 )
ind: 250
( ( 54.0 - 2y ) * 4x )
ind: 251
( ( ( 6x + ( 8x - 7y ) ) * ( 32.0 + 82.0 ) ) + 5x )
ind: 252
( 9x + ( ( ( 61.0 * 4y ) * ( 8x + ( ( 6x * 77.0 ) + ( 4x - 94.0 ) ) ) ) + 44.0 ) )
ind: 253
( ( ( ( ( 10x - 1x ) - ( 5x - 1y ) ) * ( ( 6x - ( 2x * 8y ) ) - 4x ) ) * 6y ) - ( ( 9y + ( 12.0 - ( ( 8x - 8y ) + 1y ) ) ) + 6y ) )
ind: 254
( ( ( ( ( 5x - 4y ) - ( 31.0 + ( 2y + 53.0 ) ) ) - ( 29.0 * ( 83.0 * ( 92.0 - 33.0 ) ) ) ) - 16.0 ) * 87.0 )
ind: 255
( 66.0 * ( ( 6x * 89.0 ) * ( 10y + ( ( 48.0 - 5x ) * ( 57.0 * ( 2x * 46.0 ) ) ) ) ) )
ind: 256
( ( ( ( ( ( 96.0 * 9y ) + ( 78.0 - 19.0 ) ) - 1x ) - ( ( 10x * 30.0 ) - 5y ) ) * 64.0 ) * 1y )
ind: 257
( 73.0 + ( ( 1x - 4y ) + ( 45.0 * 64.0 ) ) )
ind: 258
( 10x - ( ( ( ( ( 8y * 78.0 ) * ( 1y + 3.0 ) ) + ( 7.0 - 38.0 ) ) - 1x ) * 5.0 ) )
ind: 259
( ( 2x - ( 2y + ( ( 9y * ( 91.0 - 7y ) ) + 8y ) ) ) + ( 10y - ( 4y - ( 2x + 1x ) ) ) )
ind: 260
( ( 6x + ( ( 3x * 3y ) * ( ( 29.0 * ( 74.0 - 6x ) ) - 67.0 ) ) ) + ( ( 99.0 - ( 87.0 * 37.0 ) ) + ( 49.0 + ( ( ( 48.0 - 6y ) + ( 2y * 91.0 ) ) - ( ( 46.0 * 10y ) * ( 12.0 + 20.0 ) ) ) ) ) )
ind: 261
( ( 9y * 92.0 ) * 7x )
ind: 262
( ( ( 53.0 + 91.0 ) * ( ( 18.0 * 10y ) - ( 54.0 - 56.0 ) ) ) + ( ( ( 6.0 - ( ( 59.0 - 78.0 ) - 9x ) ) + ( 7y * ( 2.0 - 80.0 ) ) ) + 5.0 ) )
ind: 263
( 74.0 * ( ( 6y * ( ( ( 1x - 7x ) * ( 8y * 8.0 ) ) - ( 7y * 3.0 ) ) ) - ( ( ( ( 3x * 20.0 ) - 53.0 ) * 1y ) - ( 10y + 9x ) ) ) )
ind: 264
( 8x + ( ( ( 6y - 30.0 ) + ( 10y - 6x ) ) + ( 6x + ( 23.0 + 5x ) ) ) )
ind: 265
( 10x * 8y )
ind: 266
( ( ( 6x + ( ( 95.0 - ( 6y + 31.0 ) ) + 2x ) ) + 32.0 ) + 18.0 )
ind: 267
( ( ( 82.0 + ( ( ( 68.0 - 8.0 ) - 21.0 ) + ( ( 68.0 * 80.0 ) - 2x ) ) ) * ( ( 5x - ( 7y + ( 86.0 - 5x ) ) ) - ( ( 11.0 * 20.0 ) * 87.0 ) ) ) + 90.0 )
ind: 268
( ( ( ( ( 29.0 - 6.0 ) - ( ( 3y * 4x ) - 45.0 ) ) * 3x ) - ( ( ( ( 45.0 + 47.0 ) + ( 5x * 24.0 ) ) + 9x ) - 8x ) ) + ( 45.0 - 3y ) )
ind: 269
( ( ( 97.0 - 6y ) * ( ( ( 9y * ( 55.0 + 1x ) ) - ( 2x - 4y ) ) + ( ( ( 6x * 92.0 ) + ( 10x * 99.0 ) ) - ( 6y - ( 27.0 + 36.0 ) ) ) ) ) + 60.0 )
ind: 270
( ( ( ( ( 11.0 + 1x ) * 89.0 ) - ( ( ( 78.0 + 42.0 ) - 5y ) * 6x ) ) - ( ( 6y + 38.0 ) + 7y ) ) * 44.0 )
ind: 271
( ( 61.0 - ( ( 3x + 6x ) * 3y ) ) + ( 66.0 * 72.0 ) )
ind: 272
( ( ( ( 97.0 + ( 41.0 + 49.0 ) ) + 75.0 ) - ( ( ( 2x + 6x ) * ( 77.0 * ( 46.0 * 2x ) ) ) - 34.0 ) ) - 10y )
ind: 273
( ( 5x + 1y ) * ( ( 19.0 + ( 98.0 - 44.0 ) ) + 18.0 ) )
ind: 274
( ( ( 81.0 - ( 97.0 + 62.0 ) ) + 7y ) * ( 1x * ( 3y + ( 64.0 * 9x ) ) ) )
ind: 275
( 1x + 9y )
ind: 276
( 4y * ( 8x * 35.0 ) )
ind: 277
( 43.0 - ( ( ( ( 59.0 + 31.0 ) + ( ( 5x * 80.0 ) - ( 10x - 5y ) ) ) - ( ( 6y - ( 38.0 * 84.0 ) ) - ( 99.0 * ( 10x * 80.0 ) ) ) ) + 5x ) )
ind: 278
( ( ( ( 2y - 53.0 ) * ( 6y + ( 7y - 27.0 ) ) ) - ( ( ( 5x - 29.0 ) * 7y ) + 97.0 ) ) + ( ( ( ( ( 96.0 - 5y ) * 3y ) + 1x ) * 8x ) - 5x ) )
ind: 279
( ( 1y + ( ( 9y - ( ( 26.0 - 1y ) * ( 9y * 5x ) ) ) * 60.0 ) ) - 7y )
ind: 280
( ( 2x - ( ( ( 76.0 * ( 3x - 96.0 ) ) - ( 11.0 - 5x ) ) - 3y ) ) + 50.0 )
ind: 281
( ( ( ( ( 2y * 32.0 ) + 2x ) + ( 7y - 20.0 ) ) - 7y ) - ( ( ( 65.0 - ( ( 3x + 4y ) * 8x ) ) - ( ( ( 3x * 8y ) * ( 88.0 * 4y ) ) + 8y ) ) - ( ( ( ( 68.0 * 7x ) - ( 88.0 * 4x ) ) + 3x ) - ( 2x - ( 60.0 * 4.0 ) ) ) ) )
ind: 282
( ( ( ( 66.0 * ( ( 6y * 13.0 ) - 23.0 ) ) - ( 8x * 7x ) ) * 63.0 ) * 6x )
ind: 283
( 7x + ( ( 28.0 * ( 3x * ( ( 5y - 61.0 ) + ( 54.0 * 74.0 ) ) ) ) * 10y ) )
ind: 284
( ( ( 7y - ( ( ( 10x - 94.0 ) * ( 86.0 - 72.0 ) ) + 93.0 ) ) + 43.0 ) + ( 60.0 + 4y ) )
ind: 285
( ( ( ( 33.0 - ( 7y - ( 88.0 + 6x ) ) ) - 10x ) * 3y ) - 29.0 )
ind: 286
( ( 2x - ( 44.0 + 57.0 ) ) + ( 7x * ( ( ( ( 76.0 * 4y ) - 92.0 ) - 44.0 ) + ( 91.0 * ( 4x + ( 6x - 8y ) ) ) ) ) )
ind: 287
( ( ( ( ( 71.0 + 97.0 ) + 88.0 ) * ( 10x * ( ( 71.0 + 88.0 ) * 9x ) ) ) + ( ( 5y - 7.0 ) - 6x ) ) * ( ( ( 6x + ( 9x * ( 89.0 - 14.0 ) ) ) - ( 7y - 2.0 ) ) - ( ( ( ( 7y * 6x ) - 57.0 ) + 10y ) * ( 3y * ( ( 35.0 * 9x ) * ( 6y * 69.0 ) ) ) ) ) )
ind: 288
( ( 5x * 10x ) - ( ( 8y - ( ( ( 10x - 94.0 ) - ( 9.0 - 2y ) ) * 74.0 ) ) * 10y ) )
ind: 289
( ( ( ( 87.0 * ( 87.0 + ( 1.0 * 13.0 ) ) ) + 57.0 ) - ( 5x - ( 1y - ( 8x * ( 4x * 8y ) ) ) ) ) * 9x )
ind: 290
( ( 2y - 7.0 ) * 9x )
ind: 291
( ( ( ( ( 2y - 2x ) * ( 8x + ( 7.0 + 4x ) ) ) * ( ( ( 44.0 * 8y ) + ( 23.0 + 61.0 ) ) * 4y ) ) * 87.0 ) - 5x )
ind: 292
( ( 10x * ( 10.0 - ( 2x * 14.0 ) ) ) - ( 3y + ( ( ( 4x - ( 4x + 24.0 ) ) + 60.0 ) - 2y ) ) )
ind: 293
( 2y + ( 29.0 - ( 64.0 * 7x ) ) )
ind: 294
( 7x - ( 7y - ( ( ( 1x - 54.0 ) - ( 54.0 + ( 88.0 + 56.0 ) ) ) + 10y ) ) )
ind: 295
( ( ( 99.0 + ( 56.0 - ( 3.0 - ( 6x * 94.0 ) ) ) ) - ( ( ( 8.0 - ( 10y * 10x ) ) * 25.0 ) * ( ( ( 4y - 4x ) + ( 3x * 9y ) ) + 31.0 ) ) ) * ( ( 7x + ( 16.0 * ( ( 9x * 2.0 ) - 9y ) ) ) + 7x ) )
ind: 296
( ( ( ( ( ( 8y + 10y ) * ( 1y - 5y ) ) + ( 100.0 + ( 1x - 9y ) ) ) * 5x ) - ( 64.0 * ( 99.0 + 48.0 ) ) ) * 10y )
ind: 297
( 92.0 - ( 10y - 6x ) )
ind: 298
( ( ( ( 3x * ( ( 24.0 + 3y ) - ( 76.0 + 5y ) ) ) + ( 2y * ( 9.0 * 72.0 ) ) ) + ( ( ( 98.0 + 81.0 ) + 1x ) - 7y ) ) - ( ( ( 89.0 + ( 86.0 + ( 73.0 + 23.0 ) ) ) - 5y ) - 4x ) )
ind: 299
( ( 33.0 - 15.0 ) - ( 1x * ( ( 4y * ( ( 8.0 + 9x ) + ( 60.0 * 61.0 ) ) ) * ( 5y - 28.0 ) ) ) )
ind: 300
( 5y + 7x )
ind: 301
( ( ( ( ( 38.0 * ( 7y - 10y ) ) - 56.0 ) - 27.0 ) - 5y ) * 10x )
ind: 302
( 2x + ( 5x + ( ( 5y - 9.0 ) + 9y ) ) )
ind: 303
( ( ( ( ( 36.0 * 1.0 ) * 1y ) * ( ( 80.0 - ( 96.0 * 10x ) ) - ( ( 8x * 88.0 ) * 66.0 ) ) ) * ( ( 43.0 + ( 10x + ( 7y + 5y ) ) ) - 79.0 ) ) * 30.0 )
ind: 304
( ( ( ( ( ( 66.0 * 8y ) - ( 51.0 + 79.0 ) ) + 15.0 ) - 3y ) * 9x ) * 1x )
ind: 305
( ( ( 8y - 3y ) * 6x ) * 20.0 )
ind: 306
( 6x - ( 17.0 + ( ( ( ( 3x * 2y ) * 3x ) * ( ( 83.0 + 3y ) - ( 29.0 - 70.0 ) ) ) + 48.0 ) ) )
ind: 307
( ( 74.0 + 7x ) + 1y )
ind: 308
( 86.0 - ( ( ( 4y - ( ( 56.0 + 59.0 ) + 18.0 ) ) * 10x ) + 7.0 ) )
ind: 309
( 9x * ( ( 1y * 51.0 ) * 9x ) )
ind: 310
( 7.0 - ( 7y + ( ( ( ( 9x * 97.0 ) + ( 44.0 + 10y ) ) * ( 83.0 * ( 34.0 + 2y ) ) ) + ( ( 55.0 + ( 8y - 78.0 ) ) - ( 3x + ( 52.0 * 88.0 ) ) ) ) ) )
ind: 311
( ( ( 6y + 8x ) * ( ( 6y + ( ( 4.0 - 1y ) - 90.0 ) ) * 3y ) ) - 75.0 )
ind: 312
( ( 91.0 - ( 6x * 2x ) ) - ( 48.0 - ( ( ( ( 5y + 3x ) - 8x ) * ( ( 43.0 - 45.0 ) + 7x ) ) * 3y ) ) )
ind: 313
( 85.0 * ( ( ( 40.0 * ( 7y + 5x ) ) - ( ( ( 73.0 + 25.0 ) - 1x ) + ( ( 7x * 1y ) + ( 47.0 + 52.0 ) ) ) ) - ( ( 92.0 + 6y ) + ( ( ( 48.0 + 3y ) - 4y ) - ( ( 42.0 - 44.0 ) - ( 6y * 7y ) ) ) ) ) )
ind: 314
( 1y + ( 9x * ( 34.0 + ( ( 7y * ( 70.0 * 10x ) ) * ( 30.0 - 29.0 ) ) ) ) )
ind: 315
( ( 3y * ( ( 9y + 79.0 ) - 18.0 ) ) * ( ( 18.0 + 5.0 ) * ( ( 99.0 - ( 6y - 9y ) ) - 2x ) ) )
ind: 316
( 94.0 - ( ( ( 36.0 + 10x ) * ( ( 27.0 * 94.0 ) + ( ( 7y + 10y ) * 2y ) ) ) * 5y ) )
ind: 317
( ( 10x + 6y ) - 51.0 )
ind: 318
( ( 3x - 94.0 ) + ( 62.0 - ( 8y + ( ( 10y + 61.0 ) * 1x ) ) ) )
ind: 319
( 9y - 5x )
ind: 320
( 10y + ( 21.0 + ( ( 1x * 3x ) - ( 5.0 * 6y ) ) ) )
ind: 321
( ( 5y - 7y ) - ( ( 19.0 + ( ( ( 79.0 - 10y ) - ( 11.0 - 6x ) ) * 38.0 ) ) + ( ( ( 32.0 * 8x ) * ( ( 63.0 + 77.0 ) + 79.0 ) ) * ( 6x - ( 13.0 * ( 2y - 60.0 ) ) ) ) ) )
ind: 322
( ( ( 55.0 * ( ( ( 3x * 32.0 ) - 33.0 ) * 25.0 ) ) + ( ( 8y - 47.0 ) * 8x ) ) + 9y )
ind: 323
( ( ( ( ( ( 10.0 - 19.0 ) + 2x ) * 8x ) * 8x ) + 20.0 ) - 2y )
ind: 324
( 3x - ( ( ( ( 64.0 - 6x ) - 3y ) + ( ( ( 16.0 - 7x ) * 10x ) - ( ( 4x * 7.0 ) * ( 8y * 2y ) ) ) ) - ( ( 48.0 * ( 7.0 * ( 39.0 * 37.0 ) ) ) - 2y ) ) )
ind: 325
( 76.0 * ( ( 33.0 - ( ( ( 2x + 17.0 ) + 4y ) - ( 3y - 4x ) ) ) * 17.0 ) )
ind: 326
( 44.0 - ( 3x - ( ( ( 39.0 * 86.0 ) - 2y ) + ( ( ( 65.0 * 34.0 ) + ( 97.0 + 86.0 ) ) - 70.0 ) ) ) )
ind: 327
( ( ( ( 70.0 * 11.0 ) * ( ( ( 5x * 2y ) + 2y ) - 37.0 ) ) + ( ( ( 9y * ( 10x - 9x ) ) - 2y ) * ( ( 2x + ( 6x + 7y ) ) + ( 55.0 + 5x ) ) ) ) * ( ( 47.0 - 3x ) * 18.0 ) )
ind: 328
( ( 69.0 * ( ( 4x * ( 1x + ( 49.0 + 70.0 ) ) ) - 2y ) ) - 6.0 )
ind: 329
( ( 31.0 * ( 6x + ( ( 94.0 + ( 5y - 60.0 ) ) * ( ( 84.0 + 6.0 ) * 6y ) ) ) ) - ( ( 3y + 88.0 ) - 10x ) )
ind: 330
( ( ( 8x + 7.0 ) + ( ( 75.0 - 5x ) + 5x ) ) + 8y )
ind: 331
( ( 80.0 * ( 5.0 - ( ( 1y - ( 1y + 9x ) ) + 36.0 ) ) ) - ( ( 1x * ( ( 54.0 + 56.0 ) + 3x ) ) + 65.0 ) )
ind: 332
( ( 3y * ( 37.0 - 28.0 ) ) - ( ( ( ( ( 9x - 31.0 ) * 13.0 ) * 73.0 ) * ( 5.0 * 34.0 ) ) - 35.0 ) )
ind: 333
( 94.0 - ( 12.0 - ( ( ( ( 96.0 + 7x ) + 3y ) - 54.0 ) - 16.0 ) ) )
ind: 334
( 78.0 - ( ( ( 79.0 + ( 8y - 2x ) ) * ( ( ( 2y + 8y ) * 2x ) * ( ( 5x - 44.0 ) + 8x ) ) ) * 3x ) )
ind: 335
( ( 5y * ( 10x - ( 1x - ( 4x - ( 31.0 - 3x ) ) ) ) ) - 37.0 )
ind: 336
( 7x * ( ( 28.0 * 42.0 ) - ( 33.0 * 4y ) ) )
ind: 337
( ( ( 80.0 - 10y ) + 40.0 ) + ( ( ( ( ( 2.0 * 60.0 ) - ( 2x - 51.0 ) ) * 10y ) - ( ( 3x - ( 2.0 - 2y ) ) - ( 24.0 * ( 51.0 + 27.0 ) ) ) ) + 1y ) )
ind: 338
( 5x + ( ( ( ( 53.0 * 70.0 ) + ( ( 91.0 * 2y ) + ( 27.0 * 85.0 ) ) ) + 18.0 ) + ( 1x - ( ( ( 10x * 6y ) + ( 10x - 87.0 ) ) * 10y ) ) ) )
ind: 339
( ( 100.0 * 8y ) * ( ( ( 9y + 8x ) + 3y ) + 1.0 ) )
ind: 340
( 35.0 - ( 10x - 2y ) )
ind: 341
( ( ( 8x * ( ( 7x + 1.0 ) * ( 2x - 8x ) ) ) + ( 18.0 * 67.0 ) ) * 7y )
ind: 342
( 74.0 + ( ( ( ( ( 50.0 - 19.0 ) * 3y ) * ( 3y * 4y ) ) + 10x ) * ( 1y - 3x ) ) )
ind: 343
( 4x * 7y )
ind: 344
( ( ( 2x - 6y ) * ( ( ( ( 99.0 - 14.0 ) + ( 10y * 23.0 ) ) * 9y ) + 63.0 ) ) + ( 4x - 1x ) )
ind: 345
( 7x - 4y )
ind: 346
( ( ( 50.0 + 10x ) * ( ( ( 1x - ( 5x * 65.0 ) ) * 57.0 ) * ( ( 2.0 - ( 3x + 85.0 ) ) + ( 10y - 7x ) ) ) ) - ( 6x + 6y ) )
ind: 347
( ( ( ( ( 4x * ( 5y - 10y ) ) * ( 98.0 + 71.0 ) ) + 3x ) * 1y ) + ( 1y * 3x ) )
ind: 348
( ( 8x * ( 94.0 * ( ( 4x + 6x ) - 73.0 ) ) ) - ( 92.0 + ( ( 8x + ( 82.0 - ( 8x * 7y ) ) ) * ( ( ( 95.0 - 10x ) * 5x ) * 1y ) ) ) )
ind: 349
( ( 6y - ( 58.0 + 2x ) ) - ( ( ( 33.0 - ( 51.0 * 4y ) ) - 3y ) + 7y ) )
ind: 350
( ( 77.0 - ( 6x - ( ( 40.0 + ( 1y + 24.0 ) ) - ( 61.0 * ( 6x - 2x ) ) ) ) ) + 10x )
ind: 351
( ( ( 5x + ( 64.0 + 9y ) ) * 8y ) + 57.0 )
ind: 352
( ( ( ( ( 5y + ( 10x + 98.0 ) ) * ( ( 70.0 + 8x ) - ( 23.0 + 98.0 ) ) ) * ( ( ( 55.0 - 82.0 ) + ( 67.0 - 92.0 ) ) - 1x ) ) + 4y ) * ( 25.0 - ( ( 3x - 2.0 ) - ( 53.0 - 10.0 ) ) ) )
ind: 353
( ( 4x + ( ( 34.0 * 5x ) - ( ( ( 6x - 10y ) - 5x ) * 8x ) ) ) - ( ( ( 8x - ( 10x - ( 1y + 8.0 ) ) ) - 44.0 ) + ( ( 28.0 - ( 61.0 * 49.0 ) ) * 4y ) ) )
ind: 354
( 10x * 2y )
ind: 355
( ( 6x - ( ( ( 34.0 * 8.0 ) - ( ( 17.0 + 85.0 ) - ( 51.0 - 14.0 ) ) ) - 5x ) ) + 3y )
ind: 356
( ( ( ( ( ( 18.0 - 2y ) - ( 73.0 + 1y ) ) - 87.0 ) * 4y ) + 1x ) - 1x )
ind: 357
( 1x * ( 95.0 + 8y ) )
ind: 358
( ( ( ( 96.0 * ( ( 3.0 + 18.0 ) * ( 13.0 + 1x ) ) ) - ( ( 75.0 * 1x ) + ( 7y + ( 7y * 5x ) ) ) ) - 6y ) * ( 69.0 - ( ( ( 7y + 1y ) + 5x ) - ( 18.0 - ( ( 8y * 1y ) * ( 17.0 + 9y ) ) ) ) ) )
ind: 359
( ( ( ( ( 7.0 - ( 21.0 * 1y ) ) + ( ( 7x - 9y ) + 12.0 ) ) * 7x ) + 46.0 ) * ( ( ( ( 16.0 + 6y ) * 24.0 ) * ( ( 9y - ( 3x + 2y ) ) * 84.0 ) ) - ( 5y * 1y ) ) )
ind: 360
( ( 4y + ( ( 68.0 - ( 5x - 72.0 ) ) - 32.0 ) ) + 26.0 )
ind: 361
( 8y + 8x )
ind: 362
( 6x - ( 47.0 - 7y ) )
ind: 363
( ( ( 5x - 7y ) - ( 9y + ( 1x + ( 48.0 * ( 77.0 - 24.0 ) ) ) ) ) + 1x )
ind: 364
( ( ( 6y + ( 1y * 40.0 ) ) * ( ( ( 52.0 * 9x ) + ( ( 55.0 - 7x ) * ( 43.0 * 77.0 ) ) ) * 100.0 ) ) + 54.0 )
ind: 365
( 5x - ( ( 7y + 6y ) - 9x ) )
ind: 366
( 6y * ( ( 1x - 28.0 ) * 27.0 ) )
ind: 367
( 88.0 - ( ( ( ( 1x + ( 19.0 + 56.0 ) ) - ( ( 49.0 * 7x ) - ( 5y - 89.0 ) ) ) * 3y ) + ( 92.0 * 4x ) ) )
ind: 368
( 1y * 9x )
ind: 369
( ( ( ( 60.0 - 8.0 ) + 1y ) + ( ( 6x - 41.0 ) - ( ( 8x + 32.0 ) - 14.0 ) ) ) * 47.0 )
ind: 370
( ( ( ( ( ( 64.0 * 99.0 ) * ( 86.0 + 100.0 ) ) * 96.0 ) - ( ( 8x + ( 6x * 5x ) ) * 7.0 ) ) - ( ( 9.0 + ( ( 10y - 7y ) + 7x ) ) - ( ( ( 9x * 6y ) + 7y ) - 10y ) ) ) - ( 96.0 * ( ( ( 7x - 7y ) - ( ( 18.0 - 56.0 ) * 93.0 ) ) * 4x ) ) )
ind: 371
( 4x - 7y )
ind: 372
( ( ( 6x + ( ( ( 82.0 + 91.0 ) - ( 8x - 10y ) ) + ( 7x + 6x ) ) ) + 88.0 ) * ( ( ( ( ( 54.0 - 2y ) + 40.0 ) - ( ( 8y * 30.0 ) + ( 8y * 3x ) ) ) * 84.0 ) - 10x ) )
ind: 373
( ( ( ( ( ( 6y + 3.0 ) * 56.0 ) - 3x ) + ( ( 5x + 5x ) - 98.0 ) ) + 1y ) * 6.0 )
ind: 374
( 10y + ( 1y * ( ( ( 10x + 9y ) * ( 87.0 * 93.0 ) ) * 5x ) ) )
ind: 375
( 3x - ( ( 6x - 48.0 ) + ( 2y * ( ( ( 72.0 * 8x ) * ( 8.0 * 3y ) ) + 73.0 ) ) ) )
ind: 376
( ( ( ( ( ( 43.0 * 21.0 ) - ( 5x * 89.0 ) ) - ( 7y - 39.0 ) ) * ( 31.0 - ( 87.0 + 8x ) ) ) * 7x ) + ( 42.0 + 9x ) )
ind: 377
( 10x * 8y )
ind: 378
( ( ( 1y - ( ( 5y + 59.0 ) * 6y ) ) * 26.0 ) + ( ( 56.0 + ( ( 56.0 - ( 4x * 21.0 ) ) - 4y ) ) - ( 10x - ( 5y - ( 1y - ( 6x * 7y ) ) ) ) ) )
ind: 379
( ( 63.0 - ( ( 85.0 * ( ( 4x - 3x ) - 6x ) ) - ( 28.0 + ( ( 7y * 8x ) + 5y ) ) ) ) + ( 85.0 - ( 15.0 * ( 20.0 - ( ( 3x - 10x ) + ( 9x * 9x ) ) ) ) ) )
ind: 380
( ( ( 32.0 - 16.0 ) + 6y ) * ( ( 3y + ( 4y - 6x ) ) + ( 2x - ( ( ( 4x * 65.0 ) * ( 99.0 + 30.0 ) ) * 5x ) ) ) )
ind: 381
( ( ( 69.0 * 5x ) - 9y ) * ( ( ( ( ( 77.0 + 46.0 ) + 19.0 ) + 1x ) * 5x ) - 3.0 ) )
ind: 382
( ( 77.0 - ( ( ( ( 6.0 - 88.0 ) + ( 5y - 1x ) ) - ( ( 2x * 4y ) * ( 4x - 3y ) ) ) * ( 5y * 74.0 ) ) ) * 4y )
ind: 383
( 6x - ( ( 5y - 4y ) - ( ( 4x * ( ( 18.0 - 9y ) * ( 92.0 - 4x ) ) ) - ( 4.0 + 3.0 ) ) ) )
ind: 384
( 5x + ( ( ( ( ( 1x + 1x ) * 86.0 ) * ( 47.0 + 66.0 ) ) * ( 6x * ( ( 7x - 3x ) + 60.0 ) ) ) + ( 8x + ( 5x + 9y ) ) ) )
ind: 385
( ( ( 49.0 * ( ( 56.0 - ( 8x * 2y ) ) + ( 67.0 - 5x ) ) ) * ( ( ( ( 40.0 * 1x ) + 8y ) * ( 2x - 34.0 ) ) * 1.0 ) ) + 4y )
ind: 386
( ( ( ( 4y * ( 69.0 + ( 2y - 5x ) ) ) * 90.0 ) - 3y ) + ( 4.0 + ( 40.0 - ( ( ( 96.0 - 7x ) - 93.0 ) - 97.0 ) ) ) )
ind: 387
( ( ( ( 1x + 72.0 ) * 6y ) * ( 10x - ( ( ( 6y * 38.0 ) - 5x ) + ( 5x * 90.0 ) ) ) ) - ( ( ( 6y + 5x ) - ( 9x - ( 39.0 + ( 54.0 * 7x ) ) ) ) * 32.0 ) )
ind: 388
( ( ( ( ( ( 3y * 65.0 ) - 4y ) + 48.0 ) - ( ( 8x - ( 4x - 6y ) ) + 47.0 ) ) - ( ( ( 8y + ( 1y + 8x ) ) * ( ( 8x * 8y ) - ( 84.0 * 2x ) ) ) + 8x ) ) * ( 72.0 + 2x ) )
ind: 389
( ( ( ( 2y * 36.0 ) - 64.0 ) + 89.0 ) - ( ( ( ( ( 32.0 * 61.0 ) * 46.0 ) - ( ( 1y * 4y ) - 7x ) ) * ( ( 3y + 6.0 ) * 14.0 ) ) * ( 9.0 * ( ( ( 15.0 * 9y ) - 69.0 ) - 36.0 ) ) ) )
ind: 390
( 2y + ( 77.0 + ( 2y - ( ( 6y - ( 8x - 1y ) ) - ( 71.0 * ( 4x * 93.0 ) ) ) ) ) )
ind: 391
( ( 10x * ( 93.0 - ( 7y * ( ( 50.0 * 9x ) * ( 58.0 * 7y ) ) ) ) ) + ( ( 7.0 * ( 5x + ( 53.0 * 59.0 ) ) ) - 51.0 ) )
ind: 392
( ( 64.0 - ( ( ( ( 92.0 * 34.0 ) * ( 5y - 8x ) ) * 1x ) * ( 3x - ( 25.0 - 46.0 ) ) ) ) + ( ( ( ( 69.0 + 7y ) - 9x ) + ( 1.0 * ( 3x * 27.0 ) ) ) * 5x ) )
ind: 393
( ( ( ( ( 71.0 * 7x ) - ( ( 52.0 - 1x ) * ( 66.0 * 10x ) ) ) + 66.0 ) * ( ( ( ( 76.0 * 52.0 ) * ( 7y * 78.0 ) ) - ( 55.0 * ( 18.0 * 82.0 ) ) ) - 5y ) ) + 86.0 )
ind: 394
( 60.0 * ( ( 96.0 - ( 1x * ( ( 10x - 73.0 ) - ( 58.0 - 39.0 ) ) ) ) + ( 4y + 2y ) ) )
ind: 395
( 9x + ( ( ( 6.0 + ( ( 94.0 - 57.0 ) - 95.0 ) ) + ( ( ( 36.0 + 51.0 ) + 4x ) - 95.0 ) ) * ( 1y - ( 17.0 - ( ( 3y - 90.0 ) * ( 10x * 33.0 ) ) ) ) ) )
ind: 396
( 9y - ( ( ( ( 3x * ( 1x + 3y ) ) * 7x ) + ( 2y - ( 1x * ( 1x - 48.0 ) ) ) ) - 1y ) )
ind: 397
( 6y * ( ( 54.0 * ( ( 9y * ( 4y * 100.0 ) ) + 6x ) ) + ( 7x - 20.0 ) ) )
ind: 398
( 4x - ( ( 5y + 13.0 ) * 49.0 ) )
ind: 399
( ( 5x + 80.0 ) - ( ( 56.0 - ( 4x - 9y ) ) - ( ( 3x + ( ( 9y + 87.0 ) * ( 16.0 + 72.0 ) ) ) - 42.0 ) ) )
ind: 400
( ( 4y + 15.0 ) + ( 4y * ( ( ( 58.0 - 1y ) * 13.0 ) - 7x ) ) )
ind: 401
( 79.0 * ( ( ( 6x - ( 2x + 10.0 ) ) * ( ( 8x + ( 67.0 - 2x ) ) + ( ( 28.0 + 94.0 ) - 100.0 ) ) ) - 7y ) )
ind: 402
( ( ( 8y * ( 67.0 + 5x ) ) + ( ( ( 58.0 + 2x ) * ( 96.0 - 22.0 ) ) + ( 2y + 29.0 ) ) ) + ( ( 93.0 - ( 4y + ( 3x - ( 26.0 * 67.0 ) ) ) ) * ( ( 10x - ( 6x * 46.0 ) ) + 38.0 ) ) )
ind: 403
( ( 55.0 * 7x ) - 6y )
ind: 404
( ( 10y - 6y ) * 3x )
ind: 405
( 10x - 8y )
ind: 406
( ( 9x - ( ( 8x * ( 57.0 * ( 5y - 4x ) ) ) * 70.0 ) ) - ( 8y - 11.0 ) )
ind: 407
( ( ( 49.0 - 5y ) - 2x ) * ( ( ( ( 6y - ( 66.0 + 87.0 ) ) - ( ( 8y + 2y ) * 6x ) ) + ( ( ( 9x - 63.0 ) * ( 94.0 * 22.0 ) ) * ( ( 5x - 10x ) - 31.0 ) ) ) - 49.0 ) )
ind: 408
( ( 8x - ( ( ( ( 86.0 + 37.0 ) * ( 25.0 * 24.0 ) ) + ( 10.0 * 43.0 ) ) - ( ( 48.0 - 8x ) - 10y ) ) ) - 1.0 )
ind: 409
( ( 56.0 * 2y ) + ( 98.0 - ( 82.0 * ( 41.0 - ( ( 49.0 + 77.0 ) - ( 7x + 6y ) ) ) ) ) )
ind: 410
( ( ( 17.0 - 5y ) + ( ( ( 7x * 34.0 ) * ( ( 3y + 85.0 ) - 9y ) ) + ( ( ( 59.0 - 39.0 ) - ( 8x + 46.0 ) ) + ( ( 7y * 35.0 ) + ( 75.0 * 42.0 ) ) ) ) ) + 6x )
ind: 411
( ( 3y - 10y ) + ( 87.0 * ( 3x - 4x ) ) )
ind: 412
( ( ( 52.0 - 4y ) * ( ( 4y + 35.0 ) * 6x ) ) * 3x )
ind: 413
( ( ( ( 1y + ( 4x - 4x ) ) + ( ( ( 2y * 39.0 ) - 82.0 ) * ( ( 68.0 * 38.0 ) + 1y ) ) ) * 82.0 ) - ( 86.0 - ( ( ( 6y + ( 3y + 4.0 ) ) - 5y ) * 8.0 ) ) )
ind: 414
( 7x + ( ( ( ( 2x * ( 81.0 + 12.0 ) ) + ( 2x - ( 3x + 7x ) ) ) - ( 73.0 * ( ( 76.0 - 6y ) + ( 73.0 + 99.0 ) ) ) ) - ( ( ( ( 20.0 * 20.0 ) - ( 58.0 - 4y ) ) - ( 4x + 40.0 ) ) * ( ( ( 25.0 - 1y ) - ( 25.0 + 7x ) ) * 10y ) ) ) )
ind: 415
( ( 2.0 - ( ( 1.0 * 88.0 ) + 2x ) ) * ( ( ( ( ( 8.0 * 8x ) + ( 18.0 - 9x ) ) - 100.0 ) - 11.0 ) * ( ( ( 44.0 - 10x ) + 10.0 ) * 7y ) ) )
ind: 416
( ( ( ( ( ( 4y * 6x ) + ( 5y + 5x ) ) * ( 51.0 * 8.0 ) ) - 8x ) - 4y ) * 92.0 )
ind: 417
( ( ( ( 2y - 6x ) * 45.0 ) + 22.0 ) + 80.0 )
ind: 418
( ( ( 57.0 - ( ( 8y - 7x ) - 19.0 ) ) - 10x ) - ( 8x * 2x ) )
ind: 419
( ( 36.0 - ( ( 90.0 * ( ( 1x + 38.0 ) - ( 1x * 99.0 ) ) ) - ( 74.0 + 9y ) ) ) - 5y )
ind: 420
( ( ( 2y + ( ( 6x - 10y ) + ( ( 43.0 * 10.0 ) - ( 10y - 9y ) ) ) ) - ( ( ( ( 6y + 7y ) - 1y ) * 73.0 ) - ( ( ( 67.0 * 1x ) - 88.0 ) * ( ( 2y + 1y ) + 6.0 ) ) ) ) * 54.0 )
ind: 421
( 45.0 + ( 89.0 * ( ( 10x * 64.0 ) + ( 97.0 * ( ( 30.0 - 7x ) * ( 6y * 2y ) ) ) ) ) )
ind: 422
( ( ( 6x - ( ( ( 9x * 6y ) - ( 35.0 - 58.0 ) ) + 19.0 ) ) + 41.0 ) + ( 10y + 48.0 ) )
ind: 423
( ( ( 10y - 3y ) + ( 6x + ( ( 98.0 * 89.0 ) - ( ( 85.0 + 71.0 ) + 6y ) ) ) ) + ( ( ( ( ( 52.0 - 100.0 ) + 62.0 ) + ( 75.0 - ( 2x + 68.0 ) ) ) - ( 82.0 + 7x ) ) * ( ( ( 5.0 - 6x ) * ( 62.0 + 1y ) ) + ( ( ( 50.0 + 6x ) + ( 50.0 - 55.0 ) ) - 4x ) ) ) )
ind: 424
( ( ( ( 91.0 * 6x ) + 47.0 ) - ( ( ( ( 7.0 + 7y ) * ( 5x + 72.0 ) ) + ( 82.0 * 4x ) ) + 91.0 ) ) - ( 80.0 - ( 3x * ( ( 10.0 + ( 47.0 + 43.0 ) ) * 5.0 ) ) ) )
ind: 425
( 9x + ( 1y - 7y ) )
ind: 426
( ( 22.0 * 33.0 ) - ( ( ( 46.0 - 44.0 ) + ( ( 5x + ( 28.0 * 6y ) ) * 8y ) ) * 1y ) )
ind: 427
( ( ( 3y * ( 2x - ( ( 23.0 * 64.0 ) - 20.0 ) ) ) * ( ( 78.0 + 32.0 ) - ( ( ( 3.0 * 3y ) * ( 4y + 28.0 ) ) * ( ( 59.0 + 36.0 ) + ( 10x + 9x ) ) ) ) ) - 76.0 )
ind: 428
( 32.0 + ( ( 8x + 70.0 ) - ( ( ( 7x * 5.0 ) + ( ( 36.0 - 9.0 ) + 9y ) ) - 56.0 ) ) )
ind: 429
( 9x + ( ( ( 95.0 * ( ( 34.0 - 45.0 ) + ( 4x - 85.0 ) ) ) - 7y ) + 56.0 ) )
ind: 430
( 1x + ( 89.0 * ( 10x + ( 3y * 73.0 ) ) ) )
ind: 431
( ( ( 2y + ( ( 18.0 * ( 3y - 4x ) ) * 54.0 ) ) * 6x ) + 2x )
ind: 432
( 2x * 5y )
ind: 433
( ( 1.0 + 78.0 ) * ( ( ( ( ( 6x + 86.0 ) + 99.0 ) - ( 33.0 + 7.0 ) ) - ( ( ( 8y - 21.0 ) - 25.0 ) * 1y ) ) - ( ( ( ( 4y + 2y ) + 3y ) + ( 23.0 * 8y ) ) * 10y ) ) )
ind: 434
( ( 2x + 8x ) * ( ( ( ( 3x * ( 70.0 + 27.0 ) ) * ( ( 9x + 8y ) * 26.0 ) ) - ( 58.0 - ( 4x - 86.0 ) ) ) - ( ( 3y - 27.0 ) - ( 5x * 37.0 ) ) ) )
ind: 435
( 29.0 - ( ( ( ( ( 27.0 - 9x ) - ( 89.0 + 10x ) ) + ( 9y * 7y ) ) + ( 7.0 + ( 8y - 3y ) ) ) + 3.0 ) )
ind: 436
( ( ( ( 5y - 62.0 ) - ( ( ( 4y * 40.0 ) - ( 2x * 62.0 ) ) * ( 100.0 * ( 4x * 85.0 ) ) ) ) - ( ( ( 60.0 - 9y ) * ( 4x - ( 93.0 - 7y ) ) ) + ( ( 24.0 + 63.0 ) * ( ( 5y * 70.0 ) + ( 68.0 + 2x ) ) ) ) ) - 46.0 )
ind: 437
( 20.0 * ( 9x * ( ( 6x - 7y ) - 23.0 ) ) )
ind: 438
( 3y + 6x )
ind: 439
( ( ( 8y - 10y ) * ( ( ( 7y + 16.0 ) * ( ( 85.0 * 39.0 ) + ( 3.0 * 46.0 ) ) ) * 2x ) ) * ( 95.0 + ( 92.0 - 35.0 ) ) )
ind: 440
( ( 9x + ( ( ( ( 2x + 6x ) + ( 1x + 4y ) ) + 10y ) + ( ( ( 10x - 4x ) + 32.0 ) + ( 9y * 54.0 ) ) ) ) - ( 67.0 - 10y ) )
ind: 441
( ( ( 5y * ( ( 10x - 72.0 ) + ( ( 10y * 8y ) * ( 16.0 * 40.0 ) ) ) ) - ( ( 3y + 6y ) - 95.0 ) ) + ( 7x + ( ( 8x + ( 64.0 * 16.0 ) ) * ( 3y - ( ( 87.0 + 33.0 ) + 6y ) ) ) ) )
ind: 442
( ( 68.0 - ( 6x + 2y ) ) * ( ( ( 23.0 + 8x ) + 3y ) * ( 43.0 + 5y ) ) )
ind: 443
( 1x * 3y )
ind: 444
( ( 3y - ( ( ( ( 55.0 + 1x ) * ( 12.0 * 6y ) ) + 6x ) - 64.0 ) ) * ( 1x + ( 5y - 8y ) ) )
ind: 445
( ( 6x - 5y ) * ( ( 1y * 37.0 ) + 62.0 ) )
ind: 446
( ( 7y * ( 3x * 93.0 ) ) - ( ( ( 6x * 16.0 ) * 45.0 ) * ( 6x - ( 72.0 - ( ( 6x + 81.0 ) * 9y ) ) ) ) )
ind: 447
( ( ( 8x - ( 2y + ( ( 89.0 - 84.0 ) - ( 25.0 - 4x ) ) ) ) + 17.0 ) - ( ( ( 6x + 9x ) - 76.0 ) * 8x ) )
ind: 448
( ( 50.0 - 10y ) - ( 7.0 + 1x ) )
ind: 449
( ( 10y + 65.0 ) + 1x )
ind: 450
( ( ( ( ( ( 4x + 74.0 ) - ( 8y + 87.0 ) ) - 4x ) - ( 75.0 * ( ( 82.0 * 3.0 ) * ( 6x - 9x ) ) ) ) + ( 41.0 - ( ( ( 3y + 1.0 ) * ( 1x * 7x ) ) - 1y ) ) ) + ( 4y - ( ( 9.0 - ( ( 8y + 99.0 ) * 45.0 ) ) + 67.0 ) ) )
ind: 451
( ( 3x + 40.0 ) + ( ( ( 1y + ( ( 96.0 - 3x ) - 89.0 ) ) + 7x ) + 31.0 ) )
ind: 452
( ( 10x + 57.0 ) - ( ( 7x * 1y ) + 41.0 ) )
ind: 453
( ( 1x - 20.0 ) - ( 7y - 1.0 ) )
ind: 454
( 7y * ( 6y + ( ( ( 24.0 * 2x ) - ( 5y + ( 10y * 4y ) ) ) + ( ( ( 6x * 9x ) + 4x ) * 6y ) ) ) )
ind: 455
( ( ( 1y * ( ( 89.0 + 1y ) * ( 10x * 61.0 ) ) ) - 7x ) * 83.0 )
ind: 456
( ( ( 52.0 - ( 27.0 - ( ( 8y + 2x ) - ( 6x - 10y ) ) ) ) + 51.0 ) * 9y )
ind: 457
( 7x + ( ( 5x * ( ( ( 77.0 * 3y ) * 2x ) + 1y ) ) * ( ( ( 11.0 + 11.0 ) - 31.0 ) + 75.0 ) ) )
ind: 458
( ( ( ( ( ( 2x - 1x ) + 9x ) + 44.0 ) - 68.0 ) - ( ( 3.0 + 4y ) + 2y ) ) - ( ( 9x - 8x ) - 63.0 ) )
ind: 459
( ( 4y + ( 6x - ( ( ( 2y - 8.0 ) + 1y ) - ( 52.0 + ( 7.0 + 43.0 ) ) ) ) ) * ( ( ( ( ( 10x + 2y ) * ( 3x + 4x ) ) - 47.0 ) - 65.0 ) + ( ( ( ( 58.0 * 10x ) - 8y ) * ( 88.0 - ( 9.0 + 7x ) ) ) + ( 68.0 + 75.0 ) ) ) )
ind: 460
( ( 6x + ( ( 6y - ( ( 9x + 2x ) * 24.0 ) ) * ( 9x - 67.0 ) ) ) + 6x )
ind: 461
( ( ( ( ( 7x + 4y ) - ( 6y + 89.0 ) ) + 6x ) * ( ( ( ( 72.0 * 90.0 ) - 4x ) - ( 10y + 9x ) ) * ( ( 4y - 2y ) + ( ( 21.0 - 90.0 ) * ( 10y - 94.0 ) ) ) ) ) * ( ( 4.0 + ( ( ( 6y * 88.0 ) + 26.0 ) * ( ( 2x * 5.0 ) * 2y ) ) ) * ( ( ( ( 3x - 54.0 ) + 12.0 ) - 72.0 ) - ( ( ( 85.0 * 78.0 ) * ( 2y - 63.0 ) ) + ( 9y - ( 2x * 11.0 ) ) ) ) ) )
ind: 462
( ( 94.0 + ( 9.0 - ( ( ( 35.0 * 16.0 ) + 44.0 ) - 9x ) ) ) + ( ( 81.0 - ( 29.0 * ( ( 95.0 * 4y ) + 1x ) ) ) + 69.0 ) )
ind: 463
( ( ( ( ( 10y + 36.0 ) + 8.0 ) - 48.0 ) + 5x ) * ( ( ( ( ( 7y - 82.0 ) * ( 6y - 41.0 ) ) * ( 95.0 - 41.0 ) ) * ( 93.0 * 6y ) ) + ( 9x - ( 4.0 * ( 93.0 * 97.0 ) ) ) ) )
ind: 464
( 9x + ( 38.0 * 8y ) )
ind: 465
( 2x * ( ( ( ( 83.0 + 2y ) - 5.0 ) + ( ( 6x - 2x ) * 2y ) ) + ( 2y + 5y ) ) )
ind: 466
( 11.0 - ( ( ( 2x * ( 3y + 3x ) ) - 3x ) * 38.0 ) )
ind: 467
( ( 90.0 - ( 2y - 5x ) ) - ( ( ( 1y * ( 1x - 90.0 ) ) - 3x ) - ( ( ( ( 38.0 * 51.0 ) * 65.0 ) - 66.0 ) + ( 16.0 + ( 1x - ( 4x * 7y ) ) ) ) ) )
ind: 468
( ( 1y - ( ( ( ( 4y * 93.0 ) - ( 64.0 * 25.0 ) ) * 1y ) - 5x ) ) - ( 8x * 87.0 ) )
ind: 469
( ( 8x + ( ( ( 4.0 - 54.0 ) - ( ( 6x * 21.0 ) - 9y ) ) * ( 3y * ( 85.0 * ( 64.0 * 8.0 ) ) ) ) ) - ( 86.0 * ( ( 9x - 8x ) + ( 56.0 + 3y ) ) ) )
ind: 470
( 6y + ( ( 9x + 38.0 ) + 37.0 ) )
ind: 471
( ( ( 61.0 * 8y ) + ( 26.0 - ( 37.0 - 1x ) ) ) - ( 78.0 * ( 1x + 9y ) ) )
ind: 472
( ( ( 84.0 * 3.0 ) * ( ( 80.0 - ( ( 10y - 10x ) - ( 10.0 * 15.0 ) ) ) * ( 1x + 43.0 ) ) ) - ( ( 8y + ( 3x - ( ( 1y - 94.0 ) * 7y ) ) ) * 7y ) )
ind: 473
( ( ( ( ( ( 10x + 10x ) + ( 3x + 88.0 ) ) * 51.0 ) * ( 7y - 2x ) ) * ( ( ( 5y + ( 10y + 32.0 ) ) + ( ( 75.0 + 2y ) * ( 85.0 - 9.0 ) ) ) - ( ( 9y - ( 30.0 - 3x ) ) - ( 85.0 + ( 94.0 * 8y ) ) ) ) ) * ( 1x - ( ( 95.0 * ( 34.0 * 2x ) ) - 64.0 ) ) )
ind: 474
( 35.0 * ( 7y + ( 3y * ( ( ( 7y - 10x ) * 99.0 ) - 8x ) ) ) )
ind: 475
( ( ( ( ( ( 7x - 83.0 ) + 14.0 ) + 97.0 ) + ( ( ( 7y - 7x ) + ( 72.0 + 2x ) ) - 3.0 ) ) - ( 73.0 * 35.0 ) ) + 5x )
ind: 476
( 7x + ( ( ( 4x * ( 68.0 * 82.0 ) ) - ( ( ( 8x + 6y ) * 32.0 ) * 2.0 ) ) + ( ( 47.0 - ( ( 9x + 65.0 ) + ( 10x - 5y ) ) ) - ( 7x * 7y ) ) ) )
ind: 477
( ( ( 89.0 + 6x ) * ( ( 7y * ( ( 5.0 + 5x ) - 7y ) ) * 46.0 ) ) * ( ( ( ( ( 29.0 - 3y ) * 30.0 ) * ( ( 28.0 * 4x ) + ( 10y + 7y ) ) ) + 10x ) * ( 5y * 1x ) ) )
ind: 478
( ( 63.0 - ( 1y - 7x ) ) - ( ( ( 1x - 19.0 ) - ( ( ( 1y - 9y ) + ( 72.0 - 83.0 ) ) - 9x ) ) * ( ( ( ( 5x + 7y ) * ( 4x - 88.0 ) ) * ( ( 3x * 17.0 ) - ( 7x + 3y ) ) ) + ( ( ( 82.0 * 93.0 ) * 33.0 ) * ( ( 72.0 + 3y ) - ( 91.0 + 2y ) ) ) ) ) )
ind: 479
( ( ( ( ( 90.0 + ( 92.0 * 6y ) ) - 1x ) * 90.0 ) + ( ( ( ( 14.0 + 54.0 ) + ( 7x * 9y ) ) + ( 79.0 + ( 24.0 + 78.0 ) ) ) + 6y ) ) + 46.0 )
ind: 480
( ( 9y + ( 6x - 76.0 ) ) * ( 2y - 74.0 ) )
ind: 481
( ( 73.0 * ( 6x + 16.0 ) ) + 1y )
ind: 482
( ( 69.0 - ( 6.0 * ( ( 57.0 * 79.0 ) + ( ( 1x * 15.0 ) - 68.0 ) ) ) ) * ( 8x * 6y ) )
ind: 483
( ( ( 40.0 - 4y ) + 87.0 ) - ( 6.0 * ( 8y + ( 5x * 64.0 ) ) ) )
ind: 484
( 9x - ( 57.0 * 5y ) )
ind: 485
( ( 76.0 * ( 61.0 - ( 91.0 + 10y ) ) ) * 3x )
ind: 486
( 2y + ( ( 10x + ( 7y - ( ( 31.0 + 43.0 ) + ( 16.0 * 1x ) ) ) ) * ( 56.0 * 65.0 ) ) )
ind: 487
( ( ( 28.0 - ( 4y - 67.0 ) ) + 4x ) + 54.0 )
ind: 488
( 37.0 - ( ( ( 10y * ( 2.0 - ( 97.0 - 87.0 ) ) ) - ( ( ( 4y * 34.0 ) + 97.0 ) - 2y ) ) * 7x ) )
ind: 489
( ( ( 43.0 * 10x ) * ( ( 2x * ( 31.0 - 3x ) ) + ( ( ( 9y - 5y ) - ( 11.0 - 2y ) ) - ( ( 85.0 * 5y ) - 1x ) ) ) ) + 9x )
ind: 490
( ( ( 5y - ( ( ( 3y + 4y ) + 8y ) - 10y ) ) * ( ( ( 9.0 - 98.0 ) * ( 65.0 + 6.0 ) ) - ( ( 9x + ( 100.0 - 88.0 ) ) + ( ( 59.0 * 5y ) + 61.0 ) ) ) ) - 60.0 )
ind: 491
( 23.0 - ( 5y + 5x ) )
ind: 492
( ( 46.0 - ( 47.0 * ( ( ( 8y + 4x ) - ( 14.0 * 7y ) ) + ( ( 56.0 - 7x ) - 10x ) ) ) ) * 16.0 )
ind: 493
( ( ( ( ( 2y * 6y ) + 9y ) * ( 10.0 - ( 3x * 8x ) ) ) * 4y ) * ( ( 14.0 * ( ( ( 7x * 6y ) + ( 11.0 * 2y ) ) + ( 3y * 38.0 ) ) ) * ( 4y - ( ( 1y + 68.0 ) * 26.0 ) ) ) )
ind: 494
( ( ( ( ( 74.0 - 10x ) - ( 52.0 - 91.0 ) ) * 12.0 ) - 9y ) - 99.0 )
ind: 495
( 9y + ( 19.0 + 10x ) )
ind: 496
( 7x * 3y )
ind: 497
( ( ( 7.0 * 3y ) + 1x ) + ( 47.0 * 8y ) )
ind: 498
( 34.0 + ( ( ( ( 2y + 3x ) * ( 4y * ( 4x - 18.0 ) ) ) - 69.0 ) * 7y ) )
ind: 499
( ( ( 95.0 - 1x ) * ( 9x - ( ( 6y - ( 9x - 4x ) ) + ( ( 55.0 - 4.0 ) * ( 13.0 - 90.0 ) ) ) ) ) * 4y )
ind: 500
( ( ( 57.0 * ( 10y + ( 7x - 6y ) ) ) * ( 8y * ( 4x * ( 6y * ( 2x - 78.0 ) ) ) ) ) * 2x )
Best Ind: ( ( ( 9y + ( ( ( 5.0 * 6x ) - ( 4x + 87.0 ) ) - 10y ) ) - 5x ) - 1y )
Fitness = 31.7890896877
Worst Ind: ( ( ( ( ( 7x + 4y ) - ( 6y + 89.0 ) ) + 6x ) * ( ( ( ( 72.0 * 90.0 ) - 4x ) - ( 10y + 9x ) ) * ( ( 4y - 2y ) + ( ( 21.0 - 90.0 ) * ( 10y - 94.0 ) ) ) ) ) * ( ( 4.0 + ( ( ( 6y * 88.0 ) + 26.0 ) * ( ( 2x * 5.0 ) * 2y ) ) ) * ( ( ( ( 3x - 54.0 ) + 12.0 ) - 72.0 ) - ( ( ( 85.0 * 78.0 ) * ( 2y - 63.0 ) ) + ( 9y - ( 2x * 11.0 ) ) ) ) ) )
Fitness = 2.94452324737e+17
Avg Fitness = 5.90535757635e+14
Duplicated = 1
============================================================================
Evaluate Gen  1
New Population 687
Better than Dads 55
Best Ind: ( ( ( 9y + ( ( ( 5.0 * 6x ) - ( 4x + 87.0 ) ) - 10y ) ) - 5x ) - 1y )
Fitness = 31.7890896877
Worst Ind: ( 5x + ( ( ( ( 53.0 * 70.0 ) + ( ( 91.0 * 2y ) + ( 27.0 * 85.0 ) ) ) + 18.0 ) + ( 1x - ( ( ( 10x * 6y ) + ( 10x - 87.0 ) ) * 10y ) ) ) )
Fitness = 301150.0
Avg Fitness = 37080.8956315
Duplicated = 1
============================================================================
Evaluate Gen  2
New Population 703
Better than Dads 47
Best Ind: ( ( ( 9y + ( ( ( 5.0 * 6x ) - ( 4x + 87.0 ) ) - 10y ) ) - 5x ) - 1y )
Fitness = 31.7890896877
Worst Ind: ( 5y - ( ( 7x - ( ( 2x - 3y ) * ( 9x * 61.0 ) ) ) + ( 64.0 + 2y ) ) )
Fitness = 26306.3153578
Avg Fitness = 6531.32899936
Duplicated = 3
============================================================================
Evaluate Gen  3
New Population 679
Better than Dads 42
Best Ind: ( ( ( 9y + ( ( ( 5.0 * 6x ) - ( 4x + 87.0 ) ) - 10y ) ) - 5x ) - 1y )
Fitness = 31.7890896877
Worst Ind: ( ( ( ( 77.0 + 8y ) + ( ( ( 9y * 36.0 ) + 10y ) - 6x ) ) + 82.0 ) + 42.0 )
Fitness = 10050.0
Avg Fitness = 3133.50422293
Duplicated = 9
============================================================================
Evaluate Gen  4
New Population 678
Better than Dads 42
Best Ind: ( ( ( 9y + ( ( ( 5.0 * 6x ) - ( 4x + 87.0 ) ) - 10y ) ) - 5x ) - 1y )
Fitness = 31.7890896877
Worst Ind: ( ( ( 95.0 + 5x ) + 3y ) + ( ( 1y * 3y ) - ( 3x + 6x ) ) )
Fitness = 4750.0
Avg Fitness = 1968.89502517
Duplicated = 8
============================================================================
Evaluate Gen  5
New Population 683
Better than Dads 47
Best Ind: ( ( ( 9y + ( ( ( 5.0 * 6x ) - ( 4x + 87.0 ) ) - 10y ) ) - 5x ) - 1y )
Fitness = 31.7890896877
Worst Ind: ( ( 5x - 81.0 ) - ( ( ( 8y + ( ( 80.0 + 34.0 ) - ( 51.0 * 65.0 ) ) ) + ( 62.0 - ( ( 65.0 - 6y ) - 3y ) ) ) - 64.0 ) )
Fitness = 3200.0
Avg Fitness = 1502.71806524
Duplicated = 12
============================================================================
Evaluate Gen  6
New Population 683
Better than Dads 36
Best Ind: ( ( ( 9y + ( ( ( 5.0 * 6x ) - ( 4x + 87.0 ) ) - 10y ) ) - 5x ) - 1y )
Fitness = 31.7890896877
Worst Ind: ( ( 10x + 6y ) - 51.0 )
Fitness = 2550.0
Avg Fitness = 1123.14536802
Duplicated = 20
============================================================================
Evaluate Gen  7
New Population 696
Better than Dads 61
Best Ind: ( ( ( 9y + ( ( ( 5.0 * 6x ) - ( 4x + 87.0 ) ) - 10y ) ) - 5x ) - 1y )
Fitness = 31.7890896877
Worst Ind: ( ( ( 80.0 - 10y ) + 40.0 ) + ( ( ( ( ( 2.0 * 60.0 ) - ( 2x - 51.0 ) ) * 10y ) - ( ( 3x - ( 2.0 - 2y ) ) - 5x ) ) + 1y ) )
Fitness = 2000.0
Avg Fitness = 826.588989903
Duplicated = 25
============================================================================
Evaluate Gen  8
New Population 700
Better than Dads 61
Best Ind: ( ( ( 9y + ( ( ( 5.0 * 6x ) - ( 4x + 87.0 ) ) - 10y ) ) - 5x ) - 1y )
Fitness = 31.7890896877
Worst Ind: ( ( 5y - ( 7x - ( ( 6x * 7y ) * 9x ) ) ) - ( ( ( 2x * ( 3y + 3x ) ) - 3x ) * ( 4y + 15.0 ) ) )
Fitness = 1433.33739989
Avg Fitness = 550.981317602
Duplicated = 40
============================================================================
Evaluate Gen  9
New Population 713
Better than Dads 64
Best Ind: ( ( ( 9y + ( ( ( 5.0 * 6x ) - ( 4x + 87.0 ) ) - 10y ) ) - 5x ) - 1y )
Fitness = 31.7890896877
Worst Ind: ( ( ( ( 88.0 + 2x ) * ( ( ( 8x * 3x ) - ( 10y * 3y ) ) - ( 6.0 - 9y ) ) ) - 9y ) * ( ( ( ( ( 77.0 + 46.0 ) + 19.0 ) + 1x ) * 5x ) - 3.0 ) )
Fitness = 858.305421569
Avg Fitness = 392.127590052
Duplicated = 42
============================================================================
Evaluate Gen  10
New Population 696
Better than Dads 64
Best Ind: ( ( ( 9y + ( ( ( 5.0 * 6x ) - ( 4x + 87.0 ) ) - 10y ) ) - 5x ) - 1y )
Fitness = 31.7890896877
Worst Ind: ( 9x + ( ( ( 5x - ( ( 7y + 6y ) - 9x ) ) - ( ( ( 59.0 * 5y ) * ( 7y - 46.0 ) ) - 75.0 ) ) - ( ( ( ( 8x * 3x ) - ( 10y * 3y ) ) - 6y ) - 11.0 ) ) )
Fitness = 550.0
Avg Fitness = 315.215419331
Duplicated = 49
============================================================================
Evaluate Gen  11
New Population 707
Better than Dads 68
Best Ind: ( ( ( 9y + ( ( ( 5.0 * 6x ) - ( 4x + 87.0 ) ) - 10y ) ) - 5x ) - 1y )
Fitness = 31.7890896877
Worst Ind: ( 9y + ( ( ( 2x * ( 3y + 3x ) ) - 3x ) - ( 3x + 6x ) ) )
Fitness = 405.208993189
Avg Fitness = 269.491322554
Duplicated = 53
============================================================================
Evaluate Gen  12
New Population 705
Better than Dads 54
Best Ind: ( ( ( 9y + ( ( ( 5.0 * 6x ) - ( 4x + 87.0 ) ) - 10y ) ) - 5x ) - 1y )
Fitness = 31.7890896877
Worst Ind: ( ( 9x - ( ( 9y - ( 7y - 8y ) ) + 10y ) ) - ( 9y + 5x ) )
Fitness = 327.376979247
Avg Fitness = 251.76290196
Duplicated = 60
============================================================================
Evaluate Gen  13
New Population 719
Better than Dads 71
Best Ind: ( ( ( 9y + ( ( ( 5.0 * 6x ) - ( 4x + 87.0 ) ) - 10y ) ) - 5x ) - 1y )
Fitness = 31.7890896877
Worst Ind: ( 7x - ( ( ( 33.0 - ( 51.0 * 4y ) ) - 3y ) + 7y ) )
Fitness = 317.890896877
Avg Fitness = 239.927217225
Duplicated = 71
============================================================================
Evaluate Gen  14
New Population 716
Better than Dads 75
Best Ind: ( ( ( 9y + ( ( ( 5.0 * 6x ) - ( 4x + 87.0 ) ) - 10y ) ) - 5x ) - 1y )
Fitness = 31.7890896877
Worst Ind: ( 1x + 9y )
Fitness = 288.10180719
Avg Fitness = 227.725478419
Duplicated = 84
============================================================================
Evaluate Gen  15
New Population 713
Better than Dads 63
Best Ind: ( ( ( 9y + ( ( ( 5.0 * 6x ) - ( 4x + 87.0 ) ) - 10y ) ) - 5x ) - 1y )
Fitness = 31.7890896877
Worst Ind: ( 11.0 - ( ( ( ( ( 74.0 - 10x ) - ( 52.0 - 91.0 ) ) * 7x ) - 9y ) - 9y ) )
Fitness = 286.10180719
Avg Fitness = 218.054569403
Duplicated = 85
============================================================================
Evaluate Gen  16
New Population 702
Better than Dads 61
Best Ind: ( ( ( 9y + ( ( ( 5.0 * 6x ) - ( 4x + 87.0 ) ) - 10y ) ) - 5x ) - 1y )
Fitness = 31.7890896877
Worst Ind: ( 5y + 7x )
Fitness = 273.991847386
Avg Fitness = 202.018603921
Duplicated = 92
============================================================================
Evaluate Gen  17
New Population 729
Better than Dads 78
Best Ind: ( ( ( 9y + ( ( ( 5.0 * 6x ) - ( 4x + 87.0 ) ) - 10y ) ) - 5x ) - 1y )
Fitness = 31.7890896877
Worst Ind: ( ( ( ( 5y - ( 31.0 - 3x ) ) - ( 7y - 8y ) ) + 10y ) - 8x )
Fitness = 254.815537759
Avg Fitness = 190.553195786
Duplicated = 94
============================================================================
Evaluate Gen  18
New Population 728
Better than Dads 74
Best Ind: ( ( ( 9y + ( ( ( 5.0 * 6x ) - ( 4x + 87.0 ) ) - 10y ) ) - 5x ) - 1y )
Fitness = 31.7890896877
Worst Ind: ( 5x * ( 43.0 - 3y ) )
Fitness = 238.418172658
Avg Fitness = 178.378030583
Duplicated = 90
============================================================================
Evaluate Gen  19
New Population 711
Better than Dads 60
Best Ind: ( ( ( 9y + ( ( ( 5.0 * 6x ) - ( 4x + 87.0 ) ) - 10y ) ) - 5x ) - 1y )
Fitness = 31.7890896877
Worst Ind: ( ( 7x - 9y ) - ( ( 6x * 5y ) - 7x ) )
Fitness = 222.963595539
Avg Fitness = 169.503184711
Duplicated = 86
============================================================================
Evaluate Gen  20
New Population 721
Better than Dads 57
Best Ind: ( ( ( 9y + ( ( ( 5.0 * 6x ) - ( 4x + 87.0 ) ) - 10y ) ) - 5x ) - 1y )
Fitness = 31.7890896877
Worst Ind: ( ( ( ( 97.0 + ( 5x * 6y ) ) + 75.0 ) - ( ( ( 2x + 6x ) * ( 77.0 * ( 46.0 * 2x ) ) ) - 34.0 ) ) - ( 7.0 - ( ( 3.0 + 4y ) + 2y ) ) )
Fitness = 215.360905786
Avg Fitness = 156.82702537
Duplicated = 84
============================================================================
Evaluate Gen  21
New Population 717
Better than Dads 62
Best Ind: ( ( ( 9y + ( ( ( 5.0 * 6x ) - ( 4x + 87.0 ) ) - 10y ) ) - 5x ) - 1y )
Fitness = 31.7890896877
Worst Ind: ( ( ( 81.0 * ( 8x - 9y ) ) * 5y ) - ( ( ( 10x + ( ( 16.0 + 30.0 ) * 2y ) ) + 8x ) - 6x ) )
Fitness = 191.111653319
Avg Fitness = 149.491788881
Duplicated = 79
============================================================================
Evaluate Gen  22
New Population 716
Better than Dads 54
Best Ind: ( ( ( 9y + ( ( ( 5.0 * 6x ) - ( 4x + 87.0 ) ) - 10y ) ) - 5x ) - 1y )
Fitness = 31.7890896877
Worst Ind: ( ( ( 97.0 + ( 3y - 5x ) ) + ( ( 4y - 8x ) + 8x ) ) - ( 10y - ( 2x - 6y ) ) )
Fitness = 190.734538126
Avg Fitness = 141.235120075
Duplicated = 91
============================================================================
Evaluate Gen  23
New Population 737
Better than Dads 66
Best Ind: ( ( ( 9y + ( ( ( 5.0 * 6x ) - ( 4x + 87.0 ) ) - 10y ) ) - 5x ) - 1y )
Fitness = 31.7890896877
Worst Ind: ( 5y - 5x )
Fitness = 159.259711099
Avg Fitness = 134.682911516
Duplicated = 87
============================================================================
Evaluate Gen  24
New Population 737
Better than Dads 46
Best Ind: ( ( ( 9y + ( ( ( 5.0 * 6x ) - ( 4x + 87.0 ) ) - 10y ) ) - 5x ) - 1y )
Fitness = 31.7890896877
Worst Ind: ( ( ( 29.0 + ( 6x + 4y ) ) - ( ( ( ( 8y - 3y ) * 6x ) + 8x ) - 6x ) ) - ( 11.0 - 5x ) )
Fitness = 159.259711099
Avg Fitness = 132.340325586
Duplicated = 96
============================================================================
Evaluate Gen  25
New Population 727
Better than Dads 68
Best Ind: ( ( ( 9y + ( ( ( 5.0 * 6x ) - ( 4x + 87.0 ) ) - 10y ) ) - 5x ) - 1y )
Fitness = 31.7890896877
Worst Ind: ( ( ( 7y + ( ( 5y - 71.0 ) + 8x ) ) + ( 7y - ( 6x + 4x ) ) ) - 5x )
Fitness = 159.259711099
Avg Fitness = 129.365657726
Duplicated = 108
============================================================================
Evaluate Gen  26
New Population 742
Better than Dads 76
Best Ind: ( ( ( 9y + ( ( ( 5.0 * 6x ) - ( 4x + 87.0 ) ) - 10y ) ) - 5x ) - 1y )
Fitness = 31.7890896877
Worst Ind: ( 7x - 5y )
Fitness = 158.945448439
Avg Fitness = 125.608405121
Duplicated = 128
============================================================================
Evaluate Gen  27
New Population 746
Better than Dads 84
Best Ind: ( ( ( 48.0 + 4x ) - 2x ) * ( ( 51.0 + 49.0 ) - ( ( 1x * ( ( 48.0 + 4x ) - ( 6x + 4y ) ) ) - ( ( 64.0 + 67.0 ) - 1y ) ) ) )
Fitness = 31.7890896877
Worst Ind: ( ( ( 7x - 5y ) + ( 9y + 10x ) ) - 5y )
Fitness = 158.945448439
Avg Fitness = 119.367725161
Duplicated = 109
============================================================================
Evaluate Gen  28
New Population 734
Better than Dads 74
Best Ind: ( ( ( 48.0 + 4x ) - 2x ) * ( ( 51.0 + 49.0 ) - ( ( 1x * ( ( 48.0 + 4x ) - ( 6x + 4y ) ) ) - ( ( 64.0 + 67.0 ) - 1y ) ) ) )
Fitness = 31.7890896877
Worst Ind: ( ( ( ( 7x + 4y ) - ( 10y - 6x ) ) - 6x ) - ( 1x * 6x ) )
Fitness = 150.0
Avg Fitness = 109.897472688
Duplicated = 122
============================================================================
Evaluate Gen  29
New Population 727
Better than Dads 73
Best Ind: ( ( ( 48.0 + 4x ) - 2x ) * ( ( 51.0 + 49.0 ) - ( ( 1x * ( ( 48.0 + 4x ) - ( 6x + 4y ) ) ) - ( ( 64.0 + 67.0 ) - 1y ) ) ) )
Fitness = 31.7890896877
Worst Ind: ( ( ( 7x * 1y ) - 5y ) - ( ( ( 89.0 + ( 86.0 + ( 73.0 + 23.0 ) ) ) - 5y ) - 4x ) )
Fitness = 127.407768879
Avg Fitness = 103.235270045
Duplicated = 126
============================================================================
Evaluate Gen  30
New Population 725
Better than Dads 70
Best Ind: ( ( ( 48.0 + 4x ) - 2x ) * ( ( 51.0 + 49.0 ) - ( ( 1x * ( ( 48.0 + 4x ) - ( 6x + 4y ) ) ) - ( ( 64.0 + 67.0 ) - 1y ) ) ) )
Fitness = 31.7890896877
Worst Ind: ( 7x - 4y )
Fitness = 127.156358751
Avg Fitness = 99.9385810653
Duplicated = 131
============================================================================
Evaluate Gen  31
New Population 730
Better than Dads 77
Best Ind: ( ( ( 48.0 + 4x ) - 2x ) * ( ( 51.0 + 49.0 ) - ( ( 1x * ( ( 48.0 + 4x ) - ( 6x + 4y ) ) ) - ( ( 64.0 + 67.0 ) - 1y ) ) ) )
Fitness = 31.7890896877
Worst Ind: ( ( ( 1x - 4y ) + ( 3y - ( 4y * 2x ) ) ) - ( 1y + ( 3y - ( 15.0 - 3y ) ) ) )
Fitness = 127.156358751
Avg Fitness = 94.5349552066
Duplicated = 112
============================================================================
Evaluate Gen  32
New Population 735
Better than Dads 78
Best Ind: ( 27.0 - ( 1x * 1y ) )
Fitness = 15.8945448439
Worst Ind: ( ( ( 77.0 * ( 3y - 4y ) ) + ( 100.0 + ( 3x + ( 1x * 9y ) ) ) ) - ( 7x * 1y ) )
Fitness = 111.261813907
Avg Fitness = 87.223635096
Duplicated = 105
============================================================================
Evaluate Gen  33
New Population 718
Better than Dads 69
Best Ind: ( 27.0 - ( 1x * 1y ) )
Fitness = 15.8945448439
Worst Ind: ( ( 36.0 - ( ( 7y + 2x ) + 6x ) ) - 3x )
Fitness = 95.5558266595
Avg Fitness = 83.0519462703
Duplicated = 82
============================================================================
Evaluate Gen  34
New Population 720
Better than Dads 51
Best Ind: ( 27.0 - ( 1x * 1y ) )
Fitness = 15.8945448439
Worst Ind: ( ( ( 8x - ( 8x * 1y ) ) + ( 10y - 6y ) ) - 3x )
Fitness = 95.5558266595
Avg Fitness = 82.0553792297
Duplicated = 80
============================================================================
Evaluate Gen  35
New Population 737
Better than Dads 65
Best Ind: ( 27.0 - ( 1x * 1y ) )
Fitness = 15.8945448439
Worst Ind: ( ( 2x * ( 2x - 3y ) ) - 3x )
Fitness = 95.5558266595
Avg Fitness = 81.1190549368
Duplicated = 83
============================================================================
Evaluate Gen  36
New Population 712
Better than Dads 47
Best Ind: ( 27.0 - ( 1x * 1y ) )
Fitness = 15.8945448439
Worst Ind: ( ( ( 8x * 1y ) + ( 4x - 3y ) ) - 3y )
Fitness = 95.3672690632
Avg Fitness = 80.2206543909
Duplicated = 87
============================================================================
Evaluate Gen  37
New Population 731
Better than Dads 53
Best Ind: ( 27.0 - ( 1x * 1y ) )
Fitness = 15.8945448439
Worst Ind: ( ( ( 56.0 + 6x ) - ( 46.0 * 2x ) ) - 3y )
Fitness = 95.3672690632
Avg Fitness = 78.5816317584
Duplicated = 79
============================================================================
Evaluate Gen  38
New Population 707
Better than Dads 54
Best Ind: ( 27.0 - ( 1x * 1y ) )
Fitness = 15.8945448439
Worst Ind: ( 2y * 3x )
Fitness = 95.3672690632
Avg Fitness = 76.5567436968
Duplicated = 75
============================================================================
Evaluate Gen  39
New Population 728
Better than Dads 60
Best Ind: ( 27.0 - ( 1x * 1y ) )
Fitness = 15.8945448439
Worst Ind: ( ( ( ( 2.0 * ( 6y - 10x ) ) - ( ( 66.0 + 4y ) - ( 4y - ( 2x + 1x ) ) ) ) * ( 6y - 10x ) ) - ( ( 27.0 - ( 51.0 * 4y ) ) - 3y ) )
Fitness = 95.3672690632
Avg Fitness = 73.5555905386
Duplicated = 68
============================================================================
Evaluate Gen  40
New Population 722
Better than Dads 66
Best Ind: ( 27.0 - ( 1x * 1y ) )
Fitness = 15.8945448439
Worst Ind: ( 2x * ( ( ( 4y * ( 6y - ( 9x - 4x ) ) ) * 90.0 ) - 3y ) )
Fitness = 95.3672690632
Avg Fitness = 69.0585167379
Duplicated = 65
============================================================================
Evaluate Gen  41
New Population 718
Better than Dads 66
Best Ind: ( 27.0 - ( 1x * 1y ) )
Fitness = 15.8945448439
Worst Ind: ( ( ( ( 92.0 - 7x ) * ( ( 4y - 1x ) * ( 3y + 3x ) ) ) + ( 2x - 5y ) ) - ( 2x + 2y ) )
Fitness = 90.0464429309
Avg Fitness = 62.8642566932
Duplicated = 76
============================================================================
Evaluate Gen  42
New Population 721
Better than Dads 60
Best Ind: ( 27.0 - ( 1x * 1y ) )
Fitness = 15.8945448439
Worst Ind: ( ( ( 1x * 9y ) - ( 8y * 78.0 ) ) - ( 1y * 3y ) )
Fitness = 75.0
Avg Fitness = 58.5048132776
Duplicated = 79
============================================================================
Evaluate Gen  43
New Population 727
Better than Dads 54
Best Ind: ( 27.0 - ( 1x * 1y ) )
Fitness = 15.8945448439
Worst Ind: ( ( ( 1x - 4y ) + ( ( ( 3y * ( 67.0 - 7x ) ) - 8x ) - ( 2y - 5x ) ) ) - 2x )
Fitness = 63.7038844396
Avg Fitness = 57.1062421373
Duplicated = 84
============================================================================
Evaluate Gen  44
New Population 726
Better than Dads 38
Best Ind: ( 27.0 - ( 1x * 1y ) )
Fitness = 15.8945448439
Worst Ind: ( ( ( ( ( 2.0 * ( 6y - 10x ) ) - ( 5x + ( 71.0 - 3y ) ) ) * ( 6y - 10x ) ) - ( ( 27.0 - ( 51.0 * 4y ) ) - 3y ) ) - ( ( 8y + 8x ) - ( ( 1y * 3y ) - 2x ) ) )
Fitness = 63.7038844396
Avg Fitness = 56.9616127746
Duplicated = 75
============================================================================
Evaluate Gen  45
New Population 714
Better than Dads 45
Best Ind: ( 27.0 - ( 1x * 1y ) )
Fitness = 15.8945448439
Worst Ind: ( ( ( 5x - ( 61.0 - ( 2y * 3x ) ) ) - 3y ) - 2x )
Fitness = 63.7038844396
Avg Fitness = 56.6996724667
Duplicated = 85
============================================================================
Evaluate Gen  46
New Population 712
Better than Dads 32
Best Ind: ( 27.0 - ( 1x * 1y ) )
Fitness = 15.8945448439
Worst Ind: ( ( ( ( ( ( 6x - 10y ) - 4x ) - ( 1y * 6x ) ) * 9y ) - ( 6y * 8y ) ) - ( 3x - ( 2.0 - 2y ) ) )
Fitness = 63.5781793755
Avg Fitness = 56.5302751415
Duplicated = 96
============================================================================
Evaluate Gen  47
New Population 727
Better than Dads 39
Best Ind: ( 27.0 - ( 1x * 1y ) )
Fitness = 15.8945448439
Worst Ind: ( ( 1y - ( ( ( 4x - ( 4x + 24.0 ) ) + 60.0 ) - ( ( 1y * 6x ) - 2x ) ) ) - ( ( 45.0 * 9x ) - 2y ) )
Fitness = 63.5781793755
Avg Fitness = 56.4666969622
Duplicated = 99
============================================================================
Evaluate Gen  48
New Population 720
Better than Dads 40
Best Ind: ( 27.0 - ( 1x * 1y ) )
Fitness = 15.8945448439
Worst Ind: ( ( ( ( 6.0 - ( 2x + 1x ) ) - 5y ) - 5y ) - 2y )
Fitness = 63.5781793755
Avg Fitness = 56.3123842447
Duplicated = 98
============================================================================
Evaluate Gen  49
New Population 711
Better than Dads 35
Best Ind: ( 27.0 - ( 1x * 1y ) )
Fitness = 15.8945448439
Worst Ind: ( ( 9y + ( ( 23.0 + 31.0 ) - ( 1y + 2x ) ) ) - 2y )
Fitness = 63.5781793755
Avg Fitness = 56.0304784833
Duplicated = 98
============================================================================
Evaluate Gen  50
New Population 719
Better than Dads 33
Best Ind: ( 27.0 - ( 1x * 1y ) )
Fitness = 15.8945448439
Worst Ind: ( ( 2x - ( ( 8x * 5x ) - 3x ) ) - ( ( 6x - 41.0 ) - 2y ) )
Fitness = 63.5781793755
Avg Fitness = 55.9281664609
Duplicated = 96
