dataset_file= dataset/SR_circle.txt
population= 100
generations= 50
tournament_size= 5
cross_over= 0.9
mutation= 0.05
elitism= True
(50, 2)
============================================================================
Build initial population
ind: 1
( 9x - ( ( ( ( ( 4y + 8y ) + ( 2x - 80.0 ) ) * 68.0 ) * ( ( 40.0 * ( 92.0 * 61.0 ) ) + ( 98.0 * ( 8x + 1y ) ) ) ) + ( ( 72.0 + ( 85.0 * ( 99.0 * 6.0 ) ) ) - ( ( ( 34.0 * 9x ) * ( 64.0 + 10x ) ) * ( 10x + 6x ) ) ) ) )
ind: 2
( 4y + ( ( 68.0 + ( 8y + 4.0 ) ) * 10x ) )
ind: 3
( ( ( 28.0 + ( ( ( 25.0 + 27.0 ) + ( 8x - 5y ) ) + 10x ) ) - 23.0 ) - 22.0 )
ind: 4
( ( ( ( ( 51.0 * ( 3y - 1y ) ) - ( 86.0 + ( 4y + 2y ) ) ) + 5y ) - ( ( ( 7x - 18.0 ) - 78.0 ) + ( ( ( 1y + 68.0 ) + ( 9y + 39.0 ) ) - 3x ) ) ) - 9x )
ind: 5
( ( 55.0 - 69.0 ) - ( 91.0 * ( 10y + 5x ) ) )
ind: 6
( 2y * ( ( ( ( ( 90.0 - 72.0 ) - ( 9y * 34.0 ) ) * ( ( 31.0 - 84.0 ) - 76.0 ) ) * 7x ) * ( ( 5y * ( 9y + ( 36.0 * 51.0 ) ) ) * 51.0 ) ) )
ind: 7
( ( ( ( 4x - 1x ) - 2y ) - 4.0 ) * 75.0 )
ind: 8
( 1y - ( 49.0 * ( 38.0 + ( 5x + 8x ) ) ) )
ind: 9
( ( ( ( ( 3y + ( 90.0 * 22.0 ) ) * 8x ) + 75.0 ) + ( 3y * 6y ) ) - 9y )
ind: 10
( ( ( ( 9y + ( 35.0 * ( 2y + 62.0 ) ) ) * 4y ) * ( ( 10x + 4x ) + 95.0 ) ) - 10y )
ind: 11
( ( 81.0 * ( ( 8y * 38.0 ) * ( ( ( 4.0 - 58.0 ) + ( 5x - 9y ) ) + 79.0 ) ) ) * 24.0 )
ind: 12
( ( 1x + 5x ) + 5y )
ind: 13
( ( ( 2x + 4y ) - ( 5x * ( ( 69.0 + ( 65.0 - 7x ) ) - ( 17.0 - ( 8y * 2x ) ) ) ) ) - 4y )
ind: 14
( ( ( 7y + ( ( 32.0 * 3x ) - 62.0 ) ) + ( ( 10.0 - ( 6y * ( 6y + 65.0 ) ) ) + ( 58.0 + ( ( 11.0 * 1y ) - ( 65.0 - 86.0 ) ) ) ) ) - ( 16.0 - ( 7x - 72.0 ) ) )
ind: 15
( 10x + ( 10y - 99.0 ) )
ind: 16
( ( ( ( 10y - ( ( 75.0 - 1y ) - ( 5x + 58.0 ) ) ) * ( 1y + 68.0 ) ) * ( ( 95.0 + 9.0 ) - ( 28.0 * ( ( 37.0 * 67.0 ) - 9y ) ) ) ) * 46.0 )
ind: 17
( 13.0 - ( 10x + 2y ) )
ind: 18
( ( ( ( ( 5y * 79.0 ) * ( ( 77.0 - 9y ) - 26.0 ) ) + ( ( 6y + ( 6.0 + 10x ) ) + ( ( 29.0 * 6y ) - ( 6x - 59.0 ) ) ) ) * 10x ) * 78.0 )
ind: 19
( 53.0 * ( ( 9y * 3x ) + 16.0 ) )
ind: 20
( ( ( ( 2x - 7y ) - 9x ) * ( 1y * ( ( ( 10y + 7x ) + 66.0 ) * ( 15.0 * 22.0 ) ) ) ) * ( ( 10y + 6x ) * ( ( 17.0 + 94.0 ) - 10x ) ) )
ind: 21
( 75.0 + ( 10y + ( ( 4y + ( ( 3.0 - 10x ) * 1y ) ) + 55.0 ) ) )
ind: 22
( ( ( ( ( 43.0 * ( 4y + 6x ) ) - ( 37.0 * 84.0 ) ) * ( ( ( 30.0 * 31.0 ) * ( 17.0 * 65.0 ) ) + 84.0 ) ) + 2x ) - ( ( 9x - 86.0 ) + 65.0 ) )
ind: 23
( ( 8x + 8y ) * ( 54.0 * ( 57.0 + 10x ) ) )
ind: 24
( ( 4x + ( ( 8.0 - ( 6y + 69.0 ) ) + ( ( ( 2x - 11.0 ) - 91.0 ) * 93.0 ) ) ) * ( 6.0 - 30.0 ) )
ind: 25
( ( ( ( 3y * ( 64.0 + ( 2y - 8x ) ) ) * ( ( 56.0 * ( 5x * 94.0 ) ) * 1x ) ) - 5y ) * 8.0 )
ind: 26
( ( 4y - ( ( ( ( 62.0 - 9x ) * ( 10y - 3y ) ) * ( ( 10y + 72.0 ) * 83.0 ) ) + ( 2x + ( ( 70.0 + 39.0 ) + 2x ) ) ) ) + ( ( ( 44.0 + ( ( 7x + 12.0 ) * ( 91.0 * 78.0 ) ) ) + 32.0 ) + 21.0 ) )
ind: 27
( ( 3x + ( 6x - 1y ) ) - 6y )
ind: 28
( ( 42.0 * ( ( 40.0 - 3.0 ) + ( ( 74.0 + ( 10.0 * 2x ) ) - ( ( 22.0 + 1x ) * 2y ) ) ) ) + ( ( 52.0 - ( ( 28.0 - 13.0 ) + ( 5x * 2y ) ) ) - 73.0 ) )
ind: 29
( 40.0 * ( ( 3y * 14.0 ) - ( 4.0 - ( 3x + ( ( 16.0 * 80.0 ) + ( 59.0 * 62.0 ) ) ) ) ) )
ind: 30
( ( ( ( 7y + ( ( 25.0 * 5y ) - 9.0 ) ) + 5x ) - 7x ) * ( ( 67.0 + ( ( ( 15.0 + 2y ) * 53.0 ) * 56.0 ) ) * 2x ) )
ind: 31
( 7x * ( ( ( ( 3x + 100.0 ) * 2y ) * ( ( ( 83.0 * 93.0 ) + 7y ) - ( 30.0 + ( 10x - 90.0 ) ) ) ) * ( 8x + ( ( ( 10x - 38.0 ) * ( 83.0 - 88.0 ) ) * 3x ) ) ) )
ind: 32
( ( ( 4y + ( 61.0 + ( 10x * ( 7x + 54.0 ) ) ) ) - ( 2y + 1x ) ) + 74.0 )
ind: 33
( 33.0 * ( ( ( 3x - ( ( 6x * 7y ) + ( 9y * 49.0 ) ) ) + ( 67.0 - ( ( 90.0 + 3x ) - 9x ) ) ) * 73.0 ) )
ind: 34
( 2x * ( 3y * 27.0 ) )
ind: 35
( 5y + ( 77.0 + ( 34.0 + ( 2x * 3x ) ) ) )
ind: 36
( 5y + 9x )
ind: 37
( 5y + ( 15.0 + 2x ) )
ind: 38
( 14.0 + ( ( 48.0 + 8y ) - ( 41.0 - ( 4x * 9.0 ) ) ) )
ind: 39
( ( 53.0 - 5y ) + ( 28.0 * ( ( ( ( 1y + 90.0 ) + ( 58.0 + 8y ) ) * 46.0 ) * ( ( 31.0 * ( 10x + 20.0 ) ) * 54.0 ) ) ) )
ind: 40
( ( ( ( 1y * ( ( 3y * 20.0 ) * ( 45.0 - 22.0 ) ) ) + 66.0 ) * 3y ) + ( ( 53.0 + ( ( 6x * 7x ) - 7y ) ) - ( ( ( ( 6y + 15.0 ) + 70.0 ) - ( ( 28.0 * 10y ) * 3y ) ) * 41.0 ) ) )
ind: 41
( ( ( 44.0 + 32.0 ) * 10x ) + 8y )
ind: 42
( ( ( 6.0 + 2y ) + ( ( 2x * ( 37.0 - 3x ) ) - ( 24.0 - 6x ) ) ) - 29.0 )
ind: 43
( 4y - ( 5x + ( ( 6x + ( ( 6y - 78.0 ) + ( 86.0 * 15.0 ) ) ) - 1x ) ) )
ind: 44
( 80.0 + ( ( 9y - ( 17.0 * 94.0 ) ) - ( 9y + ( ( 2y - 97.0 ) * ( ( 6y + 5x ) * ( 68.0 + 51.0 ) ) ) ) ) )
ind: 45
( ( ( 51.0 * 43.0 ) + 6y ) * 1x )
ind: 46
( ( ( 56.0 * ( 10x - ( 36.0 * 6x ) ) ) - ( 6y - ( 1y - ( ( 1y - 5x ) - 85.0 ) ) ) ) - 43.0 )
ind: 47
( ( ( 24.0 - 8x ) * ( ( ( ( 6y * 6x ) * 71.0 ) + 6x ) - ( 4x + ( ( 10y - 48.0 ) + 4x ) ) ) ) + 5.0 )
ind: 48
( ( ( ( 5x - ( 34.0 - ( 44.0 + 8y ) ) ) + 4y ) - 5y ) - 8x )
ind: 49
( ( 97.0 - 8y ) + ( 40.0 - ( ( 14.0 - 6x ) + 10x ) ) )
ind: 50
( 3x + ( ( 9y + 85.0 ) + 9x ) )
ind: 51
( ( ( ( 40.0 * 64.0 ) * 7x ) + ( ( 4y + ( 97.0 * ( 5x * 40.0 ) ) ) * ( ( 12.0 * 6x ) + 86.0 ) ) ) * 50.0 )
ind: 52
( ( 4.0 * 72.0 ) * ( 24.0 + ( ( 16.0 + 8x ) * ( ( 5x - ( 9y + 9x ) ) - 6y ) ) ) )
ind: 53
( 56.0 * ( ( ( 4x + 64.0 ) * 97.0 ) - 8y ) )
ind: 54
( ( ( ( ( 6x * 97.0 ) + ( ( 8x + 5x ) - 78.0 ) ) - 14.0 ) * ( ( ( ( 2.0 - 80.0 ) - ( 14.0 * 6y ) ) + 4x ) - 3y ) ) + ( ( ( 5y * ( ( 33.0 + 6x ) - ( 83.0 - 83.0 ) ) ) - ( 90.0 * ( 5y - 37.0 ) ) ) + 67.0 ) )
ind: 55
( ( 3x * 2y ) - ( 5y + ( 24.0 * ( 68.0 + ( 15.0 * 40.0 ) ) ) ) )
ind: 56
( ( ( 2x + ( ( ( 86.0 - 5.0 ) - 4y ) * 88.0 ) ) - 3y ) + 9y )
ind: 57
( ( ( ( 9y * ( 3y * 10x ) ) - ( 2x + ( ( 3y * 31.0 ) - ( 4y - 6x ) ) ) ) - ( ( ( ( 5y * 10y ) - 8y ) + ( 10y + ( 3y - 5x ) ) ) * 46.0 ) ) + ( ( ( ( ( 1x * 40.0 ) - ( 9y - 10x ) ) + ( ( 9x - 6y ) + 53.0 ) ) * ( 2y + 10x ) ) * ( 9y * ( ( 89.0 * 28.0 ) * 4y ) ) ) )
ind: 58
( ( ( 70.0 * ( ( ( 94.0 + 66.0 ) * 10y ) * 37.0 ) ) + ( ( ( ( 46.0 * 4x ) * 1x ) + ( 7x - 8y ) ) * ( ( 18.0 - ( 3x + 81.0 ) ) * 4y ) ) ) * ( ( ( ( ( 50.0 + 1y ) + ( 10x + 1x ) ) - 14.0 ) * ( ( 9x - ( 55.0 + 86.0 ) ) - 7.0 ) ) - 9y ) )
ind: 59
( 4x + ( 10y - ( 84.0 + ( 98.0 * ( 10y - 58.0 ) ) ) ) )
ind: 60
( ( ( 5y - 10x ) - 3y ) + ( ( 38.0 * ( ( ( 1y - 5y ) + 2y ) - 46.0 ) ) + ( ( ( ( 77.0 + 9x ) * ( 89.0 + 9x ) ) + ( ( 80.0 * 63.0 ) * ( 91.0 + 60.0 ) ) ) - ( 10y - ( ( 48.0 * 16.0 ) + ( 48.0 - 100.0 ) ) ) ) ) )
ind: 61
( 4y * ( 9x * 4y ) )
ind: 62
( ( 2y * ( ( ( ( 50.0 - 23.0 ) - ( 3x + 97.0 ) ) * 1x ) * 42.0 ) ) - 7y )
ind: 63
( ( 1x - ( 10.0 * 44.0 ) ) + ( ( ( 7x - 2x ) - 76.0 ) - ( 24.0 - 3y ) ) )
ind: 64
( ( 6x * ( ( 100.0 + 40.0 ) * ( 9y + 8x ) ) ) + ( 3x * 7y ) )
ind: 65
( ( ( 2x - 1y ) * ( ( 23.0 * 32.0 ) + ( 4y * 24.0 ) ) ) + ( 49.0 - 10y ) )
ind: 66
( ( 42.0 * ( 10x - 7y ) ) - ( 34.0 * 93.0 ) )
ind: 67
( 4x - ( 4y - 5x ) )
ind: 68
( 10y - ( ( 52.0 + ( 11.0 * ( ( 8x * 10y ) * ( 57.0 + 11.0 ) ) ) ) + ( ( 71.0 + ( 7y * 55.0 ) ) - ( 9y - 9y ) ) ) )
ind: 69
( ( ( ( 4y - 3x ) + 10y ) + ( ( 89.0 * ( ( 1x - 31.0 ) - ( 7x + 85.0 ) ) ) * ( 4y * ( 8y + ( 50.0 * 7y ) ) ) ) ) * 8x )
ind: 70
( 91.0 * ( ( ( ( ( 82.0 * 36.0 ) - ( 33.0 + 43.0 ) ) * ( ( 7x + 10y ) + ( 2y * 1x ) ) ) + ( ( ( 8x + 3x ) - ( 3y + 59.0 ) ) - ( ( 4y * 7y ) * ( 3x + 32.0 ) ) ) ) * 67.0 ) )
ind: 71
( ( ( 5x + ( 43.0 * ( ( 10y - 16.0 ) - ( 10y * 13.0 ) ) ) ) * ( ( 62.0 - 88.0 ) * 6x ) ) + 8.0 )
ind: 72
( ( 79.0 + ( ( ( ( 34.0 - 6x ) * 98.0 ) * ( 99.0 * 1x ) ) * ( 3y - ( ( 10x * 75.0 ) * ( 2y - 1x ) ) ) ) ) - ( ( ( 2x + 97.0 ) * 7x ) - ( ( 57.0 - 5y ) + ( 4.0 + 1y ) ) ) )
ind: 73
( ( 7x * ( 70.0 * 2.0 ) ) + ( 2y + ( ( ( 33.0 * ( 4x + 54.0 ) ) + 69.0 ) - ( 7.0 + 44.0 ) ) ) )
ind: 74
( ( ( ( 1y + ( ( 3x + 4y ) - 6y ) ) - 98.0 ) + 8y ) + ( ( 26.0 + ( 3x + ( 49.0 * 66.0 ) ) ) - ( ( 1y * ( 8x + ( 7x - 10x ) ) ) + 21.0 ) ) )
ind: 75
( ( 5x - ( ( ( 23.0 + 41.0 ) * ( 43.0 * ( 7y + 10x ) ) ) + 41.0 ) ) + ( ( 9x * 2y ) - ( ( 15.0 - 6x ) - 4x ) ) )
ind: 76
( ( 9x + ( ( 2y * 36.0 ) * ( 69.0 - 38.0 ) ) ) + ( 72.0 - ( ( ( ( 1y + 8x ) * ( 2y + 32.0 ) ) - ( 8x + ( 7x - 28.0 ) ) ) + 98.0 ) ) )
ind: 77
( ( 95.0 * ( ( ( 10y - 93.0 ) * ( 20.0 * ( 1x + 4x ) ) ) - ( ( 4y - ( 10x - 92.0 ) ) * ( 65.0 - 5x ) ) ) ) + ( ( 35.0 + 9y ) + 9x ) )
ind: 78
( ( 99.0 + ( 4.0 * ( ( 96.0 - 8x ) * ( ( 37.0 * 1x ) * ( 3y * 70.0 ) ) ) ) ) * 97.0 )
ind: 79
( ( ( 14.0 - ( 1x - 6x ) ) + ( 6y * 4y ) ) * 3y )
ind: 80
( ( ( ( ( ( 35.0 - 1y ) - 8y ) + 12.0 ) * ( 5x * 2x ) ) * ( 3y * 6y ) ) + 1x )
ind: 81
( 1x - ( ( 85.0 - 9y ) * ( ( 76.0 + 5y ) + ( 10y + ( ( 26.0 + 23.0 ) + ( 84.0 - 9x ) ) ) ) ) )
ind: 82
( 7y - ( ( ( 40.0 - 3y ) - ( ( 6y + 57.0 ) * ( 3y - 9y ) ) ) * 4x ) )
ind: 83
( 7y + ( ( 1y - 46.0 ) + ( ( ( ( 2y - 5x ) + ( 91.0 - 59.0 ) ) + 2y ) * 1y ) ) )
ind: 84
( ( ( ( 92.0 - 10y ) + 37.0 ) * ( 22.0 * ( ( ( 2x + 73.0 ) + 1x ) * 19.0 ) ) ) * ( ( ( 4x - ( 2y - 62.0 ) ) + 75.0 ) + 7y ) )
ind: 85
( ( 7.0 - ( 45.0 + ( ( ( 15.0 + 57.0 ) - 10y ) + 4x ) ) ) - ( 74.0 + 1y ) )
ind: 86
( ( 50.0 - 9y ) + ( ( ( ( 8y * 6.0 ) + ( 2x + ( 28.0 * 9y ) ) ) * 71.0 ) * 8y ) )
ind: 87
( ( 1y - ( ( ( ( 4y - 1x ) * ( 60.0 + 3.0 ) ) * 53.0 ) * 94.0 ) ) - ( 71.0 + ( ( 79.0 - 7x ) - 5.0 ) ) )
ind: 88
( 6.0 - ( ( ( ( ( 6.0 - 82.0 ) * ( 12.0 * 30.0 ) ) - ( 34.0 * ( 70.0 + 6.0 ) ) ) * ( 3x - 66.0 ) ) + ( ( 5.0 - ( ( 3y + 64.0 ) + ( 3x * 4x ) ) ) - 10x ) ) )
ind: 89
( ( ( 57.0 * 72.0 ) + ( ( 7y + ( ( 82.0 - 3y ) + 70.0 ) ) * ( 97.0 * 8x ) ) ) - ( ( 2x + ( 96.0 - 99.0 ) ) - 4y ) )
ind: 90
( 8x + 1y )
ind: 91
( ( ( 1y * 38.0 ) + ( 5x * 6y ) ) + 5.0 )
ind: 92
( 4y * ( ( 48.0 + ( ( 93.0 - ( 1x - 54.0 ) ) + 79.0 ) ) - 3x ) )
ind: 93
( ( 2x - ( 1y - 44.0 ) ) + ( ( ( 4y * 35.0 ) - ( 18.0 + 2y ) ) + 36.0 ) )
ind: 94
( ( 4x + 3y ) * 20.0 )
ind: 95
( ( 64.0 * 9x ) - ( 86.0 * ( ( ( 7x + ( 5y + 5y ) ) * ( ( 74.0 + 88.0 ) - ( 9.0 - 2y ) ) ) - 4y ) ) )
ind: 96
( ( ( 79.0 * ( ( ( 3y + 6y ) + 10.0 ) - ( 3x - 8y ) ) ) - ( ( ( ( 5y - 7y ) * 7x ) + ( 76.0 - 3y ) ) * ( ( 7y - ( 2y - 64.0 ) ) + ( ( 1x - 63.0 ) - ( 25.0 - 52.0 ) ) ) ) ) + 17.0 )
ind: 97
( ( ( ( 60.0 - 20.0 ) * 69.0 ) - ( 1y * 2x ) ) + 27.0 )
ind: 98
( ( 5x - 48.0 ) + 2y )
ind: 99
( ( ( 40.0 * ( 3x + ( ( 61.0 * 2y ) * 22.0 ) ) ) - ( 10x - ( ( ( 9x + 7x ) + ( 24.0 * 1x ) ) * 1y ) ) ) + 40.0 )
ind: 100
( 4y + ( ( ( ( ( 6x + 5.0 ) * 32.0 ) * 4y ) + ( 3y + 94.0 ) ) * ( ( 2.0 - ( 1y + ( 83.0 * 3y ) ) ) - ( 4y * 8x ) ) ) )
Best Ind: ( ( ( 2x + 4y ) - ( 5x * ( ( 69.0 + ( 65.0 - 7x ) ) - ( 17.0 - ( 8y * 2x ) ) ) ) ) - 4y )
Fitness = 127.156358751
Worst Ind: ( 2y * ( ( ( ( ( 90.0 - 72.0 ) - ( 9y * 34.0 ) ) * ( ( 31.0 - 84.0 ) - 76.0 ) ) * 7x ) * ( ( 5y * ( 9y + ( 36.0 * 51.0 ) ) ) * 51.0 ) ) )
Fitness = 1.21623212849e+12
Avg Fitness = 16319959945.6
Duplicated = 0
============================================================================
Evaluate Gen  1
New Population 145
Better than Dads 12
Best Ind: ( ( 7.0 - ( 45.0 + ( ( ( 15.0 + 57.0 ) - 10y ) + 4x ) ) ) - 3y )
Fitness = 95.3672690632
Worst Ind: ( ( 4x + ( ( 6x * 7y ) + ( 9y * 49.0 ) ) ) * 20.0 )
Fitness = 280539.771046
Avg Fitness = 31003.946262
Duplicated = 1
============================================================================
Evaluate Gen  2
New Population 155
Better than Dads 14
Best Ind: ( ( 7.0 - ( 45.0 + ( ( ( 15.0 + 57.0 ) - 10y ) + 4x ) ) ) - 3y )
Fitness = 95.3672690632
Worst Ind: ( ( ( 24.0 - 8x ) * ( ( ( ( 6y * 6x ) * 71.0 ) + 6x ) - ( 4x + ( ( 10y - 48.0 ) + 4x ) ) ) ) + 5.0 )
Fitness = 12231.1458124
Avg Fitness = 2289.84937535
Duplicated = 2
============================================================================
Evaluate Gen  3
New Population 154
Better than Dads 18
Best Ind: ( ( 7.0 - ( 45.0 + ( ( ( 15.0 + 57.0 ) - 10y ) + 4x ) ) ) - 3y )
Fitness = 95.3672690632
Worst Ind: ( 7y + ( ( 1y - 46.0 ) + ( ( ( ( 2y - 5x ) + ( 91.0 - 59.0 ) ) + 2y ) * 1y ) ) )
Fitness = 2646.62418263
Avg Fitness = 847.771592017
Duplicated = 2
============================================================================
Evaluate Gen  4
New Population 150
Better than Dads 6
Best Ind: ( ( 4y - 1x ) * 2x )
Fitness = 50.0
Worst Ind: ( ( ( 1y * 38.0 ) + ( 5x * 6y ) ) + 5.0 )
Fitness = 1234.03190497
Avg Fitness = 333.416656325
Duplicated = 2
============================================================================
Evaluate Gen  5
New Population 157
Better than Dads 16
Best Ind: ( ( 4y - 1x ) * 2x )
Fitness = 50.0
Worst Ind: ( ( ( ( 1y + ( 5y * ( 2y + 62.0 ) ) ) * 4y ) * ( ( 10x + 4x ) + ( ( 31.0 - 84.0 ) - 76.0 ) ) ) - 10y )
Fitness = 317.890896877
Avg Fitness = 220.088417149
Duplicated = 5
============================================================================
Evaluate Gen  6
New Population 157
Better than Dads 10
Best Ind: ( ( 2y - 1x ) + ( 6x - 1y ) )
Fitness = 45.0232214655
Worst Ind: ( ( 79.0 + ( ( ( ( 34.0 - 6x ) * 98.0 ) * ( 99.0 * 1x ) ) * ( 3y - ( ( 10x * 75.0 ) * 3x ) ) ) ) - ( ( ( 2x + 97.0 ) * 7x ) - ( ( 2y - 5y ) + ( 4.0 + 1y ) ) ) )
Fitness = 235.254059731
Avg Fitness = 189.626404654
Duplicated = 5
============================================================================
Evaluate Gen  7
New Population 153
Better than Dads 5
Best Ind: ( 6x - 1y )
Fitness = 31.7890896877
Worst Ind: ( ( 2y * ( ( ( ( 50.0 - 5.0 ) - ( 3x + 97.0 ) ) * 1x ) * 42.0 ) ) - 7y )
Fitness = 222.523627814
Avg Fitness = 164.940635171
Duplicated = 5
============================================================================
Evaluate Gen  8
New Population 160
Better than Dads 17
Best Ind: ( 1y * 2x )
Fitness = 31.7890896877
Worst Ind: ( ( 39.0 - ( 5y + ( 24.0 * ( 14.0 - ( 1x - 6x ) ) ) ) ) - ( 5x + ( ( 6x + ( ( 6y - 78.0 ) + ( 86.0 * 15.0 ) ) ) - 1x ) ) )
Fitness = 191.111653319
Avg Fitness = 147.357855516
Duplicated = 7
============================================================================
Evaluate Gen  9
New Population 166
Better than Dads 15
Best Ind: ( 1y * 2x )
Fitness = 31.7890896877
Worst Ind: ( ( 98.0 + ( 6x - 1y ) ) - 6y )
Fitness = 190.734538126
Avg Fitness = 125.762168173
Duplicated = 9
============================================================================
Evaluate Gen  10
New Population 170
Better than Dads 21
Best Ind: ( 1y * 2x )
Fitness = 31.7890896877
Worst Ind: ( ( ( ( 25.0 * 5y ) - 9.0 ) + 6x ) - ( 2x + 4y ) )
Fitness = 142.405790763
Avg Fitness = 103.812388283
Duplicated = 9
============================================================================
Evaluate Gen  11
New Population 158
Better than Dads 12
Best Ind: ( 1y * 2x )
Fitness = 31.7890896877
Worst Ind: ( ( ( 3x + 5y ) - 6y ) - 4y )
Fitness = 127.156358751
Avg Fitness = 94.4388764017
Duplicated = 12
============================================================================
Evaluate Gen  12
New Population 162
Better than Dads 14
Best Ind: ( 1y * 2x )
Fitness = 31.7890896877
Worst Ind: ( ( ( 4y * 72.0 ) + ( ( 7y + ( ( 60.0 - 20.0 ) + 1y ) ) * ( 97.0 * 8x ) ) ) - ( ( 2x + ( 96.0 - 99.0 ) ) - 4y ) )
Fitness = 127.156358751
Avg Fitness = 78.5989699211
Duplicated = 14
============================================================================
Evaluate Gen  13
New Population 166
Better than Dads 20
Best Ind: ( 1y * 2x )
Fitness = 31.7890896877
Worst Ind: ( ( ( 4x + 70.0 ) + 5.0 ) - ( 1x - 3y ) )
Fitness = 95.3672690632
Avg Fitness = 65.0962921007
Duplicated = 17
============================================================================
Evaluate Gen  14
New Population 163
Better than Dads 16
Best Ind: ( 1y * 2x )
Fitness = 31.7890896877
Worst Ind: ( ( 5x - ( 9y + 9x ) ) - 2x )
Fitness = 63.7038844396
Avg Fitness = 53.5457927585
Duplicated = 15
============================================================================
Evaluate Gen  15
New Population 167
Better than Dads 18
Best Ind: ( ( 4y - 1x ) * ( ( 2x + ( 96.0 - 99.0 ) ) - ( 2y - ( 2y - 1x ) ) ) )
Fitness = 25.0
Worst Ind: ( ( ( ( 60.0 - 20.0 ) * ( ( ( 60.0 - 20.0 ) * 69.0 ) - ( 1y * 2x ) ) ) - 4x ) - 2y )
Fitness = 63.5781793755
Avg Fitness = 48.8428389276
Duplicated = 13
============================================================================
Evaluate Gen  16
New Population 170
Better than Dads 21
Best Ind: ( ( 4y - 1x ) * ( ( 2x + ( 96.0 - 99.0 ) ) - ( 2y - ( 2y - 1x ) ) ) )
Fitness = 25.0
Worst Ind: ( ( 28.0 + ( ( ( ( 60.0 - 20.0 ) * 69.0 ) + 4x ) + 10x ) ) - 2y )
Fitness = 63.5781793755
Avg Fitness = 40.0214288436
Duplicated = 14
============================================================================
Evaluate Gen  17
New Population 170
Better than Dads 12
Best Ind: ( ( 4y - 1x ) * ( ( 2x + ( 96.0 - 99.0 ) ) - ( 2y - ( 2y - 1x ) ) ) )
Fitness = 25.0
Worst Ind: ( ( 10x - ( 5x * ( ( 27.0 + ( 65.0 - 7x ) ) - ( 3x + ( 6x - 1y ) ) ) ) ) - 1x )
Fitness = 31.8519422198
Avg Fitness = 31.7054754956
Duplicated = 16
============================================================================
Evaluate Gen  18
New Population 156
Better than Dads 7
Best Ind: ( ( 4y - 1x ) * ( ( 2x + ( 96.0 - 99.0 ) ) - ( 2y - ( 2y - 1x ) ) ) )
Fitness = 25.0
Worst Ind: ( ( 1x - ( 5x * ( ( 69.0 + ( 65.0 - 7x ) ) - ( 17.0 - ( 8y * 2x ) ) ) ) ) - 1x )
Fitness = 31.8519422198
Avg Fitness = 31.7017043437
Duplicated = 15
============================================================================
Evaluate Gen  19
New Population 170
Better than Dads 15
Best Ind: ( ( 4y - 1x ) * ( ( 2x + ( 96.0 - 99.0 ) ) - ( 2y - ( 2y - 1x ) ) ) )
Fitness = 25.0
Worst Ind: ( ( 3x + 5y ) - 1x )
Fitness = 31.8519422198
Avg Fitness = 31.6973046664
Duplicated = 13
============================================================================
Evaluate Gen  20
New Population 159
Better than Dads 9
Best Ind: ( ( 4y - 1x ) * ( ( 2x + ( 96.0 - 99.0 ) ) - ( 2y - ( 2y - 1x ) ) ) )
Fitness = 25.0
Worst Ind: ( ( 10x - ( 2y - 1x ) ) - ( 2x - ( 2y - 1x ) ) )
Fitness = 31.8519422198
Avg Fitness = 31.6903908879
Duplicated = 14
============================================================================
Evaluate Gen  21
New Population 167
Better than Dads 16
Best Ind: ( ( 4y - 1x ) * ( ( 2x + ( 96.0 - 99.0 ) ) - ( 2y - ( 2y - 1x ) ) ) )
Fitness = 25.0
Worst Ind: ( ( ( 2x + ( 5x - ( 5x - ( 44.0 + 8y ) ) ) ) - ( 5x * ( ( 69.0 + ( 65.0 - 7x ) ) - ( 3x + ( 6x - 1y ) ) ) ) ) - 1x )
Fitness = 31.8519422198
Avg Fitness = 31.6759348055
Duplicated = 14
============================================================================
Evaluate Gen  22
New Population 160
Better than Dads 14
Best Ind: ( ( 4y - 1x ) * ( ( 2x + ( 96.0 - 99.0 ) ) - ( 2y - ( 2y - 1x ) ) ) )
Fitness = 25.0
Worst Ind: ( ( ( 4x + ( 5x * 6y ) ) + 5.0 ) - ( 2y - 1x ) )
Fitness = 31.8519422198
Avg Fitness = 31.6558219953
Duplicated = 17
============================================================================
Evaluate Gen  23
New Population 162
Better than Dads 11
Best Ind: ( ( 4y - 1x ) * ( ( 2x + ( 96.0 - 99.0 ) ) - ( 2y - ( 2y - 1x ) ) ) )
Fitness = 25.0
Worst Ind: ( 6x - 1y )
Fitness = 31.7890896877
Avg Fitness = 31.653307894
Duplicated = 18
============================================================================
Evaluate Gen  24
New Population 166
Better than Dads 12
Best Ind: ( ( 4y - 1x ) * ( ( 2x + ( 96.0 - 99.0 ) ) - ( 2y - ( 2y - 1x ) ) ) )
Fitness = 25.0
Worst Ind: ( ( 79.0 + ( ( ( 2x + 97.0 ) * 7x ) - 2y ) ) - ( ( 2x + ( 96.0 - 99.0 ) ) - ( 6x - 1y ) ) )
Fitness = 31.7890896877
Avg Fitness = 31.653307894
Duplicated = 16
============================================================================
Evaluate Gen  25
New Population 167
Better than Dads 14
Best Ind: ( ( ( 17.0 - ( 8y * 2x ) ) - ( 6x - 1y ) ) * ( ( 2x * 6y ) - ( ( 4x - 1x ) - ( 2y - 1x ) ) ) )
Fitness = 15.8945448439
Worst Ind: ( ( 79.0 + 1x ) - ( ( 2x + ( 96.0 - 99.0 ) ) - ( 6x - 1y ) ) )
Fitness = 31.7890896877
Avg Fitness = 31.4943624455
Duplicated = 16
============================================================================
Evaluate Gen  26
New Population 171
Better than Dads 16
Best Ind: ( ( ( 17.0 - ( 8y * 2x ) ) - ( 6x - 1y ) ) * ( ( 2x * 6y ) - ( ( 4x - 1x ) - ( 2y - 1x ) ) ) )
Fitness = 15.8945448439
Worst Ind: ( ( ( ( 5x * 6y ) * 9x ) - 6y ) - ( 6x - 1y ) )
Fitness = 31.7890896877
Avg Fitness = 31.4943624455
Duplicated = 18
============================================================================
Evaluate Gen  27
New Population 171
Better than Dads 17
Best Ind: ( ( ( 17.0 - ( 8y * 2x ) ) - ( 6x - 1y ) ) * ( ( 2x * 6y ) - ( ( 4x - 1x ) - ( 2y - 1x ) ) ) )
Fitness = 15.8945448439
Worst Ind: ( ( ( ( ( ( 5x * 6y ) * 9x ) - 6y ) - ( 6x - 1y ) ) + 6y ) - ( ( 6.0 + 2y ) - ( 6x - 1y ) ) )
Fitness = 31.7890896877
Avg Fitness = 31.4264715487
Duplicated = 21
============================================================================
Evaluate Gen  28
New Population 164
Better than Dads 12
Best Ind: ( ( ( 17.0 - ( 8y * 2x ) ) - ( 6x - 1y ) ) * ( ( 2x * 6y ) - ( ( 4x - 1x ) - ( 2y - 1x ) ) ) )
Fitness = 15.8945448439
Worst Ind: ( ( 10x - ( ( 1y * 2x ) - 1x ) ) - ( 1y * 2x ) )
Fitness = 31.7890896877
Avg Fitness = 31.2134243234
Duplicated = 23
============================================================================
Evaluate Gen  29
New Population 171
Better than Dads 17
Best Ind: ( ( ( 17.0 - ( 8y * 2x ) ) - ( 6x - 1y ) ) * ( ( 2x * 6y ) - ( ( 4x - 1x ) - ( 2y - 1x ) ) ) )
Fitness = 15.8945448439
Worst Ind: ( ( 2x + ( ( 1x * 69.0 ) - ( 1y * 2x ) ) ) - ( ( ( ( ( 64.0 * 9x ) - ( 1y * 2x ) ) - ( 8y * 2x ) ) - 2y ) * ( ( 2x * 6y ) - ( ( 4x - 1x ) - ( 2y - 1x ) ) ) ) )
Fitness = 31.7890896877
Avg Fitness = 31.0003770981
Duplicated = 22
============================================================================
Evaluate Gen  30
New Population 163
Better than Dads 10
Best Ind: ( ( ( 17.0 - ( 8y * 2x ) ) - ( 6x - 1y ) ) * ( ( 2x * 6y ) - ( ( 4x - 1x ) - ( 2y - 1x ) ) ) )
Fitness = 15.8945448439
Worst Ind: ( ( ( 17.0 - ( 8y * 2x ) ) - 2y ) * ( ( 2x * 6y ) - ( ( 4x - 1x ) - ( 2y - 1x ) ) ) )
Fitness = 31.7890896877
Avg Fitness = 30.719438976
Duplicated = 20
============================================================================
Evaluate Gen  31
New Population 164
Better than Dads 16
Best Ind: ( ( ( 17.0 - ( 8y * 2x ) ) - ( 6x - 1y ) ) * ( ( 2x * 6y ) - ( ( 4x - 1x ) - ( 2y - 1x ) ) ) )
Fitness = 15.8945448439
Worst Ind: ( ( ( ( 1y * 2x ) - ( ( 2x + ( 96.0 - 99.0 ) ) - 1x ) ) - 2y ) * ( ( ( 79.0 + ( ( 2y - 1x ) - 2y ) ) - ( ( 2x + ( 96.0 - 99.0 ) ) - ( 6x - 1y ) ) ) - ( ( 4x - 1x ) - ( 2y - 1x ) ) ) )
Fitness = 31.7890896877
Avg Fitness = 30.3319772413
Duplicated = 18
============================================================================
Evaluate Gen  32
New Population 166
Better than Dads 19
Best Ind: ( ( ( 17.0 - ( 8y * 2x ) ) - ( 6x - 1y ) ) * ( ( 2x * 6y ) - ( ( 4x - 1x ) - ( 2y - 1x ) ) ) )
Fitness = 15.8945448439
Worst Ind: ( 96.0 - ( 1y * 2x ) )
Fitness = 31.7890896877
Avg Fitness = 29.2175992874
Duplicated = 14
============================================================================
Evaluate Gen  33
New Population 171
Better than Dads 17
Best Ind: ( ( ( 17.0 - ( 8y * 2x ) ) - ( 6x - 1y ) ) * ( ( 2x * 6y ) - ( ( 4x - 1x ) - ( 2y - 1x ) ) ) )
Fitness = 15.8945448439
Worst Ind: ( ( 5x - ( 6x - 1y ) ) - ( 1y * 2x ) )
Fitness = 31.7890896877
Avg Fitness = 27.8515413924
Duplicated = 12
============================================================================
Evaluate Gen  34
New Population 172
Better than Dads 21
Best Ind: ( ( ( 17.0 - ( 8y * 2x ) ) - ( 6x - 1y ) ) * ( ( 2x * 6y ) - ( ( 4x - 1x ) - ( 2y - 1x ) ) ) )
Fitness = 15.8945448439
Worst Ind: ( ( ( ( 57.0 + ( 8x - ( 1x + 5.0 ) ) ) + 10x ) - 2y ) * ( ( 97.0 + ( 24.0 * ( 68.0 + ( 15.0 * 40.0 ) ) ) ) - ( ( 4x - 1x ) - ( 2y - 1x ) ) ) )
Fitness = 31.7890896877
Avg Fitness = 25.5892923695
Duplicated = 8
============================================================================
Evaluate Gen  35
New Population 170
Better than Dads 25
Best Ind: ( ( ( 4y - 1x ) * ( 4y - 1x ) ) * ( ( 2x * 6y ) - ( 1y * 2x ) ) )
Fitness = 15.8313801546
Worst Ind: ( ( ( ( 57.0 + ( 8x - 5y ) ) + 5y ) - ( ( 4x - 10x ) - ( 2y - 1x ) ) ) * ( ( 2x + 4y ) - ( ( 4x - 1x ) - ( 2y - 1x ) ) ) )
Fitness = 25.0
Avg Fitness = 22.7289596846
Duplicated = 7
============================================================================
Evaluate Gen  36
New Population 173
Better than Dads 25
Best Ind: ( ( ( 17.0 - ( 8y * 2x ) ) - ( 1y * 1x ) ) * ( ( 2x * 6y ) - ( ( 4x - 1x ) - ( 2y - 1x ) ) ) )
Fitness = 10.5683642125
Worst Ind: ( ( ( ( 57.0 + ( 8x - 5y ) ) + 10x ) - ( ( 4x - 10x ) - ( 2y - 1x ) ) ) * ( ( 2x + 4y ) - ( ( 4x - 1x ) - ( 2y - 1x ) ) ) )
Fitness = 25.0
Avg Fitness = 21.366236432
Duplicated = 5
============================================================================
Evaluate Gen  37
New Population 166
Better than Dads 20
Best Ind: ( ( 1y * ( ( 1y * 2x ) * ( 1x - ( ( 4x - 1x ) - ( 2y - 1x ) ) ) ) ) * ( ( 2x * ( ( 2y + 10x ) + 6y ) ) - ( ( 4x - 1x ) - ( 2y - 1x ) ) ) )
Fitness = 8.48814641365
Worst Ind: ( ( 1y - ( 1y * 2x ) ) * ( 4y - 1x ) )
Fitness = 21.136728425
Avg Fitness = 20.3773759783
Duplicated = 5
============================================================================
Evaluate Gen  38
New Population 170
Better than Dads 26
Best Ind: ( ( 1y * ( ( 1y * 2x ) * ( 1x - ( ( 4x - 1x ) - ( 2y - 1x ) ) ) ) ) * ( ( 2x * ( ( 2y + 10x ) + 6y ) ) - ( ( 4x - 1x ) - ( 2y - 1x ) ) ) )
Fitness = 8.48814641365
Worst Ind: ( ( ( 17.0 - 4x ) + ( 17.0 + 10x ) ) - ( ( ( 17.0 - ( 8y * 2x ) ) - ( 1y * 2x ) ) * ( ( 2x * 6y ) - ( ( 4x - 1x ) - ( 2y - 1x ) ) ) ) )
Fitness = 21.136728425
Avg Fitness = 20.1662170177
Duplicated = 5
============================================================================
Evaluate Gen  39
New Population 169
Better than Dads 28
Best Ind: ( ( 1y * ( ( 1y * 2x ) * ( 1x - ( ( 4x - 1x ) - ( 2y - 1x ) ) ) ) ) * ( ( 2x * ( ( 2y + 10x ) + 6y ) ) - ( ( 4x - 1x ) - ( 2y - 1x ) ) ) )
Fitness = 8.48814641365
Worst Ind: ( ( 1y * 2x ) * ( ( ( 79.0 + ( ( 2y - 1x ) - 2y ) ) - ( ( 2x + ( 96.0 - 99.0 ) ) - ( 6x - 1y ) ) ) - ( ( 4x - 1x ) - ( 2y - 1x ) ) ) )
Fitness = 21.136728425
Avg Fitness = 19.7112150653
Duplicated = 5
============================================================================
Evaluate Gen  40
New Population 170
Better than Dads 27
Best Ind: ( ( 1y * ( ( 1y * 2x ) * ( 1x - ( ( 4x - 1x ) - ( 2y - 1x ) ) ) ) ) * ( ( 2x * ( ( 2y + 10x ) + 6y ) ) - ( ( 4x - 1x ) - ( 2y - 1x ) ) ) )
Fitness = 8.48814641365
Worst Ind: ( ( ( ( 4x - 1x ) + 10x ) - ( ( 4x - 1x ) - ( 2y - 1x ) ) ) * ( 1y * 2x ) )
Fitness = 21.136728425
Avg Fitness = 19.0236080011
Duplicated = 6
============================================================================
Evaluate Gen  41
New Population 178
Better than Dads 27
Best Ind: ( ( 1y * ( ( 1y * 2x ) * ( 1x - ( ( 4x - 1x ) - ( 2y - 1x ) ) ) ) ) * ( ( 2x * ( ( 2y + 10x ) + 6y ) ) - ( ( 4x - 1x ) - ( 2y - 1x ) ) ) )
Fitness = 8.48814641365
Worst Ind: ( ( ( ( ( 2x + ( 96.0 - 99.0 ) ) + ( 8x - ( 1x + 5.0 ) ) ) + 10x ) - ( 1y * ( 10x - ( 2y - 2x ) ) ) ) * ( ( 2x + ( 24.0 * ( 68.0 + ( 15.0 * 40.0 ) ) ) ) - ( ( 4x - 1x ) - ( 2y - 1x ) ) ) )
Fitness = 21.136728425
Avg Fitness = 17.9317360798
Duplicated = 6
============================================================================
Evaluate Gen  42
New Population 165
Better than Dads 27
Best Ind: ( ( 1y * ( ( 1y * 2x ) * ( 1x - ( ( 4x - 1x ) - ( 2y - 1x ) ) ) ) ) * ( ( 2x * ( ( 2y + 10x ) + 6y ) ) - ( ( 4x - 1x ) - ( 2y - 1x ) ) ) )
Fitness = 8.48814641365
Worst Ind: ( ( ( 17.0 - ( 8y * 2x ) ) + ( ( 4x - 1x ) + 10x ) ) - ( ( ( 17.0 - ( 8y * 2x ) ) - ( 1y * 2x ) ) * ( ( 2x * 6y ) - ( ( 4x - 1x ) - ( 2y - 1x ) ) ) ) )
Fitness = 21.136728425
Avg Fitness = 16.6603137969
Duplicated = 4
============================================================================
Evaluate Gen  43
New Population 171
Better than Dads 27
Best Ind: ( 1y * ( ( 1y * ( ( 4x - 1x ) - ( 2y - 1x ) ) ) * ( ( 2x * 6y ) - ( ( 4x - 1x ) - ( 2y - 1x ) ) ) ) )
Fitness = 6.25
Worst Ind: ( ( ( 96.0 - ( 1y * 2x ) ) * ( 1y * 2x ) ) * ( 4y - 1x ) )
Fitness = 16.9762928273
Avg Fitness = 14.5023236566
Duplicated = 5
============================================================================
Evaluate Gen  44
New Population 167
Better than Dads 21
Best Ind: ( 1y * ( ( 1y * ( ( 4x - 1x ) - ( 2y - 1x ) ) ) * ( ( 2x * 6y ) - ( ( 4x - 1x ) - ( 2y - 1x ) ) ) ) )
Fitness = 6.25
Worst Ind: ( 1y * ( 2y - ( ( 4x - 1x ) - ( 2y - 1x ) ) ) )
Fitness = 15.8945448439
Avg Fitness = 13.6282721264
Duplicated = 8
============================================================================
Evaluate Gen  45
New Population 166
Better than Dads 17
Best Ind: ( 1y * ( ( 1y * ( ( 4x - 1x ) - ( 2y - 1x ) ) ) * ( ( 2x * 6y ) - ( ( 4x - 1x ) - ( 2y - 1x ) ) ) ) )
Fitness = 6.25
Worst Ind: ( ( ( ( 79.0 + 6y ) - ( 1y * 2x ) ) * ( 2y - ( 2y - 1x ) ) ) * ( 1y - ( ( 4x - 1x ) - ( 2y - 1x ) ) ) )
Fitness = 15.8313801546
Avg Fitness = 12.479797424
Duplicated = 9
============================================================================
Evaluate Gen  46
New Population 170
Better than Dads 23
Best Ind: ( ( ( ( 1y * 2x ) - ( 2y - 1x ) ) * ( ( 2x + ( 96.0 - 99.0 ) ) - ( 6x - 1y ) ) ) * ( ( ( ( 57.0 + 2y ) + 10x ) - ( 1y * ( 5y - 1x ) ) ) * ( 2x - ( ( 4x - 1x ) - ( 2y - 1x ) ) ) ) )
Fitness = 4.24407320683
Worst Ind: ( ( 1y * ( ( ( 79.0 + 6y ) - ( 1y * 2x ) ) - ( 1y * 2x ) ) ) * ( ( 2x * 6y ) - ( 2y - 1x ) ) )
Fitness = 12.5
Avg Fitness = 10.8700321809
Duplicated = 8
============================================================================
Evaluate Gen  47
New Population 160
Better than Dads 27
Best Ind: ( ( ( 1y * ( 1y * 1x ) ) * ( ( 2x * 6y ) - ( 17.0 - ( 2y - 1x ) ) ) ) * ( ( 2x + ( 24.0 * ( 10x + ( 15.0 * 40.0 ) ) ) ) - ( ( ( 1y * ( 1y * 2x ) ) - ( ( 1x * 69.0 ) - ( 1y * 2x ) ) ) * ( 2y - 1x ) ) ) )
Fitness = 3.63796209779
Worst Ind: ( ( ( ( 96.0 - ( 1y * 2x ) ) * ( 1y * 2x ) ) - ( 2y - ( 1y * 2x ) ) ) * ( 1y * ( ( 2x * 6y ) - ( ( 4x - 1x ) - ( 2y - 1x ) ) ) ) )
Fitness = 12.5
Avg Fitness = 10.3348418707
Duplicated = 7
============================================================================
Evaluate Gen  48
New Population 169
Better than Dads 26
Best Ind: ( ( ( 1y * ( 1y * 1x ) ) * ( ( 2x * 6y ) - ( 17.0 - ( 2y - 1x ) ) ) ) * ( ( 2x + ( 24.0 * ( 10x + ( 15.0 * 40.0 ) ) ) ) - ( ( ( 1y * ( 1y * 2x ) ) - ( ( 1x * 69.0 ) - ( 1y * 2x ) ) ) * ( 2y - 1x ) ) ) )
Fitness = 3.63796209779
Worst Ind: ( ( ( ( ( 2x + ( 96.0 - 99.0 ) ) + ( 8x - ( 1x + 5.0 ) ) ) + 2y ) - ( 1y * ( 10x - 1y ) ) ) * ( ( 2x + ( 24.0 * ( 68.0 + ( 15.0 * 40.0 ) ) ) ) - ( ( 4x - 1x ) - ( 2y - 1x ) ) ) )
Fitness = 10.6313412611
Avg Fitness = 9.41420764509
Duplicated = 2
============================================================================
Evaluate Gen  49
New Population 162
Better than Dads 25
Best Ind: ( ( ( ( ( 1y + 6y ) - ( 1y * ( 4x - 1x ) ) ) * ( 4y - 1x ) ) * ( ( ( 17.0 - ( 8y * 2x ) ) - ( 1y * 1x ) ) * ( 2y - ( ( 4x - 1x ) - ( 2y - 1x ) ) ) ) ) * ( ( 2x * 6y ) - ( 1y * 2x ) ) )
Fitness = 2.65271873451
Worst Ind: ( 96.0 - ( ( 1y * ( ( 4x - 1x ) - ( 2y - 1x ) ) ) * ( ( 2x * 6y ) - ( ( 4x - 1x ) - ( 2y - 1x ) ) ) ) )
Fitness = 10.5683642125
Avg Fitness = 9.02540636081
Duplicated = 5
============================================================================
Evaluate Gen  50
New Population 159
Better than Dads 25
Best Ind: ( ( ( ( ( 1y + 6y ) - ( 1y * ( 4x - 1x ) ) ) * ( 4y - 1x ) ) * ( ( ( 17.0 - ( 8y * 2x ) ) - ( 1y * 1x ) ) * ( 2y - ( ( 4x - 1x ) - ( 2y - 1x ) ) ) ) ) * ( ( 2x * 6y ) - ( 1y * 2x ) ) )
Fitness = 2.65271873451
Worst Ind: ( ( 1y * ( 2y - ( 8y - 1x ) ) ) * ( 2y - ( ( 4x - 1x ) - ( 2y - 1x ) ) ) )
Fitness = 10.5683642125
Avg Fitness = 8.5618896097
Duplicated = 5
