dataset_file= dataset/SR_circle.txt
population= 500
generations= 50
tournament_size= 2
cross_over= 0.9
mutation= 0.05
elitism= True
(50, 2)
============================================================================
Build initial population
ind: 1
( 8y - ( 5x * 9y ) )
ind: 2
( 62.0 + ( ( ( 10y - 3x ) - 58.0 ) * ( ( 8.0 * ( ( 9x + 3x ) * 10x ) ) + 24.0 ) ) )
ind: 3
( 32.0 - ( ( 3y - ( ( 6x * 4y ) - 46.0 ) ) + 76.0 ) )
ind: 4
( ( ( ( 73.0 - 93.0 ) * 8x ) - ( 56.0 * 96.0 ) ) + 9y )
ind: 5
( ( ( 10x - ( ( 5x - ( 1x + 88.0 ) ) + 1.0 ) ) + ( ( 25.0 - ( ( 7y + 10y ) - ( 65.0 + 5x ) ) ) - 8x ) ) - ( ( 5x + ( 69.0 + ( 55.0 * 3x ) ) ) * 65.0 ) )
ind: 6
( 8x + 10y )
ind: 7
( 4x + ( ( ( ( 7y - ( 1y * 35.0 ) ) * ( ( 50.0 + 29.0 ) + 99.0 ) ) - 3.0 ) + 10y ) )
ind: 8
( 10y * 2x )
ind: 9
( 1y - ( 1x + ( ( 57.0 + ( ( 1y + 66.0 ) + 50.0 ) ) * ( ( 52.0 - ( 46.0 - 43.0 ) ) - 10x ) ) ) )
ind: 10
( 8.0 + ( 3x * ( ( ( ( 18.0 + 2y ) + 30.0 ) + 46.0 ) * 30.0 ) ) )
ind: 11
( ( 2y - ( 49.0 - ( ( ( 8y * 88.0 ) + 9x ) - ( 10y * 38.0 ) ) ) ) + ( 7y * ( ( 5.0 * 7y ) * 72.0 ) ) )
ind: 12
( ( ( ( 2y + 74.0 ) + ( ( 59.0 - ( 1x + 5x ) ) * ( 17.0 - ( 9y - 84.0 ) ) ) ) * 98.0 ) + ( 2y + ( ( ( 6x - 8.0 ) - 1y ) * 30.0 ) ) )
ind: 13
( 3x - 2y )
ind: 14
( ( ( ( 31.0 * ( 10y * ( 67.0 + 4x ) ) ) * ( 1x * ( ( 9x + 7x ) * 53.0 ) ) ) * 51.0 ) - 99.0 )
ind: 15
( ( 8y + 10x ) + 3y )
ind: 16
( 10y - ( ( ( ( 5y - 38.0 ) - ( 12.0 + ( 1y - 34.0 ) ) ) * 89.0 ) + ( ( ( ( 73.0 * 6y ) * 76.0 ) * ( ( 4x - 4x ) * ( 17.0 * 1x ) ) ) * 8x ) ) )
ind: 17
( ( 1y + ( ( 30.0 - ( ( 23.0 - 13.0 ) + ( 1x * 6y ) ) ) * 6y ) ) * ( 9x * 6y ) )
ind: 18
( ( 43.0 + ( ( ( ( 10y + 99.0 ) - 6x ) * ( ( 18.0 - 63.0 ) - ( 7y * 6x ) ) ) + ( 37.0 * 8x ) ) ) + ( ( ( 2y + 53.0 ) * ( ( ( 9.0 + 3y ) + 7x ) - 8.0 ) ) + ( 1x - ( ( 94.0 * 46.0 ) * ( 20.0 * ( 1x * 49.0 ) ) ) ) ) )
ind: 19
( ( 74.0 * 44.0 ) * ( ( 6y + 7y ) - ( ( ( ( 9y * 81.0 ) + 38.0 ) + ( ( 21.0 + 8x ) - ( 3x - 39.0 ) ) ) - 9x ) ) )
ind: 20
( ( 83.0 + ( ( 9y - 4x ) * ( 38.0 - ( ( 6x + 8x ) * ( 4x * 12.0 ) ) ) ) ) * 7x )
ind: 21
( 8y - ( 1x + ( ( 10y - ( 79.0 * ( 9.0 - 1y ) ) ) * 7y ) ) )
ind: 22
( ( ( ( 5x - 31.0 ) + 77.0 ) + ( 3y + 3x ) ) * ( ( ( ( 27.0 - 8y ) - 57.0 ) * 2y ) + 7y ) )
ind: 23
( 57.0 + ( 5x + ( 91.0 + ( 26.0 + ( ( 3y - 3y ) * ( 61.0 + 6x ) ) ) ) ) )
ind: 24
( ( 3x * ( 5y * 4x ) ) * 9.0 )
ind: 25
( 4x - ( ( 9y * ( 4x * ( ( 6y - 16.0 ) - ( 48.0 - 1y ) ) ) ) * ( 8y - ( 98.0 * 98.0 ) ) ) )
ind: 26
( ( ( ( ( 10x + 34.0 ) * 5y ) - ( ( ( 90.0 - 5y ) * ( 10y + 63.0 ) ) - ( 4y * ( 3x + 48.0 ) ) ) ) - ( ( ( ( 8y + 78.0 ) + 1y ) - ( 9y + 32.0 ) ) * 6x ) ) + ( 1x * ( 1y * ( 10x - 8.0 ) ) ) )
ind: 27
( 6x + ( 6y + ( 7x + 49.0 ) ) )
ind: 28
( ( ( 41.0 * ( ( ( 49.0 + 21.0 ) + 29.0 ) - 62.0 ) ) + ( 3y * ( ( 90.0 - ( 10x + 5y ) ) * 9y ) ) ) * ( 47.0 - 8y ) )
ind: 29
( 2x + ( ( 3y - ( 8x * 13.0 ) ) * ( ( 3.0 - 98.0 ) + 11.0 ) ) )
ind: 30
( ( 7x * ( 1y * ( ( 63.0 + 78.0 ) * 33.0 ) ) ) + ( 4x - ( ( ( 4.0 - ( 8y - 53.0 ) ) - ( ( 88.0 + 5x ) + ( 56.0 - 3y ) ) ) * 10.0 ) ) )
ind: 31
( 85.0 - ( ( 88.0 - 4y ) * ( 3x + ( ( ( 26.0 + 12.0 ) - 7x ) + ( 1x - 6.0 ) ) ) ) )
ind: 32
( ( ( 8x * ( ( 3x - ( 9.0 + 9x ) ) - ( 75.0 - ( 5y - 8y ) ) ) ) * ( 1x + 27.0 ) ) - 10y )
ind: 33
( ( ( ( ( 2y - ( 6.0 - 91.0 ) ) * 1y ) + ( ( 3y + 8x ) - 30.0 ) ) * ( ( 65.0 - ( ( 67.0 - 61.0 ) + 2y ) ) + 8x ) ) + ( 3y + 11.0 ) )
ind: 34
( 8x * ( 10y - ( 89.0 - 5y ) ) )
ind: 35
( ( ( ( ( 7x - ( 8x - 73.0 ) ) * ( 27.0 * 79.0 ) ) + 36.0 ) * 7x ) * 4y )
ind: 36
( ( 98.0 * ( ( 3y * ( 70.0 + ( 7x - 80.0 ) ) ) - ( 5y * 9x ) ) ) * ( 7x * 8y ) )
ind: 37
( ( ( ( 58.0 - ( ( 83.0 + 9.0 ) + ( 8x - 8y ) ) ) * 10x ) * ( ( 6x + ( 45.0 * 9y ) ) * 33.0 ) ) - ( ( 2.0 * 98.0 ) - ( 68.0 + ( 6y * ( 7.0 + ( 9x - 10y ) ) ) ) ) )
ind: 38
( 3y - ( 6y + ( ( 100.0 - 21.0 ) + ( ( 3y + ( 77.0 + 10x ) ) - ( 84.0 * 94.0 ) ) ) ) )
ind: 39
( 66.0 + ( 98.0 - ( ( 32.0 * ( ( 3y + 7x ) * ( 5x - 10y ) ) ) + ( 9y * ( 34.0 + ( 76.0 - 9y ) ) ) ) ) )
ind: 40
( 41.0 + ( ( ( 5x + 8x ) - 8y ) - ( 43.0 + ( 3x + 78.0 ) ) ) )
ind: 41
( ( 1y - 5y ) + ( 1y + ( ( 4y * 3x ) * ( 99.0 * 71.0 ) ) ) )
ind: 42
( ( ( 1x - ( 90.0 + ( 5x + ( 43.0 * 2y ) ) ) ) - ( ( 9x - 66.0 ) - ( ( 4y * ( 23.0 * 2x ) ) - 46.0 ) ) ) + 27.0 )
ind: 43
( ( 4y + ( 5y * ( ( 1x - ( 9x * 2y ) ) * ( 47.0 * 89.0 ) ) ) ) * ( 7x + ( 31.0 - 15.0 ) ) )
ind: 44
( ( 8y + ( 2x * 8y ) ) + ( ( ( 88.0 - 62.0 ) * ( 7x + ( ( 1y + 8y ) * ( 23.0 + 99.0 ) ) ) ) - ( 53.0 - 100.0 ) ) )
ind: 45
( 3y + 8x )
ind: 46
( ( ( 6.0 - ( 10x * 6y ) ) * ( 84.0 * 20.0 ) ) - 1.0 )
ind: 47
( ( ( ( 20.0 * ( 9y + 53.0 ) ) * ( ( ( 1.0 + 20.0 ) - ( 98.0 * 67.0 ) ) * 59.0 ) ) + 31.0 ) - ( 67.0 + ( ( 93.0 + ( ( 27.0 + 29.0 ) * ( 93.0 * 6.0 ) ) ) * ( 2x - ( ( 1y * 7x ) - ( 57.0 + 70.0 ) ) ) ) ) )
ind: 48
( 5x + ( 63.0 + ( ( ( 7y - ( 34.0 - 29.0 ) ) * 54.0 ) * ( 57.0 * 35.0 ) ) ) )
ind: 49
( ( 4y + ( ( ( ( 10y + 80.0 ) * ( 10x + 54.0 ) ) - ( 84.0 + 4y ) ) - ( ( ( 3.0 + 7y ) - 2x ) - ( 4x - 5y ) ) ) ) + 5y )
ind: 50
( ( ( ( ( 63.0 - ( 5x * 12.0 ) ) + ( ( 4x + 2y ) * 9.0 ) ) + ( 3y + ( 74.0 * 4y ) ) ) + 22.0 ) + 10y )
ind: 51
( ( 5x - ( 10x * 14.0 ) ) * ( 7.0 * ( ( ( ( 7y + 10y ) + 9y ) - ( 3x - ( 21.0 * 6x ) ) ) + 67.0 ) ) )
ind: 52
( 9y * 2x )
ind: 53
( ( ( ( 85.0 - ( ( 98.0 + 4y ) + ( 2y - 9x ) ) ) + ( 17.0 * ( 6y + ( 9x * 6x ) ) ) ) - ( ( ( ( 4y * 4x ) * ( 10x - 17.0 ) ) - 6x ) * 10y ) ) - ( ( 5x - 100.0 ) * ( 17.0 * 28.0 ) ) )
ind: 54
( ( ( 4y * 4x ) * 2y ) * ( 10x * ( 74.0 * ( 2y * 1.0 ) ) ) )
ind: 55
( ( ( 4y * ( ( ( 81.0 - 49.0 ) * ( 7x * 7y ) ) * 1x ) ) - ( 6x * ( ( ( 7.0 * 4y ) + ( 6y - 10x ) ) + ( 47.0 * ( 5x * 32.0 ) ) ) ) ) - 33.0 )
ind: 56
( 84.0 + ( ( 65.0 - ( 43.0 - 74.0 ) ) - ( 88.0 + ( ( 7y - ( 10y * 47.0 ) ) * ( ( 11.0 + 9x ) * 2y ) ) ) ) )
ind: 57
( ( ( 9x * 1x ) - ( ( ( ( 2x - 50.0 ) * 7x ) - 3y ) * 8y ) ) + ( 8x - 79.0 ) )
ind: 58
( 10x * ( ( ( 7y * ( 94.0 - 1y ) ) + ( ( ( 4x - 5x ) + ( 71.0 + 9y ) ) + ( 2x + 8.0 ) ) ) - ( ( 41.0 + ( 74.0 + 8x ) ) - 5y ) ) )
ind: 59
( 10x - 5y )
ind: 60
( ( 26.0 + ( 80.0 + ( ( ( 22.0 * 54.0 ) + ( 4y * 5x ) ) + 71.0 ) ) ) - ( ( ( ( 75.0 - ( 8y * 8y ) ) - ( ( 7y + 4y ) - 6x ) ) - 6x ) - 1y ) )
ind: 61
( ( 7y * 29.0 ) * ( 71.0 + 2x ) )
ind: 62
( ( ( ( 2y + ( ( 7x * 50.0 ) + 60.0 ) ) - ( 11.0 * 28.0 ) ) + 82.0 ) * ( ( ( ( ( 6x - 10y ) - 2x ) + ( ( 9x * 5y ) + ( 4y * 24.0 ) ) ) - ( ( 54.0 * 7.0 ) * 10x ) ) + 25.0 ) )
ind: 63
( ( 84.0 - ( ( ( ( 5x * 83.0 ) - 4y ) * 65.0 ) * 10y ) ) * ( 6x * 10y ) )
ind: 64
( ( ( 89.0 + 5.0 ) + ( ( ( ( 9y - 74.0 ) - 32.0 ) * ( ( 8y - 10y ) * ( 8x - 9y ) ) ) * ( ( 89.0 - 37.0 ) + ( ( 10.0 * 3y ) + 84.0 ) ) ) ) + 7x )
ind: 65
( ( 7y - 9y ) * ( ( 9x - ( ( ( 6x * 43.0 ) - ( 18.0 * 20.0 ) ) + 53.0 ) ) + ( ( 62.0 + 85.0 ) - 96.0 ) ) )
ind: 66
( ( 9x * ( 7y + 6y ) ) - ( ( 94.0 - 2y ) * 49.0 ) )
ind: 67
( ( 3y - ( ( 2x * ( 7y + 63.0 ) ) - ( ( ( 80.0 * 3y ) * ( 37.0 + 9x ) ) - 5y ) ) ) + 55.0 )
ind: 68
( ( ( 1x - 42.0 ) * 4x ) - ( ( ( 35.0 + ( ( 4y + 3y ) - ( 5y * 29.0 ) ) ) * 5x ) + ( 10x - ( ( 63.0 + ( 94.0 - 10y ) ) - 72.0 ) ) ) )
ind: 69
( ( ( ( ( 43.0 * 37.0 ) + ( ( 4y + 10y ) - ( 8x * 6x ) ) ) - 4y ) * 8x ) * ( 8y * 9.0 ) )
ind: 70
( 96.0 + ( 5y - ( ( 9x + 25.0 ) - ( 32.0 * 10y ) ) ) )
ind: 71
( ( ( 5y - 8x ) * 65.0 ) * ( 11.0 - 2x ) )
ind: 72
( 11.0 + ( ( ( ( 70.0 + 8y ) * ( 82.0 * ( 4x + 90.0 ) ) ) * 6y ) - ( 6y * 55.0 ) ) )
ind: 73
( ( ( 10y + 37.0 ) * ( ( ( ( 5y + 1x ) + 59.0 ) + 8x ) - ( 4x * 70.0 ) ) ) - 28.0 )
ind: 74
( ( 7x * ( ( 85.0 + ( 41.0 * ( 1.0 - 10x ) ) ) - ( ( ( 9x + 100.0 ) * 3y ) - 12.0 ) ) ) + 94.0 )
ind: 75
( ( ( ( ( ( 6y + 29.0 ) + ( 72.0 - 9y ) ) * 30.0 ) * 54.0 ) + ( ( 91.0 + 69.0 ) * ( 6x + ( 5y + 2x ) ) ) ) + 23.0 )
ind: 76
( ( 1x + 4x ) - 2y )
ind: 77
( 7y - ( ( 9x - ( 3x + 24.0 ) ) + ( ( 51.0 + 5y ) * 9y ) ) )
ind: 78
( ( ( ( 28.0 * 73.0 ) + ( 59.0 * ( 8x - ( 4y + 66.0 ) ) ) ) - 1x ) + 6x )
ind: 79
( 1x - ( ( 9.0 * ( ( ( 5x + 8y ) + ( 10x - 2x ) ) - 64.0 ) ) + ( 63.0 * ( ( ( 25.0 + 2.0 ) + ( 5y * 4x ) ) + ( 6x - ( 4y + 4y ) ) ) ) ) )
ind: 80
( ( ( 9x + ( 7y - ( 20.0 * 32.0 ) ) ) + ( ( 5x * 2.0 ) - 5x ) ) - ( ( 5y * 10y ) - 27.0 ) )
ind: 81
( ( 6x * 10y ) - ( ( ( 82.0 - ( 3y - ( 70.0 - 8x ) ) ) - ( ( 1y + ( 4x + 55.0 ) ) - ( ( 27.0 + 8y ) * 9x ) ) ) + ( 63.0 * 7x ) ) )
ind: 82
( ( ( 10x + ( 9x - 8y ) ) * 33.0 ) + 10y )
ind: 83
( ( 38.0 * ( ( 10y * ( ( 97.0 - 48.0 ) * 8.0 ) ) - 90.0 ) ) * ( ( ( ( 3y * 21.0 ) - 66.0 ) - 6x ) * 91.0 ) )
ind: 84
( 3y * ( ( 4x + ( 8x - 56.0 ) ) + 2y ) )
ind: 85
( ( ( 96.0 * 9x ) - 8x ) * 10y )
ind: 86
( ( 9x - ( ( ( 5y - ( 12.0 * 58.0 ) ) + ( ( 9y - 3x ) + 10y ) ) * 10.0 ) ) - 8y )
ind: 87
( ( 1x + ( 6y + 27.0 ) ) - 8y )
ind: 88
( ( ( 9y + 7y ) + 1.0 ) - ( ( ( ( ( 51.0 * 79.0 ) - 1y ) + ( ( 77.0 * 18.0 ) + ( 4x * 28.0 ) ) ) - ( ( ( 20.0 * 8y ) - 11.0 ) * 88.0 ) ) + ( 3x * ( ( 9x + ( 32.0 + 5y ) ) + 6x ) ) ) )
ind: 89
( ( 1x * 48.0 ) - ( ( 4y + 10x ) * 8x ) )
ind: 90
( ( ( ( ( 10x - 98.0 ) - ( ( 81.0 + 10y ) - ( 7.0 + 98.0 ) ) ) * ( 9x + 9y ) ) * 8y ) + ( 8x + 99.0 ) )
ind: 91
( ( ( 8.0 * 5.0 ) * ( ( ( ( 7x + 8y ) - ( 65.0 - 8x ) ) * 62.0 ) + 10y ) ) + ( 5y + 2.0 ) )
ind: 92
( ( 84.0 + ( 3x + 19.0 ) ) - 2y )
ind: 93
( ( 9y * ( ( 39.0 + ( ( 74.0 - 1x ) - ( 39.0 + 10y ) ) ) - ( ( 4.0 - 16.0 ) + 65.0 ) ) ) - 4y )
ind: 94
( ( 99.0 * ( 93.0 + ( 6x + 36.0 ) ) ) * 6y )
ind: 95
( ( ( 2y + 1y ) * 89.0 ) + 5x )
ind: 96
( 3x * 7y )
ind: 97
( ( 9x * ( ( 7y + ( ( 39.0 - 79.0 ) - ( 7x * 4x ) ) ) + 9y ) ) + 42.0 )
ind: 98
( ( ( ( 2x + 35.0 ) * 40.0 ) + ( ( ( 6x + 4y ) + ( ( 31.0 * 48.0 ) - 3x ) ) - 17.0 ) ) * 48.0 )
ind: 99
( ( ( 6y + 44.0 ) + ( 7x * ( ( ( 10x + 6x ) - 10x ) * 24.0 ) ) ) + ( ( 2y + 4y ) - 62.0 ) )
ind: 100
( ( 9y + ( ( ( 2.0 + ( 5x * 4x ) ) - 41.0 ) * 42.0 ) ) * 2y )
ind: 101
( ( ( ( ( 2x + 7y ) + 90.0 ) * ( 2x + ( 10y - 49.0 ) ) ) - ( ( ( ( 5x - 59.0 ) + ( 7.0 + 87.0 ) ) * ( ( 9y - 18.0 ) - ( 87.0 - 3y ) ) ) - 9y ) ) * 53.0 )
ind: 102
( ( 2x + ( ( ( 3x * ( 75.0 - 10y ) ) - 55.0 ) + 9x ) ) * ( 8x * 91.0 ) )
ind: 103
( 8y + 5x )
ind: 104
( ( 1x * ( 83.0 + 2y ) ) + 91.0 )
ind: 105
( 10y + ( ( ( 1x * ( ( 9y * 1x ) * 3x ) ) - ( ( ( 45.0 * 23.0 ) - 30.0 ) * ( 9x - 10x ) ) ) + 82.0 ) )
ind: 106
( 6y - 6x )
ind: 107
( 23.0 + ( ( 1y + 87.0 ) - ( 82.0 - ( ( ( 58.0 + 26.0 ) * ( 6x - 20.0 ) ) + ( 1y * ( 75.0 * 50.0 ) ) ) ) ) )
ind: 108
( ( ( ( 83.0 - 10y ) - 44.0 ) + 7y ) - ( ( ( ( 93.0 + 100.0 ) * 85.0 ) * ( ( ( 82.0 - 7y ) - ( 4y - 6x ) ) * 82.0 ) ) * 94.0 ) )
ind: 109
( 69.0 * ( 23.0 + ( ( ( 3y - 76.0 ) - 5x ) - ( 5.0 * ( 71.0 * 7y ) ) ) ) )
ind: 110
( ( ( ( 4y * ( ( 39.0 - 9x ) * 7.0 ) ) + ( 4y - 6y ) ) * ( 1x - 15.0 ) ) + 73.0 )
ind: 111
( ( 1x * ( 79.0 + ( ( ( 36.0 + 8y ) - 21.0 ) + 98.0 ) ) ) + ( ( 3y - 10x ) + 1y ) )
ind: 112
( ( ( ( 75.0 + ( 9x * ( 4y * 32.0 ) ) ) * 8y ) + ( 5x - ( ( 7x * ( 95.0 * 43.0 ) ) * 19.0 ) ) ) * ( ( ( 10y + 9x ) * 44.0 ) - 8y ) )
ind: 113
( ( 5x - 96.0 ) + ( 93.0 - ( ( ( 3y * 3.0 ) + 24.0 ) - 6y ) ) )
ind: 114
( ( ( ( ( 8x - 7.0 ) * ( ( 8x - 72.0 ) * 4y ) ) - 5x ) + ( 83.0 - 6y ) ) - 2y )
ind: 115
( ( ( ( ( ( 5x + 13.0 ) - ( 9y * 9x ) ) - ( 96.0 - ( 44.0 * 2y ) ) ) * ( ( 79.0 - 3x ) * ( ( 20.0 + 38.0 ) + 12.0 ) ) ) + 1y ) * ( 2x + 15.0 ) )
ind: 116
( ( 8y - ( 2y + 88.0 ) ) - 4x )
ind: 117
( ( 35.0 + ( ( 64.0 * 10y ) - 6x ) ) + 71.0 )
ind: 118
( 2y - ( ( 8x - ( 90.0 + ( 15.0 * 9y ) ) ) + ( ( ( ( 1.0 + 4x ) - 32.0 ) * 8y ) * 21.0 ) ) )
ind: 119
( ( ( 64.0 * 3y ) - ( ( 30.0 * ( 55.0 - 3x ) ) - 9x ) ) + 24.0 )
ind: 120
( 4x * ( 1x + ( 90.0 - ( 10y + ( 79.0 * ( 5.0 * 21.0 ) ) ) ) ) )
ind: 121
( 7x - 3y )
ind: 122
( ( 29.0 * 23.0 ) - ( 6x * ( ( 4y * ( 3y + ( 16.0 - 82.0 ) ) ) + ( 3x - 4x ) ) ) )
ind: 123
( ( ( 10x - ( ( ( 53.0 + 8y ) * 77.0 ) - ( 46.0 * 65.0 ) ) ) * ( ( ( 36.0 * 16.0 ) + 97.0 ) - 3y ) ) + 3x )
ind: 124
( ( 58.0 + 3y ) + 8x )
ind: 125
( 1x - ( ( 4x - ( ( 8x + ( 82.0 * 8x ) ) - ( ( 20.0 + 9x ) + ( 63.0 * 9y ) ) ) ) * 81.0 ) )
ind: 126
( ( 9x + ( ( 9x * 83.0 ) * 3y ) ) + ( 7x + 99.0 ) )
ind: 127
( ( ( ( 6y - ( 5y - 8x ) ) - ( 95.0 * 67.0 ) ) * ( 85.0 - 9x ) ) + ( ( ( ( 4y + ( 7y - 2x ) ) - ( ( 25.0 + 43.0 ) + 10x ) ) - 1x ) + 23.0 ) )
ind: 128
( ( ( 8.0 * 5y ) * 82.0 ) * 9x )
ind: 129
( ( ( ( 99.0 * ( 2y - 2x ) ) * ( 13.0 - ( 93.0 - 7x ) ) ) + 1y ) - ( ( 6y + 66.0 ) - ( ( ( ( 69.0 + 8y ) - 6x ) + ( ( 99.0 * 77.0 ) + 7x ) ) - ( 94.0 - 19.0 ) ) ) )
ind: 130
( ( ( 34.0 * 6y ) - ( 9y + ( ( 21.0 + 18.0 ) - ( 2x - ( 36.0 + 10y ) ) ) ) ) * ( 37.0 - 78.0 ) )
ind: 131
( 9y + ( 4x - ( ( 10y + ( 8y * ( 3y - 25.0 ) ) ) + ( 13.0 + ( 46.0 - 5x ) ) ) ) )
ind: 132
( 10x - ( ( ( 6x * ( 4x - ( 56.0 - 69.0 ) ) ) * ( 87.0 + ( ( 1x * 74.0 ) - ( 2y + 24.0 ) ) ) ) - 5y ) )
ind: 133
( 1x + ( 3x - ( ( ( 5y - 46.0 ) - ( ( 12.0 + 4y ) - ( 42.0 - 4.0 ) ) ) - 3y ) ) )
ind: 134
( 3y * ( ( ( 11.0 * 4x ) - ( ( 37.0 + 92.0 ) * 95.0 ) ) * ( 38.0 - ( 49.0 - ( ( 3y + 11.0 ) - ( 5x - 8x ) ) ) ) ) )
ind: 135
( ( ( ( 56.0 * 8y ) * ( 5y * ( ( 76.0 - 10x ) * ( 19.0 + 18.0 ) ) ) ) - 76.0 ) + ( ( ( ( ( 14.0 - 82.0 ) + 6x ) * ( ( 89.0 - 10x ) - 1y ) ) + ( ( ( 8x - 59.0 ) * 10y ) + 32.0 ) ) + ( ( ( ( 4.0 * 37.0 ) - ( 2y - 29.0 ) ) + 9x ) - 42.0 ) ) )
ind: 136
( ( 12.0 + 6x ) + ( 4y * 9x ) )
ind: 137
( ( 10x * 80.0 ) + ( ( ( 8y + ( 8y * 30.0 ) ) * ( 1x + 96.0 ) ) + ( 9.0 - 48.0 ) ) )
ind: 138
( ( 26.0 + ( 2x - ( 10x + ( 7y * ( 9y + 56.0 ) ) ) ) ) - 53.0 )
ind: 139
( ( ( ( 1y * 10x ) + ( 3y * ( 7y + ( 4x - 98.0 ) ) ) ) - 8x ) + 37.0 )
ind: 140
( ( ( 9x * 9x ) - ( 74.0 - ( ( ( 73.0 * 2.0 ) - ( 6y * 9.0 ) ) - 1x ) ) ) * 5y )
ind: 141
( ( ( 85.0 + ( ( ( 1.0 * 63.0 ) * 29.0 ) * ( 3x + ( 85.0 * 96.0 ) ) ) ) * ( ( ( 6y * 12.0 ) * ( 39.0 + ( 56.0 + 69.0 ) ) ) + ( ( 46.0 * 2.0 ) * 75.0 ) ) ) - 5y )
ind: 142
( 23.0 + ( ( 99.0 * ( ( 6x * 26.0 ) * 61.0 ) ) - 1y ) )
ind: 143
( ( 5y * ( ( ( 9.0 * 66.0 ) + 6y ) * ( ( ( 1x - 7x ) - ( 21.0 - 88.0 ) ) - 5y ) ) ) * ( ( 10x + 86.0 ) - 13.0 ) )
ind: 144
( 48.0 - ( 90.0 + ( ( 3y + ( ( 1.0 - 60.0 ) + ( 6x - 1x ) ) ) + ( ( ( 8.0 + 78.0 ) + 79.0 ) * ( 26.0 - 7y ) ) ) ) )
ind: 145
( 5x - 6y )
ind: 146
( 2x * ( ( ( ( ( 10y + 5x ) + ( 72.0 + 89.0 ) ) * 10y ) * 27.0 ) - ( ( ( 21.0 * 30.0 ) + ( ( 2x - 5y ) - 51.0 ) ) - ( 5.0 * 95.0 ) ) ) )
ind: 147
( 6y * 5x )
ind: 148
( 4y * ( ( ( 6y - ( ( 3x + 11.0 ) + ( 90.0 * 4x ) ) ) * 92.0 ) - 29.0 ) )
ind: 149
( 4x + ( ( 5y * 51.0 ) + 6y ) )
ind: 150
( ( ( 2y * ( 93.0 - ( ( 74.0 - 7y ) - 2y ) ) ) * ( ( 4y + ( 88.0 * 1y ) ) - 89.0 ) ) - ( 68.0 + 2x ) )
ind: 151
( ( ( ( 65.0 * ( ( 1y - 2.0 ) + ( 43.0 + 80.0 ) ) ) + 3x ) - 78.0 ) - ( 23.0 * 40.0 ) )
ind: 152
( ( 6.0 + ( 7x * ( ( 7.0 * ( 3y + 7.0 ) ) + ( 3x * ( 28.0 * 1y ) ) ) ) ) * 2x )
ind: 153
( ( ( 7y - 2x ) - ( 2y + ( 5y - 45.0 ) ) ) - ( ( 3x - 2y ) - ( ( 12.0 - 51.0 ) * 4y ) ) )
ind: 154
( ( ( 2y * ( ( 16.0 - 10x ) + ( ( 9y * 67.0 ) + ( 7y * 8y ) ) ) ) * 87.0 ) + ( 25.0 * ( 53.0 + 1x ) ) )
ind: 155
( ( 14.0 - 8.0 ) * ( 18.0 * ( ( ( 68.0 - ( 41.0 * 6x ) ) + ( ( 1x - 25.0 ) + ( 6x - 28.0 ) ) ) * ( ( 7x + 4y ) * ( ( 70.0 - 21.0 ) + ( 98.0 + 10y ) ) ) ) ) )
ind: 156
( ( ( ( 32.0 - ( 74.0 - ( 6y - 11.0 ) ) ) + ( ( ( 36.0 * 18.0 ) + 37.0 ) - 2x ) ) * 81.0 ) + ( 2x - 3y ) )
ind: 157
( ( ( 6x * 8y ) * 10y ) * ( ( ( ( ( 8y + 68.0 ) * 6y ) * 90.0 ) - ( 6y + 58.0 ) ) - 2x ) )
ind: 158
( 62.0 + ( ( ( 52.0 - ( 10x * ( 8y * 6x ) ) ) * 10y ) + 3x ) )
ind: 159
( ( ( ( 9.0 + ( ( 6y * 9y ) - ( 54.0 * 53.0 ) ) ) + ( 7x + 41.0 ) ) * 22.0 ) * 6x )
ind: 160
( 2y * ( ( ( 6x + 49.0 ) + 16.0 ) * 89.0 ) )
ind: 161
( 9x - ( 15.0 - ( 1y * ( ( 79.0 - 88.0 ) - 3x ) ) ) )
ind: 162
( ( ( ( ( ( 8x - 6y ) + 64.0 ) * 8x ) - 80.0 ) - 6y ) + ( 2x - 5x ) )
ind: 163
( 3x * 8y )
ind: 164
( ( ( ( ( ( 9x * 2x ) - 43.0 ) + 66.0 ) - ( ( ( 9.0 + 5.0 ) + ( 10x - 7x ) ) - 20.0 ) ) - ( 71.0 - 4x ) ) + ( 5y + 10x ) )
ind: 165
( 100.0 - ( ( ( ( 15.0 - ( 11.0 + 9x ) ) - ( ( 9y + 4.0 ) + ( 44.0 + 6x ) ) ) * ( 39.0 + ( 1y + ( 96.0 - 49.0 ) ) ) ) - ( ( ( ( 2x - 2x ) - 9x ) * 77.0 ) - 78.0 ) ) )
ind: 166
( ( 21.0 * ( ( 19.0 - ( ( 56.0 * 52.0 ) - ( 18.0 + 46.0 ) ) ) * 6x ) ) * ( ( ( ( 3y * ( 8y - 8y ) ) * ( 9x + ( 83.0 * 6y ) ) ) * 9x ) - ( 7y * 91.0 ) ) )
ind: 167
( 3x * ( 70.0 - 4y ) )
ind: 168
( 2x - ( 80.0 + ( ( 9y + 3x ) * ( 79.0 - 97.0 ) ) ) )
ind: 169
( ( 2y + ( 25.0 + ( ( 93.0 * ( 9x + 30.0 ) ) + ( ( 49.0 * 10y ) + ( 60.0 * 9x ) ) ) ) ) - 4x )
ind: 170
( 9y * ( ( ( 92.0 * ( ( 33.0 - 4x ) - 36.0 ) ) + 4x ) * 100.0 ) )
ind: 171
( 1y * 5x )
ind: 172
( ( ( 50.0 - ( ( 3.0 + ( 1x + 16.0 ) ) * ( ( 5y + 36.0 ) * ( 65.0 - 40.0 ) ) ) ) - 1y ) - ( ( 60.0 - ( ( 6y + 4y ) - 9y ) ) * ( 5y - 99.0 ) ) )
ind: 173
( 2y + ( 5x + 8y ) )
ind: 174
( ( ( 7.0 * 4.0 ) - ( ( 36.0 * ( 1y - 9x ) ) - ( 90.0 * 79.0 ) ) ) + ( ( ( ( ( 8y - 5.0 ) * 52.0 ) + ( ( 10y * 1x ) * 6y ) ) * 27.0 ) - ( 3x * 8x ) ) )
ind: 175
( 9y * ( ( 7x * 90.0 ) + 59.0 ) )
ind: 176
( ( 12.0 * 60.0 ) - ( ( ( ( 93.0 * ( 72.0 - 7x ) ) + 67.0 ) + ( ( ( 77.0 - 94.0 ) * ( 5y * 27.0 ) ) + 18.0 ) ) * ( 6x - ( 3x + 2x ) ) ) )
ind: 177
( ( ( 1y - 6x ) + ( 74.0 * 31.0 ) ) - ( ( 6x * ( 11.0 * 4y ) ) * 2y ) )
ind: 178
( ( 8x - 5y ) + ( ( 43.0 - 5y ) * 8y ) )
ind: 179
( 62.0 + ( 41.0 * ( ( 5y - ( ( 6y + 51.0 ) + ( 54.0 * 7y ) ) ) - ( ( ( 7x - 94.0 ) * 64.0 ) + ( ( 5x * 99.0 ) - ( 62.0 + 19.0 ) ) ) ) ) )
ind: 180
( ( ( 23.0 * ( 8x - ( ( 67.0 - 9y ) + ( 4.0 - 55.0 ) ) ) ) * 61.0 ) * ( ( 4x * ( ( 1x - ( 5x * 37.0 ) ) + 21.0 ) ) - ( 76.0 - ( 3y * 43.0 ) ) ) )
ind: 181
( 6x * 4y )
ind: 182
( ( ( ( ( 5x - ( 8y - 3x ) ) + 7x ) + 84.0 ) + ( ( ( 10x * 88.0 ) + ( ( 3x * 94.0 ) * ( 78.0 - 51.0 ) ) ) - ( ( ( 84.0 - 52.0 ) - ( 98.0 + 6y ) ) - 8.0 ) ) ) + 39.0 )
ind: 183
( ( ( ( ( ( 72.0 * 48.0 ) + ( 2y - 22.0 ) ) - 44.0 ) + ( ( ( 55.0 - 4x ) + 7x ) + 10y ) ) + 1x ) * 18.0 )
ind: 184
( ( 2x - ( 4x + 9y ) ) * ( ( 56.0 * ( ( 46.0 - ( 57.0 + 44.0 ) ) - 6y ) ) * 72.0 ) )
ind: 185
( ( ( ( 1x - 72.0 ) + 3y ) * ( ( 69.0 + 3x ) * ( 15.0 + ( 49.0 * 3y ) ) ) ) * ( 60.0 - ( ( ( 1x - 6x ) * ( ( 69.0 * 54.0 ) * 9y ) ) + 32.0 ) ) )
ind: 186
( 9y - 9x )
ind: 187
( 6y - ( ( 75.0 - ( ( ( 1x * 49.0 ) - ( 10y + 4y ) ) + ( 6y * 3x ) ) ) * ( ( 8y + 3x ) - 10x ) ) )
ind: 188
( ( 5x + ( 9x - 63.0 ) ) * 4y )
ind: 189
( ( ( ( 89.0 - 1y ) - ( 8x * 8x ) ) + 7y ) + 86.0 )
ind: 190
( ( ( ( 4x - ( 1y - ( 47.0 * 9y ) ) ) - ( 10y * 8x ) ) - 52.0 ) * 85.0 )
ind: 191
( ( 3y * 6x ) - 49.0 )
ind: 192
( ( ( ( 8x * 7x ) + ( ( 4y - ( 89.0 - 2.0 ) ) * 4x ) ) * ( ( 8y - ( ( 51.0 * 85.0 ) - 10y ) ) - 11.0 ) ) - 4x )
ind: 193
( ( ( 3.0 * ( ( 79.0 * ( 8x + 53.0 ) ) + ( 8y * 2y ) ) ) + ( 23.0 - ( 39.0 + ( ( 6y + 1x ) * ( 3y - 10x ) ) ) ) ) - 83.0 )
ind: 194
( 8y - ( 84.0 - ( ( 89.0 - ( ( 7y * 6x ) * ( 37.0 - 15.0 ) ) ) - ( ( ( 92.0 * 54.0 ) * 50.0 ) + 2.0 ) ) ) )
ind: 195
( ( 2.0 * ( ( 74.0 * 9y ) * 7y ) ) * ( 5x * ( 99.0 + 4y ) ) )
ind: 196
( ( 74.0 * ( 4x - ( ( 5y - ( 89.0 * 66.0 ) ) * ( 8x * ( 3y * 39.0 ) ) ) ) ) - 31.0 )
ind: 197
( ( ( 3x * ( ( ( 8y - 13.0 ) + 1y ) + ( ( 81.0 * 9y ) * 8y ) ) ) - 10y ) - ( ( ( ( ( 2y + 6x ) + ( 5x * 10y ) ) - ( ( 5x * 60.0 ) + 2y ) ) * 65.0 ) + 95.0 ) )
ind: 198
( 50.0 * ( ( 43.0 * ( ( ( 95.0 * 7x ) + ( 24.0 + 68.0 ) ) + ( ( 6x - 30.0 ) + 59.0 ) ) ) - ( 7y + 5y ) ) )
ind: 199
( ( 5x - ( ( 6y + 91.0 ) + 9y ) ) * ( 12.0 * 9x ) )
ind: 200
( ( 68.0 * ( ( ( 89.0 + ( 96.0 * 40.0 ) ) + 9x ) - 6y ) ) - ( ( 3x - 32.0 ) * ( ( 3y + ( 51.0 * 6y ) ) - 8y ) ) )
ind: 201
( 1y - ( 43.0 - ( ( 57.0 * 3x ) - 10x ) ) )
ind: 202
( ( 9y + ( ( 7y - 1.0 ) * ( 95.0 - 7x ) ) ) * ( 4x + 7y ) )
ind: 203
( ( ( 9y * ( ( 67.0 * 4x ) * 31.0 ) ) - ( 85.0 + 2x ) ) * 1y )
ind: 204
( ( ( ( ( 3y - ( 10y - 48.0 ) ) - 6x ) + 40.0 ) - 5x ) + 3x )
ind: 205
( ( 5x - ( ( 95.0 - 4y ) - ( ( ( 8y + 8y ) - ( 72.0 * 94.0 ) ) - 4x ) ) ) - ( ( 3y - 5.0 ) - 43.0 ) )
ind: 206
( ( ( ( ( 49.0 * 4x ) + ( ( 26.0 + 41.0 ) - 6x ) ) * ( ( 10x * 8y ) - 50.0 ) ) * 6x ) + ( 79.0 + 1x ) )
ind: 207
( ( ( 7x - 7.0 ) * ( 11.0 + ( 64.0 - ( 4x * ( 3x + 71.0 ) ) ) ) ) * ( ( 10y * ( ( 83.0 - 25.0 ) * 90.0 ) ) * 71.0 ) )
ind: 208
( 16.0 + ( ( 7.0 - 2x ) * ( 6y + 4x ) ) )
ind: 209
( ( ( 3y * 10x ) - 6x ) - 7x )
ind: 210
( ( ( 4x * 10x ) - ( 4x - ( 64.0 * ( 9y * ( 62.0 - 2y ) ) ) ) ) * 1y )
ind: 211
( ( 4y + ( 35.0 * ( 41.0 * 99.0 ) ) ) + 9x )
ind: 212
( ( 41.0 * ( ( ( ( 48.0 + 24.0 ) * 4y ) * ( 1x * 1x ) ) * ( 36.0 * ( ( 86.0 + 2.0 ) - 6y ) ) ) ) + 6x )
ind: 213
( ( 85.0 * ( ( ( 3y + ( 74.0 * 40.0 ) ) + 96.0 ) - ( ( ( 85.0 * 13.0 ) - 73.0 ) * ( 1x - ( 72.0 + 10y ) ) ) ) ) * ( 66.0 + ( ( ( 4y * ( 6x * 71.0 ) ) - 48.0 ) * 82.0 ) ) )
ind: 214
( 91.0 - ( 43.0 * ( ( 10x - 3y ) - 15.0 ) ) )
ind: 215
( ( ( ( ( 5y + ( 2x * 98.0 ) ) - 63.0 ) + 17.0 ) + ( ( 75.0 - 7y ) + ( 60.0 * 42.0 ) ) ) + 35.0 )
ind: 216
( ( 12.0 * 9x ) + ( ( ( ( ( 44.0 - 32.0 ) - 77.0 ) + 80.0 ) + ( ( ( 62.0 + 7y ) * ( 35.0 * 6y ) ) + ( 7x * ( 5y + 64.0 ) ) ) ) + ( 14.0 * 15.0 ) ) )
ind: 217
( ( ( 10y * 72.0 ) - ( ( ( 1y * ( 97.0 + 37.0 ) ) - ( 81.0 * 8x ) ) * ( ( ( 1y + 67.0 ) - ( 14.0 - 3x ) ) + ( 10x * 10y ) ) ) ) - 54.0 )
ind: 218
( ( ( ( ( 10x + 7x ) - ( ( 7y + 1x ) + 3x ) ) - ( ( ( 7y * 6y ) * 7.0 ) * ( 42.0 - 5x ) ) ) * 1y ) + ( ( ( 6y * ( ( 7.0 + 26.0 ) - ( 27.0 * 8x ) ) ) * 32.0 ) * ( 61.0 - ( 3x + ( 66.0 - ( 44.0 * 6y ) ) ) ) ) )
ind: 219
( ( ( ( ( ( 92.0 - 34.0 ) - ( 10x - 44.0 ) ) - ( 59.0 + ( 3y + 4x ) ) ) + ( ( 47.0 + ( 7x + 5y ) ) * 54.0 ) ) - ( 68.0 - 28.0 ) ) + ( ( ( ( ( 94.0 + 84.0 ) - 2y ) - ( ( 11.0 * 78.0 ) - ( 29.0 * 6y ) ) ) * 9x ) - 69.0 ) )
ind: 220
( 8x * 9y )
ind: 221
( 5x + 9y )
ind: 222
( ( 4x * ( ( 79.0 - 8x ) + 22.0 ) ) + ( ( 56.0 + 75.0 ) - ( ( ( 10y * ( 26.0 * 22.0 ) ) * 13.0 ) * ( 78.0 + 5x ) ) ) )
ind: 223
( ( ( ( ( 23.0 - 3x ) * ( 5x - 7y ) ) - ( ( 44.0 - ( 3.0 + 8y ) ) + 95.0 ) ) + 92.0 ) + 72.0 )
ind: 224
( ( ( ( 85.0 + 10x ) - ( 37.0 - ( ( 7x * 6.0 ) + ( 80.0 + 1x ) ) ) ) - ( 96.0 + ( 89.0 + ( 3y * 7y ) ) ) ) + ( 1x + ( 3x - 56.0 ) ) )
ind: 225
( 6y * ( 2y * ( ( 5y * 9x ) + 7x ) ) )
ind: 226
( ( ( ( ( 74.0 - 4x ) - ( ( 53.0 - 8x ) - 5.0 ) ) - 73.0 ) * 30.0 ) + ( ( 94.0 + ( 38.0 + ( ( 5x + 83.0 ) + ( 10x - 9y ) ) ) ) + 4x ) )
ind: 227
( ( ( ( 3y - ( ( 2x - 2x ) * 1y ) ) * ( ( ( 4x + 1x ) + ( 3.0 - 3x ) ) + ( ( 7y * 2x ) * 4y ) ) ) + 7x ) + 4x )
ind: 228
( ( ( 85.0 - 10x ) - 3x ) * ( ( 46.0 + ( ( 95.0 + ( 4y + 3x ) ) + ( 39.0 - ( 8y - 2x ) ) ) ) + 4y ) )
ind: 229
( 1y + ( 8x + 2x ) )
ind: 230
( ( 2x + ( ( ( ( 7x * 9y ) + ( 76.0 + 4y ) ) + ( ( 4y + 8y ) * ( 40.0 * 93.0 ) ) ) * 2y ) ) - ( ( ( ( 6y + 10y ) - ( 5y + 92.0 ) ) + 2y ) * ( 10y * ( 2x + 18.0 ) ) ) )
ind: 231
( ( ( ( 6x + 9y ) + 8y ) - 9.0 ) + 9x )
ind: 232
( ( 73.0 + 6y ) + ( ( 97.0 * 87.0 ) - ( ( 44.0 * ( ( 85.0 - 3x ) + ( 39.0 * 7y ) ) ) + 4x ) ) )
ind: 233
( ( ( 26.0 + 61.0 ) * ( ( 5x - 8x ) - ( 2.0 * 2x ) ) ) - 6y )
ind: 234
( ( 3y - ( 22.0 - ( ( ( 9x * 4x ) * 1y ) - 28.0 ) ) ) - 22.0 )
ind: 235
( 4y * ( 9x - ( ( 24.0 + ( 8y - 78.0 ) ) + 6y ) ) )
ind: 236
( 9x + ( ( ( ( 1y + ( 37.0 - 9y ) ) + ( ( 10.0 + 57.0 ) + 7x ) ) + 75.0 ) + ( 89.0 * 7y ) ) )
ind: 237
( ( ( ( ( ( 4y + 40.0 ) - ( 95.0 * 31.0 ) ) * ( 1x * ( 38.0 + 44.0 ) ) ) - ( ( ( 66.0 - 3.0 ) * 56.0 ) * ( ( 56.0 * 4.0 ) - 97.0 ) ) ) * 6x ) * ( 46.0 * ( 1x + ( ( ( 6x + 50.0 ) - 8y ) + 10y ) ) ) )
ind: 238
( 8x + ( ( ( 77.0 + ( ( 63.0 + 5y ) - 10x ) ) * ( ( ( 56.0 - 6y ) * 4x ) - 2y ) ) + ( ( 8.0 * ( 1y * ( 83.0 - 7y ) ) ) + 90.0 ) ) )
ind: 239
( ( 100.0 + 10x ) + ( 1y * 69.0 ) )
ind: 240
( ( 18.0 - ( 83.0 + ( ( ( 6x + 7x ) - 2x ) * ( 3y + ( 9x + 91.0 ) ) ) ) ) * ( ( ( 6x - ( ( 1y - 8x ) - ( 27.0 - 68.0 ) ) ) * ( ( ( 87.0 * 25.0 ) - ( 69.0 - 91.0 ) ) - 9x ) ) - ( 10y + 78.0 ) ) )
ind: 241
( 7x - ( ( 7.0 * ( ( ( 3y * 26.0 ) - 9x ) * ( ( 37.0 * 75.0 ) + ( 1y - 10x ) ) ) ) - 3x ) )
ind: 242
( 9x + ( 4y - 75.0 ) )
ind: 243
( ( 85.0 + 5x ) + 10y )
ind: 244
( ( ( 4x * ( 4y + 84.0 ) ) * ( ( 5y * ( ( 1x * 22.0 ) - 62.0 ) ) * ( ( ( 92.0 - 3x ) - 91.0 ) + 2.0 ) ) ) + 28.0 )
ind: 245
( 6y * ( ( ( ( 10x + 72.0 ) - 5y ) + ( 5y - ( 6x - ( 3x * 62.0 ) ) ) ) - 2y ) )
ind: 246
( 63.0 - ( ( ( ( 8x * ( 54.0 - 40.0 ) ) + 10y ) * 6x ) - ( ( 2y - ( ( 60.0 * 33.0 ) * ( 5x - 56.0 ) ) ) + 30.0 ) ) )
ind: 247
( ( ( ( ( 11.0 * 18.0 ) * ( ( 54.0 + 14.0 ) + ( 1y - 67.0 ) ) ) * ( ( ( 67.0 + 9y ) * 25.0 ) - ( ( 19.0 - 30.0 ) * 58.0 ) ) ) + ( 3y - 9x ) ) - ( ( 83.0 - 3x ) + 33.0 ) )
ind: 248
( ( ( ( 4y - 54.0 ) * 2x ) + 76.0 ) + 51.0 )
ind: 249
( ( 10x - 8x ) * ( ( 50.0 - 7.0 ) * ( 1x + 4y ) ) )
ind: 250
( ( ( ( 9.0 + 10x ) - 6y ) + ( 7.0 - ( ( 6x - 1y ) * ( 10x * 61.0 ) ) ) ) - ( ( 7y - 9y ) + ( 3x * 92.0 ) ) )
ind: 251
( 8y - ( ( ( 85.0 * 4y ) * ( ( 7x + ( 6y * 2x ) ) - ( 14.0 - 90.0 ) ) ) - 77.0 ) )
ind: 252
( ( ( 85.0 + ( ( ( 39.0 + 58.0 ) + ( 5x - 44.0 ) ) * ( 61.0 * ( 37.0 - 10.0 ) ) ) ) + 90.0 ) - ( ( ( 8y * ( ( 84.0 + 98.0 ) * 34.0 ) ) * 10x ) * 42.0 ) )
ind: 253
( 9y * ( 10x * ( 66.0 + ( ( ( 7x - 6y ) - 1x ) * 72.0 ) ) ) )
ind: 254
( ( ( 38.0 - ( ( 38.0 * 5y ) - ( 2y - 91.0 ) ) ) * ( 10x - 10y ) ) * ( 40.0 * ( ( 44.0 - 10y ) + 8y ) ) )
ind: 255
( ( 35.0 * ( ( ( 81.0 * 5x ) * ( ( 31.0 - 10x ) * ( 45.0 * 3y ) ) ) * 80.0 ) ) * 4x )
ind: 256
( 98.0 * ( ( ( ( 3x + ( 8x - 85.0 ) ) + ( ( 9y - 10y ) * 7y ) ) - 10y ) + ( 40.0 * ( ( 5x * ( 6.0 * 57.0 ) ) - ( ( 7x - 18.0 ) * ( 2x * 3y ) ) ) ) ) )
ind: 257
( ( ( ( 10y + 1x ) * ( ( ( 6x + 11.0 ) * ( 10x + 31.0 ) ) - ( 37.0 - ( 6y + 21.0 ) ) ) ) * ( ( ( 72.0 * ( 1y + 64.0 ) ) - 22.0 ) - ( ( 50.0 - ( 20.0 * 59.0 ) ) - ( 8y + 6x ) ) ) ) * ( 6x + 27.0 ) )
ind: 258
( ( ( 70.0 - ( 20.0 - 2y ) ) - ( 6x - ( ( 4x * ( 7y * 4y ) ) * 10x ) ) ) + 1x )
ind: 259
( 6x - 3y )
ind: 260
( ( ( 68.0 - ( 50.0 - 7y ) ) - 77.0 ) + ( ( 65.0 - 7y ) + ( ( 53.0 + 55.0 ) + ( 78.0 + ( ( 10.0 * 6.0 ) - 8x ) ) ) ) )
ind: 261
( 89.0 - ( 15.0 - ( ( ( ( 5y + 42.0 ) + ( 5x * 10x ) ) - ( ( 2y - 91.0 ) - ( 3y - 24.0 ) ) ) + 6y ) ) )
ind: 262
( ( ( ( ( 22.0 + 9y ) + ( ( 5y - 61.0 ) + 1x ) ) + ( 2x - 85.0 ) ) * ( ( 9y * ( 47.0 * ( 1x + 8y ) ) ) * 4x ) ) + 9x )
ind: 263
( ( 3y + ( ( ( ( 24.0 * 36.0 ) + ( 5y + 10x ) ) - ( ( 10x * 79.0 ) - 96.0 ) ) - 6x ) ) - 2y )
ind: 264
( ( ( 7y * 5x ) - 48.0 ) + ( 76.0 + 11.0 ) )
ind: 265
( ( ( ( 70.0 + ( 99.0 * 91.0 ) ) + 1x ) + ( ( 91.0 + ( 7y + ( 41.0 - 2y ) ) ) + 72.0 ) ) - ( 21.0 + 10x ) )
ind: 266
( 8y * ( 3y + ( 5x * ( ( ( 99.0 + 1x ) - ( 97.0 - 8x ) ) - ( 7x * 10y ) ) ) ) )
ind: 267
( ( ( 16.0 - ( ( 64.0 + 100.0 ) * 53.0 ) ) + 1x ) * 4y )
ind: 268
( ( ( ( ( 7x - ( 5x * 98.0 ) ) + ( ( 7.0 - 5y ) - 9x ) ) * ( 6y * ( 9x - 5x ) ) ) - ( 76.0 * 6x ) ) - 33.0 )
ind: 269
( ( ( ( 68.0 * ( 49.0 - 9x ) ) - ( ( 74.0 + ( 44.0 + 10x ) ) + ( ( 29.0 * 9x ) - 86.0 ) ) ) - ( ( ( ( 9x - 79.0 ) - 98.0 ) - ( 12.0 * ( 10y + 6x ) ) ) * ( ( ( 20.0 * 8y ) - 2y ) - ( ( 7y - 67.0 ) * ( 1y + 31.0 ) ) ) ) ) * ( ( 29.0 * 51.0 ) * ( 69.0 * 98.0 ) ) )
ind: 270
( ( ( 19.0 * ( 5y * 7y ) ) * 81.0 ) * ( 86.0 + ( ( ( 46.0 + ( 1y - 2x ) ) * ( ( 7x + 1x ) + 10y ) ) * 31.0 ) ) )
ind: 271
( ( ( ( ( ( 5x + 89.0 ) + ( 8.0 + 9y ) ) - ( 3x - 46.0 ) ) * ( 2x + 46.0 ) ) + ( ( ( ( 6x - 61.0 ) - ( 8y + 9x ) ) - ( 60.0 - ( 65.0 + 50.0 ) ) ) * ( ( ( 41.0 * 2y ) - ( 3y + 39.0 ) ) * ( ( 3y + 84.0 ) + ( 50.0 * 88.0 ) ) ) ) ) * 96.0 )
ind: 272
( ( ( 29.0 * ( 40.0 - ( 1y * ( 5x - 9x ) ) ) ) * ( ( 6y - 36.0 ) - 94.0 ) ) + ( 10.0 * ( 6y + 70.0 ) ) )
ind: 273
( 1y + 10x )
ind: 274
( ( 5y * ( 4x + ( 85.0 * 4x ) ) ) + 8x )
ind: 275
( 3x * ( 98.0 * ( 6y - ( 76.0 + 8x ) ) ) )
ind: 276
( ( ( 50.0 - ( 5x - ( 42.0 - ( 47.0 + 5x ) ) ) ) * 51.0 ) + ( 16.0 - ( ( ( ( 66.0 - 10y ) + ( 4.0 * 29.0 ) ) - 92.0 ) * 7y ) ) )
ind: 277
( 9y + ( ( ( ( 10x - ( 5x + 5x ) ) * 1.0 ) + ( ( ( 49.0 * 1x ) - ( 53.0 * 7y ) ) + ( ( 77.0 - 3x ) + ( 1x - 34.0 ) ) ) ) * 6y ) )
ind: 278
( ( 6y - ( ( ( 5y - 36.0 ) + 7y ) - ( 14.0 - ( 5x - 1y ) ) ) ) + 65.0 )
ind: 279
( ( ( ( ( ( 18.0 + 11.0 ) + 18.0 ) + ( ( 6x - 9x ) - 40.0 ) ) * 45.0 ) - ( ( ( ( 73.0 * 83.0 ) * 5x ) + 6y ) * ( 28.0 * 24.0 ) ) ) + 13.0 )
ind: 280
( ( 8y - ( 14.0 + ( ( 30.0 * ( 46.0 - 3y ) ) + 35.0 ) ) ) - ( ( 7y - 1x ) - ( 1y + ( 71.0 * ( 4y * ( 2x - 3.0 ) ) ) ) ) )
ind: 281
( ( ( 21.0 - 4y ) - ( ( ( 48.0 - 65.0 ) * ( ( 84.0 + 27.0 ) * 1x ) ) + 38.0 ) ) * 6x )
ind: 282
( 1x * ( ( ( ( ( 56.0 * 73.0 ) + 10x ) + ( 5y + 3y ) ) * 88.0 ) - ( ( 5y * 6x ) + ( ( 36.0 + 6x ) * 8x ) ) ) )
ind: 283
( ( 9x - ( ( ( ( 1y + 8y ) + ( 68.0 + 94.0 ) ) * 2x ) - ( 20.0 + ( ( 7y - 8y ) - ( 10x * 35.0 ) ) ) ) ) + ( 94.0 + ( 5y - ( 91.0 - 8y ) ) ) )
ind: 284
( ( ( ( ( 62.0 * 1x ) * 35.0 ) + ( 29.0 - ( ( 7x - 5x ) * ( 10x + 1y ) ) ) ) - ( 9y * 29.0 ) ) * 7x )
ind: 285
( ( ( 10y * ( 8x + ( ( 47.0 + 43.0 ) * ( 5y + 10x ) ) ) ) + 8x ) * ( ( ( ( ( 5y * 73.0 ) - ( 10x + 29.0 ) ) - ( ( 2y - 38.0 ) - 5y ) ) * 7x ) * 10x ) )
ind: 286
( 16.0 - ( 5y - 1x ) )
ind: 287
( 81.0 * ( ( ( ( 8y - 41.0 ) - ( ( 2y * 19.0 ) - 67.0 ) ) + ( ( ( 13.0 - 15.0 ) + ( 71.0 + 6y ) ) * ( ( 20.0 - 1y ) - ( 5x + 45.0 ) ) ) ) - 9x ) )
ind: 288
( 2x - ( ( 61.0 - ( 62.0 + ( 6y - 6x ) ) ) - ( ( 34.0 * ( 4y + 58.0 ) ) * ( ( ( 1y + 11.0 ) + 5x ) * ( ( 91.0 - 8.0 ) * ( 10y - 20.0 ) ) ) ) ) )
ind: 289
( 74.0 + ( ( ( 39.0 * 1x ) - ( 7y - 98.0 ) ) - ( 6.0 + ( 3y * 4x ) ) ) )
ind: 290
( ( 1x + ( 10x + 88.0 ) ) * ( ( 24.0 - ( ( 7x * ( 10y - 7y ) ) - 9x ) ) * ( ( 53.0 + 2x ) + ( 2x + ( ( 1x - 90.0 ) * 39.0 ) ) ) ) )
ind: 291
( 2y * ( 83.0 - ( ( ( 5x - 3x ) - ( 4x * 7x ) ) * 8y ) ) )
ind: 292
( 6x + ( 7y - 60.0 ) )
ind: 293
( ( ( ( 2y - ( ( 67.0 * 6x ) + ( 30.0 + 84.0 ) ) ) + 13.0 ) - 8y ) - ( 48.0 + ( 10y + ( ( ( 27.0 + 51.0 ) * 3y ) * ( 37.0 + 73.0 ) ) ) ) )
ind: 294
( 8y * ( 97.0 - 10x ) )
ind: 295
( ( ( 74.0 * ( 9y + 9y ) ) + ( ( 7x + ( 9x - ( 4x - 76.0 ) ) ) * ( ( ( 84.0 + 65.0 ) + 49.0 ) * ( 7y - ( 3x + 14.0 ) ) ) ) ) * 69.0 )
ind: 296
( ( ( 97.0 * ( ( ( 6.0 - 10y ) + 18.0 ) - 4y ) ) + ( 65.0 - ( 17.0 + ( ( 5x * 29.0 ) * ( 7.0 - 10y ) ) ) ) ) * 10x )
ind: 297
( ( 10x + ( 4x - 6y ) ) - 1.0 )
ind: 298
( 11.0 + ( ( 79.0 * ( ( ( 3y + 69.0 ) - ( 10.0 - 2y ) ) + 82.0 ) ) * ( ( 4x - ( 6y - 2y ) ) - 14.0 ) ) )
ind: 299
( ( ( ( 3y + ( 94.0 * ( 43.0 - 3x ) ) ) + 8x ) * ( ( ( ( 6x - 7x ) + ( 9x * 4x ) ) - ( ( 5y + 4y ) - 5x ) ) + 13.0 ) ) - ( 3y + ( ( 1x + ( 56.0 - ( 44.0 * 56.0 ) ) ) + 7x ) ) )
ind: 300
( ( 4x - 7y ) * ( ( 2x * ( ( 49.0 - 59.0 ) * 1y ) ) - ( 19.0 - ( ( 90.0 + ( 68.0 + 10y ) ) - 8.0 ) ) ) )
ind: 301
( ( ( ( 37.0 + ( ( 8x * 6.0 ) * 5x ) ) + ( 1.0 + ( ( 34.0 - 2x ) - 70.0 ) ) ) * ( 3y * ( ( 30.0 * ( 3y - 69.0 ) ) - 6x ) ) ) * ( 51.0 - 10y ) )
ind: 302
( ( ( ( ( ( 86.0 - 14.0 ) * ( 73.0 * 82.0 ) ) - ( ( 5x - 67.0 ) * ( 10y * 10x ) ) ) + ( ( 1x * ( 10y - 1x ) ) * 55.0 ) ) - 24.0 ) * 3x )
ind: 303
( 1x - ( 72.0 * ( ( 9y + ( 32.0 + ( 8y - 9x ) ) ) + ( ( ( 42.0 * 77.0 ) + 6x ) - 89.0 ) ) ) )
ind: 304
( 15.0 - ( ( 1x - ( ( ( 1y * 82.0 ) * 8x ) + 12.0 ) ) * 7x ) )
ind: 305
( ( 7x + ( 4y - 16.0 ) ) * 6.0 )
ind: 306
( ( ( ( 2x - 87.0 ) * 4y ) * ( ( ( ( 5x - 1y ) + ( 78.0 * 71.0 ) ) + 8y ) - ( 54.0 * 8y ) ) ) * 79.0 )
ind: 307
( ( ( ( ( ( 8y - 43.0 ) * ( 27.0 * 30.0 ) ) - ( ( 10y - 37.0 ) * ( 9x * 99.0 ) ) ) - 4x ) - 3x ) * 9x )
ind: 308
( ( 9y * 74.0 ) + ( 9x * ( 8y * ( 1x - ( 4x * 4x ) ) ) ) )
ind: 309
( ( 4x * 2x ) * 8y )
ind: 310
( 5y + 4x )
ind: 311
( ( 6x + 58.0 ) - ( 86.0 - ( ( ( 67.0 - 81.0 ) * ( ( 3.0 - 89.0 ) * 50.0 ) ) - ( ( 10y - 86.0 ) * ( ( 6y + 23.0 ) * ( 1y - 90.0 ) ) ) ) ) )
ind: 312
( 66.0 + ( 60.0 * ( ( 78.0 * ( ( 76.0 * 22.0 ) - ( 8y + 8x ) ) ) + 7x ) ) )
ind: 313
( ( ( ( ( ( 8x * 21.0 ) + 9y ) + ( ( 45.0 * 10x ) * 91.0 ) ) + ( ( 4x + 94.0 ) + ( 3x - ( 2x * 77.0 ) ) ) ) - ( ( ( ( 6y + 37.0 ) - ( 4x * 1y ) ) + ( ( 2.0 * 5y ) - 3.0 ) ) + ( ( 81.0 + ( 93.0 - 85.0 ) ) - 65.0 ) ) ) + ( ( ( ( ( 9y - 42.0 ) - ( 2.0 - 1y ) ) * 5.0 ) + 8x ) + 2x ) )
ind: 314
( ( 10y + ( ( 10y * ( ( 8.0 + 8x ) - 4x ) ) * 8x ) ) * ( ( ( 10y + 54.0 ) + ( ( 51.0 - 49.0 ) * ( ( 87.0 * 34.0 ) * ( 5.0 * 83.0 ) ) ) ) * ( ( 10y + 4y ) + ( ( ( 4x + 33.0 ) + ( 2y * 9x ) ) + 30.0 ) ) ) )
ind: 315
( 68.0 - ( 2x + ( 9y - ( ( 58.0 - 94.0 ) * ( ( 35.0 + 76.0 ) - 86.0 ) ) ) ) )
ind: 316
( 7y * ( 7x - ( ( ( 69.0 * 5y ) + ( 63.0 * ( 2x - 16.0 ) ) ) + ( 5y - 10y ) ) ) )
ind: 317
( 36.0 - ( ( 6x + ( ( 3y + 15.0 ) - ( 88.0 - ( 51.0 - 78.0 ) ) ) ) * 94.0 ) )
ind: 318
( ( ( ( ( 10y * ( 31.0 - 8x ) ) * 68.0 ) + ( ( ( 1x * 96.0 ) * ( 9x - 85.0 ) ) - 2y ) ) - 3y ) - ( 11.0 + 4y ) )
ind: 319
( ( ( ( ( ( 2x * 7x ) * 7x ) * ( 10x - ( 1x + 45.0 ) ) ) + ( ( 9y - 30.0 ) * ( 12.0 * ( 4x * 14.0 ) ) ) ) + ( 9x * ( 8x - 28.0 ) ) ) * 1y )
ind: 320
( ( 24.0 - ( 6x + ( 2y + ( ( 3.0 + 3.0 ) * ( 8.0 + 30.0 ) ) ) ) ) + 12.0 )
ind: 321
( ( ( ( ( 8x * ( 8x * 30.0 ) ) + ( 71.0 * ( 75.0 * 84.0 ) ) ) * 5x ) * 77.0 ) - 10y )
ind: 322
( ( ( 8y * 40.0 ) - 58.0 ) - ( ( 33.0 - 4y ) * ( 9y + ( ( 94.0 - 9x ) + ( 72.0 + ( 34.0 + 5.0 ) ) ) ) ) )
ind: 323
( ( ( 4x * 47.0 ) * ( ( ( 8y + ( 10y * 41.0 ) ) + ( 3x * ( 8x + 14.0 ) ) ) * 35.0 ) ) - 5.0 )
ind: 324
( 3x * ( ( ( ( ( 83.0 - 3y ) - 10.0 ) + ( 3x * 5y ) ) + 69.0 ) * ( ( ( ( 86.0 - 10.0 ) + ( 6x - 87.0 ) ) + 3x ) - ( 86.0 + ( 62.0 * 49.0 ) ) ) ) )
ind: 325
( ( 5y + ( ( 5x * 9x ) * 60.0 ) ) * 9x )
ind: 326
( 5y + ( 4x * ( 6.0 + ( 30.0 * 80.0 ) ) ) )
ind: 327
( ( ( 3y + 9y ) + ( ( 6.0 + ( ( 37.0 - 78.0 ) - ( 4x * 10y ) ) ) * 12.0 ) ) * 10.0 )
ind: 328
( ( ( ( ( 83.0 + 37.0 ) * ( 9.0 + ( 61.0 - 10y ) ) ) - ( ( 48.0 - ( 10x + 4y ) ) - ( ( 97.0 + 73.0 ) + ( 97.0 + 10y ) ) ) ) - ( ( 83.0 + ( 97.0 + ( 14.0 + 2x ) ) ) - 19.0 ) ) + 70.0 )
ind: 329
( 42.0 - ( 1x - ( 6x * 8y ) ) )
ind: 330
( 7x + ( ( 7y + ( 38.0 - 9x ) ) - ( ( 1y * ( ( 33.0 + 54.0 ) * ( 3y * 5x ) ) ) + ( 47.0 - 9y ) ) ) )
ind: 331
( ( ( ( 72.0 + ( ( 5x - 29.0 ) + ( 10x * 1y ) ) ) * ( ( ( 9x * 10x ) - ( 24.0 + 12.0 ) ) + ( 3y - ( 77.0 - 5y ) ) ) ) + 87.0 ) * 7x )
ind: 332
( ( ( ( ( 10x * ( 9x - 5y ) ) + 7y ) * ( ( ( 2x + 10x ) - ( 2y + 73.0 ) ) + ( ( 5x - 8x ) * ( 51.0 + 2y ) ) ) ) - ( 1x + 2x ) ) - ( ( ( 7x - ( ( 68.0 - 8y ) * 7x ) ) + 8x ) - 2x ) )
ind: 333
( ( ( ( 4y - 2x ) - 76.0 ) - ( ( 7y - 27.0 ) - 79.0 ) ) + ( 3y - 3x ) )
ind: 334
( ( 8y + 43.0 ) - ( ( ( 3x - ( ( 72.0 + 79.0 ) - 1y ) ) + ( 93.0 + 5y ) ) + 5y ) )
ind: 335
( ( ( ( 4x + ( 54.0 * 2y ) ) - 5y ) - 32.0 ) + 33.0 )
ind: 336
( ( ( 1y - 2y ) + ( ( 6x - 14.0 ) - ( 4x * ( ( 81.0 * 6x ) - ( 40.0 * 24.0 ) ) ) ) ) + ( 66.0 - ( ( 3y + ( ( 15.0 + 8y ) + ( 12.0 - 5y ) ) ) - ( 70.0 + ( 70.0 - ( 8y * 40.0 ) ) ) ) ) )
ind: 337
( ( ( ( ( 6y + 48.0 ) - 3.0 ) + 64.0 ) - ( ( ( ( 6x * 13.0 ) - 9x ) + 3x ) + 71.0 ) ) + ( ( 7x - 8y ) - ( 6x - ( 34.0 + ( ( 14.0 * 7x ) - ( 6y - 20.0 ) ) ) ) ) )
ind: 338
( ( 9y + 41.0 ) * ( ( 4y + 36.0 ) - ( 5x - 39.0 ) ) )
ind: 339
( 87.0 * ( 3y - ( ( ( ( 33.0 + 49.0 ) + 62.0 ) - 42.0 ) - 6x ) ) )
ind: 340
( ( ( 97.0 - ( ( 10.0 * ( 6x - 4x ) ) * 7y ) ) + 35.0 ) * ( 2y + ( 7x * 81.0 ) ) )
ind: 341
( 9x * ( 2x * 1y ) )
ind: 342
( 71.0 + ( ( ( 7.0 * ( 88.0 - 89.0 ) ) * ( ( ( 59.0 - 2y ) + 90.0 ) * ( 42.0 + ( 88.0 - 10x ) ) ) ) + ( ( ( 6y - ( 27.0 * 39.0 ) ) - 68.0 ) + ( ( 8x - ( 6.0 - 1y ) ) * ( ( 4y * 79.0 ) * 85.0 ) ) ) ) )
ind: 343
( ( 34.0 + ( 9y - 21.0 ) ) + 10x )
ind: 344
( ( ( ( ( ( 56.0 * 28.0 ) + ( 3y + 7x ) ) * 90.0 ) + 5x ) + ( 90.0 * ( ( ( 5x * 1y ) - ( 25.0 * 9y ) ) - ( 100.0 + 86.0 ) ) ) ) * 5y )
ind: 345
( ( ( ( 2x - 5x ) - 10x ) - 6y ) * ( ( ( ( ( 6y - 1y ) * ( 1x - 53.0 ) ) + ( ( 7y * 2y ) - 21.0 ) ) - ( 20.0 * 48.0 ) ) - 82.0 ) )
ind: 346
( ( ( ( ( 22.0 - ( 80.0 * 9y ) ) * 7y ) - 5y ) - ( ( 3x * 77.0 ) * ( ( 7y + 8x ) * ( 86.0 + ( 91.0 - 94.0 ) ) ) ) ) + ( ( 4x * 75.0 ) - 25.0 ) )
ind: 347
( ( ( ( 33.0 - ( ( 6x + 16.0 ) + 10y ) ) * ( 54.0 - 2x ) ) + 59.0 ) - 36.0 )
ind: 348
( ( 9y - 9x ) - ( ( 3x + ( 52.0 * 6x ) ) - ( 18.0 * 4y ) ) )
ind: 349
( ( ( ( 99.0 * 6x ) - ( ( 86.0 * 83.0 ) * ( ( 3x + 3x ) + ( 39.0 - 3x ) ) ) ) - ( 66.0 - ( ( 62.0 * 1y ) + 2x ) ) ) - ( 1y * 6x ) )
ind: 350
( ( 9y + ( 10x * ( 39.0 - ( 3y * ( 52.0 - 76.0 ) ) ) ) ) + 1y )
ind: 351
( 8y * ( ( ( 33.0 + ( ( 3y * 11.0 ) * 1y ) ) - 2x ) * 2.0 ) )
ind: 352
( 2x + 8y )
ind: 353
( ( 65.0 + 5y ) * ( ( 6x * 34.0 ) * 11.0 ) )
ind: 354
( 5y + ( ( ( ( 4x - 6y ) * 64.0 ) * 39.0 ) * ( 7y - ( ( ( 3y - 7x ) - 4y ) + 99.0 ) ) ) )
ind: 355
( ( ( 10y + 72.0 ) + 2y ) * ( 90.0 * ( ( 6y - ( 4x * 7x ) ) - 22.0 ) ) )
ind: 356
( ( 13.0 + 21.0 ) - ( ( 6x * 16.0 ) * 6y ) )
ind: 357
( 48.0 - ( ( 1x + ( ( 35.0 + 6y ) - ( ( 7y + 5y ) * ( 46.0 + 6y ) ) ) ) - 3y ) )
ind: 358
( 34.0 + ( 2y * ( 1x * ( ( ( 74.0 * 1.0 ) + 40.0 ) * 69.0 ) ) ) )
ind: 359
( 9y - 5x )
ind: 360
( ( 2y - ( ( ( 26.0 - 63.0 ) - ( ( 5.0 + 3y ) - ( 10x * 44.0 ) ) ) - 9y ) ) - ( ( ( ( 70.0 + 18.0 ) - ( 14.0 * 36.0 ) ) - 6x ) + ( 6.0 * ( ( ( 47.0 + 72.0 ) - ( 71.0 + 7.0 ) ) - ( ( 21.0 * 2y ) + 2y ) ) ) ) )
ind: 361
( ( ( ( ( 8y + 2x ) - ( ( 70.0 - 10.0 ) + 1y ) ) * 5.0 ) + ( 8y - ( 3y + 6y ) ) ) - 10y )
ind: 362
( ( 46.0 + ( 8x * 6y ) ) + 3x )
ind: 363
( ( ( ( 1x - 13.0 ) + 8x ) - ( 44.0 * 3y ) ) + 54.0 )
ind: 364
( ( ( ( 8.0 * ( ( 1x - 37.0 ) * ( 65.0 + 4y ) ) ) + ( 93.0 + 2.0 ) ) * 89.0 ) * 6x )
ind: 365
( ( 1y * ( ( ( ( 4y * 27.0 ) * ( 2.0 - 55.0 ) ) + ( ( 34.0 - 2x ) * 6y ) ) * ( ( ( 4x * 4y ) - ( 36.0 + 8x ) ) * ( 10x - ( 60.0 - 74.0 ) ) ) ) ) * 8y )
ind: 366
( 10y + ( ( ( 10x * 98.0 ) * 4y ) + 8.0 ) )
ind: 367
( ( 66.0 - ( 2y - ( ( ( 40.0 - 2y ) * ( 4y - 2y ) ) * ( 4y + ( 45.0 * 2y ) ) ) ) ) - ( ( 53.0 + ( ( 7y + ( 5y - 67.0 ) ) * ( 1x - ( 37.0 * 8y ) ) ) ) - ( ( ( ( 47.0 * 7y ) - ( 89.0 * 7y ) ) - ( 70.0 * 62.0 ) ) - ( 8x + 65.0 ) ) ) )
ind: 368
( ( ( 41.0 * 71.0 ) * ( 7y * 6x ) ) - ( ( 7y * 2x ) - ( 7x * 60.0 ) ) )
ind: 369
( ( ( 7.0 * ( 9y * ( ( 10x * 7x ) - ( 2y + 96.0 ) ) ) ) * ( ( ( ( 83.0 * 59.0 ) - ( 49.0 - 82.0 ) ) + 8y ) * 54.0 ) ) + 9.0 )
ind: 370
( ( ( ( 5y - 5x ) - ( 52.0 - ( ( 6x * 5y ) - 9y ) ) ) + 73.0 ) - 51.0 )
ind: 371
( 9x + ( 5y * ( 1y * ( 4y + ( 3y * ( 5x * 7y ) ) ) ) ) )
ind: 372
( 38.0 - ( 35.0 * ( 5y - ( 35.0 - ( ( 5x + 100.0 ) * 65.0 ) ) ) ) )
ind: 373
( ( 3x * ( ( 91.0 - 10.0 ) + ( 60.0 * 8x ) ) ) - ( 8y + ( 3x - ( ( 59.0 * 9x ) * ( 89.0 + ( 71.0 * 2y ) ) ) ) ) )
ind: 374
( 44.0 + ( 5x + ( ( ( 7x * ( 3y * 6x ) ) * ( ( 8x - 66.0 ) - 34.0 ) ) * ( ( 8x - ( 4x * 34.0 ) ) + 79.0 ) ) ) )
ind: 375
( ( 7x - ( 5x + ( 6x - ( ( 1x * 29.0 ) + ( 90.0 + 86.0 ) ) ) ) ) * ( 82.0 - ( 3.0 - ( ( 72.0 - ( 10y + 2x ) ) * ( 13.0 - 18.0 ) ) ) ) )
ind: 376
( ( 2.0 + 4.0 ) + ( ( 21.0 - 6x ) * 8y ) )
ind: 377
( 6y - ( ( 4y + ( ( ( 10y * 54.0 ) - 8x ) - ( ( 5x * 2.0 ) * ( 72.0 * 1y ) ) ) ) - ( 20.0 - ( ( ( 32.0 - 7y ) * ( 10y * 93.0 ) ) - 7y ) ) ) )
ind: 378
( ( 49.0 + ( 3x - 24.0 ) ) - 10y )
ind: 379
( ( ( ( 5y - ( ( 18.0 + 39.0 ) + 10y ) ) - ( ( 8x * 3y ) + 5x ) ) - ( 41.0 * 4x ) ) * ( 8x + 1x ) )
ind: 380
( ( ( 22.0 - 8y ) * 19.0 ) + ( ( 73.0 - ( 7x - 7y ) ) * 1x ) )
ind: 381
( ( ( 10y * 57.0 ) + 89.0 ) + ( ( 3.0 * 7x ) - ( ( ( 70.0 * ( 77.0 + 10x ) ) * ( ( 76.0 * 32.0 ) * 76.0 ) ) * ( 9y + 7y ) ) ) )
ind: 382
( ( ( ( ( ( 56.0 * 45.0 ) + 51.0 ) * 8x ) + ( 82.0 + 5y ) ) * 65.0 ) * 37.0 )
ind: 383
( ( ( 3y + 34.0 ) - ( 41.0 * 92.0 ) ) - ( ( 5y + 2y ) * ( ( 89.0 + 6x ) * ( ( ( 10x + 85.0 ) + 10y ) - 6y ) ) ) )
ind: 384
( ( 87.0 - 4x ) * ( ( ( ( ( 24.0 * 1x ) - 3.0 ) - ( ( 12.0 + 6.0 ) - 62.0 ) ) + ( ( 10x - ( 6y + 8y ) ) * ( 60.0 * 4x ) ) ) + ( ( ( ( 9x * 6y ) * 10x ) + 9y ) * 41.0 ) ) )
ind: 385
( ( 9x + ( ( ( 7y * ( 17.0 * 11.0 ) ) + ( ( 35.0 - 93.0 ) + ( 7x + 40.0 ) ) ) + 8y ) ) - 1y )
ind: 386
( ( ( ( ( ( 80.0 * 80.0 ) * 6.0 ) + ( ( 8x - 9x ) * 7x ) ) - ( ( 10.0 - ( 6y - 8x ) ) - ( 52.0 * ( 14.0 + 10y ) ) ) ) - 30.0 ) - ( 76.0 + 6.0 ) )
ind: 387
( ( ( ( 2x + ( 10x - 2.0 ) ) - 3.0 ) * ( ( ( ( 6x * 94.0 ) * 3x ) + 89.0 ) * ( ( ( 10x - 77.0 ) * ( 10y + 38.0 ) ) - ( ( 10y + 86.0 ) + 39.0 ) ) ) ) * ( 8.0 - ( ( 9y * 49.0 ) - 22.0 ) ) )
ind: 388
( ( 38.0 - ( ( 10y - 7x ) * ( ( ( 28.0 + 3y ) * 9x ) + ( ( 9x * 6x ) * 8y ) ) ) ) * ( 72.0 * 18.0 ) )
ind: 389
( ( 9x - 4y ) * ( ( ( ( 1y - ( 89.0 * 6y ) ) - ( 71.0 * 6.0 ) ) - 4y ) * ( ( 83.0 * 4y ) * ( ( ( 70.0 + 76.0 ) + 10x ) * 89.0 ) ) ) )
ind: 390
( ( ( 48.0 - ( ( ( 8y + 14.0 ) - ( 66.0 + 11.0 ) ) + ( ( 5x - 7y ) - ( 7y * 41.0 ) ) ) ) * ( ( 5y - ( ( 44.0 + 14.0 ) + ( 3x * 28.0 ) ) ) + ( ( ( 39.0 + 1y ) * ( 8y * 7x ) ) + ( 5y * 7y ) ) ) ) - 54.0 )
ind: 391
( 4x - ( ( ( 5x * 83.0 ) - ( 8y * 56.0 ) ) - 7y ) )
ind: 392
( ( ( ( 20.0 - ( 73.0 + ( 76.0 + 9y ) ) ) + 5x ) * ( 37.0 - ( ( ( 7y + 83.0 ) * 1x ) * 38.0 ) ) ) + ( ( 66.0 - ( 92.0 * ( ( 84.0 + 92.0 ) + ( 15.0 + 2x ) ) ) ) * ( 45.0 * 20.0 ) ) )
ind: 393
( ( 7x * 7.0 ) * ( 57.0 * ( ( ( 1x + ( 99.0 * 42.0 ) ) + 10y ) * ( 7y * ( ( 2x - 6x ) * ( 6x + 10y ) ) ) ) ) )
ind: 394
( ( ( 3x + ( ( 1y - 4y ) * 8x ) ) - 88.0 ) * ( ( ( ( 51.0 + 3y ) * ( ( 14.0 + 85.0 ) + 9.0 ) ) + ( 96.0 + ( ( 12.0 * 7y ) * 4y ) ) ) * ( 51.0 + 10y ) ) )
ind: 395
( 5y + 4x )
ind: 396
( ( 67.0 + 46.0 ) - ( ( 34.0 - ( 1y - ( 71.0 + 25.0 ) ) ) * 5x ) )
ind: 397
( 4y * ( ( ( 1x + 44.0 ) * 76.0 ) - 32.0 ) )
ind: 398
( ( ( ( ( 93.0 + 36.0 ) * 22.0 ) * ( 28.0 + ( ( 3x - 42.0 ) * 7y ) ) ) + ( 5y - ( ( ( 5.0 * 24.0 ) * 8x ) + ( ( 6x + 85.0 ) * ( 9y + 99.0 ) ) ) ) ) + 35.0 )
ind: 399
( ( ( ( ( 37.0 - ( 79.0 + 67.0 ) ) + ( 9y + 73.0 ) ) - 26.0 ) + ( 10.0 * ( ( ( 5x + 8y ) + ( 1x * 8x ) ) * ( ( 2y + 1y ) + 27.0 ) ) ) ) - ( 40.0 + ( ( ( 11.0 * 30.0 ) + 10x ) + ( 19.0 - 14.0 ) ) ) )
ind: 400
( ( 82.0 - ( ( 47.0 + ( 3x * ( 5y + 15.0 ) ) ) + ( 20.0 + ( ( 9y - 8.0 ) * ( 4.0 - 10y ) ) ) ) ) + ( 9x + 6y ) )
ind: 401
( ( ( ( ( ( 94.0 + 10y ) * ( 12.0 + 3x ) ) + ( ( 71.0 * 3y ) * ( 74.0 * 6x ) ) ) - 5x ) * ( ( 6x * 62.0 ) - ( 28.0 - 21.0 ) ) ) + ( ( ( ( ( 64.0 * 5y ) - 4y ) * 56.0 ) + ( ( ( 4x + 10y ) - ( 78.0 * 14.0 ) ) * 40.0 ) ) - ( 68.0 + ( ( ( 5y - 46.0 ) + ( 96.0 - 7x ) ) + ( ( 17.0 - 7x ) + 31.0 ) ) ) ) )
ind: 402
( ( ( 48.0 + ( 6.0 - 1y ) ) + ( ( ( ( 91.0 - 51.0 ) * ( 79.0 - 85.0 ) ) * 45.0 ) * ( ( ( 10y + 5x ) * 1y ) + ( 39.0 - 66.0 ) ) ) ) + ( ( 50.0 + ( ( 1y + ( 38.0 * 13.0 ) ) * 89.0 ) ) - ( ( 20.0 - 4x ) + ( 1x - 5y ) ) ) )
ind: 403
( ( ( 2y - 70.0 ) - 3x ) + ( 25.0 * ( 83.0 + ( ( ( 64.0 * 8.0 ) + ( 10y - 7y ) ) * 84.0 ) ) ) )
ind: 404
( ( 46.0 * ( ( 8y - 6x ) + 38.0 ) ) + 24.0 )
ind: 405
( 5y + ( 1x - 91.0 ) )
ind: 406
( 68.0 - ( ( ( 5x - ( 3y - ( 35.0 + 3x ) ) ) * 8y ) - ( ( 1y * ( ( 53.0 + 5y ) - ( 8y * 3y ) ) ) - 10y ) ) )
ind: 407
( ( 8x * ( 47.0 - ( 5x + ( 33.0 + 3y ) ) ) ) * ( 2y * 4y ) )
ind: 408
( ( 6y * 1x ) - 9.0 )
ind: 409
( 6y - ( 2x + ( ( 10y + 8.0 ) - ( ( 65.0 + 90.0 ) + ( ( 36.0 - 30.0 ) * ( 7y + 62.0 ) ) ) ) ) )
ind: 410
( 36.0 - ( ( 29.0 - ( 66.0 - ( 10x * 10y ) ) ) - ( 3y - 4y ) ) )
ind: 411
( ( ( 77.0 - ( ( ( 64.0 - 3y ) - ( 62.0 - 26.0 ) ) + 1x ) ) + 11.0 ) + 45.0 )
ind: 412
( 2x - ( ( ( 7y * ( 2x * ( 45.0 + 51.0 ) ) ) - 2y ) + 1x ) )
ind: 413
( 3x + 4y )
ind: 414
( ( ( ( 6x + 7x ) * ( ( ( 75.0 - 7y ) - 17.0 ) - ( ( 48.0 + 6x ) - ( 4.0 - 7y ) ) ) ) - ( 9x - 91.0 ) ) + ( 4x * 5y ) )
ind: 415
( 10y * 7x )
ind: 416
( ( ( 4x - ( ( 9y - ( 1.0 - 8y ) ) - 9x ) ) + 10x ) - 19.0 )
ind: 417
( 31.0 - ( ( ( 39.0 * 8x ) - ( ( ( 4y * 84.0 ) + ( 6x + 1x ) ) + ( 9y + 16.0 ) ) ) - ( 6y * 75.0 ) ) )
ind: 418
( ( 65.0 - ( ( ( 88.0 * 65.0 ) - 6y ) + ( ( ( 5.0 - 6x ) + 56.0 ) - 3x ) ) ) + 54.0 )
ind: 419
( ( 6y * ( ( 47.0 - 8.0 ) + ( 4y + ( ( 2y + 62.0 ) * 69.0 ) ) ) ) * ( ( ( 48.0 * ( ( 4y * 5x ) * 16.0 ) ) * ( 5.0 * 10y ) ) + ( 2x + ( 6y - ( 8x + 8x ) ) ) ) )
ind: 420
( ( 2x * 16.0 ) * ( ( 6y * ( ( ( 82.0 * 7x ) * ( 58.0 * 75.0 ) ) * ( 9y * 1x ) ) ) + 1y ) )
ind: 421
( ( 8x * ( ( 7x + ( 65.0 + ( 6y + 8x ) ) ) + ( 6x * 8y ) ) ) + 52.0 )
ind: 422
( 2y + ( 68.0 - ( 10x * ( 1y + 2x ) ) ) )
ind: 423
( ( 2x - ( 9y - 29.0 ) ) + ( ( 45.0 - 46.0 ) * ( ( 7x - 6x ) + ( ( ( 18.0 - 78.0 ) + ( 38.0 + 10x ) ) + ( ( 89.0 + 99.0 ) + 30.0 ) ) ) ) )
ind: 424
( ( ( 26.0 - ( 9y * ( 73.0 - 5y ) ) ) * ( 4y * 44.0 ) ) + ( ( 81.0 - 97.0 ) + ( ( 7.0 + 13.0 ) * ( 43.0 + ( 3x + 30.0 ) ) ) ) )
ind: 425
( 3y - ( ( ( 5x * 81.0 ) - 7x ) - ( 18.0 * 1.0 ) ) )
ind: 426
( ( ( 2.0 * 1y ) - ( ( 6x * ( ( 5y * 7y ) - 48.0 ) ) * 9y ) ) * ( ( 8y + ( 64.0 + 69.0 ) ) + 2x ) )
ind: 427
( ( ( ( ( ( 6x + 33.0 ) - 4y ) + 6y ) + ( ( 6x * 8y ) - ( 10x + ( 26.0 + 8y ) ) ) ) - ( ( 57.0 * 7y ) * ( 29.0 - 8y ) ) ) * ( 6x - 8y ) )
ind: 428
( ( ( ( ( 69.0 + 42.0 ) * ( ( 6x - 2y ) + 41.0 ) ) - 7y ) - 59.0 ) - 48.0 )
ind: 429
( 7y * 8x )
ind: 430
( 2x * ( ( ( 9y * 51.0 ) * ( 6y - ( 47.0 + 1y ) ) ) + ( 71.0 + 2x ) ) )
ind: 431
( ( ( ( ( ( 7x + 5x ) * ( 99.0 + 96.0 ) ) * ( 56.0 * ( 4y * 36.0 ) ) ) * ( ( ( 4y - 66.0 ) + ( 55.0 + 6x ) ) + ( 84.0 * 94.0 ) ) ) * ( 37.0 * 100.0 ) ) * 89.0 )
ind: 432
( ( ( 83.0 * 58.0 ) * ( 6x * ( 55.0 - 10x ) ) ) - ( 4y + 52.0 ) )
ind: 433
( ( ( ( ( 28.0 - ( 9x - 6x ) ) - ( 6x + 5y ) ) * ( 1y * 38.0 ) ) + 81.0 ) + 5y )
ind: 434
( ( ( ( ( ( 10y + 5x ) - ( 1y * 44.0 ) ) - ( 92.0 - ( 85.0 - 67.0 ) ) ) - 44.0 ) + ( 8.0 + ( ( ( 9x + 70.0 ) * ( 12.0 + 8x ) ) - 86.0 ) ) ) + 3y )
ind: 435
( ( 15.0 - ( ( ( 4x * ( 70.0 + 4x ) ) + 44.0 ) - ( 37.0 * 77.0 ) ) ) + 2y )
ind: 436
( 65.0 - ( 3x * 2y ) )
ind: 437
( 2y + ( 94.0 * ( ( ( 8x - ( 16.0 * 29.0 ) ) - 7x ) + 70.0 ) ) )
ind: 438
( ( 40.0 + ( 2x * ( 54.0 - ( ( 1y * 94.0 ) - 94.0 ) ) ) ) + ( 10y - 61.0 ) )
ind: 439
( ( ( ( 38.0 - 4y ) * ( ( 20.0 + 10y ) * ( ( 20.0 + 8y ) + 5.0 ) ) ) * ( 13.0 - ( ( 55.0 - ( 83.0 + 100.0 ) ) + ( 3.0 - 3x ) ) ) ) * ( 1y - ( 23.0 - 10x ) ) )
ind: 440
( ( ( ( 34.0 - 1x ) + 44.0 ) - ( ( 3.0 * ( 3y - ( 74.0 + 65.0 ) ) ) - 5x ) ) * ( ( 85.0 - 5y ) + 1y ) )
ind: 441
( ( 7y - 50.0 ) + ( ( 56.0 - 63.0 ) + ( ( 32.0 + ( 1x + 28.0 ) ) + ( 10x * 1x ) ) ) )
ind: 442
( ( 81.0 + 6y ) - ( ( ( ( 2x + 5x ) + ( ( 10y - 60.0 ) + ( 9y * 1x ) ) ) * ( ( 9x - 9x ) + ( ( 5x + 7y ) - 67.0 ) ) ) * 21.0 ) )
ind: 443
( ( ( ( 30.0 * ( 10x + ( 79.0 * 100.0 ) ) ) - ( ( 3x - 5y ) + ( 4y * ( 2x * 69.0 ) ) ) ) + 49.0 ) + 46.0 )
ind: 444
( ( 7y - 34.0 ) - ( 6x * 86.0 ) )
ind: 445
( 5y - ( 7x - 92.0 ) )
ind: 446
( 7x + ( ( 69.0 * 52.0 ) - ( ( 9y * ( ( 4x - 66.0 ) - ( 32.0 * 1y ) ) ) - ( ( 4y - 73.0 ) * 8y ) ) ) )
ind: 447
( 10y - ( 6x * 3x ) )
ind: 448
( ( 4y - 3x ) + ( 10y - 4x ) )
ind: 449
( ( ( ( 13.0 * 20.0 ) - 8x ) - 49.0 ) + ( 20.0 + ( 8y - ( ( 6.0 - 51.0 ) * ( 2x * ( 90.0 - 4x ) ) ) ) ) )
ind: 450
( ( ( 24.0 - 3x ) + ( ( 2y + 5x ) * ( 5y + ( ( 3y - 7.0 ) * 10y ) ) ) ) + ( 7x * 2.0 ) )
ind: 451
( ( 9y + 2x ) + ( 8x + ( 5x + 32.0 ) ) )
ind: 452
( ( 69.0 - ( ( 87.0 + ( 47.0 + ( 2.0 + 8x ) ) ) * ( 1y - ( ( 57.0 - 15.0 ) - 36.0 ) ) ) ) * ( ( ( ( ( 26.0 + 7x ) * 67.0 ) * ( ( 3x - 100.0 ) * 17.0 ) ) - ( ( ( 18.0 - 54.0 ) + 4.0 ) * 44.0 ) ) + ( ( 3x + 8x ) + 11.0 ) ) )
ind: 453
( ( ( ( 7x + ( 77.0 * 6y ) ) - 81.0 ) * ( ( 3x * ( 1x + ( 67.0 * 3x ) ) ) + ( 31.0 + ( ( 87.0 + 23.0 ) + 2.0 ) ) ) ) + ( ( 79.0 + ( ( 63.0 * ( 45.0 * 98.0 ) ) + 65.0 ) ) + 7.0 ) )
ind: 454
( ( ( ( 43.0 - 50.0 ) * 15.0 ) + 80.0 ) * ( 4y - ( 3y - 10x ) ) )
ind: 455
( ( ( 4x + 7x ) * 3x ) + 3y )
ind: 456
( ( 84.0 * 7x ) * ( 3y * 28.0 ) )
ind: 457
( ( 3y - 41.0 ) * 1x )
ind: 458
( ( 9x - 71.0 ) * ( 5y + ( 1y + ( ( 84.0 - ( 9x * 52.0 ) ) + 1y ) ) ) )
ind: 459
( ( 5y * ( ( ( 87.0 + 10x ) * ( ( 86.0 + 67.0 ) - 13.0 ) ) - ( 17.0 + 6y ) ) ) * ( 2x - ( 10.0 + 17.0 ) ) )
ind: 460
( 71.0 - ( 3y + ( 13.0 - 7x ) ) )
ind: 461
( ( ( 44.0 * ( ( ( 1y + 84.0 ) + ( 4y - 93.0 ) ) * ( 23.0 + 5x ) ) ) - ( ( ( ( 6y * 12.0 ) - 29.0 ) - 18.0 ) - ( 91.0 + ( ( 10y * 62.0 ) * 92.0 ) ) ) ) - 8x )
ind: 462
( 21.0 - ( ( ( 5x * ( ( 6y * 5x ) * 5y ) ) * ( ( 4x - ( 96.0 + 2y ) ) * 1y ) ) - 4y ) )
ind: 463
( ( 6x + ( 3y - ( ( 71.0 * 5y ) * 57.0 ) ) ) * 7.0 )
ind: 464
( ( 86.0 + ( ( 3y * 6y ) + 45.0 ) ) - 5x )
ind: 465
( 12.0 - ( ( 35.0 + ( 7y * 3x ) ) - ( ( 32.0 * ( ( 10x - 1.0 ) - 83.0 ) ) * ( ( ( 4x * 95.0 ) * 40.0 ) * ( 4y - 37.0 ) ) ) ) )
ind: 466
( ( 47.0 - ( 53.0 - 34.0 ) ) - ( ( ( 9x * ( 35.0 + 8x ) ) - 41.0 ) - ( 4y - ( ( 1.0 * 22.0 ) - ( ( 92.0 + 10.0 ) + ( 61.0 * 2.0 ) ) ) ) ) )
ind: 467
( ( ( ( ( ( 10y + 4y ) - 40.0 ) + 4.0 ) + 90.0 ) + 79.0 ) + ( 1x * ( 66.0 - ( 8y + 9x ) ) ) )
ind: 468
( ( ( 8x - 56.0 ) - 73.0 ) * 3y )
ind: 469
( 2y * ( ( ( ( ( 60.0 - 5y ) + 8x ) - 50.0 ) * 31.0 ) + 8x ) )
ind: 470
( 2y * ( 65.0 - 8x ) )
ind: 471
( 7x * ( 34.0 * 10y ) )
ind: 472
( 5x + ( 47.0 - ( ( 5x - 81.0 ) * ( ( ( 7x * 80.0 ) - ( 7x * 89.0 ) ) + 1y ) ) ) )
ind: 473
( ( 41.0 + ( 96.0 * 51.0 ) ) * ( 1.0 * ( ( ( 5y * ( 12.0 * 6y ) ) * ( ( 3.0 + 7.0 ) * ( 4x + 3x ) ) ) * ( 64.0 + 7y ) ) ) )
ind: 474
( 92.0 * ( ( ( ( 89.0 + ( 82.0 - 3y ) ) * ( ( 67.0 - 7y ) * ( 7y * 3y ) ) ) + ( 9y - ( ( 7x + 10y ) - ( 65.0 - 7x ) ) ) ) - 10x ) )
ind: 475
( 73.0 + ( 1x + ( 5y * 79.0 ) ) )
ind: 476
( ( 95.0 * 5.0 ) * ( ( ( ( ( 3x - 2y ) + ( 6x - 68.0 ) ) + 27.0 ) * 2x ) * 7x ) )
ind: 477
( ( 1x + 8x ) - 6y )
ind: 478
( 7.0 * ( ( ( 3x * 43.0 ) - 4x ) * ( 2y * 4x ) ) )
ind: 479
( ( ( ( ( ( 55.0 * 33.0 ) + ( 29.0 * 6y ) ) * ( 6x + 8y ) ) * ( ( 38.0 - ( 5y * 7x ) ) * 53.0 ) ) - 70.0 ) - ( 10.0 + 4x ) )
ind: 480
( ( 51.0 * ( 3x - 26.0 ) ) + 5y )
ind: 481
( ( 85.0 - 10.0 ) * ( 9x - ( ( 95.0 - 73.0 ) - ( ( 10x * ( 3x - 4y ) ) - ( 1.0 - 100.0 ) ) ) ) )
ind: 482
( ( ( 94.0 * 12.0 ) - ( ( 5y - 1x ) * ( ( ( 6y - 10x ) - 74.0 ) + ( 62.0 * 10y ) ) ) ) + ( 4y + 10y ) )
ind: 483
( ( ( 10.0 + ( 1x + 5y ) ) - 1y ) + ( ( ( 37.0 - ( ( 5x * 23.0 ) + 9y ) ) + 66.0 ) * ( ( 38.0 * ( ( 96.0 * 66.0 ) + 39.0 ) ) + 9x ) ) )
ind: 484
( ( 2y + 9x ) * 23.0 )
ind: 485
( ( ( ( 12.0 * ( 40.0 * ( 3x * 8x ) ) ) * ( 5x * 9x ) ) + ( 36.0 - 10y ) ) * ( 10.0 - ( 17.0 + 65.0 ) ) )
ind: 486
( 7x - ( ( ( 7x + ( ( 9y * 55.0 ) + 4x ) ) * 8x ) - ( 4x + ( 70.0 + ( ( 6x - 62.0 ) + ( 65.0 * 1x ) ) ) ) ) )
ind: 487
( ( 11.0 - ( ( 5y + ( 4y * ( 51.0 - 4y ) ) ) + 9x ) ) * ( 45.0 - 36.0 ) )
ind: 488
( 39.0 + ( ( ( ( 29.0 - ( 44.0 * 4x ) ) + 4y ) * ( 87.0 - ( ( 65.0 + 27.0 ) * ( 17.0 - 1y ) ) ) ) + 77.0 ) )
ind: 489
( ( 14.0 * ( ( ( 3x - ( 10x - 7x ) ) - ( 2x * ( 9x - 34.0 ) ) ) - 14.0 ) ) * ( ( 9y * ( ( 23.0 * ( 12.0 + 2y ) ) - 26.0 ) ) + ( 9x - 6y ) ) )
ind: 490
( ( ( ( ( 10.0 - ( 5y - 3x ) ) * 10x ) - ( 6x * ( ( 70.0 - 60.0 ) + ( 45.0 + 50.0 ) ) ) ) - ( ( ( 2y - 5y ) - ( 25.0 - 2x ) ) - 32.0 ) ) + ( 40.0 * ( 71.0 - ( 8x * 76.0 ) ) ) )
ind: 491
( ( ( 40.0 - ( ( ( 10x + 6x ) + ( 3x - 53.0 ) ) + 1y ) ) - ( ( ( 18.0 * ( 54.0 * 88.0 ) ) + 10y ) * 58.0 ) ) * 10x )
ind: 492
( ( ( ( 4x * 26.0 ) * 32.0 ) * 4y ) - ( ( ( ( 10y - ( 37.0 + 8y ) ) + ( ( 2y - 4x ) * ( 52.0 - 16.0 ) ) ) - ( ( ( 53.0 * 35.0 ) - 41.0 ) - 94.0 ) ) + ( 6y - ( 85.0 + 73.0 ) ) ) )
ind: 493
( ( ( ( 27.0 - ( 7y * ( 94.0 * 1x ) ) ) * ( ( ( 66.0 * 6x ) - ( 23.0 + 85.0 ) ) - ( ( 39.0 * 5x ) * 6x ) ) ) - 3y ) + 24.0 )
ind: 494
( ( 9x * ( 9y * 4x ) ) * ( 86.0 + 80.0 ) )
ind: 495
( ( ( ( 75.0 * 6x ) + 6y ) - 5x ) * ( ( 78.0 * 8y ) + 36.0 ) )
ind: 496
( 4x + ( ( 6y * ( ( ( 80.0 + 5y ) + ( 6y - 59.0 ) ) - 2y ) ) * ( 5x * ( 7y - ( ( 2x * 7x ) - 4y ) ) ) ) )
ind: 497
( ( ( ( ( 7x - ( 6y + 31.0 ) ) + ( 96.0 - 90.0 ) ) + 1x ) - 6.0 ) - 32.0 )
ind: 498
( ( ( ( ( ( 95.0 + 3y ) * ( 4x + 5.0 ) ) - 98.0 ) - ( 4y + ( 38.0 - 68.0 ) ) ) - ( ( ( ( 8y - 5y ) + ( 68.0 * 13.0 ) ) - 8x ) * 76.0 ) ) - ( 50.0 * ( ( 9x - ( 33.0 * ( 59.0 * 17.0 ) ) ) + 53.0 ) ) )
ind: 499
( ( ( ( ( ( 77.0 + 1x ) * ( 91.0 + 9x ) ) + ( ( 7y * 54.0 ) * 1y ) ) * 5y ) + 7y ) * ( 26.0 + 42.0 ) )
ind: 500
( ( ( ( 3y + 9y ) - ( ( 6y + ( 18.0 + 95.0 ) ) + 10x ) ) + ( ( 100.0 * ( 57.0 * ( 1x + 81.0 ) ) ) - ( 42.0 * ( 5y + 61.0 ) ) ) ) * 5y )
Best Ind: ( ( 26.0 + ( 80.0 + ( ( ( 22.0 * 54.0 ) + ( 4y * 5x ) ) + 71.0 ) ) ) - ( ( ( ( 75.0 - ( 8y * 8y ) ) - ( ( 7y + 4y ) - 6x ) ) - 6x ) - 1y ) )
Fitness = 31.7890896877
Worst Ind: ( ( ( ( ( ( 7x + 5x ) * ( 99.0 + 96.0 ) ) * ( 56.0 * ( 4y * 36.0 ) ) ) * ( ( ( 4y - 66.0 ) + ( 55.0 + 6x ) ) + ( 84.0 * 94.0 ) ) ) * ( 37.0 * 100.0 ) ) * 89.0 )
Fitness = 7.91804720934e+17
Avg Fitness = 1.58382813625e+15
Duplicated = 1
============================================================================
Evaluate Gen  1
New Population 780
Better than Dads 84
Best Ind: ( ( 26.0 + ( 80.0 + ( ( ( 22.0 * 54.0 ) + ( 4y * 5x ) ) + 71.0 ) ) ) - ( ( ( ( 75.0 - ( 8y * 8y ) ) - ( ( 7y + 4y ) - 6x ) ) - 6x ) - 1y ) )
Fitness = 31.7890896877
Worst Ind: ( ( 87.0 - 4x ) * ( ( ( ( ( 24.0 * 1x ) - 3.0 ) - ( ( 12.0 + 6.0 ) - 62.0 ) ) + ( ( 10x - ( 6y + 8y ) ) * ( 60.0 * 4x ) ) ) + ( ( ( 8x - 7.0 ) * ( ( 8x - 72.0 ) * 4y ) ) - 5x ) ) )
Fitness = 142534.815016
Avg Fitness = 14901.4031113
Duplicated = 7
============================================================================
Evaluate Gen  2
New Population 775
Better than Dads 82
Best Ind: ( 2x * 1y )
Fitness = 31.7890896877
Worst Ind: ( ( ( 8x - 56.0 ) - 73.0 ) * 3y )
Fitness = 6961.81064161
Avg Fitness = 2151.0320541
Duplicated = 22
============================================================================
Evaluate Gen  3
New Population 779
Better than Dads 81
Best Ind: ( 2x * 1y )
Fitness = 31.7890896877
Worst Ind: ( ( ( 57.0 * 3x ) - ( ( ( 1y * ( 97.0 + 37.0 ) ) - ( 9x * 8x ) ) * ( ( ( 1y + 67.0 ) - ( 14.0 - 3x ) ) + ( 10x * 10y ) ) ) ) - 54.0 )
Fitness = 2700.0
Avg Fitness = 839.0747179
Duplicated = 40
============================================================================
Evaluate Gen  4
New Population 798
Better than Dads 95
Best Ind: ( ( 73.0 - ( ( ( 9x + 70.0 ) * ( 12.0 + 8x ) ) - 1y ) ) * 1x )
Fitness = 15.8945448439
Worst Ind: ( ( ( ( 99.0 * ( 2y - 2x ) ) * ( 13.0 - ( 93.0 - 7x ) ) ) + 1y ) - ( ( 6y + 66.0 ) - ( ( ( ( 69.0 + 8y ) - 6x ) + ( ( 6y * 77.0 ) + 7x ) ) - ( 94.0 - 19.0 ) ) ) )
Fitness = 950.0
Avg Fitness = 330.30036205
Duplicated = 53
============================================================================
Evaluate Gen  5
New Population 771
Better than Dads 85
Best Ind: ( ( 73.0 - ( ( ( 9x + 70.0 ) * ( 12.0 + 8x ) ) - 1y ) ) * 1x )
Fitness = 15.8945448439
Worst Ind: ( 4x + ( ( ( ( 7y - ( 1y * 35.0 ) ) * ( ( 50.0 + 29.0 ) + 99.0 ) ) - 3.0 ) + 10y ) )
Fitness = 356.263549063
Avg Fitness = 206.208281979
Duplicated = 69
============================================================================
Evaluate Gen  6
New Population 799
Better than Dads 95
Best Ind: ( ( 73.0 - ( ( ( 9x + 70.0 ) * ( 12.0 + 8x ) ) - 1y ) ) * 1x )
Fitness = 15.8945448439
Worst Ind: ( ( ( 3x * 43.0 ) - 2y ) - 8y )
Fitness = 254.312717502
Avg Fitness = 155.439957921
Duplicated = 75
============================================================================
Evaluate Gen  7
New Population 832
Better than Dads 95
Best Ind: ( ( 73.0 - ( ( ( 9x + 70.0 ) * ( 12.0 + 8x ) ) - 1y ) ) * 1x )
Fitness = 15.8945448439
Worst Ind: ( ( ( ( ( 10x + 72.0 ) - 5y ) + ( 5y - ( ( 39.0 * 1x ) - ( 3x * 62.0 ) ) ) ) - 2y ) + ( 2x - 5x ) )
Fitness = 171.526898493
Avg Fitness = 116.06916154
Duplicated = 87
============================================================================
Evaluate Gen  8
New Population 805
Better than Dads 86
Best Ind: ( ( 73.0 - ( ( ( 9x + 70.0 ) * ( 12.0 + 8x ) ) - 1y ) ) * 1x )
Fitness = 15.8945448439
Worst Ind: ( ( ( ( 87.0 + ( ( 1x * 22.0 ) - ( 2y + 24.0 ) ) ) * ( 10x * 61.0 ) ) - 3y ) - 4x )
Fitness = 127.407768879
Avg Fitness = 95.595776075
Duplicated = 68
============================================================================
Evaluate Gen  9
New Population 818
Better than Dads 76
Best Ind: ( ( 73.0 - ( ( ( 9x + 70.0 ) * ( 12.0 + 8x ) ) - 1y ) ) * 1x )
Fitness = 15.8945448439
Worst Ind: ( 3x + 1y )
Fitness = 100.571042699
Avg Fitness = 81.2955017589
Duplicated = 71
============================================================================
Evaluate Gen  10
New Population 810
Better than Dads 60
Best Ind: ( ( 73.0 - ( ( ( 9x + 70.0 ) * ( 12.0 + 8x ) ) - 1y ) ) * 1x )
Fitness = 15.8945448439
Worst Ind: ( ( ( ( 85.0 + 5x ) + 10y ) - 2y ) - ( 1y * 6x ) )
Fitness = 95.3672690632
Avg Fitness = 75.2120330489
Duplicated = 77
============================================================================
Evaluate Gen  11
New Population 830
Better than Dads 80
Best Ind: ( ( 73.0 - ( ( ( 9x + 70.0 ) * ( 12.0 + 8x ) ) - 1y ) ) * 1x )
Fitness = 15.8945448439
Worst Ind: ( ( 7y - 1.0 ) - ( ( 5x + ( ( 35.0 + 6y ) - 7y ) ) - 3y ) )
Fitness = 95.3672690632
Avg Fitness = 64.746808866
Duplicated = 80
============================================================================
Evaluate Gen  12
New Population 823
Better than Dads 82
Best Ind: ( ( 73.0 - ( ( ( 9x + 70.0 ) * ( 12.0 + 8x ) ) - 1y ) ) * 1x )
Fitness = 15.8945448439
Worst Ind: ( ( 8y - ( 8y - 10x ) ) - 2x )
Fitness = 63.7038844396
Avg Fitness = 54.498824048
Duplicated = 80
============================================================================
Evaluate Gen  13
New Population 819
Better than Dads 73
Best Ind: ( ( 73.0 - ( ( ( 9x + 70.0 ) * ( 12.0 + 8x ) ) - 1y ) ) * 1x )
Fitness = 15.8945448439
Worst Ind: ( ( 1x + ( ( 3y - 5x ) + 27.0 ) ) - ( ( ( 85.0 + 5x ) + 10y ) - 2y ) )
Fitness = 63.5781793755
Avg Fitness = 49.8414331808
Duplicated = 69
============================================================================
Evaluate Gen  14
New Population 800
Better than Dads 75
Best Ind: ( ( 73.0 - ( ( ( 9x + 70.0 ) * ( 12.0 + 8x ) ) - 1y ) ) * 1x )
Fitness = 15.8945448439
Worst Ind: ( 5x - 2y )
Fitness = 63.5781793755
Avg Fitness = 43.1437640004
Duplicated = 52
============================================================================
Evaluate Gen  15
New Population 799
Better than Dads 80
Best Ind: ( ( 73.0 - ( ( ( 9x + 70.0 ) * ( 12.0 + 8x ) ) - 1y ) ) * 1x )
Fitness = 15.8945448439
Worst Ind: ( ( 19.0 + ( 3x - 2y ) ) - 1.0 )
Fitness = 50.0
Avg Fitness = 36.7364963405
Duplicated = 60
============================================================================
Evaluate Gen  16
New Population 821
Better than Dads 71
Best Ind: ( ( 73.0 - ( ( ( 9x + 70.0 ) * ( 12.0 + 8x ) ) - 1y ) ) * 1x )
Fitness = 15.8945448439
Worst Ind: ( ( 15.0 - ( 1y * ( ( 79.0 - 88.0 ) - 3x ) ) ) - ( 5y - 1x ) )
Fitness = 31.8519422198
Avg Fitness = 31.5992654559
Duplicated = 62
============================================================================
Evaluate Gen  17
New Population 825
Better than Dads 78
Best Ind: ( ( 73.0 - ( ( ( 9x + 70.0 ) * ( 12.0 + 8x ) ) - 1y ) ) * 1x )
Fitness = 15.8945448439
Worst Ind: ( ( ( ( ( 85.0 + ( 6y * 1x ) ) - 8y ) - 1.0 ) + ( ( 7.0 * ( 7.0 - ( 8y - 9x ) ) ) - 3x ) ) - ( 5y - 1x ) )
Fitness = 31.8519422198
Avg Fitness = 31.5664121127
Duplicated = 70
============================================================================
Evaluate Gen  18
New Population 840
Better than Dads 65
Best Ind: ( ( 73.0 - ( ( ( 9x + 70.0 ) * ( 12.0 + 8x ) ) - 1y ) ) * 1x )
Fitness = 15.8945448439
Worst Ind: ( ( ( 10x - ( 2y + 10x ) ) * ( ( 6x * 26.0 ) * 61.0 ) ) - 1y )
Fitness = 31.7890896877
Avg Fitness = 31.5468000902
Duplicated = 76
============================================================================
Evaluate Gen  19
New Population 826
Better than Dads 66
Best Ind: ( ( 73.0 - ( ( ( 9x + 70.0 ) * ( 12.0 + 8x ) ) - 1y ) ) * 1x )
Fitness = 15.8945448439
Worst Ind: ( ( 5y + 4x ) - 1y )
Fitness = 31.7890896877
Avg Fitness = 31.451264827
Duplicated = 82
============================================================================
Evaluate Gen  20
New Population 827
Better than Dads 72
Best Ind: ( ( 1y * 1y ) * 1x )
Fitness = 10.6313412611
Worst Ind: ( ( ( ( ( 2y + 5x ) - 1x ) + ( 6y * 1x ) ) - 8y ) - 1y )
Fitness = 31.7890896877
Avg Fitness = 31.3453711508
Duplicated = 86
============================================================================
Evaluate Gen  21
New Population 828
Better than Dads 77
Best Ind: ( ( 1y * 1y ) * 1x )
Fitness = 10.6313412611
Worst Ind: ( ( ( 5x - 2y ) - 1.0 ) - 1y )
Fitness = 31.7890896877
Avg Fitness = 31.1092273036
Duplicated = 85
============================================================================
Evaluate Gen  22
New Population 831
Better than Dads 68
Best Ind: ( ( 1y * 1y ) * 1x )
Fitness = 10.6313412611
Worst Ind: ( ( 25.0 + ( ( ( 1x + 4x ) - ( 9x - 3y ) ) + ( ( 49.0 * 10y ) + ( 60.0 * 9x ) ) ) ) - 1y )
Fitness = 31.7890896877
Avg Fitness = 30.8228734223
Duplicated = 83
============================================================================
Evaluate Gen  23
New Population 836
Better than Dads 81
Best Ind: ( ( 1y * 1y ) * 1x )
Fitness = 10.6313412611
Worst Ind: ( ( 1.0 * ( 8x + 14.0 ) ) - 1y )
Fitness = 31.7890896877
Avg Fitness = 30.3669896706
Duplicated = 99
============================================================================
Evaluate Gen  24
New Population 839
Better than Dads 69
Best Ind: ( ( 1y * 1y ) * 1x )
Fitness = 10.6313412611
Worst Ind: ( 1x * ( ( 2y + ( 10.0 + ( 1x + 5y ) ) ) - 2y ) )
Fitness = 31.7890896877
Avg Fitness = 29.4946703921
Duplicated = 115
============================================================================
Evaluate Gen  25
New Population 841
Better than Dads 77
Best Ind: ( ( 1y * 1y ) * 1x )
Fitness = 10.6313412611
Worst Ind: ( ( ( ( 7x * 7y ) - 1y ) - ( ( 10x - 5y ) - 1x ) ) - ( 2x * 1y ) )
Fitness = 31.7890896877
Avg Fitness = 28.068776943
Duplicated = 91
============================================================================
Evaluate Gen  26
New Population 844
Better than Dads 85
Best Ind: ( 1x * ( 1y * ( ( 2y + ( ( 4y - 2x ) - 1.0 ) ) - 1x ) ) )
Fitness = 10.5683642125
Worst Ind: ( ( ( ( 81.0 - 49.0 ) * ( 7x * 7y ) ) * 1y ) - ( ( 3y * 6y ) - ( 2x * 1y ) ) )
Fitness = 31.7890896877
Avg Fitness = 26.1452936357
Duplicated = 81
============================================================================
Evaluate Gen  27
New Population 843
Better than Dads 104
Best Ind: ( 1x * ( 1y * ( ( 2y + ( ( 4y - 2x ) - 1.0 ) ) - 1x ) ) )
Fitness = 10.5683642125
Worst Ind: ( ( ( ( 5x - 4x ) + ( 1x + 5y ) ) - 1y ) - ( ( 3x - 2y ) * 1x ) )
Fitness = 31.7890896877
Avg Fitness = 23.6009089885
Duplicated = 70
============================================================================
Evaluate Gen  28
New Population 816
Better than Dads 113
Best Ind: ( 1x * ( 1y * ( ( ( 2x * 1y ) - 1y ) * 1y ) ) )
Fitness = 7.97885476654
Worst Ind: ( 3y - ( ( 1y * ( 2x * 1y ) ) - ( 1y * ( ( ( 1x - 1x ) * ( 6x - 1y ) ) - 1y ) ) ) )
Fitness = 25.0
Avg Fitness = 19.494174411
Duplicated = 86
============================================================================
Evaluate Gen  29
New Population 835
Better than Dads 111
Best Ind: ( 1x * ( ( ( 94.0 - 1y ) - 1y ) - ( 1y * ( 1x * 1y ) ) ) )
Fitness = 6.25
Worst Ind: ( ( ( 2x * 1y ) - ( 74.0 - ( ( 36.0 - 3y ) - 1x ) ) ) * ( ( ( 56.0 + ( 10x - 3y ) ) * 2x ) - ( ( 3x - 2y ) * 1x ) ) )
Fitness = 21.136728425
Avg Fitness = 17.6583245446
Duplicated = 96
============================================================================
Evaluate Gen  30
New Population 842
Better than Dads 107
Best Ind: ( 1x * ( ( ( 94.0 - 1y ) - 1y ) - ( 1y * ( 1x * 1y ) ) ) )
Fitness = 6.25
Worst Ind: ( 1x * ( ( ( 3y * ( 6x * 4y ) ) + ( 1x + 5y ) ) - ( 2x * 1y ) ) )
Fitness = 21.136728425
Avg Fitness = 15.6436458791
Duplicated = 85
============================================================================
Evaluate Gen  31
New Population 830
Better than Dads 103
Best Ind: ( ( 8y - ( 1x * ( 1y * ( 1y * 1x ) ) ) ) * ( ( 7y * ( 55.0 - 3x ) ) - 1x ) )
Fitness = 4.24407320683
Worst Ind: ( 1x * ( 2y - 1y ) )
Fitness = 15.8945448439
Avg Fitness = 14.4604041114
Duplicated = 92
============================================================================
Evaluate Gen  32
New Population 827
Better than Dads 111
Best Ind: ( ( ( 25.0 - 1x ) * ( ( 1x * ( 1x * 1y ) ) * 1y ) ) * ( ( ( ( 5x - 1y ) * ( 56.0 - 6y ) ) * 1x ) - 1y ) )
Fitness = 2.65259068441
Worst Ind: ( 1x * ( ( ( 3y * ( 6x * 4y ) ) + ( ( 3y - ( 10y - 48.0 ) ) - 6x ) ) - ( 2y - ( 6x - 1y ) ) ) )
Fitness = 15.8945448439
Avg Fitness = 13.4156288307
Duplicated = 80
============================================================================
Evaluate Gen  33
New Population 826
Better than Dads 111
Best Ind: ( ( ( 25.0 - 1x ) * ( ( 1x * ( 1x * 1y ) ) * 1y ) ) * ( ( ( ( 5x - 1y ) * ( 56.0 - 6y ) ) * 1x ) - 1y ) )
Fitness = 2.65259068441
Worst Ind: ( ( 1x - ( ( 2x * 1y ) * 1x ) ) - ( 1y * ( ( ( 2x * 1y ) + ( ( 4y - 2x ) - 1.0 ) ) - 1x ) ) )
Fitness = 15.8945448439
Avg Fitness = 12.085936483
Duplicated = 70
============================================================================
Evaluate Gen  34
New Population 821
Better than Dads 115
Best Ind: ( ( ( ( ( 2x * 1y ) * 1x ) * 1x ) * ( ( ( ( 10x * 3y ) - 1y ) * 1x ) * 1y ) ) * ( 35.0 - 1y ) )
Fitness = 2.34375
Worst Ind: ( ( 73.0 - ( ( 2x * ( 1y + 8x ) ) - ( ( 5x - 1y ) * ( 2x * 1y ) ) ) ) * 1x )
Fitness = 12.5
Avg Fitness = 10.2985839038
Duplicated = 64
============================================================================
Evaluate Gen  35
New Population 848
Better than Dads 125
Best Ind: ( ( ( ( 25.0 - 1x ) * ( 2x * 1y ) ) * ( ( ( ( 5x - 1y ) * ( 56.0 - 6y ) ) * 1x ) - ( ( 1y * ( 1x * 1y ) ) * ( 2x * 1y ) ) ) ) * ( 1x * 1y ) )
Fitness = 2.12206584485
Worst Ind: ( ( ( ( ( ( 1x - 1x ) - 1x ) + ( 2x * 1y ) ) - ( 1x * 1y ) ) - ( 1y * ( ( 47.0 * ( 5x * 32.0 ) ) - 1y ) ) ) * 1x )
Fitness = 10.6313412611
Avg Fitness = 8.98853601627
Duplicated = 73
============================================================================
Evaluate Gen  36
New Population 824
Better than Dads 131
Best Ind: ( ( ( ( 6x - 1y ) * 1x ) * ( 6x - 1y ) ) * ( ( 1x * ( ( 1x - 1x ) * ( 6x - 1y ) ) ) * 1x ) )
Fitness = 1.81898104889
Worst Ind: ( ( ( 2x * 1y ) - ( 1x * ( 6x - 1y ) ) ) * 1x )
Fitness = 10.5683642125
Avg Fitness = 7.86279343509
Duplicated = 71
============================================================================
Evaluate Gen  37
New Population 838
Better than Dads 142
Best Ind: ( ( ( ( 1x * ( ( 3y * 6y ) - ( 2x * 1y ) ) ) * ( ( 2x - 1y ) * 1x ) ) * ( 1y * 1x ) ) * ( ( ( 1x - 1y ) * 1x ) * ( 6x - 1y ) ) )
Fitness = 1.06103292242
Worst Ind: ( ( ( 79.0 - 88.0 ) - ( 1y * 2x ) ) * ( 1x * ( 1y * ( 6x - 1y ) ) ) )
Fitness = 8.48839743292
Avg Fitness = 6.33699151526
Duplicated = 55
============================================================================
Evaluate Gen  38
New Population 818
Better than Dads 144
Best Ind: ( ( ( ( 1x * ( ( 3y * 6y ) - ( 2x * 1y ) ) ) * ( ( 2x - 1y ) * 1x ) ) * ( 1y * 1x ) ) * ( ( ( 1x - 1y ) * 1x ) * ( 6x - 1y ) ) )
Fitness = 1.06103292242
Worst Ind: ( ( 15.0 - ( 1y * ( ( 47.0 * ( 5x * 32.0 ) ) - 1y ) ) ) * ( ( 2x - 1y ) * 1x ) )
Fitness = 7.97885476654
Avg Fitness = 5.33330929668
Duplicated = 63
============================================================================
Evaluate Gen  39
New Population 820
Better than Dads 146
Best Ind: ( ( ( ( 1x - ( ( 1y * 1x ) * 1x ) ) * 1x ) * ( ( 10x - 1y ) - ( ( 6x - 1y ) * 1y ) ) ) * ( ( ( 1x - 1y ) * 1x ) * ( 6x - 1y ) ) )
Fitness = 0.808405538482
Worst Ind: ( ( ( 1y - 1y ) * 1x ) * ( ( ( 1y * 2x ) - 1y ) * 1x ) )
Fitness = 6.25
Avg Fitness = 4.5010131997
Duplicated = 59
============================================================================
Evaluate Gen  40
New Population 841
Better than Dads 172
Best Ind: ( ( ( ( ( 2x * 1y ) - ( ( 1y * 1x ) * 1x ) ) * 1x ) * ( ( 1y * 1y ) * ( 1y * 1x ) ) ) * ( ( 1y * 1y ) * 1x ) )
Fitness = 0.367457814989
Worst Ind: ( ( ( 1x * ( 1y - ( 1y * 1y ) ) ) * 1x ) * ( ( 79.0 - 88.0 ) - ( 1y * 2x ) ) )
Fitness = 5.30518136881
Avg Fitness = 3.66383240726
Duplicated = 63
============================================================================
Evaluate Gen  41
New Population 832
Better than Dads 156
Best Ind: ( ( ( 1y * ( ( 1y * 1x ) * ( 1y * 1x ) ) ) * 1x ) * ( ( ( 1x - ( 1x * 1x ) ) * 1x ) * ( ( 1x * ( ( 1x - 7y ) - 1y ) ) * 1x ) ) )
Fitness = 0.341796875
Worst Ind: ( ( ( 1x * ( 1x * 1y ) ) * 1x ) * ( ( 3x - 2y ) - 1y ) )
Fitness = 4.24407320683
Avg Fitness = 2.948757863
Duplicated = 65
============================================================================
Evaluate Gen  42
New Population 813
Better than Dads 161
Best Ind: ( ( ( 1y * ( ( 1y * 1x ) * ( 1y * 1x ) ) ) * 1x ) * ( ( ( 1x - ( 1x * 1x ) ) * 1x ) * ( ( 1x * ( ( 1x - 7y ) - 1y ) ) * 1x ) ) )
Fitness = 0.341796875
Worst Ind: ( ( ( ( 1y * 1x ) * 1x ) * ( ( 2x * 1y ) * 1x ) ) * ( 35.0 - 1y ) )
Fitness = 3.63796209779
Avg Fitness = 2.35859032384
Duplicated = 58
============================================================================
Evaluate Gen  43
New Population 845
Better than Dads 178
Best Ind: ( ( ( ( 88.0 - 1y ) * 1x ) * ( ( ( ( 3x - 1y ) * 1x ) * 1x ) * ( ( 1y * 1y ) * 1x ) ) ) * ( 1x * ( ( ( 99.0 * 6x ) - ( 1x * 1y ) ) * ( 2x - ( ( 2x * 1y ) * 1x ) ) ) ) )
Fitness = 0.244140625
Worst Ind: ( ( ( ( ( 1y * 1x ) * 1y ) * 1x ) * 1x ) * 1x )
Fitness = 3.125
Avg Fitness = 1.85628510448
Duplicated = 55
============================================================================
Evaluate Gen  44
New Population 801
Better than Dads 159
Best Ind: ( ( ( ( 88.0 - 1y ) * 1x ) * ( ( ( ( 3x - 1y ) * 1x ) * 1x ) * ( ( 1y * 1y ) * 1x ) ) ) * ( 1x * ( ( ( 99.0 * 6x ) - ( 1x * 1y ) ) * ( 2x - ( ( 2x * 1y ) * 1x ) ) ) ) )
Fitness = 0.244140625
Worst Ind: ( ( ( 2x * 1y ) * ( ( 1x * ( 1x * ( 1y * 1x ) ) ) * 1y ) ) * ( ( ( ( 5x - 1y ) * ( 56.0 - 6y ) ) * 1x ) - 1y ) )
Fitness = 2.34375
Avg Fitness = 1.50579326374
Duplicated = 62
============================================================================
Evaluate Gen  45
New Population 830
Better than Dads 171
Best Ind: ( ( ( 1x * ( ( 6y - 1y ) * 1x ) ) * ( ( ( 1x * 1y ) * ( 6x - 1y ) ) * 1x ) ) * ( ( ( ( 1y * 1x ) * ( ( 1y * 1y ) * 1x ) ) * ( ( 10x - 1y ) - ( 1y * 1y ) ) ) * ( ( ( ( 1y - 1y ) - ( 2x * 1y ) ) * 1x ) - ( ( 2x * 1y ) * 1x ) ) ) )
Fitness = 0.0744890810329
Worst Ind: ( ( ( 1y - 1x ) * ( 6x - 1y ) ) * ( ( 1y * ( 1x * 1x ) ) * ( 1x - ( 1y * 1x ) ) ) )
Fitness = 1.81898104889
Avg Fitness = 1.24404552433
Duplicated = 66
============================================================================
Evaluate Gen  46
New Population 820
Better than Dads 169
Best Ind: ( ( ( 1x * ( ( 6y - 1y ) * 1x ) ) * ( ( ( 1x * 1y ) * ( 6x - 1y ) ) * 1x ) ) * ( ( ( ( 1y * 1x ) * ( ( 1y * 1y ) * 1x ) ) * ( ( 10x - 1y ) - ( 1y * 1y ) ) ) * ( ( ( ( 1y - 1y ) - ( 2x * 1y ) ) * 1x ) - ( ( 2x * 1y ) * 1x ) ) ) )
Fitness = 0.0744890810329
Worst Ind: ( ( ( ( 1y * 1y ) * 1x ) * 1x ) * ( ( 1y * ( 1x - 1y ) ) * ( 1x * ( 79.0 - ( 2x * 1y ) ) ) ) )
Fitness = 1.61681107696
Avg Fitness = 1.03143026091
Duplicated = 73
============================================================================
Evaluate Gen  47
New Population 815
Better than Dads 171
Best Ind: ( ( ( 1x * ( ( 6y - 1y ) * 1x ) ) * ( ( ( 1x * 1y ) * ( 6x - 1y ) ) * 1x ) ) * ( ( ( ( 1y * 1x ) * ( ( 1y * 1y ) * 1x ) ) * ( ( 10x - 1y ) - ( 1y * 1y ) ) ) * ( ( ( ( 1y - 1y ) - ( 2x * 1y ) ) * 1x ) - ( ( 2x * 1y ) * 1x ) ) ) )
Fitness = 0.0744890810329
Worst Ind: ( ( ( 1y * ( ( 10x - 3y ) - ( 1y * 1y ) ) ) * 1x ) * ( ( ( ( 5x - 1y ) * ( 6x - 1y ) ) * 1x ) * 1x ) )
Fitness = 1.32623131715
Avg Fitness = 0.86683903643
Duplicated = 79
============================================================================
Evaluate Gen  48
New Population 804
Better than Dads 172
Best Ind: ( ( ( 1x * ( ( 6y - 1y ) * 1x ) ) * ( ( ( 1x * 1y ) * ( 6x - 1y ) ) * 1x ) ) * ( ( ( ( 1y * 1x ) * ( ( 1y * 1y ) * 1x ) ) * ( ( 10x - 1y ) - ( 1y * 1y ) ) ) * ( ( ( ( 1y - 1y ) - ( 2x * 1y ) ) * 1x ) - ( ( 2x * 1y ) * 1x ) ) ) )
Fitness = 0.0744890810329
Worst Ind: ( ( ( ( 1y * 1y ) * 1x ) * ( 1y * 1x ) ) * ( ( 1y * ( 1x - 1y ) ) * ( 1x * ( 79.0 - ( 2x * 1y ) ) ) ) )
Fitness = 1.171875
Avg Fitness = 0.741894121059
Duplicated = 74
============================================================================
Evaluate Gen  49
New Population 822
Better than Dads 179
Best Ind: ( ( ( 1x * ( ( 6y - 1y ) * 1x ) ) * ( ( ( 1x * 1y ) * ( 6x - 1y ) ) * 1x ) ) * ( ( ( ( 1y * 1x ) * ( ( 1y * 1y ) * 1x ) ) * ( ( 10x - 1y ) - ( 1y * 1y ) ) ) * ( ( ( ( 1y - 1y ) - ( 2x * 1y ) ) * 1x ) - ( ( 2x * 1y ) * 1x ) ) ) )
Fitness = 0.0744890810329
Worst Ind: ( ( ( ( ( 2x - 1y ) * 1x ) * ( ( 1y * 6y ) - ( 2x * 1y ) ) ) * ( ( ( 1x * 1x ) * ( 1x * ( 1y * 1x ) ) ) * 1x ) ) * ( ( 1y * ( ( 5y - 88.0 ) - ( 1y * 2x ) ) ) - 1y ) )
Fitness = 0.881897502198
Avg Fitness = 0.611680639738
Duplicated = 71
============================================================================
Evaluate Gen  50
New Population 820
Better than Dads 175
Best Ind: ( ( ( 1x * ( ( 6y - 1y ) * 1x ) ) * ( ( ( 1x * 1y ) * ( 6x - 1y ) ) * 1x ) ) * ( ( ( ( 1y * 1x ) * ( ( 1y * 1y ) * 1x ) ) * ( ( 10x - 1y ) - ( 1y * 1y ) ) ) * ( ( ( ( 1y - 1y ) - ( 2x * 1y ) ) * 1x ) - ( ( 2x * 1y ) * 1x ) ) ) )
Fitness = 0.0744890810329
Worst Ind: ( ( ( 1x - ( 1x * ( 40.0 - ( 1x * 1y ) ) ) ) * ( ( 1x * ( 1y * 1x ) ) * ( 5y - 1x ) ) ) * ( ( 1x * ( ( 1x - 7y ) - 1y ) ) * 1x ) )
Fitness = 0.795842906045
Avg Fitness = 0.517039357244
Duplicated = 82
