dataset_file= dataset/SR_circle.txt
population= 500
generations= 50
tournament_size= 5
cross_over= 0.6
mutation= 0.3
elitism= True
(50, 2)
============================================================================
Build initial population
ind: 1
( ( ( 91.0 * 8y ) - 1x ) * 46.0 )
ind: 2
( ( 7x + 94.0 ) + 7y )
ind: 3
( ( 8x - 7x ) * 7y )
ind: 4
( ( 6x * 8x ) + 1y )
ind: 5
( ( 2x - ( ( ( ( 10y - 4x ) - 67.0 ) * ( 2y + ( 74.0 - 10x ) ) ) * 5y ) ) + 10y )
ind: 6
( 2x + ( 52.0 + ( 65.0 + ( ( ( 7x * 2y ) * ( 8x - 61.0 ) ) - ( ( 66.0 + 7x ) + 8y ) ) ) ) )
ind: 7
( 46.0 + ( ( ( 35.0 + ( ( 7y - 2x ) - ( 34.0 - 5y ) ) ) - ( ( 55.0 * 60.0 ) * 53.0 ) ) * 4y ) )
ind: 8
( ( 68.0 + ( 2.0 * 34.0 ) ) + ( 8x * ( ( ( ( 95.0 - 64.0 ) * 5x ) - ( ( 85.0 * 88.0 ) - 2y ) ) * 3x ) ) )
ind: 9
( ( 31.0 * ( ( 4y - 84.0 ) + 5.0 ) ) + ( ( ( 3y * ( 47.0 + ( 3x - 66.0 ) ) ) - 6x ) * 8x ) )
ind: 10
( ( 5x - ( ( ( ( 76.0 - 14.0 ) - ( 68.0 + 50.0 ) ) + ( 10.0 * 7y ) ) + ( 84.0 - ( ( 9x + 97.0 ) + ( 61.0 + 46.0 ) ) ) ) ) - 13.0 )
ind: 11
( 4y + 5x )
ind: 12
( 3x + ( ( ( 7.0 + 9x ) + ( ( ( 3.0 * 5y ) * ( 7y - 24.0 ) ) * 3y ) ) - ( 6x * ( 32.0 - 4x ) ) ) )
ind: 13
( ( ( 91.0 - ( ( ( 5x * 91.0 ) * 2x ) - 97.0 ) ) + ( ( ( 7x + ( 85.0 + 3x ) ) * 4y ) * 12.0 ) ) - 67.0 )
ind: 14
( 8x - ( 6y * 24.0 ) )
ind: 15
( ( ( 52.0 + ( 32.0 + ( ( 63.0 + 3y ) * ( 10x + 3x ) ) ) ) * 76.0 ) * 6x )
ind: 16
( ( ( ( 2x - 4y ) * ( ( 5x * ( 4x + 2x ) ) - ( ( 65.0 + 90.0 ) + ( 98.0 + 24.0 ) ) ) ) * ( ( 95.0 + 9x ) * 8x ) ) + 2x )
ind: 17
( 99.0 * ( 4x + ( ( 4y * 2x ) * 74.0 ) ) )
ind: 18
( ( ( ( ( 7.0 - ( 10x + 10x ) ) * 74.0 ) + 7y ) * ( 71.0 + ( 10y * 9x ) ) ) + 11.0 )
ind: 19
( 8y - ( 5x - 1.0 ) )
ind: 20
( ( 43.0 * ( ( 7x - ( ( 20.0 * 3y ) + ( 9y + 2x ) ) ) - 5x ) ) - 76.0 )
ind: 21
( ( ( 8x - ( 10x + 56.0 ) ) + ( 3x * ( ( 3x * 4x ) - ( 10.0 - ( 9y - 78.0 ) ) ) ) ) + 9.0 )
ind: 22
( 5y + ( ( ( 2x * ( 5y - ( 22.0 - 5y ) ) ) + 4x ) - ( 91.0 * 96.0 ) ) )
ind: 23
( 6y - ( 11.0 - ( ( 10x * ( 99.0 + 96.0 ) ) - 11.0 ) ) )
ind: 24
( ( 90.0 - 93.0 ) - ( ( 91.0 * ( 3y + 5x ) ) * 98.0 ) )
ind: 25
( 78.0 * ( 96.0 - ( ( 44.0 + ( 9y * ( 7y - 68.0 ) ) ) + ( ( ( 8x + 29.0 ) * 16.0 ) * ( 1x * ( 94.0 + 4x ) ) ) ) ) )
ind: 26
( ( ( 35.0 * ( ( 2y + ( 10y + 9x ) ) * ( 3x - 3y ) ) ) - 55.0 ) * ( 4y * ( ( ( 3x + 86.0 ) - 6x ) + ( ( 15.0 - 87.0 ) - 67.0 ) ) ) )
ind: 27
( ( 49.0 + ( 3x * ( 59.0 * ( 3y + ( 74.0 - 94.0 ) ) ) ) ) - 45.0 )
ind: 28
( ( 57.0 * 70.0 ) - ( 2y + ( ( 69.0 - ( 4x * ( 41.0 + 7x ) ) ) * 10.0 ) ) )
ind: 29
( ( 6y + ( 44.0 + ( ( 40.0 - ( 6x - 26.0 ) ) + 10y ) ) ) + 76.0 )
ind: 30
( ( ( ( ( ( 8y + 90.0 ) + 5y ) - 53.0 ) + ( 8x + 87.0 ) ) + 4x ) + 10y )
ind: 31
( ( ( 79.0 + 1y ) - ( ( 81.0 * 5y ) + ( ( ( 4x * 2y ) + 1x ) - 33.0 ) ) ) - ( ( 8x - 4y ) * ( 44.0 + 1.0 ) ) )
ind: 32
( ( ( 5.0 * ( ( 89.0 + 6y ) - ( 2x * 9x ) ) ) - ( 6y + ( 1x + ( ( 4.0 * 10y ) - 68.0 ) ) ) ) - ( 25.0 * ( 12.0 - ( ( ( 7.0 + 9x ) * 38.0 ) * 8y ) ) ) )
ind: 33
( ( ( ( ( ( 10y + 22.0 ) + ( 48.0 + 33.0 ) ) - 37.0 ) * ( 1x * 10.0 ) ) + 9y ) + ( ( 1x + ( 82.0 * 2y ) ) + ( ( ( ( 3x + 6y ) * 1x ) * ( ( 1x + 3x ) - 5y ) ) + ( 50.0 + 28.0 ) ) ) )
ind: 34
( 94.0 - ( 2x - ( 7.0 * 9y ) ) )
ind: 35
( ( 1y + ( 8x * 6y ) ) - ( 5y * 6x ) )
ind: 36
( 2x * ( ( ( ( ( 97.0 + 1x ) - 3y ) * 10.0 ) * ( 9y - 4x ) ) + 3y ) )
ind: 37
( ( ( 4y - ( ( 4y - 77.0 ) + 3y ) ) + ( ( ( 10x - ( 6x * 6y ) ) + ( ( 33.0 + 6y ) + ( 11.0 - 13.0 ) ) ) - ( ( 98.0 * 6x ) - ( ( 61.0 * 72.0 ) + ( 36.0 - 1x ) ) ) ) ) + ( ( 5x - 33.0 ) - ( ( ( ( 18.0 - 3x ) * 3y ) - 14.0 ) * 9x ) ) )
ind: 38
( ( 7y - 2x ) + ( ( ( ( ( 26.0 - 41.0 ) - 2y ) * ( ( 64.0 * 90.0 ) - ( 2y + 10x ) ) ) + 43.0 ) + ( 9y + ( ( ( 33.0 + 8x ) + ( 10y * 20.0 ) ) * 51.0 ) ) ) )
ind: 39
( ( ( 6y * 36.0 ) + ( 3y * ( ( ( 1y + 1x ) - ( 45.0 * 3x ) ) * 9y ) ) ) * ( ( 65.0 - 60.0 ) - 7x ) )
ind: 40
( ( ( 5x + 66.0 ) - 8x ) + 2y )
ind: 41
( 96.0 - ( 1x + ( 8y - ( ( 3x - 17.0 ) * 1x ) ) ) )
ind: 42
( ( 18.0 * ( 1x - ( ( ( 34.0 + 8x ) * ( 98.0 * 8y ) ) * ( ( 62.0 - 21.0 ) * ( 2y - 4x ) ) ) ) ) + 10x )
ind: 43
( ( 8y + ( ( 55.0 + ( ( 52.0 * 3x ) + 5x ) ) + ( ( ( 35.0 + 6x ) - 15.0 ) - 42.0 ) ) ) * 50.0 )
ind: 44
( ( 57.0 + 5y ) - ( ( 9x - ( 52.0 * ( ( 65.0 - 2y ) + ( 9y + 5y ) ) ) ) - ( ( 4x * ( 76.0 - 73.0 ) ) + ( 6x * 5y ) ) ) )
ind: 45
( ( 10x + ( 22.0 - 3x ) ) + ( ( 5x + ( 10y - ( 91.0 + 3y ) ) ) + 51.0 ) )
ind: 46
( ( ( ( 75.0 * ( ( 10y - 6x ) + ( 70.0 + 8x ) ) ) - 4y ) + ( ( 93.0 * ( ( 2y + 61.0 ) - ( 6y - 35.0 ) ) ) + 6y ) ) * ( 6x - 2x ) )
ind: 47
( ( ( 51.0 * 7y ) + 48.0 ) * ( ( 7.0 + ( ( ( 48.0 + 94.0 ) * ( 68.0 - 9y ) ) - 89.0 ) ) * ( ( ( ( 6x - 2x ) - 12.0 ) - 2x ) + ( 9y - ( ( 5x - 60.0 ) - ( 71.0 + 99.0 ) ) ) ) ) )
ind: 48
( ( ( ( 75.0 - 34.0 ) * 77.0 ) + ( ( ( ( 77.0 - 17.0 ) - ( 7y - 1x ) ) - 56.0 ) * 53.0 ) ) - ( ( 43.0 * 2y ) + ( 6x + ( ( 1x * ( 68.0 + 81.0 ) ) * ( ( 7x + 7y ) * ( 9x * 47.0 ) ) ) ) ) )
ind: 49
( ( 45.0 + ( ( 3x * 3y ) + 10x ) ) + ( 12.0 * 5x ) )
ind: 50
( 23.0 * ( ( ( 79.0 * 59.0 ) * ( 8x * 9x ) ) * 6y ) )
ind: 51
( 7x * ( 7y + 3x ) )
ind: 52
( 29.0 * ( ( 41.0 + ( ( 1x + 3x ) - ( 93.0 - ( 5x * 10.0 ) ) ) ) * 6y ) )
ind: 53
( ( ( 10y * ( ( ( 5y + 10y ) + 3y ) + 52.0 ) ) - 5y ) * ( ( ( ( 26.0 + ( 5x + 10x ) ) * ( 28.0 + ( 7.0 * 56.0 ) ) ) * 80.0 ) + ( 8x - 5x ) ) )
ind: 54
( ( 5y - 3x ) - 6.0 )
ind: 55
( 4y * 9x )
ind: 56
( ( 3x * ( 9x - 6x ) ) - ( ( 57.0 * 9.0 ) + ( ( ( 79.0 - ( 10y + 15.0 ) ) * ( 3y + ( 32.0 + 5x ) ) ) - 46.0 ) ) )
ind: 57
( 5x + ( 67.0 - ( ( ( 1y - 4y ) * ( ( 92.0 * 7y ) - ( 15.0 + 44.0 ) ) ) - ( 56.0 - 13.0 ) ) ) )
ind: 58
( ( ( 56.0 * ( 70.0 - ( 3x * ( 71.0 * 49.0 ) ) ) ) + 15.0 ) * 6y )
ind: 59
( ( ( ( 9x - ( 91.0 + 4x ) ) * ( ( ( 32.0 + 26.0 ) + 9x ) + 87.0 ) ) + 7x ) + 5y )
ind: 60
( 9x - ( 9y * 5x ) )
ind: 61
( ( 16.0 * 12.0 ) + ( ( ( ( 5x + ( 1y * 47.0 ) ) + ( ( 84.0 * 100.0 ) * ( 10x * 6x ) ) ) - ( ( ( 9y + 7x ) + 5y ) * 28.0 ) ) - ( ( ( 77.0 - ( 9y - 60.0 ) ) * 67.0 ) * ( ( 13.0 - 98.0 ) + ( 5x * ( 4x - 4.0 ) ) ) ) ) )
ind: 62
( ( 48.0 + ( ( ( ( 8y - 4x ) * ( 74.0 + 100.0 ) ) * 9y ) - 68.0 ) ) * ( ( 3y + ( 85.0 - 8x ) ) * 7y ) )
ind: 63
( 9y + 1x )
ind: 64
( ( 1x + 4y ) * ( 4x + ( ( 9x - 8x ) - 100.0 ) ) )
ind: 65
( ( 28.0 + ( ( 14.0 + 5x ) * 80.0 ) ) * ( ( ( ( ( 2x + 61.0 ) - 2x ) - ( ( 19.0 + 6y ) - 27.0 ) ) - 45.0 ) - ( ( ( ( 77.0 + 6x ) - 10.0 ) * 2y ) - 11.0 ) ) )
ind: 66
( 72.0 * ( ( ( ( ( 8y - 99.0 ) * 11.0 ) * 2x ) * 6x ) - 6x ) )
ind: 67
( 5y * ( ( 4y * ( 8x - 6y ) ) + ( ( ( ( 78.0 * 10x ) + ( 79.0 - 60.0 ) ) + 88.0 ) * 62.0 ) ) )
ind: 68
( 6y - ( 2x + 4y ) )
ind: 69
( 2y * 10x )
ind: 70
( ( 6y * 5x ) - 67.0 )
ind: 71
( ( ( 44.0 * 10.0 ) - 2x ) - 1y )
ind: 72
( 7x * ( ( ( 59.0 * 52.0 ) + 78.0 ) + ( 4y + 20.0 ) ) )
ind: 73
( 5y * ( ( 46.0 - ( ( 82.0 * 6y ) - ( 6y + ( 39.0 + 1x ) ) ) ) - 17.0 ) )
ind: 74
( 6x * ( ( 76.0 * ( 4x - 59.0 ) ) - 2y ) )
ind: 75
( 5y + ( 38.0 * 3x ) )
ind: 76
( 51.0 - ( ( ( ( 21.0 + ( 79.0 + 71.0 ) ) - ( 3y + ( 7.0 + 1y ) ) ) - 1x ) + ( ( ( ( 5y * 95.0 ) + 8y ) * 10y ) + ( ( ( 40.0 + 12.0 ) * ( 11.0 * 4y ) ) - 65.0 ) ) ) )
ind: 77
( ( ( ( 1y + ( ( 3x - 2y ) * ( 6x + 6y ) ) ) - 73.0 ) * ( ( 2y * 2y ) + 75.0 ) ) - 1x )
ind: 78
( ( 5.0 * ( ( ( 5y * 8x ) + ( 6.0 * ( 61.0 * 15.0 ) ) ) + ( 98.0 * 10.0 ) ) ) * ( 1x * 9x ) )
ind: 79
( ( 90.0 - ( ( 73.0 + ( ( 91.0 - 1y ) - 10x ) ) - ( ( ( 24.0 * 1x ) + ( 9y - 8x ) ) - ( 85.0 - ( 25.0 + 59.0 ) ) ) ) ) * 9x )
ind: 80
( ( ( ( ( ( 89.0 - 73.0 ) - ( 97.0 - 50.0 ) ) - 58.0 ) - ( 73.0 - ( 97.0 * 12.0 ) ) ) + 19.0 ) + ( 64.0 + ( ( 1x + 83.0 ) - ( ( ( 4.0 + 68.0 ) * 7x ) * 5y ) ) ) )
ind: 81
( ( ( ( ( ( 87.0 + 7y ) - ( 70.0 * 3y ) ) * 84.0 ) - ( 5x - ( ( 56.0 * 45.0 ) * 3y ) ) ) * ( ( 57.0 - 3x ) - 95.0 ) ) * 41.0 )
ind: 82
( 4y * 9x )
ind: 83
( ( 1x + ( 9y - ( ( 90.0 * ( 17.0 + 24.0 ) ) - 40.0 ) ) ) - ( ( 8y + ( ( 5y + 4x ) - 4x ) ) + 40.0 ) )
ind: 84
( 9x - ( ( 16.0 - 6y ) - ( 6y - 78.0 ) ) )
ind: 85
( 8y + ( ( ( 7x * 7y ) + 8.0 ) - 43.0 ) )
ind: 86
( ( ( 44.0 - 99.0 ) - 3x ) - ( 10y * ( 30.0 + ( 74.0 + ( ( 7x - 24.0 ) + 38.0 ) ) ) ) )
ind: 87
( ( ( 6x - ( 34.0 + ( 74.0 + ( 2x * 4y ) ) ) ) - 8x ) * ( ( 2x + ( 10y + 2x ) ) * 99.0 ) )
ind: 88
( ( 8y + ( 2y * ( 10x + ( 3x + 12.0 ) ) ) ) - 7x )
ind: 89
( ( ( 7x + 1y ) - 50.0 ) + 45.0 )
ind: 90
( 37.0 - ( ( ( ( 6y * ( 68.0 - 9y ) ) - ( 47.0 + ( 47.0 + 69.0 ) ) ) * ( 26.0 - ( ( 3x * 8x ) * 44.0 ) ) ) - ( ( ( 93.0 + ( 76.0 + 27.0 ) ) * 2.0 ) - 84.0 ) ) )
ind: 91
( ( 4x * ( ( ( ( 71.0 + 4.0 ) * ( 34.0 * 7x ) ) + 7y ) - ( ( ( 42.0 * 67.0 ) - ( 13.0 + 36.0 ) ) + 1x ) ) ) - 55.0 )
ind: 92
( ( 1.0 + ( ( ( 4y - ( 23.0 * 94.0 ) ) - ( ( 4y * 90.0 ) - ( 69.0 * 7y ) ) ) + 4y ) ) + 6x )
ind: 93
( 2y + 2x )
ind: 94
( ( 6x + ( 10y - ( ( 76.0 - ( 1x * 10.0 ) ) - 54.0 ) ) ) + ( 7x * ( 92.0 * ( ( 54.0 + ( 2.0 + 9y ) ) + ( ( 9y + 1y ) - 90.0 ) ) ) ) )
ind: 95
( ( ( 93.0 + 3x ) - 5y ) + ( 42.0 + ( 3.0 + ( 86.0 - 5x ) ) ) )
ind: 96
( 5y * 7x )
ind: 97
( 7y - ( ( 6x * 65.0 ) * ( ( ( ( 7y - 62.0 ) - ( 75.0 - 51.0 ) ) - ( ( 73.0 + 21.0 ) * ( 33.0 + 9x ) ) ) * 4x ) ) )
ind: 98
( ( 14.0 * ( 5x + ( 6x + 10y ) ) ) + 9x )
ind: 99
( 4x * ( ( 20.0 + ( 2x - ( ( 3y * 36.0 ) - 5x ) ) ) - 46.0 ) )
ind: 100
( ( ( 66.0 * ( ( 19.0 * 7y ) * ( 5y * ( 1x + 82.0 ) ) ) ) * ( 9y - ( ( 10x * ( 7y * 4x ) ) * ( 10x * ( 94.0 + 2x ) ) ) ) ) - 6x )
ind: 101
( 2y + ( ( 5x * ( ( 99.0 + 10.0 ) * 2y ) ) * ( 9y + 57.0 ) ) )
ind: 102
( 10x * ( ( 92.0 * ( ( ( 7y * 34.0 ) * 11.0 ) + ( ( 10y + 3x ) * 7x ) ) ) - 22.0 ) )
ind: 103
( ( ( ( 8y - ( ( 10x + 1y ) * 64.0 ) ) + ( ( ( 19.0 - 53.0 ) + ( 13.0 + 7y ) ) - 10x ) ) * 2x ) - 1x )
ind: 104
( 17.0 * ( 21.0 + ( ( 5y - 18.0 ) * ( ( 86.0 * ( 8x - 3y ) ) * 1y ) ) ) )
ind: 105
( ( 9x * ( ( ( ( 1y - 9y ) - ( 6y + 9x ) ) * 10.0 ) + ( ( 62.0 + 1y ) + 13.0 ) ) ) - ( ( ( ( ( 48.0 - 5x ) - 99.0 ) * 25.0 ) + ( 87.0 - ( ( 8x - 8y ) * ( 57.0 + 1x ) ) ) ) + 1y ) )
ind: 106
( ( ( ( ( ( 8y - 76.0 ) + 2y ) - 48.0 ) - ( 10x + ( 11.0 + 81.0 ) ) ) + 3x ) * ( ( ( ( ( 87.0 - 10y ) * 40.0 ) + 97.0 ) - 9x ) * ( 8x + ( 32.0 - ( ( 88.0 + 2y ) - 5y ) ) ) ) )
ind: 107
( ( 38.0 - 39.0 ) * ( 1y - ( ( 9x - 9y ) * 23.0 ) ) )
ind: 108
( ( 3x * ( ( ( 29.0 + ( 16.0 + 15.0 ) ) - 58.0 ) + ( ( 6y * ( 89.0 + 9x ) ) * ( ( 9x + 37.0 ) - ( 65.0 - 61.0 ) ) ) ) ) + ( 3x * 10y ) )
ind: 109
( 2y - 3x )
ind: 110
( ( ( ( ( 4y * ( 6x * 6y ) ) * ( ( 10y + 4x ) - ( 47.0 - 61.0 ) ) ) * 64.0 ) - 69.0 ) + ( 2.0 * ( 2y * 8y ) ) )
ind: 111
( 7x * ( ( ( ( 31.0 + 20.0 ) + 68.0 ) * 2y ) * 57.0 ) )
ind: 112
( 8y + ( ( 9x + ( ( 6x - ( 4y + 9x ) ) + ( ( 6x + 94.0 ) - ( 8x - 8y ) ) ) ) + ( 6y * 9x ) ) )
ind: 113
( ( 64.0 - ( ( ( ( 9y + 9x ) * ( 23.0 * 9x ) ) * ( ( 97.0 + 8y ) * ( 7y * 83.0 ) ) ) - ( ( 8y + 72.0 ) + 8x ) ) ) * ( 4x + 2x ) )
ind: 114
( ( 45.0 - ( ( 97.0 - 89.0 ) * ( 1y + 7x ) ) ) + ( 81.0 * 6x ) )
ind: 115
( 33.0 * ( 2x * 3y ) )
ind: 116
( ( 82.0 - 47.0 ) - ( ( ( ( 23.0 * ( 40.0 * 9x ) ) * 7.0 ) * ( 19.0 * ( 2y - 3y ) ) ) - ( ( 8x + ( ( 50.0 + 20.0 ) + ( 9x + 91.0 ) ) ) - 54.0 ) ) )
ind: 117
( ( ( 7x * ( ( 9x - ( 77.0 - 86.0 ) ) * 100.0 ) ) - ( 7y + ( ( ( 37.0 - 30.0 ) + ( 10x - 65.0 ) ) + 2y ) ) ) * 7x )
ind: 118
( 4y + 4x )
ind: 119
( ( ( 4y + 10x ) * 3.0 ) * ( ( ( ( ( 2x + 86.0 ) + 36.0 ) + 48.0 ) - ( ( ( 94.0 - 66.0 ) + ( 94.0 + 6x ) ) + ( ( 26.0 - 74.0 ) * ( 4y - 3y ) ) ) ) + 4x ) )
ind: 120
( 34.0 + ( ( ( 77.0 * ( ( 9.0 * 57.0 ) - ( 32.0 - 8y ) ) ) * ( 37.0 * 9x ) ) + ( 6y * ( 81.0 * ( ( 62.0 + 3y ) - ( 81.0 * 8x ) ) ) ) ) )
ind: 121
( ( 9y - 100.0 ) * ( ( 17.0 * 98.0 ) + ( ( 82.0 - ( ( 7x + 10x ) + ( 23.0 + 20.0 ) ) ) * 2y ) ) )
ind: 122
( ( 66.0 * ( ( ( 1y + 8x ) - ( 8y * 8y ) ) * 2y ) ) - 4y )
ind: 123
( ( 8x - 91.0 ) * ( 4y * 49.0 ) )
ind: 124
( ( 54.0 * ( ( 4.0 * ( ( 55.0 - 62.0 ) + ( 6.0 - 2x ) ) ) * 12.0 ) ) - ( ( 8y + ( ( 9y + 85.0 ) + 14.0 ) ) - ( ( ( 95.0 * 23.0 ) + 20.0 ) - 5y ) ) )
ind: 125
( ( ( 82.0 - 1x ) + 1x ) + ( 32.0 * ( 33.0 * ( 97.0 - ( ( 5x + 6y ) - ( 7x - 10x ) ) ) ) ) )
ind: 126
( ( ( 59.0 - 62.0 ) - 7x ) - 1y )
ind: 127
( ( ( 2y + 6.0 ) + 9y ) - 5x )
ind: 128
( 3y + ( ( 23.0 - ( ( ( 6y * 53.0 ) + 53.0 ) + ( 99.0 - 69.0 ) ) ) * ( 84.0 + ( 51.0 - ( ( 10x + 43.0 ) * ( 3x + 77.0 ) ) ) ) ) )
ind: 129
( ( 21.0 + 46.0 ) * ( ( ( ( 58.0 - ( 4x * 4y ) ) * 5.0 ) - ( 82.0 * ( ( 59.0 + 53.0 ) - 6x ) ) ) - ( 6y + 4x ) ) )
ind: 130
( ( ( 5x + 32.0 ) * ( ( 4y - ( ( 9x - 82.0 ) * 16.0 ) ) - 1y ) ) * ( 59.0 - 42.0 ) )
ind: 131
( 5.0 + ( ( ( ( 4.0 * 36.0 ) * 10y ) - ( ( ( 71.0 * 2x ) - ( 8y * 3x ) ) * 10y ) ) * 5x ) )
ind: 132
( ( 4x - ( ( 1y + ( 7x * ( 2.0 - 10x ) ) ) - 4y ) ) * ( ( 41.0 - ( ( 1x * 2y ) * 5x ) ) + ( ( 10y - ( ( 8x - 6y ) * ( 9y + 4x ) ) ) - ( 1x + 7y ) ) ) )
ind: 133
( 9x * ( ( ( ( 96.0 * ( 9x - 76.0 ) ) * ( 5y - 10y ) ) + 3x ) - ( 38.0 + ( 4x - 20.0 ) ) ) )
ind: 134
( ( ( 5y + ( ( ( 1y + 2x ) - ( 37.0 - 7y ) ) - ( 7x + 8y ) ) ) - 2x ) + ( ( 89.0 + ( 6x - 60.0 ) ) * 81.0 ) )
ind: 135
( ( 3x + 6y ) * 1x )
ind: 136
( ( ( 30.0 + ( ( 4y * ( 4x + 8x ) ) + 10y ) ) - ( ( 5y - ( 48.0 + 67.0 ) ) * 29.0 ) ) * 3y )
ind: 137
( ( 57.0 + ( ( 49.0 * ( 35.0 + 3y ) ) + ( 98.0 - ( ( 90.0 + 41.0 ) - ( 26.0 - 46.0 ) ) ) ) ) * 2x )
ind: 138
( ( ( 2y - 5x ) * 67.0 ) - ( 73.0 + ( 5x - ( ( ( 92.0 - 82.0 ) * ( 4y - 44.0 ) ) * ( ( 27.0 - 1x ) + ( 5y + 28.0 ) ) ) ) ) )
ind: 139
( 66.0 * ( 13.0 + ( ( ( ( 73.0 * 4y ) * ( 100.0 * 10y ) ) + ( 8x + 3.0 ) ) + ( 9y - 72.0 ) ) ) )
ind: 140
( ( ( 3x - 75.0 ) - ( 36.0 - ( ( 3x * 9y ) * ( 20.0 - 1y ) ) ) ) * 63.0 )
ind: 141
( ( ( 78.0 - ( 14.0 + 3.0 ) ) * 5x ) * ( ( 4y - ( ( 37.0 + 1y ) - 6x ) ) - 77.0 ) )
ind: 142
( ( ( ( 2x + ( ( 9x * 7.0 ) - ( 30.0 - 3y ) ) ) + 77.0 ) - ( 10y - ( ( ( 6y * 8.0 ) * ( 10y + 6x ) ) - ( 10y + ( 54.0 - 7x ) ) ) ) ) * ( 2y - ( 6y - 8x ) ) )
ind: 143
( 66.0 - ( 6y * 5x ) )
ind: 144
( 5x - ( ( ( 2x + 85.0 ) * 25.0 ) + 1y ) )
ind: 145
( ( 9.0 * 5x ) * 7y )
ind: 146
( 1x - ( ( 7y + 72.0 ) + ( 32.0 + 8x ) ) )
ind: 147
( 1x + ( 3y + 34.0 ) )
ind: 148
( 8x - ( ( ( 47.0 * ( ( 10x * 54.0 ) - ( 1y + 48.0 ) ) ) - ( ( ( 5y - 25.0 ) * ( 27.0 - 9x ) ) + 47.0 ) ) + 5y ) )
ind: 149
( 64.0 - ( ( ( 10y * ( ( 7x - 6y ) * ( 6x * 3y ) ) ) * ( ( ( 10x * 4.0 ) * 1x ) + 67.0 ) ) + 9.0 ) )
ind: 150
( ( ( ( ( 68.0 + ( 8x - 5y ) ) * 6.0 ) - 11.0 ) + ( ( 31.0 * ( 5y - 7x ) ) - 86.0 ) ) * 2x )
ind: 151
( 6y + 2x )
ind: 152
( 9x + 4y )
ind: 153
( 2x * ( 7y * ( 8x * ( 86.0 * ( 5y + ( 76.0 * 97.0 ) ) ) ) ) )
ind: 154
( 6x + ( 5y - 74.0 ) )
ind: 155
( ( ( 100.0 + 93.0 ) + 5y ) + ( 62.0 - ( ( ( ( 51.0 + 77.0 ) + ( 2y - 3x ) ) - 1y ) * 33.0 ) ) )
ind: 156
( 57.0 * ( 4.0 * ( 5y - 8x ) ) )
ind: 157
( ( ( ( ( 3y - ( 8.0 - 9.0 ) ) * 96.0 ) - 2y ) - ( 7x * 45.0 ) ) + 1y )
ind: 158
( ( ( 6x * 6x ) * ( ( ( 6y * ( 68.0 * 7.0 ) ) - 37.0 ) * 5y ) ) * ( 2y * 4y ) )
ind: 159
( 34.0 + ( ( 92.0 - 8y ) + ( ( 4x * ( ( 7y - 16.0 ) - 6y ) ) * ( ( 10y - 82.0 ) * 13.0 ) ) ) )
ind: 160
( ( ( 20.0 - 1.0 ) - 2y ) * ( ( ( 3x * ( ( 8x * 8y ) - 9x ) ) - 84.0 ) + 2.0 ) )
ind: 161
( ( ( 5y - ( 91.0 + 85.0 ) ) * ( ( ( 8x - 70.0 ) * 9y ) - ( 4x * 10x ) ) ) - 3x )
ind: 162
( ( 1x * 6y ) + ( 21.0 * ( 35.0 - ( ( 8y + 6.0 ) + ( 5y + 25.0 ) ) ) ) )
ind: 163
( ( 83.0 - ( 10.0 - ( ( 6y * 76.0 ) * ( ( 15.0 * 5y ) - 2x ) ) ) ) + 58.0 )
ind: 164
( ( 6x * ( ( ( ( 34.0 - 5y ) + 8y ) - 1y ) - 1x ) ) + ( 79.0 * 10y ) )
ind: 165
( 9y - ( ( ( ( 51.0 + 7y ) + 47.0 ) - ( ( 9.0 * ( 26.0 - 10x ) ) + 77.0 ) ) + 3y ) )
ind: 166
( ( ( ( ( 9x + ( 72.0 * 7x ) ) + ( ( 3y + 78.0 ) - 45.0 ) ) * ( ( 70.0 + ( 4x * 3x ) ) * 20.0 ) ) * 7y ) * ( 8x * 8y ) )
ind: 167
( ( 71.0 * ( ( 45.0 + 48.0 ) * ( 1y - 78.0 ) ) ) + ( ( ( 45.0 * ( 8x + ( 78.0 * 99.0 ) ) ) - 4x ) + 2x ) )
ind: 168
( 6x * ( ( 1y - ( 6x * 5y ) ) * 38.0 ) )
ind: 169
( ( ( ( ( 82.0 + 58.0 ) + ( 14.0 + ( 34.0 + 4y ) ) ) + ( 10x + 78.0 ) ) + 7y ) * ( 4y - 7y ) )
ind: 170
( 48.0 * ( ( 2x - 2x ) + ( 61.0 * ( 8y + ( 10y * ( 6y - 29.0 ) ) ) ) ) )
ind: 171
( 87.0 - ( 47.0 + ( 1x * 3y ) ) )
ind: 172
( ( 5y * ( ( ( ( 4x + 8x ) + ( 10x * 11.0 ) ) - 86.0 ) + ( ( 5x * ( 3y - 21.0 ) ) - 66.0 ) ) ) + ( 3x - ( 7y + ( ( ( 82.0 - 44.0 ) + 3x ) * 5x ) ) ) )
ind: 173
( ( ( ( 7x + ( 6x + ( 9y - 4y ) ) ) - ( 26.0 + ( ( 10x - 1y ) * 5y ) ) ) + ( 9y - 26.0 ) ) - ( 34.0 + 8y ) )
ind: 174
( 8.0 + ( ( 1y + 6x ) - 13.0 ) )
ind: 175
( ( 42.0 * ( 8x - 1y ) ) - ( ( 37.0 + 8x ) * ( ( ( ( 1x + 7y ) - 31.0 ) + ( 67.0 - ( 82.0 - 10x ) ) ) - ( ( ( 8x + 14.0 ) - ( 4y + 34.0 ) ) + ( 99.0 + 29.0 ) ) ) ) )
ind: 176
( 4x * ( ( ( ( ( 67.0 * 3.0 ) - 2x ) - ( ( 9y + 5y ) - ( 6x + 32.0 ) ) ) * 8x ) - ( ( ( ( 82.0 * 7x ) - ( 90.0 - 10x ) ) - ( 24.0 * 88.0 ) ) * ( 39.0 - 35.0 ) ) ) )
ind: 177
( ( 8.0 * ( 3.0 + 37.0 ) ) - ( 2x * ( 75.0 * 6y ) ) )
ind: 178
( ( 3y - 3x ) + 10y )
ind: 179
( ( ( 4x + ( ( 8y - 17.0 ) * 3y ) ) - 7x ) * ( 44.0 * ( 5y + ( 9y - 78.0 ) ) ) )
ind: 180
( ( ( 21.0 * 10y ) - 10y ) + 10x )
ind: 181
( ( ( ( ( 46.0 * ( 56.0 * 8x ) ) * 9x ) * ( ( 10x * 50.0 ) * ( 5x * ( 2y + 8x ) ) ) ) - ( ( 17.0 * ( 5y * ( 6x * 1x ) ) ) + 1y ) ) - 2x )
ind: 182
( ( 5x - 94.0 ) * ( 7y * 8x ) )
ind: 183
( 9x * 1y )
ind: 184
( 8x * ( 3y * 85.0 ) )
ind: 185
( ( ( 94.0 - 7y ) + ( ( ( ( 9x * 3y ) + 63.0 ) * ( ( 88.0 + 19.0 ) + 1x ) ) - 31.0 ) ) - 7x )
ind: 186
( 5.0 - ( ( ( ( 32.0 * 2y ) - 10y ) + 10x ) + 43.0 ) )
ind: 187
( ( 4x - 3x ) + ( ( ( ( 9y - ( 76.0 + 86.0 ) ) * 51.0 ) * 54.0 ) * 1.0 ) )
ind: 188
( ( ( 91.0 + ( 62.0 * ( ( 46.0 + 76.0 ) * ( 5x + 55.0 ) ) ) ) + 1.0 ) * 5y )
ind: 189
( 67.0 - ( ( ( 16.0 - ( ( 8y + 6x ) * 10y ) ) - 25.0 ) + 94.0 ) )
ind: 190
( ( 6x - 79.0 ) + ( ( ( ( 74.0 - ( 85.0 - 97.0 ) ) + 8y ) * 1x ) - ( ( 8x + ( ( 8x * 9x ) + ( 5.0 + 32.0 ) ) ) * ( 43.0 * 8y ) ) ) )
ind: 191
( ( ( 68.0 + ( ( ( 6y - 1x ) - 16.0 ) + ( 3x * 80.0 ) ) ) - ( ( 1y - 7x ) - ( 9x * ( 9.0 * 57.0 ) ) ) ) - 5y )
ind: 192
( ( 7y - ( ( 9y + ( ( 84.0 * 45.0 ) * ( 1x + 4x ) ) ) * ( ( 93.0 * 18.0 ) * 72.0 ) ) ) * 5x )
ind: 193
( 1x - ( 8y + 91.0 ) )
ind: 194
( ( 56.0 + ( 4x - ( ( ( 10x - 8x ) - ( 78.0 + 69.0 ) ) * ( 77.0 - 1y ) ) ) ) + 83.0 )
ind: 195
( ( ( 10x * ( ( ( 53.0 * 8y ) * 49.0 ) * ( 1x * 26.0 ) ) ) + 17.0 ) * ( 97.0 * 1.0 ) )
ind: 196
( 85.0 * ( ( 2x - ( ( 19.0 * ( 76.0 * 9y ) ) + 3x ) ) - ( ( ( ( 85.0 - 23.0 ) - 1.0 ) - 16.0 ) + ( 49.0 * 15.0 ) ) ) )
ind: 197
( ( 9y * 8x ) - ( ( 6y + 10x ) * 8y ) )
ind: 198
( ( ( 1.0 * 1x ) + 99.0 ) * ( ( 8x + 49.0 ) * ( ( ( ( 4y - 8y ) * 6.0 ) * ( 6y + 2y ) ) + ( ( 97.0 * ( 1y * 7y ) ) + ( 7y * 32.0 ) ) ) ) )
ind: 199
( 85.0 + ( ( ( 86.0 * ( 7y * ( 38.0 - 74.0 ) ) ) - ( ( 6.0 - 8.0 ) + ( ( 5.0 - 10x ) - ( 90.0 + 2y ) ) ) ) + ( ( ( ( 4x - 60.0 ) + ( 68.0 - 2x ) ) - ( 1x - ( 65.0 * 7x ) ) ) * ( 8x * ( 8x + 52.0 ) ) ) ) )
ind: 200
( ( ( 7x + 40.0 ) - ( ( 5x - 20.0 ) * ( ( ( 10y + 10x ) + ( 70.0 + 9y ) ) * ( 26.0 * 7.0 ) ) ) ) + 10y )
ind: 201
( ( ( ( 42.0 - 92.0 ) + 81.0 ) - ( ( 9x + 38.0 ) - 2y ) ) - ( ( 67.0 - 6y ) * 4x ) )
ind: 202
( ( 91.0 - ( 6.0 + 8y ) ) - ( ( ( 63.0 - ( 2x * 66.0 ) ) + ( 5y - 7.0 ) ) - 7y ) )
ind: 203
( ( ( 7y - ( ( ( 24.0 - 28.0 ) * ( 23.0 - 1x ) ) * ( 10y * 8y ) ) ) - 14.0 ) * ( ( ( 35.0 * 1y ) * 10x ) + 6x ) )
ind: 204
( ( 7x - 28.0 ) * ( ( 72.0 + ( 3y * ( ( 7x * 47.0 ) * 3y ) ) ) * 18.0 ) )
ind: 205
( ( ( 4y * 66.0 ) - ( ( ( 2x - 4y ) - 39.0 ) * ( ( ( 1x * 1y ) + 6x ) + 5.0 ) ) ) * 95.0 )
ind: 206
( ( ( 36.0 - ( ( 10y - 44.0 ) * ( ( 92.0 * 7x ) - ( 60.0 + 1y ) ) ) ) + ( ( 31.0 + 76.0 ) + ( 2y * ( 22.0 + 56.0 ) ) ) ) - ( ( ( 43.0 - ( ( 84.0 * 63.0 ) * 2x ) ) + 76.0 ) * ( 93.0 - 95.0 ) ) )
ind: 207
( ( 9x * ( 10y + ( ( ( 63.0 * 96.0 ) - 1.0 ) + ( ( 8y - 5y ) - 10y ) ) ) ) + ( ( ( 10x * ( ( 84.0 + 65.0 ) - ( 28.0 * 10x ) ) ) * ( 92.0 + ( ( 45.0 * 3x ) + 63.0 ) ) ) + ( ( ( ( 4y - 33.0 ) + 2x ) + 7y ) * 57.0 ) ) )
ind: 208
( 9y - ( 3.0 - ( ( ( ( 64.0 + 33.0 ) - ( 78.0 * 77.0 ) ) * 80.0 ) + ( ( 9y + ( 9x - 4y ) ) - 7y ) ) ) )
ind: 209
( ( ( ( ( ( 98.0 - 6y ) - ( 73.0 - 82.0 ) ) - ( ( 6x * 2y ) * 3y ) ) * ( ( ( 45.0 - 5x ) - 39.0 ) + 74.0 ) ) * ( ( ( ( 3x * 5.0 ) + ( 64.0 * 2y ) ) + 2y ) + ( 72.0 - 5y ) ) ) * ( 12.0 - 28.0 ) )
ind: 210
( 60.0 - ( 6x * ( 4y + ( 66.0 + ( ( 2x + 1x ) * ( 74.0 - 38.0 ) ) ) ) ) )
ind: 211
( ( 70.0 + 44.0 ) + ( ( 3y * 41.0 ) - ( 3y - ( 9x + ( ( 62.0 * 4y ) + 2y ) ) ) ) )
ind: 212
( ( 3y + ( 36.0 - ( ( ( 5x * 6y ) - 10y ) - ( 16.0 * 4y ) ) ) ) - 11.0 )
ind: 213
( ( ( 6y * ( 3x * 8.0 ) ) - ( ( 5y * 94.0 ) * 6y ) ) * 96.0 )
ind: 214
( ( ( 40.0 * 10y ) * ( ( ( ( 10x + 46.0 ) * ( 91.0 - 8x ) ) * 38.0 ) * ( 40.0 * 3x ) ) ) - 38.0 )
ind: 215
( ( 6y + 8y ) * ( ( ( 96.0 - ( 2y * 47.0 ) ) * 10x ) * 49.0 ) )
ind: 216
( ( 10x + ( 33.0 + ( 2x - ( 90.0 + ( 7x * 9y ) ) ) ) ) + ( ( 9x * 81.0 ) * ( ( 89.0 * 1x ) - 17.0 ) ) )
ind: 217
( 5y - ( 10.0 * ( ( ( ( 12.0 - 5x ) - 86.0 ) * 10y ) + 1y ) ) )
ind: 218
( ( 10x - ( ( 79.0 * ( ( 9x - 3x ) - 1.0 ) ) - 2x ) ) + ( ( ( ( 9y - 4y ) - ( 22.0 * 10x ) ) - ( 2y - 58.0 ) ) + 2x ) )
ind: 219
( ( ( ( ( ( 8x + 71.0 ) - ( 41.0 - 23.0 ) ) + 18.0 ) * ( ( ( 25.0 - 61.0 ) * ( 84.0 + 2.0 ) ) * 10x ) ) * ( 10y * 5x ) ) * 2.0 )
ind: 220
( ( 8y * ( 8.0 * 9x ) ) * 4x )
ind: 221
( ( ( ( ( ( 13.0 * 98.0 ) + ( 4x - 30.0 ) ) + 39.0 ) - ( ( ( 75.0 * 52.0 ) + ( 21.0 + 10y ) ) + 9x ) ) + ( 3x * 4y ) ) * 22.0 )
ind: 222
( 43.0 * ( 28.0 + ( ( ( 7y * ( 57.0 * 99.0 ) ) * ( ( 2y - 2.0 ) - ( 2y - 2y ) ) ) * ( ( ( 100.0 * 92.0 ) - 5x ) * 7.0 ) ) ) )
ind: 223
( ( 27.0 - ( ( ( 81.0 * 6y ) + ( ( 3x * 3x ) - 2y ) ) * 94.0 ) ) + 7x )
ind: 224
( ( ( 60.0 - 2x ) * ( 2x + 7y ) ) + 22.0 )
ind: 225
( 1x + ( 6y - ( 3y * 8x ) ) )
ind: 226
( 99.0 + ( 20.0 * ( 9.0 + ( ( ( 4.0 + 2x ) * ( 8y * 6y ) ) + ( ( 2y - 3x ) * 5x ) ) ) ) )
ind: 227
( ( ( 4y + ( 52.0 * ( 2x + ( 47.0 - 47.0 ) ) ) ) * ( 36.0 - 32.0 ) ) * ( ( ( ( ( 50.0 + 32.0 ) + 5y ) + ( ( 10x - 5x ) * 7x ) ) - ( 29.0 + 28.0 ) ) + 9x ) )
ind: 228
( ( ( ( 96.0 - 54.0 ) - ( ( ( 4y * 5y ) - ( 45.0 * 57.0 ) ) + ( ( 2x - 8y ) + ( 96.0 + 9y ) ) ) ) * 23.0 ) * ( ( 73.0 * 25.0 ) + 7y ) )
ind: 229
( 1x * ( ( 89.0 - 9y ) + ( 27.0 * ( 53.0 + ( 9y + ( 51.0 * 9y ) ) ) ) ) )
ind: 230
( 7y + 1x )
ind: 231
( 4y + ( ( 92.0 * ( 5y * 10y ) ) + ( ( ( 67.0 - ( 4x * 1x ) ) + ( ( 75.0 + 37.0 ) - ( 1y - 3y ) ) ) * 2y ) ) )
ind: 232
( ( ( 91.0 * ( 3y - ( ( 6.0 + 39.0 ) - ( 9y + 46.0 ) ) ) ) * ( 33.0 + ( ( 55.0 * 10x ) - 92.0 ) ) ) + ( 20.0 - 3x ) )
ind: 233
( ( ( 10y - ( 7x - ( ( 1x + 4y ) + ( 8.0 - 6y ) ) ) ) * ( ( ( ( 7y * 9.0 ) - ( 4.0 + 49.0 ) ) + 26.0 ) - 77.0 ) ) * 8x )
ind: 234
( ( ( ( ( 50.0 * 44.0 ) * 32.0 ) - 94.0 ) - ( 61.0 + ( ( ( 4x * 87.0 ) * 4x ) * 38.0 ) ) ) + ( ( ( ( ( 21.0 + 54.0 ) + ( 7x + 73.0 ) ) - ( ( 45.0 + 51.0 ) * ( 73.0 - 49.0 ) ) ) + ( 7x + 4x ) ) * ( 12.0 - ( ( ( 7y * 10x ) * 9y ) - 44.0 ) ) ) )
ind: 235
( ( 100.0 + ( 3x + ( 6.0 * ( ( 10x * 9y ) - 6.0 ) ) ) ) - ( 68.0 + ( ( ( ( 32.0 - 34.0 ) * ( 40.0 - 3y ) ) + 46.0 ) - ( 9y - 96.0 ) ) ) )
ind: 236
( ( ( 44.0 - ( ( 12.0 - ( 57.0 + 4y ) ) * ( ( 21.0 + 8x ) * ( 43.0 + 5x ) ) ) ) * 30.0 ) * ( ( ( 9.0 - 3x ) - ( 4y + 1x ) ) + ( ( 34.0 * 37.0 ) * 48.0 ) ) )
ind: 237
( ( ( ( 99.0 + 9x ) + ( 27.0 + ( ( 95.0 - 88.0 ) + ( 2y - 8x ) ) ) ) - ( ( 7y * ( ( 8y - 6y ) - 8y ) ) - ( 5y * 2y ) ) ) - 5y )
ind: 238
( ( ( ( ( ( 8y - 2.0 ) + ( 6y * 26.0 ) ) + ( 5y * 4.0 ) ) - ( ( ( 74.0 * 46.0 ) - 9x ) * ( ( 4x + 47.0 ) - ( 39.0 - 35.0 ) ) ) ) * 6y ) + 89.0 )
ind: 239
( ( ( ( 3x - ( ( 1y + 5.0 ) - ( 44.0 - 9.0 ) ) ) * 90.0 ) + 3y ) * 31.0 )
ind: 240
( ( 8.0 + ( 6x * 10y ) ) + ( ( 5x - 20.0 ) - ( ( ( ( 7y + 96.0 ) - ( 51.0 - 91.0 ) ) + 6y ) + ( ( ( 73.0 - 9x ) - ( 70.0 * 31.0 ) ) * ( 7x - 10y ) ) ) ) )
ind: 241
( ( ( ( 13.0 - ( 3y + ( 84.0 * 10y ) ) ) - ( 8y * 29.0 ) ) + ( 8x * ( ( 1y + ( 1y + 8x ) ) * ( 89.0 * ( 7.0 - 91.0 ) ) ) ) ) + 10.0 )
ind: 242
( ( ( ( ( ( 2y + 47.0 ) + 3x ) + ( ( 29.0 + 8x ) - 85.0 ) ) * ( ( 69.0 - 10x ) * ( ( 83.0 + 5y ) - ( 4y - 49.0 ) ) ) ) + ( 2y - ( 32.0 + ( 38.0 + 59.0 ) ) ) ) * ( 37.0 * 23.0 ) )
ind: 243
( 8y - ( ( 54.0 * 5.0 ) * ( 64.0 + 1x ) ) )
ind: 244
( 3x - ( ( 90.0 + ( 4.0 * ( 33.0 + 10y ) ) ) - 3.0 ) )
ind: 245
( ( ( 10y + ( ( 5y + ( 65.0 - 8x ) ) + 7.0 ) ) * ( 8y + ( ( ( 33.0 - 91.0 ) - 48.0 ) - 49.0 ) ) ) + 10x )
ind: 246
( ( 46.0 + ( ( 99.0 * ( ( 52.0 - 4x ) - ( 20.0 + 8y ) ) ) - 6y ) ) * 93.0 )
ind: 247
( ( 53.0 * 2x ) * ( 8x + ( ( ( ( 75.0 * 8y ) - 8x ) + ( ( 6y + 30.0 ) + 4x ) ) - ( ( ( 2y - 46.0 ) + 3y ) - 27.0 ) ) ) )
ind: 248
( ( ( ( 2y - 8y ) + 75.0 ) - 6x ) - 1y )
ind: 249
( ( ( ( 49.0 * 58.0 ) + ( ( 35.0 * ( 8y + 7x ) ) - ( ( 7y * 5y ) - 45.0 ) ) ) - 28.0 ) * 59.0 )
ind: 250
( ( ( 10x * 79.0 ) + 28.0 ) + ( ( ( ( ( 82.0 * 26.0 ) + ( 3x * 3y ) ) + 18.0 ) * 4x ) + ( 38.0 - ( 66.0 * 2x ) ) ) )
ind: 251
( ( ( 9y - ( ( 37.0 - 10.0 ) + ( ( 9y + 85.0 ) - 3y ) ) ) * ( 75.0 + ( 91.0 - 4x ) ) ) * ( ( 94.0 + 16.0 ) + ( 46.0 - ( 91.0 + 6x ) ) ) )
ind: 252
( ( ( ( 3y * 11.0 ) - ( ( ( 2x * 88.0 ) - ( 3y + 9x ) ) * ( 7x - 48.0 ) ) ) * ( ( ( 3y + ( 98.0 * 30.0 ) ) * 80.0 ) + 48.0 ) ) * 13.0 )
ind: 253
( ( ( ( 21.0 - ( 2y + 44.0 ) ) + 34.0 ) + ( 8y + 39.0 ) ) - 2x )
ind: 254
( ( ( ( 8x - ( 92.0 - 6.0 ) ) - 57.0 ) - ( ( ( 23.0 - 2x ) * ( ( 7x - 40.0 ) * ( 23.0 - 9x ) ) ) * ( 8y + ( 74.0 - 88.0 ) ) ) ) + ( ( ( ( 7y * ( 5x + 50.0 ) ) + 95.0 ) - 23.0 ) - 6y ) )
ind: 255
( ( ( ( ( ( 2y * 9y ) * ( 6x + 5y ) ) * ( ( 59.0 - 6x ) * 7x ) ) + 10.0 ) + 2x ) + ( 1x - 67.0 ) )
ind: 256
( 7x * ( ( 14.0 - 19.0 ) + 9y ) )
ind: 257
( ( ( ( 9y + 5y ) * 16.0 ) - ( ( ( 4x * ( 72.0 + 7x ) ) + ( ( 80.0 + 51.0 ) * ( 100.0 - 88.0 ) ) ) * 4y ) ) - ( 30.0 + ( 5x + ( 74.0 * ( 29.0 * ( 2x * 40.0 ) ) ) ) ) )
ind: 258
( 10x - 1y )
ind: 259
( 9y - ( 9y * ( ( 69.0 + 8x ) + ( 66.0 - 7x ) ) ) )
ind: 260
( 2.0 - ( ( ( ( 8y - ( 4x + 88.0 ) ) * ( ( 68.0 + 3x ) - 77.0 ) ) * 4x ) - ( ( ( ( 9x - 63.0 ) * 48.0 ) - 47.0 ) + 99.0 ) ) )
ind: 261
( 7.0 - ( 6x * 7y ) )
ind: 262
( ( 10x - 9y ) + 99.0 )
ind: 263
( 16.0 - ( ( 10.0 + ( ( 5x + ( 43.0 * 9y ) ) * 2x ) ) - 52.0 ) )
ind: 264
( ( 2y - 7x ) + ( 4x - 5y ) )
ind: 265
( ( ( 3x - ( ( 3.0 + 2x ) + 9y ) ) - ( ( ( ( 5.0 * 74.0 ) + ( 43.0 + 8x ) ) * 10x ) * 34.0 ) ) * 34.0 )
ind: 266
( ( ( 3x - ( ( ( 9y - 2x ) + 61.0 ) - 100.0 ) ) * ( 4x + 94.0 ) ) * 1y )
ind: 267
( 51.0 + ( ( 65.0 * ( ( 38.0 - ( 4x - 10y ) ) * ( ( 8y * 56.0 ) - ( 7y * 2y ) ) ) ) - ( ( ( 4x - 41.0 ) * 86.0 ) * 1y ) ) )
ind: 268
( 5y * ( 75.0 * 7x ) )
ind: 269
( ( 2y * ( ( ( 88.0 + 82.0 ) * 4.0 ) + ( 2y * ( 10x * 4.0 ) ) ) ) - 9y )
ind: 270
( 3y - ( ( 100.0 + ( 63.0 * ( ( 40.0 - 2x ) * ( 90.0 - 49.0 ) ) ) ) * ( ( 34.0 - 4.0 ) * 5x ) ) )
ind: 271
( ( ( ( ( ( 4x + 85.0 ) - ( 72.0 * 6x ) ) - ( ( 40.0 - 6y ) + ( 4y - 87.0 ) ) ) * ( 68.0 + 8x ) ) * 3x ) - ( 32.0 * 33.0 ) )
ind: 272
( ( 20.0 - ( ( ( 10y * ( 10x - 18.0 ) ) * 90.0 ) * ( ( 100.0 * 33.0 ) * 5.0 ) ) ) + 9y )
ind: 273
( 49.0 + ( ( 39.0 * ( ( 60.0 - ( 2y - 28.0 ) ) - 3x ) ) - 9x ) )
ind: 274
( 7x - ( ( 3x - ( 8x - 1y ) ) + 10y ) )
ind: 275
( ( ( ( ( 90.0 * 4x ) + ( 10y * 54.0 ) ) + ( ( 9x * 9x ) * ( 65.0 * ( 99.0 * 82.0 ) ) ) ) + ( ( ( ( 5x - 29.0 ) - ( 7x * 7.0 ) ) * 25.0 ) + 86.0 ) ) * 1.0 )
ind: 276
( ( ( 5y + ( ( 4x + ( 10y * 3x ) ) * ( 31.0 + ( 10y * 30.0 ) ) ) ) * 44.0 ) - 10x )
ind: 277
( ( 8y - 4x ) - ( ( 49.0 - ( ( ( 5x + 5y ) * ( 98.0 + 28.0 ) ) * 2y ) ) - 64.0 ) )
ind: 278
( 63.0 - ( ( ( ( 4y - 10y ) + ( ( 7.0 * 1y ) + ( 1y + 4y ) ) ) - 10x ) * ( ( ( ( 73.0 - 10y ) - ( 31.0 - 1x ) ) + 2y ) * ( 6y + 29.0 ) ) ) )
ind: 279
( ( ( ( ( ( 1x * 4y ) + ( 3y + 7x ) ) * 2x ) * 3x ) * 4x ) * ( 3y - 10y ) )
ind: 280
( 10x - ( 8y - 51.0 ) )
ind: 281
( ( 1y + ( ( 7y - 49.0 ) - 1x ) ) - 27.0 )
ind: 282
( ( 1y + ( ( 10y - 84.0 ) + ( 1x * ( 12.0 + ( 9x - 79.0 ) ) ) ) ) + ( ( 4x - 6x ) * ( 2y - 73.0 ) ) )
ind: 283
( 4.0 - ( ( ( 14.0 * 10y ) * ( 16.0 - ( ( 60.0 - 8x ) + 3x ) ) ) - ( ( 95.0 + ( ( 6y + 10x ) + ( 51.0 * 100.0 ) ) ) - ( 10y + 60.0 ) ) ) )
ind: 284
( 10x * 2y )
ind: 285
( ( ( 10.0 - ( ( ( 8x - 78.0 ) - 65.0 ) + ( 3y + ( 79.0 - 6x ) ) ) ) * ( ( ( 5y + ( 10x * 91.0 ) ) - 2x ) + 33.0 ) ) + ( 8x * ( 5x + ( ( ( 50.0 * 10x ) * ( 27.0 - 11.0 ) ) * ( 8x + ( 4x + 10x ) ) ) ) ) )
ind: 286
( ( 5x - ( 65.0 + 3y ) ) * ( ( ( 3y + ( ( 8x + 8y ) * ( 97.0 * 9y ) ) ) + 79.0 ) * ( 7x + ( 7x + ( 5y * 93.0 ) ) ) ) )
ind: 287
( ( ( 2y + ( ( ( 58.0 - 10x ) + 12.0 ) + ( 4x * 7.0 ) ) ) + 2x ) + ( ( ( 70.0 + 48.0 ) - ( ( ( 1x * 1y ) + 10x ) * ( ( 2y - 3x ) - 21.0 ) ) ) - 10x ) )
ind: 288
( ( 4x * ( 51.0 + 3y ) ) * 6x )
ind: 289
( ( ( 37.0 - ( 3x * 17.0 ) ) + 10y ) * 16.0 )
ind: 290
( 56.0 + ( ( 10y - ( ( 43.0 * 93.0 ) - 8y ) ) + ( ( ( ( 17.0 - 91.0 ) * 68.0 ) - 3x ) - 1y ) ) )
ind: 291
( ( ( ( 1y + 51.0 ) * 61.0 ) * ( ( 52.0 * 3x ) * ( ( 8.0 * ( 30.0 * 28.0 ) ) + 5x ) ) ) + 76.0 )
ind: 292
( ( 2x * 5y ) * ( 6x + 78.0 ) )
ind: 293
( ( 50.0 * 1x ) * 4y )
ind: 294
( 3y * ( ( 18.0 - ( ( 99.0 * 6x ) - 4x ) ) * ( 14.0 - ( ( 56.0 * ( 3y + 2y ) ) * ( 8x * 19.0 ) ) ) ) )
ind: 295
( ( ( ( ( ( 6x - 55.0 ) * ( 19.0 + 39.0 ) ) + ( 59.0 + ( 8y * 6x ) ) ) - 5x ) + ( 100.0 + 3x ) ) + 91.0 )
ind: 296
( 54.0 * ( 3x * ( ( ( 25.0 + ( 13.0 + 4x ) ) * ( 97.0 - 62.0 ) ) + ( ( ( 5y * 1y ) + ( 70.0 - 2x ) ) - 5y ) ) ) )
ind: 297
( ( 7x + 13.0 ) * 6y )
ind: 298
( 56.0 - ( 2.0 * ( 6y + ( ( 85.0 + ( 9x * 4x ) ) * ( ( 2x - 78.0 ) + ( 2x + 10x ) ) ) ) ) )
ind: 299
( 1x * ( ( 8y + ( 1y * 9y ) ) + 22.0 ) )
ind: 300
( ( ( ( 36.0 - ( ( 15.0 + 4y ) - 91.0 ) ) - ( 88.0 * 4x ) ) * 62.0 ) + 77.0 )
ind: 301
( ( ( 1x + ( ( 85.0 - ( 5x - 87.0 ) ) + ( ( 24.0 - 96.0 ) + ( 2x * 21.0 ) ) ) ) + 3y ) - ( ( ( 4x + ( 38.0 - ( 78.0 * 10y ) ) ) + 39.0 ) * ( ( 7x - ( ( 90.0 - 16.0 ) - 3y ) ) - 93.0 ) ) )
ind: 302
( ( ( ( 3x + ( 8y + ( 96.0 - 10y ) ) ) * 2y ) - 4x ) - ( 5x * ( ( ( 9.0 + 79.0 ) + 10y ) + ( ( ( 1y * 34.0 ) * ( 10y + 64.0 ) ) * 23.0 ) ) ) )
ind: 303
( ( 10x - ( 5y + ( ( ( 41.0 * 4x ) * ( 40.0 - 8x ) ) + ( 4y * 8y ) ) ) ) - 5x )
ind: 304
( ( 35.0 * 4x ) * ( ( ( ( ( 6y + 9.0 ) + 1y ) * 8y ) - 7y ) - 32.0 ) )
ind: 305
( 34.0 - ( 7x - 5y ) )
ind: 306
( ( ( ( ( 10y - ( 75.0 * 10x ) ) + 87.0 ) - ( ( ( 5y + 4x ) - ( 73.0 + 6y ) ) - ( 81.0 - ( 4y + 73.0 ) ) ) ) - 41.0 ) + 3y )
ind: 307
( 56.0 + ( 16.0 - ( ( ( ( 10x - 1y ) * ( 1y * 2x ) ) + ( ( 10y + 91.0 ) + 1y ) ) * ( 69.0 + 4.0 ) ) ) )
ind: 308
( ( 53.0 + ( ( 2x + ( 10y - ( 6.0 + 59.0 ) ) ) * 100.0 ) ) + ( 64.0 * ( ( ( ( 74.0 + 1.0 ) + ( 5x + 2y ) ) + ( ( 39.0 * 7x ) * ( 83.0 + 47.0 ) ) ) * ( 63.0 + 3x ) ) ) )
ind: 309
( ( 2y - ( ( 6y - ( ( 9.0 + 31.0 ) + ( 42.0 - 4x ) ) ) + ( ( 6y * ( 62.0 * 21.0 ) ) - ( 1y - ( 3y * 26.0 ) ) ) ) ) + 5x )
ind: 310
( 6x * ( ( 3y + ( ( ( 91.0 * 85.0 ) + 1x ) - 91.0 ) ) + ( ( ( ( 66.0 - 23.0 ) - ( 6y - 76.0 ) ) + 55.0 ) * 7y ) ) )
ind: 311
( 63.0 * ( 19.0 * ( ( 34.0 + ( 9x + 10x ) ) - ( ( ( 6x - 10y ) - 90.0 ) + ( 2y - 61.0 ) ) ) ) )
ind: 312
( ( ( ( ( ( 2y * 3x ) - 12.0 ) + ( ( 46.0 * 9y ) * 1y ) ) * 9x ) * 88.0 ) - 10y )
ind: 313
( 5y * ( ( ( 6y * 57.0 ) * ( ( 4y + ( 21.0 + 1y ) ) + 10y ) ) * 4x ) )
ind: 314
( ( ( 3y + 5.0 ) - 55.0 ) + 9x )
ind: 315
( 93.0 + ( 1y - ( ( ( ( 9y + 5y ) + 29.0 ) + ( ( 5y - 5y ) * 7y ) ) - ( ( ( 47.0 - 7x ) + 9x ) - ( 5.0 * ( 28.0 + 6y ) ) ) ) ) )
ind: 316
( ( 5x * ( 95.0 * ( ( 4x * 6x ) - ( 33.0 - ( 2x - 4x ) ) ) ) ) + 10y )
ind: 317
( 3x * 6y )
ind: 318
( ( 7.0 - 1y ) + ( 8x + ( ( ( ( 5.0 * 4y ) + ( 6x + 2y ) ) - ( ( 12.0 * 79.0 ) * ( 9y + 28.0 ) ) ) * ( 4y - ( ( 22.0 * 57.0 ) * ( 5x * 4x ) ) ) ) ) )
ind: 319
( 53.0 * ( ( 1x + ( 8x + ( ( 6.0 * 10y ) * ( 8y - 3x ) ) ) ) - ( ( 18.0 * 4y ) + 3x ) ) )
ind: 320
( ( 3y - 9x ) + ( 6x * ( ( ( ( 8y - 83.0 ) - 11.0 ) + ( ( 96.0 - 9y ) + 18.0 ) ) * 9x ) ) )
ind: 321
( 59.0 * ( ( ( ( ( 3x * 18.0 ) + ( 100.0 * 3x ) ) * ( ( 7y * 10x ) - 2y ) ) - 56.0 ) + ( 57.0 * ( ( 10y + ( 9y * 2y ) ) - 10x ) ) ) )
ind: 322
( 5x - 5y )
ind: 323
( ( 2x - ( 3y * 6y ) ) - 42.0 )
ind: 324
( 10x + ( ( ( ( 1y - ( 7y + 13.0 ) ) - 7x ) + 87.0 ) * ( ( 1y + 1x ) + ( 1y + ( ( 6.0 + 16.0 ) - 1x ) ) ) ) )
ind: 325
( ( ( 5x + 9x ) - ( ( ( 5x * 100.0 ) - 1x ) * 6y ) ) + 5y )
ind: 326
( 6x * ( 100.0 + 1y ) )
ind: 327
( 1x - 5y )
ind: 328
( ( 76.0 * ( 10y - ( ( 2y - 9y ) * ( ( 2x - 2x ) * ( 5y * 78.0 ) ) ) ) ) * 47.0 )
ind: 329
( 67.0 + ( ( ( ( ( 9x + 4.0 ) + ( 3y - 2x ) ) - ( ( 3y + 60.0 ) + 6x ) ) * 21.0 ) + ( 6.0 - 6x ) ) )
ind: 330
( 7y + ( ( 7x * 9y ) - 92.0 ) )
ind: 331
( ( 2y + 70.0 ) * ( ( 9y * ( ( 5x * 35.0 ) * ( 9x - 4y ) ) ) - ( 7x * 96.0 ) ) )
ind: 332
( ( ( ( ( ( 23.0 - 55.0 ) + ( 9x - 61.0 ) ) + ( ( 47.0 - 77.0 ) - ( 9y * 4.0 ) ) ) * ( 8x + 71.0 ) ) * ( 6x + 89.0 ) ) + ( 15.0 * 1x ) )
ind: 333
( ( ( ( ( ( 4y * 1y ) + 4y ) + ( ( 3.0 * 84.0 ) * ( 47.0 + 64.0 ) ) ) + 3x ) + ( 31.0 + ( ( ( 46.0 + 29.0 ) + ( 7y + 4x ) ) * 10x ) ) ) + 70.0 )
ind: 334
( ( 26.0 * ( ( ( 69.0 - ( 3x * 43.0 ) ) - 13.0 ) * ( ( ( 86.0 + 6x ) + ( 54.0 - 1.0 ) ) + 2x ) ) ) + ( ( ( ( ( 10y + 9y ) - 20.0 ) + 8y ) * ( 1x - 5x ) ) + 9y ) )
ind: 335
( 7x + ( ( 22.0 * 75.0 ) + 10y ) )
ind: 336
( 66.0 + ( ( ( ( 5x + 7y ) * ( 7x * ( 44.0 * 4y ) ) ) - ( 3x * 4y ) ) - 10y ) )
ind: 337
( 99.0 + ( ( 87.0 - 67.0 ) * ( 10x * ( ( 2y * ( 79.0 + 2x ) ) + 2x ) ) ) )
ind: 338
( 9x - 3y )
ind: 339
( 4x * ( 9x * ( 7y - ( 7y - ( ( 44.0 + 65.0 ) - 4y ) ) ) ) )
ind: 340
( ( 40.0 * ( ( ( ( 8y + 17.0 ) + 54.0 ) - ( 95.0 * ( 55.0 * 86.0 ) ) ) + 5x ) ) - ( 20.0 - ( 1.0 * 8x ) ) )
ind: 341
( 10x - ( 2y - ( 4y * 100.0 ) ) )
ind: 342
( ( 82.0 - 7x ) + ( ( ( 15.0 - ( 8x - 1.0 ) ) * ( 5x - 36.0 ) ) - 4y ) )
ind: 343
( ( 10y * 32.0 ) * ( 61.0 + ( ( ( 90.0 - 9y ) + 2y ) + ( ( ( 8y + 57.0 ) - ( 48.0 - 6x ) ) + 4y ) ) ) )
ind: 344
( ( ( 100.0 + ( ( ( 2x - 5x ) * 4x ) + 76.0 ) ) + ( 5y * 39.0 ) ) * ( 81.0 - ( 59.0 - ( 46.0 - ( ( 9x * 4x ) - ( 1x * 55.0 ) ) ) ) ) )
ind: 345
( ( ( 10x - 9y ) * ( ( ( ( 2x + 45.0 ) + ( 36.0 - 5y ) ) - ( ( 9y + 5y ) * 29.0 ) ) - 35.0 ) ) * ( ( 5x - ( ( 64.0 - ( 82.0 * 58.0 ) ) - ( ( 4x - 8.0 ) - 4x ) ) ) * 8x ) )
ind: 346
( ( ( 86.0 * 9y ) - ( 9y * 39.0 ) ) - ( 12.0 + ( 4x * ( 57.0 * 15.0 ) ) ) )
ind: 347
( ( 53.0 * 9x ) - ( 57.0 - ( 3y + ( 12.0 + 45.0 ) ) ) )
ind: 348
( 34.0 - ( ( 4y * ( 2y * ( 10x - ( 76.0 + 10y ) ) ) ) * ( 5.0 + 63.0 ) ) )
ind: 349
( ( 5.0 * ( ( ( 8y - ( 29.0 - 6.0 ) ) * 5y ) * 56.0 ) ) + 1x )
ind: 350
( ( ( ( 5x - 7x ) * ( ( 5x + ( 65.0 * 26.0 ) ) - ( 74.0 * ( 19.0 * 18.0 ) ) ) ) - ( ( ( ( 5y * 5x ) - ( 86.0 - 9x ) ) * ( 7y - 32.0 ) ) - ( ( 18.0 + 2x ) - 69.0 ) ) ) * ( ( ( ( ( 3y + 45.0 ) + 46.0 ) * ( ( 6y * 6y ) - ( 7x + 7y ) ) ) + ( ( ( 9.0 - 45.0 ) + 12.0 ) + ( 5y - 9x ) ) ) - ( ( ( 87.0 - 9x ) - 4x ) * ( 3x * 4x ) ) ) )
ind: 351
( ( 7y + ( ( ( ( 5y * 94.0 ) + 47.0 ) + 87.0 ) - 2y ) ) * ( ( 10y * ( ( 9y + 30.0 ) - 9y ) ) * ( ( 65.0 * ( ( 5y + 16.0 ) + 4y ) ) + ( 38.0 + ( 8x - 4x ) ) ) ) )
ind: 352
( ( 3y + 2y ) * ( ( ( 5x * 9x ) + ( 83.0 - ( ( 4y * 80.0 ) - 4y ) ) ) + 13.0 ) )
ind: 353
( ( ( 10x + ( 4x + 43.0 ) ) + 8y ) + ( 6x - ( ( ( 30.0 * ( 8x - 66.0 ) ) + 8.0 ) * ( 2.0 + 71.0 ) ) ) )
ind: 354
( ( ( 51.0 * 52.0 ) - ( 7x - ( ( 59.0 - ( 96.0 - 9x ) ) * ( 7x * ( 4y - 4y ) ) ) ) ) * 6x )
ind: 355
( ( 1y * 6x ) + 2y )
ind: 356
( 7y - ( 4x + ( 4x * 2y ) ) )
ind: 357
( ( ( ( 7x - 2.0 ) - 10y ) - ( 25.0 + ( 2x - 50.0 ) ) ) - ( ( 3x - ( 10x * ( 41.0 + ( 9y - 8y ) ) ) ) - 5y ) )
ind: 358
( ( ( 80.0 * 1x ) + ( 6y - ( ( 99.0 + ( 6.0 - 3x ) ) + ( ( 1y - 20.0 ) * ( 86.0 - 9y ) ) ) ) ) - 3x )
ind: 359
( 32.0 * ( ( ( ( 6y - ( 15.0 * 18.0 ) ) + 8x ) * ( ( 1x + 2y ) + 43.0 ) ) - ( ( ( 4y + 29.0 ) * ( 48.0 * ( 3x * 75.0 ) ) ) + ( ( ( 1x + 9x ) - 80.0 ) + 6y ) ) ) )
ind: 360
( ( ( ( ( 14.0 * ( 7x - 38.0 ) ) + ( 63.0 * ( 8x - 2x ) ) ) - 3.0 ) * ( 13.0 + ( 1x + ( 8.0 * 32.0 ) ) ) ) + 3y )
ind: 361
( 80.0 + ( 9y + 2x ) )
ind: 362
( ( ( ( ( ( 81.0 + 3x ) * ( 80.0 * 83.0 ) ) + ( 32.0 + 13.0 ) ) * ( 100.0 * ( ( 40.0 * 68.0 ) * 57.0 ) ) ) - 99.0 ) - ( ( 26.0 - ( 4x - 1y ) ) - 3x ) )
ind: 363
( 9y - ( ( ( 16.0 + ( ( 8x + 10x ) + 1.0 ) ) - ( ( ( 87.0 - 7x ) + ( 9y - 6y ) ) * 3y ) ) - ( ( ( ( 6x + 6y ) - ( 35.0 - 8x ) ) * 78.0 ) * ( ( 73.0 + ( 4x * 10y ) ) * ( ( 2x + 9x ) * 46.0 ) ) ) ) )
ind: 364
( ( ( ( 59.0 * ( 71.0 + 2x ) ) - 9y ) * ( ( ( 67.0 + 4y ) - 6.0 ) - 44.0 ) ) + ( ( 5y - 4x ) - 43.0 ) )
ind: 365
( ( ( ( 3y + 5x ) - 7.0 ) - 6x ) * 27.0 )
ind: 366
( ( ( 5y * 6y ) - ( 2y * ( ( ( 5x - 5y ) * ( 14.0 + 41.0 ) ) - ( 28.0 - ( 9x - 9x ) ) ) ) ) + 5x )
ind: 367
( ( ( 23.0 + ( ( 7y * 32.0 ) * ( 3x - ( 6.0 - 76.0 ) ) ) ) * 4y ) + 25.0 )
ind: 368
( ( 6x - ( ( ( ( 10x * 4x ) + ( 62.0 - 63.0 ) ) + 9y ) + ( ( ( 10y + 57.0 ) + ( 74.0 * 47.0 ) ) + 2x ) ) ) - 6y )
ind: 369
( ( ( ( 1x + ( ( 6y - 3x ) * 83.0 ) ) * 8x ) * ( 44.0 * ( 74.0 - 7x ) ) ) * ( ( ( 88.0 - 8x ) + ( ( 49.0 + ( 10x * 72.0 ) ) + ( ( 6y * 6y ) * 73.0 ) ) ) - ( ( 100.0 + 20.0 ) + 99.0 ) ) )
ind: 370
( ( 1x - ( 3x * ( ( 68.0 - ( 1y * 23.0 ) ) - ( ( 6y - 88.0 ) * ( 88.0 + 3y ) ) ) ) ) * ( 24.0 - ( ( 31.0 + 26.0 ) * 9.0 ) ) )
ind: 371
( ( ( 82.0 * 90.0 ) - 9x ) * 9y )
ind: 372
( 97.0 + ( ( ( 9y + 3x ) + ( ( ( 8x + 66.0 ) - 5y ) - ( 41.0 * ( 9y * 7x ) ) ) ) * ( 8x * ( 77.0 * 8.0 ) ) ) )
ind: 373
( ( 10y - ( 7x - 37.0 ) ) - 3y )
ind: 374
( 62.0 - ( ( 9x - 10y ) * ( ( ( ( 50.0 - 80.0 ) - ( 2y * 8y ) ) - ( 6y * ( 6y * 1y ) ) ) - 77.0 ) ) )
ind: 375
( ( ( ( 8y + ( 12.0 * ( 8x * 3x ) ) ) - 1y ) * 8.0 ) + 7y )
ind: 376
( 6y + ( ( 1x * 7y ) + 3.0 ) )
ind: 377
( ( ( ( ( 5y * 85.0 ) - ( ( 4x - 26.0 ) + ( 60.0 + 12.0 ) ) ) - 39.0 ) - 8y ) - ( 30.0 + ( 9y + ( ( ( 7y - 14.0 ) * 4y ) + ( ( 39.0 + 31.0 ) * 84.0 ) ) ) ) )
ind: 378
( 6.0 * ( ( ( 7y * 1x ) + 25.0 ) + 5x ) )
ind: 379
( ( ( ( 10x * 39.0 ) + ( ( 6y - 35.0 ) * 8.0 ) ) - 10y ) * 13.0 )
ind: 380
( 4y - ( 7y * ( 5y * ( ( 70.0 - 7x ) * 21.0 ) ) ) )
ind: 381
( 7y * ( ( 8y + ( ( 8.0 + ( 42.0 * 7y ) ) - 12.0 ) ) - 3x ) )
ind: 382
( ( ( ( 9.0 + 47.0 ) * ( ( ( 1y + 1y ) + 7y ) - 64.0 ) ) - 62.0 ) + 6x )
ind: 383
( 24.0 - ( ( ( 12.0 - ( ( 4x + 3x ) - 1y ) ) * 2y ) * ( 10y * 8y ) ) )
ind: 384
( 6y + ( 3y + ( 51.0 + ( ( ( 10x + 7.0 ) * 90.0 ) + ( 38.0 * ( 10y + 10y ) ) ) ) ) )
ind: 385
( ( 39.0 + ( 64.0 + 3x ) ) + ( 6x - ( 6x + ( 100.0 - 9y ) ) ) )
ind: 386
( 8y + ( ( ( 5x * 67.0 ) - ( 3x * ( ( 31.0 + 10x ) + 10x ) ) ) * 4y ) )
ind: 387
( ( 97.0 * ( ( ( 3y * 5.0 ) - ( ( 100.0 - 34.0 ) + 84.0 ) ) * 10x ) ) - 3x )
ind: 388
( ( 10x * 8x ) - ( ( ( ( ( 18.0 + 28.0 ) * 60.0 ) - ( ( 8x + 7y ) + ( 10y + 44.0 ) ) ) * 11.0 ) + ( ( 3y * ( 9y + 1x ) ) + ( ( 46.0 - 70.0 ) + ( ( 49.0 * 3x ) - 5y ) ) ) ) )
ind: 389
( 4y + ( ( ( ( 75.0 - ( 2.0 - 82.0 ) ) * 4x ) * 70.0 ) * ( ( 87.0 - ( ( 50.0 - 3y ) * 79.0 ) ) + 80.0 ) ) )
ind: 390
( 3y - ( ( 7.0 - ( ( ( 2x - 3.0 ) - ( 4x * 8.0 ) ) * 7y ) ) * 8y ) )
ind: 391
( 93.0 - ( ( 21.0 + 2y ) * ( ( 24.0 + ( 70.0 - 4x ) ) * 8.0 ) ) )
ind: 392
( ( ( ( 39.0 * ( ( 7y - 8y ) + ( 48.0 + 9x ) ) ) * 66.0 ) - ( 9y - 5y ) ) + ( 4y + 7x ) )
ind: 393
( 6x + ( 1y * ( ( ( 1x * ( 77.0 * 87.0 ) ) + ( 7x - 1.0 ) ) * ( 4x + 3x ) ) ) )
ind: 394
( ( 7x * ( ( 62.0 - ( ( 80.0 + 21.0 ) - 33.0 ) ) + ( ( ( 2y + 40.0 ) + 7y ) * 78.0 ) ) ) * ( ( ( 10x + 8x ) * 1x ) + ( ( 5x - 3x ) * ( 96.0 - 72.0 ) ) ) )
ind: 395
( 56.0 * ( 10x + ( ( ( ( 7x * 54.0 ) - 91.0 ) + 82.0 ) - ( 42.0 + 3y ) ) ) )
ind: 396
( ( ( ( ( ( 10y * 30.0 ) + 35.0 ) * ( 6y - 79.0 ) ) + ( ( 62.0 * ( 4x + 7x ) ) * 4x ) ) + ( 6x * ( ( ( 94.0 * 59.0 ) - ( 78.0 + 55.0 ) ) + ( 7y * 79.0 ) ) ) ) * 26.0 )
ind: 397
( 52.0 + ( ( ( 2y - ( ( 25.0 - 69.0 ) * 61.0 ) ) + ( ( ( 48.0 * 7x ) + ( 5y * 5x ) ) + ( ( 24.0 + 26.0 ) * 31.0 ) ) ) + 6y ) )
ind: 398
( ( ( 34.0 * ( ( ( 78.0 + 1y ) + 17.0 ) - ( ( 8.0 * 75.0 ) * 1x ) ) ) + ( ( ( 64.0 + 5x ) + 82.0 ) * ( 3x + ( ( 96.0 + 8x ) + ( 33.0 - 10y ) ) ) ) ) * 90.0 )
ind: 399
( ( 1x * ( ( 7x * 7y ) + 34.0 ) ) - ( ( 6y - ( ( 75.0 * 82.0 ) + 1x ) ) - 67.0 ) )
ind: 400
( ( ( 59.0 - 1x ) + ( ( 81.0 - 2x ) + 68.0 ) ) - ( ( ( ( ( 97.0 * 3y ) + ( 17.0 + 4y ) ) + 6y ) + ( ( ( 9x - 3y ) + ( 1y + 5y ) ) - 4x ) ) + 2y ) )
ind: 401
( ( 21.0 - ( ( 1x + ( ( 16.0 + 4x ) + ( 10x - 5y ) ) ) * 1x ) ) + ( ( ( ( 26.0 + 3y ) * ( ( 2x * 2y ) + ( 4y - 3x ) ) ) + 1x ) * ( 1y + ( ( 23.0 * 2.0 ) * 43.0 ) ) ) )
ind: 402
( ( ( 96.0 * 8y ) - ( ( ( ( 83.0 * 7y ) - 4y ) + 7y ) - 7x ) ) - ( 69.0 * 20.0 ) )
ind: 403
( ( ( ( 1y + 10y ) * ( ( ( 82.0 - 10x ) * 7x ) * ( ( 78.0 - 4x ) - 87.0 ) ) ) * 5x ) * ( ( ( ( ( 44.0 + 71.0 ) - 7y ) * 9y ) * ( ( 85.0 * 14.0 ) + ( ( 3x * 33.0 ) * ( 1x * 18.0 ) ) ) ) - 3x ) )
ind: 404
( ( 78.0 - ( 1y * ( 4.0 * ( 6x * ( 99.0 * 5x ) ) ) ) ) - 93.0 )
ind: 405
( ( ( 3x - 92.0 ) * ( ( 8x + ( ( 4x - 3x ) - ( 8y * 76.0 ) ) ) + ( 55.0 * ( 9x * ( 8y - 8y ) ) ) ) ) * ( ( ( ( ( 31.0 + 10.0 ) + ( 3x - 2.0 ) ) + 2y ) + 64.0 ) * ( 5y * ( ( 80.0 + 9x ) + ( ( 2y * 29.0 ) + 70.0 ) ) ) ) )
ind: 406
( ( 77.0 - ( 10y * 93.0 ) ) - ( 7x + 17.0 ) )
ind: 407
( ( ( ( 8x - 9y ) - ( 73.0 + 5y ) ) * ( ( ( ( 13.0 + 18.0 ) * ( 8x - 6x ) ) * ( 30.0 * ( 3x - 56.0 ) ) ) + 18.0 ) ) - 4y )
ind: 408
( ( ( ( ( ( 69.0 + 82.0 ) * 6y ) + ( ( 8y * 3y ) + ( 63.0 * 10x ) ) ) + ( 44.0 + ( ( 86.0 * 7x ) + ( 12.0 + 4x ) ) ) ) * 3y ) + ( ( ( ( 1y * 15.0 ) * ( 67.0 * 9x ) ) - 4x ) * 6y ) )
ind: 409
( ( ( ( ( ( 10.0 * 7y ) + ( 100.0 + 30.0 ) ) * 48.0 ) * 9x ) - 96.0 ) - 8y )
ind: 410
( 10y * ( ( 61.0 + 5x ) - ( 2x * 36.0 ) ) )
ind: 411
( ( ( 9.0 * 1y ) + ( 77.0 * 97.0 ) ) - ( 31.0 + 4x ) )
ind: 412
( ( 17.0 + ( 52.0 - 2x ) ) + ( ( 85.0 * ( ( ( 10y + 92.0 ) * ( 45.0 * 5x ) ) * ( ( 12.0 + 2x ) - 6y ) ) ) + ( ( 7x - 5x ) - ( 8y - ( ( 54.0 - 4y ) + 98.0 ) ) ) ) )
ind: 413
( 20.0 - ( ( ( 9.0 - ( 7y - ( 16.0 * 1x ) ) ) * ( 31.0 + 4.0 ) ) + ( ( ( ( 5x - 100.0 ) - 9y ) + ( 5y - 20.0 ) ) - 70.0 ) ) )
ind: 414
( ( 56.0 - ( ( ( ( 3y * 97.0 ) - 2y ) + ( ( 91.0 - 1x ) - ( 35.0 * 16.0 ) ) ) + ( 1.0 * 10x ) ) ) - 5x )
ind: 415
( ( ( 31.0 * 4x ) - ( 10x + 8y ) ) - ( ( ( 29.0 * ( 68.0 * 47.0 ) ) + 4x ) + ( ( ( ( 6y + 8y ) * ( 13.0 + 80.0 ) ) * ( ( 65.0 + 7y ) + 69.0 ) ) - 65.0 ) ) )
ind: 416
( ( 14.0 - 5y ) + 10x )
ind: 417
( ( ( ( ( 7y * ( 9y * 3.0 ) ) * ( 3x * ( 24.0 + 21.0 ) ) ) + ( 4y - ( 26.0 + ( 9y + 9x ) ) ) ) + 5x ) - 10y )
ind: 418
( ( ( ( 10x - ( 9y + 66.0 ) ) * 10y ) - ( ( 81.0 + 9x ) + 10x ) ) - 55.0 )
ind: 419
( ( ( 8y + ( ( 5x - ( 7.0 - 2y ) ) - ( 36.0 * 76.0 ) ) ) + ( ( ( 5x * 1y ) + ( 1x + 1.0 ) ) + ( 5x * 4y ) ) ) - ( 7.0 - ( ( 49.0 + 35.0 ) + ( ( 35.0 + 24.0 ) * 2y ) ) ) )
ind: 420
( ( 4x * ( 96.0 - 15.0 ) ) + ( ( ( ( 7x + 2y ) - 13.0 ) * ( ( ( 9y - 3x ) + ( 76.0 - 22.0 ) ) * 41.0 ) ) * ( ( 4y - 4x ) + 7x ) ) )
ind: 421
( ( ( ( 2.0 * ( ( 4x + 89.0 ) + ( 13.0 * 9y ) ) ) - ( ( 7y + 7y ) + 76.0 ) ) - 4y ) * ( ( ( 35.0 * 5x ) - 12.0 ) - 55.0 ) )
ind: 422
( ( ( 1x - 93.0 ) * ( ( 83.0 * ( ( 17.0 - 4x ) - ( 10y * 87.0 ) ) ) - ( ( 7x * 75.0 ) + ( ( 66.0 + 78.0 ) * 9y ) ) ) ) + 23.0 )
ind: 423
( ( ( ( ( ( 4y * 4y ) + 6x ) - ( 27.0 - 3y ) ) - 9.0 ) + 9x ) + ( 17.0 * ( ( 46.0 + 8x ) * ( 8x * 5y ) ) ) )
ind: 424
( 5x - ( ( ( 41.0 + ( 3y - ( 43.0 + 80.0 ) ) ) - 6.0 ) * ( ( 3y * ( ( 8x + 46.0 ) + ( 63.0 * 4.0 ) ) ) - ( 2x + 2.0 ) ) ) )
ind: 425
( ( ( ( 50.0 * 31.0 ) * 82.0 ) + 28.0 ) - ( 3x * 8y ) )
ind: 426
( ( 23.0 * ( ( ( ( 1x + 14.0 ) + 57.0 ) - 2y ) - 6y ) ) - 8y )
ind: 427
( ( ( ( ( ( 3y * 32.0 ) * 71.0 ) + 7y ) * ( ( ( 6y - 65.0 ) - 82.0 ) * ( 20.0 + 4x ) ) ) * ( ( ( ( 3y - 2y ) - ( 9x + 62.0 ) ) * 45.0 ) + ( ( ( 53.0 - 6x ) + 9x ) * ( 3x - ( 15.0 * 4x ) ) ) ) ) * ( 97.0 * 1x ) )
ind: 428
( 41.0 - ( ( 9y + ( ( ( 14.0 - 54.0 ) * ( 9x + 2y ) ) + 5y ) ) + 4y ) )
ind: 429
( ( 10y - ( 67.0 + 2x ) ) * ( ( ( 40.0 - 10y ) + 82.0 ) * ( 4x * ( 57.0 + ( 43.0 - ( 1x - 88.0 ) ) ) ) ) )
ind: 430
( ( ( ( ( 78.0 + 98.0 ) - 93.0 ) * 83.0 ) + 90.0 ) + ( ( ( ( ( 9y - 9x ) - ( 81.0 + 7x ) ) + 7x ) * ( 9y + ( 9y + ( 2x * 3x ) ) ) ) * 9x ) )
ind: 431
( ( 68.0 + ( 6x * ( ( ( 1y - 29.0 ) * 8y ) * ( 5.0 - ( 7x + 9x ) ) ) ) ) - ( 45.0 - ( ( ( 6x * ( 98.0 + 24.0 ) ) * ( ( 10x * 9x ) - ( 10y - 9y ) ) ) - 9y ) ) )
ind: 432
( ( ( 7x * 3y ) * ( ( ( ( 2x * 17.0 ) + ( 47.0 - 92.0 ) ) + 6y ) * 87.0 ) ) * 1x )
ind: 433
( ( ( 24.0 * 12.0 ) + 75.0 ) + ( ( ( ( 7y + ( 3y + 6y ) ) * 8x ) + ( 7y * ( ( 34.0 + 92.0 ) * 13.0 ) ) ) - ( ( 81.0 * 90.0 ) - ( 9x + ( 91.0 - ( 92.0 + 50.0 ) ) ) ) ) )
ind: 434
( ( 10y * ( ( ( 1x + ( 9.0 + 6y ) ) - 83.0 ) * ( 78.0 - 7y ) ) ) + ( ( ( 59.0 - ( ( 36.0 * 20.0 ) * ( 72.0 - 1y ) ) ) + ( ( ( 27.0 + 3x ) + 94.0 ) + 15.0 ) ) * 5y ) )
ind: 435
( 1y - ( ( ( 96.0 * 74.0 ) + 4y ) - ( 26.0 - ( ( ( 64.0 * 32.0 ) * 7y ) + ( ( 7.0 - 6x ) * 23.0 ) ) ) ) )
ind: 436
( ( ( ( ( ( 97.0 + 68.0 ) * 2x ) * 80.0 ) - ( 1.0 + 74.0 ) ) - 5x ) + ( 10y - 2x ) )
ind: 437
( ( 6x * ( ( ( 1x - 3y ) + ( 2y * ( 8.0 + 7y ) ) ) * ( 8y + ( ( 20.0 + 8y ) + ( 79.0 + 17.0 ) ) ) ) ) + 1x )
ind: 438
( ( ( 4x * 8x ) + ( ( ( ( 1.0 * 68.0 ) * ( 46.0 - 31.0 ) ) * ( 7y - ( 98.0 * 9.0 ) ) ) * ( ( 77.0 + ( 10y * 7y ) ) * 65.0 ) ) ) * ( ( 5x - ( 7x * 24.0 ) ) + ( 8x + 5y ) ) )
ind: 439
( ( ( ( ( 3x + 5y ) - ( 55.0 - 94.0 ) ) + 7y ) - ( 7x + ( ( 73.0 * 9x ) + 6y ) ) ) + ( ( ( ( 7y * 6x ) * ( ( 9y * 39.0 ) * 80.0 ) ) - ( 3.0 + ( ( 65.0 + 6x ) + 1x ) ) ) * ( 21.0 - 2x ) ) )
ind: 440
( 3y + 4x )
ind: 441
( ( 6y * ( 8x + ( 17.0 * 5x ) ) ) + ( 7x + ( ( 3x * ( 8y + 49.0 ) ) + 76.0 ) ) )
ind: 442
( ( 8x + ( ( 36.0 * 7y ) * 6y ) ) * 6y )
ind: 443
( ( 10x - ( 10x - ( 49.0 - 8y ) ) ) - 9y )
ind: 444
( ( 7x * 4y ) + ( ( 34.0 + 10x ) - 12.0 ) )
ind: 445
( 10x + 5y )
ind: 446
( 5y - ( 48.0 + 7x ) )
ind: 447
( 48.0 + ( ( ( 5x - ( 71.0 + ( 77.0 * 4y ) ) ) + ( ( 1y - ( 52.0 * 2y ) ) * 9x ) ) * ( 15.0 - 9x ) ) )
ind: 448
( ( 87.0 * ( ( ( ( 3x + 9x ) + ( 14.0 + 63.0 ) ) * ( 33.0 - ( 24.0 * 8y ) ) ) * ( ( 19.0 + ( 7y - 2y ) ) + 59.0 ) ) ) - 75.0 )
ind: 449
( 96.0 - ( ( ( 63.0 + ( ( 3y * 87.0 ) - ( 80.0 * 7y ) ) ) * ( ( 46.0 + ( 31.0 * 56.0 ) ) * 9x ) ) * 2x ) )
ind: 450
( ( 7y + 97.0 ) + ( 71.0 + 8x ) )
ind: 451
( ( 8x - ( ( 5.0 + 4x ) - 7y ) ) * ( 94.0 - 7x ) )
ind: 452
( ( ( ( 10x + 1y ) * ( 26.0 - 5y ) ) + ( ( ( 2y - ( 45.0 - 7x ) ) * ( ( 79.0 - 7y ) + 3x ) ) * ( 1y * 10x ) ) ) * ( ( 1x * ( 9y + 6x ) ) - ( ( ( 78.0 * ( 24.0 * 15.0 ) ) * 63.0 ) * 7y ) ) )
ind: 453
( ( ( ( ( ( 60.0 + 26.0 ) + 6y ) + 8y ) + 4x ) - ( 9y + ( 91.0 + 8x ) ) ) + ( 71.0 * ( ( 72.0 * 89.0 ) - 35.0 ) ) )
ind: 454
( 9x + ( ( 7y + ( ( ( 20.0 + 1x ) * 10y ) + 6y ) ) * ( 14.0 + 10y ) ) )
ind: 455
( ( ( ( ( 13.0 - 71.0 ) * ( 88.0 + 30.0 ) ) + 100.0 ) * 1x ) - ( 6y - 78.0 ) )
ind: 456
( 1x * 6y )
ind: 457
( ( ( 5y * 3y ) * ( 43.0 + ( ( 25.0 - ( 10x * 10x ) ) * 6y ) ) ) - ( ( ( ( 40.0 * 1x ) + 6x ) * 2y ) * 8y ) )
ind: 458
( ( ( ( 82.0 - ( ( 84.0 * 4x ) - 6y ) ) + 72.0 ) * 18.0 ) - 44.0 )
ind: 459
( ( 8y * ( ( 1x - 70.0 ) * ( 7x - ( ( 41.0 - 1x ) - ( 6x + 77.0 ) ) ) ) ) + ( 4x - 2y ) )
ind: 460
( 53.0 + ( ( 86.0 + ( ( ( 8x - 2x ) + 21.0 ) + ( 2x * 12.0 ) ) ) * ( ( 8y - ( ( 77.0 - 27.0 ) * ( 9x * 23.0 ) ) ) * 46.0 ) ) )
ind: 461
( 9x + 1y )
ind: 462
( ( ( 98.0 - 4y ) - ( ( 1y * 23.0 ) + 10y ) ) - ( ( ( ( 63.0 - 58.0 ) + ( ( 3x * 3y ) - 7.0 ) ) - ( ( 22.0 + ( 9y - 91.0 ) ) - ( 8y - 5x ) ) ) * 89.0 ) )
ind: 463
( ( 1y - ( ( 10.0 + ( ( 2y + 72.0 ) - 3y ) ) * ( 10x * ( 3x * ( 84.0 - 10y ) ) ) ) ) - ( ( ( ( ( 1y + 52.0 ) + ( 44.0 * 70.0 ) ) + ( ( 6y * 7.0 ) - 1.0 ) ) + 2x ) * ( ( ( 3x * ( 94.0 + 79.0 ) ) + 4y ) + ( 5x * ( ( 66.0 - 2y ) - ( 45.0 - 1x ) ) ) ) ) )
ind: 464
( ( ( ( ( ( 1x * 22.0 ) * ( 6y * 5y ) ) - 88.0 ) - ( 58.0 * ( ( 73.0 - 10y ) - 6x ) ) ) * 1y ) + ( 1y * 1y ) )
ind: 465
( ( ( ( ( ( 14.0 + 49.0 ) * 7y ) + 5x ) - ( ( 73.0 - 2x ) * ( 82.0 * ( 1y - 1y ) ) ) ) - ( ( 6y - ( 18.0 * ( 73.0 * 8.0 ) ) ) - ( 5y + ( 1y + ( 95.0 + 7x ) ) ) ) ) * 94.0 )
ind: 466
( ( ( 5y * ( 91.0 * ( ( 73.0 - 4x ) + 6y ) ) ) + 1x ) * ( ( 7x * ( 1x + 90.0 ) ) * ( 42.0 + ( 8y - ( 81.0 + ( 10x + 69.0 ) ) ) ) ) )
ind: 467
( ( 7x * ( ( ( 41.0 + ( 53.0 + 10y ) ) * ( 13.0 * 14.0 ) ) + 7x ) ) - 5y )
ind: 468
( 5y + ( ( ( ( 9x - 22.0 ) + 1y ) - 84.0 ) - 8y ) )
ind: 469
( 8y * 1x )
ind: 470
( ( ( 6y * ( 56.0 * 7x ) ) * 34.0 ) * 67.0 )
ind: 471
( 8x * ( ( ( 27.0 * ( 94.0 - 30.0 ) ) * 61.0 ) + 4y ) )
ind: 472
( 10x * ( 5y * 91.0 ) )
ind: 473
( ( 4x - ( 78.0 * ( ( 67.0 + ( 2y - 75.0 ) ) * 46.0 ) ) ) - 9x )
ind: 474
( 92.0 * ( ( 9y + 4x ) - 7y ) )
ind: 475
( ( ( 36.0 - ( 100.0 * ( 4y - ( 3y * 6y ) ) ) ) * ( ( 4y - ( 10.0 * 6.0 ) ) * ( 8x * 20.0 ) ) ) + 1x )
ind: 476
( ( ( ( 10x - 25.0 ) - ( 5x - 40.0 ) ) - ( ( ( ( 9y + 19.0 ) + 22.0 ) * 7y ) + ( ( ( 3y - 4y ) - 84.0 ) * 3x ) ) ) + ( 63.0 - 10x ) )
ind: 477
( 10y - ( 8y * ( ( ( 7x * ( 7y * 3y ) ) - ( ( 99.0 - 3y ) - 1.0 ) ) + 7x ) ) )
ind: 478
( ( ( 96.0 + ( ( 1y * 8x ) + ( 53.0 + 7x ) ) ) + 7y ) * ( ( 96.0 * ( ( 98.0 - ( 23.0 + 5x ) ) - 8.0 ) ) * ( 23.0 * 2x ) ) )
ind: 479
( ( 2y * ( 5x + 2x ) ) * 5x )
ind: 480
( ( 6x - ( ( 8y - ( ( 82.0 + 10y ) + ( 2y * 39.0 ) ) ) + ( ( 8x - 3x ) + ( 87.0 + ( 82.0 * 85.0 ) ) ) ) ) - 92.0 )
ind: 481
( 5x - 7y )
ind: 482
( ( ( 48.0 - 10y ) + 6y ) * ( 3y - ( ( 3x * ( 7x - 8x ) ) * 22.0 ) ) )
ind: 483
( 5y + ( ( ( ( ( 6x * 9y ) + ( 9x - 57.0 ) ) * 44.0 ) - ( ( 4y - 8y ) - 100.0 ) ) - 4y ) )
ind: 484
( ( 60.0 + ( ( 34.0 + ( ( 1y * 6y ) - ( 4y + 3x ) ) ) + 78.0 ) ) * ( ( ( ( ( 94.0 * 2y ) - 2x ) * 51.0 ) * ( ( 51.0 - 28.0 ) + ( ( 1x + 9y ) - 41.0 ) ) ) - 10x ) )
ind: 485
( ( 6.0 + ( 30.0 + 33.0 ) ) - ( ( 44.0 + 1x ) * ( ( 31.0 - 1y ) + 61.0 ) ) )
ind: 486
( ( ( ( ( ( 84.0 * 24.0 ) + 16.0 ) + 9.0 ) - 7y ) * ( ( 7x * 16.0 ) - 16.0 ) ) * ( 43.0 - ( ( 56.0 + ( 7x * ( 71.0 * 26.0 ) ) ) - ( ( 8y + ( 27.0 - 84.0 ) ) * 10y ) ) ) )
ind: 487
( ( ( ( ( 72.0 + 4x ) + ( 66.0 - 9y ) ) - 6x ) * ( ( ( 3y * 80.0 ) + ( ( 8y + 8y ) + ( 6.0 + 55.0 ) ) ) - 10y ) ) - ( ( 8x * 15.0 ) + 62.0 ) )
ind: 488
( ( 10y * ( ( 4x * ( ( 1y * 94.0 ) * ( 70.0 + 36.0 ) ) ) + 9x ) ) * ( ( ( ( ( 3x - 6y ) + ( 30.0 * 82.0 ) ) + ( 38.0 * ( 6y * 7x ) ) ) * 2y ) + ( 9x * 8y ) ) )
ind: 489
( ( ( ( ( 32.0 * ( 10x + 10y ) ) * 68.0 ) + ( ( ( 61.0 + 8y ) - 39.0 ) + 2x ) ) * 4.0 ) - 65.0 )
ind: 490
( ( ( 35.0 * 3.0 ) - ( 41.0 * ( ( ( 15.0 + 6x ) * 7x ) + 7y ) ) ) + 1.0 )
ind: 491
( ( 1x + ( 10y - ( ( ( 75.0 * 18.0 ) * ( 65.0 - 2x ) ) + ( 10y + ( 9x * 2x ) ) ) ) ) - ( 74.0 - 6x ) )
ind: 492
( ( ( ( ( ( 9x * 87.0 ) * ( 10y + 8.0 ) ) - 2x ) - ( 32.0 - ( 4y * 2.0 ) ) ) * 82.0 ) * 66.0 )
ind: 493
( 1x - ( ( ( ( 65.0 * ( 59.0 * 70.0 ) ) - ( 8x * ( 30.0 * 51.0 ) ) ) * ( 80.0 + ( ( 14.0 - 6x ) * 6y ) ) ) * ( ( ( ( 32.0 * 71.0 ) - 3x ) + ( ( 8x + 91.0 ) + ( 17.0 - 40.0 ) ) ) * 41.0 ) ) )
ind: 494
( ( ( ( 3x + 10x ) * ( 2x - ( ( 4x * 8y ) + ( 4y + 24.0 ) ) ) ) - 5.0 ) + 11.0 )
ind: 495
( 97.0 * ( ( 10x * ( ( 7y - 1x ) + ( 4x * 8x ) ) ) - 8y ) )
ind: 496
( ( 3x * 4y ) - 4y )
ind: 497
( ( ( ( 8x * ( ( 2y * 16.0 ) - 1y ) ) * 21.0 ) * ( 6y * 9x ) ) + ( 28.0 * ( 9x + 10y ) ) )
ind: 498
( ( 95.0 + ( ( 1y * 65.0 ) - 3.0 ) ) * 9x )
ind: 499
( ( ( 7y * 71.0 ) * ( 5y * 9x ) ) + ( 9y + 9x ) )
ind: 500
( ( 5x + 35.0 ) - 1y )
Best Ind: ( ( ( 44.0 * 10.0 ) - 2x ) - 1y )
Fitness = 31.7890896877
Worst Ind: ( ( ( 4x * 8x ) + ( ( ( ( 1.0 * 68.0 ) * ( 46.0 - 31.0 ) ) * ( 7y - ( 98.0 * 9.0 ) ) ) * ( ( 77.0 + ( 10y * 7y ) ) * 65.0 ) ) ) * ( ( 5x - ( 7x * 24.0 ) ) + ( 8x + 5y ) ) )
Fitness = 6.79954405764e+13
Avg Fitness = 2.60724561768e+11
Duplicated = 1
============================================================================
Evaluate Gen  1
New Population 690
Better than Dads 55
Best Ind: ( ( ( 44.0 * 10.0 ) - 2x ) - 1y )
Fitness = 31.7890896877
Worst Ind: ( ( 8.0 + ( 6x * 10y ) ) + ( ( 5x - 20.0 ) - ( ( ( ( 7y + 96.0 ) - ( 51.0 - 91.0 ) ) + 6y ) + ( ( ( 73.0 - 9x ) - ( 70.0 * 31.0 ) ) * ( 7x - 10y ) ) ) ) )
Fitness = 690211.980762
Avg Fitness = 73234.6953929
Duplicated = 4
============================================================================
Evaluate Gen  2
New Population 695
Better than Dads 55
Best Ind: ( ( ( 44.0 * 10.0 ) - 2x ) - 1y )
Fitness = 31.7890896877
Worst Ind: ( ( ( ( ( 82.0 + 58.0 ) + ( 14.0 + 1y ) ) + ( 10x + 78.0 ) ) + 7y ) * ( 4y - 7y ) )
Fitness = 51625.4816529
Avg Fitness = 8405.68988949
Duplicated = 8
============================================================================
Evaluate Gen  3
New Population 699
Better than Dads 64
Best Ind: ( ( ( 44.0 * 10.0 ) - 2x ) - 1y )
Fitness = 31.7890896877
Worst Ind: ( ( ( 59.0 - 1x ) + 54.0 ) - ( ( ( ( ( 97.0 * 3y ) + ( 2x * 20.0 ) ) + 6y ) + ( ( ( 9x - 3y ) + ( 1y + 5y ) ) - 4x ) ) + 2y ) )
Fitness = 9617.65145672
Avg Fitness = 3183.15831474
Duplicated = 14
============================================================================
Evaluate Gen  4
New Population 691
Better than Dads 59
Best Ind: ( ( ( 44.0 * 10.0 ) - 2x ) - 1y )
Fitness = 31.7890896877
Worst Ind: ( 7y * ( ( 92.0 * ( ( ( 7y * 34.0 ) * 11.0 ) + ( ( 10y + 3x ) * 7x ) ) ) - 22.0 ) )
Fitness = 4895.51981191
Avg Fitness = 2079.31554406
Duplicated = 25
============================================================================
Evaluate Gen  5
New Population 688
Better than Dads 47
Best Ind: ( ( ( 44.0 * 10.0 ) - 2x ) - 1y )
Fitness = 31.7890896877
Worst Ind: ( ( 6y * 5x ) - 67.0 )
Fitness = 3350.0
Avg Fitness = 1466.98259331
Duplicated = 25
============================================================================
Evaluate Gen  6
New Population 694
Better than Dads 63
Best Ind: ( ( ( 44.0 * 10.0 ) - 2x ) - 1y )
Fitness = 31.7890896877
Worst Ind: ( ( ( 10y * 8y ) * 1x ) * 4y )
Fitness = 2553.23352529
Avg Fitness = 1014.13197521
Duplicated = 28
============================================================================
Evaluate Gen  7
New Population 724
Better than Dads 72
Best Ind: ( ( 4y - 1x ) * 1x )
Fitness = 25.0
Worst Ind: ( ( ( ( ( 42.0 - 92.0 ) + 81.0 ) - ( ( 9x + 38.0 ) - 2y ) ) - ( ( 67.0 - 6y ) * 4x ) ) - ( ( 6y + 10x ) * 8y ) )
Fitness = 1682.64247095
Avg Fitness = 652.060392645
Duplicated = 38
============================================================================
Evaluate Gen  8
New Population 716
Better than Dads 72
Best Ind: ( ( 4y - 1x ) * 1x )
Fitness = 25.0
Worst Ind: ( ( 32.0 + 5x ) - ( 8y * ( ( ( 7x * ( 7y * 3y ) ) - ( ( 4.0 - 3y ) - 1.0 ) ) + 7x ) ) )
Fitness = 907.994044407
Avg Fitness = 430.946251323
Duplicated = 51
============================================================================
Evaluate Gen  9
New Population 712
Better than Dads 67
Best Ind: ( 1x * 1y )
Fitness = 15.8945448439
Worst Ind: ( ( 7x * 4y ) + ( ( 34.0 + 10x ) - 12.0 ) )
Fitness = 622.827062683
Avg Fitness = 332.347221562
Duplicated = 57
============================================================================
Evaluate Gen  10
New Population 707
Better than Dads 65
Best Ind: ( 1x * 1y )
Fitness = 15.8945448439
Worst Ind: ( ( ( 21.0 * 10y ) - 10y ) + 10x )
Fitness = 450.232214655
Avg Fitness = 276.340249447
Duplicated = 57
============================================================================
Evaluate Gen  11
New Population 712
Better than Dads 67
Best Ind: ( 1x * 1y )
Fitness = 15.8945448439
Worst Ind: ( ( ( ( 4y - 10y ) + ( ( 7.0 * 1y ) + ( 1y + 4y ) ) ) - 10x ) + 1x )
Fitness = 350.371364418
Avg Fitness = 246.429650002
Duplicated = 55
============================================================================
Evaluate Gen  12
New Population 707
Better than Dads 59
Best Ind: ( 1x * 1y )
Fitness = 15.8945448439
Worst Ind: ( ( ( 5y + 10x ) + ( 3x + ( 8y + ( 96.0 - 10y ) ) ) ) - 10x )
Fitness = 318.519422198
Avg Fitness = 226.482557944
Duplicated = 63
============================================================================
Evaluate Gen  13
New Population 692
Better than Dads 60
Best Ind: ( 1x * 1y )
Fitness = 15.8945448439
Worst Ind: ( ( 8x + 6y ) - 9x )
Fitness = 286.667479978
Avg Fitness = 207.527618233
Duplicated = 60
============================================================================
Evaluate Gen  14
New Population 715
Better than Dads 70
Best Ind: ( 1x * 1y )
Fitness = 15.8945448439
Worst Ind: ( ( 2y - 7x ) + ( 1x - 5y ) )
Fitness = 273.991847386
Avg Fitness = 188.981954539
Duplicated = 74
============================================================================
Evaluate Gen  15
New Population 704
Better than Dads 51
Best Ind: ( 1x * 1y )
Fitness = 15.8945448439
Worst Ind: ( ( ( ( 8y + ( ( 6y - 35.0 ) * 8.0 ) ) - 1x ) * 13.0 ) - ( ( ( 7x * 9y ) - 4y ) * ( ( ( 7x + 10y ) * ( ( 8x + 46.0 ) + ( 63.0 * 4.0 ) ) ) - ( 2x + 2.0 ) ) ) )
Fitness = 254.312717502
Avg Fitness = 174.123384249
Duplicated = 60
============================================================================
Evaluate Gen  16
New Population 707
Better than Dads 58
Best Ind: ( 1x * 1y )
Fitness = 15.8945448439
Worst Ind: ( ( 8y + ( 8x + 4y ) ) - 7x )
Fitness = 222.963595539
Avg Fitness = 156.299842122
Duplicated = 60
============================================================================
Evaluate Gen  17
New Population 713
Better than Dads 62
Best Ind: ( 1x * 1y )
Fitness = 15.8945448439
Worst Ind: ( ( ( 66.0 * ( ( 2y * 5x ) * ( 5y * ( 1x + 82.0 ) ) ) ) * 84.0 ) - 6x )
Fitness = 191.111653319
Avg Fitness = 144.069301241
Duplicated = 62
============================================================================
Evaluate Gen  18
New Population 720
Better than Dads 59
Best Ind: ( 1x * 1y )
Fitness = 15.8945448439
Worst Ind: ( 6x * ( ( 76.0 * ( 1x - 59.0 ) ) - 2y ) )
Fitness = 190.734538126
Avg Fitness = 134.252446729
Duplicated = 71
============================================================================
Evaluate Gen  19
New Population 711
Better than Dads 57
Best Ind: ( 1x * 1y )
Fitness = 15.8945448439
Worst Ind: ( ( 1y * ( 7y + 3x ) ) - 5x )
Fitness = 159.259711099
Avg Fitness = 126.423789777
Duplicated = 69
============================================================================
Evaluate Gen  20
New Population 714
Better than Dads 51
Best Ind: ( 1x * 1y )
Fitness = 15.8945448439
Worst Ind: ( ( 3x - 72.0 ) - 5y )
Fitness = 158.945448439
Avg Fitness = 122.075952126
Duplicated = 63
============================================================================
Evaluate Gen  21
New Population 708
Better than Dads 56
Best Ind: ( 1x * 1y )
Fitness = 15.8945448439
Worst Ind: ( ( ( ( 10x - ( 8x + 66.0 ) ) * 10y ) - 7y ) - ( ( 46.0 - ( ( 82.0 * 6y ) - ( 6y + ( 39.0 + 1x ) ) ) ) - 5y ) )
Fitness = 158.945448439
Avg Fitness = 116.072708038
Duplicated = 66
============================================================================
Evaluate Gen  22
New Population 717
Better than Dads 61
Best Ind: ( 1x * 1y )
Fitness = 15.8945448439
Worst Ind: ( ( ( 72.0 - 1y ) * 7x ) + ( 7x - 4x ) )
Fitness = 147.899850063
Avg Fitness = 107.260047117
Duplicated = 91
============================================================================
Evaluate Gen  23
New Population 722
Better than Dads 70
Best Ind: ( 1x * 1y )
Fitness = 15.8945448439
Worst Ind: ( ( 3x + ( ( ( 7.0 + 9x ) + ( 1x * 6y ) ) - ( ( 95.0 - 88.0 ) * 6x ) ) ) - ( ( ( 3x + ( 8y + ( 96.0 - 10y ) ) ) * 2y ) - 4x ) )
Fitness = 127.407768879
Avg Fitness = 99.9311186708
Duplicated = 75
============================================================================
Evaluate Gen  24
New Population 729
Better than Dads 66
Best Ind: ( 1x * 1y )
Fitness = 15.8945448439
Worst Ind: ( ( ( ( 1x - 9y ) - ( 68.0 - ( 10x - 6y ) ) ) * ( 8x - 5y ) ) - 4y )
Fitness = 127.156358751
Avg Fitness = 95.3137916948
Duplicated = 80
============================================================================
Evaluate Gen  25
New Population 725
Better than Dads 70
Best Ind: ( 1x * 1y )
Fitness = 15.8945448439
Worst Ind: ( 4x * 2y )
Fitness = 127.156358751
Avg Fitness = 88.3802367688
Duplicated = 85
============================================================================
Evaluate Gen  26
New Population 712
Better than Dads 69
Best Ind: ( 1x * 1y )
Fitness = 15.8945448439
Worst Ind: ( 10y - ( ( 72.0 - 1y ) * 7x ) )
Fitness = 111.261813907
Avg Fitness = 80.3649649659
Duplicated = 93
============================================================================
Evaluate Gen  27
New Population 715
Better than Dads 63
Best Ind: ( 1x * 1y )
Fitness = 15.8945448439
Worst Ind: ( ( ( 34.0 - ( 1x - 5y ) ) * ( 6y * 1y ) ) - ( 10x - ( ( 4y + 2x ) - 3x ) ) )
Fitness = 95.5558266595
Avg Fitness = 76.7437966065
Duplicated = 90
============================================================================
Evaluate Gen  28
New Population 704
Better than Dads 49
Best Ind: ( 1x * 1y )
Fitness = 15.8945448439
Worst Ind: ( ( ( ( 2y - 3x ) + 1y ) * 8.0 ) - ( 10x - ( 10x - ( ( 1x * 10y ) - 3x ) ) ) )
Fitness = 95.5558266595
Avg Fitness = 73.7073962862
Duplicated = 86
============================================================================
Evaluate Gen  29
New Population 724
Better than Dads 62
Best Ind: ( 1x * 1y )
Fitness = 15.8945448439
Worst Ind: ( ( ( ( 99.0 + 87.0 ) + ( 27.0 + 3y ) ) - ( ( 7y * ( ( 8y - 6y ) - 8y ) ) - ( ( 1x * 2y ) * 5x ) ) ) - ( 9x - 3y ) )
Fitness = 95.3672690632
Avg Fitness = 69.2645352131
Duplicated = 83
============================================================================
Evaluate Gen  30
New Population 717
Better than Dads 71
Best Ind: ( 1x * 1y )
Fitness = 15.8945448439
Worst Ind: ( ( ( 5x * 100.0 ) - 1x ) * 6y )
Fitness = 95.3672690632
Avg Fitness = 62.5293134921
Duplicated = 66
============================================================================
Evaluate Gen  31
New Population 721
Better than Dads 55
Best Ind: ( 1x * 1y )
Fitness = 15.8945448439
Worst Ind: ( 2y - ( 10y - ( 1x * 3x ) ) )
Fitness = 75.0
Avg Fitness = 56.2233169232
Duplicated = 67
============================================================================
Evaluate Gen  32
New Population 710
Better than Dads 58
Best Ind: ( 1x * 1y )
Fitness = 15.8945448439
Worst Ind: ( ( ( 7.0 + 9x ) + ( 5y * 3y ) ) - 2x )
Fitness = 63.7038844396
Avg Fitness = 53.2237928413
Duplicated = 73
============================================================================
Evaluate Gen  33
New Population 715
Better than Dads 47
Best Ind: ( 1x * 1y )
Fitness = 15.8945448439
Worst Ind: ( ( 3x + ( ( ( 7.0 + 9x ) + ( ( 4y + 7x ) * 3y ) ) - ( 6x * ( 32.0 - 4x ) ) ) ) - ( ( 20.0 - 1.0 ) - 2y ) )
Fitness = 63.5781793755
Avg Fitness = 51.7299024884
Duplicated = 75
============================================================================
Evaluate Gen  34
New Population 712
Better than Dads 59
Best Ind: ( 1x * 1y )
Fitness = 15.8945448439
Worst Ind: ( ( ( ( 1y * 6x ) * ( ( 8x + 46.0 ) + 97.0 ) ) - ( 2x + 2.0 ) ) * 1y )
Fitness = 63.5781793755
Avg Fitness = 49.4002655621
Duplicated = 75
============================================================================
Evaluate Gen  35
New Population 721
Better than Dads 65
Best Ind: ( 1x * 1y )
Fitness = 15.8945448439
Worst Ind: ( ( ( ( 4y * ( ( 4y + 7x ) + ( 63.0 * 4.0 ) ) ) - ( 2x + 2.0 ) ) * 1x ) - ( 2x - 2y ) )
Fitness = 63.5781793755
Avg Fitness = 46.4409813141
Duplicated = 83
============================================================================
Evaluate Gen  36
New Population 717
Better than Dads 73
Best Ind: ( 1x * 1y )
Fitness = 15.8945448439
Worst Ind: ( 7x - ( ( ( 94.0 - 9y ) - 1x ) * ( 2y + 2x ) ) )
Fitness = 56.881453448
Avg Fitness = 41.5100693877
Duplicated = 82
============================================================================
Evaluate Gen  37
New Population 719
Better than Dads 68
Best Ind: ( 1x * 1y )
Fitness = 15.8945448439
Worst Ind: ( 3x - ( ( ( 10x - ( 49.0 - 8y ) ) - ( 7x - 37.0 ) ) - ( ( 99.0 - 3y ) - 1.0 ) ) )
Fitness = 50.0
Avg Fitness = 39.1664376502
Duplicated = 82
============================================================================
Evaluate Gen  38
New Population 720
Better than Dads 73
Best Ind: ( ( 5x - 1x ) * ( 1y * ( 12.0 - ( ( 96.0 + 3x ) - 1y ) ) ) )
Fitness = 10.6313412611
Worst Ind: ( 1y * ( 4y - 3x ) )
Fitness = 47.6836345316
Avg Fitness = 36.4230790704
Duplicated = 88
============================================================================
Evaluate Gen  39
New Population 703
Better than Dads 54
Best Ind: ( ( 5x - 1x ) * ( 1y * ( 12.0 - ( ( 96.0 + 3x ) - 1y ) ) ) )
Fitness = 10.6313412611
Worst Ind: ( ( ( ( 10x * ( 46.0 + 10y ) ) + ( ( 6y - 35.0 ) * 8.0 ) ) - 1x ) + ( 60.0 - 1y ) )
Fitness = 45.0232214655
Avg Fitness = 33.2968549985
Duplicated = 76
============================================================================
Evaluate Gen  40
New Population 713
Better than Dads 56
Best Ind: ( ( 5x - 1x ) * ( 1y * ( 12.0 - ( ( 96.0 + 3x ) - 1y ) ) ) )
Fitness = 10.6313412611
Worst Ind: ( ( ( ( 1x - 7y ) - ( 4x - 1x ) ) - ( ( 10x * 88.0 ) + ( ( 6y - 35.0 ) * 8.0 ) ) ) - 1x )
Fitness = 31.8519422198
Avg Fitness = 31.1013828573
Duplicated = 82
============================================================================
Evaluate Gen  41
New Population 724
Better than Dads 41
Best Ind: ( ( 5x - 1x ) * ( 1y * ( 12.0 - ( ( 96.0 + 3x ) - 1y ) ) ) )
Fitness = 10.6313412611
Worst Ind: ( 5y - 1x )
Fitness = 31.8519422198
Avg Fitness = 31.1001258067
Duplicated = 83
============================================================================
Evaluate Gen  42
New Population 723
Better than Dads 39
Best Ind: ( ( 5x - 1x ) * ( 1y * ( 12.0 - ( ( 96.0 + 3x ) - 1y ) ) ) )
Fitness = 10.6313412611
Worst Ind: ( 8y - 1x )
Fitness = 31.8519422198
Avg Fitness = 31.0565447259
Duplicated = 86
============================================================================
Evaluate Gen  43
New Population 699
Better than Dads 27
Best Ind: ( ( 5x - 1x ) * ( 1y * ( 12.0 - ( ( 96.0 + 3x ) - 1y ) ) ) )
Fitness = 10.6313412611
Worst Ind: ( ( 1y + ( ( 6.0 + 85.0 ) - 1x ) ) - 1x )
Fitness = 31.8519422198
Avg Fitness = 31.0531506892
Duplicated = 82
============================================================================
Evaluate Gen  44
New Population 719
Better than Dads 46
Best Ind: ( ( 5x - 1x ) * ( 1y * ( 12.0 - ( ( 96.0 + 3x ) - 1y ) ) ) )
Fitness = 10.6313412611
Worst Ind: ( ( ( 3x * 3y ) + ( 8x + 46.0 ) ) - ( ( 91.0 * 8y ) - 1x ) )
Fitness = 31.8519422198
Avg Fitness = 31.0481224866
Duplicated = 88
============================================================================
Evaluate Gen  45
New Population 710
Better than Dads 54
Best Ind: ( ( 5x - 1x ) * ( 1y * ( 12.0 - ( ( 96.0 + 3x ) - 1y ) ) ) )
Fitness = 10.6313412611
Worst Ind: ( ( ( ( 91.0 * 8y ) - ( 3x * 6y ) ) * 5x ) - 1x )
Fitness = 31.8519422198
Avg Fitness = 31.0409150089
Duplicated = 90
============================================================================
Evaluate Gen  46
New Population 725
Better than Dads 49
Best Ind: ( ( 5x - 1x ) * ( 1y * ( 12.0 - ( ( 96.0 + 3x ) - 1y ) ) ) )
Fitness = 10.6313412611
Worst Ind: ( ( 10x * 5y ) - ( ( ( ( 1y - 29.0 ) * 1x ) - ( 8y * 1x ) ) - 1x ) )
Fitness = 31.8519422198
Avg Fitness = 30.9960525925
Duplicated = 104
============================================================================
Evaluate Gen  47
New Population 738
Better than Dads 54
Best Ind: ( ( 5x - 1x ) * ( 1y * ( 12.0 - ( ( 96.0 + 3x ) - 1y ) ) ) )
Fitness = 10.6313412611
Worst Ind: ( ( ( 9.0 * 3x ) + ( 3y - 1x ) ) - ( 1x - 1y ) )
Fitness = 31.7890896877
Avg Fitness = 30.985241957
Duplicated = 118
============================================================================
Evaluate Gen  48
New Population 735
Better than Dads 34
Best Ind: ( ( 5x - 1x ) * ( 1y * ( 12.0 - ( ( 96.0 + 3x ) - 1y ) ) ) )
Fitness = 10.6313412611
Worst Ind: ( ( 2x + 2.0 ) - ( 8x - 1y ) )
Fitness = 31.7890896877
Avg Fitness = 30.9716637776
Duplicated = 119
============================================================================
Evaluate Gen  49
New Population 719
Better than Dads 34
Best Ind: ( ( 5x - 1x ) * ( 1y * ( 12.0 - ( ( 96.0 + 3x ) - 1y ) ) ) )
Fitness = 10.6313412611
Worst Ind: ( 7x - ( 8x - 1y ) )
Fitness = 31.7890896877
Avg Fitness = 30.9716637776
Duplicated = 119
============================================================================
Evaluate Gen  50
New Population 735
Better than Dads 35
Best Ind: ( ( 5x - 1x ) * ( 1y * ( 12.0 - ( ( 96.0 + 3x ) - 1y ) ) ) )
Fitness = 10.6313412611
Worst Ind: ( ( 7x - ( 9y - 9x ) ) - ( ( 90.0 + ( 4.0 * ( 33.0 + 10y ) ) ) - ( 8x - 1y ) ) )
Fitness = 31.7890896877
Avg Fitness = 30.9628887081
Duplicated = 118
