dataset_file= dataset/SR_div_noise.txt
population= 50
generations= 100
tournament_size= 7
cross_over= 0.6
mutation= 0.3
elitism= True
(50, 2)
============================================================================
Build initial population
ind: 1
( ( ( (5x + -1.0) * (6x + -4.0) ) * 1.0 ) * ( ( ( ( ( (2y + -6.0) * (10y + 3.0) )^2  ) + 2.0 ) + 4.0 )^2  ) )
Fitness 312.833814051
ind: 2
( ( (3x + 7.0) + ( ( 5.0^2  ) * (7x + -10.0) ) ) * ( (6y + -10.0) + 8.0 ) )
Fitness 3.85202219386
ind: 3
( ( ( (6x + 2.0)^2  ) + ( (9x + -5.0) * (3x + 4.0) ) ) * (1y + 0.0) )
Fitness 0.376238766017
ind: 4
( ( (9x + -5.0)^2  ) + ( ( 3.0 * ( (10x + 4.0) + ( (3x + -1.0) + ( (10x + 9.0) * (9y + -5.0) ) ) ) ) * ( 4.0 * ( (7x + -4.0)^2  ) ) ) )
Fitness 15.1529442515
ind: 5
( ( (3y + 9.0)^2  ) + (6x + -6.0) )
Fitness 1.2452358432
ind: 6
( ( (5x + -3.0) + ( 8.0^2  ) ) + ( ( 5.0 * ( (5y + -6.0)^2  ) ) * 3.0 ) )
Fitness 3.67377467415
ind: 7
( ( ( ( ( 9.0 * 7.0 ) * (5y + 10.0) ) + ( ( ( (8x + 7.0) * (10x + -10.0) ) + (10y + 7.0) ) + 4.0 ) )^2  ) * ( (1y + 2.0) + (7y + -2.0) ) )
Fitness 169.230441926
ind: 8
( ( ( ( (7x + 0.0)^2  ) * ( ( (3x + 5.0) + (8y + -8.0) )^2  ) )^2  ) + 9.0 )
Fitness 36.1221757439
ind: 9
( ( ( (6y + 5.0) + 1.0 ) * (1x + 2.0) ) + (2y + 4.0) )
Fitness 0.56860450001
ind: 10
( ( (1y + 6.0) * ( (5x + -1.0)^2  ) ) + ( ( ( (8x + 8.0) + 6.0 ) + (4y + 7.0) ) * 7.0 ) )
Fitness 1.81570276286
ind: 11
( (8y + 5.0) + ( ( ( (9y + 7.0) + (10y + -9.0) ) * ( ( ( 8.0 + (1x + -8.0) ) * ( (10y + -10.0) + (8x + -2.0) ) ) + (6x + 7.0) ) ) + ( ( ( ( 9.0 * 8.0 ) * ( (4x + 0.0)^2  ) ) + 2.0 ) * 4.0 ) ) )
Fitness 2.86880425668
ind: 12
( (7y + -4.0) + (2x + -1.0) )
Fitness 0.345473812563
ind: 13
( ( (7x + -3.0) * 7.0 ) + (8y + 8.0) )
Fitness 0.59564723806
ind: 14
( ( ( 2.0 + 10.0 ) + ( ( (3x + -8.0) + (5y + 8.0) ) * (8y + -7.0) ) )^2  )
Fitness 4.81209824086
ind: 15
( ( ( (8x + -2.0) + ( (6y + -3.0)^2  ) )^2  ) * 6.0 )
Fitness 8.27437366809
ind: 16
( (1x + -4.0) * (2y + 8.0) )
Fitness 0.809656559917
ind: 17
( ( ( ( (8y + -10.0)^2  )^2  )^2  ) * (4x + -7.0) )
Fitness 11932.3823369
ind: 18
( ( (1x + 8.0) * (6y + 2.0) ) + ( 7.0^2  ) )
Fitness 1.14679959632
ind: 19
( ( ( 10.0^2  ) * ( ( 3.0 * ( ( (7y + 6.0) * 6.0 ) * 8.0 ) ) * ( ( 8.0^2  ) * 8.0 ) ) ) * (9x + -5.0) )
Fitness 1834.98511735
ind: 20
( 10.0 * ( ( (5x + 9.0) * ( (6y + 7.0)^2  ) )^2  ) )
Fitness 339.507120909
ind: 21
( ( (2y + -5.0) + (8x + 8.0) )^2  )
Fitness 0.631175736929
ind: 22
( ( (2x + -10.0) * ( ( (9x + 6.0) * (5y + 6.0) ) * ( ( ( 3.0 * 7.0 ) * 2.0 )^2  ) ) ) * ( 2.0 * ( 1.0 + 1.0 ) ) )
Fitness 240.783248897
ind: 23
( ( (1y + -3.0)^2  ) * ( (1x + 8.0) + (8x + 2.0) ) )
Fitness 1.30921127815
ind: 24
( ( (5x + -9.0) * ( ( ( (1x + 5.0)^2  ) + ( ( 10.0 + (9y + -9.0) ) * ( 3.0 + 3.0 ) ) ) * ( ( 5.0 + ( 3.0^2  ) )^2  ) ) )^2  )
Fitness 9445.56431271
ind: 25
( ( ( 10.0 + ( ( (6x + 6.0) * ( (7x + -5.0) * 5.0 ) )^2  ) ) + ( ( 1.0 * ( (10y + -1.0) * (10y + -9.0) ) )^2  ) ) * (5x + 8.0) )
Fitness 57.4225089767
ind: 26
( ( (8y + -6.0) * ( (3y + 2.0) + 4.0 ) ) + ( (1x + 4.0) + ( ( 5.0^2  ) + ( 7.0^2  ) ) ) )
Fitness 0.976463829829
ind: 27
( ( ( 2.0 * (4y + 1.0) ) * ( ( ( ( 2.0 + (2y + 0.0) ) + 4.0 )^2  ) + ( (7y + 6.0)^2  ) ) ) + ( (10y + 9.0) * ( ( (9y + 10.0) * (9x + -3.0) ) + ( ( 5.0 + ( 9.0 * 6.0 ) )^2  ) ) ) )
Fitness 25.5827726091
ind: 28
( ( (6y + -9.0) * (7x + -2.0) )^2  )
Fitness 4.48640078322
ind: 29
( 2.0 * ( (7y + -5.0) * ( (1x + 9.0) + ( (3y + 8.0)^2  ) ) ) )
Fitness 3.55261767459
ind: 30
( ( (7y + 9.0) + (4y + -7.0) ) * (2x + 7.0) )
Fitness 0.861357604813
ind: 31
( ( 8.0 * ( 7.0 + 7.0 ) ) + ( ( 6.0 + 7.0 ) * ( ( ( ( (9x + -7.0) * 1.0 ) + ( (2y + 0.0)^2  ) )^2  )^2  ) ) )
Fitness 27.677584009
ind: 32
( ( (4x + 4.0) * 10.0 ) + (4y + -4.0) )
Fitness 0.847365739912
ind: 33
( 2.0 + ( ( (5x + -8.0) * (4y + 1.0) ) + 7.0 ) )
Fitness 0.513293856942
ind: 34
( 3.0 * ( (5y + -6.0) * (4x + 3.0) ) )
Fitness 0.989457302358
ind: 35
( (3y + 5.0) + ( (5y + 1.0) * (10x + 4.0) ) )
Fitness 0.559616594551
ind: 36
( 2.0 + ( ( (4x + 9.0)^2  ) * ( ( 7.0 * (10x + -1.0) ) + ( (6y + -9.0) + (6y + 0.0) ) ) ) )
Fitness 5.95656649799
ind: 37
( ( ( (7x + -6.0) * ( 10.0 * ( ( (8y + 10.0) * 4.0 ) + ( 3.0^2  ) ) ) ) * ( ( (3y + -9.0)^2  ) * 7.0 ) ) * ( ( 2.0 + (2y + 3.0) ) * (7x + -10.0) ) )
Fitness 1212.89184044
ind: 38
( ( ( ( 7.0^2  ) + ( ( 10.0 * (2y + -1.0) ) * ( ( 1.0 + (7y + 0.0) ) + 5.0 ) ) ) * ( ( (4y + 3.0)^2  ) * ( ( ( 10.0 + 1.0 ) * (1y + 1.0) ) * (8y + -9.0) ) ) ) * ( ( (5x + 8.0)^2  ) + 6.0 ) )
Fitness 342.847480806
ind: 39
( (5x + 1.0) * ( ( (2y + 4.0) * ( 3.0^2  ) ) + ( ( 5.0^2  ) * ( 6.0^2  ) ) ) )
Fitness 5.35044703503
ind: 40
( 6.0 + ( ( (1x + -10.0)^2  ) + ( (10y + -7.0) * 6.0 ) ) )
Fitness 1.13337520875
ind: 41
( ( ( ( (10x + 6.0)^2  ) * ( 4.0 * (4y + 7.0) ) )^2  )^2  )
Fitness 1054408.57621
ind: 42
( ( (1y + 0.0) + ( ( ( ( (1x + 3.0)^2  ) * ( 1.0^2  ) ) + 1.0 ) * (10x + 0.0) ) )^2  )
Fitness 4.59432724389
ind: 43
( ( (4y + 7.0) * ( ( ( 9.0^2  ) * (10x + 1.0) ) * ( ( 6.0 * ( (2y + -2.0) * 7.0 ) ) + (7y + 0.0) ) ) ) * ( (9x + -2.0)^2  ) )
Fitness 158.713520477
ind: 44
( ( ( ( (3y + 3.0) + ( ( 3.0 * (2y + -2.0) ) * (7x + 2.0) ) )^2  )^2  ) + ( ( ( 9.0 + 1.0 ) + ( (7x + -4.0) + (8x + 4.0) ) ) * (9x + -9.0) ) )
Fitness 19.1199741329
ind: 45
( ( (10y + 4.0) * (5x + -8.0) ) * ( (2y + 5.0) * 10.0 ) )
Fitness 6.31096952753
ind: 46
( ( ( ( ( 7.0 * 8.0 )^2  ) * 3.0 ) + ( 7.0 + (7x + 3.0) ) ) + ( (2y + -9.0) + 2.0 ) )
Fitness 13.7187357416
ind: 47
( ( ( (2y + 8.0) + (3x + 10.0) )^2  ) * ( ( ( (2y + -3.0)^2  ) + 7.0 )^2  ) )
Fitness 42.8962823784
ind: 48
( ( (8y + 10.0) + ( (9x + -5.0) * 6.0 ) ) + 6.0 )
Fitness 0.619318683885
ind: 49
( ( ( 3.0 + ( ( (5y + 2.0) + 6.0 ) + (1x + -5.0) ) ) + ( ( 1.0 + ( ( (10x + 2.0) * (2x + 9.0) ) + ( (8x + -2.0) * 8.0 ) ) )^2  ) ) + 10.0 )
Fitness 6.79749568187
ind: 50
( (4x + 6.0) * ( ( ( (1y + 3.0)^2  ) + 9.0 ) * 6.0 ) )
Fitness 3.70450986093
Best Ind: ( (7y + -4.0) + (2x + -1.0) )
Fitness = 0.345473812563
Worst Ind: ( ( ( ( (10x + 6.0)^2  ) * ( 4.0 * (4y + 7.0) ) )^2  )^2  )
Fitness = 1054408.57621
Avg Fitness = 21614.3117365
Duplicated = 0
============================================================================
Evaluate Gen  1
New Population 82
Better than Dads 11
Best Ind: ( ( (2y + -5.0) + (8x + 8.0) ) + (3y + 1.0) )
Fitness = 0.301684773141
Worst Ind: ( ( ( (8x + -2.0) + ( (6y + -3.0)^2  ) )^2  ) * 9.0 )
Fitness = 10.1343914173
Avg Fitness = 2.4456468034
Duplicated = 0
============================================================================
Evaluate Gen  2
New Population 80
Better than Dads 7
Best Ind: ( ( (2y + -5.0) + (8x + 8.0) ) + (3y + 1.0) )
Fitness = 0.301684773141
Worst Ind: ( ( (10y + 4.0) * (5x + -8.0) ) * (1x + 8.0) )
Fitness = 2.38842021855
Avg Fitness = 0.976649254915
Duplicated = 4
============================================================================
Evaluate Gen  3
New Population 84
Better than Dads 9
Best Ind: ( ( ( 3.0 + ( ( (5y + 2.0) + 6.0 ) + (1x + -5.0) ) ) + ( (5y + -6.0) * (4x + 3.0) ) ) + 10.0 )
Fitness = 0.275297496271
Worst Ind: ( ( (1x + 8.0) * (6y + 2.0) ) + ( ( (3y + 2.0) + 4.0 )^2  ) )
Fitness = 1.07055420528
Avg Fitness = 0.645355618249
Duplicated = 6
============================================================================
Evaluate Gen  4
New Population 78
Better than Dads 9
Best Ind: ( ( (5y + 2.0) + 6.0 ) + (1x + -5.0) )
Fitness = 0.232137266714
Worst Ind: ( ( (7y + 9.0) + (4y + -7.0) ) * (2x + 7.0) )
Fitness = 0.861357604813
Avg Fitness = 0.548617911318
Duplicated = 6
============================================================================
Evaluate Gen  5
New Population 81
Better than Dads 12
Best Ind: ( (1x + 2.0) + (1y + 1.0) )
Fitness = 0.202077149361
Worst Ind: ( ( (2y + -5.0) + (8x + 8.0) )^2  )
Fitness = 0.631175736929
Avg Fitness = 0.466255437455
Duplicated = 8
============================================================================
Evaluate Gen  6
New Population 82
Better than Dads 9
Best Ind: ( (1x + 2.0) + (1y + 1.0) )
Fitness = 0.202077149361
Worst Ind: ( ( ( (6y + 5.0) + 1.0 ) * (1x + 2.0) ) + (2y + 4.0) )
Fitness = 0.56860450001
Avg Fitness = 0.412836510847
Duplicated = 7
============================================================================
Evaluate Gen  7
New Population 79
Better than Dads 9
Best Ind: ( (1x + 2.0) + (1y + 1.0) )
Fitness = 0.202077149361
Worst Ind: ( ( (8y + 10.0) + (1x + -2.0) ) + (8y + 5.0) )
Fitness = 0.502588903928
Avg Fitness = 0.378702947602
Duplicated = 10
============================================================================
Evaluate Gen  8
New Population 85
Better than Dads 13
Best Ind: ( (1x + 2.0) + (1y + 1.0) )
Fitness = 0.202077149361
Worst Ind: ( (1y + 0.0) + ( ( (5x + -8.0) * (4y + 1.0) ) + (10x + 10.0) ) )
Fitness = 0.448796140849
Avg Fitness = 0.343024150759
Duplicated = 13
============================================================================
Evaluate Gen  9
New Population 81
Better than Dads 11
Best Ind: ( (1x + 2.0) + (1y + 1.0) )
Fitness = 0.202077149361
Worst Ind: ( ( ( (9x + 4.0) + (9x + -1.0) ) + ( 1.0 + ( (5x + -2.0)^2  ) ) ) + ( (2y + -5.0) + (8y + 3.0) ) )
Fitness = 0.393427655549
Avg Fitness = 0.324798433448
Duplicated = 13
============================================================================
Evaluate Gen  10
New Population 85
Better than Dads 11
Best Ind: ( (2x + -1.0) + (1y + 0.0) )
Fitness = 0.196867533397
Worst Ind: ( (8y + -2.0) + (7x + 8.0) )
Fitness = 0.350101018874
Avg Fitness = 0.306931595462
Duplicated = 16
============================================================================
Evaluate Gen  11
New Population 82
Better than Dads 11
Best Ind: ( (2x + -1.0) + (1y + 0.0) )
Fitness = 0.196867533397
Worst Ind: ( (7y + -4.0) * (6x + 0.0) )
Fitness = 0.343332264024
Avg Fitness = 0.300621280133
Duplicated = 17
============================================================================
Evaluate Gen  12
New Population 81
Better than Dads 8
Best Ind: ( (1x + 2.0) * (1y + 1.0) )
Fitness = 0.162147699439
Worst Ind: ( (3y + -2.0) + (7x + 8.0) )
Fitness = 0.322785057448
Avg Fitness = 0.28905832395
Duplicated = 18
============================================================================
Evaluate Gen  13
New Population 80
Better than Dads 10
Best Ind: ( (2x + -1.0) * (1y + 0.0) )
Fitness = 0.127218384372
Worst Ind: ( (7y + -4.0) * (2x + -1.0) )
Fitness = 0.318971760205
Avg Fitness = 0.278532848328
Duplicated = 17
============================================================================
Evaluate Gen  14
New Population 83
Better than Dads 13
Best Ind: ( (2x + -1.0) * (1y + 0.0) )
Fitness = 0.127218384372
Worst Ind: ( ( ( (2y + -5.0) + (8x + 8.0) ) + (3y + 1.0) ) + (2x + -1.0) )
Fitness = 0.315504417829
Avg Fitness = 0.260148539963
Duplicated = 12
============================================================================
Evaluate Gen  15
New Population 84
Better than Dads 18
Best Ind: ( (2x + -1.0) * (1y + 0.0) )
Fitness = 0.127218384372
Worst Ind: ( (7y + -4.0) + ( (7y + -4.0) * (6x + 0.0) ) )
Fitness = 0.306538145162
Avg Fitness = 0.252768376448
Duplicated = 11
============================================================================
Evaluate Gen  16
New Population 79
Better than Dads 9
Best Ind: ( (2x + -1.0) * (1y + 0.0) )
Fitness = 0.127218384372
Worst Ind: ( ( ( (2x + -1.0) + (9x + -1.0) ) + ( ( (2y + -5.0) + (2y + 4.0) ) + ( (5x + -2.0)^2  ) ) ) + ( (2y + -5.0) + (8y + 3.0) ) )
Fitness = 0.291965825861
Avg Fitness = 0.233179315018
Duplicated = 10
============================================================================
Evaluate Gen  17
New Population 83
Better than Dads 15
Best Ind: ( (2x + -1.0) * (1y + 0.0) )
Fitness = 0.127218384372
Worst Ind: ( ( ( (1x + -4.0) + (8x + 8.0) ) + (3y + 1.0) ) * (2x + -1.0) )
Fitness = 0.276605554039
Avg Fitness = 0.221435254666
Duplicated = 13
============================================================================
Evaluate Gen  18
New Population 83
Better than Dads 15
Best Ind: ( (2x + -1.0) * (1y + 0.0) )
Fitness = 0.127218384372
Worst Ind: ( ( (7y + 9.0) + (7x + -2.0) ) * (1y + 0.0) )
Fitness = 0.260799193207
Avg Fitness = 0.203816907901
Duplicated = 20
============================================================================
Evaluate Gen  19
New Population 84
Better than Dads 14
Best Ind: ( (2x + -1.0) * (1y + 0.0) )
Fitness = 0.127218384372
Worst Ind: ( ( ( ( (2x + -1.0) + (9x + -1.0) ) + ( (7y + -4.0) * (2x + -1.0) ) ) + ( (2y + -5.0) + (8y + 3.0) ) ) + (2x + -1.0) )
Fitness = 0.234340887693
Avg Fitness = 0.18707321423
Duplicated = 26
============================================================================
Evaluate Gen  20
New Population 77
Better than Dads 10
Best Ind: ( (2x + -1.0) * (1y + 0.0) )
Fitness = 0.127218384372
Worst Ind: ( ( (2y + -5.0) + (2y + 4.0) ) * (2x + -1.0) )
Fitness = 0.213310307139
Avg Fitness = 0.181740340018
Duplicated = 30
============================================================================
Evaluate Gen  21
New Population 82
Better than Dads 9
Best Ind: ( (2x + -1.0) * (1y + 0.0) )
Fitness = 0.127218384372
Worst Ind: ( (1x + 2.0) + (1y + 1.0) )
Fitness = 0.202077149361
Avg Fitness = 0.173657276646
Duplicated = 32
============================================================================
Evaluate Gen  22
New Population 80
Better than Dads 9
Best Ind: ( ( ( (1y + 0.0) * (2x + -1.0) ) + (2x + -1.0) )^2  )
Fitness = 0.105074586635
Worst Ind: ( (2x + -1.0) + (1y + 0.0) )
Fitness = 0.196867533397
Avg Fitness = 0.166616821775
Duplicated = 29
============================================================================
Evaluate Gen  23
New Population 81
Better than Dads 12
Best Ind: ( ( ( (1y + 0.0) * (2x + -1.0) ) + (2x + -1.0) )^2  )
Fitness = 0.105074586635
Worst Ind: ( (2x + -1.0) + (1y + 0.0) )
Fitness = 0.196867533397
Avg Fitness = 0.162085178564
Duplicated = 20
============================================================================
Evaluate Gen  24
New Population 84
Better than Dads 14
Best Ind: ( ( ( (1y + 0.0) * (2x + -1.0) ) + (2x + -1.0) )^2  )
Fitness = 0.105074586635
Worst Ind: ( ( (2x + -1.0) + ( (7y + -4.0) * (2x + -1.0) ) ) + ( (2y + -5.0) + (8y + 3.0) ) )
Fitness = 0.188893555243
Avg Fitness = 0.153941578223
Duplicated = 19
============================================================================
Evaluate Gen  25
New Population 83
Better than Dads 12
Best Ind: ( ( ( ( ( ( (2x + -1.0) * (2x + -1.0) ) + (2x + -1.0) ) * (2x + -1.0) ) + (2x + -1.0) ) * (1y + 0.0) ) + (1y + 1.0) )
Fitness = 0.104964262823
Worst Ind: ( ( (2y + -5.0) + (8x + 8.0) ) * (1y + 0.0) )
Fitness = 0.171146260874
Avg Fitness = 0.146357094863
Duplicated = 20
============================================================================
Evaluate Gen  26
New Population 85
Better than Dads 13
Best Ind: ( ( ( ( ( ( (2x + -1.0) * (2x + -1.0) ) + (2x + -1.0) ) * (2x + -1.0) ) + (2x + -1.0) ) * (1y + 0.0) ) + (1y + 1.0) )
Fitness = 0.104964262823
Worst Ind: ( ( (3y + 1.0) * (2x + -1.0) ) + (1y + 0.0) )
Fitness = 0.162961740662
Avg Fitness = 0.141770490412
Duplicated = 27
============================================================================
Evaluate Gen  27
New Population 82
Better than Dads 12
Best Ind: ( ( ( ( ( (1y + 0.0) + (2x + -1.0) ) + (2x + -1.0) ) + (1y + 1.0) ) * (1y + 0.0) ) + (1y + 0.0) )
Fitness = 0.099457271435
Worst Ind: ( (1x + 2.0) * (1y + 1.0) )
Fitness = 0.162147699439
Avg Fitness = 0.137693835898
Duplicated = 25
============================================================================
Evaluate Gen  28
New Population 78
Better than Dads 5
Best Ind: ( ( (2x + -1.0) * (2x + -1.0) ) + ( (2x + -1.0) + (1y + 1.0) ) )
Fitness = 0.0935393232405
Worst Ind: ( (2x + -1.0) + (1y + 1.0) )
Fitness = 0.148067905941
Avg Fitness = 0.131495247101
Duplicated = 23
============================================================================
Evaluate Gen  29
New Population 78
Better than Dads 10
Best Ind: ( ( (2x + -1.0) * (2x + -1.0) ) + ( (2x + -1.0) + (1y + 1.0) ) )
Fitness = 0.0935393232405
Worst Ind: ( (1x + 2.0) + (1y + 0.0) )
Fitness = 0.14512847064
Avg Fitness = 0.129202670564
Duplicated = 21
============================================================================
Evaluate Gen  30
New Population 86
Better than Dads 13
Best Ind: ( ( (2x + -1.0) * (1y + 0.0) ) + (1y + 1.0) )
Fitness = 0.0678943984108
Worst Ind: ( ( (1x + 2.0) + (1y + 0.0) ) * (1y + 0.0) )
Fitness = 0.139762971058
Avg Fitness = 0.123852265262
Duplicated = 19
============================================================================
Evaluate Gen  31
New Population 84
Better than Dads 14
Best Ind: ( ( (2x + -1.0) * (1y + 0.0) ) + (1y + 1.0) )
Fitness = 0.0678943984108
Worst Ind: ( ( ( (2x + -1.0) + (1y + 0.0) ) + (2x + -1.0) ) * (1y + 0.0) )
Fitness = 0.135380310032
Avg Fitness = 0.121910971905
Duplicated = 22
============================================================================
Evaluate Gen  32
New Population 87
Better than Dads 15
Best Ind: ( ( (2x + -1.0) * (1y + 0.0) ) + (1y + 1.0) )
Fitness = 0.0678943984108
Worst Ind: ( (2x + -1.0) * (1y + 0.0) )
Fitness = 0.127218384372
Avg Fitness = 0.120678164154
Duplicated = 28
============================================================================
Evaluate Gen  33
New Population 84
Better than Dads 9
Best Ind: ( ( (2x + -1.0) * (1y + 0.0) ) + (1y + 1.0) )
Fitness = 0.0678943984108
Worst Ind: ( (2x + -1.0) * (1y + 0.0) )
Fitness = 0.127218384372
Avg Fitness = 0.119831726823
Duplicated = 27
============================================================================
Evaluate Gen  34
New Population 81
Better than Dads 15
Best Ind: ( ( (2x + -1.0) * (1y + 0.0) ) + (1y + 1.0) )
Fitness = 0.0678943984108
Worst Ind: ( (2x + -1.0) * (1y + 0.0) )
Fitness = 0.127218384372
Avg Fitness = 0.119727125125
Duplicated = 27
============================================================================
Evaluate Gen  35
New Population 86
Better than Dads 6
Best Ind: ( ( (2x + -1.0) * (1y + 0.0) ) + (1y + 1.0) )
Fitness = 0.0678943984108
Worst Ind: ( (2x + -1.0) * (1y + 0.0) )
Fitness = 0.127218384372
Avg Fitness = 0.118446430182
Duplicated = 25
============================================================================
Evaluate Gen  36
New Population 83
Better than Dads 16
Best Ind: ( ( (2x + -1.0) * (1y + 0.0) ) + (1y + 1.0) )
Fitness = 0.0678943984108
Worst Ind: ( ( (2x + -1.0) * (1y + 0.0) ) + ( ( (2x + -1.0) * (1y + 0.0) )^2  ) )
Fitness = 0.126817465493
Avg Fitness = 0.118115887912
Duplicated = 25
============================================================================
Evaluate Gen  37
New Population 80
Better than Dads 16
Best Ind: ( ( (2x + -1.0) * (1y + 0.0) ) + (1y + 1.0) )
Fitness = 0.0678943984108
Worst Ind: ( ( ( ( ( ( (2y + -5.0) + (8x + 8.0) ) + (2x + -1.0) ) * ( (2x + -1.0) * (1y + 0.0) ) ) + (1y + 3.0) ) * (1y + 0.0) ) * (1y + 0.0) )
Fitness = 0.125176993741
Avg Fitness = 0.118083078477
Duplicated = 26
============================================================================
Evaluate Gen  38
New Population 81
Better than Dads 11
Best Ind: ( ( (2x + -1.0) * (1y + 0.0) ) + (1y + 1.0) )
Fitness = 0.0678943984108
Worst Ind: ( ( ( ( ( ( (2y + -5.0) + (8x + 8.0) ) + (2x + -1.0) ) * (2x + -1.0) ) + (1y + 3.0) ) * (1y + 0.0) ) * (1y + 0.0) )
Fitness = 0.12460334191
Avg Fitness = 0.117417908097
Duplicated = 26
============================================================================
Evaluate Gen  39
New Population 84
Better than Dads 14
Best Ind: ( ( (2x + -1.0) * (1y + 0.0) ) + (1y + 1.0) )
Fitness = 0.0678943984108
Worst Ind: ( ( (2x + -1.0) * (1y + 0.0) ) + (1y + 0.0) )
Fitness = 0.124057852087
Avg Fitness = 0.117203864129
Duplicated = 25
============================================================================
Evaluate Gen  40
New Population 84
Better than Dads 18
Best Ind: ( ( (2x + -1.0) * (1y + 0.0) ) + (1y + 1.0) )
Fitness = 0.0678943984108
Worst Ind: ( ( (2x + -1.0) * (1y + 0.0) ) + (1y + 0.0) )
Fitness = 0.124057852087
Avg Fitness = 0.116566144375
Duplicated = 23
============================================================================
Evaluate Gen  41
New Population 90
Better than Dads 15
Best Ind: ( ( (2x + -1.0) * (1y + 0.0) ) + (1y + 1.0) )
Fitness = 0.0678943984108
Worst Ind: ( ( (2x + -1.0) * (1y + 0.0) )^2  )
Fitness = 0.123674974022
Avg Fitness = 0.115655052224
Duplicated = 22
============================================================================
Evaluate Gen  42
New Population 85
Better than Dads 15
Best Ind: ( ( (2x + -1.0) * (1y + 0.0) ) + (1y + 1.0) )
Fitness = 0.0678943984108
Worst Ind: ( ( ( (2x + -1.0) * (2x + -1.0) ) * (1y + 0.0) ) * (1y + 0.0) )
Fitness = 0.123674974022
Avg Fitness = 0.114645557521
Duplicated = 21
============================================================================
Evaluate Gen  43
New Population 87
Better than Dads 19
Best Ind: ( ( (2x + -1.0) * (1y + 0.0) ) + (1y + 1.0) )
Fitness = 0.0678943984108
Worst Ind: ( ( ( (1y + 0.0) * (2x + -1.0) ) + ( (2x + -1.0) + (1y + 1.0) ) ) * (1y + 0.0) )
Fitness = 0.123533727349
Avg Fitness = 0.11344597991
Duplicated = 22
============================================================================
Evaluate Gen  44
New Population 84
Better than Dads 15
Best Ind: ( ( (2x + -1.0) * (1y + 0.0) ) + (1y + 1.0) )
Fitness = 0.0678943984108
Worst Ind: ( ( ( ( ( (1y + 0.0) + (2x + -1.0) ) * (2x + -1.0) ) + (1y + 0.0) ) * (1y + 0.0) ) * (1y + 0.0) )
Fitness = 0.121433423767
Avg Fitness = 0.112565736692
Duplicated = 25
============================================================================
Evaluate Gen  45
New Population 83
Better than Dads 13
Best Ind: ( ( (2x + -1.0) * (1y + 0.0) ) + (1y + 1.0) )
Fitness = 0.0678943984108
Worst Ind: ( ( ( (1x + 2.0) + (1y + 0.0) ) * (1y + 0.0) ) * (1y + 0.0) )
Fitness = 0.120668370705
Avg Fitness = 0.111708932673
Duplicated = 27
============================================================================
Evaluate Gen  46
New Population 84
Better than Dads 15
Best Ind: ( ( (2x + -1.0) * (1y + 0.0) ) + (1y + 1.0) )
Fitness = 0.0678943984108
Worst Ind: ( ( ( (1x + 2.0) + (1y + 0.0) ) * (1y + 0.0) ) * (1y + 0.0) )
Fitness = 0.120668370705
Avg Fitness = 0.110777772206
Duplicated = 25
============================================================================
Evaluate Gen  47
New Population 84
Better than Dads 16
Best Ind: ( ( (2x + -1.0) * (1y + 0.0) ) + (1y + 1.0) )
Fitness = 0.0678943984108
Worst Ind: ( ( ( ( ( ( (1y + 0.0) + (2x + -1.0) ) * (2x + -1.0) ) + (2x + -1.0) ) * (1y + 0.0) ) * (2x + -1.0) ) + (1y + 0.0) )
Fitness = 0.117460148118
Avg Fitness = 0.110616834473
Duplicated = 27
============================================================================
Evaluate Gen  48
New Population 84
Better than Dads 15
Best Ind: ( ( (2x + -1.0) * (1y + 0.0) ) + (1y + 1.0) )
Fitness = 0.0678943984108
Worst Ind: ( ( (1y + 0.0) * (1y + 0.0) ) + ( ( (2x + -1.0) * (1y + 0.0) )^2  ) )
Fitness = 0.11744009547
Avg Fitness = 0.110343511501
Duplicated = 27
============================================================================
Evaluate Gen  49
New Population 81
Better than Dads 13
Best Ind: ( ( (2x + -1.0) * (1y + 0.0) ) + (1y + 1.0) )
Fitness = 0.0678943984108
Worst Ind: ( ( (1x + 2.0) * (1y + 0.0) )^2  )
Fitness = 0.117252017362
Avg Fitness = 0.108975819223
Duplicated = 25
============================================================================
Evaluate Gen  50
New Population 86
Better than Dads 17
Best Ind: ( ( (2x + -1.0) * (1y + 0.0) ) + (1y + 1.0) )
Fitness = 0.0678943984108
Worst Ind: ( ( ( (1y + 0.0) * ( ( (2x + -1.0) * (1y + 0.0) ) * (1y + 0.0) ) ) + ( (2x + -1.0) + (1y + 1.0) ) ) * (1y + 0.0) )
Fitness = 0.116588981014
Avg Fitness = 0.107903245481
Duplicated = 26
============================================================================
Evaluate Gen  51
New Population 80
Better than Dads 15
Best Ind: ( ( (2x + -1.0) * (1y + 0.0) ) + (1y + 1.0) )
Fitness = 0.0678943984108
Worst Ind: ( ( ( (1y + 0.0) * ( ( (2x + -1.0) * (1y + 0.0) ) * (1y + 0.0) ) ) + ( (2x + -1.0) + (1y + 1.0) ) ) * (1y + 0.0) )
Fitness = 0.116588981014
Avg Fitness = 0.107623494768
Duplicated = 25
============================================================================
Evaluate Gen  52
New Population 84
Better than Dads 14
Best Ind: ( ( (2x + -1.0) * (1y + 0.0) ) + (1y + 1.0) )
Fitness = 0.0678943984108
Worst Ind: ( ( (1y + 0.0) + (2x + -1.0) ) * (1y + 0.0) )
Fitness = 0.115785939574
Avg Fitness = 0.106720146423
Duplicated = 25
============================================================================
Evaluate Gen  53
New Population 84
Better than Dads 18
Best Ind: ( ( (2x + -1.0) * (1y + 0.0) ) + (1y + 1.0) )
Fitness = 0.0678943984108
Worst Ind: ( ( ( ( ( (1y + 0.0) + (2x + -1.0) ) * (2x + -1.0) ) + (1y + 1.0) ) * (1y + 0.0) ) * (1y + 0.0) )
Fitness = 0.115484702621
Avg Fitness = 0.106309191754
Duplicated = 24
============================================================================
Evaluate Gen  54
New Population 81
Better than Dads 10
Best Ind: ( ( (2x + -1.0) * (1y + 0.0) ) + (1y + 1.0) )
Fitness = 0.0678943984108
Worst Ind: ( (1y + 0.0) + ( ( (1y + 0.0) * (1y + 0.0) ) + ( ( (2x + -1.0) * (1y + 0.0) )^2  ) ) )
Fitness = 0.113284482774
Avg Fitness = 0.10533372163
Duplicated = 28
============================================================================
Evaluate Gen  55
New Population 85
Better than Dads 13
Best Ind: ( ( (2x + -1.0) * (1y + 0.0) ) + (1y + 1.0) )
Fitness = 0.0678943984108
Worst Ind: ( ( (2x + -1.0) + (1y + 1.0) ) * (1y + 0.0) )
Fitness = 0.1078269817
Avg Fitness = 0.104734700041
Duplicated = 29
============================================================================
Evaluate Gen  56
New Population 86
Better than Dads 15
Best Ind: ( ( (2x + -1.0) * (1y + 0.0) ) + (1y + 1.0) )
Fitness = 0.0678943984108
Worst Ind: ( ( (2x + -1.0) + (1y + 1.0) ) * (1y + 0.0) )
Fitness = 0.1078269817
Avg Fitness = 0.104638406757
Duplicated = 29
============================================================================
Evaluate Gen  57
New Population 84
Better than Dads 15
Best Ind: ( ( (2x + -1.0) * (1y + 0.0) ) + (1y + 1.0) )
Fitness = 0.0678943984108
Worst Ind: ( ( (2x + -1.0) + (1y + 1.0) )^2  )
Fitness = 0.107811604085
Avg Fitness = 0.103708726587
Duplicated = 28
============================================================================
Evaluate Gen  58
New Population 84
Better than Dads 16
Best Ind: ( ( (2x + -1.0) * (1y + 0.0) ) + (1y + 1.0) )
Fitness = 0.0678943984108
Worst Ind: ( ( (2x + -1.0) + (1y + 1.0) )^2  )
Fitness = 0.107811604085
Avg Fitness = 0.102612267315
Duplicated = 28
============================================================================
Evaluate Gen  59
New Population 82
Better than Dads 14
Best Ind: ( ( (2x + -1.0) * (1y + 0.0) ) + (1y + 1.0) )
Fitness = 0.0678943984108
Worst Ind: ( ( (2x + -1.0) + (1y + 1.0) )^2  )
Fitness = 0.107811604085
Avg Fitness = 0.101982323441
Duplicated = 24
============================================================================
Evaluate Gen  60
New Population 84
Better than Dads 15
Best Ind: ( ( (2x + -1.0) * (1y + 0.0) ) + (1y + 1.0) )
Fitness = 0.0678943984108
Worst Ind: ( ( (2x + -1.0) + (1y + 1.0) )^2  )
Fitness = 0.107811604085
Avg Fitness = 0.100096662032
Duplicated = 21
============================================================================
Evaluate Gen  61
New Population 89
Better than Dads 18
Best Ind: ( ( (2x + -1.0) * (1y + 0.0) ) + (1y + 1.0) )
Fitness = 0.0678943984108
Worst Ind: ( ( (2x + -1.0) + ( (2x + -1.0) + (1y + 1.0) ) ) * (1y + 0.0) )
Fitness = 0.107142940541
Avg Fitness = 0.0991897621191
Duplicated = 23
============================================================================
Evaluate Gen  62
New Population 86
Better than Dads 17
Best Ind: ( ( (2x + -1.0) * (1y + 0.0) ) + (1y + 1.0) )
Fitness = 0.0678943984108
Worst Ind: ( ( (2x + -1.0) + ( (2x + -1.0) + (1y + 1.0) ) ) * (1y + 0.0) )
Fitness = 0.107142940541
Avg Fitness = 0.0968233842116
Duplicated = 21
============================================================================
Evaluate Gen  63
New Population 85
Better than Dads 16
Best Ind: ( ( (2x + -1.0) * (1y + 0.0) ) + (1y + 1.0) )
Fitness = 0.0678943984108
Worst Ind: ( ( ( (1y + 0.0) * (2x + -1.0) ) + (2x + -1.0) )^2  )
Fitness = 0.105074586635
Avg Fitness = 0.0957582359978
Duplicated = 23
============================================================================
Evaluate Gen  64
New Population 87
Better than Dads 21
Best Ind: ( ( ( ( (1y + 0.0) * (2x + -1.0) ) + (2x + -1.0) ) * (1y + 0.0) ) + (1y + 1.0) )
Fitness = 0.0648564403536
Worst Ind: ( ( ( (1y + 0.0) * (2x + -1.0) ) + (2x + -1.0) )^2  )
Fitness = 0.105074586635
Avg Fitness = 0.0949044102462
Duplicated = 22
============================================================================
Evaluate Gen  65
New Population 86
Better than Dads 20
Best Ind: ( ( ( ( (1y + 0.0) * (2x + -1.0) ) + (2x + -1.0) ) * (1y + 0.0) ) + (1y + 1.0) )
Fitness = 0.0648564403536
Worst Ind: ( ( ( (1y + 0.0) * (2x + -1.0) ) + (2x + -1.0) )^2  )
Fitness = 0.105074586635
Avg Fitness = 0.0946134684561
Duplicated = 23
============================================================================
Evaluate Gen  66
New Population 84
Better than Dads 19
Best Ind: ( ( ( ( (1y + 0.0) * (2x + -1.0) ) + (2x + -1.0) ) * (1y + 0.0) ) + (1y + 1.0) )
Fitness = 0.0648564403536
Worst Ind: ( ( (2x + -1.0) * (1y + 1.0) )^2  )
Fitness = 0.105074586635
Avg Fitness = 0.0944225983123
Duplicated = 24
============================================================================
Evaluate Gen  67
New Population 85
Better than Dads 19
Best Ind: ( ( ( ( (1y + 0.0) * (2x + -1.0) ) + (2x + -1.0) ) * (1y + 0.0) ) + (1y + 1.0) )
Fitness = 0.0648564403536
Worst Ind: ( ( ( ( ( ( (2x + -1.0) * (2x + -1.0) ) + (2x + -1.0) ) * (2x + -1.0) ) + (2x + -1.0) ) * (1y + 0.0) ) + (1y + 1.0) )
Fitness = 0.104964262823
Avg Fitness = 0.0936303098819
Duplicated = 24
============================================================================
Evaluate Gen  68
New Population 83
Better than Dads 19
Best Ind: ( ( ( ( (1y + 0.0) * (2x + -1.0) ) + (2x + -1.0) ) * (1y + 0.0) ) + (1y + 1.0) )
Fitness = 0.0648564403536
Worst Ind: ( ( ( ( ( ( (2x + -1.0) * (2x + -1.0) ) + (2x + -1.0) ) * (2x + -1.0) ) + (2x + -1.0) ) * (1y + 0.0) ) + (1y + 1.0) )
Fitness = 0.104964262823
Avg Fitness = 0.0935539925184
Duplicated = 24
============================================================================
Evaluate Gen  69
New Population 81
Better than Dads 17
Best Ind: ( ( ( ( (1y + 0.0) * (2x + -1.0) ) + (2x + -1.0) ) * (1y + 0.0) ) + (1y + 1.0) )
Fitness = 0.0648564403536
Worst Ind: ( ( ( ( ( ( (2x + -1.0) * (2x + -1.0) ) + (2x + -1.0) ) * (2x + -1.0) ) + (2x + -1.0) ) * (1y + 0.0) ) + (1y + 1.0) )
Fitness = 0.104964262823
Avg Fitness = 0.0935539925184
Duplicated = 24
============================================================================
Evaluate Gen  70
New Population 84
Better than Dads 19
Best Ind: ( ( ( ( (1y + 0.0) * (2x + -1.0) ) + (2x + -1.0) ) * (1y + 0.0) ) + (1y + 1.0) )
Fitness = 0.0648564403536
Worst Ind: ( (1y + 0.0) + ( ( ( (2x + -1.0) + (1y + 1.0) ) * (1y + 0.0) ) + ( ( (2x + -1.0) * (1y + 0.0) )^2  ) ) )
Fitness = 0.104681800621
Avg Fitness = 0.0932463350854
Duplicated = 24
============================================================================
Evaluate Gen  71
New Population 88
Better than Dads 21
Best Ind: ( ( ( ( (1y + 0.0) * (2x + -1.0) ) + (2x + -1.0) ) * (1y + 0.0) ) + (1y + 1.0) )
Fitness = 0.0648564403536
Worst Ind: ( ( ( (1y + 0.0) * (2x + -1.0) ) + (1y + 1.0) )^2  )
Fitness = 0.1039971963
Avg Fitness = 0.0930278924357
Duplicated = 25
============================================================================
Evaluate Gen  72
New Population 84
Better than Dads 18
Best Ind: ( ( ( ( (1y + 0.0) * (2x + -1.0) ) + (2x + -1.0) ) * (1y + 0.0) ) + (1y + 1.0) )
Fitness = 0.0648564403536
Worst Ind: ( ( ( (1y + 0.0) * (2x + -1.0) ) + (1y + 1.0) )^2  )
Fitness = 0.1039971963
Avg Fitness = 0.0928219190996
Duplicated = 25
============================================================================
Evaluate Gen  73
New Population 82
Better than Dads 13
Best Ind: ( ( ( ( (1y + 0.0) * (2x + -1.0) ) + (2x + -1.0) ) * (1y + 0.0) ) + (1y + 1.0) )
Fitness = 0.0648564403536
Worst Ind: ( ( (1y + 0.0) + ( (2x + -1.0) + (1y + 1.0) ) ) * (1y + 0.0) )
Fitness = 0.101148394649
Avg Fitness = 0.0920074517394
Duplicated = 27
============================================================================
Evaluate Gen  74
New Population 87
Better than Dads 20
Best Ind: ( ( ( ( (1y + 0.0) * (2x + -1.0) ) + (2x + -1.0) ) * (1y + 0.0) ) + (1y + 1.0) )
Fitness = 0.0648564403536
Worst Ind: ( ( ( (2x + -1.0) + (1y + 0.0) ) + (1y + 1.0) ) * (1y + 0.0) )
Fitness = 0.101148394649
Avg Fitness = 0.0917294265769
Duplicated = 27
============================================================================
Evaluate Gen  75
New Population 83
Better than Dads 16
Best Ind: ( ( ( ( (1y + 0.0) * (2x + -1.0) ) + (2x + -1.0) ) * (1y + 0.0) ) + (1y + 1.0) )
Fitness = 0.0648564403536
Worst Ind: ( ( ( (2x + -1.0) + (1y + 0.0) ) + (1y + 1.0) ) * (1y + 0.0) )
Fitness = 0.101148394649
Avg Fitness = 0.0912238903585
Duplicated = 27
============================================================================
Evaluate Gen  76
New Population 84
Better than Dads 19
Best Ind: ( ( ( ( (1y + 0.0) * (2x + -1.0) ) + (2x + -1.0) ) * (1y + 0.0) ) + (1y + 1.0) )
Fitness = 0.0648564403536
Worst Ind: ( ( (1y + 0.0) + ( (2x + -1.0) + (1y + 1.0) ) ) * (1y + 0.0) )
Fitness = 0.101148394649
Avg Fitness = 0.0910068124939
Duplicated = 27
============================================================================
Evaluate Gen  77
New Population 86
Better than Dads 21
Best Ind: ( ( ( ( (1y + 0.0) * (2x + -1.0) ) + (2x + -1.0) ) * (1y + 0.0) ) + (1y + 1.0) )
Fitness = 0.0648564403536
Worst Ind: ( ( (1y + 0.0) + ( (2x + -1.0) + (1y + 1.0) ) ) * (1y + 0.0) )
Fitness = 0.101148394649
Avg Fitness = 0.090503156014
Duplicated = 26
============================================================================
Evaluate Gen  78
New Population 87
Better than Dads 19
Best Ind: ( ( ( ( (1y + 0.0) * (2x + -1.0) ) + (2x + -1.0) ) * (1y + 0.0) ) + (1y + 1.0) )
Fitness = 0.0648564403536
Worst Ind: ( ( (1y + 0.0) + ( (2x + -1.0) + (1y + 1.0) ) ) * (1y + 0.0) )
Fitness = 0.101148394649
Avg Fitness = 0.089232184319
Duplicated = 25
============================================================================
Evaluate Gen  79
New Population 84
Better than Dads 16
Best Ind: ( ( ( ( (1y + 0.0) * (2x + -1.0) ) + (2x + -1.0) ) * (1y + 0.0) ) + (1y + 1.0) )
Fitness = 0.0648564403536
Worst Ind: ( ( ( ( ( (1y + 0.0) + (2x + -1.0) ) + (2x + -1.0) ) + (1y + 1.0) ) * (1y + 0.0) ) + (1y + 0.0) )
Fitness = 0.099457271435
Avg Fitness = 0.0881713580978
Duplicated = 26
============================================================================
Evaluate Gen  80
New Population 85
Better than Dads 18
Best Ind: ( ( ( ( (1y + 0.0) * (2x + -1.0) ) + (2x + -1.0) ) * (1y + 0.0) ) + (1y + 1.0) )
Fitness = 0.0648564403536
Worst Ind: ( ( ( (2x + -1.0) + (1y + 1.0) ) + ( (2x + -1.0) + (1y + 1.0) ) ) * (1y + 0.0) )
Fitness = 0.099457271435
Avg Fitness = 0.0880219251617
Duplicated = 26
============================================================================
Evaluate Gen  81
New Population 86
Better than Dads 18
Best Ind: ( ( ( ( (1y + 0.0) * (2x + -1.0) ) + (2x + -1.0) ) * (1y + 0.0) ) + (1y + 1.0) )
Fitness = 0.0648564403536
Worst Ind: ( ( ( (2x + -1.0) + (1y + 1.0) ) + ( (2x + -1.0) + (1y + 1.0) ) ) * (1y + 0.0) )
Fitness = 0.099457271435
Avg Fitness = 0.0874989460459
Duplicated = 23
============================================================================
Evaluate Gen  82
New Population 83
Better than Dads 15
Best Ind: ( ( ( ( (1y + 0.0) * (2x + -1.0) ) + (2x + -1.0) ) * (1y + 0.0) ) + (1y + 1.0) )
Fitness = 0.0648564403536
Worst Ind: ( ( ( (2x + -1.0) + (1y + 1.0) ) + ( (2x + -1.0) + (1y + 1.0) ) ) * (1y + 0.0) )
Fitness = 0.099457271435
Avg Fitness = 0.0872243609373
Duplicated = 22
============================================================================
Evaluate Gen  83
New Population 86
Better than Dads 18
Best Ind: ( ( ( ( (1y + 0.0) * (2x + -1.0) ) + (2x + -1.0) ) * (1y + 0.0) ) + (1y + 1.0) )
Fitness = 0.0648564403536
Worst Ind: ( ( ( ( ( ( (2x + -1.0) * (2x + -1.0) ) + (2x + -1.0) ) * (2x + -1.0) ) + ( ( (1y + 0.0) * (2x + -1.0) ) + (2x + -1.0) ) ) * (1y + 0.0) ) + (1y + 1.0) )
Fitness = 0.0980776369137
Avg Fitness = 0.085769500904
Duplicated = 22
============================================================================
Evaluate Gen  84
New Population 85
Better than Dads 18
Best Ind: ( ( ( ( (1y + 0.0) * (2x + -1.0) ) + (2x + -1.0) ) * (1y + 0.0) ) + (1y + 1.0) )
Fitness = 0.0648564403536
Worst Ind: ( (1y + 0.0) + ( ( (1y + 0.0) * (1y + 0.0) ) + ( ( ( (2x + -1.0) + (2x + -1.0) ) * (1y + 0.0) ) + (1y + 0.0) ) ) )
Fitness = 0.0965473311459
Avg Fitness = 0.0853659578523
Duplicated = 24
============================================================================
Evaluate Gen  85
New Population 87
Better than Dads 17
Best Ind: ( ( ( ( (1y + 0.0) * (2x + -1.0) ) + (2x + -1.0) ) * (1y + 0.0) ) + (1y + 1.0) )
Fitness = 0.0648564403536
Worst Ind: ( ( ( (1y + 0.0) * (1y + 0.0) ) * ( ( (2x + -1.0) + ( (2x + -1.0) + (1y + 1.0) ) ) * (1y + 0.0) ) ) + (1y + 1.0) )
Fitness = 0.0941998293893
Avg Fitness = 0.083129775448
Duplicated = 27
============================================================================
Evaluate Gen  86
New Population 85
Better than Dads 15
Best Ind: ( ( ( ( (1y + 0.0) * (2x + -1.0) ) + (2x + -1.0) ) * (1y + 0.0) ) + (1y + 1.0) )
Fitness = 0.0648564403536
Worst Ind: ( ( ( (2x + -1.0) * (1y + 0.0) ) * ( ( (1y + 0.0) * (1y + 0.0) ) + ( ( ( (2x + -1.0) + (2x + -1.0) ) * (1y + 0.0) ) + (1y + 0.0) ) ) ) + (1y + 1.0) )
Fitness = 0.0935369464076
Avg Fitness = 0.0813917472591
Duplicated = 29
============================================================================
Evaluate Gen  87
New Population 85
Better than Dads 16
Best Ind: ( ( ( ( (1y + 0.0) * (2x + -1.0) ) + (2x + -1.0) ) * (1y + 0.0) ) + (1y + 1.0) )
Fitness = 0.0648564403536
Worst Ind: ( ( ( ( ( ( (2x + -1.0) * (2x + -1.0) ) + (2x + -1.0) ) * (2x + -1.0) ) + ( (2x + -1.0) * (1y + 0.0) ) ) * (1y + 0.0) ) + (1y + 1.0) )
Fitness = 0.0915992775923
Avg Fitness = 0.0792993577248
Duplicated = 30
============================================================================
Evaluate Gen  88
New Population 81
Better than Dads 16
Best Ind: ( ( ( ( (1y + 0.0) * (2x + -1.0) ) + (2x + -1.0) ) * (1y + 0.0) ) + (1y + 1.0) )
Fitness = 0.0648564403536
Worst Ind: ( ( ( ( ( ( (2x + -1.0) * (2x + -1.0) ) + (2x + -1.0) ) * (2x + -1.0) ) + ( (2x + -1.0) * (1y + 0.0) ) ) * (1y + 0.0) ) + (1y + 1.0) )
Fitness = 0.0915992775923
Avg Fitness = 0.0790326929746
Duplicated = 29
============================================================================
Evaluate Gen  89
New Population 84
Better than Dads 18
Best Ind: ( ( ( ( (1y + 0.0) * (2x + -1.0) ) + (2x + -1.0) ) * (1y + 0.0) ) + (1y + 1.0) )
Fitness = 0.0648564403536
Worst Ind: ( ( ( ( ( ( (2x + -1.0) * (2x + -1.0) ) + (2x + -1.0) ) * (2x + -1.0) ) + ( (2x + -1.0) * (1y + 0.0) ) ) * (1y + 0.0) ) + (1y + 1.0) )
Fitness = 0.0915992775923
Avg Fitness = 0.07873931124
Duplicated = 28
============================================================================
Evaluate Gen  90
New Population 86
Better than Dads 15
Best Ind: ( ( ( ( (1y + 0.0) * (2x + -1.0) ) + (2x + -1.0) ) * (1y + 0.0) ) + (1y + 1.0) )
Fitness = 0.0648564403536
Worst Ind: ( ( ( (2x + -1.0) * (1y + 0.0) ) * ( ( ( (2x + -1.0) * (1y + 0.0) ) + (1y + 1.0) )^2  ) ) + (1y + 1.0) )
Fitness = 0.0895813911749
Avg Fitness = 0.0755158785391
Duplicated = 30
============================================================================
Evaluate Gen  91
New Population 88
Better than Dads 15
Best Ind: ( ( ( ( (1y + 0.0) * (2x + -1.0) ) + (2x + -1.0) ) * (1y + 0.0) ) + (1y + 1.0) )
Fitness = 0.0648564403536
Worst Ind: ( ( ( ( ( ( (2x + -1.0) * (2x + -1.0) ) + (2x + -1.0) ) * ( (2x + -1.0) + (1y + 1.0) ) ) + ( ( (1y + 0.0) * (2x + -1.0) ) + (2x + -1.0) ) ) * (1y + 0.0) ) + (1y + 1.0) )
Fitness = 0.0854741926352
Avg Fitness = 0.0735824941765
Duplicated = 33
============================================================================
Evaluate Gen  92
New Population 85
Better than Dads 16
Best Ind: ( ( ( ( (1y + 0.0) * (2x + -1.0) ) + (2x + -1.0) ) * (1y + 0.0) ) + (1y + 1.0) )
Fitness = 0.0648564403536
Worst Ind: ( ( (1y + 0.0) * ( ( (2x + -1.0) * (1y + 0.0) ) * (1y + 0.0) ) ) + (1y + 1.0) )
Fitness = 0.0849502353002
Avg Fitness = 0.0720518811619
Duplicated = 34
============================================================================
Evaluate Gen  93
New Population 86
Better than Dads 14
Best Ind: ( ( ( ( (1y + 0.0) * ( (1y + 0.0) * (1y + 0.0) ) ) + ( ( (1y + 0.0) * (2x + -1.0) ) + (2x + -1.0) ) ) * (1y + 0.0) ) + (1y + 1.0) )
Fitness = 0.0624737694805
Worst Ind: ( ( ( ( (1y + 0.0) * (2x + -1.0) ) + ( ( ( (2x + -1.0) * (1y + 0.0) ) * (1y + 0.0) ) + (1y + 1.0) ) ) * ( (2x + -1.0) * (1y + 0.0) ) ) + (1y + 1.0) )
Fitness = 0.078266040079
Avg Fitness = 0.070132362366
Duplicated = 37
============================================================================
Evaluate Gen  94
New Population 86
Better than Dads 16
Best Ind: ( ( ( ( (1y + 0.0) * ( (1y + 0.0) * (1y + 0.0) ) ) + ( ( (1y + 0.0) * (2x + -1.0) ) + (2x + -1.0) ) ) * (1y + 0.0) ) + (1y + 1.0) )
Fitness = 0.0624737694805
Worst Ind: ( ( ( ( ( ( (2x + -1.0) * (2x + -1.0) ) + (2x + -1.0) ) * (1y + 1.0) ) + ( ( (1y + 0.0) * (2x + -1.0) ) + (2x + -1.0) ) ) * (1y + 0.0) ) + (1y + 1.0) )
Fitness = 0.075965570653
Avg Fitness = 0.0690911663298
Duplicated = 39
============================================================================
Evaluate Gen  95
New Population 84
Better than Dads 14
Best Ind: ( ( ( ( (1y + 0.0) * ( (1y + 0.0) * (1y + 0.0) ) ) + ( ( (1y + 0.0) * (2x + -1.0) ) + (2x + -1.0) ) ) * (1y + 0.0) ) + (1y + 1.0) )
Fitness = 0.0624737694805
Worst Ind: ( ( ( ( (1y + 0.0) * ( (1y + 0.0) * (2x + -1.0) ) ) + ( ( (1y + 0.0) * (2x + -1.0) ) + (2x + -1.0) ) ) * (1y + 0.0) ) + (1y + 1.0) )
Fitness = 0.0717819466749
Avg Fitness = 0.0684459193181
Duplicated = 40
============================================================================
Evaluate Gen  96
New Population 84
Better than Dads 17
Best Ind: ( ( ( ( (1y + 0.0) * ( (1y + 0.0) * (1y + 0.0) ) ) + ( ( (1y + 0.0) * (2x + -1.0) ) + (2x + -1.0) ) ) * (1y + 0.0) ) + (1y + 1.0) )
Fitness = 0.0624737694805
Worst Ind: ( ( ( ( (1y + 0.0) * ( (2x + -1.0) * (1y + 0.0) ) ) + ( ( (1y + 0.0) * (2x + -1.0) ) + (2x + -1.0) ) ) * (1y + 0.0) ) + (1y + 1.0) )
Fitness = 0.0717819466749
Avg Fitness = 0.0681994496931
Duplicated = 41
============================================================================
Evaluate Gen  97
New Population 84
Better than Dads 15
Best Ind: ( ( ( ( (1y + 0.0) * ( (1y + 0.0) * (1y + 0.0) ) ) + ( ( (1y + 0.0) * (2x + -1.0) ) + (2x + -1.0) ) ) * (1y + 0.0) ) + (1y + 1.0) )
Fitness = 0.0624737694805
Worst Ind: ( ( ( (1y + 0.0) + ( ( (1y + 0.0) * (2x + -1.0) ) + (2x + -1.0) ) ) * (1y + 0.0) ) + (1y + 1.0) )
Fitness = 0.0695077543133
Avg Fitness = 0.0679016625612
Duplicated = 42
============================================================================
Evaluate Gen  98
New Population 86
Better than Dads 19
Best Ind: ( ( ( ( (1y + 0.0) * ( (1y + 0.0) * (1y + 0.0) ) ) + ( ( (1y + 0.0) * (2x + -1.0) ) + (2x + -1.0) ) ) * (1y + 0.0) ) + (1y + 1.0) )
Fitness = 0.0624737694805
Worst Ind: ( ( ( (1y + 0.0) + ( ( (1y + 0.0) * (2x + -1.0) ) + (2x + -1.0) ) ) * (1y + 0.0) ) + (1y + 1.0) )
Fitness = 0.0695077543133
Avg Fitness = 0.067804861207
Duplicated = 42
============================================================================
Evaluate Gen  99
New Population 88
Better than Dads 17
Best Ind: ( ( ( ( (1y + 0.0) * ( (1y + 0.0) * (1y + 0.0) ) ) + ( ( (1y + 0.0) * (2x + -1.0) ) + (2x + -1.0) ) ) * (1y + 0.0) ) + (1y + 1.0) )
Fitness = 0.0624737694805
Worst Ind: ( ( ( (1y + 0.0) + ( ( (1y + 0.0) * (2x + -1.0) ) + (2x + -1.0) ) ) * (1y + 0.0) ) + (1y + 1.0) )
Fitness = 0.0695077543133
Avg Fitness = 0.0675789913807
Duplicated = 42
============================================================================
Evaluate Gen  100
New Population 84
Better than Dads 14
Best Ind: ( ( ( ( (1y + 0.0) * ( (1y + 0.0) * (1y + 0.0) ) ) + ( ( (1y + 0.0) * (2x + -1.0) ) + (2x + -1.0) ) ) * (1y + 0.0) ) + (1y + 1.0) )
Fitness = 0.0624737694805
Worst Ind: ( ( (2x + -1.0) * (1y + 0.0) ) + (1y + 1.0) )
Fitness = 0.0678943984108
Avg Fitness = 0.0674821900265
Duplicated = 43
