dataset_file= dataset/SR_div_noise.txt
population= 100
generations= 100
tournament_size= 5
cross_over= 0.6
mutation= 0.3
elitism= True
(50, 2)
============================================================================
Build initial population
ind: 1
( ( (10y + -4.0)^2  ) * (3x + -10.0) )
Fitness 2.89659864281
ind: 2
( ( 1.0 + ( ( 7.0 * (10y + 2.0) ) * ( (8x + 10.0) * ( ( 9.0^2  ) + (2y + -2.0) ) ) ) )^2  )
Fitness 5000.94870482
ind: 3
( ( 1.0 * (4x + 1.0) ) * ( ( ( ( ( 2.0^2  ) * ( 10.0^2  ) ) * 6.0 )^2  ) * (5y + 1.0) ) )
Fitness 671.278188493
ind: 4
( ( ( (9y + 1.0) * ( ( 3.0^2  ) * ( (8x + -4.0) * ( 7.0 + 10.0 ) ) ) ) + (1y + 8.0) ) * ( 6.0 * (8y + 8.0) ) )
Fitness 43.2844378172
ind: 5
( ( ( ( (8y + 10.0) * ( 5.0 * ( 5.0^2  ) ) ) * ( ( (1y + -9.0) * ( 1.0 * 2.0 ) ) * 9.0 ) ) + ( ( 3.0 * ( ( (1x + 7.0)^2  )^2  ) ) * (3x + 7.0) ) ) * (1x + -8.0) )
Fitness 153.580703972
ind: 6
( 6.0 * ( ( (6y + 3.0) * (7y + -9.0) ) + ( 8.0 + ( (3x + 5.0)^2  ) ) ) )
Fitness 1.43090361042
ind: 7
( (10y + 10.0) * ( ( 4.0 * (7x + 1.0) ) + 3.0 ) )
Fitness 1.53375648558
ind: 8
( ( (7y + -9.0) * ( 5.0 * ( (5x + 1.0) + (1y + 3.0) ) ) ) + ( (1y + 6.0) + (6y + -7.0) ) )
Fitness 1.770837319
ind: 9
( ( (4y + -5.0) + ( ( ( (5y + 2.0) * ( 2.0^2  ) ) + ( ( 2.0 + (6x + -3.0) ) * 3.0 ) ) + ( (3x + 0.0) * 7.0 ) ) ) + ( 6.0 * ( ( (2x + 2.0)^2  )^2  ) ) )
Fitness 1.81191981639
ind: 10
( ( 7.0 + (5y + -7.0) ) + (3x + 6.0) )
Fitness 0.322607543286
ind: 11
( (9y + -8.0) * ( (3x + 9.0) * ( 3.0^2  ) ) )
Fitness 3.53623642835
ind: 12
( (3y + 6.0) + ( (8x + 0.0) * 2.0 ) )
Fitness 0.35979770546
ind: 13
( ( ( ( ( (3x + -7.0) * 7.0 ) * (10x + 10.0) )^2  ) + ( ( ( 8.0 + (10y + 8.0) ) + (9x + -1.0) ) * ( (1y + -8.0) * ( (3x + -7.0) + (7x + 7.0) ) ) ) )^2  )
Fitness 34782.2388155
ind: 14
( 3.0 * ( ( ( ( ( (2y + -2.0) + 7.0 ) + ( (4y + -4.0) + 3.0 ) ) * ( (6y + 8.0) + (2y + -4.0) ) ) * ( ( ( 8.0^2  ) + 3.0 )^2  ) ) * ( ( (9x + 0.0)^2  )^2  ) ) )
Fitness 920.512268268
ind: 15
( ( ( 1.0 * 10.0 ) * ( ( ( ( 2.0^2  ) * 1.0 ) + ( ( (5y + 1.0) * (4x + -2.0) ) + ( 4.0 + 6.0 ) ) ) + (8x + 6.0) ) )^2  )
Fitness 29.2108440976
ind: 16
( ( (8y + 5.0) * 6.0 ) + ( (5x + -6.0) + (1y + -9.0) ) )
Fitness 0.697637276212
ind: 17
( ( (5x + 4.0) + ( (10y + -8.0) * ( 8.0 * ( (9x + 8.0) * ( (2x + 6.0) + (3x + -9.0) ) ) ) ) )^2  )
Fitness 242.052249406
ind: 18
( ( ( (10x + 1.0) + (4y + -8.0) ) * (3y + 10.0) ) + 7.0 )
Fitness 1.0601858212
ind: 19
( (5x + -5.0) + (9y + -2.0) )
Fitness 0.397896278597
ind: 20
( ( ( ( (4x + 8.0)^2  ) * (4y + -5.0) ) * ( (4x + -10.0)^2  ) )^2  )
Fitness 4526.86981843
ind: 21
( ( 8.0 * ( ( (4y + 4.0) * ( (8x + 8.0)^2  ) ) * ( (1x + -6.0) + ( ( 3.0 + (8x + -10.0) ) + (9y + 0.0) ) ) ) )^2  )
Fitness 3281.33937282
ind: 22
( ( (4x + 3.0) * 10.0 ) + ( ( (9y + -3.0) * ( ( ( (9y + 8.0)^2  ) * ( 9.0^2  ) ) * (9y + 7.0) ) ) * (3y + 8.0) ) )
Fitness 221.081209025
ind: 23
( (8x + -10.0) * ( (10y + 7.0)^2  ) )
Fitness 3.54982991315
ind: 24
( ( ( ( ( 8.0^2  )^2  )^2  )^2  ) * ( ( (4x + -8.0) + (1y + -7.0) )^2  ) )
Fitness 35550650.2978
ind: 25
( ( ( ( (6y + 1.0) * ( (9y + -4.0) * (4x + -3.0) ) )^2  )^2  )^2  )
Fitness 124247722.778
ind: 26
( ( 5.0 + ( ( ( ( 4.0 * (1y + 5.0) )^2  ) * ( (8x + -7.0)^2  ) ) + ( (8x + 6.0)^2  ) ) )^2  )
Fitness 3084.1250122
ind: 27
( ( (3x + 7.0) + ( ( ( (2x + 9.0)^2  ) * (9y + -10.0) )^2  ) ) + ( (8y + 2.0) + ( ( ( (4x + -8.0)^2  )^2  )^2  ) ) )
Fitness 733.417188828
ind: 28
( ( 8.0 * (7x + 6.0) ) * (1y + -6.0) )
Fitness 2.40156479248
ind: 29
( ( ( (2x + -3.0)^2  ) + ( (1y + -2.0) + (3y + 6.0) ) )^2  )
Fitness 1.89055319679
ind: 30
( ( ( 6.0 * (5x + 8.0) ) + ( ( (10y + 3.0) + ( 5.0^2  ) ) * (9x + 2.0) ) ) + 8.0 )
Fitness 1.60218191062
ind: 31
( ( ( ( ( (2y + 3.0)^2  ) + ( ( (1y + 7.0) + 10.0 ) * (1x + 4.0) ) )^2  )^2  ) * ( ( (1x + -8.0) + ( 4.0 + 1.0 ) )^2  ) )
Fitness 2682.34372244
ind: 32
( ( ( ( ( ( 10.0 + (1x + 5.0) ) * ( 6.0 + 4.0 ) ) * ( 6.0 + 9.0 ) ) * ( ( ( 8.0 + (3y + -7.0) ) * ( (2y + 6.0) * 9.0 ) ) + ( ( 2.0 * (8y + 0.0) ) * ( (4x + -8.0) + (3y + -9.0) ) ) ) ) * (4x + -7.0) ) + (10y + -4.0) )
Fitness 167.465738745
ind: 33
( ( ( ( ( (8y + -4.0)^2  ) + ( ( (2x + -4.0) + 5.0 ) + ( 3.0 + 9.0 ) ) ) * ( 10.0 * (6y + 9.0) ) ) + (4y + 2.0) )^2  )
Fitness 509.983073129
ind: 34
( (1y + -6.0) + ( ( ( ( ( 8.0 + 1.0 )^2  ) + (8y + 1.0) ) * ( (1y + -1.0) * (3x + 6.0) ) )^2  ) )
Fitness 68.4069937621
ind: 35
( (4y + -1.0) + ( (7x + 6.0) + 2.0 ) )
Fitness 0.352937242546
ind: 36
( 5.0 + ( ( ( ( ( 4.0^2  ) * 3.0 ) + (10y + -2.0) ) + ( ( 5.0 + ( 8.0^2  ) ) * 1.0 ) ) * (1x + 1.0) ) )
Fitness 1.56660141377
ind: 37
( ( ( (1x + 8.0)^2  )^2  ) + ( ( ( ( (6x + -6.0) * ( 3.0 * (10x + 2.0) ) )^2  ) + ( ( ( 1.0^2  ) + (4y + 2.0) ) * ( (4y + 6.0) * 5.0 ) ) ) + ( ( 8.0 + (9x + 0.0) )^2  ) ) )
Fitness 11.6062388995
ind: 38
( ( ( ( ( 3.0 + (10y + -2.0) ) + 3.0 ) * 2.0 ) * ( (9x + -1.0)^2  ) ) * ( ( (9x + -1.0) * ( 3.0^2  ) ) * (2y + 5.0) ) )
Fitness 11.9759397612
ind: 39
( ( ( ( (8y + 1.0) + (2x + -8.0) ) + (3x + 9.0) )^2  )^2  )
Fitness 6.44518750883
ind: 40
( ( ( (2y + 6.0) + (3x + 1.0) )^2  )^2  )
Fitness 8.38653478537
ind: 41
( ( (6x + 10.0) + ( ( ( ( (1y + 1.0)^2  ) * 5.0 )^2  ) * ( ( ( (9y + -1.0)^2  ) * ( 1.0 * 2.0 ) ) * 1.0 ) ) ) * (8y + 0.0) )
Fitness 34.0906856708
ind: 42
( ( ( 10.0 * ( 2.0^2  ) ) * ( ( ( (9y + -5.0) * ( (5y + -6.0) * 10.0 ) )^2  ) + ( (3x + -1.0)^2  ) ) )^2  )
Fitness 3478265.75985
ind: 43
( ( ( ( ( ( (6y + -8.0) + (7y + 2.0) )^2  ) + (1y + 7.0) )^2  ) + ( ( 7.0 * ( ( (2y + 4.0) * 4.0 )^2  ) ) + 5.0 ) ) + (8x + 10.0) )
Fitness 18.0713881005
ind: 44
( ( 10.0 + ( 4.0 + ( (10x + 9.0) * (8y + -5.0) ) ) ) + (6x + -7.0) )
Fitness 0.808067510451
ind: 45
( ( ( (8x + -5.0)^2  )^2  ) * ( ( ( ( 5.0 * ( (9y + 5.0)^2  ) )^2  ) + 10.0 ) + 9.0 ) )
Fitness 869.88809446
ind: 46
( ( 7.0 + ( (9x + -8.0) + (10y + -6.0) ) )^2  )
Fitness 1.38316413362
ind: 47
( ( 7.0 + ( ( 5.0^2  ) + ( ( (6x + 3.0) + ( (8x + 8.0) * (8y + -10.0) ) ) + (5x + 2.0) ) ) ) + ( (3x + -9.0)^2  ) )
Fitness 0.953186458702
ind: 48
( ( ( ( (1y + -1.0) * (7x + 8.0) ) + 9.0 )^2  ) * (6x + -2.0) )
Fitness 0.599109560002
ind: 49
( ( ( ( ( ( 3.0 * (3y + 8.0) ) + ( (3x + -6.0) * 2.0 ) ) + ( 3.0 + (1x + 10.0) ) ) * 10.0 ) * ( ( ( ( 3.0^2  ) + ( (10y + -1.0)^2  ) ) + ( ( 9.0^2  ) * ( 2.0^2  ) ) ) * ( ( 1.0 * 7.0 ) + (3x + 7.0) ) ) ) * ( (2x + -2.0) * ( ( ( ( 5.0 * (7y + 4.0) ) * 1.0 )^2  ) * ( (5y + 8.0) * 9.0 ) ) ) )
Fitness 62949.2849071
ind: 50
( (10x + -10.0) * ( ( ( ( (3x + 10.0) * 4.0 )^2  ) * ( 3.0 + ( ( 3.0 + 10.0 ) + ( 9.0 + (2y + -10.0) ) ) ) ) * (10x + -6.0) ) )
Fitness 165.47784546
ind: 51
( (4y + 2.0) * (10x + 6.0) )
Fitness 0.596235370365
ind: 52
( ( ( ( ( ( 7.0 * (8y + -5.0) ) + ( (7x + 5.0)^2  ) ) + (5y + 8.0) )^2  )^2  ) + ( (5x + -10.0) * 9.0 ) )
Fitness 421.262750606
ind: 53
( (4y + 8.0) * ( 10.0 * ( 4.0 * (3x + 8.0) ) ) )
Fitness 7.29553143622
ind: 54
( ( 2.0 + (6y + 6.0) ) + (1x + 6.0) )
Fitness 0.512807025853
ind: 55
( (7x + 2.0) * ( 6.0 * ( 10.0 + (5y + -10.0) ) ) )
Fitness 0.820031132471
ind: 56
( ( 4.0 + ( ( (2y + -1.0) * 5.0 ) + ( ( (5y + -7.0) * ( 2.0 + 2.0 ) ) + ( 1.0 * ( (1x + -2.0)^2  ) ) ) ) ) + (5y + -10.0) )
Fitness 0.845974547983
ind: 57
( ( ( ( (6y + -3.0) + (5x + 6.0) ) + ( (6x + 8.0) * ( (9y + -4.0) + (9x + -2.0) ) ) ) * ( ( 3.0^2  )^2  ) ) + ( ( (1y + -2.0)^2  ) * 1.0 ) )
Fitness 8.87949568839
ind: 58
( 3.0 + ( ( (8y + -5.0)^2  ) * ( ( 3.0 * ( (9x + -3.0) + ( 9.0^2  ) ) ) + ( 8.0 * ( 1.0 + (9y + 6.0) ) ) ) ) )
Fitness 14.074904943
ind: 59
( ( (2y + 6.0) * ( ( (10y + 8.0) * 10.0 ) + 1.0 ) ) + (5x + -8.0) )
Fitness 3.3138597619
ind: 60
( ( (3x + 1.0)^2  ) * ( ( ( 4.0 * ( ( 2.0 + (6y + 7.0) )^2  ) ) + ( 8.0^2  ) ) * ( 6.0^2  ) ) )
Fitness 28.6579841113
ind: 61
( ( ( ( 10.0 * ( (3x + -8.0) + ( 5.0^2  ) ) )^2  ) * 10.0 ) * ( (3x + -5.0) * (4y + 8.0) ) )
Fitness 474.694464929
ind: 62
( (7y + -5.0) + ( ( 5.0^2  ) * (4x + 8.0) ) )
Fitness 1.98085593117
ind: 63
( (4y + 3.0) * (8x + -8.0) )
Fitness 0.663483455739
ind: 64
( ( (6x + -2.0)^2  ) * ( ( ( (8x + 2.0) + ( ( 2.0 * 2.0 ) + ( 3.0 * (10y + -7.0) ) ) )^2  ) + 8.0 ) )
Fitness 11.1119506592
ind: 65
( ( ( 8.0 + ( ( ( 3.0 + (8x + -7.0) ) * ( 1.0^2  ) )^2  ) ) + ( ( (2x + 8.0)^2  )^2  ) ) * ( ( (1y + 10.0)^2  ) + ( ( ( 6.0 + (10x + 7.0) ) + ( (9y + 7.0)^2  ) ) + ( ( ( (4y + 9.0) * (10y + 4.0) ) * (2x + -4.0) ) + 1.0 ) ) ) )
Fitness 88.8104486078
ind: 66
( ( ( ( ( ( 4.0 * 2.0 ) + (5x + -2.0) ) + ( (9x + 10.0) + ( 10.0 * 1.0 ) ) )^2  ) * (4x + -7.0) ) * (2y + -2.0) )
Fitness 13.210876098
ind: 67
( ( ( 10.0 + 5.0 ) + 5.0 ) * ( ( (10y + -6.0) * ( (3x + -10.0) + (3y + 9.0) ) )^2  ) )
Fitness 16.0264872754
ind: 68
( ( (6y + 2.0)^2  ) * ( ( ( (1x + 4.0)^2  ) * 8.0 ) * ( ( ( (3y + 9.0) * 9.0 ) * ( ( 3.0 + (1y + 5.0) )^2  ) ) + (8x + -5.0) ) ) )
Fitness 522.346820969
ind: 69
( ( ( ( (1x + 6.0) * (8x + 9.0) ) + (5x + 10.0) ) + (8x + 3.0) ) + ( ( (9y + 1.0)^2  ) * (2x + 7.0) ) )
Fitness 2.1210700674
ind: 70
( ( ( (3x + -4.0) * ( ( ( (2y + 0.0)^2  )^2  )^2  ) ) + (2y + -4.0) ) + ( ( ( (9x + 3.0)^2  ) * (6y + 7.0) ) * 9.0 ) )
Fitness 5.98529963809
ind: 71
( ( ( (3x + 9.0) + (1x + 9.0) ) * ( (7x + 9.0) + ( ( 1.0 * ( 6.0^2  ) )^2  ) ) ) * ( (2y + 2.0)^2  ) )
Fitness 50.3997462871
ind: 72
( ( ( 10.0 * (8x + 1.0) ) * 9.0 ) * ( (2y + 2.0) * 2.0 ) )
Fitness 4.40376322519
ind: 73
( ( (2y + -9.0) * ( 4.0 * ( ( (3x + 0.0) * 3.0 )^2  ) ) )^2  )
Fitness 47.9756428836
ind: 74
( (5y + -9.0) + ( (1x + -5.0)^2  ) )
Fitness 0.547569202448
ind: 75
( (10x + 5.0) * ( ( ( ( ( 2.0 + 2.0 )^2  ) + 9.0 )^2  ) * ( ( ( ( (7y + -9.0) * 1.0 )^2  )^2  ) + 3.0 ) ) )
Fitness 675.260592382
ind: 76
( (6y + 6.0) * ( (7y + 2.0) + ( ( (6y + 6.0) * ( 1.0 * ( (8x + -2.0)^2  ) ) ) * (4y + -8.0) ) ) )
Fitness 5.03316628308
ind: 77
( ( ( (4y + 1.0) + ( 8.0 * (6x + 8.0) ) ) * ( ( (4y + -10.0) + 7.0 )^2  ) )^2  )
Fitness 132.032892877
ind: 78
( ( ( ( (8y + 4.0)^2  )^2  ) + ( ( (10y + 0.0) + ( ( 5.0 + (1y + -6.0) )^2  ) ) + 6.0 ) ) * ( ( ( ( ( (7x + -10.0)^2  )^2  )^2  ) + 7.0 )^2  ) )
Fitness 483518237.522
ind: 79
( ( ( (7y + 7.0)^2  ) + (4x + -4.0) )^2  )
Fitness 11.3859264952
ind: 80
( ( ( ( ( ( (4y + 0.0) * (2x + -6.0) )^2  ) * ( ( (6x + 1.0)^2  ) + ( (6x + 10.0) * 9.0 ) ) ) + ( (6x + 10.0) + 2.0 ) )^2  ) * 5.0 )
Fitness 6675.09650021
ind: 81
( 1.0 * ( (1y + 0.0) * (3x + 0.0) ) )
Fitness 0.114421965999
ind: 82
( ( ( ( ( ( (5x + -9.0)^2  ) + ( (10y + 9.0) + 9.0 ) ) * ( 1.0^2  ) ) * ( (1x + 10.0)^2  ) )^2  ) * 5.0 )
Fitness 3168.63473468
ind: 83
( (7x + -4.0) + ( (10y + 9.0)^2  ) )
Fitness 1.44979185755
ind: 84
( (2y + 9.0) + (10x + -1.0) )
Fitness 0.380702441006
ind: 85
( (4x + 0.0) * (6y + 9.0) )
Fitness 0.437611047634
ind: 86
( ( ( ( ( ( (10x + -3.0) + 3.0 )^2  )^2  ) + ( (9y + -3.0) + ( (8x + -4.0) * ( (3x + -9.0) + (1x + 0.0) ) ) ) ) + ( ( 7.0 + ( ( (5x + 10.0) * (3y + -4.0) ) * 4.0 ) )^2  ) ) * ( ( 7.0^2  ) * (1x + -5.0) ) )
Fitness 339.695662844
ind: 87
( (5y + 7.0) * (8x + -8.0) )
Fitness 1.02080653654
ind: 88
( ( ( ( ( 10.0 + ( (1x + -9.0) + (6x + -7.0) ) ) * ( (4x + 1.0) + (8x + 2.0) ) ) * ( (7x + -2.0) + ( ( 2.0^2  ) + (9x + 10.0) ) ) )^2  ) + ( ( ( 2.0^2  ) * ( ( (6x + 0.0) + 4.0 )^2  ) ) * ( ( 2.0 * ( ( (7y + 4.0) + (3x + 2.0) ) * ( (10y + 1.0) * (4x + -8.0) ) ) )^2  ) ) )
Fitness 1068.52025228
ind: 89
( ( ( ( ( ( 3.0^2  ) + (6x + 6.0) )^2  )^2  ) + (3y + 3.0) ) + (4y + -10.0) )
Fitness 33.6667795515
ind: 90
( ( ( (3y + -5.0)^2  ) + (1x + 7.0) )^2  )
Fitness 5.18520136766
ind: 91
( ( (4x + -2.0) * ( ( ( 5.0^2  )^2  )^2  ) ) * (3y + -6.0) )
Fitness 315.957541891
ind: 92
( 8.0 * ( ( ( 4.0 * (2y + -3.0) ) + ( ( ( 9.0 * (4x + 9.0) ) * 10.0 )^2  ) ) * ( (2x + -2.0)^2  ) ) )
Fitness 625.301172935
ind: 93
( ( ( ( ( 7.0 * (6y + -6.0) ) * 7.0 ) + ( (4x + -1.0)^2  ) ) + ( 7.0^2  ) ) * 3.0 )
Fitness 3.8235746666
ind: 94
( ( (4y + 1.0) + ( ( ( ( 9.0 + (4x + 0.0) ) * ( (5x + 10.0) + (7x + 5.0) ) ) * ( 2.0^2  ) ) + (7y + 7.0) ) ) * ( (10y + -8.0)^2  ) )
Fitness 27.0898929599
ind: 95
( 3.0 * ( (9x + 9.0) + ( (4y + -8.0) + 4.0 ) ) )
Fitness 0.562015408962
ind: 96
( 3.0 + ( (9y + -6.0) + ( (5x + 8.0)^2  ) ) )
Fitness 1.13176347734
ind: 97
( ( ( ( 3.0 * (10y + -9.0) ) * (3x + -8.0) )^2  )^2  )
Fitness 13107.5958112
ind: 98
( (9x + 0.0) * (10y + -8.0) )
Fitness 0.59816749492
ind: 99
( ( ( 8.0 * ( ( ( 3.0 * 10.0 )^2  )^2  ) ) + 2.0 ) * ( ( ( ( (9x + 0.0) + (9y + 0.0) ) * ( ( (8x + 1.0) + 3.0 )^2  ) ) * (2y + 0.0) ) + ( ( ( 6.0 + 3.0 ) * (7y + -4.0) ) * ( ( ( 2.0 + (1x + 7.0) ) + (8y + 9.0) ) + 9.0 ) ) ) )
Fitness 10818.9906617
ind: 100
( ( ( (7y + 9.0) * 9.0 ) * ( 8.0 + ( 4.0 * (10x + 9.0) ) ) ) * 5.0 )
Fitness 19.9487098964
Best Ind: ( 1.0 * ( (1y + 0.0) * (3x + 0.0) ) )
Fitness = 0.114421965999
Worst Ind: ( ( ( ( (8y + 4.0)^2  )^2  ) + ( ( (10y + 0.0) + ( ( 5.0 + (1y + -6.0) )^2  ) ) + 6.0 ) ) * ( ( ( ( ( (7x + -10.0)^2  )^2  )^2  ) + 7.0 )^2  ) )
Fitness = 483518237.522
Avg Fitness = 6469548.66101
Duplicated = 0
============================================================================
Evaluate Gen  1
New Population 150
Better than Dads 11
Best Ind: ( 1.0 * ( (1y + 0.0) * (3x + 0.0) ) )
Fitness = 0.114421965999
Worst Ind: ( ( ( (3x + 9.0) + (1x + 9.0) ) * ( (7x + 9.0) + ( ( 1.0 * ( 6.0^2  ) )^2  ) ) ) * ( (2y + 2.0)^2  ) )
Fitness = 50.3997462871
Avg Fitness = 7.21122045632
Duplicated = 2
============================================================================
Evaluate Gen  2
New Population 170
Better than Dads 21
Best Ind: ( 1.0 * ( (1y + 0.0) * (3x + 0.0) ) )
Fitness = 0.114421965999
Worst Ind: ( ( 9.0 * ( (9x + -5.0) + ( ( (9y + -3.0) * 3.0 ) * ( 3.0^2  ) ) ) ) + (10x + 0.0) )
Fitness = 4.52119256135
Avg Fitness = 1.57486919532
Duplicated = 3
============================================================================
Evaluate Gen  3
New Population 167
Better than Dads 16
Best Ind: ( 1.0 * ( (1y + 0.0) * (3x + 0.0) ) )
Fitness = 0.114421965999
Worst Ind: ( (7y + -5.0) + ( ( 5.0^2  ) * (4x + 8.0) ) )
Fitness = 1.98085593117
Avg Fitness = 0.920305407064
Duplicated = 6
============================================================================
Evaluate Gen  4
New Population 163
Better than Dads 24
Best Ind: ( 1.0 * ( (1y + 0.0) * (3x + 0.0) ) )
Fitness = 0.114421965999
Worst Ind: ( (9x + 4.0) + ( 3.0 * ( ( (8x + -4.0)^2  ) + (4y + 3.0) ) ) )
Fitness = 1.21304773671
Avg Fitness = 0.671915711662
Duplicated = 10
============================================================================
Evaluate Gen  5
New Population 166
Better than Dads 28
Best Ind: ( 1.0 * ( (1y + 0.0) * (3x + 0.0) ) )
Fitness = 0.114421965999
Worst Ind: ( ( 7.0 + (1y + 3.0) ) + ( (1x + -5.0)^2  ) )
Fitness = 0.823482443221
Avg Fitness = 0.526107761754
Duplicated = 22
============================================================================
Evaluate Gen  6
New Population 161
Better than Dads 21
Best Ind: ( 1.0 * ( (1y + 0.0) * (3x + 0.0) ) )
Fitness = 0.114421965999
Worst Ind: ( (4y + 3.0) * (8x + -8.0) )
Fitness = 0.663483455739
Avg Fitness = 0.434308810314
Duplicated = 19
============================================================================
Evaluate Gen  7
New Population 163
Better than Dads 16
Best Ind: ( (8y + 1.0) * (1x + 0.0) )
Fitness = 0.111475483454
Worst Ind: ( ( (4y + -5.0) + ( (7x + 8.0) + ( (3x + 0.0) * 7.0 ) ) ) + (9x + 1.0) )
Fitness = 0.481442031958
Avg Fitness = 0.353748317233
Duplicated = 19
============================================================================
Evaluate Gen  8
New Population 169
Better than Dads 25
Best Ind: ( 1.0 + ( (1y + 0.0) * (3x + 0.0) ) )
Fitness = 0.0831533162499
Worst Ind: ( (1y + -8.0) + (1x + 0.0) )
Fitness = 0.423278662002
Avg Fitness = 0.31632726025
Duplicated = 21
============================================================================
Evaluate Gen  9
New Population 163
Better than Dads 23
Best Ind: ( 1.0 + ( (1y + 0.0) * (3x + 0.0) ) )
Fitness = 0.0831533162499
Worst Ind: ( (9x + 0.0) + ( (2y + -1.0) * 5.0 ) )
Fitness = 0.37825722517
Avg Fitness = 0.292574190444
Duplicated = 27
============================================================================
Evaluate Gen  10
New Population 157
Better than Dads 20
Best Ind: ( 1.0 + ( (1y + 0.0) * (3x + 0.0) ) )
Fitness = 0.0831533162499
Worst Ind: ( (7x + 2.0) + (9y + -3.0) )
Fitness = 0.342650649795
Avg Fitness = 0.271536343474
Duplicated = 36
============================================================================
Evaluate Gen  11
New Population 168
Better than Dads 22
Best Ind: ( 1.0 + ( (1y + 0.0) * (3x + 0.0) ) )
Fitness = 0.0831533162499
Worst Ind: ( (1y + -8.0) + ( 1.0 * ( (1x + -2.0)^2  ) ) )
Fitness = 0.315323113181
Avg Fitness = 0.247798392553
Duplicated = 35
============================================================================
Evaluate Gen  12
New Population 163
Better than Dads 30
Best Ind: ( 1.0 + ( (1y + 0.0) * (3x + 0.0) ) )
Fitness = 0.0831533162499
Worst Ind: ( (9x + 0.0) * (2y + 2.0) )
Fitness = 0.310901800581
Avg Fitness = 0.231088093248
Duplicated = 36
============================================================================
Evaluate Gen  13
New Population 158
Better than Dads 19
Best Ind: ( 1.0 + ( (1y + 0.0) * (3x + 0.0) ) )
Fitness = 0.0831533162499
Worst Ind: ( (7x + 2.0) + ( (1y + -8.0) + ( (7x + 6.0) + 2.0 ) ) )
Fitness = 0.287896869615
Avg Fitness = 0.212708306847
Duplicated = 41
============================================================================
Evaluate Gen  14
New Population 162
Better than Dads 26
Best Ind: ( 1.0 + ( (1y + 0.0) * (3x + 0.0) ) )
Fitness = 0.0831533162499
Worst Ind: ( (2y + 1.0) + (10x + -1.0) )
Fitness = 0.263865903572
Avg Fitness = 0.190843267771
Duplicated = 51
============================================================================
Evaluate Gen  15
New Population 164
Better than Dads 23
Best Ind: ( 1.0 + ( (1y + 0.0) * (3x + 0.0) ) )
Fitness = 0.0831533162499
Worst Ind: ( ( (4x + -7.0) + 9.0 ) + (1y + -4.0) )
Fitness = 0.240709006284
Avg Fitness = 0.172453292977
Duplicated = 56
============================================================================
Evaluate Gen  16
New Population 171
Better than Dads 25
Best Ind: ( 1.0 + ( (1y + 0.0) * (3x + 0.0) ) )
Fitness = 0.0831533162499
Worst Ind: ( (4y + -1.0) + (1x + 0.0) )
Fitness = 0.211271511782
Avg Fitness = 0.155199053373
Duplicated = 58
============================================================================
Evaluate Gen  17
New Population 171
Better than Dads 24
Best Ind: ( 1.0 + ( (1y + 0.0) * (3x + 0.0) ) )
Fitness = 0.0831533162499
Worst Ind: ( ( (1y + -1.0)^2  ) + (6x + -2.0) )
Fitness = 0.18747461491
Avg Fitness = 0.137829279753
Duplicated = 60
============================================================================
Evaluate Gen  18
New Population 163
Better than Dads 19
Best Ind: ( 1.0 + ( (1y + 0.0) * (3x + 0.0) ) )
Fitness = 0.0831533162499
Worst Ind: ( (1x + 0.0) + (2y + 2.0) )
Fitness = 0.159562923738
Avg Fitness = 0.129360586225
Duplicated = 62
============================================================================
Evaluate Gen  19
New Population 165
Better than Dads 19
Best Ind: ( 1.0 + ( (1y + 0.0) * (3x + 0.0) ) )
Fitness = 0.0831533162499
Worst Ind: ( (1x + 0.0) + (2y + 1.0) )
Fitness = 0.153470567432
Avg Fitness = 0.122550965128
Duplicated = 49
============================================================================
Evaluate Gen  20
New Population 164
Better than Dads 23
Best Ind: ( 1.0 + ( (1y + 0.0) * (3x + 0.0) ) )
Fitness = 0.0831533162499
Worst Ind: ( (4y + -1.0) * (3x + 0.0) )
Fitness = 0.137893488726
Avg Fitness = 0.117829215558
Duplicated = 53
============================================================================
Evaluate Gen  21
New Population 173
Better than Dads 26
Best Ind: ( 1.0 + ( (1y + 0.0) * (3x + 0.0) ) )
Fitness = 0.0831533162499
Worst Ind: ( ( (1y + 0.0) * (3x + 0.0) )^2  )
Fitness = 0.128150355313
Avg Fitness = 0.113004420282
Duplicated = 63
============================================================================
Evaluate Gen  22
New Population 168
Better than Dads 27
Best Ind: ( 1.0 + ( (1y + 0.0) * (3x + 0.0) ) )
Fitness = 0.0831533162499
Worst Ind: ( (1x + 0.0) * (2y + 1.0) )
Fitness = 0.123216259967
Avg Fitness = 0.110656368838
Duplicated = 75
============================================================================
Evaluate Gen  23
New Population 165
Better than Dads 24
Best Ind: ( 1.0 + ( (1y + 0.0) * (3x + 0.0) ) )
Fitness = 0.0831533162499
Worst Ind: ( ( (1y + 0.0) * (1y + 0.0) ) + ( ( ( (1y + 0.0) * (3x + 0.0) )^2  ) * (2y + 2.0) ) )
Fitness = 0.117527976436
Avg Fitness = 0.109173032948
Duplicated = 77
============================================================================
Evaluate Gen  24
New Population 163
Better than Dads 25
Best Ind: ( 1.0 + ( (1y + 0.0) * (3x + 0.0) ) )
Fitness = 0.0831533162499
Worst Ind: ( (1y + 0.0) * (3x + 0.0) )
Fitness = 0.114421965999
Avg Fitness = 0.10897590782
Duplicated = 80
============================================================================
Evaluate Gen  25
New Population 163
Better than Dads 18
Best Ind: ( 1.0 + ( (1y + 0.0) * (3x + 0.0) ) )
Fitness = 0.0831533162499
Worst Ind: ( 1.0 * ( (1y + 0.0) * (3x + 0.0) ) )
Fitness = 0.114421965999
Avg Fitness = 0.108633509647
Duplicated = 79
============================================================================
Evaluate Gen  26
New Population 166
Better than Dads 21
Best Ind: ( 1.0 + ( (1y + 0.0) * (3x + 0.0) ) )
Fitness = 0.0831533162499
Worst Ind: ( ( 1.0^2  ) * ( (1y + 0.0) * (3x + 0.0) ) )
Fitness = 0.114421965999
Avg Fitness = 0.108077804551
Duplicated = 78
============================================================================
Evaluate Gen  27
New Population 163
Better than Dads 26
Best Ind: ( 1.0 + ( (1y + 0.0) * (3x + 0.0) ) )
Fitness = 0.0831533162499
Worst Ind: ( 1.0 * ( (1y + 0.0) * (3x + 0.0) ) )
Fitness = 0.114421965999
Avg Fitness = 0.10792224433
Duplicated = 77
============================================================================
Evaluate Gen  28
New Population 164
Better than Dads 25
Best Ind: ( 1.0 + ( (1y + 0.0) * (3x + 0.0) ) )
Fitness = 0.0831533162499
Worst Ind: ( 1.0 * ( (1y + 0.0) * (3x + 0.0) ) )
Fitness = 0.114421965999
Avg Fitness = 0.107892532654
Duplicated = 77
============================================================================
Evaluate Gen  29
New Population 158
Better than Dads 24
Best Ind: ( 1.0 + ( (1y + 0.0) * (3x + 0.0) ) )
Fitness = 0.0831533162499
Worst Ind: ( 1.0 * ( (1y + 0.0) * (3x + 0.0) ) )
Fitness = 0.114421965999
Avg Fitness = 0.107877676817
Duplicated = 77
============================================================================
Evaluate Gen  30
New Population 168
Better than Dads 28
Best Ind: ( 1.0 + ( (1y + 0.0) * (3x + 0.0) ) )
Fitness = 0.0831533162499
Worst Ind: ( 1.0 * ( (1y + 0.0) * (3x + 0.0) ) )
Fitness = 0.114421965999
Avg Fitness = 0.107000827147
Duplicated = 75
============================================================================
Evaluate Gen  31
New Population 165
Better than Dads 24
Best Ind: ( 1.0 + ( (1y + 0.0) * (3x + 0.0) ) )
Fitness = 0.0831533162499
Worst Ind: ( 1.0 * ( 1.0 * ( (1y + 0.0) * (3x + 0.0) ) ) )
Fitness = 0.114421965999
Avg Fitness = 0.106911035892
Duplicated = 75
============================================================================
Evaluate Gen  32
New Population 163
Better than Dads 20
Best Ind: ( 1.0 + ( 1.0 * ( (1y + 0.0) * ( (4y + -1.0) * (1x + 0.0) ) ) ) )
Fitness = 0.0642280731673
Worst Ind: ( 1.0 * ( (1y + 0.0) * (3x + 0.0) ) )
Fitness = 0.114421965999
Avg Fitness = 0.106231073762
Duplicated = 73
============================================================================
Evaluate Gen  33
New Population 162
Better than Dads 26
Best Ind: ( 1.0 + ( 1.0 * ( (1y + 0.0) * ( (4y + -1.0) * (1x + 0.0) ) ) ) )
Fitness = 0.0642280731673
Worst Ind: ( 1.0 * ( (1y + 0.0) * (3x + 0.0) ) )
Fitness = 0.114421965999
Avg Fitness = 0.106110914602
Duplicated = 74
============================================================================
Evaluate Gen  34
New Population 160
Better than Dads 24
Best Ind: ( 1.0 + ( 1.0 * ( (1y + 0.0) * ( (4y + -1.0) * (1x + 0.0) ) ) ) )
Fitness = 0.0642280731673
Worst Ind: ( 1.0 * ( 1.0 * ( (1y + 0.0) * (3x + 0.0) ) ) )
Fitness = 0.114421965999
Avg Fitness = 0.105770611975
Duplicated = 74
============================================================================
Evaluate Gen  35
New Population 161
Better than Dads 18
Best Ind: ( 1.0 + ( 1.0 * ( (1y + 0.0) * ( (4y + -1.0) * (1x + 0.0) ) ) ) )
Fitness = 0.0642280731673
Worst Ind: ( 1.0 * ( (4y + -1.0) * (1x + 0.0) ) )
Fitness = 0.112936382238
Avg Fitness = 0.105225140953
Duplicated = 76
============================================================================
Evaluate Gen  36
New Population 163
Better than Dads 22
Best Ind: ( 1.0 + ( 1.0 * ( (1y + 0.0) * ( (4y + -1.0) * (1x + 0.0) ) ) ) )
Fitness = 0.0642280731673
Worst Ind: ( (4y + -1.0) * (1x + 0.0) )
Fitness = 0.112936382238
Avg Fitness = 0.105011393906
Duplicated = 76
============================================================================
Evaluate Gen  37
New Population 160
Better than Dads 20
Best Ind: ( 1.0 + ( 1.0 * ( (1y + 0.0) * ( (4y + -1.0) * (1x + 0.0) ) ) ) )
Fitness = 0.0642280731673
Worst Ind: ( (4y + -1.0) * (1x + 0.0) )
Fitness = 0.112936382238
Avg Fitness = 0.104781419243
Duplicated = 74
============================================================================
Evaluate Gen  38
New Population 164
Better than Dads 23
Best Ind: ( 1.0 + ( 1.0 * ( (1y + 0.0) * ( (4y + -1.0) * (1x + 0.0) ) ) ) )
Fitness = 0.0642280731673
Worst Ind: ( 1.0 * ( (4y + -1.0) * (1x + 0.0) ) )
Fitness = 0.112936382238
Avg Fitness = 0.104632164879
Duplicated = 72
============================================================================
Evaluate Gen  39
New Population 164
Better than Dads 23
Best Ind: ( 1.0 + ( 1.0 * ( (1y + 0.0) * ( (4y + -1.0) * (1x + 0.0) ) ) ) )
Fitness = 0.0642280731673
Worst Ind: ( (1x + 0.0) * (4y + -1.0) )
Fitness = 0.112936382238
Avg Fitness = 0.104438578678
Duplicated = 72
============================================================================
Evaluate Gen  40
New Population 165
Better than Dads 27
Best Ind: ( 1.0 + ( 1.0 * ( (1y + 0.0) * ( (4y + -1.0) * (1x + 0.0) ) ) ) )
Fitness = 0.0642280731673
Worst Ind: ( (4y + -1.0) * (1x + 0.0) )
Fitness = 0.112936382238
Avg Fitness = 0.103942178399
Duplicated = 71
============================================================================
Evaluate Gen  41
New Population 166
Better than Dads 26
Best Ind: ( 1.0 + ( 1.0 * ( (1y + 0.0) * ( (4y + -1.0) * (1x + 0.0) ) ) ) )
Fitness = 0.0642280731673
Worst Ind: ( (1x + 0.0) + ( (1y + -1.0)^2  ) )
Fitness = 0.112870759302
Avg Fitness = 0.103494345938
Duplicated = 72
============================================================================
Evaluate Gen  42
New Population 161
Better than Dads 29
Best Ind: ( 1.0 + ( 1.0 * ( (1y + 0.0) * ( (4y + -1.0) * (1x + 0.0) ) ) ) )
Fitness = 0.0642280731673
Worst Ind: ( (1x + 0.0) + ( (1y + -1.0)^2  ) )
Fitness = 0.112870759302
Avg Fitness = 0.103400177755
Duplicated = 72
============================================================================
Evaluate Gen  43
New Population 168
Better than Dads 24
Best Ind: ( 1.0 + ( 1.0 * ( (1y + 0.0) * ( (4y + -1.0) * (1x + 0.0) ) ) ) )
Fitness = 0.0642280731673
Worst Ind: ( (8y + 1.0) * (1x + 0.0) )
Fitness = 0.111475483454
Avg Fitness = 0.102451250671
Duplicated = 71
============================================================================
Evaluate Gen  44
New Population 164
Better than Dads 32
Best Ind: ( 1.0 + ( 1.0 * ( (1y + 0.0) * ( (4y + -1.0) * (1x + 0.0) ) ) ) )
Fitness = 0.0642280731673
Worst Ind: ( (8y + 1.0) * (1x + 0.0) )
Fitness = 0.111475483454
Avg Fitness = 0.102398940763
Duplicated = 71
============================================================================
Evaluate Gen  45
New Population 170
Better than Dads 27
Best Ind: ( 1.0 + ( 1.0 * ( (1y + 0.0) * ( (4y + -1.0) * (1x + 0.0) ) ) ) )
Fitness = 0.0642280731673
Worst Ind: ( (8y + 1.0) * (1x + 0.0) )
Fitness = 0.111475483454
Avg Fitness = 0.101778461393
Duplicated = 71
============================================================================
Evaluate Gen  46
New Population 168
Better than Dads 31
Best Ind: ( 1.0 + ( 1.0 * ( (1y + 0.0) * ( (4y + -1.0) * (1x + 0.0) ) ) ) )
Fitness = 0.0642280731673
Worst Ind: ( (8y + 1.0) * (1x + 0.0) )
Fitness = 0.111475483454
Avg Fitness = 0.101479346451
Duplicated = 70
============================================================================
Evaluate Gen  47
New Population 163
Better than Dads 31
Best Ind: ( 1.0 + ( 1.0 * ( (1y + 0.0) * ( (4y + -1.0) * (1x + 0.0) ) ) ) )
Fitness = 0.0642280731673
Worst Ind: ( (8y + 1.0) * (1x + 0.0) )
Fitness = 0.111475483454
Avg Fitness = 0.101200320952
Duplicated = 66
============================================================================
Evaluate Gen  48
New Population 167
Better than Dads 27
Best Ind: ( 1.0 + ( 1.0 * ( (1y + 0.0) * ( (4y + -1.0) * (1x + 0.0) ) ) ) )
Fitness = 0.0642280731673
Worst Ind: ( 1.0 * ( (8y + 1.0) * (1x + 0.0) ) )
Fitness = 0.111475483454
Avg Fitness = 0.100562855779
Duplicated = 65
============================================================================
Evaluate Gen  49
New Population 168
Better than Dads 32
Best Ind: ( 1.0 + ( 1.0 * ( (1y + 0.0) * ( (4y + -1.0) * (1x + 0.0) ) ) ) )
Fitness = 0.0642280731673
Worst Ind: ( (8y + 1.0) * (1x + 0.0) )
Fitness = 0.111475483454
Avg Fitness = 0.100078910393
Duplicated = 63
============================================================================
Evaluate Gen  50
New Population 174
Better than Dads 38
Best Ind: ( 1.0 + ( 1.0 * ( (1y + 0.0) * ( (4y + -1.0) * (1x + 0.0) ) ) ) )
Fitness = 0.0642280731673
Worst Ind: ( (1y + 0.0) + ( (4y + -1.0) * (1x + 0.0) ) )
Fitness = 0.108260716703
Avg Fitness = 0.099385540981
Duplicated = 63
============================================================================
Evaluate Gen  51
New Population 174
Better than Dads 35
Best Ind: ( 1.0 + ( 1.0 * ( (1y + 0.0) * ( (4y + -1.0) * (1x + 0.0) ) ) ) )
Fitness = 0.0642280731673
Worst Ind: ( ( (1y + 0.0) * (1y + 0.0) ) + ( ( 1.0 * ( (1y + 0.0) * (3x + 0.0) ) ) * (2y + 2.0) ) )
Fitness = 0.108095093912
Avg Fitness = 0.099075290409
Duplicated = 66
============================================================================
Evaluate Gen  52
New Population 173
Better than Dads 34
Best Ind: ( 1.0 + ( 1.0 * ( (1y + 0.0) * ( (4y + -1.0) * (1x + 0.0) ) ) ) )
Fitness = 0.0642280731673
Worst Ind: ( (1x + 0.0) + ( (4y + -1.0) * (1x + 0.0) ) )
Fitness = 0.106244492675
Avg Fitness = 0.0988717778875
Duplicated = 66
============================================================================
Evaluate Gen  53
New Population 171
Better than Dads 38
Best Ind: ( 1.0 + ( 1.0 * ( (1y + 0.0) * ( (4y + -1.0) * (1x + 0.0) ) ) ) )
Fitness = 0.0642280731673
Worst Ind: ( (1x + 0.0) + ( (4y + -1.0) * (1x + 0.0) ) )
Fitness = 0.106244492675
Avg Fitness = 0.0984381601321
Duplicated = 62
============================================================================
Evaluate Gen  54
New Population 169
Better than Dads 32
Best Ind: ( 1.0 + ( 1.0 * ( (1y + 0.0) * ( (4y + -1.0) * (1x + 0.0) ) ) ) )
Fitness = 0.0642280731673
Worst Ind: ( (1y + 0.0) * (4x + 0.0) )
Fitness = 0.106244492675
Avg Fitness = 0.0974571038433
Duplicated = 61
============================================================================
Evaluate Gen  55
New Population 180
Better than Dads 40
Best Ind: ( 1.0 + ( ( (3x + 0.0) * (1y + 0.0) ) * (1x + 0.0) ) )
Fitness = 0.0497346499138
Worst Ind: ( (1x + 0.0) + ( (4y + -1.0) * (1x + 0.0) ) )
Fitness = 0.106244492675
Avg Fitness = 0.0961205768494
Duplicated = 53
============================================================================
Evaluate Gen  56
New Population 179
Better than Dads 42
Best Ind: ( 1.0 + ( ( (3x + 0.0) * (1y + 0.0) ) * (1x + 0.0) ) )
Fitness = 0.0497346499138
Worst Ind: ( ( ( 1.0 * ( (1y + 0.0) * (1x + 0.0) ) ) + ( ( 1.0 * ( (1y + 0.0) * (1x + 0.0) ) ) * (2y + 2.0) ) ) + ( (1x + 0.0) + ( (4y + -1.0) * (1x + 0.0) ) ) )
Fitness = 0.104750208198
Avg Fitness = 0.0953126562555
Duplicated = 54
============================================================================
Evaluate Gen  57
New Population 180
Better than Dads 40
Best Ind: ( 1.0 + ( ( (3x + 0.0) * (1y + 0.0) ) * (1x + 0.0) ) )
Fitness = 0.0497346499138
Worst Ind: ( (4y + -1.0) * ( (1x + 0.0) * (2y + 2.0) ) )
Fitness = 0.103742740126
Avg Fitness = 0.0940475004721
Duplicated = 57
============================================================================
Evaluate Gen  58
New Population 178
Better than Dads 35
Best Ind: ( 1.0 + ( ( ( (1y + 0.0) * (1y + 0.0) ) + ( (1x + 0.0) * ( (1y + 0.0) * (1y + 0.0) ) ) ) * (1x + 0.0) ) )
Fitness = 0.0337324831701
Worst Ind: ( ( (1y + 0.0) * (3x + 0.0) ) + ( 1.0 * ( (1y + 0.0) * (4x + 0.0) ) ) )
Fitness = 0.103437424763
Avg Fitness = 0.0913815352844
Duplicated = 55
============================================================================
Evaluate Gen  59
New Population 175
Better than Dads 37
Best Ind: ( 1.0 + ( ( ( (1y + 0.0) * (1y + 0.0) ) + ( (1x + 0.0) * ( (1y + 0.0) * (1y + 0.0) ) ) ) * (1x + 0.0) ) )
Fitness = 0.0337324831701
Worst Ind: ( ( ( (1x + 0.0) * (1y + 0.0) ) + ( ( 1.0 * ( (1y + 0.0) * (1x + 0.0) ) ) * (2y + 2.0) ) ) + ( (1y + 0.0) * (3x + 0.0) ) )
Fitness = 0.10329315047
Avg Fitness = 0.0897414058608
Duplicated = 57
============================================================================
Evaluate Gen  60
New Population 175
Better than Dads 33
Best Ind: ( 1.0 + ( ( ( (1y + 0.0) * (1y + 0.0) ) + ( (1x + 0.0) * ( (1y + 0.0) * (1y + 0.0) ) ) ) * (1x + 0.0) ) )
Fitness = 0.0337324831701
Worst Ind: ( ( ( (1y + 0.0) * (1y + 0.0) ) + ( (1x + 0.0) * ( (1y + 0.0) * (1y + 0.0) ) ) ) + ( (1y + 0.0) * (3x + 0.0) ) )
Fitness = 0.100414651318
Avg Fitness = 0.0875578268344
Duplicated = 59
============================================================================
Evaluate Gen  61
New Population 174
Better than Dads 34
Best Ind: ( 1.0 + ( ( ( (1y + 0.0) * (1y + 0.0) ) + ( (1x + 0.0) * ( (1y + 0.0) * (1y + 0.0) ) ) ) * (1x + 0.0) ) )
Fitness = 0.0337324831701
Worst Ind: ( ( (1y + 0.0) * (1y + 0.0) ) + ( (1y + 0.0) * (3x + 0.0) ) )
Fitness = 0.0999491106105
Avg Fitness = 0.0852577930372
Duplicated = 54
============================================================================
Evaluate Gen  62
New Population 173
Better than Dads 30
Best Ind: ( 1.0 + ( ( ( (1y + 0.0) * (1y + 0.0) ) + ( (1x + 0.0) * ( (1y + 0.0) * (1y + 0.0) ) ) ) * (1x + 0.0) ) )
Fitness = 0.0337324831701
Worst Ind: ( ( ( (1y + 0.0) * (1y + 0.0) ) + ( ( 1.0 * ( (1y + 0.0) * (1x + 0.0) ) ) * (2y + 2.0) ) ) + ( (1y + 0.0) * (3x + 0.0) ) )
Fitness = 0.0982031443523
Avg Fitness = 0.082891758268
Duplicated = 58
============================================================================
Evaluate Gen  63
New Population 165
Better than Dads 27
Best Ind: ( 1.0 + ( ( ( (1y + 0.0) * (1y + 0.0) ) + ( (1x + 0.0) * ( (1y + 0.0) * (1y + 0.0) ) ) ) * (1x + 0.0) ) )
Fitness = 0.0337324831701
Worst Ind: ( ( (1y + 0.0) * (1x + 0.0) ) + ( ( (1y + 0.0) * (1y + 0.0) ) + ( (1y + 0.0) * (3x + 0.0) ) ) )
Fitness = 0.0965473311459
Avg Fitness = 0.0803574873555
Duplicated = 57
============================================================================
Evaluate Gen  64
New Population 174
Better than Dads 29
Best Ind: ( 1.0 + ( ( ( (1y + 0.0) * (1y + 0.0) ) + ( (1x + 0.0) * ( (1y + 0.0) * (1y + 0.0) ) ) ) * (1x + 0.0) ) )
Fitness = 0.0337324831701
Worst Ind: ( 1.0 + ( (1y + 0.0) * (4x + 0.0) ) )
Fitness = 0.0960171790418
Avg Fitness = 0.0768065464205
Duplicated = 56
============================================================================
Evaluate Gen  65
New Population 170
Better than Dads 31
Best Ind: ( 1.0 + ( ( ( (1y + 0.0) * (1y + 0.0) ) + ( (1x + 0.0) * ( (1y + 0.0) * (1y + 0.0) ) ) ) * (1x + 0.0) ) )
Fitness = 0.0337324831701
Worst Ind: ( 1.0 + ( ( 1.0 + ( (4y + -1.0) * (1x + 0.0) ) ) * (1x + 0.0) ) )
Fitness = 0.091092739572
Avg Fitness = 0.0736761654165
Duplicated = 59
============================================================================
Evaluate Gen  66
New Population 172
Better than Dads 22
Best Ind: ( 1.0 + ( ( ( (1y + 0.0) * (1y + 0.0) ) + ( (1x + 0.0) * ( (1y + 0.0) * (1y + 0.0) ) ) ) * (1x + 0.0) ) )
Fitness = 0.0337324831701
Worst Ind: ( 1.0 + ( 1.0 * ( (1y + 0.0) * (3x + 0.0) ) ) )
Fitness = 0.0831533162499
Avg Fitness = 0.0704687253012
Duplicated = 57
============================================================================
Evaluate Gen  67
New Population 166
Better than Dads 19
Best Ind: ( 1.0 + ( ( ( (1y + 0.0) * (1y + 0.0) ) + ( (1x + 0.0) * ( (1y + 0.0) * (1y + 0.0) ) ) ) * (1x + 0.0) ) )
Fitness = 0.0337324831701
Worst Ind: ( ( 1.0^2  ) + ( (1y + 0.0) * (3x + 0.0) ) )
Fitness = 0.0831533162499
Avg Fitness = 0.0678323430104
Duplicated = 51
============================================================================
Evaluate Gen  68
New Population 171
Better than Dads 26
Best Ind: ( 1.0 + ( ( ( (1y + 0.0) * (1y + 0.0) ) + ( (1x + 0.0) * ( (1y + 0.0) * (1y + 0.0) ) ) ) * (1x + 0.0) ) )
Fitness = 0.0337324831701
Worst Ind: ( 1.0 + ( (1y + 0.0) * (3x + 0.0) ) )
Fitness = 0.0831533162499
Avg Fitness = 0.0651745658878
Duplicated = 44
============================================================================
Evaluate Gen  69
New Population 174
Better than Dads 36
Best Ind: ( 1.0 + ( ( ( ( (1y + 0.0) * ( (1y + 0.0) * (3x + 0.0) ) ) * ( (1y + 0.0) * (1y + 0.0) ) ) * ( ( (1y + 0.0) * (3x + 0.0) ) * (4x + 0.0) ) ) * (1x + 0.0) ) )
Fitness = 0.0202631893843
Worst Ind: ( 1.0 + ( (1y + 0.0) * (3x + 0.0) ) )
Fitness = 0.0831533162499
Avg Fitness = 0.0619105390846
Duplicated = 40
============================================================================
Evaluate Gen  70
New Population 166
Better than Dads 29
Best Ind: ( 1.0 + ( ( ( ( (1y + 0.0) * ( (1y + 0.0) * (3x + 0.0) ) ) * ( (1y + 0.0) * (1y + 0.0) ) ) * ( ( (1y + 0.0) * (3x + 0.0) ) * (4x + 0.0) ) ) * (1x + 0.0) ) )
Fitness = 0.0202631893843
Worst Ind: ( 1.0 + ( ( 1.0 + ( (1y + 0.0) * (1x + 0.0) ) ) * (1x + 0.0) ) )
Fitness = 0.0776692461704
Avg Fitness = 0.0599378478268
Duplicated = 40
============================================================================
Evaluate Gen  71
New Population 170
Better than Dads 30
Best Ind: ( 1.0 + ( ( ( ( (1y + 0.0) * ( (1y + 0.0) * (3x + 0.0) ) ) * ( (1y + 0.0) * (1y + 0.0) ) ) * ( ( (1y + 0.0) * (3x + 0.0) ) * (4x + 0.0) ) ) * (1x + 0.0) ) )
Fitness = 0.0202631893843
Worst Ind: ( 1.0 + ( ( 1.0 + ( ( (1y + 0.0) * (3x + 0.0) ) * (1x + 0.0) ) ) * (1x + 0.0) ) )
Fitness = 0.0733070238272
Avg Fitness = 0.0568525969956
Duplicated = 40
============================================================================
Evaluate Gen  72
New Population 165
Better than Dads 24
Best Ind: ( 1.0 + ( ( ( ( (1y + 0.0) * ( (1y + 0.0) * (3x + 0.0) ) ) * ( (1y + 0.0) * (1y + 0.0) ) ) * ( ( (1y + 0.0) * (3x + 0.0) ) * (4x + 0.0) ) ) * (1x + 0.0) ) )
Fitness = 0.0202631893843
Worst Ind: ( ( ( (1x + 0.0) * (1y + 0.0) ) + 1.0 )^2  )
Fitness = 0.0707720204412
Avg Fitness = 0.0545113906663
Duplicated = 42
============================================================================
Evaluate Gen  73
New Population 167
Better than Dads 25
Best Ind: ( 1.0 + ( ( ( ( (1y + 0.0) * ( (1y + 0.0) * (3x + 0.0) ) ) * ( (1y + 0.0) * (1y + 0.0) ) ) * ( ( (1y + 0.0) * (3x + 0.0) ) * (4x + 0.0) ) ) * (1x + 0.0) ) )
Fitness = 0.0202631893843
Worst Ind: ( 1.0 + ( 1.0 * ( (1y + 0.0) * ( (4y + -1.0) * (1x + 0.0) ) ) ) )
Fitness = 0.0642280731673
Avg Fitness = 0.0524363323398
Duplicated = 39
============================================================================
Evaluate Gen  74
New Population 169
Better than Dads 25
Best Ind: ( 1.0 + ( (1y + 0.0) * ( ( 1.0 * ( (1x + 0.0) * (1x + 0.0) ) ) * (1x + 0.0) ) ) )
Fitness = 0.0181814007654
Worst Ind: ( 1.0 + ( ( ( (1y + 0.0) * (1y + 0.0) ) + ( ( 1.0 * ( (1y + 0.0) * (1x + 0.0) ) ) * ( (1y + 0.0) * (1y + 0.0) ) ) ) * (1y + 0.0) ) )
Fitness = 0.0618317856832
Avg Fitness = 0.0490685898369
Duplicated = 37
============================================================================
Evaluate Gen  75
New Population 167
Better than Dads 27
Best Ind: ( 1.0 + ( (1y + 0.0) * ( ( 1.0 * ( (1x + 0.0) * (1x + 0.0) ) ) * (1x + 0.0) ) ) )
Fitness = 0.0181814007654
Worst Ind: ( 1.0 + ( ( (1y + 0.0) * (4x + 0.0) ) * (1x + 0.0) ) )
Fitness = 0.0574286270315
Avg Fitness = 0.0471456265758
Duplicated = 40
============================================================================
Evaluate Gen  76
New Population 174
Better than Dads 25
Best Ind: ( 1.0 + ( (1y + 0.0) * ( ( 1.0 * ( (1x + 0.0) * (1x + 0.0) ) ) * (1x + 0.0) ) ) )
Fitness = 0.0181814007654
Worst Ind: ( 1.0 + ( (1y + 0.0) * ( 1.0 * ( (1y + 0.0) * (3x + 0.0) ) ) ) )
Fitness = 0.0569597769808
Avg Fitness = 0.0449306417558
Duplicated = 35
============================================================================
Evaluate Gen  77
New Population 170
Better than Dads 27
Best Ind: ( 1.0 + ( (1y + 0.0) * ( ( 1.0 * ( (1x + 0.0) * (1x + 0.0) ) ) * (1x + 0.0) ) ) )
Fitness = 0.0181814007654
Worst Ind: ( 1.0 + ( ( ( (1x + 0.0) * (1y + 0.0) ) + ( ( 1.0 * ( (1y + 0.0) * (1x + 0.0) ) ) * ( (1y + 0.0) * (1y + 0.0) ) ) ) * (3x + 0.0) ) )
Fitness = 0.0554522042693
Avg Fitness = 0.0429766482494
Duplicated = 35
============================================================================
Evaluate Gen  78
New Population 169
Better than Dads 21
Best Ind: ( 1.0 + ( (1y + 0.0) * ( ( 1.0 * ( (1x + 0.0) * (1x + 0.0) ) ) * (1x + 0.0) ) ) )
Fitness = 0.0181814007654
Worst Ind: ( 1.0 + ( ( 1.0 * ( ( (1y + 0.0) * (3x + 0.0) ) * 1.0 ) ) * (1x + 0.0) ) )
Fitness = 0.0497346499138
Avg Fitness = 0.0409027928782
Duplicated = 33
============================================================================
Evaluate Gen  79
New Population 166
Better than Dads 29
Best Ind: ( 1.0 + ( ( (1y + 0.0) * ( (1y + 0.0) * ( ( (1y + 0.0)^2  ) * (1x + 0.0) ) ) ) * ( (1y + 0.0) * (3x + 0.0) ) ) )
Fitness = 0.012982980432
Worst Ind: ( 1.0 + ( (1y + 0.0) * (1x + 0.0) ) )
Fitness = 0.0480085895209
Avg Fitness = 0.0395366660226
Duplicated = 32
============================================================================
Evaluate Gen  80
New Population 171
Better than Dads 28
Best Ind: ( 1.0 + ( ( (1y + 0.0) * ( (1y + 0.0) * ( ( (1y + 0.0)^2  ) * (1x + 0.0) ) ) ) * ( (1y + 0.0) * (3x + 0.0) ) ) )
Fitness = 0.012982980432
Worst Ind: ( 1.0 + ( (1y + 0.0) * (1x + 0.0) ) )
Fitness = 0.0480085895209
Avg Fitness = 0.037885618662
Duplicated = 21
============================================================================
Evaluate Gen  81
New Population 175
Better than Dads 34
Best Ind: ( 1.0 + ( ( (1y + 0.0) * ( (1y + 0.0) * ( ( (1y + 0.0)^2  ) * (1x + 0.0) ) ) ) * ( (1y + 0.0) * (3x + 0.0) ) ) )
Fitness = 0.012982980432
Worst Ind: ( 1.0 + ( ( (1y + 0.0) * ( (4y + -1.0) * (1x + 0.0) ) ) * ( (1y + 0.0) * (3x + 0.0) ) ) )
Fitness = 0.0472908147143
Avg Fitness = 0.03527493891
Duplicated = 12
============================================================================
Evaluate Gen  82
New Population 170
Better than Dads 24
Best Ind: ( 1.0 + ( ( (1y + 0.0) * ( (1y + 0.0) * ( ( (1y + 0.0)^2  ) * (1x + 0.0) ) ) ) * ( (1y + 0.0) * (3x + 0.0) ) ) )
Fitness = 0.012982980432
Worst Ind: ( 1.0 + ( ( 1.0 * ( ( (1x + 0.0) * (1y + 0.0) ) + ( (1y + 0.0) * ( (1y + 0.0) * 1.0 ) ) ) ) * (1x + 0.0) ) )
Fitness = 0.0436575751187
Avg Fitness = 0.0325925896088
Duplicated = 13
============================================================================
Evaluate Gen  83
New Population 167
Better than Dads 25
Best Ind: ( 1.0 + ( ( (1y + 0.0) * ( (1y + 0.0) * ( ( (1y + 0.0)^2  ) * (1x + 0.0) ) ) ) * ( (1y + 0.0) * (3x + 0.0) ) ) )
Fitness = 0.012982980432
Worst Ind: ( 1.0 + ( (1y + 0.0) * ( (1y + 0.0) * ( (3x + 0.0) * (1y + 0.0) ) ) ) )
Fitness = 0.0404048694474
Avg Fitness = 0.0307215527594
Duplicated = 13
============================================================================
Evaluate Gen  84
New Population 169
Better than Dads 20
Best Ind: ( 1.0 + ( ( (1y + 0.0) * ( (1y + 0.0) * ( ( (1y + 0.0)^2  ) * (1x + 0.0) ) ) ) * ( (1y + 0.0) * (3x + 0.0) ) ) )
Fitness = 0.012982980432
Worst Ind: ( 1.0 + ( ( (1y + 0.0) * ( (1y + 0.0) * (1x + 0.0) ) ) * (3x + 0.0) ) )
Fitness = 0.0345989685582
Avg Fitness = 0.0289281272739
Duplicated = 18
============================================================================
Evaluate Gen  85
New Population 173
Better than Dads 26
Best Ind: ( 1.0 + ( ( (1y + 0.0) * ( (1y + 0.0) * ( ( (1y + 0.0)^2  ) * (1x + 0.0) ) ) ) * ( (1y + 0.0) * (3x + 0.0) ) ) )
Fitness = 0.012982980432
Worst Ind: ( 1.0 + ( 1.0 * ( (1y + 0.0) * ( 1.0 * ( (1y + 0.0) * (1x + 0.0) ) ) ) ) )
Fitness = 0.0328857425728
Avg Fitness = 0.0274301610636
Duplicated = 23
============================================================================
Evaluate Gen  86
New Population 174
Better than Dads 32
Best Ind: ( 1.0 + ( ( (1y + 0.0) * ( (1y + 0.0) * ( ( (1y + 0.0)^2  ) * (1x + 0.0) ) ) ) * ( (1y + 0.0) * (3x + 0.0) ) ) )
Fitness = 0.012982980432
Worst Ind: ( 1.0 + ( 1.0 * ( (1y + 0.0) * ( (1y + 0.0) * (1x + 0.0) ) ) ) )
Fitness = 0.0328857425728
Avg Fitness = 0.0259205523628
Duplicated = 17
============================================================================
Evaluate Gen  87
New Population 163
Better than Dads 19
Best Ind: ( 1.0 + ( ( ( (1y + 0.0) * ( 1.0 * ( (1y + 0.0) * (1x + 0.0) ) ) ) * (1x + 0.0) ) * ( (1y + 0.0) * (1x + 0.0) ) ) )
Fitness = 0.00925867951047
Worst Ind: ( 1.0 + ( ( (1y + 0.0)^2  ) * (1x + 0.0) ) )
Fitness = 0.0328857425728
Avg Fitness = 0.0242456412067
Duplicated = 12
============================================================================
Evaluate Gen  88
New Population 166
Better than Dads 25
Best Ind: ( 1.0 + ( ( ( (1y + 0.0) * ( 1.0 * ( (1y + 0.0) * (1x + 0.0) ) ) ) * (1x + 0.0) ) * ( (1y + 0.0) * (1x + 0.0) ) ) )
Fitness = 0.00925867951047
Worst Ind: ( 1.0 + ( (1y + 0.0) * ( 1.0 * ( (1y + 0.0) * ( (1y + 0.0) * ( (1y + 0.0) * (3x + 0.0) ) ) ) ) ) )
Fitness = 0.0301138949603
Avg Fitness = 0.0227980426961
Duplicated = 19
============================================================================
Evaluate Gen  89
New Population 167
Better than Dads 21
Best Ind: ( 1.0 + ( ( (1x + 0.0) * (1x + 0.0) ) * ( ( (1y + 0.0) * (1x + 0.0) )^2  ) ) )
Fitness = 0.00849966350851
Worst Ind: ( ( ( (1x + 0.0) * (1y + 0.0) ) * (1x + 0.0) ) + 1.0 )
Fitness = 0.0287143135158
Avg Fitness = 0.0213015466346
Duplicated = 14
============================================================================
Evaluate Gen  90
New Population 168
Better than Dads 24
Best Ind: ( 1.0 + ( ( (1x + 0.0) * (1x + 0.0) ) * ( ( (1y + 0.0) * (1x + 0.0) )^2  ) ) )
Fitness = 0.00849966350851
Worst Ind: ( 1.0 + ( ( ( ( (1x + 0.0) + ( (4y + -1.0) * (1x + 0.0) ) ) * (1x + 0.0) ) + ( ( (1y + 0.0) * (1x + 0.0) ) * ( (1y + 0.0) * (1y + 0.0) ) ) ) * ( (1y + 0.0) * (1x + 0.0) ) ) )
Fitness = 0.0261208310109
Avg Fitness = 0.0198145288192
Duplicated = 16
============================================================================
Evaluate Gen  91
New Population 169
Better than Dads 26
Best Ind: ( 1.0 + ( ( ( 1.0 * ( (1y + 0.0) * (1x + 0.0) ) ) * ( (1y + 0.0) * (1x + 0.0) ) ) * ( ( (1y + 0.0) * ( (1y + 0.0) * (3x + 0.0) ) ) * ( (1y + 0.0) * (1x + 0.0) ) ) ) )
Fitness = 0.00584947892284
Worst Ind: ( 1.0 + ( ( (1y + 0.0) * ( (1y + 0.0) * (3x + 0.0) ) ) * ( (1y + 0.0) * ( (1y + 0.0) * (1y + 0.0) ) ) ) )
Fitness = 0.0242139871638
Avg Fitness = 0.0184602673768
Duplicated = 15
============================================================================
Evaluate Gen  92
New Population 174
Better than Dads 30
Best Ind: ( 1.0 + ( ( (1y + 0.0) * (1x + 0.0) ) * ( ( (1x + 0.0) * ( ( (1y + 0.0) * (1x + 0.0) ) * ( (3x + 0.0) * (1y + 0.0) ) ) ) * ( (1y + 0.0) * (1x + 0.0) ) ) ) )
Fitness = 0.00536012329122
Worst Ind: ( ( ( 1.0 * (1y + 0.0) ) * ( ( ( (1x + 0.0) * 1.0 ) * ( (1y + 0.0) * (1x + 0.0) ) ) * (3x + 0.0) ) ) + 1.0 )
Fitness = 0.0223038989326
Avg Fitness = 0.0171962513249
Duplicated = 13
============================================================================
Evaluate Gen  93
New Population 171
Better than Dads 19
Best Ind: ( 1.0 + ( ( ( (1x + 0.0) * (1y + 0.0) ) * ( (1y + 0.0) * (1x + 0.0) ) ) * ( ( (1y + 0.0) * ( (4y + -1.0) * (1x + 0.0) ) ) * ( ( 1.0 * (1y + 0.0) ) * ( (1x + 0.0) * (1y + 0.0) ) ) ) ) )
Fitness = 0.0047420462384
Worst Ind: ( ( ( ( (1y + 0.0) * ( (1y + 0.0) * ( (3x + 0.0) * (1y + 0.0) ) ) ) * (3x + 0.0) ) * ( (1y + 0.0) * (1x + 0.0) ) ) + 1.0 )
Fitness = 0.0202351487449
Avg Fitness = 0.0153590575188
Duplicated = 18
============================================================================
Evaluate Gen  94
New Population 174
Better than Dads 29
Best Ind: ( 1.0 + ( ( ( (1x + 0.0) * (1y + 0.0) ) * ( (1y + 0.0) * (1x + 0.0) ) ) * ( ( (1y + 0.0) * ( (4y + -1.0) * (1x + 0.0) ) ) * ( ( 1.0 * (1y + 0.0) ) * ( (1x + 0.0) * (1y + 0.0) ) ) ) ) )
Fitness = 0.0047420462384
Worst Ind: ( 1.0 + ( ( (1y + 0.0) * (1x + 0.0) ) * ( ( (1x + -1.0) * (1x + 0.0) ) * ( 1.0 * ( (1y + 0.0) * 1.0 ) ) ) ) )
Fitness = 0.0192110714242
Avg Fitness = 0.0140524484538
Duplicated = 16
============================================================================
Evaluate Gen  95
New Population 173
Better than Dads 31
Best Ind: ( 1.0 + ( ( ( (1x + 0.0) * (1y + 0.0) ) * ( (1y + 0.0) * (1x + 0.0) ) ) * ( ( (1y + 0.0) * ( (4y + -1.0) * (1x + 0.0) ) ) * ( ( 1.0 * (1y + 0.0) ) * ( (1x + 0.0) * (1y + 0.0) ) ) ) ) )
Fitness = 0.0047420462384
Worst Ind: ( 1.0 + ( ( (1x + 0.0) * (1x + 0.0) ) * ( (1y + 0.0) * (1x + 0.0) ) ) )
Fitness = 0.0181814007654
Avg Fitness = 0.0131959388035
Duplicated = 15
============================================================================
Evaluate Gen  96
New Population 177
Better than Dads 30
Best Ind: ( ( ( ( (1y + 0.0) * ( ( (1x + 0.0) * (1x + 0.0) ) * ( (1y + 0.0) * (1x + 0.0) ) ) ) * ( 1.0 * ( (1y + 0.0) * (3x + 0.0) ) ) ) * ( ( ( (1x + 0.0) * 1.0 ) * ( (1y + 0.0) * (1x + 0.0) ) ) * (3x + 0.0) ) ) + 1.0 )
Fitness = 0.00438729243161
Worst Ind: ( 1.0 + ( ( ( (1x + 0.0) * (1x + 0.0) ) * (1y + 0.0) ) * ( (1y + 0.0) * ( (1y + 0.0) * (3x + 0.0) ) ) ) )
Fitness = 0.0160365033231
Avg Fitness = 0.0121215747938
Duplicated = 19
============================================================================
Evaluate Gen  97
New Population 173
Better than Dads 28
Best Ind: ( ( ( ( (1y + 0.0) * ( ( (1x + 0.0) * (1x + 0.0) ) * ( (1y + 0.0) * (1x + 0.0) ) ) ) * ( 1.0 * ( (1y + 0.0) * (3x + 0.0) ) ) ) * ( ( ( (1x + 0.0) * 1.0 ) * ( (1y + 0.0) * (1x + 0.0) ) ) * (3x + 0.0) ) ) + 1.0 )
Fitness = 0.00438729243161
Worst Ind: ( 1.0 + ( ( (1y + 0.0) * ( ( (1y + 0.0) * ( (1y + 0.0) * (3x + 0.0) ) ) * ( (1y + 0.0) * (3x + 0.0) ) ) ) * ( (1y + 0.0) * (1x + 0.0) ) ) )
Fitness = 0.0149137283659
Avg Fitness = 0.011083115032
Duplicated = 16
============================================================================
Evaluate Gen  98
New Population 175
Better than Dads 32
Best Ind: ( ( ( ( (1y + 0.0) * ( ( (1x + 0.0) * (1x + 0.0) ) * ( (1y + 0.0) * (1x + 0.0) ) ) ) * ( 1.0 * ( (1y + 0.0) * (3x + 0.0) ) ) ) * ( ( ( (1x + 0.0) * 1.0 ) * ( (1y + 0.0) * (1x + 0.0) ) ) * (3x + 0.0) ) ) + 1.0 )
Fitness = 0.00438729243161
Worst Ind: ( 1.0 + ( ( (1y + 0.0) * (1x + 0.0) ) * ( ( (1y + 0.0) * (1x + 0.0) ) * ( 1.0 * ( (1y + 0.0) * 1.0 ) ) ) ) )
Fitness = 0.0141587612014
Avg Fitness = 0.0105662860103
Duplicated = 11
============================================================================
Evaluate Gen  99
New Population 169
Better than Dads 29
Best Ind: ( 1.0 + ( ( ( ( (1x + 0.0)^2  ) * (3x + 0.0) ) * ( (1y + 0.0) * ( ( (1y + 0.0)^2  ) * (1x + 0.0) ) ) ) * ( ( (1x + 0.0) * ( (1x + 0.0) * (1y + 0.0) ) ) * (1x + 0.0) ) ) )
Fitness = 0.0025330044664
Worst Ind: ( ( ( (1x + 0.0) * (1y + 0.0) ) * ( (1y + 0.0) * ( (1y + 0.0) * ( (1y + 0.0)^2  ) ) ) ) + 1.0 )
Fitness = 0.0139799520072
Avg Fitness = 0.0100272991808
Duplicated = 10
============================================================================
Evaluate Gen  100
New Population 171
Better than Dads 27
Best Ind: ( 1.0 + ( ( ( ( (1x + 0.0)^2  ) * (3x + 0.0) ) * ( (1y + 0.0) * ( ( (1y + 0.0)^2  ) * (1x + 0.0) ) ) ) * ( ( (1x + 0.0) * ( (1x + 0.0) * (1y + 0.0) ) ) * (1x + 0.0) ) ) )
Fitness = 0.0025330044664
Worst Ind: ( 1.0 + ( (1y + 0.0) * ( ( 1.0 * ( (1x + 0.0) * (1x + 0.0) ) ) * ( (1y + 0.0) * (1x + 0.0) ) ) ) )
Fitness = 0.0128771620527
Avg Fitness = 0.00934652840491
Duplicated = 10
