dataset_file= dataset/SR_div_noise.txt
population= 300
generations= 100
tournament_size= 2
cross_over= 0.9
mutation= 0.05
elitism= True
(50, 2)
============================================================================
Build initial population
ind: 1
( 2.0 + ( ( ( 5.0 + (10x + -8.0) ) + ( 1.0 + ( 3.0 + 9.0 ) ) ) * (1y + 9.0) ) )
Fitness 1.37260336209
ind: 2
( (2x + -4.0) * ( (5y + -9.0)^2  ) )
Fitness 2.68154436254
ind: 3
( ( ( 7.0^2  ) + (3y + 8.0) ) + ( (6x + 7.0) * 9.0 ) )
Fitness 1.55026240452
ind: 4
( 4.0 + ( ( (7x + -1.0) + ( 7.0 * ( ( (8x + -7.0) * (5y + 0.0) ) * ( 5.0 + 8.0 ) ) ) ) + ( ( (3y + -2.0) * 7.0 ) + ( (5x + 3.0) + ( ( (5x + 7.0)^2  )^2  ) ) ) ) )
Fitness 8.52981195478
ind: 5
( (7y + 2.0) * ( ( (3x + -2.0) * 8.0 )^2  ) )
Fitness 3.3694995418
ind: 6
( ( ( 1.0^2  ) * ( ( ( 4.0 + ( 3.0^2  ) ) + ( ( (6x + 3.0) + (1y + 6.0) ) + 7.0 ) ) + ( 4.0 * ( ( 6.0^2  ) + 5.0 ) ) ) )^2  )
Fitness 27.3160470731
ind: 7
( (7x + 6.0) * ( (8y + 5.0) + (1y + 9.0) ) )
Fitness 1.36684138288
ind: 8
( ( ( ( 1.0^2  ) + ( (5y + 8.0) * 5.0 ) )^2  ) * ( ( (9x + -1.0)^2  )^2  ) )
Fitness 52.3179012261
ind: 9
( ( (1x + -5.0) + (6y + 6.0) )^2  )
Fitness 0.464896490075
ind: 10
( ( ( ( ( 8.0^2  ) * 10.0 ) * (4x + -6.0) ) + (10y + 6.0) ) * 7.0 )
Fitness 23.0095358015
ind: 11
( (1y + 8.0) + ( (6x + 8.0) + ( ( ( (8y + 1.0)^2  )^2  )^2  ) ) )
Fitness 475.241894984
ind: 12
( ( ( ( ( ( 4.0 * (2y + -1.0) )^2  ) * 1.0 ) + ( (4y + -10.0) * ( ( (9x + 8.0) + (3y + -4.0) ) * (8y + -3.0) ) ) ) * 10.0 )^2  )
Fitness 153.76247522
ind: 13
( (10x + 0.0) + ( ( 4.0 * ( ( (4y + -3.0) + (10x + 9.0) ) * ( 8.0 * ( 10.0^2  ) ) ) ) * ( ( (3y + 5.0) + (4x + 3.0) ) + (1y + -8.0) ) ) )
Fitness 34.853822049
ind: 14
( ( ( (2x + -7.0)^2  )^2  ) * ( ( (3y + 8.0) + 5.0 )^2  ) )
Fitness 89.3103614311
ind: 15
( ( 8.0^2  ) * ( ( ( ( ( (10x + 9.0)^2  )^2  ) * ( ( (3x + -8.0) * 3.0 )^2  ) ) * (7x + 5.0) ) + (8y + 6.0) ) )
Fitness 6879.64674022
ind: 16
( ( ( ( 10.0 * ( 10.0 * 9.0 ) ) + ( (3y + 8.0) * 3.0 ) ) + ( 6.0 + ( ( ( 9.0 + 2.0 )^2  ) * (2x + -2.0) ) ) ) + ( ( (10x + -4.0)^2  )^2  ) )
Fitness 6.00570358981
ind: 17
( ( ( ( ( 5.0^2  )^2  ) + (1x + -3.0) )^2  ) * ( ( ( ( (3x + -3.0)^2  ) * ( (10x + 8.0)^2  ) ) * (5x + -5.0) ) * (1y + -7.0) ) )
Fitness 10961.6252268
ind: 18
( ( ( (10x + -7.0) * (1y + 4.0) )^2  ) * 10.0 )
Fitness 12.4687469039
ind: 19
( ( ( (6x + 4.0) + (4y + 9.0) )^2  )^2  )
Fitness 29.6249487287
ind: 20
( ( ( 8.0 + ( ( ( (2x + 9.0) + (8x + -5.0) ) + (5y + -4.0) )^2  ) )^2  ) * ( (1x + -9.0) * ( ( ( (9x + 5.0)^2  )^2  ) * 6.0 ) ) )
Fitness 2225.73460939
ind: 21
( ( 3.0 * (7y + -3.0) ) + ( ( (5x + -3.0)^2  )^2  ) )
Fitness 1.90319451486
ind: 22
( ( ( 3.0 * 5.0 ) + ( ( ( ( (6x + -4.0)^2  ) * (2y + 3.0) )^2  ) * ( 7.0 + ( ( (8x + 6.0)^2  ) + 4.0 ) ) ) ) + ( (6x + -2.0)^2  ) )
Fitness 41.263732532
ind: 23
( ( ( (3x + -3.0) + ( (8y + -8.0) + (7x + 1.0) ) )^2  )^2  )
Fitness 26.6300885292
ind: 24
( ( ( (10y + -1.0) + (2y + 6.0) ) + ( ( ( 4.0^2  ) + 5.0 ) + ( (5x + 2.0) * ( ( (4x + -3.0) * 9.0 )^2  ) ) ) ) * 1.0 )
Fitness 4.36497302437
ind: 25
( ( ( ( ( ( 8.0 + (6x + 0.0) ) + ( (10y + -5.0) + 3.0 ) ) * ( ( 1.0 * (4y + -8.0) ) + ( 3.0^2  ) ) )^2  ) * (8x + -4.0) ) * 5.0 )
Fitness 15.0334939164
ind: 26
( ( 6.0 * ( ( (3y + 6.0) * 3.0 )^2  ) ) + (5x + 0.0) )
Fitness 6.49058541782
ind: 27
( ( ( ( 4.0 * ( ( (7x + 1.0) + (1y + -9.0) ) * ( (10x + 8.0)^2  ) ) )^2  ) + ( ( ( ( 7.0 + 8.0 ) * 7.0 )^2  )^2  ) ) * ( ( ( (8x + -5.0) + (1x + 9.0) ) * ( ( (4x + -2.0)^2  ) * (3x + -5.0) ) ) + 10.0 ) )
Fitness 10301.8018266
ind: 28
( ( ( (9x + -5.0) + ( (7y + 7.0)^2  ) )^2  )^2  )
Fitness 1882.37449432
ind: 29
( ( ( (8x + 2.0) + ( ( (5y + 8.0)^2  )^2  ) )^2  ) + ( ( (7x + 9.0)^2  ) * 2.0 ) )
Fitness 1507.48903061
ind: 30
( (6y + 9.0) * ( 4.0 * ( ( ( 9.0 + ( (10x + 10.0) * 4.0 ) ) * ( ( (3y + 3.0) + (6x + 8.0) ) * 1.0 ) ) + ( (4y + -8.0)^2  ) ) ) )
Fitness 23.071338002
ind: 31
( ( ( (6y + -7.0) + ( 4.0 + ( ( (1y + 8.0) + (4y + -8.0) ) + ( (9y + 5.0) + (7x + 9.0) ) ) ) )^2  )^2  )
Fitness 57.3456822976
ind: 32
( ( (2x + 1.0)^2  ) * (7y + 5.0) )
Fitness 0.45411210789
ind: 33
( ( (1y + -6.0) * ( ( (8y + 10.0)^2  ) * ( (8x + -9.0) * 2.0 ) ) ) * ( ( 8.0^2  ) + ( ( ( (6y + 2.0) + (8y + -5.0) ) + ( 4.0 * ( (6x + 10.0) + (2x + 7.0) ) ) ) + 8.0 ) ) )
Fitness 172.429079251
ind: 34
( (1x + 10.0) * ( ( 8.0^2  ) * ( ( (8y + -10.0) + (2y + 8.0) ) + ( ( ( 5.0 + (3y + 7.0) )^2  ) * ( (1x + 8.0) * ( 8.0 * 4.0 ) ) ) ) ) )
Fitness 702.233143098
ind: 35
( (10y + 0.0) * ( ( ( ( 6.0 * ( 5.0 * 4.0 ) )^2  ) * ( ( 9.0 * ( (7x + 4.0) * 7.0 ) ) + (7y + -5.0) ) ) * 3.0 ) )
Fitness 1009.04932835
ind: 36
( ( (3y + -5.0)^2  ) * (1x + 0.0) )
Fitness 0.366790067785
ind: 37
( ( ( (3y + -5.0) * ( ( ( 5.0 + (3x + 6.0) ) * ( 2.0^2  ) )^2  ) )^2  ) + 4.0 )
Fitness 1353.13694488
ind: 38
( (8x + 1.0) * ( ( ( ( ( 7.0 * (2y + -1.0) ) * ( (1y + 6.0) + 3.0 ) )^2  ) + ( (5y + -7.0) * (8y + -6.0) ) ) * ( (9x + -6.0) + 5.0 ) ) )
Fitness 25.9057229747
ind: 39
( 4.0 + ( (6x + -7.0) + ( ( ( ( (4x + 9.0) + 10.0 ) * (8y + -4.0) )^2  ) + 7.0 ) ) )
Fitness 14.2075884473
ind: 40
( ( (1y + -10.0) * ( ( 9.0^2  ) * ( ( (1y + -7.0)^2  ) + (2x + 9.0) ) ) ) + 4.0 )
Fitness 30.7029651992
ind: 41
( ( ( (10y + 10.0) + ( 1.0 * ( ( (5y + -4.0)^2  )^2  ) ) ) * (2x + -2.0) ) * ( ( 7.0^2  ) + 2.0 ) )
Fitness 46.6336691317
ind: 42
( ( ( ( ( ( (4y + 9.0)^2  ) * ( 1.0^2  ) ) + ( 8.0 * 7.0 ) ) + 1.0 ) * 5.0 ) * (7x + 4.0) )
Fitness 8.07698574762
ind: 43
( ( 2.0 + ( (4y + 3.0) * ( ( 9.0 + ( 8.0^2  ) )^2  ) ) ) * ( (10x + -6.0)^2  ) )
Fitness 92.1961643268
ind: 44
( (1y + -4.0) * (9x + 4.0) )
Fitness 0.576719555468
ind: 45
( (3y + -8.0) * ( ( ( ( (9x + 6.0) * 3.0 ) + (4x + -6.0) ) + ( (4y + -7.0) + ( (10x + -7.0)^2  ) ) )^2  ) )
Fitness 28.7234770501
ind: 46
( ( ( (8x + -10.0) * ( 2.0 + ( (8x + -8.0)^2  ) ) ) + (4y + 2.0) ) + ( ( ( ( 4.0 + ( (7x + -3.0) + (8y + -10.0) ) ) * (5y + 0.0) ) * ( 4.0 * ( ( (4x + 5.0) * (4x + 6.0) ) * (7y + -7.0) ) ) ) * ( ( 1.0 + (10x + -9.0) ) * (3y + -6.0) ) ) )
Fitness 156.19102337
ind: 47
( ( ( (3x + -5.0) * ( ( ( (10y + 4.0) * 8.0 ) * ( 9.0^2  ) )^2  ) ) + ( 9.0 * ( (7y + 6.0)^2  ) ) ) * ( (3x + 0.0) * ( ( ( (5y + -9.0)^2  )^2  ) + 2.0 ) ) )
Fitness 50463.622629
ind: 48
( ( (10x + -2.0)^2  ) * ( ( ( 1.0^2  ) + (7y + -3.0) ) * ( ( ( 10.0 + ( 3.0^2  ) ) + (8y + -2.0) )^2  ) ) )
Fitness 14.8665021692
ind: 49
( (8y + 7.0) + ( 4.0 * ( ( ( ( (1x + -10.0) + 6.0 ) * ( (6y + -5.0) + (4x + 6.0) ) ) + ( ( 9.0^2  )^2  ) )^2  ) ) )
Fitness 1854.66948647
ind: 50
( ( (7x + -8.0) * ( (8x + -9.0)^2  ) ) * ( ( ( 1.0 * 7.0 ) + ( ( 1.0^2  ) * 2.0 ) ) + (9y + 3.0) ) )
Fitness 12.0788023335
ind: 51
( ( ( (1x + -5.0) + (10y + 4.0) )^2  ) + 8.0 )
Fitness 0.836414825159
ind: 52
( ( (6y + -1.0)^2  ) * ( ( 9.0 * ( ( 2.0 * ( (2x + 3.0) * 7.0 ) ) + (1y + -8.0) ) ) * ( 3.0 + ( (8x + 6.0)^2  ) ) ) )
Fitness 44.9666921858
ind: 53
( 4.0 + ( ( ( (6x + -10.0) * ( ( 8.0 * 10.0 ) + 6.0 ) ) * 7.0 ) + (3y + 4.0) ) )
Fitness 10.8988541818
ind: 54
( (5x + -4.0) + ( ( (5y + 3.0) * ( 6.0 + 4.0 ) ) * ( ( ( 7.0 + ( 2.0 * 3.0 ) ) * ( (6y + 7.0) + 1.0 ) ) + 10.0 ) ) )
Fitness 9.59419519286
ind: 55
( ( (6y + -6.0) + (6x + 6.0) ) * (10x + -4.0) )
Fitness 0.580980062663
ind: 56
( ( ( ( ( ( (7x + -1.0) + 7.0 ) + ( 2.0 * (6y + -5.0) ) )^2  ) + 2.0 ) * 6.0 ) + ( 4.0 + 1.0 ) )
Fitness 3.00526465873
ind: 57
( 4.0 + ( ( ( ( (8y + -9.0)^2  )^2  ) * ( ( ( 5.0 * (8y + 4.0) ) + ( 3.0^2  ) ) + ( (1y + 4.0) + 9.0 ) ) ) + ( ( (9y + 6.0) * ( ( (6x + -8.0)^2  ) * ( 5.0 * 10.0 ) ) ) * ( 5.0^2  ) ) ) )
Fitness 118.600157822
ind: 58
( ( ( ( ( ( (4x + -9.0)^2  )^2  ) + 7.0 )^2  ) * ( 4.0^2  ) ) * (8y + -9.0) )
Fitness 15073.8320854
ind: 59
( (2y + -1.0) * ( (3x + 5.0) * 5.0 ) )
Fitness 0.699248450525
ind: 60
( ( ( (1y + 6.0) + (6x + -3.0) ) + 10.0 ) + (5x + -3.0) )
Fitness 0.430017644166
ind: 61
( ( ( ( 10.0 + ( ( (1y + 3.0)^2  ) * ( (1y + 2.0) + (6x + 9.0) ) ) )^2  )^2  ) * (2x + -4.0) )
Fitness 5792.84160125
ind: 62
( ( ( 8.0 + ( ( (4y + 3.0)^2  )^2  ) ) * (5x + 3.0) )^2  )
Fitness 433.093738495
ind: 63
( (10y + 3.0) + ( ( 3.0 + ( (2x + 10.0) * 9.0 ) ) * ( 1.0 * ( ( ( (5x + 6.0)^2  ) + (9x + 1.0) )^2  ) ) ) )
Fitness 63.922943642
ind: 64
( (5y + -5.0) + ( (5x + -2.0) + (2x + 7.0) ) )
Fitness 0.285515389549
ind: 65
( ( ( ( (5y + -10.0)^2  ) + (8x + -1.0) ) + ( ( (8y + -6.0) + (1x + -10.0) )^2  ) ) + ( ( ( 1.0 * ( (10x + 2.0) + 6.0 ) ) * ( 6.0 + (6x + -8.0) ) ) * ( (3y + -7.0) + (9y + -6.0) ) ) )
Fitness 3.28996012778
ind: 66
( 8.0 * ( ( 4.0 + ( (9x + -7.0)^2  ) ) * (7y + -8.0) ) )
Fitness 9.42913786454
ind: 67
( ( ( 2.0 * ( ( 10.0^2  ) + ( (2y + 6.0) * (9y + 7.0) ) ) ) + ( 5.0^2  ) ) * (10x + -6.0) )
Fitness 5.83924978595
ind: 68
( ( (6y + 1.0) + ( 6.0 + (7y + 8.0) ) ) + (8x + 10.0) )
Fitness 0.699154679468
ind: 69
( (3x + 5.0) + (6y + -6.0) )
Fitness 0.262792018911
ind: 70
( ( (2x + -6.0) + ( ( (3x + -5.0)^2  ) + ( ( ( (1y + -3.0)^2  ) + (3y + 8.0) ) * ( ( (2y + -6.0) * (3x + 10.0) )^2  ) ) ) ) * (9x + -3.0) )
Fitness 65.8555133975
ind: 71
( ( ( ( 9.0 * ( (5x + -3.0)^2  ) ) + ( (1x + 10.0)^2  ) )^2  ) * ( (10y + -4.0) * 10.0 ) )
Fitness 246.859512496
ind: 72
( ( ( ( (6x + 10.0) + 3.0 ) * ( (7y + 10.0) * (4y + -8.0) ) ) + 1.0 ) * 4.0 )
Fitness 8.82019030807
ind: 73
( ( ( ( ( 7.0 + ( 3.0 * 5.0 ) ) * ( ( (5x + 7.0) + 9.0 ) + ( 9.0^2  ) ) ) + (9y + 10.0) ) + ( 1.0 + 7.0 ) ) * 6.0 )
Fitness 16.0783191725
ind: 74
( ( ( (4x + 7.0) + ( 5.0 + 6.0 ) ) * (5y + 3.0) ) * 8.0 )
Fitness 3.11771820154
ind: 75
( ( (3x + 5.0)^2  ) * ( ( (1y + 6.0) * ( ( (10x + 3.0)^2  )^2  ) ) + ( (3y + -10.0)^2  ) ) )
Fitness 62.819119109
ind: 76
( 2.0 * ( ( ( 2.0 * ( 4.0^2  ) ) + ( (9x + -9.0) * ( (10x + -4.0) + ( 9.0 + (8y + -1.0) ) ) ) ) * 6.0 ) )
Fitness 3.30771048686
ind: 77
( (7x + 1.0) + ( 7.0 * ( ( 2.0 + (7y + -10.0) ) * (3x + -5.0) ) ) )
Fitness 2.41270254682
ind: 78
( 2.0 + ( ( (6y + 0.0) * (10x + -6.0) )^2  ) )
Fitness 2.73589077967
ind: 79
( (8x + 8.0) * ( ( ( ( ( 4.0 + (6y + 4.0) ) * (3y + -3.0) )^2  ) * ( ( ( (1y + -9.0) * 9.0 )^2  ) * ( ( 8.0 + (3y + 6.0) )^2  ) ) )^2  ) )
Fitness 212860608.138
ind: 80
( ( (5y + -5.0) * ( 10.0^2  ) ) + ( 8.0 * (8x + -5.0) ) )
Fitness 3.27333079782
ind: 81
( ( ( (4x + -2.0) + 6.0 ) + (4y + 2.0) ) * (9x + -10.0) )
Fitness 1.04137386357
ind: 82
( 1.0 * ( ( ( (4x + 5.0)^2  ) * (4y + 1.0) ) + (6y + 4.0) ) )
Fitness 1.13631798979
ind: 83
( ( ( (8x + 10.0) * ( ( ( 1.0 + 10.0 ) * (6y + -8.0) )^2  ) ) + 9.0 ) * ( ( 8.0 * ( (7y + 6.0) + ( ( 3.0 + (4x + 6.0) ) * ( 8.0 * (9x + 10.0) ) ) ) ) + ( 5.0 * 5.0 ) ) )
Fitness 2878.36047519
ind: 84
( ( (9x + 7.0) * 9.0 ) * ( (1y + -8.0) + ( ( ( 2.0 + 10.0 )^2  )^2  ) ) )
Fitness 163.714668087
ind: 85
( ( ( (3x + -5.0) * ( (1x + -8.0) * ( ( 3.0 * 2.0 ) + ( 7.0 + 2.0 ) ) ) ) * ( (6y + 3.0) + ( (3x + 2.0) * ( 1.0 * ( 6.0 + 2.0 ) ) ) ) ) * (1x + 1.0) )
Fitness 15.2337305439
ind: 86
( ( (2y + 0.0) + ( (7y + 6.0) * ( (6x + 2.0)^2  ) ) ) * (2y + 1.0) )
Fitness 1.61630533867
ind: 87
( ( (9y + 5.0)^2  ) + ( ( (3x + 7.0) + ( ( 1.0 + (8y + 0.0) )^2  ) )^2  ) )
Fitness 4.83875724052
ind: 88
( ( 9.0 * ( ( ( ( (3y + -2.0) + (3y + -7.0) ) + (2x + 9.0) ) * ( 1.0 * (2x + -9.0) ) ) * ( ( 6.0 * (3y + 7.0) ) * 7.0 ) ) ) + (4x + 2.0) )
Fitness 39.4973965515
ind: 89
( ( (7y + -2.0) + ( ( 1.0 * ( ( (9y + 1.0) + (4x + -1.0) ) + ( 7.0 + (9x + -2.0) ) ) )^2  ) ) + (10x + 5.0) )
Fitness 1.37751503584
ind: 90
( ( ( (9y + -6.0)^2  ) + (8y + 7.0) ) + (10x + -6.0) )
Fitness 1.04270542836
ind: 91
( (6y + 8.0) * ( ( ( (6y + 6.0) + (9y + 7.0) ) + ( ( 3.0^2  ) + (7y + -8.0) ) ) * ( (2y + -1.0) * (9x + -2.0) ) ) )
Fitness 1.84312582524
ind: 92
( ( ( (4y + -1.0)^2  ) + (4x + 3.0) ) * ( ( (5x + -8.0) * ( ( ( 8.0 + (3x + -4.0) ) + ( (3y + -8.0) + 4.0 ) )^2  ) ) * 4.0 ) )
Fitness 5.83840341652
ind: 93
( ( ( ( 2.0 + 6.0 ) + (8x + -5.0) ) + ( ( 1.0^2  )^2  ) ) + ( ( (2y + -5.0) + ( 3.0 + ( (2y + -9.0) * 8.0 ) ) ) * ( 10.0^2  ) ) )
Fitness 12.1312745526
ind: 94
( ( ( 3.0 * ( ( 3.0 * ( (5x + -6.0) * 7.0 ) )^2  ) ) + (6y + 10.0) ) + (9y + 3.0) )
Fitness 31.2916260302
ind: 95
( (7y + -10.0) + ( ( ( ( ( (3y + -9.0) + 9.0 ) + (4x + -7.0) ) * ( ( 7.0^2  ) + 2.0 ) ) + 10.0 )^2  ) )
Fitness 51.3802669363
ind: 96
( (1y + -7.0) * (6x + 1.0) )
Fitness 0.494006871393
ind: 97
( ( ( ( ( (9x + 10.0)^2  ) + ( ( (1x + -6.0) + (8y + 4.0) ) * (8x + -5.0) ) ) + (5y + 10.0) ) * (6y + -4.0) ) + ( ( ( (4x + -4.0) * 9.0 )^2  ) * 4.0 ) )
Fitness 9.95828306755
ind: 98
( ( ( (3x + -3.0) * ( ( ( 5.0^2  ) * (6y + 10.0) ) * ( ( 6.0^2  ) + (10x + -1.0) ) ) ) + ( ( (1y + 10.0) + (2x + -2.0) ) + 7.0 ) )^2  )
Fitness 3503.95627896
ind: 99
( ( ( ( ( ( 5.0^2  ) * ( (10x + 3.0)^2  ) )^2  )^2  ) * (5y + -7.0) ) * (6y + 3.0) )
Fitness 657833.197752
ind: 100
( ( 2.0^2  ) + ( ( (4x + -6.0) * 9.0 ) * (2y + -6.0) ) )
Fitness 2.56352970576
ind: 101
( ( (3y + 6.0) + (6x + -2.0) ) + ( ( ( ( ( 6.0^2  ) + ( (2x + -1.0) + 6.0 ) )^2  ) + ( ( ( 4.0 * (8y + -10.0) ) * ( (7y + 0.0) * (8x + 4.0) ) ) + (9y + 6.0) ) ) * ( (5x + -8.0)^2  ) ) )
Fitness 47.410399168
ind: 102
( ( ( (6y + -10.0) * (2y + -8.0) ) + ( ( ( (4x + 8.0) * ( (6y + 2.0) + 7.0 ) )^2  )^2  ) ) * (5y + -8.0) )
Fitness 2834.93941737
ind: 103
( ( 8.0 + (5x + 3.0) ) * ( 2.0 + (9y + 5.0) ) )
Fitness 1.30829229469
ind: 104
( ( (2x + -7.0) * ( ( ( (10y + 0.0) * (2x + -5.0) ) + (1y + -6.0) )^2  ) ) * (8x + -3.0) )
Fitness 15.5481849793
ind: 105
( ( ( (9x + -2.0) * ( (9y + 8.0)^2  ) )^2  ) + ( 5.0 + ( ( ( (2y + -1.0) * (2y + 0.0) )^2  ) * ( 3.0 + (4y + 4.0) ) ) ) )
Fitness 28.4391994623
ind: 106
( ( (1y + 7.0)^2  ) * ( 1.0 + ( ( 3.0^2  ) + ( ( ( 7.0 + (1x + -2.0) ) + ( 1.0 + (1y + -5.0) ) ) * (4y + -9.0) ) ) ) )
Fitness 2.04538465895
ind: 107
( ( ( ( 9.0 + ( 8.0^2  ) )^2  ) + ( ( ( ( 7.0 * 8.0 ) + (5y + 1.0) ) + ( ( (8y + -7.0) + (9x + 10.0) )^2  ) )^2  ) ) + ( (9y + 1.0) + ( 2.0 * ( 9.0^2  ) ) ) )
Fitness 19.8827670056
ind: 108
( ( ( (1y + 10.0) * ( (4x + -3.0) + ( ( (7x + 0.0)^2  ) + ( 10.0^2  ) ) ) ) * ( ( 7.0 * 3.0 )^2  ) ) + ( ( ( ( (4x + 7.0) + 4.0 )^2  ) * ( (4x + 6.0) * 7.0 ) )^2  ) )
Fitness 842.88279565
ind: 109
( ( ( 2.0^2  ) + ( ( ( 8.0 * (4x + -6.0) ) + 6.0 )^2  ) ) + ( ( ( ( 5.0 + (9x + -3.0) ) * ( ( 3.0^2  )^2  ) ) * ( (10y + -7.0) + (5x + 0.0) ) ) + ( (1y + 7.0) + ( ( 10.0^2  ) * (9x + -2.0) ) ) ) )
Fitness 5.76423121213
ind: 110
( ( ( (8y + 8.0) + ( ( ( (9y + 0.0) * 3.0 ) * (5x + -1.0) ) * 9.0 ) ) * ( ( (3y + -8.0)^2  )^2  ) ) * ( (6x + -1.0)^2  ) )
Fitness 405.305445734
ind: 111
( (4y + 1.0) * ( 5.0 + ( 8.0 + ( 10.0 * ( (1x + -7.0)^2  ) ) ) ) )
Fitness 4.2485842842
ind: 112
( ( ( ( ( ( 1.0^2  ) * ( (7y + 0.0)^2  ) ) + ( 9.0^2  ) )^2  )^2  ) * ( ( ( ( (7y + -9.0) * 4.0 ) * 1.0 ) * (5x + -1.0) ) + (8x + 2.0) ) )
Fitness 9764.77173112
ind: 113
( (9x + 8.0) + ( 5.0 + ( ( (2y + 0.0)^2  ) * (7x + 0.0) ) ) )
Fitness 0.496677185194
ind: 114
( ( (6y + 7.0) + (2y + 7.0) ) * (5x + -2.0) )
Fitness 0.701580562215
ind: 115
( ( ( ( ( (9y + 7.0) * 1.0 )^2  ) * ( 9.0^2  ) ) * ( (7x + 6.0)^2  ) ) + ( ( (9y + -3.0) + 10.0 ) + (6x + 1.0) ) )
Fitness 83.0436416461
ind: 116
( ( (8y + -10.0) + (1x + 5.0) ) + 2.0 )
Fitness 0.294682708388
ind: 117
( ( 6.0 * (2y + 7.0) ) + (10x + -1.0) )
Fitness 0.89955883161
ind: 118
( ( ( (7y + 0.0) * (1x + 8.0) ) * ( 3.0 * (3y + 6.0) ) ) * (1x + 0.0) )
Fitness 1.54790941732
ind: 119
( (5y + 9.0) * ( (4x + 6.0) * 5.0 ) )
Fitness 2.39749840686
ind: 120
( ( 4.0 + ( (9y + 1.0) * ( ( ( 1.0^2  ) + (9x + 7.0) ) * 4.0 ) ) )^2  )
Fitness 24.8947791584
ind: 121
( ( (7y + -3.0) * (9y + -7.0) ) * ( (2x + -9.0) + ( ( ( 9.0 + ( (9x + 2.0)^2  ) )^2  )^2  ) ) )
Fitness 193.595445782
ind: 122
( ( ( ( 6.0 + ( (1x + -8.0) + (10x + -4.0) ) ) * (1y + -3.0) ) + ( (10x + 7.0) * ( ( ( (7y + 6.0) + (3y + -5.0) ) + ( 8.0 * (1x + -10.0) ) )^2  ) ) )^2  )
Fitness 6183.06098646
ind: 123
( ( 3.0 * (3x + 4.0) ) + (1y + -9.0) )
Fitness 0.248878356736
ind: 124
( (4x + 0.0) + ( (1y + 9.0) * (1x + 1.0) ) )
Fitness 0.409921942523
ind: 125
( 7.0 * ( ( 10.0 + ( ( ( (6y + -6.0) + (1x + 5.0) ) + 2.0 ) + (4x + 7.0) ) )^2  ) )
Fitness 7.00296615053
ind: 126
( 5.0 * ( ( ( (1x + 8.0) + (8y + -10.0) ) * (2y + 0.0) )^2  ) )
Fitness 2.08204543635
ind: 127
( ( (10y + 0.0) + ( ( ( ( (6x + -2.0) + (7y + -3.0) ) + (4y + 4.0) ) + 8.0 )^2  ) )^2  )
Fitness 21.8292390133
ind: 128
( ( ( (10x + 6.0) + (2x + -8.0) )^2  ) * (4y + 2.0) )
Fitness 0.543900257074
ind: 129
( ( ( ( (5x + 1.0) * (6y + 2.0) ) * (9x + -1.0) ) * ( ( (1y + -5.0) * 3.0 )^2  ) )^2  )
Fitness 585.012401261
ind: 130
( ( ( 1.0 + ( ( 9.0 + ( (5y + 0.0) * 5.0 ) ) * (1y + -2.0) ) ) * 6.0 ) + (8x + -8.0) )
Fitness 1.53762761539
ind: 131
( ( 8.0 + ( ( ( ( (4x + -7.0)^2  ) * ( (6y + 2.0) * (7x + -9.0) ) ) + ( 5.0 * ( (1x + 8.0)^2  ) ) ) * ( (10x + -2.0)^2  ) ) ) + ( ( 3.0^2  ) + ( (1y + 1.0)^2  ) ) )
Fitness 14.4410451544
ind: 132
( ( ( (5y + 3.0) + ( ( (8x + -10.0) + ( (10y + -4.0) * 6.0 ) )^2  ) ) + ( ( ( ( 6.0 + 6.0 ) * (10x + -3.0) ) * (5x + -6.0) )^2  ) ) * 6.0 )
Fitness 127.306675724
ind: 133
( ( ( ( (7x + 7.0) * ( (1x + 5.0) + ( (6y + -2.0) + 4.0 ) ) ) + 4.0 ) * ( 4.0 + (8y + 7.0) ) )^2  )
Fitness 147.198964323
ind: 134
( ( ( ( (10y + 8.0)^2  ) + ( ( (2x + -8.0) + ( (2y + -8.0) * 10.0 ) ) + 7.0 ) ) + 9.0 )^2  )
Fitness 14.4417922504
ind: 135
( (9x + 9.0) * ( ( ( ( ( (5x + -8.0) + 8.0 ) + ( 5.0 + (1y + 9.0) ) ) + 4.0 )^2  )^2  ) )
Fitness 153.441937126
ind: 136
( ( ( ( (6y + 8.0)^2  ) * ( (4y + 10.0) + (2x + 7.0) ) ) + ( 7.0 + ( (7x + 10.0) * ( (8y + -1.0) * ( (2x + 4.0)^2  ) ) ) ) )^2  )
Fitness 327.840706167
ind: 137
( ( ( (9y + -1.0) + (6x + 6.0) ) + ( ( ( (7y + 9.0) + 5.0 ) * (10x + -7.0) ) * (6x + 3.0) ) )^2  )
Fitness 35.4533181901
ind: 138
( (2y + -2.0) * ( ( 8.0 * (3y + 7.0) ) * (10x + -3.0) ) )
Fitness 2.80050506879
ind: 139
( (1x + -4.0) * ( ( 4.0 * ( ( 4.0 * ( (5x + -10.0) * (8y + -9.0) ) )^2  ) ) * 10.0 ) )
Fitness 771.24657981
ind: 140
( ( (4x + 5.0)^2  ) + ( ( 10.0 + (5y + -6.0) ) + ( (9x + -2.0)^2  ) ) )
Fitness 0.903357842425
ind: 141
( ( ( ( (8y + 4.0) + (3x + -8.0) ) * ( (3y + 6.0) * 5.0 ) )^2  ) + ( ( ( ( 8.0 + ( 2.0 + 5.0 ) )^2  )^2  ) + (3x + -3.0) ) )
Fitness 37.9176068693
ind: 142
( ( ( ( ( ( 7.0^2  )^2  ) * ( (6y + 8.0)^2  ) ) + ( ( ( 10.0^2  ) * 4.0 ) + ( ( (8x + 5.0)^2  ) + ( 8.0 + 3.0 ) ) ) ) * (2x + -9.0) ) * ( (9x + 1.0)^2  ) )
Fitness 586.664086019
ind: 143
( ( 5.0^2  ) * ( ( ( (2x + 1.0) * 8.0 ) * (8y + 8.0) ) * (2x + -8.0) ) )
Fitness 17.6595332259
ind: 144
( ( (10x + -2.0)^2  ) + (5y + 4.0) )
Fitness 0.550846504455
ind: 145
( ( ( 5.0 * ( ( ( 9.0 + (8y + -8.0) ) * (10x + 9.0) ) + ( (1x + -1.0) * 1.0 ) ) ) * ( (2y + 4.0) * (5x + 4.0) ) ) * 2.0 )
Fitness 12.9561185363
ind: 146
( ( ( ( ( ( (7y + 5.0) + 8.0 ) + ( (2x + 2.0) + 1.0 ) ) + (3x + 1.0) )^2  ) * ( ( ( (4y + -6.0) + (10x + 0.0) ) + ( 3.0 * (7x + -4.0) ) )^2  ) )^2  )
Fitness 12989.2365597
ind: 147
( ( (2x + 9.0)^2  ) * ( ( 6.0^2  ) + ( (1y + 6.0) + (5x + -2.0) ) ) )
Fitness 8.13982660898
ind: 148
( ( ( ( ( (10x + -3.0)^2  ) * ( (8y + 0.0)^2  ) ) * ( (10x + -8.0) + 10.0 ) ) + ( ( ( 6.0^2  ) + 2.0 ) + ( ( (3x + -3.0) * ( 4.0 * (6x + -3.0) ) )^2  ) ) )^2  )
Fitness 496.455122216
ind: 149
( ( ( ( ( ( (10x + 8.0) * (10y + -1.0) ) * 9.0 ) * ( (4x + -10.0) * ( (8x + -10.0) * (6y + 8.0) ) ) )^2  ) * ( ( (8y + 8.0) + ( 1.0^2  ) ) + ( ( ( (7y + 0.0) + 7.0 ) + ( (4y + -10.0) * 1.0 ) ) + ( ( 4.0^2  ) + 5.0 ) ) ) ) + ( 8.0 + ( ( (9y + 4.0)^2  )^2  ) ) )
Fitness 281005.367207
ind: 150
( ( ( (8x + -5.0) + ( 2.0 * ( ( (4y + -5.0)^2  ) + ( 10.0 * 5.0 ) ) ) ) * ( ( ( 5.0 * 6.0 ) * 2.0 ) * ( (10y + -8.0) + 8.0 ) ) ) + 3.0 )
Fitness 29.1119744539
ind: 151
( (1y + -1.0) * ( 1.0 + ( ( 5.0 * ( 3.0 + 6.0 ) ) * (9x + -5.0) ) ) )
Fitness 2.28146422442
ind: 152
( 9.0 + ( ( ( ( ( (10x + 7.0) + 4.0 ) + ( (5x + 0.0) + (4y + -5.0) ) ) + (10y + 9.0) )^2  ) * ( 8.0 * 7.0 ) ) )
Fitness 20.1016416829
ind: 153
( ( (1y + -3.0)^2  ) * ( (3x + -8.0)^2  ) )
Fitness 3.50439218151
ind: 154
( (6x + 4.0) * ( ( 1.0 * (5y + -6.0) ) * ( 2.0 * ( ( ( 8.0^2  ) * 10.0 ) * ( 2.0^2  ) ) ) ) )
Fitness 46.4029634383
ind: 155
( ( (9x + -4.0) * ( (1y + -1.0) * (1y + -3.0) ) )^2  )
Fitness 3.17657181887
ind: 156
( (1y + -4.0) + ( (7x + 1.0) * ( 2.0 + (1y + -10.0) ) ) )
Fitness 0.585778050516
ind: 157
( ( (10y + 5.0) * ( ( ( (10y + 0.0) * 10.0 ) * ( (7y + 4.0) + ( 2.0^2  ) ) ) + ( (10x + 6.0) + ( ( (10x + -10.0) * 8.0 ) + 1.0 ) ) ) ) + ( 9.0 + ( (8y + 1.0) * (8x + -7.0) ) ) )
Fitness 7.91266403648
ind: 158
( ( ( ( (8x + -9.0) * ( ( 1.0 + (3y + -4.0) )^2  ) ) * ( ( 8.0 + 8.0 ) * (10y + -6.0) ) )^2  ) + 8.0 )
Fitness 4045.54648798
ind: 159
( ( 8.0 * ( 4.0 * ( ( (6y + -2.0) * (5x + 5.0) ) + 8.0 ) ) ) * (6x + 3.0) )
Fitness 5.03450423713
ind: 160
( ( ( ( ( (7x + 8.0)^2  ) + ( ( (3x + 9.0) * 9.0 ) * ( (9x + -4.0) + (6y + 1.0) ) ) )^2  ) + (8y + -7.0) ) * ( 6.0 + (8x + 9.0) ) )
Fitness 246.303751605
ind: 161
( ( ( ( ( (5y + -6.0)^2  )^2  ) * ( 2.0^2  ) ) + ( ( ( 9.0 + (10x + -7.0) ) * (4y + 1.0) )^2  ) ) * (8x + 3.0) )
Fitness 18.5603121783
ind: 162
( (3y + 1.0) * ( ( ( (8x + -8.0) + ( ( (10x + 1.0) + 6.0 ) + ( (3y + -6.0)^2  ) ) )^2  ) + (4x + -7.0) ) )
Fitness 5.58549705513
ind: 163
( ( ( ( (4x + 0.0) * (1y + 0.0) ) * ( ( (4y + -2.0)^2  ) + (6x + -4.0) ) ) + 9.0 ) + ( (10y + 8.0) * (3x + 1.0) ) )
Fitness 0.658544596464
ind: 164
( ( ( ( ( 5.0 * 8.0 ) + (10x + -7.0) )^2  ) + ( (9x + 1.0)^2  ) ) + ( ( ( ( ( 7.0 * (6y + -1.0) ) + (7x + 2.0) ) * (8y + 6.0) ) + (10y + 5.0) ) + (1x + 7.0) ) )
Fitness 4.89317618574
ind: 165
( ( ( ( ( ( (2y + -10.0)^2  ) * 10.0 ) * ( 10.0 * ( (4y + 3.0) * (8y + -3.0) ) ) ) + (1x + -3.0) ) + 5.0 ) * ( ( (10y + 5.0)^2  ) * ( ( ( ( 10.0 * (10x + 10.0) )^2  )^2  ) * (4y + 10.0) ) ) )
Fitness 14547499.9302
ind: 166
( ( ( ( 2.0^2  ) * ( ( ( 8.0^2  ) * ( (5y + -10.0)^2  ) ) + 7.0 ) ) + ( ( (1x + 0.0)^2  )^2  ) )^2  )
Fitness 4177.5159873
ind: 167
( ( 9.0 * (3x + 0.0) ) * ( ( ( (4y + -10.0) + 6.0 ) + (4x + 1.0) ) + 5.0 ) )
Fitness 0.669935785785
ind: 168
( ( 1.0 * ( (9x + 6.0) + ( 6.0 + (7y + -3.0) ) ) ) * (10y + 7.0) )
Fitness 1.37388124461
ind: 169
( (9y + 6.0) * ( 9.0 + ( (3x + 8.0) + ( 6.0 * (8x + -6.0) ) ) ) )
Fitness 1.23875345485
ind: 170
( ( ( ( ( 9.0 * (9x + 10.0) ) + (3x + 9.0) )^2  ) + (2y + 2.0) )^2  )
Fitness 1682.58924231
ind: 171
( ( ( (3y + -9.0) + 7.0 ) * ( 4.0 * ( ( ( 8.0 * (2y + 0.0) ) + 7.0 ) + ( ( (4x + 8.0) * 4.0 )^2  ) ) ) ) + ( 8.0^2  ) )
Fitness 11.9909477092
ind: 172
( ( (8y + 10.0) + ( ( 5.0 * ( 1.0 + ( 5.0 * 7.0 ) ) ) + (10x + 8.0) ) ) * 8.0 )
Fitness 5.63204928555
ind: 173
( (9y + 10.0) * ( ( 3.0 * (8x + -7.0) ) + ( (1y + -4.0) * ( (10x + 6.0)^2  ) ) ) )
Fitness 6.88568794608
ind: 174
( ( ( 6.0 + ( ( ( 10.0 + (1y + 3.0) ) + 8.0 ) * ( ( (5x + 6.0) * 3.0 )^2  ) ) ) * (10x + -7.0) ) * ( ( 4.0^2  ) * ( 7.0 * ( ( ( (6y + -1.0) + (1x + -4.0) ) * 4.0 )^2  ) ) ) )
Fitness 6915.62121302
ind: 175
( ( ( ( ( (7x + 5.0) * ( (10y + -1.0) * 6.0 ) ) + 8.0 ) * ( ( ( (4y + 3.0) + 9.0 )^2  ) + ( (9y + -10.0) * ( (8y + -3.0) + 8.0 ) ) ) ) + ( (9x + 7.0) + (8x + -9.0) ) ) * ( (9y + 0.0) * ( (10y + -4.0) * 3.0 ) ) )
Fitness 209.201723958
ind: 176
( ( ( 9.0 + (1x + 10.0) ) * 6.0 ) * (1y + 0.0) )
Fitness 1.02278106949
ind: 177
( ( 6.0 * 1.0 ) * ( ( ( ( ( (5x + 4.0) + (6x + -9.0) ) * (1x + 4.0) )^2  )^2  ) * ( 1.0 * (9y + 9.0) ) ) )
Fitness 503.9151885
ind: 178
( ( (8x + 2.0) + (4y + 5.0) )^2  )
Fitness 1.17098166045
ind: 179
( ( ( (7y + 9.0) * (9x + 8.0) ) * 4.0 ) + ( ( (1x + 10.0) * 2.0 )^2  ) )
Fitness 3.81948157453
ind: 180
( ( ( ( 5.0 * (8y + -7.0) ) + ( (3x + 3.0) + ( (7y + 7.0) + ( 2.0 + 9.0 ) ) ) ) + ( ( 7.0 * ( ( 4.0^2  ) + (2x + 4.0) ) )^2  ) )^2  )
Fitness 2788.85663788
ind: 181
( ( ( 1.0 * ( ( (6x + 8.0)^2  ) * ( (4x + 0.0) + 10.0 ) ) ) + (3y + 8.0) ) * 9.0 )
Fitness 11.5380910143
ind: 182
( ( ( ( ( 6.0 + ( 3.0 * (4y + -4.0) ) ) + ( (2x + 3.0) * ( 4.0^2  ) ) ) * (10x + -1.0) ) + (10x + 7.0) )^2  )
Fitness 17.6131493746
ind: 183
( ( (6x + -10.0)^2  ) * ( 4.0 + ( ( ( 3.0 * (5y + 10.0) ) * ( ( 5.0 * 7.0 ) * ( (3x + -4.0) * (9x + -4.0) ) ) ) + (4x + 1.0) ) ) )
Fitness 198.52193497
ind: 184
( ( ( (8y + 1.0) + 10.0 ) + ( ( (8x + -9.0)^2  )^2  ) ) * (9y + 4.0) )
Fitness 19.0295894512
ind: 185
( (5x + 9.0) * ( ( ( (5y + -6.0) * 2.0 ) + ( ( 9.0 + ( 10.0 + (1x + -8.0) ) ) + 10.0 ) )^2  ) )
Fitness 4.76687208016
ind: 186
( ( ( (2x + -2.0)^2  ) * ( 6.0 + 3.0 ) ) * ( ( ( 5.0 * ( ( 3.0 + 4.0 ) * (4x + 1.0) ) ) + ( 1.0^2  ) ) * (8y + 1.0) ) )
Fitness 9.56107177702
ind: 187
( ( (2y + 2.0) + ( ( ( (8x + -5.0)^2  ) * ( ( 5.0^2  ) * ( 3.0 + (5x + 4.0) ) ) )^2  ) ) * ( 9.0^2  ) )
Fitness 6570.43572607
ind: 188
( ( ( (7x + -5.0)^2  ) + ( ( ( ( 2.0 + (6y + 7.0) ) + ( 2.0^2  ) )^2  ) * 7.0 ) ) + 6.0 )
Fitness 5.10369074118
ind: 189
( ( 10.0 * (1y + 0.0) ) * ( ( ( 7.0 + 5.0 ) * ( (4x + -7.0) * ( ( (2x + 10.0)^2  ) + 9.0 ) ) ) + ( 8.0 * (1x + 0.0) ) ) )
Fitness 28.6863417707
ind: 190
( ( (1x + 3.0) + ( ( 6.0 + ( (7y + 8.0) + ( (6y + -7.0)^2  ) ) ) + 10.0 ) ) + ( ( 6.0 + ( ( ( 5.0 * (3x + 10.0) ) * ( (6y + -1.0)^2  ) )^2  ) ) * ( ( 8.0 + (7y + -7.0) ) + (7y + 9.0) ) ) )
Fitness 372.065850588
ind: 191
( ( ( (4x + 7.0) + (5y + 3.0) )^2  ) + (7y + -2.0) )
Fitness 1.50473530703
ind: 192
( ( ( ( ( 7.0 * ( (2x + 10.0)^2  ) ) + ( 2.0 + (3y + 5.0) ) )^2  )^2  )^2  )
Fitness 44168522988.8
ind: 193
( ( ( (2x + -1.0) * ( ( ( (10y + 0.0) * 5.0 )^2  )^2  ) ) + 1.0 ) + 3.0 )
Fitness 140.113721381
ind: 194
( ( ( ( (8x + 1.0) * 9.0 ) * 2.0 ) + ( (3x + -10.0)^2  ) ) * ( ( ( ( 8.0^2  ) * ( ( 9.0 + (1x + -1.0) ) * ( (3y + 0.0) + 6.0 ) ) ) + 5.0 ) + 4.0 ) )
Fitness 89.0667701671
ind: 195
( 10.0 * ( (10x + 4.0) * (2y + 7.0) ) )
Fitness 2.54144359427
ind: 196
( ( ( ( ( 7.0 + (2y + 7.0) ) * ( ( 9.0 * (2y + 7.0) ) * (7y + 2.0) ) ) + (6x + -7.0) )^2  )^2  )
Fitness 6993500.66454
ind: 197
( (5x + -1.0) + (6y + 6.0) )
Fitness 0.306512573066
ind: 198
( ( ( 3.0 * ( ( ( (6x + 8.0) + (7y + -5.0) ) * (7x + 1.0) )^2  ) ) + 5.0 ) * ( ( ( 4.0 + 7.0 )^2  ) * (7y + -10.0) ) )
Fitness 133.165233261
ind: 199
( ( ( (5x + 8.0) + ( ( (5y + -2.0)^2  ) + (1y + 10.0) ) )^2  )^2  )
Fitness 176.85645911
ind: 200
( ( (10y + -1.0) * ( 4.0 * ( ( (7y + 1.0) * (9x + -4.0) ) + (4y + -5.0) ) ) ) + 10.0 )
Fitness 1.89567072986
ind: 201
( ( ( (8y + 5.0) * (4x + -2.0) )^2  ) * (3x + -8.0) )
Fitness 3.38803146131
ind: 202
( ( ( ( (3x + -5.0)^2  ) * ( ( ( 7.0 * 9.0 ) * ( (1y + 6.0)^2  ) ) * ( (8x + 7.0) * (6x + 6.0) ) ) )^2  ) + (3y + -1.0) )
Fitness 351284.056271
ind: 203
( ( ( ( (3y + -10.0)^2  )^2  ) * ( ( ( ( (3x + 2.0)^2  ) * ( (8x + -3.0) + (5y + -8.0) ) ) + 4.0 ) * 9.0 ) ) + 4.0 )
Fitness 243.266381956
ind: 204
( ( (7x + 5.0) + ( ( ( (8y + -1.0) * ( (3y + -8.0) * 9.0 ) )^2  ) * (3y + -9.0) ) )^2  )
Fitness 329821.330732
ind: 205
( (1y + -1.0) + ( (3y + 7.0) + ( 2.0 * ( ( ( (2y + -8.0) + (3x + 9.0) ) * ( 9.0^2  ) ) + ( (3y + -4.0) + ( (1x + 0.0) + (1y + -7.0) ) ) ) ) ) )
Fitness 2.39572538731
ind: 206
( (6x + -4.0) + ( ( (3y + 7.0) + (6y + -3.0) ) * 6.0 ) )
Fitness 0.740021683848
ind: 207
( 2.0 * ( (9x + -2.0) + ( ( (10y + 3.0) * 7.0 ) + ( ( ( 1.0^2  ) + ( 9.0 * (7y + 8.0) ) )^2  ) ) ) )
Fitness 16.1772019785
ind: 208
( ( 5.0 * ( ( ( (1y + 2.0)^2  ) + ( (3x + -7.0) * ( 6.0^2  ) ) )^2  ) )^2  )
Fitness 44960.9118397
ind: 209
( ( ( (8y + -9.0)^2  )^2  ) + ( ( ( 1.0 * ( (10y + -5.0) + 4.0 ) ) * ( 2.0 + ( ( 4.0^2  ) + ( (1x + -9.0)^2  ) ) ) )^2  ) )
Fitness 73.8143551259
ind: 210
( ( 7.0^2  ) + ( ( ( 10.0 * 6.0 ) + (2y + -8.0) ) * (10x + 4.0) ) )
Fitness 2.319843505
ind: 211
( ( ( 2.0 + (3y + -8.0) ) + (2y + -1.0) ) + ( ( ( ( ( (9x + 3.0) + 9.0 ) + 3.0 )^2  )^2  ) + ( (5x + 0.0) * ( 9.0^2  ) ) ) )
Fitness 35.5357011861
ind: 212
( ( ( (8y + -10.0) * ( ( ( (1y + -9.0) * (9x + 6.0) ) * (1x + 3.0) )^2  ) ) * ( (10x + 7.0) * ( ( 1.0 + ( 1.0 + 7.0 ) )^2  ) ) ) + 10.0 )
Fitness 1981.97023325
ind: 213
( ( ( ( ( ( 10.0 + (3y + 8.0) )^2  ) + ( ( 8.0^2  )^2  ) ) * (7y + 5.0) ) * (7x + 0.0) ) * (2y + 8.0) )
Fitness 86.0013597473
ind: 214
( (10x + 7.0) * ( ( (3y + 10.0) * 1.0 ) * ( ( 10.0 + (7y + -8.0) )^2  ) ) )
Fitness 5.95617204238
ind: 215
( ( ( ( (5y + -3.0) + (9x + 4.0) ) + (1x + 9.0) ) * ( ( ( 5.0^2  ) * (6x + 8.0) ) + 6.0 ) ) + ( ( (8x + 5.0) * (4x + -5.0) ) * ( ( 3.0 + 3.0 )^2  ) ) )
Fitness 5.59308949268
ind: 216
( ( (2y + -2.0) + ( ( ( ( (4y + -4.0) * (2y + -4.0) )^2  )^2  ) * ( ( (8x + 6.0) + ( 1.0^2  ) )^2  ) ) ) * ( ( ( ( ( 4.0^2  ) * 8.0 )^2  ) + ( (7x + 0.0)^2  ) ) + 7.0 ) )
Fitness 72802.5976471
ind: 217
( ( ( (6y + -3.0) + ( ( (6x + -4.0)^2  )^2  ) ) * (6y + 6.0) ) + (1y + -9.0) )
Fitness 6.21304491787
ind: 218
( ( ( ( ( ( (9y + 8.0)^2  ) * 6.0 ) * ( 3.0 * ( (4x + 5.0)^2  ) ) )^2  ) + (1y + 4.0) ) * (10x + 1.0) )
Fitness 22001.8287629
ind: 219
( ( ( (9y + -1.0)^2  ) * (3x + 3.0) )^2  )
Fitness 13.4819421901
ind: 220
( (2x + -2.0) + ( ( ( 3.0 + (9y + -8.0) )^2  )^2  ) )
Fitness 9.1894643264
ind: 221
( (6x + 10.0) * (10y + -8.0) )
Fitness 1.22784438326
ind: 222
( (2y + -2.0) * (3x + 1.0) )
Fitness 0.219624011423
ind: 223
( ( (3x + 0.0) + (2x + -5.0) ) * (9y + 0.0) )
Fitness 0.636033340029
ind: 224
( ( ( 9.0^2  ) * ( (10y + 6.0) * ( ( 8.0 + ( (5x + -2.0)^2  ) ) + 9.0 ) ) ) * ( (8x + -2.0) + ( ( 7.0 + (4y + -4.0) )^2  ) ) )
Fitness 66.6530548513
ind: 225
( ( ( ( (2y + -9.0) + (1x + 10.0) )^2  ) * (9y + 7.0) ) * (8x + -7.0) )
Fitness 1.770936728
ind: 226
( (7x + 8.0) + ( ( ( (7y + -3.0) + (8y + 10.0) )^2  ) + ( ( (4x + -3.0)^2  )^2  ) ) )
Fitness 2.30399525409
ind: 227
( ( ( ( (4y + 4.0) + ( (9x + -10.0) * ( 6.0 * (5x + 3.0) ) ) ) * ( 2.0 * ( 3.0 * ( (7x + 5.0)^2  ) ) ) ) * 8.0 ) * 2.0 )
Fitness 102.396390062
ind: 228
( ( (10x + 10.0)^2  ) + ( (8x + -10.0) + (10y + -6.0) ) )
Fitness 1.38807483334
ind: 229
( (3x + -6.0) + ( (1y + 3.0)^2  ) )
Fitness 0.269650082647
ind: 230
( ( ( 1.0 * 6.0 ) * ( 4.0 + 8.0 ) ) * ( ( ( 6.0 + ( ( (9y + -3.0) + 6.0 ) * ( (8x + 4.0) + 4.0 ) ) ) * ( (8y + 10.0) + ( ( 6.0^2  ) * ( (7y + -8.0)^2  ) ) ) ) * ( (6x + -5.0) + 7.0 ) ) )
Fitness 476.651382728
ind: 231
( ( ( (7x + 3.0) + ( (7x + 1.0) + 5.0 ) ) * ( ( ( ( (6x + 0.0) + 4.0 ) * ( 3.0 + (9x + -3.0) ) ) * (10x + 9.0) ) * ( ( (7y + -2.0)^2  )^2  ) ) ) + ( ( ( (9y + -6.0)^2  ) + 9.0 ) + (4x + -9.0) ) )
Fitness 36.9039044441
ind: 232
( 8.0 * ( ( (7y + -9.0) + (7x + -7.0) ) * (1y + -9.0) ) )
Fitness 4.79104027527
ind: 233
( ( ( ( (1y + 3.0)^2  ) + ( ( (7x + -5.0)^2  )^2  ) )^2  ) * (6y + -9.0) )
Fitness 897.12943134
ind: 234
( ( ( 3.0 * ( 6.0 + ( ( 8.0 * (7y + 8.0) ) * (8y + 8.0) ) ) ) * ( 4.0 + (9x + -2.0) ) ) + (10x + -8.0) )
Fitness 12.2916272398
ind: 235
( ( ( ( (4y + 9.0) + 4.0 ) + ( ( 10.0 * (6y + 6.0) )^2  ) ) * ( ( ( ( 7.0^2  ) * ( 6.0 + 3.0 ) )^2  ) + ( ( (6x + -1.0)^2  ) + (5y + 3.0) ) ) ) + ( (10y + -7.0) + ( 6.0^2  ) ) )
Fitness 4261.51878117
ind: 236
( (3y + 9.0) * ( ( ( (5x + 7.0)^2  )^2  ) + 10.0 ) )
Fitness 25.2575659617
ind: 237
( 9.0 + ( (1x + 0.0) + (3y + 6.0) ) )
Fitness 0.530744310268
ind: 238
( ( (8x + -4.0) * ( ( 3.0^2  ) * ( 4.0 * ( (6y + -4.0)^2  ) ) ) ) + ( (7y + -3.0) * ( ( ( 3.0 + ( 7.0 + 3.0 ) ) * ( 5.0 + ( 6.0^2  ) ) ) + ( ( ( (9x + -3.0) + (4y + 8.0) ) * (10y + 0.0) ) * ( ( (4x + -4.0) + 6.0 ) * (5y + 4.0) ) ) ) ) )
Fitness 12.0929933152
ind: 239
( ( (7x + 4.0) * ( 7.0 * ( (3y + -2.0)^2  ) ) ) * (7y + 7.0) )
Fitness 3.09884938219
ind: 240
( ( ( ( 5.0 + ( 3.0^2  ) ) + ( (3y + -10.0)^2  ) ) + (1x + 0.0) ) * ( (7y + -6.0) + (1y + 8.0) ) )
Fitness 2.74376170347
ind: 241
( ( ( 8.0^2  ) + ( ( (5x + 5.0) + ( ( 2.0 * (6x + 2.0) )^2  ) ) + (2x + 0.0) ) ) * ( ( ( ( ( (8x + -2.0) * (6y + -9.0) ) * ( 1.0 + (9y + -3.0) ) )^2  )^2  ) * 3.0 ) )
Fitness 169502.456189
ind: 242
( ( ( 8.0 + ( (6x + 8.0)^2  ) )^2  ) + ( (4y + 4.0) * ( ( ( 6.0 + ( (9y + 9.0) + (3x + 7.0) ) ) * 1.0 )^2  ) ) )
Fitness 13.7098905512
ind: 243
( (3x + 6.0) * (4y + -5.0) )
Fitness 0.768516640025
ind: 244
( ( ( (1x + 10.0) * ( ( ( (2y + 8.0) * (10y + -10.0) )^2  ) + ( ( (4x + -4.0) * 2.0 ) * 1.0 ) ) )^2  ) * (3y + -1.0) )
Fitness 16181.3828046
ind: 245
( ( ( (8x + 10.0) + (8y + 7.0) )^2  ) + ( (1y + 3.0) * 6.0 ) )
Fitness 2.66065993134
ind: 246
( ( ( (5y + 1.0)^2  ) * 10.0 ) + (5x + -7.0) )
Fitness 1.17228739261
ind: 247
( (1x + 3.0) + ( ( (2y + 3.0) * 6.0 ) * ( (7x + 3.0)^2  ) ) )
Fitness 2.53483713054
ind: 248
( ( ( ( (2y + 0.0) * (10y + 5.0) ) + ( 5.0 + (6y + -4.0) ) ) * (2x + -9.0) ) + ( 3.0^2  ) )
Fitness 1.18146494132
ind: 249
( ( ( ( ( ( 10.0 + 10.0 ) * (7x + 1.0) )^2  )^2  ) * (9x + -3.0) ) * ( ( (7y + 10.0)^2  ) + (8y + 7.0) ) )
Fitness 6686.4360391
ind: 250
( 9.0 * ( ( (3x + 0.0)^2  ) + (8y + 9.0) ) )
Fitness 1.33334739231
ind: 251
( ( (2x + -8.0) + ( 1.0 + ( ( (8y + -6.0)^2  ) * 6.0 ) ) ) + (6x + -4.0) )
Fitness 2.40251680134
ind: 252
( ( ( 5.0 * ( (5x + -8.0)^2  ) ) + (6y + 0.0) ) + (6x + 1.0) )
Fitness 2.54240654612
ind: 253
( ( ( ( ( (9y + 10.0) + 7.0 )^2  )^2  ) * ( ( ( ( (8x + -4.0) * 5.0 ) + ( (8y + -5.0)^2  ) ) + ( ( 7.0 * 7.0 ) * (9x + -6.0) ) )^2  ) ) * (5y + 6.0) )
Fitness 31339.7431125
ind: 254
( ( ( (9x + 0.0) * (2y + 7.0) ) + ( (9x + 3.0)^2  ) ) * (6x + 5.0) )
Fitness 2.0221895895
ind: 255
( ( ( ( ( ( 2.0^2  ) + ( (7x + 0.0) + (6y + 1.0) ) )^2  ) * (10x + -6.0) ) * (5x + -2.0) ) * ( ( ( ( ( (1x + 8.0) * (8x + -6.0) ) * ( 5.0 + (3x + -5.0) ) ) * ( ( 6.0 * 4.0 ) * ( (8x + 2.0)^2  ) ) ) + 7.0 ) + ( ( (5x + 2.0)^2  ) * ( ( 8.0^2  ) * (4y + -8.0) ) ) ) )
Fitness 148.993455114
ind: 256
( ( (8x + 0.0) * (5y + -4.0) )^2  )
Fitness 1.4723689109
ind: 257
( ( ( ( (7y + -4.0)^2  ) + ( ( (4y + 6.0)^2  ) + ( ( 10.0^2  )^2  ) ) )^2  ) * ( (10y + -5.0) + ( (5x + 10.0)^2  ) ) )
Fitness 14199.5665352
ind: 258
( ( ( ( (8x + -1.0) * ( ( (6y + 1.0) * 10.0 )^2  ) ) + (10y + 8.0) )^2  ) + ( 7.0^2  ) )
Fitness 349.288367878
ind: 259
( ( ( (6y + -4.0) * (3y + 7.0) ) + (8x + 7.0) )^2  )
Fitness 3.42790851468
ind: 260
( ( (7x + 8.0) + ( ( ( (9x + -10.0) * (8y + -2.0) ) * ( 3.0 + (7y + -2.0) ) )^2  ) )^2  )
Fitness 24470.4466841
ind: 261
( ( (2x + 5.0) + 10.0 ) * ( ( ( (3x + 5.0) * (7x + 10.0) ) * ( 5.0 * ( (8y + 1.0)^2  ) ) ) + 3.0 ) )
Fitness 40.0953451654
ind: 262
( ( ( (3y + -9.0)^2  ) * ( ( ( (6y + -5.0)^2  ) * ( (4x + -10.0) * ( 7.0 + 6.0 ) ) ) + ( ( (7x + 6.0) * 7.0 )^2  ) ) ) * ( ( ( ( 10.0 * ( 8.0 * 3.0 ) ) + ( ( 9.0 * 9.0 ) * ( (2x + -7.0)^2  ) ) )^2  ) + 8.0 ) )
Fitness 458145.70124
ind: 263
( ( (10x + 3.0) * (2y + 3.0) )^2  )
Fitness 2.370578184
ind: 264
( ( ( ( ( ( (10x + -1.0) + (3x + 0.0) ) * ( (3y + 9.0) + 7.0 ) ) + (3x + 0.0) ) * ( ( ( (6y + -9.0)^2  ) * (3x + -9.0) )^2  ) ) * ( 5.0 + (8x + -5.0) ) )^2  )
Fitness 42376231.2335
ind: 265
( ( (8y + -8.0) * (7y + -10.0) ) * (1x + 9.0) )
Fitness 4.01382461467
ind: 266
( ( ( 3.0 + 1.0 )^2  ) * ( ( (2x + 10.0) + ( ( (10x + -2.0)^2  ) * ( ( (2y + 1.0)^2  ) * 4.0 ) ) ) + ( ( ( (3x + 10.0)^2  ) * 3.0 ) * ( (7x + -3.0) + 7.0 ) ) ) )
Fitness 21.3079830888
ind: 267
( ( ( 5.0^2  ) + ( ( (3y + -6.0) * 5.0 ) * ( ( ( 7.0 * 10.0 )^2  ) + (5x + -10.0) ) ) )^2  )
Fitness 21164.9780317
ind: 268
( ( ( (8x + -3.0) + (4y + 3.0) ) * ( 3.0 * 7.0 ) )^2  )
Fitness 12.2685645295
ind: 269
( ( ( ( (5y + -5.0)^2  ) + ( ( ( 2.0 + (3y + -3.0) ) * (8x + 6.0) )^2  ) ) * ( 5.0^2  ) ) * ( 9.0 * 3.0 ) )
Fitness 36.3976741302
ind: 270
( (8y + 6.0) + ( (10x + 7.0)^2  ) )
Fitness 1.1481086161
ind: 271
( ( ( ( (7x + -3.0) + 2.0 ) + (9x + 0.0) ) + ( ( (2y + -8.0) * ( 10.0 + 3.0 ) ) * (2x + 4.0) ) ) + ( ( (9y + 5.0) * ( (9x + -8.0) * ( ( 1.0 * (3y + -3.0) )^2  ) ) ) * 7.0 ) )
Fitness 6.15906118507
ind: 272
( ( (9y + 1.0) + ( 9.0 * (9y + 10.0) ) ) * (9x + -9.0) )
Fitness 3.82715914465
ind: 273
( ( ( ( 7.0 + ( ( (10y + -9.0)^2  )^2  ) ) + (2y + 3.0) ) + ( ( (3x + -4.0) + ( ( (6y + -6.0) * (8y + -5.0) ) * (6x + 1.0) ) ) * 8.0 ) ) + ( ( ( ( (4y + 2.0)^2  )^2  ) + ( (6y + 5.0) * (1x + 8.0) ) )^2  ) )
Fitness 78.9664344903
ind: 274
( ( (5x + 1.0)^2  ) + ( (4x + 0.0) + ( ( ( ( 5.0^2  )^2  ) + ( (1x + -4.0) + 8.0 ) ) + (1y + -7.0) ) ) )
Fitness 3.53425397705
ind: 275
( ( (1x + 4.0) + (1y + 3.0) ) + (7y + 9.0) )
Fitness 0.551203587027
ind: 276
( ( 5.0 + ( ( (10x + 1.0) * ( ( 10.0 + 1.0 )^2  ) ) * ( (5y + 1.0) * ( ( (4y + 9.0) * 10.0 ) + 4.0 ) ) ) ) + ( ( ( ( 7.0 + ( (4y + 4.0)^2  ) ) * ( ( 5.0^2  ) + 3.0 ) ) * ( (1y + 5.0)^2  ) ) * ( ( ( 7.0 * ( (4x + -9.0)^2  ) ) + ( ( 5.0 + (5x + -9.0) )^2  ) ) + ( ( ( (2y + 5.0)^2  ) * ( 4.0^2  ) )^2  ) ) ) )
Fitness 12306.2802854
ind: 277
( ( ( ( ( (9y + 0.0) * ( 10.0^2  ) ) + ( ( (9x + 3.0) * (4y + -2.0) ) * ( 3.0 * 2.0 ) ) ) * 1.0 )^2  )^2  )
Fitness 51679.238274
ind: 278
( ( ( (5x + -6.0)^2  ) * ( (4y + 7.0) + 6.0 ) ) + 3.0 )
Fitness 3.02951250847
ind: 279
( ( ( 9.0 + 9.0 ) + ( ( ( 2.0^2  ) + (3y + 9.0) ) + ( ( ( 3.0 * 3.0 ) + (3x + 0.0) ) + ( ( 1.0 * 2.0 ) * (3x + -8.0) ) ) ) ) * 9.0 )
Fitness 2.08436602015
ind: 280
( ( ( 7.0 * ( ( 2.0 * ( 4.0 + (8y + -3.0) ) ) + (1x + 0.0) ) ) + (9y + -10.0) )^2  )
Fitness 8.83687622512
ind: 281
( 4.0 * ( ( ( (9y + 5.0) * 5.0 ) * 8.0 ) + (6x + 10.0) ) )
Fitness 4.26983825197
ind: 282
( (8x + 3.0) * (10y + -2.0) )
Fitness 0.46229198288
ind: 283
( ( ( (3y + 8.0) * ( ( ( 4.0^2  ) * ( 6.0 + 2.0 ) ) + ( (5y + -7.0)^2  ) ) ) + ( (6x + 6.0) + ( (3x + 6.0) + ( ( (7x + -7.0)^2  )^2  ) ) ) ) + ( ( ( 9.0^2  )^2  )^2  ) )
Fitness 927.918252793
ind: 284
( (1y + 8.0) * ( 8.0 * ( 8.0 + (3x + -9.0) ) ) )
Fitness 1.14892031425
ind: 285
( ( ( ( ( (1y + 0.0) + ( (6x + -8.0) + 9.0 ) )^2  ) * ( ( 9.0^2  ) * (9y + -7.0) ) ) * (8x + -10.0) )^2  )
Fitness 3659.04971728
ind: 286
( ( 8.0 * ( ( ( ( (6x + 3.0) * (3x + -5.0) ) * ( 8.0 + (8x + -9.0) ) ) * (5y + -6.0) ) * 3.0 ) ) + (9x + -2.0) )
Fitness 7.91234945307
ind: 287
( ( ( ( 4.0 * ( ( 2.0^2  ) + 9.0 ) ) * ( ( (6x + 7.0) * ( (5x + 5.0) + (5x + 6.0) ) )^2  ) ) * (8y + 8.0) )^2  )
Fitness 1012044.51018
ind: 288
( ( ( (7y + 5.0) + 1.0 ) + (7x + 3.0) )^2  )
Fitness 1.50468657558
ind: 289
( ( ( 3.0 * (10x + -6.0) ) * ( ( ( ( (1y + -2.0) + 5.0 )^2  ) + ( (8y + -10.0) + 1.0 ) )^2  ) ) + (10y + 5.0) )
Fitness 4.10396073491
ind: 290
( (6y + -4.0) * ( (3x + -5.0) + (3y + 1.0) ) )
Fitness 0.643107456728
ind: 291
( (1y + 8.0) * ( ( 2.0 + (6x + -4.0) ) * 7.0 ) )
Fitness 1.51691506185
ind: 292
( ( ( (6x + 6.0)^2  ) + ( ( (9y + 0.0) + 3.0 ) * (2y + 2.0) ) ) + 10.0 )
Fitness 1.10170945792
ind: 293
( ( ( ( (6y + 6.0) + 1.0 ) + ( 5.0 * (10x + 3.0) ) )^2  )^2  )
Fitness 166.528082641
ind: 294
( 9.0 + ( ( ( (10y + 3.0) + (6x + -3.0) )^2  )^2  ) )
Fitness 7.57507240313
ind: 295
( (2y + -3.0) * (10x + -6.0) )
Fitness 0.607244216041
ind: 296
( ( ( ( (2y + 8.0) + ( ( 2.0^2  )^2  ) )^2  ) * (7x + 9.0) )^2  )
Fitness 791.25632497
ind: 297
( (1x + -3.0) * ( ( (6x + -3.0) + (4x + -8.0) ) + ( ( ( 6.0 * ( (8y + -1.0) * (2y + 10.0) ) ) + 5.0 ) + 8.0 ) ) )
Fitness 3.62117306148
ind: 298
( ( ( ( ( 4.0 + 3.0 ) * 1.0 ) + ( (2y + 3.0) * 8.0 ) ) * ( ( ( (10y + 9.0) + (7x + -1.0) ) + ( (6x + -8.0) + 5.0 ) ) * ( (10y + 2.0) + ( 4.0 * 3.0 ) ) ) )^2  )
Fitness 1106.3300691
ind: 299
( ( ( ( (5y + -2.0) * (4x + 0.0) ) + (7y + 5.0) ) + 5.0 ) * (2x + 8.0) )
Fitness 1.40100757921
ind: 300
( (8x + 6.0) * ( (9y + -9.0) * 6.0 ) )
Fitness 2.37737599529
Best Ind: ( (2y + -2.0) * (3x + 1.0) )
Fitness = 0.219624011423
Worst Ind: ( ( ( ( ( 7.0 * ( (2x + 10.0)^2  ) ) + ( 2.0 + (3y + 5.0) ) )^2  )^2  )^2  )
Fitness = 44168522988.8
Avg Fitness = 148163596.742
Duplicated = 0
============================================================================
Evaluate Gen  1
New Population 461
Better than Dads 68
Best Ind: ( (2y + -2.0) * (3x + 1.0) )
Fitness = 0.219624011423
Worst Ind: ( ( 5.0^2  ) * ( ( ( (2x + 1.0) * 8.0 ) * (8y + 8.0) ) * ( 4.0 * ( ( 2.0^2  ) + 9.0 ) ) ) )
Fitness = 46.4930394756
Avg Fitness = 8.90271508227
Duplicated = 2
============================================================================
Evaluate Gen  2
New Population 482
Better than Dads 83
Best Ind: ( (2y + 3.0) * (1x + 1.0) )
Fitness = 0.216802107648
Worst Ind: ( (6x + 10.0) * ( ( (6x + -3.0) + (4x + -8.0) ) + ( ( ( 6.0 * ( (8y + -1.0) * (2y + 10.0) ) ) + 5.0 ) + 8.0 ) ) )
Fitness = 6.53848242745
Avg Fitness = 2.358452563
Duplicated = 11
============================================================================
Evaluate Gen  3
New Population 475
Better than Dads 92
Best Ind: ( (2y + 3.0) * (1x + 1.0) )
Fitness = 0.216802107648
Worst Ind: ( ( ( (4x + 7.0) + ( 5.0 + 6.0 ) ) * (5y + 3.0) ) * 8.0 )
Fitness = 3.11771820154
Avg Fitness = 1.38203601871
Duplicated = 18
============================================================================
Evaluate Gen  4
New Population 497
Better than Dads 108
Best Ind: ( ( (2x + -8.0) + (7y + 0.0) ) + ( (1y + -3.0)^2  ) )
Fitness = 0.141809239017
Worst Ind: ( ( (9x + -10.0) * (8y + -2.0) ) * ( 3.0 + (7y + -2.0) ) )
Fitness = 1.57413815082
Avg Fitness = 0.779119034501
Duplicated = 26
============================================================================
Evaluate Gen  5
New Population 484
Better than Dads 103
Best Ind: ( ( (2x + -8.0) + (7y + 0.0) ) + ( (1y + -3.0)^2  ) )
Fitness = 0.141809239017
Worst Ind: ( ( (8y + 7.0) * (1y + 0.0) ) * ( ( ( 7.0 + 5.0 ) * 1.0 ) + ( 8.0 * (1x + 0.0) ) ) )
Fitness = 0.955675295772
Avg Fitness = 0.577833162829
Duplicated = 33
============================================================================
Evaluate Gen  6
New Population 507
Better than Dads 118
Best Ind: ( (10y + -1.0) * (1x + 0.0) )
Fitness = 0.115732125345
Worst Ind: ( (6x + 10.0) + ( ( ( (6y + -2.0) * (5x + 5.0) ) + 8.0 ) + 9.0 ) )
Fitness = 0.646641631233
Avg Fitness = 0.450175639698
Duplicated = 32
============================================================================
Evaluate Gen  7
New Population 489
Better than Dads 97
Best Ind: ( (10y + -1.0) * (1x + 0.0) )
Fitness = 0.115732125345
Worst Ind: ( ( ( ( ( (8y + -10.0) + (1x + 5.0) ) + 2.0 ) + (7y + 5.0) ) + 5.0 ) + (8y + 7.0) )
Fitness = 0.533947799411
Avg Fitness = 0.383234402313
Duplicated = 34
============================================================================
Evaluate Gen  8
New Population 506
Better than Dads 128
Best Ind: ( (10y + -1.0) * (1x + 0.0) )
Fitness = 0.115732125345
Worst Ind: ( ( ( (1y + 6.0) + (9x + -2.0) ) + 10.0 ) + (5x + -3.0) )
Fitness = 0.454025521633
Avg Fitness = 0.33483463872
Duplicated = 33
============================================================================
Evaluate Gen  9
New Population 502
Better than Dads 133
Best Ind: ( (10y + -1.0) * (1x + 0.0) )
Fitness = 0.115732125345
Worst Ind: ( (1y + 9.0) + (1x + 0.0) )
Fitness = 0.401042609075
Avg Fitness = 0.2998400975
Duplicated = 34
============================================================================
Evaluate Gen  10
New Population 483
Better than Dads 121
Best Ind: ( (10y + -1.0) * (1x + 0.0) )
Fitness = 0.115732125345
Worst Ind: ( (1y + -1.0) * ( ( (5x + -2.0) + (2x + 7.0) ) + (2x + 1.0) ) )
Fitness = 0.348739715562
Avg Fitness = 0.271885563593
Duplicated = 48
============================================================================
Evaluate Gen  11
New Population 486
Better than Dads 123
Best Ind: ( (10y + -1.0) * (1x + 0.0) )
Fitness = 0.115732125345
Worst Ind: ( ( (1x + 0.0) + (8y + 7.0) ) + (2y + -3.0) )
Fitness = 0.315342732014
Avg Fitness = 0.248572380152
Duplicated = 60
============================================================================
Evaluate Gen  12
New Population 485
Better than Dads 123
Best Ind: ( (4x + 0.0) * (1y + 0.0) )
Fitness = 0.106244492675
Worst Ind: ( ( ( ( (1y + 6.0) + (6x + -3.0) ) + 1.0 ) + (1x + 0.0) ) * (1x + 1.0) )
Fitness = 0.289139867265
Avg Fitness = 0.230374695665
Duplicated = 64
============================================================================
Evaluate Gen  13
New Population 497
Better than Dads 124
Best Ind: ( (4x + 0.0) * (1y + 0.0) )
Fitness = 0.106244492675
Worst Ind: ( ( (7y + 2.0) + ( (4x + 0.0) * (1y + 0.0) ) ) + 1.0 )
Fitness = 0.259003782529
Avg Fitness = 0.208787017276
Duplicated = 79
============================================================================
Evaluate Gen  14
New Population 509
Better than Dads 126
Best Ind: ( (4x + 0.0) * (1y + 0.0) )
Fitness = 0.106244492675
Worst Ind: ( ( ( (2x + -2.0) * (4x + 0.0) ) + (7y + 5.0) ) + (6x + -4.0) )
Fitness = 0.235494230794
Avg Fitness = 0.190157542062
Duplicated = 84
============================================================================
Evaluate Gen  15
New Population 507
Better than Dads 131
Best Ind: ( ( (4x + 0.0) * (1y + 0.0) ) + 1.0 )
Fitness = 0.0960171790418
Worst Ind: ( (1y + 3.0) + ( (1x + 0.0) * (1x + 1.0) ) )
Fitness = 0.206425129996
Avg Fitness = 0.171758337988
Duplicated = 75
============================================================================
Evaluate Gen  16
New Population 515
Better than Dads 134
Best Ind: ( ( (4x + 0.0) * (1y + 0.0) ) + 1.0 )
Fitness = 0.0960171790418
Worst Ind: ( (1x + -2.0) * (2y + 0.0) )
Fitness = 0.192585421007
Avg Fitness = 0.156490598572
Duplicated = 63
============================================================================
Evaluate Gen  17
New Population 514
Better than Dads 136
Best Ind: ( ( ( ( (3x + 1.0) * (1x + 0.0) ) * ( (2y + -1.0) + (3y + -1.0) ) ) + 1.0 ) + (1x + 0.0) )
Fitness = 0.0906349070671
Worst Ind: ( (2y + 0.0) * ( (6x + 10.0) * (1x + 0.0) ) )
Fitness = 0.175721181866
Avg Fitness = 0.143205424461
Duplicated = 64
============================================================================
Evaluate Gen  18
New Population 497
Better than Dads 119
Best Ind: ( ( (3y + -1.0) * (1x + 0.0) ) + (1x + 1.0) )
Fitness = 0.0831533162499
Worst Ind: ( (2y + 0.0) + (1x + 0.0) )
Fitness = 0.155148055016
Avg Fitness = 0.132801143925
Duplicated = 65
============================================================================
Evaluate Gen  19
New Population 513
Better than Dads 136
Best Ind: ( ( (3y + -1.0) * (1x + 0.0) ) + (1x + 1.0) )
Fitness = 0.0831533162499
Worst Ind: ( (2y + 0.0) * (1x + 1.0) )
Fitness = 0.140619951026
Avg Fitness = 0.125262260065
Duplicated = 86
============================================================================
Evaluate Gen  20
New Population 503
Better than Dads 138
Best Ind: ( ( 7.0 + (1x + -2.0) ) + ( ( (1y + -1.0)^2  ) + (1y + -5.0) ) )
Fitness = 0.075874075871
Worst Ind: ( (2y + 0.0) + ( (1x + 0.0) + ( (4x + 0.0) * (3y + -1.0) ) ) )
Fitness = 0.134553834986
Avg Fitness = 0.121090120122
Duplicated = 97
============================================================================
Evaluate Gen  21
New Population 508
Better than Dads 144
Best Ind: ( ( 7.0 + (1x + -2.0) ) + ( ( (1y + -1.0)^2  ) + (1y + -5.0) ) )
Fitness = 0.075874075871
Worst Ind: ( ( ( ( (4y + 5.0) + ( (4x + 0.0) * (1y + 0.0) ) ) + (1y + 6.0) ) * (1x + 0.0) ) * (1x + 0.0) )
Fitness = 0.128802111234
Avg Fitness = 0.117247365232
Duplicated = 106
============================================================================
Evaluate Gen  22
New Population 522
Better than Dads 151
Best Ind: ( ( 7.0 + (1x + -2.0) ) + ( ( (1y + -1.0)^2  ) + (1y + -5.0) ) )
Fitness = 0.075874075871
Worst Ind: ( (2y + 0.0) * (1x + 0.0) )
Fitness = 0.124057852087
Avg Fitness = 0.114077954479
Duplicated = 135
============================================================================
Evaluate Gen  23
New Population 506
Better than Dads 149
Best Ind: ( 1.0 + ( ( (1x + 0.0) + ( (4x + 0.0) * (1y + 0.0) ) ) * (1y + 0.0) ) )
Fitness = 0.0672795001003
Worst Ind: ( ( (4x + 0.0) * (1y + 0.0) )^2  )
Fitness = 0.121440333992
Avg Fitness = 0.111230161192
Duplicated = 140
============================================================================
Evaluate Gen  24
New Population 512
Better than Dads 152
Best Ind: ( 1.0 + ( ( (1x + 0.0) + ( (4x + 0.0) * (1y + 0.0) ) ) * (1y + 0.0) ) )
Fitness = 0.0672795001003
Worst Ind: ( ( (1x + 1.0) * (1y + 0.0) ) * ( (2y + -1.0) + (2y + 0.0) ) )
Fitness = 0.117581278302
Avg Fitness = 0.108943171506
Duplicated = 150
============================================================================
Evaluate Gen  25
New Population 509
Better than Dads 141
Best Ind: ( 1.0 + ( ( (1x + 0.0) + ( (4x + 0.0) * (1y + 0.0) ) ) * (1y + 0.0) ) )
Fitness = 0.0672795001003
Worst Ind: ( (4x + 0.0) * ( (2y + 0.0) * (1x + 1.0) ) )
Fitness = 0.114632440946
Avg Fitness = 0.106949033617
Duplicated = 169
============================================================================
Evaluate Gen  26
New Population 509
Better than Dads 133
Best Ind: ( 1.0 + ( ( (1x + 0.0) + ( (4x + 0.0) * (1y + 0.0) ) ) * (1y + 0.0) ) )
Fitness = 0.0672795001003
Worst Ind: ( ( (4y + 2.0) + ( (2y + 0.0) + ( (1x + 9.0) + (1y + -10.0) ) ) ) * (1x + 0.0) )
Fitness = 0.111702299174
Avg Fitness = 0.10477534749
Duplicated = 189
============================================================================
Evaluate Gen  27
New Population 516
Better than Dads 155
Best Ind: ( 1.0 + ( ( (1x + 0.0) + ( (4x + 0.0) * (1y + 0.0) ) ) * (1y + 0.0) ) )
Fitness = 0.0672795001003
Worst Ind: ( ( ( ( ( (4x + 0.0) * (1y + 0.0) ) + ( (4x + 0.0) * (1y + 0.0) ) ) * (1x + 0.0) ) * ( (1x + 0.0) * (1y + 0.0) ) ) + ( (4x + 0.0) * (2y + 0.0) ) )
Fitness = 0.107809761018
Avg Fitness = 0.103537325581
Duplicated = 219
============================================================================
Evaluate Gen  28
New Population 514
Better than Dads 129
Best Ind: ( ( ( ( (1y + -1.0) * (1x + 0.0) ) * (5x + -1.0) ) * (1y + 0.0) ) + (1x + 1.0) )
Fitness = 0.0649366070011
Worst Ind: ( (4x + 0.0) * (1y + 0.0) )
Fitness = 0.106244492675
Avg Fitness = 0.102642541825
Duplicated = 230
============================================================================
Evaluate Gen  29
New Population 500
Better than Dads 116
Best Ind: ( ( ( ( ( (1y + 0.0) * ( (1x + 0.0)^2  ) ) * (1x + 0.0) ) * ( (1x + 0.0) + (3y + -1.0) ) ) + 1.0 )^2  )
Fitness = 0.0336032669243
Worst Ind: ( (4x + 0.0) * (1y + 0.0) )
Fitness = 0.106244492675
Avg Fitness = 0.101279566083
Duplicated = 217
============================================================================
Evaluate Gen  30
New Population 501
Better than Dads 119
Best Ind: ( ( ( ( ( (1y + 0.0) * ( (1x + 0.0)^2  ) ) * (1x + 0.0) ) * ( (1x + 0.0) + (3y + -1.0) ) ) + 1.0 )^2  )
Fitness = 0.0336032669243
Worst Ind: ( (4x + 0.0) * (1y + 0.0) )
Fitness = 0.106244492675
Avg Fitness = 0.100200986344
Duplicated = 206
============================================================================
Evaluate Gen  31
New Population 490
Better than Dads 120
Best Ind: ( ( ( ( ( (1y + 0.0) * ( (1x + 0.0)^2  ) ) * (1x + 0.0) ) * ( (1x + 0.0) + (3y + -1.0) ) ) + 1.0 )^2  )
Fitness = 0.0336032669243
Worst Ind: ( (4x + 0.0) * (1y + 0.0) )
Fitness = 0.106244492675
Avg Fitness = 0.0987759536028
Duplicated = 193
============================================================================
Evaluate Gen  32
New Population 514
Better than Dads 147
Best Ind: ( ( ( ( ( (1y + 0.0) * ( (1x + 0.0)^2  ) ) * (1x + 0.0) ) * ( (1x + 0.0) + (3y + -1.0) ) ) + 1.0 )^2  )
Fitness = 0.0336032669243
Worst Ind: ( (4x + 0.0) * (1y + 0.0) )
Fitness = 0.106244492675
Avg Fitness = 0.0967204559748
Duplicated = 174
============================================================================
Evaluate Gen  33
New Population 515
Better than Dads 158
Best Ind: ( ( ( ( ( (1y + 0.0) * ( (1x + 0.0)^2  ) ) * (1x + 0.0) ) * ( (1x + 0.0) + (3y + -1.0) ) ) + 1.0 )^2  )
Fitness = 0.0336032669243
Worst Ind: ( ( ( ( (3x + 1.0) * (1x + 0.0) ) * ( (2y + -1.0) + (3y + -1.0) ) ) + 1.0 ) + (1y + 0.0) )
Fitness = 0.104639569
Avg Fitness = 0.093951429508
Duplicated = 184
============================================================================
Evaluate Gen  34
New Population 529
Better than Dads 154
Best Ind: ( ( ( ( (4x + 0.0) * (1y + 0.0) ) * (1x + 0.0) ) * ( (1y + 0.0)^2  ) ) + 1.0 )
Fitness = 0.0283175224028
Worst Ind: ( ( (4x + 0.0) * (1y + 0.0) ) + (1x + 1.0) )
Fitness = 0.0981187987653
Avg Fitness = 0.0910308005731
Duplicated = 194
============================================================================
Evaluate Gen  35
New Population 520
Better than Dads 148
Best Ind: ( ( ( ( (4x + 0.0) * (1y + 0.0) ) * (1x + 0.0) ) * ( (1y + 0.0)^2  ) ) + 1.0 )
Fitness = 0.0283175224028
Worst Ind: ( (1x + 1.0) + ( (4x + 0.0) * (1y + 0.0) ) )
Fitness = 0.0981187987653
Avg Fitness = 0.0885187501185
Duplicated = 175
============================================================================
Evaluate Gen  36
New Population 534
Better than Dads 154
Best Ind: ( ( ( ( (4x + 0.0) * (1y + 0.0) ) * (1x + 0.0) ) * ( (1y + 0.0)^2  ) ) + 1.0 )
Fitness = 0.0283175224028
Worst Ind: ( ( (1y + 0.0)^2  ) + ( (4x + 0.0) * (1y + 0.0) ) )
Fitness = 0.0965473311459
Avg Fitness = 0.0847440923698
Duplicated = 163
============================================================================
Evaluate Gen  37
New Population 515
Better than Dads 148
Best Ind: ( ( ( ( (4x + 0.0) * (1y + 0.0) ) * (1x + 0.0) ) * ( (1y + 0.0)^2  ) ) + 1.0 )
Fitness = 0.0283175224028
Worst Ind: ( 1.0 + ( (4x + 0.0) * (1y + 0.0) ) )
Fitness = 0.0960171790418
Avg Fitness = 0.0807661331034
Duplicated = 136
============================================================================
Evaluate Gen  38
New Population 515
Better than Dads 145
Best Ind: ( ( ( ( (4x + 0.0) * (1y + 0.0) ) * ( ( ( (4x + 0.0) * (1y + 0.0) ) * ( (4x + 0.0) * (1y + 0.0) ) ) * ( (1x + 0.0) * (1y + 0.0) ) ) ) * ( (1x + 0.0) * (2y + 0.0) ) ) + 1.0 )
Fitness = 0.0261796125138
Worst Ind: ( ( ( ( (4x + 0.0) * (1y + 0.0) ) * (4x + 0.0) ) * (1y + 0.0) ) + (1x + 1.0) )
Fitness = 0.0896863918904
Avg Fitness = 0.0767596158037
Duplicated = 131
============================================================================
Evaluate Gen  39
New Population 511
Better than Dads 137
Best Ind: ( ( ( ( (4x + 0.0) * (1y + 0.0) ) * ( ( ( (4x + 0.0) * (1y + 0.0) ) * ( (4x + 0.0) * (1y + 0.0) ) ) * ( (1x + 0.0) * (1y + 0.0) ) ) ) * ( (1x + 0.0) * (2y + 0.0) ) ) + 1.0 )
Fitness = 0.0261796125138
Worst Ind: ( ( (1y + 0.0) * (1y + 0.0) ) + (1x + 1.0) )
Fitness = 0.0857361712702
Avg Fitness = 0.0728041368326
Duplicated = 110
============================================================================
Evaluate Gen  40
New Population 523
Better than Dads 144
Best Ind: ( ( (1x + 0.0) * ( ( ( ( (1x + 0.0) * (1y + 0.0) ) * (1y + 0.0) ) * (1y + 0.0) ) * (4x + 0.0) ) ) + 1.0 )
Fitness = 0.0185173590209
Worst Ind: ( (1x + 1.0) + ( (1x + 0.0) * ( (1y + 0.0) * (1y + 0.0) ) ) )
Fitness = 0.0793061918425
Avg Fitness = 0.0686219178944
Duplicated = 110
============================================================================
Evaluate Gen  41
New Population 512
Better than Dads 140
Best Ind: ( ( (1x + 0.0) * ( ( ( ( (4x + 0.0) * (1y + 0.0) ) * (1y + 0.0) ) * ( ( (1y + 0.0)^2  ) * ( (4x + 0.0) * (1y + 0.0) ) ) ) * (1y + 0.0) ) ) + 1.0 )
Fitness = 0.014810103518
Worst Ind: ( ( ( ( (1x + 1.0) * (1y + 0.0) ) * ( (1y + 0.0) * (1y + 0.0) ) ) * ( ( ( (1y + 0.0) * (1y + 0.0) ) + (1x + 1.0) ) * ( (1x + 0.0) * (1y + 0.0) ) ) ) + (1x + 1.0) )
Fitness = 0.0758623899873
Avg Fitness = 0.0644110832504
Duplicated = 111
============================================================================
Evaluate Gen  42
New Population 517
Better than Dads 138
Best Ind: ( 1.0 + ( ( ( (1y + 0.0)^2  ) * (1x + 0.0) ) * ( ( ( ( (1x + 0.0) * (1y + 0.0) ) * ( (4x + 0.0) * (1y + 0.0) ) ) * (4x + 0.0) ) * ( (4x + 0.0) * ( (1x + 0.0) * (1y + 0.0) ) ) ) ) )
Fitness = 0.0127603794464
Worst Ind: ( (1x + 1.0) + ( ( (1x + 0.0) * (1y + 0.0) ) * ( (4x + 0.0) * (1y + 0.0) ) ) )
Fitness = 0.0737131835225
Avg Fitness = 0.0599947678276
Duplicated = 114
============================================================================
Evaluate Gen  43
New Population 510
Better than Dads 140
Best Ind: ( 1.0 + ( ( ( (1y + 0.0)^2  ) * (1x + 0.0) ) * ( ( ( ( (1x + 0.0) * (1y + 0.0) ) * ( (4x + 0.0) * (1y + 0.0) ) ) * (4x + 0.0) ) * ( (4x + 0.0) * ( (1x + 0.0) * (1y + 0.0) ) ) ) ) )
Fitness = 0.0127603794464
Worst Ind: ( ( ( (4x + 0.0) * ( (1x + 0.0) * (2y + 0.0) ) ) * ( (4x + 0.0) * (1y + 0.0) ) ) + 1.0 )
Fitness = 0.0728442288794
Avg Fitness = 0.0546562699773
Duplicated = 99
============================================================================
Evaluate Gen  44
New Population 506
Better than Dads 133
Best Ind: ( ( ( ( ( (1x + 0.0) * (1y + 0.0) ) * (1y + 0.0) ) * (1y + 0.0) ) * ( (1x + 0.0) * (1y + 0.0) ) ) + 1.0 )
Fitness = 0.0102113635145
Worst Ind: ( 1.0 + ( (2y + 0.0) * (1x + 0.0) ) )
Fitness = 0.0678943984108
Avg Fitness = 0.0465903806273
Duplicated = 91
============================================================================
Evaluate Gen  45
New Population 490
Better than Dads 114
Best Ind: ( ( ( ( ( (1x + 0.0) * (1y + 0.0) ) * (1y + 0.0) ) * (1y + 0.0) ) * ( (1x + 0.0) * (1y + 0.0) ) ) + 1.0 )
Fitness = 0.0102113635145
Worst Ind: ( ( ( (1x + 1.0) * ( (1x + 0.0) * (2y + 0.0) ) ) * ( (4x + 0.0) * (1y + 0.0) ) ) + 1.0 )
Fitness = 0.0585828519799
Avg Fitness = 0.0394676832749
Duplicated = 81
============================================================================
Evaluate Gen  46
New Population 490
Better than Dads 119
Best Ind: ( 1.0 + ( ( (3y + -1.0) * (1x + 0.0) ) * ( (1x + 0.0) * ( ( ( (1y + 0.0) * (1x + 0.0) ) * (1x + 0.0) ) * ( (1y + 0.0)^2  ) ) ) ) )
Fitness = 0.00728561506988
Worst Ind: ( ( (1x + 0.0) * (1y + 0.0) ) + 1.0 )
Fitness = 0.0480085895209
Avg Fitness = 0.0335865124774
Duplicated = 83
============================================================================
Evaluate Gen  47
New Population 494
Better than Dads 118
Best Ind: ( 1.0 + ( ( (3y + -1.0) * (1x + 0.0) ) * ( (1x + 0.0) * ( ( ( (1y + 0.0) * (1x + 0.0) ) * (1x + 0.0) ) * ( (1y + 0.0)^2  ) ) ) ) )
Fitness = 0.00728561506988
Worst Ind: ( 1.0 + ( ( ( (4x + 0.0) * (1y + 0.0) ) * ( (4x + 0.0) * (1y + 0.0) ) ) * ( (1y + 0.0) * (1y + 0.0) ) ) )
Fitness = 0.0408454540581
Avg Fitness = 0.0285170047179
Duplicated = 61
============================================================================
Evaluate Gen  48
New Population 486
Better than Dads 110
Best Ind: ( ( ( ( (1x + 0.0) * (1y + 0.0) ) * (1x + 0.0) ) * ( ( ( (1y + 0.0) * (1y + 0.0) ) * (1x + 0.0) ) * ( (1x + 0.0) * (2y + 0.0) ) ) ) + 1.0 )
Fitness = 0.00642949368452
Worst Ind: ( 1.0 + ( ( ( 1.0 * (1y + 0.0) ) * ( (4x + 0.0) * (1y + 0.0) ) ) * ( (1y + 0.0) * (1y + 0.0) ) ) )
Fitness = 0.0347725307234
Avg Fitness = 0.0246157518722
Duplicated = 58
============================================================================
Evaluate Gen  49
New Population 515
Better than Dads 136
Best Ind: ( ( (1x + 0.0) * ( ( ( (1y + 0.0) * ( (1x + 0.0)^2  ) ) * (2y + -1.0) ) * ( ( 1.0 * (1y + 0.0) ) * ( (1x + 0.0) * (1x + 0.0) ) ) ) ) + 1.0 )
Fitness = 0.00526917314213
Worst Ind: ( ( ( ( ( (1y + 0.0)^2  )^2  ) * (1x + 0.0) ) * ( (2y + -1.0) + (3y + -1.0) ) ) + 1.0 )
Fitness = 0.0297544635853
Avg Fitness = 0.0210488071445
Duplicated = 47
============================================================================
Evaluate Gen  50
New Population 490
Better than Dads 112
Best Ind: ( ( (1x + 0.0) * ( ( ( (1y + 0.0) * ( (1x + 0.0)^2  ) ) * (2y + -1.0) ) * ( ( 1.0 * (1y + 0.0) ) * ( (1x + 0.0) * (1x + 0.0) ) ) ) ) + 1.0 )
Fitness = 0.00526917314213
Worst Ind: ( ( ( ( (4x + 0.0) * (1y + 0.0) ) * ( ( ( (4x + 0.0) * (1y + 0.0) ) * ( (4x + 0.0) * (1y + 0.0) ) ) * ( (1x + 0.0) * (1y + 0.0) ) ) ) * ( (1x + 0.0) * (2y + 0.0) ) ) + 1.0 )
Fitness = 0.0261796125138
Avg Fitness = 0.0180470625943
Duplicated = 43
============================================================================
Evaluate Gen  51
New Population 490
Better than Dads 120
Best Ind: ( ( ( ( ( (1y + 0.0) * ( (1x + 0.0)^2  ) ) * (1x + 0.0) ) * ( ( ( (1x + 0.0)^2  ) * (1x + 0.0) ) * ( (1x + 0.0) * (1y + 0.0) ) ) ) * ( ( (1x + 0.0) * ( ( (4x + 0.0) * (1y + 0.0) ) * (1y + 0.0) ) ) + (1x + 1.0) ) ) + 1.0 )
Fitness = 0.00316970478025
Worst Ind: ( ( ( (1y + 0.0) * (1x + 0.0) ) * ( (1y + 0.0)^2  ) ) + 1.0 )
Fitness = 0.023327762252
Avg Fitness = 0.0158663043276
Duplicated = 45
============================================================================
Evaluate Gen  52
New Population 474
Better than Dads 108
Best Ind: ( ( ( ( ( (1y + 0.0) * ( (1x + 0.0)^2  ) ) * (1x + 0.0) ) * ( ( ( (1x + 0.0)^2  ) * (1x + 0.0) ) * ( (1x + 0.0) * (1y + 0.0) ) ) ) * ( ( (1x + 0.0) * ( ( (4x + 0.0) * (1y + 0.0) ) * (1y + 0.0) ) ) + (1x + 1.0) ) ) + 1.0 )
Fitness = 0.00316970478025
Worst Ind: ( ( (1y + 0.0) * ( (1x + 0.0) * ( (1x + 0.0) * (1y + 0.0) ) ) ) + 1.0 )
Fitness = 0.0199757238108
Avg Fitness = 0.0137523350941
Duplicated = 37
============================================================================
Evaluate Gen  53
New Population 490
Better than Dads 114
Best Ind: ( ( ( ( ( (1y + 0.0) * ( (1x + 0.0)^2  ) ) * (1x + 0.0) ) * ( ( (1y + 0.0)^2  ) * ( (1x + 0.0) + (2x + 1.0) ) ) )^2  ) + 1.0 )
Fitness = 0.00251546546782
Worst Ind: ( ( ( ( ( 1.0 * ( (1x + 0.0) * (1y + 0.0) ) ) * (1y + 0.0) ) * (1y + 0.0) ) * (1y + 0.0) ) + 1.0 )
Fitness = 0.0173862653617
Avg Fitness = 0.0115643964655
Duplicated = 43
============================================================================
Evaluate Gen  54
New Population 484
Better than Dads 115
Best Ind: ( ( ( ( ( (1y + 0.0) * ( (1x + 0.0)^2  ) ) * (1x + 0.0) ) * ( ( (1y + 0.0)^2  ) * ( (1x + 0.0) + (2x + 1.0) ) ) )^2  ) + 1.0 )
Fitness = 0.00251546546782
Worst Ind: ( ( ( ( (1y + 0.0) * (1y + 0.0) ) * ( ( ( (4x + 0.0) * (1y + 0.0) ) * ( (4x + 0.0) * (1y + 0.0) ) ) * ( (1x + 0.0) * (1y + 0.0) ) ) ) * ( (1x + 0.0) * (2y + 0.0) ) ) + 1.0 )
Fitness = 0.0143179333538
Avg Fitness = 0.0100711901818
Duplicated = 51
============================================================================
Evaluate Gen  55
New Population 485
Better than Dads 110
Best Ind: ( ( ( ( (1x + 0.0) * (1y + 0.0) ) * ( ( ( (1y + 0.0) * (1y + 0.0) ) * (1y + 0.0) ) * ( (4x + 0.0) * (1y + 0.0) ) ) ) * ( ( ( (1y + 0.0) * ( (1x + 0.0)^2  ) ) * ( ( 1.0 * (1y + 0.0) ) * (2y + -1.0) ) ) * ( ( 1.0 * (1y + 0.0) ) * ( (1x + 0.0) * (1x + 0.0) ) ) ) ) + 1.0 )
Fitness = 0.00123054282166
Worst Ind: ( ( ( ( ( (1y + 0.0) * ( (1x + 0.0)^2  ) ) * (1x + 0.0) ) * ( ( (1y + 0.0) * (1y + 0.0) ) * 1.0 ) ) + 1.0 )^2  )
Fitness = 0.0131493652431
Avg Fitness = 0.00859542866065
Duplicated = 42
============================================================================
Evaluate Gen  56
New Population 477
Better than Dads 115
Best Ind: ( ( ( ( (1x + 0.0) * (1y + 0.0) ) * ( ( ( (1y + 0.0) * (1y + 0.0) ) * (1y + 0.0) ) * ( (4x + 0.0) * (1y + 0.0) ) ) ) * ( ( ( (1y + 0.0) * ( (1x + 0.0)^2  ) ) * ( ( 1.0 * (1y + 0.0) ) * (2y + -1.0) ) ) * ( ( 1.0 * (1y + 0.0) ) * ( (1x + 0.0) * (1x + 0.0) ) ) ) ) + 1.0 )
Fitness = 0.00123054282166
Worst Ind: ( ( 1.0^2  ) + ( ( ( (1x + 0.0) * (4x + 0.0) ) * ( ( ( (1x + 0.0) * (1y + 0.0) ) * (1y + 0.0) ) * (1x + 0.0) ) ) * (1x + 0.0) ) )
Fitness = 0.0113813513476
Avg Fitness = 0.00746931361263
Duplicated = 42
============================================================================
Evaluate Gen  57
New Population 476
Better than Dads 118
Best Ind: ( ( ( ( ( (1x + 0.0)^2  ) * ( ( (4x + 0.0) * (1y + 0.0) ) * (1y + 0.0) ) ) * ( ( 1.0 * (1y + 0.0) ) * ( (1x + 0.0) * (1x + 0.0) ) ) ) * ( ( ( (1y + 0.0) * (1y + 0.0) ) * ( (1x + 0.0) * (1x + 0.0) ) ) * ( (1x + 0.0) * ( (1y + 0.0) * ( (1y + 0.0)^2  ) ) ) ) ) + 1.0 )
Fitness = 0.00069561825995
Worst Ind: ( ( (1x + 1.0) * ( ( (1x + 0.0) * ( ( (1x + 0.0) * (1x + 0.0) ) * (1y + 0.0) ) ) * ( (1y + 0.0) * (1y + 0.0) ) ) ) + 1.0 )
Fitness = 0.00973121980644
Avg Fitness = 0.00657186879317
Duplicated = 55
============================================================================
Evaluate Gen  58
New Population 473
Better than Dads 123
Best Ind: ( ( ( ( ( (1x + 0.0)^2  ) * ( ( (4x + 0.0) * (1y + 0.0) ) * (1y + 0.0) ) ) * ( ( 1.0 * (1y + 0.0) ) * ( (1x + 0.0) * (1x + 0.0) ) ) ) * ( ( ( (1y + 0.0) * (1y + 0.0) ) * ( (1x + 0.0) * (1x + 0.0) ) ) * ( (1x + 0.0) * ( (1y + 0.0) * ( (1y + 0.0)^2  ) ) ) ) ) + 1.0 )
Fitness = 0.00069561825995
Worst Ind: ( ( (1x + 0.0) * ( ( ( ( (4x + 0.0) * (1y + 0.0) ) * (1y + 0.0) ) * ( ( (1y + 0.0)^2  ) * ( (4x + 0.0) * (1y + 0.0) ) ) ) * ( ( (4x + 0.0) * (1y + 0.0) ) * ( ( (1y + 0.0)^2  ) * (1y + 0.0) ) ) ) ) + 1.0 )
Fitness = 0.00891314970323
Avg Fitness = 0.00584508806239
Duplicated = 49
============================================================================
Evaluate Gen  59
New Population 478
Better than Dads 107
Best Ind: ( ( ( ( ( 1.0 * ( (1x + 0.0)^2  ) ) * (1x + 0.0) ) * ( ( ( (1x + 0.0) * (1y + 0.0) ) * (1x + 0.0) ) * ( (1y + 0.0) * (1y + 0.0) ) ) )^2  ) + 1.0 )
Fitness = 0.000288465008659
Worst Ind: ( ( ( ( (1y + 0.0) * ( (1x + 0.0) * (1y + 0.0) ) ) * ( (1y + 0.0) * (1y + 0.0) ) ) * ( ( 1.0 * (1y + 0.0) ) * (1x + 0.0) ) ) + 1.0 )
Fitness = 0.00749572724731
Avg Fitness = 0.00508308682994
Duplicated = 56
============================================================================
Evaluate Gen  60
New Population 487
Better than Dads 126
Best Ind: ( ( ( ( ( 1.0 * ( (1x + 0.0)^2  ) ) * (1x + 0.0) ) * ( ( ( (1x + 0.0) * (1y + 0.0) ) * (1x + 0.0) ) * ( (1y + 0.0) * (1y + 0.0) ) ) )^2  ) + 1.0 )
Fitness = 0.000288465008659
Worst Ind: ( ( ( (1x + 0.0) * ( (1y + 0.0) * ( (1y + 0.0)^2  ) ) ) * ( ( (1x + 0.0) * (1y + 0.0) ) * (1x + 0.0) ) ) + 1.0 )
Fitness = 0.00674504958162
Avg Fitness = 0.00452147000273
Duplicated = 57
============================================================================
Evaluate Gen  61
New Population 495
Better than Dads 127
Best Ind: ( ( ( ( ( 1.0 * ( (1x + 0.0)^2  ) ) * (1x + 0.0) ) * ( ( ( (1x + 0.0) * (1y + 0.0) ) * (1x + 0.0) ) * ( (1y + 0.0) * (1y + 0.0) ) ) )^2  ) + 1.0 )
Fitness = 0.000288465008659
Worst Ind: ( ( ( ( (1y + 0.0) * (1y + 0.0) ) * ( (1x + 0.0) * (1y + 0.0) ) )^2  ) + 1.0 )
Fitness = 0.00562079960569
Avg Fitness = 0.00391205476729
Duplicated = 58
============================================================================
Evaluate Gen  62
New Population 461
Better than Dads 118
Best Ind: ( ( ( ( ( 1.0 * ( (1x + 0.0)^2  ) ) * (1x + 0.0) ) * ( ( ( (1x + 0.0) * (1y + 0.0) ) * (1x + 0.0) ) * ( (1y + 0.0) * (1y + 0.0) ) ) )^2  ) + 1.0 )
Fitness = 0.000288465008659
Worst Ind: ( ( ( ( (1x + 0.0) * (1y + 0.0) ) * ( (1y + 0.0)^2  ) ) * ( ( ( (1y + 0.0) * (1y + 0.0) ) * (1x + 0.0) ) * ( (1x + 0.0) * (2y + 0.0) ) ) ) + 1.0 )
Fitness = 0.00523616231384
Avg Fitness = 0.00359378994265
Duplicated = 51
============================================================================
Evaluate Gen  63
New Population 482
Better than Dads 122
Best Ind: ( ( ( ( ( 1.0 * ( (1x + 0.0)^2  ) ) * (1x + 0.0) ) * ( ( ( (1x + 0.0) * (1y + 0.0) ) * (1x + 0.0) ) * ( (1y + 0.0) * (1y + 0.0) ) ) )^2  ) + 1.0 )
Fitness = 0.000288465008659
Worst Ind: ( ( ( ( ( (1x + 0.0) * (1y + 0.0) ) * (1y + 0.0) ) * ( ( ( (4x + 0.0) * (1y + 0.0) ) * (1y + 0.0) ) * (1x + 0.0) ) ) * ( ( (1y + 0.0) * (1x + 0.0) ) * (1x + 0.0) ) ) + 1.0 )
Fitness = 0.00462794538434
Avg Fitness = 0.00319515747707
Duplicated = 61
============================================================================
Evaluate Gen  64
New Population 457
Better than Dads 114
Best Ind: ( ( ( ( ( (1x + 0.0) * ( (1x + 0.0) * (1y + 0.0) ) ) * ( (1x + 0.0) * (1y + 0.0) ) )^2  ) * ( ( ( ( (1y + 0.0) * (1y + 0.0) ) * (1y + 0.0) ) * (1y + 0.0) ) * ( (1x + 0.0) * ( (1x + 0.0) * (1y + 0.0) ) ) ) ) + 1.0 )
Fitness = 0.000269768390359
Worst Ind: ( ( ( ( ( (1y + 0.0) * (1y + 0.0) ) * ( (1x + 0.0) * (1y + 0.0) ) ) * ( (1y + 0.0) * (1y + 0.0) ) ) * ( ( (1y + 0.0) * (1y + 0.0) ) * (1x + 0.0) ) ) + 1.0 )
Fitness = 0.00434879685893
Avg Fitness = 0.00294261764514
Duplicated = 56
============================================================================
Evaluate Gen  65
New Population 501
Better than Dads 132
Best Ind: ( ( ( ( ( (1x + 0.0) * ( (1x + 0.0) * (1y + 0.0) ) ) * ( (1x + 0.0) * (1y + 0.0) ) )^2  ) * ( ( ( ( (1y + 0.0) * (1y + 0.0) ) * (1y + 0.0) ) * (1y + 0.0) ) * ( (1x + 0.0) * ( (1x + 0.0) * (1y + 0.0) ) ) ) ) + 1.0 )
Fitness = 0.000269768390359
Worst Ind: ( ( ( ( ( (1x + 0.0) * (1y + 0.0) ) * (1y + 0.0) ) * (1x + 0.0) ) * ( ( ( (4x + 0.0) * (1y + 0.0) ) * ( ( (1y + 0.0)^2  ) * (1y + 0.0) ) ) * ( (1x + 0.0) * (1y + 0.0) ) ) ) + 1.0 )
Fitness = 0.00382414112446
Avg Fitness = 0.00256377091257
Duplicated = 66
============================================================================
Evaluate Gen  66
New Population 487
Better than Dads 123
Best Ind: ( ( ( ( ( (1x + 0.0) * ( (1x + 0.0) * (1y + 0.0) ) ) * ( (1x + 0.0) * (1y + 0.0) ) )^2  ) * ( ( ( ( (1y + 0.0) * (1y + 0.0) ) * (1y + 0.0) ) * (1y + 0.0) ) * ( (1x + 0.0) * ( (1x + 0.0) * (1y + 0.0) ) ) ) ) + 1.0 )
Fitness = 0.000269768390359
Worst Ind: ( ( ( ( ( (1y + 0.0) * ( (1x + 0.0)^2  ) ) * ( (1x + 0.0) * (1x + 0.0) ) ) * ( ( ( (1y + 0.0) * (1y + 0.0) ) * (1y + 0.0) ) * ( (4x + 0.0) * (1y + 0.0) ) ) ) * (1y + 0.0) ) + 1.0 )
Fitness = 0.003488228566
Avg Fitness = 0.00224577086756
Duplicated = 65
============================================================================
Evaluate Gen  67
New Population 469
Better than Dads 111
Best Ind: ( ( ( ( ( (1x + 0.0) * ( (1x + 0.0) * (1y + 0.0) ) ) * ( (1x + 0.0) * (1y + 0.0) ) )^2  ) * ( ( ( ( (1y + 0.0) * (1y + 0.0) ) * (1y + 0.0) ) * (1y + 0.0) ) * ( (1x + 0.0) * ( (1x + 0.0) * (1y + 0.0) ) ) ) ) + 1.0 )
Fitness = 0.000269768390359
Worst Ind: ( ( ( ( ( ( 1.0 * (1y + 0.0) ) * (1y + 0.0) ) * (1x + 0.0) ) * 1.0 ) * ( ( ( (1y + 0.0) * (1y + 0.0) ) * (1x + 1.0) ) * ( ( ( (1x + 0.0) * (1y + 0.0) ) * (1x + 0.0) ) * ( (1y + 0.0) * (1y + 0.0) ) ) ) ) + 1.0 )
Fitness = 0.00299233724046
Avg Fitness = 0.00195939123978
Duplicated = 66
============================================================================
Evaluate Gen  68
New Population 475
Better than Dads 123
Best Ind: ( ( ( ( ( (1x + 0.0) * ( (1x + 0.0) * (1y + 0.0) ) ) * ( (1x + 0.0) * (1y + 0.0) ) )^2  ) * ( ( ( ( (1y + 0.0) * (1y + 0.0) ) * (1y + 0.0) ) * (1y + 0.0) ) * ( (1x + 0.0) * ( (1x + 0.0) * (1y + 0.0) ) ) ) ) + 1.0 )
Fitness = 0.000269768390359
Worst Ind: ( ( ( (1x + 0.0) * ( (1y + 0.0) * ( (1y + 0.0)^2  ) ) ) * ( ( ( (1x + 0.0) * (1x + 0.0) ) * ( (1y + 0.0)^2  ) ) * ( (1y + 0.0)^2  ) ) ) + 1.0 )
Fitness = 0.00278499292342
Avg Fitness = 0.00178387912611
Duplicated = 63
============================================================================
Evaluate Gen  69
New Population 481
Better than Dads 132
Best Ind: ( ( ( ( ( (1x + 0.0) * ( (1x + 0.0) * (1y + 0.0) ) ) * ( (1x + 0.0) * (1y + 0.0) ) )^2  ) * ( ( ( ( (1y + 0.0) * (1y + 0.0) ) * (1y + 0.0) ) * (1y + 0.0) ) * ( (1x + 0.0) * ( (1x + 0.0) * (1y + 0.0) ) ) ) ) + 1.0 )
Fitness = 0.000269768390359
Worst Ind: ( ( ( ( ( ( (1x + 0.0) * (1y + 0.0) )^2  ) * ( (1x + 0.0) * (1x + 0.0) ) ) * ( ( ( (4x + 0.0) * (1y + 0.0) ) * (1x + 0.0) ) * ( (1y + 0.0)^2  ) ) ) * (1y + 0.0) ) + 1.0 )
Fitness = 0.00241620673113
Avg Fitness = 0.00156696614052
Duplicated = 59
============================================================================
Evaluate Gen  70
New Population 483
Better than Dads 122
Best Ind: ( ( ( ( ( ( (1x + 0.0) * (1y + 0.0) ) * ( (1x + 0.0) * (1y + 0.0) ) ) * ( ( (1x + 0.0) * (1y + 0.0) ) * (1y + 0.0) ) ) * ( ( ( (1y + 0.0) * (1y + 0.0) ) * (1y + 0.0) ) * ( (4x + 0.0) * (1y + 0.0) ) ) ) * ( ( ( (1y + 0.0) * ( (1x + 0.0)^2  ) ) * ( ( 1.0 * (1y + 0.0) ) * (2y + -1.0) ) ) * ( ( 1.0 * (1y + 0.0) ) * ( (1x + 0.0) * (1x + 0.0) ) ) ) ) + 1.0 )
Fitness = 0.000260888444641
Worst Ind: ( ( ( ( ( (1y + 0.0) * (1y + 0.0) ) * (1y + 0.0) ) * (1x + 0.0) ) * ( ( ( ( (1y + 0.0) * (1y + 0.0) ) * (1y + 0.0) ) * (1y + 0.0) ) * ( (1x + 0.0) * ( (1x + 0.0) * (1y + 0.0) ) ) ) ) + 1.0 )
Fitness = 0.00211630620649
Avg Fitness = 0.00136389708757
Duplicated = 49
============================================================================
Evaluate Gen  71
New Population 495
Better than Dads 137
Best Ind: ( ( ( ( ( ( (1x + 0.0) * (1y + 0.0) )^2  )^2  ) * ( ( ( (1y + 0.0)^2  ) * ( (1x + 0.0) * (1y + 0.0) ) ) * (1y + 0.0) ) ) * ( ( ( (1y + 0.0) * ( (1x + 0.0)^2  ) ) * ( ( 1.0 * (1y + 0.0) ) * (2y + -1.0) ) ) * ( ( 1.0 * (1y + 0.0) ) * ( (1x + 0.0) * (1x + 0.0) ) ) ) ) + 1.0 )
Fitness = 9.05126370241e-05
Worst Ind: ( ( ( ( ( ( (4x + 0.0) * (1y + 0.0) ) * (1y + 0.0) ) * (1x + 0.0) ) * ( ( ( (1y + 0.0) * (1y + 0.0) ) * (1y + 0.0) ) * ( (1x + 0.0) * (1y + 0.0) ) ) ) * ( ( ( (1x + 0.0) * (1y + 0.0) ) * (1y + 0.0) ) * ( ( ( (4x + 0.0) * (1y + 0.0) ) * (1y + 0.0) ) * (1y + 0.0) ) ) ) + 1.0 )
Fitness = 0.0018646687331
Avg Fitness = 0.00121718754398
Duplicated = 53
============================================================================
Evaluate Gen  72
New Population 472
Better than Dads 134
Best Ind: ( ( ( ( ( ( (1x + 0.0) * (1y + 0.0) )^2  )^2  ) * ( ( ( (1y + 0.0)^2  ) * ( (1x + 0.0) * (1y + 0.0) ) ) * (1y + 0.0) ) ) * ( ( ( (1y + 0.0) * ( (1x + 0.0)^2  ) ) * ( ( 1.0 * (1y + 0.0) ) * (2y + -1.0) ) ) * ( ( 1.0 * (1y + 0.0) ) * ( (1x + 0.0) * (1x + 0.0) ) ) ) ) + 1.0 )
Fitness = 9.05126370241e-05
Worst Ind: ( 1.0 + ( ( ( ( ( (1y + 0.0) * (1y + 0.0) ) * ( (1y + 0.0) * (1y + 0.0) ) ) * ( (4x + 0.0) * (1y + 0.0) ) ) * ( ( (1y + 0.0) * (1y + 0.0) ) * ( (1y + 0.0) * ( 1.0 * (1y + 0.0) ) ) ) ) * ( ( (1x + 0.0) * ( (1x + 0.0) * (1y + 0.0) ) ) * (1x + 0.0) ) ) )
Fitness = 0.00171697165736
Avg Fitness = 0.00112319700607
Duplicated = 48
============================================================================
Evaluate Gen  73
New Population 478
Better than Dads 116
Best Ind: ( ( ( ( ( ( (1x + 0.0) * (1y + 0.0) )^2  )^2  ) * ( ( ( (1y + 0.0)^2  ) * ( (1x + 0.0) * (1y + 0.0) ) ) * (1y + 0.0) ) ) * ( ( ( (1y + 0.0) * ( (1x + 0.0)^2  ) ) * ( ( 1.0 * (1y + 0.0) ) * (2y + -1.0) ) ) * ( ( 1.0 * (1y + 0.0) ) * ( (1x + 0.0) * (1x + 0.0) ) ) ) ) + 1.0 )
Fitness = 9.05126370241e-05
Worst Ind: ( ( ( (1x + 0.0) * ( ( (1x + 1.0) * (1x + 0.0) ) * ( (1x + 0.0) * ( (1x + 0.0) * (1y + 0.0) ) ) ) ) * ( ( ( (1x + 0.0) * (1y + 0.0) ) * (1x + 0.0) )^2  ) ) + 1.0 )
Fitness = 0.00147346334575
Avg Fitness = 0.000994957755061
Duplicated = 57
============================================================================
Evaluate Gen  74
New Population 467
Better than Dads 114
Best Ind: ( ( ( ( ( ( (1x + 0.0) * (1y + 0.0) )^2  )^2  ) * ( ( ( (1y + 0.0)^2  ) * ( (1x + 0.0) * (1y + 0.0) ) ) * (1y + 0.0) ) ) * ( ( ( (1y + 0.0) * ( (1x + 0.0)^2  ) ) * ( ( 1.0 * (1y + 0.0) ) * (2y + -1.0) ) ) * ( ( 1.0 * (1y + 0.0) ) * ( (1x + 0.0) * (1x + 0.0) ) ) ) ) + 1.0 )
Fitness = 9.05126370241e-05
Worst Ind: ( ( ( ( ( (1x + 0.0) * ( (1x + 0.0) * (1y + 0.0) ) ) * (1x + 0.0) ) * ( ( ( (1y + 0.0)^2  ) * (1y + 0.0) ) * (1y + 0.0) ) ) * ( ( ( (1x + 0.0) * (1y + 0.0) ) * (1y + 0.0) ) * (1x + 0.0) ) ) + 1.0 )
Fitness = 0.00132407913531
Avg Fitness = 0.000907034560776
Duplicated = 59
============================================================================
Evaluate Gen  75
New Population 491
Better than Dads 129
Best Ind: ( ( ( ( ( ( (1x + 0.0) * (1y + 0.0) )^2  )^2  ) * ( ( ( (1y + 0.0)^2  ) * ( (1x + 0.0) * (1y + 0.0) ) ) * (1y + 0.0) ) ) * ( ( ( (1y + 0.0) * ( (1x + 0.0)^2  ) ) * ( ( 1.0 * (1y + 0.0) ) * (2y + -1.0) ) ) * ( ( 1.0 * (1y + 0.0) ) * ( (1x + 0.0) * (1x + 0.0) ) ) ) ) + 1.0 )
Fitness = 9.05126370241e-05
Worst Ind: ( ( ( ( ( (1x + 0.0)^2  ) * (1y + 0.0) ) * ( ( (1y + 0.0) * (1y + 0.0) ) * ( (1y + 0.0) * ( (1x + 0.0) * (1y + 0.0) ) ) ) ) * ( ( (1x + 0.0) * ( (1x + 0.0) * (1y + 0.0) ) ) * (1x + 0.0) ) ) + 1.0 )
Fitness = 0.00120810336557
Avg Fitness = 0.000801365596437
Duplicated = 59
============================================================================
Evaluate Gen  76
New Population 467
Better than Dads 119
Best Ind: ( ( ( ( ( ( (1x + 0.0) * (1y + 0.0) )^2  )^2  ) * ( ( ( (1y + 0.0)^2  ) * ( (1x + 0.0) * (1y + 0.0) ) ) * (1y + 0.0) ) ) * ( ( ( (1y + 0.0) * ( (1x + 0.0)^2  ) ) * ( ( 1.0 * (1y + 0.0) ) * (2y + -1.0) ) ) * ( ( 1.0 * (1y + 0.0) ) * ( (1x + 0.0) * (1x + 0.0) ) ) ) ) + 1.0 )
Fitness = 9.05126370241e-05
Worst Ind: ( ( ( ( ( (1x + 0.0)^2  )^2  ) * ( (1x + 0.0) * 1.0 ) ) * ( ( ( (1y + 0.0) * (1y + 0.0) ) * ( 1.0 * ( (1x + 0.0) * (1y + 0.0) ) ) ) * ( (1x + 0.0) * ( (1y + 0.0) * (1y + 0.0) ) ) ) ) + 1.0 )
Fitness = 0.0011048159149
Avg Fitness = 0.00072611567477
Duplicated = 65
============================================================================
Evaluate Gen  77
New Population 470
Better than Dads 126
Best Ind: ( 1.0 + ( ( ( ( ( (1x + 0.0) * (1y + 0.0) )^2  )^2  ) * ( (1x + 0.0) * (1x + 0.0) ) ) * ( ( ( (1y + 0.0)^2  ) * ( (1x + 0.0) * (1x + 0.0) ) ) * ( ( ( (1x + 0.0) * (1y + 0.0) ) * (1x + 0.0) ) * ( ( (1x + 0.0) * (1x + 0.0) ) * (1y + 0.0) ) ) ) ) )
Fitness = 8.66621263242e-05
Worst Ind: ( ( ( (1x + 0.0) * ( ( (1x + 1.0) * ( (1x + 0.0) * (1y + 0.0) ) ) * ( (1x + 0.0) * ( (1x + 0.0) * (1y + 0.0) ) ) ) ) * ( ( ( ( 1.0 * (1y + 0.0) ) * (1x + 0.0) ) * ( (1x + 0.0) * (1x + 0.0) ) ) * ( ( ( (1y + 0.0) * (1y + 0.0) ) * (1y + 0.0) ) * ( (4x + 0.0) * (1y + 0.0) ) ) ) ) + 1.0 )
Fitness = 0.00100964444674
Avg Fitness = 0.000660318822113
Duplicated = 65
============================================================================
Evaluate Gen  78
New Population 484
Better than Dads 124
Best Ind: ( 1.0 + ( ( ( ( ( (1x + 0.0) * (1y + 0.0) )^2  )^2  ) * ( (1x + 0.0) * (1x + 0.0) ) ) * ( ( ( (1y + 0.0)^2  ) * ( (1x + 0.0) * (1x + 0.0) ) ) * ( ( ( (1x + 0.0) * (1y + 0.0) ) * (1x + 0.0) ) * ( ( (1x + 0.0) * (1x + 0.0) ) * (1y + 0.0) ) ) ) ) )
Fitness = 8.66621263242e-05
Worst Ind: ( ( ( ( ( (1y + 0.0) * (1y + 0.0) ) * ( (1x + 0.0) * ( (1y + 0.0) * (1y + 0.0) ) ) ) * ( ( ( (1y + 0.0) * (1y + 0.0) ) * (1y + 0.0) ) * ( ( (1y + 0.0) * (1y + 0.0) ) * (1y + 0.0) ) ) ) * ( ( (1x + 0.0) * (1x + 0.0) ) * ( (1y + 0.0) * (1y + 0.0) ) ) ) + 1.0 )
Fitness = 0.000874894814211
Avg Fitness = 0.000593456444214
Duplicated = 70
============================================================================
Evaluate Gen  79
New Population 481
Better than Dads 125
Best Ind: ( 1.0 + ( ( ( ( ( (1x + 0.0) * (1y + 0.0) )^2  )^2  ) * ( (1x + 0.0) * (1x + 0.0) ) ) * ( ( ( (1y + 0.0)^2  ) * ( (1x + 0.0) * (1x + 0.0) ) ) * ( ( ( (1x + 0.0) * (1y + 0.0) ) * (1x + 0.0) ) * ( ( (1x + 0.0) * (1x + 0.0) ) * (1y + 0.0) ) ) ) ) )
Fitness = 8.66621263242e-05
Worst Ind: ( ( ( ( ( (1x + 0.0) * (1y + 0.0) ) * ( (1y + 0.0) * (1y + 0.0) ) ) * ( ( (3x + 1.0) * (1x + 0.0) ) * ( (1y + 0.0)^2  ) ) ) * ( ( (1y + -1.0) * ( (1x + 0.0) * ( (1x + 0.0) * (1y + 0.0) ) ) ) * ( ( ( (1y + 0.0)^2  ) * (2y + 0.0) ) * ( (1x + 0.0) * (1y + 0.0) ) ) ) ) + 1.0 )
Fitness = 0.000789611465743
Avg Fitness = 0.000527537006398
Duplicated = 70
============================================================================
Evaluate Gen  80
New Population 481
Better than Dads 135
Best Ind: ( 1.0 + ( ( ( ( ( (1x + 0.0) * (1y + 0.0) )^2  )^2  ) * ( (1x + 0.0) * (1x + 0.0) ) ) * ( ( ( (1y + 0.0)^2  ) * ( (1x + 0.0) * (1x + 0.0) ) ) * ( ( ( (1x + 0.0) * (1y + 0.0) ) * (1x + 0.0) ) * ( ( (1x + 0.0) * (1x + 0.0) ) * (1y + 0.0) ) ) ) ) )
Fitness = 8.66621263242e-05
Worst Ind: ( ( ( (1y + 0.0) * ( ( (1y + 0.0) * (1y + 0.0) ) * ( (1y + 0.0)^2  ) ) ) * ( ( (1x + 0.0) * ( ( (1x + 0.0) * (1x + 0.0) ) * (1x + 0.0) ) ) * ( ( ( (1y + 0.0)^2  ) * ( (1x + 0.0) * (1y + 0.0) ) ) * (1x + 0.0) ) ) ) + 1.0 )
Fitness = 0.000706514267306
Avg Fitness = 0.000488035223691
Duplicated = 75
============================================================================
Evaluate Gen  81
New Population 475
Better than Dads 132
Best Ind: ( 1.0 + ( ( ( ( ( (1x + 0.0) * (1y + 0.0) )^2  )^2  ) * ( (1x + 0.0) * (1x + 0.0) ) ) * ( ( ( (1y + 0.0)^2  ) * ( (1x + 0.0) * (1x + 0.0) ) ) * ( ( ( (1x + 0.0) * (1y + 0.0) ) * (1x + 0.0) ) * ( ( (1x + 0.0) * (1x + 0.0) ) * (1y + 0.0) ) ) ) ) )
Fitness = 8.66621263242e-05
Worst Ind: ( ( ( ( ( ( (1x + 0.0) * (1y + 0.0) ) * (1y + 0.0) ) * (1x + 0.0) ) * ( (1y + 0.0)^2  ) ) * ( ( ( (1y + 0.0) * (1y + 0.0) ) * ( ( (4x + 0.0) * (1y + 0.0) ) * ( (1x + 0.0) * (1y + 0.0) ) ) ) * ( ( ( (1x + 0.0) * (1y + 0.0) ) * (1x + 0.0) ) * ( (1y + 0.0) * (1y + 0.0) ) ) ) ) + 1.0 )
Fitness = 0.000657005885471
Avg Fitness = 0.000450815259439
Duplicated = 74
============================================================================
Evaluate Gen  82
New Population 472
Better than Dads 121
Best Ind: ( 1.0 + ( ( ( ( ( (1x + 0.0) * (1y + 0.0) )^2  )^2  ) * ( (1x + 0.0) * (1x + 0.0) ) ) * ( ( ( (1y + 0.0)^2  ) * ( (1x + 0.0) * (1x + 0.0) ) ) * ( ( ( (1x + 0.0) * (1y + 0.0) ) * (1x + 0.0) ) * ( ( (1x + 0.0) * (1x + 0.0) ) * (1y + 0.0) ) ) ) ) )
Fitness = 8.66621263242e-05
Worst Ind: ( ( ( ( (1x + 0.0) * (1x + 0.0) ) * ( ( ( (1x + 1.0) * (1y + 0.0) ) * ( (1x + 0.0) * (1x + 0.0) ) ) * (1y + 0.0) ) ) * ( ( ( (1x + 0.0) * ( (1y + 0.0) * (1y + 0.0) ) ) * ( (1x + 0.0) * (1x + 0.0) ) ) * ( (1x + 0.0) * ( (1y + 0.0) * (1x + 0.0) ) ) ) ) + 1.0 )
Fitness = 0.000598200044336
Avg Fitness = 0.000409681483122
Duplicated = 67
============================================================================
Evaluate Gen  83
New Population 466
Better than Dads 118
Best Ind: ( 1.0 + ( ( ( ( ( (1x + 0.0) * (1y + 0.0) )^2  )^2  ) * ( (1x + 0.0) * (1x + 0.0) ) ) * ( ( ( (1y + 0.0)^2  ) * ( (1x + 0.0) * (1x + 0.0) ) ) * ( ( ( (1x + 0.0) * (1y + 0.0) ) * (1x + 0.0) ) * ( ( (1x + 0.0) * (1x + 0.0) ) * (1y + 0.0) ) ) ) ) )
Fitness = 8.66621263242e-05
Worst Ind: ( ( ( ( ( (1x + 0.0)^2  )^2  ) * ( (1x + 0.0) * (1x + 0.0) ) ) * ( ( ( (1y + 0.0) * ( (1x + 0.0)^2  ) ) * ( ( 1.0 * (1y + 0.0) ) * (2y + -1.0) ) ) * ( ( 1.0 * (1y + 0.0) ) * ( (1x + 0.0) * (1x + 0.0) ) ) ) ) + 1.0 )
Fitness = 0.00054615073289
Avg Fitness = 0.000377285216193
Duplicated = 69
============================================================================
Evaluate Gen  84
New Population 480
Better than Dads 133
Best Ind: ( 1.0 + ( ( ( ( ( (1x + 0.0) * (1y + 0.0) )^2  )^2  ) * ( (1x + 0.0) * (1x + 0.0) ) ) * ( ( ( (1y + 0.0)^2  ) * ( (1x + 0.0) * (1x + 0.0) ) ) * ( ( ( (1x + 0.0) * (1y + 0.0) ) * (1x + 0.0) ) * ( ( (1x + 0.0) * (1x + 0.0) ) * (1y + 0.0) ) ) ) ) )
Fitness = 8.66621263242e-05
Worst Ind: ( ( ( ( ( (1x + 0.0) * (1y + 0.0) ) * ( (1x + 0.0) * (1x + 0.0) ) ) * ( (1x + 0.0) * ( (1y + 0.0) * (1y + 0.0) ) ) ) * ( ( ( (1y + 0.0) * ( (1x + 0.0)^2  ) ) * (2y + -1.0) ) * ( ( ( (1x + 0.0) * (1y + 0.0) ) * (1y + 0.0) ) * (1x + 0.0) ) ) ) + 1.0 )
Fitness = 0.000502407008263
Avg Fitness = 0.000346804437622
Duplicated = 69
============================================================================
Evaluate Gen  85
New Population 468
Better than Dads 125
Best Ind: ( 1.0 + ( ( ( ( ( (1x + 0.0) * (1y + 0.0) )^2  )^2  ) * ( (1x + 0.0) * (1x + 0.0) ) ) * ( ( ( (1y + 0.0)^2  ) * ( (1x + 0.0) * (1x + 0.0) ) ) * ( ( ( (1x + 0.0) * (1y + 0.0) ) * (1x + 0.0) ) * ( ( (1x + 0.0) * (1x + 0.0) ) * (1y + 0.0) ) ) ) ) )
Fitness = 8.66621263242e-05
Worst Ind: ( 1.0 + ( ( ( ( 1.0 * ( (1x + 0.0) * (1y + 0.0) ) ) * (1y + 0.0) ) * ( ( ( (1y + 0.0)^2  )^2  ) * ( (1x + 0.0) * (1x + 0.0) ) ) ) * ( ( ( (1y + 0.0) * (1y + 0.0) ) * ( 1.0 * ( (1x + 0.0) * (1y + 0.0) ) ) ) * ( (1x + 0.0) * ( (1y + 0.0) * (1y + 0.0) ) ) ) ) )
Fitness = 0.000466167183276
Avg Fitness = 0.000320263622395
Duplicated = 62
============================================================================
Evaluate Gen  86
New Population 476
Better than Dads 134
Best Ind: ( 1.0 + ( ( ( ( ( (1x + 0.0) * (1y + 0.0) )^2  )^2  ) * ( (1x + 0.0) * (1x + 0.0) ) ) * ( ( ( (1y + 0.0)^2  ) * ( (1x + 0.0) * (1x + 0.0) ) ) * ( ( ( (1x + 0.0) * (1y + 0.0) ) * (1x + 0.0) ) * ( ( (1x + 0.0) * (1x + 0.0) ) * (1y + 0.0) ) ) ) ) )
Fitness = 8.66621263242e-05
Worst Ind: ( ( ( ( ( ( (1x + 0.0) * (1y + 0.0) ) * ( (1y + 0.0) * (1y + 0.0) ) ) * ( ( (3x + 1.0) * (1x + 0.0) ) * ( (1y + 0.0)^2  ) ) ) * ( (1y + 0.0) * (1y + 0.0) ) ) * ( ( ( (1x + 0.0) * ( (1y + 0.0) * (1y + 0.0) ) ) * ( (1x + 0.0) * (1x + 0.0) ) ) * ( (1x + 0.0) * ( (1y + 0.0) * (1x + 0.0) ) ) ) ) + 1.0 )
Fitness = 0.000424334819437
Avg Fitness = 0.000295464401013
Duplicated = 64
============================================================================
Evaluate Gen  87
New Population 491
Better than Dads 138
Best Ind: ( 1.0 + ( ( ( ( ( (1x + 0.0) * (1y + 0.0) )^2  )^2  ) * ( (1x + 0.0) * (1x + 0.0) ) ) * ( ( ( (1y + 0.0)^2  ) * ( (1x + 0.0) * (1x + 0.0) ) ) * ( ( ( (1x + 0.0) * (1y + 0.0) ) * (1x + 0.0) ) * ( ( (1x + 0.0) * (1x + 0.0) ) * (1y + 0.0) ) ) ) ) )
Fitness = 8.66621263242e-05
Worst Ind: ( ( ( ( ( ( (1x + 1.0) * (1y + 0.0) ) * ( (1x + 0.0) * (1x + 0.0) ) ) * (1x + 0.0) ) * ( ( ( (1x + 0.0) * (1y + 0.0) ) * (1y + 0.0) ) * (1x + 0.0) ) )^2  ) + 1.0 )
Fitness = 0.000386837516021
Avg Fitness = 0.000269733579307
Duplicated = 64
============================================================================
Evaluate Gen  88
New Population 473
Better than Dads 124
Best Ind: ( 1.0 + ( ( ( ( ( (1x + 0.0) * (1y + 0.0) )^2  )^2  ) * ( (1x + 0.0) * (1x + 0.0) ) ) * ( ( ( (1y + 0.0)^2  ) * ( (1x + 0.0) * (1x + 0.0) ) ) * ( ( ( (1x + 0.0) * (1y + 0.0) ) * (1x + 0.0) ) * ( ( (1x + 0.0) * (1x + 0.0) ) * (1y + 0.0) ) ) ) ) )
Fitness = 8.66621263242e-05
Worst Ind: ( ( ( ( ( ( (1x + 0.0) * (1y + 0.0) ) * (1y + 0.0) ) * ( ( (1y + 0.0) * (1y + 0.0) ) * ( (1y + 0.0) * (1y + 0.0) ) ) ) * ( (1x + 0.0) * (1y + 0.0) ) ) * ( ( ( (1y + 0.0) * ( (1x + 0.0)^2  ) ) * ( ( 1.0 * (1y + 0.0) ) * (2y + -1.0) ) ) * ( ( 1.0 * (1y + 0.0) ) * ( (1x + 0.0) * (1x + 0.0) ) ) ) ) + 1.0 )
Fitness = 0.000356580169146
Avg Fitness = 0.000250396045727
Duplicated = 72
============================================================================
Evaluate Gen  89
New Population 486
Better than Dads 139
Best Ind: ( ( ( ( ( ( (1x + 0.0) * (1x + 0.0) )^2  ) * ( (1y + 0.0) * ( (1x + 0.0) * (1y + 0.0) ) ) ) * ( ( ( (1x + 0.0) * (1y + 0.0) ) * (1x + 0.0) ) * ( (1y + 0.0) * (1y + 0.0) ) ) )^2  ) + 1.0 )
Fitness = 2.70122411661e-05
Worst Ind: ( ( ( ( ( ( (1x + 0.0) * (1y + 0.0) ) * ( (1y + 0.0) * (1y + 0.0) ) ) * ( (1x + 0.0) * ( (1x + 0.0) * (1y + 0.0) ) ) ) * ( (1x + 0.0) * ( (1x + 0.0) * (1y + 0.0) ) ) ) * ( ( ( (1y + 0.0) * (1y + 0.0) ) * (2y + -1.0) ) * ( ( ( (1x + 0.0) * (1y + 0.0) ) * (1y + 0.0) ) * (1x + 0.0) ) ) ) + 1.0 )
Fitness = 0.000321585755246
Avg Fitness = 0.000229019518015
Duplicated = 74
============================================================================
Evaluate Gen  90
New Population 477
Better than Dads 127
Best Ind: ( ( ( ( ( ( (1x + 0.0) * (1x + 0.0) )^2  ) * ( (1y + 0.0) * ( (1x + 0.0) * (1y + 0.0) ) ) ) * ( ( ( (1x + 0.0) * (1y + 0.0) ) * (1x + 0.0) ) * ( (1y + 0.0) * (1y + 0.0) ) ) )^2  ) + 1.0 )
Fitness = 2.70122411661e-05
Worst Ind: ( ( ( ( ( (1x + 0.0) * (1x + 0.0) ) * ( (1x + 0.0) * (1y + 0.0) ) ) * ( ( (1y + 0.0) * ( (1x + 0.0)^2  ) ) * ( (1y + 0.0) * (1y + 0.0) ) ) ) * ( ( ( ( (1y + 0.0) * (1y + 0.0) ) * (1x + 0.0) ) * ( (1x + 0.0) * (1x + 0.0) ) ) * ( ( ( (1y + 0.0) * (1y + 0.0) ) * (1y + 0.0) ) * ( (4x + 0.0) * (1y + 0.0) ) ) ) ) + 1.0 )
Fitness = 0.000297403658158
Avg Fitness = 0.00021455124817
Duplicated = 72
============================================================================
Evaluate Gen  91
New Population 471
Better than Dads 126
Best Ind: ( ( ( ( ( ( (1x + 0.0) * (1x + 0.0) )^2  ) * ( (1y + 0.0) * ( (1x + 0.0) * (1y + 0.0) ) ) ) * ( ( ( (1x + 0.0) * (1y + 0.0) ) * (1x + 0.0) ) * ( (1y + 0.0) * (1y + 0.0) ) ) )^2  ) + 1.0 )
Fitness = 2.70122411661e-05
Worst Ind: ( ( ( ( ( ( (1x + 0.0) * (1y + 0.0) ) * (1y + 0.0) ) * ( (1x + 0.0) * 1.0 ) ) * ( ( ( (1y + 0.0) * (1y + 0.0) ) * (1y + 0.0) ) * ( ( (1y + 0.0) * (1y + 0.0) ) * (1y + 0.0) ) ) ) * ( ( ( (1x + 0.0)^2  ) * (1y + 0.0) ) * ( ( (1y + 0.0) * (1y + 0.0) ) * ( (1y + 0.0) * ( (1x + 0.0) * (1y + 0.0) ) ) ) ) ) + 1.0 )
Fitness = 0.000284258878336
Avg Fitness = 0.000201627343082
Duplicated = 77
============================================================================
Evaluate Gen  92
New Population 472
Better than Dads 125
Best Ind: ( ( ( ( ( ( (1x + 0.0) * (1x + 0.0) )^2  ) * ( (1y + 0.0) * ( (1x + 0.0) * (1y + 0.0) ) ) ) * ( ( ( (1x + 0.0) * (1y + 0.0) ) * (1x + 0.0) ) * ( (1y + 0.0) * (1y + 0.0) ) ) )^2  ) + 1.0 )
Fitness = 2.70122411661e-05
Worst Ind: ( ( ( ( ( (1x + 0.0) * ( (1x + 0.0)^2  ) ) * ( (1x + 0.0) * (1x + 0.0) ) ) * ( ( ( (1x + 0.0) * (1y + 0.0) ) * 1.0 ) * (1x + 0.0) ) ) * ( ( ( (1y + 0.0) * ( (1x + 0.0)^2  ) ) * ( ( 1.0 * (1y + 0.0) ) * (1y + 0.0) ) ) * ( ( 1.0 * (1y + 0.0) ) * ( (1x + 0.0) * (1x + 0.0) ) ) ) ) + 1.0 )
Fitness = 0.000263451704571
Avg Fitness = 0.000190379957584
Duplicated = 77
============================================================================
Evaluate Gen  93
New Population 461
Better than Dads 121
Best Ind: ( ( ( ( ( ( (1x + 0.0) * (1x + 0.0) )^2  ) * ( (1y + 0.0) * ( (1x + 0.0) * (1y + 0.0) ) ) ) * ( ( ( (1x + 0.0) * (1y + 0.0) ) * (1x + 0.0) ) * ( (1y + 0.0) * (1y + 0.0) ) ) )^2  ) + 1.0 )
Fitness = 2.70122411661e-05
Worst Ind: ( ( ( ( ( ( (1y + 0.0) * (1x + 0.0) ) * ( (1y + 0.0)^2  ) ) * (1y + 0.0) ) * ( ( ( (1y + 0.0)^2  ) * (1y + 0.0) ) * (1y + 0.0) ) ) * ( ( ( (1x + 0.0) * (1x + 0.0) )^2  )^2  ) ) + 1.0 )
Fitness = 0.000244986668627
Avg Fitness = 0.000180760290749
Duplicated = 85
============================================================================
Evaluate Gen  94
New Population 482
Better than Dads 129
Best Ind: ( ( ( ( ( ( (1x + 0.0) * (1y + 0.0) )^2  )^2  ) * ( ( ( (1x + 0.0) * (1x + 0.0) )^2  )^2  ) ) * ( ( ( (1y + 0.0) * ( (1x + 0.0)^2  ) ) * ( ( 1.0 * (1y + 0.0) ) * (2y + -1.0) ) ) * ( ( ( (1y + 0.0) * (1y + 0.0) ) * (1x + 0.0) ) * ( (1x + 0.0) * (1x + 0.0) ) ) ) ) + 1.0 )
Fitness = 1.10077008401e-05
Worst Ind: ( ( ( ( (1x + 0.0) * ( (1x + 0.0) * ( (1y + 0.0)^2  ) ) ) * ( ( ( (1x + 0.0) * (1x + 0.0) ) * ( (1y + 0.0)^2  ) ) * ( (1y + 0.0)^2  ) ) ) * ( ( ( (1y + 0.0) * (1y + 0.0) ) * ( (1x + 0.0) * (1x + 0.0) ) ) * ( (1x + 0.0) * ( (1y + 0.0) * ( (1y + 0.0)^2  ) ) ) ) ) + 1.0 )
Fitness = 0.000232061789262
Avg Fitness = 0.00016637679232
Duplicated = 87
============================================================================
Evaluate Gen  95
New Population 470
Better than Dads 125
Best Ind: ( ( ( ( ( ( (1x + 0.0) * (1y + 0.0) )^2  )^2  ) * ( ( ( (1x + 0.0) * (1x + 0.0) )^2  )^2  ) ) * ( ( ( (1y + 0.0) * ( (1x + 0.0)^2  ) ) * ( ( 1.0 * (1y + 0.0) ) * (2y + -1.0) ) ) * ( ( ( (1y + 0.0) * (1y + 0.0) ) * (1x + 0.0) ) * ( (1x + 0.0) * (1x + 0.0) ) ) ) ) + 1.0 )
Fitness = 1.10077008401e-05
Worst Ind: ( ( ( ( ( ( (1x + 0.0) * (1y + 0.0) )^2  )^2  ) * ( ( (1y + 0.0) * (1y + 0.0) ) * (1x + 0.0) ) ) * ( ( ( (1x + 0.0) * (1x + 0.0) ) * ( (1x + 0.0) * (1x + 0.0) ) ) * ( ( ( (1y + 0.0) * (1y + 0.0) ) * (1y + 0.0) ) * ( (4x + 0.0) * (1y + 0.0) ) ) ) ) + 1.0 )
Fitness = 0.000210847464332
Avg Fitness = 0.000155979896211
Duplicated = 89
============================================================================
Evaluate Gen  96
New Population 487
Better than Dads 138
Best Ind: ( ( ( ( ( ( (1x + 0.0) * (1y + 0.0) )^2  )^2  ) * ( ( ( (1x + 0.0) * (1x + 0.0) )^2  )^2  ) ) * ( ( ( (1y + 0.0) * ( (1x + 0.0)^2  ) ) * ( ( 1.0 * (1y + 0.0) ) * (2y + -1.0) ) ) * ( ( ( (1y + 0.0) * (1y + 0.0) ) * (1x + 0.0) ) * ( (1x + 0.0) * (1x + 0.0) ) ) ) ) + 1.0 )
Fitness = 1.10077008401e-05
Worst Ind: ( ( ( ( ( ( (1x + 0.0) * (1y + 0.0) ) * ( (1y + 0.0) * (1y + 0.0) ) ) * ( (1x + 0.0) * ( (1x + 0.0) * (1y + 0.0) ) ) ) * ( (1x + 0.0) * ( (1x + 0.0) * (1y + 0.0) ) ) ) * ( ( ( (1y + 0.0) * ( (1x + 0.0)^2  ) ) * (2y + -1.0) ) * ( ( ( (1x + 0.0) * (1y + 0.0) ) * (1y + 0.0) ) * (1x + 0.0) ) ) ) + 1.0 )
Fitness = 0.000200150379188
Avg Fitness = 0.000143773664792
Duplicated = 89
============================================================================
Evaluate Gen  97
New Population 446
Better than Dads 115
Best Ind: ( ( ( ( ( ( (1x + 0.0) * (1y + 0.0) )^2  )^2  ) * ( ( ( (1x + 0.0) * (1x + 0.0) )^2  )^2  ) ) * ( ( ( (1y + 0.0) * ( (1x + 0.0)^2  ) ) * ( ( 1.0 * (1y + 0.0) ) * (2y + -1.0) ) ) * ( ( ( (1y + 0.0) * (1y + 0.0) ) * (1x + 0.0) ) * ( (1x + 0.0) * (1x + 0.0) ) ) ) ) + 1.0 )
Fitness = 1.10077008401e-05
Worst Ind: ( ( ( ( ( ( (1x + 0.0) * (1y + 0.0) ) * ( (1x + 0.0)^2  ) ) * ( (1x + 0.0) * (1x + 0.0) ) ) * ( ( ( (1x + 0.0) * (1y + 0.0) ) * (1y + 0.0) ) * (1x + 0.0) ) ) * ( ( ( ( (1x + 0.0) * (1y + 0.0) ) * (1x + 0.0) ) * ( ( 1.0 * (1y + 0.0) ) * ( (4x + 0.0) * (1y + 0.0) ) ) ) * ( (1y + 0.0) * ( ( (1x + 0.0) * (1y + 0.0) ) * (1y + 0.0) ) ) ) ) + 1.0 )
Fitness = 0.00019104508398
Avg Fitness = 0.000138684148781
Duplicated = 86
============================================================================
Evaluate Gen  98
New Population 465
Better than Dads 123
Best Ind: ( ( ( ( ( ( (1x + 0.0) * (1y + 0.0) )^2  )^2  ) * ( ( ( (1x + 0.0) * (1x + 0.0) )^2  )^2  ) ) * ( ( ( (1y + 0.0) * ( (1x + 0.0)^2  ) ) * ( ( 1.0 * (1y + 0.0) ) * (2y + -1.0) ) ) * ( ( ( (1y + 0.0) * (1y + 0.0) ) * (1x + 0.0) ) * ( (1x + 0.0) * (1x + 0.0) ) ) ) ) + 1.0 )
Fitness = 1.10077008401e-05
Worst Ind: ( ( ( ( ( ( (1x + 0.0)^2  ) * (1x + 0.0) ) * ( (1x + 0.0) * (1x + 0.0) ) )^2  ) * ( ( ( ( (1y + 0.0) * (1y + 0.0) ) * (1y + 0.0) ) * (1y + 0.0) ) * ( (1x + 0.0) * ( (1x + 0.0) * (1y + 0.0) ) ) ) ) + 1.0 )
Fitness = 0.000185342451079
Avg Fitness = 0.000129737690177
Duplicated = 75
============================================================================
Evaluate Gen  99
New Population 472
Better than Dads 131
Best Ind: ( 1.0 + ( ( ( ( ( (1x + 0.0) * (1y + 0.0) )^2  )^2  )^2  ) * ( ( ( (1y + 0.0)^2  ) * ( (1x + 0.0) * (1x + 0.0) ) ) * ( ( ( (1x + 0.0) * (1x + 0.0) )^2  )^2  ) ) ) )
Fitness = 7.03585505383e-06
Worst Ind: ( ( ( ( 1.0 * ( ( (3x + 1.0) * (1x + 0.0) ) * ( (1y + 0.0)^2  ) ) ) * ( ( ( (1x + 0.0) * (1y + 0.0) )^2  )^2  ) ) * ( ( (1x + 0.0) * ( (1x + 0.0) * (1y + 0.0) ) ) * ( ( ( (1y + 0.0) * (1y + 0.0) ) * ( (1y + 0.0) * (1y + 0.0) ) ) * ( (1x + 0.0) * (1x + 0.0) ) ) ) ) + 1.0 )
Fitness = 0.00017067368803
Avg Fitness = 0.000120808823593
Duplicated = 75
============================================================================
Evaluate Gen  100
New Population 464
Better than Dads 125
Best Ind: ( 1.0 + ( ( ( ( ( (1x + 0.0) * (1y + 0.0) )^2  )^2  )^2  ) * ( ( ( (1y + 0.0)^2  ) * ( (1x + 0.0) * (1x + 0.0) ) ) * ( ( ( (1x + 0.0) * (1x + 0.0) )^2  )^2  ) ) ) )
Fitness = 7.03585505383e-06
Worst Ind: ( ( ( ( ( (1y + 0.0) * (1y + 0.0) ) * ( ( (1x + 0.0) * (1x + 0.0) ) * ( (1x + 0.0) * (1y + 0.0) ) ) )^2  ) * ( ( ( ( (1y + 0.0) * (1y + 0.0) ) * (1y + 0.0) ) * (1y + 0.0) ) * ( (1x + 0.0) * ( (1x + 0.0) * (1y + 0.0) ) ) ) ) + 1.0 )
Fitness = 0.000164267521048
Avg Fitness = 0.00011466010917
Duplicated = 71
