dataset_file= dataset/SR_div_noise.txt
population= 50
generations= 100
tournament_size= 2
cross_over= 0.9
mutation= 0.05
elitism= True
(50, 2)
============================================================================
Build initial population
ind: 1
( ( 7.0 + ( ( ( ( 9.0 * 9.0 ) * (4x + 0.0) ) + 7.0 ) * ( ( ( (5y + -7.0) + 10.0 ) * ( 8.0^2  ) ) * 8.0 ) ) ) * 9.0 )
Fitness 162.457139813
ind: 2
( ( (4x + -5.0) * ( ( ( ( (8y + -6.0) * (6x + 4.0) ) + (8y + 2.0) ) + (3x + 3.0) ) + (9x + -8.0) ) ) * (8y + -10.0) )
Fitness 5.45671540044
ind: 3
( ( (5y + 2.0) * (1y + 1.0) ) + ( ( ( (9y + 4.0) * ( 6.0 + 6.0 ) ) * (7x + 6.0) ) + 4.0 ) )
Fitness 2.94699540214
ind: 4
( ( (3y + -9.0) * ( (1x + -9.0) + (5x + 8.0) ) ) * ( (6x + -1.0) + (3x + 7.0) ) )
Fitness 1.2114107051
ind: 5
( ( ( ( (6y + 2.0) * ( ( 10.0 + 5.0 ) * ( (2y + 9.0)^2  ) ) ) + ( ( 5.0^2  )^2  ) ) + (7x + 3.0) )^2  )
Fitness 869.456739223
ind: 6
( ( ( 9.0 * (8x + -5.0) ) + (6y + -2.0) ) + 6.0 )
Fitness 0.898922106879
ind: 7
( ( 4.0 * (9y + 4.0) ) * ( (8x + -9.0) * ( (3x + 0.0) * (6y + 9.0) ) ) )
Fitness 4.56759399899
ind: 8
( ( 4.0 + 7.0 ) + ( ( ( ( ( 3.0 * (4x + -10.0) )^2  ) + 6.0 ) + (3y + -5.0) )^2  ) )
Fitness 130.632234447
ind: 9
( ( 8.0 * (9x + -1.0) ) * ( (9x + 3.0) * ( (6y + 0.0) * 4.0 ) ) )
Fitness 3.54295713909
ind: 10
( (4x + 0.0) * ( (9y + 1.0) * ( 7.0 * (9y + -3.0) ) ) )
Fitness 1.39778834704
ind: 11
( ( ( ( ( 3.0 * ( 4.0 + (9y + 4.0) ) ) + (3x + -2.0) )^2  ) + ( 7.0 * ( ( ( 7.0^2  )^2  ) * ( (7y + 9.0) + ( 1.0^2  ) ) ) ) )^2  )
Fitness 25644.5271499
ind: 12
( ( ( (7x + 6.0) + (9x + -4.0) ) + ( 10.0 * (3y + 7.0) ) ) + (7y + -8.0) )
Fitness 1.13240162879
ind: 13
( ( 7.0 + ( (8x + 1.0) * ( 3.0 + ( 7.0 + ( 6.0 * (6y + -9.0) ) ) ) ) ) * ( (8y + -9.0) * (9x + -7.0) ) )
Fitness 10.8536910741
ind: 14
( ( ( 7.0 * ( 8.0 * ( (1y + 10.0) * ( (8x + 5.0) * 7.0 ) ) ) ) + ( ( ( ( (2x + -6.0) + (6y + 9.0) ) * ( 8.0^2  ) )^2  ) * (9y + 0.0) ) )^2  )
Fitness 157887.437915
ind: 15
( (7y + 5.0) + ( ( ( ( (7x + 0.0) * (2x + 0.0) )^2  )^2  )^2  ) )
Fitness 6.6637855806
ind: 16
( (6x + 10.0) * ( (7y + 0.0) * ( 4.0 * (6y + -7.0) ) ) )
Fitness 4.11526390936
ind: 17
( ( 8.0 + ( ( (7x + 8.0) * 8.0 ) * ( 10.0 + ( (10y + 1.0) * 4.0 ) ) ) ) * ( ( (4y + 9.0) * (2x + 3.0) )^2  ) )
Fitness 205.633329232
ind: 18
( 2.0 + ( ( ( 9.0^2  ) + ( 10.0 + ( ( (8y + -3.0)^2  ) * 9.0 ) ) ) * ( ( ( (1x + -9.0) + ( (2x + 1.0) + (5y + -8.0) ) )^2  ) * (6y + 1.0) ) ) )
Fitness 71.9420319587
ind: 19
( ( ( ( ( (7y + -5.0) * ( 9.0 * (1y + -1.0) ) )^2  )^2  ) * ( ( (10x + -3.0)^2  ) * ( 7.0^2  ) ) )^2  )
Fitness 53083518380.2
ind: 20
( ( (2y + 8.0) + ( (10x + 10.0)^2  ) ) * ( ( (9x + 1.0)^2  ) * 10.0 ) )
Fitness 17.1531427341
ind: 21
( ( ( ( ( ( 3.0 * (6x + -10.0) ) + (7y + 5.0) ) + 2.0 )^2  ) + (10y + -5.0) ) + ( ( 7.0 * ( ( 7.0^2  )^2  ) ) + (3x + 3.0) ) )
Fitness 18.6438177637
ind: 22
( 5.0 + ( (2y + -7.0) + (1x + 8.0) ) )
Fitness 0.318217454876
ind: 23
( ( 5.0 * ( 4.0 * ( 5.0 + (6x + -7.0) ) ) ) * ( ( ( ( ( (5y + 0.0) * (4x + -2.0) ) * (5y + -10.0) ) + ( ( (1y + -4.0) * (4x + -1.0) ) * ( 7.0 + (8x + -2.0) ) ) ) + 7.0 ) + 3.0 ) )
Fitness 6.5350093934
ind: 24
( ( ( ( ( ( 8.0 + 9.0 ) + ( 3.0 + 8.0 ) ) + (7x + 0.0) ) * ( ( (9x + 9.0) * ( (10y + -9.0) * (7y + 0.0) ) ) * ( ( 3.0 + (1y + 4.0) ) + (1x + 2.0) ) ) ) + (3y + 3.0) ) * (8x + -4.0) )
Fitness 67.5890367596
ind: 25
( ( (2y + -9.0) * ( (8y + -10.0) * ( ( ( (4y + 8.0)^2  ) * 5.0 ) * ( ( 7.0 + (5y + 4.0) ) * (1x + -7.0) ) ) ) ) * ( (10y + -7.0)^2  ) )
Fitness 1488.37269275
ind: 26
( (6x + -4.0) + ( ( ( (6y + -4.0) + ( (7y + 1.0) + ( (9y + -10.0)^2  ) ) ) * 9.0 ) * 4.0 ) )
Fitness 9.0435429769
ind: 27
( ( (9y + 1.0) * (8x + 7.0) )^2  )
Fitness 5.403525644
ind: 28
( ( ( ( ( (10x + -9.0) + 1.0 )^2  ) * ( ( (7x + 10.0) * ( (9x + 3.0) * (7x + 7.0) ) ) + (2y + -7.0) ) )^2  ) * ( ( ( (3x + 7.0) + (3x + -6.0) )^2  ) * 10.0 ) )
Fitness 12015.1058925
ind: 29
( ( ( ( (6x + -5.0) * ( 4.0^2  ) )^2  )^2  ) * ( ( 6.0 + (7y + -2.0) ) + (1x + 3.0) ) )
Fitness 2402.97994727
ind: 30
( ( ( ( ( 4.0 + ( (1y + -8.0) + 3.0 ) )^2  ) * ( (10y + -9.0) + (8x + 0.0) ) ) + (10x + 7.0) )^2  )
Fitness 3.41180765511
ind: 31
( ( (6x + 3.0) * ( ( (3x + 9.0)^2  ) * (10y + 9.0) ) ) * ( ( (1y + -1.0) + (7x + 6.0) ) * (5x + -6.0) ) )
Fitness 47.2767059295
ind: 32
( ( (3y + 5.0) + ( (4y + 4.0) + ( ( ( 9.0 * 4.0 )^2  ) * ( ( (7x + -9.0) * (10y + -9.0) )^2  ) ) ) ) * ( 6.0 * (10y + 8.0) ) )
Fitness 2648.44410675
ind: 33
( ( ( ( ( ( 8.0^2  )^2  ) + 5.0 )^2  ) + ( (9y + 2.0) + ( ( ( 9.0 + (6x + 3.0) ) + ( 10.0 + 10.0 ) ) * ( ( 6.0^2  ) * (9x + 4.0) ) ) ) ) * 5.0 )
Fitness 1297.04328254
ind: 34
( ( (4x + -10.0) + ( 6.0 * (8y + -10.0) ) ) + (8y + -1.0) )
Fitness 1.19177231103
ind: 35
( ( ( (4x + -6.0)^2  ) + ( 1.0 + ( (5y + 5.0) * ( ( 9.0^2  )^2  ) ) ) ) + ( ( ( ( (2x + 2.0)^2  ) + (2y + 10.0) ) + 5.0 )^2  ) )
Fitness 26.1312604025
ind: 36
( ( (9y + -2.0) * (3x + -4.0) ) * ( (4x + -10.0) + (9x + -2.0) ) )
Fitness 2.21716766603
ind: 37
( (1y + 5.0) * ( ( ( 1.0 + (8x + -2.0) ) + 3.0 ) * ( (6y + -6.0)^2  ) ) )
Fitness 2.49608692873
ind: 38
( (9x + -8.0) * ( ( (4y + -7.0)^2  ) * 3.0 ) )
Fitness 5.27148809143
ind: 39
( ( (8x + 10.0) * ( 8.0 + (2y + 8.0) ) ) * 5.0 )
Fitness 4.05810588857
ind: 40
( ( ( (8x + -9.0) + (10x + 6.0) )^2  ) * ( ( ( ( 6.0 * ( (7y + -1.0) * (8x + -4.0) ) )^2  )^2  )^2  ) )
Fitness 1205117508.6
ind: 41
( ( ( ( ( ( (7x + -9.0) + (10y + 2.0) )^2  ) * ( ( 3.0 * (5y + -3.0) ) + (5x + -8.0) ) )^2  ) * (10x + 8.0) ) + ( (1y + 5.0)^2  ) )
Fitness 1177.15126389
ind: 42
( ( ( ( (2x + -7.0) * 8.0 )^2  ) * ( 5.0 * (6y + 8.0) ) )^2  )
Fitness 17728.7810286
ind: 43
( (5y + 4.0) * ( (9x + -10.0) * 4.0 ) )
Fitness 1.70022981481
ind: 44
( ( ( 7.0 * ( 6.0^2  ) ) * ( ( 5.0^2  ) * ( ( ( (7y + -4.0)^2  ) * ( 7.0 * (8x + 9.0) ) ) + ( ( (1x + -8.0) + 3.0 ) * ( 1.0 * 3.0 ) ) ) ) )^2  )
Fitness 1894751.829
ind: 45
( ( ( ( ( ( 5.0^2  )^2  )^2  )^2  ) * (6x + -5.0) ) + ( ( ( 5.0 * ( ( (9y + 9.0) + 1.0 )^2  ) )^2  )^2  ) )
Fitness 179776.709913
ind: 46
( ( ( ( ( ( 9.0^2  ) * ( (6x + 5.0) + 1.0 ) )^2  )^2  ) * (9y + -4.0) )^2  )
Fitness 30808543082.7
ind: 47
( ( ( 9.0 + (1y + -1.0) ) + ( ( (1x + -7.0) + ( 1.0^2  ) ) * 1.0 ) )^2  )
Fitness 0.27415279382
ind: 48
( (10y + 10.0) * ( (6y + 7.0) * ( ( (5x + -3.0) + 10.0 )^2  ) ) )
Fitness 10.6540895401
ind: 49
( 7.0 * ( ( (3x + 4.0) + (5y + -7.0) ) + ( 2.0 * ( ( ( 8.0^2  ) + 2.0 ) * (10x + 6.0) ) ) ) )
Fitness 10.6880044489
ind: 50
( ( ( ( 8.0 + ( (3x + 5.0) * (3y + 6.0) ) ) + ( 2.0 * ( ( 5.0 * 8.0 ) + ( 10.0^2  ) ) ) ) + ( 3.0 + ( ( ( (4x + -3.0) + 3.0 ) * 9.0 ) + ( ( 2.0^2  ) + (1y + 1.0) ) ) ) ) * ( ( (1x + -7.0) + ( 5.0 + 10.0 ) )^2  ) )
Fitness 20.6226207205
Best Ind: ( ( ( 9.0 + (1y + -1.0) ) + ( ( (1x + -7.0) + ( 1.0^2  ) ) * 1.0 ) )^2  )
Fitness = 0.27415279382
Worst Ind: ( ( ( ( ( (7y + -5.0) * ( 9.0 * (1y + -1.0) ) )^2  )^2  ) * ( ( (10x + -3.0)^2  ) * ( 7.0^2  ) ) )^2  )
Fitness = 53083518380.2
Avg Fitness = 1701989550.67
Duplicated = 0
============================================================================
Evaluate Gen  1
New Population 77
Better than Dads 11
Best Ind: ( ( ( 9.0 + (1y + -1.0) ) + ( ( (1x + -7.0) + ( 1.0^2  ) ) * 1.0 ) )^2  )
Fitness = 0.27415279382
Worst Ind: ( ( 4.0 + 7.0 ) + ( ( ( ( ( 3.0 * (4x + -10.0) )^2  ) + 6.0 ) + (3y + -5.0) )^2  ) )
Fitness = 130.632234447
Avg Fitness = 14.193564802
Duplicated = 0
============================================================================
Evaluate Gen  2
New Population 80
Better than Dads 16
Best Ind: ( ( ( 9.0 + (1y + -1.0) ) + ( ( (1x + -7.0) + ( 1.0^2  ) ) * 1.0 ) )^2  )
Fitness = 0.27415279382
Worst Ind: ( (7y + -8.0) + ( ( ( ( (7x + 0.0) * (2x + 0.0) )^2  )^2  )^2  ) )
Fitness = 6.6590245965
Avg Fitness = 2.85440315203
Duplicated = 0
============================================================================
Evaluate Gen  3
New Population 84
Better than Dads 19
Best Ind: ( ( ( 9.0 + (1y + -1.0) ) + ( ( (1x + -7.0) + ( 1.0^2  ) ) * 1.0 ) )^2  )
Fitness = 0.27415279382
Worst Ind: ( ( (10x + 7.0) * ( 8.0 + (2y + 8.0) ) ) * 5.0 )
Fitness = 3.43027472185
Avg Fitness = 1.59082850416
Duplicated = 0
============================================================================
Evaluate Gen  4
New Population 84
Better than Dads 15
Best Ind: ( ( ( 9.0 + (1y + -1.0) ) + ( ( (1x + -7.0) + ( 1.0^2  ) ) * 1.0 ) )^2  )
Fitness = 0.27415279382
Worst Ind: ( (6x + 10.0) * ( (7y + 0.0) * ( ( 4.0 + ( (1y + -8.0) + 3.0 ) ) * ( (3x + 0.0) * (6y + 9.0) ) ) ) )
Fitness = 1.89793949258
Avg Fitness = 0.970969707982
Duplicated = 2
============================================================================
Evaluate Gen  5
New Population 78
Better than Dads 17
Best Ind: ( ( ( 9.0 + (1y + -1.0) ) + ( ( (1x + -7.0) + ( 1.0^2  ) ) * 1.0 ) )^2  )
Fitness = 0.27415279382
Worst Ind: ( ( (4x + -10.0) + ( 6.0 * (8y + -10.0) ) ) + (6y + -2.0) )
Fitness = 1.19921262139
Avg Fitness = 0.798230371319
Duplicated = 2
============================================================================
Evaluate Gen  6
New Population 88
Better than Dads 17
Best Ind: ( ( ( 9.0 + (1y + -1.0) ) + ( ( (1x + -7.0) + ( 1.0^2  ) ) * 1.0 ) )^2  )
Fitness = 0.27415279382
Worst Ind: ( ( ( (6x + -4.0) + (6x + -7.0) ) * (3x + 4.0) ) + (6y + -2.0) )
Fitness = 0.931329798855
Avg Fitness = 0.550890930215
Duplicated = 2
============================================================================
Evaluate Gen  7
New Population 80
Better than Dads 17
Best Ind: ( ( ( 9.0 + (1y + -1.0) ) + ( ( (1x + -7.0) + ( 1.0^2  ) ) * 1.0 ) )^2  )
Fitness = 0.27415279382
Worst Ind: ( ( (8y + -6.0) * (6x + 4.0) ) + (8y + 2.0) )
Fitness = 0.61464411209
Avg Fitness = 0.466711989784
Duplicated = 2
============================================================================
Evaluate Gen  8
New Population 86
Better than Dads 16
Best Ind: ( (2y + -7.0) + (1x + 8.0) )
Fitness = 0.153470567432
Worst Ind: ( ( ( ( (3x + 4.0) + (5y + -7.0) ) + (9x + -4.0) ) + (9y + -2.0) ) + (7y + 5.0) )
Fitness = 0.50111950492
Avg Fitness = 0.391149253072
Duplicated = 2
============================================================================
Evaluate Gen  9
New Population 84
Better than Dads 22
Best Ind: ( (2y + -7.0) + (1x + 8.0) )
Fitness = 0.153470567432
Worst Ind: ( ( ( ( (4x + -3.0) + 3.0 ) * 8.0 ) + (6y + -2.0) ) + 6.0 )
Fitness = 0.473383190664
Avg Fitness = 0.361526004692
Duplicated = 3
============================================================================
Evaluate Gen  10
New Population 81
Better than Dads 23
Best Ind: ( (2y + -7.0) + (1x + 8.0) )
Fitness = 0.153470567432
Worst Ind: ( ( ( ( (6y + 2.0) + (3x + -9.0) ) + (9x + -4.0) ) + 8.0 ) + (7y + 5.0) )
Fitness = 0.427246881721
Avg Fitness = 0.340066308428
Duplicated = 5
============================================================================
Evaluate Gen  11
New Population 83
Better than Dads 27
Best Ind: ( (2y + -7.0) + (1x + 8.0) )
Fitness = 0.153470567432
Worst Ind: ( ( ( (3x + 4.0) + 3.0 ) + ( (8x + -5.0) * ( (2y + -7.0) + (1x + 8.0) ) ) ) + (7y + 5.0) )
Fitness = 0.415033675504
Avg Fitness = 0.327932745797
Duplicated = 5
============================================================================
Evaluate Gen  12
New Population 87
Better than Dads 28
Best Ind: ( (2y + -7.0) + (1x + 8.0) )
Fitness = 0.153470567432
Worst Ind: ( ( ( ( ( (9y + -2.0) * (3x + -4.0) ) * 1.0 ) + (9x + -4.0) ) + (9y + -2.0) ) + (9y + -2.0) )
Fitness = 0.380612109597
Avg Fitness = 0.311637443896
Duplicated = 9
============================================================================
Evaluate Gen  13
New Population 79
Better than Dads 21
Best Ind: ( (2y + -7.0) + (1x + 8.0) )
Fitness = 0.153470567432
Worst Ind: ( ( ( (3x + 4.0) + (5y + -7.0) ) + (2y + 10.0) ) + ( (5y + -1.0) + (1y + -8.0) ) )
Fitness = 0.363961396223
Avg Fitness = 0.297557286629
Duplicated = 9
============================================================================
Evaluate Gen  14
New Population 81
Better than Dads 22
Best Ind: ( (2y + -7.0) + (1x + 8.0) )
Fitness = 0.153470567432
Worst Ind: ( ( ( (4x + 0.0) + (6y + -2.0) ) + 6.0 ) + (3x + -9.0) )
Fitness = 0.345097882792
Avg Fitness = 0.284794246808
Duplicated = 9
============================================================================
Evaluate Gen  15
New Population 81
Better than Dads 19
Best Ind: ( (2y + -7.0) + (1x + 8.0) )
Fitness = 0.153470567432
Worst Ind: ( ( (3x + 0.0) + (9y + -2.0) ) + 6.0 )
Fitness = 0.31735175243
Avg Fitness = 0.2632925386
Duplicated = 12
============================================================================
Evaluate Gen  16
New Population 82
Better than Dads 28
Best Ind: ( (2y + -7.0) + (1x + 8.0) )
Fitness = 0.153470567432
Worst Ind: ( (8x + -5.0) * ( (2y + -7.0) + (1x + 8.0) ) )
Fitness = 0.304953223079
Avg Fitness = 0.257956807691
Duplicated = 10
============================================================================
Evaluate Gen  17
New Population 81
Better than Dads 24
Best Ind: ( (2y + -7.0) + (1x + 8.0) )
Fitness = 0.153470567432
Worst Ind: ( ( 4.0 + ( (1y + -8.0) + 3.0 ) ) * ( (6x + 4.0) + ( (4x + 0.0) + (6y + -2.0) ) ) )
Fitness = 0.29922084466
Avg Fitness = 0.242519054618
Duplicated = 13
============================================================================
Evaluate Gen  18
New Population 86
Better than Dads 29
Best Ind: ( (2y + -7.0) + (1x + 8.0) )
Fitness = 0.153470567432
Worst Ind: ( ( (4x + 0.0) + (6y + -2.0) ) + 6.0 )
Fitness = 0.283138423511
Avg Fitness = 0.234825994819
Duplicated = 15
============================================================================
Evaluate Gen  19
New Population 78
Better than Dads 19
Best Ind: ( ( 4.0 + ( (1y + -8.0) + 3.0 ) ) * (3x + 0.0) )
Fitness = 0.142367512618
Worst Ind: ( ( 4.0 + ( (1y + -8.0) + 3.0 ) ) * ( (7x + 6.0) + (9x + -4.0) ) )
Fitness = 0.277635524538
Avg Fitness = 0.225470937666
Duplicated = 13
============================================================================
Evaluate Gen  20
New Population 84
Better than Dads 27
Best Ind: ( ( 4.0 + ( (1y + -8.0) + 3.0 ) ) * (3x + 0.0) )
Fitness = 0.142367512618
Worst Ind: ( ( ( 5.0 + ( ( 4.0 + ( (1y + -8.0) + 3.0 ) ) * ( (7x + 6.0) + (9x + -4.0) ) ) ) + (5y + -7.0) ) + (7x + 6.0) )
Fitness = 0.257090955295
Avg Fitness = 0.217468876151
Duplicated = 16
============================================================================
Evaluate Gen  21
New Population 80
Better than Dads 24
Best Ind: ( ( 4.0 + ( (1y + -8.0) + 3.0 ) ) * (3x + 0.0) )
Fitness = 0.142367512618
Worst Ind: ( ( (6x + 4.0) + ( (1y + -8.0) + 3.0 ) ) * (5y + 2.0) )
Fitness = 0.247671376644
Avg Fitness = 0.210128929373
Duplicated = 15
============================================================================
Evaluate Gen  22
New Population 83
Better than Dads 31
Best Ind: ( ( 4.0 + ( (1y + -8.0) + 3.0 ) ) * (3x + 0.0) )
Fitness = 0.142367512618
Worst Ind: ( (1y + -8.0) + (7x + 6.0) )
Fitness = 0.246876346766
Avg Fitness = 0.209922921549
Duplicated = 15
============================================================================
Evaluate Gen  23
New Population 86
Better than Dads 30
Best Ind: ( ( 4.0 + ( (1y + -8.0) + 3.0 ) ) * (3x + 0.0) )
Fitness = 0.142367512618
Worst Ind: ( ( (4x + 0.0) + (6y + -2.0) ) * ( (2y + -7.0) + (1x + 8.0) ) )
Fitness = 0.239509508497
Avg Fitness = 0.204060806978
Duplicated = 18
============================================================================
Evaluate Gen  24
New Population 84
Better than Dads 24
Best Ind: ( (4x + 0.0) * ( (1y + -8.0) + (1x + 8.0) ) )
Fitness = 0.108474321436
Worst Ind: ( ( 4.0 + ( (1y + -8.0) + 3.0 ) ) * ( 5.0 + ( (3x + 4.0) + (5y + -7.0) ) ) )
Fitness = 0.225127216371
Avg Fitness = 0.192618108818
Duplicated = 21
============================================================================
Evaluate Gen  25
New Population 82
Better than Dads 24
Best Ind: ( (4x + 0.0) * ( (1y + -8.0) + (1x + 8.0) ) )
Fitness = 0.108474321436
Worst Ind: ( ( (3x + 0.0) + ( (2y + -7.0) + (1x + 8.0) ) ) + ( 4.0 + ( (1y + -8.0) + 3.0 ) ) )
Fitness = 0.218059218107
Avg Fitness = 0.185496884784
Duplicated = 26
============================================================================
Evaluate Gen  26
New Population 86
Better than Dads 26
Best Ind: ( (4x + 0.0) * ( (1y + -8.0) + (1x + 8.0) ) )
Fitness = 0.108474321436
Worst Ind: ( ( ( ( (2y + -7.0) + (1x + 8.0) ) + 3.0 ) + ( (8x + -5.0) * ( (2y + -7.0) + (1x + 8.0) ) ) ) + (6y + -2.0) )
Fitness = 0.210931139685
Avg Fitness = 0.176989461745
Duplicated = 26
============================================================================
Evaluate Gen  27
New Population 85
Better than Dads 25
Best Ind: ( (4x + 0.0) * ( (1y + -8.0) + (1x + 8.0) ) )
Fitness = 0.108474321436
Worst Ind: ( (3x + 0.0) + ( (4x + 0.0) * ( (2y + -7.0) + (1x + 8.0) ) ) )
Fitness = 0.19843329349
Avg Fitness = 0.170886343809
Duplicated = 31
============================================================================
Evaluate Gen  28
New Population 84
Better than Dads 23
Best Ind: ( (4x + 0.0) * ( (1y + -8.0) + (1x + 8.0) ) )
Fitness = 0.108474321436
Worst Ind: ( (3x + 4.0) + ( (1y + -8.0) + 3.0 ) )
Fitness = 0.196367087456
Avg Fitness = 0.164928399444
Duplicated = 32
============================================================================
Evaluate Gen  29
New Population 78
Better than Dads 21
Best Ind: ( (4x + 0.0) * ( (1y + -8.0) + (1x + 8.0) ) )
Fitness = 0.108474321436
Worst Ind: ( (3x + -9.0) + (2y + 10.0) )
Fitness = 0.184307392873
Avg Fitness = 0.160050570823
Duplicated = 34
============================================================================
Evaluate Gen  30
New Population 83
Better than Dads 21
Best Ind: ( (4x + 0.0) * ( (1y + -8.0) + (1x + 8.0) ) )
Fitness = 0.108474321436
Worst Ind: ( ( 4.0 + ( (1y + -8.0) + 3.0 ) ) * ( (2y + -7.0) + (1x + 8.0) ) )
Fitness = 0.174770072729
Avg Fitness = 0.154810694345
Duplicated = 39
============================================================================
Evaluate Gen  31
New Population 86
Better than Dads 21
Best Ind: ( ( 4.0 + ( (2y + -7.0) + 3.0 ) ) * (3x + 0.0) )
Fitness = 0.101666440801
Worst Ind: ( (4x + 0.0) * ( (2y + -7.0) + (1x + 8.0) ) )
Fitness = 0.157591270293
Avg Fitness = 0.149303483192
Duplicated = 42
============================================================================
Evaluate Gen  32
New Population 81
Better than Dads 19
Best Ind: ( ( 4.0 + ( (2y + -7.0) + 3.0 ) ) * (3x + 0.0) )
Fitness = 0.101666440801
Worst Ind: ( (2y + -7.0) + (1x + 8.0) )
Fitness = 0.153470567432
Avg Fitness = 0.148298935597
Duplicated = 43
============================================================================
Evaluate Gen  33
New Population 86
Better than Dads 13
Best Ind: ( ( 4.0 + ( (2y + -7.0) + 3.0 ) ) * (3x + 0.0) )
Fitness = 0.101666440801
Worst Ind: ( (2y + -7.0) + (1x + 8.0) )
Fitness = 0.153470567432
Avg Fitness = 0.147625069034
Duplicated = 43
============================================================================
Evaluate Gen  34
New Population 70
Better than Dads 15
Best Ind: ( ( 4.0 + ( (2y + -7.0) + 3.0 ) ) * (3x + 0.0) )
Fitness = 0.101666440801
Worst Ind: ( (2y + -7.0) + (1x + 8.0) )
Fitness = 0.153470567432
Avg Fitness = 0.147476844628
Duplicated = 43
============================================================================
Evaluate Gen  35
New Population 83
Better than Dads 13
Best Ind: ( ( 4.0 + ( (2y + -7.0) + 3.0 ) ) * (3x + 0.0) )
Fitness = 0.101666440801
Worst Ind: ( (2y + -7.0) + (1x + 8.0) )
Fitness = 0.153470567432
Avg Fitness = 0.146318095888
Duplicated = 43
============================================================================
Evaluate Gen  36
New Population 77
Better than Dads 17
Best Ind: ( ( 4.0 + ( (2y + -7.0) + 3.0 ) ) * (3x + 0.0) )
Fitness = 0.101666440801
Worst Ind: ( (2y + -7.0) + (1x + 8.0) )
Fitness = 0.153470567432
Avg Fitness = 0.146055274809
Duplicated = 43
============================================================================
Evaluate Gen  37
New Population 76
Better than Dads 17
Best Ind: ( ( 4.0 + ( (2y + -7.0) + 3.0 ) ) * (3x + 0.0) )
Fitness = 0.101666440801
Worst Ind: ( (2y + -7.0) + (1x + 8.0) )
Fitness = 0.153470567432
Avg Fitness = 0.145726628631
Duplicated = 42
============================================================================
Evaluate Gen  38
New Population 74
Better than Dads 16
Best Ind: ( ( 4.0 + ( (2y + -7.0) + 3.0 ) ) * (3x + 0.0) )
Fitness = 0.101666440801
Worst Ind: ( (2y + -7.0) + (1x + 8.0) )
Fitness = 0.153470567432
Avg Fitness = 0.145229784896
Duplicated = 41
============================================================================
Evaluate Gen  39
New Population 81
Better than Dads 14
Best Ind: ( ( 4.0 + ( (2y + -7.0) + 3.0 ) ) * (3x + 0.0) )
Fitness = 0.101666440801
Worst Ind: ( (2y + -7.0) + (1x + 8.0) )
Fitness = 0.153470567432
Avg Fitness = 0.143656591727
Duplicated = 41
============================================================================
Evaluate Gen  40
New Population 82
Better than Dads 16
Best Ind: ( ( 4.0 + ( (2y + -7.0) + 3.0 ) ) * (3x + 0.0) )
Fitness = 0.101666440801
Worst Ind: ( (2y + -7.0) + (1x + 8.0) )
Fitness = 0.153470567432
Avg Fitness = 0.140820612234
Duplicated = 38
============================================================================
Evaluate Gen  41
New Population 86
Better than Dads 24
Best Ind: ( ( 4.0 + ( (2y + -7.0) + 3.0 ) ) * ( (1y + -8.0) + (1x + 8.0) ) )
Fitness = 0.101148394649
Worst Ind: ( (2y + -7.0) + (1x + 8.0) )
Fitness = 0.153470567432
Avg Fitness = 0.137189958193
Duplicated = 37
============================================================================
Evaluate Gen  42
New Population 80
Better than Dads 21
Best Ind: ( ( 4.0 + ( (2y + -7.0) + 3.0 ) ) * ( (1y + -8.0) + (1x + 8.0) ) )
Fitness = 0.101148394649
Worst Ind: ( ( 4.0 + ( (2y + -7.0) + 3.0 ) ) * ( (2y + -7.0) + (1x + 8.0) ) )
Fitness = 0.146059347135
Avg Fitness = 0.135864063048
Duplicated = 40
============================================================================
Evaluate Gen  43
New Population 79
Better than Dads 16
Best Ind: ( ( 4.0 + ( (2y + -7.0) + 3.0 ) ) * ( (1y + -8.0) + (1x + 8.0) ) )
Fitness = 0.101148394649
Worst Ind: ( ( (2y + -7.0) + (1x + 8.0) ) * (3x + 0.0) )
Fitness = 0.140707833442
Avg Fitness = 0.133317934221
Duplicated = 42
============================================================================
Evaluate Gen  44
New Population 82
Better than Dads 18
Best Ind: ( ( 4.0 + ( (2y + -7.0) + 3.0 ) ) * ( (1y + -8.0) + (1x + 8.0) ) )
Fitness = 0.101148394649
Worst Ind: ( (1y + -8.0) + (1x + 8.0) )
Fitness = 0.140329513482
Avg Fitness = 0.133076345165
Duplicated = 43
============================================================================
Evaluate Gen  45
New Population 80
Better than Dads 15
Best Ind: ( ( 4.0 + ( (2y + -7.0) + 3.0 ) ) * ( (1y + -8.0) + (1x + 8.0) ) )
Fitness = 0.101148394649
Worst Ind: ( (1y + -8.0) + (1x + 8.0) )
Fitness = 0.140329513482
Avg Fitness = 0.130233257522
Duplicated = 41
============================================================================
Evaluate Gen  46
New Population 79
Better than Dads 20
Best Ind: ( ( 4.0 + ( (2y + -7.0) + 3.0 ) ) * ( (1y + -8.0) + (1x + 8.0) ) )
Fitness = 0.101148394649
Worst Ind: ( (1y + -8.0) + (1x + 8.0) )
Fitness = 0.140329513482
Avg Fitness = 0.128821403351
Duplicated = 41
============================================================================
Evaluate Gen  47
New Population 79
Better than Dads 23
Best Ind: ( ( 4.0 + ( (2y + -7.0) + 3.0 ) ) * ( (1y + -8.0) + (1x + 8.0) ) )
Fitness = 0.101148394649
Worst Ind: ( (1y + -8.0) + (1x + 8.0) )
Fitness = 0.140329513482
Avg Fitness = 0.127950276853
Duplicated = 41
============================================================================
Evaluate Gen  48
New Population 80
Better than Dads 21
Best Ind: ( ( 4.0 + ( (2y + -7.0) + 3.0 ) ) * ( (1y + -8.0) + (1x + 8.0) ) )
Fitness = 0.101148394649
Worst Ind: ( (1y + -8.0) + (1x + 8.0) )
Fitness = 0.140329513482
Avg Fitness = 0.123578556727
Duplicated = 41
============================================================================
Evaluate Gen  49
New Population 81
Better than Dads 20
Best Ind: ( ( 4.0 + ( (2y + -7.0) + 3.0 ) ) * ( (1y + -8.0) + (1x + 8.0) ) )
Fitness = 0.101148394649
Worst Ind: ( (1y + -8.0) + (1x + 8.0) )
Fitness = 0.140329513482
Avg Fitness = 0.11844462412
Duplicated = 40
============================================================================
Evaluate Gen  50
New Population 87
Better than Dads 27
Best Ind: ( ( 4.0 + ( (2y + -7.0) + 3.0 ) ) * ( (1y + -8.0) + (1x + 8.0) ) )
Fitness = 0.101148394649
Worst Ind: ( (1y + -8.0) + (1x + 8.0) )
Fitness = 0.140329513482
Avg Fitness = 0.112846960708
Duplicated = 40
============================================================================
Evaluate Gen  51
New Population 86
Better than Dads 23
Best Ind: ( ( 4.0 + ( (2y + -7.0) + 3.0 ) ) * ( (1y + -8.0) + (1x + 8.0) ) )
Fitness = 0.101148394649
Worst Ind: ( ( 4.0 + ( (2y + -7.0) + 3.0 ) ) * ( (3x + 0.0) + ( (1y + -8.0) + (1x + 8.0) ) ) )
Fitness = 0.116829140937
Avg Fitness = 0.105327365899
Duplicated = 40
============================================================================
Evaluate Gen  52
New Population 87
Better than Dads 25
Best Ind: ( ( 4.0 + ( (2y + -7.0) + 3.0 ) ) * ( (1y + -8.0) + (1x + 8.0) ) )
Fitness = 0.101148394649
Worst Ind: ( (4x + 0.0) * ( (1y + -8.0) + (1x + 8.0) ) )
Fitness = 0.108474321436
Avg Fitness = 0.10410339997
Duplicated = 43
============================================================================
Evaluate Gen  53
New Population 86
Better than Dads 29
Best Ind: ( ( 4.0 + ( (2y + -7.0) + 3.0 ) ) * ( (1y + -8.0) + (1x + 8.0) ) )
Fitness = 0.101148394649
Worst Ind: ( (4x + 0.0) * ( (1y + -8.0) + (1x + 8.0) ) )
Fitness = 0.108474321436
Avg Fitness = 0.103681588456
Duplicated = 43
============================================================================
Evaluate Gen  54
New Population 87
Better than Dads 28
Best Ind: ( ( 4.0 + ( (2y + -7.0) + 3.0 ) ) * ( (1y + -8.0) + (1x + 8.0) ) )
Fitness = 0.101148394649
Worst Ind: ( (4x + 0.0) * ( (1y + -8.0) + (1x + 8.0) ) )
Fitness = 0.108474321436
Avg Fitness = 0.103048557456
Duplicated = 42
============================================================================
Evaluate Gen  55
New Population 87
Better than Dads 23
Best Ind: ( ( 4.0 + ( (2y + -7.0) + 3.0 ) ) * ( (1y + -8.0) + (1x + 8.0) ) )
Fitness = 0.101148394649
Worst Ind: ( ( (1y + -8.0) + (1x + 8.0) ) * (3x + 0.0) )
Fitness = 0.104352069327
Avg Fitness = 0.101819238554
Duplicated = 44
============================================================================
Evaluate Gen  56
New Population 93
Better than Dads 30
Best Ind: ( ( 4.0 + ( (2y + -7.0) + 3.0 ) ) * ( (1y + -8.0) + (1x + 8.0) ) )
Fitness = 0.101148394649
Worst Ind: ( ( (1y + -8.0) + (1x + 8.0) ) * ( (1y + -8.0) + (1x + 8.0) ) )
Fitness = 0.101591996966
Avg Fitness = 0.101538764688
Duplicated = 47
============================================================================
Evaluate Gen  57
New Population 92
Better than Dads 26
Best Ind: ( ( 4.0 + ( (2y + -7.0) + 3.0 ) ) * ( (1y + -8.0) + (1x + 8.0) ) )
Fitness = 0.101148394649
Worst Ind: ( ( (1y + -8.0) + (1x + 8.0) ) * ( (1y + -8.0) + (1x + 8.0) ) )
Fitness = 0.101591996966
Avg Fitness = 0.101529892641
Duplicated = 47
============================================================================
Evaluate Gen  58
New Population 95
Better than Dads 37
Best Ind: ( ( 4.0 + ( (2y + -7.0) + 3.0 ) ) * ( (1y + -8.0) + (1x + 8.0) ) )
Fitness = 0.101148394649
Worst Ind: ( ( (1y + -8.0) + (1x + 8.0) ) * ( (1y + -8.0) + (1x + 8.0) ) )
Fitness = 0.101591996966
Avg Fitness = 0.101529892641
Duplicated = 47
============================================================================
Evaluate Gen  59
New Population 92
Better than Dads 26
Best Ind: ( ( 4.0 + ( (2y + -7.0) + 3.0 ) ) * ( (1y + -8.0) + (1x + 8.0) ) )
Fitness = 0.101148394649
Worst Ind: ( ( (1y + -8.0) + (1x + 8.0) ) * ( (1y + -8.0) + (1x + 8.0) ) )
Fitness = 0.101591996966
Avg Fitness = 0.101529892641
Duplicated = 47
============================================================================
Evaluate Gen  60
New Population 94
Better than Dads 28
Best Ind: ( ( 4.0 + ( (2y + -7.0) + 3.0 ) ) * ( (1y + -8.0) + (1x + 8.0) ) )
Fitness = 0.101148394649
Worst Ind: ( ( (1y + -8.0) + (1x + 8.0) ) * ( (1y + -8.0) + (1x + 8.0) ) )
Fitness = 0.101591996966
Avg Fitness = 0.101529892641
Duplicated = 47
============================================================================
Evaluate Gen  61
New Population 88
Better than Dads 26
Best Ind: ( ( 4.0 + ( (2y + -7.0) + 3.0 ) ) * ( (1y + -8.0) + (1x + 8.0) ) )
Fitness = 0.101148394649
Worst Ind: ( ( (1y + -8.0) + (1x + 8.0) ) * ( (1y + -8.0) + (1x + 8.0) ) )
Fitness = 0.101591996966
Avg Fitness = 0.101521020595
Duplicated = 47
============================================================================
Evaluate Gen  62
New Population 95
Better than Dads 32
Best Ind: ( ( 4.0 + ( (2y + -7.0) + 3.0 ) ) * ( (1y + -8.0) + (1x + 8.0) ) )
Fitness = 0.101148394649
Worst Ind: ( ( (1y + -8.0) + (1x + 8.0) ) * ( (1y + -8.0) + (1x + 8.0) ) )
Fitness = 0.101591996966
Avg Fitness = 0.101503276502
Duplicated = 47
============================================================================
Evaluate Gen  63
New Population 91
Better than Dads 31
Best Ind: ( ( 4.0 + ( (2y + -7.0) + 3.0 ) ) * ( (1y + -8.0) + (1x + 8.0) ) )
Fitness = 0.101148394649
Worst Ind: ( ( (1y + -8.0) + (1x + 8.0) ) * ( (1y + -8.0) + (1x + 8.0) ) )
Fitness = 0.101591996966
Avg Fitness = 0.10148553241
Duplicated = 47
============================================================================
Evaluate Gen  64
New Population 91
Better than Dads 35
Best Ind: ( ( 4.0 + ( (2y + -7.0) + 3.0 ) ) * ( (1y + -8.0) + (1x + 8.0) ) )
Fitness = 0.101148394649
Worst Ind: ( ( (1y + -8.0) + (1x + 8.0) ) * ( (1y + -8.0) + (1x + 8.0) ) )
Fitness = 0.101591996966
Avg Fitness = 0.10148553241
Duplicated = 47
============================================================================
Evaluate Gen  65
New Population 87
Better than Dads 32
Best Ind: ( ( 4.0 + ( (2y + -7.0) + 3.0 ) ) * ( (1y + -8.0) + (1x + 8.0) ) )
Fitness = 0.101148394649
Worst Ind: ( ( (1y + -8.0) + (1x + 8.0) ) * ( (1y + -8.0) + (1x + 8.0) ) )
Fitness = 0.101591996966
Avg Fitness = 0.101476660363
Duplicated = 47
============================================================================
Evaluate Gen  66
New Population 91
Better than Dads 25
Best Ind: ( ( 4.0 + ( (2y + -7.0) + 3.0 ) ) * ( (1y + -8.0) + (1x + 8.0) ) )
Fitness = 0.101148394649
Worst Ind: ( ( (1y + -8.0) + (1x + 8.0) ) * ( (1y + -8.0) + (1x + 8.0) ) )
Fitness = 0.101591996966
Avg Fitness = 0.101441172178
Duplicated = 47
============================================================================
Evaluate Gen  67
New Population 84
Better than Dads 23
Best Ind: ( ( 4.0 + ( (2y + -7.0) + 3.0 ) ) * ( (1y + -8.0) + (1x + 8.0) ) )
Fitness = 0.101148394649
Worst Ind: ( ( (1y + -8.0) + (1x + 8.0) ) * ( (1y + -8.0) + (1x + 8.0) ) )
Fitness = 0.101591996966
Avg Fitness = 0.101432300132
Duplicated = 47
============================================================================
Evaluate Gen  68
New Population 93
Better than Dads 31
Best Ind: ( ( 4.0 + ( (2y + -7.0) + 3.0 ) ) * ( (1y + -8.0) + (1x + 8.0) ) )
Fitness = 0.101148394649
Worst Ind: ( ( (1y + -8.0) + (1x + 8.0) ) * ( (1y + -8.0) + (1x + 8.0) ) )
Fitness = 0.101591996966
Avg Fitness = 0.101414556039
Duplicated = 47
============================================================================
Evaluate Gen  69
New Population 90
Better than Dads 28
Best Ind: ( ( 4.0 + ( (2y + -7.0) + 3.0 ) ) * ( (1y + -8.0) + (1x + 8.0) ) )
Fitness = 0.101148394649
Worst Ind: ( ( (1y + -8.0) + (1x + 8.0) ) * ( (1y + -8.0) + (1x + 8.0) ) )
Fitness = 0.101591996966
Avg Fitness = 0.101396811946
Duplicated = 47
============================================================================
Evaluate Gen  70
New Population 89
Better than Dads 29
Best Ind: ( ( 4.0 + ( (2y + -7.0) + 3.0 ) ) * ( (1y + -8.0) + (1x + 8.0) ) )
Fitness = 0.101148394649
Worst Ind: ( ( (1y + -8.0) + (1x + 8.0) ) * ( (1y + -8.0) + (1x + 8.0) ) )
Fitness = 0.101591996966
Avg Fitness = 0.101370195807
Duplicated = 47
============================================================================
Evaluate Gen  71
New Population 90
Better than Dads 37
Best Ind: ( ( 4.0 + ( (2y + -7.0) + 3.0 ) ) * ( (1y + -8.0) + (1x + 8.0) ) )
Fitness = 0.101148394649
Worst Ind: ( ( (1y + -8.0) + (1x + 8.0) ) * ( (1y + -8.0) + (1x + 8.0) ) )
Fitness = 0.101591996966
Avg Fitness = 0.101361323761
Duplicated = 47
============================================================================
Evaluate Gen  72
New Population 94
Better than Dads 34
Best Ind: ( ( 4.0 + ( (2y + -7.0) + 3.0 ) ) * ( (1y + -8.0) + (1x + 8.0) ) )
Fitness = 0.101148394649
Worst Ind: ( ( (1y + -8.0) + (1x + 8.0) ) * ( (1y + -8.0) + (1x + 8.0) ) )
Fitness = 0.101591996966
Avg Fitness = 0.101325835575
Duplicated = 47
============================================================================
Evaluate Gen  73
New Population 89
Better than Dads 28
Best Ind: ( ( 4.0 + ( (2y + -7.0) + 3.0 ) ) * ( (1y + -8.0) + (1x + 8.0) ) )
Fitness = 0.101148394649
Worst Ind: ( ( (1y + -8.0) + (1x + 8.0) )^2  )
Fitness = 0.101591996966
Avg Fitness = 0.101263731251
Duplicated = 47
============================================================================
Evaluate Gen  74
New Population 87
Better than Dads 30
Best Ind: ( ( 4.0 + ( (2y + -7.0) + 3.0 ) ) * ( (1y + -8.0) + (1x + 8.0) ) )
Fitness = 0.101148394649
Worst Ind: ( ( (1y + -8.0) + (1x + 8.0) ) * ( (1y + -8.0) + (1x + 8.0) ) )
Fitness = 0.101591996966
Avg Fitness = 0.101245987158
Duplicated = 47
============================================================================
Evaluate Gen  75
New Population 87
Better than Dads 29
Best Ind: ( ( 4.0 + ( (2y + -7.0) + 3.0 ) ) * ( (1y + -8.0) + (1x + 8.0) ) )
Fitness = 0.101148394649
Worst Ind: ( ( (1y + -8.0) + (1x + 8.0) ) * ( (1y + -8.0) + (1x + 8.0) ) )
Fitness = 0.101591996966
Avg Fitness = 0.10119275488
Duplicated = 48
============================================================================
Evaluate Gen  76
New Population 82
Better than Dads 28
Best Ind: ( ( 4.0 + ( (2y + -7.0) + 3.0 ) ) * ( (1y + -8.0) + (1x + 8.0) ) )
Fitness = 0.101148394649
Worst Ind: ( ( (1y + -8.0) + (1x + 8.0) ) * ( (1y + -8.0) + (1x + 8.0) ) )
Fitness = 0.101591996966
Avg Fitness = 0.101175010788
Duplicated = 48
============================================================================
Evaluate Gen  77
New Population 87
Better than Dads 27
Best Ind: ( ( 4.0 + ( (2y + -7.0) + 3.0 ) ) * ( (1y + -8.0) + (1x + 8.0) ) )
Fitness = 0.101148394649
Worst Ind: ( ( 4.0 + ( (2y + -7.0) + 3.0 ) ) * ( (1y + -8.0) + (1x + 8.0) ) )
Fitness = 0.101148394649
Avg Fitness = 0.101148394649
Duplicated = 49
============================================================================
Evaluate Gen  78
New Population 83
Better than Dads 25
Best Ind: ( ( 4.0 + ( (2y + -7.0) + 3.0 ) ) * ( (1y + -8.0) + (1x + 8.0) ) )
Fitness = 0.101148394649
Worst Ind: ( ( 4.0 + ( (2y + -7.0) + 3.0 ) ) * ( (1y + -8.0) + (1x + 8.0) ) )
Fitness = 0.101148394649
Avg Fitness = 0.101148394649
Duplicated = 49
============================================================================
Evaluate Gen  79
New Population 86
Better than Dads 30
Best Ind: ( ( 4.0 + ( (2y + -7.0) + 3.0 ) ) * ( (1y + -8.0) + (1x + 8.0) ) )
Fitness = 0.101148394649
Worst Ind: ( ( 4.0 + ( (2y + -7.0) + 3.0 ) ) * ( (1y + -8.0) + (1x + 8.0) ) )
Fitness = 0.101148394649
Avg Fitness = 0.101148394649
Duplicated = 49
============================================================================
Evaluate Gen  80
New Population 82
Better than Dads 28
Best Ind: ( ( 4.0 + ( (2y + -7.0) + 3.0 ) ) * ( (1y + -8.0) + (1x + 8.0) ) )
Fitness = 0.101148394649
Worst Ind: ( ( 4.0 + ( (2y + -7.0) + 3.0 ) ) * ( (1y + -8.0) + (1x + 8.0) ) )
Fitness = 0.101148394649
Avg Fitness = 0.101148394649
Duplicated = 49
============================================================================
Evaluate Gen  81
New Population 90
Better than Dads 26
Best Ind: ( ( 4.0 + ( (2y + -7.0) + 3.0 ) ) * ( (1y + -8.0) + (1x + 8.0) ) )
Fitness = 0.101148394649
Worst Ind: ( ( 4.0 + ( (2y + -7.0) + 3.0 ) ) * ( (1y + -8.0) + (1x + 8.0) ) )
Fitness = 0.101148394649
Avg Fitness = 0.101148394649
Duplicated = 49
============================================================================
Evaluate Gen  82
New Population 87
Better than Dads 31
Best Ind: ( ( 4.0 + ( (2y + -7.0) + 3.0 ) ) * ( (1y + -8.0) + (1x + 8.0) ) )
Fitness = 0.101148394649
Worst Ind: ( ( 4.0 + ( (2y + -7.0) + 3.0 ) ) * ( (1y + -8.0) + (1x + 8.0) ) )
Fitness = 0.101148394649
Avg Fitness = 0.101148394649
Duplicated = 49
============================================================================
Evaluate Gen  83
New Population 87
Better than Dads 25
Best Ind: ( ( 4.0 + ( (2y + -7.0) + 3.0 ) ) * ( (1y + -8.0) + (1x + 8.0) ) )
Fitness = 0.101148394649
Worst Ind: ( ( 4.0 + ( (2y + -7.0) + 3.0 ) ) * ( (1y + -8.0) + (1x + 8.0) ) )
Fitness = 0.101148394649
Avg Fitness = 0.101148394649
Duplicated = 49
============================================================================
Evaluate Gen  84
New Population 84
Better than Dads 28
Best Ind: ( ( 4.0 + ( (2y + -7.0) + 3.0 ) ) * ( (1y + -8.0) + (1x + 8.0) ) )
Fitness = 0.101148394649
Worst Ind: ( ( 4.0 + ( (2y + -7.0) + 3.0 ) ) * ( (1y + -8.0) + (1x + 8.0) ) )
Fitness = 0.101148394649
Avg Fitness = 0.101148394649
Duplicated = 49
============================================================================
Evaluate Gen  85
New Population 87
Better than Dads 27
Best Ind: ( ( 4.0 + ( (2y + -7.0) + 3.0 ) ) * ( (1y + -8.0) + (1x + 8.0) ) )
Fitness = 0.101148394649
Worst Ind: ( ( 4.0 + ( (2y + -7.0) + 3.0 ) ) * ( (1y + -8.0) + (1x + 8.0) ) )
Fitness = 0.101148394649
Avg Fitness = 0.101148394649
Duplicated = 49
============================================================================
Evaluate Gen  86
New Population 88
Better than Dads 36
Best Ind: ( ( 4.0 + ( (2y + -7.0) + 3.0 ) ) * ( (1y + -8.0) + (1x + 8.0) ) )
Fitness = 0.101148394649
Worst Ind: ( ( 4.0 + ( (2y + -7.0) + 3.0 ) ) * ( (1y + -8.0) + (1x + 8.0) ) )
Fitness = 0.101148394649
Avg Fitness = 0.101148394649
Duplicated = 49
============================================================================
Evaluate Gen  87
New Population 84
Better than Dads 30
Best Ind: ( ( 4.0 + ( (2y + -7.0) + 3.0 ) ) * ( (1y + -8.0) + (1x + 8.0) ) )
Fitness = 0.101148394649
Worst Ind: ( ( 4.0 + ( (2y + -7.0) + 3.0 ) ) * ( (1y + -8.0) + (1x + 8.0) ) )
Fitness = 0.101148394649
Avg Fitness = 0.101148394649
Duplicated = 49
============================================================================
Evaluate Gen  88
New Population 85
Better than Dads 29
Best Ind: ( ( 4.0 + ( (2y + -7.0) + 3.0 ) ) * ( (1y + -8.0) + (1x + 8.0) ) )
Fitness = 0.101148394649
Worst Ind: ( ( 4.0 + ( (2y + -7.0) + 3.0 ) ) * ( (1y + -8.0) + (1x + 8.0) ) )
Fitness = 0.101148394649
Avg Fitness = 0.101148394649
Duplicated = 49
============================================================================
Evaluate Gen  89
New Population 87
Better than Dads 33
Best Ind: ( ( 4.0 + ( (2y + -7.0) + 3.0 ) ) * ( (1y + -8.0) + (1x + 8.0) ) )
Fitness = 0.101148394649
Worst Ind: ( ( 4.0 + ( (2y + -7.0) + 3.0 ) ) * ( (1y + -8.0) + (1x + 8.0) ) )
Fitness = 0.101148394649
Avg Fitness = 0.101148394649
Duplicated = 49
============================================================================
Evaluate Gen  90
New Population 80
Better than Dads 24
Best Ind: ( ( 4.0 + ( (2y + -7.0) + 3.0 ) ) * ( (1y + -8.0) + (1x + 8.0) ) )
Fitness = 0.101148394649
Worst Ind: ( ( 4.0 + ( (2y + -7.0) + 3.0 ) ) * ( (1y + -8.0) + (1x + 8.0) ) )
Fitness = 0.101148394649
Avg Fitness = 0.101148394649
Duplicated = 49
============================================================================
Evaluate Gen  91
New Population 83
Better than Dads 27
Best Ind: ( ( 4.0 + ( (2y + -7.0) + 3.0 ) ) * ( (1y + -8.0) + (1x + 8.0) ) )
Fitness = 0.101148394649
Worst Ind: ( ( 4.0 + ( (2y + -7.0) + 3.0 ) ) * ( (1y + -8.0) + (1x + 8.0) ) )
Fitness = 0.101148394649
Avg Fitness = 0.101148394649
Duplicated = 49
============================================================================
Evaluate Gen  92
New Population 86
Better than Dads 26
Best Ind: ( ( 4.0 + ( (2y + -7.0) + 3.0 ) ) * ( (1y + -8.0) + (1x + 8.0) ) )
Fitness = 0.101148394649
Worst Ind: ( ( 4.0 + ( (2y + -7.0) + 3.0 ) ) * ( (1y + -8.0) + (1x + 8.0) ) )
Fitness = 0.101148394649
Avg Fitness = 0.101148394649
Duplicated = 49
============================================================================
Evaluate Gen  93
New Population 85
Better than Dads 29
Best Ind: ( ( 4.0 + ( (2y + -7.0) + 3.0 ) ) * ( (1y + -8.0) + (1x + 8.0) ) )
Fitness = 0.101148394649
Worst Ind: ( ( 4.0 + ( (2y + -7.0) + 3.0 ) ) * ( (1y + -8.0) + (1x + 8.0) ) )
Fitness = 0.101148394649
Avg Fitness = 0.101148394649
Duplicated = 49
============================================================================
Evaluate Gen  94
New Population 85
Better than Dads 29
Best Ind: ( ( 4.0 + ( (2y + -7.0) + 3.0 ) ) * ( (1y + -8.0) + (1x + 8.0) ) )
Fitness = 0.101148394649
Worst Ind: ( ( 4.0 + ( (2y + -7.0) + 3.0 ) ) * ( (1y + -8.0) + (1x + 8.0) ) )
Fitness = 0.101148394649
Avg Fitness = 0.101148394649
Duplicated = 49
============================================================================
Evaluate Gen  95
New Population 80
Better than Dads 26
Best Ind: ( ( 4.0 + ( (2y + -7.0) + 3.0 ) ) * ( (1y + -8.0) + (1x + 8.0) ) )
Fitness = 0.101148394649
Worst Ind: ( ( 4.0 + ( (2y + -7.0) + 3.0 ) ) * ( (1y + -8.0) + (1x + 8.0) ) )
Fitness = 0.101148394649
Avg Fitness = 0.101148394649
Duplicated = 49
============================================================================
Evaluate Gen  96
New Population 87
Better than Dads 29
Best Ind: ( ( 4.0 + ( (2y + -7.0) + 3.0 ) ) * ( (1y + -8.0) + (1x + 8.0) ) )
Fitness = 0.101148394649
Worst Ind: ( ( 4.0 + ( (2y + -7.0) + 3.0 ) ) * ( (1y + -8.0) + (1x + 8.0) ) )
Fitness = 0.101148394649
Avg Fitness = 0.101148394649
Duplicated = 49
============================================================================
Evaluate Gen  97
New Population 86
Better than Dads 26
Best Ind: ( ( 4.0 + ( (2y + -7.0) + 3.0 ) ) * ( (1y + -8.0) + (1x + 8.0) ) )
Fitness = 0.101148394649
Worst Ind: ( ( 4.0 + ( (2y + -7.0) + 3.0 ) ) * ( (1y + -8.0) + (1x + 8.0) ) )
Fitness = 0.101148394649
Avg Fitness = 0.101148394649
Duplicated = 49
============================================================================
Evaluate Gen  98
New Population 85
Better than Dads 33
Best Ind: ( ( 4.0 + ( (2y + -7.0) + 3.0 ) ) * ( (1y + -8.0) + (1x + 8.0) ) )
Fitness = 0.101148394649
Worst Ind: ( ( 4.0 + ( (2y + -7.0) + 3.0 ) ) * ( (1y + -8.0) + (1x + 8.0) ) )
Fitness = 0.101148394649
Avg Fitness = 0.101148394649
Duplicated = 49
============================================================================
Evaluate Gen  99
New Population 87
Better than Dads 33
Best Ind: ( ( 4.0 + ( (2y + -7.0) + 3.0 ) ) * ( (1y + -8.0) + (1x + 8.0) ) )
Fitness = 0.101148394649
Worst Ind: ( ( 4.0 + ( (2y + -7.0) + 3.0 ) ) * ( (1y + -8.0) + (1x + 8.0) ) )
Fitness = 0.101148394649
Avg Fitness = 0.101148394649
Duplicated = 49
============================================================================
Evaluate Gen  100
New Population 84
Better than Dads 24
Best Ind: ( ( 4.0 + ( (2y + -7.0) + 3.0 ) ) * ( (1y + -8.0) + (1x + 8.0) ) )
Fitness = 0.101148394649
Worst Ind: ( ( 4.0 + ( (2y + -7.0) + 3.0 ) ) * ( (1y + -8.0) + (1x + 8.0) ) )
Fitness = 0.101148394649
Avg Fitness = 0.101148394649
Duplicated = 49
