dataset_file= dataset/SR_div_noise.txt
population= 500
generations= 100
tournament_size= 2
cross_over= 0.6
mutation= 0.3
elitism= True
(50, 2)
============================================================================
Build initial population
ind: 1
( ( ( ( ( ( 29.0 - 92.0 ) - ( 65.0 * 10x ) ) * ( 75.0 + 6x ) ) + 5y ) * 1y ) - ( 21.0 * ( ( ( 3y + ( 89.0 * 10y ) ) * 24.0 ) + ( 79.0 * 1x ) ) ) )
ind: 2
( ( ( 52.0 - ( 5y - ( ( 8y - 2y ) - 52.0 ) ) ) - 3x ) + 10x )
ind: 3
( 26.0 + ( 75.0 - ( ( 31.0 * ( 3x + ( 46.0 + 4y ) ) ) - ( ( ( 2y - 56.0 ) - ( 5x - 89.0 ) ) * 79.0 ) ) ) )
ind: 4
( ( ( ( ( 6x + 16.0 ) * ( 57.0 * 6y ) ) * ( 6.0 - ( ( 7y - 10y ) - 57.0 ) ) ) * 9x ) - 8y )
ind: 5
( 3x * ( ( 7x - ( ( ( 4x - 59.0 ) + ( 4x + 19.0 ) ) - ( ( 6y - 2x ) + ( 1y + 90.0 ) ) ) ) * ( ( 3y + 1x ) * 5x ) ) )
ind: 6
( ( ( ( ( 2y - ( 5y * 10y ) ) - 2.0 ) + ( 7y + 81.0 ) ) * ( ( 7y + ( 41.0 + ( 12.0 - 8x ) ) ) * 87.0 ) ) + 97.0 )
ind: 7
( ( ( 5x - ( 5y + ( 4x + 8.0 ) ) ) + ( 64.0 + 10.0 ) ) + 2x )
ind: 8
( ( ( 69.0 - ( 6x + 2x ) ) + ( ( 32.0 * ( 6x * 10y ) ) * ( ( 5.0 * 88.0 ) * 40.0 ) ) ) + 8y )
ind: 9
( ( ( 27.0 - ( 9y + 7y ) ) * 56.0 ) * ( ( ( ( 66.0 * ( 1.0 * 2x ) ) - ( 10x + ( 30.0 * 46.0 ) ) ) - 61.0 ) - 5.0 ) )
ind: 10
( ( 2y * ( ( ( 25.0 * ( 80.0 * 26.0 ) ) + 48.0 ) - 89.0 ) ) * ( ( 34.0 + 3x ) + ( 3y - ( 5x + ( ( 12.0 * 1x ) - ( 8y + 3y ) ) ) ) ) )
ind: 11
( ( 8x + ( ( 5y - 1x ) * ( ( ( 15.0 + 2x ) + 10x ) + 3x ) ) ) + ( 42.0 * ( ( 3x + ( ( 93.0 - 67.0 ) + 32.0 ) ) - 4y ) ) )
ind: 12
( ( ( ( ( 16.0 * ( 1y * 25.0 ) ) + ( 98.0 + 80.0 ) ) * ( ( 89.0 - ( 1y + 9x ) ) * ( 36.0 - 8y ) ) ) * ( ( ( ( 8x - 31.0 ) - 9y ) + ( ( 92.0 - 7y ) * ( 31.0 * 67.0 ) ) ) + ( 14.0 - 7y ) ) ) + ( 50.0 * 10x ) )
ind: 13
( ( ( ( ( 2y * 7x ) * 37.0 ) - ( 3y - ( ( 47.0 - 2y ) * 7y ) ) ) - ( 8x + ( 8x + ( 2y + 51.0 ) ) ) ) * 2y )
ind: 14
( ( 9x + ( ( 5.0 + ( 35.0 + ( 21.0 - 3y ) ) ) - 9x ) ) + 62.0 )
ind: 15
( ( ( 3y * ( ( 21.0 * ( 30.0 * 6y ) ) + ( ( 2x - 56.0 ) * ( 9x - 5x ) ) ) ) + 2x ) - 1x )
ind: 16
( ( ( 30.0 * ( 9x + ( 44.0 + ( 64.0 * 4y ) ) ) ) - ( ( ( ( 44.0 + 75.0 ) - 7x ) * ( 24.0 + 39.0 ) ) - ( ( ( 73.0 * 77.0 ) - 5x ) + 1x ) ) ) * ( 64.0 * ( 7y + 2y ) ) )
ind: 17
( ( ( 39.0 * 7y ) + 6x ) + ( ( ( 4x + ( 83.0 + 3x ) ) + 1y ) + 78.0 ) )
ind: 18
( ( 5y - ( 8y + ( 9x + ( ( 11.0 * 8x ) - ( 3y + 60.0 ) ) ) ) ) * ( 9x - 49.0 ) )
ind: 19
( ( 3x + 53.0 ) + ( ( ( 8x - ( ( 50.0 * 1y ) * 58.0 ) ) + 10y ) + ( ( ( ( 12.0 * 28.0 ) + 5x ) + ( ( 15.0 + 6x ) * 9y ) ) - 18.0 ) ) )
ind: 20
( ( ( 6y - 6y ) * ( 69.0 - 2x ) ) + ( 51.0 + 6x ) )
ind: 21
( ( ( 33.0 * 6y ) - ( 9y + 38.0 ) ) + ( ( 6x - ( ( ( 10x + 2x ) - ( 7x - 7x ) ) + ( ( 48.0 + 97.0 ) * 5y ) ) ) - ( ( 1x - ( ( 7x + 9x ) - 4x ) ) - 89.0 ) ) )
ind: 22
( ( 90.0 + 6y ) + ( ( 31.0 - ( 10x - 6y ) ) + 13.0 ) )
ind: 23
( ( 35.0 + 7x ) + ( ( ( ( ( 93.0 * 27.0 ) * 6.0 ) - 35.0 ) - ( 31.0 + ( 58.0 * ( 17.0 + 9x ) ) ) ) * ( ( ( ( 90.0 - 63.0 ) + 4y ) + 2x ) - ( 2y * 5y ) ) ) )
ind: 24
( ( 7x + ( ( ( ( 8x + 98.0 ) * ( 6x * 1y ) ) + 53.0 ) + ( 9y + 6x ) ) ) - ( 6.0 + ( 19.0 + ( ( ( 21.0 * 9x ) + ( 3y + 1x ) ) - ( 3x * ( 53.0 * 10.0 ) ) ) ) ) )
ind: 25
( ( 10x - ( ( ( ( 8y + 6x ) + 50.0 ) * ( 8y + ( 45.0 + 1x ) ) ) * ( ( 26.0 - ( 5y - 58.0 ) ) - ( 1y - ( 8x * 43.0 ) ) ) ) ) - ( ( ( 7x - ( 1y * 46.0 ) ) + 4x ) * ( ( ( 7.0 - ( 7x - 4x ) ) - 1x ) + 22.0 ) ) )
ind: 26
( ( ( ( ( ( 7x - 31.0 ) + ( 38.0 + 3x ) ) + 26.0 ) * 10y ) - 84.0 ) - 54.0 )
ind: 27
( ( 39.0 + ( 3y - ( ( ( 10y + 2y ) + 51.0 ) - 62.0 ) ) ) - 3x )
ind: 28
( 5y * ( ( ( ( ( 34.0 * 9y ) + 58.0 ) * ( ( 1x + 1y ) + 20.0 ) ) * 76.0 ) * 1y ) )
ind: 29
( ( ( ( 75.0 * 91.0 ) + ( 1.0 + 7x ) ) + ( 10x - ( 33.0 - 3x ) ) ) * ( ( 6x - ( 9y + ( 7y - ( 8y - 28.0 ) ) ) ) - ( ( 54.0 * ( 2x * ( 38.0 - 64.0 ) ) ) - 6y ) ) )
ind: 30
( ( 10x - 8x ) - 2y )
ind: 31
( ( 83.0 - 41.0 ) * ( 63.0 * ( 8y + 2x ) ) )
ind: 32
( ( 5x * 8y ) - 78.0 )
ind: 33
( ( ( ( ( ( 44.0 - 67.0 ) - 16.0 ) + ( ( 10x - 87.0 ) + 9x ) ) * ( 45.0 + 3x ) ) - ( ( ( ( 97.0 * 47.0 ) - ( 2x * 46.0 ) ) * ( ( 31.0 + 35.0 ) * 29.0 ) ) - ( 4x + ( ( 9x - 55.0 ) - 98.0 ) ) ) ) + ( ( 8x - 70.0 ) - ( 2y + ( 1y * ( 94.0 - ( 4y - 5x ) ) ) ) ) )
ind: 34
( ( ( 85.0 + ( ( ( 53.0 + 1y ) + ( 3x + 41.0 ) ) * 26.0 ) ) + 2.0 ) - 32.0 )
ind: 35
( ( 70.0 * 84.0 ) + ( ( 7x + 5y ) - ( ( 3y - 9.0 ) + 7y ) ) )
ind: 36
( ( 4x * 74.0 ) - 9y )
ind: 37
( ( 9x * ( ( 9y + ( 67.0 * 3x ) ) + ( 73.0 + ( ( 19.0 + 72.0 ) + ( 37.0 - 2y ) ) ) ) ) + ( 72.0 * 53.0 ) )
ind: 38
( 1y - ( 8x * ( ( 54.0 + 9y ) * 55.0 ) ) )
ind: 39
( 3x - ( 9y - ( ( 90.0 - ( ( 9x + 3y ) + 93.0 ) ) - ( ( 4y + ( 59.0 - 4y ) ) - 2y ) ) ) )
ind: 40
( ( 8y + ( ( ( 1y + 5x ) + ( 16.0 + 1y ) ) - ( ( ( 69.0 - 94.0 ) + 8y ) + 2x ) ) ) + 48.0 )
ind: 41
( ( ( 5x * 6.0 ) * ( ( 9.0 - ( ( 6x + 82.0 ) + 7y ) ) + ( 4x * ( 4x + ( 8x - 7y ) ) ) ) ) * 5y )
ind: 42
( ( 3x * 4y ) + 13.0 )
ind: 43
( 3y + ( 7y * ( ( 1x - 5x ) - ( ( 6y * 3y ) - 18.0 ) ) ) )
ind: 44
( ( 2y * ( ( ( 55.0 * ( 2.0 - 7y ) ) - ( ( 3y - 1x ) - ( 6.0 - 40.0 ) ) ) + ( ( 46.0 * 30.0 ) - 32.0 ) ) ) + 6x )
ind: 45
( ( 7x + 6y ) - 3y )
ind: 46
( 87.0 * ( ( 20.0 - ( ( ( 6y + 7x ) * ( 31.0 - 7x ) ) * 58.0 ) ) - 4x ) )
ind: 47
( ( ( ( ( ( 44.0 - 32.0 ) - 69.0 ) + 71.0 ) - ( 79.0 * 97.0 ) ) * 4x ) - ( 55.0 - ( 14.0 + 5y ) ) )
ind: 48
( ( ( 27.0 * 10y ) + ( 1y * ( ( ( 4y - 57.0 ) - ( 8x * 71.0 ) ) - ( ( 63.0 - 3x ) + ( 67.0 + 73.0 ) ) ) ) ) + ( ( ( ( ( 2y + 75.0 ) + 9x ) * ( 75.0 - ( 54.0 * 15.0 ) ) ) - 68.0 ) + ( ( ( ( 4y + 7x ) * ( 78.0 * 51.0 ) ) * 8y ) - ( ( 3x - ( 92.0 * 68.0 ) ) + 7y ) ) ) )
ind: 49
( ( 9y + 2x ) * 9y )
ind: 50
( ( ( 5x * 51.0 ) * 2y ) + 2x )
ind: 51
( ( 2y - 3x ) + ( 1x * 9x ) )
ind: 52
( 1y * ( 8x * 11.0 ) )
ind: 53
( ( 1x * 10y ) - 45.0 )
ind: 54
( ( ( 1.0 - ( ( 3y - ( 9x * 10y ) ) + 29.0 ) ) + ( ( 58.0 + 3.0 ) + 9x ) ) - ( 7y - 79.0 ) )
ind: 55
( ( ( 5x * 5x ) + 1.0 ) * ( 48.0 * ( ( 49.0 - 30.0 ) * 10y ) ) )
ind: 56
( ( 86.0 + ( 91.0 * ( ( ( 5y - 8x ) + ( 29.0 + 9y ) ) + 47.0 ) ) ) + 6.0 )
ind: 57
( 3y * ( 3y + ( 8x + ( 6x - ( 69.0 + 88.0 ) ) ) ) )
ind: 58
( ( ( 59.0 + 5x ) * 59.0 ) * ( ( ( ( ( 9y * 96.0 ) + ( 4x * 20.0 ) ) * ( ( 5x - 3y ) - ( 40.0 + 10y ) ) ) - 3y ) + 41.0 ) )
ind: 59
( ( 75.0 * ( ( ( 59.0 * 22.0 ) - 67.0 ) - ( 68.0 + 7y ) ) ) - 6x )
ind: 60
( ( ( 24.0 + ( ( 5x * ( 12.0 * 1y ) ) - ( ( 17.0 + 1x ) * ( 95.0 - 7x ) ) ) ) * 11.0 ) + 8y )
ind: 61
( 10x - ( ( 25.0 + ( ( ( 67.0 - 7y ) - ( 36.0 + 9y ) ) * 1x ) ) * 8y ) )
ind: 62
( 4x + ( 90.0 * ( ( 6x - ( 48.0 + 1y ) ) * 1x ) ) )
ind: 63
( ( ( 9x - 87.0 ) * ( ( 71.0 - ( ( 55.0 * 38.0 ) + 45.0 ) ) * ( ( ( 42.0 * 10y ) * 28.0 ) * ( 6y * ( 100.0 * 7x ) ) ) ) ) + ( ( 39.0 + 72.0 ) + 35.0 ) )
ind: 64
( ( ( ( ( ( 44.0 + 5x ) - ( 62.0 * 4y ) ) + ( ( 9y * 6y ) * 1x ) ) + 45.0 ) - ( 6y - ( 8x - 88.0 ) ) ) + 1y )
ind: 65
( 10x - ( ( ( 65.0 * 4y ) * ( ( 34.0 + ( 9x + 2x ) ) * 35.0 ) ) + 39.0 ) )
ind: 66
( ( ( 14.0 - 9.0 ) * 9y ) - ( ( ( ( 31.0 + 66.0 ) - 7x ) * 7y ) * 1y ) )
ind: 67
( ( ( 83.0 * 25.0 ) - ( ( ( 97.0 - ( 7.0 - 7x ) ) - 22.0 ) * ( ( 5y + ( 7.0 - 48.0 ) ) * ( ( 95.0 + 9y ) * ( 74.0 + 10y ) ) ) ) ) * ( 87.0 - ( ( 31.0 - ( 47.0 * ( 78.0 * 87.0 ) ) ) * 5x ) ) )
ind: 68
( 9y + ( ( ( ( ( 97.0 - 2y ) * ( 6y * 10y ) ) * ( 73.0 - 1x ) ) + ( ( 9y * ( 1y * 1x ) ) * ( ( 22.0 - 1x ) + ( 6x - 10y ) ) ) ) + ( 4y * 100.0 ) ) )
ind: 69
( ( 10y + ( 9y * 31.0 ) ) + ( ( ( ( ( 10y * 75.0 ) + 8y ) + ( 2x - ( 3x + 10y ) ) ) + 10x ) - ( 8.0 + 2x ) ) )
ind: 70
( 9y - ( ( ( 8y - 8.0 ) - ( ( ( 5y * 2x ) * 1x ) + ( 8x - ( 3y + 73.0 ) ) ) ) - 57.0 ) )
ind: 71
( ( ( ( 18.0 - ( 62.0 + ( 1.0 - 93.0 ) ) ) + ( ( 3y + 64.0 ) - ( ( 6x - 1x ) * 4y ) ) ) + 85.0 ) - ( ( ( 16.0 - 22.0 ) * ( ( ( 99.0 * 1y ) - ( 2y + 82.0 ) ) + 53.0 ) ) + 7x ) )
ind: 72
( 68.0 * ( ( 49.0 - 4x ) * ( 6y - 83.0 ) ) )
ind: 73
( ( ( 8.0 * 2y ) * 9x ) * 25.0 )
ind: 74
( ( ( ( 86.0 - ( 8x * ( 4x - 27.0 ) ) ) - 78.0 ) + ( ( 4x - 9y ) * ( 65.0 - ( ( 62.0 * 2x ) + 7x ) ) ) ) - 6x )
ind: 75
( ( ( ( 36.0 * ( ( 1x * 3y ) - ( 37.0 * 8y ) ) ) * 2x ) * ( 10y + ( 91.0 + ( ( 2x + 79.0 ) * ( 41.0 + 38.0 ) ) ) ) ) - ( 5y * 1x ) )
ind: 76
( ( 3y * 9.0 ) - ( ( 9y * ( 99.0 - ( ( 8.0 + 9y ) * 85.0 ) ) ) - ( ( 55.0 + ( 10x * 10.0 ) ) - 9x ) ) )
ind: 77
( ( ( ( ( ( 4x * 7x ) - 3y ) + ( 8y + 1x ) ) + 18.0 ) * 6.0 ) * ( ( ( 6x + ( 1x - 60.0 ) ) - 9x ) * ( ( ( ( 76.0 + 18.0 ) - ( 21.0 * 28.0 ) ) - ( 19.0 - 5x ) ) + 3y ) ) )
ind: 78
( ( ( 9y + 6y ) + ( 5x + 7x ) ) * ( ( ( 21.0 * ( 24.0 * 9y ) ) - 10x ) + 26.0 ) )
ind: 79
( ( ( ( ( ( 2x * 10x ) * ( 9x * 5x ) ) * ( ( 73.0 - 30.0 ) * 54.0 ) ) * ( ( 85.0 * ( 92.0 + 1.0 ) ) - 8x ) ) * 2y ) + ( 9.0 * 7x ) )
ind: 80
( ( 5.0 * ( ( ( 2x * 1.0 ) * ( ( 82.0 + 10y ) + 4x ) ) + ( 89.0 * 89.0 ) ) ) * ( 3x - ( 41.0 + 3x ) ) )
ind: 81
( 64.0 * ( ( ( ( ( 60.0 - 28.0 ) - 68.0 ) - ( 22.0 * 54.0 ) ) - ( ( ( 95.0 * 6x ) * ( 8y - 84.0 ) ) + ( 8.0 * 1.0 ) ) ) * ( 4y + ( ( ( 100.0 * 2x ) * 23.0 ) + ( 9x + 6y ) ) ) ) )
ind: 82
( ( ( ( 8y + ( ( 10x + 9y ) + ( 10x * 21.0 ) ) ) - ( 4x - 72.0 ) ) * 74.0 ) * ( 4y + ( ( ( 9y - 100.0 ) * ( 7.0 * ( 6y - 10y ) ) ) + 30.0 ) ) )
ind: 83
( 58.0 + ( ( ( ( 32.0 * 1y ) - ( 43.0 * ( 5x - 40.0 ) ) ) + 2x ) + 7x ) )
ind: 84
( ( ( 96.0 + 1x ) + 3y ) * 6.0 )
ind: 85
( ( ( ( ( ( 6y + 41.0 ) * ( 83.0 + 4y ) ) * 3y ) + 3x ) * 2y ) * ( 94.0 * ( 93.0 + 62.0 ) ) )
ind: 86
( 12.0 + ( ( ( ( ( 14.0 - 24.0 ) - ( 7y * 2x ) ) - 16.0 ) - ( ( ( 8y + 69.0 ) * 16.0 ) * ( 100.0 - 8x ) ) ) + ( 4y * ( ( 3x + ( 41.0 + 79.0 ) ) * ( 4.0 * 4x ) ) ) ) )
ind: 87
( ( ( ( ( 8y - ( 75.0 + 72.0 ) ) * 2y ) + ( 13.0 * ( ( 9y + 4y ) * ( 7y - 25.0 ) ) ) ) * 9x ) * ( 2x - 57.0 ) )
ind: 88
( 8x * ( ( 2x + 5y ) * ( 89.0 * ( ( 7y * ( 87.0 - 76.0 ) ) - 2x ) ) ) )
ind: 89
( 10x + 3y )
ind: 90
( 8y * 1x )
ind: 91
( ( 7y - 85.0 ) + ( 3x - 10.0 ) )
ind: 92
( ( ( ( ( 46.0 - ( 6y - 19.0 ) ) - 8y ) - 2x ) + 56.0 ) - 48.0 )
ind: 93
( ( 8x + ( 1.0 + 4y ) ) * ( 4x * ( ( ( 8y - ( 2.0 - 54.0 ) ) + ( 7y - ( 2x * 9y ) ) ) * 9y ) ) )
ind: 94
( ( 96.0 - ( 26.0 * ( ( 38.0 + 7y ) * 64.0 ) ) ) - ( 40.0 * ( 5x + ( 36.0 + ( 10x + 4.0 ) ) ) ) )
ind: 95
( ( 61.0 - ( ( 24.0 * ( ( 6y - 10x ) - ( 9y + 72.0 ) ) ) + ( ( ( 1x * 8x ) + 8x ) + ( 67.0 + ( 15.0 + 5x ) ) ) ) ) + ( ( 10y + ( ( 76.0 + 3y ) - 5y ) ) + ( ( 99.0 * 100.0 ) * ( ( 18.0 - 96.0 ) + ( 10y - 7y ) ) ) ) )
ind: 96
( ( 9y * 37.0 ) * ( 5x + ( 2x + ( 7y * 5y ) ) ) )
ind: 97
( 6x - ( ( ( 9y * ( 27.0 - ( 51.0 - 6y ) ) ) * 3y ) * ( 16.0 - ( 8y * ( ( 67.0 + 7x ) + ( 62.0 - 5y ) ) ) ) ) )
ind: 98
( ( ( 91.0 + ( ( 4x * 8x ) - 3y ) ) + ( 6y - 83.0 ) ) + 9.0 )
ind: 99
( ( ( 31.0 + ( ( ( 44.0 - 3y ) - 54.0 ) * ( 4x - 6y ) ) ) * ( ( 3x + 81.0 ) + ( 71.0 + 9x ) ) ) + ( 37.0 + 5y ) )
ind: 100
( 64.0 + ( ( 18.0 + ( ( 15.0 - 10y ) + ( 81.0 * ( 7x * 20.0 ) ) ) ) * 1x ) )
ind: 101
( ( 78.0 - ( 2y - ( ( ( 61.0 - 27.0 ) + 3x ) * ( 8x * 10y ) ) ) ) - 8x )
ind: 102
( 6y * ( 10x + 86.0 ) )
ind: 103
( 8y - ( ( ( 34.0 - 5x ) * 13.0 ) + 8y ) )
ind: 104
( 7.0 - ( ( ( 35.0 + 9x ) + ( 8y * ( ( 10x - 45.0 ) + 14.0 ) ) ) * ( 10x - 69.0 ) ) )
ind: 105
( 1x + ( 3y + 1x ) )
ind: 106
( ( ( ( ( ( 7.0 + 13.0 ) * 46.0 ) - 8y ) * ( 57.0 * ( ( 29.0 + 36.0 ) + 73.0 ) ) ) * ( ( ( 9x + 1y ) - ( ( 95.0 + 7y ) - ( 8x + 36.0 ) ) ) + 1y ) ) * 31.0 )
ind: 107
( 8y + ( 7y - 7x ) )
ind: 108
( 5y + 2x )
ind: 109
( ( ( 1y - ( 46.0 + 5x ) ) * ( ( 29.0 * ( 25.0 + ( 81.0 * 17.0 ) ) ) - 1y ) ) - ( ( 5x * 3y ) + 6y ) )
ind: 110
( ( ( ( 9x - 40.0 ) * ( ( ( 3.0 - 16.0 ) - 61.0 ) * ( ( 50.0 - 26.0 ) + 9x ) ) ) * ( ( 48.0 + ( ( 2x - 8y ) * ( 4y * 20.0 ) ) ) * 3x ) ) - ( 10y * ( 28.0 * 10y ) ) )
ind: 111
( 6x - ( ( ( 8x + ( ( 10y - 9y ) - 75.0 ) ) + ( ( ( 6y - 5y ) - ( 55.0 * 4x ) ) - 7y ) ) * 59.0 ) )
ind: 112
( ( ( ( ( ( 9x * 59.0 ) * 7.0 ) * ( 14.0 * ( 95.0 + 79.0 ) ) ) * 4.0 ) * ( 4x - ( ( 12.0 * ( 7x + 4y ) ) + 3x ) ) ) - 84.0 )
ind: 113
( 5y + ( ( 36.0 - ( 7y * ( 40.0 + ( 89.0 * 2y ) ) ) ) - ( ( 24.0 - 10y ) - ( ( 1x + 4y ) - 2y ) ) ) )
ind: 114
( ( 95.0 + ( ( 4y - 8x ) - ( ( 73.0 - 4x ) + 3y ) ) ) - 1y )
ind: 115
( 96.0 * ( 3y * ( ( 28.0 - 3x ) + 10x ) ) )
ind: 116
( ( ( 9x - ( ( 2.0 - ( 82.0 * 70.0 ) ) + 10x ) ) + ( ( 10y * 7.0 ) - 1x ) ) * 3.0 )
ind: 117
( 4y - 1x )
ind: 118
( ( 4y + ( ( 17.0 + ( ( 3y * 3x ) + ( 6y - 3y ) ) ) * 16.0 ) ) * ( ( ( ( 4.0 + 7x ) * ( ( 8x * 39.0 ) + 1x ) ) + ( 3x + 2x ) ) * ( ( 4.0 - 5y ) * 3x ) ) )
ind: 119
( 8x * 8y )
ind: 120
( ( 97.0 - 2y ) + ( 29.0 * 9x ) )
ind: 121
( ( ( ( ( ( 98.0 - 45.0 ) * 6x ) + 35.0 ) + ( 6y - 83.0 ) ) * ( ( 64.0 - ( ( 9x - 6y ) + ( 6x - 6y ) ) ) - 56.0 ) ) - ( 3x * 12.0 ) )
ind: 122
( 4y + ( ( 7y + 72.0 ) - ( 7x - ( 27.0 * ( 1x * 8x ) ) ) ) )
ind: 123
( 3x + ( 79.0 + ( ( ( ( 89.0 + 4y ) + ( 89.0 - 96.0 ) ) + ( 30.0 + ( 3y + 3x ) ) ) - 55.0 ) ) )
ind: 124
( 4x - 8y )
ind: 125
( ( ( ( 4y + ( 7y + 2y ) ) * ( ( ( 1y * 27.0 ) - ( 1y * 68.0 ) ) - ( 10y * 10x ) ) ) * ( 9y + 5y ) ) + 30.0 )
ind: 126
( ( 29.0 + 9y ) + ( ( 1x + 2y ) + 3y ) )
ind: 127
( ( ( ( 6y * 45.0 ) + ( ( ( 17.0 - 3x ) * 10y ) - 54.0 ) ) + ( 93.0 - 30.0 ) ) + ( 57.0 * 2x ) )
ind: 128
( ( ( 3x * ( ( ( 78.0 + 71.0 ) + 57.0 ) * 28.0 ) ) * 55.0 ) * ( ( ( 10y - ( ( 63.0 - 86.0 ) - ( 48.0 + 1y ) ) ) * ( ( ( 53.0 * 66.0 ) - 2.0 ) * 2y ) ) - 47.0 ) )
ind: 129
( ( 3x - ( 4y - 3x ) ) - 3y )
ind: 130
( ( ( ( ( 5y + 3y ) * ( 83.0 + ( 8x * 5y ) ) ) + ( ( ( 3x + 74.0 ) - ( 8y + 42.0 ) ) + 5y ) ) + 11.0 ) - 46.0 )
ind: 131
( 5y - ( 8y + 9x ) )
ind: 132
( 52.0 - ( ( ( 1x * ( ( 6x * 5.0 ) * 18.0 ) ) - 3y ) - 6x ) )
ind: 133
( ( ( ( ( ( 3y + 2y ) - ( 10.0 + 96.0 ) ) * 8y ) * ( 41.0 - 7y ) ) * 7y ) - ( ( ( 10y * 66.0 ) * 6x ) - ( 10y * ( 2x + ( ( 5y - 81.0 ) + 46.0 ) ) ) ) )
ind: 134
( ( 2x - 11.0 ) - ( ( ( ( 8y * 15.0 ) * ( ( 83.0 - 94.0 ) * 9x ) ) + ( ( ( 6y + 10x ) - 86.0 ) * 2x ) ) - ( ( ( 8y - 1y ) * 49.0 ) - ( 3x * 3x ) ) ) )
ind: 135
( 81.0 - ( ( ( ( ( 38.0 * 50.0 ) * ( 2x + 41.0 ) ) * 5y ) + ( ( 8x * 1x ) * ( 8y * 6x ) ) ) * ( 65.0 * 8y ) ) )
ind: 136
( 97.0 - ( ( 5x * 9y ) + ( ( 7y * 12.0 ) - 6y ) ) )
ind: 137
( 6x - 7y )
ind: 138
( ( 5y + 5x ) * 7x )
ind: 139
( ( 7x * 1y ) - 48.0 )
ind: 140
( ( 3x * ( ( 29.0 + ( ( 4y - 51.0 ) * 72.0 ) ) * ( 98.0 + ( 7.0 + ( 2x - 2y ) ) ) ) ) - 10y )
ind: 141
( ( ( ( 50.0 - ( ( 8y + 82.0 ) - 10y ) ) - ( 49.0 + 66.0 ) ) + 2x ) - ( ( ( ( ( 50.0 * 53.0 ) + ( 45.0 + 61.0 ) ) + 3x ) - 7x ) + ( 51.0 + ( 1y * ( 2x * ( 30.0 + 6x ) ) ) ) ) )
ind: 142
( ( ( 73.0 * ( 1y - ( 68.0 + 7.0 ) ) ) - 16.0 ) - ( 88.0 * ( 9x * 2x ) ) )
ind: 143
( ( ( 6y * ( 16.0 * 1x ) ) - ( 15.0 * 2.0 ) ) - 61.0 )
ind: 144
( 4y + 10x )
ind: 145
( ( 39.0 * ( ( 35.0 * 9y ) - ( ( 21.0 * ( 63.0 - 4y ) ) * ( 10y * ( 9x + 2x ) ) ) ) ) - 26.0 )
ind: 146
( 3y - ( 20.0 + ( 1y * ( 26.0 + 6x ) ) ) )
ind: 147
( 4y - ( ( ( 3x - ( ( 5.0 + 8.0 ) - ( 7y * 3y ) ) ) + 10x ) + 10x ) )
ind: 148
( ( ( ( ( ( 4.0 * 2.0 ) - ( 8x + 16.0 ) ) + 2x ) + ( ( 9y * ( 5x + 10x ) ) + ( 41.0 - 4y ) ) ) - ( ( ( 7y - 51.0 ) + ( 4x * ( 9y * 59.0 ) ) ) - 7y ) ) * 11.0 )
ind: 149
( ( 52.0 * ( ( ( ( 5x - 6x ) - ( 5y + 5y ) ) * ( 80.0 * ( 86.0 + 2x ) ) ) + 22.0 ) ) + 10x )
ind: 150
( ( 78.0 * 8y ) * 8x )
ind: 151
( ( 7x + ( 7y * 18.0 ) ) - ( ( 1y * 56.0 ) * ( 3y * ( ( ( 7.0 - 68.0 ) - ( 7x * 91.0 ) ) * ( ( 9.0 + 7x ) * ( 70.0 - 1y ) ) ) ) ) )
ind: 152
( ( ( 1y + 4y ) - 12.0 ) - ( ( ( ( ( 9y * 10y ) + 4y ) - ( 3y + 8x ) ) + 8y ) + 43.0 ) )
ind: 153
( ( 32.0 - 15.0 ) + ( ( ( 4.0 - 55.0 ) + ( 8x * ( 59.0 * 4.0 ) ) ) * ( 27.0 * ( ( ( 10x + 7x ) - 44.0 ) - ( 10y * ( 3x + 19.0 ) ) ) ) ) )
ind: 154
( ( ( ( ( 7y + 3y ) * ( ( 12.0 + 31.0 ) - 17.0 ) ) + ( 26.0 + ( ( 6x - 6y ) - ( 3x - 89.0 ) ) ) ) + 85.0 ) * ( 2x - 97.0 ) )
ind: 155
( 13.0 * ( 82.0 * ( 6y - 1x ) ) )
ind: 156
( ( ( ( ( ( 9y * 9y ) * ( 92.0 - 10x ) ) - ( ( 8y - 43.0 ) + 5.0 ) ) * 79.0 ) + 72.0 ) - ( ( 40.0 * ( ( ( 3y + 1y ) * 49.0 ) * ( 9x * 74.0 ) ) ) + ( 4x * 2x ) ) )
ind: 157
( 28.0 - ( 8x - ( ( 52.0 - ( ( 4.0 * 7y ) * 39.0 ) ) + ( ( ( 7y - 68.0 ) + 42.0 ) * 7y ) ) ) )
ind: 158
( 2x - ( ( 2y - ( ( ( 7y + 8y ) - ( 3x - 2y ) ) + ( 1x + 3x ) ) ) * 4y ) )
ind: 159
( 7y - ( ( 4y - 2.0 ) + ( ( 1y * ( ( 94.0 + 4y ) * ( 1x + 6x ) ) ) + 86.0 ) ) )
ind: 160
( ( 14.0 * ( 9x - 51.0 ) ) * 5y )
ind: 161
( ( 9x - ( ( 57.0 - ( ( 1x - 63.0 ) * 8y ) ) * ( 5x - 8x ) ) ) - 10y )
ind: 162
( ( ( 7.0 + 68.0 ) - ( 68.0 + ( ( ( 53.0 - 3.0 ) * ( 7y * 95.0 ) ) + ( 5y + 2x ) ) ) ) - ( 99.0 - 46.0 ) )
ind: 163
( 4x - 8y )
ind: 164
( 4y - ( 7x - ( 9y * 7.0 ) ) )
ind: 165
( 5x + ( ( ( 6y + 4x ) * 7y ) + ( ( 47.0 - ( ( 91.0 - 95.0 ) * 7y ) ) * ( ( 5x * ( 7y * 80.0 ) ) * 11.0 ) ) ) )
ind: 166
( 6y * ( ( ( 4y + ( 1y * 7y ) ) * 9x ) * 51.0 ) )
ind: 167
( ( 75.0 - 15.0 ) - ( ( 73.0 - ( ( ( 53.0 * 37.0 ) - 7y ) - ( ( 30.0 - 10x ) * 74.0 ) ) ) * ( ( 9y + 6y ) - ( ( 86.0 - 9y ) - ( 4x - ( 60.0 * 2.0 ) ) ) ) ) )
ind: 168
( ( ( ( 12.0 - ( 6x + ( 8y - 40.0 ) ) ) - 54.0 ) - ( ( ( ( 2x + 6y ) * 89.0 ) - ( 14.0 - 57.0 ) ) * 73.0 ) ) + ( 90.0 - ( 9y + ( 37.0 * ( ( 37.0 - 66.0 ) + ( 72.0 - 60.0 ) ) ) ) ) )
ind: 169
( ( 42.0 - ( 7y + 30.0 ) ) + 5x )
ind: 170
( ( ( 7x + ( 8x * 46.0 ) ) * 5x ) - ( 7.0 * 10y ) )
ind: 171
( ( 36.0 * 1y ) * ( 9x + 9y ) )
ind: 172
( ( ( 97.0 + 65.0 ) * ( 8x - 7y ) ) + 4x )
ind: 173
( ( 31.0 * ( 3y - 90.0 ) ) + ( ( ( ( ( 1x * 10x ) - 3y ) + 22.0 ) * 7y ) - 66.0 ) )
ind: 174
( ( 69.0 + 80.0 ) + ( ( ( 1y - ( 3y + ( 8x * 8y ) ) ) * ( ( ( 54.0 + 1.0 ) - 9y ) + ( 64.0 - 29.0 ) ) ) * ( 5y - ( ( ( 7x - 1x ) - 23.0 ) * ( 6x + 3y ) ) ) ) )
ind: 175
( ( ( ( ( ( 1y + 4x ) * 86.0 ) * ( ( 9x - 8y ) * ( 8y * 9y ) ) ) * 19.0 ) * 6x ) * 91.0 )
ind: 176
( ( ( ( 5.0 - 9.0 ) + ( ( ( 4x * 39.0 ) + 6x ) + ( ( 62.0 + 62.0 ) * ( 98.0 - 6y ) ) ) ) - ( 59.0 + ( 7y * 8x ) ) ) + 29.0 )
ind: 177
( ( 25.0 - ( 3x - ( 79.0 + 3.0 ) ) ) * 8y )
ind: 178
( ( ( ( ( 82.0 - 96.0 ) - ( ( 8y + 61.0 ) - ( 28.0 + 55.0 ) ) ) - ( ( 3x * ( 15.0 + 10x ) ) * 83.0 ) ) - 71.0 ) + 87.0 )
ind: 179
( 1x + ( 18.0 * ( 4x + ( ( ( 5y * 25.0 ) - ( 1y + 71.0 ) ) * ( ( 81.0 - 7x ) + 61.0 ) ) ) ) )
ind: 180
( ( ( ( 1y * 5y ) * ( ( 44.0 + 10x ) + 89.0 ) ) - 23.0 ) * 3y )
ind: 181
( ( ( ( 6y * 55.0 ) + ( ( ( 26.0 * 1y ) - ( 75.0 * 10y ) ) + ( ( 10x + 6y ) * ( 17.0 - 78.0 ) ) ) ) - ( 1x - 20.0 ) ) + ( ( ( ( 6x - 55.0 ) - ( 9x - ( 7x - 55.0 ) ) ) + 8x ) * ( ( ( 8x * 3y ) - 6x ) - ( 9x * 71.0 ) ) ) )
ind: 182
( 96.0 - ( 28.0 - ( ( ( ( 3x * 9y ) * ( 46.0 * 46.0 ) ) + 82.0 ) - ( 1y * 6.0 ) ) ) )
ind: 183
( ( 8.0 - ( 93.0 * ( ( ( 34.0 + 6y ) + 62.0 ) * ( ( 30.0 + 76.0 ) + 7x ) ) ) ) + 89.0 )
ind: 184
( ( 4y + 12.0 ) - ( 10x + 81.0 ) )
ind: 185
( 38.0 * ( ( ( 7y - ( ( 31.0 + 1x ) * ( 8y * 38.0 ) ) ) * ( ( ( 4y * 90.0 ) * ( 41.0 - 2x ) ) + 5x ) ) + ( 4x + ( 2x - ( ( 18.0 * 2y ) - 3y ) ) ) ) )
ind: 186
( 46.0 + ( ( 7y + ( ( 6x * ( 2y - 6y ) ) * ( 87.0 - 7x ) ) ) * 23.0 ) )
ind: 187
( ( 1x - 97.0 ) * 3y )
ind: 188
( 3x - ( ( 10x - 5y ) * ( ( 33.0 - ( ( 60.0 * 22.0 ) + ( 55.0 * 8x ) ) ) + ( 30.0 * ( ( 5x - 3x ) - 7y ) ) ) ) )
ind: 189
( 1x + 4y )
ind: 190
( ( 54.0 * ( ( ( 6y - 7y ) * 77.0 ) - ( ( 6x - 2y ) * ( 5y * ( 28.0 - 6y ) ) ) ) ) * ( ( ( ( 22.0 + ( 3x - 11.0 ) ) * 10y ) + ( 81.0 * 65.0 ) ) + ( ( 7y * ( 71.0 + 33.0 ) ) * ( ( 48.0 * ( 10.0 * 2y ) ) + ( 2x + 10x ) ) ) ) )
ind: 191
( ( ( ( 7.0 * 4y ) * ( 10y * ( ( 9x - 85.0 ) - 7y ) ) ) * 10y ) * ( ( 49.0 - ( ( 15.0 * ( 7x * 6x ) ) - ( ( 7x + 2y ) + 6y ) ) ) * ( 37.0 - ( 6y - ( ( 1x * 85.0 ) * ( 10.0 * 3y ) ) ) ) ) )
ind: 192
( 7x * ( 49.0 - ( 7y * 9x ) ) )
ind: 193
( ( 48.0 - ( ( ( ( 37.0 - 2x ) + 7y ) + 3x ) + ( 10y * 3y ) ) ) + ( 1y * ( 4y + ( ( 8x * ( 4x * 1.0 ) ) - ( ( 36.0 * 45.0 ) - ( 61.0 - 10y ) ) ) ) ) )
ind: 194
( ( ( 54.0 - ( ( ( 42.0 * 40.0 ) - ( 59.0 * 1.0 ) ) - ( 95.0 - ( 77.0 * 48.0 ) ) ) ) - 95.0 ) + ( 7y + 1x ) )
ind: 195
( ( 2x * 2y ) * ( ( ( 8x * ( 54.0 - 94.0 ) ) * 9x ) * 5x ) )
ind: 196
( ( ( ( 66.0 - ( 67.0 - ( 8x * 26.0 ) ) ) + ( ( 4x * ( 10y + 74.0 ) ) - 9y ) ) * 59.0 ) - ( ( 36.0 + ( 1.0 + 3y ) ) - ( ( ( ( 50.0 + 7y ) * ( 5y * 20.0 ) ) - ( ( 2x - 5x ) - 64.0 ) ) + ( 10y * 73.0 ) ) ) )
ind: 197
( ( ( 1y * ( 10x - ( 78.0 - 7x ) ) ) - 24.0 ) * 8y )
ind: 198
( ( 5y + 1.0 ) * ( 10x + 4.0 ) )
ind: 199
( 16.0 * ( ( 96.0 - ( 80.0 + ( 2y - 3y ) ) ) * 7x ) )
ind: 200
( ( 4y * ( 84.0 - ( 20.0 - 51.0 ) ) ) * ( 7x * ( ( 22.0 + ( ( 2x - 8x ) * 43.0 ) ) + 11.0 ) ) )
ind: 201
( 3y - ( ( ( ( 9x + ( 94.0 * 10x ) ) - ( 1x * 47.0 ) ) + 28.0 ) - 65.0 ) )
ind: 202
( 5x - ( 9y * 75.0 ) )
ind: 203
( ( ( 9y - 69.0 ) + 7x ) + 57.0 )
ind: 204
( 42.0 + ( ( ( 4.0 - 1y ) * ( ( 4x + 9.0 ) + ( 8y - 7x ) ) ) * 5x ) )
ind: 205
( ( ( 1y - 80.0 ) + ( ( 58.0 * ( ( 2y - 4x ) + ( 6x - 7y ) ) ) * ( 50.0 - 1x ) ) ) + ( 17.0 * ( 10x * 2x ) ) )
ind: 206
( 7x * 8y )
ind: 207
( ( 7x - ( 40.0 - ( ( ( 64.0 - 16.0 ) + ( 8y - 4.0 ) ) - 59.0 ) ) ) - 8x )
ind: 208
( ( 7y - ( 5x * ( ( 64.0 * ( 7x * 100.0 ) ) + 66.0 ) ) ) + ( ( 77.0 + ( ( 5y + ( 9y * 8y ) ) * ( ( 9y * 90.0 ) * ( 6x * 7y ) ) ) ) * ( ( ( 56.0 - ( 76.0 + 1y ) ) - 4x ) + ( ( 5y + 10y ) + 9x ) ) ) )
ind: 209
( ( 87.0 - ( ( 51.0 + ( 9x + ( 63.0 - 5y ) ) ) - 9x ) ) * 5x )
ind: 210
( ( ( 58.0 - ( ( ( 66.0 + 30.0 ) + ( 19.0 - 6x ) ) + 1.0 ) ) * ( 20.0 - ( ( ( 6y - 4x ) * ( 13.0 + 12.0 ) ) + 5x ) ) ) - ( ( 9x * ( 2x - ( 1y + 70.0 ) ) ) - 37.0 ) )
ind: 211
( ( 40.0 * ( ( 99.0 - 59.0 ) * 10x ) ) - ( 6y * ( 9y + ( 1y - ( 8x - 10y ) ) ) ) )
ind: 212
( 2y + 6x )
ind: 213
( ( ( ( ( 93.0 - 73.0 ) + 92.0 ) + 6.0 ) * 1x ) * ( ( ( 8y - 4x ) - 57.0 ) + 82.0 ) )
ind: 214
( ( ( ( 4.0 * 1y ) - 2y ) + 7x ) - ( 5y * ( ( 9y + ( ( 10x + 1x ) - 61.0 ) ) + 6x ) ) )
ind: 215
( ( 5y - 5x ) + ( 5y - ( ( 75.0 - 2x ) * 5y ) ) )
ind: 216
( 3.0 - ( ( ( 17.0 - 4x ) * ( 55.0 - ( ( 6x + 1y ) * 8.0 ) ) ) * ( ( 5y - ( ( 7.0 - 60.0 ) * ( 45.0 - 10y ) ) ) * 3y ) ) )
ind: 217
( 7x - ( ( 9x + 5.0 ) * ( ( ( ( 62.0 + 13.0 ) + ( 97.0 + 3.0 ) ) + 7y ) + 17.0 ) ) )
ind: 218
( 6x - 5y )
ind: 219
( 7x - 8y )
ind: 220
( 12.0 - ( ( ( 76.0 * ( ( 5y * 1y ) - ( 63.0 + 89.0 ) ) ) + ( ( 4x - 9x ) - 2.0 ) ) * 8y ) )
ind: 221
( ( 5x - 10y ) - ( 4y * 14.0 ) )
ind: 222
( 4x * ( ( ( 3x * 28.0 ) * 6y ) - 11.0 ) )
ind: 223
( ( 16.0 - 2x ) * ( ( ( 10x * ( 89.0 * 97.0 ) ) - 4y ) * ( 8.0 + 24.0 ) ) )
ind: 224
( 3y - ( ( ( 69.0 + 1x ) * 2x ) * 3y ) )
ind: 225
( 2x + ( ( 21.0 + 5x ) * ( ( ( ( 78.0 * 36.0 ) - ( 49.0 * 59.0 ) ) * ( 56.0 - 6x ) ) + ( 9y + 26.0 ) ) ) )
ind: 226
( ( ( ( 23.0 - ( ( 63.0 - 12.0 ) - ( 1x + 9y ) ) ) - 62.0 ) - 54.0 ) + 16.0 )
ind: 227
( 67.0 - ( ( ( ( ( 43.0 + 57.0 ) - ( 51.0 + 2x ) ) - ( 6y - ( 3y - 48.0 ) ) ) - 81.0 ) + 51.0 ) )
ind: 228
( ( ( 7x + 33.0 ) * ( ( ( 3x - ( 1x * 45.0 ) ) + ( ( 6y - 41.0 ) + 7x ) ) - 7x ) ) + 3x )
ind: 229
( ( ( 6y - ( 5x - 5y ) ) * ( ( ( ( 8x * 7x ) * 47.0 ) - ( 2.0 * 2.0 ) ) + ( 7y - 51.0 ) ) ) * 5y )
ind: 230
( ( ( ( ( 1y * 100.0 ) + ( ( 7x - 17.0 ) - 56.0 ) ) + ( 42.0 - ( ( 1.0 - 44.0 ) + 9y ) ) ) * ( 23.0 * ( ( ( 9x * 7x ) * ( 55.0 - 58.0 ) ) + ( ( 95.0 + 8y ) + 91.0 ) ) ) ) + 4y )
ind: 231
( 37.0 + ( ( 7y - 54.0 ) * ( 1y + ( ( 55.0 - 3x ) - ( 6x + ( 16.0 + 4x ) ) ) ) ) )
ind: 232
( ( 6x + ( ( ( ( 24.0 - 3x ) - ( 8x * 5y ) ) * 14.0 ) + 17.0 ) ) * 97.0 )
ind: 233
( 4x - ( ( 8y * ( ( 2y - ( 5x * 40.0 ) ) - ( 2y * ( 44.0 + 47.0 ) ) ) ) - 64.0 ) )
ind: 234
( ( ( ( 84.0 + 27.0 ) * ( 10y - 100.0 ) ) + ( ( ( 3y * 10x ) - ( 5y * 1x ) ) * 96.0 ) ) - 10x )
ind: 235
( 3x + ( 3y - 12.0 ) )
ind: 236
( 5x - ( ( 1x * ( 70.0 - ( ( 7y - 5y ) - ( 7x * 4y ) ) ) ) * ( 14.0 + ( 10y - ( 96.0 * ( 88.0 - 9y ) ) ) ) ) )
ind: 237
( ( ( 7x * 8y ) * ( ( 8x * 12.0 ) - ( ( ( 77.0 - 63.0 ) - ( 47.0 - 90.0 ) ) + 8x ) ) ) - 5y )
ind: 238
( ( ( ( ( ( 4y + 10y ) - ( 5x + 72.0 ) ) + ( ( 51.0 + 8y ) * ( 3x + 3y ) ) ) + ( 8x * ( ( 1y - 5y ) * 10y ) ) ) + ( ( ( 85.0 * 8y ) - 72.0 ) - ( ( 2y * 9y ) + 71.0 ) ) ) - 27.0 )
ind: 239
( ( ( 62.0 - ( 64.0 * 3y ) ) - 7.0 ) * 8x )
ind: 240
( 4y * ( ( ( 2y * ( 9.0 - ( 3x * 6y ) ) ) - 7y ) - 6x ) )
ind: 241
( ( 8.0 * 9x ) + ( 32.0 - ( ( 88.0 * ( 1y + 7y ) ) - ( 9y + ( ( 5y - 4x ) - ( 48.0 * 76.0 ) ) ) ) ) )
ind: 242
( ( ( 57.0 + ( ( ( 50.0 - 22.0 ) - ( 49.0 * 7x ) ) + 9y ) ) - ( ( 97.0 - ( 62.0 - ( 9y * 48.0 ) ) ) * 65.0 ) ) - 58.0 )
ind: 243
( 5y - ( ( ( ( 31.0 - ( 22.0 * 13.0 ) ) * ( 84.0 - ( 3y * 9y ) ) ) * 48.0 ) + ( ( 6y - ( 7y - ( 12.0 - 6x ) ) ) + ( ( 88.0 * 3.0 ) - 10x ) ) ) )
ind: 244
( ( ( ( ( ( 10x + 88.0 ) * ( 1x - 1x ) ) - ( 8x + 85.0 ) ) * 22.0 ) + ( 27.0 + 10x ) ) * 1y )
ind: 245
( ( ( ( 6x - ( 79.0 * 88.0 ) ) * 11.0 ) * 7x ) * ( ( ( 7x * 4x ) * ( 57.0 - 1x ) ) - ( ( 2y - ( ( 5x * 93.0 ) + 7y ) ) + ( ( ( 1x - 1x ) * 1y ) * 58.0 ) ) ) )
ind: 246
( 79.0 - ( ( ( 22.0 + ( 90.0 - 3y ) ) * ( 96.0 * 4y ) ) + ( ( ( 9x + 9x ) + 9y ) - ( ( 29.0 * ( 53.0 * 8.0 ) ) - 9x ) ) ) )
ind: 247
( 91.0 + ( 5y - ( ( 8x * ( 10x - ( 28.0 + 5x ) ) ) - 40.0 ) ) )
ind: 248
( 1y * ( 9x + ( 29.0 + 4y ) ) )
ind: 249
( ( 4x * 66.0 ) - ( 47.0 + ( ( ( 33.0 * ( 3y - 5x ) ) + 4y ) - ( ( ( 3y * 8y ) + 5y ) - 5x ) ) ) )
ind: 250
( ( 7y + 3y ) + 4x )
ind: 251
( 2.0 + ( ( ( 4y * ( ( 85.0 * 52.0 ) - 26.0 ) ) + ( ( ( 42.0 - 1x ) - 82.0 ) * 65.0 ) ) + 2x ) )
ind: 252
( 2y * 5x )
ind: 253
( ( 8x - 1x ) * 5y )
ind: 254
( ( 2x * 10y ) * ( ( ( 4x * 5y ) + 14.0 ) * ( ( ( ( 3x - 6x ) - 5y ) * 50.0 ) * ( 5y - ( ( 2x * 8x ) + ( 1.0 * 8x ) ) ) ) ) )
ind: 255
( 5y - ( ( ( ( ( 6x * 1x ) * 7x ) + 9x ) * ( 54.0 * 93.0 ) ) * ( ( 66.0 * ( 37.0 + ( 5x - 8y ) ) ) - 6x ) ) )
ind: 256
( ( ( ( ( ( 33.0 - 4x ) - ( 52.0 - 2x ) ) + 10y ) * ( 9x - ( 75.0 * ( 5x * 50.0 ) ) ) ) * 3x ) * ( 28.0 - ( 53.0 - ( ( 9x - 19.0 ) * 34.0 ) ) ) )
ind: 257
( ( ( 2x * ( 5x + 2x ) ) + ( ( 6y - ( 68.0 - ( 43.0 - 2x ) ) ) + ( 10y + ( 10y - 1y ) ) ) ) * 93.0 )
ind: 258
( ( ( 79.0 + 7x ) * 8x ) * 4y )
ind: 259
( ( 3x + ( 8y - ( 66.0 + 10x ) ) ) - ( 74.0 - 7x ) )
ind: 260
( ( ( 5x + ( 98.0 + 7x ) ) - ( 56.0 - ( ( ( 3y + 89.0 ) * ( 5y - 91.0 ) ) + ( ( 1y - 2y ) - ( 16.0 + 47.0 ) ) ) ) ) - 8x )
ind: 261
( ( 26.0 * ( 8y + 48.0 ) ) * ( ( 1x * ( ( 88.0 + 1y ) * 46.0 ) ) + 3y ) )
ind: 262
( 1y + ( ( ( ( 91.0 * ( 8y + 23.0 ) ) - ( 5.0 + ( 8x + 60.0 ) ) ) - 66.0 ) - ( ( ( 4y * 6y ) * 1.0 ) - ( 87.0 - 15.0 ) ) ) )
ind: 263
( ( ( 2x * ( ( ( 6x * 10y ) - ( 8y - 9.0 ) ) + ( ( 7y * 2.0 ) + ( 18.0 * 1y ) ) ) ) * 8y ) * 1y )
ind: 264
( ( ( 15.0 * ( ( ( 4x - 79.0 ) * ( 18.0 + 65.0 ) ) + ( ( 31.0 - 98.0 ) - ( 3x * 2x ) ) ) ) + ( 35.0 * 60.0 ) ) - ( ( ( 44.0 + 7x ) * ( ( 40.0 + ( 51.0 + 32.0 ) ) * ( ( 6y + 58.0 ) * 44.0 ) ) ) - ( 28.0 * ( 6.0 + 7y ) ) ) )
ind: 265
( ( ( 19.0 * ( 21.0 + 1x ) ) - 36.0 ) - ( ( 8y - 82.0 ) * 20.0 ) )
ind: 266
( 6x * ( ( 85.0 - ( ( ( 8y * 3y ) * ( 9.0 + 2x ) ) - ( 7x * 40.0 ) ) ) * 6.0 ) )
ind: 267
( ( 9.0 - ( 8x * 47.0 ) ) - 6y )
ind: 268
( ( ( ( ( ( 9y * 71.0 ) + 84.0 ) * ( 34.0 * ( 1x * 6y ) ) ) - 1y ) * ( 5.0 * 64.0 ) ) - 2x )
ind: 269
( ( 9x * 58.0 ) * 4y )
ind: 270
( ( ( ( 97.0 + 47.0 ) * ( ( ( 6y - 88.0 ) - 8x ) + ( ( 8x * 27.0 ) * ( 1y - 1x ) ) ) ) + ( ( ( 2y * ( 71.0 + 3x ) ) - 71.0 ) - 6.0 ) ) * 46.0 )
ind: 271
( 51.0 - ( ( 5y + 74.0 ) * ( 8x - ( 4.0 * 69.0 ) ) ) )
ind: 272
( ( ( ( 9x + ( 1x + 17.0 ) ) + ( 5y - ( 72.0 * ( 7x + 6x ) ) ) ) * ( ( 1y - ( ( 3.0 + 88.0 ) - ( 10x * 3y ) ) ) + 2x ) ) - ( ( ( 44.0 * ( 2y - ( 8y + 4y ) ) ) - ( ( ( 6y + 3x ) * 1x ) + 35.0 ) ) * 1y ) )
ind: 273
( 35.0 + ( ( ( 8x * ( ( 3.0 + 9y ) - 32.0 ) ) - ( 10y * 62.0 ) ) + 1x ) )
ind: 274
( ( ( 19.0 + 9x ) + ( ( 7y - ( ( 7x - 5y ) - 45.0 ) ) + 10x ) ) * 56.0 )
ind: 275
( ( ( ( 84.0 + 57.0 ) * 4.0 ) - 83.0 ) - ( ( ( 9.0 + 96.0 ) - ( 96.0 - ( ( 2y + 33.0 ) + 8.0 ) ) ) * 3x ) )
ind: 276
( ( 3y * ( ( ( 1x * ( 64.0 + 2x ) ) - 6y ) - ( ( 9.0 + 85.0 ) - ( 46.0 + 7x ) ) ) ) - 6x )
ind: 277
( 66.0 + ( ( 46.0 * ( ( ( 10y + 1y ) + 7y ) * 97.0 ) ) + ( 10.0 + ( 99.0 - ( ( 71.0 - 10y ) * ( 86.0 * 3x ) ) ) ) ) )
ind: 278
( 30.0 + ( 1y + 5x ) )
ind: 279
( 40.0 + ( ( ( 10x + ( ( 9x + 8y ) - ( 7x * 78.0 ) ) ) * ( ( 2.0 * 4y ) + ( 57.0 - ( 88.0 - 33.0 ) ) ) ) + 6x ) )
ind: 280
( ( 9y - 14.0 ) * ( 3x - ( 1.0 + ( 53.0 * 42.0 ) ) ) )
ind: 281
( ( ( ( 10x + ( 12.0 * 3y ) ) * 33.0 ) + ( 1y + 5y ) ) - ( 4x * 29.0 ) )
ind: 282
( ( ( 30.0 - 17.0 ) * ( 7y - 38.0 ) ) - ( 15.0 + ( 92.0 - ( ( ( 80.0 - 10x ) * 4y ) - 8x ) ) ) )
ind: 283
( ( 49.0 - ( 6y * ( ( ( 1y - 6y ) - 52.0 ) + 45.0 ) ) ) + 3x )
ind: 284
( ( 1y * ( ( 28.0 * ( ( 59.0 - 20.0 ) * 2x ) ) - ( ( ( 10y * 3x ) * ( 5y * 96.0 ) ) + ( 7y + ( 7x - 3y ) ) ) ) ) * ( 4x - ( ( 3y + 10x ) + 91.0 ) ) )
ind: 285
( 38.0 * ( 5y - 3x ) )
ind: 286
( ( ( ( ( ( 2x * 76.0 ) - ( 6y + 4y ) ) - 12.0 ) + ( 6y + 22.0 ) ) - ( ( 41.0 * 4y ) - ( 7y + ( ( 79.0 + 7x ) - 43.0 ) ) ) ) * ( ( ( ( ( 44.0 + 8x ) - ( 35.0 * 61.0 ) ) * ( 73.0 * 9y ) ) - 92.0 ) - ( 16.0 + 9y ) ) )
ind: 287
( ( ( ( ( 90.0 - ( 4x - 5y ) ) - ( ( 5y - 79.0 ) * ( 7x + 3y ) ) ) + ( ( ( 1x - 58.0 ) - 4x ) + 5x ) ) + ( ( 1y * 1x ) * 9y ) ) * 8x )
ind: 288
( 98.0 * ( ( 8y + 8x ) + ( 10.0 + ( 49.0 + 22.0 ) ) ) )
ind: 289
( 94.0 - ( ( ( 8y - 81.0 ) * ( ( 36.0 - ( 1y + 43.0 ) ) * ( ( 9y + 7y ) - 58.0 ) ) ) - 2x ) )
ind: 290
( 73.0 * ( 1y * ( ( ( ( 2x * 36.0 ) + 8x ) + ( ( 5x + 51.0 ) * ( 4y + 6x ) ) ) - 81.0 ) ) )
ind: 291
( ( ( ( 7x * 2y ) * ( 3x * 75.0 ) ) + 70.0 ) - ( 2y + 63.0 ) )
ind: 292
( 6x + ( ( 30.0 * ( ( ( 46.0 - 9x ) * ( 16.0 + 10y ) ) + 9y ) ) + ( 78.0 * ( 4y * ( ( 5y * 2x ) * 65.0 ) ) ) ) )
ind: 293
( ( 27.0 + ( ( ( 32.0 - ( 79.0 * 4x ) ) - ( 6y * ( 4y - 66.0 ) ) ) * ( 89.0 - 100.0 ) ) ) - 6x )
ind: 294
( ( ( ( ( ( 8.0 - 22.0 ) - ( 89.0 + 7x ) ) * ( ( 67.0 * 8.0 ) - 76.0 ) ) + ( 97.0 - 37.0 ) ) + ( 3y * 22.0 ) ) - ( ( ( 5.0 * ( 11.0 - 70.0 ) ) + 1x ) + 62.0 ) )
ind: 295
( ( ( 86.0 * ( 5y - 8y ) ) - ( ( 85.0 + 6x ) - 74.0 ) ) * 7.0 )
ind: 296
( 4x - ( ( 61.0 + 4y ) - 8y ) )
ind: 297
( ( ( ( ( ( 1y * 49.0 ) - ( 6x * 9x ) ) + 69.0 ) - 51.0 ) * 100.0 ) * ( 4x * ( 66.0 * 7x ) ) )
ind: 298
( ( ( ( 5x * ( 6x * ( 10y + 31.0 ) ) ) - ( 8y - 6x ) ) + 7y ) - 8y )
ind: 299
( ( 9y + 1y ) * 5x )
ind: 300
( ( ( ( 6.0 - 3x ) - 4x ) + ( 86.0 * ( ( ( 7.0 + 2y ) + 97.0 ) - 94.0 ) ) ) * 6y )
ind: 301
( ( ( 87.0 + 10y ) - ( ( 14.0 * ( 10x - ( 76.0 - 85.0 ) ) ) + 9x ) ) - ( 42.0 + 56.0 ) )
ind: 302
( ( ( 6x - ( 7x + ( ( 41.0 * 26.0 ) + 96.0 ) ) ) - 6x ) + ( ( 52.0 * 5y ) - 3x ) )
ind: 303
( ( 19.0 * ( 8y * ( 3x + 2.0 ) ) ) - ( 4.0 + ( ( ( ( 6x + 97.0 ) * 52.0 ) * ( 8y - 2x ) ) + ( 8.0 - ( ( 7y * 60.0 ) * ( 40.0 - 64.0 ) ) ) ) ) )
ind: 304
( ( 6y * 6x ) - ( 89.0 - 61.0 ) )
ind: 305
( ( ( ( ( 94.0 * 54.0 ) + ( ( 39.0 + 9x ) * ( 9.0 - 4y ) ) ) + ( 2y - 72.0 ) ) + ( 9y * 5y ) ) * 72.0 )
ind: 306
( ( ( ( 28.0 - ( ( 72.0 * 2y ) + 2x ) ) * 80.0 ) * ( 1x - ( 9y - ( ( 7x * 6y ) - 87.0 ) ) ) ) + ( ( 4y - 8y ) * ( 7x - ( ( ( 8y + 39.0 ) + 74.0 ) - 8y ) ) ) )
ind: 307
( 12.0 * ( ( ( ( ( 2y * 64.0 ) - ( 4x * 51.0 ) ) - ( 9y * 8x ) ) - 7y ) * 10x ) )
ind: 308
( ( ( 22.0 * ( ( 9y * ( 10x - 52.0 ) ) - ( ( 73.0 - 2.0 ) + 8x ) ) ) - 5y ) - 86.0 )
ind: 309
( ( 2x * 3x ) * ( ( ( ( ( 8y + 8y ) - ( 4y * 93.0 ) ) + 6x ) * 7x ) * 16.0 ) )
ind: 310
( 4x - ( 7y - 6y ) )
ind: 311
( ( ( 9y - 2.0 ) - ( ( 67.0 * ( ( 9x - 65.0 ) + 2x ) ) + 64.0 ) ) - 96.0 )
ind: 312
( ( ( 26.0 - 44.0 ) * ( ( 1y * ( ( 2.0 - 4x ) * ( 9y + 7y ) ) ) + ( 94.0 + 53.0 ) ) ) * ( ( ( 10x * ( 27.0 - ( 1y + 8x ) ) ) * ( ( 17.0 * 6y ) + ( ( 74.0 - 1x ) * 93.0 ) ) ) * ( 89.0 * 5y ) ) )
ind: 313
( 4x + 10y )
ind: 314
( 4x - ( ( 2y + 8.0 ) - 1x ) )
ind: 315
( ( ( ( ( ( 10x * 99.0 ) * 22.0 ) + ( ( 7x * 87.0 ) * ( 9y + 43.0 ) ) ) * 62.0 ) - ( ( 79.0 * ( 7.0 - 59.0 ) ) * 10.0 ) ) + ( 6y + 2x ) )
ind: 316
( ( ( ( 59.0 * ( 44.0 * 93.0 ) ) * 1y ) - ( 35.0 - ( ( ( 4y + 8.0 ) - ( 10x * 8y ) ) - ( 3x * 8.0 ) ) ) ) - 1x )
ind: 317
( 89.0 - ( ( ( ( 71.0 + ( 3y - 8x ) ) * 7y ) + 8y ) * ( ( ( ( 3x - 26.0 ) - ( 7x + 6x ) ) * ( ( 4y * 19.0 ) * 64.0 ) ) * ( ( ( 18.0 + 50.0 ) + 6x ) + ( ( 5y + 2x ) - 93.0 ) ) ) ) )
ind: 318
( ( ( 4y - 98.0 ) + ( ( ( ( 10x + 5y ) - ( 56.0 * 86.0 ) ) * 5y ) * ( ( 4x + ( 83.0 + 39.0 ) ) - 9.0 ) ) ) - ( 84.0 * 1x ) )
ind: 319
( 1y + ( 44.0 * ( ( 21.0 * ( ( 1x * 4y ) + 6y ) ) + 2.0 ) ) )
ind: 320
( ( 1x + ( 60.0 * ( ( ( 51.0 - 3x ) + ( 8y + 87.0 ) ) + ( 73.0 + ( 6x - 3y ) ) ) ) ) - 65.0 )
ind: 321
( 13.0 * ( ( ( ( 97.0 + 5y ) * ( 88.0 * ( 50.0 - 9y ) ) ) + 5x ) - ( ( ( ( 4.0 + 4x ) * ( 10y + 3x ) ) + ( ( 6x * 79.0 ) - ( 64.0 - 64.0 ) ) ) - ( ( ( 4y - 50.0 ) * ( 4x * 6x ) ) * ( 9y * ( 5.0 * 78.0 ) ) ) ) ) )
ind: 322
( 32.0 * ( ( ( ( ( 9x - 28.0 ) + ( 4y * 5x ) ) * ( 8y * 63.0 ) ) * 9.0 ) - ( ( ( ( 3y - 4x ) - 88.0 ) + ( 93.0 * 3x ) ) - 65.0 ) ) )
ind: 323
( ( ( ( 59.0 * ( ( 74.0 * 68.0 ) + ( 4y * 41.0 ) ) ) * ( ( 7y * ( 10y - 1y ) ) + ( ( 72.0 + 62.0 ) - 33.0 ) ) ) + ( ( ( 2.0 + ( 1x * 23.0 ) ) + 95.0 ) + 46.0 ) ) + 7x )
ind: 324
( ( 13.0 * ( ( ( ( 88.0 * 1x ) + 25.0 ) - 8y ) - 23.0 ) ) * ( 57.0 * ( 72.0 - ( ( ( 77.0 + 42.0 ) * ( 6x * 63.0 ) ) * 31.0 ) ) ) )
ind: 325
( ( 1y + ( 44.0 - ( ( 43.0 * ( 87.0 - 74.0 ) ) + ( 71.0 + 8y ) ) ) ) - ( 8x + ( 2y + 95.0 ) ) )
ind: 326
( ( ( 4x * 8y ) - ( 1x - ( ( 3x - ( 3x * 7x ) ) + ( ( 94.0 + 8y ) + ( 9x - 9y ) ) ) ) ) * ( ( 68.0 - 10y ) * 4y ) )
ind: 327
( 8x + ( ( ( 10y * ( 41.0 * ( 3y + 3x ) ) ) * ( 30.0 * ( 29.0 * 85.0 ) ) ) + 90.0 ) )
ind: 328
( ( ( 8y * ( 6x * ( ( 14.0 * 31.0 ) - 14.0 ) ) ) - 10x ) - ( 9y - ( ( 4x + 59.0 ) - 26.0 ) ) )
ind: 329
( 52.0 + ( ( 56.0 * ( ( 5.0 + ( 21.0 * 3y ) ) - ( ( 10x - 62.0 ) + 27.0 ) ) ) - 5y ) )
ind: 330
( ( 62.0 * ( 5y - ( ( ( 10y * 7x ) - ( 1x - 2x ) ) - 1y ) ) ) * 75.0 )
ind: 331
( 5.0 * ( ( ( 51.0 * 75.0 ) - 33.0 ) * ( ( ( ( 5x - 98.0 ) + ( 7y - 52.0 ) ) + 93.0 ) - 13.0 ) ) )
ind: 332
( 1x + 10y )
ind: 333
( ( ( ( 69.0 - ( ( 88.0 - 5y ) - 85.0 ) ) + ( ( 3x * ( 95.0 - 1x ) ) * ( ( 2x - 55.0 ) + ( 2x * 4y ) ) ) ) - 46.0 ) + ( 3x * ( ( 7x - ( 7y + ( 14.0 * 80.0 ) ) ) * ( 3y * 8x ) ) ) )
ind: 334
( ( 65.0 + ( ( 64.0 * ( ( 8x * 9y ) * ( 5x + 22.0 ) ) ) * 9.0 ) ) * ( 8x + ( 1.0 - ( ( ( 9x - 5x ) - ( 9x + 10y ) ) * ( ( 5y * 14.0 ) * ( 8.0 * 7y ) ) ) ) ) )
ind: 335
( ( 3y - 10x ) * ( 30.0 + ( 10x + 10y ) ) )
ind: 336
( ( ( ( ( ( 65.0 * 41.0 ) + 7y ) * 80.0 ) * ( 6x + ( ( 23.0 - 1x ) + 2.0 ) ) ) + 3y ) * ( ( 9x * ( ( 3x + ( 55.0 * 27.0 ) ) - 96.0 ) ) + ( 3y + ( ( 16.0 + 6x ) + 1.0 ) ) ) )
ind: 337
( 23.0 - ( ( ( 48.0 - ( 77.0 - ( 2x - 10y ) ) ) - 19.0 ) - 70.0 ) )
ind: 338
( ( ( 9y - ( 1.0 * 2x ) ) + 41.0 ) - ( 4x - 71.0 ) )
ind: 339
( ( ( 3y * 89.0 ) * ( ( 10y - ( 10x - ( 7y + 98.0 ) ) ) - 45.0 ) ) - 6y )
ind: 340
( ( 3x * ( 3y + 88.0 ) ) * 54.0 )
ind: 341
( ( 68.0 - 90.0 ) * ( ( 46.0 * ( 7y - 78.0 ) ) - ( 2y * 4x ) ) )
ind: 342
( ( 50.0 + ( 3y - ( ( ( 3x + 10.0 ) * ( 21.0 - 8y ) ) * ( 9x * 78.0 ) ) ) ) + 4x )
ind: 343
( 5x * ( ( ( ( 38.0 - ( 3y - 49.0 ) ) + 8y ) - 8y ) - 7x ) )
ind: 344
( ( 74.0 + ( ( 26.0 + ( 75.0 - 6.0 ) ) + 7x ) ) + ( ( 31.0 - ( ( ( 86.0 * 7x ) * ( 1y * 5y ) ) - 57.0 ) ) - 62.0 ) )
ind: 345
( ( 3y + ( ( ( 14.0 * ( 1.0 * 8x ) ) - 62.0 ) + ( ( 80.0 + ( 4y + 11.0 ) ) * 9x ) ) ) - ( 20.0 - 10x ) )
ind: 346
( ( ( ( 70.0 * 5y ) * 79.0 ) + 1x ) - ( ( ( ( 45.0 * 77.0 ) * 5.0 ) * ( ( ( 73.0 * 5x ) + ( 4y * 55.0 ) ) * ( 28.0 * ( 10y + 11.0 ) ) ) ) * 91.0 ) )
ind: 347
( 7x * ( ( 1y * 9.0 ) + 4x ) )
ind: 348
( 19.0 - ( ( 19.0 + ( 10x - 30.0 ) ) + ( 9y - ( ( 31.0 * ( 74.0 * 32.0 ) ) - ( ( 14.0 - 48.0 ) + ( 9x + 4x ) ) ) ) ) )
ind: 349
( ( 87.0 - ( ( 71.0 - 8x ) + 1x ) ) + ( ( ( 3y * ( ( 12.0 * 10x ) - ( 6x - 3.0 ) ) ) - 8y ) * ( ( 2x + 3x ) - ( ( 60.0 * ( 5x + 30.0 ) ) * 3y ) ) ) )
ind: 350
( ( ( 4y + 2x ) + ( 68.0 + ( 92.0 - ( 7y * 13.0 ) ) ) ) - 2y )
ind: 351
( ( ( ( ( 17.0 * 89.0 ) * ( 73.0 + ( 10y + 78.0 ) ) ) - ( ( ( 4y * 55.0 ) - 52.0 ) * 6x ) ) * 7.0 ) - ( ( ( ( ( 10x - 10x ) + ( 67.0 + 71.0 ) ) * ( 39.0 + 6y ) ) + 7y ) * ( 66.0 - 2y ) ) )
ind: 352
( ( ( ( 99.0 - ( ( 5x + 6x ) + ( 6y + 9y ) ) ) * ( ( ( 9x + 8y ) + 5x ) * 22.0 ) ) * 3x ) * 7x )
ind: 353
( ( 28.0 + 4x ) * ( 9x - ( ( 57.0 - ( ( 6y + 85.0 ) + 10y ) ) * ( ( ( 8x - 42.0 ) + ( 34.0 * 42.0 ) ) + ( 8y - ( 5x + 64.0 ) ) ) ) ) )
ind: 354
( ( ( ( 2y + ( 94.0 - 15.0 ) ) + ( ( 5.0 + ( 100.0 - 77.0 ) ) * ( ( 60.0 * 1y ) + ( 3x + 4x ) ) ) ) * 7x ) - 82.0 )
ind: 355
( 1y * ( 90.0 * ( 57.0 * ( ( 7x - ( 10x + 23.0 ) ) - ( 96.0 + 96.0 ) ) ) ) )
ind: 356
( ( ( ( ( ( 43.0 + 75.0 ) + 2y ) + 3y ) + ( ( 2x * 5y ) * ( 7x - ( 2x + 3x ) ) ) ) - ( ( 5x + ( 6y - ( 4y - 65.0 ) ) ) - 46.0 ) ) - 29.0 )
ind: 357
( ( ( ( ( 88.0 * 70.0 ) - 49.0 ) * ( 6x * 37.0 ) ) + 27.0 ) * ( 6x - ( 5y - 44.0 ) ) )
ind: 358
( 1.0 - ( 8y * ( ( 9y + 9y ) - ( 6y * ( ( 3x * 7x ) - 2x ) ) ) ) )
ind: 359
( 7x - ( ( 10y + 85.0 ) - 55.0 ) )
ind: 360
( ( ( ( 20.0 * ( 10y * ( 70.0 + 33.0 ) ) ) - ( ( 7y * ( 1y + 10x ) ) * 1x ) ) + 6x ) - 9.0 )
ind: 361
( 42.0 * ( 3x - 6y ) )
ind: 362
( ( ( ( 65.0 + ( ( 87.0 * 17.0 ) + 7y ) ) - 7x ) + 1y ) + ( 82.0 * ( ( ( 7y * 15.0 ) * ( ( 5y + 77.0 ) + 50.0 ) ) * 10x ) ) )
ind: 363
( 6y + 3x )
ind: 364
( 5y - 3x )
ind: 365
( ( ( 52.0 * 57.0 ) - ( ( ( ( 3x * 5y ) - ( 35.0 + 5.0 ) ) + ( ( 45.0 - 58.0 ) * ( 5x - 27.0 ) ) ) + 8x ) ) - 6.0 )
ind: 366
( 97.0 * ( ( ( ( 12.0 * ( 9x + 8x ) ) - ( 1x + 9x ) ) + ( ( 8x - 7.0 ) + 64.0 ) ) + ( ( 61.0 * ( ( 82.0 * 7y ) + ( 9x - 25.0 ) ) ) + ( ( 49.0 * ( 100.0 + 4x ) ) - ( 6y * ( 8x - 10y ) ) ) ) ) )
ind: 367
( ( ( ( ( 4x - ( 5x * 48.0 ) ) + ( 6x * ( 4y + 7x ) ) ) - ( ( 43.0 + 50.0 ) * ( 24.0 + 94.0 ) ) ) * 64.0 ) - ( ( ( 54.0 - ( 10x + 57.0 ) ) + ( ( 7y * ( 4y - 3y ) ) + 2x ) ) - 4x ) )
ind: 368
( 100.0 * ( ( ( 5x * ( 5y - ( 22.0 * 10y ) ) ) * 5x ) + ( ( ( ( 8x * 68.0 ) * 4y ) * ( 97.0 * 3y ) ) * ( ( 8x - 66.0 ) - 3x ) ) ) )
ind: 369
( 2y - ( ( ( ( ( 80.0 + 4x ) * ( 10y + 6x ) ) - ( ( 98.0 - 10x ) * ( 67.0 + 2x ) ) ) * 9y ) - 3x ) )
ind: 370
( 10x * ( ( 2y * ( ( ( 19.0 * 5x ) * 10y ) - ( 9.0 + ( 10x + 8x ) ) ) ) - ( ( ( ( 3y - 42.0 ) * 100.0 ) * 56.0 ) + 1y ) ) )
ind: 371
( 5x * ( ( ( ( 10x - 4y ) * 86.0 ) - 6y ) * 9x ) )
ind: 372
( ( 3y - ( ( 78.0 + 4y ) - ( 6y * ( 5x - 7y ) ) ) ) * ( 68.0 - 5y ) )
ind: 373
( ( 3y * 74.0 ) - ( ( ( ( 8x - ( 1x - 17.0 ) ) - ( ( 8y * 12.0 ) - 1x ) ) - ( ( 94.0 * 8x ) + ( 10.0 * ( 4x * 86.0 ) ) ) ) - ( 89.0 * 36.0 ) ) )
ind: 374
( ( ( 54.0 * 74.0 ) + ( ( ( ( 51.0 - 7y ) * 33.0 ) - ( ( 7x * 15.0 ) + ( 8x - 1x ) ) ) * ( 5y * 1y ) ) ) * ( ( ( ( 74.0 * ( 11.0 - 23.0 ) ) - 47.0 ) - ( 7y - 10y ) ) + ( 5y - ( 5y * 14.0 ) ) ) )
ind: 375
( ( 30.0 + ( 7x + 9x ) ) * ( ( 3y * 9x ) + 2y ) )
ind: 376
( 10x + ( ( ( 8x - 5y ) + ( 35.0 * 13.0 ) ) - ( ( 75.0 + ( 94.0 - 5y ) ) - 76.0 ) ) )
ind: 377
( ( 10y - ( 3y - ( ( ( 98.0 - 92.0 ) * ( 3y + 23.0 ) ) * ( ( 11.0 - 10.0 ) + ( 49.0 - 4x ) ) ) ) ) - ( 78.0 * ( ( ( 7y + 71.0 ) + 5x ) * 18.0 ) ) )
ind: 378
( 87.0 * ( ( 9y - 3y ) - 6x ) )
ind: 379
( 5x + ( ( ( 61.0 * ( ( 92.0 - 56.0 ) - 77.0 ) ) + ( 11.0 + ( 63.0 * 18.0 ) ) ) - 7y ) )
ind: 380
( 4y * 2x )
ind: 381
( 1x * ( 73.0 * 5y ) )
ind: 382
( 1.0 * ( ( ( ( 2x - 3y ) * ( 4x * 1x ) ) - 1x ) + ( 5x * ( 35.0 * 1y ) ) ) )
ind: 383
( ( 1y * ( 74.0 * 75.0 ) ) * 10x )
ind: 384
( ( ( 7y - ( 71.0 + ( ( 7y + 10x ) + ( 4x - 10x ) ) ) ) - ( ( ( 10y + ( 4x - 2.0 ) ) - 1x ) - ( 6.0 - 1x ) ) ) + ( ( 94.0 - 8y ) * ( 7.0 - 83.0 ) ) )
ind: 385
( ( ( ( ( ( 3.0 - 73.0 ) * 5.0 ) + ( ( 7x - 3x ) - 10y ) ) + 59.0 ) + ( 26.0 - 60.0 ) ) * ( 82.0 + ( ( 28.0 - ( 6x + 9x ) ) * 8x ) ) )
ind: 386
( ( 27.0 * 10.0 ) - ( ( 9x - ( 96.0 + ( 3y - 52.0 ) ) ) - ( ( ( ( 9y + 2y ) + ( 2y * 9x ) ) + ( 7x * 49.0 ) ) - ( ( ( 8x + 7y ) * 20.0 ) - 10x ) ) ) )
ind: 387
( 6x * 5y )
ind: 388
( 8.0 * ( ( ( ( 3x - 44.0 ) - ( ( 39.0 * 22.0 ) - 10y ) ) + ( ( ( 15.0 + 1x ) * ( 98.0 + 80.0 ) ) - 46.0 ) ) - 50.0 ) )
ind: 389
( ( 93.0 + 91.0 ) - ( ( ( 17.0 * ( ( 85.0 - 8.0 ) + ( 4y * 7x ) ) ) * 27.0 ) * ( 7x - 1y ) ) )
ind: 390
( ( 53.0 - 10x ) - 3y )
ind: 391
( ( ( ( 10y + 27.0 ) + 7y ) * ( ( 83.0 + 3x ) + 44.0 ) ) * 10y )
ind: 392
( ( 39.0 + ( ( 4y - ( ( 84.0 + 4.0 ) - 91.0 ) ) * ( 72.0 + ( 4y + 4x ) ) ) ) + 22.0 )
ind: 393
( ( 9y * ( 74.0 + 5x ) ) - ( ( ( ( 2x - 6y ) - ( 1y * ( 6x - 1y ) ) ) - 4y ) * ( 20.0 * 30.0 ) ) )
ind: 394
( ( ( ( 1x + ( ( 3x + 44.0 ) * 32.0 ) ) * ( ( ( 3x - 4x ) - ( 31.0 - 7y ) ) * ( ( 4y + 3x ) - ( 21.0 + 4.0 ) ) ) ) * ( 21.0 * ( ( ( 31.0 - 6y ) - 3x ) + 5x ) ) ) * ( 84.0 * 2x ) )
ind: 395
( ( 46.0 * ( ( ( ( 36.0 + 1x ) - 94.0 ) * ( 59.0 * ( 29.0 * 10x ) ) ) + ( 9x - ( 3x + ( 85.0 * 7x ) ) ) ) ) * ( ( 6.0 * ( 1x * ( ( 21.0 + 3x ) * ( 47.0 + 53.0 ) ) ) ) * ( ( 77.0 + ( 9y + ( 5x + 3y ) ) ) - ( ( ( 4y * 92.0 ) * 59.0 ) * 85.0 ) ) ) )
ind: 396
( ( 1x + ( 25.0 - 74.0 ) ) - ( 5y * ( 16.0 * ( 10x - 85.0 ) ) ) )
ind: 397
( 9y - ( 9x * 2y ) )
ind: 398
( ( ( 68.0 - ( ( 48.0 * 9x ) + 2y ) ) + ( 10x - ( ( 17.0 - ( 98.0 + 97.0 ) ) + 68.0 ) ) ) * ( ( ( ( 3y * ( 9x + 19.0 ) ) - 3x ) - ( ( 9x * ( 9x * 79.0 ) ) + ( 4y - 99.0 ) ) ) + ( 1.0 * 98.0 ) ) )
ind: 399
( ( 21.0 + 10y ) - ( 3y - 5x ) )
ind: 400
( ( 8y * 16.0 ) - ( ( 7y * ( 6y * 2y ) ) - ( ( ( ( 62.0 * 9.0 ) * ( 23.0 + 2x ) ) - 9x ) - 1x ) ) )
ind: 401
( 5y + ( ( ( ( 3x - 88.0 ) * ( ( 86.0 * 74.0 ) * ( 4x * 6x ) ) ) * ( ( ( 9y * 83.0 ) - ( 72.0 - 31.0 ) ) + 3x ) ) + ( ( ( ( 83.0 * 33.0 ) - ( 10x + 4y ) ) * 2y ) * ( 62.0 * ( ( 95.0 + 2x ) - ( 55.0 + 5y ) ) ) ) ) )
ind: 402
( ( ( ( 18.0 + ( ( 57.0 - 9y ) + 3y ) ) + 2x ) - 7.0 ) * ( 87.0 * ( 15.0 - ( ( 44.0 - 54.0 ) * 56.0 ) ) ) )
ind: 403
( ( ( ( ( ( 79.0 - 1y ) * ( 7.0 * 24.0 ) ) - ( ( 4y * 4y ) * 58.0 ) ) + ( 7x * 91.0 ) ) - 3x ) - ( ( ( 18.0 * ( 1y + ( 15.0 * 56.0 ) ) ) - ( ( 6x * ( 8y + 42.0 ) ) + 84.0 ) ) + 3y ) )
ind: 404
( 2y + 1x )
ind: 405
( 7y - ( ( ( ( ( 4y * 75.0 ) - ( 2x + 3x ) ) * 4x ) - 94.0 ) - 6x ) )
ind: 406
( 10x - ( 2y + 9y ) )
ind: 407
( ( ( 98.0 * ( ( ( 29.0 * 7y ) * ( 10y + 2x ) ) * ( 2.0 + ( 8.0 - 6x ) ) ) ) * ( ( ( 12.0 + ( 5y + 1x ) ) * 60.0 ) - 61.0 ) ) - ( ( ( ( ( 17.0 * 6y ) + 25.0 ) - 5y ) * ( 5x * ( 5x - ( 7y + 80.0 ) ) ) ) * ( 66.0 - ( ( 2y + 9y ) + 38.0 ) ) ) )
ind: 408
( 56.0 + ( ( 5y + 9x ) * 16.0 ) )
ind: 409
( ( 7x + ( ( 69.0 + ( ( 67.0 + 98.0 ) + ( 2y * 7y ) ) ) + 10x ) ) + 7y )
ind: 410
( ( ( ( ( ( 5y - 11.0 ) + ( 67.0 * 2y ) ) * ( 7x * 4.0 ) ) * ( ( 6y + ( 8x - 54.0 ) ) - 5y ) ) - 8y ) + ( 41.0 * 64.0 ) )
ind: 411
( ( ( 7y * ( ( ( 24.0 - 87.0 ) - 30.0 ) * 2x ) ) + 9y ) + ( 97.0 + ( 3.0 - ( ( ( 2y - 43.0 ) + 41.0 ) * 31.0 ) ) ) )
ind: 412
( 10y * ( 85.0 + 3x ) )
ind: 413
( ( ( ( 5y * ( ( 4y + 7y ) + ( 65.0 * 6x ) ) ) - ( ( ( 7y + 76.0 ) - ( 8y - 7y ) ) + 90.0 ) ) - ( 92.0 + ( ( ( 76.0 + 7.0 ) * ( 87.0 * 1.0 ) ) + ( ( 67.0 + 1y ) - ( 8y - 58.0 ) ) ) ) ) * 6.0 )
ind: 414
( ( 24.0 * ( ( ( ( 77.0 + 3x ) * ( 10x * 31.0 ) ) - ( ( 4x + 4y ) - 100.0 ) ) - 7x ) ) + ( 2x * ( 10y * 4y ) ) )
ind: 415
( 81.0 - ( ( 4y - ( ( 10y - 31.0 ) - ( 9y + ( 7y - 4x ) ) ) ) - 42.0 ) )
ind: 416
( ( ( ( ( ( 86.0 * 41.0 ) - ( 10x - 4x ) ) - 96.0 ) - 1x ) * 1y ) - ( 23.0 * ( 5y + ( 1x * ( ( 4x + 9x ) * 40.0 ) ) ) ) )
ind: 417
( ( 11.0 + ( ( 4y + 88.0 ) * 1x ) ) - ( 82.0 * 18.0 ) )
ind: 418
( ( 5y - ( 8.0 * 44.0 ) ) + 4x )
ind: 419
( ( 68.0 + ( ( ( 92.0 + 89.0 ) * ( 15.0 + 1y ) ) + 3x ) ) + 70.0 )
ind: 420
( 9x * 10y )
ind: 421
( ( ( ( 34.0 * ( 6.0 - 9x ) ) - 6y ) * 85.0 ) * 10y )
ind: 422
( ( ( 6y * ( ( ( 9.0 + 71.0 ) - 9y ) - 4y ) ) * ( ( ( ( 6y * 1y ) + ( 44.0 - 33.0 ) ) * ( ( 2x + 1x ) * ( 4x * 77.0 ) ) ) + ( 82.0 * ( ( 78.0 - 2y ) * ( 3y + 8x ) ) ) ) ) + ( ( 1x - ( ( 7y - 21.0 ) * 3y ) ) - 38.0 ) )
ind: 423
( ( ( ( ( ( 4x - 66.0 ) - ( 57.0 - 1x ) ) * ( 3x - ( 29.0 * 6y ) ) ) - ( ( 10.0 + ( 73.0 - 34.0 ) ) - 7.0 ) ) * 84.0 ) * 53.0 )
ind: 424
( 62.0 * ( ( 55.0 - ( 1y + 55.0 ) ) * ( ( ( 1x * ( 10x + 69.0 ) ) * 9y ) + ( 10x * 84.0 ) ) ) )
ind: 425
( 7y - ( ( ( ( ( 4x * 64.0 ) * 39.0 ) + 47.0 ) - 85.0 ) + ( 8y - 4y ) ) )
ind: 426
( 7x - 3y )
ind: 427
( 3y * ( ( ( ( 25.0 - 38.0 ) - ( ( 42.0 * 4y ) * ( 8x + 10y ) ) ) + ( ( ( 2x + 94.0 ) * ( 2y * 67.0 ) ) - ( ( 93.0 - 26.0 ) * 31.0 ) ) ) * ( ( ( ( 22.0 - 87.0 ) + ( 24.0 - 1y ) ) + 57.0 ) + 1.0 ) ) )
ind: 428
( 1y + ( 3x + 9.0 ) )
ind: 429
( 9y - 6x )
ind: 430
( ( ( ( 97.0 - 8x ) * ( 5x - ( ( 9y - 9.0 ) + ( 10x * 22.0 ) ) ) ) + 7x ) * ( ( 2y - 19.0 ) + ( 5x - ( 10y * 95.0 ) ) ) )
ind: 431
( ( ( ( ( 8x - ( 8x + 2y ) ) * ( ( 72.0 * 3x ) - ( 2y - 67.0 ) ) ) - ( ( ( 20.0 + 90.0 ) + ( 9y - 10y ) ) + ( ( 92.0 - 34.0 ) - ( 14.0 + 1x ) ) ) ) - 9y ) - ( ( 59.0 * 8x ) + ( ( 82.0 * 82.0 ) * ( 68.0 + ( 2x - 2x ) ) ) ) )
ind: 432
( ( 5x + 6y ) - 8x )
ind: 433
( 1y - 3x )
ind: 434
( ( ( 5y - ( ( ( 15.0 * 9y ) - 2x ) * ( ( 64.0 + 4x ) + ( 80.0 * 36.0 ) ) ) ) * 5x ) - ( ( 8x + 88.0 ) * ( 7x + ( 24.0 * 1x ) ) ) )
ind: 435
( 8y + ( ( 2y + 50.0 ) * ( 6x * 64.0 ) ) )
ind: 436
( ( ( ( 3x * 3y ) - ( ( ( 67.0 * 3y ) + ( 5x * 89.0 ) ) * 8y ) ) + 77.0 ) * 6x )
ind: 437
( ( ( 7y - 8y ) + ( 9y + 4y ) ) * ( 3y * ( ( 8x * 10.0 ) + 3y ) ) )
ind: 438
( ( ( ( 36.0 - ( ( 96.0 + 7y ) + 5x ) ) + ( ( ( 6x * 8.0 ) - ( 55.0 * 9y ) ) - 7x ) ) * ( ( ( ( 3y + 2x ) * 2y ) - 7y ) * 8x ) ) * 92.0 )
ind: 439
( ( ( ( 10x + ( 15.0 + ( 9y + 44.0 ) ) ) + 2y ) + ( ( ( 74.0 - ( 36.0 * 10y ) ) * ( 8y - ( 1.0 + 2y ) ) ) - ( 88.0 - ( ( 87.0 * 5y ) + ( 26.0 + 82.0 ) ) ) ) ) * ( 88.0 * ( ( 92.0 + ( 74.0 * 2y ) ) * ( 7y + 41.0 ) ) ) )
ind: 440
( ( ( ( ( ( 1x + 1x ) - 8x ) * 44.0 ) + 86.0 ) - ( 4x - ( ( 9x * ( 14.0 * 51.0 ) ) + 5y ) ) ) * ( 2x + 78.0 ) )
ind: 441
( 1y - 8x )
ind: 442
( ( ( 6x * 50.0 ) + ( 7x - 10y ) ) * ( ( ( 98.0 - ( ( 9y - 88.0 ) - ( 8y + 5y ) ) ) - 4x ) - 4x ) )
ind: 443
( ( 13.0 - ( 6x * 2y ) ) * 3x )
ind: 444
( ( 6.0 + ( ( ( ( 26.0 * 2x ) + 81.0 ) - 99.0 ) + ( 8.0 * 4y ) ) ) * 2x )
ind: 445
( ( 7x + ( ( ( 38.0 + 2y ) * 94.0 ) * ( 83.0 - 27.0 ) ) ) * ( 56.0 + 10y ) )
ind: 446
( 7x - 8y )
ind: 447
( ( ( 3.0 * ( 79.0 * ( ( 60.0 + 64.0 ) - 33.0 ) ) ) + ( 7y - 3y ) ) + 5x )
ind: 448
( ( ( 7y + ( ( ( 5y - 2y ) + ( 65.0 * 33.0 ) ) - ( ( 38.0 - 1y ) + 71.0 ) ) ) - 63.0 ) - ( 5y * ( 9x + ( ( 6y + 61.0 ) - ( ( 17.0 - 93.0 ) - ( 10x - 73.0 ) ) ) ) ) )
ind: 449
( ( 10y - 8x ) * ( 93.0 - 8x ) )
ind: 450
( ( ( ( 29.0 + ( ( 98.0 + 1y ) * 33.0 ) ) - 61.0 ) + 3x ) + 55.0 )
ind: 451
( 1y + ( 5x - ( ( 17.0 + ( 4x + 6.0 ) ) * ( 75.0 - 93.0 ) ) ) )
ind: 452
( 1y + 9x )
ind: 453
( ( ( ( 1.0 * ( 49.0 * ( 1x - 15.0 ) ) ) * ( ( 8x + ( 78.0 + 16.0 ) ) * ( 94.0 - ( 9y - 2x ) ) ) ) - 63.0 ) - 43.0 )
ind: 454
( ( 8x * ( 4x * ( 8x + 3x ) ) ) * ( ( ( ( 51.0 - 2x ) + 62.0 ) - 46.0 ) - ( ( ( 9y + 28.0 ) - ( 66.0 * ( 1x - 17.0 ) ) ) - ( ( ( 67.0 * 4y ) - 7x ) * ( ( 1.0 + 2y ) - 7y ) ) ) ) )
ind: 455
( ( 1x - 44.0 ) * 4y )
ind: 456
( ( 8y * ( ( ( ( 74.0 - 57.0 ) - 4x ) * ( 46.0 * 1y ) ) * 12.0 ) ) * ( ( 7x + 4x ) * 7y ) )
ind: 457
( ( 21.0 - 76.0 ) + ( ( ( ( ( 5y + 8y ) * ( 86.0 * 9y ) ) + ( 28.0 - ( 7y + 69.0 ) ) ) - ( 21.0 - ( ( 5x - 4x ) + ( 11.0 + 10y ) ) ) ) + 76.0 ) )
ind: 458
( 2x - ( 69.0 * 10y ) )
ind: 459
( ( ( ( ( 92.0 * ( 30.0 - 37.0 ) ) - 83.0 ) - ( ( ( 6x * 61.0 ) - ( 86.0 * 1x ) ) * 83.0 ) ) * 10x ) + ( 16.0 * ( ( 4y + ( 93.0 + ( 93.0 + 9y ) ) ) + 3x ) ) )
ind: 460
( ( ( 1x + ( ( ( 1x * 8y ) * ( 6x + 49.0 ) ) * ( ( 5x + 5y ) + 53.0 ) ) ) - ( 49.0 - ( ( 9x + ( 49.0 + 7y ) ) - ( ( 4y * 77.0 ) - ( 7y + 72.0 ) ) ) ) ) * 9y )
ind: 461
( 5y + ( 10y + ( ( 4x + 56.0 ) + 9x ) ) )
ind: 462
( 27.0 - ( ( 4y * 3x ) * 39.0 ) )
ind: 463
( ( 31.0 - ( 4x - ( ( 2x + ( 6x - 1y ) ) - 8x ) ) ) * 8x )
ind: 464
( ( 2x - ( 3x - 4x ) ) - ( 2x + ( ( ( 2x + ( 91.0 - 24.0 ) ) - ( ( 4y * 30.0 ) - ( 1y - 4y ) ) ) + 66.0 ) ) )
ind: 465
( ( ( 6x * ( 7y * ( ( 77.0 * 3x ) * ( 4x + 8x ) ) ) ) + ( 4y - ( ( ( 10x - 6y ) * ( 64.0 * 20.0 ) ) * ( 91.0 + 2y ) ) ) ) + ( ( ( ( ( 39.0 * 6y ) * ( 2x + 23.0 ) ) - 85.0 ) - 58.0 ) + ( ( 61.0 * 4x ) * 93.0 ) ) )
ind: 466
( 27.0 + ( ( ( ( 17.0 * ( 5x + 21.0 ) ) * ( 1.0 - ( 29.0 - 17.0 ) ) ) - ( ( ( 9x - 5x ) + ( 3y + 9x ) ) + ( ( 10x + 3y ) - ( 52.0 + 4y ) ) ) ) + ( ( 7y + 1x ) - 23.0 ) ) )
ind: 467
( 73.0 + ( ( ( ( 10y - ( 7x + 8y ) ) + ( 94.0 * ( 3x * 1x ) ) ) - ( ( 1y - 4x ) * ( ( 8y - 9x ) - ( 6x + 4x ) ) ) ) - ( ( 35.0 * ( ( 88.0 + 7x ) + 51.0 ) ) + 10x ) ) )
ind: 468
( ( 1x + ( ( 4y + 32.0 ) - 26.0 ) ) - 97.0 )
ind: 469
( ( ( 9x - ( 7y - 7x ) ) + ( ( ( ( 1y * 17.0 ) + 8x ) * ( 1y - ( 2y - 65.0 ) ) ) - 13.0 ) ) + ( ( ( ( ( 1y + 9x ) - ( 55.0 * 19.0 ) ) * 30.0 ) * ( ( 10x * 98.0 ) + 84.0 ) ) - ( 1.0 + 25.0 ) ) )
ind: 470
( 5y * 2x )
ind: 471
( ( ( 89.0 - ( ( 1x + ( 89.0 - 1x ) ) + ( 9y * ( 52.0 - 28.0 ) ) ) ) - ( 99.0 * ( ( 81.0 + ( 1y + 92.0 ) ) - 7x ) ) ) - 5x )
ind: 472
( 22.0 * ( 2x - ( 8y + ( 9x + 5y ) ) ) )
ind: 473
( ( ( ( ( ( 6y * 89.0 ) - ( 1x * 37.0 ) ) * 8.0 ) - 62.0 ) * ( 12.0 - 70.0 ) ) + 2y )
ind: 474
( ( 43.0 - ( ( 7.0 - 7y ) * 6x ) ) * ( ( 39.0 - 17.0 ) + 3x ) )
ind: 475
( ( ( ( ( 7x - ( 4x * 82.0 ) ) * ( 35.0 * 74.0 ) ) + ( 84.0 - 27.0 ) ) + ( ( ( 50.0 * ( 68.0 + 1x ) ) - ( ( 66.0 + 4y ) + ( 96.0 - 48.0 ) ) ) + 31.0 ) ) - 3y )
ind: 476
( ( 3x - ( 35.0 + 16.0 ) ) + ( ( 68.0 * ( ( ( 7y - 67.0 ) + 2y ) + 52.0 ) ) * 29.0 ) )
ind: 477
( ( 8x + 61.0 ) * 2y )
ind: 478
( 5x + ( ( ( 5y + 80.0 ) * ( 6.0 * ( 74.0 - ( 95.0 * 42.0 ) ) ) ) * 5x ) )
ind: 479
( ( 57.0 - 5y ) - ( 20.0 * ( 18.0 - ( ( 1.0 + ( 5y + 25.0 ) ) + 8x ) ) ) )
ind: 480
( ( 1x + ( 5.0 + ( 55.0 + ( 19.0 - 7y ) ) ) ) + 50.0 )
ind: 481
( 86.0 + ( 5x + 5y ) )
ind: 482
( 2x * 8y )
ind: 483
( ( 2y * 35.0 ) + ( 97.0 * 10x ) )
ind: 484
( 7x * ( 7y * 6y ) )
ind: 485
( ( 73.0 + 80.0 ) * ( ( ( 5x + ( ( 7y - 3x ) + 6x ) ) + ( 1y * 8y ) ) + ( ( ( ( 61.0 - 59.0 ) * 37.0 ) * ( 8x - 51.0 ) ) * ( 4x * ( ( 40.0 - 1y ) * 2x ) ) ) ) )
ind: 486
( ( 99.0 * ( ( ( ( 9y * 64.0 ) - ( 8x - 2.0 ) ) - ( 10.0 + 9y ) ) + 5x ) ) - 3x )
ind: 487
( 8y + 9x )
ind: 488
( 5y - ( 34.0 - ( 69.0 - ( ( 9x + 35.0 ) + 99.0 ) ) ) )
ind: 489
( ( 3x - ( ( ( ( 1x * 83.0 ) - ( 35.0 + 44.0 ) ) - ( 9x * ( 4x + 70.0 ) ) ) - ( 50.0 + 5y ) ) ) - ( 57.0 * 8x ) )
ind: 490
( ( ( 9x + 1y ) * 59.0 ) * ( 63.0 + ( ( 7y + ( ( 9y - 4y ) - 5x ) ) * ( ( 66.0 * 26.0 ) - 10x ) ) ) )
ind: 491
( 1y + ( 64.0 + ( ( ( ( 4x * 41.0 ) - ( 4y - 6x ) ) + ( ( 1y + 18.0 ) * ( 10x + 54.0 ) ) ) - ( 2y - 9y ) ) ) )
ind: 492
( ( ( 85.0 * 69.0 ) * ( ( ( ( 13.0 * 4y ) - ( 8y + 42.0 ) ) - 68.0 ) * ( 11.0 * ( ( 9x - 43.0 ) + ( 99.0 * 54.0 ) ) ) ) ) - 10y )
ind: 493
( ( 4x - 2x ) + ( 72.0 + ( 53.0 - 4y ) ) )
ind: 494
( ( 4.0 + ( 6y * 10y ) ) - ( 97.0 + ( 7y + ( ( ( 74.0 * 76.0 ) + ( 7x * 7y ) ) * 22.0 ) ) ) )
ind: 495
( 3x - ( ( 93.0 * 74.0 ) * 6y ) )
ind: 496
( ( ( ( ( ( 10y + 8x ) - ( 5x + 80.0 ) ) * ( ( 9y - 52.0 ) - ( 85.0 - 7y ) ) ) + ( 1x - 1y ) ) * ( ( 23.0 - ( 65.0 + 69.0 ) ) - 19.0 ) ) - ( 1y + ( ( ( ( 3y + 7.0 ) + 2x ) - ( 77.0 * ( 5x * 58.0 ) ) ) * ( 5y + 1y ) ) ) )
ind: 497
( ( ( 10x - ( 34.0 - ( 96.0 - 54.0 ) ) ) + ( 10x + 45.0 ) ) - ( 9y + 8y ) )
ind: 498
( ( 1x - ( 11.0 * ( ( ( 58.0 * 7x ) * ( 82.0 - 6y ) ) * 90.0 ) ) ) - ( ( ( ( ( 7.0 - 5y ) * ( 32.0 * 9x ) ) - 7x ) + 3x ) * 70.0 ) )
ind: 499
( ( ( ( ( 85.0 + ( 43.0 - 1y ) ) * 19.0 ) + ( ( ( 34.0 + 58.0 ) + ( 34.0 + 97.0 ) ) - ( 4y + ( 1y - 10x ) ) ) ) - ( ( 5x + 15.0 ) - ( ( ( 32.0 * 4y ) + 1y ) - ( 55.0 * ( 15.0 * 2x ) ) ) ) ) + ( 3x - 31.0 ) )
ind: 500
( 2.0 - ( 6y + 10x ) )
Best Ind: ( ( ( 3y * ( ( 21.0 * ( 30.0 * 6y ) ) + ( ( 2x - 56.0 ) * ( 9x - 5x ) ) ) ) + 2x ) - 1x )
Fitness = 13.02
Worst Ind: ( ( 46.0 * ( ( ( ( 36.0 + 1x ) - 94.0 ) * ( 59.0 * ( 29.0 * 10x ) ) ) + ( 9x - ( 3x + ( 85.0 * 7x ) ) ) ) ) * ( ( 6.0 * ( 1x * ( ( 21.0 + 3x ) * ( 47.0 + 53.0 ) ) ) ) * ( ( 77.0 + ( 9y + ( 5x + 3y ) ) ) - ( ( ( 4y * 92.0 ) * 59.0 ) * 85.0 ) ) ) )
Fitness = 3.58150176354e+18
Avg Fitness = 7.16337873626e+15
Duplicated = 2
============================================================================
Evaluate Gen  1
New Population 698
Better than Dads 62
Best Ind: ( ( ( 3y * ( ( 21.0 * ( 30.0 * 6y ) ) + ( ( 2x - 56.0 ) * ( 9x - 5x ) ) ) ) + 2x ) - 1x )
Fitness = 13.02
Worst Ind: ( ( ( ( ( 17.0 * 89.0 ) * ( 73.0 + ( 10y + 78.0 ) ) ) - ( ( ( 4y * 55.0 ) - 52.0 ) * 6y ) ) * 7.0 ) - ( ( ( ( ( 10x - 10x ) + ( 67.0 + 71.0 ) ) * ( 39.0 + 6y ) ) + 7y ) * ( 66.0 - 2y ) ) )
Fitness = 249209.737196
Avg Fitness = 25548.2113471
Duplicated = 5
============================================================================
Evaluate Gen  2
New Population 681
Better than Dads 52
Best Ind: ( ( ( 3y * ( ( 21.0 * ( 30.0 * 6y ) ) + ( ( 2x - 56.0 ) * ( 9x - 5x ) ) ) ) + 2x ) - 1x )
Fitness = 13.02
Worst Ind: ( 66.0 + ( ( 55.0 - ( 14.0 + 5y ) ) + ( 10.0 + ( 99.0 - ( ( 71.0 - 10y ) * ( 86.0 * 3x ) ) ) ) ) )
Fitness = 19371.4587859
Avg Fitness = 3341.63600416
Duplicated = 18
============================================================================
Evaluate Gen  3
New Population 678
Better than Dads 49
Best Ind: ( ( ( 3y * ( ( 21.0 * ( 30.0 * 6y ) ) + ( ( 2x - 56.0 ) * ( 9x - 5x ) ) ) ) + 2x ) - 1x )
Fitness = 13.02
Worst Ind: ( ( ( 54.0 - ( ( ( 42.0 * 40.0 ) - ( 59.0 * 1.0 ) ) - ( 95.0 - ( 77.0 * 48.0 ) ) ) ) - 95.0 ) + ( 7y + 1x ) )
Fitness = 4758.49555014
Avg Fitness = 1507.90596669
Duplicated = 24
============================================================================
Evaluate Gen  4
New Population 699
Better than Dads 55
Best Ind: ( ( ( 3y * ( ( 21.0 * ( 30.0 * 6y ) ) + ( ( 2x - 56.0 ) * ( 9x - 5x ) ) ) ) + 2x ) - 1x )
Fitness = 13.02
Worst Ind: ( 9y - ( ( ( 8y - 8.0 ) - ( ( ( 5y * 2x ) * 1x ) + ( 8x - ( 3y + 73.0 ) ) ) ) - 57.0 ) )
Fitness = 2850.0
Avg Fitness = 806.373302689
Duplicated = 28
============================================================================
Evaluate Gen  5
New Population 679
Better than Dads 50
Best Ind: ( ( ( 3y * ( ( 21.0 * ( 30.0 * 6y ) ) + ( ( 2x - 56.0 ) * ( 9x - 5x ) ) ) ) + 2x ) - 1x )
Fitness = 13.02
Worst Ind: ( ( ( 85.0 + ( ( ( 53.0 + 1y ) + ( 3x + 41.0 ) ) * 26.0 ) ) + 2.0 ) - ( 38.0 * ( ( ( 8x * 68.0 ) * 4y ) - 3x ) ) )
Fitness = 1484.28
Avg Fitness = 389.490547753
Duplicated = 31
============================================================================
Evaluate Gen  6
New Population 703
Better than Dads 68
Best Ind: ( ( ( 3y * ( ( 21.0 * ( 30.0 * 6y ) ) + ( ( 2x - 56.0 ) * ( 9x - 5x ) ) ) ) + 2x ) - 1x )
Fitness = 13.02
Worst Ind: ( ( ( ( 4x - 2x ) + ( 72.0 + ( ( 34.0 - 5x ) - 4y ) ) ) * 63.0 ) - ( 3x * 12.0 ) )
Fitness = 468.72
Avg Fitness = 186.842716885
Duplicated = 41
============================================================================
Evaluate Gen  7
New Population 694
Better than Dads 46
Best Ind: ( ( ( 3y * ( ( 21.0 * ( 30.0 * 6y ) ) + ( ( 2x - 56.0 ) * ( 9x - 5x ) ) ) ) + 2x ) - 1x )
Fitness = 13.02
Worst Ind: ( 3x + 10y )
Fitness = 268.375188347
Avg Fitness = 136.416202107
Duplicated = 42
============================================================================
Evaluate Gen  8
New Population 718
Better than Dads 53
Best Ind: ( 3y - ( ( ( 8y - 1y ) * 2x ) * 1.0 ) )
Fitness = 11.5241233389
Worst Ind: ( ( 1x - 8y ) - 8y )
Fitness = 183.452150678
Avg Fitness = 107.851654973
Duplicated = 42
============================================================================
Evaluate Gen  9
New Population 703
Better than Dads 52
Best Ind: ( 3y - ( ( ( 8y - 1y ) * 2x ) * 1.0 ) )
Fitness = 11.5241233389
Worst Ind: ( 4y * ( ( ( 2y * ( 9.0 - ( 3x * 2x ) ) ) - 7y ) - 6x ) )
Fitness = 138.289480067
Avg Fitness = 91.6651682569
Duplicated = 53
============================================================================
Evaluate Gen  10
New Population 710
Better than Dads 49
Best Ind: ( 3y - ( ( ( 8y - 1y ) * 2x ) * 1.0 ) )
Fitness = 11.5241233389
Worst Ind: ( ( 3y * 9.0 ) - ( ( 9y * ( 99.0 - ( ( 8.0 + 9y ) * 85.0 ) ) ) - ( ( 1x + 2y ) + 3y ) ) )
Fitness = 127.677594174
Avg Fitness = 79.7155288904
Duplicated = 67
============================================================================
Evaluate Gen  11
New Population 714
Better than Dads 52
Best Ind: ( 3y - ( ( ( 8y - 1y ) * 2x ) * 1.0 ) )
Fitness = 11.5241233389
Worst Ind: ( ( 3y + ( ( 6x - 62.0 ) + ( ( 80.0 + ( 4y + 11.0 ) ) * 9x ) ) ) - ( 2x - 8x ) )
Fitness = 104.16
Avg Fitness = 70.0828063203
Duplicated = 88
============================================================================
Evaluate Gen  12
New Population 721
Better than Dads 56
Best Ind: ( 3y - ( ( ( 8y - 1y ) * 2x ) * 1.0 ) )
Fitness = 11.5241233389
Worst Ind: ( ( ( ( 38.0 - ( 3y - 49.0 ) ) + ( ( ( 9y - 6x ) + 3x ) - 6y ) ) - 8y ) - 7x )
Fitness = 91.14
Avg Fitness = 62.2576794315
Duplicated = 81
============================================================================
Evaluate Gen  13
New Population 692
Better than Dads 51
Best Ind: ( 3y - ( ( ( 8y - 1y ) * 2x ) * 1.0 ) )
Fitness = 11.5241233389
Worst Ind: ( ( ( ( 5x * ( 2x + 3x ) ) - ( 8y - 6x ) ) + 7y ) - 6x )
Fitness = 78.12
Avg Fitness = 57.9475784102
Duplicated = 76
============================================================================
Evaluate Gen  14
New Population 712
Better than Dads 57
Best Ind: ( 3y - ( ( ( 8y - 1y ) * 2x ) * 1.0 ) )
Fitness = 11.5241233389
Worst Ind: ( ( ( 5y * 30.0 ) - ( 1y - 4y ) ) * ( ( ( 8x * 68.0 ) * 4y ) - 3x ) )
Fitness = 69.1447400336
Avg Fitness = 52.6149816266
Duplicated = 68
============================================================================
Evaluate Gen  15
New Population 691
Better than Dads 53
Best Ind: ( 3y - ( ( ( 8y - 1y ) * 2x ) * 1.0 ) )
Fitness = 11.5241233389
Worst Ind: ( ( ( 7x * 1y ) + ( ( ( 75.0 + ( 94.0 - 5y ) ) - 76.0 ) - ( ( 3y - 9.0 ) + 7y ) ) ) - 3y )
Fitness = 68.7945565041
Avg Fitness = 48.4800028301
Duplicated = 71
============================================================================
Evaluate Gen  16
New Population 707
Better than Dads 47
Best Ind: ( 3y - ( ( ( 8y - 1y ) * 2x ) * 1.0 ) )
Fitness = 11.5241233389
Worst Ind: ( 2y * ( ( ( 3x * 3y ) - 3x ) - 5x ) )
Fitness = 57.6206166946
Avg Fitness = 43.6572383972
Duplicated = 76
============================================================================
Evaluate Gen  17
New Population 707
Better than Dads 57
Best Ind: ( 3y - ( ( ( 8y - 1y ) * 2x ) * 1.0 ) )
Fitness = 11.5241233389
Worst Ind: ( ( ( 30.0 - 17.0 ) * 64.0 ) - ( ( ( ( 3x - 3y ) - ( 5y * 2x ) ) + ( ( 7y * ( 4y - 3y ) ) + 2x ) ) - 4x ) )
Fitness = 52.08
Avg Fitness = 40.7888280626
Duplicated = 73
============================================================================
Evaluate Gen  18
New Population 716
Better than Dads 61
Best Ind: ( 3y - ( ( ( 8y - 1y ) * 2x ) * 1.0 ) )
Fitness = 11.5241233389
Worst Ind: ( 2x + ( 6x - 1y ) )
Fitness = 48.9715188347
Avg Fitness = 37.6514702561
Duplicated = 77
============================================================================
Evaluate Gen  19
New Population 733
Better than Dads 55
Best Ind: ( 3y - ( ( ( 8y - 1y ) * 2x ) * 1.0 ) )
Fitness = 11.5241233389
Worst Ind: ( ( ( 4y + 2x ) + ( 4x + ( 92.0 - ( 7y * 13.0 ) ) ) ) - 2y )
Fitness = 45.8630376694
Avg Fitness = 35.2132597034
Duplicated = 72
============================================================================
Evaluate Gen  20
New Population 720
Better than Dads 47
Best Ind: ( 3y - ( ( ( 8y - 1y ) * 2x ) * 1.0 ) )
Fitness = 11.5241233389
Worst Ind: ( ( 2x - 11.0 ) - ( ( ( ( 8y * 15.0 ) * ( ( 83.0 - 94.0 ) * 9x ) ) + ( ( 1x - 5y ) * 2x ) ) - ( ( ( 8y - 1y ) * 49.0 ) - ( 3x * 3x ) ) ) )
Fitness = 39.9636
Avg Fitness = 32.8913442011
Duplicated = 77
============================================================================
Evaluate Gen  21
New Population 719
Better than Dads 53
Best Ind: ( 3y - ( ( ( 8y - 1y ) * 2x ) * 1.0 ) )
Fitness = 11.5241233389
Worst Ind: ( ( 39.0 + ( 4x - ( 7x - 2y ) ) ) - 3x )
Fitness = 39.06
Avg Fitness = 31.3401641452
Duplicated = 77
============================================================================
Evaluate Gen  22
New Population 706
Better than Dads 53
Best Ind: ( 3y - ( ( ( 8y - 1y ) * 2x ) * 1.0 ) )
Fitness = 11.5241233389
Worst Ind: ( ( ( ( 56.0 - ( 1x - ( 9x * 2y ) ) ) - 3x ) * ( 10y + 2y ) ) - 3x )
Fitness = 39.06
Avg Fitness = 29.4411970494
Duplicated = 70
============================================================================
Evaluate Gen  23
New Population 717
Better than Dads 51
Best Ind: ( 3y - ( ( ( 8y - 1y ) * 2x ) * 1.0 ) )
Fitness = 11.5241233389
Worst Ind: ( ( 9x - ( ( ( 5x - 2y ) + 7x ) - ( 5y * ( 9y - 6x ) ) ) ) - 3x )
Fitness = 39.06
Avg Fitness = 26.5315481687
Duplicated = 73
============================================================================
Evaluate Gen  24
New Population 719
Better than Dads 61
Best Ind: ( 1y * 1x )
Fitness = 5.76206166946
Worst Ind: ( ( 6y - ( 7x - 2y ) ) - ( 5y * 1x ) )
Fitness = 28.8103083473
Avg Fitness = 24.0479122634
Duplicated = 73
============================================================================
Evaluate Gen  25
New Population 704
Better than Dads 52
Best Ind: ( 1y * 1x )
Fitness = 5.76206166946
Worst Ind: ( ( 5y * 1x ) - 2x )
Fitness = 26.04
Avg Fitness = 23.3821607346
Duplicated = 80
============================================================================
Evaluate Gen  26
New Population 719
Better than Dads 48
Best Ind: ( 1y * 1x )
Fitness = 5.76206166946
Worst Ind: ( ( ( ( ( ( 2y + 6x ) + ( 37.0 * 8y ) ) + ( 5y - 3y ) ) * 4x ) - ( 8x * 1y ) ) - 2x )
Fitness = 26.04
Avg Fitness = 22.6944344811
Duplicated = 74
============================================================================
Evaluate Gen  27
New Population 724
Better than Dads 57
Best Ind: ( 1y * 1x )
Fitness = 5.76206166946
Worst Ind: ( ( 4x * 3y ) - ( ( ( 8y - 81.0 ) * ( ( 3y - 5x ) * ( ( 9y + 7y ) - 58.0 ) ) ) - 2x ) )
Fitness = 26.04
Avg Fitness = 21.8258651658
Duplicated = 85
============================================================================
Evaluate Gen  28
New Population 720
Better than Dads 53
Best Ind: ( 1y * 1x )
Fitness = 5.76206166946
Worst Ind: ( 9y - ( 2x * 2y ) )
Fitness = 23.0482466779
Avg Fitness = 20.9501126283
Duplicated = 91
============================================================================
Evaluate Gen  29
New Population 732
Better than Dads 46
Best Ind: ( 1x * ( ( ( ( 10x - 4y ) * 86.0 ) - 1x ) * ( ( 94.0 - ( 9y - 2x ) ) - 1y ) ) )
Fitness = 2.0612795017
Worst Ind: ( ( 1x * 4y ) - ( ( 3x - ( 3x + ( 8x - ( 3y + 73.0 ) ) ) ) - 1y ) )
Fitness = 22.9315188347
Avg Fitness = 20.3985646564
Duplicated = 85
============================================================================
Evaluate Gen  30
New Population 720
Better than Dads 45
Best Ind: ( 1x * ( ( ( ( 10x - 4y ) * 86.0 ) - 1x ) * ( ( 94.0 - ( 9y - 2x ) ) - 1y ) ) )
Fitness = 2.0612795017
Worst Ind: ( 7x - 1y )
Fitness = 22.9315188347
Avg Fitness = 19.8031763753
Duplicated = 79
============================================================================
Evaluate Gen  31
New Population 713
Better than Dads 50
Best Ind: ( 1x * ( ( ( ( 10x - 4y ) * 86.0 ) - 1x ) * ( ( 94.0 - ( 9y - 2x ) ) - 1y ) ) )
Fitness = 2.0612795017
Worst Ind: ( ( 7y * 6x ) - 1y )
Fitness = 22.9315188347
Avg Fitness = 19.2302498851
Duplicated = 78
============================================================================
Evaluate Gen  32
New Population 712
Better than Dads 55
Best Ind: ( 1x * ( ( ( ( 10x - 4y ) * 86.0 ) - 1x ) * ( ( 94.0 - ( 9y - 2x ) ) - 1y ) ) )
Fitness = 2.0612795017
Worst Ind: ( ( ( 36.0 - 9.0 ) * ( 2x + 3x ) ) - 1y )
Fitness = 22.9315188347
Avg Fitness = 18.3278490965
Duplicated = 79
============================================================================
Evaluate Gen  33
New Population 723
Better than Dads 56
Best Ind: ( 1x * ( ( ( ( 10x - 4y ) * 86.0 ) - 1x ) * ( ( 94.0 - ( 9y - 2x ) ) - 1y ) ) )
Fitness = 2.0612795017
Worst Ind: ( ( ( ( 2y * 64.0 ) - ( 4x * 51.0 ) ) - ( 9y * 8x ) ) - 1y )
Fitness = 22.9315188347
Avg Fitness = 17.2012542069
Duplicated = 87
============================================================================
Evaluate Gen  34
New Population 722
Better than Dads 61
Best Ind: ( 1x * ( ( ( ( 10x - 4y ) * 86.0 ) - 1x ) * ( ( 94.0 - ( 9y - 2x ) ) - 1y ) ) )
Fitness = 2.0612795017
Worst Ind: ( ( ( ( ( 9.0 + 96.0 ) - 2y ) * ( 2x + 3x ) ) - ( 5y - 1y ) ) - ( 1x * ( 2x + 3x ) ) )
Fitness = 22.202
Avg Fitness = 15.4304581324
Duplicated = 109
============================================================================
Evaluate Gen  35
New Population 709
Better than Dads 59
Best Ind: ( 1x * ( ( ( ( 10x - 4y ) * 86.0 ) - 1x ) * ( ( 94.0 - ( 9y - 2x ) ) - 1y ) ) )
Fitness = 2.0612795017
Worst Ind: ( 1x * 3y )
Fitness = 17.2861850084
Avg Fitness = 14.0066958117
Duplicated = 116
============================================================================
Evaluate Gen  36
New Population 722
Better than Dads 57
Best Ind: ( 1x * ( ( ( ( 10x - 4y ) * 86.0 ) - 1x ) * ( ( 94.0 - ( 9y - 2x ) ) - 1y ) ) )
Fitness = 2.0612795017
Worst Ind: ( 1x * 3y )
Fitness = 17.2861850084
Avg Fitness = 12.8672415091
Duplicated = 117
============================================================================
Evaluate Gen  37
New Population 727
Better than Dads 66
Best Ind: ( 1x * ( ( ( ( 10x - 4y ) * 86.0 ) - 1x ) * ( ( 94.0 - ( 9y - 2x ) ) - 1y ) ) )
Fitness = 2.0612795017
Worst Ind: ( ( ( 3x + 27.0 ) - 7y ) - ( 1y - 1x ) )
Fitness = 13.02
Avg Fitness = 12.124594395
Duplicated = 114
============================================================================
Evaluate Gen  38
New Population 729
Better than Dads 50
Best Ind: ( 1x * ( ( ( ( 10x - 4y ) * 86.0 ) - 1x ) * ( ( 94.0 - ( 9y - 2x ) ) - 1y ) ) )
Fitness = 2.0612795017
Worst Ind: ( ( 1x * 3y ) - 1x )
Fitness = 13.02
Avg Fitness = 12.0421985038
Duplicated = 112
============================================================================
Evaluate Gen  39
New Population 715
Better than Dads 44
Best Ind: ( 1x * ( ( ( ( 10x - 4y ) * 86.0 ) - 1x ) * ( ( 94.0 - ( 9y - 2x ) ) - 1y ) ) )
Fitness = 2.0612795017
Worst Ind: ( ( 1y - ( ( 1x * 4y ) * 2x ) ) - ( ( 2y - 3x ) - 1x ) )
Fitness = 13.02
Avg Fitness = 11.9180405829
Duplicated = 111
============================================================================
Evaluate Gen  40
New Population 723
Better than Dads 52
Best Ind: ( 1x * ( ( ( ( 10x - 4y ) * 86.0 ) - 1x ) * ( ( 94.0 - ( 9y - 2x ) ) - 1y ) ) )
Fitness = 2.0612795017
Worst Ind: ( ( ( 6x * 1y ) * 1x ) - 1x )
Fitness = 13.02
Avg Fitness = 11.7098557699
Duplicated = 109
============================================================================
Evaluate Gen  41
New Population 727
Better than Dads 56
Best Ind: ( 1x * ( ( ( ( 10x - 4y ) * 86.0 ) - 1x ) * ( ( 94.0 - ( 9y - 2x ) ) - 1y ) ) )
Fitness = 2.0612795017
Worst Ind: ( ( 1x + ( ( 36.0 * 1y ) - 26.0 ) ) - 1x )
Fitness = 13.02
Avg Fitness = 11.4676250932
Duplicated = 105
============================================================================
Evaluate Gen  42
New Population 718
Better than Dads 52
Best Ind: ( 1x * ( ( ( ( 10x - 4y ) * 86.0 ) - 1x ) * ( ( 94.0 - ( 9y - 2x ) ) - 1y ) ) )
Fitness = 2.0612795017
Worst Ind: ( ( ( ( ( 6x + ( 2y * 9x ) ) + ( ( 14.0 - 9.0 ) * 9y ) ) * 10x ) - ( 2x * 8y ) ) - ( ( 2y - 3x ) - 1x ) )
Fitness = 13.02
Avg Fitness = 11.1270570562
Duplicated = 101
============================================================================
Evaluate Gen  43
New Population 717
Better than Dads 57
Best Ind: ( 1x * ( ( ( ( 10x - 4y ) * 86.0 ) - 1x ) * ( ( 94.0 - ( 9y - 2x ) ) - 1y ) ) )
Fitness = 2.0612795017
Worst Ind: ( ( ( ( 59.0 * ( ( 7y - 6y ) * 93.0 ) ) * 1y ) - ( ( 1y * ( ( 4y * 4y ) - 3x ) ) - ( ( ( 4y + 8.0 ) - ( 10x * 8y ) ) - ( 3x * 8.0 ) ) ) ) - 1x )
Fitness = 13.02
Avg Fitness = 10.6303537386
Duplicated = 87
============================================================================
Evaluate Gen  44
New Population 706
Better than Dads 60
Best Ind: ( ( ( ( ( ( 3x - 1y ) + 3x ) - 1x ) * 2x ) * 1x ) * ( 6x - 1y ) )
Fitness = 1.65281666897
Worst Ind: ( ( ( ( ( 2y * 64.0 ) - ( 4x * 3y ) ) - 1x ) - 1y ) - ( ( 1y * 5x ) - 1x ) )
Fitness = 13.02
Avg Fitness = 9.89958481855
Duplicated = 77
============================================================================
Evaluate Gen  45
New Population 716
Better than Dads 69
Best Ind: ( ( ( ( ( ( 3x - 1y ) + 3x ) - 1x ) * 2x ) * 1x ) * ( 6x - 1y ) )
Fitness = 1.65281666897
Worst Ind: ( ( ( ( 2y * 64.0 ) * 1y ) - ( 35.0 - ( ( ( 4y + 8.0 ) - ( 10x * 8y ) ) - ( 5x * 8.0 ) ) ) ) - 1x )
Fitness = 13.02
Avg Fitness = 9.01963787851
Duplicated = 85
============================================================================
Evaluate Gen  46
New Population 722
Better than Dads 73
Best Ind: ( ( 2x - 1x ) * ( ( 1x * 2x ) * ( 4y - 1x ) ) )
Fitness = 1.39956512
Worst Ind: ( ( ( ( 10y * 7x ) * ( ( 3x * 1y ) * ( 2y + 9y ) ) ) - ( 1y - 2x ) ) * ( ( ( 2y - 3x ) - 1x ) - 1y ) )
Fitness = 11.5241233389
Avg Fitness = 7.91278800178
Duplicated = 76
============================================================================
Evaluate Gen  47
New Population 730
Better than Dads 81
Best Ind: ( ( ( 1x - 1y ) * ( 1y * ( 94.0 - 1x ) ) ) * ( ( ( 2y * 64.0 ) - ( 19.0 - 6x ) ) - 1x ) )
Fitness = 0.997573854409
Worst Ind: ( ( ( ( 9x - ( 5y * 1x ) ) - ( 1y * 1x ) ) - ( 5y * 1x ) ) * 1x )
Fitness = 10.3063975085
Avg Fitness = 6.71280961958
Duplicated = 57
============================================================================
Evaluate Gen  48
New Population 739
Better than Dads 80
Best Ind: ( 1x - ( ( 10y - ( ( 1y * 1x ) * 1x ) ) * ( ( ( 9y - 1x ) - ( 1y - 2x ) ) * ( 9y - 1x ) ) ) )
Fitness = 0.700649463033
Worst Ind: ( ( ( 21.0 + 10y ) - ( ( 2x * 1y ) * ( 2x + 3x ) ) ) * ( 2x * 1y ) )
Fitness = 8.29106512662
Avg Fitness = 5.69648464561
Duplicated = 60
============================================================================
Evaluate Gen  49
New Population 734
Better than Dads 75
Best Ind: ( 1x - ( ( 10y - ( ( 1y * 1x ) * 1x ) ) * ( ( ( 9y - 1x ) - ( 1y - 2x ) ) * ( 9y - 1x ) ) ) )
Fitness = 0.700649463033
Worst Ind: ( ( ( ( 9.0 + 96.0 ) - 1y ) * 3x ) * ( ( 62.0 - ( 2x * 2y ) ) - 1x ) )
Fitness = 6.18383850511
Avg Fitness = 4.90818637992
Duplicated = 66
============================================================================
Evaluate Gen  50
New Population 739
Better than Dads 71
Best Ind: ( 1x - ( ( 10y - ( ( 1y * 1x ) * 1x ) ) * ( ( ( 9y - 1x ) - ( 1y - 2x ) ) * ( 9y - 1x ) ) ) )
Fitness = 0.700649463033
Worst Ind: ( ( ( ( 2x * 2y ) - 3x ) - 1y ) * 1x )
Fitness = 5.76206166946
Avg Fitness = 4.52949320169
Duplicated = 63
============================================================================
Evaluate Gen  51
New Population 732
Better than Dads 66
Best Ind: ( ( ( ( ( 8y - 1y ) * 2x ) * 1y ) * 1y ) * ( ( 3x * 1y ) * 1x ) )
Fitness = 0.682435407879
Worst Ind: ( 93.0 - ( 1y * 1x ) )
Fitness = 5.76206166946
Avg Fitness = 4.03845951562
Duplicated = 49
============================================================================
Evaluate Gen  52
New Population 734
Better than Dads 82
Best Ind: ( ( ( ( ( 8y - 1y ) * 2x ) * 1y ) * 1y ) * ( ( 3x * 1y ) * 1x ) )
Fitness = 0.682435407879
Worst Ind: ( ( 51.0 - ( 1x * 2y ) ) * ( ( ( 2y - 3x ) - 1x ) - 1y ) )
Fitness = 5.40736032283
Avg Fitness = 3.44275289955
Duplicated = 40
============================================================================
Evaluate Gen  53
New Population 734
Better than Dads 83
Best Ind: ( ( ( 9y - 2y ) - ( ( ( ( 1y - 1x ) * 1x ) * 1x ) * 1x ) ) * ( ( 9y - 6x ) - 1x ) )
Fitness = 0.2994784032
Worst Ind: ( ( ( ( ( ( 2y * 64.0 ) - ( 5.0 * 2x ) ) - 1x ) - 1y ) - ( ( 9y - 6x ) - 1x ) ) * ( ( ( 2y * 64.0 ) - ( 19.0 - 6x ) ) - 1x ) )
Fitness = 4.4404
Avg Fitness = 3.0178250688
Duplicated = 44
============================================================================
Evaluate Gen  54
New Population 732
Better than Dads 94
Best Ind: ( ( ( 9y - 2y ) - ( ( ( ( 1y - 1x ) * 1x ) * 1x ) * 1x ) ) * ( ( 9y - 6x ) - 1x ) )
Fitness = 0.2994784032
Worst Ind: ( ( ( 21.0 + ( 2x * 1y ) ) - ( 9y - 1x ) ) * ( 2x * 1y ) )
Fitness = 4.12255900341
Avg Fitness = 2.58804556639
Duplicated = 48
============================================================================
Evaluate Gen  55
New Population 724
Better than Dads 88
Best Ind: ( ( ( 1y * 8y ) - ( 1x * ( ( 1y * 1x ) * 1y ) ) ) * ( ( 9x - ( 1y - 1x ) ) - ( ( 1y * 1x ) * 1y ) ) )
Fitness = 0.113739234646
Worst Ind: ( ( ( ( 2x - 6y ) - ( 8.0 - 1x ) ) * 2x ) * ( 1y - ( ( ( 6x * 2y ) + 6x ) - ( 3y - 1x ) ) ) )
Fitness = 3.411216
Avg Fitness = 2.11772301495
Duplicated = 42
============================================================================
Evaluate Gen  56
New Population 726
Better than Dads 84
Best Ind: ( ( ( 1y * 8y ) - ( 1x * ( ( 1y * 1x ) * 1y ) ) ) * ( ( 9x - ( 1y - 1x ) ) - ( ( 1y * 1x ) * 1y ) ) )
Fitness = 0.113739234646
Worst Ind: ( ( ( ( 5y * 2x ) * 1x ) - ( ( ( 1y * 1x ) - 95.0 ) - ( 1y * 1x ) ) ) * ( ( ( 2y - 3x ) - 1x ) - 1y ) )
Fitness = 2.70368016142
Avg Fitness = 1.82651463829
Duplicated = 39
============================================================================
Evaluate Gen  57
New Population 720
Better than Dads 71
Best Ind: ( ( ( 1y * 8y ) - ( 1x * ( ( 1y * 1x ) * 1y ) ) ) * ( ( 9x - ( 1y - 1x ) ) - ( ( 1y * 1x ) * 1y ) ) )
Fitness = 0.113739234646
Worst Ind: ( ( ( ( 21.0 + 10y ) - ( 1x * 1y ) ) * ( ( 1y - 1x ) * ( 3x * 2y ) ) ) * 2x )
Fitness = 2.16732839273
Avg Fitness = 1.57194427205
Duplicated = 40
============================================================================
Evaluate Gen  58
New Population 722
Better than Dads 85
Best Ind: ( ( ( 1y * 8y ) - ( 1x * ( ( 1y * 1x ) * 1y ) ) ) * ( ( 9x - ( 1y - 1x ) ) - ( ( 1y * 1x ) * 1y ) ) )
Fitness = 0.113739234646
Worst Ind: ( 3x - ( ( 1y * 1x ) * 1x ) )
Fitness = 2.0612795017
Avg Fitness = 1.40311558693
Duplicated = 26
============================================================================
Evaluate Gen  59
New Population 724
Better than Dads 90
Best Ind: ( ( ( 1y * 8y ) - ( 1x * ( ( 1y * 1x ) * 1y ) ) ) * ( ( 9x - ( 1y - 1x ) ) - ( ( 1y * 1x ) * 1y ) ) )
Fitness = 0.113739234646
Worst Ind: ( ( ( 99.0 * 9y ) - ( ( ( 6x * 1y ) * 1x ) - ( ( 81.0 - ( 1y * 1x ) ) * 2y ) ) ) * ( ( 4x * ( 2x * 8y ) ) - ( ( 97.0 - 10y ) - 1x ) ) )
Fitness = 1.99514770882
Avg Fitness = 1.18994166357
Duplicated = 30
============================================================================
Evaluate Gen  60
New Population 711
Better than Dads 101
Best Ind: ( ( 3y - ( ( ( 1x * 1y ) * 1x ) * ( 1y * 1x ) ) ) * ( ( 29.0 * ( 25.0 + ( 81.0 * 17.0 ) ) ) - ( 1x * ( 1x * 1y ) ) ) )
Fitness = 0.0435920125896
Worst Ind: ( ( ( ( ( ( 2y * 64.0 ) - 9y ) - 1x ) * ( ( 3x * 1y ) * ( 5x + 9y ) ) ) - 1x ) * ( 1x * 1x ) )
Fitness = 1.705608
Avg Fitness = 1.00643363518
Duplicated = 32
============================================================================
Evaluate Gen  61
New Population 723
Better than Dads 96
Best Ind: ( ( 3y - ( ( ( 1x * 1y ) * 1x ) * ( 1y * 1x ) ) ) * ( ( 29.0 * ( 25.0 + ( 81.0 * 17.0 ) ) ) - ( 1x * ( 1x * 1y ) ) ) )
Fitness = 0.0435920125896
Worst Ind: ( ( ( ( ( 2y - 3x ) - 1x ) * ( 1x * ( 5x + 9y ) ) ) - 1x ) * ( ( 1x * 2x ) * ( 4y - 1x ) ) )
Fitness = 1.39956512
Avg Fitness = 0.816426420946
Duplicated = 41
============================================================================
Evaluate Gen  62
New Population 726
Better than Dads 105
Best Ind: ( ( 3y - ( ( ( 1x * 1y ) * 1x ) * ( 1y * 1x ) ) ) * ( ( 29.0 * ( 25.0 + ( 81.0 * 17.0 ) ) ) - ( 1x * ( 1x * 1y ) ) ) )
Fitness = 0.0435920125896
Worst Ind: ( ( ( 31.0 - ( 1x * 1x ) ) * ( ( ( 64.0 * 4.0 ) - ( ( 2y * 64.0 ) - ( 1y - 1x ) ) ) - ( ( ( 9.0 + 96.0 ) - 1y ) * 3x ) ) ) * ( ( 1y - ( 2x - 8x ) ) - 1x ) )
Fitness = 1.05097419455
Avg Fitness = 0.684965632957
Duplicated = 39
============================================================================
Evaluate Gen  63
New Population 717
Better than Dads 98
Best Ind: ( ( 3y - ( ( ( 1x * 1y ) * 1x ) * ( 1y * 1x ) ) ) * ( ( 29.0 * ( 25.0 + ( 81.0 * 17.0 ) ) ) - ( 1x * ( 1x * 1y ) ) ) )
Fitness = 0.0435920125896
Worst Ind: ( ( 1x * ( 9.0 - ( 1y - 1x ) ) ) * ( ( ( 3y - ( 10y * 7x ) ) - 1x ) - ( ( 13.0 - ( 2x * 2y ) ) * ( ( ( 5y * 30.0 ) - ( 1x * 3y ) ) * 1x ) ) ) )
Fitness = 0.971513688723
Avg Fitness = 0.584971462635
Duplicated = 42
============================================================================
Evaluate Gen  64
New Population 724
Better than Dads 95
Best Ind: ( ( 3y - ( ( ( 1x * 1y ) * 1x ) * ( 1y * 1x ) ) ) * ( ( 29.0 * ( 25.0 + ( 81.0 * 17.0 ) ) ) - ( 1x * ( 1x * 1y ) ) ) )
Fitness = 0.0435920125896
Worst Ind: ( ( ( 1y * 1x ) - ( ( 4x - 4x ) - ( 1y * 1x ) ) ) * ( 9.0 - ( ( 1y - 1x ) * 1x ) ) )
Fitness = 0.826408334483
Avg Fitness = 0.499686997787
Duplicated = 37
============================================================================
Evaluate Gen  65
New Population 724
Better than Dads 98
Best Ind: ( ( ( ( ( 1y * 1x ) * ( 1x * 1y ) ) * 1y ) * ( ( 1x * 3y ) * 1y ) ) * ( ( ( ( 2y * 64.0 ) - ( 5.0 * 64.0 ) ) - 3y ) - ( ( ( ( 5y * 2x ) * 1x ) - ( ( 1x - 2x ) - ( 1y * 1x ) ) ) * ( ( ( 2y - 3x ) - 1x ) - 1y ) ) ) )
Fitness = 0.027420103762
Worst Ind: ( ( ( ( 1y * 1x ) * 1x ) * 2x ) * ( 7x - ( ( ( 6x * 2y ) + 6x ) - ( 3y - 1x ) ) ) )
Fitness = 0.700649463033
Avg Fitness = 0.403101318189
Duplicated = 41
============================================================================
Evaluate Gen  66
New Population 719
Better than Dads 100
Best Ind: ( ( ( ( ( 1y - 1x ) * 1x ) * ( 6x - ( 2y * 1x ) ) ) * ( ( ( ( 1y - 1x ) * 1x ) * ( ( 3y - 1x ) * 1x ) ) * ( ( 62.0 - ( 2x * 2y ) ) - 1x ) ) ) * ( ( 29.0 * ( 25.0 + ( 81.0 * 17.0 ) ) ) - 1y ) )
Fitness = 0.0161693141212
Worst Ind: ( ( ( ( ( 1y - 1x ) * 1x ) * ( 6x - ( 2y * 1x ) ) ) * 1y ) * ( 1x * 3y ) )
Fitness = 0.573157828534
Avg Fitness = 0.323720289014
Duplicated = 40
============================================================================
Evaluate Gen  67
New Population 742
Better than Dads 109
Best Ind: ( ( ( ( ( 1y - 1x ) * 1x ) * ( 6x - ( 2y * 1x ) ) ) * ( ( ( ( 1y - 1x ) * 1x ) * ( ( 3y - 1x ) * 1x ) ) * ( ( 62.0 - ( 2x * 2y ) ) - 1x ) ) ) * ( ( 29.0 * ( 25.0 + ( 81.0 * 17.0 ) ) ) - 1y ) )
Fitness = 0.0161693141212
Worst Ind: ( ( ( ( ( 8y - 1y ) * 1y ) * 1y ) * 1y ) * ( ( 3x * 1y ) * 1x ) )
Fitness = 0.421394452246
Avg Fitness = 0.265622707135
Duplicated = 54
============================================================================
Evaluate Gen  68
New Population 723
Better than Dads 109
Best Ind: ( ( ( ( ( 8y - 1y ) * ( ( 1x * 1x ) + ( 81.0 * 17.0 ) ) ) - 1x ) * ( ( ( ( 1x - 1y ) - 10y ) - ( 1y * 1x ) ) * ( 1y * 1x ) ) ) * ( ( ( 1y * 1x ) * 1x ) * ( ( 1x - 1x ) * ( 1x * 1y ) ) ) )
Fitness = 0.00534675968902
Worst Ind: ( ( ( 9y - ( 2x * 1y ) ) - ( 1y * 1x ) ) * ( ( ( 1y - ( 1y - 1x ) ) * ( ( ( 8y - 1y ) * 2x ) * 2x ) ) * ( ( 29.0 * ( 25.0 + ( 81.0 * 17.0 ) ) ) - 1y ) ) )
Fitness = 0.382105219022
Avg Fitness = 0.217951164935
Duplicated = 51
============================================================================
Evaluate Gen  69
New Population 732
Better than Dads 110
Best Ind: ( ( ( ( ( 8y - 1y ) * ( ( 1x * 1x ) + ( 81.0 * 17.0 ) ) ) - 1x ) * ( ( ( ( 1x - 1y ) - 10y ) - ( 1y * 1x ) ) * ( 1y * 1x ) ) ) * ( ( ( 1y * 1x ) * 1x ) * ( ( 1x - 1x ) * ( 1x * 1y ) ) ) )
Fitness = 0.00534675968902
Worst Ind: ( ( ( 1y * 8y ) - ( ( ( ( 2x * 1y ) * 1y ) * ( ( 1y - 1x ) * ( 3x * 2y ) ) ) * 2x ) ) * ( ( 9x - ( 1y - 1x ) ) - ( ( 1y * 1x ) * 1y ) ) )
Fitness = 0.321268177206
Avg Fitness = 0.176069040884
Duplicated = 55
============================================================================
Evaluate Gen  70
New Population 712
Better than Dads 107
Best Ind: ( ( ( ( ( 8y - 1y ) * ( ( 1x * 1x ) + ( 81.0 * 17.0 ) ) ) - 1x ) * ( ( ( ( 1x - 1y ) - 10y ) - ( 1y * 1x ) ) * ( 1y * 1x ) ) ) * ( ( ( 1y * 1x ) * 1x ) * ( ( 1x - 1x ) * ( 1x * 1y ) ) ) )
Fitness = 0.00534675968902
Worst Ind: ( ( ( ( 9y - 1x ) * 1y ) * ( ( ( ( 4x - 4x ) - ( 1y * 1x ) ) * 1x ) - ( 1y - 1x ) ) ) * ( ( ( 1x * 3y ) * ( 1y - 1x ) ) * 1x ) )
Fitness = 0.242878422181
Avg Fitness = 0.14713408499
Duplicated = 52
============================================================================
Evaluate Gen  71
New Population 715
Better than Dads 110
Best Ind: ( ( ( 1x - 1y ) * ( 1y * 1x ) ) * ( ( ( 2x - ( ( 1y * 1x ) * 1x ) ) * ( ( ( 1y * 1y ) * ( 2y - 1x ) ) * ( 1x - 1y ) ) ) * ( ( 1x * 2x ) * ( 4y - 1x ) ) ) )
Fitness = 0.00353107439592
Worst Ind: ( ( ( ( 1y * 1x ) * ( 96.0 - ( 1y * 1x ) ) ) * 1y ) * ( ( ( ( 4x - 4x ) - ( 1y * 1x ) ) * 1x ) - ( 1y - 1x ) ) )
Fitness = 0.214307865694
Avg Fitness = 0.124069979492
Duplicated = 47
============================================================================
Evaluate Gen  72
New Population 713
Better than Dads 106
Best Ind: ( ( ( 1x - 1y ) * ( 1y * 1x ) ) * ( ( ( 2x - ( ( 1y * 1x ) * 1x ) ) * ( ( ( 1y * 1y ) * ( 2y - 1x ) ) * ( 1x - 1y ) ) ) * ( ( 1x * 2x ) * ( 4y - 1x ) ) ) )
Fitness = 0.00353107439592
Worst Ind: ( ( ( ( ( 1y * 1x ) - 1x ) * ( ( 3y - 1x ) * 1y ) ) * ( ( ( 2y - 3x ) - 1x ) - 1y ) ) * ( 9.0 - ( ( 2x - 1x ) * ( ( 3x - 1y ) - 1x ) ) ) )
Fitness = 0.180610699395
Avg Fitness = 0.102311009775
Duplicated = 42
============================================================================
Evaluate Gen  73
New Population 708
Better than Dads 109
Best Ind: ( ( ( 1x - 1y ) * ( 1y * 1x ) ) * ( ( ( 2x - ( ( 1y * 1x ) * 1x ) ) * ( ( ( 1y * 1y ) * ( 2y - 1x ) ) * ( 1x - 1y ) ) ) * ( ( 1x * 2x ) * ( 4y - 1x ) ) ) )
Fitness = 0.00353107439592
Worst Ind: ( ( ( 1y * 1x ) * 1x ) * ( ( ( ( 1x * 3y ) * 1y ) * 1y ) * ( ( 2y - 3x ) - 1x ) ) )
Fitness = 0.155018958897
Avg Fitness = 0.0856166311543
Duplicated = 47
============================================================================
Evaluate Gen  74
New Population 724
Better than Dads 118
Best Ind: ( ( ( 1y * 1x ) * ( ( ( ( 1y * 1x ) * 1x ) * ( 1y * 1x ) ) * 1y ) ) * ( ( ( ( 1y * 1x ) * 1x ) * 1x ) * ( ( 2y - 3x ) - 1x ) ) )
Fitness = 0.00147595451693
Worst Ind: ( ( ( 1x * ( ( 2y - 3x ) - ( ( 9y - 1x ) * 1y ) ) ) * ( 2y - 1x ) ) * ( ( ( 1y * 8y ) - ( 1x * 3y ) ) * ( 3y - ( ( 3x - 6x ) - ( 1y * 1x ) ) ) ) )
Fitness = 0.130776037769
Avg Fitness = 0.0687564162621
Duplicated = 50
============================================================================
Evaluate Gen  75
New Population 726
Better than Dads 122
Best Ind: ( ( ( 1y * 1x ) * ( ( ( ( 1y * 1x ) * 1x ) * ( 1y * 1x ) ) * 1y ) ) * ( ( ( ( 1y * 1x ) * 1x ) * 1x ) * ( ( 2y - 3x ) - 1x ) ) )
Fitness = 0.00147595451693
Worst Ind: ( 1x - ( ( 10y - ( ( 1y * 1x ) * 1y ) ) * ( ( ( ( 6x * 2y ) + 6x ) - ( 1y - 1x ) ) * ( ( ( 9y - 6x ) - ( 1y * 1x ) ) * 1x ) ) ) )
Fitness = 0.0955263047556
Avg Fitness = 0.0553524582869
Duplicated = 46
============================================================================
Evaluate Gen  76
New Population 711
Better than Dads 114
Best Ind: ( ( ( 1y * 1x ) * ( ( ( 1y * 1x ) * 1x ) * ( ( 1y * 1x ) * 1x ) ) ) * ( ( ( ( 1y * 1x ) * 1x ) * 1x ) * ( ( 2y - 3x ) - 1x ) ) )
Fitness = 0.00123959821832
Worst Ind: ( ( ( ( ( 62.0 - 1x ) * 1y ) * 1x ) * ( ( 2x - 1x ) * 1x ) ) * ( 1y * 1x ) )
Fitness = 0.0809594740603
Avg Fitness = 0.0466425398305
Duplicated = 46
============================================================================
Evaluate Gen  77
New Population 702
Better than Dads 107
Best Ind: ( ( ( ( ( 2x - 1x ) * ( 1x - ( 1y - 1x ) ) ) * ( 1y * 1x ) ) * ( ( ( 1x * ( 1x * 1x ) ) * 1x ) * ( ( ( 1y - 1x ) * 1x ) * ( 6x - ( 2y * 1x ) ) ) ) ) * ( ( 51.0 - ( ( 1y * 1x ) * 2y ) ) * ( 3y - 1y ) ) )
Fitness = 0.000694068006416
Worst Ind: ( ( ( ( ( ( 1x * 3y ) * ( 1y - 1x ) ) * 1x ) * ( 2x * 1y ) ) * ( 3x - 1x ) ) * ( ( ( 2x * 1y ) * ( ( ( 8y - 1y ) * 2x ) * 2x ) ) * ( ( 29.0 * ( 25.0 + ( 81.0 * 17.0 ) ) ) - 1y ) ) )
Fitness = 0.0708458168125
Avg Fitness = 0.0383754755334
Duplicated = 44
============================================================================
Evaluate Gen  78
New Population 716
Better than Dads 117
Best Ind: ( ( ( ( ( 2x - 1x ) * ( 1x - ( 1y - 1x ) ) ) * ( 1y * 1x ) ) * ( ( ( 1x * ( 1x * 1x ) ) * 1x ) * ( ( ( 1y - 1x ) * 1x ) * ( 6x - ( 2y * 1x ) ) ) ) ) * ( ( 51.0 - ( ( 1y * 1x ) * 2y ) ) * ( 3y - 1y ) ) )
Fitness = 0.000694068006416
Worst Ind: ( ( ( 1x * 1x ) - ( ( 62.0 - 1x ) * 1y ) ) * ( ( 1x * 3y ) * ( ( ( 1x * ( 1y * 1x ) ) * 1y ) * ( ( 3x * 1y ) * 1x ) ) ) )
Fitness = 0.0572439668965
Avg Fitness = 0.0309545879103
Duplicated = 55
============================================================================
Evaluate Gen  79
New Population 724
Better than Dads 122
Best Ind: ( ( ( ( ( 2x - 1x ) * ( 1x - ( 1y - 1x ) ) ) * ( 1y * 1x ) ) * ( ( ( 1x * ( 1x * 1x ) ) * 1x ) * ( ( ( 1y - 1x ) * 1x ) * ( 6x - ( 2y * 1x ) ) ) ) ) * ( ( 51.0 - ( ( 1y * 1x ) * 2y ) ) * ( 3y - 1y ) ) )
Fitness = 0.000694068006416
Worst Ind: ( ( ( ( 1y * ( 1y - 1x ) ) * ( ( 2x - 1y ) * ( 2x * 1x ) ) ) * ( ( 1x - ( 9y - 2x ) ) - ( 1y * 1x ) ) ) * ( ( ( 1x * 3y ) * 1y ) * 1y ) )
Fitness = 0.0456290194824
Avg Fitness = 0.0252720655774
Duplicated = 58
============================================================================
Evaluate Gen  80
New Population 717
Better than Dads 122
Best Ind: ( ( ( ( ( 2x - 1x ) * ( 1x - ( 1y - 1x ) ) ) * ( 1y * 1x ) ) * ( ( ( 1x * ( 1x * 1x ) ) * 1x ) * ( ( ( 1y - 1x ) * 1x ) * ( 6x - ( 2y * 1x ) ) ) ) ) * ( ( 51.0 - ( ( 1y * 1x ) * 2y ) ) * ( 3y - 1y ) ) )
Fitness = 0.000694068006416
Worst Ind: ( ( ( ( ( 1y - 1x ) * 1x ) * ( 6x - ( 2y * 1y ) ) ) * ( ( ( 2x * ( 3y - 1x ) ) * ( ( 3y - 1x ) * 1x ) ) * ( ( 62.0 - ( 2x * 2y ) ) - 1x ) ) ) * ( ( 29.0 * ( 25.0 + ( 81.0 * 17.0 ) ) ) - 1y ) )
Fitness = 0.0380400336654
Avg Fitness = 0.0203460999229
Duplicated = 47
============================================================================
Evaluate Gen  81
New Population 730
Better than Dads 122
Best Ind: ( ( ( 1y * 1x ) * ( ( ( 1y * 1x ) * ( 1x * 1y ) ) * ( ( ( 1x * 3y ) * 1y ) * ( 1x * 1x ) ) ) ) * ( ( ( ( 1x * 1y ) * 1x ) * 1x ) * ( ( ( ( 1x * 3y ) * 1y ) * ( 1x * 1x ) ) - ( ( 1x * 2x ) * ( 1y * 1x ) ) ) ) )
Fitness = 0.000185388516551
Worst Ind: ( ( ( ( 3y * 49.0 ) - 1x ) * ( ( 1x * ( 1x * 1x ) ) * ( ( 9y - 1x ) * 1y ) ) ) * ( ( ( 1x * 3y ) - 1x ) * 1x ) )
Fitness = 0.0316614627355
Avg Fitness = 0.0158568806644
Duplicated = 48
============================================================================
Evaluate Gen  82
New Population 714
Better than Dads 117
Best Ind: ( ( ( 1y * 1x ) * ( ( ( 1y * 1x ) * ( 1x * 1y ) ) * ( ( ( 1x * 3y ) * 1y ) * ( 1x * 1x ) ) ) ) * ( ( ( ( 1x * 1y ) * 1x ) * 1x ) * ( ( ( ( 1x * 3y ) * 1y ) * ( 1x * 1x ) ) - ( ( 1x * 2x ) * ( 1y * 1x ) ) ) ) )
Fitness = 0.000185388516551
Worst Ind: ( ( 2x - ( ( 1y * 1x ) * 1x ) ) * ( ( ( 1y * 1y ) * ( 2y - 1x ) ) * ( 10y - ( ( 81.0 - ( 1y * 1x ) ) * ( 7x - ( 1y - 1x ) ) ) ) ) )
Fitness = 0.0239424347476
Avg Fitness = 0.0127046646161
Duplicated = 51
============================================================================
Evaluate Gen  83
New Population 722
Better than Dads 114
Best Ind: ( ( ( ( ( 1y - 1x ) * 1x ) * ( 6x - ( 2x * 1x ) ) ) * ( 3y - 1x ) ) * ( ( ( 2x * 1y ) * ( ( 9x - ( 1y - 1x ) ) - ( ( 1y * 1x ) * 1y ) ) ) * ( ( ( ( 1x * 1x ) * ( 1y * 1x ) ) * ( 1y * 1x ) ) * ( ( 1y * 1x ) * 1x ) ) ) )
Fitness = 0.000102423444658
Worst Ind: ( ( 1y * 1x ) * ( ( ( 1y * 1x ) * ( 1x * 1y ) ) * ( ( ( 1x * 3y ) * 1y ) * ( 1x * 1x ) ) ) )
Fitness = 0.0190813222988
Avg Fitness = 0.0101080062575
Duplicated = 62
============================================================================
Evaluate Gen  84
New Population 718
Better than Dads 113
Best Ind: ( ( ( ( ( 1y - 1x ) * 1x ) * ( 6x - ( 2x * 1x ) ) ) * ( 3y - 1x ) ) * ( ( ( 2x * 1y ) * ( ( 9x - ( 1y - 1x ) ) - ( ( 1y * 1x ) * 1y ) ) ) * ( ( ( ( 1x * 1x ) * ( 1y * 1x ) ) * ( 1y * 1x ) ) * ( ( 1y * 1x ) * 1x ) ) ) )
Fitness = 0.000102423444658
Worst Ind: ( ( ( ( 1y * 1x ) * ( ( 3y - 1x ) * ( ( 1x * 3y ) * 1y ) ) ) * ( 1y * ( ( ( 1x - 1x ) * 3x ) * ( 1x - ( 1y * 1x ) ) ) ) ) * ( 1y * 1x ) )
Fitness = 0.0158898347816
Avg Fitness = 0.00813901443929
Duplicated = 74
============================================================================
Evaluate Gen  85
New Population 726
Better than Dads 130
Best Ind: ( ( ( ( ( 1y - 1x ) * 1x ) * ( 6x - ( 2x * 1x ) ) ) * ( 3y - 1x ) ) * ( ( ( 2x * 1y ) * ( ( 9x - ( 1y - 1x ) ) - ( ( 1y * 1x ) * 1y ) ) ) * ( ( ( ( 1x * 1x ) * ( 1y * 1x ) ) * ( 1y * 1x ) ) * ( ( 1y * 1x ) * 1x ) ) ) )
Fitness = 0.000102423444658
Worst Ind: ( ( 1x * ( ( ( ( 1y * 1x ) * ( 2x - 1x ) ) * 1y ) * ( ( 3y - 1x ) * 1y ) ) ) * ( ( 1y * 1x ) * 1x ) )
Fitness = 0.0112513376837
Avg Fitness = 0.00653753545047
Duplicated = 78
============================================================================
Evaluate Gen  86
New Population 716
Better than Dads 119
Best Ind: ( ( ( ( 1y * ( 1x * 1x ) ) * 1x ) * ( ( 1x * ( 1y * 1y ) ) * 1y ) ) * ( ( ( ( ( 4x - 4x ) - ( 1y * 1x ) ) * 1x ) * 1x ) * ( ( ( 1y * 1x ) * ( ( 2x - 1x ) * 1x ) ) * ( 1y * 1x ) ) ) )
Fitness = 6.18139076729e-05
Worst Ind: ( ( ( ( ( ( 1x * 3y ) * ( 1y - 1x ) ) * 1x ) * 1y ) * ( 3x - 1x ) ) * ( ( ( 2x * 1y ) * ( ( ( 8y - 1y ) * 2x ) * 2x ) ) * ( ( 9y - ( 1x * 1y ) ) * ( ( 1y - 1x ) * 1y ) ) ) )
Fitness = 0.0101264260526
Avg Fitness = 0.00536661307662
Duplicated = 78
============================================================================
Evaluate Gen  87
New Population 726
Better than Dads 123
Best Ind: ( ( ( ( 1y * ( 1x * 1x ) ) * 1x ) * ( ( 1x * ( 1y * 1y ) ) * 1y ) ) * ( ( ( ( ( 4x - 4x ) - ( 1y * 1x ) ) * 1x ) * 1x ) * ( ( ( 1y * 1x ) * ( ( 2x - 1x ) * 1x ) ) * ( 1y * 1x ) ) ) )
Fitness = 6.18139076729e-05
Worst Ind: ( ( ( ( ( ( 1y * 3y ) * 1y ) * ( 1x * 1x ) ) * 1x ) * 1x ) * ( ( ( ( 1y * 1x ) * 1x ) * 1x ) * ( ( 2y - 3x ) - 1x ) ) )
Fitness = 0.00769319617978
Avg Fitness = 0.00423984422709
Duplicated = 73
============================================================================
Evaluate Gen  88
New Population 722
Better than Dads 111
Best Ind: ( ( ( 1y - ( ( 1y - ( 1y - 1x ) ) * ( 1y * 1x ) ) ) * ( ( 13.0 - ( ( 1x * 1x ) * 1y ) ) * ( ( ( 1y * 1x ) - 1x ) * ( ( 1x * 2x ) * ( 4y - 1x ) ) ) ) ) * ( ( 1y * 1x ) * ( 1x * ( ( ( 1y * 1x ) * ( 1x * 1y ) ) * ( 1x * ( 1x * 1x ) ) ) ) ) )
Fitness = 2.13187353583e-05
Worst Ind: ( ( ( ( 2x - ( 1y - 1x ) ) * 1y ) * ( 1y * 1x ) ) * ( ( ( 1y * 1x ) * 1x ) * ( ( 1y * 1x ) * ( ( 9.0 - ( 9y - 2x ) ) - ( 1y * 1x ) ) ) ) )
Fitness = 0.00636044076628
Avg Fitness = 0.00344136441182
Duplicated = 80
============================================================================
Evaluate Gen  89
New Population 722
Better than Dads 127
Best Ind: ( ( ( 1y - ( ( 1y - ( 1y - 1x ) ) * ( 1y * 1x ) ) ) * ( ( 13.0 - ( ( 1x * 1x ) * 1y ) ) * ( ( ( 1y * 1x ) - 1x ) * ( ( 1x * 2x ) * ( 4y - 1x ) ) ) ) ) * ( ( 1y * 1x ) * ( 1x * ( ( ( 1y * 1x ) * ( 1x * 1y ) ) * ( 1x * ( 1x * 1x ) ) ) ) ) )
Fitness = 2.13187353583e-05
Worst Ind: ( ( ( ( ( 1y * ( 1x * 1y ) ) * 1x ) * ( 1x * 1x ) ) * ( ( ( 1y * 1x ) * 3y ) * 1y ) ) * ( ( 1y * 1x ) * 1x ) )
Fitness = 0.00529661159388
Avg Fitness = 0.00283184731825
Duplicated = 88
============================================================================
Evaluate Gen  90
New Population 711
Better than Dads 111
Best Ind: ( ( ( 1y - ( ( 1y - ( 1y - 1x ) ) * ( 1y * 1x ) ) ) * ( ( 13.0 - ( ( 1x * 1x ) * 1y ) ) * ( ( ( 1y * 1x ) - 1x ) * ( ( 1x * 2x ) * ( 4y - 1x ) ) ) ) ) * ( ( 1y * 1x ) * ( 1x * ( ( ( 1y * 1x ) * ( 1x * 1y ) ) * ( 1x * ( 1x * 1x ) ) ) ) ) )
Fitness = 2.13187353583e-05
Worst Ind: ( ( ( ( ( 1y - 1x ) * 1x ) * ( ( ( 1y * 1x ) * 1x ) * 2x ) ) * 1y ) * ( ( ( ( 1y * 1x ) * 1x ) * 1x ) * ( 3y - 1x ) ) )
Fitness = 0.00433203161741
Avg Fitness = 0.00228338827445
Duplicated = 83
============================================================================
Evaluate Gen  91
New Population 711
Better than Dads 115
Best Ind: ( ( ( 1y - ( ( 1y - ( 1y - 1x ) ) * ( 1y * 1x ) ) ) * ( ( 13.0 - ( ( 1x * 1x ) * 1y ) ) * ( ( ( 1y * 1x ) - 1x ) * ( ( 1x * 2x ) * ( 4y - 1x ) ) ) ) ) * ( ( 1y * 1x ) * ( 1x * ( ( ( 1y * 1x ) * ( 1x * 1y ) ) * ( 1x * ( 1x * 1x ) ) ) ) ) )
Fitness = 2.13187353583e-05
Worst Ind: ( ( ( ( 7x - 1y ) * ( ( 1y * 1x ) * ( 1y * 1x ) ) ) * ( ( ( ( 1x * 1x ) * 2x ) * 1y ) * ( ( ( 2y * 64.0 ) - ( 19.0 - 6x ) ) - ( 1x * 1y ) ) ) ) * ( ( 3y - 1x ) * 1y ) )
Fitness = 0.00353107439592
Avg Fitness = 0.00184051953826
Duplicated = 88
============================================================================
Evaluate Gen  92
New Population 712
Better than Dads 121
Best Ind: ( ( ( 1y - ( ( 1y - ( 1y - 1x ) ) * ( 1y * 1x ) ) ) * ( ( 13.0 - ( ( 1x * 1x ) * 1y ) ) * ( ( ( 1y * 1x ) - 1x ) * ( ( 1x * 2x ) * ( 4y - 1x ) ) ) ) ) * ( ( 1y * 1x ) * ( 1x * ( ( ( 1y * 1x ) * ( 1x * 1y ) ) * ( 1x * ( 1x * 1x ) ) ) ) ) )
Fitness = 2.13187353583e-05
Worst Ind: ( ( ( 1y - ( 1x * 1y ) ) * ( ( 1y - ( ( 1x * 2x ) * 1x ) ) * 1y ) ) * ( ( 1x * ( 1x * 1x ) ) * ( ( ( ( 1x * 1x ) - 1y ) * ( 1y * 1x ) ) * ( 1y - ( 1x * 2y ) ) ) ) )
Fitness = 0.00287543426662
Avg Fitness = 0.00152164043
Duplicated = 83
============================================================================
Evaluate Gen  93
New Population 706
Better than Dads 124
Best Ind: ( ( ( 1y - ( ( 1y - ( 1y - 1x ) ) * ( 1y * 1x ) ) ) * ( ( 13.0 - ( ( 1x * 1x ) * 1y ) ) * ( ( ( 1y * 1x ) - 1x ) * ( ( 1x * 2x ) * ( 4y - 1x ) ) ) ) ) * ( ( 1y * 1x ) * ( 1x * ( ( ( 1y * 1x ) * ( 1x * 1y ) ) * ( 1x * ( 1x * 1x ) ) ) ) ) )
Fitness = 2.13187353583e-05
Worst Ind: ( ( ( 2x * 1x ) - ( ( ( 1x * ( 1x * 1x ) ) * 1x ) * ( ( ( 1x * 2y ) * 1y ) * ( 1x * 1x ) ) ) ) * ( ( 1y * 1x ) * ( ( 94.0 - ( 9y - 2x ) ) - ( 1y * 1x ) ) ) )
Fitness = 0.00247919643663
Avg Fitness = 0.00126470805794
Duplicated = 68
============================================================================
Evaluate Gen  94
New Population 713
Better than Dads 118
Best Ind: ( ( ( 1y - ( ( 1y - ( 1y - 1x ) ) * ( 1y * 1x ) ) ) * ( ( 13.0 - ( ( 1x * 1x ) * 1y ) ) * ( ( ( 1y * 1x ) - 1x ) * ( ( 1x * 2x ) * ( 4y - 1x ) ) ) ) ) * ( ( 1y * 1x ) * ( 1x * ( ( ( 1y * 1x ) * ( 1x * 1y ) ) * ( 1x * ( 1x * 1x ) ) ) ) ) )
Fitness = 2.13187353583e-05
Worst Ind: ( ( ( ( ( 1x * 1x ) * 1x ) - 1y ) * ( 1y * 1x ) ) * ( ( ( 1x * 1y ) * ( ( 1y * 3y ) * ( 1x * ( 1y * 1x ) ) ) ) * ( ( ( ( 8y - 1x ) * 1y ) * 1x ) * ( ( 9.0 - ( 9y - 2x ) ) - ( 1y * 1x ) ) ) ) )
Fitness = 0.00183777604065
Avg Fitness = 0.00103012266616
Duplicated = 70
============================================================================
Evaluate Gen  95
New Population 713
Better than Dads 117
Best Ind: ( ( ( 1y - ( ( 1y - ( 1y - 1x ) ) * ( 1y * 1x ) ) ) * ( ( 13.0 - ( ( 1x * 1x ) * 1y ) ) * ( ( ( 1y * 1x ) - 1x ) * ( ( 1x * 2x ) * ( 4y - 1x ) ) ) ) ) * ( ( 1y * 1x ) * ( 1x * ( ( ( 1y * 1x ) * ( 1x * 1y ) ) * ( 1x * ( 1x * 1x ) ) ) ) ) )
Fitness = 2.13187353583e-05
Worst Ind: ( ( ( ( 64.0 - ( 1y * 1x ) ) * ( ( ( 62.0 - 1x ) * 1y ) * 1x ) ) * ( 1y * ( ( 1y - 1x ) * 1y ) ) ) * ( ( 1x * ( 1y * ( ( 3x * 1y ) * 1x ) ) ) * ( 1y * 1x ) ) )
Fitness = 0.00152236583699
Avg Fitness = 0.000862764702291
Duplicated = 73
============================================================================
Evaluate Gen  96
New Population 709
Better than Dads 117
Best Ind: ( ( ( 1y - ( ( 1y - ( 1y - 1x ) ) * ( 1y * 1x ) ) ) * ( ( 13.0 - ( ( 1x * 1x ) * 1y ) ) * ( ( ( 1y * 1x ) - 1x ) * ( ( 1x * 2x ) * ( 4y - 1x ) ) ) ) ) * ( ( 1y * 1x ) * ( 1x * ( ( ( 1y * 1x ) * ( 1x * 1y ) ) * ( 1x * ( 1x * 1x ) ) ) ) ) )
Fitness = 2.13187353583e-05
Worst Ind: ( ( ( ( 8y - 1x ) - 1x ) - ( ( ( ( 1y * 1x ) * 1x ) * 1x ) * ( 3y - 1x ) ) ) * ( ( ( ( ( 1y * 1y ) * 1x ) * ( 1x * 1x ) ) * ( ( ( 1y * 1x ) * 3y ) * 1y ) ) * 1x ) )
Fitness = 0.00126580325658
Avg Fitness = 0.000728073781342
Duplicated = 81
============================================================================
Evaluate Gen  97
New Population 708
Better than Dads 123
Best Ind: ( ( ( 1y - ( ( 1y - ( 1y - 1x ) ) * ( 1y * 1x ) ) ) * ( ( 13.0 - ( ( 1x * 1x ) * 1y ) ) * ( ( ( 1y * 1x ) - 1x ) * ( ( 1x * 2x ) * ( 4y - 1x ) ) ) ) ) * ( ( 1y * 1x ) * ( 1x * ( ( ( 1y * 1x ) * ( 1x * 1y ) ) * ( 1x * ( 1x * 1x ) ) ) ) ) )
Fitness = 2.13187353583e-05
Worst Ind: ( ( ( 1x * ( ( ( 1y * 1x ) * 1x ) * ( ( 1x * 1y ) * 1x ) ) ) * ( ( ( 1x * 1y ) * 1x ) * 1x ) ) * ( 1x * 1x ) )
Fitness = 0.00104622997952
Avg Fitness = 0.000614362770386
Duplicated = 83
============================================================================
Evaluate Gen  98
New Population 704
Better than Dads 125
Best Ind: ( ( ( ( ( ( 62.0 - 1x ) * 1y ) * ( ( 1x * 2x ) * ( 4y - 1x ) ) ) * ( ( 2x - 1x ) * 1x ) ) * ( ( 2x * ( ( 1x * 1y ) * ( 1y * 1x ) ) ) * ( ( ( 1x * 3y ) * 1y ) * ( 1x * 1x ) ) ) ) * ( ( ( 1y * ( 2y - 1x ) ) * 1y ) * ( ( ( 1x * 1x ) * ( 1x * 1y ) ) * 1x ) ) )
Fitness = 7.47866297407e-06
Worst Ind: ( ( ( ( 99.0 * 9y ) - 1y ) * ( ( 1x * 1y ) * ( 1y * 1x ) ) ) * ( ( ( ( 1x * 1x ) * 1y ) * ( ( 1x * 3y ) * 1y ) ) * ( ( ( ( 8y - 1x ) * 1y ) * 1x ) * ( ( 9.0 - ( 9y - 2x ) ) - ( 1y * 1x ) ) ) ) )
Fitness = 0.000907283931704
Avg Fitness = 0.000525564864221
Duplicated = 82
============================================================================
Evaluate Gen  99
New Population 700
Better than Dads 118
Best Ind: ( ( ( ( ( ( 62.0 - 1x ) * 1y ) * ( ( 1x * 2x ) * ( 4y - 1x ) ) ) * ( ( 2x - 1x ) * 1x ) ) * ( ( 2x * ( ( 1x * 1y ) * ( 1y * 1x ) ) ) * ( ( ( 1x * 3y ) * 1y ) * ( 1x * 1x ) ) ) ) * ( ( ( 1y * ( 2y - 1x ) ) * 1y ) * ( ( ( 1x * 1x ) * ( 1x * 1y ) ) * 1x ) ) )
Fitness = 7.47866297407e-06
Worst Ind: ( ( ( ( ( 1y * 1x ) * 1x ) * 1x ) * ( ( 1y * 1x ) * ( ( 3y - 1x ) * 1y ) ) ) * ( 1y * ( ( 1y * 1x ) * ( ( ( 1x * 3y ) * 1x ) * ( ( 3y - 1x ) * 1y ) ) ) ) )
Fitness = 0.000751132819964
Avg Fitness = 0.000460903944892
Duplicated = 82
============================================================================
Evaluate Gen  100
New Population 709
Better than Dads 110
Best Ind: ( ( ( ( ( ( 62.0 - 1x ) * 1y ) * ( ( 1x * 2x ) * ( 4y - 1x ) ) ) * ( ( 2x - 1x ) * 1x ) ) * ( ( 2x * ( ( 1x * 1y ) * ( 1y * 1x ) ) ) * ( ( ( 1x * 3y ) * 1y ) * ( 1x * 1x ) ) ) ) * ( ( ( 1y * ( 2y - 1x ) ) * 1y ) * ( ( ( 1x * 1x ) * ( 1x * 1y ) ) * 1x ) ) )
Fitness = 7.47866297407e-06
Worst Ind: ( ( ( ( ( 2x - 1x ) * ( 1y - ( 3y - 1x ) ) ) * ( 1y * 1x ) ) * ( ( ( 1x * ( 1x * 1x ) ) * 1x ) * ( ( ( 1y - 1x ) * 1x ) * ( 6x - ( 2y * 1x ) ) ) ) ) * ( ( 51.0 - ( ( 1y * 1x ) * 2y ) ) * ( 3y - 1y ) ) )
Fitness = 0.000694068006416
Avg Fitness = 0.000391111451916
Duplicated = 91
