dataset_file= dataset/SR_div_noise.txt
population= 300
generations= 100
tournament_size= 5
cross_over= 0.6
mutation= 0.3
elitism= True
(50, 2)
============================================================================
Build initial population
ind: 1
( ( ( ( (8x + -5.0) + ( ( 4.0 + 4.0 ) * 2.0 ) ) + ( (9y + -4.0) * ( (10x + -1.0) + ( (10x + 4.0) * 7.0 ) ) ) ) * 10.0 ) * (1y + 9.0) )
Fitness 10.7881041489
ind: 2
( ( ( ( ( ( 2.0 + (8x + 9.0) ) + 3.0 ) + ( (9x + -2.0)^2  ) ) + (2y + -2.0) ) * ( ( 5.0 * ( 7.0^2  ) ) * ( ( (4y + 8.0) * (9x + 7.0) ) + ( (9y + 7.0) * 10.0 ) ) ) )^2  )
Fitness 101385.54615
ind: 3
( ( ( 5.0 * (6x + 2.0) ) + ( ( (4y + 2.0) * ( ( (6x + 3.0)^2  ) + (10y + 8.0) ) )^2  ) )^2  )
Fitness 2588.83881997
ind: 4
( ( (6x + -1.0) * (3x + 0.0) ) * ( (3y + -8.0) * ( 4.0 * ( ( 1.0 * ( 2.0 * 10.0 ) ) * ( (4x + -1.0) * 3.0 ) ) ) ) )
Fitness 11.2661591276
ind: 5
( (5y + -1.0) * ( ( ( 3.0 * ( (5x + 10.0) + ( (9x + -7.0) * (4x + 1.0) ) ) ) + (10y + -9.0) )^2  ) )
Fitness 3.78238454664
ind: 6
( ( ( ( ( (4x + 6.0)^2  ) * ( ( 1.0^2  ) * ( (8y + 5.0)^2  ) ) )^2  )^2  ) + 10.0 )
Fitness 2626541.31688
ind: 7
( (5y + 0.0) * (2x + -6.0) )
Fitness 0.523423153158
ind: 8
( ( ( ( ( 10.0 + ( (4x + 7.0) + 6.0 ) )^2  ) * (7x + 7.0) ) * ( 9.0^2  ) ) * ( (10y + 2.0) + ( (7y + 5.0) * (3x + -4.0) ) ) )
Fitness 325.041410499
ind: 9
( ( (2x + -1.0) + (3y + 10.0) ) + (3y + -8.0) )
Fitness 0.255835191487
ind: 10
( 1.0 + ( ( 10.0 + ( 3.0 + ( 10.0 * (3x + 1.0) ) ) ) * (5y + 6.0) ) )
Fitness 1.79674392833
ind: 11
( (1y + 3.0) + ( ( ( ( ( 4.0 + (3x + 9.0) ) * (4x + 10.0) ) * ( ( 10.0^2  ) + 6.0 ) ) * (3y + 9.0) ) + ( ( ( ( 3.0 + 7.0 ) + (5x + -10.0) ) * 3.0 ) * (6x + -3.0) ) ) )
Fitness 51.0979070798
ind: 12
( 1.0 + ( ( (8x + -6.0)^2  ) * ( (8x + -9.0) + (8y + 0.0) ) ) )
Fitness 3.16296059102
ind: 13
( ( ( ( (7y + 6.0) * (10y + -5.0) ) * (1x + -3.0) )^2  ) + ( (10x + 10.0) * ( ( (9x + 9.0) + ( 1.0^2  ) ) * 1.0 ) ) )
Fitness 12.8868184411
ind: 14
( ( ( ( ( 8.0 * ( (8y + -3.0) + (1x + -8.0) ) )^2  ) + ( (8x + -2.0)^2  ) )^2  ) + 5.0 )
Fitness 1480.83870461
ind: 15
( (8x + 0.0) * ( 4.0 + ( ( ( ( 8.0 + 3.0 )^2  ) * 3.0 ) + (3y + 9.0) ) ) )
Fitness 3.95849459126
ind: 16
( ( ( ( (6x + 5.0)^2  ) * ( ( ( (4y + 10.0) + (1x + 7.0) ) + 6.0 ) + 6.0 ) ) + ( ( ( 5.0 + ( (7y + 10.0) * (8y + 4.0) ) ) * ( ( 3.0^2  ) * ( 3.0 * (9x + -6.0) ) ) ) * ( (9y + 0.0)^2  ) ) ) + ( 4.0 * ( (9y + -5.0)^2  ) ) )
Fitness 69.9406147468
ind: 17
( 2.0 + ( ( (7y + -9.0) + ( ( ( 3.0 + 6.0 ) * 7.0 ) * ( ( 3.0 * 1.0 ) * ( (6x + -8.0) * (4x + -6.0) ) ) ) ) * ( (6x + -2.0) * (3y + 4.0) ) ) )
Fitness 38.669663947
ind: 18
( ( ( (9x + -9.0) * 9.0 ) * (6x + 9.0) ) + ( ( 3.0 * ( ( ( 6.0 + 8.0 )^2  ) + (6y + -8.0) ) ) + (10y + -6.0) ) )
Fitness 1.67113737813
ind: 19
( ( ( (1x + 2.0) * ( ( (4y + 4.0)^2  ) * (2y + -10.0) ) ) * 2.0 ) + 8.0 )
Fitness 4.05567102414
ind: 20
( ( (3y + 5.0) + (6x + 9.0) )^2  )
Fitness 2.04852116954
ind: 21
( ( ( ( ( ( 9.0 * 8.0 ) * ( 2.0 + (6x + 2.0) ) )^2  ) + ( 9.0^2  ) ) + (3y + -4.0) ) * (10x + -8.0) )
Fitness 108.584741034
ind: 22
( 6.0 + ( ( ( (9x + -5.0) + ( ( (5y + 9.0)^2  )^2  ) )^2  ) * (2y + 7.0) ) )
Fitness 6134.05453501
ind: 23
( ( 5.0 * ( ( ( ( 5.0 + (8x + -9.0) ) * (3y + 7.0) ) * ( ( 3.0 + (10y + -8.0) ) + 9.0 ) )^2  ) ) + 8.0 )
Fitness 48.349932035
ind: 24
( ( (8y + -5.0) + (2x + -5.0) ) * (1y + -7.0) )
Fitness 1.18223578503
ind: 25
( ( ( 6.0 * ( (9x + 7.0) + (10x + 2.0) ) )^2  ) * ( ( (4y + -4.0) * ( ( (3y + 3.0) * ( 1.0^2  ) ) * ( (6y + -9.0)^2  ) ) ) * 8.0 ) )
Fitness 574.309944536
ind: 26
( ( ( ( ( (8y + 2.0) * ( (4x + 9.0)^2  ) ) * 1.0 )^2  )^2  )^2  )
Fitness 34621021139.8
ind: 27
( 8.0 * ( (10y + 3.0) + (2x + -1.0) ) )
Fitness 0.910569383798
ind: 28
( ( ( ( (9x + -7.0)^2  ) + ( (1x + 0.0)^2  ) ) + ( ( 3.0^2  ) + ( ( 8.0 * ( 7.0 + (2y + -9.0) ) ) * 5.0 ) ) ) * ( ( ( ( (7x + -7.0)^2  ) + (4y + 5.0) )^2  )^2  ) )
Fitness 2537.97227872
ind: 29
( ( 5.0 * 9.0 ) * ( (8x + 1.0) + ( 4.0 * (1y + -4.0) ) ) )
Fitness 3.64639940586
ind: 30
( ( (1y + -2.0) * (8x + 5.0) )^2  )
Fitness 1.38467995622
ind: 31
( 4.0 * ( ( ( 9.0^2  ) + (1x + 10.0) ) + ( ( (5x + 8.0) + ( (10x + -5.0) + ( 4.0 * (4y + 1.0) ) ) ) + ( 7.0^2  ) ) ) )
Fitness 3.4341594539
ind: 32
( ( ( (6y + -1.0) + ( (10y + 5.0) * (10x + -6.0) ) ) + (10x + -8.0) ) * (6y + 1.0) )
Fitness 1.36761026228
ind: 33
( ( ( ( ( ( (9x + 10.0) + 10.0 )^2  ) * ( (3x + 1.0) + 3.0 ) )^2  ) + 7.0 ) * ( ( 2.0 * ( (9y + -6.0) + 4.0 ) ) * ( ( ( 2.0 + ( 8.0^2  ) )^2  )^2  ) ) )
Fitness 2832281.48645
ind: 34
( ( ( (9x + -6.0) * ( 9.0 * (7y + 3.0) ) )^2  )^2  )
Fitness 10578.3650691
ind: 35
( ( (5y + 10.0)^2  ) * ( ( (1x + -2.0) * 4.0 )^2  ) )
Fitness 11.152014925
ind: 36
( ( ( ( ( (8x + 4.0) * ( (10y + -6.0)^2  ) ) + ( (9y + -1.0) * ( (5x + -8.0)^2  ) ) )^2  ) * ( ( ( ( (9y + 9.0)^2  )^2  ) * 2.0 ) + 1.0 ) ) + (10x + 1.0) )
Fitness 14033.9213359
ind: 37
( (1y + 8.0) + ( ( ( 9.0 + (10x + -8.0) ) + ( ( (9x + 5.0) * ( (7x + 2.0) * (7y + 8.0) ) ) + ( ( (7x + 1.0)^2  ) + ( 1.0 + 4.0 ) ) ) ) + 10.0 ) )
Fitness 2.04378878145
ind: 38
( (4x + -10.0) + ( ( (8y + 7.0)^2  )^2  ) )
Fitness 12.9636499645
ind: 39
( ( ( (8y + 10.0) * ( ( ( (10y + -1.0)^2  )^2  ) + 2.0 ) ) * (2y + 0.0) ) + ( ( ( ( ( 2.0^2  ) * ( 3.0 + (6x + 10.0) ) )^2  ) * ( (1y + 9.0) * ( ( 6.0 * 9.0 ) + ( 2.0^2  ) ) ) ) * ( ( ( ( 1.0 * (4y + -10.0) )^2  ) + ( ( 8.0^2  ) * 6.0 ) )^2  ) ) )
Fitness 82296.6945188
ind: 40
( ( ( 8.0^2  ) + ( (6y + 10.0) * ( (5x + -4.0) * ( (7x + -5.0) * 3.0 ) ) ) ) * ( 1.0 + 4.0 ) )
Fitness 7.91008054207
ind: 41
( ( ( ( (7x + 5.0)^2  ) + ( ( (2x + 2.0) * (6x + -4.0) ) * (8y + 0.0) ) ) * 2.0 ) + ( ( ( ( (1x + -10.0) + ( 5.0 + (4x + -8.0) ) ) * ( ( (7x + -8.0)^2  ) + (9x + 5.0) ) ) + 6.0 ) * ( 4.0 * 6.0 ) ) )
Fitness 21.4090753677
ind: 42
( (1x + 2.0) + (4y + -8.0) )
Fitness 0.371326410082
ind: 43
( (1y + -8.0) + (3x + 1.0) )
Fitness 0.397930679523
ind: 44
( (5y + -3.0) * ( ( (8x + -7.0) + ( ( (8x + 10.0)^2  ) * ( 4.0 + (5x + 4.0) ) ) )^2  ) )
Fitness 175.23664091
ind: 45
( ( ( (3x + -9.0)^2  ) + (1y + -6.0) ) + 9.0 )
Fitness 1.28622727941
ind: 46
( (1x + -5.0) * ( (8y + -8.0) * ( (3x + -3.0)^2  ) ) )
Fitness 3.08249336246
ind: 47
( ( ( ( ( ( (5x + 7.0) + (9x + 2.0) )^2  ) + (5y + -6.0) ) * (3x + -6.0) ) + ( (6x + 6.0)^2  ) )^2  )
Fitness 82.8112810921
ind: 48
( ( 8.0 * ( ( 2.0^2  ) * (8y + -6.0) ) ) * ( ( ( ( ( (9x + -2.0) * 8.0 ) * (1y + -9.0) ) + 7.0 ) + 3.0 ) * ( ( ( 3.0 * ( (2x + 4.0) + (4y + -6.0) ) ) + ( ( 9.0 + (10y + 8.0) )^2  ) ) * 4.0 ) ) )
Fitness 828.946299159
ind: 49
( ( ( 7.0^2  ) * ( ( (8y + 2.0) * ( ( 6.0 * 8.0 ) + (6x + -6.0) ) )^2  ) ) + ( (8y + 0.0) * 2.0 ) )
Fitness 194.707579903
ind: 50
( ( ( ( 9.0 + ( (8x + -7.0) * 10.0 ) ) + ( (8y + 2.0) + (9y + 8.0) ) )^2  ) + (3y + -6.0) )
Fitness 8.17926466284
ind: 51
( ( ( ( ( (5y + 5.0) + ( 8.0^2  ) ) * (4y + -1.0) ) * 9.0 )^2  ) * ( 6.0 + ( ( ( ( (2y + -4.0) + (9x + 4.0) ) + ( (1x + -3.0) + 4.0 ) )^2  ) * 6.0 ) ) )
Fitness 1585.08990169
ind: 52
( ( 4.0 + ( ( ( (9y + -9.0)^2  ) + ( ( (3x + -7.0)^2  ) * ( 4.0^2  ) ) )^2  ) ) * ( ( (6x + 5.0) + (6x + -1.0) )^2  ) )
Fitness 505.43389229
ind: 53
( ( (10y + 7.0) + (4x + -2.0) )^2  )
Fitness 1.12245172001
ind: 54
( ( (3x + 7.0)^2  ) + ( (6y + -8.0) + (8x + -6.0) ) )
Fitness 0.847908300327
ind: 55
( ( (8y + -5.0) * ( 6.0 * ( ( (8x + 3.0) + ( 2.0^2  ) ) + 9.0 ) ) )^2  )
Fitness 76.4747631738
ind: 56
( 6.0 + ( ( ( ( ( (1y + 1.0) * (1y + -10.0) )^2  ) * ( 9.0 + ( (4y + 1.0) + (8x + -8.0) ) ) ) + (7y + -9.0) ) + 5.0 ) )
Fitness 3.63197958241
ind: 57
( ( ( ( ( (5y + -7.0) + (4y + 10.0) ) * (1x + 5.0) ) * ( ( ( 2.0 * 9.0 ) * (6x + 4.0) ) * ( ( 2.0 * 6.0 ) + (9x + 0.0) ) ) ) * ( ( (9x + -1.0) * ( ( (8y + 6.0) * (5x + -7.0) )^2  ) ) * ( ( 8.0 * (1x + -9.0) )^2  ) ) )^2  )
Fitness 1.89917769187e+11
ind: 58
( ( ( ( ( 4.0^2  ) + 8.0 )^2  ) * 10.0 ) + ( ( (1x + -6.0) * ( ( (1y + 1.0) * (10y + -5.0) )^2  ) ) + 10.0 ) )
Fitness 10.6034584471
ind: 59
( ( ( ( ( ( 6.0^2  ) * ( (9x + 8.0) + 9.0 ) ) + ( 7.0 * 1.0 ) ) * 6.0 ) + 6.0 ) + ( ( ( 7.0 * (7x + -6.0) ) + (7y + 4.0) )^2  ) )
Fitness 10.4114216459
ind: 60
( ( ( (7x + 6.0) * ( (10x + 2.0) * ( ( (2y + 6.0) + 10.0 ) + ( 1.0 + 9.0 ) ) ) )^2  )^2  )
Fitness 167752.43624
ind: 61
( ( ( ( (1x + 10.0)^2  ) + ( ( ( (10x + 0.0) + (8x + 3.0) ) * ( 2.0 * 7.0 ) ) * 6.0 ) ) * (3y + -2.0) ) * ( (5x + 10.0) * ( ( (8y + -7.0)^2  )^2  ) ) )
Fitness 1103.28026642
ind: 62
( ( ( ( ( ( 3.0 + (8x + 10.0) ) + (2y + 5.0) )^2  )^2  ) * ( (1x + -3.0)^2  ) ) * (10x + 5.0) )
Fitness 367.259314427
ind: 63
( 10.0 + ( ( ( ( 10.0^2  ) * (6x + 6.0) ) * ( ( (2y + 1.0) + 3.0 ) * ( (7x + -6.0)^2  ) ) ) + ( (8x + 5.0) + (3y + 3.0) ) ) )
Fitness 38.0174925124
ind: 64
( ( (7x + 1.0) * ( ( 10.0 * (6y + 3.0) )^2  ) ) * ( 4.0 + (5x + -3.0) ) )
Fitness 16.301817936
ind: 65
( (10x + 6.0) * (1y + -4.0) )
Fitness 0.700506036775
ind: 66
( ( ( ( ( (2x + 8.0) + 7.0 ) * ( ( (6y + 4.0) * (9y + -5.0) )^2  ) )^2  )^2  ) * ( (1x + -8.0) * 9.0 ) )
Fitness 3354026627.77
ind: 67
( (9x + 1.0) * (5y + 1.0) )
Fitness 0.349493199782
ind: 68
( ( ( 4.0 * (7x + 0.0) ) + ( ( (7x + 0.0)^2  ) + ( ( (3y + -7.0) * 2.0 ) + 6.0 ) ) ) * (3y + 1.0) )
Fitness 0.503725709699
ind: 69
( ( (8x + -7.0) + ( ( ( (7y + 5.0)^2  ) * ( 5.0 + (1x + -2.0) ) )^2  ) )^2  )
Fitness 10319.0474365
ind: 70
( ( ( (1x + -8.0) + (2y + -10.0) ) * ( ( ( 2.0 + (10y + 7.0) ) * ( (4y + 5.0) * ( (1x + -4.0) + (1y + -9.0) ) ) ) + (5x + -2.0) ) ) * ( ( 5.0 + ( (2y + -9.0) * 8.0 ) )^2  ) )
Fitness 953.481369069
ind: 71
( (2y + -7.0) + (3x + 5.0) )
Fitness 0.240669174204
ind: 72
( (5y + -4.0) + ( (5y + 8.0) * ( (3y + 9.0) + (4x + 7.0) ) ) )
Fitness 1.62507722285
ind: 73
( ( 5.0 + ( 8.0 + (2x + -2.0) ) ) * ( ( 3.0 + (3y + -2.0) ) * ( (5x + -10.0) * ( (1y + -2.0) + ( ( 6.0 * 6.0 ) + ( 1.0^2  ) ) ) ) ) )
Fitness 10.1640977181
ind: 74
( ( ( ( ( ( 5.0 + (3y + -4.0) ) * 3.0 ) * ( 5.0 * 9.0 ) ) + ( ( (7x + 4.0) + (5x + -8.0) )^2  ) ) + ( 8.0 + (7x + -8.0) ) ) + ( (8y + -1.0) * 4.0 ) )
Fitness 1.98760268855
ind: 75
( (3y + -2.0) + (9x + 5.0) )
Fitness 0.276029143264
ind: 76
( ( ( ( 10.0 + ( (1y + -6.0) + (8x + -4.0) ) ) * (5y + -4.0) ) * ( ( ( (7y + -7.0) * ( (3x + -3.0) + (10x + 8.0) ) )^2  ) * (1y + 2.0) ) ) + ( ( ( (1x + 10.0) + ( ( 7.0^2  ) * ( (8y + -4.0)^2  ) ) ) * ( (2y + 9.0) + 10.0 ) )^2  ) )
Fitness 5771.8114148
ind: 77
( (5x + -5.0) + ( ( (2x + 10.0) + (2y + -10.0) ) + ( ( ( 7.0^2  ) + 7.0 )^2  ) ) )
Fitness 7.91225065001
ind: 78
( ( (4y + -4.0)^2  ) * (3x + -2.0) )
Fitness 0.994743107126
ind: 79
( ( ( ( (9y + -9.0)^2  ) + ( ( ( (9x + 0.0)^2  ) + ( 2.0^2  ) ) * ( ( 5.0 * (10y + 7.0) ) + ( 4.0 * 2.0 ) ) ) ) + ( ( ( ( (4x + 5.0) + (9y + 5.0) )^2  ) * ( (7x + -8.0) * ( (4y + 0.0) + (9y + 3.0) ) ) )^2  ) )^2  )
Fitness 154421001.877
ind: 80
( (7y + -6.0) * ( (9x + -10.0) * 2.0 ) )
Fitness 1.62133942048
ind: 81
( (1x + 8.0) + ( ( 9.0 * (9y + -6.0) ) + 7.0 ) )
Fitness 0.924967387935
ind: 82
( ( (8y + 6.0) * ( (7x + -8.0) * ( ( ( (10x + 8.0) + 7.0 )^2  ) * ( ( (9x + 8.0)^2  ) * 8.0 ) ) ) ) * ( ( ( (5y + -10.0)^2  ) * ( (1x + -4.0) * ( ( 3.0^2  ) * (6x + -5.0) ) ) )^2  ) )
Fitness 4652870.72696
ind: 83
( ( ( ( ( ( 8.0 + (6y + 6.0) ) * ( 5.0 + (5x + 7.0) ) ) * ( 2.0 + (3y + -6.0) ) ) + ( ( 5.0 + ( 5.0^2  ) ) * 6.0 ) )^2  ) * ( 10.0 + 2.0 ) )
Fitness 216.224849288
ind: 84
( ( (5y + 0.0) + (4y + 7.0) ) + ( ( ( ( 10.0 + ( 8.0^2  ) ) * (4x + -9.0) )^2  ) * 6.0 ) )
Fitness 230.641249988
ind: 85
( ( 1.0 * (3x + -5.0) ) * ( ( (2y + 2.0) * 5.0 ) + 4.0 ) )
Fitness 1.16407816519
ind: 86
( ( ( (10y + -7.0)^2  ) + ( ( ( (1y + 9.0) + (10x + -2.0) ) * ( ( (4x + -8.0) + 1.0 )^2  ) ) * 7.0 ) )^2  )
Fitness 313.275034555
ind: 87
( ( 9.0 + (3y + 9.0) ) + ( ( ( ( ( (7y + -6.0) * 3.0 )^2  )^2  )^2  ) * ( 7.0 * (8x + 6.0) ) ) )
Fitness 508945.973355
ind: 88
( ( (5x + 0.0) + (2y + -4.0) ) + (2x + -2.0) )
Fitness 0.369174283248
ind: 89
( ( ( ( ( 6.0 + (6y + -7.0) ) + ( ( (7x + 3.0) * 6.0 )^2  ) )^2  ) + ( (1x + -4.0) * (3x + -8.0) ) )^2  )
Fitness 121523.914968
ind: 90
( ( 1.0 * ( ( ( (9y + -4.0) * 7.0 ) * 9.0 ) * ( ( ( (10y + 8.0)^2  ) + ( (10x + 5.0)^2  ) ) * (2x + 0.0) ) ) ) + 6.0 )
Fitness 10.3154197963
ind: 91
( ( ( 5.0 * ( 2.0 + ( ( (2y + 4.0)^2  )^2  ) ) ) + (7x + -5.0) ) * ( 5.0 + (2x + 2.0) ) )
Fitness 16.5291751959
ind: 92
( ( 7.0 * ( ( (4y + -2.0) * ( ( 8.0 + (6x + 6.0) ) + ( 6.0 * (6x + -8.0) ) ) ) * ( (1x + -8.0)^2  ) ) ) * ( 3.0^2  ) )
Fitness 87.1949034637
ind: 93
( ( (9y + -4.0)^2  ) * ( ( (10y + -1.0) + (7y + 6.0) ) + (3x + -1.0) ) )
Fitness 2.20577673482
ind: 94
( ( (6x + -3.0) * ( 7.0^2  ) ) * (4y + -10.0) )
Fitness 5.5386144796
ind: 95
( (9y + -2.0) * ( ( ( 3.0 * ( 8.0^2  ) ) + (5x + -6.0) ) + 1.0 ) )
Fitness 3.885157321
ind: 96
( 10.0 + ( ( ( ( (6x + -10.0) * (5y + -7.0) ) + (9y + 9.0) )^2  ) + ( ( ( ( 6.0^2  ) + 9.0 )^2  ) * ( 9.0 + 5.0 ) ) ) )
Fitness 26.7725932257
ind: 97
( (5x + 3.0) * (7y + 6.0) )
Fitness 0.669111807501
ind: 98
( ( 7.0 * 2.0 ) * ( ( (9x + -8.0) + ( ( (9y + -10.0)^2  ) * 5.0 ) ) + ( (1y + -1.0) * ( (10y + -2.0)^2  ) ) ) )
Fitness 12.2852361088
ind: 99
( ( ( ( ( (3y + -6.0) + ( 3.0 + (2y + -8.0) ) ) + (2x + 1.0) ) * ( ( ( (1x + -6.0)^2  ) + ( 3.0^2  ) ) * ( ( (7x + 3.0) * (5x + -2.0) ) + ( (9x + 1.0) * 4.0 ) ) ) ) * (8x + -6.0) )^2  )
Fitness 4925.51016564
ind: 100
( (5y + -1.0) * (5x + -7.0) )
Fitness 0.580745376046
ind: 101
( ( ( ( (6x + -8.0) + ( ( (8y + -7.0)^2  ) * ( 6.0^2  ) ) ) * ( (5x + 9.0) + (5y + 9.0) ) ) * ( ( ( ( (4y + 9.0) + (2x + 7.0) ) + ( 5.0 * 7.0 ) )^2  )^2  ) ) * ( (8x + 6.0) * 8.0 ) )
Fitness 400066.169712
ind: 102
( 2.0 * ( ( ( ( (8y + 2.0) * ( 6.0 + (4x + 5.0) ) )^2  )^2  ) + ( 2.0 * 1.0 ) ) )
Fitness 927.480202455
ind: 103
( ( ( ( 3.0 + (10y + -8.0) )^2  ) * ( ( (9x + -2.0)^2  ) * ( 2.0^2  ) ) )^2  )
Fitness 844.824874863
ind: 104
( 4.0 + ( (7y + -1.0) + ( ( 9.0 + (5x + -2.0) ) * ( ( (1x + 1.0)^2  ) * (10x + 2.0) ) ) ) )
Fitness 0.917540803214
ind: 105
( (7y + -3.0) * ( ( ( ( ( (7y + 5.0) * (9y + 2.0) ) * ( (1x + 0.0)^2  ) ) + ( (4y + 0.0) + (3x + -4.0) ) ) + 6.0 )^2  ) )
Fitness 1.11300571798
ind: 106
( (2y + 2.0) * ( (3y + -1.0) + (1x + -6.0) ) )
Fitness 0.519554889124
ind: 107
( (6y + 3.0) + ( (9y + -8.0) * ( ( ( ( (6x + 8.0)^2  )^2  ) * ( ( 1.0 + 8.0 ) + ( (10x + -8.0)^2  ) ) )^2  ) ) )
Fitness 98482.3657549
ind: 108
( (3y + -5.0) * (3x + -8.0) )
Fitness 0.885647355867
ind: 109
( ( ( (7y + 8.0) * ( ( ( (5x + -8.0)^2  ) * ( (9x + 4.0)^2  ) )^2  ) )^2  ) * ( 6.0 * ( ( ( (1x + -5.0)^2  )^2  ) * (9x + 7.0) ) ) )
Fitness 658409262.88
ind: 110
( ( 5.0 * ( (8x + -9.0) + 9.0 ) ) * ( ( ( ( (6x + 8.0) * ( (7y + 8.0)^2  ) ) * ( (9x + -9.0) + 6.0 ) ) + ( ( ( (5y + -9.0) * 8.0 ) * (5x + -3.0) )^2  ) )^2  ) )
Fitness 57203.9413129
ind: 111
( ( 2.0 + ( ( ( ( 7.0 * (4y + -9.0) ) + ( 5.0 * (9x + 5.0) ) ) + ( (6x + 2.0) + (2x + 10.0) ) ) * 5.0 ) )^2  )
Fitness 26.0505506993
ind: 112
( (4x + 6.0) * ( 6.0 + ( ( ( ( (2y + 6.0) + (9y + -10.0) ) + ( (6y + 4.0) * (7x + 5.0) ) ) + (3x + 9.0) )^2  ) ) )
Fitness 16.1559539747
ind: 113
( ( (8y + -9.0)^2  ) + ( ( (10y + -6.0) + 10.0 ) * ( ( 5.0 + 5.0 ) * (10x + -5.0) ) ) )
Fitness 1.93484053054
ind: 114
( ( (1y + -7.0) * ( ( (6y + 1.0) * (1y + -4.0) ) + ( ( ( 1.0 + (10x + -2.0) ) * ( 6.0 * 1.0 ) )^2  ) ) ) + (5x + -9.0) )
Fitness 7.00801783704
ind: 115
( ( ( ( ( ( (4x + -5.0) * 2.0 ) + ( (8x + -9.0)^2  ) )^2  )^2  ) + (2x + 10.0) ) * ( ( ( (10x + 6.0) + ( (2x + 0.0) + ( (6x + -9.0)^2  ) ) ) * 6.0 ) * ( ( (5x + 10.0) * ( 7.0^2  ) ) * ( ( (1x + 2.0) * (8y + 6.0) ) * (4y + 4.0) ) ) ) )
Fitness 2612099.36042
ind: 116
( ( 2.0^2  ) + ( ( ( 6.0 * ( 9.0 * ( 6.0 * (8x + -5.0) ) ) )^2  ) * (6y + 1.0) ) )
Fitness 356.823502704
ind: 117
( ( ( 9.0 * 3.0 ) + ( (6y + 4.0) * ( 5.0 * ( ( 10.0^2  )^2  ) ) ) ) + (3x + 1.0) )
Fitness 65.246307648
ind: 118
( (3y + 8.0) + ( ( (10x + 6.0) * ( (2x + 5.0)^2  ) )^2  ) )
Fitness 29.9956777212
ind: 119
( (7x + 9.0) * (7y + -7.0) )
Fitness 1.08655726049
ind: 120
( ( (9x + -5.0) + ( 2.0 + ( (2x + 3.0)^2  ) ) ) + ( ( ( ( ( 3.0^2  ) * ( (8y + 5.0) + 2.0 ) )^2  ) * 4.0 )^2  ) )
Fitness 4202.87611487
ind: 121
( ( (8x + 5.0) * ( ( ( ( 2.0 + 6.0 ) + (5y + -2.0) ) * ( (2y + 4.0) + 8.0 ) ) + ( 7.0 + 6.0 ) ) ) + 5.0 )
Fitness 3.25545048189
ind: 122
( ( ( (7y + -3.0) * 2.0 ) + ( (3x + 6.0)^2  ) )^2  )
Fitness 5.08966470712
ind: 123
( ( (5x + 4.0) * ( ( ( ( (10x + 2.0) * 10.0 )^2  ) * ( 6.0^2  ) ) * 6.0 ) ) * ( (7y + 10.0) * ( ( 1.0 * 9.0 )^2  ) ) )
Fitness 5867.26076778
ind: 124
( ( ( ( ( ( (4y + 3.0) + 6.0 )^2  ) * (10x + 8.0) )^2  ) * 4.0 ) * (2x + -1.0) )
Fitness 178.025267795
ind: 125
( ( ( ( (3x + 9.0) + (5x + -3.0) ) * (2x + -5.0) ) + ( ( 10.0 + ( (6x + -2.0) * ( (4x + -8.0) * (9y + 5.0) ) ) ) * 3.0 ) ) + (1y + -8.0) )
Fitness 1.73521007063
ind: 126
( (9y + 5.0) + ( ( (3y + 10.0) + (3x + 8.0) ) * ( ( ( ( 7.0^2  ) * ( (1y + -6.0) + (8x + -8.0) ) )^2  ) + ( ( ( 3.0^2  ) * (9x + 8.0) ) + (1x + 10.0) ) ) ) )
Fitness 406.138672011
ind: 127
( (9x + 1.0) * (7y + 5.0) )
Fitness 0.560721636726
ind: 128
( ( (8x + 3.0)^2  ) + (1y + 10.0) )
Fitness 0.702627507499
ind: 129
( (2x + -1.0) + (6y + -4.0) )
Fitness 0.344451723966
ind: 130
( ( ( 2.0 * ( (4x + 1.0)^2  ) )^2  ) * ( ( 9.0 + ( 8.0^2  ) ) * ( ( (8y + 10.0) * (8x + 0.0) ) + 10.0 ) ) )
Fitness 68.7010181573
ind: 131
( ( 10.0 + ( ( ( 10.0 + ( (4x + -3.0) + 9.0 ) ) * 9.0 ) + ( (2y + -6.0) * ( 4.0 * ( (3x + -5.0) + (1y + 8.0) ) ) ) ) ) * ( 5.0 + (8x + -4.0) ) )
Fitness 1.91153271627
ind: 132
( ( ( (2x + 1.0)^2  ) + (9x + -1.0) ) * ( ( ( ( 1.0 + (2y + 3.0) ) * ( (6y + -3.0)^2  ) )^2  ) + 9.0 ) )
Fitness 16.8112083688
ind: 133
( (4y + 0.0) + (9x + 9.0) )
Fitness 0.406670256075
ind: 134
( ( ( ( ( ( 6.0 + (1x + -8.0) ) * (4y + 7.0) ) + ( (6x + -6.0)^2  ) )^2  ) + ( ( ( ( 7.0^2  ) + ( 5.0 * 9.0 ) ) * ( ( 4.0^2  )^2  ) ) * ( (1y + 7.0)^2  ) ) ) + ( ( ( 5.0 + ( 8.0 + (5y + -1.0) ) )^2  )^2  ) )
Fitness 156.243209148
ind: 135
( ( ( (3y + 4.0) + ( ( ( (9y + 1.0) * (6y + -4.0) ) + (8y + 3.0) ) * 3.0 ) )^2  ) * ( (8y + 4.0) * ( (7x + -1.0) * (3y + 8.0) ) ) )
Fitness 71.9316135501
ind: 136
( ( 1.0 + 6.0 ) * ( (5x + -10.0) + ( (7y + 1.0)^2  ) ) )
Fitness 1.19654551984
ind: 137
( ( ( ( ( ( (2x + 8.0) * 4.0 )^2  ) * ( ( (3x + 5.0) + (4y + 1.0) ) + (3x + -6.0) ) ) + ( (9x + -1.0) + (10y + 3.0) ) ) * 8.0 )^2  )
Fitness 4325.43660151
ind: 138
( (9y + -4.0) * ( ( (7x + 4.0) + ( (10x + -1.0)^2  ) ) + (9y + -1.0) ) )
Fitness 1.05458816498
ind: 139
( (2y + -2.0) * ( (7x + -6.0) * 2.0 ) )
Fitness 0.715156585129
ind: 140
( ( (8x + -2.0) * ( ( 9.0 * ( ( 9.0^2  )^2  ) ) * 7.0 ) ) * ( ( 9.0 * ( 10.0 * ( (1y + -5.0)^2  ) ) ) + ( 2.0 + ( ( (4y + 0.0)^2  ) + ( (8x + -1.0)^2  ) ) ) ) )
Fitness 7130.77995691
ind: 141
( ( 8.0 + (5x + 8.0) ) * ( ( 7.0 + ( (5y + 8.0) + 5.0 ) ) + (8x + 5.0) ) )
Fitness 2.87159623907
ind: 142
( ( ( ( ( ( (4x + 10.0) + (9x + 0.0) )^2  )^2  ) + ( 4.0 * ( ( (6y + -9.0) + 10.0 ) * 5.0 ) ) ) * ( (6x + -3.0)^2  ) ) + ( 2.0 + (3y + 1.0) ) )
Fitness 31.4922091774
ind: 143
( (10y + -5.0) * ( ( ( 1.0 + (1x + 7.0) ) * ( ( ( (3x + -2.0) + (5y + -5.0) )^2  )^2  ) )^2  ) )
Fitness 29945.1514302
ind: 144
( ( ( ( ( ( 9.0 * (10y + -1.0) ) * ( (6x + -9.0) + 3.0 ) ) * 9.0 )^2  ) + 3.0 ) * ( ( (6y + -8.0)^2  )^2  ) )
Fitness 47253.115907
ind: 145
( ( ( (1x + 5.0) * ( ( (4x + -10.0) * 7.0 ) + ( ( (8y + -5.0)^2  ) * 5.0 ) ) ) * ( 7.0^2  ) )^2  )
Fitness 8058.77986167
ind: 146
( ( ( ( (10x + 1.0) * ( ( (7y + -10.0) * (9x + -10.0) ) * 4.0 ) )^2  ) + 3.0 ) * ( 5.0 + (2x + -4.0) ) )
Fitness 117.040323243
ind: 147
( (7y + 0.0) + ( ( 2.0 + ( ( 5.0 * (5y + -4.0) ) + (10x + -2.0) ) ) * 1.0 ) )
Fitness 0.654709209948
ind: 148
( ( ( ( (6x + -10.0)^2  ) + ( ( ( (9x + 0.0) * 9.0 ) * ( (7y + 0.0)^2  ) ) * ( ( (1x + 0.0)^2  ) + (1y + -2.0) ) ) ) * 9.0 )^2  )
Fitness 721.032978813
ind: 149
( (6x + -10.0) * ( 7.0 + ( ( 3.0 * ( 5.0 * ( (4y + -2.0) * (4y + -2.0) ) ) )^2  ) ) )
Fitness 82.6840105344
ind: 150
( (6x + 10.0) + ( ( ( (2x + -5.0)^2  ) * 7.0 ) * (7y + 2.0) ) )
Fitness 3.17676539334
ind: 151
( ( ( ( 3.0^2  ) * ( ( ( (4y + 9.0)^2  ) + (3y + -1.0) ) + 5.0 ) ) + ( 9.0 + 2.0 ) ) + ( ( ( (8x + 8.0)^2  ) * ( (1y + -9.0) * ( ( 6.0^2  )^2  ) ) ) + ( (2y + -4.0)^2  ) ) )
Fitness 128.146654816
ind: 152
( ( ( ( ( (8y + -1.0) * 7.0 ) + (9x + 0.0) ) + ( ( ( (8y + -3.0)^2  ) + (4y + -3.0) )^2  ) ) * ( (4x + 2.0)^2  ) ) * 1.0 )
Fitness 7.69277233237
ind: 153
( ( 6.0 * ( ( (7y + 6.0) * ( ( 5.0 + 1.0 )^2  ) ) + ( (6x + 6.0)^2  ) ) )^2  )
Fitness 253.513162657
ind: 154
( ( ( ( (3y + 4.0)^2  ) + ( 3.0 + 6.0 ) ) + ( (3x + 7.0)^2  ) ) + (2y + 10.0) )
Fitness 1.32262045385
ind: 155
( ( ( ( (9x + 4.0)^2  ) + ( ( (4x + -2.0)^2  )^2  ) ) * (7y + 3.0) ) * ( ( (8y + 5.0) + ( 6.0 + ( ( (4x + 10.0)^2  )^2  ) ) )^2  ) )
Fitness 29476.1385138
ind: 156
( ( ( ( (8y + -9.0)^2  ) * ( ( (2x + -8.0) * (3x + -4.0) )^2  ) )^2  )^2  )
Fitness 8959623472.48
ind: 157
( ( ( ( ( 7.0 + ( (4y + 2.0) + (2x + -8.0) ) ) * ( ( (1x + 3.0) * (6y + -10.0) )^2  ) )^2  )^2  ) * ( (8y + -4.0) * ( (9y + -5.0) + (9x + 1.0) ) ) )
Fitness 25616624.0096
ind: 158
( (10x + 6.0) + ( ( (9y + 9.0)^2  )^2  ) )
Fitness 19.3832450292
ind: 159
( ( 1.0 * ( 2.0^2  ) ) * ( ( (4y + -7.0) + ( ( (5y + -3.0)^2  ) + ( ( (3x + -2.0) + 4.0 ) + 7.0 ) ) )^2  ) )
Fitness 6.10072834204
ind: 160
( ( (2y + 2.0) * 2.0 ) * ( (10x + -4.0)^2  ) )
Fitness 1.08829257032
ind: 161
( ( ( (5y + -3.0)^2  ) + 7.0 ) + ( ( ( ( ( 4.0 * (3x + -10.0) ) + ( (5y + -4.0) + (4x + -6.0) ) )^2  )^2  ) * ( 4.0^2  ) ) )
Fitness 1468.37668901
ind: 162
( 9.0 * ( ( ( ( (3x + 4.0) * ( (1y + 7.0) * 5.0 ) ) * ( ( 2.0 * 9.0 )^2  ) ) * 9.0 ) + ( 4.0 + ( ( 10.0^2  ) + ( ( 4.0 * 6.0 ) * 2.0 ) ) ) ) )
Fitness 275.256908146
ind: 163
( (2y + 8.0) + ( 5.0 * ( (6x + 2.0) + ( 5.0^2  ) ) ) )
Fitness 1.68911051994
ind: 164
( 1.0 + ( ( ( (6x + 9.0) + ( 8.0 + (6x + -8.0) ) )^2  ) + (4y + 6.0) ) )
Fitness 1.44416194977
ind: 165
( 4.0 + ( (5x + -7.0) * ( 8.0 * ( ( ( (9x + -2.0) * 5.0 ) + 8.0 ) * ( 4.0 * ( (7y + -10.0) + 8.0 ) ) ) ) ) )
Fitness 14.0693333558
ind: 166
( ( ( ( ( 2.0^2  ) * (3y + -2.0) ) * ( (4x + 9.0)^2  ) ) * ( (9y + -8.0)^2  ) )^2  )
Fitness 16935.5568886
ind: 167
( ( 2.0 * (7y + -10.0) ) * ( ( ( (6x + 2.0) + (3y + 6.0) )^2  ) * (4x + 7.0) ) )
Fitness 13.4044441826
ind: 168
( (2y + 9.0) * (8x + 6.0) )
Fitness 1.06366314509
ind: 169
( ( ( ( (4x + -5.0) + ( ( 4.0 + 3.0 ) * ( 2.0 * (3y + -6.0) ) ) )^2  )^2  ) * 8.0 )
Fitness 3636.46486155
ind: 170
( ( ( ( ( ( 8.0 * (8x + 6.0) )^2  ) * (8y + 1.0) )^2  )^2  ) + ( 5.0 + ( ( (9y + 10.0) * ( ( 8.0 * (5y + -1.0) ) * ( 9.0^2  ) ) ) * ( 1.0 * ( ( 10.0^2  )^2  ) ) ) ) )
Fitness 63364909.7657
ind: 171
( ( ( (5x + -8.0) * 4.0 ) * (5y + -8.0) ) * ( ( ( (5x + -5.0)^2  ) + ( 1.0^2  ) )^2  ) )
Fitness 82.8355056237
ind: 172
( ( ( ( ( ( (1y + -9.0)^2  ) * 2.0 ) * 3.0 )^2  ) * (5x + -9.0) )^2  )
Fitness 327476.62837
ind: 173
( ( 4.0 * ( (5y + 1.0) * (2y + -1.0) ) ) * ( ( ( (8y + -8.0)^2  ) + (5x + -6.0) ) + 8.0 ) )
Fitness 4.50847624584
ind: 174
( ( (7x + 7.0) * (5y + -4.0) ) + (4x + -5.0) )
Fitness 0.779110101324
ind: 175
( ( ( ( (4y + -10.0) * ( ( (5x + -5.0) + (3x + 4.0) )^2  ) )^2  )^2  )^2  )
Fitness 203551220.181
ind: 176
( (8y + 8.0) * ( ( (6x + -4.0) + 5.0 )^2  ) )
Fitness 0.975340939897
ind: 177
( ( 5.0^2  ) * ( ( (3y + -7.0) + 6.0 ) + ( (6x + 5.0)^2  ) ) )
Fitness 3.77128387582
ind: 178
( ( ( ( (4x + 8.0) * 9.0 ) + 6.0 ) + (1y + 2.0) ) * 9.0 )
Fitness 3.80999167567
ind: 179
( 6.0 + ( ( ( (6x + 7.0) * ( 5.0^2  ) ) * ( (8y + -10.0)^2  ) ) * ( 8.0^2  ) ) )
Fitness 148.808516596
ind: 180
( ( ( ( ( (6x + -5.0) * (6y + -1.0) ) + (4x + -5.0) )^2  )^2  ) + (5y + -3.0) )
Fitness 57.6126071476
ind: 181
( ( ( (3x + 2.0)^2  ) + ( ( ( (8y + -8.0)^2  ) + (7x + 4.0) )^2  ) ) * ( (7y + -9.0) + ( ( 10.0 + ( 3.0^2  ) )^2  ) ) )
Fitness 271.26478017
ind: 182
( (1y + -3.0) + ( 5.0 + (3x + -8.0) ) )
Fitness 0.371952719719
ind: 183
( ( ( ( ( (7y + -6.0)^2  ) + ( ( 9.0^2  )^2  ) ) * ( ( (4x + -5.0) * ( 10.0^2  ) ) * (6x + -2.0) ) )^2  ) * ( (4y + 2.0) + ( ( ( ( 2.0^2  )^2  ) + ( ( 9.0^2  ) + 9.0 ) )^2  ) ) )
Fitness 158628574.505
ind: 184
( 10.0 + ( ( (5y + 4.0) * ( 8.0 * 3.0 ) ) + (8x + -3.0) ) )
Fitness 1.45776508657
ind: 185
( ( ( 3.0 + 6.0 ) + ( ( ( ( (10x + 0.0) * (2y + 0.0) ) + 9.0 ) * ( 9.0^2  ) ) + ( 2.0 * (7y + 10.0) ) ) ) * (9x + 1.0) )
Fitness 7.07743016122
ind: 186
( 7.0 * ( ( (7y + -2.0) + ( 9.0 * (3x + -1.0) ) ) * (7x + 0.0) ) )
Fitness 1.78362694749
ind: 187
( 4.0 + ( ( ( ( (1x + -4.0)^2  ) * ( (3y + 3.0) * (1x + 6.0) ) ) * (7y + 4.0) )^2  ) )
Fitness 327.014979505
ind: 188
( 6.0 + ( ( ( ( ( (5y + -5.0) * 7.0 ) * ( 6.0 + (1y + 8.0) ) ) * ( ( (1x + 5.0)^2  ) + (4x + 5.0) ) )^2  ) + 4.0 ) )
Fitness 2076.07490433
ind: 189
( ( (3x + 4.0) + ( ( ( 10.0 + ( (1y + -3.0) * (5y + -6.0) ) )^2  )^2  ) ) * ( ( ( (9y + -1.0) * ( 4.0 * (10x + 2.0) ) )^2  )^2  ) )
Fitness 591784.980375
ind: 190
( ( ( (7y + -10.0)^2  ) * ( 4.0 * ( ( (5x + -2.0) * 9.0 ) + (8y + -7.0) ) ) ) * ( ( (10y + 6.0)^2  ) * ( 7.0 + (9y + -8.0) ) ) )
Fitness 125.13301719
ind: 191
( ( ( (4x + -10.0) + ( (4y + -9.0)^2  ) )^2  ) + (5y + -9.0) )
Fitness 11.4933977272
ind: 192
( ( ( ( ( ( (9x + -5.0) + 8.0 ) + 7.0 ) + 9.0 ) * (9y + -4.0) ) + 7.0 )^2  )
Fitness 13.6679895947
ind: 193
( ( ( ( ( ( (6y + -10.0) * (8y + -9.0) ) * 6.0 ) + ( 6.0 + ( 8.0 + 3.0 ) ) )^2  )^2  ) + ( (3x + -8.0)^2  ) )
Fitness 115973.1594
ind: 194
( ( (10x + 7.0) * ( 10.0 * ( ( (4y + 4.0) * ( 7.0 * 2.0 ) ) + (5y + 5.0) ) ) ) * (9y + -6.0) )
Fitness 18.6596452084
ind: 195
( ( 7.0 + ( (8x + 7.0) + (1x + -8.0) ) ) * ( 1.0 + (10y + 2.0) ) )
Fitness 0.850193442834
ind: 196
( ( ( ( (2y + 0.0) + (5x + -5.0) ) + ( ( (3y + 1.0) * ( 7.0 * (5x + -8.0) ) )^2  ) ) + 2.0 ) + (1x + 4.0) )
Fitness 12.6463994928
ind: 197
( ( ( 10.0 * ( 4.0^2  ) ) * (3y + -10.0) ) * ( ( ( 2.0 * ( (4y + 1.0)^2  ) )^2  ) * ( ( 6.0 + (2x + 7.0) ) + ( ( ( 4.0 + (4x + -5.0) ) + ( (7x + 3.0) * 3.0 ) )^2  ) ) ) )
Fitness 1101.47299051
ind: 198
( ( ( (10y + -1.0) * ( (10y + -9.0) + ( ( (6x + -10.0)^2  ) * (3x + 6.0) ) ) ) + (8y + 10.0) ) * ( 7.0^2  ) )
Fitness 51.4107357184
ind: 199
( ( (1x + -7.0)^2  ) + ( ( ( ( 9.0 + (5y + 7.0) ) * ( (6x + 5.0)^2  ) ) * (6x + -9.0) )^2  ) )
Fitness 629.100883197
ind: 200
( ( ( 2.0 * ( ( ( 8.0 * 8.0 )^2  )^2  ) ) + ( ( ( ( 3.0 * 7.0 ) * ( (4y + 8.0)^2  ) ) + ( 2.0 + ( (2x + 8.0)^2  ) ) ) * (3x + 9.0) ) )^2  )
Fitness 4747332.89633
ind: 201
( ( (10x + -2.0)^2  ) * ( 1.0 + ( (2y + -9.0) * (8y + -6.0) ) ) )
Fitness 4.5757689389
ind: 202
( (8y + 1.0) + (9x + 1.0) )
Fitness 0.347926515619
ind: 203
( ( (9y + 8.0)^2  ) * (2x + 10.0) )
Fitness 4.264658944
ind: 204
( ( (6y + 5.0)^2  ) * ( ( ( (7x + 10.0)^2  )^2  ) * 2.0 ) )
Fitness 164.872284811
ind: 205
( (10x + 10.0) + ( ( ( ( ( 10.0^2  )^2  ) + ( 8.0 * (5y + 7.0) ) ) + 1.0 ) + 1.0 ) )
Fitness 14.1901785391
ind: 206
( ( ( (3y + -4.0) * 10.0 ) * (3x + -10.0) ) + 9.0 )
Fitness 2.86417623698
ind: 207
( ( (4y + 10.0) * ( ( 6.0 * ( ( (3x + 7.0)^2  ) * 4.0 ) ) * 10.0 ) ) + ( ( 4.0 + 1.0 ) * 8.0 ) )
Fitness 50.4599869102
ind: 208
( (8x + 8.0) + (3y + -3.0) )
Fitness 0.299160407547
ind: 209
( 8.0 * ( ( (4x + -1.0) * ( ( 4.0 + 1.0 ) * (1y + -2.0) ) ) * ( ( ( (3x + 6.0) + ( (7y + 0.0) + 4.0 ) )^2  ) * 3.0 ) ) )
Fitness 20.1146924398
ind: 210
( ( 7.0 * (4y + 2.0) ) + (4x + -1.0) )
Fitness 0.5502404682
ind: 211
( ( ( ( ( (5y + 0.0) + ( (3y + 0.0) + (9x + -2.0) ) )^2  ) + ( 3.0^2  ) )^2  ) * (10y + 5.0) )
Fitness 16.6016185634
ind: 212
( ( (5x + -5.0)^2  ) * ( (2x + -5.0) + ( ( ( 4.0 + ( 9.0^2  ) )^2  ) * ( ( ( (7y + 9.0)^2  ) * ( 9.0 * (8y + 6.0) ) ) + ( (1x + -6.0)^2  ) ) ) ) )
Fitness 4251.61271228
ind: 213
( (5x + -2.0) * ( ( ( 2.0 * ( ( (2x + -6.0)^2  ) + ( (1x + 1.0) + 9.0 ) ) ) + 8.0 ) + (8y + 7.0) ) )
Fitness 2.13060330735
ind: 214
( ( ( ( 3.0 * ( (7x + -8.0) + ( (5y + 0.0)^2  ) ) ) + (5y + 4.0) ) + (9y + 8.0) ) * (1y + -7.0) )
Fitness 1.4889439353
ind: 215
( ( 2.0 + ( (8x + 7.0) * ( (2y + -8.0)^2  ) ) )^2  )
Fitness 62.8099032247
ind: 216
( ( ( ( ( ( (4y + -9.0)^2  ) + ( 4.0 + (2y + 6.0) ) ) + ( (4x + -6.0) * (2y + 2.0) ) ) * (5x + -3.0) ) * (10y + 10.0) ) * (6y + 3.0) )
Fitness 9.0252107681
ind: 217
( ( ( ( ( ( 3.0^2  )^2  ) + (6y + -8.0) ) + ( 9.0 * ( ( (9x + -8.0)^2  )^2  ) ) ) * 1.0 )^2  )
Fitness 11796.6710696
ind: 218
( ( (4x + 6.0)^2  ) * ( 10.0 * ( (3y + 3.0) + (9y + 6.0) ) ) )
Fitness 9.26434560078
ind: 219
( 2.0 + ( ( ( ( 8.0^2  ) + ( 8.0 * (5x + 10.0) ) ) + 4.0 ) * ( ( ( ( (5y + -3.0)^2  ) + 1.0 ) + (6y + -5.0) ) * (8x + -8.0) ) ) )
Fitness 17.347411187
ind: 220
( (2x + 8.0) + ( (7y + -9.0) + ( ( ( (10y + 7.0) * 7.0 )^2  )^2  ) ) )
Fitness 773.54756999
ind: 221
( ( (4y + -6.0) + 4.0 ) * (10x + 1.0) )
Fitness 0.282478254395
ind: 222
( ( ( ( ( (3x + -8.0) + 2.0 ) * 1.0 ) * (6y + 10.0) )^2  ) + ( ( (9x + -7.0)^2  )^2  ) )
Fitness 12.4717095658
ind: 223
( ( ( ( 9.0^2  ) * (8x + -2.0) ) * ( (7y + 9.0) * ( ( ( 5.0^2  ) + ( (8x + -10.0) * (4x + -3.0) ) )^2  ) ) )^2  )
Fitness 1270832.71824
ind: 224
( 10.0 * ( ( (7y + -6.0)^2  ) * ( ( (8x + 0.0) + ( ( 1.0^2  ) * ( (7y + 10.0) * (5y + 5.0) ) ) ) * ( 8.0 * ( ( 3.0 + (8y + -10.0) ) * 7.0 ) ) ) ) )
Fitness 314.527120302
ind: 225
( ( ( ( 7.0 + ( ( (1y + -4.0)^2  ) * (10y + 3.0) ) ) * (6y + -1.0) ) + 8.0 ) + (8x + -7.0) )
Fitness 1.86096989744
ind: 226
( (3y + 9.0) + ( 3.0 + ( (3x + -7.0)^2  ) ) )
Fitness 1.09550488948
ind: 227
( ( 10.0 * ( ( (9y + -5.0) + ( (10y + 5.0)^2  ) ) + ( (1x + 9.0) * ( ( (2y + -10.0) + 9.0 )^2  ) ) ) )^2  )
Fitness 124.65157671
ind: 228
( ( ( (1x + -6.0) + 1.0 ) * (4y + 6.0) ) + (8y + 10.0) )
Fitness 0.643007614929
ind: 229
( ( (5x + 1.0) + ( ( ( ( (10x + 4.0) * (4x + 6.0) ) * (5y + 7.0) ) + 8.0 ) * ( ( 1.0^2  ) + ( 9.0 + 5.0 ) ) ) ) + 10.0 )
Fitness 8.83298748899
ind: 230
( ( (3x + -1.0) + ( 1.0 * ( ( ( 6.0 * (4y + -7.0) ) + ( 10.0 * (9x + 7.0) ) ) + 1.0 ) ) )^2  )
Fitness 6.84814217974
ind: 231
( (7x + 2.0) + (4y + 6.0) )
Fitness 0.380216645054
ind: 232
( ( ( (2x + 8.0)^2  ) + ( (1y + 0.0) * ( (5y + 8.0) * (5y + 2.0) ) ) )^2  )
Fitness 12.0009915831
ind: 233
( (1y + -6.0) + (2x + 8.0) )
Fitness 0.153131068625
ind: 234
( 8.0 + ( ( ( (10x + 10.0) * (10y + -10.0) )^2  )^2  ) )
Fitness 1601.05869391
ind: 235
( ( ( ( (3y + 5.0) * ( ( (5y + -10.0) * (8x + -6.0) )^2  ) )^2  )^2  ) * (7x + 2.0) )
Fitness 136440221.247
ind: 236
( ( ( (5y + -9.0)^2  ) * ( (7x + 7.0) * ( ( 9.0 + (5y + 6.0) ) * ( ( (1x + 6.0)^2  )^2  ) ) ) )^2  )
Fitness 1507642.19272
ind: 237
( ( ( ( ( ( (10y + 1.0) * (4y + 7.0) ) * ( (9x + -7.0) + 10.0 ) ) * (8y + 0.0) ) + ( 8.0 * ( 5.0 * 10.0 ) ) ) * 8.0 ) + ( (1x + -10.0) + ( 9.0 * ( 8.0^2  ) ) ) )
Fitness 13.3340179566
ind: 238
( ( 3.0 * ( ( ( ( (1x + -4.0) + (7x + -2.0) )^2  ) + ( ( (2y + 0.0) * 9.0 ) * (10y + -5.0) ) ) * 1.0 ) )^2  )
Fitness 50.2795606316
ind: 239
( ( ( ( ( 9.0 * 1.0 )^2  ) + ( 10.0 + (8x + -9.0) ) ) * ( 2.0 + ( ( ( 5.0 * 6.0 ) + (6y + 4.0) ) * 3.0 ) ) ) * (8x + -4.0) )
Fitness 24.9348590084
ind: 240
( 8.0 * ( ( ( (3x + 8.0) * ( ( (9x + 3.0)^2  ) * ( 6.0^2  ) ) ) * 5.0 ) * ( (8x + 4.0) * (5y + 2.0) ) ) )
Fitness 352.929414043
ind: 241
( ( (9x + -8.0) + (10x + 9.0) ) + (2y + -5.0) )
Fitness 0.358782535879
ind: 242
( ( ( (9y + 5.0)^2  ) * ( ( 10.0 * (5x + -9.0) )^2  ) ) * 2.0 )
Fitness 107.956860964
ind: 243
( ( 4.0^2  ) * ( ( ( 1.0 + ( ( (2y + 3.0)^2  ) + ( 9.0 + (1x + 1.0) ) ) ) * (5y + 6.0) ) * 3.0 ) )
Fitness 11.8371897487
ind: 244
( ( 4.0 * ( ( ( 8.0 + (7x + -9.0) ) + (5x + 8.0) ) + (7y + 5.0) ) ) * 7.0 )
Fitness 2.63074403195
ind: 245
( ( ( ( ( ( 3.0 * (3x + 6.0) )^2  )^2  )^2  ) * ( ( (5y + 3.0) + ( 7.0^2  ) )^2  ) ) + (2x + -5.0) )
Fitness 1073514.96663
ind: 246
( ( ( ( ( ( (6y + 7.0)^2  ) + (9x + 5.0) ) + (4x + -5.0) ) * ( ( ( 9.0^2  )^2  ) + ( (8y + 10.0) + 7.0 ) ) ) * (8x + -2.0) ) + (5y + 5.0) )
Fitness 108.897744696
ind: 247
( (7x + 2.0) * ( ( (8x + 0.0) + ( (3y + -1.0)^2  ) )^2  ) )
Fitness 0.943901846366
ind: 248
( (3y + -2.0) * ( ( ( ( ( (5x + 7.0)^2  ) * ( 4.0^2  ) ) + ( ( (2x + -8.0)^2  ) * 2.0 ) ) + ( ( ( 7.0 + (1x + 6.0) ) + (4x + 3.0) ) * 3.0 ) ) * ( (3x + -8.0) + 7.0 ) ) )
Fitness 6.57533372327
ind: 249
( 4.0 * ( ( (9x + 8.0) + 6.0 ) + (10y + -10.0) ) )
Fitness 0.752590394142
ind: 250
( ( 6.0^2  ) * ( ( ( ( ( 7.0 + 2.0 ) * (10y + -7.0) ) + ( (6y + 4.0) * ( 6.0^2  ) ) ) * ( ( (4x + 10.0)^2  ) + ( 1.0 * ( 6.0 * 6.0 ) ) ) )^2  ) )
Fitness 23158.4731003
ind: 251
( ( 10.0 * ( 1.0 * ( ( ( (4y + -6.0) * (2x + 3.0) )^2  ) + ( ( (2y + -2.0) * (4y + 7.0) )^2  ) ) ) )^2  )
Fitness 705.507772985
ind: 252
( (4x + -2.0) + (9y + 10.0) )
Fitness 0.385331619404
ind: 253
( ( ( ( ( (10x + -6.0)^2  )^2  ) * 9.0 ) + ( (5x + 1.0) * 3.0 ) ) + (6y + 4.0) )
Fitness 23.4352671844
ind: 254
( (9y + 3.0) * (1x + -6.0) )
Fitness 0.710047127326
ind: 255
( ( 9.0 + ( ( (3x + -2.0) + ( ( (5y + -1.0) * (3y + -6.0) ) * ( (1x + 7.0) * 9.0 ) ) ) * ( ( 7.0 * (2y + -10.0) )^2  ) ) ) * ( ( 9.0^2  )^2  ) )
Fitness 25684.3114112
ind: 256
( ( ( ( ( ( 9.0^2  ) + ( 5.0^2  ) ) + 9.0 ) * (3x + -1.0) ) + (7y + -8.0) ) * (10y + 1.0) )
Fitness 3.20368244603
ind: 257
( ( (9x + -4.0) + (3y + -6.0) ) + 9.0 )
Fitness 0.270315314609
ind: 258
( ( ( 4.0 + ( ( 2.0 + (10y + -6.0) )^2  ) ) * (4x + -7.0) ) * ( (4y + -8.0) + 7.0 ) )
Fitness 4.56647579562
ind: 259
( ( ( ( ( ( 8.0^2  ) * 5.0 ) * ( ( (6y + 6.0)^2  ) * (6x + -2.0) ) )^2  ) + ( ( ( 6.0^2  ) + ( (3x + 7.0)^2  ) )^2  ) ) + ( 4.0 + ( (4y + 7.0) * 4.0 ) ) )
Fitness 3691.07099226
ind: 260
( ( ( ( ( ( (7x + -9.0) * 2.0 )^2  )^2  ) + ( (4y + -1.0)^2  ) ) * 7.0 ) + (6x + -1.0) )
Fitness 135.757836865
ind: 261
( (5x + 4.0) * (9y + -3.0) )
Fitness 0.51356942956
ind: 262
( ( ( ( ( ( 3.0 * (5y + 10.0) ) * 7.0 ) * ( ( (1x + -4.0)^2  ) + (8x + 10.0) ) ) * ( (8x + -3.0) * (1x + 10.0) ) )^2  ) * ( ( (4x + -7.0)^2  )^2  ) )
Fitness 1487666.62162
ind: 263
( (6y + -7.0) + ( ( ( ( ( (2y + 10.0)^2  ) + ( 7.0 + 7.0 ) ) * ( (5x + 1.0) * (4y + 4.0) ) ) + (6x + 1.0) )^2  ) )
Fitness 199.034198077
ind: 264
( ( ( ( (10y + -7.0) + (1y + -10.0) ) * (7y + 6.0) )^2  ) + ( 9.0 * ( (7x + -9.0) + ( (7x + 6.0)^2  ) ) ) )
Fitness 12.9850133696
ind: 265
( ( ( ( ( (5x + 8.0) * 5.0 ) + ( ( (2x + 4.0) + (2x + 7.0) ) * (8y + -3.0) ) )^2  )^2  ) * ( ( ( (8y + 8.0) * ( (1y + 6.0) + 7.0 ) ) + 9.0 ) * (7x + 0.0) ) )
Fitness 7095.11107064
ind: 266
( ( 8.0^2  ) * ( ( ( (9y + 9.0) * ( ( (5x + 1.0)^2  )^2  ) ) * (8x + 6.0) )^2  ) )
Fitness 7614.02072458
ind: 267
( (10x + 0.0) + ( ( ( (7x + -7.0) + ( ( (3x + -1.0) + 2.0 )^2  ) ) + ( 9.0^2  ) ) + ( ( ( (2x + 8.0) * (7y + 0.0) ) + ( (7x + 7.0)^2  ) ) + ( ( 5.0 + ( 1.0 * (8y + -8.0) ) )^2  ) ) ) )
Fitness 1.77447435562
ind: 268
( ( ( ( 2.0^2  ) + (8y + 7.0) ) * ( (5x + -2.0) * ( ( ( 6.0 * 2.0 ) + ( (8x + 5.0) + (3x + -7.0) ) ) + 10.0 ) ) )^2  )
Fitness 53.0756206096
ind: 269
( ( ( (10y + 4.0) * 7.0 ) * ( ( (9y + 3.0) * (6y + -9.0) ) + (2x + 10.0) ) )^2  )
Fitness 239.81277905
ind: 270
( ( ( (1y + 2.0) + ( (6y + -10.0) + (7x + 0.0) ) ) + 1.0 ) + ( ( (5x + 6.0) + ( 2.0 * ( 10.0 + ( (4y + -9.0) + (4x + 7.0) ) ) ) ) + (5x + -2.0) ) )
Fitness 0.54736444589
ind: 271
( ( (10x + 3.0) + ( ( (8y + -10.0) * ( ( 8.0 + (9y + -9.0) )^2  ) )^2  ) ) + ( 4.0^2  ) )
Fitness 62.6475397508
ind: 272
( ( ( 6.0 + ( (9x + 7.0) + ( (5y + -7.0) + 8.0 ) ) ) * ( ( ( ( (10y + 7.0) * (10y + 10.0) ) * 6.0 ) * ( 5.0^2  ) ) + 4.0 ) )^2  )
Fitness 56985.7548543
ind: 273
( ( ( (1x + -5.0) * ( 4.0^2  ) ) + ( ( (6y + -6.0) * 10.0 ) * ( ( (8x + 10.0)^2  ) * 8.0 ) ) )^2  )
Fitness 6385.99858003
ind: 274
( (4x + -7.0) + ( ( 1.0 * (2y + -2.0) ) * (4y + -4.0) ) )
Fitness 0.350357626494
ind: 275
( ( ( ( (1x + 2.0)^2  ) + ( ( (10y + 3.0) * ( 6.0 + (1x + -4.0) ) )^2  ) ) * ( 3.0^2  ) ) * ( ( 4.0^2  ) + 9.0 ) )
Fitness 28.394481171
ind: 276
( ( ( ( ( ( 3.0^2  ) + ( (3y + 9.0) * (9y + 0.0) ) )^2  ) * ( ( ( 7.0 * 2.0 )^2  ) * ( (9y + 1.0) * ( 7.0 + (7x + -7.0) ) ) ) ) + 1.0 ) + (10y + -10.0) )
Fitness 254.917653055
ind: 277
( (7y + 4.0) * (7x + 2.0) )
Fitness 0.540925226275
ind: 278
( ( ( (6x + 7.0) * ( (10y + -2.0) * ( ( 8.0^2  )^2  ) ) ) + ( ( ( ( (7y + -1.0) + (1x + -7.0) ) + ( 1.0^2  ) ) + ( (8y + -5.0) + 5.0 ) ) * 10.0 ) )^2  )
Fitness 19429.7083148
ind: 279
( ( ( 3.0 * ( ( (5x + -3.0) + 5.0 ) + (5y + 0.0) ) ) * ( (2x + -2.0)^2  ) ) * (3x + 2.0) )
Fitness 1.14060914859
ind: 280
( ( ( ( (1y + 0.0) * 6.0 ) + (3x + 8.0) ) * (8x + 7.0) )^2  )
Fitness 11.2992638788
ind: 281
( ( ( (8x + 8.0) * ( ( (5y + 0.0) + ( 2.0 * 6.0 ) )^2  ) ) * (1x + -7.0) )^2  )
Fitness 1505.24633183
ind: 282
( ( ( ( ( ( (6y + 1.0)^2  )^2  ) * (4y + -4.0) ) + (5x + 4.0) )^2  )^2  )
Fitness 4434026.2866
ind: 283
( ( ( ( 3.0 + (2y + 0.0) ) * (6x + 1.0) )^2  )^2  )
Fitness 14.6379654287
ind: 284
( ( (4y + -7.0) * 10.0 ) + ( (3x + -6.0) + (6x + 5.0) ) )
Fitness 1.19131902874
ind: 285
( ( (3x + 10.0) + ( ( ( 6.0^2  ) + (5y + 5.0) ) + (5y + -7.0) ) )^2  )
Fitness 6.31181248858
ind: 286
( (1y + -5.0) * (9x + 8.0) )
Fitness 0.902329864095
ind: 287
( ( (10y + 9.0) + 1.0 ) * (6x + -7.0) )
Fitness 1.13835036744
ind: 288
( ( ( ( ( (3y + 6.0)^2  ) * (10x + 1.0) ) * (5x + -9.0) )^2  ) * ( ( 2.0 + 3.0 ) * 4.0 ) )
Fitness 738.408168716
ind: 289
( (8x + -1.0) * (5y + 1.0) )
Fitness 0.264034768155
ind: 290
( ( (6y + -5.0)^2  ) * ( ( 2.0 + ( (5y + 9.0) * (9y + 0.0) ) ) + ( ( (7x + 6.0)^2  )^2  ) ) )
Fitness 22.9637933581
ind: 291
( (10y + 5.0) * ( ( (1x + -6.0) * ( 6.0^2  ) ) + 9.0 ) )
Fitness 4.74747757015
ind: 292
( ( (5y + 9.0) + ( ( ( ( (6x + 0.0) + (10y + -6.0) ) * ( 2.0 + (10y + 4.0) ) ) + (8y + 6.0) ) * 10.0 ) ) + 8.0 )
Fitness 2.06468074642
ind: 293
( ( (9x + 1.0) * ( ( ( 5.0 * ( (1y + -9.0) * 7.0 ) ) + ( ( (7x + 10.0) + 1.0 ) * (4x + 1.0) ) ) * 1.0 ) ) * (6x + 7.0) )
Fitness 10.4069147793
ind: 294
( ( ( 2.0 + (10x + -4.0) ) + ( ( ( ( 4.0^2  ) * (5x + 8.0) ) + (8y + 2.0) ) + 9.0 ) ) + 5.0 )
Fitness 1.69119407353
ind: 295
( ( (6x + 1.0)^2  ) * ( ( ( ( ( 4.0 + (1y + 4.0) ) + ( (5x + -6.0)^2  ) ) + (10y + -10.0) ) * 5.0 ) * ( 5.0^2  ) ) )
Fitness 16.4565719096
ind: 296
( (9y + 3.0) * ( ( ( (6x + 10.0)^2  )^2  ) * (3x + 8.0) ) )
Fitness 114.365369308
ind: 297
( ( ( 1.0 + (5x + 6.0) ) * (3x + -10.0) ) * ( ( ( (9y + 10.0) * ( 1.0^2  ) ) * 4.0 )^2  ) )
Fitness 54.2331888579
ind: 298
( ( ( ( (3x + -9.0) * (5y + -7.0) )^2  ) + (4y + -6.0) )^2  )
Fitness 840.168716456
ind: 299
( ( (2y + -5.0)^2  ) + ( (4x + 9.0) + ( ( ( 9.0 * 6.0 )^2  ) * 8.0 ) ) )
Fitness 21.6155761334
ind: 300
( ( ( ( 9.0^2  ) + ( (5y + 3.0) + (1x + -4.0) ) )^2  ) + ( (9x + -9.0)^2  ) )
Fitness 11.4120500327
Best Ind: ( (1y + -6.0) + (2x + 8.0) )
Fitness = 0.153131068625
Worst Ind: ( ( ( ( ( (5y + -7.0) + (4y + 10.0) ) * (1x + 5.0) ) * ( ( ( 2.0 * 9.0 ) * (6x + 4.0) ) * ( ( 2.0 * 6.0 ) + (9x + 0.0) ) ) ) * ( ( (9x + -1.0) * ( ( (8y + 6.0) * (5x + -7.0) )^2  ) ) * ( ( 8.0 * (1x + -9.0) )^2  ) ) )^2  )
Fitness = 1.89917769187e+11
Avg Fitness = 794276999.422
Duplicated = 0
============================================================================
Evaluate Gen  1
New Population 479
Better than Dads 35
Best Ind: ( (1y + -6.0) + (2x + 8.0) )
Fitness = 0.153131068625
Worst Ind: ( (1y + 3.0) + ( ( ( ( ( 4.0 + (3x + 9.0) ) * (4x + 10.0) ) * ( ( 10.0^2  ) + 6.0 ) ) * (3y + 9.0) ) + ( ( ( ( 3.0 + 7.0 ) + (5x + -10.0) ) * 3.0 ) * (6x + -3.0) ) ) )
Fitness = 51.0979070798
Avg Fitness = 7.46868429855
Duplicated = 3
============================================================================
Evaluate Gen  2
New Population 485
Better than Dads 44
Best Ind: ( (1y + -6.0) + (2x + 8.0) )
Fitness = 0.153131068625
Worst Ind: ( ( 1.0 * (3x + -5.0) ) * ( ( (2y + 2.0) * 5.0 ) + ( ( ( ( 4.0 * 5.0 ) + (3x + -5.0) ) * 9.0 ) * (4y + -1.0) ) ) )
Fitness = 5.049989729
Avg Fitness = 1.61330232239
Duplicated = 14
============================================================================
Evaluate Gen  3
New Population 505
Better than Dads 60
Best Ind: ( (1y + -6.0) + (2x + 8.0) )
Fitness = 0.153131068625
Worst Ind: ( ( (7x + 7.0) * ( ( (3x + 6.0)^2  ) + ( ( 3.0 * (3y + -10.0) ) + ( 2.0 + ( (4x + -1.0) * (8y + 9.0) ) ) ) ) ) + ( (7y + 1.0) * (4y + -5.0) ) )
Fitness = 1.67447624361
Avg Fitness = 0.803868821721
Duplicated = 33
============================================================================
Evaluate Gen  4
New Population 493
Better than Dads 64
Best Ind: ( (1y + -6.0) + (2x + 8.0) )
Fitness = 0.153131068625
Worst Ind: ( (2y + 2.0) + ( (5x + -6.0) * (1y + 9.0) ) )
Fitness = 1.01578766179
Avg Fitness = 0.566310674816
Duplicated = 46
============================================================================
Evaluate Gen  5
New Population 489
Better than Dads 56
Best Ind: ( (1y + -6.0) + (2x + 8.0) )
Fitness = 0.153131068625
Worst Ind: ( (10x + 6.0) * (1y + -4.0) )
Fitness = 0.700506036775
Avg Fitness = 0.445765501615
Duplicated = 61
============================================================================
Evaluate Gen  6
New Population 508
Better than Dads 69
Best Ind: ( (1y + -6.0) + (2x + 8.0) )
Fitness = 0.153131068625
Worst Ind: ( ( ( (6y + 5.0) * (3x + -5.0) ) + ( ( (2y + 2.0) * 5.0 ) + 4.0 ) ) + (7y + -4.0) )
Fitness = 0.527206242188
Avg Fitness = 0.371978861876
Duplicated = 72
============================================================================
Evaluate Gen  7
New Population 506
Better than Dads 75
Best Ind: ( (1y + -6.0) + (2x + 8.0) )
Fitness = 0.153131068625
Worst Ind: ( (1y + -8.0) * (3x + 1.0) )
Fitness = 0.435338558057
Avg Fitness = 0.340252727636
Duplicated = 86
============================================================================
Evaluate Gen  8
New Population 504
Better than Dads 78
Best Ind: ( (1y + -6.0) + (2x + 8.0) )
Fitness = 0.153131068625
Worst Ind: ( ( (9x + 0.0) * (4y + 2.0) ) + ( (4y + 0.0) + (3x + -4.0) ) )
Fitness = 0.388533569764
Avg Fitness = 0.313671169775
Duplicated = 102
============================================================================
Evaluate Gen  9
New Population 496
Better than Dads 70
Best Ind: ( (1y + -6.0) + (2x + 8.0) )
Fitness = 0.153131068625
Worst Ind: ( (8x + -1.0) + (9y + -3.0) )
Fitness = 0.354212259716
Avg Fitness = 0.295547103991
Duplicated = 118
============================================================================
Evaluate Gen  10
New Population 496
Better than Dads 75
Best Ind: ( (1y + -6.0) + (2x + 8.0) )
Fitness = 0.153131068625
Worst Ind: ( ( (9x + 1.0) + (5y + 1.0) ) + (3x + -1.0) )
Fitness = 0.329179339676
Avg Fitness = 0.280804640956
Duplicated = 124
============================================================================
Evaluate Gen  11
New Population 503
Better than Dads 84
Best Ind: ( ( (1x + 2.0) + 1.0 ) + (1y + -3.0) )
Fitness = 0.140329513482
Worst Ind: ( (4y + 6.0) + (9x + -1.0) )
Fitness = 0.311648450074
Avg Fitness = 0.270469641911
Duplicated = 136
============================================================================
Evaluate Gen  12
New Population 500
Better than Dads 74
Best Ind: ( ( (1x + 2.0) + 1.0 ) + (1y + -3.0) )
Fitness = 0.140329513482
Worst Ind: ( (8x + -1.0) + (5y + 1.0) )
Fitness = 0.294494546078
Avg Fitness = 0.26116245194
Duplicated = 149
============================================================================
Evaluate Gen  13
New Population 498
Better than Dads 75
Best Ind: ( (2x + 0.0) * (5y + 1.0) )
Fitness = 0.128323211784
Worst Ind: ( ( (4y + -7.0) + 10.0 ) + ( (3x + -6.0) + (6x + 5.0) ) )
Fitness = 0.290452113326
Avg Fitness = 0.251349136135
Duplicated = 135
============================================================================
Evaluate Gen  14
New Population 496
Better than Dads 86
Best Ind: ( ( ( (1x + -1.0)^2  ) * (1y + 1.0) )^2  )
Fitness = 0.099738774194
Worst Ind: ( (3x + 1.0) + ( (3y + -2.0) + (2x + -2.0) ) )
Fitness = 0.278433326062
Avg Fitness = 0.241429853003
Duplicated = 146
============================================================================
Evaluate Gen  15
New Population 507
Better than Dads 81
Best Ind: ( ( ( (1x + -1.0)^2  ) * (1y + 1.0) )^2  )
Fitness = 0.099738774194
Worst Ind: ( (7y + 4.0) * ( 6.0 + (2x + -7.0) ) )
Fitness = 0.264814891459
Avg Fitness = 0.230971844861
Duplicated = 159
============================================================================
Evaluate Gen  16
New Population 494
Better than Dads 77
Best Ind: ( ( (1x + -4.0) + 5.0 ) + ( (1y + 0.0)^2  ) )
Fitness = 0.0857361712702
Worst Ind: ( (5y + 3.0) + (4x + -1.0) )
Fitness = 0.25979807095
Avg Fitness = 0.223137492859
Duplicated = 156
============================================================================
Evaluate Gen  17
New Population 495
Better than Dads 78
Best Ind: ( ( (1x + -4.0) + 5.0 ) + ( (1y + 0.0)^2  ) )
Fitness = 0.0857361712702
Worst Ind: ( (5y + 2.0) * (6x + -2.0) )
Fitness = 0.247624068844
Avg Fitness = 0.214809647548
Duplicated = 162
============================================================================
Evaluate Gen  18
New Population 493
Better than Dads 75
Best Ind: ( ( (1x + -4.0) + 5.0 ) + ( (1y + 0.0)^2  ) )
Fitness = 0.0857361712702
Worst Ind: ( ( (5x + 0.0) * ( (5y + 1.0) + (2x + -1.0) ) ) * 1.0 )
Fitness = 0.238748780012
Avg Fitness = 0.20943445891
Duplicated = 161
============================================================================
Evaluate Gen  19
New Population 504
Better than Dads 67
Best Ind: ( ( (1x + -4.0) + 5.0 ) + ( (1y + 0.0)^2  ) )
Fitness = 0.0857361712702
Worst Ind: ( (5y + 0.0) + (2x + -1.0) )
Fitness = 0.235321869271
Avg Fitness = 0.202114275958
Duplicated = 149
============================================================================
Evaluate Gen  20
New Population 503
Better than Dads 70
Best Ind: ( ( (1x + -4.0) + 5.0 ) + ( (1y + 0.0)^2  ) )
Fitness = 0.0857361712702
Worst Ind: ( (2y + 2.0) * (4x + -1.0) )
Fitness = 0.220324073298
Avg Fitness = 0.194959862585
Duplicated = 164
============================================================================
Evaluate Gen  21
New Population 516
Better than Dads 82
Best Ind: ( ( (1x + -4.0) + 5.0 ) + ( (1y + 0.0)^2  ) )
Fitness = 0.0857361712702
Worst Ind: ( ( (2y + 2.0) * (4x + -1.0) ) * (4x + -1.0) )
Fitness = 0.216769943565
Avg Fitness = 0.18778448398
Duplicated = 157
============================================================================
Evaluate Gen  22
New Population 494
Better than Dads 69
Best Ind: ( ( (1x + -4.0) + 5.0 ) + ( (1y + 0.0)^2  ) )
Fitness = 0.0857361712702
Worst Ind: ( (2y + 0.0) + (4x + -1.0) )
Fitness = 0.209399640734
Avg Fitness = 0.182145246122
Duplicated = 155
============================================================================
Evaluate Gen  23
New Population 499
Better than Dads 79
Best Ind: ( ( (1x + -4.0) + 5.0 ) + ( (1y + 0.0)^2  ) )
Fitness = 0.0857361712702
Worst Ind: ( ( (4y + -7.0) + 6.0 ) * ( 3.0 + (6x + -3.0) ) )
Fitness = 0.200399865919
Avg Fitness = 0.177102462599
Duplicated = 165
============================================================================
Evaluate Gen  24
New Population 506
Better than Dads 75
Best Ind: ( ( (1x + -4.0) + 5.0 ) + ( (1y + 0.0)^2  ) )
Fitness = 0.0857361712702
Worst Ind: ( ( ( 4.0 + (2x + -5.0) ) * ( (8x + -1.0) + (1y + 1.0) ) ) + (3x + 1.0) )
Fitness = 0.194622609974
Avg Fitness = 0.172085953192
Duplicated = 157
============================================================================
Evaluate Gen  25
New Population 498
Better than Dads 72
Best Ind: ( ( (1x + -4.0) + 5.0 ) + ( (1y + 0.0)^2  ) )
Fitness = 0.0857361712702
Worst Ind: ( (1x + 2.0) * (2y + 0.0) )
Fitness = 0.190503847432
Avg Fitness = 0.167252488056
Duplicated = 149
============================================================================
Evaluate Gen  26
New Population 510
Better than Dads 80
Best Ind: ( ( (1x + -4.0) + 5.0 ) + ( (1y + 0.0)^2  ) )
Fitness = 0.0857361712702
Worst Ind: ( (2x + -1.0) * (1y + 1.0) )
Fitness = 0.187086944917
Avg Fitness = 0.162178175208
Duplicated = 138
============================================================================
Evaluate Gen  27
New Population 498
Better than Dads 70
Best Ind: ( ( (1x + -4.0) + 5.0 ) + ( (1y + 0.0)^2  ) )
Fitness = 0.0857361712702
Worst Ind: ( ( (1x + 2.0) + (2y + 2.0) ) + (1y + -3.0) )
Fitness = 0.180902798767
Avg Fitness = 0.156296337853
Duplicated = 124
============================================================================
Evaluate Gen  28
New Population 502
Better than Dads 76
Best Ind: ( ( (1x + -4.0) + 5.0 ) + ( (1y + 0.0)^2  ) )
Fitness = 0.0857361712702
Worst Ind: ( ( (2y + 2.0) * (4x + -1.0) ) * (2y + 0.0) )
Fitness = 0.173379928772
Avg Fitness = 0.150951430011
Duplicated = 118
============================================================================
Evaluate Gen  29
New Population 512
Better than Dads 93
Best Ind: ( ( (1x + -4.0) + 5.0 ) + ( (1y + 0.0)^2  ) )
Fitness = 0.0857361712702
Worst Ind: ( (2x + -1.0) * (3y + 1.0) )
Fitness = 0.169858448752
Avg Fitness = 0.147219483025
Duplicated = 111
============================================================================
Evaluate Gen  30
New Population 506
Better than Dads 79
Best Ind: ( ( (1x + -4.0) + 5.0 ) + ( (1y + 0.0)^2  ) )
Fitness = 0.0857361712702
Worst Ind: ( ( (2y + 2.0) + (4x + -1.0) ) * (2y + 0.0) )
Fitness = 0.163594087331
Avg Fitness = 0.142726910937
Duplicated = 105
============================================================================
Evaluate Gen  31
New Population 510
Better than Dads 81
Best Ind: ( ( (1x + -4.0) + 5.0 ) + ( (1y + 0.0)^2  ) )
Fitness = 0.0857361712702
Worst Ind: ( (2x + -1.0) * ( (1y + 0.0)^2  ) )
Fitness = 0.157465301535
Avg Fitness = 0.138126817463
Duplicated = 107
============================================================================
Evaluate Gen  32
New Population 507
Better than Dads 81
Best Ind: ( ( (1x + -4.0) + 5.0 ) + ( (1y + 0.0)^2  ) )
Fitness = 0.0857361712702
Worst Ind: ( ( (4x + -1.0) * (1y + 1.0) ) * ( (1y + 0.0)^2  ) )
Fitness = 0.151538131208
Avg Fitness = 0.134882130834
Duplicated = 114
============================================================================
Evaluate Gen  33
New Population 511
Better than Dads 75
Best Ind: ( ( (1x + -4.0) + 5.0 ) + ( (1y + 0.0)^2  ) )
Fitness = 0.0857361712702
Worst Ind: ( ( ( (2x + -1.0) * (2y + 0.0) ) + (2x + -1.0) )^2  )
Fitness = 0.146243952601
Avg Fitness = 0.131613632268
Duplicated = 109
============================================================================
Evaluate Gen  34
New Population 512
Better than Dads 82
Best Ind: ( ( (1x + -4.0) + 5.0 ) + ( (1y + 0.0)^2  ) )
Fitness = 0.0857361712702
Worst Ind: ( (2x + -1.0) * ( (2x + -1.0) + ( (1y + 0.0)^2  ) ) )
Fitness = 0.140166908891
Avg Fitness = 0.129318571421
Duplicated = 128
============================================================================
Evaluate Gen  35
New Population 510
Better than Dads 97
Best Ind: ( ( (1x + -4.0) + 5.0 ) + ( (1y + 0.0)^2  ) )
Fitness = 0.0857361712702
Worst Ind: ( (2y + 0.0) * (2x + -1.0) )
Fitness = 0.137881650435
Avg Fitness = 0.127993747204
Duplicated = 130
============================================================================
Evaluate Gen  36
New Population 506
Better than Dads 89
Best Ind: ( ( (1x + -4.0) + 5.0 ) + ( (1y + 0.0)^2  ) )
Fitness = 0.0857361712702
Worst Ind: ( (7x + 0.0) * (2y + 0.0) )
Fitness = 0.137567077426
Avg Fitness = 0.126294558725
Duplicated = 111
============================================================================
Evaluate Gen  37
New Population 520
Better than Dads 105
Best Ind: ( ( (1x + -4.0) + 5.0 ) + ( (1y + 0.0)^2  ) )
Fitness = 0.0857361712702
Worst Ind: ( (2y + 0.0) * (4x + -1.0) )
Fitness = 0.134887372824
Avg Fitness = 0.124428854343
Duplicated = 116
============================================================================
Evaluate Gen  38
New Population 516
Better than Dads 113
Best Ind: ( ( (1x + -4.0) + 5.0 ) + ( (1y + 0.0)^2  ) )
Fitness = 0.0857361712702
Worst Ind: ( (4x + -1.0) * ( ( (2x + -1.0) * (1y + 0.0) ) + (2x + -1.0) ) )
Fitness = 0.134338079895
Avg Fitness = 0.123383451958
Duplicated = 112
============================================================================
Evaluate Gen  39
New Population 523
Better than Dads 105
Best Ind: ( ( (1x + -4.0) + 5.0 ) + ( (1y + 0.0)^2  ) )
Fitness = 0.0857361712702
Worst Ind: ( ( ( ( (1y + 0.0)^2  ) + ( (1y + 0.0)^2  ) ) * (5x + 0.0) )^2  )
Fitness = 0.131881554686
Avg Fitness = 0.121808485304
Duplicated = 128
============================================================================
Evaluate Gen  40
New Population 509
Better than Dads 93
Best Ind: ( ( (1x + -4.0) + 5.0 ) + ( (1y + 0.0)^2  ) )
Fitness = 0.0857361712702
Worst Ind: ( ( ( (1x + 0.0)^2  ) * (4x + -1.0) ) * ( (2x + -1.0) + ( (1y + 0.0)^2  ) ) )
Fitness = 0.130315202429
Avg Fitness = 0.12065024008
Duplicated = 129
============================================================================
Evaluate Gen  41
New Population 508
Better than Dads 96
Best Ind: ( ( (1x + -4.0) + 5.0 ) + ( (1y + 0.0)^2  ) )
Fitness = 0.0857361712702
Worst Ind: ( ( ( (2x + -1.0) * ( (2y + 2.0) * ( (1x + 0.0)^2  ) ) ) * ( (1y + 0.0)^2  ) ) + ( (1y + 0.0)^2  ) )
Fitness = 0.128361170788
Avg Fitness = 0.119919207874
Duplicated = 147
============================================================================
Evaluate Gen  42
New Population 504
Better than Dads 89
Best Ind: ( ( (1x + -4.0) + 5.0 ) + ( (1y + 0.0)^2  ) )
Fitness = 0.0857361712702
Worst Ind: ( (2x + -1.0) * (1y + 0.0) )
Fitness = 0.127218384372
Avg Fitness = 0.118885975979
Duplicated = 146
============================================================================
Evaluate Gen  43
New Population 511
Better than Dads 93
Best Ind: ( ( (2x + -1.0) * ( (3y + 1.0) * (1x + 0.0) ) ) + 1.0 )
Fitness = 0.0570922754662
Worst Ind: ( ( (2x + -1.0) * (1y + 0.0) ) + (2y + 0.0) )
Fitness = 0.125265685953
Avg Fitness = 0.117909482917
Duplicated = 151
============================================================================
Evaluate Gen  44
New Population 497
Better than Dads 90
Best Ind: ( ( (2x + -1.0) * ( (3y + 1.0) * (1x + 0.0) ) ) + 1.0 )
Fitness = 0.0570922754662
Worst Ind: ( (1x + 0.0) * ( (3x + 1.0) + ( (1y + 0.0)^2  ) ) )
Fitness = 0.124377029147
Avg Fitness = 0.1170688117
Duplicated = 154
============================================================================
Evaluate Gen  45
New Population 512
Better than Dads 103
Best Ind: ( ( (2x + -1.0) * ( (3y + 1.0) * (1x + 0.0) ) ) + 1.0 )
Fitness = 0.0570922754662
Worst Ind: ( (2x + -1.0) * ( (4x + -1.0) * ( (1y + 0.0)^2  ) ) )
Fitness = 0.123775553536
Avg Fitness = 0.116336963395
Duplicated = 154
============================================================================
Evaluate Gen  46
New Population 518
Better than Dads 100
Best Ind: ( ( (2x + -1.0) * ( (3y + 1.0) * (1x + 0.0) ) ) + 1.0 )
Fitness = 0.0570922754662
Worst Ind: ( (2x + -1.0) * ( (2x + -1.0) * ( (1y + 0.0)^2  ) ) )
Fitness = 0.123674974022
Avg Fitness = 0.115584550922
Duplicated = 149
============================================================================
Evaluate Gen  47
New Population 517
Better than Dads 95
Best Ind: ( ( (2x + -1.0) * ( (3y + 1.0) * (1x + 0.0) ) ) + 1.0 )
Fitness = 0.0570922754662
Worst Ind: ( ( (1y + 1.0) * (4x + -1.0) )^2  )
Fitness = 0.123037952335
Avg Fitness = 0.114530443285
Duplicated = 153
============================================================================
Evaluate Gen  48
New Population 506
Better than Dads 102
Best Ind: ( ( (2x + -1.0) * ( (3y + 1.0) * (1x + 0.0) ) ) + 1.0 )
Fitness = 0.0570922754662
Worst Ind: ( ( (4x + -1.0) * (1y + 1.0) )^2  )
Fitness = 0.123037952335
Avg Fitness = 0.113740283731
Duplicated = 135
============================================================================
Evaluate Gen  49
New Population 526
Better than Dads 112
Best Ind: ( ( (2x + -1.0) * ( (3y + 1.0) * (1x + 0.0) ) ) + 1.0 )
Fitness = 0.0570922754662
Worst Ind: ( ( (2x + -1.0) * (1y + 0.0) ) + ( (1x + 0.0)^2  ) )
Fitness = 0.122205420667
Avg Fitness = 0.11248475899
Duplicated = 126
============================================================================
Evaluate Gen  50
New Population 517
Better than Dads 105
Best Ind: ( ( (2x + -1.0) * ( (3y + 1.0) * (1x + 0.0) ) ) + 1.0 )
Fitness = 0.0570922754662
Worst Ind: ( ( (2y + 0.0) + ( ( (2x + -1.0) + (1y + 0.0) ) * ( (1x + 0.0)^2  ) ) )^2  )
Fitness = 0.120493241366
Avg Fitness = 0.111626294487
Duplicated = 126
============================================================================
Evaluate Gen  51
New Population 527
Better than Dads 110
Best Ind: ( ( (2x + -1.0) * ( (3y + 1.0) * (1x + 0.0) ) ) + 1.0 )
Fitness = 0.0570922754662
Worst Ind: ( (2x + 0.0) + ( ( (2x + -1.0) * (1y + 0.0) )^2  ) )
Fitness = 0.118726230689
Avg Fitness = 0.110549210287
Duplicated = 127
============================================================================
Evaluate Gen  52
New Population 518
Better than Dads 110
Best Ind: ( ( (2x + -1.0) * ( (3y + 1.0) * (1x + 0.0) ) ) + 1.0 )
Fitness = 0.0570922754662
Worst Ind: ( ( ( 4.0 + (2x + -5.0) ) * (2y + 0.0) ) + (3x + 1.0) )
Fitness = 0.117872780267
Avg Fitness = 0.109656262636
Duplicated = 126
============================================================================
Evaluate Gen  53
New Population 506
Better than Dads 97
Best Ind: ( ( (2x + -1.0) * ( (3y + 1.0) * (1x + 0.0) ) ) + 1.0 )
Fitness = 0.0570922754662
Worst Ind: ( (3x + 1.0) + ( ( (2x + -1.0) * (1y + 0.0) )^2  ) )
Fitness = 0.116633952092
Avg Fitness = 0.109035959159
Duplicated = 132
============================================================================
Evaluate Gen  54
New Population 518
Better than Dads 103
Best Ind: ( ( (2x + -1.0) * ( (3y + 1.0) * (1x + 0.0) ) ) + 1.0 )
Fitness = 0.0570922754662
Worst Ind: ( (1y + 0.0) * (4x + -1.0) )
Fitness = 0.116082634814
Avg Fitness = 0.108064601769
Duplicated = 126
============================================================================
Evaluate Gen  55
New Population 524
Better than Dads 116
Best Ind: ( ( (2x + -1.0) * ( (3y + 1.0) * (1x + 0.0) ) ) + 1.0 )
Fitness = 0.0570922754662
Worst Ind: ( ( (2y + 0.0) + ( (1x + 0.0)^2  ) )^2  )
Fitness = 0.115724142667
Avg Fitness = 0.107341949118
Duplicated = 131
============================================================================
Evaluate Gen  56
New Population 516
Better than Dads 103
Best Ind: ( ( (2x + -1.0) * ( (3y + 1.0) * (1x + 0.0) ) ) + 1.0 )
Fitness = 0.0570922754662
Worst Ind: ( (3x + 0.0) * (1y + 0.0) )
Fitness = 0.114421965999
Avg Fitness = 0.106423862234
Duplicated = 134
============================================================================
Evaluate Gen  57
New Population 515
Better than Dads 102
Best Ind: ( ( (2x + -1.0) * ( (3y + 1.0) * (1x + 0.0) ) ) + 1.0 )
Fitness = 0.0570922754662
Worst Ind: ( (1y + 0.0) * ( ( (1x + 2.0) + ( (3x + 0.0) * ( (1y + 0.0) * ( 1.0^2  ) ) ) ) * (1y + 0.0) ) )
Fitness = 0.112513802098
Avg Fitness = 0.105391299002
Duplicated = 141
============================================================================
Evaluate Gen  58
New Population 510
Better than Dads 93
Best Ind: ( ( (2x + -1.0) * ( (3y + 1.0) * (1x + 0.0) ) ) + 1.0 )
Fitness = 0.0570922754662
Worst Ind: ( (1x + 0.0) * ( ( (2x + -1.0) + ( (2x + -1.0) + (1y + 1.0) ) ) + (1y + 0.0) ) )
Fitness = 0.110162065961
Avg Fitness = 0.104646484826
Duplicated = 152
============================================================================
Evaluate Gen  59
New Population 516
Better than Dads 105
Best Ind: ( ( (2x + -1.0) * ( (3y + 1.0) * (1x + 0.0) ) ) + 1.0 )
Fitness = 0.0570922754662
Worst Ind: ( (1y + 0.0) * ( (2y + 0.0) + (4x + -1.0) ) )
Fitness = 0.108374237861
Avg Fitness = 0.104159391492
Duplicated = 160
============================================================================
Evaluate Gen  60
New Population 515
Better than Dads 97
Best Ind: ( ( (2x + -1.0) * ( (3y + 1.0) * (1x + 0.0) ) ) + 1.0 )
Fitness = 0.0570922754662
Worst Ind: ( ( (2x + -1.0) + (1y + 1.0) )^2  )
Fitness = 0.107811604085
Avg Fitness = 0.103734635178
Duplicated = 161
============================================================================
Evaluate Gen  61
New Population 515
Better than Dads 96
Best Ind: ( ( (2x + -1.0) * ( (3y + 1.0) * (1x + 0.0) ) ) + 1.0 )
Fitness = 0.0570922754662
Worst Ind: ( ( (2x + -1.0) + (1y + 1.0) )^2  )
Fitness = 0.107811604085
Avg Fitness = 0.1032285846
Duplicated = 152
============================================================================
Evaluate Gen  62
New Population 515
Better than Dads 105
Best Ind: ( ( (2x + -1.0) * ( (3y + 1.0) * (1x + 0.0) ) ) + 1.0 )
Fitness = 0.0570922754662
Worst Ind: ( ( (2x + -1.0) + (1y + 1.0) )^2  )
Fitness = 0.107811604085
Avg Fitness = 0.102733473815
Duplicated = 144
============================================================================
Evaluate Gen  63
New Population 528
Better than Dads 105
Best Ind: ( ( (2x + -1.0) * ( (3y + 1.0) * (1x + 0.0) ) ) + 1.0 )
Fitness = 0.0570922754662
Worst Ind: ( ( ( (1y + 1.0) * (4x + -1.0) ) * (1y + 0.0) ) + ( (1y + 0.0)^2  ) )
Fitness = 0.107490893106
Avg Fitness = 0.102228481244
Duplicated = 138
============================================================================
Evaluate Gen  64
New Population 514
Better than Dads 94
Best Ind: ( ( (2x + -1.0) * ( (3y + 1.0) * (1x + 0.0) ) ) + 1.0 )
Fitness = 0.0570922754662
Worst Ind: ( (2y + 0.0) + ( (2x + -1.0) * (2x + -1.0) ) )
Fitness = 0.106487754865
Avg Fitness = 0.101662711126
Duplicated = 140
============================================================================
Evaluate Gen  65
New Population 524
Better than Dads 110
Best Ind: ( ( (2x + -1.0) * ( (3y + 1.0) * (1x + 0.0) ) ) + 1.0 )
Fitness = 0.0570922754662
Worst Ind: ( ( (2x + -1.0) * (2y + 0.0) ) + (2y + 0.0) )
Fitness = 0.106244492675
Avg Fitness = 0.101334256866
Duplicated = 139
============================================================================
Evaluate Gen  66
New Population 527
Better than Dads 105
Best Ind: ( ( (2x + -1.0) * ( (3y + 1.0) * (1x + 0.0) ) ) + 1.0 )
Fitness = 0.0570922754662
Worst Ind: ( ( (1y + 1.0) * (2x + -1.0) )^2  )
Fitness = 0.105074586635
Avg Fitness = 0.101039324514
Duplicated = 156
============================================================================
Evaluate Gen  67
New Population 519
Better than Dads 102
Best Ind: ( ( (2x + -1.0) * ( (3y + 1.0) * (1x + 0.0) ) ) + 1.0 )
Fitness = 0.0570922754662
Worst Ind: ( ( (2x + -1.0) * (1y + 1.0) )^2  )
Fitness = 0.105074586635
Avg Fitness = 0.100658178825
Duplicated = 147
============================================================================
Evaluate Gen  68
New Population 519
Better than Dads 110
Best Ind: ( ( (2x + -1.0) * (1y + 0.0) ) + ( ( ( (2x + -1.0) * 1.0 ) * ( (1x + 0.0)^2  ) ) + (1y + 1.0) ) )
Fitness = 0.0551903590817
Worst Ind: ( ( (2x + -1.0) * (1y + 1.0) )^2  )
Fitness = 0.105074586635
Avg Fitness = 0.0999569362132
Duplicated = 133
============================================================================
Evaluate Gen  69
New Population 523
Better than Dads 105
Best Ind: ( ( (2x + -1.0) * (1y + 0.0) ) + ( ( ( (2x + -1.0) * 1.0 ) * ( (1x + 0.0)^2  ) ) + (1y + 1.0) ) )
Fitness = 0.0551903590817
Worst Ind: ( (2x + 0.0) + ( ( (2x + -1.0) + ( (2x + -1.0) * (1y + 0.0) ) )^2  ) )
Fitness = 0.104794934323
Avg Fitness = 0.0993187547305
Duplicated = 123
============================================================================
Evaluate Gen  70
New Population 534
Better than Dads 118
Best Ind: ( ( (2x + -1.0) * (1y + 0.0) ) + ( ( ( (2x + -1.0) * 1.0 ) * ( (1x + 0.0)^2  ) ) + (1y + 1.0) ) )
Fitness = 0.0551903590817
Worst Ind: ( ( (2x + -1.0) + ( ( ( 1.0 + 4.0 ) + (1y + 1.0) ) * ( (1x + 0.0)^2  ) ) ) * ( (2x + -1.0) * (1y + 1.0) ) )
Fitness = 0.1042985983
Avg Fitness = 0.0986034998074
Duplicated = 124
============================================================================
Evaluate Gen  71
New Population 535
Better than Dads 121
Best Ind: ( ( (2x + -1.0) * (1y + 0.0) ) + ( ( ( (2x + -1.0) * 1.0 ) * ( (1x + 0.0)^2  ) ) + (1y + 1.0) ) )
Fitness = 0.0551903590817
Worst Ind: ( ( ( (2x + -1.0) * (1y + 0.0) ) + (1y + 1.0) )^2  )
Fitness = 0.1039971963
Avg Fitness = 0.0976887370433
Duplicated = 115
============================================================================
Evaluate Gen  72
New Population 534
Better than Dads 120
Best Ind: ( ( (2x + -1.0) * (1y + 0.0) ) + ( ( ( (2x + -1.0) * 1.0 ) * ( (1x + 0.0)^2  ) ) + (1y + 1.0) ) )
Fitness = 0.0551903590817
Worst Ind: ( ( (2y + 0.0) * ( (1x + 0.0)^2  ) ) + ( ( (2x + -1.0) * (1y + 1.0) )^2  ) )
Fitness = 0.103581941017
Avg Fitness = 0.0971327633442
Duplicated = 106
============================================================================
Evaluate Gen  73
New Population 531
Better than Dads 120
Best Ind: ( ( (2x + -1.0) * (1y + 0.0) ) + ( ( ( (2x + -1.0) * 1.0 ) * ( (1x + 0.0)^2  ) ) + (1y + 1.0) ) )
Fitness = 0.0551903590817
Worst Ind: ( ( (2x + -1.0) * ( (2x + -1.0) * (1y + 1.0) ) ) + (2y + 0.0) )
Fitness = 0.103305596285
Avg Fitness = 0.0964945488664
Duplicated = 100
============================================================================
Evaluate Gen  74
New Population 532
Better than Dads 113
Best Ind: ( ( (2x + -1.0) * (1y + 0.0) ) + ( ( ( (2x + -1.0) * 1.0 ) * ( (1x + 0.0)^2  ) ) + (1y + 1.0) ) )
Fitness = 0.0551903590817
Worst Ind: ( ( ( (2y + 0.0) * (2x + 0.0) ) * (1x + 0.0) ) + ( ( (2x + -1.0) * (1y + 1.0) )^2  ) )
Fitness = 0.102251542368
Avg Fitness = 0.0957844894098
Duplicated = 100
============================================================================
Evaluate Gen  75
New Population 540
Better than Dads 110
Best Ind: ( ( (2x + -1.0) * (1y + 0.0) ) + ( ( ( (2x + -1.0) * 1.0 ) * ( (1x + 0.0)^2  ) ) + (1y + 1.0) ) )
Fitness = 0.0551903590817
Worst Ind: ( ( (2y + 2.0) + (2x + -2.0) ) * (1y + 0.0) )
Fitness = 0.101148394649
Avg Fitness = 0.0950558223365
Duplicated = 110
============================================================================
Evaluate Gen  76
New Population 536
Better than Dads 113
Best Ind: ( ( (2x + -1.0) * (1y + 0.0) ) + ( ( ( (2x + -1.0) * 1.0 ) * ( (1x + 0.0)^2  ) ) + (1y + 1.0) ) )
Fitness = 0.0551903590817
Worst Ind: ( ( ( (1x + -1.0)^2  ) * (1y + 1.0) )^2  )
Fitness = 0.099738774194
Avg Fitness = 0.0941757671246
Duplicated = 118
============================================================================
Evaluate Gen  77
New Population 525
Better than Dads 108
Best Ind: ( ( (2x + -1.0) * (1y + 0.0) ) + ( ( ( (2x + -1.0) * 1.0 ) * ( (1x + 0.0)^2  ) ) + (1y + 1.0) ) )
Fitness = 0.0551903590817
Worst Ind: ( ( (1x + 0.0)^2  ) + ( ( (2x + -1.0) * (1y + 1.0) )^2  ) )
Fitness = 0.0995571345958
Avg Fitness = 0.0936799691207
Duplicated = 106
============================================================================
Evaluate Gen  78
New Population 528
Better than Dads 112
Best Ind: ( ( (2x + -1.0) * (1y + 0.0) ) + ( ( ( (2x + -1.0) * 1.0 ) * ( (1x + 0.0)^2  ) ) + (1y + 1.0) ) )
Fitness = 0.0551903590817
Worst Ind: ( ( (1x + 0.0) * ( (1x + 0.0)^2  ) ) + (1y + 1.0) )
Fitness = 0.0992716008428
Avg Fitness = 0.0931447957066
Duplicated = 95
============================================================================
Evaluate Gen  79
New Population 530
Better than Dads 112
Best Ind: ( ( (2x + -1.0) * (1y + 0.0) ) + ( ( ( (2x + -1.0) * 1.0 ) * ( (1x + 0.0)^2  ) ) + (1y + 1.0) ) )
Fitness = 0.0551903590817
Worst Ind: ( ( ( ( (1y + 1.0) + (2x + -1.0) ) * (2y + 0.0) ) * ( (1x + 0.0)^2  ) ) + ( ( (1y + 1.0) * (2x + -1.0) )^2  ) )
Fitness = 0.0981379975971
Avg Fitness = 0.092695350181
Duplicated = 101
============================================================================
Evaluate Gen  80
New Population 533
Better than Dads 117
Best Ind: ( ( (1y + 1.0) * ( (1x + 0.0)^2  ) ) + ( 1.0^2  ) )
Fitness = 0.0433820473166
Worst Ind: ( ( (1y + 1.0) * ( (1x + 0.0)^2  ) ) + ( ( (2x + -1.0) * (1y + 1.0) )^2  ) )
Fitness = 0.0977273471964
Avg Fitness = 0.0921039572559
Duplicated = 91
============================================================================
Evaluate Gen  81
New Population 535
Better than Dads 109
Best Ind: ( ( (1y + 1.0) * ( (1x + 0.0)^2  ) ) + ( 1.0^2  ) )
Fitness = 0.0433820473166
Worst Ind: ( ( (1x + 0.0)^2  ) + (1y + 1.0) )
Fitness = 0.0968543624928
Avg Fitness = 0.0915483724852
Duplicated = 94
============================================================================
Evaluate Gen  82
New Population 519
Better than Dads 100
Best Ind: ( ( (1y + 1.0) * ( (1x + 0.0)^2  ) ) + ( 1.0^2  ) )
Fitness = 0.0433820473166
Worst Ind: ( ( ( (1y + 1.0) + ( (1x + 0.0)^2  ) ) * ( (1x + 0.0)^2  ) ) + ( ( (1y + 1.0) * ( 6.0 + (2x + -7.0) ) )^2  ) )
Fitness = 0.0967118022479
Avg Fitness = 0.0912115019702
Duplicated = 85
============================================================================
Evaluate Gen  83
New Population 525
Better than Dads 112
Best Ind: ( ( ( ( ( (1y + 1.0) * (4x + -1.0) ) * (1y + 0.0) ) * 1.0 ) * ( (1x + 0.0)^2  ) ) + 1.0 )
Fitness = 0.0310394595375
Worst Ind: ( ( ( ( (1y + 1.0) * ( (1x + 0.0)^2  ) ) * (1y + 0.0) ) * ( ( (1y + 1.0) * ( (1x + 0.0)^2  ) )^2  ) ) + (1y + 1.0) )
Fitness = 0.0961201765184
Avg Fitness = 0.0905911904478
Duplicated = 85
============================================================================
Evaluate Gen  84
New Population 529
Better than Dads 108
Best Ind: ( ( ( ( ( (1y + 1.0) * (4x + -1.0) ) * (1y + 0.0) ) * 1.0 ) * ( (1x + 0.0)^2  ) ) + 1.0 )
Fitness = 0.0310394595375
Worst Ind: ( ( ( (1y + 1.0) * ( (1x + 0.0)^2  ) ) * ( (2x + -1.0) * (1y + 1.0) ) ) + (1y + 1.0) )
Fitness = 0.0957933760994
Avg Fitness = 0.0899161963298
Duplicated = 92
============================================================================
Evaluate Gen  85
New Population 523
Better than Dads 114
Best Ind: ( ( ( ( ( (1y + 1.0) * (4x + -1.0) ) * (1y + 0.0) ) * 1.0 ) * ( (1x + 0.0)^2  ) ) + 1.0 )
Fitness = 0.0310394595375
Worst Ind: ( ( ( ( (2x + -1.0) * ( (1y + 1.0) * ( (1x + 0.0)^2  ) ) ) * (1y + 0.0) ) * ( (1x + 0.0)^2  ) ) + (1y + 1.0) )
Fitness = 0.0954531521792
Avg Fitness = 0.0897528744334
Duplicated = 95
============================================================================
Evaluate Gen  86
New Population 537
Better than Dads 127
Best Ind: ( ( ( ( ( (1y + 1.0) * (4x + -1.0) ) * (1y + 0.0) ) * 1.0 ) * ( (1x + 0.0)^2  ) ) + 1.0 )
Fitness = 0.0310394595375
Worst Ind: ( ( (1y + 1.0) * ( ( (2y + 0.0) * ( ( (1x + 0.0)^2  )^2  ) )^2  ) ) + ( ( ( (1y + 1.0) * ( ( (2x + -1.0) * (1y + 1.0) )^2  ) ) * ( (1x + 0.0)^2  ) ) + (1y + 1.0) ) )
Fitness = 0.0950127246463
Avg Fitness = 0.0894486697109
Duplicated = 97
============================================================================
Evaluate Gen  87
New Population 533
Better than Dads 113
Best Ind: ( ( ( ( (2x + -1.0) * (1y + 1.0) )^2  ) * ( (1x + 0.0)^2  ) ) + 1.0 )
Fitness = 0.0289190694054
Worst Ind: ( ( ( (2y + 2.0)^2  ) * ( (1x + 0.0)^2  ) ) + ( ( (2x + -1.0) * (1y + 1.0) )^2  ) )
Fitness = 0.0947459980443
Avg Fitness = 0.0888994949385
Duplicated = 87
============================================================================
Evaluate Gen  88
New Population 518
Better than Dads 109
Best Ind: ( ( ( ( (2x + -1.0) * (1y + 1.0) )^2  ) * ( (1x + 0.0)^2  ) ) + 1.0 )
Fitness = 0.0289190694054
Worst Ind: ( ( (1x + 0.0) * ( ( (2x + -1.0) * (1y + 0.0) ) * ( (2y + 0.0) * ( (1x + 0.0)^2  ) ) ) ) + (1y + 1.0) )
Fitness = 0.0943622670835
Avg Fitness = 0.0885826287404
Duplicated = 87
============================================================================
Evaluate Gen  89
New Population 520
Better than Dads 108
Best Ind: ( ( ( ( (2x + -1.0) * (1y + 1.0) )^2  ) * ( (1x + 0.0)^2  ) ) + 1.0 )
Fitness = 0.0289190694054
Worst Ind: ( ( ( (1y + 1.0) * ( ( (1x + 0.0)^2  )^2  ) ) * ( ( (2x + -1.0) * (1y + 1.0) )^2  ) ) + ( ( ( (1y + 1.0) * (1x + -1.0) ) * ( (1x + 0.0)^2  ) ) + (1y + 1.0) ) )
Fitness = 0.0940468491309
Avg Fitness = 0.0882137000489
Duplicated = 90
============================================================================
Evaluate Gen  90
New Population 533
Better than Dads 129
Best Ind: ( ( ( ( (2x + -1.0) * (1y + 1.0) )^2  ) * ( (1x + 0.0)^2  ) ) + 1.0 )
Fitness = 0.0289190694054
Worst Ind: ( ( ( (1y + 1.0) * ( ( (2x + -1.0) * (1y + 1.0) )^2  ) ) * ( ( ( (2x + -1.0) * (1y + 0.0) ) + (1y + 1.0) ) * ( (1x + 0.0)^2  ) ) ) + ( ( (1y + 1.0) * ( (1x + 0.0)^2  ) ) + ( ( ( (2y + 0.0)^2  ) * ( (1x + 0.0)^2  ) ) + ( ( (2x + -1.0) * (1y + 1.0) )^2  ) ) ) )
Fitness = 0.0936102032
Avg Fitness = 0.087959456872
Duplicated = 90
============================================================================
Evaluate Gen  91
New Population 538
Better than Dads 120
Best Ind: ( ( ( ( (2x + -1.0) * (1y + 1.0) )^2  ) * ( (1x + 0.0)^2  ) ) + 1.0 )
Fitness = 0.0289190694054
Worst Ind: ( ( ( ( (1x + 0.0) + ( (1y + 0.0)^2  ) ) + (1x + 0.0) ) * ( ( (2y + 0.0) * ( ( (1x + 0.0)^2  )^2  ) )^2  ) ) + ( ( ( ( ( (2x + -1.0) * (1y + 1.0) )^2  ) * 1.0 ) * ( (1x + 0.0)^2  ) ) + (1y + 1.0) ) )
Fitness = 0.093095307384
Avg Fitness = 0.0876691137451
Duplicated = 91
============================================================================
Evaluate Gen  92
New Population 514
Better than Dads 106
Best Ind: ( ( ( ( (2x + -1.0) * (1y + 1.0) )^2  ) * ( (1x + 0.0)^2  ) ) + 1.0 )
Fitness = 0.0289190694054
Worst Ind: ( ( ( ( (2x + -1.0) * (1y + 1.0) )^2  ) * ( (1x + 0.0)^2  ) ) + (1y + 1.0) )
Fitness = 0.0930203545045
Avg Fitness = 0.0872867912423
Duplicated = 95
============================================================================
Evaluate Gen  93
New Population 525
Better than Dads 123
Best Ind: ( ( ( ( (2x + -1.0) * (1y + 1.0) )^2  ) * ( (1x + 0.0)^2  ) ) + 1.0 )
Fitness = 0.0289190694054
Worst Ind: ( ( ( ( ( (2x + -1.0) * (1y + 1.0) )^2  )^2  ) * ( (1x + 0.0)^2  ) ) + (1y + 1.0) )
Fitness = 0.0930123420643
Avg Fitness = 0.0870320695337
Duplicated = 89
============================================================================
Evaluate Gen  94
New Population 525
Better than Dads 124
Best Ind: ( ( ( ( (2x + -1.0) * (1y + 1.0) )^2  ) * ( (1x + 0.0)^2  ) ) + 1.0 )
Fitness = 0.0289190694054
Worst Ind: ( ( ( 2.0 + (1y + 0.0) ) * ( (1x + 0.0)^2  ) ) + ( ( (2x + -1.0) * (1y + 1.0) )^2  ) )
Fitness = 0.0928600318377
Avg Fitness = 0.0866707273944
Duplicated = 86
============================================================================
Evaluate Gen  95
New Population 514
Better than Dads 113
Best Ind: ( ( ( ( (2x + -1.0) * (1y + 1.0) )^2  ) * ( (1x + 0.0)^2  ) ) + 1.0 )
Fitness = 0.0289190694054
Worst Ind: ( ( (1y + 1.0) * ( (1x + 0.0)^2  ) ) + ( ( ( (2y + 0.0)^2  ) * ( (1x + 0.0)^2  ) ) + ( ( (2x + -1.0) * (1y + 1.0) )^2  ) ) )
Fitness = 0.0928045973883
Avg Fitness = 0.0864112451269
Duplicated = 88
============================================================================
Evaluate Gen  96
New Population 532
Better than Dads 126
Best Ind: ( ( ( ( (2x + -1.0) * (1y + 1.0) )^2  ) * ( (1x + 0.0)^2  ) ) + 1.0 )
Fitness = 0.0289190694054
Worst Ind: ( ( ( (2x + -1.0) * (1y + 0.0) ) * ( ( ( ( (2x + -1.0) * (1y + 1.0) )^2  ) * ( (1x + 0.0)^2  ) )^2  ) ) + ( ( ( ( ( (2x + -1.0) * (1y + 1.0) )^2  )^2  ) * ( (1x + 0.0)^2  ) ) + (1y + 1.0) ) )
Fitness = 0.0926389574368
Avg Fitness = 0.0860355655265
Duplicated = 92
============================================================================
Evaluate Gen  97
New Population 532
Better than Dads 130
Best Ind: ( ( ( ( (2x + -1.0) * (1y + 1.0) )^2  ) * ( (1x + 0.0)^2  ) ) + 1.0 )
Fitness = 0.0289190694054
Worst Ind: ( ( ( (7y + 5.0) * ( (2x + -1.0) * (2x + -1.0) ) ) * ( (1x + 0.0)^2  ) ) + (1y + 1.0) )
Fitness = 0.092422413992
Avg Fitness = 0.0856722422106
Duplicated = 84
============================================================================
Evaluate Gen  98
New Population 529
Better than Dads 106
Best Ind: ( ( ( ( (2x + -1.0) * (1y + 1.0) )^2  ) * ( (1x + 0.0)^2  ) ) + 1.0 )
Fitness = 0.0289190694054
Worst Ind: ( ( ( ( (1x + 0.0)^2  ) + 1.0 ) * ( (1y + 1.0) * ( (1x + 0.0)^2  ) ) ) + ( ( ( (2y + 0.0)^2  ) * ( (1x + 0.0)^2  ) ) + ( ( (2x + -1.0) * (1y + 1.0) )^2  ) ) )
Fitness = 0.0917949490781
Avg Fitness = 0.0850127809898
Duplicated = 87
============================================================================
Evaluate Gen  99
New Population 527
Better than Dads 121
Best Ind: ( ( ( ( (2x + -1.0) * (1y + 1.0) )^2  ) * ( (1x + 0.0)^2  ) ) + 1.0 )
Fitness = 0.0289190694054
Worst Ind: ( ( ( (3x + 1.0) * (3x + 0.0) ) * ( (1x + 0.0)^2  ) ) + ( ( (2x + -1.0) * (1y + 1.0) )^2  ) )
Fitness = 0.0912815156001
Avg Fitness = 0.0846838857772
Duplicated = 93
============================================================================
Evaluate Gen  100
New Population 523
Better than Dads 117
Best Ind: ( ( ( ( (2x + -1.0) * (1y + 1.0) )^2  ) * ( (1x + 0.0)^2  ) ) + 1.0 )
Fitness = 0.0289190694054
Worst Ind: ( ( ( ( ( (2x + -1.0) + (2y + 0.0) ) * ( (2x + -1.0)^2  ) )^2  ) * ( ( (2y + 0.0) * ( ( (1x + 0.0)^2  )^2  ) )^2  ) ) + ( ( ( ( ( (2x + -1.0) * (1y + 1.0) )^2  ) * 1.0 ) * ( (1x + 0.0)^2  ) ) + (1y + 1.0) ) )
Fitness = 0.0908659270163
Avg Fitness = 0.0843449098401
Duplicated = 100
