dataset_file= dataset/SR_div_noise.txt
population= 50
generations= 50
tournament_size= 7
cross_over= 0.9
mutation= 0.05
elitism= True
(50, 2)
============================================================================
Build initial population
ind: 1
( ( ( ( (4x + -4.0) * ( ( (3x + -6.0) + (5y + 3.0) )^2  ) ) + (5y + -2.0) ) + ( ( ( ( (2x + 6.0)^2  ) + (4y + 10.0) ) + 4.0 ) * 8.0 ) )^2  )
Fitness 50.5150055513
ind: 2
( ( ( 6.0 * ( 3.0 * 5.0 ) ) * ( ( ( (5x + -6.0)^2  )^2  ) * (2y + 5.0) ) ) * (4y + -4.0) )
Fitness 257.593616334
ind: 3
( ( ( ( 10.0 * 8.0 )^2  ) + ( ( 10.0 * (9x + 5.0) ) + 2.0 ) ) * (10y + -6.0) )
Fitness 28.167327634
ind: 4
( (7y + -6.0) + ( (6x + -4.0)^2  ) )
Fitness 0.489239248341
ind: 5
( 1.0 + ( ( ( (6x + 8.0) + ( ( (7y + 7.0) + 4.0 )^2  ) )^2  ) * ( ( (2y + -6.0) + ( ( (5y + 3.0) + (5y + 0.0) ) * ( 1.0 + (10x + -5.0) ) ) )^2  ) ) )
Fitness 711.26967435
ind: 6
( ( (4x + 3.0) + ( (9x + 8.0) + (6y + -6.0) ) )^2  )
Fitness 1.18499150309
ind: 7
( (9x + -4.0) * ( ( 6.0 + ( ( 1.0 * ( (9y + 2.0) + (10x + 0.0) ) )^2  ) )^2  ) )
Fitness 15.6703013732
ind: 8
( (4y + 9.0) * ( 3.0 * (6x + -4.0) ) )
Fitness 1.40301852804
ind: 9
( ( ( ( 7.0^2  ) + ( ( (7x + -8.0) * ( 5.0 * (1y + 0.0) ) ) + 9.0 ) ) + 1.0 ) * 4.0 )
Fitness 2.22583188189
ind: 10
( ( ( (7x + -6.0) * ( ( ( (10x + -5.0) * (6y + -9.0) )^2  ) + 5.0 ) )^2  )^2  )
Fitness 739522587.361
ind: 11
( ( ( (6y + 7.0) * ( ( ( (10x + 1.0) + 8.0 ) + ( (9y + -10.0)^2  ) ) + 10.0 ) ) + ( ( ( ( 6.0^2  ) + ( (1y + 2.0) * 7.0 ) ) * ( 10.0 * ( (7x + 3.0) * (4x + -7.0) ) ) ) + 7.0 ) ) * (3y + 9.0) )
Fitness 43.1047691927
ind: 12
( ( ( ( (7x + 5.0) * ( 6.0 * ( 8.0 * 10.0 ) ) ) * ( (6y + -7.0) * ( (10x + -10.0) + ( (3x + -2.0) + 1.0 ) ) ) ) * (6x + -1.0) ) + ( (5x + 3.0) + (10x + -9.0) ) )
Fitness 74.1296970501
ind: 13
( ( ( ( ( (8y + -10.0)^2  ) * ( ( 2.0 * (4y + -5.0) ) + 8.0 ) ) + ( ( ( (9y + 1.0) * (6x + 0.0) ) + 3.0 ) * 5.0 ) )^2  )^2  )
Fitness 373742.47882
ind: 14
( (8y + -3.0) + ( (5x + 7.0)^2  ) )
Fitness 0.988120131539
ind: 15
( (1x + -3.0) * ( ( ( (2x + 1.0) * ( ( 9.0 * (10y + 1.0) ) * 3.0 ) ) * ( (1y + 9.0) * ( (2x + 4.0) * ( 5.0 + 8.0 ) ) ) )^2  ) )
Fitness 24210.1676708
ind: 16
( ( ( 8.0 + ( ( ( 6.0 + (8y + -7.0) ) * (4x + -6.0) ) * 9.0 ) ) * (4x + -4.0) )^2  )
Fitness 162.75624716
ind: 17
( ( ( ( (9y + -2.0) + ( (8x + 4.0)^2  ) ) * ( ( ( 4.0 + 6.0 )^2  )^2  ) ) + ( (1y + 8.0) + ( ( ( 6.0^2  ) + ( 8.0^2  ) ) + ( (6x + -5.0)^2  ) ) ) ) * 7.0 )
Fitness 181.129582435
ind: 18
( ( ( (4x + 10.0)^2  ) * ( 10.0^2  ) ) + (9y + -4.0) )
Fitness 14.3530380258
ind: 19
( ( ( ( ( (2y + -6.0) + (2y + -3.0) ) + ( ( 6.0 + 6.0 ) + ( (2x + 9.0) + (8x + -5.0) ) ) ) * ( ( (4y + -4.0) + 7.0 ) * (7x + 1.0) ) )^2  ) * ( 4.0 + ( (10y + -9.0) + ( 4.0^2  ) ) ) )
Fitness 78.1838966795
ind: 20
( ( (1x + 10.0) + ( ( ( (9x + 9.0) + 8.0 ) + ( 7.0 * ( 10.0^2  ) ) ) + 9.0 ) ) * ( ( (3x + -1.0) + ( ( ( (3x + 9.0) + (10y + -6.0) ) + 9.0 ) + ( (8y + -10.0) * (3x + 8.0) ) ) ) + ( ( ( ( (3x + 9.0)^2  ) * ( 3.0 + (5y + -8.0) ) ) * ( ( (6y + -7.0) + (4y + 8.0) ) + 5.0 ) ) * 5.0 ) ) )
Fitness 382.249719939
ind: 21
( 6.0 + ( ( ( (2y + -3.0)^2  ) * ( 4.0 + ( ( (3y + 3.0) * 5.0 ) * ( 5.0 + (7x + 6.0) ) ) ) ) + 5.0 ) )
Fitness 4.95394433657
ind: 22
( 4.0 + ( ( (2y + 10.0)^2  ) * ( ( ( (10x + 1.0) * ( 3.0 + 5.0 ) )^2  )^2  ) ) )
Fitness 1441.95081102
ind: 23
( ( ( ( ( (9x + 2.0) + (1x + -8.0) )^2  ) + (10y + 1.0) )^2  ) + (3x + -5.0) )
Fitness 7.62266023282
ind: 24
( (6x + 0.0) * ( ( 10.0^2  ) * ( ( (2y + -4.0) + ( (2y + 4.0) * ( 10.0 * 7.0 ) ) ) * 6.0 ) ) )
Fitness 72.6445912505
ind: 25
( ( (9x + -2.0)^2  ) + (3y + -5.0) )
Fitness 0.396790422126
ind: 26
( (1y + 3.0) * (3x + -5.0) )
Fitness 0.55816610204
ind: 27
( ( ( ( ( ( (9y + -7.0) * (3y + 10.0) )^2  ) + 2.0 )^2  )^2  ) + ( ( (8x + -9.0)^2  ) * 1.0 ) )
Fitness 8543823.65139
ind: 28
( ( ( ( (1y + 7.0) + (3y + 1.0) ) + 7.0 )^2  ) * ( ( (7x + -5.0)^2  ) * ( 3.0 * (8x + 7.0) ) ) )
Fitness 43.7291041067
ind: 29
( 2.0 + ( 6.0 * ( (9y + -3.0) * ( ( (2x + -6.0) * ( 10.0 * (6y + 1.0) ) )^2  ) ) ) )
Fitness 139.833137598
ind: 30
( ( ( ( (5y + -2.0) * (7x + 4.0) ) * 3.0 ) * (1y + -10.0) )^2  )
Fitness 38.6269117776
ind: 31
( ( (4x + -3.0) + ( (2y + 6.0) * 1.0 ) ) * ( ( ( ( ( 8.0 + 6.0 ) + ( 10.0 + 5.0 ) ) + 2.0 )^2  ) + ( ( 9.0 + (5y + 7.0) )^2  ) ) )
Fitness 8.93267381808
ind: 32
( ( (8x + 8.0) + 6.0 ) * (9y + 8.0) )
Fitness 1.57936394239
ind: 33
( (6x + 3.0) * (10y + 10.0) )
Fitness 0.87213899506
ind: 34
( ( ( (7x + -5.0) * ( ( 3.0^2  ) * (6y + 6.0) ) ) * ( (3y + 4.0)^2  ) ) + (4x + -8.0) )
Fitness 9.83313735896
ind: 35
( ( 5.0 + ( ( ( (1x + -7.0) + (8y + -6.0) )^2  )^2  ) ) + 10.0 )
Fitness 30.0105583115
ind: 36
( ( 5.0 * ( ( ( ( (1x + 0.0) * 5.0 ) + 9.0 ) + ( ( (4x + 2.0)^2  ) + ( 8.0 + (5y + 1.0) ) ) )^2  ) )^2  )
Fitness 552.223618928
ind: 37
( ( (2x + -2.0) + (8x + 9.0) ) * (1y + -6.0) )
Fitness 0.926521199576
ind: 38
( ( ( ( ( ( (1y + -5.0) * (4y + 0.0) )^2  ) * (7x + -7.0) )^2  )^2  ) * ( ( (10y + 8.0) + (3x + 1.0) ) * 3.0 ) )
Fitness 2431167.88253
ind: 39
( ( ( ( ( 5.0 + 6.0 ) + (2x + 6.0) )^2  )^2  ) * ( (7x + 5.0) * ( ( ( ( 4.0 + 1.0 ) * ( (10y + 5.0) + 8.0 ) ) + (10y + 0.0) ) * 6.0 ) ) )
Fitness 2082.97423142
ind: 40
( ( 10.0 * ( ( ( ( (7y + 9.0) + (4y + 0.0) ) + ( 7.0^2  ) ) * ( 1.0 * ( 10.0 * 1.0 ) ) ) + (7x + 2.0) ) )^2  )
Fitness 830.467718222
ind: 41
( ( (3x + -9.0) * ( ( (10y + -8.0)^2  ) * ( ( 10.0 * ( (2y + 6.0) * 2.0 ) )^2  ) ) )^2  )
Fitness 1575907.91395
ind: 42
( (5y + 3.0) * ( ( (5x + 4.0) + ( 4.0^2  ) )^2  ) )
Fitness 5.34689281584
ind: 43
( ( ( 1.0 + ( ( (2x + -1.0) + ( (2y + 3.0)^2  ) )^2  ) ) * ( (4y + -1.0)^2  ) ) * 4.0 )
Fitness 6.91893680356
ind: 44
( ( (4y + -6.0)^2  ) * ( ( (6x + 6.0) * ( (9y + -9.0)^2  ) ) + 2.0 ) )
Fitness 23.4517524419
ind: 45
( ( ( ( (9x + 0.0)^2  ) * ( (9y + -7.0) + 8.0 ) ) * ( 8.0 * ( (6y + 7.0) * ( (7y + -7.0) + 4.0 ) ) ) ) + (6x + -8.0) )
Fitness 7.89662372273
ind: 46
( ( ( ( ( ( (5y + -10.0) + (6x + 8.0) ) * 7.0 ) * ( ( 10.0^2  )^2  ) ) * 4.0 ) * ( 3.0 * 3.0 ) ) * (5x + -7.0) )
Fitness 1197.86431124
ind: 47
( ( ( ( ( ( (9y + -1.0) + (8x + 8.0) ) * ( (10x + 4.0) * (10x + 10.0) ) ) * (4x + 2.0) )^2  ) * 7.0 ) + 10.0 )
Fitness 1262.34354736
ind: 48
( ( (2x + -3.0)^2  ) + ( ( (6x + 2.0) * (8y + -8.0) )^2  ) )
Fitness 2.14059394773
ind: 49
( (5y + -10.0) + (9x + -8.0) )
Fitness 0.611712455758
ind: 50
( ( 2.0 * ( ( ( 1.0 + ( (6x + 9.0) * (2y + -9.0) ) ) + ( 6.0 * (6y + 4.0) ) ) * ( ( ( 3.0 + (8y + -6.0) )^2  ) + ( 8.0 * 5.0 ) ) ) )^2  )
Fitness 1432.29759479
Best Ind: ( ( (9x + -2.0)^2  ) + (3y + -5.0) )
Fitness = 0.396790422126
Worst Ind: ( ( ( (7x + -6.0) * ( ( ( (10x + -5.0) * (6y + -9.0) )^2  ) + 5.0 ) )^2  )^2  )
Fitness = 739522587.361
Avg Fitness = 15049653.0376
Duplicated = 0
============================================================================
Evaluate Gen  1
New Population 78
Better than Dads 8
Best Ind: ( (4y + 0.0) + (3x + -5.0) )
Fitness = 0.342150994188
Worst Ind: ( 2.0 + ( 6.0 * ( (9y + -3.0) * ( ( (2x + -6.0) * ( 10.0 * (6y + 1.0) ) )^2  ) ) ) )
Fitness = 139.833137598
Avg Fitness = 25.3022667115
Duplicated = 0
============================================================================
Evaluate Gen  2
New Population 80
Better than Dads 15
Best Ind: ( (4y + 0.0) + (3x + -5.0) )
Fitness = 0.342150994188
Worst Ind: ( ( (4y + -6.0)^2  ) * ( ( (6x + 6.0) * ( (9y + -9.0)^2  ) ) + 2.0 ) )
Fitness = 23.4517524419
Avg Fitness = 5.13119319831
Duplicated = 1
============================================================================
Evaluate Gen  3
New Population 74
Better than Dads 14
Best Ind: ( (4y + 0.0) + (3x + -5.0) )
Fitness = 0.342150994188
Worst Ind: ( ( ( ( ( ( 8.0 + 6.0 ) + (1x + -8.0) )^2  ) + (10y + 1.0) )^2  ) + (3x + -5.0) )
Fitness = 5.42088737128
Avg Fitness = 2.39235820599
Duplicated = 1
============================================================================
Evaluate Gen  4
New Population 79
Better than Dads 16
Best Ind: ( ( (2y + -3.0)^2  ) + (9x + -8.0) )
Fitness = 0.248212939544
Worst Ind: ( ( ( (7x + -5.0)^2  ) + ( (8y + -3.0) + ( (5x + 7.0)^2  ) ) ) * (10y + -6.0) )
Fitness = 3.03070307536
Avg Fitness = 1.54349310397
Duplicated = 2
============================================================================
Evaluate Gen  5
New Population 82
Better than Dads 18
Best Ind: ( ( (2y + -3.0)^2  ) + (9x + -8.0) )
Fitness = 0.248212939544
Worst Ind: ( ( (3y + 1.0)^2  ) + ( ( (6x + 2.0) * (8y + -8.0) )^2  ) )
Fitness = 2.11384501336
Avg Fitness = 1.15842623185
Duplicated = 2
============================================================================
Evaluate Gen  6
New Population 83
Better than Dads 17
Best Ind: ( ( (2y + -3.0)^2  ) + (9x + -8.0) )
Fitness = 0.248212939544
Worst Ind: ( (4y + 9.0) * ( 3.0 * (6x + -4.0) ) )
Fitness = 1.40301852804
Avg Fitness = 0.778300010597
Duplicated = 4
============================================================================
Evaluate Gen  7
New Population 80
Better than Dads 15
Best Ind: ( ( (2y + -3.0)^2  ) + (9x + -8.0) )
Fitness = 0.248212939544
Worst Ind: ( ( ( 3.0^2  ) * (5y + -10.0) ) + ( ( (5x + -6.0) + ( (9x + 8.0) + (6y + -6.0) ) )^2  ) )
Fitness = 0.976181380153
Avg Fitness = 0.602523777869
Duplicated = 4
============================================================================
Evaluate Gen  8
New Population 83
Better than Dads 17
Best Ind: ( ( (2y + -3.0)^2  ) + (9x + -8.0) )
Fitness = 0.248212939544
Worst Ind: ( (1y + 3.0) * ( (9x + 0.0)^2  ) )
Fitness = 0.650249967849
Avg Fitness = 0.43991154499
Duplicated = 6
============================================================================
Evaluate Gen  9
New Population 82
Better than Dads 20
Best Ind: ( ( ( 1.0 * (3x + -2.0) )^2  ) + ( (4y + 0.0) + (3x + -5.0) ) )
Fitness = 0.193251371135
Worst Ind: ( (5y + -10.0) + ( (3x + -2.0) + 1.0 ) )
Fitness = 0.486456707765
Avg Fitness = 0.383673546895
Duplicated = 6
============================================================================
Evaluate Gen  10
New Population 84
Better than Dads 21
Best Ind: ( ( ( 1.0 * (3x + -2.0) )^2  ) + ( (4y + 0.0) + (3x + -5.0) ) )
Fitness = 0.193251371135
Worst Ind: ( (7y + -6.0) + (9x + -2.0) )
Fitness = 0.417579551922
Avg Fitness = 0.354261548968
Duplicated = 9
============================================================================
Evaluate Gen  11
New Population 81
Better than Dads 24
Best Ind: ( ( ( 1.0 * (3x + -2.0) )^2  ) + ( (4y + 0.0) + (3x + -5.0) ) )
Fitness = 0.193251371135
Worst Ind: ( ( (4x + -4.0) * (6y + 1.0) ) + ( (7x + 4.0) + 1.0 ) )
Fitness = 0.39754138376
Avg Fitness = 0.337901170194
Duplicated = 10
============================================================================
Evaluate Gen  12
New Population 83
Better than Dads 22
Best Ind: ( ( ( 1.0 * (3x + -2.0) )^2  ) + ( (4y + 0.0) + (3x + -5.0) ) )
Fitness = 0.193251371135
Worst Ind: ( (4y + 0.0) * (6x + -4.0) )
Fitness = 0.37781780203
Avg Fitness = 0.315915827321
Duplicated = 12
============================================================================
Evaluate Gen  13
New Population 86
Better than Dads 24
Best Ind: ( ( ( 1.0 * (3x + -2.0) )^2  ) + ( (4y + 0.0) + (3x + -5.0) ) )
Fitness = 0.193251371135
Worst Ind: ( (4y + 0.0) + (3x + -5.0) )
Fitness = 0.342150994188
Avg Fitness = 0.299572204024
Duplicated = 19
============================================================================
Evaluate Gen  14
New Population 74
Better than Dads 16
Best Ind: ( ( ( 1.0 * (3x + -2.0) )^2  ) + ( (4y + 0.0) + (3x + -5.0) ) )
Fitness = 0.193251371135
Worst Ind: ( (4y + 0.0) * (4x + 3.0) )
Fitness = 0.335382731241
Avg Fitness = 0.291497312054
Duplicated = 19
============================================================================
Evaluate Gen  15
New Population 81
Better than Dads 23
Best Ind: ( ( ( 1.0 * (3x + -2.0) )^2  ) + ( (4y + 0.0) + (3x + -5.0) ) )
Fitness = 0.193251371135
Worst Ind: ( (6y + 6.0) + (9x + -8.0) )
Fitness = 0.315627531475
Avg Fitness = 0.281017435533
Duplicated = 24
============================================================================
Evaluate Gen  16
New Population 81
Better than Dads 19
Best Ind: ( ( ( 1.0 * (3x + -2.0) )^2  ) + ( (4y + 0.0) + (3x + -5.0) ) )
Fitness = 0.193251371135
Worst Ind: ( (5y + -10.0) + (9x + 8.0) )
Fitness = 0.302119215271
Avg Fitness = 0.272087733928
Duplicated = 26
============================================================================
Evaluate Gen  17
New Population 76
Better than Dads 14
Best Ind: ( ( ( 1.0 * (3x + -2.0) )^2  ) + ( (4y + 0.0) + (3x + -5.0) ) )
Fitness = 0.193251371135
Worst Ind: ( (1x + 2.0) + (9y + -4.0) )
Fitness = 0.293495411985
Avg Fitness = 0.262908658832
Duplicated = 23
============================================================================
Evaluate Gen  18
New Population 83
Better than Dads 21
Best Ind: ( ( ( 1.0 * (3x + -2.0) )^2  ) + ( (4y + 0.0) + (3x + -5.0) ) )
Fitness = 0.193251371135
Worst Ind: ( (4y + 0.0) * (1x + 2.0) )
Fitness = 0.270893764736
Avg Fitness = 0.256879537737
Duplicated = 32
============================================================================
Evaluate Gen  19
New Population 83
Better than Dads 14
Best Ind: ( ( (1x + 2.0) * (4y + 0.0) ) + ( (3x + -2.0) * (4y + 0.0) ) )
Fitness = 0.149737439839
Worst Ind: ( (1x + 2.0) * (4y + 0.0) )
Fitness = 0.270893764736
Avg Fitness = 0.249021019211
Duplicated = 29
============================================================================
Evaluate Gen  20
New Population 78
Better than Dads 16
Best Ind: ( ( (1x + 2.0) * (4y + 0.0) ) + ( (3x + -2.0) * (4y + 0.0) ) )
Fitness = 0.149737439839
Worst Ind: ( (3x + -2.0) * (4y + 0.0) )
Fitness = 0.267905105896
Avg Fitness = 0.243774647217
Duplicated = 27
============================================================================
Evaluate Gen  21
New Population 75
Better than Dads 19
Best Ind: ( ( (1x + 2.0) * (4y + 0.0) ) + ( (3x + -2.0) * (4y + 0.0) ) )
Fitness = 0.149737439839
Worst Ind: ( (4y + 0.0) * ( 1.0 * (3x + -2.0) ) )
Fitness = 0.267905105896
Avg Fitness = 0.241427885916
Duplicated = 27
============================================================================
Evaluate Gen  22
New Population 79
Better than Dads 20
Best Ind: ( ( (1x + 2.0) * (4y + 0.0) ) + ( (3x + -2.0) * (4y + 0.0) ) )
Fitness = 0.149737439839
Worst Ind: ( (4y + 0.0) + (5x + 3.0) )
Fitness = 0.254490570699
Avg Fitness = 0.237132592912
Duplicated = 31
============================================================================
Evaluate Gen  23
New Population 81
Better than Dads 18
Best Ind: ( ( (1x + 2.0) * (4y + 0.0) ) + ( (3x + -2.0) * (4y + 0.0) ) )
Fitness = 0.149737439839
Worst Ind: ( (1x + 2.0) + (6y + 1.0) )
Fitness = 0.249094034315
Avg Fitness = 0.229373406068
Duplicated = 31
============================================================================
Evaluate Gen  24
New Population 82
Better than Dads 18
Best Ind: ( ( (1x + 2.0) * (4y + 0.0) ) + ( (3x + -2.0) * (4y + 0.0) ) )
Fitness = 0.149737439839
Worst Ind: ( (4y + 0.0) + (3x + -2.0) )
Fitness = 0.248782700028
Avg Fitness = 0.221071959833
Duplicated = 30
============================================================================
Evaluate Gen  25
New Population 83
Better than Dads 19
Best Ind: ( ( (1x + 2.0) * (4y + 0.0) ) + ( (3x + -2.0) * (4y + 0.0) ) )
Fitness = 0.149737439839
Worst Ind: ( ( (4y + 0.0) * (3x + -2.0) ) + (3x + -2.0) )
Fitness = 0.243802731647
Avg Fitness = 0.211928433531
Duplicated = 27
============================================================================
Evaluate Gen  26
New Population 86
Better than Dads 21
Best Ind: ( ( (1x + 2.0) * (4y + 0.0) ) + ( (3x + -2.0) * (4y + 0.0) ) )
Fitness = 0.149737439839
Worst Ind: ( (8y + -8.0) + ( ( ( 1.0 * (3x + -2.0) )^2  ) + (1x + 2.0) ) )
Fitness = 0.230722015279
Avg Fitness = 0.201063361904
Duplicated = 29
============================================================================
Evaluate Gen  27
New Population 82
Better than Dads 17
Best Ind: ( ( ( (4y + 0.0) * (3x + -2.0) ) + (4y + 0.0) ) + (4y + 0.0) )
Fitness = 0.125721591191
Worst Ind: ( (1x + 2.0) + (4y + 0.0) )
Fitness = 0.206635984609
Avg Fitness = 0.193597133638
Duplicated = 34
============================================================================
Evaluate Gen  28
New Population 85
Better than Dads 19
Best Ind: ( ( ( (4y + 0.0) * (3x + -2.0) ) + (4y + 0.0) ) + (4y + 0.0) )
Fitness = 0.125721591191
Worst Ind: ( (1x + 2.0) + (4y + 0.0) )
Fitness = 0.206635984609
Avg Fitness = 0.1889703627
Duplicated = 32
============================================================================
Evaluate Gen  29
New Population 86
Better than Dads 20
Best Ind: ( ( ( (4y + 0.0) * (3x + -2.0) ) + (4y + 0.0) ) + (4y + 0.0) )
Fitness = 0.125721591191
Worst Ind: ( (1x + 2.0) + (4y + 0.0) )
Fitness = 0.206635984609
Avg Fitness = 0.182919775267
Duplicated = 27
============================================================================
Evaluate Gen  30
New Population 88
Better than Dads 22
Best Ind: ( ( ( (4y + 0.0) * (3x + -2.0) ) + (4y + 0.0) ) + (4y + 0.0) )
Fitness = 0.125721591191
Worst Ind: ( (3x + -2.0) + ( (4y + 0.0) + ( (3x + -2.0) * (4y + 0.0) ) ) )
Fitness = 0.191798589703
Avg Fitness = 0.179786417374
Duplicated = 34
============================================================================
Evaluate Gen  31
New Population 83
Better than Dads 22
Best Ind: ( ( ( (4y + 0.0) * (3x + -2.0) ) + (4y + 0.0) ) + (4y + 0.0) )
Fitness = 0.125721591191
Worst Ind: ( (4y + 0.0) + ( (4y + 0.0) * (3x + -2.0) ) )
Fitness = 0.188502686041
Avg Fitness = 0.177666447311
Duplicated = 34
============================================================================
Evaluate Gen  32
New Population 85
Better than Dads 19
Best Ind: ( ( ( (4y + 0.0) * (3x + -2.0) ) + (4y + 0.0) ) + (4y + 0.0) )
Fitness = 0.125721591191
Worst Ind: ( (4y + 0.0) + ( (3x + -2.0) * (4y + 0.0) ) )
Fitness = 0.188502686041
Avg Fitness = 0.174346098142
Duplicated = 32
============================================================================
Evaluate Gen  33
New Population 85
Better than Dads 26
Best Ind: ( ( ( (4y + 0.0) * (3x + -2.0) ) + (4y + 0.0) ) + (4y + 0.0) )
Fitness = 0.125721591191
Worst Ind: ( ( (4y + 0.0) * (3x + -2.0) ) + (4y + 0.0) )
Fitness = 0.188502686041
Avg Fitness = 0.171507523847
Duplicated = 32
============================================================================
Evaluate Gen  34
New Population 86
Better than Dads 26
Best Ind: ( ( ( (4y + 0.0) * (3x + -2.0) ) + (4y + 0.0) ) + (4y + 0.0) )
Fitness = 0.125721591191
Worst Ind: ( (4y + 0.0) + ( (3x + -2.0) * (4y + 0.0) ) )
Fitness = 0.188502686041
Avg Fitness = 0.169069346074
Duplicated = 32
============================================================================
Evaluate Gen  35
New Population 88
Better than Dads 25
Best Ind: ( ( ( (4y + 0.0) * (3x + -2.0) ) + (4y + 0.0) ) + (4y + 0.0) )
Fitness = 0.125721591191
Worst Ind: ( (4y + 0.0) + ( ( (4y + 0.0) * (3x + -2.0) ) + (6y + 1.0) ) )
Fitness = 0.179992706757
Avg Fitness = 0.165314632483
Duplicated = 35
============================================================================
Evaluate Gen  36
New Population 85
Better than Dads 29
Best Ind: ( ( ( (4y + 0.0) * (3x + -2.0) ) + (4y + 0.0) ) + (4y + 0.0) )
Fitness = 0.125721591191
Worst Ind: ( ( (4y + 0.0) * (3x + -2.0) ) + (6y + 1.0) )
Fitness = 0.175848177739
Avg Fitness = 0.164460855403
Duplicated = 35
============================================================================
Evaluate Gen  37
New Population 85
Better than Dads 33
Best Ind: ( ( ( (4y + 0.0) * (3x + -2.0) ) + (4y + 0.0) ) + (4y + 0.0) )
Fitness = 0.125721591191
Worst Ind: ( ( (4y + 0.0) * (3x + -2.0) ) + (6y + 1.0) )
Fitness = 0.175848177739
Avg Fitness = 0.164460855403
Duplicated = 35
============================================================================
Evaluate Gen  38
New Population 87
Better than Dads 27
Best Ind: ( ( ( (4y + 0.0) * (3x + -2.0) ) + (4y + 0.0) ) + (4y + 0.0) )
Fitness = 0.125721591191
Worst Ind: ( ( (3x + -2.0) * (4y + 0.0) ) + (6y + 1.0) )
Fitness = 0.175848177739
Avg Fitness = 0.163390567754
Duplicated = 35
============================================================================
Evaluate Gen  39
New Population 90
Better than Dads 37
Best Ind: ( ( ( (4y + 0.0) * (3x + -2.0) ) + (4y + 0.0) ) + (4y + 0.0) )
Fitness = 0.125721591191
Worst Ind: ( ( (4y + 0.0) * (3x + -2.0) ) + (6y + 1.0) )
Fitness = 0.175848177739
Avg Fitness = 0.162588152999
Duplicated = 35
============================================================================
Evaluate Gen  40
New Population 89
Better than Dads 34
Best Ind: ( ( ( (4y + 0.0) * (3x + -2.0) ) + (4y + 0.0) ) + (4y + 0.0) )
Fitness = 0.125721591191
Worst Ind: ( ( (4y + 0.0) * (3x + -2.0) ) + (6y + 1.0) )
Fitness = 0.175848177739
Avg Fitness = 0.161545896124
Duplicated = 34
============================================================================
Evaluate Gen  41
New Population 88
Better than Dads 33
Best Ind: ( ( ( (4y + 0.0) * (3x + -2.0) ) + (4y + 0.0) ) + (4y + 0.0) )
Fitness = 0.125721591191
Worst Ind: ( ( (4y + 0.0) * (3x + -2.0) ) + (6y + 1.0) )
Fitness = 0.175848177739
Avg Fitness = 0.160570858211
Duplicated = 33
============================================================================
Evaluate Gen  42
New Population 86
Better than Dads 28
Best Ind: ( ( ( (4y + 0.0) * (3x + -2.0) ) + (4y + 0.0) ) + (4y + 0.0) )
Fitness = 0.125721591191
Worst Ind: ( ( (4y + 0.0) * (3x + -2.0) ) + (6y + 1.0) )
Fitness = 0.175848177739
Avg Fitness = 0.159492576229
Duplicated = 33
============================================================================
Evaluate Gen  43
New Population 86
Better than Dads 32
Best Ind: ( ( ( (4y + 0.0) * (3x + -2.0) ) + (4y + 0.0) ) + (4y + 0.0) )
Fitness = 0.125721591191
Worst Ind: ( ( (4y + 0.0) * (3x + -2.0) ) + (6y + 1.0) )
Fitness = 0.175848177739
Avg Fitness = 0.158450319354
Duplicated = 33
============================================================================
Evaluate Gen  44
New Population 89
Better than Dads 33
Best Ind: ( ( ( (4y + 0.0) * (3x + -2.0) ) + (4y + 0.0) ) + (4y + 0.0) )
Fitness = 0.125721591191
Worst Ind: ( (6y + 1.0) + ( ( 1.0 * (3x + -2.0) ) * (4y + 0.0) ) )
Fitness = 0.175848177739
Avg Fitness = 0.156799819553
Duplicated = 33
============================================================================
Evaluate Gen  45
New Population 92
Better than Dads 32
Best Ind: ( ( ( (4y + 0.0) * (3x + -2.0) ) + (4y + 0.0) ) + (4y + 0.0) )
Fitness = 0.125721591191
Worst Ind: ( (3x + -2.0) + ( (5y + -2.0) + ( ( 1.0 * (3x + -2.0) )^2  ) ) )
Fitness = 0.161838177893
Avg Fitness = 0.155021648927
Duplicated = 36
============================================================================
Evaluate Gen  46
New Population 91
Better than Dads 36
Best Ind: ( ( ( (4y + 0.0) * (3x + -2.0) ) + (4y + 0.0) ) + (4y + 0.0) )
Fitness = 0.125721591191
Worst Ind: ( ( (1x + 2.0) + (4y + 0.0) ) + ( ( (4y + 0.0) * (3x + -2.0) ) + (3x + -2.0) ) )
Fitness = 0.158477229827
Avg Fitness = 0.154763930493
Duplicated = 37
============================================================================
Evaluate Gen  47
New Population 90
Better than Dads 35
Best Ind: ( ( ( (4y + 0.0) * (3x + -2.0) ) + (4y + 0.0) ) + (4y + 0.0) )
Fitness = 0.125721591191
Worst Ind: ( ( (1x + 2.0) + (4y + 0.0) ) + ( ( (4y + 0.0) * (3x + -2.0) ) + (3x + -2.0) ) )
Fitness = 0.158477229827
Avg Fitness = 0.154561103919
Duplicated = 38
============================================================================
Evaluate Gen  48
New Population 89
Better than Dads 33
Best Ind: ( ( ( (4y + 0.0) * (3x + -2.0) ) + (4y + 0.0) ) + (4y + 0.0) )
Fitness = 0.125721591191
Worst Ind: ( ( (1x + 2.0) + (4y + 0.0) ) + ( ( (4y + 0.0) * (3x + -2.0) ) + (3x + -2.0) ) )
Fitness = 0.158477229827
Avg Fitness = 0.154533073144
Duplicated = 38
============================================================================
Evaluate Gen  49
New Population 89
Better than Dads 32
Best Ind: ( ( ( (4y + 0.0) * (3x + -2.0) ) + (4y + 0.0) ) + (4y + 0.0) )
Fitness = 0.125721591191
Worst Ind: ( ( (1x + 2.0) + (4y + 0.0) ) + ( ( (4y + 0.0) * (3x + -2.0) ) + (3x + -2.0) ) )
Fitness = 0.158477229827
Avg Fitness = 0.15427418502
Duplicated = 38
============================================================================
Evaluate Gen  50
New Population 89
Better than Dads 35
Best Ind: ( ( ( (4y + 0.0) * (3x + -2.0) ) + (4y + 0.0) ) + (4y + 0.0) )
Fitness = 0.125721591191
Worst Ind: ( ( (4y + 0.0) * (3x + -2.0) ) + ( (1x + 2.0) + ( (4y + 0.0) + (3x + -2.0) ) ) )
Fitness = 0.158477229827
Avg Fitness = 0.15409938922
Duplicated = 38
