dataset_file= dataset/SR_div_noise.txt
population= 500
generations= 100
tournament_size= 7
cross_over= 0.6
mutation= 0.3
elitism= True
(50, 2)
============================================================================
Build initial population
ind: 1
( 2x * 7y )
ind: 2
( ( ( ( ( ( 3.0 - 20.0 ) - ( 64.0 * 22.0 ) ) - 6x ) - ( ( 19.0 - 42.0 ) - ( 5x + ( 5y * 77.0 ) ) ) ) * ( ( 4y - 24.0 ) + 87.0 ) ) + ( 83.0 + ( ( 3x * 12.0 ) + ( ( ( 45.0 + 1y ) + 8x ) * ( 58.0 * 48.0 ) ) ) ) )
ind: 3
( ( ( ( 32.0 - 8y ) - ( ( 66.0 * 13.0 ) - 45.0 ) ) + ( ( 4x + 9y ) - 5x ) ) - ( ( 3y * 9y ) - 2.0 ) )
ind: 4
( ( ( ( 2y * ( 5y - 1y ) ) * 8y ) + 9x ) + ( 40.0 - ( 4y * ( 8y - ( ( 82.0 + 7x ) + 72.0 ) ) ) ) )
ind: 5
( ( 69.0 - 7x ) * 9y )
ind: 6
( ( 93.0 - ( ( ( ( 5y + 6y ) - 2.0 ) - ( ( 8y - 6y ) + 22.0 ) ) * ( ( ( 10y - 2x ) + 93.0 ) - 10y ) ) ) - ( ( 3x * ( 53.0 * ( 62.0 + 9y ) ) ) * ( 9x + ( ( ( 10x + 3x ) * 2y ) + 5y ) ) ) )
ind: 7
( ( ( ( ( 2y - 1x ) * ( ( 8y * 7y ) + ( 89.0 - 17.0 ) ) ) - 7x ) + ( ( ( ( 9y + 1y ) - ( 7x * 9x ) ) - ( ( 2x - 73.0 ) + ( 77.0 - 7y ) ) ) - ( 6x + 42.0 ) ) ) + ( 86.0 + ( ( ( 6x + 97.0 ) - 57.0 ) - 60.0 ) ) )
ind: 8
( ( ( ( ( ( 7y * 37.0 ) - 15.0 ) - ( 9x * 8y ) ) * ( 4y * ( 98.0 * ( 10x + 4x ) ) ) ) + ( ( 57.0 + 8y ) * ( ( ( 10y - 32.0 ) - ( 10.0 * 2x ) ) * ( 1x + 2x ) ) ) ) * ( ( 57.0 - 6x ) + ( 36.0 - 10x ) ) )
ind: 9
( 4y - ( 9y + ( ( 1x - 89.0 ) * ( ( ( 1y * 99.0 ) * ( 16.0 + 85.0 ) ) + 9y ) ) ) )
ind: 10
( ( ( 15.0 * 60.0 ) * ( ( 8x + 6x ) * 87.0 ) ) * 7y )
ind: 11
( ( ( ( 10y + ( ( 7x + 46.0 ) - ( 8x - 44.0 ) ) ) + ( 100.0 - 8y ) ) * ( ( 3.0 - 12.0 ) - ( ( ( 9x + 6.0 ) + ( 47.0 + 17.0 ) ) + 8y ) ) ) * ( ( ( 34.0 * 3y ) * ( 2y + 4.0 ) ) * 18.0 ) )
ind: 12
( 3y - ( ( 8x - ( ( 4.0 - ( 7.0 + 4y ) ) * 57.0 ) ) * ( 32.0 - ( 6x * 47.0 ) ) ) )
ind: 13
( ( ( 5y * ( ( 13.0 + 2x ) + 93.0 ) ) + ( ( 4x - 8.0 ) * 9x ) ) - 6x )
ind: 14
( ( ( 7y + ( 9.0 + ( ( 1y * 8y ) + ( 11.0 - 4.0 ) ) ) ) - 10x ) - 87.0 )
ind: 15
( 3y + 10x )
ind: 16
( ( ( ( 42.0 + 5y ) + ( 9y + 48.0 ) ) - 96.0 ) - ( ( ( ( 53.0 * 100.0 ) + ( 73.0 + ( 40.0 * 6y ) ) ) + 90.0 ) * 3x ) )
ind: 17
( ( ( ( ( ( 6y - 10x ) - 8x ) + 46.0 ) + ( ( ( 1y - 6y ) - ( 8x - 8x ) ) - ( 2x + ( 4y + 18.0 ) ) ) ) - 3.0 ) * 24.0 )
ind: 18
( ( 8y * 20.0 ) + ( ( 95.0 + ( 68.0 * ( 72.0 + ( 50.0 * 10x ) ) ) ) * 52.0 ) )
ind: 19
( 26.0 - ( ( ( 15.0 + ( 29.0 - ( 4x + 10y ) ) ) + ( 94.0 - ( 6x * ( 7x * 9.0 ) ) ) ) * ( ( 28.0 - ( ( 14.0 + 6x ) + 18.0 ) ) * ( 61.0 - 2y ) ) ) )
ind: 20
( 5y * ( ( 5y * ( 16.0 - ( 3x + ( 7x - 46.0 ) ) ) ) + 72.0 ) )
ind: 21
( ( 4y * ( 70.0 - 3x ) ) - 14.0 )
ind: 22
( ( ( 6y + 4x ) + ( ( 30.0 * 10y ) - 3y ) ) - ( 8x - ( ( 4x * 6x ) + 1x ) ) )
ind: 23
( ( ( ( 1x * 2y ) + 7y ) + 37.0 ) * ( 88.0 + ( ( ( 7.0 * 7y ) + ( ( 9y + 4y ) * 9x ) ) - ( ( 10y + 5x ) + 8x ) ) ) )
ind: 24
( ( ( ( 76.0 + 6y ) - 5x ) * ( ( ( ( 82.0 + 1y ) * ( 3y * 91.0 ) ) + 34.0 ) + ( 9y + 1x ) ) ) + 6y )
ind: 25
( ( 9x - ( 5x * ( ( ( 41.0 * 77.0 ) * ( 6x * 4y ) ) - 9x ) ) ) - 18.0 )
ind: 26
( ( ( 6x - ( 57.0 + ( ( 6.0 - 15.0 ) + ( 66.0 - 9x ) ) ) ) * 65.0 ) - ( ( 6x + 4y ) - 8x ) )
ind: 27
( ( 34.0 + 4y ) - ( ( ( ( 61.0 + ( 79.0 * 4y ) ) + 9.0 ) - ( 25.0 * ( ( 54.0 - 10y ) * 47.0 ) ) ) + 9x ) )
ind: 28
( ( ( 36.0 + ( ( 9y * ( 72.0 - 10x ) ) - ( ( 3y * 6y ) - ( 3x - 1y ) ) ) ) * 2y ) + 7x )
ind: 29
( ( ( 5x * ( ( 25.0 - ( 8x - 19.0 ) ) * 23.0 ) ) - 3y ) * 7y )
ind: 30
( ( 57.0 * ( 21.0 * ( 19.0 * ( ( 83.0 * 7x ) * 58.0 ) ) ) ) - 10y )
ind: 31
( ( 94.0 - ( ( 88.0 + 9y ) + 10x ) ) * ( ( ( 79.0 - 7x ) - ( 8.0 * 21.0 ) ) * ( 5x * ( 5x * ( 5y + 21.0 ) ) ) ) )
ind: 32
( ( ( ( 1y - 4y ) + 7.0 ) + ( ( ( ( 100.0 + 2y ) * 16.0 ) * ( 3x + ( 86.0 + 88.0 ) ) ) - 4x ) ) * 91.0 )
ind: 33
( ( 8y - 69.0 ) - ( ( 96.0 - 9x ) + ( 9y - ( ( ( 24.0 - 46.0 ) * 1y ) + ( 59.0 * 34.0 ) ) ) ) )
ind: 34
( 21.0 * ( ( 1y + ( 70.0 * ( ( 6x - 36.0 ) + ( 7.0 * 9x ) ) ) ) + 5x ) )
ind: 35
( 82.0 - ( 6y * ( ( 6x - ( 8x + 6x ) ) * ( 7y + ( ( 5x - 5y ) * 2y ) ) ) ) )
ind: 36
( ( ( ( ( ( 28.0 * 8.0 ) + ( 4x * 5x ) ) - 11.0 ) - ( 10.0 - ( ( 75.0 + 91.0 ) * 1y ) ) ) + 55.0 ) + 6x )
ind: 37
( ( ( 5y - 6x ) * 24.0 ) - 81.0 )
ind: 38
( ( ( ( ( 38.0 * 9y ) + 11.0 ) * ( 82.0 + ( ( 3y - 14.0 ) + 56.0 ) ) ) * 82.0 ) + 5x )
ind: 39
( ( ( 8y + ( 5x * 17.0 ) ) + ( ( 2y - ( 95.0 * 77.0 ) ) + 81.0 ) ) + 1y )
ind: 40
( ( ( ( 6y - ( 22.0 + 8y ) ) + ( 19.0 - ( ( 47.0 + 92.0 ) + 1y ) ) ) - ( 3y - 1x ) ) + ( 9y + 16.0 ) )
ind: 41
( ( ( 40.0 * 5x ) - ( ( ( 4.0 - 6y ) - 8x ) + ( ( 10y * ( 3y * 77.0 ) ) - 1y ) ) ) * ( ( 4.0 * 59.0 ) - ( ( 3x * 6y ) * 2.0 ) ) )
ind: 42
( 55.0 - ( ( ( 3x * 87.0 ) - 4y ) - ( 7x - 6y ) ) )
ind: 43
( ( ( 2x - 20.0 ) - ( 60.0 + 9y ) ) - 79.0 )
ind: 44
( 6y - 6x )
ind: 45
( ( ( 27.0 * ( ( 28.0 * ( 58.0 + 37.0 ) ) - ( 49.0 + 95.0 ) ) ) + ( ( ( ( 30.0 + 90.0 ) * ( 1x + 2y ) ) * 50.0 ) - 37.0 ) ) * 10x )
ind: 46
( 5x + ( ( 9y * 5x ) - 1y ) )
ind: 47
( 34.0 - ( ( ( ( ( 67.0 * 51.0 ) - ( 10y * 6y ) ) * 20.0 ) * 4x ) * 34.0 ) )
ind: 48
( ( ( ( ( ( 1y * 16.0 ) * ( 6x + 53.0 ) ) - ( 7.0 + 33.0 ) ) - 82.0 ) * ( 95.0 * ( ( ( 52.0 * 8.0 ) + ( 10x + 8y ) ) - ( 4y + ( 1y + 10x ) ) ) ) ) - ( 4y * 8x ) )
ind: 49
( ( 4x * ( 9y * ( 83.0 + ( 47.0 * ( 28.0 * 6x ) ) ) ) ) * ( 8y - 3x ) )
ind: 50
( ( 1y + 8y ) + 2x )
ind: 51
( 6y + ( 4y * ( ( 14.0 + ( ( 7x * 50.0 ) * ( 5y - 37.0 ) ) ) * 45.0 ) ) )
ind: 52
( ( 71.0 + 7.0 ) + ( 2x + ( 94.0 * ( ( ( 8y + 2.0 ) + ( 3.0 + 8y ) ) - 3x ) ) ) )
ind: 53
( 5x - ( ( 2y - ( 73.0 + 47.0 ) ) * ( ( 87.0 + 36.0 ) * ( ( ( 51.0 * 9x ) + ( 10x - 7.0 ) ) + 7x ) ) ) )
ind: 54
( 9y + ( ( 1y + ( ( 68.0 * ( 96.0 * 53.0 ) ) + ( ( 7y + 13.0 ) * 87.0 ) ) ) + ( 9x + ( 7x + ( 15.0 + 3y ) ) ) ) )
ind: 55
( 9y + ( 1x - ( 18.0 * ( 4x + 57.0 ) ) ) )
ind: 56
( ( ( 8x * 56.0 ) - ( ( 5y + 6y ) + ( ( ( 8y + 9y ) * ( 22.0 - 71.0 ) ) * 71.0 ) ) ) * ( 63.0 + ( ( 1y * ( 29.0 * ( 50.0 - 81.0 ) ) ) - ( 75.0 * ( ( 60.0 * 10y ) * 8y ) ) ) ) )
ind: 57
( ( 13.0 + ( ( 74.0 - 42.0 ) * ( ( 4y * 78.0 ) * 8x ) ) ) + 10y )
ind: 58
( 5x + ( 68.0 - ( ( ( ( 3x * 98.0 ) - ( 51.0 * 5y ) ) * ( ( 10x - 76.0 ) + ( 73.0 - 2y ) ) ) - 9y ) ) )
ind: 59
( 1x - ( ( 9y - 8x ) + ( 7y - 12.0 ) ) )
ind: 60
( ( 81.0 - 52.0 ) - ( ( ( ( ( 2y - 3x ) + ( 19.0 - 15.0 ) ) - ( ( 8y * 1y ) - ( 34.0 + 4x ) ) ) + ( 16.0 - ( ( 8x + 5y ) + ( 6y * 5x ) ) ) ) + 2x ) )
ind: 61
( ( ( ( 10y + 2y ) - ( ( ( 1y + 10x ) + 57.0 ) - ( 72.0 + 98.0 ) ) ) - 99.0 ) * 1y )
ind: 62
( ( 77.0 - ( ( ( ( 93.0 * 97.0 ) - 1y ) * ( 28.0 * ( 6x - 17.0 ) ) ) * 7x ) ) - 1x )
ind: 63
( ( 6y * 10y ) - 9x )
ind: 64
( ( 44.0 * ( 4x * ( ( 4.0 + 7x ) - 67.0 ) ) ) * 10y )
ind: 65
( ( 4x - 1y ) - 1y )
ind: 66
( 10.0 + ( 6y - ( ( ( ( 88.0 * 93.0 ) * ( 43.0 - 2y ) ) - 47.0 ) + 9x ) ) )
ind: 67
( ( 5x * ( ( ( 88.0 - 22.0 ) + ( 2x - 9y ) ) - 71.0 ) ) * 78.0 )
ind: 68
( ( 1x * ( ( ( ( 91.0 - 54.0 ) * ( 4y + 91.0 ) ) * ( 10.0 + 6x ) ) + ( 45.0 + ( ( 69.0 - 45.0 ) * 62.0 ) ) ) ) - ( 2x * ( 66.0 * 76.0 ) ) )
ind: 69
( ( ( 3y + 74.0 ) * ( 2.0 * ( 98.0 - ( ( 69.0 * 9y ) - ( 8y * 13.0 ) ) ) ) ) + 5x )
ind: 70
( ( 2y * 5x ) - 85.0 )
ind: 71
( ( ( ( ( 65.0 - 7y ) - ( 49.0 * 8y ) ) - ( 10y + ( ( 8x - 59.0 ) - ( 88.0 - 1y ) ) ) ) * ( 1y - 38.0 ) ) * 1.0 )
ind: 72
( ( 5x * ( 1x - 50.0 ) ) * ( 2y + ( 50.0 - 1x ) ) )
ind: 73
( 2x - ( 2y - ( ( ( ( 68.0 - 5y ) * 40.0 ) + ( ( 84.0 - 5y ) - 9x ) ) - ( ( ( 4x * 57.0 ) + 23.0 ) - ( 41.0 + 6.0 ) ) ) ) )
ind: 74
( ( 13.0 + ( ( 88.0 + 10x ) - 3y ) ) + ( ( ( ( ( 98.0 + 54.0 ) - ( 28.0 * 95.0 ) ) + 4y ) + 7y ) + ( ( ( ( 43.0 * 10x ) + 25.0 ) + ( 93.0 + 82.0 ) ) * ( 5x * 18.0 ) ) ) )
ind: 75
( ( 3x - 31.0 ) + ( 5x * ( ( ( ( 8x + 9x ) + 76.0 ) - ( ( 38.0 - 2x ) - ( 8y + 2y ) ) ) * 1.0 ) ) )
ind: 76
( ( 10x + ( 89.0 + ( ( 30.0 * ( 92.0 * 35.0 ) ) - 7y ) ) ) - ( 4x - ( 3y * ( 5y - 75.0 ) ) ) )
ind: 77
( 7y - ( ( 4x + 26.0 ) + 17.0 ) )
ind: 78
( 4x - ( ( 38.0 - ( ( 3y + ( 42.0 + 74.0 ) ) - 55.0 ) ) - ( 6x - 3x ) ) )
ind: 79
( 60.0 + ( 4y * 7x ) )
ind: 80
( ( 55.0 * 4y ) - ( 83.0 * ( ( 31.0 - 4x ) + 5y ) ) )
ind: 81
( ( 14.0 * ( ( ( 1y + ( 8x + 92.0 ) ) + 21.0 ) - ( ( ( 6x - 7x ) - ( 2x * 58.0 ) ) * ( 6x - 1x ) ) ) ) - 72.0 )
ind: 82
( ( ( 8x * 3y ) + ( 10x * ( ( 39.0 + 72.0 ) * 1x ) ) ) * 24.0 )
ind: 83
( 61.0 * ( 3x - ( 2x - ( 3y - 7y ) ) ) )
ind: 84
( 10y + ( 6x + ( ( ( 10y - 73.0 ) * ( ( 69.0 - 40.0 ) * ( 7x + 1y ) ) ) * ( ( ( 1y - 9x ) - 9x ) + 9x ) ) ) )
ind: 85
( 2x - ( ( 30.0 - 6y ) - ( ( 9x + 30.0 ) * 8x ) ) )
ind: 86
( ( 69.0 - ( ( 5.0 + 2x ) + 4x ) ) - 4y )
ind: 87
( 8x - ( 24.0 * ( ( 1y + ( ( 9y + 1x ) * ( 17.0 * 10.0 ) ) ) + 10.0 ) ) )
ind: 88
( 6x + ( ( ( ( 8y + 9x ) * ( ( 42.0 + 3x ) * ( 10y - 42.0 ) ) ) - ( ( ( 4x * 5y ) * ( 88.0 * 8x ) ) + 18.0 ) ) * ( ( 1y + 8y ) - 9x ) ) )
ind: 89
( ( 84.0 - 72.0 ) - ( ( ( ( 56.0 + 7y ) + ( 2x * ( 5y + 36.0 ) ) ) - ( 28.0 + ( 55.0 - ( 64.0 + 1y ) ) ) ) * ( 7y - ( 89.0 + 87.0 ) ) ) )
ind: 90
( ( ( ( 81.0 * ( 71.0 * ( 6y + 2x ) ) ) + ( ( 12.0 + 8x ) - 10x ) ) * ( ( 10y * 48.0 ) - 10x ) ) - 56.0 )
ind: 91
( ( 2x - ( ( ( 31.0 * 83.0 ) * 16.0 ) * ( ( 57.0 * ( 32.0 * 6x ) ) * 27.0 ) ) ) * ( ( ( 99.0 + ( 80.0 * ( 55.0 - 7y ) ) ) - ( ( ( 15.0 + 3x ) + ( 2y * 3x ) ) + 84.0 ) ) * ( 1y - ( 4y + ( 48.0 - 39.0 ) ) ) ) )
ind: 92
( 2x + ( ( 20.0 * 4x ) + 4y ) )
ind: 93
( 9x - ( ( 84.0 + ( ( ( 47.0 + 9y ) * ( 61.0 * 1y ) ) * 5x ) ) * ( 1x + ( 5y * 3y ) ) ) )
ind: 94
( 2y * 2x )
ind: 95
( ( 7y + 3x ) + 93.0 )
ind: 96
( ( ( ( ( ( 43.0 + 6x ) - 19.0 ) * 53.0 ) * ( 6x * 3y ) ) * 35.0 ) - 8x )
ind: 97
( ( 6y * ( ( ( 7.0 + 17.0 ) - ( ( 4y * 10x ) + 8.0 ) ) - ( 4y + ( 3x - ( 9y * 26.0 ) ) ) ) ) + 2x )
ind: 98
( ( 8y * ( 55.0 + 9x ) ) - 48.0 )
ind: 99
( ( 1x * ( 5y * ( ( ( 6y * 8.0 ) + 1x ) + ( 70.0 + ( 21.0 + 9x ) ) ) ) ) * 4y )
ind: 100
( ( ( 79.0 + ( 6y * 42.0 ) ) - 3y ) + ( 42.0 + ( 1x * 4x ) ) )
ind: 101
( ( 90.0 * ( 3.0 - 4y ) ) * 10x )
ind: 102
( ( ( 42.0 * ( ( 2y * ( 1y + 4y ) ) + ( ( 9x * 5y ) + 43.0 ) ) ) - 78.0 ) * ( 33.0 * 79.0 ) )
ind: 103
( 3y * ( 42.0 + 3x ) )
ind: 104
( ( ( ( ( 6y - 87.0 ) + ( 18.0 + 46.0 ) ) - 5y ) + ( ( 47.0 - 3y ) * ( 6y * 10y ) ) ) + ( ( ( ( 3x * ( 79.0 + 47.0 ) ) - 21.0 ) - ( ( 2x + ( 4y - 72.0 ) ) - 41.0 ) ) + ( ( ( 4y - ( 27.0 + 2.0 ) ) + ( ( 49.0 * 24.0 ) * 15.0 ) ) * 8x ) ) )
ind: 105
( ( 93.0 - ( 71.0 * ( 3.0 * ( 87.0 * ( 5y + 10x ) ) ) ) ) + ( 18.0 * ( 6x * 8x ) ) )
ind: 106
( ( 6x + ( 48.0 - 1x ) ) - ( 5y - ( 54.0 * ( 9x * ( 8y - 9y ) ) ) ) )
ind: 107
( ( ( ( ( ( 38.0 * 35.0 ) + 98.0 ) + 1x ) - ( 10y * ( ( 3y * 51.0 ) - ( 8x * 66.0 ) ) ) ) + ( ( ( 40.0 * 79.0 ) * 21.0 ) + 4y ) ) * ( 7x + 2y ) )
ind: 108
( ( ( 8y * 10y ) - ( 9x - 97.0 ) ) + ( 8y + 5y ) )
ind: 109
( ( 28.0 - 10y ) - ( 17.0 - 4x ) )
ind: 110
( ( ( ( ( 49.0 * ( 82.0 + 7x ) ) + ( 56.0 * 19.0 ) ) - ( ( 61.0 - ( 62.0 * 19.0 ) ) - ( ( 5x * 52.0 ) - 2y ) ) ) * 1x ) - ( ( 1.0 * ( 4x + ( ( 6y + 8y ) * ( 3.0 + 5x ) ) ) ) - ( 3.0 - 3y ) ) )
ind: 111
( 10y * ( 10x + ( ( ( 23.0 - ( 23.0 - 44.0 ) ) * 45.0 ) * ( ( 5x * 55.0 ) - ( 10y + ( 4.0 - 2y ) ) ) ) ) )
ind: 112
( ( 2y + 29.0 ) + ( ( 49.0 + 7x ) + 96.0 ) )
ind: 113
( ( 65.0 - ( 1x + ( ( 84.0 - 87.0 ) + 66.0 ) ) ) - ( ( ( ( 28.0 - ( 3x + 42.0 ) ) + 9x ) * ( ( 32.0 * ( 8y * 76.0 ) ) - 66.0 ) ) + ( ( 69.0 * 52.0 ) - ( 5y - ( ( 98.0 * 5y ) * 8x ) ) ) ) )
ind: 114
( ( ( 25.0 * ( ( 6x + 79.0 ) * 55.0 ) ) - ( ( 55.0 - 8y ) + ( 9.0 + ( 19.0 - ( 94.0 + 37.0 ) ) ) ) ) + 6x )
ind: 115
( ( 6.0 * ( 47.0 + ( 31.0 * 20.0 ) ) ) + ( 27.0 - ( ( ( ( 49.0 * 9y ) + ( 8x * 1y ) ) - 7y ) - 29.0 ) ) )
ind: 116
( 6x - ( 46.0 * ( ( ( 1y * 7x ) * ( ( 52.0 + 5y ) + ( 86.0 - 61.0 ) ) ) - ( ( 3y - 5y ) - 17.0 ) ) ) )
ind: 117
( 52.0 + ( 8y - ( ( ( ( 12.0 + 9y ) - 6x ) * ( ( 8x - 7.0 ) * 95.0 ) ) + 22.0 ) ) )
ind: 118
( 3x - 4y )
ind: 119
( ( ( ( ( 10y + 46.0 ) - 2.0 ) + ( 59.0 - 6y ) ) - 2y ) + ( ( 9y - 7x ) + 94.0 ) )
ind: 120
( ( ( 7y + 21.0 ) + ( 9.0 * 19.0 ) ) * ( 8y - 4x ) )
ind: 121
( ( ( 79.0 - ( 1y - 3x ) ) * 92.0 ) * 6.0 )
ind: 122
( 5y + ( 89.0 + ( ( 8y + 6y ) + ( 6x - ( ( 1x - 3x ) + ( 2x - 6y ) ) ) ) ) )
ind: 123
( ( ( ( 42.0 * ( ( 82.0 - 81.0 ) + 63.0 ) ) + 4x ) - ( 2.0 * ( 10x - 7y ) ) ) * ( ( ( ( 9x * ( 60.0 + 45.0 ) ) + 65.0 ) + 5y ) + ( ( ( 1y * ( 49.0 * 10x ) ) * ( ( 3y - 45.0 ) * ( 6.0 - 8x ) ) ) - ( ( 62.0 * 52.0 ) - 50.0 ) ) ) )
ind: 124
( ( ( 72.0 * 2x ) + 76.0 ) + ( ( 59.0 * 71.0 ) - ( ( ( 6x - 63.0 ) + ( 5y + 6x ) ) * 12.0 ) ) )
ind: 125
( 72.0 * ( ( 8y + ( ( 9x - ( 9y * 7x ) ) - ( ( 9.0 + 55.0 ) * 9x ) ) ) + 63.0 ) )
ind: 126
( ( 1y * ( 9x * 8y ) ) * ( ( ( ( ( 42.0 + 56.0 ) * 69.0 ) + ( 3x + ( 4x * 9y ) ) ) - 8y ) + ( ( ( ( 44.0 + 67.0 ) - ( 7x * 1x ) ) * 10.0 ) - ( ( 7x - ( 2x + 10x ) ) * 10y ) ) ) )
ind: 127
( ( 2x - 6x ) - ( ( ( 15.0 + 9y ) - ( ( ( 10x + 88.0 ) * ( 8x + 9x ) ) + 30.0 ) ) - ( 5x - 72.0 ) ) )
ind: 128
( ( ( ( 1x + 3y ) - 57.0 ) * 77.0 ) * ( ( 5y - 10y ) + ( ( ( ( 64.0 - 8.0 ) - ( 69.0 - 3x ) ) + 4y ) - ( ( 94.0 * ( 9x + 90.0 ) ) + ( ( 93.0 * 89.0 ) + 9x ) ) ) ) )
ind: 129
( ( ( 31.0 - 7x ) + ( ( 9y * ( 8.0 - 10x ) ) + 9y ) ) - 59.0 )
ind: 130
( ( ( ( 40.0 * 3x ) - 8x ) * ( 5y * 88.0 ) ) - 26.0 )
ind: 131
( ( 32.0 - ( ( ( ( 72.0 + 42.0 ) + ( 9x * 3x ) ) + ( 1x * 2x ) ) * ( 9y - ( ( 19.0 * 65.0 ) - 21.0 ) ) ) ) * ( ( 95.0 - 5x ) - 10.0 ) )
ind: 132
( 3y - ( 6x + 8y ) )
ind: 133
( ( 8y + ( ( ( ( 1y - 2.0 ) + ( 38.0 * 2y ) ) + ( ( 9x * 7x ) - ( 51.0 - 94.0 ) ) ) * 2y ) ) * ( ( ( ( ( 4y + 2y ) + ( 4y + 41.0 ) ) - ( ( 3x * 8y ) - ( 5y + 2y ) ) ) - ( 81.0 - 9x ) ) - 6y ) )
ind: 134
( ( 52.0 - ( 57.0 + 25.0 ) ) - ( ( ( ( 6y * 16.0 ) * ( 7y + ( 8y - 9y ) ) ) + ( 23.0 * 9x ) ) - ( 60.0 + 83.0 ) ) )
ind: 135
( ( ( ( 4x * 7x ) + 2y ) - 50.0 ) - 46.0 )
ind: 136
( ( 51.0 + 31.0 ) * ( 10x * 8y ) )
ind: 137
( ( ( ( 59.0 + 6x ) * 1x ) - 4y ) - ( 44.0 + ( 1y * ( 48.0 - 5y ) ) ) )
ind: 138
( 2x - ( 80.0 + ( ( ( ( 4y + 49.0 ) - 98.0 ) - 4.0 ) * 5.0 ) ) )
ind: 139
( ( ( 7x - 1x ) - 23.0 ) + ( ( 64.0 + ( 6y + 5y ) ) - 58.0 ) )
ind: 140
( ( ( ( ( ( 52.0 * 2x ) - 22.0 ) * 16.0 ) + 6y ) - 52.0 ) - 1x )
ind: 141
( 9y + ( ( ( ( ( 8y - 76.0 ) - ( 8x + 51.0 ) ) + ( ( 55.0 * 4.0 ) * 2y ) ) + 88.0 ) - 41.0 ) )
ind: 142
( 8y + 7x )
ind: 143
( ( ( ( 79.0 - ( 2x * 78.0 ) ) * ( 100.0 - 41.0 ) ) * 67.0 ) * 3y )
ind: 144
( 9x * ( ( ( 30.0 + 9y ) + 2x ) * ( ( 11.0 + ( ( 82.0 * 91.0 ) - ( 5y + 9y ) ) ) - 4y ) ) )
ind: 145
( ( ( 91.0 - 77.0 ) * ( 18.0 - ( ( ( 3x * 4y ) * 55.0 ) + 3x ) ) ) + ( ( 1y - 4.0 ) * ( 8x - 32.0 ) ) )
ind: 146
( ( 30.0 * 95.0 ) * ( ( ( ( 7y + ( 5y * 80.0 ) ) * 2x ) + ( ( ( 98.0 + 28.0 ) - ( 15.0 - 100.0 ) ) * 2y ) ) + 5y ) )
ind: 147
( ( ( 64.0 + 8y ) - 62.0 ) + 6x )
ind: 148
( ( 23.0 + 9x ) + 5y )
ind: 149
( 10y * ( ( 3y + ( 6x - 15.0 ) ) + 75.0 ) )
ind: 150
( ( 9y + ( 1.0 + ( ( ( 62.0 * 6x ) + 10y ) * 18.0 ) ) ) + ( ( ( 74.0 * ( 10y - ( 7y - 5x ) ) ) - ( 1y + ( 89.0 - 1y ) ) ) - ( 10x + 4.0 ) ) )
ind: 151
( ( ( ( ( 6x + 18.0 ) * 26.0 ) + 14.0 ) * ( ( 94.0 + ( ( 32.0 * 6y ) - ( 1x - 42.0 ) ) ) * 7x ) ) - 21.0 )
ind: 152
( ( ( ( ( ( 1x - 22.0 ) * 3y ) * 65.0 ) * ( 4y * ( ( 1x - 89.0 ) + 8x ) ) ) + ( ( ( 2x - ( 61.0 * 10.0 ) ) - ( ( 8y + 24.0 ) + 51.0 ) ) * ( ( ( 7y - 8.0 ) * 10x ) * ( 4y - ( 29.0 * 13.0 ) ) ) ) ) + 59.0 )
ind: 153
( ( ( ( ( 7y * 3x ) * ( 52.0 + ( 18.0 * 5y ) ) ) * ( 88.0 - 6y ) ) * ( 99.0 - ( 6x + ( ( 24.0 * 34.0 ) - 64.0 ) ) ) ) + ( ( ( ( ( 3x * 20.0 ) * ( 6y * 1y ) ) - 2.0 ) * 4x ) - 84.0 ) )
ind: 154
( 76.0 - ( 7x - ( ( ( ( 1y * 37.0 ) - ( 3x * 49.0 ) ) * ( 60.0 + 2y ) ) - ( 9y * 37.0 ) ) ) )
ind: 155
( ( 87.0 * 6x ) + ( ( ( ( 8y - 8y ) + 2x ) * ( 3x - 5x ) ) - ( ( ( ( 3x * 6x ) + 1y ) - ( 1.0 * 1y ) ) + 19.0 ) ) )
ind: 156
( ( 2y - 39.0 ) + ( ( 61.0 - ( ( ( 77.0 * 84.0 ) * 2x ) - ( 3y * ( 7y * 4x ) ) ) ) * 10x ) )
ind: 157
( ( 64.0 - 9x ) - ( ( 9y - 3y ) * 2y ) )
ind: 158
( ( 41.0 - ( 10x + 37.0 ) ) * ( ( ( 55.0 - ( ( 5.0 * 25.0 ) * ( 21.0 - 1y ) ) ) * 83.0 ) - 9y ) )
ind: 159
( ( ( 9x + ( 53.0 - ( ( 3y + 22.0 ) - ( 6x * 77.0 ) ) ) ) - 57.0 ) * ( ( ( 72.0 * ( 5y - 7x ) ) - 2.0 ) + ( 4y - 2y ) ) )
ind: 160
( ( ( ( 24.0 - ( ( 10x - 55.0 ) * 10y ) ) - 17.0 ) + 2y ) - ( 6.0 - 17.0 ) )
ind: 161
( ( 4y - ( ( ( ( 98.0 + 29.0 ) + ( 4x - 38.0 ) ) - ( 34.0 + ( 2y * 99.0 ) ) ) + 41.0 ) ) - ( ( 5x - 3x ) - ( ( 11.0 + 7.0 ) * 5x ) ) )
ind: 162
( ( 9y * 5.0 ) + ( 3x + 59.0 ) )
ind: 163
( ( ( ( 3y + 5x ) * ( ( 3x + ( 56.0 + 8x ) ) - ( ( 5y + 82.0 ) + 57.0 ) ) ) + 1y ) - 33.0 )
ind: 164
( 9y * ( 6x * ( 7y - 7y ) ) )
ind: 165
( 10x - ( 15.0 * 6y ) )
ind: 166
( 96.0 + ( ( ( ( ( 48.0 - 6x ) * ( 71.0 - 1x ) ) + ( 63.0 + 9y ) ) - 7y ) - 5.0 ) )
ind: 167
( ( ( ( ( ( 74.0 - 54.0 ) + 77.0 ) * ( ( 42.0 + 6x ) + 25.0 ) ) + 10y ) * ( ( 29.0 + 76.0 ) + ( ( ( 3x - 94.0 ) + 3y ) + ( ( 56.0 * 64.0 ) * 86.0 ) ) ) ) * 6x )
ind: 168
( ( ( 1x + 74.0 ) - ( ( ( ( 36.0 + 7x ) - ( 4x + 9y ) ) - 5y ) + ( 4y - 65.0 ) ) ) * ( ( 11.0 * 9x ) - ( ( ( ( 5x + 2.0 ) - 7x ) - ( 9y * ( 36.0 + 29.0 ) ) ) * ( 6x - ( ( 4.0 * 6x ) * 1x ) ) ) ) )
ind: 169
( ( 12.0 * 3y ) * ( 3y + ( ( ( ( 4x * 4x ) * 53.0 ) * 4x ) - ( ( ( 1x - 9x ) - 3x ) + 96.0 ) ) ) )
ind: 170
( ( 57.0 - ( ( ( ( 9x * 10y ) - 8.0 ) + ( ( 4x * 71.0 ) * 60.0 ) ) * ( 76.0 * ( ( 8.0 * 48.0 ) + ( 3x + 90.0 ) ) ) ) ) + 92.0 )
ind: 171
( 3y + 2x )
ind: 172
( ( 40.0 - ( 9y - ( ( ( 68.0 - 97.0 ) - 3x ) - 6y ) ) ) + 44.0 )
ind: 173
( ( ( ( ( 8y * 6y ) + ( 6x + 15.0 ) ) * 7x ) + 22.0 ) - ( ( ( ( ( 65.0 * 9y ) - 32.0 ) + ( 15.0 * ( 3y * 5x ) ) ) - ( 12.0 - 63.0 ) ) * 70.0 ) )
ind: 174
( 37.0 * ( ( ( 3.0 * ( 83.0 * ( 9.0 * 49.0 ) ) ) + ( 5x * ( ( 67.0 - 4x ) - ( 59.0 + 28.0 ) ) ) ) * ( ( 54.0 + 45.0 ) - 9y ) ) )
ind: 175
( ( 10x + ( 1x * ( ( 72.0 * ( 6y + 18.0 ) ) * 9x ) ) ) + 8y )
ind: 176
( ( 78.0 + 13.0 ) * ( 9y * 8x ) )
ind: 177
( ( ( 96.0 + ( 7.0 - ( ( 55.0 - 2y ) * 8y ) ) ) * ( 22.0 - ( 70.0 + ( 4x - ( 34.0 * 89.0 ) ) ) ) ) * ( ( 8x + ( ( ( 48.0 - 93.0 ) + ( 45.0 - 8x ) ) * 4y ) ) * 81.0 ) )
ind: 178
( ( ( 87.0 * ( 92.0 + ( 9y * ( 53.0 - 1x ) ) ) ) + 58.0 ) + 50.0 )
ind: 179
( 90.0 - ( 3x + 10y ) )
ind: 180
( 10x * 6y )
ind: 181
( 3y + ( ( 5.0 * ( 7x * ( 10x + ( 43.0 + 4x ) ) ) ) * 8y ) )
ind: 182
( 8x - ( ( 3x + ( 31.0 + ( ( 99.0 * 3y ) - 5.0 ) ) ) + ( 1x - ( ( 73.0 * ( 42.0 * 94.0 ) ) - ( ( 4x * 55.0 ) - 87.0 ) ) ) ) )
ind: 183
( 10y * 9x )
ind: 184
( ( 4x * ( 1x - 8y ) ) + ( 1x * 64.0 ) )
ind: 185
( ( 85.0 + 13.0 ) + ( 9.0 - ( 6y + ( 7x + ( 10x - ( 52.0 * 89.0 ) ) ) ) ) )
ind: 186
( ( ( ( 8y - 49.0 ) + 81.0 ) - 36.0 ) - ( 3x + ( ( 3y * 60.0 ) - 9x ) ) )
ind: 187
( ( ( ( 2.0 * ( 8y + ( 3x + 10y ) ) ) - 83.0 ) * 5x ) * 84.0 )
ind: 188
( 4y - 10x )
ind: 189
( ( 1y + 7x ) + ( ( 23.0 * ( 4x + ( 12.0 + 4x ) ) ) * ( 1y + ( 35.0 - ( 59.0 - ( 6x + 4y ) ) ) ) ) )
ind: 190
( 56.0 * ( ( ( 39.0 - ( ( 24.0 - 9x ) - 42.0 ) ) + ( ( ( 4y * 64.0 ) + 17.0 ) * ( 20.0 * 87.0 ) ) ) - 38.0 ) )
ind: 191
( ( 48.0 * 56.0 ) + ( ( 77.0 * ( ( ( 18.0 * 25.0 ) * 13.0 ) * ( ( 8x - 79.0 ) + 3y ) ) ) - 76.0 ) )
ind: 192
( 49.0 - ( 1y * ( ( ( ( 1x - 1y ) * ( 59.0 - 74.0 ) ) * ( ( 9x * 100.0 ) - 34.0 ) ) - 8x ) ) )
ind: 193
( ( ( ( 23.0 + ( 8y + ( 26.0 + 78.0 ) ) ) + ( ( ( 6x + 5x ) - 61.0 ) * 5y ) ) - ( ( ( 13.0 + ( 80.0 + 2y ) ) - ( 4x + ( 23.0 - 37.0 ) ) ) + 9x ) ) - ( ( 5x + 2x ) * ( 5y + 1x ) ) )
ind: 194
( ( ( ( ( 59.0 - 5x ) + 5y ) * ( ( 96.0 + ( 44.0 * 10x ) ) - ( ( 5x * 95.0 ) * 98.0 ) ) ) * 13.0 ) + 7y )
ind: 195
( ( 6y + ( ( 88.0 * ( 59.0 * 1.0 ) ) - 10x ) ) + ( ( 63.0 - ( 73.0 + 4x ) ) * 6x ) )
ind: 196
( ( 46.0 - ( 2y + ( ( 4x + ( 8y - 93.0 ) ) * 10x ) ) ) * 89.0 )
ind: 197
( ( ( ( 8y - 53.0 ) - 2y ) - 5y ) + ( ( ( 4x * 3x ) - 6y ) + 72.0 ) )
ind: 198
( ( 9x * ( 4.0 - 71.0 ) ) + ( 87.0 + ( ( ( ( 9x * 21.0 ) * ( 66.0 + 3x ) ) + ( 5x - 6y ) ) * ( ( 81.0 + 66.0 ) + 99.0 ) ) ) )
ind: 199
( ( 9.0 * ( ( ( 12.0 + 2y ) - 35.0 ) + ( 40.0 * ( 52.0 + ( 3y + 90.0 ) ) ) ) ) * ( ( ( 56.0 + ( 36.0 + ( 6y * 3x ) ) ) * 1y ) * 6y ) )
ind: 200
( ( ( 4y + ( 6y - 5x ) ) - ( 6x - ( 7y - 97.0 ) ) ) + ( ( 7x - 5x ) + ( ( ( 10y * ( 5y * 5x ) ) - 10y ) * ( 33.0 - ( ( 7x + 91.0 ) * 2x ) ) ) ) )
ind: 201
( ( ( 16.0 * ( 7y - 10x ) ) - ( 1x + 7x ) ) - 9x )
ind: 202
( ( ( ( 40.0 + 21.0 ) * 93.0 ) + ( 4x * ( 64.0 - 8x ) ) ) + ( ( 35.0 + ( ( ( 6x - 4y ) - ( 89.0 + 10.0 ) ) * ( 5x * ( 7x - 4y ) ) ) ) - 4y ) )
ind: 203
( 1y + ( ( 61.0 + ( 47.0 - ( 7x * ( 21.0 - 13.0 ) ) ) ) * 60.0 ) )
ind: 204
( ( 67.0 * 5y ) - ( ( 88.0 + ( ( 4.0 - 8x ) - 99.0 ) ) + ( ( 8x * 9.0 ) - 5y ) ) )
ind: 205
( ( ( 100.0 * ( 8x * 94.0 ) ) + ( ( ( ( 3x * 43.0 ) * ( 67.0 * 53.0 ) ) - 8x ) - 10y ) ) * 2x )
ind: 206
( ( ( 97.0 * ( ( ( 3y * 5y ) + ( 2x - 68.0 ) ) * 32.0 ) ) + 77.0 ) * ( 7x - ( ( 10y + 10y ) * 32.0 ) ) )
ind: 207
( 1y - 9x )
ind: 208
( ( ( ( 30.0 - ( ( 40.0 - 9x ) * ( 82.0 - 79.0 ) ) ) * 3x ) - ( ( ( 2x + 70.0 ) + ( 8.0 - ( 68.0 * 8y ) ) ) * ( 5x - 37.0 ) ) ) - 3y )
ind: 209
( ( 7y * ( ( ( ( 10y + 9y ) * ( 8x + 7x ) ) + 4x ) * ( 9y + 8y ) ) ) * ( 75.0 - 26.0 ) )
ind: 210
( ( ( ( ( 43.0 * 2x ) + ( ( 4y - 2y ) - ( 100.0 - 10x ) ) ) + 5x ) * 10x ) + ( ( ( 2x * ( 9x + 3y ) ) * 65.0 ) * 46.0 ) )
ind: 211
( ( ( ( 7y + 3x ) - ( ( ( 1y + 18.0 ) - 24.0 ) - ( 3y * ( 19.0 * 2x ) ) ) ) * ( ( ( 43.0 + ( 2y + 1x ) ) + 46.0 ) + ( ( 5y - 53.0 ) * ( 9x + ( 6x - 10x ) ) ) ) ) * 17.0 )
ind: 212
( ( ( 22.0 * ( 55.0 * ( 10x * 86.0 ) ) ) - 62.0 ) + ( ( 9x - ( 74.0 * ( 4y + ( 38.0 * 3y ) ) ) ) - ( 9y + 5x ) ) )
ind: 213
( ( 9x * 51.0 ) * 1y )
ind: 214
( 31.0 * ( 3x - ( ( ( ( 10y * 16.0 ) - 2x ) + ( ( 10y * 9x ) * 7x ) ) * 4y ) ) )
ind: 215
( ( ( 38.0 * 4y ) + 1y ) - ( 8y - 8x ) )
ind: 216
( 72.0 * ( 7y * ( 5x + ( ( ( 30.0 - 64.0 ) - 2x ) * ( 1y + ( 26.0 + 8x ) ) ) ) ) )
ind: 217
( ( ( ( ( 8x - ( 100.0 * 8x ) ) - ( 3y + 10x ) ) + 8x ) - ( 4x - ( 24.0 + 73.0 ) ) ) * 96.0 )
ind: 218
( ( 19.0 * ( ( ( ( 3y - 2y ) + 82.0 ) * ( 6.0 * ( 44.0 - 10x ) ) ) - 10y ) ) * 70.0 )
ind: 219
( 50.0 * ( ( ( ( 6x - ( 96.0 + 87.0 ) ) - ( 94.0 + 16.0 ) ) * ( ( ( 82.0 * 4x ) - ( 1y + 1y ) ) - 2y ) ) * ( 4x + ( ( ( 69.0 + 9.0 ) * ( 37.0 - 96.0 ) ) + 65.0 ) ) ) )
ind: 220
( ( ( ( ( 2x * 47.0 ) * ( ( 48.0 + 59.0 ) * 32.0 ) ) * ( 6x * ( ( 10y * 2x ) + ( 2y * 1x ) ) ) ) - ( 4y - ( 10x * 27.0 ) ) ) - ( ( 1x - 33.0 ) - 38.0 ) )
ind: 221
( 71.0 * ( ( ( ( ( 54.0 * 66.0 ) * 5x ) - ( 3x + ( 10x * 2y ) ) ) - 1x ) + 6x ) )
ind: 222
( 81.0 + ( ( ( 10y - 6x ) * 43.0 ) - 7y ) )
ind: 223
( ( ( 2y * 11.0 ) + 1x ) * 5y )
ind: 224
( ( ( 97.0 * ( ( 1x - ( 8x * 95.0 ) ) * ( 4y * 47.0 ) ) ) * 43.0 ) + ( 3x + 91.0 ) )
ind: 225
( ( ( ( 51.0 - ( 95.0 + ( 1x * 6x ) ) ) - ( ( ( 6x * 42.0 ) - 12.0 ) * ( ( 26.0 * 24.0 ) - ( 23.0 - 3y ) ) ) ) * ( 1x + 53.0 ) ) + 8x )
ind: 226
( 21.0 + ( ( 10x + 3y ) * ( ( 5x + 1y ) + ( ( 7x * 5x ) * 9y ) ) ) )
ind: 227
( ( ( 17.0 * 74.0 ) * ( ( ( ( 78.0 - 10.0 ) + 96.0 ) + ( ( 2y * 60.0 ) * 1y ) ) + ( 50.0 * ( ( 4y + 7y ) * ( 96.0 * 28.0 ) ) ) ) ) - ( 6x * ( 5.0 - ( ( 60.0 * ( 8y - 26.0 ) ) - ( ( 3y * 4x ) * ( 35.0 - 52.0 ) ) ) ) ) )
ind: 228
( ( ( ( ( 70.0 * ( 2x - 2y ) ) - 9x ) * ( ( ( 13.0 - 5y ) - 87.0 ) + ( ( 6y - 1x ) + 9y ) ) ) + 24.0 ) * 8x )
ind: 229
( ( ( 66.0 - ( 24.0 * ( 74.0 * 2x ) ) ) + 72.0 ) * 7y )
ind: 230
( ( ( 10x - ( ( ( 73.0 + 21.0 ) * 78.0 ) - ( ( 54.0 * 14.0 ) - 89.0 ) ) ) + 3y ) * 2x )
ind: 231
( ( ( ( ( ( 74.0 * 1y ) * ( 3x + 55.0 ) ) + ( 12.0 + ( 2x * 36.0 ) ) ) - 4x ) + ( ( ( ( 7y + 2y ) - ( 6y + 9x ) ) * 2x ) - 1y ) ) - 71.0 )
ind: 232
( ( ( 8x + ( 20.0 - 87.0 ) ) + ( ( 10y - ( 2x * ( 7y - 55.0 ) ) ) + 3y ) ) + 5y )
ind: 233
( ( 8y + ( ( 1x + 1x ) * 78.0 ) ) * 17.0 )
ind: 234
( ( ( 2x - 4y ) - ( ( 8x * 68.0 ) * ( ( ( 3y + 49.0 ) - ( 64.0 - 34.0 ) ) + 13.0 ) ) ) + ( ( ( 4x * 2.0 ) - ( ( ( 1y + 87.0 ) - ( 70.0 + 17.0 ) ) * ( ( 2y + 3x ) + 4y ) ) ) - 73.0 ) )
ind: 235
( 2x - ( 80.0 - 4y ) )
ind: 236
( 66.0 - ( ( 71.0 - ( ( ( 51.0 + 2x ) * ( 2x - 10x ) ) + 2.0 ) ) + ( 4y + ( 4y * 62.0 ) ) ) )
ind: 237
( 80.0 + ( ( 5y + ( ( ( 1.0 + 6x ) * ( 91.0 * 27.0 ) ) * ( ( 1x * 5x ) * 47.0 ) ) ) - 21.0 ) )
ind: 238
( 3x * ( ( ( 1y + ( 72.0 + 3y ) ) - 33.0 ) - 4x ) )
ind: 239
( ( ( 82.0 * 11.0 ) - ( 7y * ( 1x - ( 7.0 - 3y ) ) ) ) * 97.0 )
ind: 240
( ( ( 1y * ( 10y + 5y ) ) * ( 5x + ( ( 81.0 + ( 92.0 - 10y ) ) - 53.0 ) ) ) * 6y )
ind: 241
( ( 1x - 36.0 ) - ( ( ( 47.0 - ( 65.0 - ( 4y + 5x ) ) ) - ( 92.0 * 9y ) ) + ( ( ( ( 8x + 3x ) + 9y ) - 10x ) - 6y ) ) )
ind: 242
( ( 2y - ( 6y + ( 45.0 + 3x ) ) ) * 7y )
ind: 243
( ( ( 2x + ( ( ( 11.0 + 48.0 ) * ( 2y * 5y ) ) + 3x ) ) - 1y ) * ( ( 87.0 + ( 8x - ( 71.0 - 1x ) ) ) * ( 8y + 2x ) ) )
ind: 244
( ( ( ( ( ( 23.0 + 79.0 ) - 8x ) * 5x ) - 9x ) - ( 6x * ( ( ( 1x - 8x ) - ( 1x * 5y ) ) * 3x ) ) ) + ( ( ( ( ( 5x * 3y ) - ( 8y * 4.0 ) ) + 5y ) - 1x ) + ( 49.0 - 37.0 ) ) )
ind: 245
( ( ( ( 96.0 - ( 58.0 + ( 3x + 9y ) ) ) + 5y ) - ( ( 41.0 - ( ( 48.0 + 7x ) + ( 50.0 * 5x ) ) ) - ( 86.0 - 98.0 ) ) ) - ( 58.0 + 10x ) )
ind: 246
( ( 58.0 * ( ( ( ( 9x + 84.0 ) + ( 4x + 69.0 ) ) * ( ( 68.0 - 45.0 ) + 1y ) ) + ( ( ( 84.0 - 7.0 ) - 3.0 ) - ( ( 7x + 3.0 ) - ( 2y - 7x ) ) ) ) ) - ( 89.0 - ( 5x * 28.0 ) ) )
ind: 247
( 6y - 8x )
ind: 248
( ( ( 82.0 - ( 2x - ( 2x * 3x ) ) ) * 50.0 ) - 5y )
ind: 249
( ( ( 61.0 + 1x ) - ( 7y + 62.0 ) ) * ( ( 2y - 14.0 ) + ( ( 57.0 * ( ( 6x * 7y ) + 46.0 ) ) * ( 4y - 66.0 ) ) ) )
ind: 250
( ( ( ( ( 75.0 + 85.0 ) + 49.0 ) * 8y ) - ( 56.0 + ( ( 49.0 * 10x ) * 12.0 ) ) ) + ( 6y - ( ( ( 2y - ( 92.0 + 75.0 ) ) + ( 6x + 4x ) ) + 2x ) ) )
ind: 251
( ( ( 3y * 7.0 ) + ( ( 4y - ( 4y - ( 2y - 44.0 ) ) ) - ( ( ( 15.0 - 72.0 ) + 10.0 ) + 9x ) ) ) + 2y )
ind: 252
( ( 49.0 - 10x ) - ( 10.0 - ( 49.0 * ( ( 6y + ( 1x + 13.0 ) ) + ( 44.0 + 43.0 ) ) ) ) )
ind: 253
( 1y - ( ( ( ( ( 4x - 92.0 ) - 10y ) - ( 8x + 42.0 ) ) + 9y ) + 7x ) )
ind: 254
( ( ( 58.0 - ( ( 27.0 + 6y ) + 8y ) ) - 54.0 ) + ( 2y - ( 97.0 + ( ( ( 3x * 1y ) + ( 3y - 6y ) ) + 8.0 ) ) ) )
ind: 255
( ( 48.0 - 3y ) + 5x )
ind: 256
( ( 4x * ( 10y - ( 21.0 * ( 58.0 + ( 94.0 + 2.0 ) ) ) ) ) - 7x )
ind: 257
( ( 84.0 + ( 67.0 + ( 6x + ( 12.0 + ( 67.0 - 9y ) ) ) ) ) + 4x )
ind: 258
( ( 7x - ( ( 44.0 * ( 9x - ( 2x * 93.0 ) ) ) + ( 76.0 * 3y ) ) ) - 4.0 )
ind: 259
( ( 38.0 + ( 67.0 + ( 5x * 3y ) ) ) * ( ( ( ( 3x * ( 86.0 - 75.0 ) ) - 2y ) + ( ( ( 15.0 - 84.0 ) * 8x ) + ( ( 9y + 2y ) * ( 64.0 - 36.0 ) ) ) ) + ( 5x - ( 9x + ( 8x - ( 8y + 10.0 ) ) ) ) ) )
ind: 260
( ( 8y - 3x ) + ( 9.0 + 62.0 ) )
ind: 261
( ( 10x * ( 9x * ( 10y + 74.0 ) ) ) - 3x )
ind: 262
( 4x - ( 10x - 2y ) )
ind: 263
( ( ( ( 2.0 - 2x ) + ( ( ( 4y + 72.0 ) * ( 3y + 33.0 ) ) * 2x ) ) * 66.0 ) * ( ( 4x - 60.0 ) * 5y ) )
ind: 264
( ( ( 6x - 6x ) * ( 68.0 - ( 51.0 * 3y ) ) ) * ( 89.0 + 25.0 ) )
ind: 265
( 8x * ( ( ( ( ( 90.0 + 74.0 ) * 81.0 ) + 53.0 ) + 10x ) * ( ( ( ( 58.0 - 31.0 ) - 9x ) * ( 10y - 8x ) ) + ( 9y + ( 9.0 * 81.0 ) ) ) ) )
ind: 266
( ( ( ( ( ( 74.0 * 8x ) + ( 62.0 + 48.0 ) ) * ( 83.0 + 56.0 ) ) - 41.0 ) - ( ( 5x + 10x ) - 8y ) ) * ( 9y + ( 91.0 + 6y ) ) )
ind: 267
( 57.0 + ( ( 50.0 * ( 4y - 4.0 ) ) * ( ( ( 5x - ( 51.0 + 93.0 ) ) + ( ( 1y * 5y ) * ( 5x - 48.0 ) ) ) - 3x ) ) )
ind: 268
( ( ( ( ( ( 36.0 + 2y ) + ( 46.0 * 3y ) ) * 9x ) * ( 61.0 - ( ( 8y - 9x ) * 7y ) ) ) + 7y ) - 5y )
ind: 269
( 10x + ( ( ( 1x * ( 69.0 - 64.0 ) ) * ( 48.0 - ( 93.0 * 20.0 ) ) ) - ( 92.0 * ( 7x + 2y ) ) ) )
ind: 270
( 76.0 + ( ( ( 4x - ( ( 3x - 11.0 ) * 77.0 ) ) + ( ( ( 4.0 - 64.0 ) + 9x ) + ( 54.0 - ( 91.0 + 9y ) ) ) ) - ( 6y * ( ( 8.0 * 5y ) - ( ( 78.0 * 63.0 ) * ( 31.0 + 6y ) ) ) ) ) )
ind: 271
( 95.0 * ( ( 79.0 + ( ( 88.0 - 97.0 ) * ( 7x - ( 8x - 7y ) ) ) ) * ( ( ( ( 2x - 16.0 ) - ( 3y + 10y ) ) + ( ( 3y - 9y ) + ( 59.0 - 82.0 ) ) ) * 74.0 ) ) )
ind: 272
( ( ( ( 10x * ( 13.0 + ( 74.0 * 6x ) ) ) * ( ( ( 25.0 + 83.0 ) + 6x ) - 61.0 ) ) + ( ( 6x + ( 8y * 13.0 ) ) + ( 28.0 - 71.0 ) ) ) - ( 8x + 92.0 ) )
ind: 273
( ( 10y * ( ( 58.0 * ( 62.0 + 39.0 ) ) + ( ( ( 8y - 5.0 ) + 7x ) + 76.0 ) ) ) * 26.0 )
ind: 274
( ( ( ( 2x - 49.0 ) * ( 22.0 + ( ( 1.0 * 8y ) + 43.0 ) ) ) - 70.0 ) * ( 8y + ( 76.0 - 94.0 ) ) )
ind: 275
( ( ( ( 9y * 7y ) - 8y ) - 39.0 ) * ( 6x - ( ( ( 3y + ( 5x + 56.0 ) ) - ( ( 7y - 5y ) + 8y ) ) * ( ( ( 2x - 77.0 ) * ( 1x + 37.0 ) ) * ( ( 8x * 4y ) + ( 3x + 9y ) ) ) ) ) )
ind: 276
( ( ( 3y + 39.0 ) + 84.0 ) * ( ( 70.0 * ( ( ( 5y + 69.0 ) + ( 7y * 9x ) ) * ( 2y * 9y ) ) ) + ( ( 42.0 + ( 6y * 3x ) ) + 2y ) ) )
ind: 277
( ( ( 54.0 * ( ( 32.0 - 23.0 ) - 8x ) ) - 13.0 ) + ( 5y + 10x ) )
ind: 278
( 10y * ( ( 33.0 * ( ( ( 68.0 * 4x ) - 74.0 ) - 55.0 ) ) + 7y ) )
ind: 279
( 8x * ( ( 58.0 - ( 65.0 - ( ( 2x + 6x ) + ( 3y * 10y ) ) ) ) + ( ( 14.0 * 1x ) - 5y ) ) )
ind: 280
( ( 2x + 8y ) + 2x )
ind: 281
( ( 23.0 * ( 34.0 - 3x ) ) * ( 27.0 * 2y ) )
ind: 282
( ( 10y - ( 75.0 * 1x ) ) - ( ( 85.0 * ( ( 9.0 * ( 10x + 9x ) ) * ( 32.0 - ( 10y * 10.0 ) ) ) ) - ( ( 1y * ( ( 37.0 * 91.0 ) * ( 10y - 94.0 ) ) ) - ( 4.0 + 2y ) ) ) )
ind: 283
( ( ( 37.0 - 24.0 ) + ( ( 2x * ( ( 21.0 - 93.0 ) * ( 4x * 66.0 ) ) ) + 7x ) ) - 2y )
ind: 284
( 3x + 2y )
ind: 285
( ( ( 8.0 * ( 8y - ( ( 26.0 - 62.0 ) - ( 21.0 * 4x ) ) ) ) - 3.0 ) - 7x )
ind: 286
( ( 43.0 - 61.0 ) + ( ( 3y * 10.0 ) - 1x ) )
ind: 287
( ( 74.0 - ( 4y * ( 1.0 - ( 4y * ( 9x - 11.0 ) ) ) ) ) - 88.0 )
ind: 288
( ( 9x - ( ( 93.0 - 1y ) - 6x ) ) - ( ( 96.0 * 69.0 ) * 2y ) )
ind: 289
( ( 5y - ( ( ( ( 54.0 * 10x ) * ( 68.0 * 98.0 ) ) * ( 6x * ( 67.0 * 53.0 ) ) ) - ( 10x * ( 4x - ( 10y + 2x ) ) ) ) ) + ( 9y - ( ( 8x - ( 5y + 39.0 ) ) + ( 60.0 + ( ( 9x + 25.0 ) + ( 66.0 + 6x ) ) ) ) ) )
ind: 290
( 5y * 4x )
ind: 291
( ( 52.0 + 85.0 ) - ( ( ( 11.0 + ( 6.0 + 5x ) ) * ( ( ( 9x + 1y ) * 10y ) + 53.0 ) ) + 63.0 ) )
ind: 292
( ( 6x + 48.0 ) - ( 3y + 34.0 ) )
ind: 293
( 10x * ( ( ( 27.0 * ( 9y * 7x ) ) * ( 55.0 - 7x ) ) * ( ( ( ( 4.0 * 10y ) * ( 7y * 93.0 ) ) * ( 8x - 5x ) ) - 8x ) ) )
ind: 294
( 52.0 - ( ( 6x * 7y ) - 28.0 ) )
ind: 295
( ( 5y + 5y ) - ( 51.0 + ( ( 7y + 9x ) * ( 35.0 * ( 61.0 + ( 4y - 37.0 ) ) ) ) ) )
ind: 296
( 4y * ( 85.0 - ( ( 87.0 + ( ( 70.0 * 78.0 ) + ( 5x + 9y ) ) ) - ( ( 9x + 23.0 ) + 9x ) ) ) )
ind: 297
( ( 6x - ( ( 1x + ( 14.0 + ( 5x - 51.0 ) ) ) + ( 8x + 7y ) ) ) * 95.0 )
ind: 298
( ( ( 8x + ( 44.0 - 98.0 ) ) + 88.0 ) - 10y )
ind: 299
( 8y * 8x )
ind: 300
( 48.0 - ( ( 9y + 1x ) - ( 6x - 8y ) ) )
ind: 301
( 17.0 * ( 8x * ( ( ( 31.0 + ( 4x + 10y ) ) + 9x ) - 97.0 ) ) )
ind: 302
( ( ( ( ( 10x + 6x ) * 39.0 ) - 36.0 ) * 10y ) * ( ( ( 41.0 * 28.0 ) * ( ( 6.0 - ( 4y + 2y ) ) + 3x ) ) + ( 10y + ( ( 14.0 * 2y ) + ( ( 3y - 2.0 ) - 16.0 ) ) ) ) )
ind: 303
( ( 8x - ( ( ( 5x * 9.0 ) - ( 100.0 - 6x ) ) + ( ( 8y + ( 85.0 * 4x ) ) - 10y ) ) ) - 6.0 )
ind: 304
( ( 10x * ( 2x * 9y ) ) * 6x )
ind: 305
( 1y + ( 91.0 + ( ( 72.0 + 92.0 ) * ( ( 4x + 79.0 ) + ( 60.0 - ( 3.0 + 96.0 ) ) ) ) ) )
ind: 306
( ( 7y * 8y ) - 2x )
ind: 307
( 34.0 - ( 4y + ( 5.0 - ( 5x + ( 55.0 - 98.0 ) ) ) ) )
ind: 308
( ( ( ( 23.0 - ( 3.0 * 1x ) ) * 1x ) + 19.0 ) - ( ( ( 82.0 + ( 3x * 6x ) ) - ( 1x - 3y ) ) * 8y ) )
ind: 309
( ( ( ( 96.0 * 22.0 ) + 6x ) - ( 4y - 4x ) ) + ( 10y + ( 76.0 * ( ( 8.0 + ( 63.0 * 2x ) ) * ( 1x - ( 8y * 4x ) ) ) ) ) )
ind: 310
( 7y * ( ( 68.0 + 2.0 ) + ( 3x + 8y ) ) )
ind: 311
( ( ( 82.0 * 7x ) + 3.0 ) * ( ( ( ( 9y * ( 69.0 * 7x ) ) * 4y ) - 23.0 ) - 36.0 ) )
ind: 312
( ( ( ( ( ( 58.0 * 63.0 ) * 10x ) + 47.0 ) + ( ( 1x + 2x ) + ( 2x * 32.0 ) ) ) * ( 17.0 + ( ( ( 5x - 8x ) * ( 3y + 9y ) ) + ( ( 2x + 6y ) * 61.0 ) ) ) ) - 98.0 )
ind: 313
( ( 2y - ( 3x + 7y ) ) - ( 9y * ( ( ( ( 22.0 * 96.0 ) + 17.0 ) * ( ( 8x * 8x ) + ( 55.0 - 78.0 ) ) ) + ( ( 9x + 10x ) * ( ( 10x + 45.0 ) * ( 8x + 12.0 ) ) ) ) ) )
ind: 314
( 6x + ( ( 5y * 21.0 ) + ( 37.0 + ( ( ( 9x - 90.0 ) + ( 4x + 89.0 ) ) - 68.0 ) ) ) )
ind: 315
( ( ( ( ( 4x * 54.0 ) + ( 41.0 * 44.0 ) ) * 5y ) - 8y ) * 9y )
ind: 316
( ( ( ( ( ( 3y - 9y ) * ( 10x + 6x ) ) + ( 4.0 - ( 10x - 1y ) ) ) * ( 1y + ( 8y + 44.0 ) ) ) * 15.0 ) * ( ( 3x * 4x ) * 3x ) )
ind: 317
( 9y - ( 4y + 7x ) )
ind: 318
( 23.0 * ( ( ( 6y + 36.0 ) * ( 1.0 - 1x ) ) * 48.0 ) )
ind: 319
( 65.0 - ( 24.0 + ( ( 10x * ( 9y * ( 1x - 2x ) ) ) * ( ( 1y * ( 47.0 + 6y ) ) * ( 1y * 75.0 ) ) ) ) )
ind: 320
( ( ( ( ( 3y * ( 99.0 + 46.0 ) ) + ( ( 3x + 9x ) + 5x ) ) * 52.0 ) * 7y ) * 9y )
ind: 321
( ( ( ( ( 11.0 * ( 10y + 51.0 ) ) - ( ( 78.0 * 89.0 ) - ( 43.0 * 71.0 ) ) ) - ( 71.0 - 7.0 ) ) - ( 92.0 + ( 45.0 - 63.0 ) ) ) * ( ( ( 6y + ( 87.0 * 2x ) ) * ( ( ( 45.0 - 28.0 ) - 89.0 ) + 84.0 ) ) + 8x ) )
ind: 322
( ( 56.0 - ( ( ( ( 67.0 - 3x ) * ( 6x * 5y ) ) - ( 6x * 16.0 ) ) - 37.0 ) ) * ( 53.0 + 8y ) )
ind: 323
( ( ( ( ( ( 4y - 73.0 ) * ( 3x - 3x ) ) - 26.0 ) - ( ( ( 72.0 * 3x ) * 4y ) - ( ( 6x + 4x ) * 38.0 ) ) ) * ( ( 79.0 + 6x ) + ( 71.0 * ( ( 31.0 * 24.0 ) + 83.0 ) ) ) ) + ( ( ( 7y - 1x ) - ( 21.0 - ( 5y + ( 2y + 29.0 ) ) ) ) + ( ( 9y * ( ( 99.0 * 97.0 ) + ( 72.0 - 87.0 ) ) ) * ( ( 5x - ( 78.0 + 49.0 ) ) - 60.0 ) ) ) )
ind: 324
( ( ( ( ( ( 4x + 11.0 ) - ( 64.0 - 9x ) ) * 84.0 ) - ( 23.0 * ( ( 37.0 + 3y ) * 6x ) ) ) - 6x ) - ( ( 52.0 * ( 28.0 + ( 2y * 43.0 ) ) ) - 78.0 ) )
ind: 325
( ( 1x + 1y ) - 1x )
ind: 326
( ( ( 76.0 + ( ( ( 7y * 79.0 ) + 8x ) - ( ( 49.0 + 2y ) + 36.0 ) ) ) - ( 6y + ( 43.0 - 54.0 ) ) ) * 35.0 )
ind: 327
( 6y + ( 10x - ( ( 1x * 81.0 ) + 8.0 ) ) )
ind: 328
( 9y - ( ( ( 25.0 + 9x ) * 2x ) * 3x ) )
ind: 329
( 2x * ( 7y - 84.0 ) )
ind: 330
( 3y - 2x )
ind: 331
( ( ( ( 28.0 - ( ( 5x + 20.0 ) * ( 22.0 + 57.0 ) ) ) - 4x ) + ( ( ( 5y + ( 10x - 8x ) ) + ( 7x * 61.0 ) ) + 95.0 ) ) - ( ( 38.0 * 56.0 ) * ( 7x + ( ( ( 81.0 + 10x ) - 79.0 ) * 3x ) ) ) )
ind: 332
( 4y + ( ( 3x * ( ( 3x - ( 12.0 * 3y ) ) * ( ( 22.0 - 66.0 ) * 9y ) ) ) + 69.0 ) )
ind: 333
( 10y * ( 7y * ( 5y - ( ( 19.0 * 8x ) - 8x ) ) ) )
ind: 334
( ( ( ( 36.0 + 5y ) * 1x ) - ( 6y * 9y ) ) - ( 1y * ( 17.0 + ( ( 46.0 + 1x ) * 57.0 ) ) ) )
ind: 335
( 6y * ( 39.0 - ( 6y - ( ( 11.0 - ( 9y + 4y ) ) + ( 6x - ( 100.0 * 6y ) ) ) ) ) )
ind: 336
( 7x + ( 1y + 59.0 ) )
ind: 337
( ( 4y - ( ( ( ( 98.0 + 3x ) - 5y ) + ( 4.0 + 5x ) ) + ( ( ( 31.0 - 8x ) * ( 53.0 * 5y ) ) + 21.0 ) ) ) + ( ( 96.0 * ( ( ( 1x * 6x ) + 59.0 ) + 2x ) ) + 1x ) )
ind: 338
( 22.0 - ( ( ( 4y + ( 99.0 + ( 24.0 - 40.0 ) ) ) + ( 4y + 6.0 ) ) - 3x ) )
ind: 339
( 8x - ( 4y - ( 8.0 - ( ( 48.0 + ( 6x + 96.0 ) ) + ( ( 74.0 - 53.0 ) * ( 1.0 * 2x ) ) ) ) ) )
ind: 340
( ( ( 84.0 * ( ( ( 3y * 84.0 ) - 4x ) - ( ( 38.0 + 4x ) * 10x ) ) ) + 7y ) - ( 8x * 8x ) )
ind: 341
( ( 8.0 * ( ( ( 3y + 1y ) - ( 5y + ( 83.0 + 31.0 ) ) ) * 8x ) ) - 40.0 )
ind: 342
( ( 8.0 - 81.0 ) - ( ( ( ( ( 5x + 3x ) - 56.0 ) - 74.0 ) + ( ( 30.0 - 8x ) - 3x ) ) + ( 10.0 + ( ( ( 7y * 16.0 ) * ( 1x + 37.0 ) ) * ( ( 84.0 * 35.0 ) * 8x ) ) ) ) )
ind: 343
( 99.0 * ( ( 6.0 - 7y ) * 9x ) )
ind: 344
( ( 8y - 42.0 ) - ( 1y * 2x ) )
ind: 345
( 10y - ( 94.0 - ( 17.0 * 4x ) ) )
ind: 346
( ( ( 46.0 + ( ( 30.0 - 2x ) + 12.0 ) ) * ( 9x * ( ( ( 10y - 10x ) * ( 10y - 3x ) ) - ( ( 74.0 + 5x ) * ( 7.0 + 38.0 ) ) ) ) ) - 2y )
ind: 347
( ( 3x - ( 2y * 8.0 ) ) - ( ( ( 6y * ( ( 94.0 * 1x ) - 3y ) ) - ( ( 8x + 96.0 ) - ( ( 8y - 8y ) + ( 80.0 * 43.0 ) ) ) ) * 56.0 ) )
ind: 348
( ( ( 1y - 8x ) + ( 2x + ( 29.0 * 4x ) ) ) - 29.0 )
ind: 349
( ( 1x - ( ( 32.0 + 5y ) + 3x ) ) + 1x )
ind: 350
( ( ( 72.0 + 35.0 ) + ( 54.0 * 6.0 ) ) * ( ( ( 88.0 * ( ( 38.0 - 7x ) + 3x ) ) + ( ( 69.0 * 5x ) + 5y ) ) - 5x ) )
ind: 351
( 89.0 - ( 10x + ( ( 7.0 * 35.0 ) + 9y ) ) )
ind: 352
( ( ( 7.0 * ( ( 7y - ( 21.0 - 43.0 ) ) * 12.0 ) ) * ( 9x * 7y ) ) + 6x )
ind: 353
( ( 10.0 + ( 4y - 17.0 ) ) * ( ( ( ( ( 100.0 - 3x ) * 2y ) + ( 9y - 5y ) ) * ( ( ( 78.0 * 9x ) - 5x ) - 87.0 ) ) * 49.0 ) )
ind: 354
( 10.0 + ( ( ( 6x - ( ( 9x + 88.0 ) + ( 92.0 - 3y ) ) ) + 9x ) - 8x ) )
ind: 355
( 9y - ( ( 74.0 * 10x ) + ( 96.0 - 5y ) ) )
ind: 356
( ( ( 91.0 * ( ( 94.0 - 11.0 ) - ( ( 1x - 9x ) + 8y ) ) ) + 8y ) * 4.0 )
ind: 357
( 9x - 5y )
ind: 358
( ( ( 1.0 - 2y ) + 7y ) - ( ( ( 100.0 + ( ( 39.0 - 40.0 ) - ( 5x - 8y ) ) ) * 15.0 ) - ( 4y - 4y ) ) )
ind: 359
( ( ( ( 2.0 * ( ( 5.0 * 4y ) * 9y ) ) + 1x ) + 9.0 ) + ( ( ( ( ( 24.0 - 3x ) + 70.0 ) + 9y ) - ( ( ( 27.0 - 19.0 ) + 64.0 ) * ( 76.0 * 7y ) ) ) * 9x ) )
ind: 360
( ( ( ( ( 9y * 3y ) - ( ( 3x - 3y ) - 57.0 ) ) - ( 6y + ( 37.0 - ( 52.0 + 3y ) ) ) ) * ( 8y - ( 6y + 15.0 ) ) ) * ( ( ( 6.0 + 1y ) - ( 4y * ( ( 4y + 25.0 ) - ( 2y - 38.0 ) ) ) ) + 13.0 ) )
ind: 361
( ( ( ( 98.0 * ( 21.0 + 4y ) ) - ( ( ( 5y - 1y ) * 96.0 ) - 2x ) ) * ( ( 95.0 + 6y ) * 9x ) ) + ( 71.0 * 8x ) )
ind: 362
( ( 10x * 9x ) - ( 7x + ( ( 62.0 + 2y ) * ( ( ( 9y + 15.0 ) - ( 1x * 8x ) ) + 88.0 ) ) ) )
ind: 363
( 8x - ( ( ( 30.0 + ( ( 4y + 2x ) + 17.0 ) ) + 2x ) + 37.0 ) )
ind: 364
( ( 9x + ( 9y + 90.0 ) ) * 7.0 )
ind: 365
( ( 50.0 - 93.0 ) - ( ( 9y + ( 28.0 - ( 17.0 - ( 7x * 73.0 ) ) ) ) * 51.0 ) )
ind: 366
( 6y + ( 43.0 + ( 31.0 - ( 10y * 1x ) ) ) )
ind: 367
( ( ( 7y * ( ( 17.0 - ( 10x - 2x ) ) + ( 4x * ( 3y * 2y ) ) ) ) - ( 23.0 * ( 73.0 * ( ( 4x * 64.0 ) * ( 5x - 38.0 ) ) ) ) ) + 54.0 )
ind: 368
( 8x * ( 56.0 - ( 54.0 - 5y ) ) )
ind: 369
( ( 7y - 95.0 ) - ( 5x + 5x ) )
ind: 370
( 5x - ( ( 3.0 + ( 9x * ( ( 2y + 10y ) + 1y ) ) ) - ( ( ( 28.0 - 5.0 ) - 4y ) + 10x ) ) )
ind: 371
( ( ( 62.0 - 30.0 ) + ( ( ( ( 7y + 9x ) * 85.0 ) - ( 1y - ( 3.0 - 6x ) ) ) * ( 98.0 + 81.0 ) ) ) * 8y )
ind: 372
( ( ( ( 28.0 - ( ( 78.0 + 55.0 ) + ( 27.0 * 7x ) ) ) - ( ( ( 10y + 13.0 ) - ( 53.0 + 1y ) ) - 4y ) ) * 66.0 ) * 34.0 )
ind: 373
( ( 10y - ( 4y - ( 7x + ( 4x - 9y ) ) ) ) - ( ( ( 2x + 3y ) - 6.0 ) - ( ( ( 87.0 * ( 3x * 7y ) ) + ( ( 4y - 3.0 ) - ( 58.0 - 4.0 ) ) ) * ( 7y + ( 3y - ( 2y * 7y ) ) ) ) ) )
ind: 374
( ( 1.0 * 11.0 ) - ( ( 55.0 - 8x ) * ( 55.0 - 6y ) ) )
ind: 375
( ( 4y - 86.0 ) * 7x )
ind: 376
( ( ( ( 99.0 - 3x ) * ( ( ( 4x - 51.0 ) - ( 7x + 2x ) ) - ( 8y + 2y ) ) ) * 9y ) * 85.0 )
ind: 377
( ( 20.0 + ( 3x - ( ( ( 59.0 - 68.0 ) + 8y ) * 73.0 ) ) ) + 10y )
ind: 378
( 65.0 - ( 5x - ( ( 53.0 + ( 21.0 - 2.0 ) ) - ( ( 28.0 * ( 8x * 51.0 ) ) + 10y ) ) ) )
ind: 379
( 5x + ( ( ( 28.0 * ( ( 8y + 7y ) * ( 5x * 7x ) ) ) + 95.0 ) - 1y ) )
ind: 380
( 6x - 10y )
ind: 381
( ( ( 27.0 - ( 40.0 + ( ( 10x + 56.0 ) + ( 5y - 10x ) ) ) ) * ( 10y * ( ( 8x - ( 70.0 - 6x ) ) - ( ( 7x - 4.0 ) + ( 95.0 + 71.0 ) ) ) ) ) - ( 7y - 99.0 ) )
ind: 382
( ( ( 86.0 * 61.0 ) + 7x ) - ( ( ( ( ( 91.0 * 8x ) - ( 77.0 + 14.0 ) ) - 71.0 ) * ( 9y * 2x ) ) * 60.0 ) )
ind: 383
( ( 2x - ( ( ( 8.0 + 93.0 ) + ( ( 3y * 92.0 ) + ( 64.0 + 42.0 ) ) ) + ( 3x + 9y ) ) ) * ( 21.0 + ( ( 7x * ( 100.0 - ( 43.0 * 78.0 ) ) ) * 5y ) ) )
ind: 384
( 78.0 * ( ( ( ( ( 2x * 6x ) + 10x ) + 75.0 ) + 65.0 ) * 10y ) )
ind: 385
( 51.0 - ( ( ( ( 84.0 * ( 38.0 + 67.0 ) ) - 7.0 ) + ( 1x + ( 3y * 49.0 ) ) ) * ( ( 64.0 - 4y ) - ( 1x - 65.0 ) ) ) )
ind: 386
( 1x * ( ( 4y - ( 72.0 - 74.0 ) ) * ( 54.0 * ( ( ( 52.0 * 8y ) + ( 76.0 - 34.0 ) ) * ( ( 10x + 5y ) - ( 9y - 1x ) ) ) ) ) )
ind: 387
( ( 19.0 * ( 53.0 * ( ( ( 16.0 - 9.0 ) * ( 82.0 * 1x ) ) + ( ( 9y * 76.0 ) - 4y ) ) ) ) * ( ( ( 8x * ( ( 6y - 4.0 ) - 48.0 ) ) * 10y ) - ( ( ( 7y * ( 88.0 - 9y ) ) - 10x ) * 93.0 ) ) )
ind: 388
( 31.0 + ( ( 55.0 - 10y ) * ( ( ( 8y - ( 6y * 7x ) ) - 10y ) * 8x ) ) )
ind: 389
( 7x * ( 5y + 40.0 ) )
ind: 390
( ( ( ( ( ( 94.0 + 10y ) - ( 7y + 1x ) ) * 15.0 ) * 74.0 ) * ( 10x + ( 6y * 45.0 ) ) ) + ( 50.0 + 2x ) )
ind: 391
( ( 9x + ( ( ( ( 3y - 10y ) * 21.0 ) - 53.0 ) + ( ( ( 7x * 18.0 ) * ( 4x - 8x ) ) * ( ( 6y + 10y ) + 4y ) ) ) ) * 2y )
ind: 392
( ( 60.0 + ( 8y * 10y ) ) * ( 3x + ( 2x * ( 7y - ( ( 4y * 56.0 ) + ( 86.0 + 4x ) ) ) ) ) )
ind: 393
( ( 7.0 * ( 61.0 + ( ( ( 63.0 + 7x ) + 2y ) * 1y ) ) ) + 13.0 )
ind: 394
( ( ( ( 2y + 2y ) * ( ( 41.0 + 83.0 ) - ( 38.0 * ( 67.0 - 1x ) ) ) ) - 49.0 ) * ( 6y - ( ( 6x - ( ( 5x * 89.0 ) - 94.0 ) ) + 96.0 ) ) )
ind: 395
( ( ( 76.0 - ( 3x * ( ( 3y - 4y ) * 7y ) ) ) * 94.0 ) - 43.0 )
ind: 396
( 3x * ( ( ( 92.0 + ( ( 91.0 - 50.0 ) * 10y ) ) * 8y ) + 2y ) )
ind: 397
( 4y - 9x )
ind: 398
( ( ( ( ( 10y - 30.0 ) + 84.0 ) * ( 67.0 * 3x ) ) - ( ( ( ( 31.0 + 4y ) + ( 59.0 - 64.0 ) ) + ( 82.0 * ( 1x - 22.0 ) ) ) + 4y ) ) * ( 94.0 + ( ( 7y * 97.0 ) - ( ( ( 9x - 5y ) - ( 5y + 3.0 ) ) * ( 76.0 + 47.0 ) ) ) ) )
ind: 399
( ( ( 9x - 67.0 ) - ( ( ( ( 2.0 + 6x ) - 53.0 ) + ( 27.0 - 78.0 ) ) + 31.0 ) ) - ( ( ( 6x - ( ( 7x * 5y ) * ( 3y + 9x ) ) ) + ( 1y + ( 1y - 68.0 ) ) ) - ( 81.0 + ( 3.0 + ( ( 81.0 + 27.0 ) * ( 85.0 + 26.0 ) ) ) ) ) )
ind: 400
( ( ( 92.0 + 1x ) + ( ( 2x - 5.0 ) - ( ( 2.0 + ( 86.0 - 5x ) ) - ( 54.0 - ( 58.0 * 2x ) ) ) ) ) + ( ( ( 6x * 4x ) - ( 68.0 * 7y ) ) + ( 8y - 7.0 ) ) )
ind: 401
( 6y * ( 10y * 6x ) )
ind: 402
( 68.0 + ( ( ( ( ( 26.0 + 3y ) + 9x ) * 8x ) - ( 33.0 + 10x ) ) * ( ( 9y - ( ( 8x * 9x ) * 8x ) ) + 10x ) ) )
ind: 403
( ( 9x - 10x ) - ( ( ( ( ( 10x - 78.0 ) + ( 6x * 24.0 ) ) - ( ( 10.0 * 10y ) * ( 27.0 - 85.0 ) ) ) + ( 2y * 19.0 ) ) + 4.0 ) )
ind: 404
( ( 10x - ( 14.0 * 73.0 ) ) * 6y )
ind: 405
( ( 7x + 1y ) * 3.0 )
ind: 406
( ( 40.0 - ( 46.0 + ( ( ( 8y * 4y ) * ( 7y - 12.0 ) ) * 7x ) ) ) - ( ( 7x + 8.0 ) * 1y ) )
ind: 407
( 4y - ( 9x * ( ( ( 33.0 * 91.0 ) + 7y ) - 4x ) ) )
ind: 408
( 6y + 8x )
ind: 409
( ( 62.0 - ( 79.0 * ( ( ( 2y * 3y ) * 10y ) - 62.0 ) ) ) + 5x )
ind: 410
( ( 8y - 6x ) + 9y )
ind: 411
( ( 9y - ( ( ( 94.0 + 8x ) - ( 6y - 46.0 ) ) + 66.0 ) ) - 36.0 )
ind: 412
( 1x + ( 86.0 * ( ( 56.0 - 10y ) + ( ( 86.0 - ( 91.0 + 78.0 ) ) * ( ( 6y - 9x ) * 49.0 ) ) ) ) )
ind: 413
( 66.0 * ( ( ( ( 2y - ( 8x - 37.0 ) ) * ( 43.0 * ( 1y - 3x ) ) ) - ( 4x + 1y ) ) - 4y ) )
ind: 414
( ( ( 2.0 + ( ( 2x + ( 1x - 9.0 ) ) * ( 87.0 + ( 6x * 44.0 ) ) ) ) * ( 84.0 + 5y ) ) + ( 67.0 + ( ( ( ( 4x * 5y ) + 3y ) + 2y ) * ( ( 10y - ( 32.0 + 4.0 ) ) * 49.0 ) ) ) )
ind: 415
( ( ( 7y - 8y ) + ( ( 5y - 4y ) + ( ( ( 5x + 4y ) + ( 3x - 15.0 ) ) - 3x ) ) ) - 10y )
ind: 416
( ( 1y - 63.0 ) + ( 10y + ( 84.0 * 7x ) ) )
ind: 417
( ( 75.0 * ( ( ( 6y * ( 3y * 84.0 ) ) + ( 59.0 - ( 9x + 1x ) ) ) * 49.0 ) ) + 7x )
ind: 418
( 5y * 1x )
ind: 419
( 87.0 * ( ( 5.0 + 33.0 ) + ( 8x + ( 8y - ( ( 76.0 - 45.0 ) * ( 3y + 3y ) ) ) ) ) )
ind: 420
( 50.0 + ( ( 3y * ( 6y + 69.0 ) ) - ( ( ( ( 1x * 43.0 ) * 80.0 ) + 83.0 ) * ( ( ( 9y + 52.0 ) + ( 8y * 3y ) ) + ( 44.0 + ( 81.0 * 96.0 ) ) ) ) ) )
ind: 421
( ( ( 69.0 + 4y ) * ( ( ( ( 3y * 73.0 ) + ( 3x + 62.0 ) ) - 31.0 ) + ( ( 3y + 75.0 ) * ( 2y * 10y ) ) ) ) + 7y )
ind: 422
( ( ( ( ( ( 25.0 + 42.0 ) * ( 18.0 + 5y ) ) - 65.0 ) * 79.0 ) - ( ( ( ( 8y + 5y ) + 99.0 ) - 94.0 ) + 2x ) ) + ( 2y * ( 40.0 * ( ( ( 1x + 7x ) * ( 72.0 - 85.0 ) ) * 9y ) ) ) )
ind: 423
( ( ( ( ( ( 19.0 + 10y ) + 5y ) * 96.0 ) - 3x ) + ( 5x - ( 88.0 * 89.0 ) ) ) * ( 10x * 88.0 ) )
ind: 424
( 66.0 * ( ( ( ( ( 10x * 10y ) + ( 96.0 * 2y ) ) - 4y ) - ( ( 42.0 + ( 38.0 + 2y ) ) - 1x ) ) + 27.0 ) )
ind: 425
( ( ( 64.0 + 47.0 ) * ( 28.0 * ( ( 1x + 43.0 ) - ( ( 11.0 - 10y ) + 52.0 ) ) ) ) + ( ( 43.0 - ( ( 41.0 + ( 8x + 2y ) ) + ( ( 100.0 - 9x ) - ( 10y + 6.0 ) ) ) ) + ( ( 3x * 90.0 ) * ( ( 9x + ( 1x * 1x ) ) - ( 88.0 - 97.0 ) ) ) ) )
ind: 426
( ( 69.0 * ( ( 9x - ( 9x - 4x ) ) - ( 66.0 - ( ( 26.0 - 67.0 ) * 5y ) ) ) ) * 6y )
ind: 427
( ( ( ( ( 10.0 - 64.0 ) * 97.0 ) + ( ( ( 65.0 + 1x ) * ( 4x + 14.0 ) ) * 3x ) ) + 2x ) - ( 21.0 * ( ( ( ( 1x - 14.0 ) * 78.0 ) - ( 9y - 7y ) ) * 4y ) ) )
ind: 428
( ( ( 2y * ( 4y * 4x ) ) + 1y ) + ( ( ( 79.0 + 25.0 ) * 91.0 ) - 3.0 ) )
ind: 429
( ( ( ( 4y * 46.0 ) * ( ( 16.0 + 10x ) + ( ( 8y - 59.0 ) - ( 50.0 + 3x ) ) ) ) + 84.0 ) + 4.0 )
ind: 430
( ( 3y + 5y ) + ( 64.0 + 10x ) )
ind: 431
( ( ( 8y - ( 7x + ( 2y + ( 85.0 + 95.0 ) ) ) ) * ( 6x * 7y ) ) + ( ( 4.0 * 4y ) * 22.0 ) )
ind: 432
( ( ( 1x + 3x ) * ( 5x - ( ( ( 29.0 - 23.0 ) * 81.0 ) * 3y ) ) ) + 8.0 )
ind: 433
( ( ( 53.0 + ( ( ( 7x + 16.0 ) - ( 49.0 + 86.0 ) ) - ( 2x - 87.0 ) ) ) + 4y ) - ( 57.0 + ( 3.0 + 4x ) ) )
ind: 434
( ( 96.0 - 2x ) * ( 10y * 35.0 ) )
ind: 435
( ( 10x + ( 4y + ( ( 61.0 * 9y ) - 2x ) ) ) + ( 10y * ( 29.0 * 32.0 ) ) )
ind: 436
( 1y * 4x )
ind: 437
( ( 9.0 - 1y ) * 5x )
ind: 438
( 6x + 4y )
ind: 439
( ( 7.0 - 5y ) * ( 81.0 + 9x ) )
ind: 440
( 1y * 6x )
ind: 441
( 9y - 9x )
ind: 442
( ( ( ( ( ( 3x - 87.0 ) - 83.0 ) * 18.0 ) - ( ( 66.0 - ( 11.0 - 9x ) ) - 12.0 ) ) * 1y ) - ( 8y - ( 1x * 55.0 ) ) )
ind: 443
( ( ( ( ( ( 9y - 14.0 ) - ( 83.0 * 11.0 ) ) - 94.0 ) - 10x ) - 9y ) - 40.0 )
ind: 444
( ( ( 16.0 - ( 8y - 35.0 ) ) - 51.0 ) * ( ( ( ( ( 3x + 5x ) * 6y ) * ( 99.0 * 4y ) ) - ( ( ( 93.0 * 8x ) - 13.0 ) * ( 9y * 8y ) ) ) + ( ( ( ( 10y * 2x ) - ( 6y * 1x ) ) * 6y ) * ( 99.0 - ( 3x + ( 4y * 91.0 ) ) ) ) ) )
ind: 445
( ( ( 83.0 * 1x ) + ( ( ( 7x + ( 8y - 1x ) ) * 17.0 ) * 7x ) ) - 90.0 )
ind: 446
( ( 9y + 8x ) * 5x )
ind: 447
( ( ( ( ( 5.0 - 10x ) + ( 20.0 - ( 6x + 7x ) ) ) + 83.0 ) - ( ( 49.0 + ( ( 39.0 + 4x ) - 8x ) ) + ( ( ( 80.0 + 8x ) + ( 4x - 8y ) ) - 8y ) ) ) * ( ( ( ( ( 9y + 89.0 ) + ( 3y + 1y ) ) + 59.0 ) + ( 5.0 + 32.0 ) ) * 2x ) )
ind: 448
( ( ( ( ( ( 47.0 - 63.0 ) + ( 5y - 1y ) ) - ( ( 7x + 70.0 ) * 6x ) ) * 62.0 ) - ( ( 5y * ( ( 100.0 + 13.0 ) * 95.0 ) ) * 2y ) ) + 52.0 )
ind: 449
( ( ( 7x * 2y ) * 2y ) + 10y )
ind: 450
( 91.0 - ( 9x * ( 8x * 7y ) ) )
ind: 451
( 9x + ( ( ( 5y + 4x ) * 16.0 ) + 50.0 ) )
ind: 452
( 9y + ( 6x * 51.0 ) )
ind: 453
( ( 86.0 - ( ( 56.0 - 77.0 ) + ( ( ( 9x - 3y ) * 5x ) * 66.0 ) ) ) * 90.0 )
ind: 454
( ( ( ( 5y * 23.0 ) * ( ( 4x * 99.0 ) + 10y ) ) + ( ( ( 8x + 56.0 ) * ( ( 4x * 6y ) * ( 24.0 + 6y ) ) ) * ( ( ( 91.0 + 3y ) * 41.0 ) + 8.0 ) ) ) + 23.0 )
ind: 455
( 9y + ( ( ( 7x + 10x ) * 13.0 ) * 5x ) )
ind: 456
( 8y - ( ( 3y * ( ( 16.0 * 2x ) - 12.0 ) ) + 8.0 ) )
ind: 457
( ( ( 6x - ( 44.0 * 1y ) ) + ( ( ( ( 41.0 + 6y ) + ( 5y - 50.0 ) ) * 37.0 ) - 8y ) ) * 4x )
ind: 458
( 7x + ( ( 9x * 2.0 ) + ( ( ( 79.0 + ( 18.0 - 6x ) ) * 9y ) * 5y ) ) )
ind: 459
( ( ( 4x - ( 61.0 * ( ( 83.0 * 4y ) * 5x ) ) ) - 9x ) - ( 58.0 * ( 9y - 4y ) ) )
ind: 460
( 10y * ( ( ( ( 7.0 + 21.0 ) - 8y ) - ( 2y - ( ( 1y * 7x ) - ( 10y + 73.0 ) ) ) ) - ( 7x + ( 4y - 7y ) ) ) )
ind: 461
( ( 73.0 - 7y ) - ( ( ( ( ( 5y - 38.0 ) * 57.0 ) + ( ( 7x - 8x ) - 8x ) ) - 10y ) * 1x ) )
ind: 462
( 5y + ( ( 50.0 * ( ( ( 10.0 - 2x ) - 5.0 ) * 16.0 ) ) + ( ( 10y + 3y ) + ( 47.0 + 7.0 ) ) ) )
ind: 463
( ( ( ( 8x + 1y ) * 10x ) + 2y ) * ( 10x - 1x ) )
ind: 464
( ( ( ( ( ( 3y + 22.0 ) * ( 83.0 - 10x ) ) + ( 4x - ( 7y * 72.0 ) ) ) - ( 94.0 * 81.0 ) ) * ( 2x + ( 72.0 + 8.0 ) ) ) + 5x )
ind: 465
( ( ( 33.0 + 6x ) - 36.0 ) * ( 72.0 + ( ( ( 88.0 - ( 61.0 * 6x ) ) + ( 36.0 - 7y ) ) - 1y ) ) )
ind: 466
( 22.0 - ( 9x - ( ( ( ( 72.0 - 10x ) * 4x ) + ( ( 1y + 44.0 ) + 76.0 ) ) - 4x ) ) )
ind: 467
( ( 51.0 * ( 60.0 + 8y ) ) - ( ( 5x * ( ( 37.0 + ( 4y - 8y ) ) * 2x ) ) * ( ( 2y + 5x ) + 44.0 ) ) )
ind: 468
( 3y * ( ( ( 5y - 9x ) + ( ( 1y * 24.0 ) - ( ( 4x + 65.0 ) * ( 80.0 + 4x ) ) ) ) * 1x ) )
ind: 469
( ( ( 10x - ( ( 7x * ( 15.0 + 10x ) ) + 1x ) ) - ( 8y * 3y ) ) * ( 9x * 30.0 ) )
ind: 470
( 1x * ( 6.0 * ( 21.0 * ( ( 5x + ( 74.0 + 4y ) ) * ( 2x - ( 4.0 - 3y ) ) ) ) ) )
ind: 471
( 83.0 - ( 7y * ( ( ( 7x - ( 55.0 * 30.0 ) ) + 96.0 ) - 22.0 ) ) )
ind: 472
( ( 1y + ( ( ( ( 63.0 - 1y ) + 5x ) * 30.0 ) + 1x ) ) - ( ( ( 43.0 * ( 6x + ( 64.0 + 14.0 ) ) ) - ( 8x * ( ( 10x * 7y ) + ( 29.0 - 5y ) ) ) ) * ( 13.0 * 7x ) ) )
ind: 473
( 5y + ( ( ( ( 10x + 66.0 ) + ( 13.0 + ( 3x + 65.0 ) ) ) - ( ( ( 7y + 36.0 ) * ( 9y + 44.0 ) ) * 3y ) ) - 53.0 ) )
ind: 474
( ( 86.0 * ( ( ( ( 7.0 * 1x ) + 6x ) + 60.0 ) + 2y ) ) - 3x )
ind: 475
( ( ( 9y - ( 18.0 + ( 9x * ( 1y + 10y ) ) ) ) * 19.0 ) + 5x )
ind: 476
( ( 8y * ( 4x + ( 56.0 * ( 4y * ( 9y - 3y ) ) ) ) ) - 6.0 )
ind: 477
( 10x + 9y )
ind: 478
( ( ( 9x - 7x ) * 38.0 ) + ( ( ( 99.0 * 7y ) * 4x ) * ( ( ( 31.0 * ( 87.0 + 2y ) ) - 5x ) * 9y ) ) )
ind: 479
( 1x * ( ( ( ( ( 95.0 * 2y ) * 37.0 ) + ( 1y - ( 3y - 10y ) ) ) * ( ( 88.0 + 85.0 ) - ( ( 99.0 + 100.0 ) + ( 67.0 - 9y ) ) ) ) - ( ( ( 90.0 - 6y ) - 62.0 ) - ( ( 63.0 * 2x ) * 50.0 ) ) ) )
ind: 480
( ( ( ( 6y * ( ( 16.0 - 3x ) - ( 39.0 - 7x ) ) ) + 7y ) - 42.0 ) + 3y )
ind: 481
( 8x - 2y )
ind: 482
( ( 4y * ( ( 3x + ( ( 5y - 18.0 ) + 4x ) ) + ( ( ( 40.0 - 4x ) * ( 10x * 36.0 ) ) - ( 1x * ( 54.0 - 2x ) ) ) ) ) - ( ( 2y * ( 4x + 1y ) ) + ( ( 66.0 - ( 20.0 + 10y ) ) * 52.0 ) ) )
ind: 483
( ( ( 83.0 + 9x ) - ( ( 89.0 * ( ( 100.0 - 47.0 ) * 4y ) ) + ( 33.0 * ( ( 2x * 69.0 ) + ( 58.0 + 5y ) ) ) ) ) * ( ( 5x - ( ( 40.0 + ( 6y + 34.0 ) ) - ( ( 27.0 * 1x ) - ( 8y * 9x ) ) ) ) + ( 38.0 * 51.0 ) ) )
ind: 484
( ( ( 46.0 * 10y ) * 37.0 ) + ( ( 6y - 9x ) * 4x ) )
ind: 485
( 5y + ( 24.0 + ( ( 3x - ( ( 5y + 1x ) * 4x ) ) * 5y ) ) )
ind: 486
( ( ( 5x - 9y ) * ( 5y - 94.0 ) ) + 3y )
ind: 487
( 6y - ( ( 73.0 - ( 84.0 + ( ( 69.0 * 9.0 ) * ( 2x - 1y ) ) ) ) - 37.0 ) )
ind: 488
( ( ( ( ( ( 53.0 - 1.0 ) - ( 9x * 10x ) ) - ( 35.0 + 10x ) ) + 6.0 ) + 2.0 ) + ( ( 25.0 + ( 68.0 + 4x ) ) + 10y ) )
ind: 489
( 9y * ( 3x - ( 6.0 + ( 4x * 7x ) ) ) )
ind: 490
( ( 9x - ( ( ( 2.0 - 74.0 ) + 76.0 ) * ( 7y * 21.0 ) ) ) - ( ( 10y - ( 68.0 - 3x ) ) - 66.0 ) )
ind: 491
( ( ( ( ( 3x * ( 35.0 * 5y ) ) * ( 10x - ( 7x * 29.0 ) ) ) - 45.0 ) * ( ( 38.0 - ( 2y - 46.0 ) ) - ( 2y + ( 3x - 7.0 ) ) ) ) * ( ( ( 14.0 - ( 23.0 + ( 1.0 + 7y ) ) ) - 99.0 ) * ( 8x + ( ( ( 50.0 + 7y ) - ( 72.0 - 5x ) ) - ( 6y + ( 85.0 + 5y ) ) ) ) ) )
ind: 492
( 14.0 * ( ( 6y - 7x ) - 31.0 ) )
ind: 493
( ( 12.0 + ( 1x + ( ( ( 69.0 + 36.0 ) * 8x ) + 51.0 ) ) ) - 10y )
ind: 494
( ( 1y + 10x ) - ( ( 8y * 3y ) - ( 10y - 64.0 ) ) )
ind: 495
( ( 2x * 94.0 ) + 6y )
ind: 496
( 4x + 9y )
ind: 497
( 2y * ( 1y - ( 8.0 * 9x ) ) )
ind: 498
( 3y * ( 10y + ( 92.0 * 2x ) ) )
ind: 499
( 3x * 7y )
ind: 500
( 9.0 * ( ( ( 59.0 * ( 4y + 3y ) ) - ( ( ( 27.0 + 23.0 ) - 22.0 ) + 1x ) ) + ( ( ( ( 7y - 8y ) - ( 44.0 * 46.0 ) ) + ( 10y - ( 31.0 - 64.0 ) ) ) + ( ( 39.0 - ( 9x - 48.0 ) ) * ( ( 98.0 * 64.0 ) - ( 84.0 + 81.0 ) ) ) ) ) )
Best Ind: ( ( 8y - 42.0 ) - ( 1y * 2x ) )
Fitness = 11.5241233389
Worst Ind: ( ( 2x - ( ( ( 31.0 * 83.0 ) * 16.0 ) * ( ( 57.0 * ( 32.0 * 6x ) ) * 27.0 ) ) ) * ( ( ( 99.0 + ( 80.0 * ( 55.0 - 7y ) ) ) - ( ( ( 15.0 + 3x ) + ( 2y * 3x ) ) + 84.0 ) ) * ( 1y - ( 4y + ( 48.0 - 39.0 ) ) ) ) )
Fitness = 6.20886198592e+14
Avg Fitness = 1.24326706334e+12
Duplicated = 0
============================================================================
Evaluate Gen  1
New Population 665
Better than Dads 46
Best Ind: ( ( 8y - 42.0 ) - ( 1y * 2x ) )
Fitness = 11.5241233389
Worst Ind: ( ( ( ( ( 43.0 * 2x ) + ( ( 4y - 2y ) - ( 100.0 - 10x ) ) ) + 5x ) * 10x ) + ( ( ( 2x * ( 9x + 3y ) ) * 65.0 ) * 46.0 ) )
Fitness = 346838.51835
Avg Fitness = 39396.3637037
Duplicated = 2
============================================================================
Evaluate Gen  2
New Population 695
Better than Dads 57
Best Ind: ( ( 8y - 42.0 ) - ( 1y * 2x ) )
Fitness = 11.5241233389
Worst Ind: ( ( 6x - ( ( 1x + ( 14.0 + ( 5x - 51.0 ) ) ) + ( 8x + 7y ) ) ) * 7.0 )
Fitness = 22866.588851
Avg Fitness = 4637.86366098
Duplicated = 6
============================================================================
Evaluate Gen  3
New Population 686
Better than Dads 56
Best Ind: ( ( 8y - 42.0 ) - ( 1y * 2x ) )
Fitness = 11.5241233389
Worst Ind: ( 71.0 * ( ( ( ( 29.0 * 5x ) - ( 3x + ( 10x * 2y ) ) ) - 1x ) + 6x ) )
Fitness = 6470.94
Avg Fitness = 2258.84991372
Duplicated = 11
============================================================================
Evaluate Gen  4
New Population 687
Better than Dads 53
Best Ind: ( ( 8y - 42.0 ) - ( 1y * 2x ) )
Fitness = 11.5241233389
Worst Ind: ( ( ( 2x - 20.0 ) - 1y ) - 79.0 )
Fitness = 3950.0
Avg Fitness = 1453.68888807
Duplicated = 18
============================================================================
Evaluate Gen  5
New Population 687
Better than Dads 59
Best Ind: ( ( 8y - 42.0 ) - ( 1y * 2x ) )
Fitness = 11.5241233389
Worst Ind: ( ( ( 31.0 - 7x ) + ( ( ( 38.0 + 4x ) * ( 1x * 2y ) ) + 9y ) ) - ( ( 62.0 * 52.0 ) - 50.0 ) )
Fitness = 2500.0
Avg Fitness = 970.905110012
Duplicated = 15
============================================================================
Evaluate Gen  6
New Population 685
Better than Dads 68
Best Ind: ( ( 2y * 1x ) * 2x )
Fitness = 8.24511800681
Worst Ind: ( 10y - ( ( 3x + ( 31.0 + ( ( 99.0 * 3y ) - 5.0 ) ) ) + ( 1x - 4x ) ) )
Fitness = 1807.14
Avg Fitness = 683.410627404
Duplicated = 24
============================================================================
Evaluate Gen  7
New Population 703
Better than Dads 65
Best Ind: ( ( 2y * 1x ) * 2x )
Fitness = 8.24511800681
Worst Ind: ( ( ( ( 10y - ( 94.0 - ( 17.0 * 4x ) ) ) + 9y ) + 2x ) + ( 6y - 2x ) )
Fitness = 1143.82366951
Avg Fitness = 433.31542278
Duplicated = 29
============================================================================
Evaluate Gen  8
New Population 716
Better than Dads 73
Best Ind: ( ( 2y * 1x ) * 2x )
Fitness = 8.24511800681
Worst Ind: ( ( ( 40.0 * 8x ) - ( ( 9y - 8x ) + ( ( 10y * ( 3y * 77.0 ) ) - 1y ) ) ) * ( ( 4.0 * 59.0 ) - ( ( 3x * 6y ) * 2.0 ) ) )
Fitness = 690.980982302
Avg Fitness = 285.205357271
Duplicated = 38
============================================================================
Evaluate Gen  9
New Population 705
Better than Dads 66
Best Ind: ( ( 2y * 1x ) * 2x )
Fitness = 8.24511800681
Worst Ind: ( ( 7y * ( 5y - ( ( ( 10x - 76.0 ) + ( 73.0 - 2y ) ) - 8x ) ) ) + ( 5x + ( 1.0 - 5y ) ) )
Fitness = 351.164835157
Avg Fitness = 210.365131336
Duplicated = 51
============================================================================
Evaluate Gen  10
New Population 714
Better than Dads 75
Best Ind: ( ( 2y * 1x ) * 2x )
Fitness = 8.24511800681
Worst Ind: ( ( 6y + ( ( 88.0 * ( 59.0 * 1.0 ) ) - 10x ) ) + ( 5y * 6x ) )
Fitness = 282.83732867
Avg Fitness = 188.745390594
Duplicated = 53
============================================================================
Evaluate Gen  11
New Population 726
Better than Dads 80
Best Ind: ( ( 2y * 1x ) * 2x )
Fitness = 8.24511800681
Worst Ind: ( ( 1.0 * 3x ) - ( 6y * 7x ) )
Fitness = 242.006590117
Avg Fitness = 170.165380962
Duplicated = 54
============================================================================
Evaluate Gen  12
New Population 708
Better than Dads 54
Best Ind: ( ( 2y * 1x ) * 2x )
Fitness = 8.24511800681
Worst Ind: ( ( 1x + 88.0 ) - 10y )
Fitness = 229.315188347
Avg Fitness = 155.715856026
Duplicated = 50
============================================================================
Evaluate Gen  13
New Population 713
Better than Dads 65
Best Ind: ( ( 2y * 1x ) * 2x )
Fitness = 8.24511800681
Worst Ind: ( ( 10y - ( 75.0 * 1x ) ) - ( ( 4y * ( 15.0 * 6y ) ) - ( ( 1y * ( ( 37.0 * 91.0 ) * ( 10y - 94.0 ) ) ) - ( 4.0 + 2y ) ) ) )
Fitness = 202.13587147
Avg Fitness = 139.389833596
Duplicated = 56
============================================================================
Evaluate Gen  14
New Population 713
Better than Dads 62
Best Ind: ( ( 2y * 1x ) * 2x )
Fitness = 8.24511800681
Worst Ind: ( ( ( ( ( ( 1y * 16.0 ) * ( 6x + 53.0 ) ) - ( 7.0 + 33.0 ) ) - 82.0 ) * ( 95.0 * ( ( ( 52.0 * 8.0 ) + ( 10x + 8y ) ) - ( 4y + ( 1y + 10x ) ) ) ) ) - ( 4y * 8x ) )
Fitness = 184.385973423
Avg Fitness = 124.219213359
Duplicated = 63
============================================================================
Evaluate Gen  15
New Population 722
Better than Dads 65
Best Ind: ( ( 2y * 1x ) * 2x )
Fitness = 8.24511800681
Worst Ind: ( ( 10y - ( 75.0 * 1x ) ) - ( ( 3x * 6y ) + ( 31.0 - ( 10y * 1x ) ) ) )
Fitness = 161.337726745
Avg Fitness = 109.515926427
Duplicated = 59
============================================================================
Evaluate Gen  16
New Population 714
Better than Dads 58
Best Ind: ( ( 2y * 1x ) * 2x )
Fitness = 8.24511800681
Worst Ind: ( ( 16.0 * ( 7y - 10x ) ) - ( 1x + 10x ) )
Fitness = 143.22
Avg Fitness = 99.1360211983
Duplicated = 67
============================================================================
Evaluate Gen  17
New Population 708
Better than Dads 53
Best Ind: ( ( 2y * 1x ) * 2x )
Fitness = 8.24511800681
Worst Ind: ( ( 88.0 * ( 59.0 * ( 3y * 84.0 ) ) ) - ( ( 1y * 7x ) * 9x ) )
Fitness = 129.860608607
Avg Fitness = 92.1187749338
Duplicated = 69
============================================================================
Evaluate Gen  18
New Population 716
Better than Dads 63
Best Ind: ( ( 2y * 1x ) * 2x )
Fitness = 8.24511800681
Worst Ind: ( 7y - 9x )
Fitness = 117.18
Avg Fitness = 87.4558457587
Duplicated = 71
============================================================================
Evaluate Gen  19
New Population 726
Better than Dads 63
Best Ind: ( ( 2y * 1x ) * 2x )
Fitness = 8.24511800681
Worst Ind: ( ( ( ( 7x - 10y ) + ( 3x - 15.0 ) ) - 3x ) * ( ( 3.0 + 9x ) * 2x ) )
Fitness = 107.031888
Avg Fitness = 82.2646978202
Duplicated = 77
============================================================================
Evaluate Gen  20
New Population 714
Better than Dads 56
Best Ind: ( ( 2y * 1x ) * 2x )
Fitness = 8.24511800681
Worst Ind: ( ( 5y + 10x ) - ( 1y - 8x ) )
Fitness = 104.16
Avg Fitness = 78.7459030012
Duplicated = 79
============================================================================
Evaluate Gen  21
New Population 701
Better than Dads 46
Best Ind: ( ( 2y * 1x ) * 2x )
Fitness = 8.24511800681
Worst Ind: ( ( 2x * ( 4y + 1x ) ) * ( ( ( ( 2x * 7y ) - 8x ) + ( ( 69.0 * 5x ) + 5y ) ) - 5x ) )
Fitness = 99.5072600681
Avg Fitness = 73.3959579424
Duplicated = 79
============================================================================
Evaluate Gen  22
New Population 717
Better than Dads 55
Best Ind: ( ( 2y * 1x ) * 2x )
Fitness = 8.24511800681
Worst Ind: ( ( ( 6y + 4x ) + ( ( 30.0 * 10y ) - 3y ) ) - 4y )
Fitness = 91.7260753388
Avg Fitness = 70.227487579
Duplicated = 80
============================================================================
Evaluate Gen  23
New Population 709
Better than Dads 50
Best Ind: ( ( 2y * 1x ) * 2x )
Fitness = 8.24511800681
Worst Ind: ( ( ( ( ( 88.0 * ( 9.0 * 1.0 ) ) - ( ( 1y * 5x ) * 9x ) ) + ( 44.0 - 98.0 ) ) + ( 2y * ( 83.0 - ( 8.0 * 9x ) ) ) ) - ( ( 7x + 3.0 ) - ( 2y - 7x ) ) )
Fitness = 91.14
Avg Fitness = 65.4135962601
Duplicated = 98
============================================================================
Evaluate Gen  24
New Population 717
Better than Dads 55
Best Ind: ( ( 2y * 1x ) * 2x )
Fitness = 8.24511800681
Worst Ind: ( ( ( ( 55.0 * 3x ) - ( ( ( 2x + 6y ) + ( 2y - 7x ) ) * 4y ) ) - 3y ) - 6x )
Fitness = 78.12
Avg Fitness = 60.9144656491
Duplicated = 109
============================================================================
Evaluate Gen  25
New Population 715
Better than Dads 50
Best Ind: ( 1y * ( 2y - 1x ) )
Fitness = 5.76206166946
Worst Ind: ( 4x + 1y )
Fitness = 75.0115188347
Avg Fitness = 57.0487528032
Duplicated = 89
============================================================================
Evaluate Gen  26
New Population 725
Better than Dads 60
Best Ind: ( 1y * ( 2y - 1x ) )
Fitness = 5.76206166946
Worst Ind: ( ( ( ( ( 6y - 10x ) * ( ( 5y * 6x ) - 2x ) ) - 83.0 ) * 18.0 ) - ( ( 66.0 - ( 11.0 - 9x ) ) - ( ( 88.0 + 10x ) - 3y ) ) )
Fitness = 68.7945565041
Avg Fitness = 55.231247989
Duplicated = 84
============================================================================
Evaluate Gen  27
New Population 720
Better than Dads 64
Best Ind: ( 1y * ( 2y - 1x ) )
Fitness = 5.76206166946
Worst Ind: ( ( ( ( 30.0 - ( 4y * ( 82.0 - 79.0 ) ) ) * 57.0 ) - ( ( ( 2x + 70.0 ) + ( 8.0 - ( 68.0 * 8y ) ) ) * ( 5x - 37.0 ) ) ) - 3y )
Fitness = 68.7945565041
Avg Fitness = 52.6157487241
Duplicated = 89
============================================================================
Evaluate Gen  28
New Population 726
Better than Dads 54
Best Ind: ( 1y * ( 2y - 1x ) )
Fitness = 5.76206166946
Worst Ind: ( ( ( ( ( 8x + 1x ) * 10x ) + ( 7y + 3x ) ) * ( 10x - 1x ) ) - ( 1y + ( 31.0 - ( 10y * 1x ) ) ) )
Fitness = 62.0134856377
Avg Fitness = 49.2318262146
Duplicated = 111
============================================================================
Evaluate Gen  29
New Population 717
Better than Dads 58
Best Ind: ( 1y * ( 2y - 1x ) )
Fitness = 5.76206166946
Worst Ind: ( ( 5y * 2x ) - ( 2y * 5x ) )
Fitness = 57.6206166946
Avg Fitness = 47.0021540217
Duplicated = 139
============================================================================
Evaluate Gen  30
New Population 729
Better than Dads 55
Best Ind: ( 1y * ( 2y - 1x ) )
Fitness = 5.76206166946
Worst Ind: ( ( 44.0 - ( 5y * 2x ) ) - ( 10y * 1x ) )
Fitness = 57.6206166946
Avg Fitness = 45.3840702474
Duplicated = 136
============================================================================
Evaluate Gen  31
New Population 727
Better than Dads 69
Best Ind: ( 1y * ( 2y - 1x ) )
Fitness = 5.76206166946
Worst Ind: ( 10y * 1x )
Fitness = 57.6206166946
Avg Fitness = 43.1045323696
Duplicated = 111
============================================================================
Evaluate Gen  32
New Population 712
Better than Dads 67
Best Ind: ( 1y * ( 2y - 1x ) )
Fitness = 5.76206166946
Worst Ind: ( ( ( 83.0 * 1x ) + ( ( ( 31.0 - ( 10y * 1x ) ) * 17.0 ) * ( 2y - 3x ) ) ) - ( 1y - 4x ) )
Fitness = 52.08
Avg Fitness = 40.5074774597
Duplicated = 94
============================================================================
Evaluate Gen  33
New Population 717
Better than Dads 53
Best Ind: ( 1y * ( 2y - 1x ) )
Fitness = 5.76206166946
Worst Ind: ( ( 40.0 - ( ( 88.0 * ( 9y * 1.0 ) ) - ( ( 1y * 5x ) * 9x ) ) ) - ( 4y * 1y ) )
Fitness = 50.107659227
Avg Fitness = 38.0713299242
Duplicated = 88
============================================================================
Evaluate Gen  34
New Population 727
Better than Dads 57
Best Ind: ( 1y * ( 2y - 1x ) )
Fitness = 5.76206166946
Worst Ind: ( ( ( 9y - ( 10y * 1x ) ) + ( 56.0 * 8x ) ) - ( ( 9y - 3x ) - ( ( 5x * 52.0 ) - 2y ) ) )
Fitness = 45.8630376694
Avg Fitness = 36.4809100908
Duplicated = 93
============================================================================
Evaluate Gen  35
New Population 701
Better than Dads 50
Best Ind: ( 1y * ( 2y - 1x ) )
Fitness = 5.76206166946
Worst Ind: ( ( ( 40.0 - ( ( 88.0 * 4x ) - ( 5y * 2x ) ) ) - ( 4y * 1y ) ) - ( 8x - 2y ) )
Fitness = 45.8630376694
Avg Fitness = 34.979823622
Duplicated = 95
============================================================================
Evaluate Gen  36
New Population 719
Better than Dads 51
Best Ind: ( 1y * ( 2y - 1x ) )
Fitness = 5.76206166946
Worst Ind: ( ( ( 2y - 4x ) - ( 3y - 1x ) ) * 7y )
Fitness = 40.3344316862
Avg Fitness = 32.9505735421
Duplicated = 104
============================================================================
Evaluate Gen  37
New Population 723
Better than Dads 50
Best Ind: ( 1y * ( 2y - 1x ) )
Fitness = 5.76206166946
Worst Ind: ( ( 22.0 + ( ( ( ( 82.0 + 1.0 ) - 2y ) - 3x ) * 7x ) ) - ( 6y - 3x ) )
Fitness = 39.06
Avg Fitness = 32.2543350407
Duplicated = 98
============================================================================
Evaluate Gen  38
New Population 728
Better than Dads 43
Best Ind: ( 1y * ( 2y - 1x ) )
Fitness = 5.76206166946
Worst Ind: ( ( ( ( 10x * ( 13.0 + ( 74.0 * 6x ) ) ) * ( ( ( 25.0 + 83.0 ) + 6x ) - ( 6y - 3x ) ) ) + ( ( 6x + ( 8y * 13.0 ) ) + ( 28.0 - 71.0 ) ) ) - 3x )
Fitness = 39.06
Avg Fitness = 31.6462608117
Duplicated = 96
============================================================================
Evaluate Gen  39
New Population 704
Better than Dads 40
Best Ind: ( 1y * ( 2y - 1x ) )
Fitness = 5.76206166946
Worst Ind: ( ( ( 77.0 * ( 8x - 8y ) ) * 2x ) - ( 9x - 3x ) )
Fitness = 39.06
Avg Fitness = 30.6953098263
Duplicated = 87
============================================================================
Evaluate Gen  40
New Population 728
Better than Dads 49
Best Ind: ( 1y * ( 2y - 1x ) )
Fitness = 5.76206166946
Worst Ind: ( 3x - ( ( 10y - ( 10x * 1x ) ) - 3x ) )
Fitness = 39.06
Avg Fitness = 29.0856003951
Duplicated = 83
============================================================================
Evaluate Gen  41
New Population 721
Better than Dads 67
Best Ind: ( 1y * ( 2y - 1x ) )
Fitness = 5.76206166946
Worst Ind: ( 5y - 3x )
Fitness = 39.06
Avg Fitness = 26.6477958738
Duplicated = 75
============================================================================
Evaluate Gen  42
New Population 726
Better than Dads 63
Best Ind: ( ( 2x * 1x ) * 1y )
Fitness = 4.12255900341
Worst Ind: ( ( 8x - 2y ) - ( ( ( 4y * 4x ) + 2y ) * ( 10x - 1x ) ) )
Fitness = 34.2897458976
Avg Fitness = 23.5448005742
Duplicated = 86
============================================================================
Evaluate Gen  43
New Population 710
Better than Dads 55
Best Ind: ( ( 2x * 1x ) * 1y )
Fitness = 4.12255900341
Worst Ind: ( ( ( ( ( 8x * ( 6x - 3x ) ) - 3x ) * 2x ) - 3x ) - ( ( 10y * 1x ) * 1y ) )
Fitness = 27.0368016142
Avg Fitness = 22.6162006395
Duplicated = 87
============================================================================
Evaluate Gen  44
New Population 729
Better than Dads 57
Best Ind: ( ( 2x * 1x ) * 1y )
Fitness = 4.12255900341
Worst Ind: ( ( ( ( 57.0 + 4y ) + ( 3x - 15.0 ) ) * ( ( ( 5y * 6x ) - ( 10y - 2x ) ) + ( ( 4y - 2y ) - ( 100.0 - 10x ) ) ) ) - 2x )
Fitness = 26.04
Avg Fitness = 22.0899870249
Duplicated = 88
============================================================================
Evaluate Gen  45
New Population 722
Better than Dads 59
Best Ind: ( ( 2x * 1x ) * 1y )
Fitness = 4.12255900341
Worst Ind: ( 5y - ( ( 1.0 * ( 57.0 + 4y ) ) - 2x ) )
Fitness = 26.04
Avg Fitness = 21.7279006945
Duplicated = 85
============================================================================
Evaluate Gen  46
New Population 722
Better than Dads 58
Best Ind: ( ( 2x * 1x ) * 1y )
Fitness = 4.12255900341
Worst Ind: ( 2x - ( 6y - 2x ) )
Fitness = 26.04
Avg Fitness = 21.0786867647
Duplicated = 81
============================================================================
Evaluate Gen  47
New Population 712
Better than Dads 58
Best Ind: ( ( 2x * 1x ) * 1y )
Fitness = 4.12255900341
Worst Ind: ( ( ( ( ( ( 4y * 4x ) * ( 10x - 1x ) ) * 26.0 ) + 14.0 ) * ( 6y - 3x ) ) - 2x )
Fitness = 26.04
Avg Fitness = 19.9810573387
Duplicated = 75
============================================================================
Evaluate Gen  48
New Population 731
Better than Dads 66
Best Ind: ( ( 2x * 1x ) * 1y )
Fitness = 4.12255900341
Worst Ind: ( ( ( ( ( 1y * 4y ) + 2x ) * 2x ) * ( 6y - 3x ) ) - 1y )
Fitness = 22.9315188347
Avg Fitness = 19.2389614915
Duplicated = 86
============================================================================
Evaluate Gen  49
New Population 731
Better than Dads 62
Best Ind: ( ( 2x * 1x ) * 1y )
Fitness = 4.12255900341
Worst Ind: ( ( 10y - ( ( 3x - 1y ) * 1x ) ) - ( 91.0 - 1y ) )
Fitness = 22.9315188347
Avg Fitness = 18.5717339579
Duplicated = 75
============================================================================
Evaluate Gen  50
New Population 724
Better than Dads 65
Best Ind: ( ( 2x * 1x ) * 1y )
Fitness = 4.12255900341
Worst Ind: ( ( ( 5x * 4y ) + 10y ) - 1y )
Fitness = 22.9315188347
Avg Fitness = 17.5228936568
Duplicated = 60
============================================================================
Evaluate Gen  51
New Population 733
Better than Dads 77
Best Ind: ( ( ( ( 2x - 20.0 ) - 1y ) * 1x ) * ( ( 3x - 1y ) - ( ( 3y * 10.0 ) - 1x ) ) )
Fitness = 2.0612795017
Worst Ind: ( 3x - ( ( ( ( 5y * 1x ) - 1y ) * 5x ) - 1y ) )
Fitness = 22.9315188347
Avg Fitness = 16.1132681978
Duplicated = 56
============================================================================
Evaluate Gen  52
New Population 736
Better than Dads 83
Best Ind: ( ( ( ( 2x - 20.0 ) - 1y ) * 1x ) * ( ( 3x - 1y ) - ( ( 3y * 10.0 ) - 1x ) ) )
Fitness = 2.0612795017
Worst Ind: ( ( ( 3x * 9y ) - ( ( ( 1y * 4y ) + 2x ) * 2x ) ) * 2x )
Fitness = 18.4572577679
Avg Fitness = 14.8280557991
Duplicated = 65
============================================================================
Evaluate Gen  53
New Population 744
Better than Dads 75
Best Ind: ( ( ( ( 2x - 20.0 ) - 1y ) * 1x ) * ( ( 3x - 1y ) - ( ( 3y * 10.0 ) - 1x ) ) )
Fitness = 2.0612795017
Worst Ind: ( ( 2x - 3x ) * ( 4x - ( 4x - 1y ) ) )
Fitness = 17.2861850084
Avg Fitness = 13.8452239604
Duplicated = 72
============================================================================
Evaluate Gen  54
New Population 727
Better than Dads 69
Best Ind: ( ( ( ( 2x - 20.0 ) - 1y ) * 1x ) * ( ( 3x - 1y ) - ( ( 3y * 10.0 ) - 1x ) ) )
Fitness = 2.0612795017
Worst Ind: ( ( ( ( 7x * 5y ) * 10y ) - 3y ) * ( ( ( ( 9y - 3x ) * 2x ) - 2y ) - ( ( 3y * 10.0 ) - 1x ) ) )
Fitness = 17.2861850084
Avg Fitness = 12.7885502115
Duplicated = 67
============================================================================
Evaluate Gen  55
New Population 735
Better than Dads 78
Best Ind: ( ( ( ( 2x - 20.0 ) - 1y ) * 1x ) * ( ( 3x - 1y ) - ( ( 3y * 10.0 ) - 1x ) ) )
Fitness = 2.0612795017
Worst Ind: ( ( ( 5y - 1y ) + ( ( 1y - 4y ) - ( ( ( 9x - 67.0 ) * 6x ) - 2x ) ) ) * 1x )
Fitness = 14.6428616695
Avg Fitness = 11.6275405595
Duplicated = 82
============================================================================
Evaluate Gen  56
New Population 721
Better than Dads 55
Best Ind: ( ( ( ( 2x - 20.0 ) - 1y ) * 1x ) * ( ( 3x - 1y ) - ( ( 3y * 10.0 ) - 1x ) ) )
Fitness = 2.0612795017
Worst Ind: ( ( 3y * 10.0 ) - 1x )
Fitness = 13.02
Avg Fitness = 11.2803654453
Duplicated = 82
============================================================================
Evaluate Gen  57
New Population 724
Better than Dads 55
Best Ind: ( ( ( ( 2x - 20.0 ) - 1y ) * 1x ) * ( ( 3x - 1y ) - ( ( 3y * 10.0 ) - 1x ) ) )
Fitness = 2.0612795017
Worst Ind: ( ( ( ( 9y - 3x ) * 2x ) - 2y ) - ( ( 3y * 10.0 ) - 1x ) )
Fitness = 13.02
Avg Fitness = 11.076644089
Duplicated = 76
============================================================================
Evaluate Gen  58
New Population 710
Better than Dads 41
Best Ind: ( ( ( ( 2x - 20.0 ) - 1y ) * 1x ) * ( ( 3x - 1y ) - ( ( 3y * 10.0 ) - 1x ) ) )
Fitness = 2.0612795017
Worst Ind: ( ( ( 1y - 4y ) * 10.0 ) - 1x )
Fitness = 13.02
Avg Fitness = 10.7869131782
Duplicated = 67
============================================================================
Evaluate Gen  59
New Population 728
Better than Dads 67
Best Ind: ( ( ( ( 2x - 20.0 ) - 1y ) * 1x ) * ( ( 3x - 1y ) - ( ( 3y * 10.0 ) - 1x ) ) )
Fitness = 2.0612795017
Worst Ind: ( ( ( ( 30.0 - ( ( 40.0 - 9x ) * ( 82.0 - 8y ) ) ) * 3x ) - ( ( ( 2x + 70.0 ) + ( 8.0 - ( 68.0 * 8y ) ) ) * ( 5x - 37.0 ) ) ) - ( ( 3y * 10.0 ) - 1x ) )
Fitness = 13.02
Avg Fitness = 10.2667792583
Duplicated = 57
============================================================================
Evaluate Gen  60
New Population 714
Better than Dads 72
Best Ind: ( ( ( ( 2x - 20.0 ) - 1y ) * 1x ) * ( ( 3x - 1y ) - ( ( 3y * 10.0 ) - 1x ) ) )
Fitness = 2.0612795017
Worst Ind: ( ( ( 10x * ( 9x * ( 10y + 74.0 ) ) ) - ( ( ( 2y * 2x ) - ( 91.0 - ( 1y * 5x ) ) ) - ( 1y * ( 9y - 3x ) ) ) ) * 2x )
Fitness = 12.3676770102
Avg Fitness = 9.69353280862
Duplicated = 58
============================================================================
Evaluate Gen  61
New Population 726
Better than Dads 74
Best Ind: ( ( ( ( 2x - 20.0 ) - 1y ) * 1x ) * ( ( 3x - 1y ) - ( ( 3y * 10.0 ) - 1x ) ) )
Fitness = 2.0612795017
Worst Ind: ( ( 4x - ( 2x - 2y ) ) * ( ( ( ( 9y - 3x ) * 2x ) - 2y ) - ( ( 3y * 10.0 ) - 1x ) ) )
Fitness = 11.5241233389
Avg Fitness = 9.09336369204
Duplicated = 60
============================================================================
Evaluate Gen  62
New Population 723
Better than Dads 78
Best Ind: ( ( ( ( 2x - 20.0 ) - 1y ) * 1x ) * ( ( 3x - 1y ) - ( ( 3y * 10.0 ) - 1x ) ) )
Fitness = 2.0612795017
Worst Ind: ( 2y * ( 10x - 1x ) )
Fitness = 11.5241233389
Avg Fitness = 8.54676782981
Duplicated = 56
============================================================================
Evaluate Gen  63
New Population 725
Better than Dads 76
Best Ind: ( ( ( ( 2x - 20.0 ) - 1y ) * 1x ) * ( ( 3x - 1y ) - ( ( 3y * 10.0 ) - 1x ) ) )
Fitness = 2.0612795017
Worst Ind: ( 1y * ( 2y * 2x ) )
Fitness = 10.8147206457
Avg Fitness = 7.71787525605
Duplicated = 53
============================================================================
Evaluate Gen  64
New Population 719
Better than Dads 79
Best Ind: ( ( 2x - ( ( ( ( 3y - 2x ) - 1y ) * ( 10x - 1x ) ) * 1y ) ) * 1x )
Fitness = 0.997573854409
Worst Ind: ( ( 1x - ( ( 6y - ( ( 3y * 10.0 ) - 1x ) ) - 2x ) ) * ( ( ( 6y - 3x ) * ( 2y - 1x ) ) - ( 10x - 1x ) ) )
Fitness = 8.8808
Avg Fitness = 6.96954036037
Duplicated = 56
============================================================================
Evaluate Gen  65
New Population 727
Better than Dads 77
Best Ind: ( ( ( ( 6x * ( ( 1y + 10x ) - 6x ) ) - ( 2y * ( 10x - 1x ) ) ) * ( ( 3y - 1x ) * 1x ) ) * 1y )
Fitness = 0.829106512662
Worst Ind: ( 1x * ( ( 5y * 6x ) - ( ( 5y * 6x ) - 2x ) ) )
Fitness = 8.8808
Avg Fitness = 6.3805247388
Duplicated = 43
============================================================================
Evaluate Gen  66
New Population 722
Better than Dads 76
Best Ind: ( ( ( ( 6x * ( ( 1y + 10x ) - 6x ) ) - ( 2y * ( 10x - 1x ) ) ) * ( ( 3y - 1x ) * 1x ) ) * 1y )
Fitness = 0.829106512662
Worst Ind: ( 31.0 - ( ( ( 82.0 + 4y ) - ( 2y * 2x ) ) * 1x ) )
Fitness = 8.24511800681
Avg Fitness = 5.64624876147
Duplicated = 36
============================================================================
Evaluate Gen  67
New Population 711
Better than Dads 75
Best Ind: ( ( ( 10x - 1x ) * ( ( ( 1y * ( 2y - 1x ) ) * 1x ) * 2x ) ) * ( ( 3y * ( 1.0 * 1x ) ) - ( ( 3y * 10.0 ) - 1x ) ) )
Fitness = 0.307500096593
Worst Ind: ( 1y - ( ( ( 9y - ( ( 2y - 4x ) - ( 3y - 1x ) ) ) * 2x ) * ( 5x - ( ( 9y + 1x ) - 2x ) ) ) )
Fitness = 6.822432
Avg Fitness = 4.95085423081
Duplicated = 43
============================================================================
Evaluate Gen  68
New Population 740
Better than Dads 90
Best Ind: ( ( ( 10x - 1x ) * ( ( ( 1y * ( 2y - 1x ) ) * 1x ) * 2x ) ) * ( ( 3y * ( 1.0 * 1x ) ) - ( ( 3y * 10.0 ) - 1x ) ) )
Fitness = 0.307500096593
Worst Ind: ( ( 10x - 1y ) - ( ( ( 10x + 3x ) - ( 10x - 1x ) ) * 1y ) )
Fitness = 5.76206166946
Avg Fitness = 4.55264491871
Duplicated = 49
============================================================================
Evaluate Gen  69
New Population 739
Better than Dads 88
Best Ind: ( ( ( 10x - 1x ) * ( ( ( 1y * ( 2y - 1x ) ) * 1x ) * 2x ) ) * ( ( 3y * ( 1.0 * 1x ) ) - ( ( 3y * 10.0 ) - 1x ) ) )
Fitness = 0.307500096593
Worst Ind: ( 1y * ( 2y - 1x ) )
Fitness = 5.76206166946
Avg Fitness = 4.16973192217
Duplicated = 39
============================================================================
Evaluate Gen  70
New Population 737
Better than Dads 88
Best Ind: ( ( ( 10x - 1x ) * ( ( ( 1y * ( 2y - 1x ) ) * 1x ) * 2x ) ) * ( ( 3y * ( 1.0 * 1x ) ) - ( ( 3y * 10.0 ) - 1x ) ) )
Fitness = 0.307500096593
Worst Ind: ( ( 4x - ( ( ( 2y * 2x ) - ( 91.0 - ( 1y * 5x ) ) ) - ( ( 3x - 1y ) * 1y ) ) ) * 2x )
Fitness = 5.40736032283
Avg Fitness = 3.77155750594
Duplicated = 35
============================================================================
Evaluate Gen  71
New Population 720
Better than Dads 84
Best Ind: ( ( ( 10x - 1x ) * ( ( ( 1y * ( 2y - 1x ) ) * 1x ) * 2x ) ) * ( ( 3y * ( 1.0 * 1x ) ) - ( ( 3y * 10.0 ) - 1x ) ) )
Fitness = 0.307500096593
Worst Ind: ( ( ( ( ( 1x * 2x ) * ( 25.0 - 1y ) ) + ( ( ( 9y - 3x ) - 1x ) * 19.0 ) ) - 1x ) * 1x )
Fitness = 4.4404
Avg Fitness = 3.51126425494
Duplicated = 34
============================================================================
Evaluate Gen  72
New Population 716
Better than Dads 87
Best Ind: ( ( ( 10x - 1x ) * ( ( ( 1y * ( 2y - 1x ) ) * 1x ) * 2x ) ) * ( ( 3y * ( 1.0 * 1x ) ) - ( ( 3y * 10.0 ) - 1x ) ) )
Fitness = 0.307500096593
Worst Ind: ( 8x - ( ( ( 3y * 10.0 ) - 1x ) * ( ( 10x * ( 3x * ( 10y + 74.0 ) ) ) - 1x ) ) )
Fitness = 4.4404
Avg Fitness = 3.25215562579
Duplicated = 21
============================================================================
Evaluate Gen  73
New Population 728
Better than Dads 94
Best Ind: ( ( ( 10x - 1x ) * ( ( ( 1y * ( 2y - 1x ) ) * 1x ) * 2x ) ) * ( ( 3y * ( 1.0 * 1x ) ) - ( ( 3y * 10.0 ) - 1x ) ) )
Fitness = 0.307500096593
Worst Ind: ( ( ( ( 82.0 + ( 54.0 - ( 5x * 4y ) ) ) - 2y ) - 1x ) * ( 2y * ( 10x - 1x ) ) )
Fitness = 4.12255900341
Avg Fitness = 2.93876596296
Duplicated = 17
============================================================================
Evaluate Gen  74
New Population 721
Better than Dads 92
Best Ind: ( ( ( 10x - 1x ) * ( ( ( 1y * ( 2y - 1x ) ) * 1x ) * 2x ) ) * ( ( 3y * ( 1.0 * 1x ) ) - ( ( 3y * 10.0 ) - 1x ) ) )
Fitness = 0.307500096593
Worst Ind: ( ( 1.0 * 9y ) - ( ( ( 1y * 2x ) * 2x ) * 1y ) )
Fitness = 3.99029541764
Avg Fitness = 2.62861280919
Duplicated = 24
============================================================================
Evaluate Gen  75
New Population 737
Better than Dads 89
Best Ind: ( ( ( 10x - 1x ) * ( ( ( 1y * ( 2y - 1x ) ) * 1x ) * 2x ) ) * ( ( 3y * ( 1.0 * 1x ) ) - ( ( 3y * 10.0 ) - 1x ) ) )
Fitness = 0.307500096593
Worst Ind: ( ( ( ( 7y + 3x ) - ( 3y - 1x ) ) * ( 10x - 1x ) ) * ( ( ( 3y + 1y ) - 33.0 ) - ( 6x - 2x ) ) )
Fitness = 3.411216
Avg Fitness = 2.28058867627
Duplicated = 23
============================================================================
Evaluate Gen  76
New Population 714
Better than Dads 81
Best Ind: ( ( ( 10x - 1x ) * ( ( ( 1y * ( 2y - 1x ) ) * 1x ) * 2x ) ) * ( ( 3y * ( 1.0 * 1x ) ) - ( ( 3y * 10.0 ) - 1x ) ) )
Fitness = 0.307500096593
Worst Ind: ( ( ( 5y - ( ( 8y - 3x ) * 1y ) ) * 1y ) * ( ( ( 2x * ( 10x - 1x ) ) - ( 10x - 1x ) ) - ( ( 3y * 10.0 ) - 1x ) ) )
Fitness = 2.99272156323
Avg Fitness = 1.98305297342
Duplicated = 26
============================================================================
Evaluate Gen  77
New Population 733
Better than Dads 104
Best Ind: ( ( 1x * 1y ) * ( ( ( ( ( 3y * 10.0 ) - 1x ) * ( 10x - 1x ) ) * ( ( ( 82.0 + 7x ) - 2y ) - ( ( 3y * 10.0 ) - 1x ) ) ) * ( 10x - 1x ) ) )
Fitness = 0.153750048297
Worst Ind: ( 8x - ( ( 1y * 2x ) * ( ( 1y - ( ( 2y - 2y ) - ( 3x * 1y ) ) ) * 1x ) ) )
Fitness = 2.48731953799
Avg Fitness = 1.72959074033
Duplicated = 30
============================================================================
Evaluate Gen  78
New Population 740
Better than Dads 99
Best Ind: ( ( 1x * 1y ) * ( ( ( ( ( 3y * 10.0 ) - 1x ) * ( 10x - 1x ) ) * ( ( ( 82.0 + 7x ) - 2y ) - ( ( 3y * 10.0 ) - 1x ) ) ) * ( 10x - 1x ) ) )
Fitness = 0.153750048297
Worst Ind: ( ( ( 2x - ( 2x - 1y ) ) * ( ( 77.0 - ( ( 3y * 10.0 ) - 1x ) ) - 1x ) ) * ( ( ( 4x * 2x ) - 2x ) - ( ( 3y * 10.0 ) - 1x ) ) )
Fitness = 2.0612795017
Avg Fitness = 1.55647558169
Duplicated = 27
============================================================================
Evaluate Gen  79
New Population 726
Better than Dads 92
Best Ind: ( ( 1x * 1y ) * ( ( ( ( ( 3y * 10.0 ) - 1x ) * ( 10x - 1x ) ) * ( ( ( 82.0 + 7x ) - 2y ) - ( ( 3y * 10.0 ) - 1x ) ) ) * ( 10x - 1x ) ) )
Fitness = 0.153750048297
Worst Ind: ( ( 4y * ( 1y * ( 10x - 1x ) ) ) * ( ( 2y - 1x ) * ( ( 3.0 + 2y ) - ( 6x - 1y ) ) ) )
Fitness = 2.00470518759
Avg Fitness = 1.40122595917
Duplicated = 24
============================================================================
Evaluate Gen  80
New Population 713
Better than Dads 97
Best Ind: ( ( 1x * 1y ) * ( ( ( ( ( 3y * 10.0 ) - 1x ) * ( 10x - 1x ) ) * ( ( ( 82.0 + 7x ) - 2y ) - ( ( 3y * 10.0 ) - 1x ) ) ) * ( 10x - 1x ) ) )
Fitness = 0.153750048297
Worst Ind: ( ( ( ( 10x - 1x ) + 1x ) * ( 10x - 1x ) ) * ( ( ( ( ( 1x * 1y ) + 3x ) - 1x ) * ( ( 5y * 6x ) - 2x ) ) * ( ( ( 2x - 5y ) - ( 9y - 3x ) ) * ( 25.0 - 1y ) ) ) )
Fitness = 1.84500057956
Avg Fitness = 1.26847194422
Duplicated = 26
============================================================================
Evaluate Gen  81
New Population 722
Better than Dads 108
Best Ind: ( ( 1x * 1y ) * ( ( ( ( ( 3y * 10.0 ) - 1x ) * ( 10x - 1x ) ) * ( ( ( 82.0 + 7x ) - 2y ) - ( ( 3y * 10.0 ) - 1x ) ) ) * ( 10x - 1x ) ) )
Fitness = 0.153750048297
Worst Ind: ( ( ( ( 2y - 1x ) * ( ( ( 10y - 1x ) - 4x ) * 7x ) ) - ( ( 1y * 1x ) * 2x ) ) * ( ( 1y - 1y ) * 2x ) )
Fitness = 1.65821302532
Avg Fitness = 1.1602247385
Duplicated = 20
============================================================================
Evaluate Gen  82
New Population 709
Better than Dads 91
Best Ind: ( ( ( 1x * 1x ) * 1y ) * ( ( 10x - 1x ) * ( ( 2y - 1x ) * 1x ) ) )
Fitness = 0.153750048297
Worst Ind: ( ( ( 1y * 1x ) * 2x ) * ( 1x - 1x ) )
Fitness = 1.65281666897
Avg Fitness = 1.03029108572
Duplicated = 29
============================================================================
Evaluate Gen  83
New Population 705
Better than Dads 100
Best Ind: ( ( 1y * 1y ) * ( ( ( 1y - 1x ) * ( ( 1x * 1y ) * 1x ) ) * 1y ) )
Fitness = 0.113739234646
Worst Ind: ( ( ( ( ( 3y * 10.0 ) - ( 1y * ( 10x - 1x ) ) ) * 1x ) * 2x ) * ( ( 5y * 6x ) - 2x ) )
Fitness = 1.40129892607
Avg Fitness = 0.910061400804
Duplicated = 28
============================================================================
Evaluate Gen  84
New Population 724
Better than Dads 103
Best Ind: ( ( ( 1x * 1x ) * 1y ) * ( ( 6x - ( 11.0 - 9x ) ) - ( ( ( ( 10y - 1x ) - ( 4x - 1y ) ) * ( 1y * ( 2y - 1x ) ) ) * ( ( 6x - 4y ) - 1x ) ) ) )
Fitness = 0.0955263047556
Worst Ind: ( 7x - ( ( 1y * ( ( ( 3y - 1x ) * ( 9y - 3x ) ) * 1x ) ) * 1y ) )
Fitness = 1.24365976899
Avg Fitness = 0.772686136195
Duplicated = 29
============================================================================
Evaluate Gen  85
New Population 719
Better than Dads 98
Best Ind: ( ( ( ( 3y * 10.0 ) - 1x ) * ( 8y - ( ( 1x * ( 1x * 1y ) ) * ( 10x - 1x ) ) ) ) * ( 5x - ( ( 6y - ( ( 3y * 10.0 ) - 1x ) ) * ( 2y - 1x ) ) ) )
Fitness = 0.0691370490158
Worst Ind: ( ( ( ( ( 1y * 2x ) - ( 3y - 1x ) ) * 2x ) - ( ( 1.0 * 1x ) * 1y ) ) * ( ( 1y - 1x ) - ( 1y * ( 10x - 1x ) ) ) )
Fitness = 0.997573854409
Avg Fitness = 0.676625230876
Duplicated = 30
============================================================================
Evaluate Gen  86
New Population 714
Better than Dads 104
Best Ind: ( ( ( ( 3y * 10.0 ) - 1x ) * ( 8y - ( ( 1x * ( 1x * 1y ) ) * ( 10x - 1x ) ) ) ) * ( 5x - ( ( 6y - ( ( 3y * 10.0 ) - 1x ) ) * ( 2y - 1x ) ) ) )
Fitness = 0.0691370490158
Worst Ind: ( ( ( 1y * 2x ) * 2x ) * ( 1y * ( ( 2y - 1x ) - ( ( ( 2x - 20.0 ) - 1y ) * ( 2y - 1x ) ) ) ) )
Fitness = 0.857231462776
Avg Fitness = 0.609406121514
Duplicated = 27
============================================================================
Evaluate Gen  87
New Population 718
Better than Dads 100
Best Ind: ( ( 25.0 - ( ( 2x - 1y ) * 1x ) ) * ( ( 3y - ( ( ( 4x - 20.0 ) - 1y ) * ( ( 1.0 * 2x ) - ( 2x * 1y ) ) ) ) * ( ( 3y - ( ( 1y * 1y ) * 1y ) ) * ( 10x - 1x ) ) ) )
Fitness = 0.0685434894421
Worst Ind: ( ( 1y * 1x ) * ( ( 8y - ( 69.0 - ( ( 3y * 10.0 ) - 1x ) ) ) * ( 2y - 1x ) ) )
Fitness = 0.826408334483
Avg Fitness = 0.552079342089
Duplicated = 21
============================================================================
Evaluate Gen  88
New Population 724
Better than Dads 97
Best Ind: ( ( ( ( 3y * 10.0 ) - 1x ) * ( ( ( 10x + 3x ) - ( 3y - 1x ) ) * ( ( 10x - 1x ) * ( ( 2y - 1x ) * 1x ) ) ) ) * ( 5x - ( ( 6y - ( ( 3y * 10.0 ) - 1x ) ) * ( 2y - 1x ) ) ) )
Fitness = 0.0594731338253
Worst Ind: ( ( ( ( 2y - 5x ) - 1x ) * ( 1y * 1x ) ) * ( ( 2x * ( ( 3y * 10.0 ) - 2x ) ) * ( 25.0 - 1y ) ) )
Fitness = 0.722442797578
Avg Fitness = 0.48955787829
Duplicated = 18
============================================================================
Evaluate Gen  89
New Population 723
Better than Dads 104
Best Ind: ( ( ( ( 3y * 10.0 ) - 1x ) * ( ( ( 10x + 3x ) - ( 3y - 1x ) ) * ( ( 10x - 1x ) * ( ( 2y - 1x ) * 1x ) ) ) ) * ( 5x - ( ( 6y - ( ( 3y * 10.0 ) - 1x ) ) * ( 2y - 1x ) ) ) )
Fitness = 0.0594731338253
Worst Ind: ( ( 1x * ( ( ( 3y * 10.0 ) - 1x ) * ( 10x - 1x ) ) ) * ( 2y - 1x ) )
Fitness = 0.69978256
Avg Fitness = 0.438938620565
Duplicated = 32
============================================================================
Evaluate Gen  90
New Population 730
Better than Dads 102
Best Ind: ( ( ( 10y * 1x ) - ( ( 1x * 1x ) * ( 1x * ( 25.0 - 1y ) ) ) ) * ( ( 1y * 1x ) * ( ( ( 10.0 - 2x ) - ( ( 2y * 1x ) * 1y ) ) * ( 2y - 1x ) ) ) )
Fitness = 0.0225026753674
Worst Ind: ( ( ( ( 5y - 4x ) - ( 3y - 1x ) ) * ( ( 2x * ( 1y - 1x ) ) * ( ( ( 2y - 1x ) - 3y ) - ( 3x - 1x ) ) ) ) * ( ( ( 2x * 2x ) - 2y ) - ( ( 3y * 10.0 ) - 1x ) ) )
Fitness = 0.5989568064
Avg Fitness = 0.379602574152
Duplicated = 29
============================================================================
Evaluate Gen  91
New Population 716
Better than Dads 102
Best Ind: ( ( ( 10y * 1x ) - ( ( 1x * 1x ) * ( 1x * ( 25.0 - 1y ) ) ) ) * ( ( 1y * 1x ) * ( ( ( 10.0 - 2x ) - ( ( 2y * 1x ) * 1y ) ) * ( 2y - 1x ) ) ) )
Fitness = 0.0225026753674
Worst Ind: ( ( ( 1y - 1y ) * 1y ) * ( ( 1y * ( 2y * ( 10x - 1x ) ) ) * ( 10y - 1x ) ) )
Fitness = 0.52135972413
Avg Fitness = 0.341798624228
Duplicated = 27
============================================================================
Evaluate Gen  92
New Population 718
Better than Dads 102
Best Ind: ( ( ( 10y * 1x ) - ( ( 1x * 1x ) * ( 1x * ( 25.0 - 1y ) ) ) ) * ( ( 1y * 1x ) * ( ( ( 10.0 - 2x ) - ( ( 2y * 1x ) * 1y ) ) * ( 2y - 1x ) ) ) )
Fitness = 0.0225026753674
Worst Ind: ( ( ( ( 1x - ( 2x * ( 10x - 1x ) ) ) * 1y ) * ( 1y * ( ( 10x - 1x ) - 1x ) ) ) * ( ( 10x - 1x ) - 1y ) )
Fitness = 0.428615731388
Avg Fitness = 0.311381735609
Duplicated = 34
============================================================================
Evaluate Gen  93
New Population 710
Better than Dads 101
Best Ind: ( ( ( 19.0 - ( 1x * ( 3y - 1x ) ) ) * ( ( 10x - 1x ) * ( 10x - 1x ) ) ) * ( ( ( 10y - 1x ) * ( 2y - 1x ) ) * ( 1y * ( ( 10x - 1x ) * 1y ) ) ) )
Fitness = 0.017195941354
Worst Ind: ( 1y * ( ( 1y - ( ( ( 2x - 20.0 ) - 1y ) * ( 2y - 1x ) ) ) * ( ( 54.0 - ( 52.0 - ( 2y - 1x ) ) ) * ( 2y - 1x ) ) ) )
Fitness = 0.414553256331
Avg Fitness = 0.286258801253
Duplicated = 39
============================================================================
Evaluate Gen  94
New Population 720
Better than Dads 99
Best Ind: ( ( ( 19.0 - ( 1x * ( 3y - 1x ) ) ) * ( ( 10x - 1x ) * ( 10x - 1x ) ) ) * ( ( ( 10y - 1x ) * ( 2y - 1x ) ) * ( 1y * ( ( 10x - 1x ) * 1y ) ) ) )
Fitness = 0.017195941354
Worst Ind: ( ( ( ( 77.0 - 9y ) - ( ( 3y * 1x ) * ( 10x - 1x ) ) ) - ( ( 2x * 1x ) * 1y ) ) * ( 1x * ( ( 3y - 1y ) * ( 10x - 1x ) ) ) )
Fitness = 0.361221398789
Avg Fitness = 0.26193840643
Duplicated = 46
============================================================================
Evaluate Gen  95
New Population 705
Better than Dads 109
Best Ind: ( ( ( 3y - 1x ) * ( ( 1y * 1x ) * ( 10x - 1x ) ) ) * ( ( ( ( ( 2y - 1x ) * 1x ) * ( 10x - 1x ) ) * ( 10x - 1x ) ) * 1y ) )
Fitness = 0.017195941354
Worst Ind: ( ( ( ( 3y - 1x ) * ( 10x - 1x ) ) * ( 1x - 1x ) ) * ( ( 1y - 6y ) - ( 1y * ( 10x - 1x ) ) ) )
Fitness = 0.350324731517
Avg Fitness = 0.240468231134
Duplicated = 36
============================================================================
Evaluate Gen  96
New Population 717
Better than Dads 111
Best Ind: ( ( ( 3y - 1x ) * ( ( 1y * 1x ) * ( 10x - 1x ) ) ) * ( ( ( ( ( 2y - 1x ) * 1x ) * ( 10x - 1x ) ) * ( 10x - 1x ) ) * 1y ) )
Fitness = 0.017195941354
Worst Ind: ( ( ( ( ( ( 1y * 2x ) * 2x ) * 1x ) * 1y ) * ( 10x - 1x ) ) * ( 3y - 1x ) )
Fitness = 0.323837896241
Avg Fitness = 0.222472701264
Duplicated = 34
============================================================================
Evaluate Gen  97
New Population 722
Better than Dads 117
Best Ind: ( ( ( 3y - 1x ) * ( ( 1y * 1x ) * ( 10x - 1x ) ) ) * ( ( ( ( ( 2y - 1x ) * 1x ) * ( 10x - 1x ) ) * ( 10x - 1x ) ) * 1y ) )
Fitness = 0.017195941354
Worst Ind: ( ( 1x * ( ( ( 1y * ( 2y - 1x ) ) * 1x ) * 2x ) ) * ( ( 3y * ( 1.0 * 1x ) ) - ( ( 3y * 10.0 ) - 1x ) ) )
Fitness = 0.307500096593
Avg Fitness = 0.200252960038
Duplicated = 21
============================================================================
Evaluate Gen  98
New Population 702
Better than Dads 103
Best Ind: ( ( ( 3y - 1x ) * ( ( 1y * 1x ) * ( 10x - 1x ) ) ) * ( ( ( ( ( 2y - 1x ) * 1x ) * ( 10x - 1x ) ) * ( 10x - 1x ) ) * 1y ) )
Fitness = 0.017195941354
Worst Ind: ( ( 1y * ( ( ( 3y * 10.0 ) - 1x ) * ( 10x - 1x ) ) ) * ( ( 5y - ( ( ( 1y * 1x ) * 2x ) * 2x ) ) * 2x ) )
Fitness = 0.296215642701
Avg Fitness = 0.179012144466
Duplicated = 28
============================================================================
Evaluate Gen  99
New Population 709
Better than Dads 105
Best Ind: ( ( ( ( ( 3y * 10.0 ) - 1x ) - ( ( ( 10x - 1x ) * ( 1y - 1y ) ) * 1y ) ) * ( 3y - ( ( ( 3y * 1x ) * ( 10x - 1x ) ) * ( 2y - 1x ) ) ) ) * ( 1x * ( ( ( 10x - ( 1y * 2x ) ) * ( 2y - 1x ) ) * ( 10x - ( ( 10x - 1x ) * 1y ) ) ) ) )
Fitness = 0.00885572710156
Worst Ind: ( ( ( ( 25.0 - ( ( 3x - 1y ) * ( 3x - 1x ) ) ) * ( 10x - 1x ) ) * ( ( ( 3y * 10.0 ) - 1x ) * ( 10x - 1x ) ) ) * ( ( 8y - 3x ) * 1y ) )
Fitness = 0.242878422181
Avg Fitness = 0.154922076795
Duplicated = 41
============================================================================
Evaluate Gen  100
New Population 715
Better than Dads 108
Best Ind: ( ( ( ( 3y - 1x ) * ( 10x - 1x ) ) * ( ( 2y * ( 2x * ( 10x - 1x ) ) ) * ( ( ( 10x - 1x ) * 3x ) * 1y ) ) ) * ( ( ( ( 2x * 1x ) * 1y ) * ( ( 1y * 1x ) * ( 10x - 1x ) ) ) * ( ( 1x * ( ( 1y + 10x ) - 6x ) ) - ( 2y * ( 10x - 1x ) ) ) ) )
Fitness = 0.00832881607699
Worst Ind: ( ( 4y * ( 1y * ( 1y - 1x ) ) ) * ( ( ( 2x - ( 2x - 1x ) ) * ( ( ( 10x - 1x ) * 1y ) * 1y ) ) * ( ( ( 1y - 4x ) * 1y ) * ( 2y - 1x ) ) ) )
Fitness = 0.214178784804
Avg Fitness = 0.136764178453
Duplicated = 36
