dataset_file= dataset/SR_div_noise.txt
population= 300
generations= 100
tournament_size= 2
cross_over= 0.6
mutation= 0.3
elitism= True
(50, 2)
============================================================================
Build initial population
ind: 1
( ( ( (1y + -2.0)^2  )^2  ) * ( ( ( 4.0 * ( ( (8y + 1.0) * (8y + -7.0) ) + (1x + -5.0) ) )^2  )^2  ) )
Fitness 55915.275742
ind: 2
( ( (3x + -2.0) + ( ( (7y + 8.0) + (6x + 6.0) )^2  ) ) + ( (5y + 0.0)^2  ) )
Fitness 2.15449248595
ind: 3
( ( ( (7x + 7.0) + ( ( 8.0 + ( 1.0 + (7x + 3.0) ) ) + (2x + -5.0) ) )^2  ) * ( (9y + -10.0) * ( ( ( 7.0^2  ) + (1y + -2.0) )^2  ) ) )
Fitness 281.285190417
ind: 4
( ( ( ( ( ( (6x + 2.0) * 2.0 ) + ( (5x + 2.0)^2  ) ) + ( ( (6x + 7.0) + 4.0 ) + 8.0 ) ) + ( (7y + 0.0)^2  ) )^2  ) * 7.0 )
Fitness 17.3799639706
ind: 5
( ( ( 10.0 * (8x + -6.0) ) + 4.0 ) * (9y + 2.0) )
Fitness 1.93278331086
ind: 6
( ( (7y + -2.0) + ( ( 3.0 + (1x + 8.0) ) + ( ( ( 6.0^2  ) + (7y + 9.0) ) * (1x + -8.0) ) ) ) + ( ( ( ( ( (1y + -6.0) + (6x + 4.0) )^2  ) * (2y + -3.0) ) + 5.0 ) * (6x + 8.0) ) )
Fitness 3.18939068134
ind: 7
( ( ( 6.0 * ( 9.0 * ( ( (1y + 10.0)^2  )^2  ) ) ) + ( 5.0 + (3x + -3.0) ) ) * ( ( ( 4.0^2  )^2  ) + 1.0 ) )
Fitness 1685.64634945
ind: 8
( ( ( ( ( ( (9y + -5.0) * (5x + -5.0) )^2  )^2  ) * ( 8.0^2  ) ) + (10y + -1.0) ) * 5.0 )
Fitness 6234.48017028
ind: 9
( 3.0 + ( ( ( (4x + -6.0)^2  ) * (8y + 10.0) ) + ( ( ( 5.0 + (7y + -7.0) ) + ( 5.0 + 2.0 ) ) + (7y + -4.0) ) ) )
Fitness 2.57018297137
ind: 10
( ( ( ( ( ( 9.0 * (4y + -9.0) ) + ( 8.0 + 8.0 ) ) + ( ( 8.0^2  ) * ( 7.0 * (9x + 7.0) ) ) ) * ( 3.0^2  ) )^2  ) + ( ( ( (3y + 0.0) + ( (9y + -3.0) + ( 5.0 * (1y + 5.0) ) ) ) * ( 2.0^2  ) ) + ( 3.0 + (4x + 2.0) ) ) )
Fitness 4300.92570203
ind: 11
( ( ( (8y + -3.0) + 5.0 )^2  ) * ( ( ( ( (2x + -1.0) + 4.0 ) + 3.0 ) + ( 8.0 + ( ( 3.0^2  ) * 9.0 ) ) ) * 7.0 ) )
Fitness 16.6337126144
ind: 12
( 10.0 + ( ( (10x + 6.0) + ( 7.0 * ( ( (1y + -4.0) * 7.0 ) + ( 5.0 + (10x + -7.0) ) ) ) ) * 3.0 ) )
Fitness 3.44953408141
ind: 13
( ( 2.0 + (10y + 3.0) ) + ( ( ( ( ( (10x + -3.0) * 2.0 ) * (5x + -5.0) ) * 9.0 ) * ( ( ( (10y + -1.0) + 10.0 )^2  ) + (9x + 9.0) ) ) * (2x + -5.0) ) )
Fitness 44.4716375811
ind: 14
( ( (4x + -5.0) * ( (1y + 1.0) * ( (1x + 2.0)^2  ) ) )^2  )
Fitness 3.16040594999
ind: 15
( ( ( 3.0 * 5.0 )^2  ) * ( (10x + 8.0) * ( (5y + 4.0)^2  ) ) )
Fitness 32.5638237768
ind: 16
( ( (7y + -10.0) * ( ( ( 10.0 + (3x + -5.0) )^2  )^2  ) )^2  )
Fitness 991.130348481
ind: 17
( ( ( ( ( (7y + -2.0) + (3x + 7.0) ) + ( ( (3x + -3.0) * (3x + 0.0) ) + ( 9.0 * 4.0 ) ) ) * (9x + 2.0) ) * ( ( ( ( 3.0 + 7.0 )^2  ) + ( (4x + -2.0) * 9.0 ) ) * (2y + 9.0) ) ) + 2.0 )
Fitness 45.7059536857
ind: 18
( (10y + -9.0) + (9x + 4.0) )
Fitness 0.37825722517
ind: 19
( ( (2x + 6.0) + (4y + -6.0) )^2  )
Fitness 0.322729127052
ind: 20
( (10y + 9.0) * (2x + -4.0) )
Fitness 0.843489148101
ind: 21
( ( ( ( 10.0 + ( ( 3.0 + (6x + -10.0) )^2  ) ) + ( 7.0 + ( 1.0 * (1y + 8.0) ) ) ) + (5x + 0.0) ) + ( (3x + 3.0)^2  ) )
Fitness 1.30210075428
ind: 22
( (10y + -1.0) * (9x + -8.0) )
Fitness 0.870070539621
ind: 23
( ( (2x + -5.0) + ( ( (5y + 4.0) + ( 3.0^2  ) ) + ( ( 4.0 * (7y + 2.0) )^2  ) ) ) * ( ( ( ( 6.0 * 1.0 ) * 10.0 ) + ( ( (3y + -2.0) * (7x + 2.0) ) * ( ( (8y + 7.0) * 8.0 ) * 4.0 ) ) )^2  ) )
Fitness 3271.29958848
ind: 24
( ( ( ( ( ( (2y + 3.0)^2  ) * ( 3.0 + 6.0 ) ) + ( ( (7y + -6.0) + 7.0 ) + (1y + 6.0) ) ) + (9x + 3.0) ) + (9y + -9.0) ) + ( 8.0 * ( (6y + 1.0) * ( (2x + 9.0) * (4y + 10.0) ) ) ) )
Fitness 6.80122581334
ind: 25
( ( 2.0 * ( (8x + 4.0) * ( ( ( (7y + 5.0) * 7.0 )^2  )^2  ) ) ) * (5x + 1.0) )
Fitness 1969.79186763
ind: 26
( 8.0 + ( ( ( (6x + 10.0) * 1.0 ) + ( (8y + 3.0) + (3y + 9.0) ) ) * ( 10.0 + 5.0 ) ) )
Fitness 2.61671621666
ind: 27
( ( ( ( (9y + 4.0)^2  ) * 8.0 ) + ( 4.0 * (8x + 2.0) ) ) * ( ( ( 1.0 + ( (9y + 5.0) + ( (2y + -8.0)^2  ) ) ) * ( ( (1y + -7.0)^2  ) * ( ( 9.0^2  ) + 4.0 ) ) )^2  ) )
Fitness 568637.402917
ind: 28
( ( ( ( ( 5.0 + ( (8x + 5.0)^2  ) ) + (7y + -8.0) ) * (7x + 10.0) )^2  ) + ( (2x + -8.0) * 6.0 ) )
Fitness 71.5895599393
ind: 29
( ( (8y + -4.0) + (4x + 3.0) ) + ( (2y + -6.0) + ( ( ( 4.0 + 10.0 ) * ( (4y + -2.0)^2  ) ) * ( (4x + 8.0)^2  ) ) ) )
Fitness 10.4806430321
ind: 30
( 1.0 * ( ( (7y + 4.0) * ( ( ( 4.0^2  )^2  ) * ( (9x + -6.0) * (2y + -6.0) ) ) ) + 9.0 ) )
Fitness 22.513423973
ind: 31
( ( ( 3.0 * ( ( ( (5y + 5.0) + (2y + -9.0) ) * 2.0 ) + ( ( (10x + 4.0) * (9y + 8.0) ) + (3x + 8.0) ) ) )^2  ) + 1.0 )
Fitness 27.9765228053
ind: 32
( ( ( ( ( (9y + 0.0)^2  )^2  ) * 9.0 ) * 7.0 ) * ( (7x + -9.0)^2  ) )
Fitness 328.347047484
ind: 33
( 3.0 * ( ( ( ( 1.0^2  ) + ( ( (2y + 3.0) + (10y + -1.0) ) * ( (3x + 5.0)^2  ) ) ) + (1x + 3.0) ) + ( (5x + -6.0)^2  ) ) )
Fitness 3.10610591668
ind: 34
( (6y + 10.0) + ( ( ( 3.0^2  )^2  ) + (3x + 1.0) ) )
Fitness 1.35047659949
ind: 35
( ( ( ( ( (1x + 6.0) * ( (7y + -7.0)^2  ) )^2  )^2  )^2  ) + (8y + -8.0) )
Fitness 73278350505.6
ind: 36
( ( ( 2.0 + ( (5x + -6.0) * ( ( (10y + 4.0) * (3x + -3.0) ) + (10x + -1.0) ) ) ) + ( ( ( 1.0 + ( 6.0^2  ) )^2  ) * 9.0 ) )^2  )
Fitness 1749.87928573
ind: 37
( ( (5x + 0.0) + ( ( (10x + -2.0) + ( (5x + -6.0) + 10.0 ) ) * (2y + -10.0) ) )^2  )
Fitness 6.45971404718
ind: 38
( ( (5y + 2.0) * ( (3x + -8.0)^2  ) )^2  )
Fitness 25.0173180979
ind: 39
( ( (2y + -5.0) + ( ( ( ( (1x + -9.0) + (9x + 9.0) ) * 7.0 ) * (2y + -4.0) ) + (2x + -9.0) ) ) * 5.0 )
Fitness 2.66397969492
ind: 40
( ( ( 10.0 * ( ( 4.0 + ( (2x + -7.0)^2  ) ) + 9.0 ) ) + (9x + -4.0) ) * ( ( (6x + -2.0) + ( 10.0 + ( (1y + 2.0)^2  ) ) ) * 1.0 ) )
Fitness 12.1505401088
ind: 41
( (7y + -7.0) + ( 2.0 + ( ( (3x + 10.0) * ( 9.0^2  ) ) * ( ( ( (4x + 2.0)^2  ) + 7.0 )^2  ) ) ) )
Fitness 57.1787315422
ind: 42
( ( ( ( (3x + -3.0) * 7.0 ) + ( 5.0 * ( (7y + 2.0) + 6.0 ) ) ) + ( (1y + -1.0)^2  ) ) * (1x + 8.0) )
Fitness 1.97313556922
ind: 43
( (3y + -4.0) * ( ( ( ( (6x + 7.0) * 8.0 )^2  )^2  ) * (1y + -8.0) ) )
Fitness 2627.18858809
ind: 44
( ( ( (4x + -8.0) * (2x + -2.0) )^2  ) * (1y + 4.0) )
Fitness 4.82994055463
ind: 45
( ( (8x + 0.0) + ( ( 10.0^2  )^2  ) ) * ( (2x + -5.0) + ( ( ( ( 4.0 * (8x + -8.0) ) + ( (9y + -10.0)^2  ) ) * ( 9.0 * ( (3x + 4.0) * 9.0 ) ) ) * 6.0 ) ) )
Fitness 5387.06076716
ind: 46
( ( ( ( (3y + 5.0) * ( ( 3.0^2  ) * (2y + 0.0) ) ) + (4x + 6.0) ) * ( ( 8.0 * 2.0 ) + ( ( ( 1.0 * (3y + 8.0) ) * ( 10.0^2  ) ) + ( ( (3y + -10.0) * 3.0 ) * (6x + 2.0) ) ) ) ) + 4.0 )
Fitness 27.1192194542
ind: 47
( ( (2x + -7.0)^2  ) * ( (1y + 1.0) + 8.0 ) )
Fitness 2.9526166978
ind: 48
( 3.0 + ( 1.0 + ( (8y + -9.0) * ( (9x + -6.0) + ( ( 9.0^2  ) + 7.0 ) ) ) ) )
Fitness 3.80026623386
ind: 49
( ( (5y + -10.0)^2  ) * (8x + 3.0) )
Fitness 2.2532905014
ind: 50
( (7y + -2.0) + (6x + 6.0) )
Fitness 0.313530761657
ind: 51
( (5x + -7.0) + ( ( ( ( ( (5x + -8.0) + (4y + 8.0) ) * 4.0 ) + ( 9.0^2  ) )^2  )^2  ) )
Fitness 1016.07383269
ind: 52
( (1x + 0.0) * ( (3y + 2.0) + ( (3x + 10.0)^2  ) ) )
Fitness 0.741382301803
ind: 53
( ( ( ( (8y + -2.0) + 2.0 ) * (6x + -5.0) ) * ( ( ( 7.0^2  )^2  )^2  ) ) * 8.0 )
Fitness 4059.1726285
ind: 54
( ( ( ( 6.0 * (1x + 9.0) ) + (6x + -1.0) ) * (9y + -2.0) ) * ( 4.0 + ( ( 5.0^2  ) + (7y + -2.0) ) ) )
Fitness 10.4095463072
ind: 55
( ( ( ( (10x + 7.0) + 10.0 )^2  ) + ( ( 5.0 + ( ( 2.0 * 1.0 )^2  ) )^2  ) ) * (7y + 3.0) )
Fitness 5.73470125257
ind: 56
( ( ( 2.0^2  ) + ( ( ( (9y + -1.0)^2  )^2  ) * ( (9x + 4.0) * ( 4.0 + ( (3y + 6.0)^2  ) ) ) ) )^2  )
Fitness 173837.538335
ind: 57
( (8y + 8.0) + ( ( ( (2x + -10.0) * ( (9y + 2.0) * (7y + 4.0) ) ) * (6x + -6.0) ) * ( ( (2x + 3.0)^2  ) + ( (6y + 3.0) + ( (1x + 5.0) + (6x + 5.0) ) ) ) ) )
Fitness 25.9085715763
ind: 58
( ( ( ( ( 6.0 + ( (3y + 8.0) * 1.0 ) )^2  )^2  ) + ( (4x + 6.0) + 6.0 ) ) * ( (1y + 8.0)^2  ) )
Fitness 238.492675655
ind: 59
( ( (6y + -3.0) * (7x + 6.0) ) * 2.0 )
Fitness 0.784994706791
ind: 60
( ( ( ( ( 6.0^2  ) + ( 6.0 * (8y + -9.0) ) ) + (2y + 9.0) ) + ( ( ( ( (4x + 1.0) * 3.0 ) * 4.0 )^2  )^2  ) ) + ( 2.0 * (8x + 3.0) ) )
Fitness 78.3307479229
ind: 61
( ( ( ( (9x + 1.0) + 3.0 ) + (8x + 5.0) ) + ( (3x + -1.0) + ( ( (1x + -10.0) * ( 10.0 + 2.0 ) ) + (5y + -5.0) ) ) )^2  )
Fitness 16.5192827616
ind: 62
( (9x + 1.0) + ( (4y + -1.0)^2  ) )
Fitness 0.316901972874
ind: 63
( ( (7x + -5.0) + ( ( ( ( (6x + -9.0) + 3.0 )^2  ) * 7.0 ) + ( (8y + -2.0) + ( ( 5.0 * 10.0 ) * ( (7x + -8.0) * 1.0 ) ) ) ) ) * ( (2y + -4.0)^2  ) )
Fitness 6.37972498803
ind: 64
( (2y + -5.0) + ( ( (4x + 6.0)^2  ) * (2x + 3.0) ) )
Fitness 1.54536376656
ind: 65
( ( (6y + -1.0) * ( (4x + -9.0) + ( 9.0^2  ) ) ) * 6.0 )
Fitness 4.83041398867
ind: 66
( ( ( 2.0^2  ) + (10y + 7.0) ) + ( 1.0 * (8x + 2.0) ) )
Fitness 0.497529640263
ind: 67
( ( (2y + 6.0) * ( ( ( ( 4.0 * (5x + 3.0) )^2  ) + 7.0 ) + 7.0 ) ) * (7y + -2.0) )
Fitness 6.89276641644
ind: 68
( ( ( ( (9x + 8.0) + ( ( 7.0^2  ) + ( 3.0^2  ) ) ) + ( (10y + -4.0) * (4x + 5.0) ) ) + ( ( 4.0 * ( 6.0 * 5.0 ) ) * ( (10x + 3.0)^2  ) ) )^2  )
Fitness 482.642170334
ind: 69
( 10.0 * ( ( ( ( ( 7.0 + (1y + 6.0) )^2  ) + ( ( (6x + 5.0) + 1.0 )^2  ) ) + ( ( ( (7x + -3.0) + (7x + -5.0) ) + ( (10x + 9.0) + (9x + 8.0) ) ) + ( (6y + 8.0)^2  ) ) ) + (3y + 10.0) ) )
Fitness 7.81253920687
ind: 70
( ( (5y + 3.0) * ( (8y + -3.0) * (2x + -9.0) ) )^2  )
Fitness 17.7745218722
ind: 71
( ( (9y + 4.0) + (6x + 5.0) )^2  )
Fitness 1.55951483568
ind: 72
( 10.0 + ( ( (7y + 4.0) + (6x + -6.0) )^2  ) )
Fitness 0.861000396094
ind: 73
( ( (8y + -5.0) * ( 9.0^2  ) ) * ( ( (5x + 1.0)^2  ) * ( ( (4x + 7.0)^2  ) * ( 10.0^2  ) ) ) )
Fitness 252.948837231
ind: 74
( (5y + 4.0) * (7x + -3.0) )
Fitness 0.429323366316
ind: 75
( ( ( ( ( ( (9x + -4.0)^2  ) + ( (1y + -9.0) + 5.0 ) ) + 2.0 )^2  ) + 8.0 ) * 4.0 )
Fitness 8.19461277531
ind: 76
( ( ( 7.0 * ( 3.0 * (9y + 3.0) ) )^2  ) * ( ( ( ( (1x + 1.0)^2  )^2  ) * 8.0 ) + (5y + 8.0) ) )
Fitness 91.7136553602
ind: 77
( ( ( 8.0 * ( ( (2y + 0.0) * ( 1.0 * (3x + -10.0) ) ) + (8y + -9.0) ) ) + ( (10x + -8.0) + (9y + 0.0) ) ) + 6.0 )
Fitness 1.20183515281
ind: 78
( ( ( (2y + 6.0) + ( ( 4.0^2  ) * ( (6y + -2.0) * ( 4.0^2  ) ) ) ) + ( ( ( (9x + -8.0) * ( (6y + -7.0)^2  ) ) + ( ( (3x + 5.0)^2  ) * ( (9y + 6.0)^2  ) ) ) * ( ( ( (8x + -10.0)^2  ) + (2x + -4.0) ) + ( (6x + -10.0) + 7.0 ) ) ) ) + (10y + -3.0) )
Fitness 56.6499237372
ind: 79
( (5x + -7.0) + ( ( ( 8.0 * ( ( (9y + 10.0) + 4.0 ) * 7.0 ) ) + (5y + 9.0) )^2  ) )
Fitness 119.247066995
ind: 80
( ( ( ( ( (6x + 1.0) * ( 1.0 * (8x + 6.0) ) ) + ( (3x + -8.0) + 8.0 ) )^2  ) * (5y + -1.0) )^2  )
Fitness 140.891857222
ind: 81
( (8x + 7.0) * ( (6y + -7.0) * ( ( ( ( 1.0 * 7.0 ) * ( 4.0 + 10.0 ) ) * ( (8y + -2.0) + ( (7y + -5.0) + (1x + -10.0) ) ) ) + (3y + 9.0) ) ) )
Fitness 39.2885638566
ind: 82
( 2.0 + ( ( ( ( ( (4x + -8.0)^2  ) + ( 1.0^2  ) )^2  ) * ( ( (6x + 3.0) * ( (3y + 4.0)^2  ) ) + 9.0 ) ) * (4y + 2.0) ) )
Fitness 123.234776287
ind: 83
( ( ( ( ( (5y + 6.0)^2  ) + (10x + -9.0) ) * ( 5.0^2  ) )^2  ) + ( 7.0^2  ) )
Fitness 172.64246442
ind: 84
( ( ( ( ( 9.0^2  ) + ( (8y + -6.0)^2  ) )^2  ) * 6.0 ) + ( ( ( 3.0 + ( 4.0 * ( 9.0 * 5.0 ) ) ) * ( 1.0 + ( ( 1.0 * (10y + -3.0) )^2  ) ) ) + ( 10.0 + ( (9x + 1.0) * 6.0 ) ) ) )
Fitness 49.7439073083
ind: 85
( ( ( ( ( (4x + -5.0) + 8.0 )^2  )^2  )^2  ) + (4y + 2.0) )
Fitness 36.6014195139
ind: 86
( (10x + -1.0) + (9y + -6.0) )
Fitness 0.404174308467
ind: 87
( ( 5.0 + (1y + -10.0) ) + ( ( ( ( (2x + -5.0) * ( (5x + -6.0) * (1y + 5.0) ) ) + ( ( 7.0^2  ) * 9.0 ) )^2  ) * (10y + 4.0) ) )
Fitness 178.984459488
ind: 88
( ( ( ( (2x + -1.0) + ( 8.0 + ( (6y + -8.0) + (7y + -10.0) ) ) ) * ( (4x + -10.0) + (8x + 5.0) ) )^2  ) * 6.0 )
Fitness 34.5771323798
ind: 89
( ( (2x + 10.0) + (10x + 5.0) ) * ( ( 9.0 * (8y + 3.0) ) + (10y + -5.0) ) )
Fitness 3.62185751461
ind: 90
( (7x + -5.0) + ( ( ( 6.0 * 6.0 ) * (6x + -1.0) ) + ( ( (7y + 8.0)^2  )^2  ) ) )
Fitness 13.9831836543
ind: 91
( ( ( ( (5y + 5.0) + ( 7.0 * 9.0 ) ) * (2y + -1.0) ) + (7x + -1.0) ) * ( 6.0 * ( 9.0 * ( ( ( (8x + 6.0)^2  ) * 9.0 ) + 7.0 ) ) ) )
Fitness 129.270073377
ind: 92
( ( ( ( 3.0 + ( 2.0 * ( (5y + -1.0) + (5y + -3.0) ) ) ) + ( ( (2y + 0.0) * ( 7.0 + 8.0 ) ) * ( ( (3y + 6.0) * 10.0 ) * (8x + -3.0) ) ) ) + ( (8x + -5.0)^2  ) ) * (8y + -4.0) )
Fitness 16.578837055
ind: 93
( (9y + 5.0) * ( 9.0 * ( ( ( (10y + -5.0)^2  )^2  ) + (7x + 4.0) ) ) )
Fitness 51.8401464559
ind: 94
( (10x + -9.0) + (6y + 2.0) )
Fitness 0.393764185933
ind: 95
( (4y + -2.0) * ( (3y + 10.0) + (6x + 4.0) ) )
Fitness 0.722641725082
ind: 96
( ( ( ( ( (2x + -4.0) + (7y + -5.0) ) * ( 9.0 * ( (5y + 2.0)^2  ) ) )^2  )^2  ) + 4.0 )
Fitness 124864.66105
ind: 97
( 5.0 * ( 7.0 + ( ( (4x + 9.0) + ( (4y + -4.0)^2  ) )^2  ) ) )
Fitness 10.2174573515
ind: 98
( ( ( (7y + 5.0)^2  ) + (2x + -9.0) ) * (5y + -7.0) )
Fitness 1.75569129657
ind: 99
( (8x + -7.0) * (4y + -9.0) )
Fitness 1.12801485324
ind: 100
( ( (7x + 7.0) + ( (3y + 10.0)^2  ) ) * 2.0 )
Fitness 2.09932529682
ind: 101
( ( (1y + 6.0)^2  ) + ( ( 4.0 * (9x + 6.0) ) * 10.0 ) )
Fitness 2.37844841387
ind: 102
( ( (3y + -4.0) * ( ( (3y + -1.0)^2  )^2  ) ) + ( ( ( ( (10x + 3.0) + ( (4y + 0.0)^2  ) ) + (2y + -7.0) ) + ( (2y + 9.0)^2  ) ) + 10.0 ) )
Fitness 1.80774884345
ind: 103
( ( ( (1x + 3.0) * ( ( (3x + 2.0) + (8x + 4.0) ) * ( ( 7.0^2  ) * (10y + 4.0) ) ) ) + 7.0 )^2  )
Fitness 1329.89027577
ind: 104
( (1x + -6.0) * ( ( ( ( ( 7.0 * 1.0 ) + (8x + 10.0) ) + ( 5.0^2  ) ) + ( 3.0 * ( ( 5.0 * (1y + 8.0) ) * ( (2x + 1.0) * (3y + 7.0) ) ) ) ) * 5.0 ) )
Fitness 24.5836467679
ind: 105
( ( (7y + 9.0) * (6y + 6.0) ) * (3x + -9.0) )
Fitness 3.35632620846
ind: 106
( ( ( ( ( ( (3x + 2.0) * (7x + -2.0) ) + (5x + 10.0) ) * ( (7y + 9.0)^2  ) ) + ( 7.0^2  ) ) * (10y + 6.0) ) * 6.0 )
Fitness 35.2621744327
ind: 107
( (7x + 2.0) + ( 4.0 * ( (5y + 6.0) * ( (10y + -10.0)^2  ) ) ) )
Fitness 6.31908822135
ind: 108
( ( ( 6.0^2  ) + 3.0 ) * ( (9x + 7.0) + ( ( (1y + 4.0) + ( 7.0 * (2y + 0.0) ) ) * ( 6.0 * ( (4y + -3.0) + ( 8.0 + 4.0 ) ) ) ) ) )
Fitness 18.3977319618
ind: 109
( (7x + 8.0) + ( ( ( (1y + -8.0)^2  ) * ( ( ( 7.0^2  ) * ( (10y + 10.0)^2  ) ) * ( 2.0 + ( 10.0 + (1y + 3.0) ) ) ) )^2  ) )
Fitness 992238.157879
ind: 110
( ( ( (6y + 5.0) + (5x + -9.0) ) * ( ( ( 8.0 * 1.0 ) * ( ( 6.0^2  ) + ( 2.0^2  ) ) ) + 8.0 ) ) + ( (5x + -8.0) + ( 8.0 * 3.0 ) ) )
Fitness 5.35966096358
ind: 111
( ( (6y + -8.0) * ( ( ( ( (9y + 5.0) * (7y + -8.0) ) + (5x + 1.0) )^2  ) + 10.0 ) ) * (3x + -2.0) )
Fitness 16.789978822
ind: 112
( (6x + 2.0) + (6y + -8.0) )
Fitness 0.369159843622
ind: 113
( ( (10y + 10.0) * ( ( ( 8.0 * (4x + -5.0) ) + ( ( 1.0 * (3y + -6.0) ) * 8.0 ) ) * ( 6.0^2  ) ) )^2  )
Fitness 4220.98627346
ind: 114
( ( ( ( 6.0^2  )^2  ) + 5.0 ) + ( (2x + -8.0) * (7y + 5.0) ) )
Fitness 5.02119764448
ind: 115
( ( (7y + -8.0)^2  ) + ( ( 9.0 + (3x + 4.0) ) + ( (1x + 1.0)^2  ) ) )
Fitness 1.31965911102
ind: 116
( ( (8x + 9.0) * ( (5x + 7.0) * ( (2x + 5.0) + (8y + 3.0) ) ) ) * 1.0 )
Fitness 3.68186013358
ind: 117
( 2.0 + ( ( 8.0 * ( (7y + -9.0) * ( ( (7y + -5.0) + (6x + 1.0) ) * ( (4y + 4.0) + (5x + -3.0) ) ) ) ) * ( ( ( (7x + -6.0)^2  ) + ( (5y + -1.0) + 5.0 ) )^2  ) ) )
Fitness 301.086153254
ind: 118
( (3x + -2.0) * ( (8y + -5.0) * 10.0 ) )
Fitness 1.58466134907
ind: 119
( (6x + -9.0) * ( ( 8.0 * ( (6x + -6.0) * ( (7y + -8.0)^2  ) ) ) * ( 3.0^2  ) ) )
Fitness 86.7707780917
ind: 120
( ( (10y + 4.0) * ( ( ( ( (4x + -9.0) + 5.0 ) * (1x + -7.0) ) * ( ( (3y + 3.0) * 2.0 ) + ( 3.0 * (4y + -9.0) ) ) ) * ( ( ( 4.0 * (7y + 6.0) ) * 1.0 ) + ( ( (5x + -6.0) + (6x + 2.0) )^2  ) ) ) ) * 10.0 )
Fitness 121.4247192
ind: 121
( ( ( ( (9y + 3.0) * (2x + -10.0) ) * ( ( (1x + 0.0) + (2x + 5.0) ) * (2y + -9.0) ) ) + ( ( ( 8.0 * (8x + -1.0) ) * ( 8.0 + ( 7.0 + (9y + 0.0) ) ) )^2  ) ) + ( ( ( (10y + -8.0)^2  ) * ( ( (1y + -5.0) * (4y + -9.0) ) + 8.0 ) ) + 9.0 ) )
Fitness 40.1110205543
ind: 122
( ( (7x + -3.0) + ( ( (10y + -2.0) + (5y + -3.0) )^2  ) )^2  )
Fitness 17.0498804746
ind: 123
( ( ( ( (9x + 5.0)^2  ) + (8x + -9.0) )^2  ) + ( (9y + 4.0)^2  ) )
Fitness 5.68522871819
ind: 124
( ( 2.0 * ( ( 4.0^2  ) + ( ( ( 4.0 + 4.0 ) * ( (6y + 3.0) * 8.0 ) ) + 7.0 ) ) ) + ( 5.0 * ( ( ( 5.0 + (1x + -9.0) ) * ( (3y + -5.0) * ( 7.0 + (7y + -6.0) ) ) ) * (4y + 3.0) ) ) )
Fitness 4.89339858743
ind: 125
( ( (6y + -2.0)^2  ) + ( (7x + 2.0) * ( ( ( ( 5.0 * (6y + 2.0) )^2  ) * (10y + -4.0) ) * 5.0 ) ) )
Fitness 16.3583812953
ind: 126
( ( ( ( ( ( 7.0^2  ) * ( (6x + -8.0) * (7y + -9.0) ) ) * 1.0 )^2  ) + (7x + 0.0) ) * ( 9.0 * 4.0 ) )
Fitness 3546.96309554
ind: 127
( ( ( (3y + -1.0) * ( 6.0^2  ) )^2  ) + ( ( ( (7x + -3.0) + (1x + -1.0) ) + ( ( ( 5.0 * 2.0 ) + 9.0 ) * 8.0 ) ) * ( (8y + -3.0) * (6x + -10.0) ) ) )
Fitness 13.6793564388
ind: 128
( 5.0 + ( ( ( (3y + 5.0) * (10x + -5.0) ) * ( (8y + 9.0) * ( 2.0^2  ) ) )^2  ) )
Fitness 125.504299338
ind: 129
( (7x + -2.0) * ( ( ( ( ( 2.0 + (7x + 2.0) ) + ( (10y + -5.0) + 10.0 ) )^2  ) + ( (8y + -7.0) * ( ( (6y + 0.0) + 1.0 ) + ( (6x + 3.0)^2  ) ) ) )^2  ) )
Fitness 23.7295851375
ind: 130
( ( ( ( ( ( (6x + -6.0)^2  ) + ( (2y + 6.0) * (4x + 9.0) ) ) * 6.0 )^2  )^2  ) + ( ( (9y + -9.0) + 8.0 )^2  ) )
Fitness 45921.1999927
ind: 131
( 9.0 + ( (8x + 0.0) + ( ( ( 8.0 + ( 1.0 * 8.0 ) ) + ( (9y + -8.0) + (5y + 1.0) ) )^2  ) ) )
Fitness 1.69499912771
ind: 132
( ( ( (7x + 2.0)^2  ) * 5.0 ) * (3y + -1.0) )
Fitness 0.695138001905
ind: 133
( ( ( ( (3x + 5.0) + ( ( (6y + 9.0) * 10.0 ) * ( (5y + -9.0) + 5.0 ) ) )^2  ) + ( ( (5x + 5.0) + ( (4y + -7.0) + ( (1y + 4.0) * (7x + -3.0) ) ) ) * ( ( (9x + -7.0) + ( 7.0 + (6x + -10.0) ) ) + (6x + -6.0) ) ) ) * 1.0 )
Fitness 44.4909446313
ind: 134
( ( ( (1x + -6.0) + (4y + 7.0) ) + 6.0 ) + 2.0 )
Fitness 0.402637178085
ind: 135
( (10x + 2.0) + ( (4x + -5.0) + (8y + -9.0) ) )
Fitness 0.500869849011
ind: 136
( 5.0 + ( (8y + 0.0) + (9x + -8.0) ) )
Fitness 0.343611521092
ind: 137
( ( 2.0 * ( (1x + 4.0)^2  ) ) * (1y + -5.0) )
Fitness 1.79433643743
ind: 138
( ( ( ( ( ( 9.0 * (7x + 2.0) ) + 6.0 )^2  )^2  )^2  ) * (9y + -7.0) )
Fitness 764318.149446
ind: 139
( ( ( (4x + -6.0) + (1y + -3.0) ) * ( 9.0 * ( (4x + -2.0) + ( 5.0 * 7.0 ) ) ) )^2  )
Fitness 376.204404895
ind: 140
( ( (9y + 6.0) + ( (4x + 2.0) * 9.0 ) ) * ( ( (8y + 0.0) * ( 3.0^2  ) ) + ( 5.0^2  ) ) )
Fitness 4.90315957336
ind: 141
( ( 8.0 + 5.0 ) * ( ( ( (6y + 7.0) + 9.0 ) * ( (3x + -7.0) + ( ( 3.0 * 4.0 )^2  ) ) )^2  ) )
Fitness 1148.57926448
ind: 142
( ( (4x + 10.0) * ( ( ( 6.0 * (4x + -10.0) ) * ( (2x + 5.0) * ( (2x + 9.0) + (7y + -6.0) ) ) ) * 3.0 ) ) + ( 8.0 * 5.0 ) )
Fitness 27.6006054587
ind: 143
( ( ( 9.0^2  ) + ( 3.0 + ( ( (2x + 3.0) + ( 1.0^2  ) ) * ( 1.0 * ( (4x + 10.0) + 9.0 ) ) ) ) ) * ( ( ( ( ( 8.0 + 7.0 ) + 4.0 ) * 9.0 ) + ( ( (6y + 6.0) * ( (10y + 10.0) * 5.0 ) )^2  ) )^2  ) )
Fitness 943161.645873
ind: 144
( ( ( ( ( ( 10.0 * 4.0 ) + ( (6y + 6.0)^2  ) )^2  ) + ( ( (9y + -7.0) + ( (4y + 9.0) + (6x + -10.0) ) ) * (2x + -7.0) ) )^2  ) + (7x + -7.0) )
Fitness 1840.73997507
ind: 145
( (10y + -9.0) + ( ( ( ( ( (3x + -8.0)^2  ) + (4x + 10.0) ) * 2.0 ) + ( 1.0^2  ) ) + ( ( ( ( (1x + -2.0) + (3y + -7.0) ) * (1y + 5.0) )^2  )^2  ) ) )
Fitness 280.663399036
ind: 146
( ( ( ( (6y + 2.0)^2  ) * 5.0 ) + ( (9x + -2.0) + (1y + 5.0) ) ) * ( ( ( ( ( (8x + -3.0) * (8y + 3.0) ) * ( 8.0 + 9.0 ) )^2  )^2  )^2  ) )
Fitness 1.07980502155e+11
ind: 147
( (7y + 5.0) + ( ( ( 6.0 + 6.0 ) * ( (9y + -7.0) + ( ( (7x + -6.0) + 1.0 )^2  ) ) ) + (8x + -2.0) ) )
Fitness 2.2614267894
ind: 148
( ( ( 3.0 * ( ( (9x + 8.0) + ( (6y + 2.0) + 6.0 ) )^2  ) ) * ( ( 2.0^2  )^2  ) ) * ( ( ( (10x + 2.0) + ( ( (4x + -3.0) + (4y + 6.0) ) + 2.0 ) ) + ( ( 7.0^2  ) * ( (3y + -6.0) * ( (8x + -2.0) * (5x + -6.0) ) ) ) )^2  ) )
Fitness 81153.3082262
ind: 149
( ( 10.0 * (3x + -5.0) ) + ( (5y + -9.0)^2  ) )
Fitness 0.870418591126
ind: 150
( ( ( (3y + -7.0) * ( ( ( 5.0^2  ) + ( 8.0 + (5x + -2.0) ) ) * ( ( (5x + 9.0) + (7x + -5.0) ) * (6x + -10.0) ) ) ) * 7.0 ) + ( ( (10y + -1.0) + ( (4y + 7.0)^2  ) )^2  ) )
Fitness 34.2387027412
ind: 151
( ( 2.0 * (7y + 0.0) ) * ( 2.0 + (1x + 6.0) ) )
Fitness 1.01456446027
ind: 152
( (1y + 4.0) * ( (3x + 10.0) * ( ( 5.0 + ( ( 2.0^2  ) + ( 9.0 + 6.0 ) ) ) * ( (10y + 9.0) + ( 10.0 * ( (5y + 3.0)^2  ) ) ) ) ) )
Fitness 62.4569745329
ind: 153
( ( 4.0 * 8.0 ) + ( (4y + -2.0) * (7x + 9.0) ) )
Fitness 0.608603718737
ind: 154
( ( 7.0^2  ) * ( ( (5y + 5.0) * ( ( ( (6x + 5.0) + (10x + -2.0) ) + 8.0 )^2  ) ) + 2.0 ) )
Fitness 31.0346245681
ind: 155
( (1y + -4.0) + ( ( ( ( 1.0^2  ) * 5.0 ) + (6y + -8.0) ) * (10x + -3.0) ) )
Fitness 0.544918118204
ind: 156
( ( (7x + -6.0) + ( ( ( 10.0 * ( 3.0 + (6x + 3.0) ) ) * ( ( (5y + -1.0) + (1y + -7.0) ) * ( (10y + -1.0) + 6.0 ) ) ) * 1.0 ) ) * ( (2y + 3.0) + ( (3y + -4.0) * ( 9.0^2  ) ) ) )
Fitness 108.719123234
ind: 157
( ( ( ( ( 4.0 + (5x + -10.0) ) * (4y + -9.0) ) + 1.0 ) * ( (5y + 0.0)^2  ) ) + (3x + -1.0) )
Fitness 2.58176910111
ind: 158
( ( (6x + -9.0) + (7y + -5.0) ) * ( ( 8.0^2  )^2  ) )
Fitness 33.5354297817
ind: 159
( ( ( ( 3.0 + ( ( (3y + -2.0) * 9.0 ) * (10x + 0.0) ) ) * 4.0 ) + ( (4y + 1.0) * ( (10y + 1.0)^2  ) ) )^2  )
Fitness 47.3994637269
ind: 160
( ( (6y + -5.0) + ( ( ( ( (6y + -1.0) * 9.0 ) * (2x + -6.0) ) * (1y + -2.0) ) + ( ( ( 5.0 + (4x + 7.0) ) + (5y + 5.0) ) + (7x + 2.0) ) ) )^2  )
Fitness 58.7636292415
ind: 161
( ( (6x + -2.0) * ( ( ( 9.0 + ( 9.0 * (10x + 1.0) ) ) * 8.0 ) + ( ( 6.0 + (3y + 6.0) ) + 8.0 ) ) ) * (8x + 7.0) )
Fitness 6.21980743313
ind: 162
( ( ( ( ( (2y + 2.0)^2  ) * ( ( 6.0 + 5.0 ) * (10y + -10.0) ) )^2  )^2  ) * ( (10x + -6.0)^2  ) )
Fitness 165180.301554
ind: 163
( ( ( 8.0 * ( ( (8x + 4.0) * ( 4.0^2  ) )^2  ) )^2  ) + ( ( (2x + -1.0) + (3y + -6.0) ) * ( ( ( ( (9y + -9.0)^2  ) + (6y + 4.0) )^2  )^2  ) ) )
Fitness 15297.5384023
ind: 164
( ( (5x + -7.0) * 2.0 ) * ( ( (10y + -2.0) * (4x + 2.0) ) * 8.0 ) )
Fitness 3.90664421148
ind: 165
( ( 1.0 * ( (4x + 9.0) * (9x + 2.0) ) ) * (2y + 6.0) )
Fitness 1.91475084592
ind: 166
( ( (8y + 6.0) * 9.0 ) * ( (9x + -5.0) * ( (7x + 5.0) + (2x + 2.0) ) ) )
Fitness 5.28910046796
ind: 167
( (3x + -4.0) + (8y + 4.0) )
Fitness 0.296993030678
ind: 168
( ( (9y + -1.0) + ( ( ( 3.0 + (10x + 7.0) ) + ( 1.0 + ( 3.0 * 1.0 ) ) ) + 7.0 ) ) * 8.0 )
Fitness 1.80094323874
ind: 169
( ( ( (4x + 2.0) + ( ( (7x + -9.0) + 9.0 ) + ( ( 3.0 + 3.0 ) + ( 7.0 * 7.0 ) ) ) ) + ( 6.0 * ( 1.0 * (10y + 0.0) ) ) ) + ( 2.0 * ( ( ( 8.0 * 3.0 ) + ( ( (3y + -1.0) + (7y + -1.0) ) + (1y + -3.0) ) ) + ( ( ( (10y + -9.0) + 10.0 ) * 2.0 ) + ( ( (6y + -8.0) * 6.0 )^2  ) ) ) ) )
Fitness 10.2084220042
ind: 170
( ( ( 3.0 * ( ( ( 7.0 + 10.0 ) + ( 1.0 * (9x + -1.0) ) ) + 9.0 ) ) * ( 9.0^2  ) ) + ( ( ( ( ( 5.0 * (10x + 9.0) )^2  ) * ( (9y + 2.0)^2  ) ) * 9.0 ) * (9y + 5.0) ) )
Fitness 370.266282139
ind: 171
( ( ( 8.0 + 6.0 ) * ( (8y + -1.0) * ( 2.0 + ( ( (5x + 8.0) + (5x + 8.0) ) + ( (5y + 4.0) + (4y + 9.0) ) ) ) ) ) + (8y + 0.0) )
Fitness 5.50573443836
ind: 172
( (1x + 10.0) * (5y + -6.0) )
Fitness 1.09425744767
ind: 173
( ( 7.0 * (2x + 3.0) ) + ( 4.0 * (9y + -3.0) ) )
Fitness 0.63994208427
ind: 174
( (6y + -7.0) * ( ( ( ( 6.0 + ( (10y + -1.0) * 1.0 ) )^2  ) + ( ( ( 4.0^2  )^2  ) + ( (8x + 8.0) + 8.0 ) ) )^2  ) )
Fitness 114.037126989
ind: 175
( ( (4y + -5.0)^2  ) + ( (10x + 4.0) + (7y + 10.0) ) )
Fitness 0.91112869731
ind: 176
( ( ( 2.0 * (3y + 1.0) )^2  ) + ( ( (6x + -1.0)^2  ) * 6.0 ) )
Fitness 0.851419001593
ind: 177
( (10y + -1.0) * ( ( ( ( ( 2.0^2  ) * 6.0 ) * ( ( (10x + 3.0) + (7y + -7.0) ) * ( (6x + 4.0) + 7.0 ) ) ) * ( 6.0 + ( ( 8.0^2  ) + ( (3x + -1.0)^2  ) ) ) )^2  ) )
Fitness 41651.8839138
ind: 178
( ( ( ( (6y + 10.0) + ( ( (6x + -6.0)^2  )^2  ) ) + (2y + 8.0) )^2  ) * (4x + 3.0) )
Fitness 470.567462993
ind: 179
( ( ( (9y + -1.0) * 7.0 ) * (3x + 10.0) ) * ( (2y + -8.0) + ( 1.0^2  ) ) )
Fitness 6.32004247163
ind: 180
( ( 8.0 + ( (1y + -9.0) + ( (3x + -9.0) + ( 8.0^2  ) ) ) ) * ( ( (1y + -2.0) * ( ( 5.0 * (5x + -9.0) ) + ( ( (1y + 1.0)^2  )^2  ) ) )^2  ) )
Fitness 98.2561175733
ind: 181
( 2.0 * ( ( ( 4.0 * (9y + 3.0) )^2  ) * (5x + 8.0) ) )
Fitness 13.3329352541
ind: 182
( ( ( ( ( 2.0 + ( (6x + 4.0) + (9y + 5.0) ) )^2  )^2  ) + ( ( (1x + -6.0)^2  )^2  ) ) * 4.0 )
Fitness 61.4862185013
ind: 183
( 6.0 + ( ( ( (2y + -9.0) * (9x + 8.0) )^2  ) + ( 3.0 + ( ( (8y + 10.0) * 10.0 ) * (10x + -6.0) ) ) ) )
Fitness 9.92634390547
ind: 184
( ( 7.0^2  ) * ( ( (9y + 3.0) * (7x + -9.0) )^2  ) )
Fitness 41.2504584405
ind: 185
( ( (3x + 2.0) + 3.0 ) * ( 6.0 * ( ( ( ( (7x + -7.0) + 8.0 )^2  ) * (6y + -8.0) )^2  ) ) )
Fitness 37.6956230173
ind: 186
( ( ( 2.0 * (4y + -1.0) ) + ( ( (3y + -1.0) + 8.0 ) * ( ( 8.0 * ( 4.0^2  ) ) * ( ( (4x + -10.0) + (5y + 1.0) ) + ( (9x + -1.0) * 1.0 ) ) ) ) ) * 6.0 )
Fitness 30.3072055866
ind: 187
( ( ( ( ( (9x + -4.0) + 1.0 ) * ( 2.0^2  ) )^2  )^2  ) + ( ( (5y + -7.0) * (8x + -10.0) ) + 5.0 ) )
Fitness 50.3565790692
ind: 188
( (3y + -8.0) * ( (4x + -6.0)^2  ) )
Fitness 2.47615802306
ind: 189
( (6x + 3.0) + ( ( ( (5y + 9.0)^2  )^2  )^2  ) )
Fitness 2080.49985604
ind: 190
( ( (8x + 5.0)^2  ) * ( (5y + 9.0) + ( (10x + -7.0) * 6.0 ) ) )
Fitness 3.29985036832
ind: 191
( 3.0 * ( ( (3y + 0.0) + ( ( (10x + -1.0) + ( (10y + 9.0)^2  ) ) + 1.0 ) ) + ( 4.0 * (5x + 0.0) ) ) )
Fitness 2.57804284272
ind: 192
( 3.0 * ( ( ( (4y + 6.0)^2  ) * ( 1.0 + ( ( (9x + -3.0)^2  )^2  ) ) ) + ( ( ( 7.0^2  ) * ( 10.0 + (9x + 1.0) ) ) + (2y + -4.0) ) ) )
Fitness 23.9252379665
ind: 193
( ( ( (2x + 6.0) * ( ( (1y + -9.0) * (2y + -2.0) ) + (8x + 7.0) ) ) * ( (1x + 5.0) * 10.0 ) ) + 10.0 )
Fitness 12.2084337841
ind: 194
( ( (4x + 2.0) + (2x + 5.0) ) * ( (8y + 2.0) * ( (8x + -6.0) * ( ( ( (9x + -4.0) * (9y + -3.0) ) * (7y + -6.0) ) * 10.0 ) ) ) )
Fitness 62.1334409757
ind: 195
( ( ( (6y + 6.0) + (2x + -2.0) ) * 3.0 ) * 6.0 )
Fitness 1.2432599256
ind: 196
( (10x + 2.0) + ( ( ( ( (2y + 0.0) * ( (2y + 5.0)^2  ) ) * (10x + -3.0) )^2  ) * ( (2x + 0.0)^2  ) ) )
Fitness 6.88988985286
ind: 197
( ( ( 6.0 * ( ( ( (7x + 4.0)^2  )^2  )^2  ) ) + ( ( ( ( 7.0 + (3y + 3.0) )^2  ) + 8.0 )^2  ) ) * (5y + 3.0) )
Fitness 999.557216339
ind: 198
( (9y + -2.0) + ( ( ( (7y + -1.0) + (2x + 2.0) )^2  ) + ( ( ( (10y + 10.0) + ( (3y + -4.0)^2  ) ) + ( ( (9y + 4.0) * 6.0 ) + 2.0 ) ) + ( (8x + 0.0) + 8.0 ) ) ) )
Fitness 1.24662429574
ind: 199
( 10.0 + ( ( ( ( ( (2y + 2.0) + (7x + -8.0) ) * (5y + -1.0) )^2  )^2  )^2  ) )
Fitness 248008.132033
ind: 200
( ( ( (2y + 1.0)^2  ) * (8x + -9.0) ) + 9.0 )
Fitness 0.518909465211
ind: 201
( (8y + -3.0) * ( ( ( ( (5y + 1.0) * ( (2x + -4.0) * 5.0 ) ) * ( (6x + -3.0) * ( (1y + 9.0) + (5y + 3.0) ) ) )^2  ) * (8y + 0.0) ) )
Fitness 1990.95978835
ind: 202
( ( (7y + -9.0) * ( 8.0 + ( ( (6x + 6.0) * ( 2.0 + 4.0 ) ) * ( ( 6.0 + 5.0 )^2  ) ) ) ) + ( (4x + 7.0) + 9.0 ) )
Fitness 26.8538789226
ind: 203
( (7y + 10.0) + (7x + -1.0) )
Fitness 0.407545184954
ind: 204
( ( ( 1.0 + (6x + -2.0) ) * (5y + 8.0) )^2  )
Fitness 1.90217213121
ind: 205
( (3x + 2.0) * ( ( ( ( ( (6x + 4.0) + (7y + -9.0) ) + 1.0 )^2  ) + 9.0 )^2  ) )
Fitness 9.85988067857
ind: 206
( 3.0 + ( ( ( ( 4.0 * (8y + 3.0) ) * (1x + -6.0) ) * 1.0 ) + ( ( ( 2.0^2  )^2  ) + ( ( 9.0 + ( (10x + 7.0)^2  ) ) * ( ( 10.0^2  ) + ( (9x + -1.0) * (5y + -8.0) ) ) ) ) ) )
Fitness 11.6428137746
ind: 207
( ( ( ( 8.0 + (1x + -2.0) )^2  ) * ( ( (6y + -10.0)^2  ) + ( ( ( 10.0^2  ) + ( (7x + -5.0) * 9.0 ) )^2  ) ) )^2  )
Fitness 23489.5201669
ind: 208
( ( (7x + -1.0) * ( 5.0 + 3.0 ) ) * ( ( (8y + -8.0)^2  )^2  ) )
Fitness 63.5950243465
ind: 209
( ( ( ( ( 8.0^2  )^2  ) * 1.0 ) + ( ( (5y + 7.0) + 4.0 ) * ( ( (9x + 7.0)^2  ) * (4x + 0.0) ) ) ) + ( ( ( 9.0 * (9y + -6.0) ) + ( 4.0^2  ) ) + ( ( 6.0^2  ) + 1.0 ) ) )
Fitness 9.80207931983
ind: 210
( 9.0 + ( (8x + 8.0) * ( (2x + 4.0) * ( ( ( (9y + -6.0) + 1.0 ) + (5x + 2.0) ) * 2.0 ) ) ) )
Fitness 2.42956480353
ind: 211
( ( ( 10.0 + ( (7y + -2.0)^2  ) )^2  ) + ( (7x + -5.0) * ( 5.0 + (2x + -1.0) ) ) )
Fitness 4.4969879853
ind: 212
( ( (9x + -3.0) + ( ( ( (3y + 2.0) + ( 3.0 * (3y + -9.0) ) ) * 8.0 ) + 7.0 ) )^2  )
Fitness 28.30355062
ind: 213
( ( 3.0 * ( ( (8y + 5.0) * ( 7.0 + ( (2x + 5.0) + 2.0 ) ) ) * (5y + -6.0) ) ) * ( 5.0 * ( (3x + -2.0) + 4.0 ) ) )
Fitness 15.5626595667
ind: 214
( ( ( ( ( (7y + 2.0)^2  ) + ( 4.0^2  ) ) * (2x + 0.0) ) + 10.0 ) + 9.0 )
Fitness 0.719392206503
ind: 215
( (7x + 8.0) + ( ( ( ( ( 9.0^2  ) * 5.0 )^2  ) * ( ( (2y + -2.0) * ( (5x + 1.0) + (10x + -4.0) ) ) * ( ( 7.0 + (6y + -8.0) )^2  ) ) ) * 5.0 ) )
Fitness 1554.75070353
ind: 216
( ( ( ( ( ( (3x + 0.0) * (10y + -3.0) ) * (6y + 3.0) )^2  ) * ( ( ( 5.0 * (8y + -8.0) )^2  )^2  ) )^2  )^2  )
Fitness 1.42349438171e+16
ind: 217
( ( ( ( ( ( 6.0 * (7y + 7.0) ) + 7.0 )^2  )^2  ) + ( (6x + 2.0) + ( ( ( (3x + -1.0)^2  ) * ( 4.0 * (4x + -2.0) ) )^2  ) ) ) * (6y + -9.0) )
Fitness 1192.10872819
ind: 218
( 5.0 + ( ( ( 10.0 + (1x + 4.0) ) * (2y + 4.0) ) + ( (3x + -1.0) + (9y + -1.0) ) ) )
Fitness 1.0877826521
ind: 219
( ( 2.0 * ( ( (3y + 5.0) + ( ( (3y + 7.0) + 4.0 ) + ( (3y + -9.0)^2  ) ) ) + ( 9.0 + (3x + 3.0) ) ) ) * ( (8x + 3.0) + (3y + 3.0) ) )
Fitness 4.93964036465
ind: 220
( ( 7.0 * ( 2.0 * ( ( ( 10.0 * (1y + -6.0) ) + ( (3x + -7.0) * 5.0 ) )^2  ) ) ) * (4y + -3.0) )
Fitness 91.8541531791
ind: 221
( (7x + -3.0) * ( ( (8y + 10.0) * ( ( ( 4.0 + (10x + 1.0) ) + 3.0 ) * ( (7x + -5.0)^2  ) ) )^2  ) )
Fitness 420.004099249
ind: 222
( ( ( (3x + 2.0)^2  ) + (5y + 9.0) ) * 5.0 )
Fitness 1.18113782318
ind: 223
( ( ( ( ( (5x + 10.0)^2  ) * (1x + 4.0) ) * 9.0 ) * ( ( ( ( (6x + -7.0) * (6x + -8.0) ) + (5y + 10.0) ) + ( ( (5x + 6.0) * 10.0 ) + (4x + 3.0) ) ) + ( ( ( (9y + 1.0)^2  ) + 7.0 ) * (2y + 5.0) ) ) ) + 8.0 )
Fitness 153.344947355
ind: 224
( ( ( 4.0 + ( (5y + 8.0)^2  ) ) + (1x + -9.0) ) * (10y + 4.0) )
Fitness 3.16076531661
ind: 225
( ( 10.0 * ( ( 1.0^2  ) + ( (10y + 2.0)^2  ) ) ) + ( ( ( (6x + 10.0) * ( ( 2.0 + (2y + -4.0) ) * ( (8x + 2.0) + 9.0 ) ) )^2  ) * 2.0 ) )
Fitness 41.7113417329
ind: 226
( 9.0 + ( ( ( (3y + 5.0) + 6.0 ) + (7y + -2.0) ) * ( (4x + -4.0) * (4y + -9.0) ) ) )
Fitness 2.33032918972
ind: 227
( ( ( (8x + 4.0) * (3x + -4.0) ) * ( ( 3.0^2  ) * ( 3.0 + ( 4.0 * 5.0 ) ) ) ) + (3y + -1.0) )
Fitness 7.69050554886
ind: 228
( 7.0 + ( ( 3.0 * ( ( ( (8y + 5.0) + (10y + 0.0) )^2  ) * (4y + 2.0) ) ) + ( ( 2.0 * ( ( 8.0 + 4.0 )^2  ) ) + ( ( (5y + -7.0) + ( 6.0 + (10x + -9.0) ) ) * (6y + -2.0) ) ) ) )
Fitness 5.84410032745
ind: 229
( (7y + -10.0) + (5x + -7.0) )
Fitness 0.595793403742
ind: 230
( 9.0 + ( (6x + 4.0) + ( ( ( ( (1y + -8.0)^2  ) * ( 8.0 * (10x + 6.0) ) ) * 2.0 ) + ( ( ( (1y + -9.0) + 4.0 ) + (8y + -5.0) ) + ( 5.0 * ( (5y + 7.0) + (1y + -8.0) ) ) ) ) ) )
Fitness 10.9981273879
ind: 231
( ( (2y + 6.0) * ( 7.0 * (7y + -8.0) ) ) + (5x + 3.0) )
Fitness 2.4910225881
ind: 232
( 4.0 + ( ( 6.0 + (9x + 5.0) ) + (1y + -2.0) ) )
Fitness 0.494063937455
ind: 233
( (4y + 6.0) * ( ( 7.0^2  ) * ( ( ( ( 7.0^2  ) + ( (5x + -4.0) + (2y + 10.0) ) ) * (3y + 9.0) )^2  ) ) )
Fitness 1332.53610556
ind: 234
( ( ( ( 10.0 * 6.0 ) * ( ( 9.0 + 8.0 )^2  ) ) + ( ( ( ( (3x + -10.0)^2  ) * (7y + -2.0) ) * (7x + 10.0) ) + ( (3y + -1.0)^2  ) ) ) * ( ( (6x + 10.0)^2  ) * 4.0 ) )
Fitness 373.26013489
ind: 235
( ( ( (9y + 8.0)^2  ) + ( (3x + 1.0)^2  ) ) + 2.0 )
Fitness 1.34380749294
ind: 236
( (2x + -1.0) + ( ( ( 10.0 * ( ( 8.0^2  )^2  ) ) * 6.0 ) + ( ( ( ( 2.0^2  ) * (7y + -9.0) ) * 7.0 ) * ( ( (9y + -7.0) * (3x + -6.0) ) * (8x + -1.0) ) ) ) )
Fitness 75.0657286101
ind: 237
( ( ( (6y + 9.0) * 4.0 ) + ( (5x + -3.0) * ( ( ( 7.0^2  ) * ( 3.0 + (5x + 6.0) ) )^2  ) ) ) * ( 4.0 * ( ( ( ( 8.0 * (5x + 8.0) ) * ( 10.0 + 10.0 ) ) + (10x + 6.0) )^2  ) ) )
Fitness 251308.803112
ind: 238
( (8x + -7.0) * (6y + -2.0) )
Fitness 0.671234108607
ind: 239
( ( 10.0^2  ) + ( ( ( 9.0 * (1x + 9.0) ) * ( ( 6.0 + ( 7.0^2  ) ) * (3x + -1.0) ) ) + ( ( 7.0 + ( (3y + 0.0) * ( 3.0 * 9.0 ) ) )^2  ) ) )
Fitness 9.3822667778
ind: 240
( ( (5y + 3.0) * (9x + 7.0) ) * ( ( (3y + -8.0)^2  )^2  ) )
Fitness 37.6752894144
ind: 241
( (1x + 8.0) + (2y + 9.0) )
Fitness 0.56680009579
ind: 242
( ( (2y + -2.0)^2  ) + ( ( ( ( (4x + 2.0) * ( (6x + -3.0)^2  ) ) * ( (4y + -4.0) + ( 6.0 + 2.0 ) ) ) * ( ( (1x + 5.0) + (10y + 5.0) ) * ( ( 10.0 * 2.0 )^2  ) ) ) + ( (1y + 5.0)^2  ) ) )
Fitness 59.7959831193
ind: 243
( ( ( ( ( (9y + -8.0) * ( 9.0 + (4x + -4.0) ) ) + ( ( 6.0^2  )^2  ) )^2  ) * 8.0 ) + (1y + 3.0) )
Fitness 504.226902793
ind: 244
( ( ( ( ( (9y + 4.0) * ( 4.0 * 6.0 ) ) + ( (4y + -9.0)^2  ) ) * ( 2.0 * 4.0 ) ) + ( ( ( 6.0^2  ) * ( ( (3x + -7.0)^2  ) * 2.0 ) )^2  ) )^2  )
Fitness 2079739.43075
ind: 245
( ( ( 10.0^2  ) * ( (10x + 8.0) + (2y + -8.0) ) ) + (7y + -3.0) )
Fitness 2.66524478416
ind: 246
( ( ( ( ( ( 7.0^2  ) + ( (1x + 2.0)^2  ) ) * ( 10.0 + ( (1y + 10.0) * (10x + 3.0) ) ) ) + 2.0 ) + ( (3y + 0.0) + ( (8y + 7.0)^2  ) ) ) + (6y + -3.0) )
Fitness 6.98162284162
ind: 247
( ( ( (4y + 6.0) + ( ( ( (3x + 7.0) * (5y + 3.0) ) + 7.0 ) + ( ( (9y + -3.0) + 1.0 )^2  ) ) ) + (2x + 0.0) )^2  )
Fitness 9.29047829385
ind: 248
( ( ( (10x + -8.0) + ( 6.0 + ( ( (1y + -10.0) * (9y + -1.0) ) + ( 3.0 * (8y + 1.0) ) ) ) ) + ( (5x + 10.0) + ( ( ( (9y + -2.0) * (1x + 7.0) )^2  )^2  ) ) )^2  )
Fitness 1370862.00888
ind: 249
( ( (9x + -10.0) * (4y + 8.0) ) * ( ( ( ( ( (2y + 7.0)^2  ) + 3.0 ) * ( ( (2x + -6.0)^2  ) + ( (2y + 10.0) * 3.0 ) ) ) * ( ( ( 9.0 + 2.0 )^2  )^2  ) ) * 8.0 ) )
Fitness 25153.2634604
ind: 250
( 7.0 + ( ( ( ( (9y + 4.0) * (2x + 7.0) )^2  ) * ( 8.0 + ( 1.0 * ( 2.0^2  ) ) ) ) * ( ( 6.0 + (3y + 4.0) ) * 3.0 ) ) )
Fitness 133.192399743
ind: 251
( ( ( ( ( (2x + 4.0) + ( 8.0^2  ) )^2  ) * ( (1y + -4.0)^2  ) ) + (4x + -3.0) )^2  )
Fitness 10775.9889475
ind: 252
( ( 7.0 * (3y + 9.0) ) * (3x + 4.0) )
Fitness 2.29743304468
ind: 253
( (9y + -10.0) * ( ( 1.0^2  ) * ( ( 7.0 + ( 4.0^2  ) ) + ( ( ( (2y + 3.0) * (3x + -3.0) )^2  ) + ( (2x + 1.0)^2  ) ) ) ) )
Fitness 4.23708049966
ind: 254
( ( ( ( ( (3x + -6.0)^2  )^2  ) * 9.0 ) + ( 1.0 * ( (5x + -2.0) + 1.0 ) ) ) + ( ( (10y + 2.0)^2  ) + ( ( ( 9.0 * ( (2x + -1.0) * (1x + -9.0) ) ) * ( (5x + -4.0) + ( 4.0^2  ) ) )^2  ) ) )
Fitness 143.967921648
ind: 255
( ( (9x + 10.0) + ( ( 6.0 * ( ( (1y + -9.0) + 10.0 )^2  ) ) * (4x + -4.0) ) ) * 3.0 )
Fitness 0.976247118678
ind: 256
( (4y + -7.0) + ( (8x + 2.0)^2  ) )
Fitness 0.462228108564
ind: 257
( ( ( ( ( ( 6.0^2  ) + (10y + -3.0) ) + ( 9.0 + ( 3.0 + (1y + -4.0) ) ) )^2  ) + ( ( ( 1.0 + 2.0 ) + 3.0 )^2  ) ) + (4x + -7.0) )
Fitness 5.93070365891
ind: 258
( ( (1y + -10.0)^2  ) * ( ( (3x + -9.0)^2  ) + 4.0 ) )
Fitness 13.0974427181
ind: 259
( ( (5x + -9.0) + ( ( ( ( (9x + 10.0) + (2y + 9.0) ) * (5y + 2.0) )^2  )^2  ) ) * ( (10y + 1.0) + (6x + -6.0) ) )
Fitness 2813.41517624
ind: 260
( ( ( 6.0 + (1y + -3.0) ) * ( (2x + 6.0) * ( ( ( 6.0^2  ) * (1y + -3.0) )^2  ) ) ) + ( (8x + 5.0) * 2.0 ) )
Fitness 63.4992847081
ind: 261
( (2y + 8.0) * ( 3.0 * (4x + 6.0) ) )
Fitness 1.72332877496
ind: 262
( ( ( ( (4x + 5.0) * 5.0 ) + (2y + 4.0) )^2  ) * (4x + -7.0) )
Fitness 10.813657046
ind: 263
( 5.0 + ( ( (7y + 3.0) * (2x + -3.0) ) + 8.0 ) )
Fitness 0.395358321502
ind: 264
( ( (4x + -3.0) * ( 9.0 * ( (9y + -10.0) * (1x + -2.0) ) ) ) + (7y + -3.0) )
Fitness 3.61150390987
ind: 265
( ( (3y + 1.0) + ( (7x + -2.0)^2  ) ) * ( (8y + 3.0)^2  ) )
Fitness 1.5231033365
ind: 266
( ( ( (7x + 7.0) + (9y + 0.0) ) + (8x + -3.0) )^2  )
Fitness 1.34498370707
ind: 267
( ( (7x + 2.0) + (8y + -2.0) ) + (6y + -8.0) )
Fitness 0.434971634236
ind: 268
( ( ( ( ( 9.0 * ( 4.0 * (6y + 5.0) ) ) + ( ( (6y + -7.0) + 3.0 ) * ( 7.0 * (5x + -3.0) ) ) ) * ( 6.0 + 5.0 ) ) * 5.0 ) + (4y + 10.0) )
Fitness 17.7813201525
ind: 269
( ( 10.0 + ( ( ( ( (7x + -6.0) + (2y + 3.0) ) * ( 9.0 + 5.0 ) ) + ( ( (9y + 10.0) * 5.0 ) * 5.0 ) ) + (1x + -10.0) ) ) * ( ( (4y + -6.0) * ( (7x + 5.0) * (1y + 2.0) ) ) * (5x + -8.0) ) )
Fitness 43.4210183265
ind: 270
( (7x + 7.0) * ( (4y + 8.0) + ( ( 1.0 * (4x + 8.0) ) + 1.0 ) ) )
Fitness 1.59568306719
ind: 271
( ( (6x + 8.0) + ( ( ( ( 5.0 + (9y + -10.0) )^2  ) + 5.0 ) * ( (10x + -6.0) * ( ( 1.0^2  ) * ( 5.0 * 3.0 ) ) ) ) ) + 9.0 )
Fitness 10.7105662803
ind: 272
( ( (1y + -6.0) + (2x + 0.0) )^2  )
Fitness 0.840485938649
ind: 273
( (10y + -6.0) + (1x + -10.0) )
Fitness 0.579068439012
ind: 274
( ( ( (10y + -10.0)^2  ) + (10x + 0.0) ) + (10x + -5.0) )
Fitness 1.5178279657
ind: 275
( (2y + 1.0) * (3x + 5.0) )
Fitness 0.340070903497
ind: 276
( ( (9x + -2.0)^2  ) * ( ( ( ( 6.0^2  ) + 9.0 )^2  ) * (10y + -3.0) ) )
Fitness 54.4661052941
ind: 277
( ( ( (8y + -7.0) * 3.0 )^2  ) + ( (8x + 8.0) + ( ( 2.0^2  )^2  ) ) )
Fitness 3.42620394652
ind: 278
( ( ( (3x + 1.0)^2  ) * (1x + -10.0) ) + (7y + 9.0) )
Fitness 0.524813766357
ind: 279
( ( (3y + -6.0) + (7x + 5.0) ) * ( (9x + -10.0) * 5.0 ) )
Fitness 1.81691880443
ind: 280
( ( ( ( ( (9y + 0.0)^2  ) * ( (6x + 6.0)^2  ) ) + (9x + 0.0) ) * ( ( (7x + -3.0) * ( ( 3.0 + (6x + 8.0) ) * ( 2.0 * (3y + -3.0) ) ) ) + ( ( 5.0 + (4y + 0.0) )^2  ) ) ) * ( ( ( ( (6y + 5.0) * (7x + -5.0) )^2  ) * ( ( 5.0 + ( (5y + 8.0) * (9y + 9.0) ) ) + ( ( (5x + -10.0) * 10.0 ) * ( (3x + -9.0) * (5y + -9.0) ) ) ) )^2  ) )
Fitness 166594581.395
ind: 281
( ( (1x + -3.0) + ( (9x + 3.0) + ( (8x + 5.0) + (5y + -7.0) ) ) ) * ( (7x + 7.0) * 1.0 ) )
Fitness 0.962074801836
ind: 282
( 5.0 + ( (9y + -8.0) + (2x + 6.0) ) )
Fitness 0.307521491615
ind: 283
( ( ( ( (7x + 0.0) * 6.0 ) * ( (2y + -1.0) * (1y + -3.0) ) )^2  )^2  )
Fitness 933.963746349
ind: 284
( ( (6y + 9.0) + 4.0 ) + (10x + 7.0) )
Fitness 0.621806276716
ind: 285
( ( ( ( 5.0 + (6x + 0.0) ) * ( ( 9.0 * (4y + 7.0) ) * 7.0 ) ) * ( 5.0 * (5x + 7.0) ) )^2  )
Fitness 16673.7723137
ind: 286
( (5x + 3.0) * ( ( ( (5y + -10.0) * ( ( (4y + -10.0) * 4.0 ) + 10.0 ) ) + ( ( (6y + 8.0)^2  )^2  ) ) * (6x + 1.0) ) )
Fitness 42.1717230778
ind: 287
( ( ( ( ( 2.0^2  ) * ( ( (1x + 3.0) * 10.0 ) * 9.0 ) ) + 5.0 ) * 3.0 ) * ( (7x + -3.0) * ( (6y + 7.0) * (2y + 3.0) ) ) )
Fitness 55.478787197
ind: 288
( ( (5x + -6.0)^2  ) + (1y + -7.0) )
Fitness 0.761807832917
ind: 289
( (1x + 4.0) + ( ( (10x + -10.0) + ( 5.0 * ( ( (8x + -9.0)^2  ) + ( (3y + 3.0) + (5y + -3.0) ) ) ) )^2  ) )
Fitness 64.1076046659
ind: 290
( ( (4y + -2.0) + ( (9x + 0.0) + ( ( 1.0 * ( 5.0^2  ) )^2  ) ) )^2  )
Fitness 88.1456427583
ind: 291
( ( ( ( 2.0 + (10x + 0.0) ) + (8x + -3.0) ) + ( (6y + 10.0)^2  ) )^2  )
Fitness 18.3079421162
ind: 292
( ( 4.0 * ( ( 6.0 + ( ( 7.0 * (3y + -10.0) )^2  ) ) * ( ( ( 7.0^2  )^2  ) + ( ( 4.0 + (5x + -1.0) ) + ( 6.0 * (9y + -7.0) ) ) ) ) )^2  )
Fitness 6858008.74139
ind: 293
( ( ( ( ( ( 4.0^2  ) * ( 7.0^2  ) ) + 6.0 )^2  ) + ( 5.0 * ( ( (6y + 4.0)^2  ) + ( ( (5x + -8.0) + (6x + 8.0) ) * (9y + -4.0) ) ) ) )^2  )
Fitness 88286.9188206
ind: 294
( ( (4x + 6.0) + 4.0 ) * (3y + -6.0) )
Fitness 1.09055897372
ind: 295
( (5y + -8.0) + ( ( (5x + -1.0)^2  )^2  ) )
Fitness 0.619090009766
ind: 296
( ( ( ( ( (7x + 6.0)^2  ) + ( (7y + 0.0) * (7y + -9.0) ) ) + ( 3.0 + ( (7y + -4.0)^2  ) ) ) + (3x + 3.0) ) * (1x + 10.0) )
Fitness 4.1384985306
ind: 297
( ( ( (2y + -5.0) + ( 10.0^2  ) ) + (8x + -9.0) )^2  )
Fitness 12.1990092897
ind: 298
( ( (1y + -1.0) + ( 6.0^2  ) ) + ( ( ( 2.0 + 5.0 ) + 5.0 ) + ( ( ( (3x + -8.0)^2  )^2  )^2  ) ) )
Fitness 658.373375525
ind: 299
( ( ( ( 3.0 + (5x + -1.0) ) * ( (8y + 7.0) * ( ( (3y + -7.0) + (4y + -2.0) ) + 1.0 ) ) ) * 2.0 )^2  )
Fitness 36.5682049931
ind: 300
( ( ( (1y + 1.0)^2  ) + ( (7x + 2.0) * ( 4.0 + (2x + 5.0) ) ) ) + (9x + -10.0) )
Fitness 0.659347215277
Best Ind: ( (3x + -4.0) + (8y + 4.0) )
Fitness = 0.296993030678
Worst Ind: ( ( ( ( ( ( (3x + 0.0) * (10y + -3.0) ) * (6y + 3.0) )^2  ) * ( ( ( 5.0 * (8y + -8.0) )^2  )^2  ) )^2  )^2  )
Fitness = 1.42349438171e+16
Avg Fitness = 4.74504175251e+13
Duplicated = 0
============================================================================
Evaluate Gen  1
New Population 489
Better than Dads 47
Best Ind: ( (6y + -1.0) + (1x + -1.0) )
Fitness = 0.256293706238
Worst Ind: ( ( (4x + 10.0) * ( ( ( 6.0 * (4x + -10.0) ) * ( (2x + 5.0) * ( (2x + 9.0) + (7y + -6.0) ) ) ) * 3.0 ) ) + ( 8.0 * 5.0 ) )
Fitness = 27.6006054587
Avg Fitness = 5.23686259425
Duplicated = 2
============================================================================
Evaluate Gen  2
New Population 503
Better than Dads 60
Best Ind: ( ( (2y + -1.0)^2  ) + (7x + -3.0) )
Fitness = 0.213506696828
Worst Ind: ( ( ( ( ( (7x + 6.0)^2  ) + ( (7y + 0.0) * (7y + -9.0) ) ) + ( 3.0 + ( (7y + -4.0)^2  ) ) ) + (3x + 3.0) ) * (1x + 10.0) )
Fitness = 4.1384985306
Avg Fitness = 1.591519215
Duplicated = 10
============================================================================
Evaluate Gen  3
New Population 508
Better than Dads 75
Best Ind: ( (9y + -6.0) * (1x + 0.0) )
Fitness = 0.178056372425
Worst Ind: ( ( ( ( (5x + -7.0) * 2.0 ) + ( ( (10y + -2.0) * (4x + 2.0) ) * 8.0 ) ) * 3.0 ) + ( ( (3x + -9.0)^2  ) + 4.0 ) )
Fitness = 1.86915643363
Avg Fitness = 0.948128434419
Duplicated = 27
============================================================================
Evaluate Gen  4
New Population 499
Better than Dads 65
Best Ind: ( (9y + -6.0) * (1x + 0.0) )
Fitness = 0.178056372425
Worst Ind: ( ( ( ( ( (1x + -9.0) + (9x + 9.0) ) * 7.0 ) * (2y + -4.0) ) + (2x + -9.0) ) + ( (4y + -2.0) * (7x + 9.0) ) )
Fitness = 1.14452482561
Avg Fitness = 0.673072245215
Duplicated = 33
============================================================================
Evaluate Gen  5
New Population 499
Better than Dads 71
Best Ind: ( (1x + 0.0) * ( (3y + 2.0) + (3x + 2.0) ) )
Fitness = 0.156508105848
Worst Ind: ( ( (1y + -2.0)^2  ) * (3x + -8.0) )
Fitness = 0.841935436292
Avg Fitness = 0.545972305234
Duplicated = 42
============================================================================
Evaluate Gen  6
New Population 484
Better than Dads 54
Best Ind: ( (1x + 0.0) * ( (3y + 2.0) + (3x + 2.0) ) )
Fitness = 0.156508105848
Worst Ind: ( ( ( 4.0 + ( (2x + 0.0)^2  ) ) + (1x + -9.0) ) * (10y + 4.0) )
Fitness = 0.674323816831
Avg Fitness = 0.459811411498
Duplicated = 45
============================================================================
Evaluate Gen  7
New Population 492
Better than Dads 65
Best Ind: ( (1x + 0.0) * ( (3y + 2.0) + (3x + 2.0) ) )
Fitness = 0.156508105848
Worst Ind: ( (6y + -3.0) * (7x + 6.0) )
Fitness = 0.562235133058
Avg Fitness = 0.407627071901
Duplicated = 45
============================================================================
Evaluate Gen  8
New Population 518
Better than Dads 79
Best Ind: ( ( ( (7y + -1.0) + (2x + 2.0) ) + 4.0 ) * ( ( (1x + 0.0)^2  ) * 2.0 ) )
Fitness = 0.147861431742
Worst Ind: ( (1y + -6.0) * (3x + -2.0) )
Fitness = 0.46767095849
Avg Fitness = 0.358113815488
Duplicated = 59
============================================================================
Evaluate Gen  9
New Population 506
Better than Dads 76
Best Ind: ( (7y + -2.0) * (1x + 0.0) )
Fitness = 0.117959572475
Worst Ind: ( (10x + -9.0) + ( (7x + 2.0) + (3y + -1.0) ) )
Fitness = 0.418152209292
Avg Fitness = 0.328881758991
Duplicated = 55
============================================================================
Evaluate Gen  10
New Population 494
Better than Dads 78
Best Ind: ( (7y + -2.0) * (1x + 0.0) )
Fitness = 0.117959572475
Worst Ind: ( ( (7x + 2.0) + (8y + -2.0) ) + ( (2y + 1.0) + (3x + 5.0) ) )
Fitness = 0.386626085366
Avg Fitness = 0.310190740703
Duplicated = 58
============================================================================
Evaluate Gen  11
New Population 501
Better than Dads 77
Best Ind: ( (7y + -2.0) * (1x + 0.0) )
Fitness = 0.117959572475
Worst Ind: ( (2x + -4.0) + ( (9y + 4.0) + (6x + 5.0) ) )
Fitness = 0.358005954968
Avg Fitness = 0.292711709464
Duplicated = 70
============================================================================
Evaluate Gen  12
New Population 500
Better than Dads 76
Best Ind: ( (7y + -2.0) * (1x + 0.0) )
Fitness = 0.117959572475
Worst Ind: ( ( (1y + -2.0) * (6x + 1.0) ) + (1x + -3.0) )
Fitness = 0.332546881328
Avg Fitness = 0.276492644238
Duplicated = 86
============================================================================
Evaluate Gen  13
New Population 493
Better than Dads 77
Best Ind: ( (7y + -2.0) * (1x + 0.0) )
Fitness = 0.117959572475
Worst Ind: ( (7y + -2.0) + (7x + 2.0) )
Fitness = 0.316013057859
Avg Fitness = 0.262605106197
Duplicated = 88
============================================================================
Evaluate Gen  14
New Population 500
Better than Dads 87
Best Ind: ( (4y + 0.0) * (2x + 0.0) )
Fitness = 0.106693939949
Worst Ind: ( (9y + -8.0) + (2x + 6.0) )
Fitness = 0.301316035877
Avg Fitness = 0.250011266276
Duplicated = 88
============================================================================
Evaluate Gen  15
New Population 505
Better than Dads 78
Best Ind: ( (4y + 0.0) * (2x + 0.0) )
Fitness = 0.106693939949
Worst Ind: ( (2y + -2.0) + (9x + -1.0) )
Fitness = 0.286973847819
Avg Fitness = 0.237863069128
Duplicated = 91
============================================================================
Evaluate Gen  16
New Population 496
Better than Dads 72
Best Ind: ( (4y + 0.0) * (1x + 0.0) )
Fitness = 0.106244492675
Worst Ind: ( (3y + -1.0) + ( (3x + -2.0) * (4y + -2.0) ) )
Fitness = 0.27114447473
Avg Fitness = 0.221867916159
Duplicated = 92
============================================================================
Evaluate Gen  17
New Population 508
Better than Dads 73
Best Ind: ( (6y + -1.0) + ( (6y + -1.0) * (1x + -1.0) ) )
Fitness = 0.106180363379
Worst Ind: ( (6y + -1.0) + (1x + -1.0) )
Fitness = 0.256293706238
Avg Fitness = 0.20852378936
Duplicated = 90
============================================================================
Evaluate Gen  18
New Population 500
Better than Dads 76
Best Ind: ( (6y + -1.0) + ( (6y + -1.0) * (1x + -1.0) ) )
Fitness = 0.106180363379
Worst Ind: ( (1y + -2.0) + (2x + 0.0) )
Fitness = 0.242398072818
Avg Fitness = 0.194647417638
Duplicated = 89
============================================================================
Evaluate Gen  19
New Population 510
Better than Dads 80
Best Ind: ( (1x + 0.0) * ( (3y + 2.0) + (4y + -2.0) ) )
Fitness = 0.103437424763
Worst Ind: ( (1y + -2.0) + (8x + 3.0) )
Fitness = 0.2254697486
Avg Fitness = 0.181694410537
Duplicated = 113
============================================================================
Evaluate Gen  20
New Population 509
Better than Dads 89
Best Ind: ( (1x + 0.0) * ( (6y + 0.0) * 1.0 ) )
Fitness = 0.101666440801
Worst Ind: ( ( (1x + 0.0) * (5y + 9.0) ) * (1x + -1.0) )
Fitness = 0.212154556923
Avg Fitness = 0.170755213248
Duplicated = 122
============================================================================
Evaluate Gen  21
New Population 511
Better than Dads 90
Best Ind: ( (1x + 0.0) * ( (6y + 0.0) * 1.0 ) )
Fitness = 0.101666440801
Worst Ind: ( ( (6y + 0.0) * (2x + 0.0) ) * (2x + 2.0) )
Fitness = 0.200658420099
Avg Fitness = 0.16232207488
Duplicated = 125
============================================================================
Evaluate Gen  22
New Population 512
Better than Dads 74
Best Ind: ( ( (2x + 1.0) * ( (2x + 0.0) * (5y + -3.0) ) ) + (2y + 1.0) )
Fitness = 0.0999403164389
Worst Ind: ( ( (2y + 1.0) + (1x + 0.0) ) + (2x + 1.0) )
Fitness = 0.186812005201
Avg Fitness = 0.151409068882
Duplicated = 133
============================================================================
Evaluate Gen  23
New Population 500
Better than Dads 82
Best Ind: ( ( (2x + 1.0) * ( (2x + 0.0) * (5y + -3.0) ) ) + (2y + 1.0) )
Fitness = 0.0999403164389
Worst Ind: ( (2y + 1.0) * (5x + 0.0) )
Fitness = 0.169797365431
Avg Fitness = 0.145593270394
Duplicated = 144
============================================================================
Evaluate Gen  24
New Population 513
Better than Dads 83
Best Ind: ( ( (2x + 1.0) * ( (2x + 0.0) * (5y + -3.0) ) ) + (2y + 1.0) )
Fitness = 0.0999403164389
Worst Ind: ( ( (2x + 0.0) * ( ( (7y + 4.0) * (1x + -1.0) ) + (4x + 4.0) ) ) * (2y + 1.0) )
Fitness = 0.157409676295
Avg Fitness = 0.140728077194
Duplicated = 156
============================================================================
Evaluate Gen  25
New Population 513
Better than Dads 82
Best Ind: ( ( (2x + 1.0) * ( (2x + 0.0) * (5y + -3.0) ) ) + (2y + 1.0) )
Fitness = 0.0999403164389
Worst Ind: ( ( (5y + -3.0) * (2x + 0.0) ) * ( (2x + 0.0)^2  ) )
Fitness = 0.153345093336
Avg Fitness = 0.136204985182
Duplicated = 156
============================================================================
Evaluate Gen  26
New Population 512
Better than Dads 76
Best Ind: ( (1y + 1.0) + ( ( (1x + 0.0)^2  ) * 2.0 ) )
Fitness = 0.0979230694672
Worst Ind: ( (3x + -1.0) + ( (7y + -2.0) * (2x + 0.0) ) )
Fitness = 0.147081551693
Avg Fitness = 0.132155993494
Duplicated = 150
============================================================================
Evaluate Gen  27
New Population 511
Better than Dads 79
Best Ind: ( (1y + 1.0) + ( ( (1x + 0.0)^2  ) * 2.0 ) )
Fitness = 0.0979230694672
Worst Ind: ( (1y + 1.0) + (1x + -1.0) )
Fitness = 0.140329513482
Avg Fitness = 0.129463727066
Duplicated = 155
============================================================================
Evaluate Gen  28
New Population 503
Better than Dads 75
Best Ind: ( (1y + 1.0) + ( ( (1x + 0.0)^2  ) * 2.0 ) )
Fitness = 0.0979230694672
Worst Ind: ( ( ( (1x + -1.0)^2  ) + ( (5x + 0.0)^2  ) ) + ( ( (6y + -1.0) * (1x + -1.0) ) * (2x + 0.0) ) )
Fitness = 0.137866945714
Avg Fitness = 0.126807547391
Duplicated = 139
============================================================================
Evaluate Gen  29
New Population 521
Better than Dads 87
Best Ind: ( (1y + 1.0) + ( ( (1x + 0.0)^2  ) * 2.0 ) )
Fitness = 0.0979230694672
Worst Ind: ( (2x + 0.0) * ( (1y + 1.0)^2  ) )
Fitness = 0.132311316581
Avg Fitness = 0.12450330626
Duplicated = 152
============================================================================
Evaluate Gen  30
New Population 502
Better than Dads 65
Best Ind: ( (1y + 1.0) + ( ( (1x + 0.0)^2  ) * 2.0 ) )
Fitness = 0.0979230694672
Worst Ind: ( (1y + 1.0) * (2x + 0.0) )
Fitness = 0.130037196189
Avg Fitness = 0.122877603647
Duplicated = 157
============================================================================
Evaluate Gen  31
New Population 507
Better than Dads 79
Best Ind: ( (1y + 1.0) + ( ( (1x + 0.0)^2  ) * 2.0 ) )
Fitness = 0.0979230694672
Worst Ind: ( ( (1y + 1.0) * (1y + 1.0) ) * ( (1y + 1.0) * ( (2x + 0.0) * (1x + 0.0) ) ) )
Fitness = 0.127996803212
Avg Fitness = 0.121697731942
Duplicated = 161
============================================================================
Evaluate Gen  32
New Population 510
Better than Dads 87
Best Ind: ( (1y + 1.0) + ( (1x + 0.0) * ( (1y + -2.0) + (2y + 1.0) ) ) )
Fitness = 0.0949753730288
Worst Ind: ( ( (1y + 1.0) * (2x + 0.0) )^2  )
Fitness = 0.127300661956
Avg Fitness = 0.120577309741
Duplicated = 170
============================================================================
Evaluate Gen  33
New Population 503
Better than Dads 85
Best Ind: ( ( (1y + 1.0) * ( (2x + 0.0)^2  ) ) + 1.0 )
Fitness = 0.0867640946332
Worst Ind: ( (6y + 0.0) * (2x + 0.0) )
Fitness = 0.125721591191
Avg Fitness = 0.119516112982
Duplicated = 164
============================================================================
Evaluate Gen  34
New Population 509
Better than Dads 80
Best Ind: ( ( (1y + 1.0) * ( (2x + 0.0)^2  ) ) + 1.0 )
Fitness = 0.0867640946332
Worst Ind: ( (2y + 1.0) * (2x + 0.0) )
Fitness = 0.125631163302
Avg Fitness = 0.118518600399
Duplicated = 158
============================================================================
Evaluate Gen  35
New Population 508
Better than Dads 92
Best Ind: ( ( (1y + 1.0) * ( (2x + 0.0)^2  ) ) + 1.0 )
Fitness = 0.0867640946332
Worst Ind: ( (1x + 0.0) * ( (2y + 1.0) + ( (1x + 0.0) * (2x + 0.0) ) ) )
Fitness = 0.125156591399
Avg Fitness = 0.117429606721
Duplicated = 146
============================================================================
Evaluate Gen  36
New Population 519
Better than Dads 106
Best Ind: ( ( (1y + 1.0) * ( (2x + 0.0)^2  ) ) + 1.0 )
Fitness = 0.0867640946332
Worst Ind: ( (3y + 1.0) * (2x + 0.0) )
Fitness = 0.123227407426
Avg Fitness = 0.11616168466
Duplicated = 155
============================================================================
Evaluate Gen  37
New Population 509
Better than Dads 94
Best Ind: ( ( (1y + 1.0) * ( (2x + 0.0)^2  ) ) + 1.0 )
Fitness = 0.0867640946332
Worst Ind: ( (2y + 1.0) * (1x + 0.0) )
Fitness = 0.123216259967
Avg Fitness = 0.115469448287
Duplicated = 145
============================================================================
Evaluate Gen  38
New Population 522
Better than Dads 108
Best Ind: ( (1y + 1.0) * ( (1x + -1.0)^2  ) )
Fitness = 0.0751388072692
Worst Ind: ( (2x + 0.0) * ( (1x + 0.0) * ( (1y + 2.0) + (2x + 0.0) ) ) )
Fitness = 0.122194865797
Avg Fitness = 0.114071318095
Duplicated = 147
============================================================================
Evaluate Gen  39
New Population 512
Better than Dads 102
Best Ind: ( (1y + 1.0) * ( (1x + -1.0)^2  ) )
Fitness = 0.0751388072692
Worst Ind: ( (1x + 0.0) * ( (1y + 1.0) + (2x + 0.0) ) )
Fitness = 0.120563688502
Avg Fitness = 0.113107348286
Duplicated = 152
============================================================================
Evaluate Gen  40
New Population 514
Better than Dads 96
Best Ind: ( (1y + 1.0) * ( (1x + -1.0)^2  ) )
Fitness = 0.0751388072692
Worst Ind: ( (1y + 1.0) * ( (2x + 0.0)^2  ) )
Fitness = 0.119328916402
Avg Fitness = 0.112206020623
Duplicated = 158
============================================================================
Evaluate Gen  41
New Population 518
Better than Dads 93
Best Ind: ( (1y + 1.0) * ( (1x + -1.0)^2  ) )
Fitness = 0.0751388072692
Worst Ind: ( (2x + 0.0) * ( (1y + 1.0) * (2x + 0.0) ) )
Fitness = 0.119328916402
Avg Fitness = 0.110917929154
Duplicated = 141
============================================================================
Evaluate Gen  42
New Population 519
Better than Dads 113
Best Ind: ( ( ( (1x + 0.0) * (2y + 1.0) )^2  ) + 1.0 )
Fitness = 0.0616070824078
Worst Ind: ( ( (1x + 0.0) * ( ( (1y + -2.0) + (6x + 2.0) ) + ( (1x + 0.0) * (2y + 1.0) ) ) ) + ( ( (1x + 0.0)^2  ) * ( ( (2x + 0.0) * ( (2x + 0.0) * (5y + -3.0) ) ) + (2y + 1.0) ) ) )
Fitness = 0.119078389848
Avg Fitness = 0.110005325329
Duplicated = 134
============================================================================
Evaluate Gen  43
New Population 514
Better than Dads 103
Best Ind: ( ( ( (1x + 0.0) * (2y + 1.0) )^2  ) + 1.0 )
Fitness = 0.0616070824078
Worst Ind: ( (3y + 1.0) * (1x + 0.0) )
Fitness = 0.117355225516
Avg Fitness = 0.109085553105
Duplicated = 145
============================================================================
Evaluate Gen  44
New Population 534
Better than Dads 116
Best Ind: ( 1.0 + ( ( (1x + 0.0)^2  ) * ( ( ( (1y + 1.0) * (2x + 0.0) ) * ( (2x + 0.0) * (5y + -3.0) ) ) + (2y + 1.0) ) ) )
Fitness = 0.0514653431671
Worst Ind: ( (1x + 0.0) * ( ( (2x + 0.0)^2  ) + (4y + -2.0) ) )
Fitness = 0.115971497072
Avg Fitness = 0.107909573668
Duplicated = 144
============================================================================
Evaluate Gen  45
New Population 514
Better than Dads 108
Best Ind: ( 1.0 + ( ( (1x + 0.0)^2  ) * ( ( ( (1y + 1.0) * (2x + 0.0) ) * ( (2x + 0.0) * (5y + -3.0) ) ) + (2y + 1.0) ) ) )
Fitness = 0.0514653431671
Worst Ind: ( ( (1y + 1.0) + ( (2x + 0.0) * (2x + 0.0) ) ) + ( ( (1x + 0.0) * (2y + 1.0) ) * (3y + -1.0) ) )
Fitness = 0.114926349741
Avg Fitness = 0.107320782378
Duplicated = 149
============================================================================
Evaluate Gen  46
New Population 522
Better than Dads 107
Best Ind: ( 1.0 + ( ( (1x + 0.0)^2  ) * ( ( ( (1y + 1.0) * (2x + 0.0) ) * ( (2x + 0.0) * (5y + -3.0) ) ) + (2y + 1.0) ) ) )
Fitness = 0.0514653431671
Worst Ind: ( ( ( (1y + 1.0) * (2x + 0.0) ) + (2x + 0.0) ) * (2x + 0.0) )
Fitness = 0.114254174673
Avg Fitness = 0.106389002002
Duplicated = 153
============================================================================
Evaluate Gen  47
New Population 522
Better than Dads 112
Best Ind: ( 1.0 + ( ( (1x + 0.0)^2  ) * ( ( ( (1y + 1.0) * (2x + 0.0) ) * ( (2x + 0.0) * (5y + -3.0) ) ) + (2y + 1.0) ) ) )
Fitness = 0.0514653431671
Worst Ind: ( (1y + 1.0) + ( ( (1x + 0.0) * (2y + 1.0) ) * (2x + 0.0) ) )
Fitness = 0.11352081191
Avg Fitness = 0.105780293518
Duplicated = 154
============================================================================
Evaluate Gen  48
New Population 513
Better than Dads 98
Best Ind: ( 1.0 + ( ( (1x + 0.0)^2  ) * ( ( ( (1y + 1.0) * (2x + 0.0) ) * ( (2x + 0.0) * (5y + -3.0) ) ) + (2y + 1.0) ) ) )
Fitness = 0.0514653431671
Worst Ind: ( (1x + 0.0) * ( (3x + -1.0) + (1y + 1.0) ) )
Fitness = 0.111837396966
Avg Fitness = 0.104877905352
Duplicated = 164
============================================================================
Evaluate Gen  49
New Population 502
Better than Dads 89
Best Ind: ( 1.0 + ( ( (1x + 0.0)^2  ) * ( ( ( (1y + 1.0) * (2x + 0.0) ) * ( (2x + 0.0) * (5y + -3.0) ) ) + (2y + 1.0) ) ) )
Fitness = 0.0514653431671
Worst Ind: ( ( ( (2y + 1.0) * (2x + 0.0) ) + (1x + -1.0) ) * (2x + 0.0) )
Fitness = 0.109559464955
Avg Fitness = 0.104182974123
Duplicated = 172
============================================================================
Evaluate Gen  50
New Population 516
Better than Dads 103
Best Ind: ( 1.0 + ( ( (1x + 0.0)^2  ) * ( ( ( (1y + 1.0) * (2x + 0.0) ) * ( (2x + 0.0) * (5y + -3.0) ) ) + (2y + 1.0) ) ) )
Fitness = 0.0514653431671
Worst Ind: ( (1x + 0.0) * ( (1y + 1.0) + (4y + -2.0) ) )
Fitness = 0.108654631654
Avg Fitness = 0.103705288076
Duplicated = 180
============================================================================
Evaluate Gen  51
New Population 521
Better than Dads 107
Best Ind: ( 1.0 + ( ( (1x + 0.0)^2  ) * ( ( ( (1y + 1.0) * (2x + 0.0) ) * ( (2x + 0.0) * (5y + -3.0) ) ) + (2y + 1.0) ) ) )
Fitness = 0.0514653431671
Worst Ind: ( ( (2y + 1.0) + (1x + -1.0) ) * ( (1x + 0.0) * (1y + 2.0) ) )
Fitness = 0.107037356974
Avg Fitness = 0.103154882692
Duplicated = 189
============================================================================
Evaluate Gen  52
New Population 520
Better than Dads 113
Best Ind: ( 1.0 + ( ( (1x + 0.0)^2  ) * ( ( ( (1y + 1.0) * (2x + 0.0) ) * ( (2x + 0.0) * (5y + -3.0) ) ) + (2y + 1.0) ) ) )
Fitness = 0.0514653431671
Worst Ind: ( (1x + 0.0) * (4y + 0.0) )
Fitness = 0.106244492675
Avg Fitness = 0.102815911842
Duplicated = 192
============================================================================
Evaluate Gen  53
New Population 516
Better than Dads 100
Best Ind: ( 1.0 + ( ( (1x + 0.0)^2  ) * ( ( ( (1y + 1.0) * (2x + 0.0) ) * ( (2x + 0.0) * (5y + -3.0) ) ) + (2y + 1.0) ) ) )
Fitness = 0.0514653431671
Worst Ind: ( (6y + -1.0) + ( (6y + -1.0) * (1x + -1.0) ) )
Fitness = 0.106180363379
Avg Fitness = 0.102317955472
Duplicated = 188
============================================================================
Evaluate Gen  54
New Population 515
Better than Dads 99
Best Ind: ( 1.0 + ( ( (1x + 0.0)^2  ) * ( ( ( (1y + 1.0) * (2x + 0.0) ) * ( (2x + 0.0) * (5y + -3.0) ) ) + (2y + 1.0) ) ) )
Fitness = 0.0514653431671
Worst Ind: ( (1y + 1.0) + ( (2x + 0.0)^2  ) )
Fitness = 0.106010359172
Avg Fitness = 0.101850917502
Duplicated = 189
============================================================================
Evaluate Gen  55
New Population 507
Better than Dads 95
Best Ind: ( 1.0 + ( ( (1x + 0.0)^2  ) * ( ( ( (1y + 1.0) * (2x + 0.0) ) * ( (2x + 0.0) * (5y + -3.0) ) ) + (2y + 1.0) ) ) )
Fitness = 0.0514653431671
Worst Ind: ( (1y + 1.0) + ( (2x + 0.0)^2  ) )
Fitness = 0.106010359172
Avg Fitness = 0.101404351828
Duplicated = 182
============================================================================
Evaluate Gen  56
New Population 504
Better than Dads 89
Best Ind: ( 1.0 + ( ( (1x + 0.0)^2  ) * ( ( ( (1y + 1.0) * (2x + 0.0) ) * ( (2x + 0.0) * (5y + -3.0) ) ) + (2y + 1.0) ) ) )
Fitness = 0.0514653431671
Worst Ind: ( (1y + 1.0) + ( (2x + 0.0)^2  ) )
Fitness = 0.106010359172
Avg Fitness = 0.100946622446
Duplicated = 174
============================================================================
Evaluate Gen  57
New Population 506
Better than Dads 92
Best Ind: ( 1.0 + ( ( (1x + 0.0)^2  ) * ( ( ( (1y + 1.0) * (2x + 0.0) ) * ( (2x + 0.0) * (5y + -3.0) ) ) + (2y + 1.0) ) ) )
Fitness = 0.0514653431671
Worst Ind: ( (1y + 1.0) + ( ( (1y + 1.0) * (1x + 0.0) ) * (2x + 0.0) ) )
Fitness = 0.106009203069
Avg Fitness = 0.100332906344
Duplicated = 165
============================================================================
Evaluate Gen  58
New Population 513
Better than Dads 98
Best Ind: ( 1.0 + ( ( (1x + 0.0)^2  ) * ( ( ( (1y + 1.0) * (2x + 0.0) ) * ( (2x + 0.0) * (5y + -3.0) ) ) + (2y + 1.0) ) ) )
Fitness = 0.0514653431671
Worst Ind: ( (1y + 1.0) + ( ( ( ( (1y + 1.0) + (1x + -1.0) ) * ( (1y + 1.0) * (2x + 0.0) ) ) + (3y + -1.0) ) * (1x + 0.0) ) )
Fitness = 0.104611417925
Avg Fitness = 0.0996983862992
Duplicated = 166
============================================================================
Evaluate Gen  59
New Population 520
Better than Dads 99
Best Ind: ( 1.0 + ( ( (1x + 0.0)^2  ) * ( ( ( (1y + 1.0) * (2x + 0.0) ) * ( (2x + 0.0) * (5y + -3.0) ) ) + (2y + 1.0) ) ) )
Fitness = 0.0514653431671
Worst Ind: ( (1y + 1.0) + ( (1x + 0.0) * ( ( (1x + 0.0) * ( (6y + 0.0) + ( (2x + 0.0)^2  ) ) ) * (2x + 0.0) ) ) )
Fitness = 0.10389714815
Avg Fitness = 0.098688570841
Duplicated = 158
============================================================================
Evaluate Gen  60
New Population 514
Better than Dads 97
Best Ind: ( 1.0 + ( ( (1x + 0.0)^2  ) * ( ( ( (1y + 1.0) * (2x + 0.0) ) * ( (2x + 0.0) * (5y + -3.0) ) ) + (2y + 1.0) ) ) )
Fitness = 0.0514653431671
Worst Ind: ( ( (2y + 1.0) + (1x + -1.0) ) * (2x + 0.0) )
Fitness = 0.103295332108
Avg Fitness = 0.0979312703038
Duplicated = 159
============================================================================
Evaluate Gen  61
New Population 514
Better than Dads 95
Best Ind: ( 1.0 + ( ( (1x + 0.0)^2  ) * ( ( ( (1y + 1.0) * (2x + 0.0) ) * ( (2x + 0.0) * (5y + -3.0) ) ) + (2y + 1.0) ) ) )
Fitness = 0.0514653431671
Worst Ind: ( ( (1x + 0.0) * ( ( (1y + 1.0) + ( (2x + 0.0) * (2x + 0.0) ) ) + (3x + -2.0) ) ) + (1y + 1.0) )
Fitness = 0.102444888241
Avg Fitness = 0.0972112681111
Duplicated = 155
============================================================================
Evaluate Gen  62
New Population 506
Better than Dads 94
Best Ind: ( 1.0 + ( ( (1x + 0.0)^2  ) * ( ( ( (1y + 1.0) * (2x + 0.0) ) * ( (2x + 0.0) * (5y + -3.0) ) ) + (2y + 1.0) ) ) )
Fitness = 0.0514653431671
Worst Ind: ( (1y + 1.0) + ( ( (1x + 0.0)^2  ) * ( (1y + 1.0) + ( ( (1x + 0.0)^2  ) * (2x + 0.0) ) ) ) )
Fitness = 0.102200107912
Avg Fitness = 0.0965433788519
Duplicated = 148
============================================================================
Evaluate Gen  63
New Population 513
Better than Dads 90
Best Ind: ( ( ( ( (1y + 1.0) * ( ( (1x + 0.0)^2  ) * 2.0 ) )^2  ) * (2x + 0.0) ) + 1.0 )
Fitness = 0.0381630524358
Worst Ind: ( (1x + 0.0) * ( (6y + 0.0) * 1.0 ) )
Fitness = 0.101666440801
Avg Fitness = 0.0957549178299
Duplicated = 142
============================================================================
Evaluate Gen  64
New Population 510
Better than Dads 94
Best Ind: ( ( ( ( (1y + 1.0) * ( ( (1x + 0.0)^2  ) * 2.0 ) )^2  ) * (2x + 0.0) ) + 1.0 )
Fitness = 0.0381630524358
Worst Ind: ( (1y + 1.0) + ( ( (1x + 0.0)^2  ) * (1y + 1.0) ) )
Fitness = 0.101021182603
Avg Fitness = 0.0949384259044
Duplicated = 132
============================================================================
Evaluate Gen  65
New Population 506
Better than Dads 88
Best Ind: ( ( ( ( (1x + 0.0) * (1x + 0.0) ) * (2y + 1.0) )^2  ) + 1.0 )
Fitness = 0.0261537135318
Worst Ind: ( (1y + 1.0) + ( ( (1x + 0.0) * ( ( ( (2x + 0.0) * (2x + 0.0) ) + (1y + 1.0) ) * (1x + 0.0) ) )^2  ) )
Fitness = 0.0995823812088
Avg Fitness = 0.0939871257625
Duplicated = 139
============================================================================
Evaluate Gen  66
New Population 506
Better than Dads 82
Best Ind: ( ( ( ( (1x + 0.0) * (1x + 0.0) ) * (2y + 1.0) )^2  ) + 1.0 )
Fitness = 0.0261537135318
Worst Ind: ( (1y + 1.0) + ( ( ( ( (1x + 0.0) * (2x + 0.0) )^2  ) * ( (1y + 1.0) + ( (1x + 0.0) * (2x + 0.0) ) ) )^2  ) )
Fitness = 0.0979864408724
Avg Fitness = 0.0934169065595
Duplicated = 148
============================================================================
Evaluate Gen  67
New Population 513
Better than Dads 88
Best Ind: ( ( ( ( (1x + 0.0) * (1x + 0.0) ) * (2y + 1.0) )^2  ) + 1.0 )
Fitness = 0.0261537135318
Worst Ind: ( (1y + 1.0) + ( (1x + 0.0) * (2x + 0.0) ) )
Fitness = 0.0979230694672
Avg Fitness = 0.092734728138
Duplicated = 137
============================================================================
Evaluate Gen  68
New Population 505
Better than Dads 84
Best Ind: ( ( ( ( (1x + 0.0) * (1x + 0.0) ) * (2y + 1.0) )^2  ) + 1.0 )
Fitness = 0.0261537135318
Worst Ind: ( (1y + 1.0) + ( ( (1x + 0.0)^2  ) * ( (2x + 0.0)^2  ) ) )
Fitness = 0.0968999142925
Avg Fitness = 0.0921110251181
Duplicated = 149
============================================================================
Evaluate Gen  69
New Population 513
Better than Dads 83
Best Ind: ( ( ( ( (1x + 0.0) * (1x + 0.0) ) * (2y + 1.0) )^2  ) + 1.0 )
Fitness = 0.0261537135318
Worst Ind: ( (1y + 1.0) + ( (1x + 0.0) * (1x + 0.0) ) )
Fitness = 0.0968543624928
Avg Fitness = 0.0912238204977
Duplicated = 138
============================================================================
Evaluate Gen  70
New Population 509
Better than Dads 87
Best Ind: ( ( ( ( (1x + 0.0) * (1x + 0.0) ) * (2y + 1.0) )^2  ) + 1.0 )
Fitness = 0.0261537135318
Worst Ind: ( (1y + 1.0) + ( (1x + 0.0) * (1x + 0.0) ) )
Fitness = 0.0968543624928
Avg Fitness = 0.0906255541305
Duplicated = 118
============================================================================
Evaluate Gen  71
New Population 503
Better than Dads 83
Best Ind: ( 1.0 + ( ( ( (1x + 0.0)^2  ) * ( ( (2x + 1.0) * ( (1x + 0.0) * (5y + -3.0) ) )^2  ) )^2  ) )
Fitness = 0.0037004509098
Worst Ind: ( (1y + 1.0) + ( (1x + 0.0)^2  ) )
Fitness = 0.0968543624928
Avg Fitness = 0.089630061403
Duplicated = 100
============================================================================
Evaluate Gen  72
New Population 513
Better than Dads 94
Best Ind: ( 1.0 + ( ( ( (1x + 0.0)^2  ) * ( ( (2x + 1.0) * ( (1x + 0.0) * (5y + -3.0) ) )^2  ) )^2  ) )
Fitness = 0.0037004509098
Worst Ind: ( (1y + 1.0) + ( ( (1x + 0.0) * ( (2x + 0.0) * (1x + 0.0) ) ) * (1x + 0.0) ) )
Fitness = 0.0963384682351
Avg Fitness = 0.0882798161958
Duplicated = 105
============================================================================
Evaluate Gen  73
New Population 507
Better than Dads 92
Best Ind: ( 1.0 + ( ( ( (1x + 0.0)^2  ) * ( ( (2x + 1.0) * ( (1x + 0.0) * (5y + -3.0) ) )^2  ) )^2  ) )
Fitness = 0.0037004509098
Worst Ind: ( (1y + 1.0) + ( ( ( (1x + 0.0) * (1x + 0.0) ) * (2x + 0.0) )^2  ) )
Fitness = 0.0960689362351
Avg Fitness = 0.0873222596185
Duplicated = 97
============================================================================
Evaluate Gen  74
New Population 516
Better than Dads 85
Best Ind: ( 1.0 + ( ( ( (1x + 0.0)^2  ) * ( ( (2x + 1.0) * ( (1x + 0.0) * (5y + -3.0) ) )^2  ) )^2  ) )
Fitness = 0.0037004509098
Worst Ind: ( (1y + 1.0) + ( ( ( (1x + 0.0)^2  ) * ( (1x + 0.0)^2  ) ) * ( (1x + 0.0) * ( (1x + 0.0)^2  ) ) ) )
Fitness = 0.0958978455828
Avg Fitness = 0.0848556571608
Duplicated = 83
============================================================================
Evaluate Gen  75
New Population 505
Better than Dads 93
Best Ind: ( 1.0 + ( ( ( (1x + 0.0)^2  ) * ( ( (2x + 1.0) * ( (1x + 0.0) * (5y + -3.0) ) )^2  ) )^2  ) )
Fitness = 0.0037004509098
Worst Ind: ( (1y + 1.0) + ( ( (1x + 0.0) * ( ( ( (1x + 0.0)^2  ) * (1x + 0.0) ) * (2x + 0.0) ) )^2  ) )
Fitness = 0.0957939607469
Avg Fitness = 0.0832323878028
Duplicated = 80
============================================================================
Evaluate Gen  76
New Population 500
Better than Dads 88
Best Ind: ( 1.0 + ( ( ( (1x + 0.0)^2  ) * ( ( (2x + 1.0) * ( (1x + 0.0) * (5y + -3.0) ) )^2  ) )^2  ) )
Fitness = 0.0037004509098
Worst Ind: ( ( (1x + 0.0) * ( ( (1y + -2.0) + (1x + 0.0) ) + (2x + 0.0) ) ) + (1y + 1.0) )
Fitness = 0.095627531334
Avg Fitness = 0.0816627795988
Duplicated = 82
============================================================================
Evaluate Gen  77
New Population 508
Better than Dads 96
Best Ind: ( 1.0 + ( ( ( (1x + 0.0)^2  ) * ( ( (2x + 1.0) * ( (1x + 0.0) * (5y + -3.0) ) )^2  ) )^2  ) )
Fitness = 0.0037004509098
Worst Ind: ( (1y + 1.0) + ( ( ( (2x + 1.0) * ( (2x + 0.0) * (5y + -3.0) ) ) * ( ( ( (1y + 1.0) + (1x + -1.0) ) * (2x + 0.0) ) + 1.0 ) ) * ( ( (1x + 0.0)^2  ) * (1x + 0.0) ) ) )
Fitness = 0.0951890736172
Avg Fitness = 0.0801448105203
Duplicated = 74
============================================================================
Evaluate Gen  78
New Population 516
Better than Dads 101
Best Ind: ( 1.0 + ( ( ( (1x + 0.0)^2  ) * ( ( (2x + 1.0) * ( (1x + 0.0) * (5y + -3.0) ) )^2  ) )^2  ) )
Fitness = 0.0037004509098
Worst Ind: ( (1y + 1.0) + ( ( ( ( (1x + 0.0) * ( (2x + 0.0) + (3x + -2.0) ) ) + (3y + -1.0) ) * (1x + 0.0) )^2  ) )
Fitness = 0.0940383572364
Avg Fitness = 0.0773317001853
Duplicated = 66
============================================================================
Evaluate Gen  79
New Population 498
Better than Dads 85
Best Ind: ( 1.0 + ( ( ( (1x + 0.0)^2  ) * ( ( (2x + 1.0) * ( (1x + 0.0) * (5y + -3.0) ) )^2  ) )^2  ) )
Fitness = 0.0037004509098
Worst Ind: ( ( ( ( ( ( (1y + 1.0) + (2x + 0.0) ) + (1y + 2.0) ) * ( ( (1x + 0.0) * (1x + 0.0) ) * (2x + 0.0) ) ) + (1x + -1.0) ) * ( ( (1x + 0.0) * (1x + 0.0) ) * (2x + 0.0) ) ) + (1y + 1.0) )
Fitness = 0.0921849530746
Avg Fitness = 0.0750322132137
Duplicated = 66
============================================================================
Evaluate Gen  80
New Population 501
Better than Dads 84
Best Ind: ( 1.0 + ( ( ( (1x + 0.0)^2  ) * ( ( (2x + 1.0) * ( (1x + 0.0) * (5y + -3.0) ) )^2  ) )^2  ) )
Fitness = 0.0037004509098
Worst Ind: ( ( ( ( (1y + 1.0) + ( ( (1x + 0.0)^2  ) * (10x + 7.0) ) ) * (1x + 0.0) ) * (2x + 0.0) ) + 1.0 )
Fitness = 0.0907576326242
Avg Fitness = 0.0720429152796
Duplicated = 63
============================================================================
Evaluate Gen  81
New Population 506
Better than Dads 91
Best Ind: ( 1.0 + ( ( ( (1x + 0.0)^2  ) * ( ( (2x + 1.0) * ( (1x + 0.0) * (5y + -3.0) ) )^2  ) )^2  ) )
Fitness = 0.0037004509098
Worst Ind: ( ( ( ( (7y + -1.0) + (2x + 2.0) ) + ( (1y + 1.0) + ( (1y + -2.0) * (1x + 0.0) ) ) ) * ( ( (1x + 0.0)^2  ) * ( ( (2x + 0.0) * ( (2x + 0.0) * (5y + -3.0) ) ) * ( (3y + 1.0) * (1x + 0.0) ) ) ) ) + ( ( ( ( (1y + 1.0) + ( (1x + 0.0) * (1x + 0.0) ) ) + (1x + -1.0) ) * (2x + 0.0) ) + 1.0 ) )
Fitness = 0.0892285058329
Avg Fitness = 0.0695698385878
Duplicated = 65
============================================================================
Evaluate Gen  82
New Population 522
Better than Dads 110
Best Ind: ( 1.0 + ( ( ( (1x + 0.0)^2  ) * ( ( (2x + 1.0) * ( (1x + 0.0) * (5y + -3.0) ) )^2  ) )^2  ) )
Fitness = 0.0037004509098
Worst Ind: ( ( (1y + 1.0) * ( (2x + 0.0)^2  ) ) + 1.0 )
Fitness = 0.0867640946332
Avg Fitness = 0.0670267870363
Duplicated = 63
============================================================================
Evaluate Gen  83
New Population 514
Better than Dads 100
Best Ind: ( 1.0 + ( ( ( (1x + 0.0)^2  ) * ( ( (2x + 1.0) * ( (1x + 0.0) * (5y + -3.0) ) )^2  ) )^2  ) )
Fitness = 0.0037004509098
Worst Ind: ( (1y + 1.0) + ( ( (1y + -2.0) + ( (1y + 1.0) + ( (1x + 0.0)^2  ) ) ) * (1x + 0.0) ) )
Fitness = 0.0843474409112
Avg Fitness = 0.0636520952798
Duplicated = 61
============================================================================
Evaluate Gen  84
New Population 515
Better than Dads 96
Best Ind: ( 1.0 + ( ( ( (1x + 0.0)^2  ) * ( ( (2x + 1.0) * ( (1x + 0.0) * (5y + -3.0) ) )^2  ) )^2  ) )
Fitness = 0.0037004509098
Worst Ind: ( 1.0 + ( (3y + -1.0) * (1x + 0.0) ) )
Fitness = 0.0814049034482
Avg Fitness = 0.0603651322665
Duplicated = 58
============================================================================
Evaluate Gen  85
New Population 511
Better than Dads 91
Best Ind: ( 1.0 + ( ( ( (1x + 0.0)^2  ) * ( ( (2x + 1.0) * ( (1x + 0.0) * (5y + -3.0) ) )^2  ) )^2  ) )
Fitness = 0.0037004509098
Worst Ind: ( ( ( ( ( (1x + 0.0) * (4y + 0.0) ) * (2x + 0.0) ) + 1.0 ) + ( ( ( (1x + 0.0) * (1x + 0.0) ) * (2x + 0.0) )^2  ) ) * ( (1x + -1.0)^2  ) )
Fitness = 0.0769607772634
Avg Fitness = 0.0573640070312
Duplicated = 62
============================================================================
Evaluate Gen  86
New Population 504
Better than Dads 93
Best Ind: ( 1.0 + ( ( ( (1x + 0.0)^2  ) * ( ( (2x + 1.0) * ( (1x + 0.0) * (5y + -3.0) ) )^2  ) )^2  ) )
Fitness = 0.0037004509098
Worst Ind: ( ( ( (1y + 1.0) * (1x + 0.0) ) * 1.0 ) + 1.0 )
Fitness = 0.0735616333257
Avg Fitness = 0.0544926043045
Duplicated = 59
============================================================================
Evaluate Gen  87
New Population 497
Better than Dads 76
Best Ind: ( 1.0 + ( ( ( (1x + 0.0)^2  ) * ( ( (2x + 1.0) * ( (1x + 0.0) * (5y + -3.0) ) )^2  ) )^2  ) )
Fitness = 0.0037004509098
Worst Ind: ( ( (1x + 0.0) * ( (1x + 0.0) * (5y + -3.0) ) ) + 1.0 )
Fitness = 0.0696538642227
Avg Fitness = 0.0498028726121
Duplicated = 54
============================================================================
Evaluate Gen  88
New Population 498
Better than Dads 85
Best Ind: ( 1.0 + ( ( ( (1x + 0.0)^2  ) * ( ( (2x + 1.0) * ( (1x + 0.0) * (5y + -3.0) ) )^2  ) )^2  ) )
Fitness = 0.0037004509098
Worst Ind: ( ( ( (1x + 0.0) * ( ( ( (6y + 0.0) * (2x + 0.0) ) * ( (1y + 1.0) * (2x + 0.0) ) ) + (1y + -2.0) ) ) * (1x + 0.0) ) + 1.0 )
Fitness = 0.0677215882893
Avg Fitness = 0.0469484474326
Duplicated = 45
============================================================================
Evaluate Gen  89
New Population 504
Better than Dads 82
Best Ind: ( 1.0 + ( ( ( (1x + 0.0)^2  ) * ( ( (2x + 1.0) * ( (1x + 0.0) * (5y + -3.0) ) )^2  ) )^2  ) )
Fitness = 0.0037004509098
Worst Ind: ( (1y + 1.0) + ( ( (1y + 1.0) + ( ( (2x + 0.0)^2  )^2  ) ) * ( (1x + -1.0) * (1x + 0.0) ) ) )
Fitness = 0.0642643979458
Avg Fitness = 0.0438585026142
Duplicated = 41
============================================================================
Evaluate Gen  90
New Population 498
Better than Dads 76
Best Ind: ( 1.0 + ( ( ( (1x + 0.0)^2  ) * ( ( (2x + 1.0) * ( (1x + 0.0) * (5y + -3.0) ) )^2  ) )^2  ) )
Fitness = 0.0037004509098
Worst Ind: ( ( ( 1.0 + (1x + 0.0) ) * ( ( (1x + 0.0)^2  ) * ( ( ( (8x + 5.0)^2  ) * ( (2x + 0.0) * (5y + -3.0) ) ) * ( ( (1x + 0.0) * (1x + 0.0) ) * (1x + 0.0) ) ) ) ) + 1.0 )
Fitness = 0.0598583770463
Avg Fitness = 0.0399885236589
Duplicated = 46
============================================================================
Evaluate Gen  91
New Population 503
Better than Dads 84
Best Ind: ( 1.0 + ( ( ( (1x + 0.0)^2  ) * ( ( (2x + 1.0) * ( (1x + 0.0) * (5y + -3.0) ) )^2  ) )^2  ) )
Fitness = 0.0037004509098
Worst Ind: ( ( (1y + 1.0) * ( (1x + 0.0) * ( (2x + 0.0)^2  ) ) ) + 1.0 )
Fitness = 0.0543157748433
Avg Fitness = 0.0366985511342
Duplicated = 44
============================================================================
Evaluate Gen  92
New Population 501
Better than Dads 73
Best Ind: ( 1.0 + ( ( ( (1x + 0.0)^2  ) * ( ( (2x + 1.0) * ( (1x + 0.0) * (5y + -3.0) ) )^2  ) )^2  ) )
Fitness = 0.0037004509098
Worst Ind: ( ( ( (1y + 1.0) + (1y + 2.0) ) * ( ( (1x + 0.0)^2  ) * ( ( (2x + 0.0) * ( (2x + 0.0) * (5y + -3.0) ) ) * ( (3y + 1.0) * (1x + 0.0) ) ) ) ) + 1.0 )
Fitness = 0.0496572048981
Avg Fitness = 0.0334791064677
Duplicated = 49
============================================================================
Evaluate Gen  93
New Population 497
Better than Dads 78
Best Ind: ( 1.0 + ( ( ( (1x + 0.0)^2  ) * ( ( (2x + 1.0) * ( (1x + 0.0) * (5y + -3.0) ) )^2  ) )^2  ) )
Fitness = 0.0037004509098
Worst Ind: ( ( (2x + 1.0) * ( ( ( 1.0 * (1x + 0.0) ) * (2x + 0.0) ) * ( (1y + -2.0) + (2x + 1.0) ) ) ) + 1.0 )
Fitness = 0.0457769757924
Avg Fitness = 0.0304873978812
Duplicated = 51
============================================================================
Evaluate Gen  94
New Population 497
Better than Dads 75
Best Ind: ( 1.0 + ( ( ( (1x + 0.0)^2  ) * ( ( (2x + 1.0) * ( (1x + 0.0) * (5y + -3.0) ) )^2  ) )^2  ) )
Fitness = 0.0037004509098
Worst Ind: ( ( ( 1.0 + (2x + 1.0) ) * ( ( ( (1y + 1.0) * ( (1x + -1.0)^2  ) ) * (1x + 0.0) )^2  ) ) + 1.0 )
Fitness = 0.0428443744733
Avg Fitness = 0.0279706422903
Duplicated = 51
============================================================================
Evaluate Gen  95
New Population 499
Better than Dads 79
Best Ind: ( 1.0 + ( ( ( (1x + 0.0)^2  ) * ( ( (2x + 1.0) * ( (1x + 0.0) * (5y + -3.0) ) )^2  ) )^2  ) )
Fitness = 0.0037004509098
Worst Ind: ( ( (1y + 1.0) * ( ( (1x + 0.0) * (2x + 0.0) ) * (1x + 0.0) ) ) + 1.0 )
Fitness = 0.0384070527171
Avg Fitness = 0.0251928810457
Duplicated = 45
============================================================================
Evaluate Gen  96
New Population 497
Better than Dads 78
Best Ind: ( ( ( ( (1x + 0.0) + (1y + 1.0) ) * ( ( ( (1x + 0.0)^2  )^2  ) * (1x + 0.0) ) )^2  ) + 1.0 )
Fitness = 0.00264692153691
Worst Ind: ( ( (1y + 1.0) * ( ( (1x + 0.0) * (1x + 0.0) ) * ( (2x + 0.0)^2  ) ) ) + 1.0 )
Fitness = 0.0351394190325
Avg Fitness = 0.0234099288128
Duplicated = 50
============================================================================
Evaluate Gen  97
New Population 489
Better than Dads 68
Best Ind: ( ( ( ( (1x + 0.0) + (1y + 1.0) ) * ( ( ( (1x + 0.0)^2  )^2  ) * (1x + 0.0) ) )^2  ) + 1.0 )
Fitness = 0.00264692153691
Worst Ind: ( ( ( ( ( (1x + 0.0) * (2x + 1.0) ) * (3y + -1.0) )^2  ) * (2x + 0.0) ) + 1.0 )
Fitness = 0.0332437175995
Avg Fitness = 0.0214102104992
Duplicated = 52
============================================================================
Evaluate Gen  98
New Population 494
Better than Dads 63
Best Ind: ( ( (1y + 1.0) * ( ( ( ( (1x + 0.0) * (1x + 0.0) )^2  )^2  )^2  ) ) + 1.0 )
Fitness = 0.000200947457866
Worst Ind: ( ( ( ( (1x + 0.0) * (1y + 1.0) ) * ( (1x + 0.0) + ( ( (1x + 0.0)^2  ) * ( (1y + -2.0) + (2x + 1.0) ) ) ) ) * ( ( (1y + 1.0) + (1x + -1.0) ) * ( ( (1x + 0.0) * (1y + 1.0) ) * (3y + -1.0) ) ) ) + 1.0 )
Fitness = 0.0295855614174
Avg Fitness = 0.0191876148607
Duplicated = 52
============================================================================
Evaluate Gen  99
New Population 492
Better than Dads 71
Best Ind: ( ( (1y + 1.0) * ( ( ( ( (1x + 0.0) * (1x + 0.0) )^2  )^2  )^2  ) ) + 1.0 )
Fitness = 0.000200947457866
Worst Ind: ( ( (1x + 0.0) * ( ( (1x + 0.0) * (2x + 0.0) ) * ( (1x + 0.0) * (2y + 1.0) ) ) ) + 1.0 )
Fitness = 0.0265171964796
Avg Fitness = 0.0173885766162
Duplicated = 54
============================================================================
Evaluate Gen  100
New Population 501
Better than Dads 83
Best Ind: ( ( (1y + 1.0) * ( ( ( ( (1x + 0.0) * (1x + 0.0) )^2  )^2  )^2  ) ) + 1.0 )
Fitness = 0.000200947457866
Worst Ind: ( ( ( (1x + 0.0) * (1y + 1.0) ) * ( 2.0 * ( ( (1x + 0.0)^2  ) * (1x + 0.0) ) ) ) + 1.0 )
Fitness = 0.0248473214849
Avg Fitness = 0.0159354053295
Duplicated = 55
