dataset_file= dataset/SR_div_noise.txt
population= 300
generations= 100
tournament_size= 3
cross_over= 0.6
mutation= 0.3
elitism= True
(50, 2)
============================================================================
Build initial population
ind: 1
( ( 0.1y * 0.5y ) * ( 0.1x * ( ( ( 1.0y * 0.333333333333y ) * ( ( 0.25y + 0.166666666667y ) + ( 0.25x + 0.25y ) ) ) + ( 0.1y * 1.0y ) ) ) )
ind: 2
( ( ( 0.166666666667x * ( ( ( 0.142857142857y + 0.1x ) + 0.333333333333y ) + ( ( 0.166666666667x + 0.1y ) + 0.2y ) ) ) + 0.2y ) + 0.125y )
ind: 3
( 0.125y + ( ( 0.111111111111y * 0.25x ) * 0.5x ) )
ind: 4
( 1.0x + ( 0.166666666667x + ( 0.166666666667y + 0.5x ) ) )
ind: 5
( ( 0.125x * ( 0.2x + ( ( ( 0.5x + 0.2x ) + 0.111111111111y ) * 0.25x ) ) ) + ( 0.25y * 0.2x ) )
ind: 6
( ( ( 0.1y + 0.142857142857x ) + ( ( ( 0.5y * ( 0.1y + 0.333333333333x ) ) + ( 1.0x * ( 1.0x + 0.25x ) ) ) * 0.333333333333y ) ) * ( 0.2y + 0.166666666667y ) )
ind: 7
( 0.125x + 0.1y )
ind: 8
( ( ( 0.1y + 0.142857142857x ) * 1.0y ) + 0.111111111111y )
ind: 9
( ( 0.2x * ( 0.1y + 0.1y ) ) + 0.166666666667y )
ind: 10
( 0.125x + ( 0.25y * ( 0.333333333333x + 0.2x ) ) )
ind: 11
( 0.142857142857y * 0.111111111111x )
ind: 12
( ( ( ( 0.125y * 0.333333333333y ) * 1.0y ) + ( 0.1y * ( 0.333333333333y + 0.125x ) ) ) + 0.125x )
ind: 13
( ( 0.166666666667x + ( ( ( 0.166666666667y * ( 0.333333333333x * 0.111111111111y ) ) + ( 0.5y * ( 0.166666666667x + 0.166666666667x ) ) ) * 0.333333333333y ) ) + 0.125x )
ind: 14
( ( ( ( 0.1x * 0.25y ) * 0.2x ) * ( 0.2x * 0.333333333333x ) ) * ( 0.25x * ( ( ( 0.111111111111y + ( 1.0y * 0.2x ) ) + 0.111111111111x ) + 1.0x ) ) )
ind: 15
( 0.166666666667y * ( ( 0.333333333333x * ( ( 0.111111111111y * ( 0.25x * 0.1y ) ) * ( ( 0.111111111111y * 1.0x ) + 0.125x ) ) ) * 1.0y ) )
ind: 16
( 1.0x * 0.5y )
ind: 17
( ( 0.1x + 0.1y ) + 0.111111111111x )
ind: 18
( ( 0.5y + ( 0.2y * ( 0.111111111111x * 0.333333333333x ) ) ) * 0.2y )
ind: 19
( ( ( 0.2y + ( ( ( 1.0x * 0.25x ) * ( 0.333333333333x + 0.5y ) ) * ( 0.5x * ( 0.142857142857y * 0.25x ) ) ) ) * ( 0.125y + 0.142857142857x ) ) * 0.166666666667y )
ind: 20
( ( 0.5x + ( 0.125y + 1.0y ) ) * ( 0.142857142857y + ( ( 0.142857142857y + ( 0.25x * ( 1.0x + 0.142857142857x ) ) ) + ( ( 0.2x * 0.125x ) * 0.111111111111y ) ) ) )
ind: 21
( ( 0.1x + 0.125y ) + ( ( ( 0.25x + 0.125x ) + 0.142857142857x ) + ( 0.125x + ( ( ( 0.125x + 0.1x ) + 0.111111111111x ) * ( 0.111111111111y + 0.111111111111x ) ) ) ) )
ind: 22
( ( ( 0.25x * ( 0.5y + ( ( 0.166666666667y + 0.125y ) * 0.142857142857x ) ) ) + 0.142857142857y ) * ( 0.111111111111y * ( 0.2x + 0.2x ) ) )
ind: 23
( ( ( 0.1x * 0.111111111111y ) * ( ( 0.111111111111y + ( ( 1.0x + 0.166666666667y ) + ( 0.125x + 1.0x ) ) ) + ( ( ( 0.111111111111x * 0.333333333333x ) + 0.111111111111y ) + ( 0.142857142857x + ( 0.111111111111y + 0.111111111111y ) ) ) ) ) + 0.125y )
ind: 24
( 0.25y * ( ( 0.125x + 0.25x ) + ( ( 0.142857142857y + ( ( 0.5x * 0.2y ) * 0.166666666667y ) ) * ( ( 0.5y + ( 0.333333333333y * 0.125y ) ) * ( ( 0.2x * 0.142857142857y ) * 0.1y ) ) ) ) )
ind: 25
( 0.142857142857x * 0.2y )
ind: 26
( ( ( 0.2y + 0.166666666667y ) + ( 0.5y + ( ( ( 0.111111111111x + 0.25x ) * 0.166666666667y ) + ( ( 0.125y * 0.333333333333x ) + 0.1y ) ) ) ) + 0.1x )
ind: 27
( ( ( 0.1x * 0.2x ) + ( 0.111111111111x + ( ( 0.166666666667y * 0.142857142857y ) * ( 0.142857142857y + ( 0.5x * 0.2y ) ) ) ) ) + 0.25x )
ind: 28
( ( ( ( 0.1x + 0.125x ) + 0.5y ) * ( ( ( 0.142857142857x + 0.125y ) * 0.111111111111y ) * 0.166666666667x ) ) + 0.25y )
ind: 29
( ( ( ( 0.25x + ( 0.333333333333x + 0.333333333333y ) ) + 0.2y ) * ( 0.25x + 0.125y ) ) * ( ( 0.142857142857y + ( ( ( 0.125x * 0.333333333333y ) + 0.25y ) * 0.125x ) ) * 0.333333333333y ) )
ind: 30
( ( ( 0.111111111111x * ( ( ( 0.1x * 0.142857142857x ) * 1.0y ) + 0.1y ) ) * ( ( ( 0.142857142857x + ( 0.142857142857y + 0.166666666667x ) ) * ( 0.5y + 0.333333333333y ) ) * 0.142857142857x ) ) * 0.1x )
ind: 31
( ( ( 0.25x * 0.25x ) * ( ( ( ( 0.2y * 0.1y ) * ( 0.111111111111y * 0.125y ) ) * ( ( 0.1y + 0.166666666667y ) + 0.125x ) ) * ( 0.2x * 1.0x ) ) ) + 0.25x )
ind: 32
( ( ( ( 0.5y * ( 0.25x * 0.125y ) ) + ( 0.111111111111x * ( ( 0.1x * 1.0y ) + ( 0.166666666667y + 0.333333333333x ) ) ) ) * 0.2y ) + ( 0.25x * 0.111111111111x ) )
ind: 33
( ( 0.5x + ( 1.0x + ( ( ( 0.166666666667y * 0.142857142857y ) * 0.333333333333x ) * 0.25y ) ) ) * 0.25x )
ind: 34
( 0.142857142857y * ( ( ( ( 0.142857142857x + 0.1y ) * 0.25y ) + 0.5y ) + 0.2y ) )
ind: 35
( 0.142857142857x + 0.125y )
ind: 36
( ( 0.166666666667x * ( ( 0.5y * ( ( 0.111111111111y + 0.142857142857x ) + 0.142857142857y ) ) + 0.2x ) ) * 0.25y )
ind: 37
( 0.111111111111x * ( ( ( ( ( 0.25x + 0.125x ) * 0.2y ) + 0.2y ) + 0.125y ) * ( ( ( 0.333333333333y * ( 0.25y * 0.125y ) ) + 0.125y ) * 0.111111111111y ) ) )
ind: 38
( 0.2y * ( ( ( ( 0.5x + 0.166666666667x ) * 0.5y ) * 0.111111111111x ) * 0.2x ) )
ind: 39
( ( ( 0.142857142857y * ( ( ( 0.25x * 0.166666666667x ) + ( 0.142857142857x * 0.25x ) ) + ( 0.5y * 0.333333333333y ) ) ) + 1.0y ) * ( 1.0x + ( 0.142857142857x * 0.333333333333x ) ) )
ind: 40
( 0.111111111111x + ( ( ( ( 0.142857142857y + ( 0.125x + 0.166666666667x ) ) * ( 0.166666666667y + ( 0.1y * 0.166666666667x ) ) ) + 0.166666666667x ) * ( 1.0x + ( ( ( 0.333333333333y * 0.25y ) * ( 0.2y * 0.166666666667y ) ) + 0.5x ) ) ) )
ind: 41
( 0.25x * 0.333333333333y )
ind: 42
( ( 1.0x + ( ( ( ( 0.2y * 0.142857142857y ) + 0.25y ) * 0.2x ) + 1.0x ) ) + ( ( ( ( ( 0.1x + 1.0y ) + ( 0.25x * 0.111111111111x ) ) + 0.25y ) * 0.125x ) + ( 0.166666666667x * ( ( 0.166666666667y * 0.2y ) + 0.25x ) ) ) )
ind: 43
( ( 0.25y * 0.25y ) + ( 0.1x * 1.0x ) )
ind: 44
( ( ( 0.2x + 0.5x ) + 0.125y ) + 0.5x )
ind: 45
( 0.2x + 0.125y )
ind: 46
( 0.5x * ( ( ( 1.0x * ( 0.5x * 0.333333333333y ) ) + ( ( 0.5x * ( 0.1x * 0.333333333333y ) ) + 0.5y ) ) + ( 0.2y + ( ( ( 0.166666666667x + 0.142857142857y ) + ( 0.25x * 0.142857142857x ) ) + 0.25x ) ) ) )
ind: 47
( ( ( ( 0.333333333333x + ( 0.125y + 0.166666666667y ) ) * 0.25y ) * 1.0x ) + 0.25x )
ind: 48
( ( 0.166666666667x * ( ( 0.142857142857y * ( 0.125x * 0.1x ) ) * 0.111111111111y ) ) * ( 0.333333333333x * 0.1x ) )
ind: 49
( ( ( 0.5x * 1.0x ) + 0.5y ) + 0.25x )
ind: 50
( ( 0.111111111111y * ( ( ( 0.5x * 0.111111111111y ) + ( 0.5x * ( 0.2y * 0.142857142857y ) ) ) * 0.333333333333x ) ) * ( ( 1.0x + ( ( 0.111111111111y + 0.125x ) + 0.142857142857x ) ) + ( ( ( 0.142857142857x + 0.333333333333x ) + 0.2x ) * 0.5y ) ) )
ind: 51
( ( 0.166666666667y + 0.111111111111x ) * ( 0.333333333333x + ( 0.142857142857x + 0.111111111111x ) ) )
ind: 52
( ( ( ( ( ( 0.333333333333x * 0.333333333333y ) + ( 0.142857142857x + 0.142857142857x ) ) * ( ( 0.142857142857x * 0.25x ) * 0.333333333333y ) ) * 0.333333333333x ) * 0.142857142857x ) + ( ( ( ( ( 1.0x * 0.125y ) * 0.1y ) * 0.25y ) * 0.142857142857x ) + 0.25y ) )
ind: 53
( 0.125y + ( ( ( 1.0x * ( ( 0.25y * 0.142857142857y ) * ( 0.125y + 0.333333333333x ) ) ) * ( ( 1.0y + ( 0.166666666667x + 0.166666666667x ) ) + 0.2x ) ) * ( ( 0.142857142857x * 0.5x ) + 0.1x ) ) )
ind: 54
( 0.25x * ( 0.2x * ( ( ( ( 0.2x * 0.111111111111y ) + ( 0.125x + 0.142857142857y ) ) * 0.5y ) + 0.166666666667x ) ) )
ind: 55
( 0.166666666667x * 0.5y )
ind: 56
( ( 0.111111111111x + 0.166666666667y ) + 0.25y )
ind: 57
( 0.166666666667x + 0.142857142857y )
ind: 58
( ( 0.125x * ( 0.125y + ( 0.5x * 0.142857142857y ) ) ) * ( 0.125x + 0.25y ) )
ind: 59
( 0.5x + 0.333333333333y )
ind: 60
( ( 0.166666666667y + ( ( ( 0.166666666667x * 1.0x ) * ( ( 0.1x + 1.0y ) * ( 0.2y + 0.333333333333y ) ) ) * 1.0x ) ) * 0.333333333333x )
ind: 61
( ( ( ( 0.25y + ( ( 0.333333333333y * 0.2x ) * ( 1.0x + 0.5x ) ) ) + ( ( ( 1.0y * 1.0y ) + ( 0.1y + 0.5x ) ) + ( ( 0.166666666667y + 0.25x ) * ( 1.0x + 0.1y ) ) ) ) * ( 0.142857142857y * 1.0y ) ) + 0.333333333333x )
ind: 62
( ( 0.5x * ( 0.25x + ( ( 0.111111111111y * ( 0.166666666667x * 0.142857142857y ) ) + 0.166666666667y ) ) ) * 0.125y )
ind: 63
( 0.111111111111x * ( 0.166666666667y + ( 0.2x + ( 0.25y + ( 0.125y + 0.111111111111y ) ) ) ) )
ind: 64
( 0.166666666667x + ( ( 1.0y + 0.333333333333y ) * 0.125y ) )
ind: 65
( 1.0y + 0.142857142857x )
ind: 66
( 0.125y * 0.166666666667x )
ind: 67
( ( 0.111111111111x * 0.1y ) * 0.166666666667y )
ind: 68
( 1.0y * 0.2x )
ind: 69
( 0.125y + 0.333333333333x )
ind: 70
( ( ( 0.125y * 0.111111111111y ) * 0.5x ) + 0.166666666667y )
ind: 71
( ( ( 0.166666666667x + ( ( 0.1x + 0.142857142857x ) * 0.25y ) ) + ( 0.333333333333y * ( 0.25y * ( ( 0.111111111111x * 0.333333333333x ) * 0.25x ) ) ) ) + 0.166666666667x )
ind: 72
( ( 0.166666666667x + 0.2y ) + 0.2y )
ind: 73
( ( ( ( ( 0.5y + 0.2y ) + 0.125y ) + 1.0y ) * 0.333333333333x ) * 0.1x )
ind: 74
( 0.142857142857x * ( 0.166666666667y + 0.1x ) )
ind: 75
( 0.2x + ( 0.333333333333x * ( ( ( 0.5x * ( 0.125x * 1.0x ) ) + 0.142857142857x ) * ( 0.142857142857x + 0.1y ) ) ) )
ind: 76
( ( ( 0.125x * ( 0.166666666667x + ( 0.111111111111y * 0.111111111111x ) ) ) * ( ( ( 0.142857142857y + ( 0.1x + 0.111111111111x ) ) + 0.125x ) + 0.2y ) ) + 0.1x )
ind: 77
( ( ( 0.142857142857x * ( 0.166666666667x + ( 0.5y + 0.166666666667x ) ) ) + ( 0.5x + 0.1x ) ) * 0.111111111111x )
ind: 78
( ( 0.111111111111y + 0.25x ) * ( 0.166666666667y + 0.142857142857y ) )
ind: 79
( 0.5x + ( 1.0x + 0.25y ) )
ind: 80
( ( ( ( ( 0.111111111111x * 1.0y ) * 1.0y ) + 0.142857142857x ) * ( 0.2y * 0.142857142857y ) ) + 0.333333333333y )
ind: 81
( 0.125y + 0.166666666667x )
ind: 82
( ( ( 1.0y * 0.333333333333y ) * ( ( ( ( 0.1x * 0.125x ) + ( 0.25y + 0.2y ) ) * ( ( 1.0y + 0.2y ) + 0.1y ) ) + ( ( ( 0.25x + 0.2x ) + ( 0.25x + 0.333333333333y ) ) + 0.1y ) ) ) * ( ( 0.2x * ( ( 0.125y * ( 0.5x + 0.142857142857x ) ) * ( ( 1.0x + 0.25y ) + ( 0.142857142857y + 0.166666666667x ) ) ) ) + ( 0.111111111111x + ( ( 0.5y * 0.2x ) * ( 0.166666666667x + ( 0.25x * 0.166666666667y ) ) ) ) ) )
ind: 83
( 0.142857142857x + ( 0.25x * 0.166666666667y ) )
ind: 84
( 0.125x * ( 0.166666666667y * ( ( 0.5x + 0.5x ) + 0.1y ) ) )
ind: 85
( ( 0.2x + 0.166666666667y ) + 0.142857142857y )
ind: 86
( ( 0.25x * 0.111111111111y ) * ( 0.25y + 0.166666666667y ) )
ind: 87
( ( ( ( 0.111111111111y * 0.1y ) * ( ( ( 0.125x + 0.25y ) * ( 0.333333333333y * 0.25y ) ) * 0.25y ) ) + 0.5x ) * 0.142857142857y )
ind: 88
( ( ( 1.0x * 0.1y ) * 0.166666666667x ) + ( 1.0x + 0.2x ) )
ind: 89
( ( 0.2x + ( ( ( 0.142857142857y + ( 0.166666666667x * 0.25y ) ) + ( ( 0.142857142857y * 0.111111111111y ) * 0.111111111111y ) ) * 0.333333333333y ) ) * ( 0.2y * ( ( 0.25x + 0.142857142857y ) + ( ( ( 0.2y + 0.1y ) + ( 0.5x * 0.111111111111x ) ) + 0.333333333333x ) ) ) )
ind: 90
( 0.25y + 0.25x )
ind: 91
( ( ( 0.142857142857y + 0.25x ) + ( 0.125x * 0.166666666667y ) ) * ( ( 0.333333333333x * ( 0.25x + ( 0.142857142857y + 0.25y ) ) ) + ( ( 0.142857142857y * 0.142857142857x ) + ( 0.333333333333x + ( ( 0.142857142857x * 0.1y ) * ( 0.166666666667x + 0.25y ) ) ) ) ) )
ind: 92
( 0.166666666667y * 0.142857142857x )
ind: 93
( ( ( ( ( ( 0.125x * 0.166666666667y ) + ( 0.125x * 0.125x ) ) + ( 0.125y * ( 0.166666666667y + 0.2x ) ) ) + 0.1x ) + 0.1y ) + 1.0x )
ind: 94
( 1.0y + 0.166666666667x )
ind: 95
( 0.142857142857y + 0.1x )
ind: 96
( ( ( ( 0.142857142857y + ( 0.5x * ( 0.5y * 0.125x ) ) ) * ( ( 0.142857142857y * ( 0.125x + 0.1x ) ) + 0.5y ) ) * 0.333333333333y ) + 0.142857142857y )
ind: 97
( ( ( ( 0.5y * ( ( 0.142857142857x * 0.333333333333x ) * 0.125y ) ) * 0.25x ) * 0.111111111111x ) * 0.125y )
ind: 98
( 0.111111111111x + 1.0y )
ind: 99
( ( ( ( ( 0.5x * ( 0.1x + 0.2y ) ) + 0.5x ) * 0.125y ) * 0.1y ) + ( ( ( 0.142857142857x * ( 0.142857142857y * ( 0.166666666667y * 0.125x ) ) ) * ( 0.142857142857x * ( 0.333333333333y + ( 0.166666666667x + 0.5y ) ) ) ) + 1.0x ) )
ind: 100
( ( 0.25x * ( 0.333333333333y * ( ( 0.2y * 0.166666666667y ) * 0.125x ) ) ) + ( 0.5y + 0.125y ) )
ind: 101
( ( 0.333333333333y * ( 0.125y * 0.125x ) ) * 1.0y )
ind: 102
( 0.5y + ( 0.1x + ( ( 0.25x + ( 0.166666666667x * ( 0.111111111111x * 0.166666666667x ) ) ) + ( ( ( 0.142857142857x * 0.142857142857x ) + 0.111111111111x ) + ( ( 0.1x * 0.166666666667x ) * 0.333333333333y ) ) ) ) )
ind: 103
( ( 0.1y * 0.166666666667x ) * ( ( ( 0.142857142857y + ( 0.111111111111y + ( 1.0x + 0.111111111111x ) ) ) * ( ( ( 0.5y + 0.25x ) * ( 0.25y + 0.166666666667x ) ) + ( ( 0.5x * 0.5x ) + ( 0.333333333333y * 0.25y ) ) ) ) * 0.5x ) )
ind: 104
( 0.333333333333y * ( 0.111111111111y * ( 0.5x * ( ( ( 0.25x + 1.0y ) + 0.111111111111y ) + 1.0y ) ) ) )
ind: 105
( 0.1x * ( 1.0y * ( ( 0.5y + 0.111111111111x ) * 0.111111111111x ) ) )
ind: 106
( ( ( ( ( ( 0.166666666667y + 0.142857142857y ) + ( 0.166666666667y * 0.142857142857x ) ) + 0.333333333333y ) * 1.0x ) + ( ( 0.111111111111y + 0.2y ) * ( ( 0.1y + ( 0.2y + 1.0x ) ) + ( 0.1y * 0.125x ) ) ) ) * 0.111111111111x )
ind: 107
( ( ( ( ( 0.333333333333x * 0.1x ) + ( ( 0.25y * 0.5y ) + ( 1.0y * 0.333333333333x ) ) ) + ( 0.1x * ( 0.1y + 0.166666666667y ) ) ) + 1.0y ) + ( ( 1.0x + ( ( 0.125y * ( 0.1y * 0.166666666667x ) ) + ( 1.0x * 0.1x ) ) ) * 0.25y ) )
ind: 108
( ( 0.166666666667y * ( 0.333333333333x * 0.25x ) ) + ( ( ( 0.2y * ( ( 0.1y + 0.1y ) + ( 0.25y + 1.0x ) ) ) * 0.125y ) * 0.111111111111x ) )
ind: 109
( 0.1x + ( ( ( 0.125y * 0.111111111111x ) + 0.1y ) + 1.0x ) )
ind: 110
( 0.111111111111x * 0.2y )
ind: 111
( ( ( ( ( 0.111111111111x * 0.5y ) + 0.333333333333y ) * 0.142857142857y ) + ( ( 0.1y + 0.111111111111x ) + ( ( 0.2y * 0.5y ) + ( ( 0.333333333333y * 0.111111111111y ) * 1.0y ) ) ) ) * 0.25y )
ind: 112
( 0.5x * ( 0.25y * ( ( 0.166666666667x * 0.111111111111y ) * 0.2y ) ) )
ind: 113
( 0.333333333333x * ( ( 0.2x + ( ( 1.0y + 1.0y ) * 0.333333333333y ) ) * ( 0.25x * ( ( 0.142857142857x * ( 0.111111111111x * 0.166666666667y ) ) + ( ( 0.25x * 0.125y ) * ( 0.166666666667y + 0.1y ) ) ) ) ) )
ind: 114
( ( 0.333333333333x + ( 0.2y + ( 0.2x + 0.111111111111x ) ) ) + ( ( 0.25y * 0.1y ) + 0.125x ) )
ind: 115
( ( 0.142857142857x * ( 0.333333333333y + 0.25y ) ) * ( ( ( ( 1.0y * ( 0.333333333333y + 0.1x ) ) + 0.1x ) * ( 0.166666666667y + 0.166666666667y ) ) + 0.25y ) )
ind: 116
( 0.125y * ( ( 0.125x + 0.166666666667x ) + ( 1.0x + ( 0.2x + 0.166666666667y ) ) ) )
ind: 117
( ( 0.142857142857x + 0.142857142857x ) * 0.142857142857y )
ind: 118
( 0.166666666667y + ( 0.333333333333y * ( ( 0.166666666667x * 1.0x ) * 0.166666666667y ) ) )
ind: 119
( ( ( 0.2y + 0.25x ) + ( ( 0.1x + ( 0.166666666667y + ( 0.142857142857y * 0.2y ) ) ) * ( 0.2y * 1.0y ) ) ) * 0.166666666667x )
ind: 120
( ( ( ( ( 1.0x * 0.25x ) * 0.125y ) * 0.25y ) + 0.1y ) + ( ( ( 0.1y + 0.5y ) + 0.142857142857y ) + ( ( ( 0.111111111111y + ( 0.111111111111x + 0.1y ) ) * ( 0.1y * 0.1y ) ) * ( ( 0.142857142857x * 0.111111111111y ) + ( 0.125x + ( 0.25y + 0.333333333333x ) ) ) ) ) )
ind: 121
( ( ( ( ( ( 0.333333333333y + 0.25x ) + 0.111111111111y ) + ( 0.1y + 0.333333333333y ) ) * 0.166666666667y ) + 0.1y ) + ( 0.5x + 0.25y ) )
ind: 122
( ( ( ( ( 0.125x * 0.142857142857y ) * ( 1.0x + ( 1.0y * 0.333333333333y ) ) ) + ( ( 1.0x * 0.125x ) + 1.0x ) ) + 0.5y ) * ( 0.2x + 0.111111111111x ) )
ind: 123
( 1.0x + ( 0.333333333333y * ( ( ( ( 0.2y * 0.1x ) * 0.111111111111x ) + ( 0.5x * 0.2x ) ) + 1.0x ) ) )
ind: 124
( 0.142857142857x * 0.5y )
ind: 125
( 0.142857142857y + 0.125x )
ind: 126
( 1.0y * 0.25x )
ind: 127
( 0.142857142857y * ( ( ( 0.25y + 0.166666666667y ) * ( ( ( 0.2x * 0.111111111111y ) + ( 0.142857142857x + 0.5x ) ) * ( ( 0.5x * 0.111111111111y ) + 0.125y ) ) ) * 0.111111111111y ) )
ind: 128
( ( ( 0.2x + 0.125x ) * ( ( 0.142857142857y + ( 0.125y * ( 0.142857142857y + 0.1x ) ) ) * ( 0.142857142857y * ( ( 0.1x + 0.2y ) * ( 0.2x + 0.125x ) ) ) ) ) * ( 0.2y + ( 0.125y * ( ( 0.25y * 0.125y ) + ( 0.25x * 0.25y ) ) ) ) )
ind: 129
( 0.125x * ( ( ( 0.142857142857y + ( 0.111111111111y + 0.1y ) ) + 0.166666666667y ) + 0.333333333333y ) )
ind: 130
( 0.111111111111x * ( ( 0.333333333333y * ( 0.25y * ( ( 0.142857142857y + 0.25y ) + ( 0.142857142857y * 0.5x ) ) ) ) + 0.166666666667x ) )
ind: 131
( ( ( ( ( 0.125y * 0.125x ) + 0.166666666667y ) * 0.333333333333y ) * 0.1x ) + ( 0.1y * ( 0.111111111111y + ( ( ( 0.125y + 0.25y ) + 0.142857142857x ) * ( ( 1.0x + 0.166666666667x ) * ( 0.111111111111y + 0.333333333333x ) ) ) ) ) )
ind: 132
( ( 0.333333333333x * 0.25x ) * ( ( 0.5x * ( ( 0.166666666667y + 0.25x ) + ( ( 0.1x * 0.166666666667y ) * 0.2y ) ) ) + 1.0x ) )
ind: 133
( 0.25x + ( 0.2y + 0.25y ) )
ind: 134
( 0.166666666667y * ( 0.125x * ( ( ( 0.166666666667x * ( 0.125y * 1.0x ) ) * 0.142857142857y ) + 0.142857142857y ) ) )
ind: 135
( ( ( ( 0.1x + ( ( 0.1x + 0.5x ) * ( 0.1x * 0.333333333333y ) ) ) * ( 0.125y * ( ( 0.111111111111x + 0.1x ) * 0.333333333333x ) ) ) * 1.0x ) * ( 0.1x + ( ( 0.166666666667y * 0.125y ) + ( 0.2x * ( ( 0.166666666667y * 0.111111111111x ) * ( 0.142857142857x + 1.0x ) ) ) ) ) )
ind: 136
( 0.142857142857x * ( ( ( ( 0.166666666667y * 0.25y ) + 0.1x ) + 0.125y ) + 0.125y ) )
ind: 137
( ( ( 0.142857142857x * 0.125y ) + 0.5y ) + 0.25x )
ind: 138
( ( ( ( 0.142857142857y + ( ( 0.166666666667x * 0.25x ) * ( 0.1y * 0.125y ) ) ) + 0.166666666667y ) + 0.2x ) + ( 0.111111111111y * 0.5x ) )
ind: 139
( 0.111111111111y * 0.125x )
ind: 140
( 0.142857142857x * ( ( 0.2y * 0.125x ) + ( ( 0.166666666667y + 0.25x ) * ( 0.111111111111x + ( ( 0.25x * 0.25y ) + ( 0.166666666667x * 0.333333333333y ) ) ) ) ) )
ind: 141
( 0.5x * ( ( ( ( 1.0x + 0.2x ) * 0.125y ) * ( ( ( 0.5y * 0.333333333333y ) + 0.125y ) * ( 0.166666666667x * ( 1.0x * 0.25x ) ) ) ) * ( ( ( ( 0.166666666667y * 0.1y ) + ( 1.0y + 1.0x ) ) * ( ( 0.111111111111x + 1.0y ) + ( 0.111111111111x + 0.166666666667y ) ) ) + ( ( ( 0.333333333333y * 0.142857142857x ) * ( 0.125x * 0.111111111111y ) ) * ( ( 0.111111111111y * 0.125y ) + 0.142857142857x ) ) ) ) )
ind: 142
( ( ( 0.125x * 0.142857142857x ) * 0.1x ) * 0.2y )
ind: 143
( 0.111111111111y + ( ( ( 0.142857142857y * 0.111111111111y ) + 0.2x ) * 1.0y ) )
ind: 144
( ( 0.2x * 0.333333333333x ) * 0.125y )
ind: 145
( ( 0.142857142857x * ( 1.0x + 1.0y ) ) + ( 0.2y * 0.5x ) )
ind: 146
( ( ( ( ( ( 0.111111111111x + 0.25y ) + ( 0.5y + 0.166666666667x ) ) * 0.1y ) + 0.111111111111x ) + 0.5y ) + ( 0.111111111111x + ( ( ( ( 0.111111111111y * 0.2y ) + ( 0.166666666667y + 0.166666666667x ) ) + 0.5x ) + 0.333333333333y ) ) )
ind: 147
( 0.142857142857x * 0.25y )
ind: 148
( ( ( ( 0.2x * 0.25y ) + ( ( ( 0.125y * 0.5x ) + 0.5x ) + 0.5y ) ) + ( ( ( 0.125x + 0.333333333333y ) * 0.111111111111x ) + ( 0.333333333333x + 0.166666666667x ) ) ) * 0.25x )
ind: 149
( 0.333333333333x + 0.166666666667y )
ind: 150
( ( 0.25y + 0.2x ) + ( 0.166666666667x + 1.0x ) )
ind: 151
( 0.125x + 0.333333333333y )
ind: 152
( ( 0.142857142857x + 0.125y ) * 0.25x )
ind: 153
( 0.142857142857x * ( ( 0.25y + ( ( ( 0.111111111111x + 1.0x ) + ( 0.5y + 0.333333333333y ) ) + 1.0y ) ) + ( 0.111111111111y + ( ( 0.111111111111y + 0.125y ) + 0.111111111111y ) ) ) )
ind: 154
( ( 0.1x * ( 0.5y * 0.5y ) ) + 0.142857142857y )
ind: 155
( ( 0.5y + ( 0.111111111111y + 0.166666666667x ) ) + 0.111111111111x )
ind: 156
( ( ( ( ( 0.25x * 0.5x ) + ( ( 0.25y * 0.142857142857x ) + ( 0.25x + 0.166666666667x ) ) ) + 0.166666666667x ) * 0.125y ) + ( 0.142857142857y + 0.2y ) )
ind: 157
( ( 0.2x * 0.142857142857x ) * ( ( 0.142857142857y + ( ( ( 0.125x + 0.1y ) * ( 0.5x + 0.5x ) ) * 0.25y ) ) * ( ( ( ( 0.111111111111x + 0.25y ) + ( 0.111111111111x * 0.333333333333x ) ) * 0.5y ) * 0.2y ) ) )
ind: 158
( ( ( ( 0.142857142857x + 0.142857142857x ) * 0.166666666667x ) + ( ( ( 1.0x * 0.333333333333x ) * ( 1.0x * 0.125y ) ) * ( ( 0.125x + 0.166666666667x ) * 0.1x ) ) ) + 0.1y )
ind: 159
( ( 0.125x * ( ( 0.125x * ( ( 0.25y * 0.111111111111y ) * 0.5y ) ) * 0.111111111111y ) ) * ( 0.166666666667x * 0.2y ) )
ind: 160
( ( 0.5y * 0.333333333333y ) + ( ( 0.125y * ( 0.333333333333x + ( 1.0y * 0.25y ) ) ) + 0.125y ) )
ind: 161
( ( ( 0.125y * 0.5x ) + 0.2x ) * 1.0x )
ind: 162
( ( ( 0.111111111111x + 0.2y ) * 0.142857142857x ) + ( ( ( 0.333333333333y + ( ( 0.333333333333x * 0.2x ) * 0.111111111111y ) ) * 0.1x ) + ( ( 0.125y * ( 0.142857142857x * ( 0.111111111111x * 0.25y ) ) ) + ( 0.1x + 0.125y ) ) ) )
ind: 163
( 1.0y * 1.0x )
ind: 164
( ( ( 0.25x + 0.333333333333x ) * ( ( 0.25y + 0.166666666667x ) * ( ( ( 0.2x + 0.333333333333x ) + 0.142857142857y ) * ( ( 0.5x * 0.166666666667x ) * ( 1.0y * 0.5x ) ) ) ) ) + 0.142857142857y )
ind: 165
( 0.166666666667y * ( ( ( 0.2y * ( ( 0.125y * 0.125x ) + 0.2y ) ) * ( ( ( 0.1y + 0.142857142857x ) + ( 0.5y * 0.111111111111y ) ) * ( ( 0.166666666667y * 0.142857142857y ) * 1.0y ) ) ) + ( 0.5x * 0.25x ) ) )
ind: 166
( ( 0.2x + ( ( 0.142857142857y + ( 0.142857142857y * ( 0.5x + 0.333333333333y ) ) ) + 0.333333333333x ) ) + 0.166666666667x )
ind: 167
( 0.142857142857y + 0.333333333333x )
ind: 168
( ( ( ( ( 0.1x * 0.111111111111x ) + 0.142857142857y ) * ( 0.1x * ( ( 0.2x + 0.5x ) * 0.142857142857y ) ) ) + 1.0y ) * ( 1.0y * 0.111111111111x ) )
ind: 169
( 0.125x * 0.166666666667y )
ind: 170
( ( ( 0.166666666667x + ( 0.166666666667x + ( ( 0.1x * 0.166666666667x ) + 0.111111111111x ) ) ) * ( 0.142857142857y + 0.111111111111x ) ) + 0.111111111111x )
ind: 171
( 1.0x + ( ( ( ( 0.125x * ( 0.111111111111y + 0.2y ) ) + ( ( 0.1y * 0.111111111111x ) * 0.166666666667y ) ) * ( 0.142857142857x * 0.5y ) ) * 0.125y ) )
ind: 172
( ( 0.166666666667x * ( 1.0y * ( ( ( 0.25y + 0.1x ) + 0.142857142857y ) * ( 0.166666666667x * ( 1.0y + 0.125x ) ) ) ) ) * ( ( ( 0.166666666667x * ( 0.142857142857y + 0.5x ) ) + 0.111111111111y ) + 0.25y ) )
ind: 173
( 0.111111111111y + ( ( ( ( 1.0x + ( 0.333333333333x + 1.0x ) ) * ( 0.333333333333y * ( 0.111111111111x + 0.25x ) ) ) * ( 0.2y * 0.25y ) ) * ( ( 1.0x * ( ( 0.166666666667y * 0.333333333333x ) + ( 0.25y + 1.0y ) ) ) * ( 0.125x * 0.111111111111y ) ) ) )
ind: 174
( 0.1y * 0.333333333333x )
ind: 175
( ( 0.1x + ( 0.333333333333x + 0.1y ) ) * ( 0.125y + ( ( ( 1.0y + 0.111111111111x ) + 0.333333333333x ) * ( ( 0.5x + 0.2x ) * 0.25x ) ) ) )
ind: 176
( 1.0x * ( 0.166666666667x * ( 0.333333333333y * ( ( 0.1x + 0.2x ) * 0.1y ) ) ) )
ind: 177
( 0.166666666667y * ( ( 0.333333333333x + ( 0.5x + ( 0.111111111111x + ( 0.142857142857x + 0.166666666667x ) ) ) ) * ( 0.5x + 0.166666666667x ) ) )
ind: 178
( 0.125y + 0.125x )
ind: 179
( 0.5y + 0.2x )
ind: 180
( 0.111111111111y * 0.5x )
ind: 181
( 0.142857142857x * ( 0.25y * ( 1.0x + 0.142857142857y ) ) )
ind: 182
( 0.142857142857y * ( 1.0x + 0.2x ) )
ind: 183
( 0.125x * ( 0.166666666667y + 0.111111111111y ) )
ind: 184
( ( 0.142857142857y + 0.5y ) * ( ( 0.125x + ( 0.1y * 0.142857142857x ) ) + ( 0.1y + ( 0.25x * 0.125y ) ) ) )
ind: 185
( 0.142857142857y + ( ( 0.125x * 1.0x ) + ( ( 0.166666666667x + ( ( 0.125x * 0.1x ) + ( 0.333333333333y * 0.333333333333x ) ) ) + ( ( ( 0.142857142857x * 0.142857142857y ) * ( 0.142857142857y * 0.125y ) ) + 0.5y ) ) ) )
ind: 186
( 0.1x * 0.1y )
ind: 187
( ( ( ( ( 0.111111111111x * ( 0.333333333333x * 0.5y ) ) * 0.166666666667y ) + ( ( ( 0.25y * 0.125y ) + ( 0.142857142857x + 0.1y ) ) * 0.166666666667y ) ) * ( ( ( ( 0.25y + 0.333333333333y ) * ( 0.142857142857y * 0.25x ) ) + ( 0.333333333333y * 0.5y ) ) * ( 0.1y * 0.1x ) ) ) + 0.125y )
ind: 188
( 0.142857142857y + 1.0x )
ind: 189
( 0.111111111111x * ( 1.0x * ( 0.25y * 0.25y ) ) )
ind: 190
( ( 0.333333333333y * ( ( ( 0.1x + 0.111111111111y ) * ( ( 0.125x + 0.25y ) + ( 0.1y + 0.125y ) ) ) + ( 0.333333333333y + 1.0x ) ) ) * ( 0.2y * 0.2x ) )
ind: 191
( 0.1y + 0.1x )
ind: 192
( 0.25y * ( 0.25y * ( 0.333333333333x * 0.5y ) ) )
ind: 193
( 0.166666666667x + 0.111111111111y )
ind: 194
( ( ( 0.5x + ( 0.125x * ( 1.0x * ( 0.25y + 0.5y ) ) ) ) * 0.125y ) + ( ( 1.0x * 0.25x ) * ( ( 0.5x + 0.142857142857x ) * 0.111111111111x ) ) )
ind: 195
( 1.0x * ( ( ( 0.125y + ( ( 0.1y * 0.111111111111x ) + 0.166666666667y ) ) + 0.333333333333y ) + ( 0.111111111111y * 0.5x ) ) )
ind: 196
( ( ( ( 0.333333333333y + 0.142857142857y ) + 0.111111111111y ) + 0.1y ) * ( ( 0.2y + 0.125y ) * ( 0.111111111111y * ( 0.111111111111y * 0.1x ) ) ) )
ind: 197
( 0.142857142857y + ( 1.0x * ( ( ( 0.166666666667x + ( 0.333333333333y + 0.333333333333x ) ) * 0.25y ) * 0.2x ) ) )
ind: 198
( ( 0.2y * ( ( 0.166666666667x + ( 0.142857142857y + ( 1.0y + 0.1x ) ) ) * 0.5x ) ) * ( 0.111111111111x + 0.25x ) )
ind: 199
( ( ( ( ( ( 0.166666666667y + 0.1x ) + ( 0.142857142857x * 0.25y ) ) * 0.166666666667x ) * 0.5y ) + 0.125x ) + 0.25x )
ind: 200
( ( ( 0.25y * ( ( ( 0.5y * 0.5y ) * ( 0.142857142857y * 1.0y ) ) * 0.111111111111x ) ) + ( 0.25y * ( 0.125x + ( ( 1.0y + 0.125x ) * ( 0.1x + 0.333333333333x ) ) ) ) ) * 0.166666666667y )
ind: 201
( 0.333333333333y + ( ( 0.25x + 0.166666666667x ) + ( 0.25x + ( 0.25y * ( ( 0.25y * 0.333333333333x ) * ( 0.125y * 0.1x ) ) ) ) ) )
ind: 202
( 1.0x * ( 0.111111111111y * ( ( 0.25y * 0.333333333333y ) + ( ( 0.5x * ( 0.2x + 0.25y ) ) + ( ( 0.142857142857x * 0.166666666667y ) + ( 0.142857142857y + 0.2x ) ) ) ) ) )
ind: 203
( ( ( 0.5y + ( ( 0.111111111111y + 0.1y ) + ( ( 0.2y * 0.125y ) + 0.333333333333y ) ) ) + ( 0.142857142857y + ( ( 1.0x + ( 0.2y + 0.166666666667x ) ) + 0.166666666667y ) ) ) + 0.2y )
ind: 204
( 0.166666666667y * 0.2x )
ind: 205
( 0.166666666667y + 0.25x )
ind: 206
( 1.0x + 0.5y )
ind: 207
( 0.333333333333x + 0.111111111111y )
ind: 208
( ( 0.166666666667y + 0.333333333333x ) + 0.5y )
ind: 209
( ( 0.142857142857x * 0.333333333333x ) + ( ( 0.2x + 0.5x ) + ( ( 0.166666666667y + ( ( 0.333333333333y * 0.2x ) * ( 0.142857142857x * 1.0y ) ) ) * 0.5y ) ) )
ind: 210
( ( ( ( 0.166666666667x * ( 0.25x * 1.0y ) ) + ( ( ( 0.2y * 0.111111111111x ) * ( 0.142857142857y + 0.2y ) ) * ( 0.142857142857y * ( 0.125x + 0.5x ) ) ) ) + ( 0.142857142857x * ( ( ( 0.333333333333x + 1.0y ) + 0.25y ) + ( ( 0.142857142857x + 0.333333333333x ) * 0.25y ) ) ) ) * ( 0.125y * ( 0.1y + ( ( ( 0.1y * 0.142857142857x ) + 0.333333333333y ) * ( 0.125x + ( 1.0y + 0.2x ) ) ) ) ) )
ind: 211
( ( ( ( ( 0.166666666667y * ( 0.142857142857y * 0.1x ) ) * 0.111111111111x ) + 0.2y ) * 0.1y ) * 0.166666666667y )
ind: 212
( ( 1.0x * ( 0.25x + ( ( ( 0.1y * 0.5y ) + ( 0.1x * 0.142857142857y ) ) * 0.125y ) ) ) + ( 0.125x * ( ( ( 0.5y + 0.5y ) + 0.166666666667x ) * ( ( ( 0.1y * 0.5x ) + ( 0.5y + 0.1x ) ) * ( ( 0.333333333333y * 0.1y ) + 0.1y ) ) ) ) )
ind: 213
( 0.1x * ( ( ( 0.5y * 0.333333333333x ) + ( 1.0x + 0.333333333333x ) ) + 0.125x ) )
ind: 214
( ( ( 0.5x * 0.125x ) + 0.142857142857x ) * ( ( ( 0.142857142857x + 0.25x ) * ( 0.125y * ( 0.2x + ( 0.166666666667y * 1.0y ) ) ) ) * ( ( 0.125x * ( 0.111111111111y * ( 0.5y * 0.125x ) ) ) + ( ( ( 0.125y * 0.333333333333x ) + ( 0.142857142857x + 0.25y ) ) + 0.111111111111y ) ) ) )
ind: 215
( ( 1.0x * 0.25x ) * ( ( 0.333333333333x + ( ( 1.0x * ( 0.5x * 0.125y ) ) + 0.166666666667x ) ) * 1.0x ) )
ind: 216
( 1.0y + ( ( 0.125y + 1.0y ) + ( 0.125x + ( 0.5x * 0.5y ) ) ) )
ind: 217
( ( ( ( ( ( 0.125y * 0.25y ) * ( 0.125x + 0.111111111111x ) ) + 0.111111111111x ) * 0.125y ) * ( 0.2y + 1.0x ) ) + 0.25y )
ind: 218
( ( ( 0.1x + ( ( 0.111111111111y + ( 0.333333333333y * 0.2y ) ) + 0.333333333333y ) ) + 0.142857142857x ) * ( ( 0.333333333333x + 1.0x ) * 0.1y ) )
ind: 219
( ( ( 0.5x * ( ( 0.111111111111x + 1.0y ) + ( ( 0.25x * 0.333333333333x ) * 0.142857142857y ) ) ) * 0.166666666667y ) + ( 0.142857142857y * 0.25y ) )
ind: 220
( ( ( ( ( 0.142857142857y + 1.0y ) * ( 0.1y + ( 0.125x * 0.1y ) ) ) + 0.166666666667x ) * 1.0y ) * 0.166666666667y )
ind: 221
( ( ( ( ( 1.0y + 0.1y ) * 0.166666666667x ) * 0.2y ) * ( 0.1x * 0.333333333333y ) ) + ( 0.333333333333y + ( 0.333333333333y * ( ( ( 0.1x + 0.142857142857y ) * 0.111111111111y ) + ( 0.166666666667y + ( 0.5x * 0.333333333333x ) ) ) ) ) )
ind: 222
( 0.333333333333x * 0.111111111111y )
ind: 223
( ( 0.142857142857x * ( 0.166666666667x * ( 0.142857142857x * 0.1y ) ) ) * ( ( 0.111111111111x * ( 0.111111111111x + ( 0.166666666667y + ( 0.1x * 0.333333333333y ) ) ) ) * 0.125x ) )
ind: 224
( ( ( ( 0.1x * ( 0.142857142857y + 0.25y ) ) + 0.25y ) + ( 0.1x * 0.333333333333y ) ) * 0.5y )
ind: 225
( ( ( ( 0.25y * 0.166666666667y ) * ( ( ( 1.0x + 0.142857142857y ) * ( 0.142857142857y + 0.166666666667x ) ) * ( ( 0.1y * 0.2x ) * 0.25y ) ) ) + 0.142857142857y ) * 0.166666666667x )
ind: 226
( ( 0.142857142857x * ( ( 0.125y * ( 0.1x * 0.111111111111y ) ) + ( 0.25x * 0.5y ) ) ) * 0.5x )
ind: 227
( 0.111111111111y + ( ( 0.333333333333x + 1.0x ) + ( ( ( ( 0.111111111111y * 0.111111111111x ) * ( 0.1y * 1.0x ) ) * ( 0.125x * 0.125y ) ) + ( ( ( 0.5x + 0.166666666667x ) * ( 0.25y * 0.2x ) ) * ( 1.0x * ( 0.1x + 0.333333333333y ) ) ) ) ) )
ind: 228
( 0.1x * 1.0y )
ind: 229
( 1.0x + ( 0.1y * 0.142857142857x ) )
ind: 230
( ( 0.125x + 0.1x ) * 1.0y )
ind: 231
( 0.125x + 0.111111111111y )
ind: 232
( 0.1y * ( 0.125x * ( 0.5y * ( ( 0.166666666667y * ( 0.166666666667x * 0.1x ) ) * ( 0.25y + 0.2y ) ) ) ) )
ind: 233
( 0.5x * 0.2y )
ind: 234
( ( ( 1.0x * 0.125x ) + 0.25y ) + 0.5x )
ind: 235
( ( 0.25y * 0.333333333333x ) + ( ( ( ( 1.0x * 0.1x ) * 1.0y ) + ( ( 0.111111111111x + 0.1x ) * 1.0y ) ) + ( ( 0.2x + 0.2y ) * 0.5x ) ) )
ind: 236
( 0.2x + ( ( 0.25y + ( 0.2x * 0.142857142857y ) ) + ( 0.1y * 1.0y ) ) )
ind: 237
( ( 0.1y + ( ( ( 0.25x * 0.125x ) + ( 0.111111111111y + ( 0.2y * 0.333333333333x ) ) ) + 0.166666666667x ) ) + ( 0.111111111111x + ( 0.142857142857x + 1.0y ) ) )
ind: 238
( ( 0.111111111111x + ( 0.111111111111y + 0.142857142857y ) ) * 0.166666666667y )
ind: 239
( 0.1x + 0.2y )
ind: 240
( 0.25y + 0.25x )
ind: 241
( ( 1.0x * ( 0.111111111111y * 0.25y ) ) + ( 0.125x * 0.125x ) )
ind: 242
( 0.2x + 0.142857142857y )
ind: 243
( 0.333333333333y + 0.125x )
ind: 244
( ( ( ( 0.166666666667y + ( ( 1.0x * 1.0x ) + ( 0.1y + 0.2x ) ) ) * ( ( ( 0.5y * 0.166666666667x ) + ( 0.125y * 1.0y ) ) * 0.111111111111y ) ) * 0.125x ) * 0.111111111111x )
ind: 245
( ( 0.2x * ( ( 0.125y * ( 0.1x * 0.2x ) ) * 0.142857142857y ) ) + 0.125x )
ind: 246
( ( 0.25x * 0.5x ) + ( 0.333333333333y * 0.5y ) )
ind: 247
( 0.125x * ( ( ( 1.0y * 0.333333333333x ) * 0.5y ) * ( 0.166666666667y * 0.25y ) ) )
ind: 248
( ( 0.142857142857x * ( 1.0x + ( ( ( 0.142857142857y + 0.166666666667y ) + 1.0y ) * ( 0.125y + ( 0.2y * 0.142857142857y ) ) ) ) ) + 0.166666666667x )
ind: 249
( ( 0.333333333333y * 0.5y ) + ( 1.0y + ( ( ( ( 0.2x * 0.142857142857x ) + 0.333333333333x ) * ( 0.5y * ( 0.166666666667y * 0.125x ) ) ) + 0.125y ) ) )
ind: 250
( ( ( ( 0.333333333333y * 0.125y ) * ( 1.0y + 0.25x ) ) + 0.166666666667y ) + ( 0.111111111111y + ( ( ( 0.125x + ( 0.25y + 0.25x ) ) * ( 0.166666666667y * 0.333333333333x ) ) * ( ( 0.166666666667x + 0.2y ) + 0.5y ) ) ) )
ind: 251
( 1.0y * ( ( 0.166666666667y + ( 0.5y * 0.1x ) ) * 0.142857142857y ) )
ind: 252
( 0.166666666667x + 0.125y )
ind: 253
( ( 0.125y * 0.2x ) * 0.333333333333x )
ind: 254
( ( 0.5y + ( 0.333333333333y * ( 0.2x + ( ( 0.2x + 0.1x ) * ( 0.111111111111y * 0.2y ) ) ) ) ) + ( 0.166666666667x * ( 0.333333333333x + 0.125x ) ) )
ind: 255
( ( 1.0y + ( ( ( 0.142857142857x + 0.111111111111x ) * ( ( 0.111111111111y + 0.111111111111y ) + ( 0.142857142857y + 0.125y ) ) ) + ( 0.111111111111y + 0.333333333333x ) ) ) + ( ( 0.166666666667y * 0.142857142857x ) * ( ( ( 0.1y + ( 0.1y + 0.2x ) ) * 0.111111111111x ) * 0.1x ) ) )
ind: 256
( ( ( 0.5x + ( ( ( 0.125y * 0.111111111111y ) * ( 0.2y + 0.142857142857x ) ) * ( 0.1y + 0.142857142857y ) ) ) * ( ( ( 0.5x + 0.333333333333x ) + ( ( 0.2y + 0.1y ) * ( 0.166666666667x * 0.333333333333y ) ) ) * 0.1y ) ) + ( ( ( 1.0x * 0.125y ) + ( 0.125y + 0.2x ) ) * 0.2y ) )
ind: 257
( 1.0x + ( ( ( 0.125x + 0.5y ) * 0.111111111111y ) * 0.2y ) )
ind: 258
( 1.0y * ( ( ( 1.0x + ( ( 0.166666666667y + 0.142857142857y ) + 0.166666666667y ) ) * ( ( ( 0.333333333333y * 0.25x ) * 0.125x ) * 1.0y ) ) * 0.111111111111x ) )
ind: 259
( ( ( 0.142857142857x + ( ( 1.0y * 0.5x ) * 0.5x ) ) + 0.333333333333y ) + 0.166666666667y )
ind: 260
( 0.2x * ( ( ( 0.1x + ( ( 0.25x * 0.333333333333x ) * 0.111111111111x ) ) * 0.25y ) + ( 0.5y + 0.1x ) ) )
ind: 261
( 0.142857142857y + ( ( ( 0.2x + ( ( 0.142857142857y * 0.142857142857x ) + 0.2y ) ) * 0.142857142857x ) * 0.166666666667x ) )
ind: 262
( ( ( 0.1y + 0.125x ) + 0.125y ) + ( ( 0.125x * ( ( ( 0.333333333333y * 0.1x ) * ( 0.142857142857y * 0.125x ) ) * ( ( 1.0x * 1.0y ) * 0.125y ) ) ) * 0.111111111111x ) )
ind: 263
( ( ( 0.5y + 0.5x ) + 0.25x ) + 0.142857142857x )
ind: 264
( ( ( 0.142857142857x * ( 0.25x + ( ( 0.25y + 0.2y ) + 0.2y ) ) ) + ( 0.5y + ( 0.125x * 0.5y ) ) ) * 0.166666666667x )
ind: 265
( ( 0.25x + 0.142857142857x ) * 0.166666666667y )
ind: 266
( 0.142857142857y + ( 0.111111111111y + 0.2x ) )
ind: 267
( 0.5y * ( ( ( ( 0.5x + 1.0y ) * ( 0.125y * 0.125y ) ) * ( 0.5x + 1.0x ) ) * ( ( 0.25y + 0.142857142857y ) * ( ( 0.125x * 0.1y ) * ( 0.111111111111y + 0.333333333333y ) ) ) ) )
ind: 268
( ( 0.111111111111x + ( ( ( ( 0.5x * 0.1y ) + 0.2y ) * 0.166666666667y ) + ( ( 0.125x + 0.5x ) + ( 0.5y * 0.25y ) ) ) ) * 0.1y )
ind: 269
( ( 0.166666666667x * ( ( ( 0.111111111111x + ( 0.125y + 0.2x ) ) + ( ( 0.5y * 0.125y ) + 0.142857142857x ) ) + ( 0.25x * ( 0.142857142857y * 0.333333333333x ) ) ) ) * ( 0.2x + 0.5y ) )
ind: 270
( ( 0.111111111111x * ( 0.111111111111y * 0.111111111111x ) ) * ( 1.0x + 0.333333333333y ) )
ind: 271
( ( ( 0.111111111111x * 0.125x ) + ( 0.2x * ( ( 0.166666666667y + ( 1.0y + 0.1x ) ) * 0.111111111111x ) ) ) + ( 0.142857142857x * ( 0.166666666667y + 1.0x ) ) )
ind: 272
( ( 0.5x * 1.0y ) * 0.142857142857y )
ind: 273
( 0.2y * ( ( ( ( ( 0.125y + 0.2y ) + 0.166666666667x ) * ( 0.125y + 0.5y ) ) * 0.2x ) + 0.25x ) )
ind: 274
( 0.2y * 0.25x )
ind: 275
( ( ( 0.25y + ( 0.333333333333y + 0.333333333333x ) ) * ( ( 0.1y * 0.125y ) + ( 0.25y + ( 0.111111111111x + 0.333333333333y ) ) ) ) * ( 0.25x + 0.142857142857y ) )
ind: 276
( ( 0.111111111111y + ( ( ( ( 0.111111111111x * 0.1x ) + 0.1y ) * ( 0.166666666667y + 0.2y ) ) + 0.1y ) ) + ( 1.0x * ( ( 1.0y * ( 0.25y * ( 0.1y + 1.0x ) ) ) * ( ( 0.2x + ( 0.125x * 1.0y ) ) + ( ( 0.111111111111x * 0.1y ) + 0.166666666667x ) ) ) ) )
ind: 277
( 0.142857142857x * ( 1.0x + ( 0.5x + 0.25y ) ) )
ind: 278
( 0.2y * 0.1x )
ind: 279
( 0.2y * 0.125x )
ind: 280
( 0.25x * ( ( 0.5x + ( ( 0.5y + ( 0.333333333333y * 0.1y ) ) * ( ( 0.166666666667x * 0.125y ) + 0.333333333333x ) ) ) * ( ( 0.2y + ( ( 0.111111111111y + 0.166666666667y ) * ( 0.166666666667x * 0.166666666667x ) ) ) + 0.5y ) ) )
ind: 281
( ( ( ( ( ( 0.166666666667x * 0.111111111111y ) + 0.166666666667y ) + 0.333333333333y ) * ( ( ( 0.333333333333y + 0.142857142857x ) + 0.125y ) * ( 0.5x + ( 0.25y * 0.166666666667y ) ) ) ) * ( ( 0.2y + 0.142857142857y ) + 0.142857142857x ) ) + 0.166666666667y )
ind: 282
( 0.2y + ( 0.2x * ( ( ( ( 0.166666666667y * 0.111111111111y ) * ( 0.25x * 0.125y ) ) * ( ( 1.0x + 0.125y ) + 0.166666666667y ) ) * 0.166666666667y ) ) )
ind: 283
( ( 0.111111111111y * 0.5x ) * ( 0.2y + ( ( ( 0.25y + 0.111111111111y ) * ( ( 0.5x + 0.333333333333y ) * ( 0.166666666667y + 1.0x ) ) ) * ( ( ( 0.125y * 0.2x ) * ( 0.2x + 0.111111111111y ) ) + 0.5x ) ) ) )
ind: 284
( 0.125y * 1.0x )
ind: 285
( 0.111111111111y + ( 0.125x * ( ( ( ( 1.0x * 0.2y ) + 0.166666666667y ) + 1.0x ) * 0.111111111111y ) ) )
ind: 286
( 0.2y * ( ( ( 0.166666666667x + 0.2y ) + ( 0.25y * ( 0.1y * ( 0.333333333333y * 0.333333333333x ) ) ) ) * ( ( ( 0.142857142857x + ( 0.2y * 0.5y ) ) * ( ( 0.333333333333x + 0.5x ) + 0.5y ) ) * ( ( 0.5x * ( 0.142857142857y * 1.0y ) ) * ( ( 0.2y + 0.111111111111x ) * 0.142857142857x ) ) ) ) )
ind: 287
( ( ( ( 0.25y + ( ( 0.25x + 0.166666666667y ) + 0.166666666667x ) ) * ( ( ( 0.142857142857x + 0.1y ) + 0.166666666667x ) + 0.1y ) ) * ( ( 0.2x + 0.1x ) + 0.333333333333y ) ) + 0.125x )
ind: 288
( ( 0.111111111111x * ( ( 0.333333333333x * 0.5y ) + 0.142857142857x ) ) + 0.2x )
ind: 289
( 0.125x + 0.125y )
ind: 290
( 0.142857142857x * 0.25y )
ind: 291
( 0.142857142857x + ( ( 1.0x + 0.25y ) + 1.0y ) )
ind: 292
( 0.111111111111y * ( 0.1x * 0.25y ) )
ind: 293
( ( ( 0.125x + 1.0y ) + 0.111111111111x ) * 0.142857142857x )
ind: 294
( 0.166666666667y * ( ( 0.1x * 0.142857142857x ) * ( 0.125x * 0.125x ) ) )
ind: 295
( ( 0.111111111111x * ( ( ( ( 0.142857142857x + 0.166666666667x ) + ( 0.125x * 0.333333333333y ) ) + 0.166666666667x ) * 0.166666666667y ) ) + 0.166666666667x )
ind: 296
( ( 0.125x * ( ( ( ( 0.25x * 1.0x ) + 0.1x ) * 0.333333333333y ) + ( ( ( 0.125x * 0.25x ) + 0.2y ) + 0.125x ) ) ) + 0.166666666667y )
ind: 297
( ( 0.333333333333x + 0.1y ) + 0.333333333333y )
ind: 298
( ( ( ( ( ( 0.333333333333x * 0.25x ) + 0.142857142857y ) + 0.166666666667x ) + 0.166666666667x ) + ( ( ( ( 0.125y * 0.25x ) * 0.142857142857y ) * ( 0.111111111111y * ( 0.125y * 1.0x ) ) ) * ( 1.0x + ( ( 0.25x * 0.1x ) + 0.125x ) ) ) ) * 0.166666666667x )
ind: 299
( 0.1x * ( ( ( ( ( 0.2x * 0.125y ) * ( 0.5y + 0.25x ) ) + 0.1x ) * ( 0.111111111111x + 0.111111111111y ) ) * ( ( 0.333333333333x * 0.111111111111y ) * 0.166666666667x ) ) )
ind: 300
( ( 0.333333333333x * 0.5y ) * ( 0.111111111111y + 0.25y ) )
Best Ind: ( ( ( 0.142857142857y * ( ( ( 0.25x * 0.166666666667x ) + ( 0.142857142857x * 0.25x ) ) + ( 0.5y * 0.333333333333y ) ) ) + 1.0y ) * ( 1.0x + ( 0.142857142857x * 0.333333333333x ) ) )
Fitness = 39.0439697121
Worst Ind: ( ( ( 0.5y + ( ( 0.111111111111y + 0.1y ) + ( ( 0.2y * 0.125y ) + 0.333333333333y ) ) ) + ( 0.142857142857y + ( ( 1.0x + ( 0.2y + 0.166666666667x ) ) + 0.166666666667y ) ) ) + 0.2y )
Fitness = 66.8204047337
Avg Fitness = 48.847990849
Duplicated = 2
============================================================================
Evaluate Gen  1
New Population 420
Better than Dads 55
Best Ind: ( ( ( ( 0.333333333333y * 0.125y ) * ( 1.0y + 0.25x ) ) + 0.166666666667y ) + ( 0.111111111111y + ( 1.0y * ( ( 0.166666666667x + 0.2y ) + 0.5y ) ) ) )
Fitness = 34.8623866439
Worst Ind: ( ( ( 1.0y * 0.333333333333y ) * ( ( ( 0.111111111111y + 0.25y ) * ( ( 1.0y + 0.2y ) + 0.1y ) ) + ( ( ( 0.25x + 0.2x ) + ( 0.25x + 0.333333333333y ) ) + 0.1y ) ) ) * ( ( 0.2x * ( ( 0.125y * ( 0.5x + 0.142857142857x ) ) * ( ( 1.0x + 0.25y ) + ( 0.142857142857y + 0.166666666667x ) ) ) ) + ( 0.111111111111x + ( ( 0.5y * 0.2x ) * ( 0.166666666667x + ( 0.25x * 0.166666666667y ) ) ) ) ) )
Fitness = 49.896229794
Avg Fitness = 48.3914216392
Duplicated = 10
============================================================================
Evaluate Gen  2
New Population 421
Better than Dads 57
Best Ind: ( ( 0.2y + 0.25y ) * ( ( 0.25y + ( ( ( 0.111111111111x + 1.0x ) + ( 0.5y + 0.333333333333y ) ) + 1.0y ) ) + ( 0.111111111111y + ( ( 0.111111111111y + 0.125y ) + 0.111111111111y ) ) ) )
Fitness = 26.7045841236
Worst Ind: ( ( ( 0.25x * 0.25x ) * ( ( ( ( 0.2y * 0.1y ) * ( 0.111111111111y * 0.125y ) ) * ( ( 1.0y * 0.2x ) + 0.125x ) ) * ( 0.2x * 1.0x ) ) ) + 0.25x )
Fitness = 49.4913004755
Avg Fitness = 47.9585333353
Duplicated = 14
============================================================================
Evaluate Gen  3
New Population 425
Better than Dads 53
Best Ind: ( ( 0.2y + 0.25y ) * ( ( 0.25y + ( ( ( 0.111111111111x + 1.0x ) + ( 0.5y + 0.333333333333y ) ) + 1.0y ) ) + ( 0.111111111111y + ( ( 0.111111111111y + 0.125y ) + 0.111111111111y ) ) ) )
Fitness = 26.7045841236
Worst Ind: ( 0.166666666667y + 0.25x )
Fitness = 49.1377710162
Avg Fitness = 47.6534417492
Duplicated = 13
============================================================================
Evaluate Gen  4
New Population 431
Better than Dads 66
Best Ind: ( ( 0.2y + 0.25y ) * ( ( 0.25y + ( ( ( 0.111111111111x + 1.0x ) + ( 0.5y + 0.333333333333y ) ) + 1.0y ) ) + ( 0.111111111111y + ( ( 0.111111111111y + 0.125y ) + 0.111111111111y ) ) ) )
Fitness = 26.7045841236
Worst Ind: ( 0.1x * ( ( ( 0.5y * 0.333333333333x ) + ( 1.0x + 0.333333333333x ) ) + 0.125x ) )
Fitness = 48.7045688142
Avg Fitness = 47.3186853327
Duplicated = 16
============================================================================
Evaluate Gen  5
New Population 441
Better than Dads 77
Best Ind: ( ( 0.2y + 0.25y ) * ( ( 0.25y + ( ( ( 0.111111111111x + 1.0x ) + ( 0.5y + 0.333333333333y ) ) + 1.0y ) ) + ( 0.111111111111y + ( ( 0.111111111111y + 0.125y ) + 0.111111111111y ) ) ) )
Fitness = 26.7045841236
Worst Ind: ( 0.111111111111y * ( 0.142857142857y + 1.0x ) )
Fitness = 48.3359427516
Avg Fitness = 46.9586469431
Duplicated = 17
============================================================================
Evaluate Gen  6
New Population 432
Better than Dads 64
Best Ind: ( ( ( 0.111111111111x + ( 0.142857142857x + 1.0y ) ) * ( 1.0x + 0.5y ) ) + 0.166666666667x )
Fitness = 25.9476146013
Worst Ind: ( 1.0x + ( ( ( ( 0.125y * 0.333333333333y ) * 1.0y ) * ( 0.142857142857x * 0.5y ) ) * 0.125y ) )
Fitness = 47.980451877
Avg Fitness = 46.5478832763
Duplicated = 18
============================================================================
Evaluate Gen  7
New Population 430
Better than Dads 66
Best Ind: ( ( ( 0.111111111111x + ( 0.142857142857x + 1.0y ) ) * ( 1.0x + 0.5y ) ) + 0.166666666667x )
Fitness = 25.9476146013
Worst Ind: ( 0.142857142857y * ( ( ( ( 0.142857142857x + 0.1y ) * 0.25y ) + 0.5y ) + ( ( 0.25x + ( 0.166666666667x * ( 0.111111111111x * 0.166666666667x ) ) ) + ( ( ( 0.142857142857x * 0.142857142857x ) + 0.111111111111x ) + ( ( 0.1x * 0.166666666667x ) * 0.333333333333y ) ) ) ) )
Fitness = 47.628144205
Avg Fitness = 46.0870968561
Duplicated = 15
============================================================================
Evaluate Gen  8
New Population 432
Better than Dads 76
Best Ind: ( ( ( 0.111111111111x + ( 0.142857142857x + 1.0y ) ) * ( 1.0x + 0.5y ) ) + 0.166666666667x )
Fitness = 25.9476146013
Worst Ind: ( 0.125y * ( ( 0.125x + 0.166666666667x ) + ( 1.0x + ( 0.2x + 0.166666666667y ) ) ) )
Fitness = 47.3649402086
Avg Fitness = 45.7576776905
Duplicated = 19
============================================================================
Evaluate Gen  9
New Population 439
Better than Dads 83
Best Ind: ( ( ( 0.111111111111x + ( 0.142857142857x + 1.0y ) ) * ( 1.0x + 0.5y ) ) + 0.166666666667x )
Fitness = 25.9476146013
Worst Ind: ( ( ( ( ( 1.0y * 0.5x ) * 0.5x ) + ( 0.142857142857y + ( 0.142857142857y * ( 0.5x + 0.333333333333y ) ) ) ) * ( ( 0.111111111111y + 0.111111111111y ) + ( 0.142857142857y + 0.125y ) ) ) + ( 0.111111111111y + 0.333333333333x ) )
Fitness = 47.0449102334
Avg Fitness = 45.2295731941
Duplicated = 17
============================================================================
Evaluate Gen  10
New Population 426
Better than Dads 74
Best Ind: ( ( ( 0.111111111111x + ( 0.142857142857x + 1.0y ) ) * ( 1.0x + 0.5y ) ) + 0.166666666667x )
Fitness = 25.9476146013
Worst Ind: ( ( 0.2y * ( ( 0.111111111111y + 0.111111111111y ) + ( 0.142857142857y + 0.125y ) ) ) + ( 0.111111111111y + 0.333333333333x ) )
Fitness = 46.6838933421
Avg Fitness = 44.7247934437
Duplicated = 18
============================================================================
Evaluate Gen  11
New Population 434
Better than Dads 76
Best Ind: ( ( ( 0.111111111111x + ( 0.142857142857x + 1.0y ) ) * ( 1.0x + 0.5y ) ) + 0.166666666667x )
Fitness = 25.9476146013
Worst Ind: ( ( ( 0.142857142857x + 0.142857142857y ) + 0.333333333333y ) + ( ( 0.25y + ( 0.125y + 0.2y ) ) * ( 0.166666666667y + ( 0.1y * 0.166666666667x ) ) ) )
Fitness = 46.3543297152
Avg Fitness = 44.2352647216
Duplicated = 12
============================================================================
Evaluate Gen  12
New Population 425
Better than Dads 79
Best Ind: ( ( ( 0.111111111111x + ( 0.142857142857x + 1.0y ) ) * ( 1.0x + 0.5y ) ) + 0.166666666667x )
Fitness = 25.9476146013
Worst Ind: ( ( 0.142857142857x * 0.333333333333x ) + ( ( 0.2x + 0.5x ) + ( ( 0.166666666667y + ( 0.333333333333y * ( 0.142857142857x * 1.0y ) ) ) * 0.5y ) ) )
Fitness = 46.0766417502
Avg Fitness = 43.7071532607
Duplicated = 8
============================================================================
Evaluate Gen  13
New Population 434
Better than Dads 88
Best Ind: ( 0.333333333333y + ( ( ( 1.0x + ( 0.166666666667x + ( 0.166666666667y + 0.5x ) ) ) * ( 1.0x + ( ( 0.5x + 0.333333333333y ) + 0.25y ) ) ) + ( 0.25x + ( 0.25y * ( 0.333333333333x * ( 0.125y * 0.1x ) ) ) ) ) )
Fitness = 20.8455622263
Worst Ind: ( ( ( 0.111111111111x + 0.2y ) * 0.333333333333y ) + ( ( ( 0.333333333333y + ( ( 0.333333333333x * 0.2x ) * 0.111111111111y ) ) * ( 0.142857142857x + 0.125y ) ) + ( ( 0.125y * ( 0.142857142857x * ( 0.111111111111x * 0.25y ) ) ) + ( 0.2y + 0.125y ) ) ) )
Fitness = 45.7077982071
Avg Fitness = 43.1167111651
Duplicated = 8
============================================================================
Evaluate Gen  14
New Population 436
Better than Dads 79
Best Ind: ( 0.333333333333y + ( ( ( 1.0x + ( 0.166666666667x + ( 0.166666666667y + 0.5x ) ) ) * ( 1.0x + ( ( 0.5x + 0.333333333333y ) + 0.25y ) ) ) + ( 0.25x + ( 0.25y * ( 0.333333333333x * ( 0.125y * 0.1x ) ) ) ) ) )
Fitness = 20.8455622263
Worst Ind: ( ( ( 0.333333333333y + 0.125x ) + ( 0.1x * 0.333333333333y ) ) * 0.5y )
Fitness = 45.2154160464
Avg Fitness = 42.4504986131
Duplicated = 14
============================================================================
Evaluate Gen  15
New Population 417
Better than Dads 79
Best Ind: ( 0.333333333333y + ( ( ( 1.0x + ( 0.166666666667x + ( 0.166666666667y + 0.5x ) ) ) * ( 1.0x + ( ( 0.5x + 0.333333333333y ) + 0.25y ) ) ) + ( 0.25x + ( 0.25y * ( 0.333333333333x * ( 0.125y * 0.1x ) ) ) ) ) )
Fitness = 20.8455622263
Worst Ind: ( ( ( 0.142857142857x + 0.111111111111x ) + 0.333333333333y ) + ( 0.333333333333y * ( 1.0x + ( ( ( 0.142857142857y + 0.166666666667y ) + 1.0y ) * ( 0.125y + ( 0.2y * 0.142857142857y ) ) ) ) ) )
Fitness = 44.7212548571
Avg Fitness = 41.9323319415
Duplicated = 12
============================================================================
Evaluate Gen  16
New Population 430
Better than Dads 82
Best Ind: ( 0.333333333333y + ( ( ( 1.0x + ( 0.166666666667x + ( 0.166666666667y + 0.5x ) ) ) * ( 1.0x + ( ( 0.5x + 0.333333333333y ) + 0.25y ) ) ) + ( 0.25x + ( 0.25y * ( 0.333333333333x * ( 0.125y * 0.1x ) ) ) ) ) )
Fitness = 20.8455622263
Worst Ind: ( ( 1.0x + ( 0.1y * ( 0.333333333333y + 0.25x ) ) ) + ( ( ( 0.25y + ( ( 0.333333333333y * 0.2x ) * ( 1.0x + 0.5x ) ) ) + ( ( ( 1.0y * 1.0y ) + ( 0.1y + 0.5x ) ) + ( ( 0.166666666667y + 0.25x ) * ( 1.0x + 0.1y ) ) ) ) * ( 0.142857142857y * 1.0y ) ) )
Fitness = 44.3331994556
Avg Fitness = 41.2834284457
Duplicated = 16
============================================================================
Evaluate Gen  17
New Population 442
Better than Dads 93
Best Ind: ( 0.333333333333y + ( ( ( 1.0x + ( 0.166666666667x + ( 0.166666666667y + 0.5x ) ) ) * ( 1.0x + ( ( 0.5x + 0.333333333333y ) + 0.25y ) ) ) + ( 0.25x + ( 0.25y * ( 0.333333333333x * ( 0.125y * 0.1x ) ) ) ) ) )
Fitness = 20.8455622263
Worst Ind: ( ( ( ( ( 1.0y * 0.5y ) * ( ( 0.125x + 0.1x ) + 0.111111111111x ) ) + ( 0.142857142857y + ( 0.111111111111x * ( 0.5x + 0.333333333333y ) ) ) ) * 1.0x ) + ( ( 1.0x + ( ( ( 0.333333333333y * 0.25y ) * ( 0.2y * 0.166666666667y ) ) + 0.5x ) ) * 0.333333333333x ) )
Fitness = 43.7380646643
Avg Fitness = 40.6440308022
Duplicated = 23
============================================================================
Evaluate Gen  18
New Population 429
Better than Dads 87
Best Ind: ( 0.333333333333y + ( ( ( 1.0x + ( 0.166666666667x + ( 0.166666666667y + 0.5x ) ) ) * ( 1.0x + ( ( 0.5x + 0.333333333333y ) + 0.25y ) ) ) + ( 0.25x + ( 0.25y * ( 0.333333333333x * ( 0.125y * 0.1x ) ) ) ) ) )
Fitness = 20.8455622263
Worst Ind: ( ( ( 0.333333333333y + 0.5x ) + 0.333333333333y ) + ( ( ( ( 1.0x * 0.5y ) + ( ( 0.333333333333x * 0.2x ) + 0.111111111111y ) ) + ( 0.125y + 0.2y ) ) * ( 0.166666666667y + ( ( 0.333333333333y * 1.0x ) + ( 0.333333333333x + 0.111111111111y ) ) ) ) )
Fitness = 43.3025567358
Avg Fitness = 40.0172204302
Duplicated = 17
============================================================================
Evaluate Gen  19
New Population 434
Better than Dads 88
Best Ind: ( 0.333333333333y + ( ( ( 1.0x + ( 0.166666666667x + ( 0.166666666667y + 0.5x ) ) ) * ( 1.0x + ( ( 0.5x + 0.333333333333y ) + 0.25y ) ) ) + ( 0.25x + ( 0.25y * ( 0.333333333333x * ( 0.125y * 0.1x ) ) ) ) ) )
Fitness = 20.8455622263
Worst Ind: ( ( ( 1.0x + 0.2y ) + 0.1x ) * ( 0.125x + 0.333333333333y ) )
Fitness = 42.8691883829
Avg Fitness = 39.1980509082
Duplicated = 11
============================================================================
Evaluate Gen  20
New Population 425
Better than Dads 86
Best Ind: ( 0.333333333333y + ( ( ( 1.0x + ( 0.166666666667x + ( 0.166666666667y + 0.5x ) ) ) * ( 1.0x + ( ( 0.5x + 0.333333333333y ) + 0.25y ) ) ) + ( 0.25x + ( 0.25y * ( 0.333333333333x * ( 0.125y * 0.1x ) ) ) ) ) )
Fitness = 20.8455622263
Worst Ind: ( ( 0.25y * ( 0.25x + ( ( 0.25y + 0.2y ) + 0.2y ) ) ) + ( 1.0x + ( ( ( 0.333333333333y * 0.25y ) * ( 0.2y * 0.166666666667y ) ) + 0.5x ) ) )
Fitness = 42.4153668973
Avg Fitness = 38.5244203807
Duplicated = 7
============================================================================
Evaluate Gen  21
New Population 421
Better than Dads 79
Best Ind: ( 0.333333333333y + ( ( ( 1.0x + ( 0.166666666667x + ( 0.166666666667y + 0.5x ) ) ) * ( 1.0x + ( ( 0.5x + 0.333333333333y ) + 0.25y ) ) ) + ( 0.25x + ( 0.25y * ( 0.333333333333x * ( 0.125y * 0.1x ) ) ) ) ) )
Fitness = 20.8455622263
Worst Ind: ( ( 0.25y * ( 0.25x + ( ( 0.25y + 0.5y ) + 0.2y ) ) ) + ( 0.5y + ( 0.1y * 1.0y ) ) )
Fitness = 41.6772529971
Avg Fitness = 37.7084562362
Duplicated = 8
============================================================================
Evaluate Gen  22
New Population 427
Better than Dads 88
Best Ind: ( ( 1.0x + ( ( 0.2x + 0.166666666667y ) + 0.5x ) ) * ( ( 0.333333333333x + 0.111111111111y ) + ( ( 0.125x + 0.166666666667x ) + ( 1.0x + ( 0.2x + 0.166666666667y ) ) ) ) )
Fitness = 19.7462483427
Worst Ind: ( ( 0.333333333333y * 0.5y ) + ( ( 0.1y * 0.111111111111x ) + ( ( ( ( 0.2x * 0.142857142857x ) + 0.333333333333x ) * ( 1.0x + 0.5y ) ) + 0.125y ) ) )
Fitness = 40.974461256
Avg Fitness = 37.0091954574
Duplicated = 11
============================================================================
Evaluate Gen  23
New Population 442
Better than Dads 90
Best Ind: ( ( ( ( 0.5y + 0.5x ) + 0.2x ) + ( 1.0y + 0.1y ) ) * ( ( 0.5x + 0.111111111111x ) + ( ( ( 0.2x + 0.5x ) + 0.333333333333y ) + ( ( 0.1x + 1.0x ) * 0.25y ) ) ) )
Fitness = 14.5756663009
Worst Ind: ( ( ( 0.142857142857x + 0.333333333333x ) + 0.2x ) + ( ( ( 0.5x + 0.333333333333y ) * ( ( 0.5y + ( 0.125x * 0.5y ) ) + 0.166666666667x ) ) + 0.333333333333x ) )
Fitness = 40.0296440649
Avg Fitness = 35.990382612
Duplicated = 16
============================================================================
Evaluate Gen  24
New Population 425
Better than Dads 89
Best Ind: ( ( ( ( 0.5y + 0.5x ) + 0.2x ) + ( 1.0y + 0.1y ) ) * ( ( 0.5x + 0.111111111111x ) + ( ( ( 0.2x + 0.5x ) + 0.333333333333y ) + ( ( 0.1x + 1.0x ) * 0.25y ) ) ) )
Fitness = 14.5756663009
Worst Ind: ( ( 1.0x + ( ( 0.2x + 0.166666666667y ) + 0.5x ) ) * ( ( 0.333333333333x + 0.111111111111y ) + 0.166666666667x ) )
Fitness = 39.4718237215
Avg Fitness = 35.149473819
Duplicated = 12
============================================================================
Evaluate Gen  25
New Population 422
Better than Dads 80
Best Ind: ( ( ( ( 0.5y + 0.5x ) + 0.2x ) + ( 1.0y + 0.1y ) ) * ( ( 0.5x + 0.111111111111x ) + ( ( ( 0.2x + 0.5x ) + 0.333333333333y ) + ( ( 0.1x + 1.0x ) * 0.25y ) ) ) )
Fitness = 14.5756663009
Worst Ind: ( ( ( 1.0y + 0.333333333333y ) * 0.2y ) + ( ( ( 0.125x * ( 0.125x + 0.2y ) ) + ( 1.0y * 0.166666666667y ) ) + ( 0.1y * ( 0.333333333333y + 0.125x ) ) ) )
Fitness = 38.4891653029
Avg Fitness = 34.1893997695
Duplicated = 14
============================================================================
Evaluate Gen  26
New Population 426
Better than Dads 90
Best Ind: ( ( ( ( 0.5y + 0.5x ) + 0.2x ) + ( 1.0y + 0.1y ) ) * ( ( 0.5x + 0.111111111111x ) + ( ( ( 0.2x + 0.5x ) + 0.333333333333y ) + ( ( 0.1x + 1.0x ) * 0.25y ) ) ) )
Fitness = 14.5756663009
Worst Ind: ( ( ( ( 0.1x + 1.0y ) * ( 0.2y + 0.333333333333y ) ) + ( ( 0.25y + 0.2y ) + 0.333333333333y ) ) + ( ( 0.166666666667x * ( ( ( 0.142857142857y + 0.1x ) + 0.333333333333y ) + ( ( 0.166666666667x + 0.1y ) + 0.2y ) ) ) + 0.166666666667x ) )
Fitness = 37.7300552801
Avg Fitness = 33.3889912815
Duplicated = 13
============================================================================
Evaluate Gen  27
New Population 433
Better than Dads 87
Best Ind: ( ( ( ( 0.5y + 0.5x ) + 0.2x ) + ( 1.0y + 0.1y ) ) * ( ( 0.5x + 0.111111111111x ) + ( ( ( 0.2x + 0.5x ) + 0.333333333333y ) + ( ( 0.1x + 1.0x ) * 0.25y ) ) ) )
Fitness = 14.5756663009
Worst Ind: ( ( ( ( 0.1x + 1.0y ) * ( 0.2y + 0.333333333333y ) ) + ( ( ( 0.5x + 0.125x ) + 0.125y ) + 0.5y ) ) + ( ( 0.166666666667x * ( ( 0.5y + 0.333333333333y ) + 0.1y ) ) + 0.166666666667x ) )
Fitness = 36.6504062328
Avg Fitness = 32.3384822738
Duplicated = 7
============================================================================
Evaluate Gen  28
New Population 443
Better than Dads 82
Best Ind: ( ( ( ( 0.5y + 0.5x ) + 0.2x ) + ( 1.0y + 0.1y ) ) * ( ( 0.5x + 0.111111111111x ) + ( ( ( 0.2x + 0.5x ) + 0.333333333333y ) + ( ( 0.1x + 1.0x ) * 0.25y ) ) ) )
Fitness = 14.5756663009
Worst Ind: ( ( 1.0x + 0.142857142857y ) * ( ( ( 1.0x + 0.142857142857y ) + 0.125x ) + 0.166666666667x ) )
Fitness = 35.4860037045
Avg Fitness = 31.0191486992
Duplicated = 10
============================================================================
Evaluate Gen  29
New Population 432
Better than Dads 79
Best Ind: ( ( ( ( 0.5y + 0.5x ) + 0.2x ) + ( 1.0y + 0.1y ) ) * ( ( 0.5x + 0.111111111111x ) + ( ( ( 0.2x + 0.5x ) + 0.333333333333y ) + ( ( 0.1x + 1.0x ) * 0.25y ) ) ) )
Fitness = 14.5756663009
Worst Ind: ( ( 1.0x + ( ( 0.111111111111y + 0.125x ) + 0.142857142857x ) ) + ( ( ( 0.142857142857y + 1.0x ) + ( 0.125x + 0.5y ) ) * 0.5y ) )
Fitness = 34.328278117
Avg Fitness = 29.9502773187
Duplicated = 14
============================================================================
Evaluate Gen  30
New Population 434
Better than Dads 85
Best Ind: ( ( ( 0.25y + ( ( 0.142857142857y + 1.0x ) + ( 0.125x + 0.5y ) ) ) * ( 0.166666666667y + ( ( 0.333333333333y * 1.0x ) + ( 1.0x + ( 1.0x + 0.166666666667y ) ) ) ) ) + ( 0.1y * ( 0.5y + ( 1.0x + 0.2y ) ) ) )
Fitness = 13.4354607918
Worst Ind: ( ( ( ( ( 0.5y + 0.125x ) + 0.125y ) + 0.5y ) + 0.333333333333y ) * ( 0.166666666667x + ( 0.166666666667y + 0.5x ) ) )
Fitness = 33.395994623
Avg Fitness = 28.7620827554
Duplicated = 10
============================================================================
Evaluate Gen  31
New Population 429
Better than Dads 90
Best Ind: ( ( ( 0.25y + ( ( 0.142857142857y + 1.0x ) + ( 0.125x + 0.5y ) ) ) * ( 0.166666666667y + ( ( 0.333333333333y * 1.0x ) + ( 1.0x + ( 1.0x + 0.166666666667y ) ) ) ) ) + ( 0.1y * ( 0.5y + ( 1.0x + 0.2y ) ) ) )
Fitness = 13.4354607918
Worst Ind: ( ( 1.0x + ( ( 1.0x + 0.142857142857y ) + 0.111111111111y ) ) * ( ( 0.166666666667x + ( 0.166666666667y + 0.5x ) ) + ( ( 1.0x + 0.142857142857y ) * ( ( 0.333333333333x + 0.111111111111y ) + ( 1.0x + ( 0.166666666667y + 0.142857142857x ) ) ) ) ) )
Fitness = 32.1418251236
Avg Fitness = 27.7595571455
Duplicated = 7
============================================================================
Evaluate Gen  32
New Population 439
Better than Dads 88
Best Ind: ( ( ( 0.25y + ( ( 0.142857142857y + 1.0x ) + ( 0.125x + 0.5y ) ) ) * ( 0.166666666667y + ( ( 0.333333333333y * 1.0x ) + ( 1.0x + ( 1.0x + 0.166666666667y ) ) ) ) ) + ( 0.1y * ( 0.5y + ( 1.0x + 0.2y ) ) ) )
Fitness = 13.4354607918
Worst Ind: ( ( ( ( ( 0.333333333333y * 0.333333333333y ) * ( 0.2y * 0.166666666667y ) ) + ( ( 0.1x + 1.0x ) * 0.25y ) ) + ( 0.25x * 1.0y ) ) + ( ( 0.5x + ( 0.125y + 0.2y ) ) * ( 0.166666666667y + ( ( 0.333333333333y * 1.0x ) + ( ( 0.2y + 1.0x ) + 0.111111111111y ) ) ) ) )
Fitness = 31.1374459205
Avg Fitness = 26.6298462065
Duplicated = 10
============================================================================
Evaluate Gen  33
New Population 439
Better than Dads 88
Best Ind: ( ( ( ( ( 0.1x * 1.0y ) * ( 1.0x + ( 1.0y * 0.333333333333y ) ) ) + ( ( ( 1.0x + 0.25y ) + 0.2y ) + 1.0x ) ) + 0.5y ) * ( ( ( ( 1.0x + 0.5y ) + 0.333333333333y ) + ( 0.111111111111y * 0.5x ) ) + 0.2y ) )
Fitness = 11.6536735228
Worst Ind: ( ( ( ( ( 1.0x + 0.1y ) + ( ( 1.0y + 0.333333333333y ) * 0.2y ) ) + ( 0.333333333333y * 0.5y ) ) + 0.333333333333x ) + ( ( ( 0.125x + 1.0x ) * 1.0y ) + 0.166666666667x ) )
Fitness = 29.823873153
Avg Fitness = 25.0503476876
Duplicated = 14
============================================================================
Evaluate Gen  34
New Population 434
Better than Dads 83
Best Ind: ( ( ( ( ( 0.1x * 1.0y ) * ( 1.0x + ( 1.0y * 0.333333333333y ) ) ) + ( ( ( 1.0x + 0.25y ) + 0.2y ) + 1.0x ) ) + 0.5y ) * ( ( ( ( 1.0x + 0.5y ) + 0.333333333333y ) + ( 0.111111111111y * 0.5x ) ) + 0.2y ) )
Fitness = 11.6536735228
Worst Ind: ( 1.0x * ( ( 0.125x + 0.111111111111y ) + ( 1.0x + ( 1.0y + 0.166666666667y ) ) ) )
Fitness = 28.3382762679
Avg Fitness = 23.80260732
Duplicated = 16
============================================================================
Evaluate Gen  35
New Population 428
Better than Dads 80
Best Ind: ( ( ( ( ( 0.1x * 1.0y ) * ( 1.0x + ( 1.0y * 0.333333333333y ) ) ) + ( ( 1.0x * 0.125x ) + 1.0x ) ) + 0.5y ) * ( ( 0.25y + ( ( ( 0.111111111111x + 1.0x ) + ( 0.5y + 0.333333333333y ) ) + 1.0y ) ) + ( 0.111111111111y + ( ( 0.111111111111y + 0.125y ) + 0.111111111111y ) ) ) )
Fitness = 11.5687170959
Worst Ind: ( ( ( 0.333333333333y + ( ( 1.0x * 0.125x ) + 1.0x ) ) + ( ( 1.0x + 0.333333333333x ) + 0.2y ) ) * ( ( 0.25y + 0.2y ) + 0.2y ) )
Fitness = 27.2273604461
Avg Fitness = 22.7380530715
Duplicated = 17
============================================================================
Evaluate Gen  36
New Population 434
Better than Dads 95
Best Ind: ( ( ( 1.0x + 0.2y ) + ( 1.0y + 1.0x ) ) * ( 0.5y + ( ( 0.25x + ( ( 0.25y + 0.2y ) + 0.2y ) ) + 0.166666666667x ) ) )
Fitness = 11.531844198
Worst Ind: ( ( ( 0.166666666667y + ( 0.2x + 0.166666666667y ) ) * ( ( 1.0x + 0.25y ) + ( 0.25x + ( ( 0.166666666667y + 0.2y ) + 0.2y ) ) ) ) + ( ( ( 1.0x + ( ( 0.333333333333x + 1.0x ) * ( 0.333333333333y + 1.0x ) ) ) * ( ( 0.2y + 0.5x ) + 0.333333333333y ) ) + 0.125y ) )
Fitness = 26.4751838431
Avg Fitness = 21.7799908108
Duplicated = 14
============================================================================
Evaluate Gen  37
New Population 439
Better than Dads 89
Best Ind: ( ( ( 1.0x + 0.2y ) + ( 1.0y + 1.0x ) ) * ( 0.5y + ( ( 0.25x + ( ( 0.25y + 0.2y ) + 0.2y ) ) + 0.166666666667x ) ) )
Fitness = 11.531844198
Worst Ind: ( 1.0x * ( ( 0.125x + 0.333333333333x ) + ( ( 1.0x + 1.0y ) + ( 0.2y + 0.166666666667y ) ) ) )
Fitness = 25.417878251
Avg Fitness = 20.3448011326
Duplicated = 12
============================================================================
Evaluate Gen  38
New Population 434
Better than Dads 93
Best Ind: ( ( ( 1.0y + ( 0.1x + 0.166666666667y ) ) + 0.2y ) * ( ( 1.0x + ( ( 1.0x + ( 1.0x + 0.2y ) ) + 0.5y ) ) + ( ( 1.0x + 0.2x ) * 0.5y ) ) )
Fitness = 11.1233553949
Worst Ind: ( ( 1.0x * ( ( 1.0x + 0.25y ) + ( 0.25x + ( ( 0.166666666667y + 0.2y ) + 0.2y ) ) ) ) + ( ( ( 1.0x + ( ( 0.333333333333x + 1.0x ) * ( 0.333333333333y + 1.0x ) ) ) * ( ( 0.2y + 0.5x ) + 0.333333333333y ) ) + 0.125y ) )
Fitness = 24.1225554593
Avg Fitness = 19.0956010352
Duplicated = 12
============================================================================
Evaluate Gen  39
New Population 425
Better than Dads 80
Best Ind: ( ( ( 1.0y + ( 0.1x + 0.166666666667y ) ) + 0.2y ) * ( ( 1.0x + ( ( 1.0x + ( 1.0x + 0.2y ) ) + 0.5y ) ) + ( ( 1.0x + 0.2x ) * 0.5y ) ) )
Fitness = 11.1233553949
Worst Ind: ( ( 0.333333333333y * ( 0.333333333333y + ( 1.0y + 0.333333333333y ) ) ) + ( ( ( 1.0x + ( 0.166666666667y + 1.0x ) ) * 1.0x ) + 0.1y ) )
Fitness = 22.5964267017
Avg Fitness = 18.1131020035
Duplicated = 14
============================================================================
Evaluate Gen  40
New Population 423
Better than Dads 83
Best Ind: ( ( ( 1.0y + ( 0.1x + 0.166666666667y ) ) + 0.2y ) * ( ( 1.0x + ( ( 1.0x + ( 1.0x + 0.2y ) ) + 0.5y ) ) + ( ( 1.0x + 0.2x ) * 0.5y ) ) )
Fitness = 11.1233553949
Worst Ind: ( ( ( 1.0y + ( 0.1x + 0.166666666667y ) ) + 0.111111111111y ) * ( ( 0.125x + 0.333333333333x ) + ( 1.0x + ( 0.2y + 0.166666666667y ) ) ) )
Fitness = 21.170393584
Avg Fitness = 17.2284845837
Duplicated = 12
============================================================================
Evaluate Gen  41
New Population 433
Better than Dads 95
Best Ind: ( ( ( 1.0y + ( 0.1x + 0.166666666667y ) ) + 0.2y ) * ( ( 1.0x + ( ( 1.0x + ( 1.0x + 0.2y ) ) + 0.5y ) ) + ( ( 1.0x + 0.2x ) * 0.5y ) ) )
Fitness = 11.1233553949
Worst Ind: ( ( ( ( 0.333333333333y * 0.5y ) + ( ( 0.1x + 1.0x ) * 1.0y ) ) + ( 0.333333333333y * ( 0.25y * ( 1.0x * 0.25x ) ) ) ) + ( ( ( 1.0x + ( 0.166666666667y + 1.0x ) ) * 1.0x ) + 0.1y ) )
Fitness = 20.2398421204
Avg Fitness = 16.4892284644
Duplicated = 9
============================================================================
Evaluate Gen  42
New Population 429
Better than Dads 91
Best Ind: ( ( ( 1.0y + ( 0.1x + 0.166666666667y ) ) + 0.2y ) * ( ( 1.0x + ( ( 1.0x + ( 1.0x + 0.2y ) ) + 0.5y ) ) + ( ( 1.0x + 0.2x ) * 0.5y ) ) )
Fitness = 11.1233553949
Worst Ind: ( ( 1.0x * ( 0.25x + ( ( 1.0x + 0.25y ) + 0.2y ) ) ) + ( ( 1.0x * 1.0y ) + ( ( ( 0.125x + 0.25y ) + ( 0.5y + 0.166666666667x ) ) * 1.0x ) ) )
Fitness = 18.9614979469
Avg Fitness = 15.7308663214
Duplicated = 14
============================================================================
Evaluate Gen  43
New Population 441
Better than Dads 94
Best Ind: ( ( ( 1.0y + ( 0.1x + 0.166666666667y ) ) + 0.2y ) * ( ( 1.0x + ( ( 1.0x + ( 1.0x + 0.2y ) ) + 0.5y ) ) + ( ( 1.0x + 0.2x ) * 0.5y ) ) )
Fitness = 11.1233553949
Worst Ind: ( ( ( 1.0x + 0.333333333333y ) * ( 0.166666666667y + ( ( 1.0x + ( 0.166666666667y + 1.0x ) ) + 0.2x ) ) ) + ( ( ( 0.166666666667x + 0.5y ) + 0.25x ) + ( ( 0.125x + ( 0.1x + 1.0y ) ) * 1.0y ) ) )
Fitness = 17.620973549
Avg Fitness = 15.1442527375
Duplicated = 19
============================================================================
Evaluate Gen  44
New Population 436
Better than Dads 90
Best Ind: ( ( ( 1.0y + ( 0.1x + 0.166666666667y ) ) + 0.2y ) * ( ( 1.0x + ( ( 1.0x + ( 1.0x + 0.2y ) ) + 0.5y ) ) + ( ( 1.0x + 0.2x ) * 0.5y ) ) )
Fitness = 11.1233553949
Worst Ind: ( ( 1.0x * ( 1.0x + 1.0y ) ) + ( 0.333333333333x + ( ( 0.125x + ( 0.1x + 1.0y ) ) * 1.0y ) ) )
Fitness = 17.0266415923
Avg Fitness = 14.6356219517
Duplicated = 20
============================================================================
Evaluate Gen  45
New Population 433
Better than Dads 99
Best Ind: ( ( ( 1.0y + ( 0.1x + 0.166666666667y ) ) + 0.2y ) * ( ( 1.0x + ( ( 1.0x + ( 1.0x + 0.2y ) ) + 0.5y ) ) + ( ( 1.0x + 0.2x ) * 0.5y ) ) )
Fitness = 11.1233553949
Worst Ind: ( ( 1.0x + ( 1.0x + 0.2x ) ) * ( 1.0y + ( ( 1.0x + ( 0.125x + ( 0.142857142857x + 0.333333333333x ) ) ) + ( ( 1.0x + 0.5y ) * 0.5y ) ) ) )
Fitness = 16.3485808215
Avg Fitness = 14.1848073008
Duplicated = 19
============================================================================
Evaluate Gen  46
New Population 429
Better than Dads 83
Best Ind: ( ( ( 1.0y + ( 0.1x + 0.166666666667y ) ) + 0.2y ) * ( ( 1.0x + ( ( 1.0x + ( 1.0x + 0.2y ) ) + 0.5y ) ) + ( ( 1.0x + 0.2x ) * 0.5y ) ) )
Fitness = 11.1233553949
Worst Ind: ( ( ( 0.5y + 0.25y ) + 0.25x ) * ( ( 1.0x + 0.2y ) + ( ( 0.166666666667x + ( 0.166666666667y + 0.5x ) ) + ( 0.125x + ( 1.0y + 0.142857142857x ) ) ) ) )
Fitness = 15.7830009344
Avg Fitness = 13.6660297433
Duplicated = 18
============================================================================
Evaluate Gen  47
New Population 429
Better than Dads 101
Best Ind: ( ( ( 1.0y + ( 0.1x + 0.166666666667y ) ) + 0.2y ) * ( ( 1.0x + ( ( 1.0x + ( 1.0x + 0.2y ) ) + 0.5y ) ) + ( ( 1.0x + 0.2x ) * 0.5y ) ) )
Fitness = 11.1233553949
Worst Ind: ( ( ( ( 0.142857142857y + ( 0.142857142857y * ( 0.5x + 0.333333333333y ) ) ) + ( 0.1x + 1.0y ) ) * 1.0y ) + ( ( 0.5y + 0.333333333333y ) * ( 1.0x + ( 1.0x + 0.5x ) ) ) )
Fitness = 15.163727567
Avg Fitness = 13.3463267204
Duplicated = 18
============================================================================
Evaluate Gen  48
New Population 437
Better than Dads 104
Best Ind: ( ( ( 0.5y + ( 0.125y + 1.0y ) ) + 0.333333333333y ) * ( 1.0x + ( 1.0x + ( 0.125x + 0.5y ) ) ) )
Fitness = 10.7250521861
Worst Ind: ( 1.0x * ( ( 1.0x + ( 0.5y + 1.0y ) ) + ( ( ( 0.111111111111x + 1.0x ) + ( 0.5y + 0.333333333333y ) ) + 1.0y ) ) )
Fitness = 14.6362097648
Avg Fitness = 13.0560635528
Duplicated = 14
============================================================================
Evaluate Gen  49
New Population 439
Better than Dads 108
Best Ind: ( ( ( 0.5y + ( 0.125y + 1.0y ) ) + 0.333333333333y ) * ( 1.0x + ( 1.0x + ( 0.125x + 0.5y ) ) ) )
Fitness = 10.7250521861
Worst Ind: ( ( ( 0.111111111111x + 1.0x ) + ( 0.5y + 0.5x ) ) * ( ( ( ( 1.0y + 0.333333333333y ) + ( 0.2x + 0.5x ) ) + ( ( ( 0.5x + 0.333333333333y ) * 0.166666666667y ) + 0.111111111111x ) ) + ( ( ( 1.0x + 0.333333333333x ) * 1.0x ) + 0.125x ) ) )
Fitness = 14.0848752113
Avg Fitness = 12.7733524494
Duplicated = 18
============================================================================
Evaluate Gen  50
New Population 430
Better than Dads 102
Best Ind: ( ( ( 0.5y + ( 0.125y + 1.0y ) ) + 0.333333333333y ) * ( 1.0x + ( 1.0x + ( 0.125x + 0.5y ) ) ) )
Fitness = 10.7250521861
Worst Ind: ( ( ( 0.333333333333y + ( ( 1.0y + 0.166666666667x ) + ( 0.5x * 0.111111111111y ) ) ) + 0.142857142857y ) * ( ( 1.0x + 0.333333333333x ) + ( ( 0.5y + ( 1.0y + 0.333333333333y ) ) + ( 0.5x * 0.2y ) ) ) )
Fitness = 13.753232822
Avg Fitness = 12.5699388125
Duplicated = 14
============================================================================
Evaluate Gen  51
New Population 433
Better than Dads 89
Best Ind: ( ( ( 0.5y + ( 0.125y + 1.0y ) ) + 0.333333333333y ) * ( 1.0x + ( 1.0x + ( 0.125x + 0.5y ) ) ) )
Fitness = 10.7250521861
Worst Ind: ( ( ( 1.0y + ( 1.0x * ( 0.333333333333y + 0.333333333333y ) ) ) + ( ( ( 0.142857142857y * 0.333333333333y ) + ( 0.5x + 0.1y ) ) + 1.0x ) ) * ( 0.166666666667y + ( 1.0x + ( 1.0x + 0.166666666667y ) ) ) )
Fitness = 13.3906103798
Avg Fitness = 12.3281430041
Duplicated = 21
============================================================================
Evaluate Gen  52
New Population 436
Better than Dads 110
Best Ind: ( ( ( 0.5y + ( 0.125y + 1.0y ) ) + 0.333333333333y ) * ( 1.0x + ( 1.0x + ( 0.125x + 0.5y ) ) ) )
Fitness = 10.7250521861
Worst Ind: ( ( ( 1.0y + ( 0.1y * ( 0.333333333333y + 0.125x ) ) ) * ( ( ( ( 0.2y + 0.5x ) + ( 1.0y * 0.333333333333y ) ) + ( 0.125x + 0.1y ) ) + ( 0.25x + ( ( 0.166666666667y + 0.2y ) + 0.2y ) ) ) ) + ( ( 1.0x + 0.25y ) * ( ( ( 1.0x + 0.142857142857y ) + 0.125x ) + ( 0.333333333333y + ( ( 0.111111111111y + 0.111111111111y ) + ( 0.142857142857y + 0.125y ) ) ) ) ) )
Fitness = 13.0565718713
Avg Fitness = 12.1628798073
Duplicated = 14
============================================================================
Evaluate Gen  53
New Population 424
Better than Dads 105
Best Ind: ( ( ( 0.5y + ( 0.125y + 1.0y ) ) + 0.333333333333y ) * ( 1.0x + ( 1.0x + ( 0.125x + 0.5y ) ) ) )
Fitness = 10.7250521861
Worst Ind: ( ( 1.0x * ( 0.1x + ( 0.5y * ( ( 0.333333333333y + 1.0x ) + 0.333333333333y ) ) ) ) + ( ( 0.5x + ( 0.125y + 1.0y ) ) * ( ( 1.0y + 1.0x ) + ( ( 1.0y + 0.166666666667x ) + ( ( 0.5y * 0.125x ) * 0.111111111111y ) ) ) ) )
Fitness = 12.8111232496
Avg Fitness = 12.0712017822
Duplicated = 14
============================================================================
Evaluate Gen  54
New Population 428
Better than Dads 106
Best Ind: ( ( ( 0.5y + ( 0.125y + 1.0y ) ) + 0.333333333333y ) * ( 1.0x + ( 1.0x + ( 0.125x + 0.5y ) ) ) )
Fitness = 10.7250521861
Worst Ind: ( ( ( 1.0y + ( 0.1y * ( 0.333333333333y + 0.333333333333y ) ) ) + ( ( ( 0.142857142857x * 0.333333333333y ) + ( 0.5x + 0.1y ) ) + 1.0x ) ) * ( 0.166666666667y + ( 1.0x + ( 1.0x + 0.166666666667y ) ) ) )
Fitness = 12.6385171161
Avg Fitness = 11.9955370159
Duplicated = 20
============================================================================
Evaluate Gen  55
New Population 427
Better than Dads 106
Best Ind: ( ( ( 0.5y + ( 0.125y + 1.0y ) ) + 0.333333333333y ) * ( 1.0x + ( 1.0x + ( 0.125x + 0.5y ) ) ) )
Fitness = 10.7250521861
Worst Ind: ( ( 1.0y + 0.5y ) * ( ( 1.0x + ( ( 1.0x + ( 0.111111111111y + 0.125y ) ) + 0.5y ) ) + ( ( 1.0x + 0.2x ) * 0.5y ) ) )
Fitness = 12.4992880419
Avg Fitness = 11.9239482567
Duplicated = 17
============================================================================
Evaluate Gen  56
New Population 429
Better than Dads 111
Best Ind: ( ( ( 0.5y + ( 0.125y + 1.0y ) ) + 0.333333333333y ) * ( 1.0x + ( 1.0x + ( 0.125x + 0.5y ) ) ) )
Fitness = 10.7250521861
Worst Ind: ( ( ( ( ( 0.1x * 1.0y ) * ( 1.0x + 1.0y ) ) + ( ( ( 1.0x + 0.25y ) + 0.2y ) + 1.0x ) ) + 0.5y ) * ( 0.125x + ( 1.0x + ( 0.5y + 0.125x ) ) ) )
Fitness = 12.3732888422
Avg Fitness = 11.8617099713
Duplicated = 18
============================================================================
Evaluate Gen  57
New Population 421
Better than Dads 98
Best Ind: ( ( ( 0.5y + ( 0.125y + 1.0y ) ) + 0.333333333333y ) * ( 1.0x + ( 1.0x + ( 0.125x + 0.5y ) ) ) )
Fitness = 10.7250521861
Worst Ind: ( ( ( 1.0y + ( 0.1y * ( 0.333333333333y + 0.333333333333y ) ) ) + ( ( ( 0.142857142857x * 0.333333333333y ) + ( 0.5x + 0.1y ) ) + 1.0x ) ) * ( 1.0y + ( 1.0x + 0.5x ) ) )
Fitness = 12.2935512076
Avg Fitness = 11.8178196901
Duplicated = 23
============================================================================
Evaluate Gen  58
New Population 438
Better than Dads 113
Best Ind: ( ( ( 0.5y + ( 0.125y + 1.0y ) ) + 0.333333333333y ) * ( 1.0x + ( 1.0x + ( 0.125x + 0.5y ) ) ) )
Fitness = 10.7250521861
Worst Ind: ( ( ( ( ( 0.2y + 0.5x ) + ( 1.0y * 0.142857142857y ) ) + ( 1.0x + 1.0y ) ) + 1.0y ) * ( ( 1.0x + ( 0.125x + 0.5y ) ) + ( ( ( 0.142857142857x + 0.333333333333x ) + 0.2x ) * 0.5y ) ) )
Fitness = 12.1782825748
Avg Fitness = 11.7614966495
Duplicated = 25
============================================================================
Evaluate Gen  59
New Population 429
Better than Dads 110
Best Ind: ( ( ( 0.5y + ( 0.125y + 1.0y ) ) + 0.333333333333y ) * ( 1.0x + ( 1.0x + ( 0.125x + 0.5y ) ) ) )
Fitness = 10.7250521861
Worst Ind: ( ( ( ( 0.166666666667y + 0.125y ) + ( ( 0.142857142857y + 0.1x ) + ( ( 0.125y + 1.0y ) + 0.5x ) ) ) + ( 0.5y + ( 0.125y + 1.0y ) ) ) * ( ( 1.0x + ( 0.125x + 0.5y ) ) + ( ( ( 0.142857142857x + 0.333333333333x ) + 0.2x ) * 0.5y ) ) )
Fitness = 12.1197094187
Avg Fitness = 11.7273533763
Duplicated = 25
============================================================================
Evaluate Gen  60
New Population 424
Better than Dads 109
Best Ind: ( ( ( 0.5y + ( 0.125y + 1.0y ) ) + 0.333333333333y ) * ( 1.0x + ( 1.0x + ( 0.125x + 0.5y ) ) ) )
Fitness = 10.7250521861
Worst Ind: ( ( 1.0x + ( 0.5y + ( 1.0y + 0.333333333333y ) ) ) * ( ( ( 0.1x + ( 0.2y + 0.5x ) ) + 0.166666666667x ) + 1.0x ) )
Fitness = 12.0601800184
Avg Fitness = 11.7012137925
Duplicated = 21
============================================================================
Evaluate Gen  61
New Population 426
Better than Dads 105
Best Ind: ( ( ( 0.5y + ( 0.125y + 1.0y ) ) + 0.333333333333y ) * ( 1.0x + ( 1.0x + ( 0.125x + 0.5y ) ) ) )
Fitness = 10.7250521861
Worst Ind: ( ( ( 1.0y + 0.1y ) + ( 0.5x + 0.1y ) ) * ( 1.0x + ( ( 0.25x + ( 0.333333333333y + 0.2y ) ) + 1.0y ) ) )
Fitness = 12.0030610667
Avg Fitness = 11.6724059963
Duplicated = 26
============================================================================
Evaluate Gen  62
New Population 438
Better than Dads 124
Best Ind: ( ( ( 0.5y + ( 0.125y + 1.0y ) ) + 0.333333333333y ) * ( 1.0x + ( 1.0x + ( 0.125x + 0.5y ) ) ) )
Fitness = 10.7250521861
Worst Ind: ( ( 0.5x + ( 0.5x + 1.0y ) ) * ( 0.333333333333y + ( ( 1.0y + 0.166666666667x ) + ( 0.166666666667x + ( 0.166666666667y + 0.5x ) ) ) ) )
Fitness = 11.9682114935
Avg Fitness = 11.6472292598
Duplicated = 21
============================================================================
Evaluate Gen  63
New Population 434
Better than Dads 108
Best Ind: ( ( ( 0.5y + ( 0.125y + 1.0y ) ) + 0.333333333333y ) * ( 1.0x + ( 1.0x + ( 0.125x + 0.5y ) ) ) )
Fitness = 10.7250521861
Worst Ind: ( ( ( 0.111111111111y + 1.0x ) + ( 1.0y + 0.125y ) ) * ( 1.0y + ( 0.1x + 1.0x ) ) )
Fitness = 11.916160614
Avg Fitness = 11.6107685982
Duplicated = 24
============================================================================
Evaluate Gen  64
New Population 422
Better than Dads 105
Best Ind: ( ( 1.0y + 0.5y ) * ( ( 1.0x + ( ( 0.1y + 0.333333333333x ) + ( 1.0x + 0.2y ) ) ) + 1.0x ) )
Fitness = 10.7190310643
Worst Ind: ( ( ( ( ( ( 1.0y + 0.1y ) + 0.5y ) + ( 1.0y * 0.25y ) ) + ( ( 0.125x + 0.125y ) + ( 1.0x + 1.0x ) ) ) + 1.0x ) * ( 1.0y + 0.142857142857x ) )
Fitness = 11.8902673572
Avg Fitness = 11.5761768762
Duplicated = 20
============================================================================
Evaluate Gen  65
New Population 434
Better than Dads 108
Best Ind: ( ( 1.0y + 0.5y ) * ( ( 1.0x + ( ( 0.1y + 0.333333333333x ) + ( 1.0x + 0.2y ) ) ) + 1.0x ) )
Fitness = 10.7190310643
Worst Ind: ( ( 0.5y * ( ( 1.0x + ( 1.0y + ( 0.25y + 0.2y ) ) ) + ( 0.333333333333y + 0.333333333333y ) ) ) + ( ( 0.333333333333y + ( 0.166666666667x + ( 0.142857142857y + 1.0x ) ) ) * ( 1.0x + ( 1.0y + 0.142857142857x ) ) ) )
Fitness = 11.8369128361
Avg Fitness = 11.5402413842
Duplicated = 21
============================================================================
Evaluate Gen  66
New Population 417
Better than Dads 98
Best Ind: ( ( 1.0y + 0.5y ) * ( ( 1.0x + ( ( 0.1y + 0.333333333333x ) + ( 1.0x + 0.2y ) ) ) + 1.0x ) )
Fitness = 10.7190310643
Worst Ind: ( ( 1.0x * ( ( ( 0.333333333333y + 1.0x ) + 0.333333333333y ) + 0.2y ) ) + ( ( 0.5y + ( 0.125y + ( 0.333333333333y + 1.0x ) ) ) * ( ( 1.0x + ( 0.125x + 0.5y ) ) + 0.1y ) ) )
Fitness = 11.7927287203
Avg Fitness = 11.5145883385
Duplicated = 28
============================================================================
Evaluate Gen  67
New Population 425
Better than Dads 110
Best Ind: ( ( 1.0y + 0.5y ) * ( ( 1.0x + ( ( 0.1y + 0.333333333333x ) + ( 1.0x + 0.2y ) ) ) + 1.0x ) )
Fitness = 10.7190310643
Worst Ind: ( ( ( ( 0.333333333333y + 0.5x ) + ( 1.0y + 0.1y ) ) + ( 0.5y + ( 0.125y + 1.0y ) ) ) * ( ( 1.0x + ( 0.125x + 0.5y ) ) + ( ( ( 0.142857142857x + 0.333333333333x ) + 0.2x ) * 0.5y ) ) )
Fitness = 11.7613842661
Avg Fitness = 11.4942602105
Duplicated = 29
============================================================================
Evaluate Gen  68
New Population 438
Better than Dads 120
Best Ind: ( ( 1.0y + 0.5y ) * ( ( 1.0x + ( ( 0.1y + 0.333333333333x ) + ( 1.0x + 0.2y ) ) ) + 1.0x ) )
Fitness = 10.7190310643
Worst Ind: ( ( 0.5x + ( 1.0x + 1.0y ) ) * ( 0.333333333333y + ( ( 1.0y + 0.166666666667x ) + ( 0.166666666667x + ( 0.166666666667y + 0.5x ) ) ) ) )
Fitness = 11.714692402
Avg Fitness = 11.4711206512
Duplicated = 30
============================================================================
Evaluate Gen  69
New Population 417
Better than Dads 100
Best Ind: ( ( 1.0y + 0.5y ) * ( ( 1.0x + ( ( 0.1y + 0.333333333333x ) + ( 1.0x + 0.2y ) ) ) + 1.0x ) )
Fitness = 10.7190310643
Worst Ind: ( ( ( ( ( 0.1x * 1.0y ) * ( ( 0.333333333333y + 1.0x ) + 0.2y ) ) + ( 0.142857142857y + ( 0.142857142857y * ( 0.5x + 0.333333333333y ) ) ) ) + ( ( ( 0.1y + 0.333333333333x ) + 0.5y ) * ( ( 0.1y + 0.333333333333x ) + 1.0x ) ) ) + ( ( 1.0x + ( ( 1.0y + 1.0x ) + 0.5x ) ) * ( ( 0.333333333333y + 0.5x ) + 0.333333333333y ) ) )
Fitness = 11.6820947585
Avg Fitness = 11.4553353158
Duplicated = 28
============================================================================
Evaluate Gen  70
New Population 440
Better than Dads 114
Best Ind: ( ( 1.0y + 0.5y ) * ( ( 1.0x + ( ( 0.1y + 0.333333333333x ) + ( 1.0x + 0.2y ) ) ) + 1.0x ) )
Fitness = 10.7190310643
Worst Ind: ( ( ( 0.1y + ( 1.0x + ( 0.2x + ( 1.0y + 0.333333333333x ) ) ) ) * ( ( 0.111111111111x + 1.0x ) + ( 1.0y + 0.166666666667x ) ) ) + 0.125x )
Fitness = 11.6462068719
Avg Fitness = 11.4247313507
Duplicated = 31
============================================================================
Evaluate Gen  71
New Population 432
Better than Dads 117
Best Ind: ( ( ( ( 1.0x + 0.142857142857y ) + 1.0x ) + ( 0.166666666667y + ( ( ( 1.0x + 0.5y ) + ( 0.166666666667y + 1.0x ) ) + 0.2x ) ) ) * 1.0y )
Fitness = 10.7005850807
Worst Ind: ( ( 0.5x * ( 0.25x + ( ( 1.0x + 0.2y ) + 0.333333333333y ) ) ) + ( ( ( 0.111111111111y + ( 0.5x + 0.1y ) ) + ( 0.166666666667x + ( 0.5y + 0.5x ) ) ) * ( 0.333333333333y + ( 1.0x + ( ( 0.5y + 0.25y ) + 0.2x ) ) ) ) )
Fitness = 11.6265518081
Avg Fitness = 11.409061049
Duplicated = 34
============================================================================
Evaluate Gen  72
New Population 427
Better than Dads 117
Best Ind: ( ( ( ( 1.0x + 0.142857142857y ) + 1.0x ) + ( 0.166666666667y + ( ( ( 1.0x + 0.5y ) + ( 0.166666666667y + 1.0x ) ) + 0.2x ) ) ) * 1.0y )
Fitness = 10.7005850807
Worst Ind: ( ( ( 1.0x + 1.0y ) + ( 1.0x + 0.5x ) ) * ( ( 0.1y + 0.2y ) + ( ( 0.25x + ( ( 0.25y + 0.2y ) + 0.2y ) ) + 0.166666666667x ) ) )
Fitness = 11.6106651386
Avg Fitness = 11.3993440646
Duplicated = 30
============================================================================
Evaluate Gen  73
New Population 429
Better than Dads 119
Best Ind: ( ( ( ( 0.5y + 0.5y ) + 0.2y ) + ( 0.125y + 1.0y ) ) * ( 0.125x + ( ( 1.0x + 1.0x ) + 0.333333333333y ) ) )
Fitness = 10.6005160959
Worst Ind: ( ( 1.0y * ( 0.25x + ( ( 1.0x + 0.2y ) + 0.333333333333y ) ) ) + ( ( 0.5x + ( 0.166666666667x + ( 0.5y + 0.5x ) ) ) * ( 0.333333333333y + ( 1.0x + ( 1.0y + 0.2x ) ) ) ) )
Fitness = 11.5917854416
Avg Fitness = 11.3866902295
Duplicated = 31
============================================================================
Evaluate Gen  74
New Population 433
Better than Dads 117
Best Ind: ( ( ( ( 0.5y + 0.5y ) + 0.2y ) + ( 0.125y + 1.0y ) ) * ( 0.125x + ( ( 1.0x + 1.0x ) + 0.333333333333y ) ) )
Fitness = 10.6005160959
Worst Ind: ( ( ( ( ( 0.1x * 1.0y ) * ( 1.0x + ( 1.0y * 0.333333333333y ) ) ) + ( ( 1.0x * 0.125x ) + 1.0x ) ) + 0.5y ) * ( ( 0.25y + ( ( ( 0.111111111111x + 1.0x ) + ( 0.5y + 0.333333333333y ) ) + 1.0y ) ) + ( 0.111111111111y + ( ( 0.111111111111y + 0.125y ) + 0.111111111111y ) ) ) )
Fitness = 11.5687170959
Avg Fitness = 11.3682203925
Duplicated = 30
============================================================================
Evaluate Gen  75
New Population 428
Better than Dads 116
Best Ind: ( ( ( ( 0.5y + 0.5y ) + 0.2y ) + ( 0.125y + 1.0y ) ) * ( 0.125x + ( ( 1.0x + 1.0x ) + 0.333333333333y ) ) )
Fitness = 10.6005160959
Worst Ind: ( ( ( 1.0y + 0.1y ) + ( 1.0x + 0.1y ) ) * ( 1.0x + ( ( 0.25x + ( 0.5x + 0.2y ) ) + ( 0.25x + ( ( 0.166666666667y + 0.2y ) + 0.2y ) ) ) ) )
Fitness = 11.5509459653
Avg Fitness = 11.3584213905
Duplicated = 26
============================================================================
Evaluate Gen  76
New Population 428
Better than Dads 115
Best Ind: ( ( ( ( 0.5y + 0.5y ) + 0.2y ) + ( 0.125y + 1.0y ) ) * ( 0.125x + ( ( 1.0x + 1.0x ) + 0.333333333333y ) ) )
Fitness = 10.6005160959
Worst Ind: ( ( ( 1.0x + 0.2y ) + ( 1.0y + 1.0x ) ) * ( 0.5y + ( ( 0.25x + ( ( 0.25y + 0.2y ) + 0.2y ) ) + 0.166666666667x ) ) )
Fitness = 11.531844198
Avg Fitness = 11.3451525868
Duplicated = 23
============================================================================
Evaluate Gen  77
New Population 419
Better than Dads 111
Best Ind: ( ( ( ( 0.5y + 0.5y ) + 0.2y ) + ( 0.125y + 1.0y ) ) * ( 0.125x + ( ( 1.0x + 1.0x ) + 0.333333333333y ) ) )
Fitness = 10.6005160959
Worst Ind: ( ( ( ( 0.125y + 1.0y ) + 0.1y ) * 0.166666666667x ) + ( ( ( 1.0x + ( 0.25x + 1.0y ) ) + 0.25y ) * ( ( ( 1.0x + 0.142857142857y ) + 0.125x ) + ( 0.333333333333y + ( 0.1y + ( 0.142857142857y + 0.125y ) ) ) ) ) )
Fitness = 11.5225346288
Avg Fitness = 11.3391769462
Duplicated = 27
============================================================================
Evaluate Gen  78
New Population 430
Better than Dads 109
Best Ind: ( ( ( ( 0.5y + 0.5y ) + 0.2y ) + ( 0.125y + 1.0y ) ) * ( 0.125x + ( ( 1.0x + 1.0x ) + 0.333333333333y ) ) )
Fitness = 10.6005160959
Worst Ind: ( ( ( 0.5x + ( ( 1.0x + 0.111111111111y ) + 0.5y ) ) * ( 0.333333333333y + ( ( 1.0y + 1.0x ) + ( ( 0.2x * 1.0y ) * 0.333333333333y ) ) ) ) + ( ( 1.0x + ( ( 0.125y * ( 0.1y * 0.166666666667x ) ) + ( 1.0x * 0.1x ) ) ) * 0.5x ) )
Fitness = 11.4922794142
Avg Fitness = 11.3242459762
Duplicated = 25
============================================================================
Evaluate Gen  79
New Population 430
Better than Dads 120
Best Ind: ( ( ( ( 0.5y + 0.5y ) + 0.2y ) + ( 0.125y + 1.0y ) ) * ( 0.125x + ( ( 1.0x + 1.0x ) + 0.333333333333y ) ) )
Fitness = 10.6005160959
Worst Ind: ( ( ( 1.0x + 0.25y ) + ( ( ( 1.0y + 0.333333333333y ) + ( ( 1.0x + 0.2x ) + 1.0x ) ) + 0.2x ) ) * ( 1.0y + 0.142857142857x ) )
Fitness = 11.4790303399
Avg Fitness = 11.3158039593
Duplicated = 27
============================================================================
Evaluate Gen  80
New Population 425
Better than Dads 110
Best Ind: ( ( ( ( 0.5y + 0.5y ) + 0.2y ) + ( 0.125y + 1.0y ) ) * ( 0.125x + ( ( 1.0x + 1.0x ) + 0.333333333333y ) ) )
Fitness = 10.6005160959
Worst Ind: ( ( ( ( ( 0.1x * 1.0y ) * 0.333333333333y ) + ( 0.5x + ( 1.0y + 1.0x ) ) ) + 0.5y ) * ( 0.125x + ( 1.0x + ( 0.5y + 0.125x ) ) ) )
Fitness = 11.4704856678
Avg Fitness = 11.3023391133
Duplicated = 33
============================================================================
Evaluate Gen  81
New Population 428
Better than Dads 110
Best Ind: ( ( ( ( 0.5y + 0.5y ) + 0.2y ) + ( 0.125y + 1.0y ) ) * ( 0.125x + ( ( 1.0x + 1.0x ) + 0.333333333333y ) ) )
Fitness = 10.6005160959
Worst Ind: ( ( 1.0x + 1.0y ) * ( 1.0x + ( ( 0.25x + ( ( 0.25y + 0.2y ) + 0.142857142857x ) ) + ( 0.25x + ( ( 0.166666666667y + 0.2y ) + 0.2y ) ) ) ) )
Fitness = 11.4624492982
Avg Fitness = 11.2889380892
Duplicated = 37
============================================================================
Evaluate Gen  82
New Population 424
Better than Dads 112
Best Ind: ( ( ( ( 0.5y + 0.5y ) + 0.2y ) + ( 0.125y + 1.0y ) ) * ( 0.125x + ( ( 1.0x + 1.0x ) + 0.333333333333y ) ) )
Fitness = 10.6005160959
Worst Ind: ( ( 1.0x + 0.5y ) * ( ( 0.5x + ( 0.333333333333y + ( ( 0.25y + 0.2y ) + 0.2y ) ) ) + ( ( 0.2x + 0.111111111111y ) + ( ( 0.111111111111x + 1.0x ) + ( 0.5y + 0.142857142857y ) ) ) ) )
Fitness = 11.4480450796
Avg Fitness = 11.2793162361
Duplicated = 34
============================================================================
Evaluate Gen  83
New Population 429
Better than Dads 115
Best Ind: ( ( ( ( 0.5y + 0.5y ) + 0.2y ) + ( 0.125y + 1.0y ) ) * ( 0.125x + ( ( 1.0x + 1.0x ) + 0.333333333333y ) ) )
Fitness = 10.6005160959
Worst Ind: ( ( ( 1.0x + ( 1.0y + 0.2y ) ) * ( 1.0x + ( ( 0.5y + 0.5x ) + 0.25x ) ) ) + ( 1.0x * ( 0.5x + 0.333333333333y ) ) )
Fitness = 11.4326472398
Avg Fitness = 11.2703897416
Duplicated = 37
============================================================================
Evaluate Gen  84
New Population 430
Better than Dads 115
Best Ind: ( ( ( ( 0.5y + 0.5y ) + 0.2y ) + ( 0.125y + 1.0y ) ) * ( 0.125x + ( ( 1.0x + 1.0x ) + 0.333333333333y ) ) )
Fitness = 10.6005160959
Worst Ind: ( ( ( 0.5y + ( 0.1y * ( 0.333333333333y + 0.125x ) ) ) * ( ( ( 0.333333333333y + 1.0x ) + ( 0.166666666667x + 0.111111111111y ) ) + ( ( 0.5x + 0.5x ) + 1.0y ) ) ) + ( ( 1.0x + 0.25y ) * ( ( ( 1.0x + ( 0.5y + 0.333333333333y ) ) + 0.125x ) + ( 0.333333333333y + ( ( 0.111111111111y + 0.111111111111y ) + ( 0.142857142857y + 0.125y ) ) ) ) ) )
Fitness = 11.4181346375
Avg Fitness = 11.2625764666
Duplicated = 44
============================================================================
Evaluate Gen  85
New Population 428
Better than Dads 115
Best Ind: ( ( ( ( 0.5y + 0.5y ) + 0.2y ) + ( 0.125y + 1.0y ) ) * ( 0.125x + ( ( 1.0x + 1.0x ) + 0.333333333333y ) ) )
Fitness = 10.6005160959
Worst Ind: ( ( 0.333333333333y + ( 0.125y + 1.0y ) ) * ( ( 1.0x * 0.2x ) + ( ( ( ( 0.5y + 0.333333333333x ) + 0.5y ) + 1.0x ) + 1.0x ) ) )
Fitness = 11.4119287194
Avg Fitness = 11.2543244315
Duplicated = 41
============================================================================
Evaluate Gen  86
New Population 419
Better than Dads 111
Best Ind: ( ( ( ( 0.5y + 0.5y ) + 0.2y ) + ( 0.125y + 1.0y ) ) * ( 0.125x + ( ( 1.0x + 1.0x ) + 0.333333333333y ) ) )
Fitness = 10.6005160959
Worst Ind: ( ( ( 1.0y + ( 0.166666666667x + 0.111111111111y ) ) * 0.166666666667x ) + ( ( ( 1.0x + ( 0.25x + 1.0y ) ) + 0.25y ) * ( ( ( 1.0x + 0.142857142857y ) + 0.125x ) + ( 0.333333333333y + ( ( 0.111111111111y + 0.111111111111y ) + ( 0.142857142857y + 0.125y ) ) ) ) ) )
Fitness = 11.4023604743
Avg Fitness = 11.2461164646
Duplicated = 40
============================================================================
Evaluate Gen  87
New Population 432
Better than Dads 122
Best Ind: ( ( ( ( 0.5y + 0.5y ) + 0.2y ) + ( 0.125y + 1.0y ) ) * ( 0.125x + ( ( 1.0x + 1.0x ) + 0.333333333333y ) ) )
Fitness = 10.6005160959
Worst Ind: ( ( ( ( 0.125y + 1.0y ) + 0.1y ) * 0.166666666667x ) + ( ( ( 1.0x + ( 0.25x + 1.0y ) ) + 0.25y ) * ( ( ( 1.0x + 0.142857142857y ) + 0.125x ) + ( 0.333333333333y + ( ( 0.111111111111y + 0.111111111111y ) + ( 0.142857142857y + 0.125y ) ) ) ) ) )
Fitness = 11.3939215422
Avg Fitness = 11.2399678412
Duplicated = 47
============================================================================
Evaluate Gen  88
New Population 429
Better than Dads 117
Best Ind: ( ( ( 0.125y + 1.0y ) + 0.333333333333y ) * ( ( 0.166666666667y + ( 1.0x + ( 1.0x + 0.166666666667y ) ) ) + ( ( 1.0x + 0.25y ) + 0.166666666667x ) ) )
Fitness = 10.5749394886
Worst Ind: ( ( ( ( 0.333333333333y + 1.0y ) + ( 0.1y * ( 0.333333333333y + 0.125x ) ) ) * 0.166666666667x ) + ( ( ( 1.0x + ( 0.25x + 1.0y ) ) + 0.25y ) * ( ( ( 1.0x + 0.142857142857y ) + 0.125x ) + ( 0.333333333333y + ( ( 0.111111111111y + 0.111111111111y ) + ( 0.142857142857y + 0.125y ) ) ) ) ) )
Fitness = 11.3845654556
Avg Fitness = 11.2278305072
Duplicated = 47
============================================================================
Evaluate Gen  89
New Population 416
Better than Dads 104
Best Ind: ( ( ( 0.125y + 1.0y ) + 0.333333333333y ) * ( ( 0.166666666667y + ( 1.0x + ( 1.0x + 0.166666666667y ) ) ) + ( ( 1.0x + 0.25y ) + 0.166666666667x ) ) )
Fitness = 10.5749394886
Worst Ind: ( ( ( ( 1.0y + 1.0x ) + 0.111111111111y ) + ( ( 0.125x + ( 0.5x + 0.2y ) ) + ( 0.25x + ( ( 0.166666666667y + 0.2y ) + 0.2y ) ) ) ) * ( 0.333333333333y + ( ( ( 1.0x + 0.142857142857y ) + ( 0.1y * 0.166666666667x ) ) + ( ( 0.2x * 0.125x ) * 0.111111111111y ) ) ) )
Fitness = 11.3774433301
Avg Fitness = 11.2204314661
Duplicated = 51
============================================================================
Evaluate Gen  90
New Population 428
Better than Dads 115
Best Ind: ( ( ( 0.125y + 1.0y ) + 0.333333333333y ) * ( ( 0.166666666667y + ( 1.0x + ( 1.0x + 0.166666666667y ) ) ) + ( ( 1.0x + 0.25y ) + 0.166666666667x ) ) )
Fitness = 10.5749394886
Worst Ind: ( ( 1.0x + 0.5y ) * ( ( 0.25y + ( ( 1.0x + 1.0y ) + 1.0y ) ) + ( 0.111111111111y + ( ( 0.111111111111y + 0.125y ) + 0.111111111111y ) ) ) )
Fitness = 11.3679729814
Avg Fitness = 11.212536427
Duplicated = 61
============================================================================
Evaluate Gen  91
New Population 424
Better than Dads 117
Best Ind: ( ( ( 0.125y + 1.0y ) + 0.333333333333y ) * ( ( 0.166666666667y + ( 1.0x + ( 1.0x + 0.166666666667y ) ) ) + ( ( 1.0x + 0.25y ) + 0.166666666667x ) ) )
Fitness = 10.5749394886
Worst Ind: ( ( ( 1.0y + ( 0.166666666667x + 0.111111111111y ) ) + ( 0.111111111111y + 0.125y ) ) * ( ( 1.0x + ( 0.5x + 0.5y ) ) + 1.0x ) )
Fitness = 11.3603367189
Avg Fitness = 11.2058936136
Duplicated = 61
============================================================================
Evaluate Gen  92
New Population 435
Better than Dads 115
Best Ind: ( ( ( 0.125y + 1.0y ) + 0.333333333333y ) * ( ( 0.166666666667y + ( 1.0x + ( 1.0x + 0.166666666667y ) ) ) + ( ( 1.0x + 0.25y ) + 0.166666666667x ) ) )
Fitness = 10.5749394886
Worst Ind: ( ( ( 0.5x + ( 1.0y + 0.333333333333y ) ) + ( ( 1.0x + ( 0.111111111111y + 0.125y ) ) + 0.5y ) ) * ( ( 1.0x + 0.2y ) + 0.333333333333y ) )
Fitness = 11.3462388401
Avg Fitness = 11.1914696108
Duplicated = 59
============================================================================
Evaluate Gen  93
New Population 432
Better than Dads 111
Best Ind: ( ( ( 0.125y + 1.0y ) + 0.333333333333y ) * ( ( 0.166666666667y + ( 1.0x + ( 1.0x + 0.166666666667y ) ) ) + ( ( 1.0x + 0.25y ) + 0.166666666667x ) ) )
Fitness = 10.5749394886
Worst Ind: ( ( ( 1.0y + ( 1.0x + 0.333333333333y ) ) + 1.0y ) * ( ( 1.0x + ( 0.125x + 0.5y ) ) + 0.1x ) )
Fitness = 11.334500548
Avg Fitness = 11.1791251027
Duplicated = 61
============================================================================
Evaluate Gen  94
New Population 432
Better than Dads 118
Best Ind: ( ( ( 0.125y + 1.0y ) + 0.333333333333y ) * ( ( 0.166666666667y + ( 1.0x + ( 1.0x + 0.166666666667y ) ) ) + ( ( 1.0x + 0.25y ) + 0.166666666667x ) ) )
Fitness = 10.5749394886
Worst Ind: ( ( ( ( ( 1.0x + 0.142857142857y ) + 0.2y ) + ( 0.5x + ( 1.0x + 0.25y ) ) ) * 1.0y ) + ( ( 0.5x + 0.333333333333y ) * ( 1.0x + 1.0y ) ) )
Fitness = 11.3254098834
Avg Fitness = 11.1682760158
Duplicated = 63
============================================================================
Evaluate Gen  95
New Population 428
Better than Dads 115
Best Ind: ( ( ( 0.125y + 1.0y ) + 0.333333333333y ) * ( ( 0.166666666667y + ( 1.0x + ( 1.0x + 0.166666666667y ) ) ) + ( ( 1.0x + 0.25y ) + 0.166666666667x ) ) )
Fitness = 10.5749394886
Worst Ind: ( ( ( ( ( 0.5y + 0.25x ) + 1.0x ) + 0.5y ) + 1.0x ) * ( 1.0y + ( ( 0.333333333333x + ( 0.2x * 0.125x ) ) + ( 0.166666666667y + 0.1x ) ) ) )
Fitness = 11.319779906
Avg Fitness = 11.1598282428
Duplicated = 65
============================================================================
Evaluate Gen  96
New Population 438
Better than Dads 117
Best Ind: ( ( ( 0.125y + 1.0y ) + 0.333333333333y ) * ( ( 0.166666666667y + ( 1.0x + ( 1.0x + 0.166666666667y ) ) ) + ( ( 1.0x + 0.25y ) + 0.166666666667x ) ) )
Fitness = 10.5749394886
Worst Ind: ( ( 1.0x + 0.5y ) * ( ( 0.25y + ( ( ( 0.111111111111x + 1.0x ) + ( 0.5y + 0.333333333333y ) ) + 1.0y ) ) + ( 0.111111111111y + ( ( 0.111111111111y + 0.125y ) + 0.111111111111y ) ) ) )
Fitness = 11.3012552146
Avg Fitness = 11.1421517586
Duplicated = 68
============================================================================
Evaluate Gen  97
New Population 429
Better than Dads 114
Best Ind: ( ( ( 0.125y + 1.0y ) + 0.333333333333y ) * ( ( 0.166666666667y + ( 1.0x + ( 1.0x + 0.166666666667y ) ) ) + ( ( 1.0x + 0.25y ) + 0.166666666667x ) ) )
Fitness = 10.5749394886
Worst Ind: ( ( ( 1.0y + ( ( ( 1.0x + 0.25x ) + 0.166666666667y ) + ( 0.111111111111x + 1.0x ) ) ) * 1.0y ) + ( ( 0.5x + 0.333333333333y ) * ( 1.0x + ( 1.0x + 0.5x ) ) ) )
Fitness = 11.289721603
Avg Fitness = 11.1283138252
Duplicated = 66
============================================================================
Evaluate Gen  98
New Population 440
Better than Dads 126
Best Ind: ( ( ( 0.125y + 1.0y ) + 0.333333333333y ) * ( ( 0.166666666667y + ( 1.0x + ( 1.0x + 0.166666666667y ) ) ) + ( ( 1.0x + 0.25y ) + 0.166666666667x ) ) )
Fitness = 10.5749394886
Worst Ind: ( ( 0.5x + ( 0.125y + 1.0y ) ) * ( ( 1.0y + 1.0x ) + ( ( 0.5x + 0.5x ) + 0.5x ) ) )
Fitness = 11.2801318132
Avg Fitness = 11.1186026137
Duplicated = 66
============================================================================
Evaluate Gen  99
New Population 435
Better than Dads 121
Best Ind: ( ( ( 0.125y + 1.0y ) + 0.333333333333y ) * ( ( 0.166666666667y + ( 1.0x + ( 1.0x + 0.166666666667y ) ) ) + ( ( 1.0x + 0.25y ) + 0.166666666667x ) ) )
Fitness = 10.5749394886
Worst Ind: ( ( ( ( ( 0.5y + 0.25x ) + 1.0x ) + 0.166666666667x ) + 1.0x ) * ( 1.0y + ( ( 0.333333333333x + 0.111111111111y ) + ( 0.1y + 0.333333333333x ) ) ) )
Fitness = 11.2595330004
Avg Fitness = 11.1074032498
Duplicated = 65
============================================================================
Evaluate Gen  100
New Population 434
Better than Dads 120
Best Ind: ( ( ( 0.333333333333y + ( ( ( 0.2y + 1.0y ) + 0.2x ) + ( 1.0y + 0.1y ) ) ) + ( 1.0y + ( 0.125y + 1.0y ) ) ) * ( 0.142857142857y + 1.0x ) )
Fitness = 10.5538313978
Worst Ind: ( ( 0.5x * ( 1.0y + 0.2y ) ) + ( ( ( ( ( 0.5y + 0.25x ) + 1.0x ) + ( 0.142857142857y + 0.333333333333y ) ) + 1.0x ) * ( 1.0y + ( ( 0.333333333333x + ( 0.2x * 0.125x ) ) + ( 0.166666666667y + 0.1x ) ) ) ) )
Fitness = 11.2512766984
Avg Fitness = 11.095319668
Duplicated = 57
