dataset_file= dataset/SR_div_noise.txt
population= 100
generations= 50
tournament_size= 2
cross_over= 0.9
mutation= 0.05
elitism= True
(50, 2)
============================================================================
Build initial population
ind: 1
( ( 0.166666666667y + 0.142857142857y ) * ( ( 0.111111111111y * ( 0.125y * 0.166666666667x ) ) * 0.142857142857y ) )
ind: 2
( ( 0.25y + ( 0.166666666667x * 0.142857142857x ) ) + ( ( ( 0.25y + 1.0x ) + ( 0.333333333333y + ( ( 1.0x + 0.333333333333y ) + ( 0.333333333333y + 1.0x ) ) ) ) * 0.125y ) )
ind: 3
( 0.25x + ( 0.142857142857x + 1.0y ) )
ind: 4
( ( 0.1x + 0.111111111111y ) + 0.2x )
ind: 5
( 0.111111111111x + ( ( 0.333333333333y * 0.125y ) + 0.166666666667x ) )
ind: 6
( 0.1y * ( ( 0.2y * ( ( 0.166666666667y + 0.2x ) + 0.125y ) ) + ( 0.125y + 0.125x ) ) )
ind: 7
( ( ( ( ( ( 0.5x + 0.125y ) * ( 0.125x * 0.25x ) ) * 0.2x ) + ( 0.333333333333x + ( ( 1.0x * 0.166666666667y ) + 0.1x ) ) ) + ( 0.2x + ( 0.1y + 0.166666666667x ) ) ) * ( ( 0.5x * ( 0.2x + 0.166666666667x ) ) * 0.166666666667y ) )
ind: 8
( ( 0.166666666667x + ( ( 0.5y + ( 0.142857142857x * 0.125x ) ) + ( ( 0.166666666667x + ( 0.333333333333x * 0.1y ) ) * ( ( 0.142857142857x + 0.166666666667x ) + 0.2x ) ) ) ) * ( 0.333333333333x * ( 0.1y * ( ( ( 0.125y + 1.0y ) + 0.142857142857x ) + 0.333333333333y ) ) ) )
ind: 9
( 1.0y * ( ( ( ( 0.1y * ( 0.166666666667x * 0.1x ) ) + 0.333333333333y ) * ( 0.333333333333y * 0.125x ) ) * 0.5x ) )
ind: 10
( ( 0.2y + 0.5y ) * 0.1x )
ind: 11
( ( 0.111111111111x + 0.111111111111x ) + 0.333333333333y )
ind: 12
( 0.111111111111y + ( ( ( ( 0.2y + ( 0.166666666667y * 1.0x ) ) + ( 0.111111111111x + ( 0.25x + 0.111111111111x ) ) ) * 0.111111111111y ) + 0.5x ) )
ind: 13
( ( ( 0.1x + 0.333333333333y ) + 0.333333333333x ) + 0.166666666667x )
ind: 14
( ( ( ( 0.111111111111x + 0.125y ) * ( 0.1y + ( ( 1.0y * 0.2x ) * 0.1y ) ) ) + 0.333333333333x ) * ( 1.0y * ( ( 0.2x * ( ( 0.5x * 0.111111111111x ) + 1.0y ) ) + ( ( ( 0.2x + 0.1y ) * ( 0.142857142857x * 0.333333333333y ) ) * 0.25y ) ) ) )
ind: 15
( 0.1y + 0.166666666667x )
ind: 16
( 0.125y * ( ( ( ( ( 0.25x + 0.333333333333x ) * 0.142857142857y ) + ( ( 0.25y + 1.0y ) * ( 0.5y * 0.2x ) ) ) * ( ( 0.1y + ( 0.166666666667y + 0.142857142857x ) ) * 0.2x ) ) + 0.125x ) )
ind: 17
( ( 0.166666666667y + 0.166666666667x ) + 0.166666666667x )
ind: 18
( 0.5x + ( ( 0.2x * 0.333333333333y ) + ( ( 0.111111111111x + ( ( 1.0y + 0.333333333333x ) * 0.333333333333y ) ) * ( 0.125y + 0.25y ) ) ) )
ind: 19
( ( ( ( 1.0x + 0.125x ) + ( 0.1y + ( ( 0.125y + 0.142857142857x ) * ( 0.125x + 0.166666666667y ) ) ) ) * 0.1y ) + 0.142857142857y )
ind: 20
( 0.166666666667x + ( ( 0.142857142857x + ( 0.333333333333y + ( ( 0.111111111111y * 0.166666666667x ) * 0.5y ) ) ) + ( ( ( ( 0.5y * 0.142857142857x ) * ( 0.142857142857x * 0.111111111111x ) ) * 0.142857142857x ) * 0.333333333333y ) ) )
ind: 21
( 0.166666666667y + ( ( 0.5x * ( ( 0.1x + 1.0y ) * 0.25y ) ) * 0.111111111111y ) )
ind: 22
( 0.142857142857x * ( 0.166666666667y * 1.0y ) )
ind: 23
( ( 0.333333333333y * 1.0y ) + ( ( ( 1.0x * 0.166666666667y ) + ( ( ( 0.1x * 0.2y ) + ( 1.0y * 0.1y ) ) + 0.2y ) ) + 1.0x ) )
ind: 24
( 0.166666666667y * 0.142857142857x )
ind: 25
( ( ( ( ( ( 0.125y + 0.142857142857x ) + 0.1y ) + 1.0x ) + ( ( 0.166666666667x * ( 0.166666666667x + 0.25x ) ) * 0.5y ) ) + ( ( 0.25y * 0.142857142857x ) + ( 0.5y + 0.166666666667y ) ) ) * ( ( ( ( ( 0.333333333333x * 0.125y ) + ( 0.333333333333y * 0.1y ) ) * ( ( 0.333333333333y + 0.125x ) * ( 0.125x * 0.111111111111x ) ) ) * ( 0.125y * 0.111111111111x ) ) * 0.142857142857y ) )
ind: 26
( 0.25y + ( 0.5x + ( ( ( 1.0y + 0.142857142857x ) * ( 0.166666666667x + 1.0y ) ) * 0.166666666667y ) ) )
ind: 27
( ( 0.333333333333x * 0.5y ) + 0.166666666667y )
ind: 28
( 0.333333333333x + ( ( ( 0.333333333333y * 0.111111111111x ) + 1.0y ) * ( 0.142857142857x * 0.142857142857y ) ) )
ind: 29
( ( ( ( ( ( 0.2y * 0.142857142857x ) * ( 0.333333333333x + 0.166666666667x ) ) * 0.166666666667y ) * 0.125y ) * ( ( ( 0.125y + ( 0.2x * 1.0y ) ) * 0.2x ) * 0.125x ) ) * ( ( ( 0.2y + ( ( 0.125x * 0.125x ) * ( 0.125y + 0.25x ) ) ) + ( ( ( 1.0y + 0.2y ) + ( 0.2x + 0.2x ) ) + ( 0.125x * ( 0.1y + 0.166666666667y ) ) ) ) * 0.111111111111y ) )
ind: 30
( ( ( ( ( ( 0.1y * 0.1x ) + 0.166666666667y ) * ( 0.333333333333x + ( 0.166666666667x + 0.333333333333x ) ) ) + ( ( ( 0.25y * 0.1x ) + 0.2y ) * ( ( 0.1y + 0.1x ) + 0.25x ) ) ) * ( ( 0.25y + 0.111111111111x ) * 0.125x ) ) * ( ( ( 0.125y * ( 1.0x + 0.1x ) ) * 0.111111111111x ) + 0.333333333333y ) )
ind: 31
( ( ( 0.166666666667y * ( 0.142857142857x + 0.125y ) ) + ( 0.1x * ( ( ( 0.166666666667x * 0.2y ) + 0.25y ) + 0.5x ) ) ) * ( ( 0.25x + 0.166666666667x ) * ( 0.1x + ( 0.333333333333y * 0.5x ) ) ) )
ind: 32
( ( ( ( ( 0.125x + 0.1y ) * 0.25y ) * 0.111111111111y ) + 0.333333333333y ) * 0.5x )
ind: 33
( 0.166666666667x * ( 0.1x + ( 0.125x * ( ( 0.5y * ( 0.142857142857y * 0.5y ) ) * 0.1x ) ) ) )
ind: 34
( ( ( 0.1y * ( 0.25x + 0.166666666667x ) ) * 0.1y ) + 1.0y )
ind: 35
( 0.1y * ( 1.0y * 0.2x ) )
ind: 36
( ( 0.25y + ( 0.142857142857y * 0.25x ) ) + ( 0.1x * ( ( 0.5y + ( ( 0.1x + 1.0y ) * ( 1.0x * 1.0y ) ) ) + 1.0y ) ) )
ind: 37
( 0.2x + 0.111111111111y )
ind: 38
( ( 0.125y + 0.1x ) + ( 0.111111111111x + 0.5y ) )
ind: 39
( ( ( ( 1.0x * ( ( 0.2y + 0.5y ) + ( 0.2x * 0.333333333333x ) ) ) + 1.0y ) + 0.111111111111x ) + ( 0.142857142857x * 0.1y ) )
ind: 40
( 0.125y * 0.125x )
ind: 41
( ( 0.111111111111y * 0.142857142857x ) * ( ( 0.1y * ( 0.1y * ( 0.125y + ( 0.333333333333x * 0.2y ) ) ) ) * ( ( 0.1x * 0.25y ) * 1.0y ) ) )
ind: 42
( ( 1.0y * 1.0y ) + ( 0.125x * ( ( 1.0y + ( 0.142857142857y * 0.1x ) ) * ( 0.5x + 0.2y ) ) ) )
ind: 43
( ( 1.0y + 0.333333333333x ) * ( ( ( 1.0x * 0.125x ) * 0.333333333333x ) + 0.25y ) )
ind: 44
( ( ( ( ( 1.0x * ( 0.25y * 0.166666666667x ) ) + 0.111111111111y ) * 0.166666666667y ) + 0.111111111111x ) + 0.25y )
ind: 45
( ( 0.111111111111y * 0.25x ) * 0.5x )
ind: 46
( ( ( 0.166666666667x + 0.5x ) * ( 0.125y * 0.333333333333x ) ) + ( 0.333333333333y + 0.111111111111y ) )
ind: 47
( ( ( 0.111111111111x * ( ( ( 0.25y + 0.2y ) + 0.142857142857y ) * 0.142857142857y ) ) + 0.333333333333x ) + ( ( 0.333333333333y + 1.0x ) + 0.166666666667y ) )
ind: 48
( ( ( 0.142857142857y * ( 0.1x * ( ( 1.0x * 0.5x ) * 0.333333333333x ) ) ) + ( 0.333333333333x * 0.111111111111x ) ) + ( ( 0.111111111111y + 1.0x ) * ( ( ( 0.25x + 0.5x ) + 0.2y ) + 0.125x ) ) )
ind: 49
( 0.5x + 0.333333333333y )
ind: 50
( ( 1.0y * ( 1.0y + ( 0.111111111111x + 0.111111111111x ) ) ) + ( ( ( ( ( 0.2x + 0.5y ) * ( 0.333333333333x * 0.125y ) ) * 0.25x ) + 0.5y ) + 0.111111111111y ) )
ind: 51
( ( ( ( ( 0.125y + ( 0.125y + 1.0x ) ) * ( ( 1.0x * 0.333333333333y ) * ( 0.333333333333y * 1.0x ) ) ) * 0.5y ) * 0.2x ) + ( ( 0.111111111111y + 1.0x ) + 0.125y ) )
ind: 52
( 0.333333333333x * ( 0.2y * 0.25y ) )
ind: 53
( 0.333333333333y * ( 0.5y * ( 0.125y * ( ( 0.125x * 0.111111111111y ) + 0.2y ) ) ) )
ind: 54
( 0.25x * 0.1y )
ind: 55
( 0.2x + 0.5y )
ind: 56
( 0.111111111111x + ( 0.166666666667y * ( 0.142857142857y + ( 0.1y + ( ( 0.333333333333y * 0.166666666667x ) + ( 0.2x * 0.5y ) ) ) ) ) )
ind: 57
( ( ( 0.142857142857x + ( 0.1y * 0.5y ) ) * 0.125y ) + ( 0.333333333333y * 0.111111111111y ) )
ind: 58
( ( ( 0.25x + 0.5x ) * 0.142857142857x ) + ( ( ( 0.1y + ( ( 0.166666666667x + 0.166666666667x ) + ( 1.0y + 0.1x ) ) ) + ( 0.333333333333x + ( ( 0.5y + 1.0x ) * ( 0.2y * 0.1y ) ) ) ) * 0.142857142857y ) )
ind: 59
( ( ( ( 0.111111111111x * 0.125x ) * ( ( ( 0.111111111111y + 0.111111111111x ) + ( 0.5y + 0.2y ) ) + ( 0.111111111111x + ( 0.333333333333y * 0.1x ) ) ) ) + ( 0.25x * 0.333333333333y ) ) + 0.111111111111y )
ind: 60
( 0.166666666667x * ( ( ( 0.125y * 0.2x ) * ( ( ( 0.2x + 0.111111111111y ) * 0.1x ) + ( ( 0.142857142857x + 0.142857142857y ) * 0.142857142857y ) ) ) + ( 0.125y * 0.125y ) ) )
ind: 61
( ( ( ( 0.142857142857x * 0.333333333333y ) + ( ( ( 0.125y * 0.1y ) * 0.142857142857y ) * ( ( 0.2y * 0.2y ) * 1.0y ) ) ) + ( 0.142857142857y + ( 0.125x * 0.333333333333y ) ) ) * ( 0.5x * 0.166666666667x ) )
ind: 62
( ( 0.2y * 0.142857142857y ) * ( 0.111111111111x + ( ( 0.333333333333x + 0.142857142857x ) * ( ( 0.2y + ( 0.1x + 0.333333333333y ) ) + 0.5y ) ) ) )
ind: 63
( 0.2y + 0.25x )
ind: 64
( 0.125y + ( ( ( 1.0x + ( 0.111111111111x + ( 0.333333333333x + 0.1x ) ) ) + 0.111111111111x ) * 0.25y ) )
ind: 65
( 0.5x + 0.142857142857y )
ind: 66
( ( ( 0.125y * ( 0.25y + ( 1.0x + 0.125y ) ) ) + 0.111111111111x ) + ( ( ( 0.142857142857x * 0.1x ) * 0.5x ) + ( ( 0.1x + 1.0y ) + 0.1y ) ) )
ind: 67
( ( 0.25x + 0.1x ) * ( 0.125x + ( ( ( ( 0.125x * 0.111111111111x ) * 0.1y ) * ( 0.166666666667y + 0.111111111111y ) ) + 0.111111111111y ) ) )
ind: 68
( 0.25x + ( ( ( 1.0y + ( 1.0y * ( 0.111111111111x * 0.5y ) ) ) + 0.333333333333x ) * ( 0.125x + ( 0.125x * ( 1.0x + 0.333333333333y ) ) ) ) )
ind: 69
( 0.1x + ( ( ( 0.1x * 0.111111111111x ) * ( 0.1y * ( 0.1y * 0.333333333333x ) ) ) * ( 0.1y + ( 0.142857142857x * 0.1y ) ) ) )
ind: 70
( ( 0.5x + ( 0.125y + 0.25x ) ) + 0.166666666667x )
ind: 71
( 0.166666666667y + ( 0.142857142857x * ( ( 0.142857142857y * 0.25y ) + 0.25y ) ) )
ind: 72
( 0.166666666667x + ( ( ( 0.333333333333y * 0.142857142857y ) * ( ( ( 0.125y * 0.5y ) * ( 0.166666666667x + 0.5x ) ) + 0.25x ) ) * ( ( ( 0.111111111111x * ( 0.125x + 0.5x ) ) * ( 0.25y + 1.0x ) ) * ( 0.142857142857y + 0.25x ) ) ) )
ind: 73
( 0.166666666667x * 0.166666666667y )
ind: 74
( ( ( ( 0.111111111111x + ( 1.0y * ( 0.1y * 0.142857142857x ) ) ) * ( 0.25y + 0.142857142857x ) ) + 0.1x ) * ( ( 0.2x * ( ( 0.1x * ( 0.166666666667x + 0.125y ) ) * 0.1x ) ) * ( ( 0.2y * 0.142857142857y ) * ( ( ( 0.25x + 0.25y ) + 0.25y ) * ( ( 0.142857142857x + 0.125y ) * ( 0.166666666667y * 0.166666666667x ) ) ) ) ) )
ind: 75
( ( ( 0.125x + ( ( ( 0.25y + 0.125y ) * 0.111111111111y ) * 0.142857142857x ) ) * 0.333333333333y ) * ( ( 0.2x + ( ( ( 0.1x * 1.0x ) + ( 0.333333333333y * 0.333333333333x ) ) + ( ( 0.1x + 0.2y ) * 1.0x ) ) ) + ( ( ( 1.0y * 0.111111111111x ) + 0.142857142857y ) + ( ( ( 0.25y * 0.333333333333y ) + 1.0y ) + ( 0.5y + ( 0.111111111111x * 0.142857142857x ) ) ) ) ) )
ind: 76
( ( 0.111111111111x + 0.25y ) + 1.0x )
ind: 77
( 0.142857142857y * ( 1.0y * ( 0.5y * 0.125x ) ) )
ind: 78
( ( ( 0.2x * 0.142857142857x ) * ( 0.25x * 0.2x ) ) + 0.1y )
ind: 79
( ( ( ( ( ( 0.5y * 0.2y ) + ( 0.333333333333x * 0.166666666667x ) ) + 0.333333333333x ) + ( 0.142857142857y * ( ( 0.125y + 0.125y ) * ( 1.0y * 0.333333333333y ) ) ) ) + ( 0.142857142857x * ( 1.0x + ( ( 0.333333333333x + 0.142857142857y ) + ( 0.111111111111y + 0.2y ) ) ) ) ) * 0.333333333333y )
ind: 80
( 1.0x + ( 1.0y + ( ( ( ( 0.333333333333y * 1.0x ) * 0.2y ) + ( ( 1.0y * 1.0x ) * ( 0.166666666667y * 0.333333333333y ) ) ) + ( 1.0y * ( 0.125x * ( 0.111111111111y * 0.2y ) ) ) ) ) )
ind: 81
( 0.166666666667y + ( ( 0.5x * 0.25y ) * 0.125y ) )
ind: 82
( 0.1y * ( ( ( ( 0.125x * 0.25x ) + ( ( 0.111111111111y * 0.2x ) * ( 0.1x * 0.142857142857y ) ) ) * ( ( ( 0.111111111111y + 0.166666666667y ) * ( 0.333333333333x + 0.125x ) ) + ( ( 1.0y * 0.111111111111y ) + ( 0.125x * 0.125y ) ) ) ) * ( 0.142857142857y * 1.0x ) ) )
ind: 83
( ( ( 0.25x + ( ( 0.333333333333y + ( 0.5x * 0.166666666667x ) ) + 0.25y ) ) * 0.1y ) + 1.0y )
ind: 84
( ( ( 0.2y + ( 0.25y * ( 0.25x * 1.0y ) ) ) * 0.1y ) * 0.5x )
ind: 85
( ( ( ( ( ( 0.125y + 0.25x ) * ( 0.142857142857y + 0.111111111111y ) ) + ( 1.0x * 0.25y ) ) * 0.111111111111y ) * 0.111111111111x ) + 1.0y )
ind: 86
( 0.1x * 0.125y )
ind: 87
( 0.1y * 0.333333333333x )
ind: 88
( ( 1.0y * ( 0.125y + 0.111111111111x ) ) * 0.333333333333y )
ind: 89
( 1.0x * ( ( 0.333333333333y + 0.333333333333y ) * ( 0.166666666667y * ( 0.166666666667x + ( ( 0.25x + 0.333333333333y ) + 0.125y ) ) ) ) )
ind: 90
( 0.5x * ( ( ( ( ( 0.5x * 0.2y ) + 0.333333333333y ) * 0.25y ) * ( 0.5x + 0.2y ) ) + ( ( ( ( 0.1y + 0.2y ) + ( 0.25x + 0.2y ) ) * 0.2y ) + ( 0.333333333333y + ( 0.111111111111x * 0.125y ) ) ) ) )
ind: 91
( 0.125y + ( ( ( 0.111111111111y * 0.5y ) * ( ( ( 0.111111111111y + 0.142857142857y ) + ( 0.333333333333y + 1.0x ) ) + ( ( 0.1x * 0.142857142857y ) * 0.111111111111y ) ) ) + 0.5y ) )
ind: 92
( ( ( ( 0.166666666667x * 0.142857142857x ) + 0.111111111111x ) + ( 0.1x * 1.0x ) ) * 0.1y )
ind: 93
( 0.111111111111x + 1.0y )
ind: 94
( ( 0.1x * ( 0.111111111111x + 0.125y ) ) + 0.166666666667x )
ind: 95
( ( ( 0.125x * 0.111111111111y ) * ( ( 0.125x * 0.1x ) * 0.166666666667x ) ) * ( 0.25x * 0.1y ) )
ind: 96
( ( 0.111111111111x + 0.5y ) * 1.0y )
ind: 97
( ( ( 1.0x + 0.2x ) + 0.125y ) * 0.142857142857x )
ind: 98
( 0.2y * ( 0.166666666667y + 0.1x ) )
ind: 99
( ( 0.5x * ( 0.1y * 0.25y ) ) + ( ( 0.111111111111x + ( 0.25x * 1.0x ) ) + ( 0.1y * 0.25x ) ) )
ind: 100
( ( 0.125x * 0.166666666667y ) + ( ( ( ( ( 0.2x + 0.2y ) + ( 0.142857142857x * 0.5y ) ) + ( 0.125x + 0.125x ) ) * 1.0y ) * 0.125x ) )
Best Ind: ( ( 1.0y * ( 1.0y + ( 0.111111111111x + 0.111111111111x ) ) ) + ( ( ( ( ( 0.2x + 0.5y ) * ( 0.333333333333x * 0.125y ) ) * 0.25x ) + 0.5y ) + 0.111111111111y ) )
Fitness = 30.8622742728
Worst Ind: ( ( ( ( 0.111111111111x + ( 1.0y * ( 0.1y * 0.142857142857x ) ) ) * ( 0.25y + 0.142857142857x ) ) + 0.1x ) * ( ( 0.2x * ( ( 0.1x * ( 0.166666666667x + 0.125y ) ) * 0.1x ) ) * ( ( 0.2y * 0.142857142857y ) * ( ( ( 0.25x + 0.25y ) + 0.25y ) * ( ( 0.142857142857x + 0.125y ) * ( 0.166666666667y * 0.166666666667x ) ) ) ) ) )
Fitness = 49.9999999999
Avg Fitness = 48.1063356565
Duplicated = 0
============================================================================
Evaluate Gen  1
New Population 157
Better than Dads 27
Best Ind: ( ( ( 1.0y + 0.142857142857x ) * ( 0.166666666667x + 1.0y ) ) + 0.142857142857y )
Fitness = 29.2836742784
Worst Ind: ( 0.125x + ( ( ( 0.25y + 0.125y ) * 0.111111111111y ) * 0.142857142857x ) )
Fitness = 49.7421273289
Avg Fitness = 47.3337673947
Duplicated = 2
============================================================================
Evaluate Gen  2
New Population 170
Better than Dads 40
Best Ind: ( ( ( 1.0y + 0.142857142857x ) * ( 0.166666666667x + 1.0y ) ) + 0.142857142857y )
Fitness = 29.2836742784
Worst Ind: ( ( ( 0.142857142857x + ( 0.1y * ( 0.333333333333x * 0.5y ) ) ) * 0.125y ) + ( 0.333333333333y * 0.111111111111y ) )
Fitness = 48.8671147692
Avg Fitness = 46.3596392431
Duplicated = 2
============================================================================
Evaluate Gen  3
New Population 170
Better than Dads 37
Best Ind: ( ( ( 1.0y + 0.142857142857x ) * ( 0.166666666667x + 1.0y ) ) + 0.142857142857y )
Fitness = 29.2836742784
Worst Ind: ( ( 0.125x * 1.0y ) + ( 0.166666666667y + ( ( 0.5x * ( ( 0.1x + 1.0y ) * 0.25y ) ) * 0.111111111111y ) ) )
Fitness = 48.1798182429
Avg Fitness = 45.2586455425
Duplicated = 3
============================================================================
Evaluate Gen  4
New Population 165
Better than Dads 38
Best Ind: ( ( ( 1.0y + 0.142857142857x ) * ( 0.166666666667x + 1.0y ) ) + 0.142857142857y )
Fitness = 29.2836742784
Worst Ind: ( 0.25y + 1.0x )
Fitness = 47.4591586854
Avg Fitness = 44.2233039874
Duplicated = 2
============================================================================
Evaluate Gen  5
New Population 167
Better than Dads 41
Best Ind: ( ( ( 1.0y + 0.142857142857x ) * ( 0.166666666667x + 1.0y ) ) + 0.142857142857y )
Fitness = 29.2836742784
Worst Ind: ( ( 0.5x * ( 0.142857142857x + ( 0.1y * 0.5y ) ) ) + ( ( 0.111111111111x + ( 0.25x * 1.0x ) ) + ( 0.1y * 0.25x ) ) )
Fitness = 46.6744380285
Avg Fitness = 42.8890374047
Duplicated = 2
============================================================================
Evaluate Gen  6
New Population 161
Better than Dads 34
Best Ind: ( ( 0.25y + 0.166666666667y ) + ( ( ( 0.25y + 1.0x ) + ( 0.333333333333y + ( ( 1.0x + 0.333333333333y ) + ( 0.333333333333y + 1.0x ) ) ) ) * ( ( 0.2y + ( 0.166666666667y * 1.0x ) ) + ( 0.111111111111x + ( 0.25x + 0.111111111111x ) ) ) ) )
Fitness = 23.2951505638
Worst Ind: ( ( ( 0.1x + 0.333333333333y ) + ( ( 0.333333333333x * 0.5y ) + ( 0.333333333333x * 0.5y ) ) ) + 0.25y )
Fitness = 44.84868978
Avg Fitness = 41.312153124
Duplicated = 3
============================================================================
Evaluate Gen  7
New Population 171
Better than Dads 50
Best Ind: ( ( ( 0.166666666667x + 0.1x ) + 0.166666666667y ) + ( ( ( 0.25y + 1.0x ) + ( 0.333333333333y + ( ( 1.0x + 0.333333333333y ) + ( 0.333333333333y + 1.0x ) ) ) ) * 1.0y ) )
Fitness = 12.9811115133
Worst Ind: ( ( ( 0.25x + 0.5x ) * 0.25y ) + ( ( ( 0.1y + ( 0.111111111111x + ( 1.0y + 0.1x ) ) ) + ( 0.333333333333x + ( ( 0.5y + 1.0x ) * ( 0.2y * 0.1y ) ) ) ) * 0.142857142857y ) )
Fitness = 43.2217657506
Avg Fitness = 39.1328702159
Duplicated = 8
============================================================================
Evaluate Gen  8
New Population 164
Better than Dads 41
Best Ind: ( ( ( 0.166666666667x + 0.1x ) + 0.166666666667y ) + ( ( ( 0.25y + 1.0x ) + ( 0.333333333333y + ( ( 1.0x + 0.333333333333y ) + ( 0.333333333333y + 1.0x ) ) ) ) * 1.0y ) )
Fitness = 12.9811115133
Worst Ind: ( ( 1.0y * ( 0.111111111111x + 0.25y ) ) + 0.333333333333x )
Fitness = 42.1142483829
Avg Fitness = 37.0506783073
Duplicated = 4
============================================================================
Evaluate Gen  9
New Population 170
Better than Dads 43
Best Ind: ( ( 1.0y + 0.333333333333x ) * ( ( ( 0.25y + 1.0x ) + ( 0.333333333333y + ( ( 1.0x + 0.333333333333y ) + ( 0.333333333333y + 1.0x ) ) ) ) + 0.25y ) )
Fitness = 11.763357176
Worst Ind: ( ( ( ( 1.0x * ( ( 0.2y + 0.5y ) + ( 0.2x * 0.333333333333x ) ) ) + 1.0y ) + ( 0.166666666667x * 0.142857142857x ) ) + ( 0.5y * 0.125y ) )
Fitness = 40.7039917182
Avg Fitness = 34.6334018303
Duplicated = 2
============================================================================
Evaluate Gen  10
New Population 162
Better than Dads 36
Best Ind: ( ( 1.0y + 0.333333333333x ) * ( ( ( 0.25y + 1.0x ) + ( 0.333333333333y + ( ( 1.0x + 0.333333333333y ) + ( 0.333333333333y + 1.0x ) ) ) ) + 0.25y ) )
Fitness = 11.763357176
Worst Ind: ( ( 0.2x + ( 0.333333333333x * 0.111111111111x ) ) + ( ( 0.111111111111y + 1.0x ) * ( ( ( 0.25x + 0.5x ) + 0.2y ) + 0.125x ) ) )
Fitness = 38.290354185
Avg Fitness = 32.3880195511
Duplicated = 2
============================================================================
Evaluate Gen  11
New Population 162
Better than Dads 34
Best Ind: ( ( 1.0y + 0.333333333333x ) * ( ( ( 0.25y + 1.0x ) + ( 0.333333333333y + ( ( 1.0x + 0.333333333333y ) + ( 0.333333333333y + 1.0x ) ) ) ) + 0.25y ) )
Fitness = 11.763357176
Worst Ind: ( ( ( ( 1.0x * ( ( 0.2y + 0.5y ) + ( 0.2x * 0.333333333333x ) ) ) + 1.0y ) + 0.111111111111x ) + ( ( ( 0.25y + 1.0x ) + ( 0.333333333333y + ( ( 1.0x + 0.333333333333y ) + ( 0.333333333333y + 1.0x ) ) ) ) * 0.125y ) )
Fitness = 36.0442745682
Avg Fitness = 29.4338116528
Duplicated = 4
============================================================================
Evaluate Gen  12
New Population 167
Better than Dads 40
Best Ind: ( ( 1.0y + 0.333333333333x ) * ( ( ( 0.25y + 1.0x ) + ( 0.333333333333y + ( ( 1.0x + 0.333333333333y ) + ( 0.333333333333y + 1.0x ) ) ) ) + 0.25y ) )
Fitness = 11.763357176
Worst Ind: ( ( ( ( 1.0x * ( ( 0.2y + 0.5y ) + ( 0.333333333333y + 1.0x ) ) ) + 1.0y ) + 0.111111111111x ) + ( 0.142857142857x * 0.1y ) )
Fitness = 32.3717111253
Avg Fitness = 26.9923913836
Duplicated = 6
============================================================================
Evaluate Gen  13
New Population 167
Better than Dads 45
Best Ind: ( ( 1.0y + 0.333333333333x ) * ( ( ( 0.25y + 1.0x ) + ( 0.333333333333y + ( ( 1.0x + 0.333333333333y ) + ( 0.333333333333y + 1.0x ) ) ) ) + 0.25y ) )
Fitness = 11.763357176
Worst Ind: ( ( 1.0y * ( 1.0y + ( 0.111111111111x + 0.111111111111x ) ) ) + ( ( ( ( ( 0.333333333333y + 1.0x ) * ( 0.333333333333x * 0.125y ) ) * ( 0.25y + 1.0x ) ) + 0.5y ) + 0.111111111111y ) )
Fitness = 30.7742479485
Avg Fitness = 24.9269865116
Duplicated = 6
============================================================================
Evaluate Gen  14
New Population 164
Better than Dads 40
Best Ind: ( ( 1.0y + 0.333333333333x ) * ( ( ( 0.25y + 1.0x ) + ( 0.333333333333y + ( ( 1.0x + 0.333333333333y ) + ( 0.333333333333y + 1.0x ) ) ) ) + 0.25y ) )
Fitness = 11.763357176
Worst Ind: ( ( ( ( 1.0x * ( ( 0.2y + 0.5y ) + ( 0.333333333333y + 1.0x ) ) ) + ( ( ( 0.142857142857y * 0.25y ) + 0.25y ) + 0.125y ) ) + 0.111111111111x ) + ( ( ( 0.111111111111y + 1.0x ) + 0.125y ) * 0.1y ) )
Fitness = 28.5349178602
Avg Fitness = 22.8389412335
Duplicated = 7
============================================================================
Evaluate Gen  15
New Population 166
Better than Dads 43
Best Ind: ( ( 1.0y + 0.333333333333x ) * ( ( ( 0.25y + 1.0x ) + ( 0.333333333333y + ( ( 1.0x + 0.333333333333y ) + ( 0.333333333333y + 1.0x ) ) ) ) + 0.25y ) )
Fitness = 11.763357176
Worst Ind: ( ( ( ( 1.0y * 0.2x ) + ( 0.333333333333x + 1.0x ) ) + ( ( ( 1.0y + 0.142857142857x ) * ( 0.166666666667x + 1.0y ) ) + 0.142857142857y ) ) + ( ( ( 0.25y + 1.0x ) + ( 0.333333333333y + ( ( 1.0x + 0.333333333333y ) + ( 0.333333333333y + 1.0x ) ) ) ) * 0.125y ) )
Fitness = 25.8462418792
Avg Fitness = 20.2791524677
Duplicated = 4
============================================================================
Evaluate Gen  16
New Population 155
Better than Dads 35
Best Ind: ( ( ( ( 0.166666666667x + 0.333333333333y ) + ( 1.0x + 1.0x ) ) * ( 1.0x + 1.0y ) ) + ( ( ( 1.0x + 0.333333333333y ) + ( 0.333333333333y + 1.0x ) ) * 0.5y ) )
Fitness = 11.5517935565
Worst Ind: ( ( ( 0.333333333333x * ( 0.1x * ( ( 1.0x * 0.5x ) * 0.333333333333x ) ) ) + ( 0.25x + 0.5x ) ) + ( ( ( 0.333333333333y + ( 0.25x + ( 0.333333333333y + 1.0x ) ) ) + 1.0x ) * ( ( ( 0.25x + 0.5x ) + 0.2y ) + 0.125x ) ) )
Fitness = 23.2960055897
Avg Fitness = 19.0392078544
Duplicated = 5
============================================================================
Evaluate Gen  17
New Population 156
Better than Dads 36
Best Ind: ( ( ( ( 1.0x + 0.333333333333y ) + ( ( 0.333333333333x * 0.5y ) + 1.0x ) ) * ( 1.0x + 1.0y ) ) + ( ( ( 1.0x + 0.333333333333y ) + ( 0.333333333333y + 1.0x ) ) * 0.5y ) )
Fitness = 11.2927893897
Worst Ind: ( ( 0.166666666667x + ( ( 0.333333333333x * 0.5y ) + 0.5x ) ) + ( 1.0y * ( 1.0y + 1.0x ) ) )
Fitness = 22.09170056
Avg Fitness = 17.2112090257
Duplicated = 4
============================================================================
Evaluate Gen  18
New Population 166
Better than Dads 43
Best Ind: ( ( ( ( 1.0x + 0.333333333333y ) + ( ( 0.333333333333x * 0.5y ) + 1.0x ) ) * ( 1.0x + 1.0y ) ) + ( ( ( 1.0x + 0.333333333333y ) + ( 0.333333333333y + 1.0x ) ) * 0.5y ) )
Fitness = 11.2927893897
Worst Ind: ( ( ( 0.111111111111y + 1.0x ) * ( ( ( 0.25x + 0.5x ) + 0.2y ) + ( 0.166666666667y + 0.125y ) ) ) + ( ( ( 1.0y + 0.142857142857x ) * ( 0.166666666667x + 1.0y ) ) + 0.142857142857y ) )
Fitness = 19.7753665565
Avg Fitness = 15.5810375531
Duplicated = 7
============================================================================
Evaluate Gen  19
New Population 158
Better than Dads 40
Best Ind: ( ( ( ( 1.0x + 0.333333333333y ) + ( ( 0.333333333333x * 0.5y ) + 1.0x ) ) * ( 1.0x + 1.0y ) ) + ( ( ( 1.0x + 0.333333333333y ) + ( 0.333333333333y + 1.0x ) ) * 0.5y ) )
Fitness = 11.2927893897
Worst Ind: ( ( ( ( 1.0y + 0.111111111111x ) + 0.5y ) * 1.0y ) + ( ( 0.111111111111y + 1.0x ) * ( 1.0x + ( 0.166666666667y + 0.125y ) ) ) )
Fitness = 17.9255705553
Avg Fitness = 14.476699008
Duplicated = 7
============================================================================
Evaluate Gen  20
New Population 164
Better than Dads 52
Best Ind: ( ( ( ( 1.0x + 0.333333333333y ) + ( ( 0.333333333333x * 0.5y ) + 1.0x ) ) * ( 1.0x + 1.0y ) ) + ( ( ( 1.0x + 0.333333333333y ) + ( 0.333333333333y + 1.0x ) ) * 0.5y ) )
Fitness = 11.2927893897
Worst Ind: ( ( ( 1.0x * ( 1.0x + 0.333333333333y ) ) + ( 0.2y + ( 0.166666666667y * 1.0x ) ) ) + ( ( ( 0.333333333333y + ( 0.25x + ( 0.333333333333y + 1.0x ) ) ) + 1.0x ) * ( ( ( 0.25x + 0.5x ) + 0.2y ) + 0.125x ) ) )
Fitness = 16.2119909057
Avg Fitness = 13.7425094015
Duplicated = 7
============================================================================
Evaluate Gen  21
New Population 168
Better than Dads 56
Best Ind: ( ( ( ( 1.0x + 0.333333333333y ) + ( ( 0.333333333333x * 0.5y ) + 1.0x ) ) * ( 1.0x + 1.0y ) ) + ( ( ( 1.0x + 0.333333333333y ) + ( 0.333333333333y + 1.0x ) ) * 0.5y ) )
Fitness = 11.2927893897
Worst Ind: ( ( ( 1.0x + 1.0y ) * ( ( 0.25x + ( 1.0y + 1.0x ) ) + ( 0.111111111111x + 1.0x ) ) ) + ( ( 0.111111111111y + 1.0x ) * ( ( ( 0.25x + 0.5x ) + 0.2y ) + ( 0.166666666667y + 0.125y ) ) ) )
Fitness = 14.7491195507
Avg Fitness = 13.2178507758
Duplicated = 8
============================================================================
Evaluate Gen  22
New Population 166
Better than Dads 46
Best Ind: ( ( 1.0y + 0.333333333333x ) * ( ( 0.333333333333y + ( 0.25x + ( 0.333333333333y + 1.0x ) ) ) + ( ( 0.333333333333y + 1.0x ) + 1.0x ) ) )
Fitness = 11.1069535953
Worst Ind: ( ( ( 1.0y + 1.0y ) * ( ( 0.25x + ( 1.0y + 1.0x ) ) + 0.2y ) ) + ( ( 0.111111111111y + 1.0x ) * ( ( ( 0.25x + 0.5x ) + 0.2y ) + ( 0.166666666667y + 0.125y ) ) ) )
Fitness = 14.0054162442
Avg Fitness = 12.762848169
Duplicated = 5
============================================================================
Evaluate Gen  23
New Population 170
Better than Dads 54
Best Ind: ( ( 1.0y + 0.333333333333x ) * ( ( 0.333333333333y + ( 0.25x + ( 0.333333333333y + 1.0x ) ) ) + ( ( 0.333333333333y + 1.0x ) + 1.0x ) ) )
Fitness = 11.1069535953
Worst Ind: ( ( 0.25y + 0.166666666667y ) + ( ( ( 0.25y + 0.25x ) + ( ( ( 0.25x + 0.5x ) + 0.2y ) + ( ( 1.0x + 0.333333333333y ) + ( 0.333333333333y + 1.0x ) ) ) ) * ( ( 0.2y + 1.0y ) + ( 0.111111111111x + ( 0.25x + 0.111111111111x ) ) ) ) )
Fitness = 13.4785299883
Avg Fitness = 12.5130242463
Duplicated = 8
============================================================================
Evaluate Gen  24
New Population 154
Better than Dads 46
Best Ind: ( ( 1.0y + 0.333333333333x ) * ( ( 0.333333333333y + ( 0.25x + ( 0.333333333333y + 1.0x ) ) ) + ( ( 0.333333333333y + 1.0x ) + 1.0x ) ) )
Fitness = 11.1069535953
Worst Ind: ( ( ( 1.0y + 0.142857142857x ) * 1.0y ) + ( ( ( 0.333333333333y + ( 0.25x + ( 0.333333333333y + 1.0x ) ) ) + 1.0x ) * ( ( ( 0.25x + 0.5x ) + 0.2y ) + 0.125x ) ) )
Fitness = 13.2302295748
Avg Fitness = 12.4066514257
Duplicated = 7
============================================================================
Evaluate Gen  25
New Population 168
Better than Dads 50
Best Ind: ( ( ( 0.25y + ( ( 1.0x + 0.333333333333y ) + ( 0.333333333333y + 1.0x ) ) ) * 1.0y ) + ( 1.0y * ( ( 0.111111111111y + 1.0x ) + 1.0x ) ) )
Fitness = 10.850331605
Worst Ind: ( ( ( ( 1.0y + 0.333333333333x ) * ( ( 0.333333333333y + 1.0x ) + 0.25y ) ) + 0.5x ) + ( ( ( 0.333333333333y + ( 0.25x + ( 0.333333333333y + 1.0x ) ) ) + 1.0x ) * ( ( ( 0.25x + 0.5x ) + 0.2y ) + 0.125x ) ) )
Fitness = 12.9535358334
Avg Fitness = 12.1857450991
Duplicated = 8
============================================================================
Evaluate Gen  26
New Population 163
Better than Dads 58
Best Ind: ( ( ( 0.25y + ( ( 1.0x + 0.333333333333y ) + ( 0.333333333333y + 1.0x ) ) ) * 1.0y ) + ( 1.0y * ( ( 0.111111111111y + 1.0x ) + 1.0x ) ) )
Fitness = 10.850331605
Worst Ind: ( ( 0.25y + 0.166666666667y ) + ( ( ( 0.25y + 0.25x ) + ( 0.333333333333y + ( ( 1.0x + 0.333333333333y ) + ( 0.333333333333y + 1.0x ) ) ) ) * ( ( 0.2y + 1.0y ) + ( 0.111111111111x + ( 0.25x + 0.111111111111x ) ) ) ) )
Fitness = 12.8360968444
Avg Fitness = 12.0864207902
Duplicated = 5
============================================================================
Evaluate Gen  27
New Population 170
Better than Dads 59
Best Ind: ( ( ( 0.25y + ( ( 1.0x + 0.333333333333y ) + ( 0.333333333333y + 1.0x ) ) ) * 1.0y ) + ( 1.0y * ( ( 0.111111111111y + 1.0x ) + 1.0x ) ) )
Fitness = 10.850331605
Worst Ind: ( ( ( ( 1.0x + 0.333333333333y ) + ( 0.333333333333y + 1.0x ) ) * 1.0y ) + ( ( ( 0.333333333333y + ( 0.25x + ( 0.333333333333y + 1.0x ) ) ) + 1.0x ) * ( 0.333333333333y + 0.125x ) ) )
Fitness = 12.6583061207
Avg Fitness = 11.9560949142
Duplicated = 7
============================================================================
Evaluate Gen  28
New Population 164
Better than Dads 47
Best Ind: ( ( ( 0.25y + ( ( 1.0x + 0.333333333333y ) + ( 0.333333333333y + 1.0x ) ) ) * 1.0y ) + ( 1.0y * ( ( 0.111111111111y + 1.0x ) + 1.0x ) ) )
Fitness = 10.850331605
Worst Ind: ( ( ( ( 1.0x + 0.333333333333y ) + ( 0.333333333333y + ( ( 1.0x + 0.333333333333y ) + ( 0.333333333333y + 1.0x ) ) ) ) * ( ( 0.2y + 0.111111111111y ) + ( 0.111111111111x + ( 0.25x + 0.333333333333x ) ) ) ) + ( ( ( 0.333333333333y + ( 0.25x + ( 0.333333333333y + 1.0x ) ) ) + 0.25y ) * ( ( ( 0.25x + 0.5x ) + 0.2y ) + 0.125x ) ) )
Fitness = 12.3151455241
Avg Fitness = 11.8246063294
Duplicated = 10
============================================================================
Evaluate Gen  29
New Population 162
Better than Dads 54
Best Ind: ( ( ( 0.25y + ( ( 1.0x + 0.333333333333y ) + ( 0.333333333333y + 1.0x ) ) ) * 1.0y ) + ( 1.0y * ( ( 0.111111111111y + 1.0x ) + 1.0x ) ) )
Fitness = 10.850331605
Worst Ind: ( ( ( 0.333333333333y + ( 0.5y + 1.0x ) ) * 1.0y ) + ( 1.0y * ( ( 0.111111111111x + ( 0.166666666667y + 1.0x ) ) + 1.0x ) ) )
Fitness = 12.1532614366
Avg Fitness = 11.7653315423
Duplicated = 9
============================================================================
Evaluate Gen  30
New Population 163
Better than Dads 53
Best Ind: ( ( ( 0.25y + ( ( 1.0x + 0.333333333333y ) + ( 0.333333333333y + 1.0x ) ) ) * 1.0y ) + ( 1.0y * ( ( 0.111111111111y + 1.0x ) + 1.0x ) ) )
Fitness = 10.850331605
Worst Ind: ( ( ( ( 0.333333333333y + ( ( 0.333333333333y + 0.166666666667x ) + ( 0.333333333333y + 1.0x ) ) ) + 0.142857142857x ) * ( ( ( 0.111111111111x + ( 0.5x * 1.0x ) ) + ( 0.1y * 0.25x ) ) + 1.0y ) ) + ( ( ( 0.333333333333y + ( 0.25x + ( 0.333333333333y + 1.0x ) ) ) + 1.0x ) * ( ( ( 0.25x + 0.5x ) + 0.2y ) + 0.125x ) ) )
Fitness = 12.0623590844
Avg Fitness = 11.7042130366
Duplicated = 10
============================================================================
Evaluate Gen  31
New Population 165
Better than Dads 53
Best Ind: ( ( ( 0.25y + ( ( 1.0x + 0.333333333333y ) + ( 0.333333333333y + 1.0x ) ) ) * 1.0y ) + ( 1.0y * ( ( 0.111111111111y + 1.0x ) + 1.0x ) ) )
Fitness = 10.850331605
Worst Ind: ( ( ( ( ( 1.0x + 0.333333333333y ) + 0.25x ) * ( 1.0x + 1.0y ) ) + ( ( ( 1.0x + 0.333333333333y ) + ( 0.333333333333y + 1.0x ) ) * 0.5y ) ) + ( ( ( 1.0y + 0.142857142857x ) * ( 0.166666666667x + 1.0y ) ) + 0.142857142857y ) )
Fitness = 11.9510654301
Avg Fitness = 11.6256878778
Duplicated = 17
============================================================================
Evaluate Gen  32
New Population 164
Better than Dads 57
Best Ind: ( ( ( 0.25y + ( ( 1.0x + 0.333333333333y ) + ( 0.333333333333y + 1.0x ) ) ) * 1.0y ) + ( 1.0y * ( ( 0.111111111111y + 1.0x ) + 1.0x ) ) )
Fitness = 10.850331605
Worst Ind: ( ( ( ( 1.0x + 0.333333333333y ) + ( 0.333333333333y + ( ( 0.25y + 1.0x ) + 0.25y ) ) ) * 1.0y ) + ( ( 0.111111111111y + 1.0x ) * ( ( 0.166666666667y * 1.0x ) + ( ( 1.0x + 0.333333333333y ) + ( 0.333333333333y + 1.0x ) ) ) ) )
Fitness = 11.8979346818
Avg Fitness = 11.5870426305
Duplicated = 16
============================================================================
Evaluate Gen  33
New Population 160
Better than Dads 55
Best Ind: ( ( ( 0.25y + ( ( 1.0x + 0.333333333333y ) + ( 0.333333333333y + 1.0x ) ) ) * 1.0y ) + ( 1.0y * ( ( 0.111111111111y + 1.0x ) + 1.0x ) ) )
Fitness = 10.850331605
Worst Ind: ( ( ( ( 1.0x + 1.0x ) + 0.25x ) * ( 1.0x + 1.0y ) ) + ( ( ( 1.0x + 0.333333333333y ) + ( 0.333333333333y + ( 0.25x + ( 1.0y + 1.0x ) ) ) ) * 0.5y ) )
Fitness = 11.8505427782
Avg Fitness = 11.5606132886
Duplicated = 21
============================================================================
Evaluate Gen  34
New Population 163
Better than Dads 54
Best Ind: ( ( ( ( 0.333333333333y + ( 0.25x + ( 1.0x + 0.333333333333x ) ) ) + 1.0x ) * 1.0y ) + ( ( ( 0.333333333333y + 1.0x ) + 1.0x ) * ( 1.0y + ( 0.166666666667y + 0.125y ) ) ) )
Fitness = 10.737866616
Worst Ind: ( ( ( ( 1.0y + ( 0.111111111111x + ( 0.166666666667y + 1.0x ) ) ) + 0.5y ) * 1.0y ) + ( ( ( 0.111111111111y + 1.0x ) * ( 1.0y + ( 0.166666666667y + 0.125y ) ) ) + ( ( 0.111111111111y + 1.0x ) * ( ( ( 0.25x + 0.5x ) + 0.2y ) + ( 0.166666666667y + 0.125y ) ) ) ) )
Fitness = 11.7834130472
Avg Fitness = 11.5257789396
Duplicated = 26
============================================================================
Evaluate Gen  35
New Population 167
Better than Dads 53
Best Ind: ( ( ( ( 0.333333333333y + ( 0.25x + ( 1.0x + 0.333333333333x ) ) ) + 1.0x ) * 1.0y ) + ( ( ( 0.333333333333y + 1.0x ) + 1.0x ) * ( 1.0y + ( 0.166666666667y + 0.125y ) ) ) )
Fitness = 10.737866616
Worst Ind: ( ( ( 1.0y + 0.142857142857x ) * ( 0.333333333333y + ( ( 1.0x + 0.333333333333y ) + ( 0.333333333333y + 1.0x ) ) ) ) + ( ( ( 0.111111111111y + 1.0x ) * ( 1.0y + ( 0.166666666667y + 0.125y ) ) ) + ( ( 0.111111111111y + 1.0x ) * ( ( ( 0.25x + 0.5x ) + 0.2y ) + ( 0.166666666667y + 0.125y ) ) ) ) )
Fitness = 11.6896024151
Avg Fitness = 11.4848101604
Duplicated = 25
============================================================================
Evaluate Gen  36
New Population 158
Better than Dads 53
Best Ind: ( ( ( ( 0.333333333333y + ( 0.25x + ( 1.0x + 0.333333333333x ) ) ) + 1.0x ) * 1.0y ) + ( ( ( 0.333333333333y + 1.0x ) + 1.0x ) * ( 1.0y + ( 0.166666666667y + 0.125y ) ) ) )
Fitness = 10.737866616
Worst Ind: ( ( 1.0y * 1.0y ) + ( ( ( ( 1.0y + 0.333333333333x ) + 1.0x ) + ( 0.333333333333y + ( 1.0y + ( 0.333333333333y + 1.0x ) ) ) ) * 1.0x ) )
Fitness = 11.6604788479
Avg Fitness = 11.4635385856
Duplicated = 26
============================================================================
Evaluate Gen  37
New Population 164
Better than Dads 56
Best Ind: ( ( ( ( 0.333333333333y + ( 0.25x + ( 1.0x + 0.333333333333x ) ) ) + 1.0x ) * 1.0y ) + ( ( ( 0.333333333333y + 1.0x ) + 1.0x ) * ( 1.0y + ( 0.166666666667y + 0.125y ) ) ) )
Fitness = 10.737866616
Worst Ind: ( ( ( ( 1.0x + 0.333333333333y ) + 0.25x ) * ( 1.0x + 1.0y ) ) + ( ( ( 1.0x + 0.333333333333y ) + ( 0.333333333333y + ( 0.25x + ( 0.333333333333y + 1.0x ) ) ) ) * 0.5y ) )
Fitness = 11.6422107293
Avg Fitness = 11.4366354446
Duplicated = 26
============================================================================
Evaluate Gen  38
New Population 165
Better than Dads 55
Best Ind: ( ( ( 0.25y + ( ( 1.0x + 0.25x ) + ( 0.333333333333y + 1.0x ) ) ) * 1.0y ) + ( 1.0y * ( ( 0.111111111111y + 1.0x ) + 1.0x ) ) )
Fitness = 10.7296376014
Worst Ind: ( ( 1.0y + 0.333333333333x ) * ( ( ( ( 1.0y + 0.142857142857x ) + ( 0.1y * 0.111111111111y ) ) + ( 0.25y + 0.25x ) ) + ( 1.0x + 1.0x ) ) )
Fitness = 11.6134324728
Avg Fitness = 11.3922643588
Duplicated = 24
============================================================================
Evaluate Gen  39
New Population 167
Better than Dads 57
Best Ind: ( ( ( 0.333333333333x + 1.0x ) * ( ( ( 1.0y + 1.0y ) + 0.2y ) + ( 0.166666666667y + 0.125y ) ) ) + ( 1.0y * ( 1.0y + 1.0x ) ) )
Fitness = 10.6840195182
Worst Ind: ( ( ( ( ( ( 1.0x + 0.333333333333y ) + 0.25y ) + 0.25y ) + ( 0.333333333333y + 1.0x ) ) * ( ( 0.2y + ( 0.166666666667y * 1.0x ) ) + ( ( 0.25y + 0.166666666667y ) + ( 0.25x + 0.111111111111x ) ) ) ) + ( ( ( 0.333333333333y + ( 0.25x + ( 0.333333333333y + 1.0x ) ) ) + 0.25y ) * ( ( ( 0.25x + 0.5x ) + 0.2y ) + 0.142857142857y ) ) )
Fitness = 11.5788412262
Avg Fitness = 11.3594279678
Duplicated = 25
============================================================================
Evaluate Gen  40
New Population 162
Better than Dads 57
Best Ind: ( ( ( 0.333333333333x + 1.0x ) * ( ( ( 1.0y + 1.0y ) + 0.2y ) + ( 0.166666666667y + 0.125y ) ) ) + ( 1.0y * ( 1.0y + 1.0x ) ) )
Fitness = 10.6840195182
Worst Ind: ( ( ( ( 0.166666666667x + 0.333333333333y ) + ( 1.0x + 1.0x ) ) * ( 1.0x + 1.0y ) ) + ( ( ( 1.0x + 0.333333333333y ) + ( 0.333333333333y + 1.0x ) ) * 0.5y ) )
Fitness = 11.5517935565
Avg Fitness = 11.3394115229
Duplicated = 25
============================================================================
Evaluate Gen  41
New Population 166
Better than Dads 59
Best Ind: ( ( ( 0.333333333333x + 1.0x ) * ( ( ( 1.0y + 1.0y ) + 0.2y ) + ( 0.166666666667y + 0.125y ) ) ) + ( 1.0y * ( 1.0y + 1.0x ) ) )
Fitness = 10.6840195182
Worst Ind: ( ( ( 0.333333333333y + ( 0.5y + ( 0.333333333333y + ( 0.333333333333y + 1.0x ) ) ) ) * 1.0y ) + ( ( ( 0.111111111111y + 1.0x ) * ( 1.0y + 0.25y ) ) + ( ( 0.111111111111y + 1.0x ) * ( ( ( 0.25x + 0.5x ) + 0.2y ) + ( 0.166666666667y + 0.125y ) ) ) ) )
Fitness = 11.5427948046
Avg Fitness = 11.2983773969
Duplicated = 20
============================================================================
Evaluate Gen  42
New Population 161
Better than Dads 51
Best Ind: ( ( ( 0.333333333333x + 1.0x ) * ( ( ( 1.0y + 1.0y ) + 0.2y ) + ( 0.166666666667y + 0.125y ) ) ) + ( 1.0y * ( 1.0y + 1.0x ) ) )
Fitness = 10.6840195182
Worst Ind: ( ( ( 0.333333333333y + ( 0.5y + ( 0.333333333333y + 1.0x ) ) ) * 1.0y ) + ( ( ( ( 0.166666666667y + 0.125y ) + 1.0x ) * ( 1.0y + 0.333333333333y ) ) + ( ( 0.25x + 1.0x ) * ( ( ( 0.25x + 0.5x ) + 0.2y ) + ( 0.166666666667y + 0.125y ) ) ) ) )
Fitness = 11.4908610565
Avg Fitness = 11.2686566665
Duplicated = 23
============================================================================
Evaluate Gen  43
New Population 166
Better than Dads 61
Best Ind: ( ( ( 0.333333333333x + 1.0x ) * ( ( ( 1.0y + 1.0y ) + 0.2y ) + ( 0.166666666667y + 0.125y ) ) ) + ( 1.0y * ( 1.0y + 1.0x ) ) )
Fitness = 10.6840195182
Worst Ind: ( ( ( 0.333333333333y + ( 0.25x + ( 1.0y + 0.333333333333x ) ) ) * ( 1.0x + 1.0y ) ) + ( ( ( 1.0x + 0.333333333333y ) + ( 0.333333333333y + 1.0x ) ) * 0.5y ) )
Fitness = 11.4836282722
Avg Fitness = 11.2323313144
Duplicated = 23
============================================================================
Evaluate Gen  44
New Population 161
Better than Dads 50
Best Ind: ( ( ( 0.333333333333x + 1.0x ) * ( ( ( 1.0y + 1.0y ) + 0.2y ) + ( 0.166666666667y + 0.125y ) ) ) + ( 1.0y * ( 1.0y + 1.0x ) ) )
Fitness = 10.6840195182
Worst Ind: ( ( ( 0.333333333333y + ( 0.5y + ( 0.111111111111x + ( 0.333333333333y + 1.0x ) ) ) ) * 1.0y ) + ( ( ( 0.111111111111y + 1.0x ) * ( 1.0y + 0.25y ) ) + ( ( 0.111111111111y + 1.0x ) * ( ( ( 0.25x + 0.5x ) + 0.2y ) + ( 0.166666666667y + 0.125y ) ) ) ) )
Fitness = 11.4401506944
Avg Fitness = 11.1934464921
Duplicated = 27
============================================================================
Evaluate Gen  45
New Population 171
Better than Dads 66
Best Ind: ( ( ( 0.333333333333x + 1.0x ) * ( ( ( 1.0y + 1.0y ) + 0.2y ) + ( 0.166666666667y + 0.125y ) ) ) + ( 1.0y * ( 1.0y + 1.0x ) ) )
Fitness = 10.6840195182
Worst Ind: ( ( ( 1.0y + 0.142857142857x ) * ( 0.333333333333y + ( ( 1.0x + 0.333333333333y ) + ( 0.333333333333y + 1.0x ) ) ) ) + ( ( ( 0.333333333333y + ( 0.25x + ( 0.333333333333y + 1.0x ) ) ) + 0.25y ) * ( 0.111111111111y + 1.0x ) ) )
Fitness = 11.4152283953
Avg Fitness = 11.1638020685
Duplicated = 26
============================================================================
Evaluate Gen  46
New Population 159
Better than Dads 53
Best Ind: ( ( ( 0.333333333333x + ( ( 1.0x + 0.5y ) + ( 0.333333333333y + 1.0x ) ) ) * 1.0y ) + ( 1.0y * ( ( 0.111111111111y + 1.0x ) + 1.0x ) ) )
Fitness = 10.6452191641
Worst Ind: ( ( ( ( 1.0y + 0.333333333333x ) * ( ( 0.333333333333y + 1.0x ) + 0.25y ) ) + ( 0.333333333333x * ( 0.111111111111x + 0.25y ) ) ) + ( ( ( ( 0.25x + 0.5x ) + ( 1.0y + 1.0x ) ) + 0.25y ) * ( ( ( 0.25x + 0.5x ) + 0.2y ) + 0.125x ) ) )
Fitness = 11.3832851911
Avg Fitness = 11.130680123
Duplicated = 22
============================================================================
Evaluate Gen  47
New Population 167
Better than Dads 60
Best Ind: ( ( ( 0.333333333333x + ( ( 1.0x + 0.5y ) + ( 0.333333333333y + 1.0x ) ) ) * 1.0y ) + ( 1.0y * ( ( 0.111111111111y + 1.0x ) + 1.0x ) ) )
Fitness = 10.6452191641
Worst Ind: ( ( ( ( 0.333333333333y + ( 0.25x + ( 0.333333333333y + 1.0x ) ) ) + ( 1.0x + 1.0x ) ) * 1.0y ) + ( ( 1.0y + 0.333333333333x ) * ( ( 0.333333333333y + 1.0x ) + 0.25y ) ) )
Fitness = 11.3543030778
Avg Fitness = 11.1131837683
Duplicated = 25
============================================================================
Evaluate Gen  48
New Population 167
Better than Dads 61
Best Ind: ( ( ( 1.0x + ( 0.333333333333y + ( ( 0.333333333333x + 1.0x ) + 1.0x ) ) ) * 1.0y ) + ( ( ( 1.0x + 0.333333333333y ) + ( 0.333333333333y + ( 0.25x + ( 0.333333333333y + 1.0x ) ) ) ) * 0.5y ) )
Fitness = 10.5558015729
Worst Ind: ( ( ( 0.2y + ( 0.5y + ( 0.111111111111x + ( 0.333333333333y + 1.0x ) ) ) ) * ( 1.0x + 0.333333333333y ) ) + ( ( ( 0.111111111111y + 1.0x ) * ( 1.0y + ( 0.333333333333y + 0.125y ) ) ) + ( ( 0.111111111111y + 1.0x ) * ( ( ( 0.25x + 0.5x ) + 0.2y ) + ( 0.166666666667y + 0.125y ) ) ) ) )
Fitness = 11.306478692
Avg Fitness = 11.0818858692
Duplicated = 27
============================================================================
Evaluate Gen  49
New Population 167
Better than Dads 59
Best Ind: ( ( ( 1.0x + ( 0.333333333333y + ( ( 0.333333333333x + 1.0x ) + 1.0x ) ) ) * 1.0y ) + ( ( ( 1.0x + 0.333333333333y ) + ( 0.333333333333y + ( 0.25x + ( 0.333333333333y + 1.0x ) ) ) ) * 0.5y ) )
Fitness = 10.5558015729
Worst Ind: ( ( ( 0.333333333333x + 1.0x ) * ( ( ( 1.0x + 1.0y ) + 0.2y ) + ( 0.166666666667y + 0.125y ) ) ) + ( 1.0y * ( 1.0y + 1.0x ) ) )
Fitness = 11.2913421065
Avg Fitness = 11.0495071472
Duplicated = 24
============================================================================
Evaluate Gen  50
New Population 173
Better than Dads 64
Best Ind: ( ( ( 1.0x + ( 0.333333333333y + ( ( 0.333333333333x + 1.0x ) + 1.0x ) ) ) * 1.0y ) + ( ( ( 1.0x + 0.333333333333y ) + ( 0.333333333333y + ( 0.25x + ( 0.333333333333y + 1.0x ) ) ) ) * 0.5y ) )
Fitness = 10.5558015729
Worst Ind: ( ( ( ( 0.333333333333y + ( 0.333333333333y + 1.0x ) ) * ( 1.0y + ( 0.1x + ( 0.333333333333y + 1.0x ) ) ) ) + ( 0.333333333333x * 0.111111111111x ) ) + ( ( 0.111111111111y + 1.0x ) * 1.0y ) )
Fitness = 11.2686947821
Avg Fitness = 11.0181053682
Duplicated = 26
