dataset_file= dataset/SR_div_noise.txt
population= 300
generations= 50
tournament_size= 2
cross_over= 0.9
mutation= 0.05
elitism= True
(50, 2)
============================================================================
Build initial population
ind: 1
( (2x + 6.0) * (1y + 10.0) )
Fitness 1.09331271606
ind: 2
( ( 2.0 + ( (3y + -7.0) + (6y + -5.0) ) ) * ( 4.0 + (6x + 9.0) ) )
Fitness 1.58050204119
ind: 3
( ( (2x + 6.0) + 1.0 ) * ( (5x + 7.0) + ( ( ( (3y + 0.0)^2  ) + 4.0 ) + ( (2y + 7.0) * ( ( (4x + 1.0) + 5.0 )^2  ) ) ) ) )
Fitness 6.56467571022
ind: 4
( ( 1.0^2  ) + ( (8x + 5.0) + ( (5y + -1.0)^2  ) ) )
Fitness 0.494228090185
ind: 5
( ( ( (7x + -7.0)^2  ) * ( ( (2y + -7.0)^2  ) + 2.0 ) ) + ( ( ( ( 1.0^2  ) * (9x + 5.0) )^2  ) * (3x + 3.0) ) )
Fitness 7.84528479701
ind: 6
( ( ( ( (5x + 9.0)^2  )^2  )^2  ) * ( (3y + 2.0) + 4.0 ) )
Fitness 3511.7063759
ind: 7
( (10x + 10.0) + ( (4x + -9.0) + ( ( (6x + -6.0) + ( 9.0 * (1x + -4.0) ) ) + ( (5x + 5.0) + ( (4y + -1.0) + (9x + 2.0) ) ) ) ) )
Fitness 0.837106506261
ind: 8
( ( 10.0 + ( (5x + 10.0) + (8y + -2.0) ) ) + ( 7.0^2  ) )
Fitness 1.15128510559
ind: 9
( ( (8x + -4.0) + (7y + 6.0) ) * (8y + 8.0) )
Fitness 1.02313106076
ind: 10
( (7y + 7.0) * ( ( ( ( ( 3.0^2  ) * 4.0 ) * ( 9.0^2  ) ) + 1.0 ) + ( (5x + 7.0) * (8x + -3.0) ) ) )
Fitness 20.4473127797
ind: 11
( ( ( (4y + -4.0) * ( ( 4.0 + 2.0 ) + (5x + -7.0) ) ) * ( (5y + -5.0) + (2x + 7.0) ) ) + ( 2.0 * (1y + 0.0) ) )
Fitness 0.455222154395
ind: 12
( ( ( ( ( ( (4y + -5.0) * (1x + -2.0) ) * 8.0 ) * ( ( 1.0 * 5.0 )^2  ) )^2  )^2  )^2  )
Fitness 1.03261172992e+13
ind: 13
( ( 2.0^2  ) + ( (9x + 9.0) * ( ( (9y + -10.0) + ( ( (5x + -9.0) + 5.0 ) + (1y + -5.0) ) ) * ( ( ( (1y + -6.0)^2  ) * (7y + 9.0) )^2  ) ) ) )
Fitness 552.509990051
ind: 14
( (5x + 10.0) * ( (5y + 4.0)^2  ) )
Fitness 2.26067057038
ind: 15
( ( 7.0 * ( (3x + -8.0) * (2y + -8.0) ) ) * (5x + -2.0) )
Fitness 4.50256760366
ind: 16
( (5y + 1.0) + ( (7x + 5.0) * 8.0 ) )
Fitness 0.908286227722
ind: 17
( (6y + 5.0) * ( (9x + 7.0) * 10.0 ) )
Fitness 2.94917405987
ind: 18
( (9x + -5.0) + ( (6y + 7.0) + ( ( 9.0 * (2x + -10.0) ) + ( ( 8.0 + 1.0 )^2  ) ) ) )
Fitness 0.45454191814
ind: 19
( (9y + 8.0) + (3x + -10.0) )
Fitness 0.309517916071
ind: 20
( (2y + 7.0) * ( ( 3.0 * (2x + -7.0) )^2  ) )
Fitness 7.78913558712
ind: 21
( ( ( ( ( (3y + 2.0) + 1.0 ) + 6.0 ) + (4x + -5.0) )^2  )^2  )
Fitness 4.49053620993
ind: 22
( ( 4.0 * 2.0 ) * ( ( 9.0 * 2.0 ) + ( (7y + -9.0) + (2x + 4.0) ) ) )
Fitness 1.44583877402
ind: 23
( ( ( ( 6.0 + ( ( 9.0^2  )^2  ) )^2  ) * ( ( ( 4.0^2  ) + ( (5y + -10.0) * ( 7.0 * 3.0 ) ) ) + (3y + 8.0) ) ) * ( ( ( 4.0 + ( (9x + -1.0) + ( (1x + -8.0) * 3.0 ) ) ) + (3x + 10.0) ) + (4x + 6.0) ) )
Fitness 32981.7717005
ind: 24
( ( ( 9.0^2  ) * ( ( 9.0 + ( ( 3.0^2  ) * ( 2.0 * 6.0 ) ) )^2  ) ) * ( ( (7x + 1.0) + ( ( 3.0 * (6y + -3.0) )^2  ) )^2  ) )
Fitness 35180.8938558
ind: 25
( ( 7.0 + ( ( (5y + 0.0) + ( (1y + 8.0) + ( (7x + -6.0) + 5.0 ) ) ) * 6.0 ) ) + ( ( (7x + 1.0) + ( (3x + -1.0) + ( (4y + 1.0) + 5.0 ) ) ) + ( ( (10x + -5.0) * (1y + -8.0) ) * (9x + -3.0) ) ) )
Fitness 1.9412114956
ind: 26
( ( ( ( ( ( (4y + 1.0) * (1x + -2.0) )^2  ) * ( 1.0^2  ) ) + 7.0 )^2  )^2  )
Fitness 668.373819725
ind: 27
( ( ( ( 6.0 + ( ( (9y + 8.0)^2  ) + ( 3.0 + (3y + 2.0) ) ) ) * 1.0 ) * ( (6y + 5.0) * ( (7x + -6.0)^2  ) ) ) * (5x + -2.0) )
Fitness 22.2155451369
ind: 28
( (3x + 0.0) + (9y + -1.0) )
Fitness 0.31076915517
ind: 29
( ( ( ( 7.0 * 7.0 ) * ( ( (9y + -5.0) * ( 10.0 + (7x + -7.0) ) ) + 3.0 ) ) * 4.0 ) * (7y + -7.0) )
Fitness 15.8960077065
ind: 30
( ( (1x + 7.0) + ( (1y + 3.0) * ( (7y + 10.0) + (5x + -10.0) ) ) ) * ( (8y + 3.0) * 3.0 ) )
Fitness 2.32597030009
ind: 31
( ( ( ( ( ( (10x + -9.0) + (5y + -9.0) ) * ( (5x + -3.0) * 9.0 ) ) * (5x + -6.0) ) * ( 1.0 * (5x + -5.0) ) ) + ( 8.0 * ( ( ( (10y + 7.0)^2  ) * (4x + -10.0) ) + ( (1y + 1.0) + 3.0 ) ) ) ) * 10.0 )
Fitness 67.6325784332
ind: 32
( ( ( (2x + 5.0) + ( 10.0 * ( ( (1y + 7.0) * 8.0 ) + (9x + -10.0) ) ) ) * 10.0 )^2  )
Fitness 668.746542924
ind: 33
( ( ( (9x + 1.0)^2  )^2  ) + ( ( (9y + 6.0) + (2y + -2.0) ) * 9.0 ) )
Fitness 1.97687214005
ind: 34
( 6.0 * ( ( ( ( ( (5x + 1.0) + (7y + -4.0) ) + ( 9.0^2  ) ) + ( (7x + -4.0)^2  ) ) + ( ( ( 9.0^2  ) + ( (4x + -8.0) + (6x + 2.0) ) ) + 3.0 ) ) + (3y + -8.0) ) )
Fitness 4.48413352808
ind: 35
( (7x + -8.0) * (1y + 2.0) )
Fitness 0.567072853942
ind: 36
( ( 5.0 + (8x + 3.0) ) + ( ( ( 6.0 * (10y + -3.0) ) * ( ( 4.0 * ( 6.0 * 1.0 ) ) * ( (10y + -5.0) * (7y + 4.0) ) ) ) + (6y + 1.0) ) )
Fitness 15.5434292812
ind: 37
( (1x + 6.0) * ( ( ( (4y + -10.0)^2  ) * ( 10.0 * 9.0 ) ) * ( ( ( ( 4.0^2  ) + ( 5.0^2  ) ) * ( ( (5x + -7.0)^2  )^2  ) )^2  ) ) )
Fitness 5543486.75158
ind: 38
( (1x + 10.0) * (8y + -4.0) )
Fitness 0.923017632803
ind: 39
( ( ( (7x + -6.0) + 1.0 ) * (5x + 7.0) ) + ( ( (3y + 3.0) + (1y + 3.0) )^2  ) )
Fitness 0.760868759922
ind: 40
( (4y + -5.0) * (1x + 5.0) )
Fitness 0.711431366297
ind: 41
( ( ( (2x + -7.0) * ( ( ( (1y + -6.0) * 3.0 ) + ( 4.0 * (9x + -9.0) ) )^2  ) ) + ( ( ( ( (8x + 0.0)^2  )^2  ) * ( (8x + 5.0) * ( (1x + -10.0) + (10x + 10.0) ) ) ) * 5.0 ) ) + 3.0 )
Fitness 22.5662217543
ind: 42
( (4x + 2.0) + ( (8y + -7.0)^2  ) )
Fitness 1.12892758764
ind: 43
( ( ( ( ( (6y + 1.0) + (7y + 1.0) ) + ( (6y + -8.0)^2  ) ) + (4x + -8.0) )^2  )^2  )
Fitness 1294.88560244
ind: 44
( ( (5y + -2.0) * 1.0 ) * ( ( (7y + -8.0)^2  ) + ( ( ( ( (3x + -9.0) * 7.0 ) * 2.0 )^2  ) + ( ( 9.0 + (6y + -6.0) ) + ( (3x + 0.0) + (6x + 5.0) ) ) ) ) )
Fitness 29.2273217187
ind: 45
( ( (7x + 3.0)^2  ) * ( (7y + -2.0) + 6.0 ) )
Fitness 1.37761353779
ind: 46
( (8x + 3.0) * (8y + 1.0) )
Fitness 0.528776948902
ind: 47
( 1.0 + ( (10y + -6.0) * ( ( ( ( (8x + -7.0)^2  )^2  ) + (6x + -5.0) ) + (2y + -1.0) ) ) )
Fitness 27.2607996784
ind: 48
( ( ( (9y + -6.0) + (10x + 8.0) )^2  ) + ( ( (1x + -3.0) + (5x + -4.0) )^2  ) )
Fitness 1.44904261998
ind: 49
( ( ( (9x + 10.0) * 3.0 ) + 1.0 ) + ( ( ( 3.0 + ( (4x + 4.0) * ( 6.0^2  ) ) ) + (5y + 1.0) ) * 1.0 ) )
Fitness 1.90575545951
ind: 50
( ( 3.0 + ( (2y + -6.0) + (5x + 7.0) ) ) + ( ( (4y + -4.0) * ( 3.0^2  ) ) * ( 8.0^2  ) ) )
Fitness 6.76781726593
ind: 51
( 6.0 * ( (10y + -8.0) * ( ( ( 6.0 + ( 9.0 * 9.0 ) ) + (10x + 5.0) )^2  ) ) )
Fitness 89.1578018211
ind: 52
( ( (10x + -1.0)^2  ) * (4y + -4.0) )
Fitness 0.958246639089
ind: 53
( 5.0 * ( (1y + -8.0) + ( (8x + 6.0) + (4y + -9.0) ) ) )
Fitness 1.04546671045
ind: 54
( (7x + 10.0) * ( 3.0 + (4y + -9.0) ) )
Fitness 1.0749483418
ind: 55
( ( ( 10.0 * (5y + 1.0) ) * ( 9.0 * ( ( (3y + 7.0)^2  ) * (1x + -6.0) ) ) )^2  )
Fitness 16007.5832933
ind: 56
( (4y + -8.0) + ( ( (7x + -7.0) * ( ( ( (9y + -1.0) + 3.0 )^2  ) * ( ( (3y + 2.0) * (8y + 5.0) )^2  ) ) )^2  ) )
Fitness 310555.185409
ind: 57
( ( ( (2x + -9.0) + ( ( (4y + -1.0)^2  ) + (4x + 10.0) ) ) + ( 3.0^2  ) )^2  )
Fitness 2.23840616159
ind: 58
( ( ( ( ( ( 6.0^2  ) * (7x + 9.0) ) * 8.0 ) * ( ( 9.0 * ( (9x + 10.0) + 4.0 ) ) * 1.0 ) ) * ( ( (7y + 10.0) + ( ( 6.0^2  ) * ( 5.0^2  ) ) ) * ( ( ( 5.0 + 7.0 ) + 3.0 ) + ( 4.0^2  ) ) ) ) + ( ( 7.0 + (3x + 10.0) ) * 1.0 ) )
Fitness 14073.0745828
ind: 59
( ( ( ( ( ( (6y + 3.0) * (10y + -1.0) ) + 6.0 ) + ( (10y + 1.0)^2  ) )^2  ) + ( ( ( 7.0^2  ) * 9.0 ) * (4y + -2.0) ) ) * (3x + 2.0) )
Fitness 15.8227562904
ind: 60
( ( ( ( 6.0 * ( (5y + 2.0) * (7x + 3.0) ) ) * ( ( 9.0 + (1x + -4.0) )^2  ) ) * (1x + 4.0) )^2  )
Fitness 1659.72265486
ind: 61
( 3.0 + ( ( ( ( (6y + 7.0) + ( (7y + 2.0) * (4y + -4.0) ) ) + ( (1x + -3.0)^2  ) ) + ( 5.0^2  ) ) + ( (10x + 2.0) * ( (10x + 10.0) * (4x + -7.0) ) ) ) )
Fitness 2.03023962772
ind: 62
( ( ( (6y + -6.0) + 3.0 ) * ( ( ( ( 1.0^2  ) + ( 7.0 + (6y + 5.0) ) ) * ( 1.0^2  ) )^2  ) ) * ( ( ( ( ( 3.0 * (9x + 7.0) )^2  ) + ( ( 4.0 * 4.0 ) * 8.0 ) )^2  ) * (10x + -10.0) ) )
Fitness 4607.72230605
ind: 63
( ( ( ( ( ( (6y + 2.0)^2  ) * ( (3y + 0.0) + (8y + 7.0) ) )^2  ) * ( 4.0 * ( ( 2.0 + (7x + 4.0) ) + ( (7x + 4.0) + (8x + 6.0) ) ) ) ) + (4y + -8.0) )^2  )
Fitness 8169571.44693
ind: 64
( ( ( ( 1.0 * (3y + -4.0) )^2  ) * ( 4.0 * 1.0 ) ) * ( 4.0 + ( ( 4.0 + ( (5x + -1.0)^2  ) )^2  ) ) )
Fitness 11.16026795
ind: 65
( 5.0 + ( ( ( ( 2.0 + ( (7y + -8.0) + (9x + 7.0) ) )^2  )^2  ) + ( ( (3x + 6.0) + (4x + -7.0) )^2  ) ) )
Fitness 6.2643905315
ind: 66
( ( 3.0 * ( ( (5y + 5.0)^2  )^2  ) ) * (6x + 9.0) )
Fitness 33.2664458393
ind: 67
( ( ( ( 7.0 + (5x + -8.0) )^2  ) + ( (8y + 2.0) + (3y + 2.0) ) ) * 10.0 )
Fitness 1.23021726604
ind: 68
( (10y + -3.0) + (6x + 7.0) )
Fitness 0.354082017813
ind: 69
( ( 5.0 * ( ( ( ( 9.0 + 1.0 ) + ( 6.0^2  ) ) + ( ( 7.0 + (3x + -1.0) )^2  ) )^2  ) ) * (5y + -10.0) )
Fitness 81.6729369143
ind: 70
( (5y + -1.0) + ( ( 7.0 * (5x + 7.0) ) * ( ( (6y + 10.0) + (1y + -2.0) ) + ( ( (8x + -1.0) + ( 5.0^2  ) )^2  ) ) ) )
Fitness 24.8734677845
ind: 71
( ( ( ( (1y + -8.0)^2  ) * (7y + 8.0) ) * (8x + -8.0) ) + 10.0 )
Fitness 8.4429444358
ind: 72
( ( ( 10.0 * ( (2x + 3.0) * ( ( (8y + -3.0) * (10x + 0.0) ) * ( (9x + 10.0) + (7y + -4.0) ) ) ) ) + ( ( ( 2.0^2  ) + (9y + -4.0) ) * ( 9.0 + ( (3y + 8.0) + ( 10.0 + 1.0 ) ) ) ) )^2  )
Fitness 213.444415706
ind: 73
( ( ( ( (8x + -9.0) + ( 3.0 * (5y + 7.0) ) )^2  ) * ( 4.0 * ( (5x + -10.0)^2  ) ) ) + (7x + -1.0) )
Fitness 38.7074289676
ind: 74
( ( 9.0 + ( 9.0 * ( ( (7x + 2.0)^2  ) * ( ( (4y + -3.0) * (2x + 3.0) ) * ( (3y + -5.0) * 1.0 ) ) ) ) )^2  )
Fitness 314.520761463
ind: 75
( 6.0 + ( ( ( ( (5x + -6.0) * ( (4x + -1.0)^2  ) ) + (5y + -4.0) ) + ( 3.0^2  ) ) + 9.0 ) )
Fitness 0.621019688758
ind: 76
( (1y + -7.0) + ( (6x + 8.0) + ( 2.0 + (9y + 6.0) ) ) )
Fitness 0.413181231305
ind: 77
( (8y + 4.0) + (8x + -7.0) )
Fitness 0.336751588531
ind: 78
( 9.0 + ( (10y + 6.0) * (6x + 9.0) ) )
Fitness 1.21079025758
ind: 79
( 5.0 * ( ( 2.0 * ( ( (4x + -8.0) * (4y + 3.0) ) + ( ( (2y + 4.0)^2  ) + 9.0 ) ) )^2  ) )
Fitness 4.31285611047
ind: 80
( ( ( (5y + -4.0) + ( 1.0 + ( (2y + -3.0)^2  ) ) ) + 10.0 ) * (9x + -4.0) )
Fitness 1.21039696015
ind: 81
( ( ( 10.0^2  ) + ( ( ( (7y + -2.0) * ( 7.0 * 9.0 ) ) * (2y + 10.0) ) + ( ( ( 8.0 + (3y + 9.0) ) + ( (2y + 3.0) + 5.0 ) ) + ( ( 7.0^2  ) * ( 9.0 + (7x + 6.0) ) ) ) ) ) * (3y + -10.0) )
Fitness 19.9134679408
ind: 82
( ( ( ( (2x + -5.0) * ( ( (6x + 0.0) * 1.0 ) + (4x + 4.0) ) ) + ( ( (9x + 2.0)^2  ) * 9.0 ) )^2  ) * ( ( ( (8y + 2.0)^2  ) + ( (8x + -4.0) * (4y + -3.0) ) ) + 4.0 ) )
Fitness 125.934387176
ind: 83
( ( 1.0 + (8y + 2.0) ) * ( (7y + -9.0) * (1x + -8.0) ) )
Fitness 1.99645569319
ind: 84
( ( ( ( ( (5y + -7.0)^2  ) * ( ( (1x + -6.0)^2  ) + ( (6y + -2.0)^2  ) ) )^2  ) + ( (6y + -5.0) + 10.0 ) ) + ( ( ( ( ( (9x + 9.0) * 6.0 ) * 8.0 )^2  )^2  )^2  ) )
Fitness 11103629338.2
ind: 85
( 4.0 + ( ( ( 4.0 + ( (5y + -6.0)^2  ) ) + ( (6x + -9.0)^2  ) ) * (6y + -10.0) ) )
Fitness 5.31182527344
ind: 86
( ( 6.0 * (9x + 9.0) ) * (1y + 10.0) )
Fitness 3.33883931089
ind: 87
( ( 1.0 * ( (10x + 9.0) + ( ( ( 6.0 * (8y + 6.0) ) + ( (7y + -3.0) * 9.0 ) ) * (10y + 1.0) ) ) ) * (9x + 3.0) )
Fitness 4.94485297832
ind: 88
( ( ( ( (2x + -10.0) + ( ( (5y + 1.0)^2  )^2  ) ) * ( ( ( (3x + 2.0)^2  )^2  )^2  ) )^2  )^2  )
Fitness 1.37048218637e+12
ind: 89
( ( ( ( ( ( (8y + 9.0)^2  ) * 6.0 ) * (8y + 8.0) ) + (10x + 7.0) )^2  ) + 10.0 )
Fitness 1454.14560035
ind: 90
( (4x + 5.0) * ( ( ( ( ( 3.0 * 4.0 ) * 5.0 )^2  ) + (8y + 0.0) ) * (2x + 5.0) ) )
Fitness 43.5412766378
ind: 91
( ( ( ( ( (4x + 1.0) + (9y + 1.0) )^2  ) * (7y + 0.0) ) * (3y + -8.0) ) * (1y + -7.0) )
Fitness 11.4468962904
ind: 92
( ( ( 8.0 + (6x + -10.0) )^2  ) * (6y + 0.0) )
Fitness 0.611649260708
ind: 93
( ( ( ( ( ( (2x + -6.0)^2  ) * ( (1y + 3.0) * 10.0 ) ) * ( (9y + 5.0) * (7x + 0.0) ) ) + ( ( 4.0 * (9y + 8.0) )^2  ) ) + ( ( ( (10y + 0.0) * 3.0 ) * ( (5y + 7.0)^2  ) ) + 10.0 ) ) * ( (9x + -9.0) + ( ( ( ( 7.0^2  ) * ( (9x + 8.0) * 1.0 ) ) * ( (4y + -3.0) + 1.0 ) ) + 4.0 ) ) )
Fitness 268.840780392
ind: 94
( ( (9x + 6.0) * 10.0 ) + (7y + -8.0) )
Fitness 1.0294222749
ind: 95
( ( ( ( ( ( 7.0 * (6x + 0.0) ) * (3x + 5.0) ) * 5.0 ) + ( ( ( 6.0^2  ) * (7y + 2.0) )^2  ) )^2  )^2  )
Fitness 692002865.304
ind: 96
( ( ( ( ( (7x + 2.0)^2  ) * ( (1y + 4.0)^2  ) )^2  )^2  ) * ( 2.0 * 10.0 ) )
Fitness 84400.2894503
ind: 97
( ( ( ( ( (3y + -9.0) * (8y + 3.0) )^2  ) + ( ( ( (1x + -8.0) + (6y + -6.0) ) * ( 5.0 * (2x + 4.0) ) ) * ( (2x + -4.0) * 6.0 ) ) ) * 5.0 ) + ( ( ( 5.0^2  )^2  )^2  ) )
Fitness 92.7946190083
ind: 98
( ( ( (9x + -6.0)^2  ) + ( ( (5y + 0.0) + 2.0 )^2  ) )^2  )
Fitness 8.20790377656
ind: 99
( ( (9x + 2.0) + ( ( (5y + -6.0) + ( (1y + -9.0) * 7.0 ) ) * (4y + 10.0) ) ) + ( 10.0^2  ) )
Fitness 3.40623698905
ind: 100
( ( ( 6.0 + (6y + -6.0) )^2  ) * ( ( (1x + -7.0)^2  ) * 10.0 ) )
Fitness 9.37926653736
ind: 101
( ( ( ( ( 2.0^2  ) + ( (2y + -6.0)^2  ) )^2  ) * ( ( ( ( (3x + 3.0)^2  )^2  )^2  ) * 1.0 ) )^2  )
Fitness 7044638.3897
ind: 102
( ( (10y + -9.0) + ( ( ( (9y + -10.0) * (10x + -1.0) )^2  ) + ( 4.0^2  ) ) ) * (1y + 8.0) )
Fitness 14.8054895665
ind: 103
( 8.0 * ( ( (2x + 6.0) * ( (10y + -3.0)^2  ) )^2  ) )
Fitness 118.610190074
ind: 104
( ( ( ( ( ( (2x + -2.0) * 6.0 ) + ( 5.0^2  ) ) * ( 1.0 + (4x + 7.0) ) ) + ( (9x + 4.0)^2  ) ) + ( (4x + 9.0) + ( ( ( (7y + -7.0)^2  )^2  ) * ( (8y + -5.0)^2  ) ) ) ) * ( (10y + -4.0) + ( 7.0 * (10x + 6.0) ) ) )
Fitness 463.333782412
ind: 105
( ( ( ( 9.0 + ( ( (9y + 7.0) + (1y + -8.0) ) * ( (5y + 7.0)^2  ) ) )^2  ) * ( ( ( ( (4x + 6.0)^2  ) * ( 4.0^2  ) )^2  ) * ( ( ( (10x + -10.0)^2  )^2  ) * 2.0 ) ) )^2  )
Fitness 8.84953729378e+14
ind: 106
( (7x + 3.0) + ( (3y + -8.0) + ( (3x + 4.0)^2  ) ) )
Fitness 0.497086872917
ind: 107
( ( ( ( ( 3.0^2  ) * ( ( (10x + 3.0) + (8y + 8.0) ) * ( (3x + 0.0) * (2x + -4.0) ) ) ) + ( ( 5.0^2  )^2  ) )^2  )^2  )
Fitness 58602.4649186
ind: 108
( ( (8x + -10.0) + ( 6.0^2  ) ) * (4y + -8.0) )
Fitness 2.02186336928
ind: 109
( ( ( ( ( 1.0^2  ) + ( 3.0 + 2.0 ) ) + ( ( ( (7y + 2.0) * 10.0 ) + 9.0 ) * ( ( 1.0 + (1x + -6.0) ) * 1.0 ) ) )^2  ) * ( 2.0^2  ) )
Fitness 61.4969547409
ind: 110
( ( ( (3x + -8.0) + 4.0 )^2  ) * ( (8y + -3.0)^2  ) )
Fitness 3.22435380449
ind: 111
( ( ( ( ( ( (9x + 10.0) * (5y + -4.0) ) * ( 5.0 + 3.0 ) )^2  ) * (9x + 1.0) ) * ( (2y + 4.0)^2  ) )^2  )
Fitness 376391.453773
ind: 112
( ( ( ( 1.0 + ( ( (10y + -10.0) * (1x + -10.0) )^2  ) ) + 6.0 ) + ( 1.0^2  ) ) * (10y + -9.0) )
Fitness 56.69905103
ind: 113
( ( (3y + -5.0)^2  ) * ( 10.0 + ( ( ( (2y + -10.0) * ( 4.0 + (7x + 9.0) ) ) + (3x + 8.0) ) + (4y + 1.0) ) ) )
Fitness 7.643745147
ind: 114
( ( 1.0 * ( ( ( 6.0 + 7.0 ) + ( (2y + 8.0)^2  ) ) * ( (10y + -9.0)^2  ) ) ) * (4x + 3.0) )
Fitness 17.7366886932
ind: 115
( 9.0 * ( ( ( ( (6y + -2.0) * 4.0 ) + ( ( 1.0 * (6x + -6.0) ) * 2.0 ) ) * ( (5x + -4.0)^2  ) ) + 8.0 ) )
Fitness 9.35623484756
ind: 116
( ( (5x + -8.0) + 2.0 ) + (6y + 1.0) )
Fitness 0.343299139256
ind: 117
( ( ( (8x + -5.0) * (3y + 6.0) )^2  ) + (2x + 9.0) )
Fitness 4.04327227136
ind: 118
( (1x + 1.0) + ( (9y + 5.0) + (4x + -7.0) ) )
Fitness 0.327098559772
ind: 119
( ( ( ( (7y + 9.0) * ( 4.0 + 8.0 ) ) * ( ( ( (3x + 0.0)^2  ) + 5.0 )^2  ) ) * (1x + 8.0) ) * ( ( ( ( ( 2.0 * (7x + -2.0) ) + ( 7.0 + 7.0 ) ) + ( 4.0^2  ) ) + (3x + 3.0) ) + 10.0 ) )
Fitness 159.707349235
ind: 120
( ( (7x + -4.0) + ( (10x + 1.0)^2  ) ) + ( ( (6y + -10.0) * (7x + 4.0) )^2  ) )
Fitness 5.47478220057
ind: 121
( ( ( (8y + -8.0) * (3y + 4.0) ) * (2x + -7.0) )^2  )
Fitness 27.5189911573
ind: 122
( ( (8x + 8.0) * ( 10.0 + 4.0 ) ) + ( (2y + 3.0) * 7.0 ) )
Fitness 1.64063293887
ind: 123
( ( (7y + 5.0) + (4x + 7.0) ) * (8y + 0.0) )
Fitness 0.95312416503
ind: 124
( ( (8y + -5.0) * (1y + 0.0) ) + (2x + 4.0) )
Fitness 0.314270991203
ind: 125
( (10x + -4.0) + (3y + -6.0) )
Fitness 0.463290920608
ind: 126
( (5x + -7.0) + ( ( (4y + -1.0) + (3x + 9.0) ) + ( (3y + 6.0) + ( ( 1.0 + ( 3.0 * 2.0 ) )^2  ) ) ) )
Fitness 1.05178620454
ind: 127
( ( ( (6y + 10.0)^2  )^2  ) * (8x + 4.0) )
Fitness 42.9179305033
ind: 128
( (10y + -6.0) * (1x + 4.0) )
Fitness 0.700246577164
ind: 129
( ( ( 7.0 + ( ( ( (7x + -5.0)^2  ) * (5x + 3.0) )^2  ) )^2  ) + (4y + -1.0) )
Fitness 614.961460838
ind: 130
( ( ( ( ( ( (1x + -4.0) + (6y + -3.0) ) * ( 8.0 * (10y + 7.0) ) )^2  )^2  )^2  ) + ( 7.0 + ( ( ( (5x + 3.0) + ( 2.0 + (7x + 0.0) ) )^2  )^2  ) ) )
Fitness 2564203843.83
ind: 131
( ( ( ( (7y + 1.0)^2  ) * ( ( (6x + 9.0) + ( 6.0^2  ) ) + 3.0 ) ) + 9.0 ) * 5.0 )
Fitness 8.19637304663
ind: 132
( ( (6x + -2.0) + ( (3y + 7.0) * (6x + 2.0) ) )^2  )
Fitness 3.213107226
ind: 133
( ( ( ( (6y + -4.0) * ( 4.0 + 4.0 ) ) * ( (6y + 7.0) + ( ( 7.0 + (6x + 2.0) ) * ( (9x + 1.0) + 9.0 ) ) ) ) + (6x + 10.0) ) + (2y + 6.0) )
Fitness 7.11710381957
ind: 134
( ( ( ( ( 3.0 * ( (5y + 1.0)^2  ) )^2  ) * ( ( ( 9.0^2  )^2  ) + ( 9.0 + ( (3y + 7.0)^2  ) ) ) ) * 5.0 ) + (3x + -10.0) )
Fitness 961.410406906
ind: 135
( ( ( (3x + -5.0)^2  ) * ( (8y + 10.0) + ( ( ( 8.0^2  ) + ( 4.0 * (4x + 7.0) ) ) + ( ( 10.0^2  )^2  ) ) ) )^2  )
Fitness 38118.6526695
ind: 136
( ( ( 1.0 + ( (2x + 4.0) * (9y + 6.0) ) )^2  ) + ( 9.0^2  ) )
Fitness 5.12286429236
ind: 137
( ( (10x + 9.0)^2  ) * ( (1x + -6.0) * ( ( 10.0 * ( ( (2y + -6.0)^2  )^2  ) ) * 4.0 ) ) )
Fitness 690.781602042
ind: 138
( (7x + -6.0) + ( ( ( ( ( 1.0 + (9y + 7.0) ) + ( 2.0 * 4.0 ) )^2  ) + (1x + -7.0) ) * (4y + -6.0) ) )
Fitness 5.17728096218
ind: 139
( ( ( ( (4x + 9.0)^2  ) * ( (5y + -10.0)^2  ) ) * (10y + 1.0) )^2  )
Fitness 6330.78241178
ind: 140
( 1.0 * ( ( 5.0 * ( ( ( (1x + 5.0) + 6.0 ) + (10y + -1.0) ) + ( ( (2x + -10.0) * 5.0 ) * ( (3y + -4.0) * (3y + -7.0) ) ) ) ) * 1.0 ) )
Fitness 12.2540160844
ind: 141
( ( ( ( (6y + 6.0)^2  ) + (1x + -2.0) )^2  ) * 7.0 )
Fitness 22.2802323735
ind: 142
( ( 3.0 + 6.0 ) * ( ( ( ( ( 5.0 + (2y + -10.0) ) * (10y + 1.0) ) + ( ( (4x + 8.0) + (8x + 4.0) )^2  ) ) + ( (7y + 5.0) * 10.0 ) ) + (10y + -9.0) ) )
Fitness 6.0633656844
ind: 143
( ( ( ( (6y + -3.0) * 3.0 )^2  ) * (3x + 3.0) ) + ( ( ( ( ( 1.0 * 9.0 ) + ( (9x + 2.0) + (6x + 0.0) ) ) * (7y + -1.0) ) * ( (5x + -6.0) + (9x + 7.0) ) ) * ( ( ( 10.0 + 7.0 ) * (2x + 2.0) ) * 5.0 ) ) )
Fitness 21.8791619371
ind: 144
( ( (5y + 10.0) + (8x + 1.0) )^2  )
Fitness 1.71526281771
ind: 145
( (3y + 1.0) + ( ( ( 1.0 * (7x + -4.0) )^2  ) * ( ( ( 3.0 * 6.0 ) + (3x + -1.0) )^2  ) ) )
Fitness 10.1196594304
ind: 146
( ( 2.0 * ( ( ( (9y + 10.0) * ( (7x + -6.0) + (1x + 0.0) ) )^2  )^2  ) ) + 4.0 )
Fitness 781.072722346
ind: 147
( (5y + 7.0) * (8x + -10.0) )
Fitness 1.15165868554
ind: 148
( ( ( ( ( 5.0 * ( (5y + 3.0)^2  ) )^2  ) + 3.0 ) + (2x + 0.0) ) * ( (1y + -1.0) * ( 7.0 + ( ( 3.0 * ( 10.0 * 6.0 ) ) + ( ( 8.0 + 1.0 ) + 7.0 ) ) ) ) )
Fitness 169.677250615
ind: 149
( (9y + -1.0) + ( ( 2.0^2  ) * ( ( ( ( (3x + 6.0) + (2y + 10.0) ) * 8.0 ) + (8y + -3.0) ) + ( ( 1.0 + ( 5.0 + (8x + 6.0) ) ) + (6y + -9.0) ) ) ) )
Fitness 3.21050299547
ind: 150
( (8y + -4.0) * (7x + 5.0) )
Fitness 0.575294205077
ind: 151
( ( ( (1y + 8.0) + ( ( 9.0 * ( (7x + -6.0) + (1x + 0.0) ) ) * 1.0 ) ) + ( (6y + 2.0) + ( ( (7x + 8.0) + (4y + -1.0) ) + 6.0 ) ) )^2  )
Fitness 5.71034151248
ind: 152
( ( ( 8.0 * (6x + 0.0) ) + 6.0 ) * (8y + 2.0) )
Fitness 1.10465352816
ind: 153
( ( 9.0 + (6y + 8.0) ) * ( (9x + 10.0)^2  ) )
Fitness 6.36169637766
ind: 154
( ( ( (4y + 0.0)^2  ) * (2y + 10.0) ) * ( ( (7x + -9.0)^2  ) * ( 4.0^2  ) ) )
Fitness 32.2994148454
ind: 155
( ( (5x + -1.0) + ( (1x + 3.0) * ( ( ( (6y + 8.0)^2  ) * 6.0 ) * ( (3y + -6.0) + 3.0 ) ) ) ) + 7.0 )
Fitness 7.66015784916
ind: 156
( ( (6y + 9.0)^2  ) + ( ( ( 2.0^2  ) + ( (6y + 4.0) + ( (1y + 8.0) + ( (7y + 9.0)^2  ) ) ) ) + ( ( 10.0 + ( (4y + 6.0) + ( (8x + 2.0) * (9y + -6.0) ) ) )^2  ) ) )
Fitness 2.99387210496
ind: 157
( ( ( ( ( ( (7x + -8.0) + 1.0 ) * (2y + 0.0) )^2  )^2  ) * 7.0 ) * ( (3y + -9.0) * (4x + 6.0) ) )
Fitness 212.793243329
ind: 158
( (7y + 8.0) + (7x + 2.0) )
Fitness 0.43109885184
ind: 159
( ( ( ( ( ( 6.0^2  ) * (4y + -5.0) ) * ( (9x + 0.0) + 1.0 ) ) + ( ( ( 2.0 + (8y + -10.0) ) + 2.0 ) * ( 5.0 + (10x + 9.0) ) ) ) * ( ( ( ( (5x + -7.0)^2  ) + (5y + -6.0) )^2  ) * 1.0 ) )^2  )
Fitness 201197.934269
ind: 160
( ( ( ( 6.0^2  ) + ( ( ( (7y + -6.0)^2  ) + ( (9x + 4.0) + 4.0 ) ) * ( ( (2y + 5.0) * 7.0 ) * ( (8y + 4.0)^2  ) ) ) ) * 7.0 ) * ( (6y + 5.0)^2  ) )
Fitness 578.679804153
ind: 161
( 1.0 + ( ( (1x + -1.0) * (6x + -10.0) ) + ( 7.0 * (10y + -9.0) ) ) )
Fitness 1.03081448946
ind: 162
( ( (5x + -10.0) * 3.0 ) + ( ( ( ( ( (9y + 8.0) * 6.0 ) * ( 4.0 * 1.0 ) )^2  ) + ( ( ( (4x + -5.0) + (5y + -3.0) ) * (2y + -1.0) ) + ( ( (6y + -7.0)^2  )^2  ) ) )^2  ) )
Fitness 9821.10722386
ind: 163
( ( (8x + 10.0) * ( (7x + 4.0) * (3y + 4.0) ) ) + ( ( (4y + -1.0) + (9x + -2.0) ) + ( ( ( 4.0^2  ) * ( ( (1x + -9.0)^2  ) + ( (4x + 5.0) * 1.0 ) ) )^2  ) ) )
Fitness 194.389073299
ind: 164
( (1x + -9.0) + (1y + -3.0) )
Fitness 0.509082336863
ind: 165
( 6.0 + ( ( ( (4y + -1.0) + (9x + 8.0) ) * 3.0 ) + 10.0 ) )
Fitness 0.85798723273
ind: 166
( ( (3y + -10.0) + (3x + 5.0) )^2  )
Fitness 0.746946411843
ind: 167
( ( ( ( ( ( (9y + 0.0)^2  ) + (4x + 3.0) ) * 10.0 ) * ( ( ( (9y + -9.0) + 8.0 )^2  ) * (10y + 7.0) ) )^2  ) * (6y + 0.0) )
Fitness 283505.265986
ind: 168
( 1.0 + ( (1x + -4.0) * ( ( ( ( (6y + 3.0) * (9x + 0.0) ) * 2.0 ) * ( ( (7x + 6.0)^2  ) * ( 10.0^2  ) ) )^2  ) ) )
Fitness 50322.1839276
ind: 169
( ( ( ( ( ( 9.0 * 2.0 ) + (7y + 5.0) )^2  ) * ( (9x + -7.0) + (8x + -1.0) ) ) + ( 6.0 + ( 8.0^2  ) ) ) + (6y + 5.0) )
Fitness 8.42139372108
ind: 170
( ( 6.0 + ( 6.0^2  ) ) * ( ( (3y + -8.0) * (10x + 6.0) )^2  ) )
Fitness 44.9735436139
ind: 171
( (6y + 6.0) * ( ( ( 9.0 + 5.0 ) * (9x + -6.0) ) + ( 2.0^2  ) ) )
Fitness 2.79990571884
ind: 172
( ( (6x + 5.0) + ( (6x + -10.0)^2  ) ) + ( (2y + -1.0)^2  ) )
Fitness 1.46142537494
ind: 173
( ( (4y + -7.0) * 7.0 ) * ( 6.0 * ( ( ( 3.0^2  ) + ( ( (2x + -10.0)^2  )^2  ) )^2  ) ) )
Fitness 26137.1138054
ind: 174
( ( ( ( ( ( 8.0 + 2.0 )^2  ) * ( (3x + 9.0) * ( 1.0 + (4x + -10.0) ) ) )^2  ) + ( ( (4y + -5.0) + ( ( 5.0^2  )^2  ) ) * ( ( ( 8.0 * (1x + 9.0) )^2  ) * ( ( 3.0^2  ) * 4.0 ) ) ) ) + ( ( (5x + 8.0) * (10y + 5.0) )^2  ) )
Fitness 1897.82799494
ind: 175
( ( (8y + 5.0) * ( ( ( ( 4.0 + 8.0 ) * (5y + -9.0) )^2  ) * ( 6.0 * 1.0 ) ) ) * ( ( 7.0 + (7x + 8.0) ) + ( (3y + -3.0)^2  ) ) )
Fitness 368.139503461
ind: 176
( 4.0 * ( (4x + 8.0) + (4y + 1.0) ) )
Fitness 0.844608068103
ind: 177
( ( ( 6.0^2  ) * (8y + -2.0) ) + ( (6x + -1.0) + ( (5y + 9.0)^2  ) ) )
Fitness 1.87457430284
ind: 178
( ( ( ( ( (1x + -4.0) + (2y + 9.0) ) + ( ( (2x + 4.0) * 10.0 ) + ( 7.0 + (1y + 6.0) ) ) ) + 8.0 )^2  )^2  )
Fitness 648.502212636
ind: 179
( ( ( ( ( ( (9y + 1.0) + (10y + 2.0) )^2  )^2  )^2  ) * ( (1x + 7.0)^2  ) )^2  )
Fitness 6.28721889593e+11
ind: 180
( (6y + -5.0) * (7x + 10.0) )
Fitness 0.969215368436
ind: 181
( ( ( ( (3y + 4.0) * (5x + 10.0) ) * 10.0 ) + ( ( 5.0 * 1.0 ) * (10x + -5.0) ) )^2  )
Fitness 64.6428414283
ind: 182
( ( (7x + -7.0)^2  ) + ( (5y + -4.0)^2  ) )
Fitness 1.19801085818
ind: 183
( ( (3x + 8.0)^2  ) + ( (1x + -4.0) * (9y + 5.0) ) )
Fitness 0.953039402015
ind: 184
( ( (6y + -4.0) * (10x + -6.0) )^2  )
Fitness 5.74938012453
ind: 185
( ( ( 10.0 + (4y + -8.0) )^2  ) + (6x + -2.0) )
Fitness 0.434011249083
ind: 186
( ( ( (2x + -2.0) + (7y + 0.0) )^2  ) * (7x + 8.0) )
Fitness 1.59898315831
ind: 187
( (7y + 0.0) + ( (4x + 7.0) * ( ( (10y + 2.0) + (5y + 6.0) ) + (3x + -7.0) ) ) )
Fitness 1.08483571859
ind: 188
( ( 10.0 + (9y + 7.0) ) * (2x + 2.0) )
Fitness 0.850322280851
ind: 189
( (4y + -3.0) * ( (9x + 2.0) + 3.0 ) )
Fitness 0.499728823209
ind: 190
( (2x + 6.0) * ( (6x + 3.0) * ( ( (10y + -9.0)^2  ) * ( (1x + 6.0)^2  ) ) ) )
Fitness 28.8440712834
ind: 191
( ( ( (4y + 9.0)^2  ) + ( (5x + -2.0)^2  ) ) + 9.0 )
Fitness 1.41674726184
ind: 192
( (9y + 6.0) * ( ( (7x + -6.0) * ( ( ( (4x + -10.0) * 8.0 ) + ( (1x + 7.0)^2  ) ) + 4.0 ) ) + ( ( 1.0^2  ) * ( ( ( 2.0 + 5.0 )^2  ) * 6.0 ) ) ) )
Fitness 7.15263132188
ind: 193
( 5.0 * ( (6x + 5.0) * ( ( ( (9y + 3.0)^2  ) * 9.0 )^2  ) ) )
Fitness 346.971958511
ind: 194
( ( (2x + -10.0) * ( ( (1x + 9.0)^2  ) * ( ( (7y + 1.0) + ( (1y + -7.0)^2  ) ) + ( ( (6y + 5.0) * (1y + 2.0) )^2  ) ) ) ) * 3.0 )
Fitness 114.907857607
ind: 195
( ( ( (6x + 3.0) * (6x + -7.0) ) * (1y + 4.0) ) + ( ( ( ( ( (4y + 8.0)^2  ) * (8x + -2.0) ) + 9.0 ) * 10.0 ) + (4x + 8.0) ) )
Fitness 5.06964407421
ind: 196
( ( ( ( ( ( 4.0^2  ) + 8.0 )^2  ) + ( ( (8x + -7.0) + 9.0 )^2  ) ) + (10y + -8.0) )^2  )
Fitness 81.8476531491
ind: 197
( (1y + -4.0) * (7x + -8.0) )
Fitness 0.788221021239
ind: 198
( ( ( 8.0 + ( ( ( 4.0 * (5x + 7.0) ) + ( 8.0^2  ) ) * (4y + -3.0) ) )^2  )^2  )
Fitness 18594.2590133
ind: 199
( 8.0 + ( (1y + -1.0) * (4x + -5.0) ) )
Fitness 0.495430547303
ind: 200
( ( 8.0^2  ) * ( (3x + 7.0) + ( ( (8y + 5.0) + ( ( (10y + 0.0)^2  ) * (4y + -7.0) ) )^2  ) ) )
Fitness 308.79487387
ind: 201
( ( ( ( 9.0 + (1x + -8.0) )^2  ) + ( ( ( ( (2x + 5.0) + (9x + -8.0) ) * ( (10y + 10.0) * 4.0 ) ) * ( ( (7x + -4.0) * 1.0 ) * ( (9y + -1.0)^2  ) ) ) + ( (7x + -10.0) + ( (6x + 6.0) * (8x + 1.0) ) ) ) ) * ( (2x + -3.0) + ( 1.0 * (4x + 1.0) ) ) )
Fitness 28.6555698826
ind: 202
( ( ( ( ( (3y + -3.0) * (2x + -1.0) )^2  ) + (10y + 6.0) ) * ( 8.0 * 1.0 ) )^2  )
Fitness 39.7714249776
ind: 203
( (3y + -7.0) * (8x + 8.0) )
Fitness 1.04751134835
ind: 204
( ( (7y + 6.0) * (2y + 7.0) ) * ( ( ( 7.0 * (8x + -8.0) )^2  ) + (3y + 8.0) ) )
Fitness 47.368940158
ind: 205
( ( ( ( (10x + 9.0) + 8.0 ) * ( ( (9x + 9.0) + 4.0 )^2  ) )^2  ) + ( (5x + 10.0) * ( 2.0 * ( 10.0 * (7y + -3.0) ) ) ) )
Fitness 533.822996976
ind: 206
( 3.0 * ( ( ( ( ( 2.0^2  ) * ( 4.0 + (9y + -4.0) ) ) + (6x + 1.0) ) * (1x + 4.0) ) * ( 5.0 + ( ( (9y + 7.0) + ( 10.0^2  ) )^2  ) ) ) )
Fitness 226.314454567
ind: 207
( (4y + 2.0) * ( (8y + -9.0) + ( ( ( ( (6x + 8.0)^2  ) * 6.0 )^2  ) * ( ( 5.0 * ( 7.0^2  ) ) + (6y + -3.0) ) ) ) )
Fitness 1810.19545506
ind: 208
( ( ( ( ( (10y + 6.0) + (10x + 2.0) ) * ( (4y + 7.0) + ( (5y + -2.0) * 3.0 ) ) ) * (3x + 10.0) ) * 1.0 )^2  )
Fitness 206.051980141
ind: 209
( ( 9.0 + ( 8.0 * ( ( ( 4.0 * (7x + -1.0) ) + (6y + -10.0) ) + 1.0 ) ) ) + 6.0 )
Fitness 1.38810550021
ind: 210
( ( ( (4x + -6.0) + ( ( ( 9.0 + 5.0 ) * ( 10.0 + (10y + 4.0) ) ) + ( 7.0 * 8.0 ) ) )^2  ) * (4y + 10.0) )
Fitness 122.31195526
ind: 211
( ( ( ( 7.0 * ( ( (9y + 10.0) * 5.0 ) * ( (7x + -3.0)^2  ) ) )^2  ) * 8.0 ) + ( ( (9y + -10.0) * ( (3y + -9.0) + ( (7x + 9.0)^2  ) ) ) + ( (4y + -2.0) * ( (9y + 8.0)^2  ) ) ) )
Fitness 1568.27747297
ind: 212
( ( ( ( ( ( 7.0 + (8x + 3.0) ) + ( (8y + -2.0)^2  ) ) + 7.0 )^2  ) * (8x + 5.0) ) * ( ( ( ( (2y + 9.0) + 7.0 )^2  ) * (9y + -10.0) ) + ( ( ( ( (3x + 5.0) * (8y + 2.0) )^2  )^2  )^2  ) ) )
Fitness 99175554.7082
ind: 213
( ( ( ( ( ( (8y + -4.0)^2  ) + (10y + 0.0) )^2  )^2  ) + ( ( ( ( (4y + -1.0)^2  ) + (3y + 0.0) ) + 7.0 ) + ( ( 9.0 * ( (9x + 3.0) * (10y + 2.0) ) )^2  ) ) ) * ( 5.0 + ( (9y + -7.0)^2  ) ) )
Fitness 10400.3365651
ind: 214
( (6x + 1.0) + ( (1y + 4.0)^2  ) )
Fitness 0.575218358777
ind: 215
( ( ( ( (5x + -5.0)^2  ) * ( 4.0 * (10y + 4.0) ) ) + (6x + -5.0) ) * ( ( (4x + 0.0)^2  ) + ( ( ( ( (3y + -5.0)^2  ) * ( (7y + -2.0) * 3.0 ) ) + 6.0 )^2  ) ) )
Fitness 1483.01807985
ind: 216
( ( ( ( ( 2.0 * 5.0 )^2  ) + ( (4y + -2.0) + ( 3.0 + ( 4.0 * (8x + -5.0) ) ) ) ) * ( ( (2y + -4.0) * ( ( (10x + -7.0)^2  ) * (6x + 6.0) ) )^2  ) ) * ( (6y + 4.0) * ( (9y + -10.0) * ( ( 10.0 * 7.0 ) * ( 8.0 * ( 7.0 * 5.0 ) ) ) ) ) )
Fitness 1110425.42323
ind: 217
( (6x + -4.0) * ( (4y + 1.0) + (10x + 5.0) ) )
Fitness 0.598385760667
ind: 218
( ( ( 8.0 * (8x + 0.0) ) + ( (9y + -10.0)^2  ) )^2  )
Fitness 19.83669733
ind: 219
( ( ( 10.0 + (9x + -2.0) ) * ( (2x + 9.0) + (3y + 10.0) ) ) + ( ( ( ( ( (10x + -10.0) + 5.0 ) + ( 6.0 * (7y + -1.0) ) ) * 10.0 )^2  ) * ( 9.0 * (7y + -4.0) ) ) )
Fitness 286.315131787
ind: 220
( ( (2y + 5.0)^2  ) + ( (2x + 2.0) * 5.0 ) )
Fitness 0.844195800493
ind: 221
( ( ( ( 3.0 * (8x + -10.0) )^2  )^2  ) + (6y + 0.0) )
Fitness 143.469991046
ind: 222
( ( 8.0^2  ) + ( ( (1x + 5.0) * ( (1x + -10.0) * ( ( (4y + -1.0) + (6x + -5.0) )^2  ) ) )^2  ) )
Fitness 429.845845232
ind: 223
( ( 2.0 * ( 10.0 + 8.0 ) ) + ( ( (10y + -6.0) * ( ( 8.0 + ( (8y + -5.0)^2  ) )^2  ) ) + ( (4x + -3.0)^2  ) ) )
Fitness 31.1295758737
ind: 224
( (4y + 4.0) + (4x + -5.0) )
Fitness 0.238119331825
ind: 225
( (8x + -6.0) * (2y + 2.0) )
Fitness 0.471769272454
ind: 226
( ( ( 4.0 + ( (8x + -8.0) * 9.0 ) ) + ( ( 1.0 * (5x + -4.0) ) * ( ( ( (8x + -10.0)^2  )^2  )^2  ) ) ) + ( ( 4.0 + ( ( ( 9.0 + (9y + 9.0) ) + ( (2x + 5.0)^2  ) ) + ( ( 2.0 + (6y + 2.0) )^2  ) ) ) * ( (1x + 7.0) + 10.0 ) ) )
Fitness 5498.77933033
ind: 227
( ( ( ( ( ( (4y + 9.0)^2  )^2  )^2  ) * (4x + 8.0) ) + (4y + 8.0) )^2  )
Fitness 386889442.972
ind: 228
( ( (6x + 2.0) + (9y + -1.0) ) + ( (7x + -3.0) * ( 6.0^2  ) ) )
Fitness 1.46207379061
ind: 229
( ( ( (2y + 7.0) * (9x + -5.0) ) * ( 9.0 + ( ( ( (2y + 5.0)^2  ) * 3.0 ) + ( (3y + 7.0) * 10.0 ) ) ) ) + ( (3y + -10.0)^2  ) )
Fitness 9.5234570397
ind: 230
( (6x + -3.0) * (7y + -8.0) )
Fitness 0.731937464684
ind: 231
( ( ( ( ( ( (7y + 6.0)^2  )^2  ) * ( ( 9.0^2  )^2  ) )^2  )^2  ) + (8x + 7.0) )
Fitness 3.54171882405e+15
ind: 232
( ( ( ( ( (9y + 3.0)^2  ) * ( ( 9.0 * (7x + -6.0) )^2  ) )^2  )^2  ) + 9.0 )
Fitness 9576742951.71
ind: 233
( ( ( ( ( (2y + -6.0) * ( 5.0 + (7x + 7.0) ) ) * (7y + 0.0) ) + ( (9x + 10.0) * ( 6.0 * ( 4.0 + (8x + 5.0) ) ) ) ) + 5.0 )^2  )
Fitness 89.027801065
ind: 234
( ( ( (9x + 4.0) + (2y + -3.0) ) + (10y + 0.0) ) * ( (5y + -1.0) * ( ( ( ( 2.0^2  ) * ( 5.0^2  ) ) + (7y + -10.0) ) * ( ( ( 8.0 * 6.0 ) * ( (6x + 8.0) + (7y + -6.0) ) )^2  ) ) ) )
Fitness 1857.51877458
ind: 235
( ( ( 6.0 + 9.0 ) * (2y + 2.0) ) * ( ( ( (6x + 7.0)^2  ) * ( ( ( (8x + -6.0)^2  )^2  ) * 1.0 ) ) + 6.0 ) )
Fitness 171.945910436
ind: 236
( ( 1.0 * ( ( ( ( (8x + 5.0) * 9.0 ) * ( (9x + 9.0) + 4.0 ) ) * (2y + 6.0) ) + 7.0 ) ) + (6x + 3.0) )
Fitness 9.34822773579
ind: 237
( ( ( 9.0 * 9.0 )^2  ) + ( (9x + -1.0) + ( (7y + -5.0) * ( ( (1x + 1.0) + ( 7.0 + 6.0 ) )^2  ) ) ) )
Fitness 10.6092525885
ind: 238
( ( ( ( (7x + -10.0) + ( 7.0 + ( (7y + 1.0)^2  ) ) ) + ( ( ( 6.0 + (3y + 4.0) ) * ( (8x + 10.0) * 4.0 ) )^2  ) )^2  ) * ( (1x + 3.0) * ( ( ( 8.0^2  ) * (3x + 1.0) ) * ( (2y + -7.0) * ( ( 5.0 * (6y + 9.0) ) * ( (1y + -8.0)^2  ) ) ) ) ) )
Fitness 95291871.1859
ind: 239
( (8x + -5.0) + ( 9.0 + (8y + 3.0) ) )
Fitness 0.370749161392
ind: 240
( ( (9y + 6.0)^2  ) * ( 7.0 + ( 2.0 * ( ( (7x + 1.0) * 2.0 )^2  ) ) ) )
Fitness 9.50133663915
ind: 241
( ( 6.0 * ( (3x + -6.0) * ( ( ( 8.0 * (5y + 4.0) ) * 6.0 ) * ( ( (1x + 6.0) + 10.0 ) * ( 6.0 * 5.0 ) ) ) ) ) * 9.0 )
Fitness 761.213423681
ind: 242
( (8y + 7.0) * (6x + -4.0) )
Fitness 0.687604419494
ind: 243
( 10.0 + ( ( (6x + 2.0) * ( (1x + -6.0) * ( ( 1.0 * (5x + -1.0) ) * (6y + -1.0) ) ) )^2  ) )
Fitness 6.48213130694
ind: 244
( (5x + -10.0) + ( (8x + -2.0) + ( 5.0 * (1y + -3.0) ) ) )
Fitness 0.743343883092
ind: 245
( ( ( 9.0 * ( ( ( (4y + -6.0) + 10.0 ) + ( 1.0^2  ) ) + ( (6x + 5.0) * ( 8.0 + 7.0 ) ) ) )^2  ) * ( (2y + 5.0) + ( (8y + -5.0) * 5.0 ) ) )
Fitness 382.649287785
ind: 246
( ( ( ( ( ( 2.0 * 7.0 )^2  ) + ( (9y + -3.0) + (6x + -9.0) ) )^2  ) + (3x + 4.0) )^2  )
Fitness 4820.11592385
ind: 247
( 10.0 * ( ( (8x + 9.0) + (6x + 9.0) ) * ( ( (8y + 1.0) * ( 7.0 * ( 5.0 * 4.0 ) ) ) * (1y + 6.0) ) ) )
Fitness 111.812992194
ind: 248
( ( (10y + -5.0) + ( ( ( (1x + 7.0)^2  )^2  )^2  ) )^2  )
Fitness 923788.137019
ind: 249
( ( (6y + -9.0) + ( 4.0 * ( 3.0 * ( (8y + 6.0)^2  ) ) ) ) + ( (8y + -9.0) + ( (5x + -2.0)^2  ) ) )
Fitness 3.56936107318
ind: 250
( ( ( (6x + -2.0)^2  ) + 1.0 ) + ( 8.0 + (2y + 4.0) ) )
Fitness 0.612375790335
ind: 251
( ( ( ( ( 7.0 + ( (10y + 0.0) * (3x + -4.0) ) )^2  ) * (7x + -6.0) ) + 9.0 ) * (4x + 1.0) )
Fitness 6.93502283457
ind: 252
( (8x + -5.0) * ( ( ( ( ( (8x + 2.0) + (7x + 0.0) ) * ( 6.0^2  ) ) * (10x + -8.0) ) + (6y + 0.0) ) + ( ( ( ( 5.0^2  ) * ( 6.0 + 6.0 ) ) + ( ( 10.0 * (8x + -3.0) ) * (7y + -4.0) ) ) + 2.0 ) ) )
Fitness 11.2143236964
ind: 253
( ( ( (5y + -1.0) + (4x + 5.0) ) * (4y + -4.0) ) + (2x + -7.0) )
Fitness 0.604679142958
ind: 254
( ( (6x + -8.0)^2  ) * ( (9y + 10.0) * ( (8y + 4.0)^2  ) ) )
Fitness 21.1311974377
ind: 255
( (4y + -4.0) + (4x + -7.0) )
Fitness 0.486476415486
ind: 256
( ( (4y + -5.0)^2  ) * (5x + -10.0) )
Fitness 2.46012194295
ind: 257
( ( (6y + 3.0) + ( ( ( ( (9x + -3.0) * (4y + 1.0) )^2  )^2  ) * ( ( (7x + -6.0) * ( (6y + 3.0)^2  ) )^2  ) ) )^2  )
Fitness 1492277654.22
ind: 258
( (2y + 4.0) * ( ( ( (1x + -9.0) + ( (9x + 4.0)^2  ) ) + ( ( 2.0^2  ) * 3.0 ) )^2  ) )
Fitness 11.3383471338
ind: 259
( ( ( ( 2.0 * (5y + 0.0) ) + 9.0 ) + ( ( ( (10y + -2.0)^2  )^2  ) + 4.0 ) ) * ( (8x + -2.0)^2  ) )
Fitness 20.3081722617
ind: 260
( (8y + 1.0) * ( (3x + 9.0) + ( ( 10.0^2  )^2  ) ) )
Fitness 27.2487774016
ind: 261
( ( ( (7y + -6.0) + ( 9.0 * ( ( (5y + 8.0) + 6.0 ) + ( 2.0 + (8x + -8.0) ) ) ) ) + 9.0 ) + ( 3.0 * ( (2x + 4.0) * (4x + -4.0) ) ) )
Fitness 1.00170214009
ind: 262
( 6.0 + ( (1x + -3.0) + ( ( (8y + -1.0) + 5.0 )^2  ) ) )
Fitness 0.841686505695
ind: 263
( ( ( ( (9y + -8.0) + 10.0 ) + (6x + -1.0) )^2  )^2  )
Fitness 6.90991447601
ind: 264
( ( ( (6y + 7.0)^2  ) + (4x + 9.0) ) + 7.0 )
Fitness 1.22388815417
ind: 265
( ( (9y + 9.0) + (8y + -1.0) ) * ( ( ( 9.0 + ( ( (10x + -7.0) + 4.0 )^2  ) )^2  )^2  ) )
Fitness 268.581467048
ind: 266
( ( ( ( ( ( 2.0 * 2.0 ) + 4.0 ) + ( ( 2.0^2  ) + (10y + 7.0) ) )^2  ) * (6x + -10.0) ) + 5.0 )
Fitness 8.51766790717
ind: 267
( ( (1y + 0.0)^2  ) + ( ( ( (10x + -9.0)^2  ) * (1x + 8.0) ) + 4.0 ) )
Fitness 3.68542837211
ind: 268
( ( 1.0 + ( ( (7y + -2.0) * ( ( (5x + 1.0)^2  ) * 10.0 ) )^2  ) ) * (1y + 2.0) )
Fitness 18.6390303782
ind: 269
( (2x + 10.0) + ( (7y + 3.0) * ( ( ( ( (8x + -1.0) * (8x + -1.0) ) * 8.0 ) * (5x + 3.0) )^2  ) ) )
Fitness 47.3301855116
ind: 270
( ( ( ( 5.0 * 2.0 ) * ( ( ( 1.0 + (3y + -1.0) ) + 8.0 ) * (4x + -1.0) ) )^2  ) * (3x + 1.0) )
Fitness 11.1278465079
ind: 271
( ( 1.0 * ( 9.0 + (2x + -9.0) ) ) * ( ( ( ( (10y + 0.0)^2  ) + ( (8y + -8.0) + ( (9x + 5.0) + 7.0 ) ) )^2  ) * ( ( ( 1.0 + 2.0 )^2  ) * ( (3y + 0.0)^2  ) ) ) )
Fitness 17.9635203954
ind: 272
( (5x + -3.0) + ( ( 1.0 + ( ( ( 5.0^2  ) + (8y + 0.0) ) * ( ( 2.0 + 9.0 ) * ( (4x + 4.0) + (5x + -2.0) ) ) ) ) * (2y + 9.0) ) )
Fitness 12.7753829571
ind: 273
( ( ( (2x + 1.0) + (6y + 2.0) ) + (4x + 9.0) )^2  )
Fitness 1.84134239283
ind: 274
( ( ( ( 6.0^2  ) * ( (6y + -10.0) * ( ( 8.0 * 1.0 )^2  ) ) ) + (5x + 3.0) )^2  )
Fitness 3361.51535486
ind: 275
( (10y + 6.0) * ( 3.0 + ( ( ( ( (6x + 6.0) + 2.0 ) + ( (10y + 4.0) * 8.0 ) ) * ( 7.0 + ( (9y + 6.0) * (4x + -7.0) ) ) ) * ( 8.0 * ( (10x + 2.0) + 8.0 ) ) ) ) )
Fitness 232.17106365
ind: 276
( ( ( 10.0^2  ) * 4.0 ) + ( (10y + -1.0) * ( (7x + 10.0) + ( ( ( (1x + 3.0)^2  )^2  )^2  ) ) ) )
Fitness 26.6795611293
ind: 277
( ( (5y + -6.0) * ( ( (10y + 4.0) + (9y + -1.0) ) * ( 3.0^2  ) ) ) + ( ( ( 1.0 + ( (4x + 2.0) + ( (1y + 2.0)^2  ) ) ) + 7.0 )^2  ) )
Fitness 2.59621728329
ind: 278
( 9.0 * ( ( ( ( ( (10x + 3.0) + 5.0 ) + 6.0 )^2  ) + ( ( 8.0 + ( 4.0 * (8y + 6.0) ) )^2  ) ) * ( (9x + 9.0) * ( ( 10.0 * ( 1.0 * (3x + 2.0) ) )^2  ) ) ) )
Fitness 1517.47017126
ind: 279
( ( ( (6x + 9.0)^2  ) * ( ( (8y + -2.0) + ( ( 1.0 + 3.0 )^2  ) )^2  ) ) * ( 7.0 * 9.0 ) )
Fitness 164.72251973
ind: 280
( (1x + -3.0) + ( ( 3.0 * 7.0 ) * ( (3y + -5.0) * ( 6.0 + (4x + 3.0) ) ) ) )
Fitness 4.28111298134
ind: 281
( ( 9.0 * ( (6x + -8.0) * ( (4y + 8.0)^2  ) ) )^2  )
Fitness 685.626354954
ind: 282
( (8y + 7.0) * ( (2x + 8.0) + ( ( (10y + 4.0) + ( ( 8.0 + 7.0 ) + (4x + 2.0) ) ) + (7x + -4.0) ) ) )
Fitness 2.07322197171
ind: 283
( ( ( 10.0 + ( 4.0 * ( ( (4x + -7.0) * (9y + 4.0) ) * (2y + -4.0) ) ) ) + ( 10.0^2  ) )^2  )
Fitness 75.3199848861
ind: 284
( (1x + -3.0) + ( (7y + 8.0) * ( 1.0^2  ) ) )
Fitness 0.297446333446
ind: 285
( (9x + 6.0) + ( ( 2.0 + ( ( ( (8x + -5.0) * (10y + 9.0) ) + ( (2y + 4.0) * (9y + -3.0) ) ) * ( ( (9x + 0.0)^2  ) * (3x + 3.0) ) ) ) + ( ( ( 1.0^2  ) * 7.0 ) * 10.0 ) ) )
Fitness 3.39499951551
ind: 286
( 7.0 + ( 9.0 * ( (6y + -1.0) * ( ( ( 3.0 + 5.0 ) + 4.0 ) * (8x + 5.0) ) ) ) )
Fitness 5.0825652063
ind: 287
( ( ( (5x + 0.0) * ( ( ( 2.0^2  ) * (6y + 3.0) )^2  ) ) * (9x + -2.0) ) + ( ( ( (8x + -4.0)^2  ) * 6.0 ) + ( (6y + 2.0) * ( ( 1.0 + 9.0 ) * ( ( 2.0^2  ) + ( 10.0 * 6.0 ) ) ) ) ) )
Fitness 6.7801051477
ind: 288
( ( (8x + 8.0) * ( ( (7y + 5.0)^2  )^2  ) )^2  )
Fitness 9389.16211458
ind: 289
( ( ( ( (1y + -7.0)^2  )^2  ) * ( 4.0 + ( (9y + -6.0) + (9x + 9.0) ) ) )^2  )
Fitness 2599.88265087
ind: 290
( ( ( (9y + -9.0) * ( ( (5y + -4.0) + ( 8.0 * 10.0 ) ) * 10.0 ) ) * (1x + -7.0) ) * ( (4y + -8.0)^2  ) )
Fitness 278.085602747
ind: 291
( ( ( (5y + -1.0) * 7.0 ) + (4x + -9.0) ) * ( ( (2y + -9.0) * ( ( ( (1y + 0.0)^2  ) + ( (9x + -6.0)^2  ) )^2  ) )^2  ) )
Fitness 34718.237748
ind: 292
( ( (2y + -7.0) + ( ( ( ( (10y + 9.0) * 4.0 ) + (9y + -9.0) ) + ( ( 3.0 * 9.0 ) + ( (8y + -2.0) * (9y + 3.0) ) ) ) * (4x + 8.0) ) )^2  )
Fitness 94.0302868574
ind: 293
( ( ( ( ( ( 3.0 + (2y + -9.0) ) * ( 7.0 * (4x + -9.0) ) )^2  ) + (5x + -3.0) ) + (5x + -1.0) ) + ( 7.0 + (10y + 6.0) ) )
Fitness 55.569004015
ind: 294
( ( ( ( 2.0 * ( ( (7x + -7.0) * 4.0 ) * ( 5.0 + 10.0 ) ) ) + ( (5x + 4.0)^2  ) ) + 7.0 ) * (8y + 4.0) )
Fitness 7.52612553228
ind: 295
( ( ( 6.0 + ( ( (7y + -5.0) + (2y + 3.0) )^2  ) ) + ( ( ( 3.0^2  ) + ( ( 10.0 * (1x + -5.0) ) * ( (2x + 7.0) + (2y + -1.0) ) ) )^2  ) )^2  )
Fitness 13320.1534832
ind: 296
( ( ( ( ( ( (1y + 5.0)^2  ) * ( 3.0^2  ) ) + ( ( (10y + -7.0) + 8.0 ) + (2y + 8.0) ) ) * (2x + 1.0) ) * ( 9.0 + (9y + -3.0) ) )^2  )
Fitness 475.589843416
ind: 297
( (10y + 4.0) * ( ( ( (1y + 1.0) * ( 1.0 + (6y + 4.0) ) ) + ( ( ( 2.0^2  ) + (10x + -5.0) ) * 6.0 ) ) * (9x + 9.0) ) )
Fitness 5.02244576082
ind: 298
( ( ( ( (10y + 0.0)^2  ) * ( (4x + -7.0)^2  ) ) + 6.0 ) * 7.0 )
Fitness 13.1505013291
ind: 299
( ( (3y + 1.0)^2  ) + (3x + -10.0) )
Fitness 0.405441439126
ind: 300
( ( ( (4y + -9.0)^2  ) * ( ( ( (8x + 5.0) * (3x + -6.0) ) * 3.0 )^2  ) ) * (6y + 2.0) )
Fitness 187.870687018
Best Ind: ( (4y + 4.0) + (4x + -5.0) )
Fitness = 0.238119331825
Worst Ind: ( ( ( ( ( ( (7y + 6.0)^2  )^2  ) * ( ( 9.0^2  )^2  ) )^2  )^2  ) + (8x + 7.0) )
Fitness = 3.54171882405e+15
Avg Fitness = 1.4796746365e+13
Duplicated = 0
============================================================================
Evaluate Gen  1
New Population 469
Better than Dads 69
Best Ind: ( (4y + 4.0) + (4x + -5.0) )
Fitness = 0.238119331825
Worst Ind: ( ( (4y + -7.0) * 7.0 ) * ( 6.0 * ( ( ( 3.0^2  ) + (10x + 10.0) )^2  ) ) )
Fitness = 45.2291536732
Avg Fitness = 7.24677593885
Duplicated = 6
============================================================================
Evaluate Gen  2
New Population 478
Better than Dads 90
Best Ind: ( (4y + 4.0) + (4x + -5.0) )
Fitness = 0.238119331825
Worst Ind: ( ( 3.0 + 6.0 ) * ( ( ( ( ( 5.0 + (2y + -10.0) ) * (10y + 1.0) ) + ( ( (4x + 8.0) + (8x + 4.0) )^2  ) ) + ( (7y + 5.0) * 10.0 ) ) + (10y + -9.0) ) )
Fitness = 6.0633656844
Avg Fitness = 1.79101883859
Duplicated = 16
============================================================================
Evaluate Gen  3
New Population 497
Better than Dads 93
Best Ind: ( (1y + -3.0) + (2x + 4.0) )
Fitness = 0.139959306707
Worst Ind: ( (1x + 1.0) + ( (6y + 2.0) * ( (3x + -8.0) * (2y + -8.0) ) ) )
Fitness = 1.76300461458
Avg Fitness = 0.876990209794
Duplicated = 26
============================================================================
Evaluate Gen  4
New Population 495
Better than Dads 112
Best Ind: ( (1y + -3.0) + (2x + 4.0) )
Fitness = 0.139959306707
Worst Ind: ( (1x + 1.0) + ( (10y + -6.0) * ( (7x + -6.0) + (2y + -1.0) ) ) )
Fitness = 1.03910521564
Avg Fitness = 0.65524401611
Duplicated = 34
============================================================================
Evaluate Gen  5
New Population 483
Better than Dads 110
Best Ind: ( (1y + -3.0) + (2x + 4.0) )
Fitness = 0.139959306707
Worst Ind: ( (9y + -1.0) * (7x + -8.0) )
Fitness = 0.823798058558
Avg Fitness = 0.532959724843
Duplicated = 38
============================================================================
Evaluate Gen  6
New Population 495
Better than Dads 120
Best Ind: ( (1y + -3.0) + (2x + 4.0) )
Fitness = 0.139959306707
Worst Ind: ( ( ( (6x + -2.0)^2  ) + ( ( (10x + -4.0) + (3y + -6.0) ) * (8x + 4.0) ) ) + ( 8.0 + (2y + 4.0) ) )
Fitness = 0.621333808045
Avg Fitness = 0.43349178957
Duplicated = 30
============================================================================
Evaluate Gen  7
New Population 486
Better than Dads 116
Best Ind: ( (1y + 0.0) * (8x + 1.0) )
Fitness = 0.115493076208
Worst Ind: ( ( 5.0 + (8x + 3.0) ) + ( (1y + 4.0) + (6y + 1.0) ) )
Fitness = 0.496240083083
Avg Fitness = 0.374637427866
Duplicated = 39
============================================================================
Evaluate Gen  8
New Population 485
Better than Dads 113
Best Ind: ( (1y + 0.0) * (8x + 1.0) )
Fitness = 0.115493076208
Worst Ind: ( (4x + -7.0) + ( (8x + -2.0) + ( (4y + -1.0) + (9x + 2.0) ) ) )
Fitness = 0.431031296618
Avg Fitness = 0.336577099554
Duplicated = 49
============================================================================
Evaluate Gen  9
New Population 479
Better than Dads 116
Best Ind: ( (1y + 0.0) * (8x + 1.0) )
Fitness = 0.115493076208
Worst Ind: ( (1x + 7.0) + ( (1x + -1.0) * ( (7y + 10.0) + (5x + -10.0) ) ) )
Fitness = 0.378711764192
Avg Fitness = 0.312443997812
Duplicated = 61
============================================================================
Evaluate Gen  10
New Population 492
Better than Dads 127
Best Ind: ( (1y + 0.0) * (8x + 1.0) )
Fitness = 0.115493076208
Worst Ind: ( (1y + -7.0) + ( (8x + 3.0) + (8y + 1.0) ) )
Fitness = 0.348359668848
Avg Fitness = 0.296075718844
Duplicated = 73
============================================================================
Evaluate Gen  11
New Population 499
Better than Dads 134
Best Ind: ( (1y + 0.0) * (8x + 1.0) )
Fitness = 0.115493076208
Worst Ind: ( ( (5y + -4.0) + ( 1.0 + ( (3y + -3.0) * (2x + -1.0) ) ) ) * (4y + -4.0) )
Fitness = 0.326799792462
Avg Fitness = 0.27928868869
Duplicated = 78
============================================================================
Evaluate Gen  12
New Population 492
Better than Dads 130
Best Ind: ( (1y + 0.0) * ( (8x + -4.0) + (1y + 3.0) ) )
Fitness = 0.112445622794
Worst Ind: ( (3x + 0.0) + (9y + -1.0) )
Fitness = 0.31076915517
Avg Fitness = 0.266304272169
Duplicated = 89
============================================================================
Evaluate Gen  13
New Population 492
Better than Dads 128
Best Ind: ( (1y + 0.0) * ( (8x + -4.0) + (1y + 3.0) ) )
Fitness = 0.112445622794
Worst Ind: ( (9x + -4.0) + ( (1y + -4.0) + ( ( (3x + -10.0) + (9y + 8.0) ) + ( ( 8.0 + (6x + -10.0) )^2  ) ) ) )
Fitness = 0.295674880324
Avg Fitness = 0.254514661987
Duplicated = 82
============================================================================
Evaluate Gen  14
New Population 497
Better than Dads 135
Best Ind: ( (1y + 0.0) * ( (8x + -4.0) + (1y + 3.0) ) )
Fitness = 0.112445622794
Worst Ind: ( (1y + -4.0) + ( (1x + -3.0)^2  ) )
Fitness = 0.282409869328
Avg Fitness = 0.242101725106
Duplicated = 83
============================================================================
Evaluate Gen  15
New Population 497
Better than Dads 142
Best Ind: ( (1y + 0.0) * ( (8x + -4.0) + (1y + 3.0) ) )
Fitness = 0.112445622794
Worst Ind: ( ( (1y + 0.0) * ( (3x + 0.0) + (9y + -1.0) ) ) + ( ( (10x + -4.0) + ( (8x + -4.0) + 9.0 ) ) * (1y + 0.0) ) )
Fitness = 0.271105535406
Avg Fitness = 0.230776002226
Duplicated = 78
============================================================================
Evaluate Gen  16
New Population 493
Better than Dads 132
Best Ind: ( (1y + 0.0) * ( (8x + -4.0) + (1y + 3.0) ) )
Fitness = 0.112445622794
Worst Ind: ( (7x + 4.0) + (3y + -6.0) )
Fitness = 0.263206695962
Avg Fitness = 0.218557195621
Duplicated = 64
============================================================================
Evaluate Gen  17
New Population 505
Better than Dads 139
Best Ind: ( (1y + 0.0) * ( (8x + -4.0) + (1y + 3.0) ) )
Fitness = 0.112445622794
Worst Ind: ( ( ( (6x + -2.0)^2  ) + (5y + 1.0) ) + ( (4x + -7.0) + ( (8x + -2.0) + (6x + 4.0) ) ) )
Fitness = 0.248111193817
Avg Fitness = 0.205616795656
Duplicated = 77
============================================================================
Evaluate Gen  18
New Population 518
Better than Dads 156
Best Ind: ( (1y + 0.0) * ( (8x + -4.0) + (1y + 3.0) ) )
Fitness = 0.112445622794
Worst Ind: ( (8x + -2.0) + ( (3x + 0.0) * ( (9y + 5.0) + (4x + -7.0) ) ) )
Fitness = 0.229852138294
Avg Fitness = 0.191580381603
Duplicated = 95
============================================================================
Evaluate Gen  19
New Population 502
Better than Dads 137
Best Ind: ( ( (1y + 0.0) + (3x + 0.0) ) * (1y + 0.0) )
Fitness = 0.0999491106105
Worst Ind: ( ( (1y + 0.0) * ( (3x + 0.0) + (9y + -1.0) ) ) + ( (6x + 2.0) * (1y + 0.0) ) )
Fitness = 0.215917141969
Avg Fitness = 0.180569074574
Duplicated = 93
============================================================================
Evaluate Gen  20
New Population 517
Better than Dads 156
Best Ind: ( ( (1y + 0.0) + (3x + 0.0) ) * (1y + 0.0) )
Fitness = 0.0999491106105
Worst Ind: ( ( 1.0^2  ) + ( ( (10x + -4.0) + ( (8x + -4.0) + 9.0 ) ) * (1y + 0.0) ) )
Fitness = 0.206563868016
Avg Fitness = 0.17063915091
Duplicated = 87
============================================================================
Evaluate Gen  21
New Population 512
Better than Dads 147
Best Ind: ( ( (1y + 0.0) + (3x + 0.0) ) * (1y + 0.0) )
Fitness = 0.0999491106105
Worst Ind: ( (2x + 8.0) + (3y + -7.0) )
Fitness = 0.194766071485
Avg Fitness = 0.159046073352
Duplicated = 89
============================================================================
Evaluate Gen  22
New Population 519
Better than Dads 153
Best Ind: ( (1y + 0.0) + ( ( (3x + 0.0) + (2y + -1.0) ) * (1y + 0.0) ) )
Fitness = 0.0983461319034
Worst Ind: ( ( ( (10x + -4.0) + ( (8x + -4.0) + 9.0 ) ) * (1y + 0.0) ) + (3x + 0.0) )
Fitness = 0.183889988506
Avg Fitness = 0.148927652179
Duplicated = 94
============================================================================
Evaluate Gen  23
New Population 505
Better than Dads 131
Best Ind: ( (1y + 0.0) + ( ( (3x + 0.0) + (2y + -1.0) ) * (1y + 0.0) ) )
Fitness = 0.0983461319034
Worst Ind: ( (3x + 3.0) * (1y + 0.0) )
Fitness = 0.165393654967
Avg Fitness = 0.138826443906
Duplicated = 115
============================================================================
Evaluate Gen  24
New Population 509
Better than Dads 133
Best Ind: ( 1.0 * ( ( 1.0^2  ) + ( (3x + 0.0) * (1y + 0.0) ) ) )
Fitness = 0.0831533162499
Worst Ind: ( ( (1y + 0.0) * ( ( (3x + 0.0) * (1y + -3.0) ) + (2x + 7.0) ) ) + ( ( (10x + -4.0) + (3y + -6.0) ) * (1y + 0.0) ) )
Fitness = 0.155095343466
Avg Fitness = 0.131784872956
Duplicated = 121
============================================================================
Evaluate Gen  25
New Population 501
Better than Dads 131
Best Ind: ( 1.0 * ( ( 1.0^2  ) + ( (3x + 0.0) * (1y + 0.0) ) ) )
Fitness = 0.0831533162499
Worst Ind: ( (1y + 0.0) * ( ( (1y + 0.0) + (2x + 7.0) ) * (1y + 0.0) ) )
Fitness = 0.141392748712
Avg Fitness = 0.126777559753
Duplicated = 143
============================================================================
Evaluate Gen  26
New Population 498
Better than Dads 130
Best Ind: ( 1.0 * ( ( 1.0^2  ) + ( (3x + 0.0) * (1y + 0.0) ) ) )
Fitness = 0.0831533162499
Worst Ind: ( (1y + 0.0) * ( (8x + -2.0) + ( ( (3x + 0.0) * (1y + 0.0) ) * (1y + 0.0) ) ) )
Fitness = 0.136255451359
Avg Fitness = 0.122887874619
Duplicated = 149
============================================================================
Evaluate Gen  27
New Population 508
Better than Dads 145
Best Ind: ( 1.0 * ( ( 1.0^2  ) + ( (3x + 0.0) * (1y + 0.0) ) ) )
Fitness = 0.0831533162499
Worst Ind: ( (1x + 1.0) * (1y + 0.0) )
Fitness = 0.132751599397
Avg Fitness = 0.119443476743
Duplicated = 139
============================================================================
Evaluate Gen  28
New Population 504
Better than Dads 137
Best Ind: ( 1.0 * ( ( 1.0^2  ) + ( (3x + 0.0) * (1y + 0.0) ) ) )
Fitness = 0.0831533162499
Worst Ind: ( ( (1y + 0.0) * (1y + 0.0) ) + ( ( (1y + 0.0) * ( (3x + 0.0) + (3x + 0.0) ) ) + ( ( (9x + 2.0) * (1y + 0.0) ) * (1y + 0.0) ) ) )
Fitness = 0.127055243544
Avg Fitness = 0.116703883916
Duplicated = 156
============================================================================
Evaluate Gen  29
New Population 510
Better than Dads 142
Best Ind: ( ( ( (1x + 1.0) * (1y + 0.0) ) * (1y + 0.0) ) + 1.0 )
Fitness = 0.0715436111073
Worst Ind: ( (1y + 0.0) + ( ( ( 1.0 + (9x + -1.0) ) + (2y + -1.0) ) * (1y + 0.0) ) )
Fitness = 0.122407792704
Avg Fitness = 0.114663681204
Duplicated = 165
============================================================================
Evaluate Gen  30
New Population 511
Better than Dads 136
Best Ind: ( ( ( (1x + 1.0) * (1y + 0.0) ) * (1y + 0.0) ) + 1.0 )
Fitness = 0.0715436111073
Worst Ind: ( ( (3x + 0.0) * (1y + 0.0) ) + (1y + 0.0) )
Fitness = 0.120275852798
Avg Fitness = 0.112603362202
Duplicated = 181
============================================================================
Evaluate Gen  31
New Population 502
Better than Dads 136
Best Ind: ( ( ( (1x + 1.0) * (1y + 0.0) ) * (1y + 0.0) ) + 1.0 )
Fitness = 0.0715436111073
Worst Ind: ( ( (1x + 1.0) * (1y + 0.0) ) + ( (3x + 0.0) * (1y + 0.0) ) )
Fitness = 0.116599269188
Avg Fitness = 0.11081216106
Duplicated = 203
============================================================================
Evaluate Gen  32
New Population 501
Better than Dads 125
Best Ind: ( ( ( (1x + 1.0) * (1y + 0.0) ) * (1y + 0.0) ) + 1.0 )
Fitness = 0.0715436111073
Worst Ind: ( (3x + 0.0) * (1y + 0.0) )
Fitness = 0.114421965999
Avg Fitness = 0.109626822762
Duplicated = 216
============================================================================
Evaluate Gen  33
New Population 500
Better than Dads 134
Best Ind: ( ( ( (1x + 1.0) * (1y + 0.0) ) * (1y + 0.0) ) + 1.0 )
Fitness = 0.0715436111073
Worst Ind: ( (3x + 0.0) * (1y + 0.0) )
Fitness = 0.114421965999
Avg Fitness = 0.108560178776
Duplicated = 200
============================================================================
Evaluate Gen  34
New Population 504
Better than Dads 146
Best Ind: ( ( ( (1x + 1.0) * (1y + 0.0) ) * (1y + 0.0) ) + 1.0 )
Fitness = 0.0715436111073
Worst Ind: ( (3x + 0.0) * (1y + 0.0) )
Fitness = 0.114421965999
Avg Fitness = 0.10736469253
Duplicated = 192
============================================================================
Evaluate Gen  35
New Population 512
Better than Dads 145
Best Ind: ( ( ( (1x + 1.0) * (1y + 0.0) ) * (1y + 0.0) ) + 1.0 )
Fitness = 0.0715436111073
Worst Ind: ( (1y + 0.0) + ( ( (3x + 0.0) + (1y + 0.0) ) * (1y + 0.0) ) )
Fitness = 0.113479479182
Avg Fitness = 0.105739863756
Duplicated = 182
============================================================================
Evaluate Gen  36
New Population 522
Better than Dads 156
Best Ind: ( ( ( (1x + 1.0) * (1y + 0.0) ) * (1y + 0.0) ) + 1.0 )
Fitness = 0.0715436111073
Worst Ind: ( (5x + -1.0) * (1y + 0.0) )
Fitness = 0.111822088548
Avg Fitness = 0.103987094052
Duplicated = 188
============================================================================
Evaluate Gen  37
New Population 535
Better than Dads 160
Best Ind: ( ( ( (1x + 1.0) * (1y + 0.0) ) * (1y + 0.0) ) + 1.0 )
Fitness = 0.0715436111073
Worst Ind: ( (1y + 0.0) * ( ( (5x + -1.0) * (1y + 0.0) ) + ( ( (1y + -3.0) + (2x + 4.0) ) + (6x + -2.0) ) ) )
Fitness = 0.108786151332
Avg Fitness = 0.102210002368
Duplicated = 200
============================================================================
Evaluate Gen  38
New Population 534
Better than Dads 160
Best Ind: ( ( ( (1x + 1.0) * (1y + 0.0) ) * (1y + 0.0) ) + 1.0 )
Fitness = 0.0715436111073
Worst Ind: ( ( (1y + 0.0) * (1y + 0.0) ) + ( ( (1y + 0.0) * ( (3x + 0.0) + (3x + 0.0) ) ) + ( ( (1y + 0.0) * (1y + 0.0) ) * (1y + 0.0) ) ) )
Fitness = 0.106687330731
Avg Fitness = 0.100792401345
Duplicated = 200
============================================================================
Evaluate Gen  39
New Population 523
Better than Dads 148
Best Ind: ( ( ( (1x + 1.0) * (1y + 0.0) ) * (1y + 0.0) ) + 1.0 )
Fitness = 0.0715436111073
Worst Ind: ( ( ( (1y + 0.0) * ( (3x + 0.0) + (1y + 0.0) ) ) + ( (3x + 0.0) + ( (3x + 3.0) + (1y + -4.0) ) ) ) * (1y + 0.0) )
Fitness = 0.102764245839
Avg Fitness = 0.099689215004
Duplicated = 224
============================================================================
Evaluate Gen  40
New Population 526
Better than Dads 136
Best Ind: ( ( ( (1x + 1.0) * (1y + 0.0) ) * (1y + 0.0) ) + 1.0 )
Fitness = 0.0715436111073
Worst Ind: ( (1y + 0.0) + ( (1y + 0.0) * ( (1y + 0.0) + ( ( ( (3x + 0.0) * (1y + 0.0) )^2  ) + ( (3x + 3.0) + (1y + -4.0) ) ) ) ) )
Fitness = 0.100861619324
Avg Fitness = 0.0991857388597
Duplicated = 237
============================================================================
Evaluate Gen  41
New Population 533
Better than Dads 162
Best Ind: ( ( ( (1x + 1.0) * (1y + 0.0) ) * (1y + 0.0) ) + 1.0 )
Fitness = 0.0715436111073
Worst Ind: ( ( (3x + 0.0) + (1y + 0.0) ) * (1y + 0.0) )
Fitness = 0.0999491106105
Avg Fitness = 0.0990300805966
Duplicated = 232
============================================================================
Evaluate Gen  42
New Population 520
Better than Dads 152
Best Ind: ( ( ( (1x + 1.0) * (1y + 0.0) ) * (1y + 0.0) ) + 1.0 )
Fitness = 0.0715436111073
Worst Ind: ( ( (3x + 0.0) + (1y + 0.0) ) * (1y + 0.0) )
Fitness = 0.0999491106105
Avg Fitness = 0.0989008704386
Duplicated = 228
============================================================================
Evaluate Gen  43
New Population 523
Better than Dads 149
Best Ind: ( ( ( (1x + 1.0) * (1y + 0.0) ) * (1y + 0.0) ) + 1.0 )
Fitness = 0.0715436111073
Worst Ind: ( ( (1y + 0.0) * (1y + 0.0) ) + ( (3x + 0.0) * (1y + 0.0) ) )
Fitness = 0.0999491106105
Avg Fitness = 0.0986853352523
Duplicated = 225
============================================================================
Evaluate Gen  44
New Population 518
Better than Dads 165
Best Ind: ( ( ( (1x + 1.0) * (1y + 0.0) ) * (1y + 0.0) ) + 1.0 )
Fitness = 0.0715436111073
Worst Ind: ( (1y + 0.0) * ( (3x + 0.0) + (1y + 0.0) ) )
Fitness = 0.0999491106105
Avg Fitness = 0.0985240449483
Duplicated = 224
============================================================================
Evaluate Gen  45
New Population 531
Better than Dads 174
Best Ind: ( ( ( (1x + 1.0) * (1y + 0.0) ) * (1y + 0.0) ) + 1.0 )
Fitness = 0.0715436111073
Worst Ind: ( (1y + 0.0) * ( ( (1y + 0.0) + (3x + 0.0) ) + ( (1x + 1.0) * (1y + 0.0) ) ) )
Fitness = 0.0993724382201
Avg Fitness = 0.0983331025176
Duplicated = 234
============================================================================
Evaluate Gen  46
New Population 535
Better than Dads 180
Best Ind: ( ( ( (1x + 1.0) * (1y + 0.0) ) * (1y + 0.0) ) + 1.0 )
Fitness = 0.0715436111073
Worst Ind: ( ( ( (3x + 0.0) + (1y + 0.0) ) * (1y + 0.0) ) + ( (1y + 0.0) * (3x + 0.0) ) )
Fitness = 0.0991491025859
Avg Fitness = 0.0981518039579
Duplicated = 235
============================================================================
Evaluate Gen  47
New Population 528
Better than Dads 173
Best Ind: ( ( ( (1x + 1.0) * (1y + 0.0) ) * (1y + 0.0) ) + 1.0 )
Fitness = 0.0715436111073
Worst Ind: ( ( ( (3x + 3.0) + (1y + -3.0) ) * (1y + 0.0) ) + ( (3x + 0.0) * (1y + 0.0) ) )
Fitness = 0.0991491025859
Avg Fitness = 0.0980634771828
Duplicated = 236
============================================================================
Evaluate Gen  48
New Population 522
Better than Dads 163
Best Ind: ( ( ( (1x + 1.0) * (1y + 0.0) ) * (1y + 0.0) ) + 1.0 )
Fitness = 0.0715436111073
Worst Ind: ( ( (3x + 0.0) + ( ( 1.0^2  ) + ( (3x + 3.0) + (1y + -4.0) ) ) ) * (1y + 0.0) )
Fitness = 0.0991491025859
Avg Fitness = 0.0979564144252
Duplicated = 246
============================================================================
Evaluate Gen  49
New Population 523
Better than Dads 160
Best Ind: ( ( ( (1x + 1.0) * (1y + 0.0) ) * (1y + 0.0) ) + 1.0 )
Fitness = 0.0715436111073
Worst Ind: ( (1y + 0.0) * ( ( ( 1.0^2  ) + ( (3x + 3.0) + (1y + -4.0) ) ) + (1y + 0.0) ) )
Fitness = 0.0983461319034
Avg Fitness = 0.0978386259333
Duplicated = 259
============================================================================
Evaluate Gen  50
New Population 514
Better than Dads 141
Best Ind: ( ( ( (1x + 1.0) * (1y + 0.0) ) * (1y + 0.0) ) + 1.0 )
Fitness = 0.0715436111073
Worst Ind: ( ( (1y + 0.0) * ( (1y + 0.0) + (1y + 0.0) ) ) + ( (1y + 0.0) * (3x + 0.0) ) )
Fitness = 0.0983461319034
Avg Fitness = 0.0977965927312
Duplicated = 261
