dataset_file= dataset/SR_div.txt
population= 100
generations= 100
tournament_size= 5
cross_over= 0.6
mutation= 0.3
elitism= True
(50, 2)
============================================================================
Build initial population
ind: 1
( ( ( 0.111111111111y * 0.111111111111x ) * 0.25x ) * 0.111111111111y )
ind: 2
( ( ( 1.0y + 0.142857142857y ) + ( ( 0.25x * ( 0.125x + 0.5y ) ) + ( 0.1x * 0.111111111111y ) ) ) * 0.25x )
ind: 3
( 0.25x + 0.1y )
ind: 4
( ( ( ( 0.2y * 0.125y ) * ( 0.5y * ( 0.125y * 0.5x ) ) ) * 0.125x ) * ( 0.2x * ( ( 0.5y + ( 0.111111111111y * 0.2y ) ) * ( ( 0.142857142857x * ( 0.142857142857x * 0.142857142857x ) ) + 0.125x ) ) ) )
ind: 5
( 0.333333333333x + ( ( 0.125x * 0.5x ) + ( ( 0.333333333333y + ( 0.166666666667y * ( 1.0x * 0.5y ) ) ) * ( ( ( 1.0x + 0.1y ) + ( 0.111111111111y + 0.5y ) ) + 0.166666666667x ) ) ) )
ind: 6
( 0.333333333333y + ( ( ( 0.111111111111x + ( 0.25x + ( 0.1y * 0.166666666667x ) ) ) * ( 0.111111111111y * ( ( 0.333333333333x + 0.25x ) + 1.0y ) ) ) * 0.111111111111x ) )
ind: 7
( ( 0.2x * 0.25y ) * ( 0.1y * ( 0.333333333333x + ( ( 0.142857142857x + ( 0.111111111111y * 0.25y ) ) * ( 1.0y * 0.111111111111x ) ) ) ) )
ind: 8
( 1.0x + 0.1y )
ind: 9
( ( ( 0.333333333333x + 0.333333333333x ) * 0.25x ) + ( 0.25y + ( 0.166666666667x + ( ( 0.166666666667x + ( 0.111111111111y + 0.333333333333x ) ) + ( ( 0.25y * 0.333333333333x ) * ( 0.25y * 0.125x ) ) ) ) ) )
ind: 10
( 0.111111111111x + 0.5y )
ind: 11
( ( ( ( 0.1x * 0.111111111111x ) * ( 0.125x * ( ( 0.142857142857x * 0.1y ) + 0.2y ) ) ) * ( 0.125x + ( ( 0.1x * 0.166666666667x ) + ( ( 0.1x * 0.333333333333x ) * ( 0.333333333333y * 0.125x ) ) ) ) ) * 0.1y )
ind: 12
( 0.2y * ( 0.5x + 0.2x ) )
ind: 13
( ( 0.1y * ( 0.125x * 0.2x ) ) + ( ( ( 0.111111111111y + ( ( 1.0x * 0.1x ) * 0.111111111111x ) ) + ( 0.166666666667y * ( 0.2x * ( 0.2y + 0.125y ) ) ) ) + ( ( ( ( 0.2x + 0.2x ) * ( 0.25x * 0.142857142857y ) ) * 0.142857142857y ) * ( 0.25x + 0.2y ) ) ) )
ind: 14
( 0.2x + 0.125y )
ind: 15
( ( ( 0.125x * ( ( ( 0.1y + 0.25x ) + 0.5y ) * ( ( 0.2x * 1.0y ) + ( 0.2y + 0.166666666667x ) ) ) ) + 0.25y ) + ( 0.166666666667y * 0.5x ) )
ind: 16
( ( 0.111111111111y + 0.333333333333x ) + ( 0.142857142857y * ( 1.0x * 0.2x ) ) )
ind: 17
( ( ( ( ( 0.142857142857x * 1.0x ) + ( 0.5y * 0.333333333333y ) ) * ( 0.25x + ( ( 1.0y + 0.333333333333x ) * 0.2x ) ) ) + ( ( ( 0.25x + 0.142857142857y ) + ( 0.125x + 0.5x ) ) + ( ( ( 0.5x + 0.125y ) * ( 0.111111111111y * 0.111111111111y ) ) + ( 0.5x * ( 0.5x * 0.125y ) ) ) ) ) * ( ( 1.0x * 0.333333333333y ) * 0.166666666667y ) )
ind: 18
( 0.25y * ( ( 0.333333333333y + 0.125y ) * ( 1.0x + 0.2y ) ) )
ind: 19
( 0.2x * 0.25y )
ind: 20
( 0.166666666667y * ( 0.2x + ( 0.1x * 1.0x ) ) )
ind: 21
( ( ( 0.111111111111y * ( ( 0.2y * ( 0.166666666667x + 0.142857142857y ) ) * 0.2y ) ) + ( 1.0y + 0.125x ) ) + 0.142857142857x )
ind: 22
( ( 1.0y * 0.125x ) * ( 0.142857142857x * ( 1.0x * 1.0y ) ) )
ind: 23
( ( 0.5y + ( 1.0x * ( ( ( 0.5x * 0.166666666667x ) + ( 0.111111111111y * 0.125y ) ) * 0.5x ) ) ) + ( 0.142857142857y * 1.0y ) )
ind: 24
( ( 1.0y + 0.25x ) * ( ( 0.1y + ( 0.166666666667y + 0.142857142857x ) ) * 0.142857142857y ) )
ind: 25
( 0.1x * 0.125y )
ind: 26
( 1.0y * 0.1x )
ind: 27
( 0.333333333333x + 0.166666666667y )
ind: 28
( 0.5y + ( 0.111111111111x * 0.166666666667x ) )
ind: 29
( ( 0.142857142857x * 0.2y ) + 0.111111111111x )
ind: 30
( ( ( 0.142857142857x + 0.111111111111y ) * 0.1x ) + ( ( 0.125x * ( ( ( 0.125y + 0.111111111111y ) * ( 0.166666666667x * 0.333333333333y ) ) + 0.25x ) ) + ( 0.166666666667x * ( ( ( 0.333333333333y * 0.333333333333y ) + ( 0.125y * 0.5x ) ) + 1.0x ) ) ) )
ind: 31
( ( ( ( 0.2x + 0.5x ) + ( ( ( 0.111111111111y * 0.5y ) + ( 0.111111111111x * 0.5x ) ) * ( 0.5y * 0.333333333333y ) ) ) * 0.5y ) * ( 0.142857142857x + 0.25x ) )
ind: 32
( 0.5y * 0.333333333333x )
ind: 33
( 0.5y * ( 0.166666666667x * ( 0.1y + ( ( ( 0.25x + 1.0x ) * 0.2y ) + 1.0x ) ) ) )
ind: 34
( 0.1y * ( ( ( ( ( 0.111111111111y * 0.5y ) * 0.111111111111x ) + ( ( 0.111111111111y + 0.166666666667x ) + ( 0.125x * 0.1y ) ) ) * 0.333333333333y ) * 0.5y ) )
ind: 35
( 0.142857142857x + 0.5y )
ind: 36
( ( ( ( ( 0.111111111111x + 0.142857142857x ) * ( 0.1x + 0.1x ) ) + 0.111111111111x ) * ( ( ( 0.166666666667y + 0.166666666667y ) + 0.142857142857x ) + ( ( 0.333333333333y + ( 0.125y * 0.111111111111y ) ) * 0.25y ) ) ) * 0.333333333333x )
ind: 37
( 0.2y + ( ( 0.2y + 0.166666666667x ) + ( ( ( 0.2x + 1.0y ) + 0.142857142857x ) * ( ( ( 0.142857142857y + 0.5x ) * 0.125y ) * 0.166666666667x ) ) ) )
ind: 38
( ( ( 0.5x + ( ( 0.166666666667x * 0.166666666667x ) + ( ( 0.2x + 0.125x ) * ( 0.111111111111y + 0.2x ) ) ) ) + 0.5y ) + ( ( ( ( 0.2y + ( 0.142857142857x + 0.166666666667x ) ) + ( ( 0.142857142857x * 0.111111111111y ) * ( 0.2x * 0.111111111111x ) ) ) + ( 0.111111111111x + 0.111111111111y ) ) + 0.125y ) )
ind: 39
( 0.25y * ( 0.1x + ( ( ( ( 0.111111111111x + 0.25x ) * ( 0.125y * 0.142857142857y ) ) * ( ( 0.166666666667x * 0.125y ) * 0.25x ) ) * 0.5x ) ) )
ind: 40
( 0.5x + 0.142857142857y )
ind: 41
( 0.2x + ( 0.142857142857x + ( ( ( ( 0.5x + 0.5x ) * 0.333333333333y ) * 0.111111111111x ) + 0.142857142857y ) ) )
ind: 42
( ( 1.0x + ( ( 0.166666666667x * ( ( 0.333333333333x * 0.5x ) + ( 0.1x + 0.125x ) ) ) * ( 0.125y * 0.111111111111y ) ) ) * ( 0.142857142857y + 1.0y ) )
ind: 43
( 0.2y + 0.111111111111x )
ind: 44
( ( 0.1y * 0.333333333333y ) * ( 0.125y * 0.111111111111x ) )
ind: 45
( ( 0.125x * 0.125x ) + ( 0.166666666667y * ( ( 0.333333333333x + ( 0.5x * 0.1y ) ) * ( ( ( 1.0y * 0.333333333333y ) * ( 0.125x + 0.166666666667x ) ) + ( ( 0.25y + 0.5y ) * ( 0.111111111111x + 1.0y ) ) ) ) ) )
ind: 46
( ( ( ( ( 0.166666666667x * 0.1y ) * ( ( 0.2x + 0.1x ) * 1.0y ) ) + ( ( 0.25x * 1.0y ) * 0.142857142857x ) ) * ( ( ( ( 0.333333333333x * 0.333333333333y ) + ( 1.0y * 0.125y ) ) + ( 0.333333333333x * 0.111111111111x ) ) + 0.125x ) ) + ( ( 1.0x + ( ( 0.1x * ( 0.166666666667x * 0.125x ) ) + 0.125x ) ) * ( 0.111111111111y + ( ( 0.166666666667y + 0.142857142857x ) * ( ( 0.1y + 0.111111111111x ) * ( 0.111111111111x * 1.0y ) ) ) ) ) )
ind: 47
( ( 1.0y + 0.2x ) * ( ( ( ( 0.111111111111y + ( 0.111111111111y + 0.142857142857x ) ) + 0.5x ) + ( 0.125x * 0.5x ) ) + 0.333333333333y ) )
ind: 48
( ( 0.5x + 0.142857142857x ) * 0.142857142857y )
ind: 49
( ( 0.5x + ( ( ( 0.142857142857y * 0.142857142857y ) * 0.166666666667x ) * ( ( 0.111111111111x * ( 0.111111111111y * 0.5y ) ) * ( 0.1x + ( 0.25x + 0.111111111111x ) ) ) ) ) * 0.5x )
ind: 50
( 0.5y + ( 0.111111111111x * 0.5x ) )
ind: 51
( 0.125x * 0.125y )
ind: 52
( ( 0.25x + 0.142857142857y ) * ( 0.333333333333y * ( 1.0x + 0.125x ) ) )
ind: 53
( 0.111111111111y + ( 0.166666666667y * ( ( 0.125y * 0.166666666667x ) * ( 0.142857142857y + 0.166666666667x ) ) ) )
ind: 54
( ( 0.333333333333y + ( ( ( ( 1.0x + 0.166666666667x ) * ( 0.111111111111y * 0.125y ) ) + ( 0.125x + ( 0.166666666667y * 0.166666666667x ) ) ) * 0.333333333333y ) ) + 0.111111111111x )
ind: 55
( 0.2x * ( ( 0.142857142857y + 0.166666666667y ) * 0.333333333333y ) )
ind: 56
( 0.2x + 0.25y )
ind: 57
( ( 0.25y * 0.25y ) * 0.5x )
ind: 58
( ( ( 0.111111111111x + 0.111111111111y ) + ( 0.125y * 0.333333333333y ) ) + ( ( ( 0.333333333333y + 0.111111111111x ) * 0.142857142857x ) * 1.0y ) )
ind: 59
( 0.25x * 0.2y )
ind: 60
( ( 1.0x + 0.2y ) * 0.166666666667y )
ind: 61
( 0.166666666667y + 1.0x )
ind: 62
( 0.333333333333y + ( ( ( 1.0y * ( 0.333333333333y + 1.0y ) ) * ( ( ( 0.2y * 1.0y ) * 0.25y ) * ( 1.0x * 0.1x ) ) ) * ( ( ( ( 0.111111111111y * 0.333333333333y ) * 1.0x ) + ( 0.142857142857y + ( 0.166666666667x + 1.0y ) ) ) * ( ( 0.111111111111y + ( 0.142857142857x + 0.2y ) ) * 0.333333333333x ) ) ) )
ind: 63
( 0.25y * 0.5x )
ind: 64
( 0.125y + ( ( ( 0.125x + 0.111111111111y ) * ( ( ( 0.25y * 0.2y ) * 0.333333333333x ) + ( ( 1.0y + 0.5y ) * 0.25y ) ) ) * ( 0.333333333333y * ( 0.125x * 0.2y ) ) ) )
ind: 65
( ( 0.125y * 0.111111111111x ) + 0.142857142857y )
ind: 66
( 0.25x + ( ( 0.5y * ( ( ( 0.111111111111y + 0.111111111111x ) * 0.25y ) + 0.1y ) ) * ( 0.25y * ( ( ( 0.25x * 0.25x ) * ( 0.1y * 0.111111111111x ) ) + 0.5y ) ) ) )
ind: 67
( ( ( 0.111111111111y * 0.2y ) + ( 0.25y + 0.125x ) ) * 0.1x )
ind: 68
( ( 0.2y + 0.333333333333x ) * ( 0.333333333333x + ( 0.111111111111x + ( ( ( 0.2x + 0.142857142857y ) + 0.166666666667y ) * 0.166666666667x ) ) ) )
ind: 69
( ( 1.0x + ( ( 0.25x * ( ( 0.333333333333x * 0.333333333333x ) + 0.111111111111x ) ) + 0.1y ) ) + ( 0.2x + ( ( 0.111111111111x * ( ( 0.125x * 1.0y ) + 0.5x ) ) + 0.2y ) ) )
ind: 70
( ( 0.2x + ( 0.333333333333y * ( ( ( 0.142857142857x * 0.1x ) + ( 0.25y + 1.0y ) ) * 0.125y ) ) ) + 0.111111111111x )
ind: 71
( 0.1y * ( 0.142857142857x + ( ( 0.142857142857x * ( ( 0.166666666667x * 0.333333333333y ) + ( 0.333333333333x * 1.0x ) ) ) + 0.1y ) ) )
ind: 72
( ( ( ( ( ( 0.2x + 0.1y ) * ( 0.142857142857y + 0.142857142857x ) ) + 0.333333333333x ) + ( 0.142857142857y + ( 0.111111111111x * ( 0.166666666667y + 0.111111111111y ) ) ) ) + 0.1y ) + 0.1y )
ind: 73
( 0.125x + ( 0.333333333333y + 0.1x ) )
ind: 74
( 0.333333333333x + ( ( 1.0y + ( 0.25y * 1.0x ) ) + 0.166666666667y ) )
ind: 75
( 0.1y * 0.5x )
ind: 76
( ( 0.2x * ( ( ( ( 0.333333333333y * 0.142857142857y ) + 0.166666666667y ) + 0.25y ) * 0.2x ) ) + ( ( 0.25y + 0.142857142857x ) + ( 0.1y * 0.142857142857x ) ) )
ind: 77
( ( 0.142857142857y + 1.0x ) * ( ( ( ( ( 0.125x * 0.5x ) * ( 0.125y + 0.111111111111x ) ) * 0.111111111111y ) + ( ( 0.1y * ( 0.125y * 0.166666666667x ) ) + ( ( 0.333333333333y + 0.125x ) + 0.333333333333y ) ) ) + ( 0.1y * ( ( 0.25y * 0.111111111111x ) + ( 0.2x * 0.2x ) ) ) ) )
ind: 78
( 0.125y + 0.5x )
ind: 79
( 0.111111111111y * ( ( 0.111111111111x + 0.5y ) * 0.2y ) )
ind: 80
( ( ( 0.166666666667y * 0.2y ) + ( 1.0y * ( ( 0.125x * 0.1x ) + ( 0.166666666667y + ( 0.25x + 0.125x ) ) ) ) ) * 0.125x )
ind: 81
( ( ( ( ( 0.142857142857x * ( 0.333333333333x * 0.25y ) ) * 0.25y ) + 1.0y ) * ( 0.1x + ( 0.25y * ( 0.2x * ( 0.166666666667y + 0.25x ) ) ) ) ) * ( ( 0.125x * ( ( 0.5x + 0.333333333333x ) * 0.142857142857x ) ) + 0.125x ) )
ind: 82
( ( ( 0.142857142857y * ( ( ( 0.142857142857x + 0.1x ) * ( 0.142857142857y * 0.2x ) ) + 0.25y ) ) * 0.333333333333y ) * 0.111111111111y )
ind: 83
( 0.25x * ( 1.0x + ( 0.125x + ( ( ( 0.142857142857y * 0.111111111111x ) + ( 0.2x + 0.1x ) ) * 1.0x ) ) ) )
ind: 84
( ( ( ( 0.125y * ( 0.1y + 0.333333333333y ) ) + 0.2y ) + 1.0x ) + ( ( 0.111111111111x * ( 0.333333333333x + 0.5y ) ) + 0.142857142857y ) )
ind: 85
( ( ( 0.111111111111y * ( ( 0.25x + 0.333333333333x ) * ( 0.111111111111y * ( 1.0x * 0.333333333333x ) ) ) ) + 1.0x ) * 0.5y )
ind: 86
( 1.0x * 0.333333333333y )
ind: 87
( ( 0.333333333333y + 0.1y ) * ( 0.5x * 0.166666666667y ) )
ind: 88
( ( 0.5y + 0.125x ) + ( ( ( 0.2y + ( 0.1y + ( 0.111111111111x * 0.2y ) ) ) + 0.111111111111y ) + ( ( 0.125y + 0.111111111111x ) * 0.2y ) ) )
ind: 89
( ( ( ( ( 0.2x + 0.1x ) + 0.142857142857x ) + ( 0.333333333333x * ( 0.2y + 0.166666666667x ) ) ) + 0.5x ) * ( ( 0.1x + ( ( 0.142857142857x + ( 0.5x * 0.333333333333x ) ) + 0.111111111111y ) ) + 0.1y ) )
ind: 90
( ( 1.0y * 0.25x ) + 0.111111111111x )
ind: 91
( ( 0.25x + 0.1y ) * 0.25y )
ind: 92
( ( ( 0.111111111111y + 0.166666666667x ) + 1.0y ) + ( 0.5y + ( 1.0x + ( 0.25y * ( 0.166666666667x + ( 0.166666666667y * 0.5x ) ) ) ) ) )
ind: 93
( 0.5y * ( 0.333333333333x + 0.111111111111x ) )
ind: 94
( 1.0y * ( ( 0.111111111111x * 0.25x ) * 0.142857142857y ) )
ind: 95
( 1.0x + 0.142857142857y )
ind: 96
( ( ( 0.25y * 0.166666666667x ) + 0.25x ) * 0.111111111111y )
ind: 97
( ( 0.166666666667x * 0.111111111111x ) * 0.142857142857y )
ind: 98
( 0.25y + ( ( 0.111111111111y * 0.166666666667y ) + 0.333333333333x ) )
ind: 99
( ( ( 0.125x * ( 0.125x + ( ( 0.25x * 0.5y ) + ( 0.166666666667x * 0.25y ) ) ) ) + ( ( 0.142857142857y + ( 0.5y * ( 0.166666666667x * 0.111111111111x ) ) ) + ( ( ( 0.333333333333y * 0.111111111111x ) * 0.1x ) * ( 0.111111111111x + ( 0.125x * 0.111111111111y ) ) ) ) ) * ( ( 0.25y * 0.2x ) + 0.333333333333x ) )
ind: 100
( ( 1.0y * 0.25x ) * ( ( 0.111111111111x + 1.0y ) * ( 0.2x + 0.125x ) ) )
Best Ind: ( ( 1.0y + 0.2x ) * ( ( ( ( 0.111111111111y + ( 0.111111111111y + 0.142857142857x ) ) + 0.5x ) + ( 0.125x * 0.5x ) ) + 0.333333333333y ) )
Fitness = 29.6046794087
Worst Ind: ( ( ( 0.111111111111y + 0.166666666667x ) + 1.0y ) + ( 0.5y + ( 1.0x + ( 0.25y * ( 0.166666666667x + ( 0.166666666667y * 0.5x ) ) ) ) ) )
Fitness = 60.9574019045
Avg Fitness = 48.3995820563
Duplicated = 0
============================================================================
Evaluate Gen  1
New Population 133
Better than Dads 15
Best Ind: ( ( 1.0y + 0.2x ) * ( ( ( ( 0.111111111111y + ( 0.111111111111y + 0.142857142857x ) ) + 0.5x ) + ( 0.125x * 0.5x ) ) + 0.333333333333y ) )
Fitness = 29.6046794087
Worst Ind: ( ( 1.0y * 0.142857142857y ) * ( ( 0.111111111111x + 1.0y ) * ( 0.2x + 0.125x ) ) )
Fitness = 49.8739888065
Avg Fitness = 48.0129889246
Duplicated = 1
============================================================================
Evaluate Gen  2
New Population 140
Better than Dads 19
Best Ind: ( ( 1.0y + 0.2x ) * ( ( ( ( 0.111111111111y + ( 0.111111111111y + 0.142857142857x ) ) + 0.5x ) + ( 0.125x * 0.5x ) ) + 0.333333333333y ) )
Fitness = 29.6046794087
Worst Ind: ( 0.2y + ( ( ( 1.0y * 0.142857142857y ) * ( ( 0.111111111111x + 1.0y ) * ( 0.2x + 0.125x ) ) ) + ( ( ( 0.2x + 1.0y ) + 0.142857142857x ) * ( ( 0.333333333333x * 0.125y ) * 0.166666666667x ) ) ) )
Fitness = 49.4113237592
Avg Fitness = 47.7266339315
Duplicated = 4
============================================================================
Evaluate Gen  3
New Population 144
Better than Dads 19
Best Ind: ( ( 1.0y + 0.2x ) * ( ( ( ( 0.111111111111y + ( 0.111111111111y + 0.142857142857x ) ) + 0.5x ) + ( 0.125x * 0.5x ) ) + 0.333333333333y ) )
Fitness = 29.6046794087
Worst Ind: ( 0.5y + ( ( 0.2y * ( 0.5x + 0.2x ) ) * 0.5x ) )
Fitness = 48.8478824154
Avg Fitness = 47.4582995621
Duplicated = 7
============================================================================
Evaluate Gen  4
New Population 144
Better than Dads 21
Best Ind: ( ( 1.0y + 0.2x ) * ( ( ( ( 0.111111111111y + ( 0.111111111111y + 0.142857142857x ) ) + 0.5x ) + ( 0.125x * 0.5x ) ) + 0.333333333333y ) )
Fitness = 29.6046794087
Worst Ind: ( ( ( ( ( ( 0.111111111111y * 0.111111111111x ) * 0.1y ) * ( ( 0.125y + 0.5x ) * 1.0y ) ) + ( ( 0.25x * 1.0y ) * 0.142857142857x ) ) * 0.5y ) + ( ( 1.0x + ( ( 0.1x * ( 0.166666666667x * 0.125x ) ) + 0.125x ) ) * ( 0.111111111111y + ( ( 0.166666666667y + 0.142857142857x ) * ( ( 0.1y + 0.111111111111x ) * ( 0.111111111111x * 1.0y ) ) ) ) ) )
Fitness = 48.5520593229
Avg Fitness = 47.106635748
Duplicated = 9
============================================================================
Evaluate Gen  5
New Population 140
Better than Dads 19
Best Ind: ( ( 1.0y + 0.2x ) * ( ( ( ( 0.111111111111y + ( 0.111111111111y + 0.142857142857x ) ) + 0.5x ) + ( 0.125x * 0.5x ) ) + 0.333333333333y ) )
Fitness = 29.6046794087
Worst Ind: ( ( ( 0.142857142857x + 0.111111111111y ) * 0.1x ) + ( 0.5x + 0.2x ) )
Fitness = 48.332812312
Avg Fitness = 46.7683569568
Duplicated = 5
============================================================================
Evaluate Gen  6
New Population 144
Better than Dads 21
Best Ind: ( ( 1.0y + 0.2x ) * ( ( ( ( 0.111111111111y + ( 0.111111111111y + 0.142857142857x ) ) + 0.5x ) + ( 0.125x * 0.5x ) ) + 0.333333333333y ) )
Fitness = 29.6046794087
Worst Ind: ( 0.166666666667y + ( 0.25x * ( 0.125x + 0.5y ) ) )
Fitness = 47.9486655503
Avg Fitness = 46.4438212634
Duplicated = 5
============================================================================
Evaluate Gen  7
New Population 140
Better than Dads 20
Best Ind: ( ( 1.0y + 0.2x ) * ( ( ( ( 0.111111111111y + ( 0.111111111111y + 0.142857142857x ) ) + 0.5x ) + ( 0.125x * 0.5x ) ) + 0.333333333333y ) )
Fitness = 29.6046794087
Worst Ind: ( 0.25x * ( 1.0x + ( ( ( 1.0x + 0.166666666667x ) * ( 0.111111111111y * 0.125y ) ) + ( 0.5y * 1.0x ) ) ) )
Fitness = 47.7257675771
Avg Fitness = 46.1492458333
Duplicated = 7
============================================================================
Evaluate Gen  8
New Population 144
Better than Dads 27
Best Ind: ( ( 1.0y + 0.2x ) * ( ( ( ( 0.111111111111y + ( 0.111111111111y + 0.142857142857x ) ) + 0.5x ) + ( 0.125x * 0.5x ) ) + 0.333333333333y ) )
Fitness = 29.6046794087
Worst Ind: ( 0.25x * ( 0.5y + ( 0.333333333333y + 0.1x ) ) )
Fitness = 47.4405987636
Avg Fitness = 45.673315045
Duplicated = 4
============================================================================
Evaluate Gen  9
New Population 148
Better than Dads 28
Best Ind: ( ( 1.0y + 0.2x ) * ( ( ( ( 0.111111111111y + ( 0.111111111111y + 0.142857142857x ) ) + 0.5x ) + ( 0.125x * 0.5x ) ) + 0.333333333333y ) )
Fitness = 29.6046794087
Worst Ind: ( 0.25y * ( ( ( 0.25x * 0.25x ) * ( 0.1y * ( 0.2x + 0.5y ) ) ) + 0.5y ) )
Fitness = 47.054973395
Avg Fitness = 45.0712005486
Duplicated = 2
============================================================================
Evaluate Gen  10
New Population 142
Better than Dads 20
Best Ind: ( ( 1.0y + 0.2x ) * ( ( ( ( 0.111111111111y + ( 0.111111111111y + 0.142857142857x ) ) + 0.5x ) + ( 0.125x * 0.5x ) ) + 0.333333333333y ) )
Fitness = 29.6046794087
Worst Ind: ( ( 0.25y + 0.333333333333x ) * ( 0.333333333333x + 0.25x ) )
Fitness = 46.6708204416
Avg Fitness = 44.4661154243
Duplicated = 1
============================================================================
Evaluate Gen  11
New Population 148
Better than Dads 29
Best Ind: ( ( 1.0y + 0.2x ) * ( ( ( ( 0.111111111111y + ( 0.111111111111y + 0.142857142857x ) ) + 0.5x ) + ( 0.125x * 0.5x ) ) + 0.333333333333y ) )
Fitness = 29.6046794087
Worst Ind: ( ( 1.0x + ( ( 0.25x * ( ( 0.333333333333x * 0.333333333333x ) + 0.111111111111x ) ) + 0.1y ) ) + ( 0.2x + ( ( 0.111111111111x * ( ( 0.125x * 1.0y ) + 0.5x ) ) + 0.2y ) ) )
Fitness = 46.1935849615
Avg Fitness = 43.9282573362
Duplicated = 1
============================================================================
Evaluate Gen  12
New Population 141
Better than Dads 26
Best Ind: ( ( 1.0y + 0.2x ) * ( ( ( ( 0.111111111111y + ( 0.111111111111y + 0.142857142857x ) ) + 0.5x ) + ( 0.125x * 0.5x ) ) + 0.333333333333y ) )
Fitness = 29.6046794087
Worst Ind: ( ( 0.5y + ( 0.111111111111x * 0.125x ) ) + ( 0.25x * ( 0.5y + ( 0.333333333333y + 0.2x ) ) ) )
Fitness = 46.0258130266
Avg Fitness = 43.5756858979
Duplicated = 1
============================================================================
Evaluate Gen  13
New Population 142
Better than Dads 24
Best Ind: ( ( 1.0y + 0.2x ) * ( ( ( ( 0.111111111111y + ( 0.111111111111y + 0.142857142857x ) ) + 0.5x ) + ( 0.125x * 0.5x ) ) + 0.333333333333y ) )
Fitness = 29.6046794087
Worst Ind: ( ( ( 1.0y + 0.142857142857y ) + ( ( 0.25x * ( 0.125x + 0.5y ) ) + ( 0.1x * 0.111111111111y ) ) ) * 0.166666666667y )
Fitness = 45.5315866699
Avg Fitness = 42.9905647142
Duplicated = 1
============================================================================
Evaluate Gen  14
New Population 145
Better than Dads 26
Best Ind: ( ( 1.0y + 0.2x ) * ( ( ( ( 0.111111111111y + ( 0.111111111111y + 0.142857142857x ) ) + 0.5x ) + ( 0.125x * 0.5x ) ) + 0.333333333333y ) )
Fitness = 29.6046794087
Worst Ind: ( ( 1.0x + 0.142857142857y ) + ( ( ( 0.333333333333y + ( 0.1y + ( 0.111111111111x * 0.2y ) ) ) + 0.111111111111y ) + ( ( 0.25x + 0.1y ) * 0.25y ) ) )
Fitness = 44.9930242122
Avg Fitness = 42.4858990037
Duplicated = 3
============================================================================
Evaluate Gen  15
New Population 141
Better than Dads 24
Best Ind: ( ( 1.0y + 0.2x ) * ( ( ( ( 0.111111111111y + ( 0.111111111111y + 0.142857142857x ) ) + 0.5x ) + ( 0.125x * 0.5x ) ) + 0.333333333333y ) )
Fitness = 29.6046794087
Worst Ind: ( ( 0.5y + 0.5y ) * 0.5x )
Fitness = 44.4715032608
Avg Fitness = 42.0154094738
Duplicated = 4
============================================================================
Evaluate Gen  16
New Population 149
Better than Dads 26
Best Ind: ( ( ( ( 0.166666666667x + ( 0.111111111111y + 0.333333333333x ) ) + 0.333333333333x ) + 0.333333333333x ) * ( ( 1.0y + 0.142857142857y ) + ( 0.2y + 0.166666666667x ) ) )
Fitness = 29.3868860477
Worst Ind: ( ( ( ( ( 0.2y + 0.333333333333x ) + 0.142857142857x ) + ( 0.333333333333x * ( 0.2y + 0.166666666667x ) ) ) + 0.5x ) * ( ( 0.1x + ( ( 0.142857142857x + ( 0.5x * 0.333333333333x ) ) + 0.111111111111y ) ) + 0.1y ) )
Fitness = 44.0085098737
Avg Fitness = 41.1406346176
Duplicated = 5
============================================================================
Evaluate Gen  17
New Population 143
Better than Dads 29
Best Ind: ( ( ( ( 0.166666666667x + ( 0.111111111111y + 0.333333333333x ) ) + 0.333333333333x ) + 0.333333333333x ) * ( ( 1.0y + 0.142857142857y ) + ( 0.2y + 0.166666666667x ) ) )
Fitness = 29.3868860477
Worst Ind: ( ( 0.166666666667x + ( ( 0.166666666667x + ( 0.111111111111y + 0.333333333333x ) ) + ( ( 0.25y * 0.333333333333x ) * ( 0.25y * 0.125x ) ) ) ) + ( ( ( ( 0.333333333333x * 0.333333333333y ) + ( 1.0y * 0.125y ) ) + ( 0.333333333333x * 0.111111111111x ) ) + 0.125x ) )
Fitness = 43.7567014417
Avg Fitness = 40.6825347587
Duplicated = 5
============================================================================
Evaluate Gen  18
New Population 141
Better than Dads 25
Best Ind: ( ( 0.5x + 1.0y ) * 1.0y )
Fitness = 28.4244472997
Worst Ind: ( ( ( 1.0y + ( 0.333333333333y + ( 0.5y * 0.333333333333y ) ) ) + ( ( 0.25x * ( 0.125x + 0.5y ) ) + 1.0x ) ) * 0.166666666667y )
Fitness = 43.0153500847
Avg Fitness = 39.8892163358
Duplicated = 5
============================================================================
Evaluate Gen  19
New Population 134
Better than Dads 23
Best Ind: ( ( 0.5x + 1.0y ) * 1.0y )
Fitness = 28.4244472997
Worst Ind: ( ( ( ( 0.111111111111x + 0.111111111111y ) + ( 0.125y * 0.333333333333y ) ) + ( 0.5x * 1.0y ) ) + 0.25x )
Fitness = 42.6222644135
Avg Fitness = 39.2852967378
Duplicated = 5
============================================================================
Evaluate Gen  20
New Population 137
Better than Dads 23
Best Ind: ( ( ( ( ( 0.2x + 0.1x ) + 0.142857142857x ) + 1.0x ) + 1.0y ) * ( ( 0.1x + ( ( 0.142857142857x + ( 0.5x * 0.333333333333x ) ) + 0.111111111111y ) ) + ( ( 0.142857142857y + 0.5x ) + 0.142857142857y ) ) )
Fitness = 21.6451549306
Worst Ind: ( ( ( 0.111111111111y * ( ( 0.25x + 0.333333333333x ) * ( ( 0.142857142857y + 1.0x ) * ( 1.0x * 0.333333333333x ) ) ) ) + 1.0x ) * ( ( 0.111111111111y * 0.125y ) + ( ( 0.2x + 0.5y ) + 0.111111111111x ) ) )
Fitness = 41.8898066306
Avg Fitness = 38.2998784447
Duplicated = 5
============================================================================
Evaluate Gen  21
New Population 148
Better than Dads 33
Best Ind: ( ( ( ( ( 0.2x + 0.1x ) + 0.142857142857x ) + 1.0x ) + 1.0y ) * ( ( 0.1x + ( ( 0.142857142857x + ( 0.5x * 0.333333333333x ) ) + 0.111111111111y ) ) + ( ( 0.142857142857y + 0.5x ) + 0.142857142857y ) ) )
Fitness = 21.6451549306
Worst Ind: ( ( 0.5x + 0.2x ) * ( ( 0.5y + 0.5y ) + 0.2x ) )
Fitness = 41.2142367113
Avg Fitness = 37.5158459447
Duplicated = 4
============================================================================
Evaluate Gen  22
New Population 144
Better than Dads 30
Best Ind: ( ( ( ( ( 0.2x + 0.1x ) + 0.142857142857x ) + 1.0x ) + 1.0y ) * ( ( 0.1x + ( ( 0.142857142857x + ( 0.5x * 0.333333333333x ) ) + 0.111111111111y ) ) + ( ( 0.142857142857y + 0.5x ) + 0.142857142857y ) ) )
Fitness = 21.6451549306
Worst Ind: ( ( 0.5y + 0.2y ) * ( 1.0x + 0.25x ) )
Fitness = 40.5376287362
Avg Fitness = 36.7166421961
Duplicated = 3
============================================================================
Evaluate Gen  23
New Population 143
Better than Dads 29
Best Ind: ( ( ( ( ( 0.2x + 0.1x ) + 0.142857142857x ) + 1.0x ) + 1.0y ) * ( ( 0.1x + ( ( 0.142857142857x + ( 0.5x * 0.333333333333x ) ) + 0.111111111111y ) ) + ( ( 0.142857142857y + 0.5x ) + 0.142857142857y ) ) )
Fitness = 21.6451549306
Worst Ind: ( ( 0.5x + 0.142857142857y ) * ( ( ( 1.0x + 0.166666666667x ) * 1.0y ) + ( 1.0x + 0.5y ) ) )
Fitness = 39.546541953
Avg Fitness = 36.1241927301
Duplicated = 5
============================================================================
Evaluate Gen  24
New Population 140
Better than Dads 25
Best Ind: ( ( ( ( ( 0.2x + 0.1x ) + 0.142857142857x ) + 1.0x ) + 1.0y ) * ( ( 0.1x + ( ( 0.142857142857x + ( 0.5x * 0.333333333333x ) ) + 0.111111111111y ) ) + ( ( 0.142857142857y + 0.5x ) + 0.142857142857y ) ) )
Fitness = 21.6451549306
Worst Ind: ( ( 1.0x + ( ( 0.5x + 0.2x ) * ( ( 0.142857142857x + 0.5y ) + 0.2x ) ) ) + ( ( ( 0.2y + ( 0.1y + ( 0.111111111111x * 0.2y ) ) ) + 0.111111111111y ) + ( ( 0.25x + 0.1y ) * ( 0.2y + 0.333333333333x ) ) ) )
Fitness = 39.1668461375
Avg Fitness = 35.1828366986
Duplicated = 8
============================================================================
Evaluate Gen  25
New Population 142
Better than Dads 28
Best Ind: ( ( ( ( ( 0.2x + 0.1x ) + 0.142857142857x ) + 1.0x ) + 1.0y ) * ( ( 0.1x + ( ( 0.142857142857x + ( 0.5x * 0.333333333333x ) ) + 0.111111111111y ) ) + ( ( 0.142857142857y + 0.5x ) + 0.142857142857y ) ) )
Fitness = 21.6451549306
Worst Ind: ( ( ( 0.125x + 0.25y ) + ( ( 0.111111111111x * ( 0.125x + 1.0x ) ) + ( ( 0.111111111111y + 0.1x ) * ( ( 0.333333333333x + 0.25x ) + 1.0y ) ) ) ) + ( ( 0.111111111111x * ( 0.333333333333x + 0.5y ) ) + ( ( 0.5x + 0.111111111111y ) * 0.5y ) ) )
Fitness = 38.6229730123
Avg Fitness = 34.0234631683
Duplicated = 3
============================================================================
Evaluate Gen  26
New Population 143
Better than Dads 32
Best Ind: ( ( ( ( 1.0x + 1.0y ) + 1.0y ) + 0.5x ) * 1.0x )
Fitness = 20.4270422792
Worst Ind: ( ( 0.5x + ( ( ( 0.111111111111x + 0.111111111111y ) + ( 0.125y * 0.333333333333y ) ) + ( 0.5x * 1.0y ) ) ) * ( ( ( 0.5x + 0.166666666667x ) * 1.0y ) + ( 1.0x + 0.5y ) ) )
Fitness = 37.863253431
Avg Fitness = 32.9356230835
Duplicated = 2
============================================================================
Evaluate Gen  27
New Population 148
Better than Dads 33
Best Ind: ( ( ( ( 1.0x + 1.0y ) + 1.0y ) + 0.5x ) * 1.0x )
Fitness = 20.4270422792
Worst Ind: ( ( ( ( 0.142857142857y + ( 0.333333333333x + 0.25x ) ) + ( 0.142857142857y * 0.333333333333y ) ) + ( 0.1y * 0.142857142857x ) ) + ( 1.0x * ( 1.0x + 0.2y ) ) )
Fitness = 37.0076457455
Avg Fitness = 31.9868974083
Duplicated = 1
============================================================================
Evaluate Gen  28
New Population 145
Better than Dads 30
Best Ind: ( ( ( ( 0.333333333333x + 0.25x ) + 1.0y ) + 0.5x ) * ( ( ( 0.333333333333x + 0.25x ) + 1.0y ) + 0.5x ) )
Fitness = 12.1507460044
Worst Ind: ( ( 1.0y + ( ( ( 0.25x + 0.1y ) * 1.0x ) + ( ( 0.111111111111x * ( 0.333333333333x + 0.5y ) ) + ( ( 0.5x + 0.111111111111y ) * 0.5y ) ) ) ) * ( ( 0.111111111111y * 0.125y ) + ( ( 0.2x + 0.5y ) + 0.111111111111x ) ) )
Fitness = 35.3594231965
Avg Fitness = 30.9696536352
Duplicated = 3
============================================================================
Evaluate Gen  29
New Population 142
Better than Dads 23
Best Ind: ( ( ( ( 0.333333333333x + 0.25x ) + 1.0y ) + 0.5x ) * ( ( ( 0.333333333333x + 0.25x ) + 1.0y ) + 0.5x ) )
Fitness = 12.1507460044
Worst Ind: ( ( 1.0x + ( 1.0y * ( ( 0.142857142857x + 0.5y ) + 0.2x ) ) ) + ( ( ( 0.2y + ( 0.1y + ( 0.111111111111x * 0.2y ) ) ) + 0.111111111111y ) + 0.142857142857x ) )
Fitness = 34.1735910433
Avg Fitness = 29.2821268352
Duplicated = 3
============================================================================
Evaluate Gen  30
New Population 146
Better than Dads 28
Best Ind: ( ( ( ( 0.333333333333x + 0.25x ) + 1.0y ) + 0.5x ) * ( ( ( 0.333333333333x + 0.25x ) + 1.0y ) + 0.5x ) )
Fitness = 12.1507460044
Worst Ind: ( 0.25y + ( ( ( ( ( 0.333333333333y * 0.142857142857y ) + 0.166666666667y ) + ( 0.111111111111x + 0.5y ) ) * ( ( 1.0y + 0.142857142857y ) + ( 0.142857142857x + ( 0.111111111111y * 0.25y ) ) ) ) + 0.333333333333x ) )
Fitness = 32.5143432634
Avg Fitness = 28.0350247808
Duplicated = 4
============================================================================
Evaluate Gen  31
New Population 143
Better than Dads 29
Best Ind: ( ( ( ( 0.333333333333x + 0.25x ) + 1.0y ) + 0.5x ) * ( ( ( 0.333333333333x + 0.25x ) + 1.0y ) + 0.5x ) )
Fitness = 12.1507460044
Worst Ind: ( ( 1.0x + ( ( ( 0.142857142857x + 0.5y ) * ( ( 0.333333333333x * 0.333333333333x ) + ( 0.2y + 0.333333333333x ) ) ) + ( ( ( 1.0y + 0.142857142857y ) + 1.0x ) * 0.25x ) ) ) + ( 0.2x + ( ( 0.25y + 0.25x ) + ( ( 0.5y + ( 0.125x * 0.166666666667x ) ) * 1.0y ) ) ) )
Fitness = 31.5370534231
Avg Fitness = 27.4520751944
Duplicated = 4
============================================================================
Evaluate Gen  32
New Population 148
Better than Dads 32
Best Ind: ( ( ( ( 0.333333333333x + 0.25x ) + 1.0y ) + 0.5x ) * ( ( ( 0.333333333333x + 0.25x ) + 1.0y ) + 0.5x ) )
Fitness = 12.1507460044
Worst Ind: ( ( ( ( 0.166666666667x + ( 0.111111111111y + 0.333333333333x ) ) + 1.0y ) + 1.0x ) * 0.5y )
Fitness = 30.5587056643
Avg Fitness = 26.1619399953
Duplicated = 3
============================================================================
Evaluate Gen  33
New Population 144
Better than Dads 30
Best Ind: ( ( ( ( 0.333333333333x + 0.25x ) + 1.0y ) + 0.5x ) * ( ( ( 0.333333333333x + 0.25x ) + 1.0y ) + 0.5x ) )
Fitness = 12.1507460044
Worst Ind: ( ( 1.0x + 1.0x ) * ( ( ( ( ( 0.25x + 0.1y ) * 1.0x ) * 0.111111111111y ) + 1.0y ) + ( 0.1y * ( ( 0.25y * 0.111111111111x ) + ( 0.2x * 0.2x ) ) ) ) )
Fitness = 29.7084756992
Avg Fitness = 25.0764945985
Duplicated = 3
============================================================================
Evaluate Gen  34
New Population 138
Better than Dads 28
Best Ind: ( ( ( ( 0.333333333333x + 0.25x ) + 1.0y ) + 0.5x ) * ( ( ( 0.333333333333x + 0.25x ) + 1.0y ) + 0.5x ) )
Fitness = 12.1507460044
Worst Ind: ( ( ( ( 0.166666666667x + ( 0.5y + 0.333333333333x ) ) + 1.0y ) + ( ( 0.111111111111y + ( 0.111111111111y + 0.142857142857x ) ) + 0.5x ) ) * 0.5y )
Fitness = 28.9784189318
Avg Fitness = 24.2135233838
Duplicated = 2
============================================================================
Evaluate Gen  35
New Population 144
Better than Dads 34
Best Ind: ( ( ( ( 0.333333333333x + 0.25x ) + 1.0y ) + 0.5x ) * ( ( ( 0.333333333333x + 0.25x ) + 1.0y ) + 0.5x ) )
Fitness = 12.1507460044
Worst Ind: ( ( ( ( 0.5x + 0.142857142857y ) * ( 0.5y + 0.333333333333x ) ) + ( ( 0.25x + 0.1y ) * 1.0x ) ) + ( 1.0x + ( ( ( 0.2y + 0.333333333333x ) + 0.142857142857y ) * ( 0.125x + ( 1.0x + 0.5y ) ) ) ) )
Fitness = 27.9843186027
Avg Fitness = 23.3978467267
Duplicated = 2
============================================================================
Evaluate Gen  36
New Population 147
Better than Dads 26
Best Ind: ( ( ( ( 0.333333333333x + 0.25x ) + 1.0y ) + 0.5x ) * ( ( ( 0.333333333333x + 0.25x ) + 1.0y ) + 0.5x ) )
Fitness = 12.1507460044
Worst Ind: ( ( ( 0.5y + ( 0.2y + 0.333333333333x ) ) + 0.142857142857y ) * ( 0.125x + ( 1.0x + 1.0x ) ) )
Fitness = 26.8832236635
Avg Fitness = 22.1417493416
Duplicated = 7
============================================================================
Evaluate Gen  37
New Population 150
Better than Dads 31
Best Ind: ( ( ( ( 0.333333333333x + 0.25x ) + 1.0y ) + 0.5x ) * ( ( ( 0.333333333333x + 0.25x ) + 1.0y ) + 0.5x ) )
Fitness = 12.1507460044
Worst Ind: ( ( ( ( 1.0y * 1.0y ) + ( ( 0.5y + 0.1y ) * 0.5y ) ) + ( 0.25x + 0.1y ) ) + ( ( 0.5y + ( 0.125x * 0.166666666667x ) ) * 1.0y ) )
Fitness = 25.5118429583
Avg Fitness = 21.0274783561
Duplicated = 13
============================================================================
Evaluate Gen  38
New Population 138
Better than Dads 23
Best Ind: ( ( ( ( 0.333333333333x + 0.25x ) + 1.0y ) + 0.5x ) * ( ( ( 0.333333333333x + 0.25x ) + 1.0y ) + 0.5x ) )
Fitness = 12.1507460044
Worst Ind: ( ( ( ( 0.166666666667x + ( 0.111111111111y + 0.333333333333x ) ) + 0.333333333333x ) + 0.333333333333x ) * ( ( 1.0y + 0.142857142857y ) + 1.0x ) )
Fitness = 24.6143425174
Avg Fitness = 20.0803462775
Duplicated = 10
============================================================================
Evaluate Gen  39
New Population 142
Better than Dads 29
Best Ind: ( ( ( ( 0.333333333333x + 0.25x ) + 1.0y ) + 0.5x ) * ( ( ( 0.333333333333x + 0.25x ) + 1.0y ) + 0.5x ) )
Fitness = 12.1507460044
Worst Ind: ( 1.0y * ( ( 0.5y + ( ( 0.2x + 1.0y ) + 0.142857142857x ) ) + 0.2x ) )
Fitness = 24.0905930328
Avg Fitness = 19.1664831318
Duplicated = 5
============================================================================
Evaluate Gen  40
New Population 143
Better than Dads 32
Best Ind: ( ( ( ( 0.5x + 0.142857142857y ) * ( 0.5y + 0.5x ) ) + ( ( ( 1.0y + 0.142857142857y ) + 0.1y ) * 1.0x ) ) + ( ( ( 0.5y + ( 0.2y + 0.333333333333x ) ) + 0.142857142857y ) * ( 0.125x + ( 1.0x + ( ( 0.142857142857y + 0.5x ) + 0.5y ) ) ) ) )
Fitness = 11.1726127321
Worst Ind: ( ( 0.333333333333y + ( ( 0.5y + 0.5x ) * ( ( 0.5y + 0.1y ) + 1.0y ) ) ) + ( ( 0.5y + 0.1y ) * 1.0x ) )
Fitness = 22.569385482
Avg Fitness = 18.1530628711
Duplicated = 4
============================================================================
Evaluate Gen  41
New Population 141
Better than Dads 20
Best Ind: ( ( ( 0.5y + ( 0.2y + 0.333333333333x ) ) + 0.5y ) * ( ( ( 0.5y + 0.1x ) + 1.0y ) + ( 1.0x + 1.0x ) ) )
Fitness = 10.9670645337
Worst Ind: ( ( ( 0.142857142857y + 0.5x ) + ( ( 0.5x + 1.0y ) * ( ( ( 1.0y + 0.142857142857y ) + 0.5y ) + 0.2x ) ) ) + ( ( ( 0.2y + ( 0.1y + ( 0.111111111111x * 1.0x ) ) ) + 0.111111111111y ) + ( ( 0.25x + 0.1y ) * ( 0.111111111111x + 0.111111111111y ) ) ) )
Fitness = 21.3849615103
Avg Fitness = 17.1795929228
Duplicated = 4
============================================================================
Evaluate Gen  42
New Population 140
Better than Dads 28
Best Ind: ( ( ( 0.5y + ( 0.2y + 0.333333333333x ) ) + 0.5y ) * ( ( ( 0.5y + 0.1x ) + 1.0y ) + ( 1.0x + 1.0x ) ) )
Fitness = 10.9670645337
Worst Ind: ( ( ( 0.142857142857y + 0.5x ) + ( ( 0.5x + 1.0y ) * ( ( ( 1.0y + 1.0y ) + 0.5y ) + 0.2x ) ) ) + ( ( ( 0.2y + ( 0.1y + ( 0.111111111111x * 0.2y ) ) ) + 0.111111111111y ) + ( ( 0.25x + 0.1y ) * ( 0.111111111111x + 0.111111111111y ) ) ) )
Fitness = 20.3471247829
Avg Fitness = 16.2346069351
Duplicated = 3
============================================================================
Evaluate Gen  43
New Population 138
Better than Dads 24
Best Ind: ( ( ( 0.5y + ( 0.2y + 0.333333333333x ) ) + 0.5y ) * ( ( ( 0.5y + 0.1x ) + 1.0y ) + ( 1.0x + 1.0x ) ) )
Fitness = 10.9670645337
Worst Ind: ( ( ( 0.5y + 0.5x ) + 1.0y ) * ( ( 0.5y + ( ( 0.2y + 0.333333333333x ) + 0.142857142857x ) ) + ( ( ( 0.5y + ( 0.2x + 0.5y ) ) + 0.2x ) + 1.0y ) ) )
Fitness = 19.2764820403
Avg Fitness = 15.5113250293
Duplicated = 2
============================================================================
Evaluate Gen  44
New Population 142
Better than Dads 31
Best Ind: ( ( ( 0.5y + ( 0.2y + 0.333333333333x ) ) + 0.5y ) * ( ( ( 0.5y + 0.1x ) + 1.0y ) + ( 1.0x + 1.0x ) ) )
Fitness = 10.9670645337
Worst Ind: ( ( 1.0y + ( ( 0.142857142857y + 0.5x ) * 0.5y ) ) * ( ( 1.0y + ( ( 0.111111111111y * 0.125y ) + ( ( 0.2x + 0.5y ) + 0.111111111111x ) ) ) + 1.0x ) )
Fitness = 18.2056638334
Avg Fitness = 15.0461259353
Duplicated = 3
============================================================================
Evaluate Gen  45
New Population 144
Better than Dads 23
Best Ind: ( ( ( 0.5y + ( 0.2y + 0.333333333333x ) ) + 0.5y ) * ( ( ( 0.5y + 0.1x ) + 1.0y ) + ( 1.0x + 1.0x ) ) )
Fitness = 10.9670645337
Worst Ind: ( ( ( ( ( 1.0y + 0.1x ) + ( 1.0y * 0.25x ) ) + ( ( 0.166666666667x + ( 0.111111111111y + 0.333333333333x ) ) + 0.333333333333x ) ) + 1.0y ) * 1.0y )
Fitness = 16.9119912059
Avg Fitness = 14.2330940854
Duplicated = 3
============================================================================
Evaluate Gen  46
New Population 145
Better than Dads 27
Best Ind: ( ( ( 0.5y + ( 0.2y + 0.333333333333x ) ) + 0.5y ) * ( ( ( 0.5y + 0.1x ) + 1.0y ) + ( 1.0x + 1.0x ) ) )
Fitness = 10.9670645337
Worst Ind: ( ( ( 0.5x + 0.111111111111y ) + ( ( 1.0y + 0.25y ) + ( ( ( 0.2x + 1.0y ) + 0.142857142857x ) + ( ( 0.5x + 0.111111111111y ) * 0.5y ) ) ) ) * ( ( 0.111111111111y * 0.125y ) + ( ( ( ( 1.0y * 1.0x ) + ( 1.0x + 0.5y ) ) + 0.5y ) + 0.111111111111x ) ) )
Fitness = 15.8184858593
Avg Fitness = 13.7211694826
Duplicated = 3
============================================================================
Evaluate Gen  47
New Population 140
Better than Dads 31
Best Ind: ( ( ( 0.5y + ( 0.2y + 0.333333333333x ) ) + 0.5y ) * ( ( ( 0.5y + 0.1x ) + 1.0y ) + ( 1.0x + 1.0x ) ) )
Fitness = 10.9670645337
Worst Ind: ( ( 1.0x + ( 0.333333333333x + ( ( 1.0y + 0.142857142857y ) + ( 0.142857142857x + ( 0.5x * 0.25y ) ) ) ) ) * ( ( 0.2x + 0.1x ) + 1.0y ) )
Fitness = 15.267568209
Avg Fitness = 13.4741814308
Duplicated = 2
============================================================================
Evaluate Gen  48
New Population 146
Better than Dads 36
Best Ind: ( ( ( 0.5y + ( 0.2y + 0.333333333333x ) ) + 0.5y ) * ( ( ( 0.5y + 0.1x ) + 1.0y ) + ( 1.0x + 1.0x ) ) )
Fitness = 10.9670645337
Worst Ind: ( ( ( 0.142857142857y + 0.5x ) + ( ( ( 0.5y + 0.333333333333x ) + 1.0y ) + ( 0.5y + 0.2y ) ) ) * ( ( ( 0.142857142857x + 0.5y ) * 0.125y ) + ( 1.0y + 0.111111111111x ) ) )
Fitness = 14.793925937
Avg Fitness = 13.2768958354
Duplicated = 1
============================================================================
Evaluate Gen  49
New Population 146
Better than Dads 28
Best Ind: ( ( ( ( 0.166666666667x + ( 1.0x + 0.333333333333x ) ) + 0.333333333333x ) + 0.5y ) * ( ( 1.0y + 0.142857142857y ) + ( 1.0y + 0.1x ) ) )
Fitness = 10.2332977773
Worst Ind: ( 1.0y * ( ( ( 1.0y + 1.0y ) + ( ( 0.166666666667x + ( 0.111111111111y + 0.333333333333x ) ) + 0.333333333333x ) ) + ( ( ( 0.142857142857x + 0.5y ) * 0.125y ) + ( 1.0y + 0.111111111111x ) ) ) )
Fitness = 14.432789924
Avg Fitness = 12.9066424632
Duplicated = 8
============================================================================
Evaluate Gen  50
New Population 142
Better than Dads 33
Best Ind: ( ( ( ( 0.166666666667x + ( 1.0x + 0.333333333333x ) ) + 0.333333333333x ) + 0.5y ) * ( ( 1.0y + 0.142857142857y ) + ( 1.0y + 0.1x ) ) )
Fitness = 10.2332977773
Worst Ind: ( ( ( ( ( 0.166666666667x + ( 0.111111111111y + 0.333333333333x ) ) + 0.333333333333x ) + ( ( 0.333333333333x + 0.25x ) + 1.0y ) ) * ( ( 1.0y + 0.142857142857y ) + ( 0.2y + 0.166666666667x ) ) ) + 0.333333333333y )
Fitness = 14.1525394741
Avg Fitness = 12.699285753
Duplicated = 8
============================================================================
Evaluate Gen  51
New Population 147
Better than Dads 39
Best Ind: ( ( ( ( 0.166666666667x + ( 1.0x + 0.333333333333x ) ) + 0.333333333333x ) + 0.5y ) * ( ( 1.0y + 0.142857142857y ) + ( 1.0y + 0.1x ) ) )
Fitness = 10.2332977773
Worst Ind: ( ( ( ( 0.1y + 0.142857142857y ) * ( 0.5y + 0.5x ) ) + ( ( ( ( 0.333333333333x + 0.25x ) + 1.0y ) + 0.1y ) * 1.0x ) ) + ( 1.0y * ( ( 0.5y + ( ( 0.2x + 1.0y ) + 0.142857142857x ) ) + ( 1.0y * 0.25x ) ) ) )
Fitness = 13.8260301916
Avg Fitness = 12.4882900849
Duplicated = 10
============================================================================
Evaluate Gen  52
New Population 147
Better than Dads 36
Best Ind: ( ( ( ( 0.166666666667x + ( 1.0x + 0.333333333333x ) ) + 0.333333333333x ) + 0.5y ) * ( ( 1.0y + 0.142857142857y ) + ( 1.0y + 0.1x ) ) )
Fitness = 10.2332977773
Worst Ind: ( ( ( 0.2x + ( 0.5x * 1.0x ) ) + ( ( 0.5x + 1.0y ) * ( ( 0.142857142857x + 1.0x ) + 0.2x ) ) ) + ( ( 0.5x + 1.0y ) * ( ( ( 1.0y + 1.0y ) + 0.5y ) + 0.2x ) ) )
Fitness = 13.5969513959
Avg Fitness = 12.2440505206
Duplicated = 8
============================================================================
Evaluate Gen  53
New Population 136
Better than Dads 32
Best Ind: ( ( ( ( 0.166666666667x + ( 1.0x + 0.333333333333x ) ) + 0.333333333333x ) + 0.5y ) * ( ( 1.0y + 0.142857142857y ) + ( 1.0y + 0.1x ) ) )
Fitness = 10.2332977773
Worst Ind: ( ( ( ( 0.2x + ( 0.5y + 0.1y ) ) + 0.142857142857x ) + 0.2x ) * ( ( ( 1.0y + 0.1y ) + ( 1.0x + ( 1.0y + 0.142857142857y ) ) ) + 0.111111111111y ) )
Fitness = 13.3227024389
Avg Fitness = 12.1050513633
Duplicated = 7
============================================================================
Evaluate Gen  54
New Population 140
Better than Dads 33
Best Ind: ( ( ( ( 0.166666666667x + ( 1.0x + 0.333333333333x ) ) + 0.333333333333x ) + 0.5y ) * ( ( 1.0y + 0.142857142857y ) + ( 1.0y + 0.1x ) ) )
Fitness = 10.2332977773
Worst Ind: ( ( ( 1.0y * ( 1.0x + 1.0y ) ) + ( ( 0.5y + ( 0.111111111111x * 0.142857142857x ) ) * 0.5y ) ) + ( ( ( ( 0.333333333333x + 0.25x ) + 1.0y ) + 0.1y ) * 1.0x ) )
Fitness = 12.961965421
Avg Fitness = 11.9437143131
Duplicated = 8
============================================================================
Evaluate Gen  55
New Population 144
Better than Dads 36
Best Ind: ( ( ( ( 0.166666666667x + ( 1.0x + 0.333333333333x ) ) + 0.333333333333x ) + 0.5y ) * ( ( 1.0y + 0.142857142857y ) + ( 1.0y + 0.1x ) ) )
Fitness = 10.2332977773
Worst Ind: ( ( ( ( 0.142857142857y + 1.0x ) + 0.5x ) + ( ( ( 0.5y + 0.5x ) + 1.0y ) + ( ( 0.111111111111x * ( 0.333333333333x + 0.5y ) ) + ( ( 0.333333333333x + 0.25x ) + 1.0y ) ) ) ) * ( ( ( 0.142857142857x + 0.5y ) * 0.125y ) + ( 1.0y + 0.111111111111x ) ) )
Fitness = 12.6942654402
Avg Fitness = 11.7889811455
Duplicated = 7
============================================================================
Evaluate Gen  56
New Population 143
Better than Dads 33
Best Ind: ( ( ( ( 0.166666666667x + ( 1.0x + 0.333333333333x ) ) + 0.333333333333x ) + 0.5y ) * ( ( 1.0y + 0.142857142857y ) + ( 1.0y + 0.1x ) ) )
Fitness = 10.2332977773
Worst Ind: ( ( ( 0.142857142857y + ( 0.5x + 0.1y ) ) + ( ( ( 1.0x + 0.5x ) + 0.142857142857y ) + ( 1.0y + 0.25x ) ) ) * ( ( ( 0.142857142857x + 0.5y ) * 0.125y ) + ( 1.0y + 0.111111111111x ) ) )
Fitness = 12.4593863304
Avg Fitness = 11.6684826111
Duplicated = 7
============================================================================
Evaluate Gen  57
New Population 148
Better than Dads 43
Best Ind: ( ( ( ( 0.166666666667x + ( 1.0x + 0.333333333333x ) ) + 0.333333333333x ) + 0.5y ) * ( ( 1.0y + 0.142857142857y ) + ( 1.0y + 0.1x ) ) )
Fitness = 10.2332977773
Worst Ind: ( ( 0.333333333333y + ( ( 0.5y + 0.5x ) * ( ( 0.2x + 0.1x ) + 1.0y ) ) ) + ( ( 1.0x + ( 1.0x + 0.5y ) ) * ( ( 0.2x + 0.1x ) + 1.0y ) ) )
Fitness = 12.348914147
Avg Fitness = 11.6033160891
Duplicated = 7
============================================================================
Evaluate Gen  58
New Population 149
Better than Dads 32
Best Ind: ( ( ( ( 0.166666666667x + ( 1.0x + 0.333333333333x ) ) + 0.333333333333x ) + 0.5y ) * ( ( 1.0y + 0.142857142857y ) + ( 1.0y + 0.1x ) ) )
Fitness = 10.2332977773
Worst Ind: ( ( 0.2x + ( ( ( 0.333333333333x + ( 1.0x + 0.5y ) ) + 0.1y ) * ( 0.5x + 1.0y ) ) ) + ( 1.0y * ( ( 0.5y + ( ( 0.2x + 1.0y ) + 0.142857142857x ) ) + ( 1.0y * 0.25x ) ) ) )
Fitness = 12.1099533407
Avg Fitness = 11.4679165011
Duplicated = 8
============================================================================
Evaluate Gen  59
New Population 143
Better than Dads 35
Best Ind: ( ( ( ( 0.166666666667x + ( 1.0x + 0.333333333333x ) ) + 0.333333333333x ) + 0.5y ) * ( ( 1.0y + 0.142857142857y ) + ( 1.0y + 0.1x ) ) )
Fitness = 10.2332977773
Worst Ind: ( ( ( 1.0x + ( 0.333333333333x + ( 1.0x + 0.5y ) ) ) + 0.5x ) * ( ( ( 0.333333333333x + 0.25x ) + 1.0y ) + 0.5x ) )
Fitness = 12.0844917768
Avg Fitness = 11.3958018659
Duplicated = 8
============================================================================
Evaluate Gen  60
New Population 137
Better than Dads 28
Best Ind: ( ( ( ( 0.166666666667x + ( 1.0x + 0.333333333333x ) ) + 0.333333333333x ) + 0.5y ) * ( ( 1.0y + 0.142857142857y ) + ( 1.0y + 0.1x ) ) )
Fitness = 10.2332977773
Worst Ind: ( ( 1.0x + ( ( 1.0y + 0.333333333333x ) + 0.5y ) ) * ( ( 0.2x + 0.333333333333x ) + 1.0y ) )
Fitness = 11.9581127032
Avg Fitness = 11.3295966011
Duplicated = 10
============================================================================
Evaluate Gen  61
New Population 146
Better than Dads 37
Best Ind: ( ( ( ( 0.166666666667x + ( 1.0x + 0.333333333333x ) ) + 0.333333333333x ) + 0.5y ) * ( ( 1.0y + 0.142857142857y ) + ( 1.0y + 0.1x ) ) )
Fitness = 10.2332977773
Worst Ind: ( ( ( 0.333333333333x + 0.25x ) + 1.0y ) * ( ( ( 1.0y + 0.111111111111x ) + ( 1.0x + ( 1.0y + 0.142857142857y ) ) ) + 0.2y ) )
Fitness = 11.7270029471
Avg Fitness = 11.2599067032
Duplicated = 8
============================================================================
Evaluate Gen  62
New Population 142
Better than Dads 35
Best Ind: ( ( ( ( 0.166666666667x + ( 1.0x + 0.333333333333x ) ) + 0.333333333333x ) + 0.5y ) * ( ( 1.0y + 0.142857142857y ) + ( 1.0y + 0.1x ) ) )
Fitness = 10.2332977773
Worst Ind: ( ( ( 0.142857142857y + 1.0x ) + ( ( ( 1.0x + 0.2y ) + ( 1.0y + 0.166666666667x ) ) + ( 0.5y + 0.2y ) ) ) * ( ( ( 0.142857142857x + 0.5y ) * 0.125y ) + ( 1.0y + 0.142857142857y ) ) )
Fitness = 11.6678075414
Avg Fitness = 11.2224949806
Duplicated = 9
============================================================================
Evaluate Gen  63
New Population 136
Better than Dads 27
Best Ind: ( ( ( ( 0.166666666667x + ( 1.0x + 0.333333333333x ) ) + 0.333333333333x ) + 0.5y ) * ( ( 1.0y + 0.142857142857y ) + ( 1.0y + 0.1x ) ) )
Fitness = 10.2332977773
Worst Ind: ( ( 0.333333333333y + ( ( 0.5y + 0.5x ) * ( ( 0.2x + 1.0x ) + 1.0y ) ) ) + ( ( 1.0x + ( 1.0x + 0.5y ) ) * ( ( 0.2x + 0.1x ) + 1.0y ) ) )
Fitness = 11.545608543
Avg Fitness = 11.1881849475
Duplicated = 14
============================================================================
Evaluate Gen  64
New Population 142
Better than Dads 32
Best Ind: ( ( ( ( 0.166666666667x + ( 1.0x + 0.333333333333x ) ) + 0.333333333333x ) + 0.5y ) * ( ( 1.0y + 0.142857142857y ) + ( 1.0y + 0.1x ) ) )
Fitness = 10.2332977773
Worst Ind: ( ( ( ( 1.0x + 1.0y ) + 1.0y ) + 0.5x ) * ( ( 0.2x + 0.5y ) + ( 0.142857142857y + 0.5x ) ) )
Fitness = 11.4427538931
Avg Fitness = 11.1530081794
Duplicated = 17
============================================================================
Evaluate Gen  65
New Population 145
Better than Dads 41
Best Ind: ( ( ( ( 0.166666666667x + ( 1.0x + 0.333333333333x ) ) + 0.333333333333x ) + 0.5y ) * ( ( 1.0y + 0.142857142857y ) + ( 1.0y + 0.1x ) ) )
Fitness = 10.2332977773
Worst Ind: ( ( ( ( 0.5x + 0.25x ) * ( 0.5y + 0.5x ) ) + ( ( ( 0.333333333333x + ( 1.0x + 0.5y ) ) + 0.1y ) * ( 0.5x + 1.0y ) ) ) + ( 1.0y * ( ( 0.5y + ( ( 0.2x + 1.0y ) + 0.142857142857x ) ) + ( 1.0y * 0.25x ) ) ) )
Fitness = 11.4370559819
Avg Fitness = 11.143040466
Duplicated = 17
============================================================================
Evaluate Gen  66
New Population 147
Better than Dads 43
Best Ind: ( ( ( ( 0.166666666667x + ( 1.0x + 0.333333333333x ) ) + 0.333333333333x ) + 0.5y ) * ( ( 1.0y + 0.142857142857y ) + ( 1.0y + 0.1x ) ) )
Fitness = 10.2332977773
Worst Ind: ( ( ( ( 0.5x + 0.25x ) * ( 1.0y + 0.333333333333x ) ) + ( ( ( 0.333333333333x + ( 1.0x + 0.5y ) ) + 0.1y ) * ( 0.5x + 1.0y ) ) ) + ( 1.0y * ( ( 0.5y + ( ( 0.2x + 1.0y ) + 0.142857142857x ) ) + ( 1.0y * 0.25x ) ) ) )
Fitness = 11.4286303143
Avg Fitness = 11.1187657844
Duplicated = 15
============================================================================
Evaluate Gen  67
New Population 152
Better than Dads 44
Best Ind: ( ( ( ( 0.166666666667x + ( 1.0x + 0.333333333333x ) ) + 0.333333333333x ) + 0.5y ) * ( ( 1.0y + 0.142857142857y ) + ( 1.0y + 0.1x ) ) )
Fitness = 10.2332977773
Worst Ind: ( ( 1.0x + ( 0.333333333333x + ( 1.0x + 0.5y ) ) ) * ( ( 1.0y + 0.142857142857y ) + ( ( 1.0y + 0.142857142857y ) + ( 0.142857142857x + ( 0.5x * 0.25y ) ) ) ) )
Fitness = 11.4100309254
Avg Fitness = 11.0937961734
Duplicated = 14
============================================================================
Evaluate Gen  68
New Population 149
Better than Dads 44
Best Ind: ( ( ( ( 0.166666666667x + ( 1.0x + 0.333333333333x ) ) + 0.333333333333x ) + 0.5y ) * ( ( 1.0y + 0.142857142857y ) + ( 1.0y + 0.1x ) ) )
Fitness = 10.2332977773
Worst Ind: ( ( ( ( 0.5x + 0.25x ) * ( 0.5y + ( 0.142857142857x + 0.5y ) ) ) + ( ( ( 0.333333333333x + ( 1.0x + 0.5y ) ) + 0.1y ) * ( 0.5x + 1.0y ) ) ) + ( 1.0y * ( ( 0.5y + ( ( 0.2x + 1.0y ) + 0.142857142857x ) ) + ( 1.0y * 0.25x ) ) ) )
Fitness = 11.3220603525
Avg Fitness = 11.0644618648
Duplicated = 13
============================================================================
Evaluate Gen  69
New Population 148
Better than Dads 36
Best Ind: ( ( ( ( 0.166666666667x + ( 1.0x + 0.333333333333x ) ) + 0.333333333333x ) + 0.5y ) * ( ( 1.0y + 0.142857142857y ) + ( 1.0y + 0.1x ) ) )
Fitness = 10.2332977773
Worst Ind: ( ( ( ( ( 0.2x + ( 0.5y + 0.1y ) ) + 0.142857142857x ) + 0.25x ) + 0.2x ) * ( ( ( 1.0y + 0.1y ) + ( 1.0x + ( 1.0y + 0.142857142857y ) ) ) + 0.2x ) )
Fitness = 11.2565011838
Avg Fitness = 11.030044161
Duplicated = 11
============================================================================
Evaluate Gen  70
New Population 147
Better than Dads 41
Best Ind: ( ( ( ( 0.166666666667x + ( 1.0x + 0.333333333333x ) ) + 0.333333333333x ) + 0.5y ) * ( ( 1.0y + 0.142857142857y ) + ( 1.0y + 0.1x ) ) )
Fitness = 10.2332977773
Worst Ind: ( ( ( ( 0.166666666667x + ( ( 0.2x + 0.1x ) + 1.0y ) ) + 0.333333333333x ) + ( ( 0.125x + ( 1.0x + 0.5y ) ) + 0.142857142857y ) ) * ( ( 0.166666666667x + 1.0y ) + 0.5x ) )
Fitness = 11.2213670192
Avg Fitness = 11.0175966475
Duplicated = 15
============================================================================
Evaluate Gen  71
New Population 136
Better than Dads 31
Best Ind: ( ( ( ( 0.166666666667x + ( 1.0x + 0.333333333333x ) ) + 0.333333333333x ) + 0.5y ) * ( ( 1.0y + 0.142857142857y ) + ( 1.0y + 0.1x ) ) )
Fitness = 10.2332977773
Worst Ind: ( ( ( ( ( 1.0x + 1.0y ) + 1.0y ) + 0.5x ) * ( ( 0.2x + ( 0.5y + 0.5x ) ) + 0.111111111111y ) ) + ( ( 0.333333333333x + 0.1y ) * 1.0x ) )
Fitness = 11.2012697144
Avg Fitness = 11.0080663296
Duplicated = 16
============================================================================
Evaluate Gen  72
New Population 145
Better than Dads 41
Best Ind: ( ( ( ( 0.166666666667x + ( 1.0x + 0.333333333333x ) ) + 0.333333333333x ) + 0.5y ) * ( ( 1.0y + 0.142857142857y ) + ( 1.0y + 0.1x ) ) )
Fitness = 10.2332977773
Worst Ind: ( ( ( ( ( 1.0x + 1.0y ) + 1.0y ) + 0.5x ) * ( ( 0.2x + ( 0.5y + 0.5x ) ) + 0.111111111111y ) ) + ( ( 0.333333333333x + 0.1y ) * 1.0x ) )
Fitness = 11.2012697144
Avg Fitness = 10.9922596996
Duplicated = 12
============================================================================
Evaluate Gen  73
New Population 146
Better than Dads 43
Best Ind: ( ( ( ( 0.166666666667x + ( 1.0x + 0.333333333333x ) ) + 0.333333333333x ) + 0.5y ) * ( ( 1.0y + 0.142857142857y ) + ( 1.0y + 0.1x ) ) )
Fitness = 10.2332977773
Worst Ind: ( ( 1.0y + ( 1.0y + ( 0.5x + ( 1.0x + 0.25x ) ) ) ) * ( 0.5x + 1.0y ) )
Fitness = 11.194353811
Avg Fitness = 10.9802117267
Duplicated = 10
============================================================================
Evaluate Gen  74
New Population 137
Better than Dads 36
Best Ind: ( ( ( ( 0.166666666667x + ( 1.0x + 0.333333333333x ) ) + 0.333333333333x ) + 0.5y ) * ( ( 1.0y + 0.142857142857y ) + ( 1.0y + 0.1x ) ) )
Fitness = 10.2332977773
Worst Ind: ( ( ( ( 0.5x + 0.142857142857y ) + 0.5x ) + ( ( 1.0y + 0.25y ) + ( ( ( 0.2x + 1.0y ) + 0.142857142857x ) + ( ( 0.5x + 0.111111111111y ) * 0.5y ) ) ) ) * ( ( 0.111111111111y * 0.125y ) + ( ( ( ( 0.25x + 0.1y ) + ( 0.333333333333x + 0.25x ) ) + 0.5y ) + 0.111111111111x ) ) )
Fitness = 11.1937297538
Avg Fitness = 10.9779614843
Duplicated = 10
============================================================================
Evaluate Gen  75
New Population 141
Better than Dads 37
Best Ind: ( ( ( ( 0.166666666667x + ( 1.0x + 0.333333333333x ) ) + 0.333333333333x ) + 0.5y ) * ( ( 1.0y + 0.142857142857y ) + ( 1.0y + 0.1x ) ) )
Fitness = 10.2332977773
Worst Ind: ( ( ( ( 0.2x + ( 0.333333333333x + 0.25x ) ) + 0.142857142857x ) + 0.5y ) * ( ( ( 1.0y + 0.1y ) + ( 1.0x + ( 1.0y + 0.142857142857y ) ) ) + 0.111111111111y ) )
Fitness = 11.1725330198
Avg Fitness = 10.9657144335
Duplicated = 12
============================================================================
Evaluate Gen  76
New Population 147
Better than Dads 37
Best Ind: ( ( ( ( 0.166666666667x + ( 1.0x + 0.333333333333x ) ) + 0.333333333333x ) + 0.5y ) * ( ( 1.0y + 0.142857142857y ) + ( 1.0y + 0.1x ) ) )
Fitness = 10.2332977773
Worst Ind: ( ( ( 1.0y + ( 0.166666666667x + ( 1.0x + 0.333333333333x ) ) ) + ( ( ( 1.0y + 0.142857142857y ) + 0.2x ) + 1.0x ) ) * 1.0y )
Fitness = 11.1189282388
Avg Fitness = 10.9511478694
Duplicated = 15
============================================================================
Evaluate Gen  77
New Population 145
Better than Dads 44
Best Ind: ( ( ( ( 0.166666666667x + ( 1.0x + 0.333333333333x ) ) + 0.333333333333x ) + 0.5y ) * ( ( 1.0y + 0.142857142857y ) + ( 1.0y + 0.1x ) ) )
Fitness = 10.2332977773
Worst Ind: ( ( ( ( 0.2x + ( 0.5y + 0.1y ) ) + 0.5x ) + 0.2y ) * ( ( ( ( 1.0x + 1.0y ) + 1.0y ) + 0.5x ) + 0.333333333333x ) )
Fitness = 11.1132703406
Avg Fitness = 10.9414527477
Duplicated = 14
============================================================================
Evaluate Gen  78
New Population 145
Better than Dads 40
Best Ind: ( ( ( ( 0.166666666667x + ( 1.0x + 0.333333333333x ) ) + 0.333333333333x ) + 0.5y ) * ( ( 1.0y + 0.142857142857y ) + ( 1.0y + 0.1x ) ) )
Fitness = 10.2332977773
Worst Ind: ( 1.0y * ( ( 1.0x + ( 1.0x + 1.0y ) ) + ( 1.0x + 0.5y ) ) )
Fitness = 11.1071804971
Avg Fitness = 10.9342731728
Duplicated = 12
============================================================================
Evaluate Gen  79
New Population 144
Better than Dads 42
Best Ind: ( ( ( ( 0.166666666667x + ( 1.0x + 0.333333333333x ) ) + 0.333333333333x ) + 0.5y ) * ( ( 1.0y + 0.142857142857y ) + ( 1.0y + 0.1x ) ) )
Fitness = 10.2332977773
Worst Ind: ( ( ( ( 0.5x + 0.142857142857y ) + 0.2x ) + ( ( 1.0y + 0.25y ) + ( ( ( 0.2x + 1.0y ) + 0.142857142857x ) + ( ( 0.5x + 0.111111111111y ) * 0.5y ) ) ) ) * ( ( 0.111111111111y * 0.125y ) + ( ( ( ( 0.25x + 0.1y ) + ( 0.333333333333x + 0.25x ) ) + 0.5y ) + 0.111111111111x ) ) )
Fitness = 11.1059254176
Avg Fitness = 10.9316105783
Duplicated = 14
============================================================================
Evaluate Gen  80
New Population 150
Better than Dads 40
Best Ind: ( ( ( ( 0.166666666667x + ( 1.0x + 0.333333333333x ) ) + 0.333333333333x ) + 0.5y ) * ( ( 1.0y + 0.142857142857y ) + ( 1.0y + 0.1x ) ) )
Fitness = 10.2332977773
Worst Ind: ( ( 1.0y + ( ( 1.0x + 0.5x ) + ( 0.5x + ( 1.0x + 0.25x ) ) ) ) * ( 0.5x + 1.0y ) )
Fitness = 11.0855179769
Avg Fitness = 10.9129660746
Duplicated = 18
============================================================================
Evaluate Gen  81
New Population 139
Better than Dads 36
Best Ind: ( ( ( ( 0.166666666667x + ( 1.0x + 0.333333333333x ) ) + 0.333333333333x ) + 0.5y ) * ( ( 1.0y + 0.142857142857y ) + ( 1.0y + 0.1x ) ) )
Fitness = 10.2332977773
Worst Ind: ( ( ( 1.0y + 1.0y ) + ( 0.333333333333x + 0.25x ) ) * ( ( ( 0.333333333333x + 0.25x ) + 1.0y ) + 0.5x ) )
Fitness = 11.0819317265
Avg Fitness = 10.9073119274
Duplicated = 18
============================================================================
Evaluate Gen  82
New Population 144
Better than Dads 39
Best Ind: ( ( ( ( 0.166666666667x + ( 1.0x + 0.333333333333x ) ) + 0.333333333333x ) + 0.5y ) * ( ( 1.0y + 0.142857142857y ) + ( 1.0y + 0.1x ) ) )
Fitness = 10.2332977773
Worst Ind: ( ( 1.0x + ( ( 0.125x + ( 1.0x + 0.5x ) ) + 1.0y ) ) * ( ( 0.166666666667x + 1.0y ) + 0.1y ) )
Fitness = 11.0788657867
Avg Fitness = 10.9002981246
Duplicated = 14
============================================================================
Evaluate Gen  83
New Population 147
Better than Dads 44
Best Ind: ( ( ( ( 0.166666666667x + ( 1.0x + 0.333333333333x ) ) + 0.333333333333x ) + 0.5y ) * ( ( 1.0y + 0.142857142857y ) + ( 1.0y + 0.1x ) ) )
Fitness = 10.2332977773
Worst Ind: ( ( ( ( ( 0.5x + 0.25x ) + 0.25x ) + 1.0y ) + 0.5x ) * ( ( ( 0.333333333333x + 0.25x ) + 1.0y ) + 0.5x ) )
Fitness = 11.0744040244
Avg Fitness = 10.8928571168
Duplicated = 13
============================================================================
Evaluate Gen  84
New Population 143
Better than Dads 39
Best Ind: ( ( ( ( 0.166666666667x + ( 1.0x + 0.333333333333x ) ) + 0.333333333333x ) + 0.5y ) * ( ( 1.0y + 0.142857142857y ) + ( 1.0y + 0.1x ) ) )
Fitness = 10.2332977773
Worst Ind: ( ( ( 0.1y + 0.5x ) + ( ( 1.0y + 0.25y ) + ( ( ( 0.2x + 1.0y ) + 0.142857142857x ) + ( ( 0.5x + 0.111111111111y ) * 0.5y ) ) ) ) * ( ( 0.111111111111y * 0.125y ) + ( ( ( ( 0.25x + 0.1y ) + ( 0.333333333333x + 0.5x ) ) + 0.5y ) + 0.111111111111x ) ) )
Fitness = 11.0675175524
Avg Fitness = 10.8846270342
Duplicated = 11
============================================================================
Evaluate Gen  85
New Population 144
Better than Dads 37
Best Ind: ( ( ( ( 0.166666666667x + ( 1.0x + 0.333333333333x ) ) + 0.333333333333x ) + 0.5y ) * ( ( 1.0y + 0.142857142857y ) + ( 1.0y + 0.1x ) ) )
Fitness = 10.2332977773
Worst Ind: ( ( ( 0.5x + 0.5y ) * ( ( 0.5y + ( 1.0x + ( 1.0y + 0.142857142857y ) ) ) + 0.2x ) ) + ( ( ( 0.25x * ( 0.125x + 0.5y ) ) + ( 0.1x * 0.111111111111y ) ) + ( ( ( 0.5y + ( 0.2y + 0.333333333333x ) ) + 0.142857142857y ) * ( 0.125x + ( 1.0x + 0.5y ) ) ) ) )
Fitness = 11.0584957641
Avg Fitness = 10.8794653045
Duplicated = 15
============================================================================
Evaluate Gen  86
New Population 145
Better than Dads 36
Best Ind: ( ( ( ( 0.166666666667x + ( 1.0x + 0.333333333333x ) ) + 0.333333333333x ) + 0.5y ) * ( ( 1.0y + 0.142857142857y ) + ( 1.0y + 0.1x ) ) )
Fitness = 10.2332977773
Worst Ind: ( ( ( 1.0y * ( 1.0x + 1.0y ) ) + ( ( ( 0.5x + 1.0y ) + ( 1.0x + 1.0y ) ) * 0.5y ) ) + ( ( ( ( 0.333333333333x + 0.25x ) + 1.0y ) + 0.1y ) * 1.0x ) )
Fitness = 11.0538724087
Avg Fitness = 10.8482808774
Duplicated = 12
============================================================================
Evaluate Gen  87
New Population 138
Better than Dads 36
Best Ind: ( ( ( ( 0.166666666667x + ( 1.0x + 0.333333333333x ) ) + 0.333333333333x ) + 0.5y ) * ( ( 1.0y + 0.142857142857y ) + ( 1.0y + 0.1x ) ) )
Fitness = 10.2332977773
Worst Ind: ( ( 0.5y + 0.5x ) * ( ( ( 0.1x + 1.0y ) + ( 0.333333333333x + 0.25x ) ) + ( ( 1.0y + 0.5y ) + ( 0.142857142857x + ( 1.0x + 1.0y ) ) ) ) )
Fitness = 11.0524357288
Avg Fitness = 10.8403986834
Duplicated = 12
============================================================================
Evaluate Gen  88
New Population 144
Better than Dads 39
Best Ind: ( ( ( ( 0.166666666667x + ( 1.0x + 0.333333333333x ) ) + 0.333333333333x ) + 0.5y ) * ( ( 1.0y + 0.142857142857y ) + ( 1.0y + 0.1x ) ) )
Fitness = 10.2332977773
Worst Ind: ( ( ( 1.0y + 1.0y ) + 0.5x ) * ( ( ( 0.333333333333x + 0.25x ) + 1.0y ) + 0.5x ) )
Fitness = 11.045018961
Avg Fitness = 10.8256549037
Duplicated = 13
============================================================================
Evaluate Gen  89
New Population 146
Better than Dads 41
Best Ind: ( ( ( ( 0.166666666667x + ( 1.0x + 0.333333333333x ) ) + 0.333333333333x ) + 0.5y ) * ( ( 1.0y + 0.142857142857y ) + ( 1.0y + 0.1x ) ) )
Fitness = 10.2332977773
Worst Ind: ( ( ( ( 0.2x + ( 0.5y + 0.333333333333x ) ) + 0.5x ) + 0.2y ) * ( ( ( 1.0y + 0.1y ) + ( 1.0x + ( 1.0y + 0.142857142857y ) ) ) + 0.111111111111y ) )
Fitness = 11.0418194199
Avg Fitness = 10.8069526254
Duplicated = 11
============================================================================
Evaluate Gen  90
New Population 134
Better than Dads 31
Best Ind: ( ( ( ( 0.166666666667x + ( 1.0x + 0.333333333333x ) ) + 0.333333333333x ) + 0.5y ) * ( ( 1.0y + 0.142857142857y ) + ( 1.0y + 0.1x ) ) )
Fitness = 10.2332977773
Worst Ind: ( ( ( 0.142857142857y + ( ( 1.0x + 0.5y ) + 0.1y ) ) + ( ( ( 1.0x + 0.5x ) + 0.142857142857y ) + ( 1.0y + 0.25x ) ) ) * ( ( ( 0.142857142857x + 0.5y ) * 0.125y ) + ( 1.0y + 0.111111111111x ) ) )
Fitness = 11.0209333986
Avg Fitness = 10.7918859491
Duplicated = 13
============================================================================
Evaluate Gen  91
New Population 141
Better than Dads 38
Best Ind: ( ( ( ( 0.166666666667x + ( 1.0x + 0.333333333333x ) ) + 0.333333333333x ) + 0.5y ) * ( ( 1.0y + 0.142857142857y ) + ( 1.0y + 0.1x ) ) )
Fitness = 10.2332977773
Worst Ind: ( ( 0.5y + 0.5x ) * ( ( ( 0.2x + 1.0x ) + 1.0y ) + ( 1.0x + ( 0.142857142857x + ( 1.0x + 1.0y ) ) ) ) )
Fitness = 11.0016330854
Avg Fitness = 10.7779586042
Duplicated = 13
============================================================================
Evaluate Gen  92
New Population 147
Better than Dads 45
Best Ind: ( ( ( ( 0.166666666667x + ( 1.0x + 0.333333333333x ) ) + 0.333333333333x ) + 0.5y ) * ( ( 1.0y + 0.142857142857y ) + ( 1.0y + 0.1x ) ) )
Fitness = 10.2332977773
Worst Ind: ( ( ( 0.142857142857y + 0.5x ) + ( ( ( 0.5y + ( 0.2y + 0.333333333333x ) ) + ( ( 0.5y + 0.1x ) + 1.0y ) ) + ( 0.5y + 0.2y ) ) ) * ( 1.0x + 0.5y ) )
Fitness = 10.9832409292
Avg Fitness = 10.7679358471
Duplicated = 12
============================================================================
Evaluate Gen  93
New Population 145
Better than Dads 38
Best Ind: ( ( ( ( 0.166666666667x + ( 1.0x + 0.333333333333x ) ) + 0.333333333333x ) + 0.5y ) * ( ( 1.0y + 0.142857142857y ) + ( 1.0y + 0.1x ) ) )
Fitness = 10.2332977773
Worst Ind: ( ( ( 0.1y + 0.5y ) + ( ( 1.0y + 0.25y ) + ( ( ( 0.2x + 1.0y ) + 0.142857142857x ) + ( 0.142857142857y * 0.5y ) ) ) ) * ( ( 0.111111111111y * 0.125y ) + ( ( ( ( 0.25x + 0.1y ) + ( 0.333333333333x + 0.25x ) ) + 0.5y ) + 0.111111111111x ) ) )
Fitness = 10.9693295664
Avg Fitness = 10.7561336031
Duplicated = 16
============================================================================
Evaluate Gen  94
New Population 143
Better than Dads 38
Best Ind: ( ( ( ( 0.166666666667x + ( 1.0x + 0.333333333333x ) ) + 0.333333333333x ) + 0.5y ) * ( ( 1.0y + 0.142857142857y ) + ( 1.0y + 0.1x ) ) )
Fitness = 10.2332977773
Worst Ind: ( 1.0y * ( ( 1.0x + ( 1.0x + 1.0x ) ) + ( 1.0x + 0.5y ) ) )
Fitness = 10.9653340361
Avg Fitness = 10.7470360374
Duplicated = 14
============================================================================
Evaluate Gen  95
New Population 140
Better than Dads 35
Best Ind: ( ( ( 1.0x + 1.0x ) + ( ( ( 1.0y + 1.0x ) + 0.2x ) + 1.0x ) ) * 1.0y )
Fitness = 10.1085157919
Worst Ind: ( ( ( 0.1y + 0.5y ) + ( ( 1.0y + 0.25y ) + ( ( ( 0.2x + 1.0y ) + 0.142857142857x ) + 0.5x ) ) ) * ( ( 0.111111111111y * 0.125y ) + ( ( ( ( 0.25x + 0.1y ) + ( 0.333333333333x + 0.25x ) ) + 0.5y ) + 0.111111111111x ) ) )
Fitness = 10.9603511028
Avg Fitness = 10.7270936815
Duplicated = 14
============================================================================
Evaluate Gen  96
New Population 143
Better than Dads 41
Best Ind: ( ( ( 1.0x + 1.0x ) + ( ( ( 1.0y + 1.0x ) + 0.2x ) + 1.0x ) ) * 1.0y )
Fitness = 10.1085157919
Worst Ind: ( ( ( 0.5x + 0.5y ) * ( ( 0.5y + ( ( 0.5y + 0.5x ) + ( 1.0y + 0.142857142857y ) ) ) + 0.2x ) ) + ( ( ( 0.25x * ( 0.125x + 0.5y ) ) + ( ( ( 1.0x + 1.0y ) + 1.0y ) * 0.111111111111y ) ) + ( ( ( 0.5y + ( 0.2y + 0.333333333333x ) ) + 0.142857142857y ) * ( 0.125x + ( 1.0x + 0.5y ) ) ) ) )
Fitness = 10.951335822
Avg Fitness = 10.7180595308
Duplicated = 12
============================================================================
Evaluate Gen  97
New Population 142
Better than Dads 36
Best Ind: ( ( ( 1.0x + 1.0x ) + ( ( ( 1.0y + 1.0x ) + 0.2x ) + 1.0x ) ) * 1.0y )
Fitness = 10.1085157919
Worst Ind: ( ( ( 1.0y + 1.0x ) + ( ( ( 1.0y + 1.0x ) + 0.5x ) + 1.0x ) ) * ( 0.5y + 0.5x ) )
Fitness = 10.9416565202
Avg Fitness = 10.6960859996
Duplicated = 11
============================================================================
Evaluate Gen  98
New Population 143
Better than Dads 41
Best Ind: ( ( ( 1.0x + 1.0x ) + ( ( ( 1.0y + 1.0x ) + 0.2x ) + 1.0x ) ) * 1.0y )
Fitness = 10.1085157919
Worst Ind: ( ( ( ( 0.2x + ( 0.5y + 0.142857142857x ) ) + 0.5x ) + 0.125x ) * ( ( ( ( 1.0x + 1.0y ) + 1.0y ) + 0.5x ) + 0.111111111111y ) )
Fitness = 10.9329649428
Avg Fitness = 10.6911822565
Duplicated = 13
============================================================================
Evaluate Gen  99
New Population 141
Better than Dads 34
Best Ind: ( 1.0y * ( ( ( 1.0x + ( 0.333333333333x + 1.0x ) ) + ( 1.0x + 0.5y ) ) + ( 1.0x + 0.5y ) ) )
Fitness = 10.0686501985
Worst Ind: ( ( ( 0.142857142857y + 0.5x ) + ( ( ( 0.5y + ( 0.2y + 0.333333333333x ) ) + ( ( 0.333333333333x + 0.25x ) + 1.0y ) ) + 0.5y ) ) * ( 1.0x + 0.5y ) )
Fitness = 10.8838504988
Avg Fitness = 10.6700774125
Duplicated = 14
============================================================================
Evaluate Gen  100
New Population 141
Better than Dads 39
Best Ind: ( 1.0y * ( ( ( 1.0x + ( 0.333333333333x + 1.0x ) ) + ( 1.0x + 0.5y ) ) + ( 1.0x + 0.5y ) ) )
Fitness = 10.0686501985
Worst Ind: ( ( 0.5x * ( ( 1.0y + 1.0y ) + ( ( 1.0x + 0.5y ) + 0.142857142857y ) ) ) + ( ( 1.0x + ( 1.0x + 0.5y ) ) * ( ( 0.2x + 0.333333333333x ) + 1.0y ) ) )
Fitness = 10.8654201436
Avg Fitness = 10.6612444451
Duplicated = 14
