dataset_file= dataset/SR_div.txt
population= 300
generations= 100
tournament_size= 3
cross_over= 0.9
mutation= 0.05
elitism= True
(50, 2)
============================================================================
Build initial population
ind: 1
( 0.333333333333x * ( ( 0.125x * 0.5x ) + ( ( ( ( 0.2y * 0.2x ) + 0.1y ) + 0.166666666667x ) + 0.166666666667x ) ) )
ind: 2
( ( ( 0.5y * 0.142857142857y ) + ( ( ( ( 0.125y * 0.166666666667y ) * 0.333333333333y ) + ( 0.1y + ( 0.1x * 0.25x ) ) ) + 0.2x ) ) + ( ( 0.166666666667x * 1.0x ) + 0.166666666667y ) )
ind: 3
( ( ( ( 0.111111111111x + ( 0.25x + ( 1.0y + 0.1x ) ) ) * 0.333333333333y ) + 1.0x ) * ( 0.5y * 0.2y ) )
ind: 4
( 0.111111111111x * ( 1.0y + ( ( ( 0.2y * ( 0.25y * 0.142857142857x ) ) + ( 0.25x + ( 0.1x + 0.111111111111x ) ) ) + ( ( 0.25y * ( 0.333333333333x + 0.5x ) ) * 0.125y ) ) ) )
ind: 5
( ( ( ( ( ( 0.2x * 0.333333333333y ) + 0.111111111111x ) * 0.1x ) + ( 0.1y * ( 0.166666666667x * 0.111111111111x ) ) ) + ( 0.111111111111y * ( ( 0.111111111111y * ( 0.1x + 0.5y ) ) * ( ( 0.5y + 0.111111111111y ) + ( 0.2y * 0.142857142857x ) ) ) ) ) * ( ( 0.142857142857y * ( 0.166666666667x + ( 0.166666666667y * 0.111111111111x ) ) ) + ( 1.0x + ( 0.111111111111y * ( 0.2x + 0.142857142857y ) ) ) ) )
ind: 6
( 0.142857142857x + ( ( 0.333333333333y + 0.333333333333y ) + ( 0.25y * ( ( 0.1y * ( 0.166666666667y * 0.111111111111x ) ) * 0.1y ) ) ) )
ind: 7
( 1.0y + ( ( 0.142857142857y * 0.125y ) * 0.166666666667x ) )
ind: 8
( ( 0.333333333333y + 0.166666666667y ) * ( 0.111111111111y * 0.333333333333x ) )
ind: 9
( ( 0.125x + ( 1.0y * ( 0.25y * ( 0.1y + ( 0.2y + 0.166666666667y ) ) ) ) ) * 0.333333333333x )
ind: 10
( ( ( ( ( 0.333333333333y + 0.142857142857y ) + 0.111111111111x ) * 0.142857142857y ) * 0.125y ) + 0.111111111111x )
ind: 11
( 0.5y + ( ( ( ( 0.333333333333y * ( 0.2x + 0.2x ) ) + 0.1y ) + ( 0.1y * 0.142857142857y ) ) + ( ( ( ( 0.142857142857x + 0.1x ) * 0.5x ) * ( ( 0.142857142857y + 0.333333333333x ) + 0.25y ) ) + 1.0y ) ) )
ind: 12
( ( 0.111111111111x * ( ( ( 0.25y + 0.333333333333x ) + ( ( 0.5y * 0.5y ) * 0.1x ) ) * 0.2y ) ) * ( 0.142857142857x * ( ( 0.25y + 0.333333333333x ) + 0.2x ) ) )
ind: 13
( ( 0.2y * ( 0.166666666667x + ( ( 0.2x * ( 0.142857142857x * 0.2y ) ) * 1.0y ) ) ) * 0.166666666667x )
ind: 14
( ( ( 0.166666666667x * ( ( ( 1.0x * 0.25x ) * 1.0x ) + ( ( 1.0y + 1.0x ) + 0.25x ) ) ) * ( ( 0.333333333333x * 0.25x ) + ( 0.25x + ( 0.125y * 0.166666666667x ) ) ) ) * 0.5x )
ind: 15
( ( 0.25y + ( 0.25x + ( 0.25x + 0.25x ) ) ) + ( ( 0.142857142857y * ( 0.2x + ( 0.25y * 0.5x ) ) ) * ( ( ( ( 0.25x + 0.5x ) + ( 0.166666666667y * 0.5y ) ) * ( ( 1.0x + 0.1y ) * ( 0.2x * 0.1x ) ) ) * ( ( 0.25y + ( 0.125x * 0.5x ) ) * 0.333333333333x ) ) ) )
ind: 16
( ( 0.5y + 0.333333333333y ) * ( ( ( 0.1y + ( 0.125y + 0.1x ) ) * 0.125y ) * 0.5y ) )
ind: 17
( 0.125y * ( 0.1x * ( ( 0.25y + 0.166666666667y ) + ( ( 0.5y + 0.166666666667x ) * ( ( 0.111111111111x * 0.166666666667y ) * 0.166666666667x ) ) ) ) )
ind: 18
( 0.1y * 0.125x )
ind: 19
( ( ( ( 0.333333333333x + 0.333333333333y ) + 0.5x ) * 0.125y ) + ( ( ( ( ( 0.333333333333y * 0.166666666667y ) * ( 0.333333333333y + 0.166666666667y ) ) + ( ( 0.5x + 0.111111111111x ) * ( 0.142857142857x * 0.111111111111x ) ) ) * ( 0.2y * 0.5x ) ) + 0.111111111111x ) )
ind: 20
( ( ( ( ( 0.1y + ( 0.5x * 0.111111111111x ) ) * ( 0.142857142857y + ( 0.1x + 0.2y ) ) ) * 0.2x ) * ( ( 0.125x + ( ( 0.333333333333y * 1.0x ) * ( 0.25x * 0.166666666667x ) ) ) * 0.5x ) ) + ( ( ( 0.5y * ( ( 0.5x * 0.142857142857x ) + ( 0.333333333333x * 0.25y ) ) ) + ( ( 1.0y + 0.25x ) * ( ( 0.111111111111y * 0.25x ) + 0.142857142857x ) ) ) * ( 0.166666666667y + 1.0x ) ) )
ind: 21
( ( 0.25y * ( 0.125y * ( ( ( 0.125x + 0.111111111111y ) + 0.166666666667y ) + ( ( 0.333333333333x + 0.111111111111x ) + ( 0.111111111111x + 0.166666666667x ) ) ) ) ) * 0.1y )
ind: 22
( 0.166666666667y * ( ( 0.125y * 0.2y ) * ( ( ( 0.25y + 0.111111111111y ) + ( 0.142857142857y + 0.25x ) ) * ( 0.5y + ( ( 0.111111111111y + 1.0y ) * ( 0.142857142857x + 0.333333333333x ) ) ) ) ) )
ind: 23
( 0.25y + ( 0.5x * ( ( ( 0.142857142857x * ( 0.142857142857y * 0.1y ) ) * ( ( 0.166666666667x * 0.1x ) + 0.125y ) ) + 1.0y ) ) )
ind: 24
( ( 0.125y * 0.2x ) * ( 0.2y * 0.166666666667y ) )
ind: 25
( ( 0.1y * ( 0.142857142857y * 0.5x ) ) + ( 0.1x * ( ( 0.142857142857y + 0.2x ) * 0.5y ) ) )
ind: 26
( ( ( 0.111111111111y + ( 0.166666666667x * ( 0.2y + ( 1.0x * 0.125y ) ) ) ) + ( ( ( ( 0.333333333333x * 1.0x ) + 0.333333333333x ) + 0.111111111111x ) + ( 0.142857142857y + ( ( 0.125y + 0.142857142857x ) + ( 0.142857142857y * 1.0x ) ) ) ) ) + ( 0.2y + 0.5x ) )
ind: 27
( ( ( 0.25y + 1.0y ) + 0.333333333333y ) + ( 0.5y + ( ( 0.2x + ( 0.111111111111x * ( 0.333333333333x + 0.333333333333x ) ) ) + 0.166666666667y ) ) )
ind: 28
( ( 0.142857142857x + ( 0.166666666667x + ( 0.25y + 0.111111111111y ) ) ) * ( 0.1x + 0.142857142857y ) )
ind: 29
( ( ( 0.142857142857x + ( 0.5x * 1.0y ) ) + 0.142857142857y ) + 0.142857142857y )
ind: 30
( ( ( ( 0.2y * 0.166666666667y ) * 0.333333333333y ) * 0.166666666667y ) + 0.5x )
ind: 31
( ( ( 0.125y * 0.2y ) * ( 0.111111111111y * ( ( 0.333333333333x * 0.25y ) + ( ( 0.333333333333x * 0.25y ) * ( 0.25y * 0.25x ) ) ) ) ) * 0.142857142857x )
ind: 32
( 0.25x + ( 0.25y * ( 0.333333333333y * ( 0.5x + 0.5y ) ) ) )
ind: 33
( ( 0.5x + ( ( ( 0.2x * 0.1y ) + 1.0x ) * 0.125x ) ) * ( 1.0y * ( ( ( ( 0.5y * 0.111111111111x ) + ( 0.125x * 0.166666666667y ) ) * 0.166666666667y ) + ( 1.0x * ( 0.2x * ( 0.125y * 0.111111111111x ) ) ) ) ) )
ind: 34
( ( 1.0y + ( ( 0.25x * ( ( 0.25y * 0.5x ) + ( 0.2y + 0.5y ) ) ) * 0.111111111111y ) ) + ( 0.142857142857y * ( ( ( ( 0.166666666667x * 0.2y ) * 0.5y ) + ( ( 0.166666666667y + 0.25x ) * 0.111111111111y ) ) * ( 0.25y * ( 0.5y + ( 0.2x * 0.166666666667y ) ) ) ) ) )
ind: 35
( 0.1y * 0.166666666667x )
ind: 36
( ( 0.142857142857x + ( 0.142857142857y * ( 0.25y + 0.1y ) ) ) * ( ( ( ( 1.0y * 0.2x ) + ( ( 0.5y + 0.142857142857y ) + ( 0.142857142857y * 0.142857142857y ) ) ) * ( 0.5y + ( 0.5x + ( 0.142857142857x + 0.333333333333y ) ) ) ) * 0.142857142857y ) )
ind: 37
( 0.1x + ( ( 0.5x * ( 0.111111111111y + 0.1y ) ) + ( ( ( 0.142857142857x + ( 1.0x + 0.2x ) ) + ( ( 0.25y * 1.0y ) * ( 0.333333333333x + 0.1x ) ) ) * ( 0.142857142857y + ( ( 0.333333333333y + 0.111111111111y ) + ( 0.111111111111x + 0.2x ) ) ) ) ) )
ind: 38
( ( ( ( ( ( 0.111111111111y + 0.111111111111x ) + ( 0.1y * 0.333333333333y ) ) + ( ( 0.142857142857y + 0.333333333333y ) * 0.142857142857x ) ) + ( ( 0.333333333333x + ( 0.166666666667y * 0.1x ) ) + 0.5x ) ) * ( 0.25x * ( 0.1y * 0.166666666667x ) ) ) + 0.25x )
ind: 39
( 0.1x + 0.25y )
ind: 40
( 0.5x * ( ( 1.0y + ( 0.125y * 0.25x ) ) + 0.1y ) )
ind: 41
( 0.166666666667x + ( ( 1.0y * 0.125x ) + ( 0.333333333333y * 0.142857142857y ) ) )
ind: 42
( 0.166666666667x * ( ( 0.333333333333y + 0.25x ) + 0.333333333333x ) )
ind: 43
( 0.2x * 0.142857142857y )
ind: 44
( 0.333333333333x + ( ( 0.5y * 0.111111111111x ) + ( ( 0.333333333333x * 0.142857142857x ) + ( ( 0.2y + ( 0.2x * 1.0x ) ) * ( 0.5x + ( 0.2x * 1.0y ) ) ) ) ) )
ind: 45
( 0.5y + ( ( 0.166666666667x * ( 0.142857142857y + ( ( 0.125y + 0.166666666667x ) + ( 0.2x + 0.2y ) ) ) ) + ( 0.25x + 0.125y ) ) )
ind: 46
( 0.142857142857x * ( ( ( 0.1y + 0.25y ) * ( ( 0.142857142857y + 0.1x ) + 0.2x ) ) + ( ( 1.0x + ( 0.166666666667x + ( 0.5y + 0.2y ) ) ) * 0.1x ) ) )
ind: 47
( 0.5x + 0.125y )
ind: 48
( ( 0.142857142857x + ( 0.1y * 0.5y ) ) * 0.5y )
ind: 49
( ( ( ( 0.111111111111x * 0.111111111111x ) * 0.5y ) + 0.2x ) * 0.125x )
ind: 50
( 0.142857142857x + ( 0.142857142857y * ( ( 0.166666666667x + 0.111111111111y ) + 0.166666666667y ) ) )
ind: 51
( 1.0x + ( 0.5y + 0.333333333333y ) )
ind: 52
( ( ( ( 0.142857142857y * 0.111111111111x ) * 0.333333333333x ) + 0.25x ) * 0.2x )
ind: 53
( ( 0.333333333333x + 0.5y ) * ( ( ( ( ( 0.25y + 1.0y ) + ( 0.5x * 1.0y ) ) * 0.25y ) * ( ( 0.25y * 0.166666666667y ) * ( ( 0.5y + 0.125y ) * 0.125x ) ) ) * 0.25x ) )
ind: 54
( ( ( ( 0.25y + ( ( 1.0x + 0.125y ) * ( 0.1x + 0.111111111111x ) ) ) * 0.142857142857x ) * ( ( 0.1x * 0.166666666667x ) * ( 0.125y * 0.2y ) ) ) + 1.0y )
ind: 55
( ( ( 0.333333333333x * ( ( 0.166666666667x * 0.111111111111x ) + ( 1.0y + ( 0.5y + 0.1y ) ) ) ) + ( 0.5x + ( ( ( 0.2y * 0.125y ) * 0.142857142857x ) * ( 0.111111111111y + 0.5x ) ) ) ) + 0.1y )
ind: 56
( 1.0x * 0.142857142857y )
ind: 57
( ( 0.2x + 1.0x ) + 0.2y )
ind: 58
( ( ( ( 0.125y * 0.142857142857y ) + 0.5y ) * ( ( 0.1y * 0.166666666667x ) * ( 0.5y * ( ( 0.333333333333y * 0.2y ) + 0.142857142857y ) ) ) ) * 0.333333333333y )
ind: 59
( ( ( 0.166666666667x * 0.111111111111x ) + 0.2y ) * 0.2y )
ind: 60
( 0.1x * ( 0.1y * 0.25y ) )
ind: 61
( 0.125x + 0.1y )
ind: 62
( 0.111111111111x * 0.25y )
ind: 63
( 0.25y * 0.2x )
ind: 64
( ( ( ( ( ( 0.5x * 0.333333333333y ) + 0.111111111111x ) * 0.5y ) + ( ( 0.1y + 0.125x ) * 0.25y ) ) + ( 0.333333333333y + ( ( 0.166666666667x * 0.166666666667x ) + 0.111111111111x ) ) ) * 0.1y )
ind: 65
( ( ( 0.1x + ( 0.125y * 0.333333333333y ) ) * 0.333333333333y ) + 1.0y )
ind: 66
( 0.166666666667x + ( ( ( 0.5y + 0.1x ) + ( 0.125x + 0.111111111111x ) ) * ( 0.1x * ( 0.111111111111x * 0.333333333333y ) ) ) )
ind: 67
( ( 0.142857142857y + 0.333333333333x ) + 0.1y )
ind: 68
( ( ( 0.111111111111x + 0.166666666667y ) * 0.1x ) + 0.111111111111y )
ind: 69
( ( 0.111111111111y * ( 0.25x * ( 0.111111111111y * ( 0.142857142857y * ( 0.25x * 0.125x ) ) ) ) ) + 0.142857142857x )
ind: 70
( ( 0.333333333333y + 0.333333333333x ) + 0.25x )
ind: 71
( 0.5y * ( ( ( 1.0y + ( ( 0.2x + 0.125x ) + ( 0.333333333333x + 0.25x ) ) ) + 0.125x ) + ( ( 0.125x + 0.2y ) + ( ( 0.142857142857y + 1.0y ) + ( ( 0.333333333333y * 0.125y ) * ( 0.2x + 0.1x ) ) ) ) ) )
ind: 72
( ( 0.166666666667x * 0.1y ) + ( ( 0.1x * 0.25x ) * ( ( ( 0.166666666667y + ( 0.142857142857x * 0.111111111111y ) ) + 0.111111111111y ) + ( 0.25x + ( 0.333333333333x * ( 0.1x * 0.333333333333x ) ) ) ) ) )
ind: 73
( 0.5x * ( ( 0.333333333333y + 0.142857142857y ) + 0.25y ) )
ind: 74
( ( ( 0.25y * ( ( ( 0.142857142857x + 1.0x ) + 0.111111111111y ) + ( 0.111111111111x * 0.333333333333x ) ) ) * 0.125x ) + 0.2y )
ind: 75
( 0.125y * ( 0.111111111111y + ( ( 1.0x + 0.5x ) * 1.0x ) ) )
ind: 76
( ( ( 1.0x + 0.111111111111y ) + 0.2y ) * 0.2y )
ind: 77
( 0.25x + ( 1.0x * 1.0y ) )
ind: 78
( 0.125x * ( 0.125x + ( ( ( 0.25y * ( 0.5x + 0.5x ) ) * 0.142857142857x ) * 0.2y ) ) )
ind: 79
( 0.25x + 0.125y )
ind: 80
( ( 0.333333333333x * 0.142857142857x ) + ( 0.125y * ( ( 0.125x * 0.2x ) * 0.142857142857x ) ) )
ind: 81
( 0.333333333333x * ( 0.25y + ( 0.142857142857x + 1.0y ) ) )
ind: 82
( ( 0.2x + ( 0.25y * ( 0.142857142857x * ( ( 0.142857142857x + 0.142857142857y ) + 0.5y ) ) ) ) + ( 0.25y + 0.111111111111y ) )
ind: 83
( ( ( ( 0.166666666667x + ( ( 0.5y + 0.2x ) + 0.5y ) ) + 0.142857142857x ) + ( ( ( ( 0.125y + 1.0x ) + ( 0.25x * 0.25y ) ) + 0.1y ) + ( ( 0.111111111111x * 1.0x ) + ( 0.125y + 1.0x ) ) ) ) * ( 1.0y + 0.2x ) )
ind: 84
( ( ( ( 0.111111111111x + 0.142857142857y ) + ( ( ( 0.25y + 0.25x ) * 0.25x ) + 0.166666666667y ) ) * 1.0y ) * ( ( ( 0.111111111111x * ( 0.5y * ( 0.142857142857x * 0.333333333333y ) ) ) + 0.125x ) + ( 0.25y + 0.125y ) ) )
ind: 85
( ( ( ( 1.0x + 0.333333333333y ) + 0.125y ) * 0.5y ) * ( ( ( ( ( 0.1y + 0.333333333333x ) + 1.0y ) * ( ( 0.111111111111x + 0.333333333333x ) + ( 0.125y * 1.0y ) ) ) * 0.5y ) + ( 0.2y + 0.111111111111x ) ) )
ind: 86
( ( 0.125x + 0.125y ) * ( ( 0.5y * 0.25y ) + 0.125y ) )
ind: 87
( ( 0.142857142857y * 0.25y ) * ( 0.111111111111x + 0.125y ) )
ind: 88
( 0.5y + ( 0.333333333333y * ( 0.111111111111x * ( 0.2x * 0.2x ) ) ) )
ind: 89
( 0.5x * ( 0.125x * ( ( ( ( 0.5y + 0.166666666667y ) + 0.111111111111y ) + ( 0.142857142857x + 0.111111111111x ) ) + ( ( ( 0.111111111111x + 0.333333333333y ) + 1.0y ) * 0.25y ) ) ) )
ind: 90
( 0.111111111111y * 0.333333333333x )
ind: 91
( 0.333333333333x * 0.1y )
ind: 92
( ( 0.25y * 0.2x ) * ( ( 1.0x * 0.1y ) + 0.5y ) )
ind: 93
( ( ( 0.333333333333y * 0.5x ) + 0.125y ) * 1.0y )
ind: 94
( ( 0.142857142857x * 0.1x ) * 0.111111111111y )
ind: 95
( ( 0.1x * ( ( 0.142857142857x + ( 0.2y * ( 0.25y + 0.166666666667y ) ) ) + ( ( 0.166666666667x * 0.111111111111y ) + 0.1y ) ) ) + ( 0.166666666667x * ( ( 0.1y + 0.111111111111y ) * 0.333333333333y ) ) )
ind: 96
( ( ( 0.2x * ( 0.166666666667y + 0.5y ) ) + ( 0.166666666667x + ( 0.333333333333x + ( ( 0.1x * 0.333333333333x ) * 0.2x ) ) ) ) + ( ( ( ( 0.125x + ( 0.142857142857y * 0.125y ) ) + ( 0.125y + 0.1x ) ) + ( 0.25y * 0.2y ) ) * ( ( ( ( 0.142857142857x * 0.5y ) + 0.2y ) + ( ( 0.333333333333x + 0.2x ) * 0.142857142857x ) ) + 0.333333333333y ) ) )
ind: 97
( 1.0y * ( ( ( 0.25x + ( ( 0.125y + 0.125y ) * 0.142857142857y ) ) * ( ( 0.25y + ( 1.0x + 0.333333333333y ) ) + 0.1y ) ) + ( ( 0.25x + ( ( 0.142857142857y + 0.142857142857y ) + 0.5y ) ) * 0.5x ) ) )
ind: 98
( 0.166666666667x * 0.5y )
ind: 99
( ( ( ( 0.125y * ( ( 0.125x + 0.166666666667y ) + ( 0.25x * 0.142857142857y ) ) ) * 0.142857142857x ) + ( 1.0x + 0.166666666667x ) ) * 0.125x )
ind: 100
( ( 0.2y + 0.25x ) * 0.5y )
ind: 101
( ( ( ( 0.166666666667y + ( 1.0x + 0.5y ) ) * 0.166666666667x ) + 0.25x ) * ( ( ( ( ( 0.333333333333y * 0.166666666667y ) + 0.5x ) + ( 1.0y + ( 0.1x + 0.111111111111y ) ) ) + ( ( 0.5y * 0.125x ) * 0.5x ) ) + 0.1y ) )
ind: 102
( ( 0.25y * 0.5y ) * ( ( ( 0.2y + 0.2x ) * 0.166666666667x ) * ( ( 0.25y * 0.111111111111x ) * ( 0.1y + 0.1x ) ) ) )
ind: 103
( 0.1x * ( 0.111111111111y * ( ( ( ( 0.142857142857y * 0.2y ) + ( 0.111111111111x * 0.1x ) ) * ( ( 0.333333333333x * 0.5y ) * 0.166666666667x ) ) * 0.111111111111x ) ) )
ind: 104
( ( ( ( ( ( 0.111111111111y * 0.166666666667y ) * ( 0.2x * 0.25x ) ) + 0.111111111111x ) * 0.25x ) * 0.5y ) + ( 0.5x * 0.2x ) )
ind: 105
( ( 0.166666666667x + 0.166666666667y ) + 1.0y )
ind: 106
( 0.142857142857x + ( ( 0.333333333333x * ( ( ( 0.1y + 0.111111111111y ) * ( 0.333333333333x * 0.5x ) ) * ( ( 0.2x + 0.111111111111y ) * ( 0.5y + 0.166666666667y ) ) ) ) * ( ( ( ( 0.111111111111y * 0.333333333333x ) + ( 0.25y + 0.125x ) ) + ( 0.125y * 1.0y ) ) + ( ( ( 0.125x * 0.5y ) + 0.111111111111x ) * ( ( 0.1y * 0.125y ) + 0.142857142857y ) ) ) ) )
ind: 107
( ( 0.111111111111y + 0.5x ) + ( ( 0.125x + ( 0.166666666667y * ( 1.0y + ( 0.111111111111x * 0.25x ) ) ) ) * 0.5y ) )
ind: 108
( ( ( 0.5x * ( 0.111111111111x * ( 0.111111111111y * ( 0.142857142857y + 0.5y ) ) ) ) + 0.166666666667x ) + ( ( ( 1.0y * ( ( 0.111111111111y * 0.25y ) + ( 0.111111111111x + 0.125x ) ) ) + 0.5y ) + ( 0.1x * ( 0.111111111111y * ( 0.333333333333y * ( 0.111111111111y * 0.125x ) ) ) ) ) )
ind: 109
( 0.166666666667y + 0.333333333333x )
ind: 110
( ( ( 0.166666666667y + 0.111111111111x ) * 0.25x ) + 1.0y )
ind: 111
( ( ( 0.1y * 0.2y ) + ( ( ( 0.142857142857x + ( 0.125x + 0.333333333333y ) ) + 0.333333333333y ) + ( 0.125y + ( 1.0y * ( 0.125y + 0.111111111111y ) ) ) ) ) + 0.5y )
ind: 112
( 1.0x * 0.25y )
ind: 113
( ( ( ( 0.333333333333x * ( 0.166666666667y * ( 1.0x + 0.2x ) ) ) * ( 0.142857142857y * 0.5x ) ) + 0.142857142857y ) + ( 1.0y + 0.5x ) )
ind: 114
( ( 0.2y + ( ( 0.111111111111x * 0.1x ) * 0.25y ) ) + 0.142857142857x )
ind: 115
( 0.25y + 0.142857142857x )
ind: 116
( ( ( ( ( 0.142857142857x * 1.0x ) + 0.111111111111x ) + ( ( 0.125y + 0.5x ) * 0.166666666667x ) ) * ( ( 0.125x * ( ( 0.111111111111y * 0.142857142857x ) * ( 0.142857142857x * 0.125y ) ) ) * ( ( 0.166666666667y + 0.166666666667x ) + ( 0.142857142857y + 0.25y ) ) ) ) * ( ( 0.5x * ( 0.2y * 0.1x ) ) * 0.333333333333x ) )
ind: 117
( 0.166666666667x + ( ( 0.1x + 0.5x ) + 0.1y ) )
ind: 118
( ( ( 0.1y * ( 0.1x * ( ( 0.2x * 0.166666666667x ) * ( 0.111111111111x * 0.111111111111y ) ) ) ) + 0.25y ) + ( 0.333333333333x + ( 0.125x + ( 0.25y * 0.1x ) ) ) )
ind: 119
( ( ( ( 0.111111111111y * ( ( 0.125x + 0.166666666667x ) * 1.0y ) ) * ( ( ( 1.0x * 0.2y ) + ( 0.2y * 0.2y ) ) + 0.142857142857x ) ) * ( ( 0.1x * ( 0.1y + ( 0.2y + 0.142857142857y ) ) ) + 1.0y ) ) * 0.1x )
ind: 120
( 0.111111111111x * 0.5y )
ind: 121
( ( 0.25x * 0.333333333333y ) + 0.125y )
ind: 122
( 1.0y * ( ( ( ( ( 0.111111111111y + 0.5y ) * ( 0.333333333333x * 0.1x ) ) * ( ( 0.2x * 0.25y ) * ( 0.142857142857x * 0.111111111111x ) ) ) + ( ( 0.333333333333x * 0.333333333333x ) + ( 0.142857142857y * ( 0.125y + 0.25x ) ) ) ) + ( ( ( 0.125y + 0.333333333333x ) * ( 0.111111111111y * ( 0.125y * 1.0x ) ) ) * 0.1y ) ) )
ind: 123
( ( ( ( 0.166666666667x + 0.333333333333y ) * 0.25y ) * ( ( 0.333333333333y + ( 0.142857142857x * ( 0.25y * 0.1x ) ) ) * ( ( 0.5y * 0.2x ) * 0.5x ) ) ) + ( 0.5x * 0.333333333333y ) )
ind: 124
( ( 0.166666666667x * ( ( 0.2x * ( ( 0.111111111111y * 0.111111111111x ) * 0.1y ) ) * 0.142857142857y ) ) + ( 0.111111111111y * ( 0.2y * ( 1.0y + 0.125y ) ) ) )
ind: 125
( ( ( 0.25x + 0.166666666667y ) + 0.142857142857x ) * 0.1y )
ind: 126
( ( 1.0x * ( ( ( ( 0.1y + 0.142857142857y ) + 0.1x ) * 0.25x ) * ( ( ( 0.111111111111y * 0.333333333333y ) * ( 1.0x + 0.142857142857y ) ) * ( 0.166666666667y * 0.2y ) ) ) ) * 0.1y )
ind: 127
( ( ( ( 0.125x * ( 0.166666666667y + 0.1x ) ) + 0.5y ) + ( ( 0.333333333333y * 0.166666666667y ) * 0.2x ) ) + 1.0x )
ind: 128
( 0.142857142857x * ( ( 0.166666666667x + ( 0.2y * 0.2x ) ) * ( ( ( ( 1.0y * 0.2y ) + ( 0.5y + 0.333333333333y ) ) + ( ( 0.142857142857x * 0.142857142857x ) + ( 0.166666666667y + 0.125y ) ) ) + ( ( 0.2y * 0.125x ) * ( ( 0.333333333333y * 0.142857142857y ) + ( 0.142857142857y + 0.333333333333y ) ) ) ) ) )
ind: 129
( ( 0.5x * ( 0.1x * ( ( 0.125y + ( 0.1y + 0.1y ) ) * 0.166666666667y ) ) ) * 0.125y )
ind: 130
( ( ( 0.111111111111x + 0.166666666667y ) + 1.0x ) * ( 0.142857142857y * 0.111111111111y ) )
ind: 131
( 0.333333333333x + ( ( 0.2x + 0.111111111111x ) + 1.0y ) )
ind: 132
( ( ( ( ( ( 0.166666666667x + 0.166666666667y ) * 0.125y ) * 0.166666666667y ) + 0.142857142857x ) + 1.0y ) * ( ( ( 0.5x + 0.1y ) + ( ( ( 0.1x + 0.125y ) + 0.333333333333y ) * 0.166666666667y ) ) * 0.111111111111y ) )
ind: 133
( ( 0.1y * 0.142857142857x ) + ( ( ( 0.5y * ( ( 0.333333333333y * 0.1x ) * 0.25x ) ) * ( ( 0.333333333333x + ( 1.0x + 1.0y ) ) * 0.5x ) ) + 0.5x ) )
ind: 134
( ( ( ( ( 0.125x * ( 0.111111111111x + 0.1x ) ) + ( 0.125x * ( 0.25x * 0.142857142857x ) ) ) + ( 0.2x + ( 1.0x + ( 0.166666666667y + 0.166666666667x ) ) ) ) + ( ( 0.5y * 0.125x ) + ( 0.5y + 1.0x ) ) ) + 0.125y )
ind: 135
( 0.2y * ( ( 1.0x + ( 0.25y * ( ( 0.111111111111x * 0.125x ) + ( 1.0x * 0.125y ) ) ) ) + 0.25x ) )
ind: 136
( 0.166666666667x * ( ( ( 0.166666666667y * ( 1.0x + ( 0.142857142857y + 0.111111111111y ) ) ) + 1.0x ) * ( ( ( ( 0.5y * 0.111111111111x ) * ( 0.111111111111x * 0.1y ) ) + 0.1y ) * ( 1.0y * 0.2x ) ) ) )
ind: 137
( 0.166666666667y * ( ( ( ( ( 0.1y * 0.333333333333x ) * ( 0.1x * 0.111111111111y ) ) * ( ( 0.25x * 0.2x ) + ( 1.0y + 1.0y ) ) ) + 0.125y ) + 0.142857142857x ) )
ind: 138
( 0.142857142857x + 0.333333333333y )
ind: 139
( 0.25y * 0.111111111111x )
ind: 140
( ( 0.2x + ( ( ( 0.142857142857x + 0.166666666667x ) * 0.5y ) * ( 0.333333333333y * 0.5y ) ) ) * ( 0.166666666667x * 0.333333333333y ) )
ind: 141
( 0.1x + 0.25y )
ind: 142
( ( 0.1x + 0.125y ) + ( ( ( ( ( 0.1x + 0.5y ) * 0.166666666667y ) * ( 0.2x + ( 0.2x + 1.0y ) ) ) * 0.1y ) + ( ( 0.1y * ( ( 0.2x * 0.125y ) * ( 0.1x + 0.25x ) ) ) * 0.1x ) ) )
ind: 143
( ( 0.25y + 0.125y ) * 0.1x )
ind: 144
( 0.166666666667y * 0.125x )
ind: 145
( ( 0.2y + 0.2x ) * 0.2x )
ind: 146
( ( ( ( 1.0y + 0.166666666667y ) + 0.5x ) + ( ( 0.125x + 0.25y ) + 0.166666666667x ) ) * ( 0.2x * ( ( 0.142857142857x * ( 0.142857142857x * 0.166666666667x ) ) * ( 0.142857142857x * 0.5x ) ) ) )
ind: 147
( 0.5x + ( ( ( 0.2x * 0.142857142857y ) * ( ( ( 0.25y * 0.166666666667x ) * ( 0.142857142857y * 0.111111111111x ) ) + 1.0y ) ) + 0.333333333333x ) )
ind: 148
( 0.25y + 0.166666666667x )
ind: 149
( 0.111111111111x * ( 0.111111111111y * ( 0.5y + ( ( 0.333333333333y + 0.2y ) + 0.2x ) ) ) )
ind: 150
( ( 1.0x + 1.0x ) + ( ( 0.166666666667y * ( ( 1.0y * ( 1.0x + 0.25y ) ) * 0.111111111111x ) ) + ( ( ( ( 0.142857142857y + 0.142857142857y ) + ( 0.1x * 0.166666666667y ) ) + ( ( 0.166666666667x + 0.1x ) + 0.166666666667y ) ) + ( ( ( 1.0x + 0.166666666667y ) + 0.166666666667y ) + ( 0.1y + ( 0.25x + 0.142857142857x ) ) ) ) ) )
ind: 151
( 1.0y * ( ( ( ( 0.5x * ( 0.125x * 0.5x ) ) * ( ( 0.142857142857y + 0.111111111111x ) * 0.111111111111x ) ) + ( ( 0.142857142857x + 0.1x ) * 1.0x ) ) * 1.0y ) )
ind: 152
( ( ( 0.142857142857y + 0.25x ) * ( ( 0.2y + 0.1x ) * 1.0y ) ) * 0.166666666667x )
ind: 153
( ( 0.142857142857y + ( 0.125y * ( ( 0.2y * ( 0.333333333333y + 1.0y ) ) + ( ( 1.0y + 0.5x ) * ( 0.142857142857x * 1.0x ) ) ) ) ) + 0.333333333333x )
ind: 154
( 0.125y * ( 0.1y * ( ( ( ( 0.5y + 0.166666666667y ) * ( 0.111111111111x + 0.125y ) ) + 0.111111111111y ) + 0.1x ) ) )
ind: 155
( 0.125y + 0.166666666667x )
ind: 156
( ( 0.2y * 0.142857142857y ) + ( ( ( ( 0.125x + 0.333333333333x ) + 0.333333333333y ) + 0.333333333333y ) + ( ( ( 0.166666666667y * 0.333333333333x ) + 0.111111111111x ) * 0.2x ) ) )
ind: 157
( ( 0.2y * ( ( ( ( 0.25x * 0.142857142857x ) + ( 0.333333333333x + 0.2x ) ) + 0.2y ) + 0.2x ) ) + ( ( 0.142857142857x + ( 0.142857142857y * ( 0.125y * 0.1x ) ) ) * 0.166666666667y ) )
ind: 158
( 0.142857142857y * 0.142857142857x )
ind: 159
( ( 0.142857142857y + 0.1y ) + ( 0.5x * ( 0.5y + 1.0x ) ) )
ind: 160
( 0.166666666667x * 0.1y )
ind: 161
( ( ( 0.2y + 0.166666666667y ) + 0.1x ) * ( 1.0x + 0.142857142857y ) )
ind: 162
( 0.5x * ( 0.125x + 1.0y ) )
ind: 163
( 0.142857142857y + ( 0.2y * 0.125x ) )
ind: 164
( ( ( 1.0y + ( 0.142857142857x * 0.111111111111x ) ) + ( 0.333333333333y + ( ( ( 0.125x + 0.111111111111y ) + 0.166666666667y ) + ( ( 0.111111111111y + 0.333333333333y ) + 0.25y ) ) ) ) + ( ( ( ( 0.2y + ( 0.125y + 0.333333333333y ) ) * 0.125y ) + ( 1.0x + 1.0y ) ) * ( 0.5x * ( 0.25y * 0.2y ) ) ) )
ind: 165
( 0.25x * ( 1.0x + ( 0.111111111111y * ( 0.2y * 0.142857142857x ) ) ) )
ind: 166
( ( ( 0.5y + ( 0.1x * 0.333333333333y ) ) * ( 0.5y + 0.111111111111y ) ) * ( ( ( ( ( 0.1y + 0.111111111111x ) * ( 0.125y + 0.166666666667y ) ) * ( ( 0.166666666667x + 1.0x ) + 0.125x ) ) + 0.2x ) + ( 0.125y * 0.125x ) ) )
ind: 167
( ( ( 0.166666666667x + 0.142857142857y ) * 0.333333333333y ) + 0.5y )
ind: 168
( 0.1y * 0.333333333333x )
ind: 169
( ( 0.125y * 0.111111111111x ) + ( 0.2x + ( 0.1x * ( 0.25y * ( 0.111111111111y * 0.2x ) ) ) ) )
ind: 170
( 0.25x + ( ( 0.125x * ( ( 0.333333333333y * ( 0.142857142857x * 0.142857142857x ) ) + ( ( 1.0x + 0.142857142857y ) * ( 0.2y + 0.333333333333y ) ) ) ) * ( 0.333333333333y * 0.125y ) ) )
ind: 171
( ( ( 0.111111111111y * 0.2x ) * ( ( ( ( 0.142857142857y * 0.5x ) + 0.2y ) * ( ( 1.0x * 0.166666666667y ) + ( 0.142857142857x + 0.166666666667y ) ) ) + ( 0.2y * ( ( 0.166666666667y + 0.125x ) + 0.125x ) ) ) ) * 0.125x )
ind: 172
( ( 1.0y * 1.0y ) + 0.25x )
ind: 173
( ( 0.5y + ( ( ( 0.111111111111y * ( 0.166666666667x + 0.25y ) ) + 0.111111111111y ) * 0.333333333333y ) ) * 0.111111111111y )
ind: 174
( 0.1x * ( 0.2y + 0.2y ) )
ind: 175
( ( 0.333333333333x + ( ( ( ( 0.142857142857x + 1.0x ) + ( 0.142857142857x + 0.25y ) ) + 0.111111111111x ) * ( ( 0.5x * 0.25y ) * 0.142857142857y ) ) ) + ( ( 0.125y + 0.2x ) * 0.125x ) )
ind: 176
( 0.125x + ( ( 0.25y * 0.125y ) * 0.125y ) )
ind: 177
( ( 0.333333333333y + 0.2y ) * 0.2x )
ind: 178
( ( ( 0.125x * ( ( 0.166666666667y + 0.1y ) + ( ( 0.166666666667y * 0.1x ) * ( 0.111111111111y * 0.333333333333x ) ) ) ) * ( 0.5x + 0.5y ) ) + ( ( 0.333333333333y + 0.1y ) + ( ( ( 0.2y * 0.125y ) + ( 0.2x + ( 0.25y + 0.2x ) ) ) * ( 0.166666666667x * ( 0.166666666667y + ( 0.142857142857y + 0.1y ) ) ) ) ) )
ind: 179
( 0.1y + ( ( 0.111111111111y + 0.111111111111y ) + ( ( 0.166666666667x * ( ( 0.2x + 1.0x ) * ( 0.5x * 0.333333333333x ) ) ) + 0.5y ) ) )
ind: 180
( 0.333333333333y + ( 0.1x * ( 0.1y + 0.142857142857x ) ) )
ind: 181
( 0.2y * 0.142857142857x )
ind: 182
( ( 0.333333333333y + 0.5y ) * ( ( ( 0.5x + 0.125y ) * 0.5y ) * 0.1y ) )
ind: 183
( ( 1.0x * 0.333333333333y ) + ( ( 0.1y * 0.111111111111y ) * 0.5y ) )
ind: 184
( ( 0.1x * 0.1y ) * ( ( ( 0.333333333333x * 0.125x ) * ( ( ( 0.142857142857x + 0.5x ) + 0.5x ) * 0.25x ) ) * ( 0.125y * 1.0x ) ) )
ind: 185
( 1.0x * ( ( 1.0y + ( 0.166666666667y + 0.125x ) ) + ( 0.25x + ( 0.1y * 1.0y ) ) ) )
ind: 186
( 1.0x + 0.1y )
ind: 187
( ( ( 1.0y * 0.2y ) * ( 0.142857142857x * ( ( 0.142857142857x * ( 0.125x + 0.333333333333y ) ) + ( ( 0.25x * 0.142857142857x ) + 0.142857142857y ) ) ) ) * ( ( 0.333333333333x * 1.0y ) * 0.5x ) )
ind: 188
( 0.142857142857y * ( 0.125y + ( ( 1.0y + 0.166666666667x ) * 0.125x ) ) )
ind: 189
( 0.5y * 0.125x )
ind: 190
( ( ( 1.0x + 0.125x ) * ( 0.25y + ( ( 1.0x + ( 0.166666666667y + 0.25x ) ) * ( 0.2x * 0.1y ) ) ) ) * 0.142857142857x )
ind: 191
( 0.125x + 0.166666666667y )
ind: 192
( ( ( 0.125y + 0.166666666667y ) * ( 1.0x + 0.5x ) ) * 0.166666666667x )
ind: 193
( ( ( ( 0.125x * ( ( 0.125y * 0.142857142857y ) + 1.0x ) ) + 1.0y ) * 0.166666666667x ) * ( ( ( ( ( 0.166666666667y * 0.333333333333y ) * ( 0.1y * 0.1x ) ) + ( 1.0y + ( 0.333333333333x * 0.25y ) ) ) + ( ( ( 0.111111111111x + 1.0y ) * ( 0.142857142857x + 0.5x ) ) * ( 0.5x * ( 0.111111111111y + 0.111111111111y ) ) ) ) * 0.2x ) )
ind: 194
( ( ( ( ( 0.1y + ( 0.333333333333y + 0.25x ) ) * 0.333333333333y ) + 0.25x ) * ( ( ( ( 0.333333333333y * 0.2y ) * ( 1.0y * 0.125x ) ) + 0.1x ) * 0.142857142857x ) ) + ( 0.333333333333x * ( 0.125x * ( ( 0.25y + ( 0.1y * 0.1y ) ) + ( 0.142857142857x * ( 0.1y * 0.5x ) ) ) ) ) )
ind: 195
( 0.5x + ( ( 0.1x * ( 0.125x * ( ( 0.1x + 0.25y ) + ( 0.125x * 0.1x ) ) ) ) * 0.125x ) )
ind: 196
( 0.142857142857x * ( 0.25x + 1.0y ) )
ind: 197
( ( 0.125y * ( ( 0.125y + 0.333333333333y ) + ( ( 0.125y * 0.125y ) * ( 0.5x * 0.25x ) ) ) ) * ( ( ( ( 0.25y * ( 0.111111111111y * 1.0y ) ) * 1.0x ) * 1.0y ) + ( ( 0.5x * ( 0.111111111111y * ( 0.2x + 1.0x ) ) ) + ( 0.142857142857y + 0.333333333333y ) ) ) )
ind: 198
( 0.333333333333y * 0.111111111111x )
ind: 199
( ( ( 0.166666666667y * 0.2y ) * ( 0.125y * 0.142857142857x ) ) * ( ( 0.25x * ( ( 0.2y * ( 0.333333333333x + 0.111111111111y ) ) + 0.125x ) ) * ( 0.25y * ( ( ( 0.142857142857y + 0.5x ) * ( 0.142857142857y + 0.125x ) ) + 0.2x ) ) ) )
ind: 200
( ( 0.25y * 0.5x ) * ( ( 0.1x * ( 0.142857142857y * 0.5y ) ) + ( 0.142857142857y + ( 0.333333333333y * 0.142857142857x ) ) ) )
ind: 201
( ( 1.0y * 0.142857142857x ) + ( 0.2x * 0.333333333333y ) )
ind: 202
( ( ( ( 1.0y + ( 1.0y * 0.2x ) ) * 0.125x ) * 1.0y ) * ( ( ( ( 0.166666666667x + 1.0y ) * 0.333333333333y ) + 0.5y ) + ( 1.0y + 0.2y ) ) )
ind: 203
( ( ( ( 0.333333333333x * 0.142857142857x ) + 0.111111111111y ) * ( ( ( 1.0y * 0.125y ) * 0.142857142857y ) + ( ( ( 0.25x + 0.333333333333x ) * 0.5y ) + 0.333333333333x ) ) ) * 0.142857142857x )
ind: 204
( 0.142857142857x * 0.1y )
ind: 205
( ( 0.5y * ( 0.111111111111x * 0.125x ) ) + ( 0.5x + ( 0.25x + 1.0y ) ) )
ind: 206
( ( ( 1.0x + ( ( 0.333333333333x + 1.0x ) + 1.0y ) ) * ( ( 0.125y + ( 1.0x + 0.5y ) ) + ( 0.111111111111y + ( 0.5x + 0.333333333333x ) ) ) ) + ( ( 0.5x + 0.1y ) + ( ( ( ( 0.333333333333x * 0.111111111111x ) + 0.2x ) * ( ( 0.1x * 0.125x ) * ( 0.142857142857y + 1.0y ) ) ) + 0.166666666667x ) ) )
ind: 207
( 0.2y + ( 0.1y * ( ( 0.125x * 0.166666666667y ) + ( 0.142857142857y + ( 0.1y + ( 0.125y * 1.0x ) ) ) ) ) )
ind: 208
( ( 0.25y * 0.2y ) + ( 0.166666666667x * 0.125x ) )
ind: 209
( ( 0.125x * ( ( 0.111111111111y + ( 0.1y + ( 0.166666666667y + 0.333333333333y ) ) ) + ( ( 0.25x * ( 0.142857142857y + 0.142857142857x ) ) + 0.125y ) ) ) * ( ( 0.111111111111y + 0.333333333333y ) + ( ( ( 0.142857142857x * ( 0.5y * 0.111111111111x ) ) * ( ( 0.111111111111y * 1.0y ) * 0.5x ) ) * 0.2x ) ) )
ind: 210
( 0.2y * ( 0.2x * ( 0.166666666667x * ( 0.166666666667x * 0.2y ) ) ) )
ind: 211
( 0.166666666667y * ( 0.111111111111x + 0.1y ) )
ind: 212
( ( 0.111111111111x + ( ( ( ( 0.166666666667x + 0.2x ) * ( 0.2x * 0.125x ) ) * ( 0.142857142857x * 0.5y ) ) + ( ( 1.0x + ( 1.0y * 0.166666666667x ) ) + 0.1y ) ) ) + 0.166666666667y )
ind: 213
( ( ( 0.166666666667x * 0.111111111111x ) * ( 0.5x + ( 0.1y * 1.0y ) ) ) + 0.125x )
ind: 214
( ( ( 0.5y + ( ( 0.142857142857x * ( 0.111111111111y + 0.142857142857y ) ) + ( 0.2x + 0.1y ) ) ) * 0.5y ) + 0.125x )
ind: 215
( ( ( 0.2y * 0.111111111111y ) * 0.25x ) + ( ( ( 0.111111111111y + ( ( 0.1y * 0.111111111111x ) + 0.1x ) ) + ( 0.5y + 1.0x ) ) + ( ( ( ( 0.5x * 0.125y ) + 0.166666666667y ) + ( 0.5x * 1.0x ) ) * ( 0.111111111111y * ( ( 0.2y + 0.333333333333x ) * ( 1.0x * 0.2x ) ) ) ) ) )
ind: 216
( ( 0.111111111111x + 0.25y ) * ( ( 0.25x + ( 1.0y + 0.166666666667y ) ) + 0.166666666667y ) )
ind: 217
( ( ( 0.5x * ( 0.2y + ( 0.2y + ( 0.142857142857y * 0.111111111111x ) ) ) ) * ( 0.2x + 0.5x ) ) * 0.333333333333x )
ind: 218
( 0.2x * ( 0.333333333333x * ( 0.111111111111x + ( 1.0x * ( ( 0.333333333333y + 0.142857142857x ) + ( 1.0y + 0.333333333333y ) ) ) ) ) )
ind: 219
( 0.125x * ( 0.25x * ( 1.0y + ( 1.0x * 0.25x ) ) ) )
ind: 220
( ( ( ( ( ( 0.25x + 0.142857142857x ) + 0.166666666667y ) + ( ( 1.0y * 0.125x ) + 0.25x ) ) * 0.2x ) + ( ( 0.166666666667x + ( ( 0.333333333333x + 0.333333333333x ) + 0.142857142857x ) ) * ( ( ( 1.0y * 0.2x ) + 0.333333333333y ) + 0.125x ) ) ) + 0.333333333333y )
ind: 221
( ( ( 0.111111111111y * ( ( 0.1y * 0.125y ) * ( ( 0.166666666667y * 0.125y ) + 0.1y ) ) ) * ( 0.5y * 0.166666666667y ) ) + ( ( 0.142857142857x + ( 0.111111111111x + ( 0.2x + ( 0.166666666667x * 0.333333333333y ) ) ) ) + 0.5y ) )
ind: 222
( 0.1x + ( ( 0.2x * 0.142857142857y ) + 0.25x ) )
ind: 223
( ( 0.166666666667x * 0.111111111111x ) * ( 0.111111111111y + 0.2y ) )
ind: 224
( 0.1x + ( 0.111111111111y + 0.333333333333y ) )
ind: 225
( ( 0.2x + 1.0y ) * 0.5y )
ind: 226
( ( ( 0.125x + 1.0y ) * 0.1x ) * ( 0.1y * ( ( ( 0.25y * 0.166666666667y ) + 0.5y ) * ( 0.1x * 0.1x ) ) ) )
ind: 227
( 0.111111111111x + ( 1.0y + 0.2y ) )
ind: 228
( ( ( ( ( 0.111111111111x * ( 0.2y * 0.25y ) ) + 0.125x ) + 0.333333333333y ) * ( 0.2y + 0.111111111111y ) ) * 0.142857142857y )
ind: 229
( 1.0x * ( ( 1.0y + ( 0.25x * ( 0.111111111111x * 0.111111111111y ) ) ) * ( 0.125y + ( ( 0.125y + 0.2x ) * ( ( 0.1y + 0.25x ) + 0.5y ) ) ) ) )
ind: 230
( ( ( 0.166666666667y * ( ( 0.166666666667x * 1.0x ) + 0.2x ) ) + 0.111111111111y ) * ( 0.142857142857y * ( ( ( 0.333333333333x * 0.142857142857x ) * 0.1y ) + ( 0.5x * 0.333333333333y ) ) ) )
ind: 231
( ( ( 0.25x * 0.2y ) * ( ( 0.2x * 0.2x ) * ( ( ( 0.1y * 0.1y ) * ( 0.125x * 0.333333333333x ) ) * 0.166666666667y ) ) ) * 1.0x )
ind: 232
( ( 0.25x * 0.1y ) + ( ( ( 0.111111111111y + ( 0.5x + ( 0.111111111111x * 0.25y ) ) ) * 0.125y ) * ( 0.2y * 0.2x ) ) )
ind: 233
( 0.1y + ( 0.1y * 0.166666666667x ) )
ind: 234
( ( ( 0.2y * ( ( 1.0x + 0.111111111111x ) * ( ( 0.166666666667x + 0.166666666667x ) * ( 0.125x * 0.142857142857y ) ) ) ) * ( ( 0.2y * ( 0.5x * ( 0.5x * 0.142857142857x ) ) ) + 0.5x ) ) * ( ( ( 0.1y + ( 0.166666666667y + ( 0.111111111111y + 0.2x ) ) ) + 0.111111111111y ) + ( ( ( ( 1.0x + 1.0y ) + ( 0.125x + 0.333333333333x ) ) * 0.125x ) * ( ( 0.125x + ( 0.1y + 1.0y ) ) * 1.0x ) ) ) )
ind: 235
( ( ( 1.0y + 0.166666666667y ) * 0.25y ) * ( 1.0x + ( ( ( ( 0.5y + 0.5y ) * 0.1x ) * 0.142857142857y ) + 0.333333333333x ) ) )
ind: 236
( 0.333333333333x + ( ( 0.125y + ( ( ( 1.0y + 0.333333333333y ) + ( 0.333333333333x * 0.5x ) ) * 0.25x ) ) * 1.0y ) )
ind: 237
( 0.333333333333y * ( 0.166666666667y + ( ( ( 1.0x + 1.0x ) + 0.1y ) + ( 1.0y * 0.2y ) ) ) )
ind: 238
( 0.142857142857x * 0.142857142857y )
ind: 239
( 0.142857142857x + ( ( 1.0y + ( 0.25x + ( 0.142857142857y * ( 0.25y * 0.111111111111x ) ) ) ) * 1.0y ) )
ind: 240
( ( ( ( 0.333333333333x + 0.333333333333y ) * ( ( 0.333333333333x + ( 0.166666666667y * 0.1x ) ) * ( ( 0.2x + 0.111111111111y ) * 1.0x ) ) ) * ( ( ( ( 0.2x * 0.166666666667y ) + ( 0.2y * 0.1y ) ) + ( 0.5x + ( 0.1y + 0.25x ) ) ) * ( 0.25y * 0.25x ) ) ) + ( ( ( 0.1x + 0.142857142857x ) * 0.1y ) * 0.5x ) )
ind: 241
( ( ( 0.2y * 0.1y ) + 1.0x ) * 0.5x )
ind: 242
( ( 0.1x * 0.166666666667y ) * 0.5y )
ind: 243
( ( 1.0x + ( ( ( ( 0.125x + 0.142857142857y ) + 0.111111111111x ) + ( 0.333333333333y * ( 0.5y + 0.333333333333y ) ) ) * ( ( 0.142857142857y * 0.125x ) + 0.2y ) ) ) + ( ( ( 0.111111111111x + 0.125x ) * 0.111111111111y ) * 0.1y ) )
ind: 244
( 0.25y * ( ( ( ( ( 1.0y * 0.333333333333y ) * ( 0.25x + 0.25x ) ) * ( ( 0.2y + 1.0y ) * ( 0.166666666667y * 0.142857142857y ) ) ) * ( ( 0.111111111111x * ( 0.166666666667y * 0.142857142857x ) ) + 0.2y ) ) + ( ( ( 0.2y * ( 0.166666666667x * 0.142857142857y ) ) * ( 0.166666666667x + ( 0.1x + 0.166666666667y ) ) ) + 0.125y ) ) )
ind: 245
( ( 0.2y * 0.25x ) + 0.1x )
ind: 246
( ( ( 0.1y * ( ( ( 0.125y * 0.142857142857x ) + 0.2x ) * ( 0.5y + ( 0.333333333333y * 0.2x ) ) ) ) * ( ( ( 0.1x * ( 0.5y + 0.333333333333x ) ) + 1.0x ) * 0.2x ) ) * ( ( ( 0.1x + ( ( 0.2x * 0.1x ) + ( 0.2x + 0.333333333333y ) ) ) + 1.0x ) * 1.0x ) )
ind: 247
( ( ( ( ( ( 0.166666666667y + 0.25y ) * 0.5x ) * 0.5x ) + ( 0.111111111111x + 0.142857142857x ) ) * 0.142857142857x ) * 1.0y )
ind: 248
( ( ( 0.5x + 0.5x ) + ( ( 0.125y * ( 1.0x + 0.5y ) ) + 0.25x ) ) + 0.25x )
ind: 249
( ( 0.111111111111y + ( ( ( 0.1x + 0.1x ) + ( 0.2x * 0.2x ) ) * 0.2y ) ) + ( ( ( 0.142857142857x + ( 1.0y * 0.25x ) ) * 0.125y ) + 0.125x ) )
ind: 250
( ( ( 0.1x * ( 1.0y * ( ( 0.333333333333x * 1.0y ) + 1.0x ) ) ) + ( ( ( ( 1.0y + 1.0y ) * 0.25y ) + ( 0.166666666667y + 0.5x ) ) + ( ( ( 0.111111111111x * 0.125y ) + ( 0.2y + 0.25y ) ) * 1.0y ) ) ) + ( 0.2y + ( 0.5x + 0.25x ) ) )
ind: 251
( ( 0.142857142857x * ( ( 0.25y + 0.25x ) + ( 0.111111111111y * 1.0x ) ) ) + ( ( 0.25x + ( ( 0.111111111111x + 0.125y ) + 0.25x ) ) + 0.166666666667y ) )
ind: 252
( 0.166666666667x + 0.142857142857y )
ind: 253
( ( 0.142857142857x + ( 0.166666666667y + 0.333333333333y ) ) + ( ( 0.125x * 0.5x ) * 0.166666666667x ) )
ind: 254
( ( ( ( 0.333333333333y + 1.0y ) + ( ( ( 0.5y * 0.142857142857x ) * 0.5x ) + 0.111111111111x ) ) + 1.0x ) + 0.333333333333x )
ind: 255
( 0.25x + ( 0.2x + ( ( ( 1.0x + ( 0.1x + 0.25y ) ) + 0.2x ) * 0.5y ) ) )
ind: 256
( ( ( ( ( ( 0.142857142857y * 0.125x ) * ( 0.111111111111x + 0.2y ) ) * 0.2y ) * 0.142857142857y ) * 0.25y ) + ( ( 1.0x * 0.25y ) + 0.1x ) )
ind: 257
( ( ( ( 0.166666666667x + 0.333333333333x ) * ( 0.1x + 0.5y ) ) + ( 0.5y * 0.125y ) ) * ( ( ( 0.166666666667y + ( ( 0.142857142857x + 0.5y ) + ( 0.25y + 0.2x ) ) ) + ( 0.5x + ( 0.166666666667y + ( 0.111111111111y + 0.166666666667y ) ) ) ) * 0.5y ) )
ind: 258
( ( ( ( 0.142857142857y + ( 0.25x + ( 0.166666666667y * 0.166666666667x ) ) ) + ( ( ( 1.0y * 0.142857142857y ) + ( 0.333333333333x * 0.166666666667x ) ) * ( 0.5y * 0.25x ) ) ) * 0.111111111111x ) + 0.2x )
ind: 259
( 0.1y + 0.333333333333x )
ind: 260
( ( 0.166666666667x + 0.1y ) * 1.0y )
ind: 261
( 0.111111111111x + 0.125y )
ind: 262
( ( 0.111111111111y * ( ( 0.2y + 0.2y ) * 0.2y ) ) + 0.142857142857x )
ind: 263
( ( ( 1.0x * ( 0.25y * 0.166666666667y ) ) + 0.25x ) * ( ( 0.1x + 0.2y ) + ( 0.111111111111x * 0.333333333333x ) ) )
ind: 264
( 0.166666666667y + ( 0.111111111111x + ( 1.0y + ( 0.2y + 0.111111111111y ) ) ) )
ind: 265
( 0.111111111111x + 1.0y )
ind: 266
( ( 0.2y + 0.1x ) + ( 0.5y * 0.111111111111x ) )
ind: 267
( ( 0.1y + 0.25y ) * ( ( 0.142857142857y * ( 0.25y + ( 0.25y + 0.1x ) ) ) + 0.2x ) )
ind: 268
( ( 0.333333333333y + ( ( ( ( 0.142857142857y * 0.1y ) * 0.333333333333x ) * ( ( 0.5y * 0.333333333333y ) + 0.1y ) ) * ( 0.5y + 0.5x ) ) ) + 0.111111111111y )
ind: 269
( 1.0y * 0.333333333333x )
ind: 270
( ( 0.142857142857y * ( ( ( ( 0.25y + 0.142857142857y ) * ( 0.25x * 0.333333333333x ) ) + 0.333333333333y ) * ( 0.1y + 0.111111111111y ) ) ) * 0.5x )
ind: 271
( ( ( 0.111111111111y + ( ( 0.5y + ( 1.0y + 0.166666666667y ) ) + 0.142857142857x ) ) + 0.125x ) * ( 0.2x * 0.25y ) )
ind: 272
( ( 0.142857142857y + ( ( ( ( 0.25x + 0.166666666667x ) + 0.111111111111y ) * ( ( 0.142857142857y * 0.25y ) * ( 0.25y * 0.166666666667y ) ) ) * ( ( 0.5y + ( 0.25x + 0.25y ) ) + ( ( 1.0y * 0.1y ) * ( 1.0x + 0.111111111111y ) ) ) ) ) * 0.5x )
ind: 273
( ( ( ( 0.1y + 0.333333333333y ) + 0.142857142857y ) * ( 0.5x + 0.2y ) ) + 0.1y )
ind: 274
( 0.166666666667x * ( ( 0.2y + 1.0y ) * ( ( ( ( 0.2x + 0.125x ) * ( 0.333333333333x + 0.5x ) ) * ( ( 0.1y * 0.111111111111x ) + 0.1x ) ) * 0.5y ) ) )
ind: 275
( ( ( ( ( 0.142857142857y * ( 0.25y + 1.0x ) ) * ( ( 0.1x * 0.166666666667x ) * ( 0.5x * 0.1x ) ) ) + ( 0.142857142857x + ( ( 1.0x * 0.125x ) * 0.25x ) ) ) + 0.1x ) * ( 0.1x * 0.166666666667y ) )
ind: 276
( ( 0.1y + ( ( 0.1y + ( 1.0x + ( 0.111111111111y + 1.0y ) ) ) + ( 0.333333333333x * 0.142857142857x ) ) ) * 0.5y )
ind: 277
( ( 0.125x + ( 1.0x + ( 0.333333333333x * ( 0.25x + 0.166666666667x ) ) ) ) + 0.333333333333y )
ind: 278
( ( 1.0y * 0.111111111111y ) + 0.2x )
ind: 279
( ( 0.166666666667y + 0.5x ) + 0.2y )
ind: 280
( ( ( 0.2x * 0.1y ) + ( ( 0.111111111111x + 0.166666666667x ) * 0.125x ) ) * 0.166666666667y )
ind: 281
( 0.125y + ( ( ( ( ( 0.142857142857x * 0.166666666667x ) * ( 0.333333333333y * 0.125y ) ) * 0.125y ) * ( 0.142857142857y * 0.2x ) ) * 0.25x ) )
ind: 282
( ( ( 0.25x * ( ( ( 0.2x * 0.333333333333y ) * 0.166666666667y ) * ( 0.166666666667y + ( 0.5x * 0.1x ) ) ) ) * ( ( 1.0x + ( ( 0.142857142857y * 0.111111111111y ) * 0.125y ) ) * ( ( 0.142857142857y * ( 0.5y + 0.166666666667x ) ) * ( 0.111111111111x * 0.1x ) ) ) ) * 0.142857142857x )
ind: 283
( ( ( 0.166666666667x * ( ( ( 0.111111111111x * 1.0y ) + ( 0.142857142857y + 0.5x ) ) + ( ( 0.25y * 0.1x ) * 0.125x ) ) ) * 0.2y ) * ( ( ( ( ( 0.1y + 0.333333333333x ) * 0.333333333333x ) * 0.25x ) + ( 0.142857142857x + ( 0.1x * ( 0.166666666667y + 0.142857142857x ) ) ) ) * ( ( 0.25y + 0.2x ) * 1.0y ) ) )
ind: 284
( ( ( 0.111111111111y + ( 0.25x + ( ( 0.142857142857x * 0.5y ) * ( 0.142857142857x + 0.2x ) ) ) ) * 0.1x ) * 0.5x )
ind: 285
( 0.5y + ( ( 0.333333333333x * 0.125y ) * ( ( ( 0.142857142857x * 0.25y ) * 0.25y ) * ( 0.333333333333y + 0.166666666667x ) ) ) )
ind: 286
( ( 0.111111111111y * ( ( ( 1.0y * ( 0.1y * 0.25y ) ) * 0.2x ) + ( 1.0x + 0.111111111111y ) ) ) + ( ( ( ( 0.333333333333y * ( 0.25y + 0.1y ) ) + ( ( 0.166666666667y * 0.5x ) + 0.25y ) ) + 0.166666666667x ) + 0.333333333333x ) )
ind: 287
( ( 0.25y * ( 0.125x * 0.333333333333x ) ) * 0.333333333333y )
ind: 288
( ( 0.166666666667y * 0.142857142857y ) * 0.25x )
ind: 289
( 0.142857142857y * ( ( 0.2x * 0.333333333333x ) * 0.2y ) )
ind: 290
( 0.125y + ( 0.5x + 0.166666666667x ) )
ind: 291
( ( ( 0.333333333333x + 0.1x ) * 0.111111111111x ) * 0.125y )
ind: 292
( ( ( 0.166666666667x * ( ( ( 0.2x + 1.0y ) * 0.111111111111x ) * ( ( 0.166666666667y + 0.5y ) + ( 1.0y * 0.1y ) ) ) ) * ( 0.333333333333y * 0.5x ) ) * ( 0.142857142857y * ( 0.166666666667x * ( ( 0.142857142857y + ( 0.142857142857y * 0.25x ) ) + ( 1.0x + 0.2y ) ) ) ) )
ind: 293
( 0.333333333333x * 0.142857142857y )
ind: 294
( 1.0x + 0.2y )
ind: 295
( 0.111111111111y * ( 0.333333333333y * ( 0.5x + ( ( ( 0.111111111111y * 1.0x ) + 0.2y ) + ( 0.125x * ( 0.166666666667y * 0.142857142857x ) ) ) ) ) )
ind: 296
( ( ( 0.125x + ( 0.166666666667x + 0.333333333333x ) ) + ( ( 0.1x * 0.5x ) * 0.125y ) ) * ( 0.333333333333x + 1.0y ) )
ind: 297
( 0.333333333333y + ( 0.1y + ( ( 0.5y * ( ( 0.25x + 0.142857142857y ) + 0.333333333333x ) ) + 0.333333333333y ) ) )
ind: 298
( ( 0.111111111111y * 0.2y ) * ( ( 0.2y + ( ( 0.111111111111y * 1.0x ) + 0.142857142857y ) ) * ( 0.333333333333x * 1.0x ) ) )
ind: 299
( ( ( 0.166666666667y * ( ( ( 0.142857142857y + 1.0x ) + 0.142857142857x ) + 0.111111111111x ) ) + 1.0y ) + 0.166666666667y )
ind: 300
( 0.333333333333x + ( ( 0.25x * ( ( 0.142857142857y * ( 0.142857142857x + 0.5y ) ) + ( 1.0y * ( 0.125x + 0.333333333333x ) ) ) ) + 0.166666666667y ) )
Best Ind: ( ( ( ( 0.166666666667x + ( ( 0.5y + 0.2x ) + 0.5y ) ) + 0.142857142857x ) + ( ( ( ( 0.125y + 1.0x ) + ( 0.25x * 0.25y ) ) + 0.1y ) + ( ( 0.111111111111x * 1.0x ) + ( 0.125y + 1.0x ) ) ) ) * ( 1.0y + 0.2x ) )
Fitness = 11.2472330478
Worst Ind: ( ( 1.0x + 1.0x ) + ( ( 0.166666666667y * ( ( 1.0y * ( 1.0x + 0.25y ) ) * 0.111111111111x ) ) + ( ( ( ( 0.142857142857y + 0.142857142857y ) + ( 0.1x * 0.166666666667y ) ) + ( ( 0.166666666667x + 0.1x ) + 0.166666666667y ) ) + ( ( ( 1.0x + 0.166666666667y ) + 0.166666666667y ) + ( 0.1y + ( 0.25x + 0.142857142857x ) ) ) ) ) )
Fitness = 96.8259002102
Avg Fitness = 48.235940453
Duplicated = 1
============================================================================
Evaluate Gen  1
New Population 478
Better than Dads 83
Best Ind: ( ( ( ( 0.166666666667x + ( ( 0.5y + 0.2x ) + 0.5y ) ) + 0.142857142857x ) + ( ( ( ( 0.125y + 1.0x ) + ( 0.25x * 0.25y ) ) + 0.1y ) + ( ( 0.111111111111x * 1.0x ) + ( 0.125y + 1.0x ) ) ) ) * ( 1.0y + 0.2x ) )
Fitness = 11.2472330478
Worst Ind: ( 0.2x * 0.142857142857y )
Fitness = 49.6753629494
Avg Fitness = 47.1004503564
Duplicated = 8
============================================================================
Evaluate Gen  2
New Population 494
Better than Dads 95
Best Ind: ( ( ( ( 0.166666666667x + ( ( 0.5y + 0.2x ) + 0.5y ) ) + 0.142857142857x ) + ( ( ( ( 0.125y + 1.0x ) + ( 0.25x * 0.25y ) ) + 0.1y ) + ( ( 0.111111111111x * 1.0x ) + ( 0.125y + 1.0x ) ) ) ) * ( 1.0y + 0.2x ) )
Fitness = 11.2472330478
Worst Ind: ( 0.5y + ( 0.333333333333y * ( 0.111111111111x * ( 0.2x * 0.2x ) ) ) )
Fitness = 48.8857980976
Avg Fitness = 46.033528708
Duplicated = 8
============================================================================
Evaluate Gen  3
New Population 502
Better than Dads 106
Best Ind: ( ( ( ( 0.166666666667x + ( ( 0.5y + 0.2x ) + 0.5y ) ) + 0.142857142857x ) + ( ( ( ( 0.125y + 1.0x ) + ( 0.25x * 0.25y ) ) + 0.1y ) + ( ( 0.111111111111x * 1.0x ) + ( 0.125y + 1.0x ) ) ) ) * ( 1.0y + 0.2x ) )
Fitness = 11.2472330478
Worst Ind: ( ( 0.2y + 0.5x ) + 0.2y )
Fitness = 48.1038642764
Avg Fitness = 44.6645715411
Duplicated = 6
============================================================================
Evaluate Gen  4
New Population 496
Better than Dads 105
Best Ind: ( ( ( ( 0.166666666667x + ( ( 0.5y + 0.2x ) + 0.5y ) ) + 0.142857142857x ) + ( ( ( ( 0.125y + 1.0x ) + ( 0.25x * 0.25y ) ) + 0.1y ) + ( ( 0.111111111111x * 1.0x ) + ( 0.125y + 1.0x ) ) ) ) * ( 1.0y + 0.2x ) )
Fitness = 11.2472330478
Worst Ind: ( 0.5y + ( ( ( ( 0.333333333333y * ( 0.2x + 0.2x ) ) + 0.1y ) + ( 0.1y * 0.142857142857y ) ) + ( ( 0.2y + 0.111111111111x ) + 0.2y ) ) )
Fitness = 46.9215814676
Avg Fitness = 43.0753242677
Duplicated = 11
============================================================================
Evaluate Gen  5
New Population 500
Better than Dads 126
Best Ind: ( ( ( ( 0.166666666667x + ( ( 0.5y + 0.2x ) + 0.5y ) ) + 0.142857142857x ) + ( ( ( ( 0.125y + 1.0x ) + ( 0.25x * 0.25y ) ) + 0.1y ) + ( ( 0.111111111111x * 1.0x ) + ( 0.125y + 1.0x ) ) ) ) * ( 1.0y + 0.2x ) )
Fitness = 11.2472330478
Worst Ind: ( ( ( 0.2x * 0.142857142857y ) + 1.0x ) * 0.5x )
Fitness = 45.6502380598
Avg Fitness = 41.5233543065
Duplicated = 10
============================================================================
Evaluate Gen  6
New Population 495
Better than Dads 120
Best Ind: ( ( ( ( 0.166666666667x + ( ( 0.5y + 0.2x ) + 0.5y ) ) + 0.142857142857x ) + ( ( ( ( 0.125y + 1.0x ) + ( 0.25x * 0.25y ) ) + 0.1y ) + ( ( 0.111111111111x * 1.0x ) + ( 0.125y + 1.0x ) ) ) ) * ( 1.0y + 0.2x ) )
Fitness = 11.2472330478
Worst Ind: ( ( ( 0.1x * 0.1y ) + ( 0.5x * 0.333333333333y ) ) + ( 0.5y * 0.333333333333y ) )
Fitness = 44.1831581347
Avg Fitness = 39.8159123533
Duplicated = 14
============================================================================
Evaluate Gen  7
New Population 506
Better than Dads 120
Best Ind: ( ( ( ( 0.166666666667x + ( ( 0.5y + 0.2x ) + 0.5y ) ) + 0.142857142857x ) + ( ( ( ( 0.125y + 1.0x ) + ( 0.25x * 0.25y ) ) + 0.1y ) + ( ( 0.111111111111x * 1.0x ) + ( 0.125y + 1.0x ) ) ) ) * ( 1.0y + 0.2x ) )
Fitness = 11.2472330478
Worst Ind: ( ( 0.5x * 0.333333333333y ) + ( 1.0x * ( 0.333333333333x + 0.25y ) ) )
Fitness = 42.5943578924
Avg Fitness = 37.7460370101
Duplicated = 13
============================================================================
Evaluate Gen  8
New Population 488
Better than Dads 113
Best Ind: ( ( ( ( 0.166666666667x + ( ( 0.5y + 0.2x ) + 0.5y ) ) + 0.142857142857x ) + ( ( ( ( 0.125y + 1.0x ) + ( 0.25x * 0.25y ) ) + 0.1y ) + ( ( 0.111111111111x * 1.0x ) + ( 0.125y + 1.0x ) ) ) ) * ( 1.0y + 0.2x ) )
Fitness = 11.2472330478
Worst Ind: ( ( ( ( ( 1.0x + ( 0.1x + 0.25y ) ) + ( 0.2x * 0.333333333333y ) ) * 0.333333333333y ) + ( 0.333333333333y * ( 0.25y + 0.1y ) ) ) + ( ( ( 0.142857142857x + ( ( 0.1x + 0.142857142857y ) * 0.25x ) ) * 0.125y ) + ( 0.2x * 0.142857142857y ) ) )
Fitness = 40.9481353101
Avg Fitness = 35.5392544046
Duplicated = 19
============================================================================
Evaluate Gen  9
New Population 506
Better than Dads 128
Best Ind: ( ( ( ( 1.0x + 1.0x ) + 0.5y ) + 0.25y ) * ( ( 0.25x + ( 1.0y + 0.333333333333y ) ) + 0.166666666667y ) )
Fitness = 10.8033394435
Worst Ind: ( ( 0.166666666667y + ( 0.25x + 0.142857142857x ) ) * ( 0.5x + ( 0.25x + 1.0y ) ) )
Fitness = 38.2844655181
Avg Fitness = 33.0147260454
Duplicated = 22
============================================================================
Evaluate Gen  10
New Population 493
Better than Dads 113
Best Ind: ( ( ( ( 1.0x + 1.0x ) + 0.5y ) + 0.25y ) * ( ( 0.25x + ( 1.0y + 0.333333333333y ) ) + 0.166666666667y ) )
Fitness = 10.8033394435
Worst Ind: ( ( ( ( 1.0x + 0.142857142857y ) + ( 0.166666666667x * ( 0.2y + ( 1.0x * 0.125y ) ) ) ) + ( ( 0.2x + 1.0y ) * 0.5y ) ) + ( 0.2y + 0.5x ) )
Fitness = 36.5265764443
Avg Fitness = 30.5621108747
Duplicated = 19
============================================================================
Evaluate Gen  11
New Population 489
Better than Dads 127
Best Ind: ( ( ( ( 1.0x + 1.0x ) + 0.5y ) + 0.25y ) * ( ( 0.25x + ( 1.0y + 0.333333333333y ) ) + 0.166666666667y ) )
Fitness = 10.8033394435
Worst Ind: ( 1.0x * ( ( 1.0y + ( 0.166666666667y + 0.125x ) ) + 0.25x ) )
Fitness = 34.771211712
Avg Fitness = 28.3796113105
Duplicated = 24
============================================================================
Evaluate Gen  12
New Population 515
Better than Dads 139
Best Ind: ( ( ( ( 1.0x + 1.0x ) + 0.5y ) + 0.25y ) * ( ( 0.25x + ( 1.0y + 0.333333333333y ) ) + 0.166666666667y ) )
Fitness = 10.8033394435
Worst Ind: ( 0.333333333333x + ( ( 0.5y * 0.111111111111x ) + ( ( 1.0y * 1.0y ) + 0.125x ) ) )
Fitness = 31.5464411797
Avg Fitness = 25.8505954814
Duplicated = 27
============================================================================
Evaluate Gen  13
New Population 494
Better than Dads 113
Best Ind: ( ( ( ( 1.0x + 1.0x ) + 0.5y ) + 0.25y ) * ( ( 0.25x + ( 1.0y + 0.333333333333y ) ) + 0.166666666667y ) )
Fitness = 10.8033394435
Worst Ind: ( 1.0x * ( ( 1.0y + ( 0.142857142857y + ( ( 0.333333333333y + 0.111111111111y ) + ( 0.111111111111x + 0.2x ) ) ) ) + ( 0.25x + ( ( 0.2x * 0.333333333333y ) * 1.0y ) ) ) )
Fitness = 29.5104406656
Avg Fitness = 23.3828663882
Duplicated = 23
============================================================================
Evaluate Gen  14
New Population 482
Better than Dads 111
Best Ind: ( ( 0.166666666667y + ( ( ( 1.0x + 1.0x ) + 0.1y ) + ( 0.111111111111x + ( 0.333333333333y + 0.25x ) ) ) ) * ( 0.25y + ( ( 0.111111111111y + 0.5x ) + 1.0y ) ) )
Fitness = 10.5222214461
Worst Ind: ( ( ( ( ( 0.5x + 0.1y ) + ( 0.333333333333x + 0.2x ) ) + 0.2y ) + 0.2y ) * ( ( 1.0y + ( 0.125y * 0.25x ) ) + 0.1y ) )
Fitness = 27.2921186145
Avg Fitness = 20.9113075628
Duplicated = 20
============================================================================
Evaluate Gen  15
New Population 493
Better than Dads 124
Best Ind: ( ( 0.166666666667y + ( ( ( 1.0x + 1.0x ) + 0.1y ) + ( 0.111111111111x + ( 0.333333333333y + 0.25x ) ) ) ) * ( 0.25y + ( ( 0.111111111111y + 0.5x ) + 1.0y ) ) )
Fitness = 10.5222214461
Worst Ind: ( ( 1.0y * 1.0y ) + ( ( 0.5y * ( ( 0.25x + 1.0x ) + 0.333333333333x ) ) + ( 0.142857142857y + ( ( 0.125y + 0.142857142857x ) + ( 0.142857142857y * 1.0x ) ) ) ) )
Fitness = 24.256221427
Avg Fitness = 18.5479955145
Duplicated = 21
============================================================================
Evaluate Gen  16
New Population 502
Better than Dads 132
Best Ind: ( ( 0.166666666667y + ( ( ( 1.0x + 1.0x ) + 0.1y ) + ( 0.111111111111x + ( 0.333333333333y + 0.25x ) ) ) ) * ( 0.25y + ( ( 0.111111111111y + 0.5x ) + 1.0y ) ) )
Fitness = 10.5222214461
Worst Ind: ( ( 1.0x + 0.111111111111y ) * ( ( ( 0.25x + ( 1.0y + 0.166666666667y ) ) + 0.166666666667y ) + 1.0y ) )
Fitness = 20.9356081449
Avg Fitness = 16.4312737243
Duplicated = 13
============================================================================
Evaluate Gen  17
New Population 490
Better than Dads 132
Best Ind: ( ( 0.166666666667y + ( ( ( 1.0x + 1.0x ) + 0.1y ) + ( 0.111111111111x + ( 0.333333333333y + 0.25x ) ) ) ) * ( 0.25y + ( ( 0.111111111111y + 0.5x ) + 1.0y ) ) )
Fitness = 10.5222214461
Worst Ind: ( ( ( ( ( ( 0.125x + 0.166666666667y ) + ( 1.0x * 1.0y ) ) + ( 0.125x + 0.333333333333y ) ) + ( 1.0y + 0.5x ) ) + 0.2y ) * ( ( 1.0y + ( 0.125y * 0.25x ) ) + 0.1y ) )
Fitness = 18.9502191462
Avg Fitness = 14.9280089434
Duplicated = 11
============================================================================
Evaluate Gen  18
New Population 486
Better than Dads 131
Best Ind: ( ( ( ( 1.0y + ( 0.125x + 0.333333333333y ) ) + 0.25y ) + 0.1y ) * ( 0.25x + ( ( ( 1.0x + 1.0x ) + 0.5y ) + ( 0.142857142857y + 0.111111111111x ) ) ) )
Fitness = 10.2658001881
Worst Ind: ( ( 1.0x + ( 0.142857142857x + ( ( 0.2x + 0.111111111111x ) + 1.0y ) ) ) * ( ( 0.333333333333y + ( 0.2y + 0.5x ) ) + 0.333333333333x ) )
Fitness = 16.9217251248
Avg Fitness = 13.971907731
Duplicated = 10
============================================================================
Evaluate Gen  19
New Population 494
Better than Dads 144
Best Ind: ( ( ( ( 1.0x + 1.0x ) + ( 0.125x + 0.333333333333y ) ) + 0.25y ) * ( 1.0y + 1.0y ) )
Fitness = 10.1777353287
Worst Ind: ( ( ( ( 0.142857142857x + ( 0.125x + 0.333333333333y ) ) + ( ( 0.2x + 0.111111111111x ) + ( 0.25y + ( 1.0y + 1.0x ) ) ) ) + ( 0.333333333333y + ( 0.1x * 0.2x ) ) ) * ( 0.142857142857x + ( 1.0x + 0.2x ) ) )
Fitness = 15.5716132925
Avg Fitness = 13.1953950882
Duplicated = 15
============================================================================
Evaluate Gen  20
New Population 484
Better than Dads 147
Best Ind: ( ( ( ( 1.0x + 1.0x ) + ( 0.125x + 0.333333333333y ) ) + 0.25y ) * ( 1.0y + 1.0y ) )
Fitness = 10.1777353287
Worst Ind: ( ( ( 0.142857142857x + ( ( 0.2x + 0.111111111111x ) + 1.0y ) ) + 0.5x ) * ( ( ( ( ( 0.333333333333y * 0.166666666667y ) + 0.5x ) + ( 1.0y + ( 0.1x + 0.111111111111y ) ) ) + ( ( 0.5y * 0.125x ) * 0.5x ) ) + 0.1y ) )
Fitness = 14.6818374541
Avg Fitness = 12.7026053886
Duplicated = 15
============================================================================
Evaluate Gen  21
New Population 492
Better than Dads 156
Best Ind: ( ( ( ( 1.0x + 1.0x ) + ( 0.125x + 0.333333333333y ) ) + 0.25y ) * ( 1.0y + 1.0y ) )
Fitness = 10.1777353287
Worst Ind: ( ( 1.0x + 0.25y ) * ( ( ( 1.0y + 0.5x ) + ( ( ( 1.0x + 1.0x ) + 0.1y ) + ( 1.0y * 0.2y ) ) ) + 0.2y ) )
Fitness = 13.823746997
Avg Fitness = 12.281629709
Duplicated = 17
============================================================================
Evaluate Gen  22
New Population 495
Better than Dads 160
Best Ind: ( ( ( ( 1.0x + 1.0x ) + ( 0.125x + 0.333333333333y ) ) + 0.25y ) * ( 1.0y + 1.0y ) )
Fitness = 10.1777353287
Worst Ind: ( ( ( ( 1.0x + 1.0x ) + 0.2x ) * ( 1.0y + ( ( 1.0y + 0.1y ) + 1.0y ) ) ) + ( 0.142857142857y * ( ( ( ( 0.166666666667x * 0.2y ) * 0.5y ) + ( 0.1x * ( 0.5y * 0.166666666667y ) ) ) * ( 0.25y * ( 0.5y + ( 0.2x * 0.166666666667y ) ) ) ) ) )
Fitness = 13.2474766314
Avg Fitness = 11.9204876363
Duplicated = 17
============================================================================
Evaluate Gen  23
New Population 495
Better than Dads 160
Best Ind: ( ( ( ( 1.0x + 1.0x ) + ( 0.125x + 0.333333333333y ) ) + 0.25y ) * ( 1.0y + 1.0y ) )
Fitness = 10.1777353287
Worst Ind: ( ( 0.166666666667y + ( ( ( 1.0x + 1.0x ) + 0.1y ) + ( 0.111111111111x + ( 1.0y + ( 0.2y + 0.111111111111y ) ) ) ) ) * ( 0.25y + ( ( 0.111111111111y + 0.5x ) + 1.0y ) ) )
Fitness = 12.7023282981
Avg Fitness = 11.6594671254
Duplicated = 22
============================================================================
Evaluate Gen  24
New Population 488
Better than Dads 159
Best Ind: ( ( 1.0y + ( 1.0y + ( 0.5y + 0.1y ) ) ) * ( 0.2y + ( ( 0.5x + 0.333333333333x ) + 1.0x ) ) )
Fitness = 9.91479441649
Worst Ind: ( ( 0.25x * ( 0.5x * ( 1.0y + 1.0x ) ) ) + ( ( ( 0.333333333333y + ( 0.2y + 0.5x ) ) + 0.333333333333x ) * ( ( ( 0.25y + ( 0.142857142857x + 1.0y ) ) + 1.0x ) + ( ( 0.333333333333y + 0.111111111111y ) + ( 0.111111111111x + 0.2x ) ) ) ) )
Fitness = 12.3292203338
Avg Fitness = 11.4934266563
Duplicated = 15
============================================================================
Evaluate Gen  25
New Population 514
Better than Dads 173
Best Ind: ( ( 1.0y + ( 1.0y + ( 0.5y + 0.1y ) ) ) * ( 0.2y + ( ( 0.5x + 0.333333333333x ) + 1.0x ) ) )
Fitness = 9.91479441649
Worst Ind: ( ( ( ( 1.0x + 1.0y ) + ( ( 1.0x + 0.5x ) + 0.111111111111y ) ) * ( ( ( 0.1x + 0.111111111111y ) + 0.5x ) + ( 1.0y + ( 0.1x + 0.111111111111y ) ) ) ) + ( ( ( ( 1.0x + 1.0x ) + 0.1y ) + ( 0.333333333333y + ( 0.5y + ( 0.2y + 0.111111111111y ) ) ) ) * ( ( ( ( 0.166666666667x * 0.2y ) * 0.5y ) + ( 0.1x * ( 0.333333333333y * 0.166666666667y ) ) ) * ( 0.25y * ( 0.5y + ( 0.2x * 0.125x ) ) ) ) ) )
Fitness = 12.0479108385
Avg Fitness = 11.3046313459
Duplicated = 17
============================================================================
Evaluate Gen  26
New Population 502
Better than Dads 166
Best Ind: ( ( 1.0y + ( 1.0y + ( 0.5y + 0.1y ) ) ) * ( 0.2y + ( ( 0.5x + 0.333333333333x ) + 1.0x ) ) )
Fitness = 9.91479441649
Worst Ind: ( ( 0.2y + ( ( 0.5x + 0.333333333333x ) + ( 0.25y + 0.333333333333x ) ) ) * ( ( ( 0.5y + 0.1y ) + ( ( 0.333333333333x + 1.0x ) + 1.0y ) ) + ( 0.25x + 1.0y ) ) )
Fitness = 11.6823599135
Avg Fitness = 11.1672148656
Duplicated = 26
============================================================================
Evaluate Gen  27
New Population 478
Better than Dads 156
Best Ind: ( ( 1.0y + ( 1.0y + ( 0.5y + 0.1y ) ) ) * ( 0.2y + ( ( 0.5x + 0.333333333333x ) + 1.0x ) ) )
Fitness = 9.91479441649
Worst Ind: ( ( ( ( 0.5x + 0.1y ) + ( 0.25y + 0.333333333333x ) ) + ( 1.0y + ( 0.5y + 0.1y ) ) ) * ( 0.2y + ( ( 0.5x + 0.333333333333x ) + ( 0.25y + 0.333333333333x ) ) ) )
Fitness = 11.5496653615
Avg Fitness = 11.0923725124
Duplicated = 26
============================================================================
Evaluate Gen  28
New Population 502
Better than Dads 174
Best Ind: ( ( ( 1.0x + 0.333333333333y ) + ( ( ( 1.0x + 1.0x ) + 0.1y ) + ( 0.1y + 1.0x ) ) ) * ( 1.0y + 0.142857142857y ) )
Fitness = 9.89800653053
Worst Ind: ( ( 0.5y + ( ( ( 1.0x + 1.0x ) + 0.1y ) + ( 0.1y + 1.0x ) ) ) * ( 1.0y + 0.142857142857y ) )
Fitness = 11.3715048222
Avg Fitness = 11.0193149471
Duplicated = 26
============================================================================
Evaluate Gen  29
New Population 502
Better than Dads 173
Best Ind: ( ( ( 1.0x + 0.333333333333y ) + ( ( ( 1.0x + 1.0x ) + 0.1y ) + ( 0.1y + 1.0x ) ) ) * ( 1.0y + 0.142857142857y ) )
Fitness = 9.89800653053
Worst Ind: ( ( ( ( ( ( 0.333333333333y * 0.166666666667y ) + 0.5x ) + ( 1.0y + ( 0.1x + 0.111111111111y ) ) ) + ( 0.142857142857y + 1.0x ) ) + 0.1y ) * ( ( 1.0y + ( 0.333333333333x * 0.25x ) ) + ( ( 0.111111111111x + ( 0.2y + 0.5x ) ) + 0.166666666667x ) ) )
Fitness = 11.2637166411
Avg Fitness = 10.9624638272
Duplicated = 21
============================================================================
Evaluate Gen  30
New Population 508
Better than Dads 178
Best Ind: ( ( ( 1.0x + 0.333333333333y ) + ( ( ( 1.0x + 1.0x ) + 0.1y ) + ( 0.1y + 1.0x ) ) ) * ( 1.0y + 0.142857142857y ) )
Fitness = 9.89800653053
Worst Ind: ( ( ( 0.142857142857x + ( 0.166666666667y + 1.0y ) ) + ( 0.333333333333y + 1.0x ) ) * ( ( ( 0.25y + ( 1.0y + ( 0.1x + 0.111111111111y ) ) ) + 0.25x ) + 0.333333333333x ) )
Fitness = 11.1878606039
Avg Fitness = 10.9265240644
Duplicated = 24
============================================================================
Evaluate Gen  31
New Population 492
Better than Dads 174
Best Ind: ( ( ( 1.0x + 0.333333333333y ) + ( ( ( 1.0x + 1.0x ) + 0.1y ) + ( 0.1y + 1.0x ) ) ) * ( 1.0y + 0.142857142857y ) )
Fitness = 9.89800653053
Worst Ind: ( ( 1.0y * 1.0y ) + ( ( ( ( ( 0.333333333333y + 0.5y ) + 0.333333333333x ) + ( 1.0y + ( 1.0y + 0.1y ) ) ) * ( 1.0x + 0.333333333333x ) ) + 0.333333333333y ) )
Fitness = 11.1580719191
Avg Fitness = 10.9005121593
Duplicated = 33
============================================================================
Evaluate Gen  32
New Population 506
Better than Dads 191
Best Ind: ( ( ( 1.0x + 0.333333333333y ) + ( ( ( 1.0x + 1.0x ) + 0.1y ) + ( 0.1y + 1.0x ) ) ) * ( 1.0y + 0.142857142857y ) )
Fitness = 9.89800653053
Worst Ind: ( ( ( ( 0.166666666667x + ( ( 0.5y + 0.2x ) + 0.5y ) ) + 0.142857142857x ) + ( ( ( ( 0.166666666667x + 1.0x ) + ( 0.25x * 0.25y ) ) + 0.1y ) + ( ( 0.111111111111x * 1.0x ) + ( 0.125y + 1.0x ) ) ) ) * ( 1.0y + 0.2x ) )
Fitness = 11.1325435255
Avg Fitness = 10.8769486003
Duplicated = 32
============================================================================
Evaluate Gen  33
New Population 485
Better than Dads 170
Best Ind: ( ( ( 1.0x + 0.333333333333y ) + ( ( ( 1.0x + 1.0x ) + 0.1y ) + ( 0.1y + 1.0x ) ) ) * ( 1.0y + 0.142857142857y ) )
Fitness = 9.89800653053
Worst Ind: ( ( ( ( 0.166666666667x + ( ( 0.5y + 0.2x ) + 0.5y ) ) + ( 0.142857142857y + 1.0x ) ) + 0.142857142857y ) * ( ( 1.0y + ( 0.333333333333x * 0.25x ) ) + ( ( 0.111111111111x + ( 0.2y + 0.5x ) ) + 0.166666666667x ) ) )
Fitness = 11.0950287899
Avg Fitness = 10.8516672405
Duplicated = 43
============================================================================
Evaluate Gen  34
New Population 505
Better than Dads 185
Best Ind: ( ( ( 1.0x + 0.333333333333y ) + ( ( ( 1.0x + 1.0x ) + 0.1y ) + ( 0.1y + 1.0x ) ) ) * ( 1.0y + 0.142857142857y ) )
Fitness = 9.89800653053
Worst Ind: ( ( ( ( 0.1y + ( 1.0x + 0.1x ) ) + 0.333333333333x ) + ( 1.0y + ( 0.5y + 0.1y ) ) ) * ( 0.2y + ( ( 0.5x + 0.333333333333x ) + ( 0.25y + 0.333333333333x ) ) ) )
Fitness = 11.0688726382
Avg Fitness = 10.8186099001
Duplicated = 48
============================================================================
Evaluate Gen  35
New Population 509
Better than Dads 186
Best Ind: ( ( ( 1.0x + 0.333333333333y ) + ( ( ( 1.0x + 1.0x ) + 0.1y ) + ( 0.1y + 1.0x ) ) ) * ( 1.0y + 0.142857142857y ) )
Fitness = 9.89800653053
Worst Ind: ( ( ( ( 1.0x + 1.0y ) + 1.0x ) * ( 1.0y + 1.0x ) ) + ( 0.142857142857y * ( ( 0.333333333333y + 0.1y ) * 0.142857142857y ) ) )
Fitness = 11.0453706793
Avg Fitness = 10.7867730525
Duplicated = 51
============================================================================
Evaluate Gen  36
New Population 498
Better than Dads 177
Best Ind: ( ( ( 1.0x + 0.333333333333y ) + ( ( ( 1.0x + 1.0x ) + 0.1y ) + ( 0.1y + 1.0x ) ) ) * ( 1.0y + 0.142857142857y ) )
Fitness = 9.89800653053
Worst Ind: ( ( ( ( 0.25x + 0.5x ) + ( 0.5y + 1.0x ) ) + 0.25y ) * ( ( ( ( 1.0y * ( 0.1y * 0.25y ) ) * 0.2x ) + ( 1.0x + 0.111111111111y ) ) + ( 0.25x + 1.0y ) ) )
Fitness = 11.0273496002
Avg Fitness = 10.7471021114
Duplicated = 49
============================================================================
Evaluate Gen  37
New Population 512
Better than Dads 195
Best Ind: ( ( ( 1.0x + 0.333333333333y ) + ( ( ( 1.0x + 1.0x ) + 0.1y ) + ( 0.1y + 1.0x ) ) ) * ( 1.0y + 0.142857142857y ) )
Fitness = 9.89800653053
Worst Ind: ( ( ( ( ( ( 0.142857142857y * 0.166666666667y ) + 0.5x ) + ( ( 1.0y + 0.142857142857y ) + 0.25x ) ) + ( 1.0x + 0.333333333333x ) ) + ( 0.25x * 0.166666666667y ) ) * ( ( 1.0y + ( 0.1x + 0.111111111111y ) ) + 0.333333333333x ) )
Fitness = 10.9962361974
Avg Fitness = 10.7212666222
Duplicated = 46
============================================================================
Evaluate Gen  38
New Population 500
Better than Dads 172
Best Ind: ( ( ( 1.0x + 0.333333333333y ) + ( ( ( 1.0x + 1.0x ) + 0.1y ) + ( 0.1y + 1.0x ) ) ) * ( 1.0y + 0.142857142857y ) )
Fitness = 9.89800653053
Worst Ind: ( ( ( 0.142857142857x + 0.5y ) + ( ( 1.0x + ( 1.0x + ( 1.0y + 0.333333333333x ) ) ) + 0.2y ) ) * ( 1.0y + 0.2x ) )
Fitness = 10.9545814521
Avg Fitness = 10.6840993625
Duplicated = 44
============================================================================
Evaluate Gen  39
New Population 491
Better than Dads 170
Best Ind: ( ( ( 1.0x + 0.333333333333y ) + ( ( ( 1.0x + 1.0x ) + 0.1y ) + ( 0.1y + 1.0x ) ) ) * ( 1.0y + 0.142857142857y ) )
Fitness = 9.89800653053
Worst Ind: ( ( ( ( 0.25y + ( 0.1x + 0.25y ) ) + 0.2x ) + 1.0x ) * ( 0.333333333333y + ( ( ( 1.0y + ( 0.125y * 0.25x ) ) + ( 0.5y + 0.1y ) ) + ( 0.111111111111y + ( 0.25y + ( 0.142857142857x + 1.0y ) ) ) ) ) )
Fitness = 10.9239528341
Avg Fitness = 10.6530073443
Duplicated = 42
============================================================================
Evaluate Gen  40
New Population 501
Better than Dads 183
Best Ind: ( ( ( 1.0x + 0.333333333333y ) + ( ( ( 1.0x + 1.0x ) + 0.1y ) + ( 0.1y + 1.0x ) ) ) * ( 1.0y + 0.142857142857y ) )
Fitness = 9.89800653053
Worst Ind: ( ( ( 1.0y + ( 0.5y + 0.125x ) ) + ( 1.0x + 1.0x ) ) * ( 0.25y + ( 0.2x + 1.0y ) ) )
Fitness = 10.8935396741
Avg Fitness = 10.6293877849
Duplicated = 43
============================================================================
Evaluate Gen  41
New Population 500
Better than Dads 189
Best Ind: ( ( ( 1.0x + 0.333333333333y ) + ( ( ( 1.0x + 1.0x ) + 0.1y ) + ( 0.1y + 1.0x ) ) ) * ( 1.0y + 0.142857142857y ) )
Fitness = 9.89800653053
Worst Ind: ( ( ( 0.1y + ( ( ( 0.333333333333y + 0.25x ) + 1.0x ) + 1.0y ) ) + ( ( 0.142857142857x + ( 1.0y + 0.5x ) ) + ( 1.0y + ( 0.5y + 0.1y ) ) ) ) * ( ( 0.333333333333y + 0.25x ) + 0.333333333333x ) )
Fitness = 10.8573352391
Avg Fitness = 10.6064602416
Duplicated = 44
============================================================================
Evaluate Gen  42
New Population 502
Better than Dads 179
Best Ind: ( ( ( 1.0x + 0.333333333333y ) + ( ( ( 1.0x + 1.0x ) + 0.1y ) + ( 0.1y + 1.0x ) ) ) * ( 1.0y + 0.142857142857y ) )
Fitness = 9.89800653053
Worst Ind: ( ( 1.0x + ( 1.0y + ( 0.5y + 0.1y ) ) ) * ( ( ( ( 1.0y * ( 0.1y * 0.333333333333x ) ) * 0.2x ) + ( 1.0x + 0.111111111111y ) ) + ( ( ( 0.333333333333y + 0.25x ) + 0.333333333333x ) + 0.142857142857y ) ) )
Fitness = 10.8069394453
Avg Fitness = 10.5731846036
Duplicated = 39
============================================================================
Evaluate Gen  43
New Population 490
Better than Dads 162
Best Ind: ( ( ( 1.0x + 0.333333333333y ) + ( ( ( 1.0x + 1.0x ) + 0.1y ) + ( 0.1y + 1.0x ) ) ) * ( 1.0y + 0.142857142857y ) )
Fitness = 9.89800653053
Worst Ind: ( ( ( ( 0.333333333333y + 0.5y ) + 1.0y ) + 0.1y ) * ( ( ( 1.0y * 0.166666666667y ) + 0.1x ) + ( ( ( 1.0x + 1.0x ) + 0.25y ) + ( 0.142857142857y + 0.111111111111x ) ) ) )
Fitness = 10.7883984991
Avg Fitness = 10.537159927
Duplicated = 36
============================================================================
Evaluate Gen  44
New Population 490
Better than Dads 171
Best Ind: ( ( ( 1.0x + 0.333333333333y ) + ( ( ( 1.0x + 1.0x ) + 0.1y ) + ( 0.1y + 1.0x ) ) ) * ( 1.0y + 0.142857142857y ) )
Fitness = 9.89800653053
Worst Ind: ( ( ( 1.0x + ( 1.0x + ( 1.0y + 0.333333333333x ) ) ) + 0.2y ) * ( ( 0.25x + ( 1.0y + 0.142857142857y ) ) + 0.166666666667y ) )
Fitness = 10.7464889774
Avg Fitness = 10.5144043537
Duplicated = 45
============================================================================
Evaluate Gen  45
New Population 497
Better than Dads 175
Best Ind: ( ( ( ( ( 0.2y + 1.0x ) + ( 1.0x + ( 0.25x + 0.111111111111y ) ) ) + ( 0.25x * 0.166666666667y ) ) + ( ( ( ( 0.166666666667x + 1.0x ) + ( 0.25x * 0.25y ) ) + 0.1y ) + ( ( 0.111111111111x * 1.0x ) + ( 0.125y + 1.0x ) ) ) ) * ( 1.0y + 0.142857142857y ) )
Fitness = 9.85620323162
Worst Ind: ( ( ( ( ( 0.333333333333y * 0.166666666667y ) + 0.5x ) + ( 0.5y + 1.0x ) ) + 0.25y ) * ( ( ( ( 1.0y * ( 0.1y * 0.25y ) ) * 0.2x ) + ( 1.0y + 0.111111111111y ) ) + ( 0.25x + 1.0y ) ) )
Fitness = 10.70283855
Avg Fitness = 10.483625151
Duplicated = 56
============================================================================
Evaluate Gen  46
New Population 484
Better than Dads 170
Best Ind: ( ( ( ( ( 0.2y + 1.0x ) + ( 1.0x + ( 0.25x + 0.111111111111y ) ) ) + ( 0.25x * 0.166666666667y ) ) + ( ( ( ( 0.166666666667x + 1.0x ) + ( 0.25x * 0.25y ) ) + 0.1y ) + ( ( 0.111111111111x * 1.0x ) + ( 0.125y + 1.0x ) ) ) ) * ( 1.0y + 0.142857142857y ) )
Fitness = 9.85620323162
Worst Ind: ( ( ( ( ( ( 0.111111111111x * 1.0x ) + ( 0.125y + 1.0x ) ) * 0.166666666667y ) + ( ( 0.25y + ( 1.0y + 0.142857142857y ) ) + 0.5x ) ) + ( 1.0y + ( 0.5y + 0.1y ) ) ) * ( 0.2y + ( ( 0.5x + 0.333333333333x ) + ( 0.25y + 0.333333333333x ) ) ) )
Fitness = 10.6816551458
Avg Fitness = 10.4631874511
Duplicated = 50
============================================================================
Evaluate Gen  47
New Population 494
Better than Dads 173
Best Ind: ( ( ( ( ( 0.2y + 1.0x ) + ( 1.0x + ( 0.25x + 0.111111111111y ) ) ) + ( 0.25x * 0.166666666667y ) ) + ( ( ( ( 0.166666666667x + 1.0x ) + ( 0.25x * 0.25y ) ) + 0.1y ) + ( ( 0.111111111111x * 1.0x ) + ( 0.125y + 1.0x ) ) ) ) * ( 1.0y + 0.142857142857y ) )
Fitness = 9.85620323162
Worst Ind: ( ( 0.5x + ( ( ( 1.0x + 1.0x ) + 0.1y ) + ( 0.5y + 0.1y ) ) ) * ( 0.25y + ( ( 0.111111111111y + 0.5x ) + 1.0y ) ) )
Fitness = 10.6481568746
Avg Fitness = 10.4403974275
Duplicated = 57
============================================================================
Evaluate Gen  48
New Population 482
Better than Dads 168
Best Ind: ( ( 0.142857142857x + ( ( ( 1.0x + 1.0x ) + 0.2y ) + ( ( 0.5x + ( 0.111111111111y + 0.5x ) ) + ( 0.2y + 1.0x ) ) ) ) * ( 1.0y + 0.142857142857y ) )
Fitness = 9.78874711877
Worst Ind: ( ( 1.0x + 0.333333333333y ) * ( ( ( ( ( 0.333333333333y * 0.166666666667y ) + 0.5x ) + ( 1.0y + ( 0.1x + 0.111111111111y ) ) ) + 0.166666666667x ) + ( ( 0.25y + ( 1.0y + 1.0y ) ) + 0.166666666667x ) ) )
Fitness = 10.6190787011
Avg Fitness = 10.4166632002
Duplicated = 60
============================================================================
Evaluate Gen  49
New Population 500
Better than Dads 183
Best Ind: ( ( 0.142857142857x + ( ( ( 1.0x + 1.0x ) + 0.2y ) + ( ( 0.5x + ( 0.111111111111y + 0.5x ) ) + ( 0.2y + 1.0x ) ) ) ) * ( 1.0y + 0.142857142857y ) )
Fitness = 9.78874711877
Worst Ind: ( ( 1.0x + 0.333333333333y ) * ( ( ( ( ( 0.333333333333y * 0.166666666667y ) + 0.5x ) + ( 1.0y + ( 0.1x + 0.1y ) ) ) + 0.25y ) + ( ( 0.25y + ( 1.0y + 1.0y ) ) + 0.166666666667x ) ) )
Fitness = 10.5998741244
Avg Fitness = 10.3938358344
Duplicated = 60
============================================================================
Evaluate Gen  50
New Population 506
Better than Dads 191
Best Ind: ( ( 0.142857142857x + ( ( ( 1.0x + 1.0x ) + 0.2y ) + ( ( 0.5x + ( 0.111111111111y + 0.5x ) ) + ( 0.2y + 1.0x ) ) ) ) * ( 1.0y + 0.142857142857y ) )
Fitness = 9.78874711877
Worst Ind: ( ( ( 1.0y + 1.0y ) + 0.1y ) * ( ( ( 1.0y * 0.166666666667y ) + 0.1x ) + ( ( ( 1.0x + 1.0x ) + 0.5y ) + ( 0.142857142857y + 0.111111111111x ) ) ) )
Fitness = 10.5842393902
Avg Fitness = 10.3705029901
Duplicated = 49
============================================================================
Evaluate Gen  51
New Population 489
Better than Dads 177
Best Ind: ( ( 0.142857142857x + ( ( ( 1.0x + 1.0x ) + 0.2y ) + ( ( 0.5x + ( 0.111111111111y + 0.5x ) ) + ( 0.2y + 1.0x ) ) ) ) * ( 1.0y + 0.142857142857y ) )
Fitness = 9.78874711877
Worst Ind: ( ( ( 0.5x + ( ( ( 1.0x + 1.0x ) + 0.1y ) + ( 0.5y + 0.1y ) ) ) * ( ( ( 0.25x + ( 1.0y + 0.166666666667y ) ) + 0.166666666667y ) + ( 0.1x * 0.125x ) ) ) + ( 0.142857142857y * ( ( 1.0y + ( 0.166666666667y + ( 0.142857142857y * 1.0y ) ) ) * 0.333333333333x ) ) )
Fitness = 10.5632751303
Avg Fitness = 10.352953882
Duplicated = 49
============================================================================
Evaluate Gen  52
New Population 488
Better than Dads 178
Best Ind: ( ( 0.142857142857x + ( ( ( 1.0x + 1.0x ) + 0.2y ) + ( ( 0.5x + ( 0.111111111111y + 0.5x ) ) + ( 0.2y + 1.0x ) ) ) ) * ( 1.0y + 0.142857142857y ) )
Fitness = 9.78874711877
Worst Ind: ( ( ( ( ( 0.25y + ( 0.1x + 0.25y ) ) + 0.2x ) + ( ( 0.125x + 0.333333333333y ) + 0.5y ) ) + ( 1.0y + ( 0.5y + 0.1y ) ) ) * ( 0.2y + ( ( 0.5x + 0.333333333333x ) + ( 0.25y + 0.333333333333x ) ) ) )
Fitness = 10.5309183042
Avg Fitness = 10.3336866715
Duplicated = 46
============================================================================
Evaluate Gen  53
New Population 473
Better than Dads 159
Best Ind: ( ( 0.142857142857x + ( ( ( 1.0x + 1.0x ) + 0.2y ) + ( ( 0.5x + ( 0.111111111111y + 0.5x ) ) + ( 0.2y + 1.0x ) ) ) ) * ( 1.0y + 0.142857142857y ) )
Fitness = 9.78874711877
Worst Ind: ( ( ( ( 0.333333333333y + ( 0.5y + 0.1y ) ) + ( 0.25y + 0.333333333333x ) ) + 0.1y ) * ( ( ( 0.333333333333y * 0.166666666667y ) + 0.5x ) + ( ( ( 1.0x + 1.0x ) + 0.5y ) + ( 0.142857142857y + 0.111111111111x ) ) ) )
Fitness = 10.5042354625
Avg Fitness = 10.3183450142
Duplicated = 48
============================================================================
Evaluate Gen  54
New Population 484
Better than Dads 171
Best Ind: ( ( 0.142857142857x + ( ( ( 1.0x + 1.0x ) + 0.2y ) + ( ( 0.5x + ( 0.111111111111y + 0.5x ) ) + ( 0.2y + 1.0x ) ) ) ) * ( 1.0y + 0.142857142857y ) )
Fitness = 9.78874711877
Worst Ind: ( ( ( 1.0y + 0.333333333333y ) + 0.25x ) * ( ( ( ( 0.111111111111y + 0.5x ) + ( 0.5y + 1.0x ) ) + ( 0.142857142857y + 1.0x ) ) + 0.1y ) )
Fitness = 10.4776860213
Avg Fitness = 10.2958792961
Duplicated = 44
============================================================================
Evaluate Gen  55
New Population 492
Better than Dads 182
Best Ind: ( ( 0.142857142857x + ( ( ( 1.0x + 1.0x ) + 0.2y ) + ( ( 0.5x + ( 0.111111111111y + 0.5x ) ) + ( 0.2y + 1.0x ) ) ) ) * ( 1.0y + 0.142857142857y ) )
Fitness = 9.78874711877
Worst Ind: ( ( ( ( 0.2x + 0.5y ) * 0.166666666667y ) + ( ( ( 0.333333333333y + 1.0x ) + 1.0x ) + ( ( 0.5x + 1.0y ) + 1.0x ) ) ) * ( 1.0y + 0.142857142857y ) )
Fitness = 10.4589217129
Avg Fitness = 10.284812072
Duplicated = 46
============================================================================
Evaluate Gen  56
New Population 494
Better than Dads 181
Best Ind: ( ( 0.142857142857x + ( ( ( 1.0x + 1.0x ) + 0.2y ) + ( ( 0.5x + ( 0.111111111111y + 0.5x ) ) + ( 0.2y + 1.0x ) ) ) ) * ( 1.0y + 0.142857142857y ) )
Fitness = 9.78874711877
Worst Ind: ( ( ( ( ( 0.333333333333y * 0.166666666667y ) + 0.5x ) + ( 1.0x + 0.333333333333x ) ) + 0.333333333333y ) * ( ( 1.0y + ( 0.1x + 0.111111111111y ) ) + ( 1.0y + 0.5x ) ) )
Fitness = 10.4372613884
Avg Fitness = 10.2731081222
Duplicated = 49
============================================================================
Evaluate Gen  57
New Population 499
Better than Dads 185
Best Ind: ( ( 0.142857142857x + ( ( ( 1.0x + 1.0x ) + 0.2y ) + ( ( 0.5x + ( 0.111111111111y + 0.5x ) ) + ( 0.2y + 1.0x ) ) ) ) * ( 1.0y + 0.142857142857y ) )
Fitness = 9.78874711877
Worst Ind: ( ( ( ( 1.0y + ( 1.0x + 0.5x ) ) + ( 1.0x + 1.0x ) ) * ( 1.0y + ( 0.166666666667y + 0.125x ) ) ) + ( 0.25x * ( ( ( ( 0.166666666667x + 1.0x ) + ( 0.25x * 0.25y ) ) + 0.1y ) * ( 0.25y * ( 0.5y + ( 0.2x * 0.166666666667y ) ) ) ) ) )
Fitness = 10.4205322853
Avg Fitness = 10.2597940274
Duplicated = 46
============================================================================
Evaluate Gen  58
New Population 501
Better than Dads 187
Best Ind: ( ( 0.142857142857x + ( ( ( 1.0x + 1.0x ) + 0.2y ) + ( ( 0.5x + ( 0.111111111111y + 0.5x ) ) + ( 0.2y + 1.0x ) ) ) ) * ( 1.0y + 0.142857142857y ) )
Fitness = 9.78874711877
Worst Ind: ( ( 0.1y + ( ( ( 1.0x + 1.0x ) + 0.166666666667x ) + ( 0.111111111111x + ( 0.333333333333y + 0.25x ) ) ) ) * ( 0.25y + ( ( 0.111111111111y + 0.5x ) + 1.0y ) ) )
Fitness = 10.4069706243
Avg Fitness = 10.2460844181
Duplicated = 45
============================================================================
Evaluate Gen  59
New Population 496
Better than Dads 172
Best Ind: ( ( 0.142857142857x + ( ( ( 1.0x + 1.0x ) + 0.2y ) + ( ( 0.5x + ( 0.111111111111y + 0.5x ) ) + ( 0.2y + 1.0x ) ) ) ) * ( 1.0y + 0.142857142857y ) )
Fitness = 9.78874711877
Worst Ind: ( ( ( ( ( ( 0.333333333333y + 0.25x ) + 0.333333333333x ) + ( 1.0x + ( 0.142857142857y + 0.111111111111y ) ) ) + 0.142857142857x ) + ( ( ( 1.0x + 0.5x ) + 0.1y ) + ( ( 0.111111111111x * 1.0x ) + ( 0.125y + 1.0x ) ) ) ) * ( 1.0y + ( 0.1x + 0.111111111111y ) ) )
Fitness = 10.3850945706
Avg Fitness = 10.2242745251
Duplicated = 46
============================================================================
Evaluate Gen  60
New Population 486
Better than Dads 171
Best Ind: ( ( ( 0.5x + 1.0x ) + ( ( ( 0.5x + 0.5y ) + ( ( 0.2x + 0.142857142857x ) + 1.0x ) ) + 1.0x ) ) * ( 1.0y + 0.142857142857y ) )
Fitness = 9.76878541638
Worst Ind: ( ( ( ( 1.0y + ( ( 0.5x + 0.333333333333x ) + ( 0.5x + 0.125x ) ) ) + ( 1.0x + 1.0x ) ) * ( 1.0y + ( 0.166666666667y + 0.125x ) ) ) + ( 0.25x * ( ( ( 0.2y * 0.333333333333y ) + ( 0.1x * ( 0.5y * 0.166666666667y ) ) ) * ( 0.25y * ( 0.5y + ( 0.2x * 0.166666666667y ) ) ) ) ) )
Fitness = 10.3749399977
Avg Fitness = 10.2058579157
Duplicated = 47
============================================================================
Evaluate Gen  61
New Population 490
Better than Dads 168
Best Ind: ( ( ( 0.5x + 1.0x ) + ( ( ( 0.5x + 0.5y ) + ( ( 0.2x + 0.142857142857x ) + 1.0x ) ) + 1.0x ) ) * ( 1.0y + 0.142857142857y ) )
Fitness = 9.76878541638
Worst Ind: ( ( ( ( ( ( 0.333333333333y + 0.111111111111y ) * 0.166666666667y ) + 0.5x ) + ( 0.166666666667y + 1.0x ) ) + ( ( ( 0.5x + 0.5y ) + ( 0.25y + 0.333333333333x ) ) + 1.0x ) ) * ( 1.0y + ( 0.166666666667y + 0.125x ) ) )
Fitness = 10.3447527603
Avg Fitness = 10.1887231923
Duplicated = 52
============================================================================
Evaluate Gen  62
New Population 501
Better than Dads 179
Best Ind: ( ( ( 0.5x + 1.0x ) + ( ( ( 0.5x + 0.5y ) + ( ( 0.2x + 0.142857142857x ) + 1.0x ) ) + 1.0x ) ) * ( 1.0y + 0.142857142857y ) )
Fitness = 9.76878541638
Worst Ind: ( ( ( ( 0.166666666667x + ( ( 1.0x + 1.0x ) + 0.5y ) ) + 0.142857142857x ) + ( ( ( ( 0.166666666667x + 1.0x ) + ( 0.25x * 0.25y ) ) + 0.1y ) + ( ( 0.111111111111x * 1.0x ) + ( 0.125y + 0.125y ) ) ) ) * ( 1.0y + ( 0.1x + 0.111111111111y ) ) )
Fitness = 10.3163224416
Avg Fitness = 10.1679844207
Duplicated = 59
============================================================================
Evaluate Gen  63
New Population 477
Better than Dads 157
Best Ind: ( ( ( 0.5x + 1.0x ) + ( ( ( 0.5x + 0.5y ) + ( ( 0.2x + 0.142857142857x ) + 1.0x ) ) + 1.0x ) ) * ( 1.0y + 0.142857142857y ) )
Fitness = 9.76878541638
Worst Ind: ( ( 1.0y + 1.0y ) * ( ( 1.0x + ( ( 0.25y + 0.5x ) + 0.5x ) ) + 1.0x ) )
Fitness = 10.301762018
Avg Fitness = 10.1533685813
Duplicated = 61
============================================================================
Evaluate Gen  64
New Population 484
Better than Dads 168
Best Ind: ( ( ( 0.5x + 1.0x ) + ( ( ( 0.5x + 0.5y ) + ( ( 0.2x + 0.142857142857x ) + 1.0x ) ) + 1.0x ) ) * ( 1.0y + 0.142857142857y ) )
Fitness = 9.76878541638
Worst Ind: ( ( 1.0y + ( 0.5y + 0.1y ) ) * ( ( ( 0.5y * 0.5x ) + 0.5x ) + ( ( ( 1.0x + 1.0x ) + 0.5y ) + ( 0.142857142857y + 0.111111111111x ) ) ) )
Fitness = 10.2847619184
Avg Fitness = 10.1397282391
Duplicated = 68
============================================================================
Evaluate Gen  65
New Population 490
Better than Dads 170
Best Ind: ( ( ( 0.5x + 1.0x ) + ( ( ( 0.5x + 0.5y ) + ( ( 0.2x + 0.142857142857x ) + 1.0x ) ) + 1.0x ) ) * ( 1.0y + 0.142857142857y ) )
Fitness = 9.76878541638
Worst Ind: ( ( 0.5x + ( ( 0.5x + 0.333333333333x ) + ( 0.25y + 0.333333333333x ) ) ) * ( ( ( 0.142857142857y + 0.1y ) + ( 0.111111111111y + 1.0y ) ) + ( 0.25x + 1.0y ) ) )
Fitness = 10.2656181907
Avg Fitness = 10.1253964621
Duplicated = 69
============================================================================
Evaluate Gen  66
New Population 483
Better than Dads 171
Best Ind: ( ( ( 0.5x + 1.0x ) + ( ( ( 0.5x + 0.5y ) + ( ( 0.2x + 0.142857142857x ) + 1.0x ) ) + 1.0x ) ) * ( 1.0y + 0.142857142857y ) )
Fitness = 9.76878541638
Worst Ind: ( ( 0.2x + ( ( ( 1.0x + 1.0x ) + ( 0.166666666667y * 0.125x ) ) + ( ( 0.142857142857x + 1.0y ) + 1.0x ) ) ) * ( 1.0y + ( 0.166666666667y + 0.1y ) ) )
Fitness = 10.2492289801
Avg Fitness = 10.114180536
Duplicated = 72
============================================================================
Evaluate Gen  67
New Population 496
Better than Dads 181
Best Ind: ( ( ( 0.5x + 1.0x ) + ( ( ( 0.5x + 0.5y ) + ( ( 0.2x + 0.142857142857x ) + 1.0x ) ) + 1.0x ) ) * ( 1.0y + 0.142857142857y ) )
Fitness = 9.76878541638
Worst Ind: ( ( ( 0.5y + ( 1.0y + 0.5x ) ) + ( 1.0y + ( ( 0.5y + 0.1y ) + 0.1y ) ) ) * ( 0.142857142857x + ( ( 0.5x + 0.333333333333x ) + ( 0.25y + 0.333333333333x ) ) ) )
Fitness = 10.2330583302
Avg Fitness = 10.0999267385
Duplicated = 65
============================================================================
Evaluate Gen  68
New Population 484
Better than Dads 169
Best Ind: ( ( ( 0.5x + 1.0x ) + ( ( ( 0.5x + 0.5y ) + ( ( 0.2x + 0.142857142857x ) + 1.0x ) ) + 1.0x ) ) * ( 1.0y + 0.142857142857y ) )
Fitness = 9.76878541638
Worst Ind: ( ( ( ( 0.1y + 0.111111111111y ) * 0.5y ) + ( ( ( 1.0x + 1.0x ) + 0.1x ) + ( ( 0.5x + 1.0y ) + 1.0x ) ) ) * ( 1.0y + 0.142857142857y ) )
Fitness = 10.2196301706
Avg Fitness = 10.0857751113
Duplicated = 72
============================================================================
Evaluate Gen  69
New Population 504
Better than Dads 198
Best Ind: ( ( ( 0.5x + 1.0x ) + ( ( ( 0.5x + 0.5y ) + ( ( 0.2x + 0.142857142857x ) + 1.0x ) ) + 1.0x ) ) * ( 1.0y + 0.142857142857y ) )
Fitness = 9.76878541638
Worst Ind: ( ( ( ( ( 0.2y + 0.333333333333x ) + ( 1.0x + ( 0.142857142857y + 0.111111111111y ) ) ) + 0.142857142857x ) + ( ( ( ( 0.166666666667x + 1.0x ) + ( 0.25x * 0.25y ) ) + 0.1y ) + ( ( 0.111111111111x * 1.0x ) + ( 0.125y + 1.0x ) ) ) ) * ( 1.0y + ( 0.1x + 0.111111111111y ) ) )
Fitness = 10.2119194284
Avg Fitness = 10.0799427978
Duplicated = 73
============================================================================
Evaluate Gen  70
New Population 507
Better than Dads 181
Best Ind: ( ( ( 0.5x + 1.0x ) + ( ( ( 0.5x + 0.5y ) + ( ( 0.2x + 0.142857142857x ) + 1.0x ) ) + 1.0x ) ) * ( 1.0y + 0.142857142857y ) )
Fitness = 9.76878541638
Worst Ind: ( ( ( ( ( 0.1y + 0.5x ) + ( 1.0x + ( 0.25y + 0.111111111111y ) ) ) + 0.111111111111y ) + ( ( ( ( 0.166666666667x + 1.0x ) + ( 0.25x * 0.25y ) ) + 0.1y ) + ( ( 0.111111111111x * 1.0x ) + ( 0.125y + 1.0x ) ) ) ) * ( 1.0y + 0.142857142857y ) )
Fitness = 10.181892256
Avg Fitness = 10.0622638665
Duplicated = 83
============================================================================
Evaluate Gen  71
New Population 505
Better than Dads 192
Best Ind: ( ( ( 0.5x + 1.0x ) + ( ( ( 0.5x + 0.5y ) + ( ( 0.2x + 0.142857142857x ) + 1.0x ) ) + 1.0x ) ) * ( 1.0y + 0.142857142857y ) )
Fitness = 9.76878541638
Worst Ind: ( ( 1.0x + 0.25y ) * ( ( ( 1.0y + 0.5y ) + 1.0y ) + ( 1.0y + ( 0.5y + 0.1y ) ) ) )
Fitness = 10.1770134329
Avg Fitness = 10.0525147004
Duplicated = 76
============================================================================
Evaluate Gen  72
New Population 481
Better than Dads 164
Best Ind: ( ( ( 0.5x + 1.0x ) + ( ( ( 0.5x + 0.5y ) + ( ( 0.2x + 0.142857142857x ) + 1.0x ) ) + 1.0x ) ) * ( 1.0y + 0.142857142857y ) )
Fitness = 9.76878541638
Worst Ind: ( ( ( 0.5x + ( ( 0.333333333333y * 0.166666666667y ) + 0.5x ) ) + ( ( ( 0.5x + 0.5y ) + ( ( 0.2x + 0.142857142857x ) + 1.0x ) ) + 1.0x ) ) * ( 1.0y + ( 0.166666666667y + 0.125x ) ) )
Fitness = 10.1675386758
Avg Fitness = 10.036715773
Duplicated = 72
============================================================================
Evaluate Gen  73
New Population 489
Better than Dads 170
Best Ind: ( ( ( 0.5x + 1.0x ) + ( ( ( 0.5x + 0.5y ) + ( ( 0.2x + 0.142857142857x ) + 1.0x ) ) + 1.0x ) ) * ( 1.0y + 0.142857142857y ) )
Fitness = 9.76878541638
Worst Ind: ( ( 1.0y + ( 0.5y + 0.1y ) ) * ( ( ( 0.333333333333y * 0.166666666667y ) + 0.5x ) + ( ( ( 1.0x + 1.0x ) + 0.5y ) + ( 0.142857142857y + 0.111111111111x ) ) ) )
Fitness = 10.1514924116
Avg Fitness = 10.0257340711
Duplicated = 71
============================================================================
Evaluate Gen  74
New Population 484
Better than Dads 164
Best Ind: ( ( ( 0.5x + 1.0x ) + ( ( ( 0.5x + 0.5y ) + ( ( 0.2x + 0.142857142857x ) + 1.0x ) ) + 1.0x ) ) * ( 1.0y + 0.142857142857y ) )
Fitness = 9.76878541638
Worst Ind: ( ( ( ( ( 0.333333333333y * 0.166666666667y ) + 0.5x ) + ( 0.166666666667y + 1.0x ) ) + ( 0.333333333333x + ( ( 0.5x + ( 0.5x + 0.111111111111y ) ) + ( 0.25y + 1.0x ) ) ) ) * ( 1.0y + 0.142857142857y ) )
Fitness = 10.1374092308
Avg Fitness = 10.0123937307
Duplicated = 69
============================================================================
Evaluate Gen  75
New Population 489
Better than Dads 179
Best Ind: ( ( ( 0.1y + ( ( ( 1.0x + 1.0x ) + ( 1.0x + 0.125y ) ) + 0.333333333333y ) ) + ( 1.0x + 1.0x ) ) * 1.0y )
Fitness = 9.75876717988
Worst Ind: ( ( ( ( ( 0.2y + 1.0x ) + ( 1.0x + ( 0.25x + 0.111111111111y ) ) ) + ( 0.25x * 0.166666666667y ) ) + ( ( ( ( 0.166666666667x + 1.0x ) + ( 0.25x * 0.25y ) ) + 0.1y ) + ( 0.142857142857x + ( ( 0.5x + 0.333333333333x ) + ( 0.25y + 0.333333333333x ) ) ) ) ) * ( 1.0y + 0.142857142857y ) )
Fitness = 10.126183316
Avg Fitness = 10.0016995076
Duplicated = 73
============================================================================
Evaluate Gen  76
New Population 498
Better than Dads 174
Best Ind: ( ( ( 1.0y + 0.142857142857y ) + ( 1.0y + ( 0.5y + 0.1y ) ) ) * ( 0.2y + ( ( 0.5x + 0.333333333333x ) + 1.0x ) ) )
Fitness = 9.75123945945
Worst Ind: ( ( ( 1.0y + 0.142857142857y ) + 0.125x ) * ( ( ( ( ( 0.333333333333y * 0.166666666667y ) + 0.5x ) + ( 0.5y + 1.0x ) ) + ( 0.111111111111y + 1.0x ) ) + ( 0.25x + 1.0x ) ) )
Fitness = 10.1064546127
Avg Fitness = 9.98704314761
Duplicated = 78
============================================================================
Evaluate Gen  77
New Population 488
Better than Dads 181
Best Ind: ( ( ( 1.0y + 0.142857142857y ) + ( 1.0y + ( 0.5y + 0.1y ) ) ) * ( 0.2y + ( ( 0.5x + 0.333333333333x ) + 1.0x ) ) )
Fitness = 9.75123945945
Worst Ind: ( ( ( 0.1y + ( 1.0y + 0.5y ) ) + ( 1.0y + ( 0.5y + 0.1y ) ) ) * ( ( ( 0.333333333333y + 0.142857142857x ) + 0.25x ) + 1.0x ) )
Fitness = 10.1037351449
Avg Fitness = 9.98123993074
Duplicated = 72
============================================================================
Evaluate Gen  78
New Population 489
Better than Dads 169
Best Ind: ( ( ( 1.0y + 0.142857142857y ) + ( 1.0y + ( 0.5y + 0.1y ) ) ) * ( 0.2y + ( ( 0.5x + 0.333333333333x ) + 1.0x ) ) )
Fitness = 9.75123945945
Worst Ind: ( ( ( ( ( 0.333333333333y + 0.25x ) + 0.333333333333x ) + ( 1.0x + ( 0.25x + 0.111111111111y ) ) ) + 0.142857142857x ) * ( ( 1.0y + ( ( 1.0y + ( 0.125y * 0.25x ) ) + 0.1y ) ) + 0.142857142857y ) )
Fitness = 10.0814494559
Avg Fitness = 9.96678682799
Duplicated = 82
============================================================================
Evaluate Gen  79
New Population 488
Better than Dads 172
Best Ind: ( ( ( 1.0y + 0.142857142857y ) + ( 1.0y + ( 0.5y + 0.1y ) ) ) * ( 0.2y + ( ( 0.5x + 0.333333333333x ) + 1.0x ) ) )
Fitness = 9.75123945945
Worst Ind: ( ( ( ( ( ( 0.111111111111x * 1.0x ) + 0.333333333333x ) + 0.333333333333x ) + ( 0.25y + 0.333333333333x ) ) + ( ( ( 1.0x + 1.0x ) + ( 0.125x + 0.5y ) ) + ( 0.1y + 1.0x ) ) ) * ( 1.0y + 0.142857142857y ) )
Fitness = 10.0634328962
Avg Fitness = 9.95582570592
Duplicated = 80
============================================================================
Evaluate Gen  80
New Population 476
Better than Dads 154
Best Ind: ( ( ( 1.0y + 0.142857142857y ) + ( 1.0y + ( 0.5y + 0.1y ) ) ) * ( 0.2y + ( ( 0.5x + 0.333333333333x ) + 1.0x ) ) )
Fitness = 9.75123945945
Worst Ind: ( ( ( ( ( 0.1y + 0.5x ) + ( 1.0x + ( 0.5x + 0.111111111111y ) ) ) + ( 0.142857142857y + 0.111111111111x ) ) + ( ( ( ( 0.166666666667x + 1.0x ) + ( 0.25x * 0.25y ) ) + 0.1y ) + ( ( ( 0.333333333333y * 0.25x ) + 0.5x ) + ( 0.125y + 1.0x ) ) ) ) * ( 1.0y + 0.142857142857y ) )
Fitness = 10.0467029256
Avg Fitness = 9.94178809608
Duplicated = 78
============================================================================
Evaluate Gen  81
New Population 483
Better than Dads 165
Best Ind: ( ( ( 1.0y + 0.142857142857y ) + ( 1.0y + ( 0.5y + 0.1y ) ) ) * ( 0.2y + ( ( 0.5x + 0.333333333333x ) + 1.0x ) ) )
Fitness = 9.75123945945
Worst Ind: ( ( ( ( 0.5x + 0.125x ) + ( 0.25y + 0.333333333333x ) ) + ( ( ( 1.0x + 1.0x ) + ( 0.125x + 0.5y ) ) + ( 0.1y + 1.0x ) ) ) * ( 1.0y + 0.142857142857y ) )
Fitness = 10.0328515826
Avg Fitness = 9.93165575174
Duplicated = 76
============================================================================
Evaluate Gen  82
New Population 488
Better than Dads 174
Best Ind: ( ( ( 1.0y + 0.142857142857y ) + ( 1.0y + ( 0.5y + 0.1y ) ) ) * ( 0.2y + ( ( 0.5x + 0.333333333333x ) + 1.0x ) ) )
Fitness = 9.75123945945
Worst Ind: ( ( ( 0.142857142857x + 1.0x ) + ( 0.142857142857y + ( ( ( 1.0x + 1.0x ) + ( 1.0x + 0.125y ) ) + 0.333333333333y ) ) ) * ( 1.0y + ( 0.1x + 0.111111111111y ) ) )
Fitness = 10.0253397683
Avg Fitness = 9.92275786013
Duplicated = 73
============================================================================
Evaluate Gen  83
New Population 478
Better than Dads 161
Best Ind: ( ( ( 1.0y + 0.142857142857y ) + ( 1.0y + ( 0.5y + 0.1y ) ) ) * ( 0.2y + ( ( 0.5x + 0.333333333333x ) + 1.0x ) ) )
Fitness = 9.75123945945
Worst Ind: ( ( 1.0y + 0.142857142857y ) * ( ( ( ( ( 0.333333333333y * 0.166666666667y ) + 0.5x ) + ( 0.5y + 1.0x ) ) + ( ( 0.2x + 0.142857142857x ) + 1.0x ) ) + ( 0.25x + 1.0x ) ) )
Fitness = 10.007327057
Avg Fitness = 9.9126934091
Duplicated = 77
============================================================================
Evaluate Gen  84
New Population 476
Better than Dads 166
Best Ind: ( ( ( 1.0y + 0.142857142857y ) + ( 1.0y + ( 0.5y + 0.1y ) ) ) * ( 0.2y + ( ( 0.5x + 0.333333333333x ) + 1.0x ) ) )
Fitness = 9.75123945945
Worst Ind: ( ( ( 1.0x + ( 1.0x + 0.333333333333x ) ) + 0.333333333333y ) * ( ( 1.0y + ( 0.1x + 0.111111111111y ) ) + 1.0y ) )
Fitness = 10.0012007793
Avg Fitness = 9.90686831595
Duplicated = 81
============================================================================
Evaluate Gen  85
New Population 499
Better than Dads 183
Best Ind: ( ( ( 1.0y + 0.142857142857y ) + ( 1.0y + ( 0.5y + 0.1y ) ) ) * ( 0.2y + ( ( 0.5x + 0.333333333333x ) + 1.0x ) ) )
Fitness = 9.75123945945
Worst Ind: ( ( ( 0.25y + 1.0x ) + ( ( ( 1.0x + 0.142857142857x ) + ( 0.125x + 0.333333333333x ) ) + ( ( ( 0.333333333333y * 0.166666666667y ) + 0.5x ) + ( 0.5y + 1.0x ) ) ) ) * ( 1.0y + 0.142857142857y ) )
Fitness = 9.98031987876
Avg Fitness = 9.90003463214
Duplicated = 95
============================================================================
Evaluate Gen  86
New Population 495
Better than Dads 175
Best Ind: ( ( 1.0y + 0.166666666667y ) * ( ( ( 0.1y + 1.0x ) + ( ( ( 1.0x + 1.0x ) + ( 1.0x + 0.125y ) ) + 0.25y ) ) + 0.5x ) )
Fitness = 9.7429528415
Worst Ind: ( ( ( 0.1y + 1.0x ) + ( ( ( 1.0x + 0.142857142857x ) + ( 0.125x + 0.333333333333x ) ) + ( ( ( 0.333333333333y * 0.1x ) + ( 0.166666666667y + 1.0x ) ) + ( 0.25y + 0.333333333333x ) ) ) ) * ( 1.0y + 0.142857142857y ) )
Fitness = 9.96488871279
Avg Fitness = 9.89201770257
Duplicated = 96
============================================================================
Evaluate Gen  87
New Population 488
Better than Dads 171
Best Ind: ( ( 1.0y + 0.166666666667y ) * ( ( ( 0.1y + 1.0x ) + ( ( ( 1.0x + 1.0x ) + ( 1.0x + 0.125y ) ) + 0.25y ) ) + 0.5x ) )
Fitness = 9.7429528415
Worst Ind: ( ( ( 0.142857142857x + 1.0x ) + ( ( ( 1.0x + 0.142857142857x ) + ( 0.125x + 0.333333333333x ) ) + ( ( ( 0.333333333333y * 0.166666666667y ) + 0.5x ) + ( 0.5y + 1.0x ) ) ) ) * ( 1.0y + 0.142857142857y ) )
Fitness = 9.94583698791
Avg Fitness = 9.8860666204
Duplicated = 101
============================================================================
Evaluate Gen  88
New Population 482
Better than Dads 165
Best Ind: ( ( 1.0y + 0.166666666667y ) * ( ( ( 0.1y + 1.0x ) + ( ( ( 1.0x + 1.0x ) + ( 1.0x + 0.125y ) ) + 0.25y ) ) + 0.5x ) )
Fitness = 9.7429528415
Worst Ind: ( ( ( 0.333333333333x + ( ( 0.5x + ( 0.25x + 0.111111111111y ) ) + ( 0.25y + 1.0x ) ) ) + 0.1x ) * ( ( 1.0y + ( ( 1.0y + ( 0.125y * 0.25x ) ) + 0.1y ) ) + 0.142857142857y ) )
Fitness = 9.94081198273
Avg Fitness = 9.88035134963
Duplicated = 105
============================================================================
Evaluate Gen  89
New Population 492
Better than Dads 177
Best Ind: ( ( 1.0y + 0.166666666667y ) * ( ( ( 0.1y + 1.0x ) + ( ( ( 1.0x + 1.0x ) + ( 1.0x + 0.125y ) ) + 0.25y ) ) + 0.5x ) )
Fitness = 9.7429528415
Worst Ind: ( ( ( 0.5x + ( ( ( 0.333333333333x * 0.166666666667y ) + 0.5x ) + 0.1y ) ) + ( ( ( 1.0x + 1.0x ) + ( 0.125x + 0.5y ) ) + ( 0.1y + 1.0x ) ) ) * ( 1.0y + 0.1y ) )
Fitness = 9.93361675615
Avg Fitness = 9.87426940235
Duplicated = 103
============================================================================
Evaluate Gen  90
New Population 486
Better than Dads 174
Best Ind: ( ( 1.0y + 0.166666666667y ) * ( ( ( 0.1y + 1.0x ) + ( ( ( 1.0x + 1.0x ) + ( 1.0x + 0.125y ) ) + 0.25y ) ) + 0.5x ) )
Fitness = 9.7429528415
Worst Ind: ( ( ( ( 0.5x + 0.142857142857x ) + 1.0x ) + ( ( ( ( 0.5x + 0.111111111111y ) + 1.0x ) + ( 0.125x + 0.5y ) ) + ( 0.1y + 1.0x ) ) ) * ( 1.0y + 0.142857142857y ) )
Fitness = 9.92265980106
Avg Fitness = 9.8713351207
Duplicated = 109
============================================================================
Evaluate Gen  91
New Population 480
Better than Dads 168
Best Ind: ( ( 1.0y + 0.166666666667y ) * ( ( ( 0.1y + 1.0x ) + ( ( ( 1.0x + 1.0x ) + ( 1.0x + 0.125y ) ) + 0.25y ) ) + 0.5x ) )
Fitness = 9.7429528415
Worst Ind: ( ( 1.0y + 1.0y ) * ( ( 1.0x + ( ( 0.25y + 1.0x ) + 0.5x ) ) + 0.166666666667x ) )
Fitness = 9.92111352579
Avg Fitness = 9.8677461002
Duplicated = 104
============================================================================
Evaluate Gen  92
New Population 485
Better than Dads 171
Best Ind: ( ( 1.0y + 0.166666666667y ) * ( ( ( 0.1y + 1.0x ) + ( ( ( 1.0x + 1.0x ) + ( 1.0x + 0.125y ) ) + 0.25y ) ) + 0.5x ) )
Fitness = 9.7429528415
Worst Ind: ( ( ( 0.333333333333x + 1.0x ) + ( ( ( 1.0x + 0.142857142857x ) + ( 0.125x + 0.333333333333x ) ) + ( ( 0.166666666667y + 0.5x ) + ( 0.5y + 1.0x ) ) ) ) * ( 1.0y + 0.142857142857y ) )
Fitness = 9.91633157843
Avg Fitness = 9.86400612467
Duplicated = 105
============================================================================
Evaluate Gen  93
New Population 488
Better than Dads 174
Best Ind: ( ( 1.0y + 0.166666666667y ) * ( ( ( 0.1y + 1.0x ) + ( ( ( 1.0x + 1.0x ) + ( 1.0x + 0.125y ) ) + 0.25y ) ) + 0.5x ) )
Fitness = 9.7429528415
Worst Ind: ( ( ( ( 0.5x + ( ( 1.0x + 1.0x ) + 0.5y ) ) + 0.142857142857x ) + ( ( 1.0x + 0.1y ) + ( ( 0.111111111111x * 1.0x ) + ( 0.125y + 1.0x ) ) ) ) * 1.0y )
Fitness = 9.90954446729
Avg Fitness = 9.86056321377
Duplicated = 104
============================================================================
Evaluate Gen  94
New Population 476
Better than Dads 168
Best Ind: ( ( 1.0y + 0.166666666667y ) * ( ( ( 0.1y + 1.0x ) + ( ( ( 1.0x + 1.0x ) + ( 1.0x + 0.125y ) ) + 0.25y ) ) + 0.5x ) )
Fitness = 9.7429528415
Worst Ind: ( ( ( ( 0.166666666667x + 1.0x ) + ( 0.125x * 0.25y ) ) + ( ( ( 1.0x + 1.0x ) + ( 1.0x + 0.125y ) ) + 0.333333333333y ) ) * ( 1.0y + 0.142857142857y ) )
Fitness = 9.90634226904
Avg Fitness = 9.85730254241
Duplicated = 102
============================================================================
Evaluate Gen  95
New Population 496
Better than Dads 170
Best Ind: ( ( 1.0y + 0.166666666667y ) * ( ( ( 0.1y + 1.0x ) + ( ( ( 1.0x + 1.0x ) + ( 1.0x + 0.125y ) ) + 0.25y ) ) + 0.5x ) )
Fitness = 9.7429528415
Worst Ind: ( ( ( 1.0x + 0.333333333333y ) + ( ( ( 1.0x + 1.0x ) + 0.1y ) + ( 0.1y + 1.0x ) ) ) * ( 1.0y + 0.142857142857y ) )
Fitness = 9.89800653053
Avg Fitness = 9.85063219792
Duplicated = 108
============================================================================
Evaluate Gen  96
New Population 473
Better than Dads 162
Best Ind: ( ( 1.0y + 0.166666666667y ) * ( ( ( 0.1y + 1.0x ) + ( ( ( 1.0x + 1.0x ) + ( 1.0x + 0.125y ) ) + 0.25y ) ) + 0.5x ) )
Fitness = 9.7429528415
Worst Ind: ( ( ( ( ( 1.0x + 0.125y ) + ( 1.0x + ( 0.25x + 0.111111111111y ) ) ) + ( 0.5x * 0.166666666667y ) ) + ( ( ( ( 0.166666666667x + 1.0x ) + ( 0.25x * 0.25y ) ) + 0.1y ) + ( ( 0.111111111111x * 1.0x ) + ( 0.125y + 1.0x ) ) ) ) * ( 1.0y + 0.142857142857y ) )
Fitness = 9.89415234098
Avg Fitness = 9.84808289736
Duplicated = 106
============================================================================
Evaluate Gen  97
New Population 491
Better than Dads 180
Best Ind: ( ( 1.0y + 0.166666666667y ) * ( ( ( 0.1y + 1.0x ) + ( ( ( 1.0x + 1.0x ) + ( 1.0x + 0.125y ) ) + 0.25y ) ) + 0.5x ) )
Fitness = 9.7429528415
Worst Ind: ( ( ( ( ( 0.142857142857x + 0.333333333333x ) + ( ( 0.25x + 0.111111111111y ) + 0.333333333333x ) ) + ( 0.125x + 0.333333333333y ) ) + ( 1.0x + 1.0x ) ) * ( 1.0y + ( 0.5y + 0.111111111111y ) ) )
Fitness = 9.88983585865
Avg Fitness = 9.84484846073
Duplicated = 107
============================================================================
Evaluate Gen  98
New Population 487
Better than Dads 176
Best Ind: ( ( 1.0y + 0.166666666667y ) * ( ( ( 0.1y + 1.0x ) + ( ( ( 1.0x + 1.0x ) + ( 1.0x + 0.125y ) ) + 0.25y ) ) + 0.5x ) )
Fitness = 9.7429528415
Worst Ind: ( ( ( ( 0.333333333333y * 0.25x ) + ( ( ( 1.0x + 1.0x ) + 0.166666666667y ) + ( 0.142857142857y + 0.111111111111x ) ) ) + ( ( ( ( 0.166666666667x + 1.0x ) + ( 0.25x * 0.25y ) ) + 0.1y ) + ( ( 0.111111111111x * ( 1.0y + 0.142857142857y ) ) + ( 0.125y + 1.0x ) ) ) ) * ( 1.0y + 0.142857142857y ) )
Fitness = 9.88534099889
Avg Fitness = 9.84223641239
Duplicated = 113
============================================================================
Evaluate Gen  99
New Population 483
Better than Dads 170
Best Ind: ( ( 1.0y + 0.166666666667y ) * ( ( ( 0.1y + 1.0x ) + ( ( ( 1.0x + 1.0x ) + ( 1.0x + 0.125y ) ) + 0.25y ) ) + 0.5x ) )
Fitness = 9.7429528415
Worst Ind: ( ( ( ( ( 0.1y * 0.166666666667y ) + 0.5x ) + ( 0.166666666667y + 1.0x ) ) + ( 0.333333333333x + ( ( ( 1.0x + 0.125y ) + ( 0.5x + 0.111111111111y ) ) + ( 0.25y + 1.0x ) ) ) ) * ( 1.0y + 0.142857142857y ) )
Fitness = 9.88321554954
Avg Fitness = 9.83931833099
Duplicated = 118
============================================================================
Evaluate Gen  100
New Population 479
Better than Dads 171
Best Ind: ( ( 1.0y + 0.166666666667y ) * ( ( ( 0.1y + 1.0x ) + ( ( ( 1.0x + 1.0x ) + ( 1.0x + 0.125y ) ) + 0.25y ) ) + 0.5x ) )
Fitness = 9.7429528415
Worst Ind: ( ( ( ( 1.0x + ( 0.5y + 0.5x ) ) + 0.1y ) + ( ( ( ( 0.166666666667x + 1.0x ) + ( 0.25x * 0.25y ) ) + 0.1y ) + ( 1.0x + 1.0x ) ) ) * 1.0y )
Fitness = 9.88172633378
Avg Fitness = 9.83739800189
Duplicated = 119
