dataset_file= dataset/SR_div.txt
population= 300
generations= 50
tournament_size= 7
cross_over= 0.6
mutation= 0.3
elitism= True
(50, 2)
============================================================================
Build initial population
ind: 1
( ( 0.5y * ( 0.1x * ( 0.111111111111y + ( ( 0.25x + 0.125y ) * ( 0.333333333333x + 0.25y ) ) ) ) ) * 0.142857142857y )
ind: 2
( ( ( ( ( 0.5x * 0.142857142857x ) * 1.0x ) * 0.142857142857y ) * ( 0.1x + ( ( ( 0.1x * 0.2x ) + ( 1.0y + 0.333333333333x ) ) * 0.333333333333x ) ) ) + 0.25y )
ind: 3
( 0.111111111111x * 0.25y )
ind: 4
( ( ( ( ( ( 0.111111111111x + 1.0y ) + 1.0y ) * 0.111111111111x ) * ( ( ( 0.2x * 0.111111111111x ) + ( 0.25x * 0.166666666667y ) ) + 0.2x ) ) * 0.1y ) + ( 0.25x * ( 0.333333333333y * ( 0.111111111111y * 0.2x ) ) ) )
ind: 5
( 0.142857142857x * 0.333333333333y )
ind: 6
( ( ( ( 0.25y + 0.166666666667y ) + ( ( ( 0.333333333333x + 0.25x ) * ( 0.2x + 0.5y ) ) * ( ( 0.333333333333x * 0.2x ) + 0.2x ) ) ) + ( ( ( 0.2y * ( 1.0y + 0.111111111111x ) ) + ( 0.25y + 1.0x ) ) + 0.333333333333y ) ) * 0.111111111111y )
ind: 7
( 0.142857142857y + 0.5x )
ind: 8
( 0.125y * ( ( ( ( ( 0.1y + 0.2y ) + 0.125x ) * 0.333333333333x ) + ( ( 0.142857142857y * 0.2x ) + 0.2y ) ) * 0.125y ) )
ind: 9
( ( 0.25x * ( ( 0.111111111111x + ( 0.125x * ( 0.166666666667x * 0.111111111111y ) ) ) + ( ( ( 0.2x * 1.0y ) * 0.333333333333y ) * 1.0y ) ) ) * 0.5y )
ind: 10
( ( ( ( 0.1x * 0.2x ) + ( ( ( 0.125y + 0.2y ) * ( 0.125y + 0.142857142857x ) ) * ( 0.125x * 0.166666666667x ) ) ) + 1.0y ) + 1.0y )
ind: 11
( 0.111111111111x * ( 0.111111111111x * ( ( 0.125x + 0.25x ) + ( ( 1.0y * ( 1.0y + 0.2y ) ) + 0.166666666667y ) ) ) )
ind: 12
( ( 0.25y * 0.333333333333y ) * 0.142857142857x )
ind: 13
( 1.0y * ( ( ( ( 0.2x * 0.5y ) * ( ( 0.1y * 0.166666666667y ) + ( 1.0x * 0.1x ) ) ) * 0.5y ) + ( ( ( 0.5y * ( 1.0x + 0.125y ) ) * 0.111111111111y ) * 0.166666666667y ) ) )
ind: 14
( ( 0.25y + ( 0.2x * 0.1x ) ) * 0.25x )
ind: 15
( ( ( 0.5x * ( 0.125x * 0.2x ) ) * 1.0x ) * 0.333333333333y )
ind: 16
( 0.166666666667y * ( 0.1x + ( 0.125x * 0.25x ) ) )
ind: 17
( ( 0.142857142857x + ( ( 0.111111111111x * 0.25y ) * ( 1.0x * 0.166666666667x ) ) ) + ( 0.142857142857y * ( ( 0.142857142857x * 0.142857142857y ) * 0.166666666667y ) ) )
ind: 18
( 0.166666666667x + ( 0.166666666667x * ( ( ( 1.0x + ( 0.142857142857y * 0.25x ) ) * ( ( 1.0x * 0.142857142857x ) + 1.0y ) ) + 0.333333333333y ) ) )
ind: 19
( ( 0.333333333333y + 0.125x ) * ( ( ( ( ( 1.0y * 1.0x ) * ( 0.166666666667x + 0.2y ) ) * ( ( 0.1x * 0.2x ) * ( 0.166666666667y + 0.25x ) ) ) * 0.5x ) + 0.333333333333x ) )
ind: 20
( 0.125y + ( ( ( ( ( 0.111111111111x * 1.0x ) * 0.125y ) * ( ( 0.1x + 0.166666666667x ) * 0.166666666667x ) ) * ( ( 0.1y * 0.166666666667y ) * 0.111111111111y ) ) * ( 0.142857142857y * ( 0.5y * 1.0y ) ) ) )
ind: 21
( 0.111111111111y + ( 0.166666666667x + ( ( ( 0.142857142857x + ( 0.111111111111y + 0.5y ) ) * 0.1y ) + ( ( 0.125x * ( 0.1y * 0.125x ) ) + 0.25x ) ) ) )
ind: 22
( ( 1.0x * 0.25x ) + ( 0.142857142857y * 0.125y ) )
ind: 23
( 0.25x * ( 0.5y * 1.0y ) )
ind: 24
( ( ( ( ( ( 0.333333333333x + 1.0y ) * 0.333333333333x ) + ( ( 0.1y + 0.25y ) * ( 0.5x + 0.2x ) ) ) + ( ( ( 0.2x + 0.333333333333x ) * ( 1.0x * 0.142857142857x ) ) * 0.2y ) ) * ( ( 0.142857142857x + ( 0.5y * ( 0.111111111111y * 0.166666666667x ) ) ) * 0.5y ) ) * 0.125x )
ind: 25
( 0.111111111111y * ( 0.125x + ( ( 1.0x + 0.111111111111y ) + 0.1x ) ) )
ind: 26
( 0.111111111111y * ( 0.125x * ( ( 0.142857142857x * ( ( 0.2y + 0.1x ) + 0.1x ) ) + 0.333333333333y ) ) )
ind: 27
( ( 1.0y + ( 0.25x * ( 0.333333333333x + 0.125x ) ) ) * ( 0.5y + 0.111111111111y ) )
ind: 28
( 0.1x * ( 0.2y * ( ( ( ( 0.111111111111y + 0.125y ) * ( 0.333333333333y * 0.2y ) ) * ( ( 1.0y + 0.125y ) + ( 0.166666666667x * 0.166666666667x ) ) ) * ( 0.142857142857y + 0.125y ) ) ) )
ind: 29
( 0.25x * 0.1y )
ind: 30
( ( ( 0.25y * 0.5y ) + 0.166666666667x ) * ( 0.333333333333y + ( ( ( 0.125x + ( 1.0y + 0.1x ) ) * ( ( 0.1y + 0.142857142857x ) * 0.125x ) ) * 0.5y ) ) )
ind: 31
( 0.333333333333y + 0.1x )
ind: 32
( 0.1x * ( 0.5x + ( ( ( ( 0.166666666667y * 0.142857142857y ) * ( 1.0y * 0.111111111111x ) ) * ( ( 0.333333333333x * 0.166666666667x ) * 0.2x ) ) + ( ( ( 0.142857142857y * 0.111111111111y ) + ( 0.142857142857x * 0.333333333333x ) ) * ( 0.25y + 0.333333333333x ) ) ) ) )
ind: 33
( ( 0.1y + 0.1y ) + ( ( 0.125y * ( ( ( 0.111111111111x + 0.25x ) * ( 1.0x * 0.25y ) ) * 0.1y ) ) + ( 0.2y * 1.0x ) ) )
ind: 34
( 0.1x * ( 0.25y + ( 0.111111111111x * 0.5x ) ) )
ind: 35
( 0.333333333333x + ( 0.1x + ( ( 0.111111111111x + ( 1.0y * 0.142857142857y ) ) + ( ( ( 0.125x + 1.0y ) * ( 0.25x + 0.125x ) ) + 0.333333333333x ) ) ) )
ind: 36
( 1.0x * 1.0y )
ind: 37
( 0.166666666667y + ( 0.1y * 0.5x ) )
ind: 38
( ( ( 1.0x + 0.166666666667x ) + ( 0.25y + 0.25y ) ) + ( 0.142857142857x * ( ( 0.142857142857y * 0.166666666667y ) * 0.125y ) ) )
ind: 39
( 1.0y * 0.1x )
ind: 40
( 0.125x + 0.111111111111y )
ind: 41
( ( ( 1.0y + 0.2x ) + 1.0y ) + ( 0.25y * 0.2y ) )
ind: 42
( ( ( ( ( 1.0y * ( 0.125x * 0.142857142857x ) ) + 0.125x ) + ( ( ( 1.0x * 0.2x ) + 0.142857142857y ) * 0.5x ) ) + ( 1.0x + 1.0y ) ) + 0.2y )
ind: 43
( ( 0.166666666667y + 0.142857142857x ) + 0.25x )
ind: 44
( ( 0.166666666667y + ( 0.111111111111y + 0.1y ) ) * 0.1x )
ind: 45
( ( 1.0x * ( 0.111111111111y + 0.5y ) ) * ( ( 0.25y + 0.25y ) + ( ( 0.111111111111y + ( 0.2y * ( 0.125x * 1.0y ) ) ) * ( 0.166666666667y * ( 0.1y + ( 0.111111111111x + 0.25x ) ) ) ) ) )
ind: 46
( ( ( 0.125x * ( ( 0.125y * ( 0.5x + 0.1x ) ) + ( ( 0.1y * 0.2x ) + ( 0.1x * 1.0x ) ) ) ) * ( 0.333333333333y * 0.142857142857x ) ) + ( 0.5x + 0.25x ) )
ind: 47
( 0.5x * 1.0y )
ind: 48
( ( ( ( ( ( 0.111111111111y + 1.0x ) * ( 0.166666666667x * 0.2y ) ) * ( ( 0.125x * 0.5y ) + ( 0.333333333333x * 1.0x ) ) ) + ( ( 0.333333333333x * ( 0.111111111111y * 0.2x ) ) + ( ( 1.0x + 0.125y ) * 0.166666666667x ) ) ) * ( ( ( 1.0y + ( 1.0y + 0.5y ) ) * ( 1.0x * 0.5y ) ) + ( 0.1y + 0.2y ) ) ) * ( 0.25y * 0.125y ) )
ind: 49
( 0.125x * 0.1y )
ind: 50
( 0.333333333333y * 0.333333333333x )
ind: 51
( ( 0.5x + ( 0.5x + ( ( ( 0.1x * 0.111111111111x ) + ( 0.142857142857y + 0.5y ) ) + 0.333333333333x ) ) ) + 1.0x )
ind: 52
( ( 0.1x + 0.25y ) + ( 0.111111111111y + ( ( 0.2x * ( ( 0.142857142857y * 0.333333333333x ) + ( 0.1y + 0.1x ) ) ) + ( 0.2y * 0.166666666667x ) ) ) )
ind: 53
( ( ( ( ( 0.166666666667y * ( 0.25x + 0.166666666667y ) ) + ( 0.111111111111y * 0.5y ) ) * 0.111111111111x ) * ( ( 0.1x + 0.125x ) + 0.333333333333x ) ) + 0.25x )
ind: 54
( ( ( ( ( ( 1.0y * 0.142857142857y ) * ( 0.1x * 0.2y ) ) + ( ( 0.111111111111x + 0.2x ) + 0.25y ) ) + ( 0.2x + 1.0x ) ) + ( ( ( 0.1y + ( 0.125x * 0.1y ) ) * ( 1.0y * 0.166666666667x ) ) * ( 0.5y * 0.142857142857x ) ) ) * ( ( ( ( 0.25y * 0.25x ) + ( ( 0.5x + 0.2y ) * 0.2x ) ) * ( 0.1y * 0.142857142857y ) ) + 0.2x ) )
ind: 55
( ( 0.333333333333x * ( 0.333333333333y + ( ( ( 0.125y * 0.111111111111x ) * ( 0.333333333333x * 0.125y ) ) + ( 0.5x + ( 0.166666666667x + 0.142857142857y ) ) ) ) ) * ( 0.333333333333y + 0.25y ) )
ind: 56
( 0.5y + ( 1.0x * 0.5x ) )
ind: 57
( ( ( ( 0.2x + ( ( 0.1y * 0.111111111111y ) + ( 0.333333333333y + 0.142857142857y ) ) ) * ( ( 1.0y * 0.5x ) + ( 0.166666666667y * 0.2x ) ) ) * 0.142857142857y ) * ( 0.25x * ( 0.142857142857y * ( ( 0.2x + ( 0.5x + 0.1y ) ) + 0.1y ) ) ) )
ind: 58
( ( 0.2x * ( ( ( 0.166666666667x + ( 0.125y * 0.5x ) ) * 0.1y ) * 0.2x ) ) * ( 0.111111111111y * ( 0.25y * 0.111111111111x ) ) )
ind: 59
( ( 0.142857142857x + ( ( ( ( 0.1x + 0.111111111111y ) * 0.166666666667y ) + 0.2y ) * ( 0.125x * ( ( 0.1x + 1.0x ) * 0.166666666667x ) ) ) ) + 0.2y )
ind: 60
( 0.333333333333y * ( 0.25x * ( ( ( ( 0.333333333333x + 0.125y ) * ( 0.333333333333x + 0.1y ) ) + 0.2y ) + ( ( 0.2y * ( 0.142857142857y + 0.1x ) ) * ( ( 0.166666666667y * 0.333333333333x ) * 0.2x ) ) ) ) )
ind: 61
( 0.25x * ( 0.5x * ( ( ( 1.0x * ( 0.25y * 1.0y ) ) * ( ( 0.2y * 0.111111111111x ) * ( 0.125x + 0.125y ) ) ) + ( ( ( 0.333333333333y * 0.5y ) + ( 0.25y * 0.142857142857x ) ) + 0.5x ) ) ) )
ind: 62
( 0.125x * ( 0.125y + ( 0.166666666667x * ( 0.25x * ( 0.125x * 0.2y ) ) ) ) )
ind: 63
( ( 0.25x * 0.5x ) + 0.142857142857y )
ind: 64
( 0.111111111111x * ( ( ( 0.1x * 0.166666666667x ) * ( ( 0.2x * 1.0y ) * 0.142857142857x ) ) * ( 0.125x * ( ( 0.125x * 0.111111111111x ) * ( ( 0.1x * 0.333333333333x ) * 0.25y ) ) ) ) )
ind: 65
( ( 0.2x * ( 0.125y + 0.2y ) ) * 1.0y )
ind: 66
( ( ( 0.166666666667y * ( ( 0.166666666667y + ( 0.1y + 0.111111111111y ) ) * ( ( 0.333333333333x * 0.166666666667y ) + 0.125y ) ) ) * ( ( ( ( 0.25x + 0.125x ) * 0.2y ) + ( ( 0.142857142857y * 0.166666666667x ) + 0.1y ) ) * 0.166666666667x ) ) + ( ( ( ( ( 0.142857142857x + 0.2x ) * ( 0.111111111111y * 0.5x ) ) + ( ( 0.5y * 0.25y ) * ( 0.2x * 0.166666666667y ) ) ) * ( 0.333333333333y * 0.166666666667x ) ) * ( ( ( ( 0.125x + 0.142857142857x ) * 0.142857142857x ) + ( 0.333333333333y * ( 0.25x + 0.125y ) ) ) + 0.142857142857x ) ) )
ind: 67
( 0.142857142857y * ( ( ( 0.125y * 0.125x ) + ( ( ( 0.2x * 0.125y ) + 0.142857142857y ) + ( 0.111111111111y * 0.142857142857y ) ) ) + 0.166666666667y ) )
ind: 68
( ( 0.142857142857y * ( 1.0x + 0.125x ) ) + 0.5y )
ind: 69
( 1.0y * ( ( 0.142857142857x * 0.25y ) + 0.5y ) )
ind: 70
( 0.5x + 0.333333333333y )
ind: 71
( ( 0.166666666667x * ( ( 0.111111111111x + ( 0.142857142857x + 1.0y ) ) + 0.25x ) ) * 0.5x )
ind: 72
( 0.1y + ( 0.111111111111y * 0.5x ) )
ind: 73
( ( ( 0.111111111111x + 0.142857142857y ) * ( ( 0.1x * ( 0.111111111111y + 0.111111111111y ) ) + ( ( ( 0.333333333333y * 0.25y ) * ( 0.1x * 0.166666666667y ) ) * ( ( 0.5y * 0.5x ) + ( 1.0x + 0.333333333333x ) ) ) ) ) + ( 0.1x * 0.25y ) )
ind: 74
( ( 0.2y + ( ( 0.25x + 0.5x ) * ( ( 0.25y + 0.111111111111x ) + ( 0.2x * 0.2x ) ) ) ) * 0.142857142857y )
ind: 75
( 0.25x + ( ( ( ( 0.125x * ( 0.142857142857y * 0.166666666667x ) ) * ( 0.25y + 0.125x ) ) * 0.2y ) + ( ( 1.0x * 0.142857142857x ) + ( 0.125x + 0.333333333333x ) ) ) )
ind: 76
( 0.111111111111y * ( ( ( ( 0.166666666667x + 0.111111111111x ) + ( 0.25x + ( 0.111111111111x * 0.142857142857x ) ) ) * ( ( 0.1x * ( 0.25y + 0.111111111111y ) ) * 0.2y ) ) + ( ( ( 0.166666666667x + ( 0.166666666667x * 0.111111111111x ) ) + ( ( 0.111111111111x * 0.2x ) * ( 1.0x * 0.142857142857y ) ) ) * ( ( ( 1.0x + 0.25x ) * 0.333333333333y ) * ( ( 0.125x + 0.1x ) + ( 0.25y * 1.0x ) ) ) ) ) )
ind: 77
( 0.25y + ( 0.125x * 1.0y ) )
ind: 78
( ( 0.333333333333y + ( ( ( ( 0.5x * 0.111111111111y ) * 1.0y ) + 0.142857142857x ) + ( 0.5x + 0.333333333333y ) ) ) * 1.0y )
ind: 79
( ( 0.1x * ( ( ( 0.125y * ( 0.1x + 0.125y ) ) + 0.1y ) * 0.5x ) ) + ( ( 1.0y * ( 0.333333333333x * ( ( 0.5y + 0.166666666667y ) * 0.166666666667y ) ) ) * ( 0.142857142857y * 0.333333333333x ) ) )
ind: 80
( 0.142857142857x * ( ( 1.0y * ( ( ( 0.2x + 0.142857142857y ) * 0.25y ) * 0.166666666667y ) ) + ( 0.1y * ( ( 0.25x + 0.125y ) + ( ( 0.125x + 1.0x ) * ( 0.142857142857x * 0.5x ) ) ) ) ) )
ind: 81
( 0.25x + ( 0.5y + ( ( ( 0.2x + ( 0.5x * 1.0x ) ) + ( 0.5x + 0.166666666667y ) ) * 0.2y ) ) )
ind: 82
( 0.2y + ( ( ( ( 0.333333333333x + 0.166666666667x ) + 0.111111111111x ) * 0.142857142857y ) + ( ( ( ( 0.5x * 0.142857142857x ) * 0.166666666667x ) + ( ( 0.142857142857x + 0.25y ) * ( 0.111111111111y + 0.5y ) ) ) + ( 0.25y * ( 0.2y + 0.333333333333y ) ) ) ) )
ind: 83
( 0.25x + 0.2y )
ind: 84
( 0.2x * ( ( ( ( 0.2y + ( 0.111111111111x * 0.5x ) ) + 0.1y ) + 0.333333333333x ) + ( ( ( 0.142857142857x + ( 0.125x + 0.5x ) ) * 0.25y ) + ( ( 0.1y * ( 0.125y + 0.2y ) ) + ( 0.111111111111x + 0.25y ) ) ) ) )
ind: 85
( ( 0.5x + ( 0.166666666667y * ( ( ( 0.125x + 0.125x ) + 0.125y ) + ( 0.166666666667y + ( 0.142857142857y + 0.25x ) ) ) ) ) + ( 0.333333333333x * ( 0.333333333333x * 0.5y ) ) )
ind: 86
( 0.2x + 0.142857142857y )
ind: 87
( ( ( ( ( ( 0.25x * 0.111111111111y ) + ( 0.25x + 0.125y ) ) * ( ( 0.166666666667y + 0.2x ) + ( 0.25y * 0.25x ) ) ) + 0.166666666667y ) * ( ( 0.142857142857x * ( 0.5x + ( 0.125x * 0.125y ) ) ) * 0.125y ) ) * ( 0.1y + 0.25x ) )
ind: 88
( 0.166666666667x + ( 0.166666666667y * ( 0.333333333333x + 0.25x ) ) )
ind: 89
( 0.166666666667y + ( 0.125y + ( 0.333333333333y + ( ( ( 0.2y + 0.333333333333x ) * 0.166666666667x ) + ( ( 0.25x + 0.1y ) + 0.166666666667x ) ) ) ) )
ind: 90
( ( ( ( ( ( 0.125x * 0.142857142857x ) + 0.333333333333x ) * 0.25x ) + ( ( ( 0.1y + 0.25x ) * 0.333333333333y ) + ( ( 0.1x + 0.111111111111y ) + 0.125x ) ) ) + 0.1x ) + ( 0.111111111111x * ( 0.25y + ( ( 0.142857142857y + ( 0.333333333333x * 0.1x ) ) * 0.333333333333y ) ) ) )
ind: 91
( ( ( ( 0.1y * ( 0.1y * 0.142857142857x ) ) * 0.5x ) + 0.25y ) + 0.111111111111y )
ind: 92
( ( ( ( 0.166666666667x + 0.111111111111x ) * 0.333333333333x ) + 0.1y ) * 1.0y )
ind: 93
( ( ( ( ( 0.25y * ( 0.5y * 0.111111111111x ) ) * 0.25x ) * 0.111111111111y ) * ( 0.142857142857y * 0.1x ) ) * 0.2x )
ind: 94
( ( ( ( ( ( 0.1y * 0.5x ) * 0.2x ) * ( 0.125y * ( 0.25y + 0.2y ) ) ) + ( ( 0.2y * 0.111111111111x ) + 1.0x ) ) * ( 0.333333333333x * 0.166666666667y ) ) + ( 0.333333333333x + ( 0.1x * ( ( 0.25x + 0.125x ) + ( 0.5x * 0.333333333333y ) ) ) ) )
ind: 95
( ( ( ( 0.25x * 0.5x ) * ( ( ( 0.2y * 0.111111111111x ) * 0.333333333333y ) * 0.125x ) ) * 0.166666666667x ) * 0.2x )
ind: 96
( ( ( ( 0.2y + 0.5y ) + ( 0.2x * 0.333333333333y ) ) + ( 0.142857142857x + 0.25y ) ) * ( ( 0.125y + 0.25y ) * 0.111111111111y ) )
ind: 97
( ( 0.166666666667y * 0.142857142857x ) + 0.25y )
ind: 98
( 0.333333333333y + 0.166666666667x )
ind: 99
( 0.125x + ( ( 0.111111111111y * ( ( 0.111111111111x + ( 0.125x * 0.166666666667y ) ) * ( 0.333333333333y + 0.1x ) ) ) * ( ( 0.2x * ( ( 0.25y * 0.5y ) * 0.333333333333y ) ) + ( ( 0.166666666667x + 0.333333333333x ) + 0.5y ) ) ) )
ind: 100
( 0.2y * ( 0.1y * ( ( 0.333333333333x * ( 0.111111111111x * 0.142857142857y ) ) * 0.5x ) ) )
ind: 101
( ( ( 0.1x * ( 0.142857142857x * ( ( 0.5y + 0.166666666667y ) + 1.0y ) ) ) + ( 0.1x + ( 1.0y * 0.166666666667x ) ) ) * ( ( ( 0.2x + 0.25x ) + 0.5y ) + ( ( ( ( 0.1y * 0.142857142857y ) * ( 0.333333333333x * 0.1x ) ) + ( 0.2y * 0.142857142857y ) ) * 0.25x ) ) )
ind: 102
( 0.166666666667x * 0.5y )
ind: 103
( ( ( 0.166666666667y + ( 0.2y + ( ( 0.333333333333x + 0.5x ) + ( 0.1x * 0.166666666667x ) ) ) ) + 0.2x ) * ( 0.125x + ( 0.166666666667y * ( 0.5x * ( ( 0.125y * 0.166666666667y ) + ( 0.111111111111x * 0.166666666667x ) ) ) ) ) )
ind: 104
( 0.166666666667y * ( ( ( 1.0x * 0.166666666667x ) + 0.5y ) + ( ( ( ( 0.25y + 0.1y ) + ( 0.111111111111y * 0.25y ) ) + 0.2x ) + ( 0.111111111111x + 0.125y ) ) ) )
ind: 105
( ( 0.333333333333y + 1.0y ) * 0.125x )
ind: 106
( 1.0y * ( ( 0.333333333333y + ( ( ( 0.333333333333y * 0.166666666667x ) + 0.125y ) * ( 0.125x * 0.125x ) ) ) + 0.2x ) )
ind: 107
( ( 0.2x + ( ( 0.1x + 0.111111111111x ) * ( ( ( 0.2y * 0.25y ) + ( 0.142857142857y * 0.125x ) ) + 0.1y ) ) ) + 0.125y )
ind: 108
( ( ( ( ( ( 0.25x + 0.25y ) + ( 0.25y * 0.125y ) ) + ( 0.125x * 0.1y ) ) * ( ( 0.111111111111x * 0.333333333333y ) * 0.1y ) ) * 0.25x ) + 0.333333333333x )
ind: 109
( 0.166666666667x + ( 0.25y + ( ( 0.1y * 0.25y ) * ( ( ( 0.166666666667y * 0.125y ) * 0.142857142857y ) * ( 0.2y + 1.0x ) ) ) ) )
ind: 110
( ( ( ( 0.166666666667x * ( 0.25x * 0.142857142857y ) ) * ( 0.333333333333x * ( 0.2x + 0.111111111111y ) ) ) * 0.111111111111y ) + ( 0.142857142857x * ( ( ( 0.25x + ( 0.142857142857y + 0.111111111111x ) ) + ( 0.142857142857y + ( 0.25y + 0.125y ) ) ) * ( ( ( 1.0y * 0.142857142857x ) * ( 0.5y + 0.1x ) ) + 0.166666666667y ) ) ) )
ind: 111
( ( 0.166666666667x + ( 0.142857142857y + ( 0.111111111111x * 0.1x ) ) ) * 0.2y )
ind: 112
( 0.1x * ( 0.125y * ( ( 0.5y * 0.25y ) + ( ( 0.1y + ( 0.125x * 0.125x ) ) + 0.5y ) ) ) )
ind: 113
( ( ( 0.1y + 0.25y ) + ( 0.166666666667y + ( ( ( 0.1x + 0.2y ) + 0.5y ) + ( 0.166666666667y + 0.142857142857y ) ) ) ) + 0.111111111111x )
ind: 114
( 0.1y * ( ( ( ( 0.125y * 1.0y ) + ( ( 0.166666666667y * 0.5x ) * 0.166666666667x ) ) * 0.2y ) * ( ( ( ( 0.25x + 0.125x ) + ( 0.2y + 0.5y ) ) * 0.2y ) * 0.25y ) ) )
ind: 115
( ( ( 0.142857142857x + ( 0.333333333333y * ( 0.25x + ( 0.5y * 0.333333333333y ) ) ) ) * ( 0.333333333333y * ( 0.333333333333x + ( ( 0.5x * 0.111111111111x ) + ( 0.333333333333x + 0.2x ) ) ) ) ) * 0.333333333333x )
ind: 116
( ( ( 0.142857142857x * ( 0.25x * ( ( 0.125y + 0.1y ) * ( 0.333333333333y * 0.5x ) ) ) ) + 0.166666666667x ) * ( 0.1y * 0.25y ) )
ind: 117
( 0.2y + 0.166666666667x )
ind: 118
( 0.333333333333x * ( ( 0.333333333333y * 0.166666666667x ) + 0.142857142857x ) )
ind: 119
( 1.0y + ( 0.25y * ( ( ( ( 0.125x + 0.1y ) + 0.1y ) * 0.5y ) + ( ( ( 0.166666666667x * 0.142857142857x ) * 0.142857142857x ) * 0.2y ) ) ) )
ind: 120
( ( ( 0.2y * 0.166666666667y ) + 0.125x ) * ( ( ( 0.111111111111x + ( 1.0y * ( 0.5y + 0.333333333333y ) ) ) * 0.166666666667y ) * ( 0.333333333333y + ( ( ( 0.166666666667x + 0.5x ) * 0.333333333333y ) + ( ( 0.5x * 1.0y ) + 0.2y ) ) ) ) )
ind: 121
( ( 0.125y + ( ( ( 0.166666666667y + ( 0.25x + 0.2y ) ) * 0.142857142857y ) * ( 0.5x + ( ( 0.1x + 0.25y ) * 0.25x ) ) ) ) * ( 0.5x + 0.142857142857x ) )
ind: 122
( ( ( 0.2x + 0.142857142857x ) * ( 0.2y * ( ( 0.125y + ( 0.111111111111y * 0.125x ) ) + 0.166666666667x ) ) ) + ( 1.0x * ( ( ( 0.5y + ( 1.0y * 1.0x ) ) * ( ( 0.166666666667x * 0.1x ) * 0.125x ) ) * 0.5x ) ) )
ind: 123
( 0.5y * ( 0.5x + 1.0x ) )
ind: 124
( 0.142857142857x + ( 1.0x * ( ( 0.25x + 0.1y ) + 0.1y ) ) )
ind: 125
( ( ( 0.111111111111y * 0.166666666667x ) * ( 0.2y + 0.2y ) ) * 0.111111111111y )
ind: 126
( ( ( 0.142857142857y * ( 0.2x + ( 0.166666666667x + 0.333333333333x ) ) ) * ( ( ( ( 0.333333333333x * 0.125x ) * ( 0.333333333333y + 0.125x ) ) * ( ( 0.5y * 0.1x ) + 1.0x ) ) * 0.142857142857x ) ) + 0.5x )
ind: 127
( ( 0.166666666667x * ( ( 1.0x + 0.1x ) + 0.25y ) ) + ( ( ( 0.111111111111y * 0.333333333333x ) * ( 0.25y * 1.0x ) ) + 0.142857142857x ) )
ind: 128
( 0.2x + ( 0.1y + ( 0.5y + 0.333333333333y ) ) )
ind: 129
( 0.111111111111x + ( 0.111111111111y * 0.25y ) )
ind: 130
( ( ( 0.333333333333x + 1.0y ) * ( ( ( ( 0.25x * 1.0y ) + ( 1.0x * 0.5x ) ) + ( ( 0.111111111111y * 0.166666666667x ) * 0.1y ) ) * 0.2y ) ) * 0.25x )
ind: 131
( 0.1y * 0.111111111111x )
ind: 132
( ( ( 0.25y * 0.166666666667x ) + ( ( ( ( 0.5y + 0.2x ) * 0.5y ) + 0.25y ) + 0.125x ) ) + 0.142857142857x )
ind: 133
( ( 0.25y + ( ( ( ( 0.333333333333y + 0.2y ) + ( 1.0y + 0.5x ) ) + 0.1x ) + 1.0x ) ) + ( ( 0.5x + ( 0.2x + ( ( 0.166666666667y * 0.333333333333y ) + ( 0.333333333333x + 0.5x ) ) ) ) + ( 0.166666666667y + 0.125x ) ) )
ind: 134
( 1.0x + ( ( 0.142857142857y + ( 0.142857142857y + ( 0.166666666667x + ( 0.2y * 0.1y ) ) ) ) * 0.1x ) )
ind: 135
( 0.5x + ( ( ( ( ( 1.0x * 0.333333333333x ) + 0.111111111111x ) * 0.1y ) + ( ( 0.166666666667y * ( 0.5x * 0.166666666667x ) ) * 0.25x ) ) * 0.111111111111y ) )
ind: 136
( ( ( ( ( ( 0.142857142857x * 0.111111111111x ) + ( 0.142857142857y * 0.125x ) ) * ( 0.5y + ( 0.125y * 0.2x ) ) ) + 0.25y ) + ( 0.25y * 0.166666666667y ) ) + 0.2y )
ind: 137
( 0.1y * ( 0.1x + ( ( ( 0.142857142857y + 0.333333333333y ) * ( ( 0.1y + 0.166666666667x ) * ( 0.166666666667x + 0.333333333333y ) ) ) + 0.25y ) ) )
ind: 138
( ( 0.5y * ( ( ( 1.0y + 0.1x ) * 0.2x ) * ( ( ( 0.111111111111x * 0.25y ) + 0.5y ) + ( 0.5x * 0.2y ) ) ) ) + 0.125y )
ind: 139
( ( ( ( ( ( 0.2x * 0.166666666667y ) + ( 0.125x + 0.111111111111x ) ) * 0.333333333333y ) * ( ( 0.125x * ( 0.142857142857y + 0.333333333333x ) ) + ( ( 0.125x + 0.125x ) * ( 0.25x * 0.2y ) ) ) ) * 0.1x ) * 0.5y )
ind: 140
( ( ( ( ( 0.1x + 0.111111111111y ) * ( ( 0.25y + 0.142857142857y ) * 0.125y ) ) * ( 0.5y + ( 0.1x + 0.333333333333y ) ) ) * 0.5x ) * 0.142857142857y )
ind: 141
( 0.2y + ( ( 0.25x * 0.1x ) * 0.2y ) )
ind: 142
( 0.5y * 0.25x )
ind: 143
( ( 0.166666666667y + 0.333333333333y ) + 0.142857142857x )
ind: 144
( ( 0.2x * 0.166666666667x ) * ( 0.5x + 0.25y ) )
ind: 145
( ( 0.2y * 0.25y ) * ( ( ( ( 0.1y + 0.5x ) + ( ( 0.1x + 1.0x ) + 1.0y ) ) + ( ( ( 0.2x + 0.333333333333x ) + ( 0.2y * 1.0y ) ) * 0.1x ) ) * 0.333333333333y ) )
ind: 146
( 0.25x * ( 0.2y * 0.111111111111x ) )
ind: 147
( ( ( 0.142857142857x + 0.142857142857x ) * ( 0.1x + ( 0.333333333333x + 0.2x ) ) ) * 0.25y )
ind: 148
( 0.25y * ( ( 0.2x * ( ( ( 0.111111111111y * 0.5y ) + 0.2y ) + 1.0y ) ) + 0.1x ) )
ind: 149
( 1.0y + 0.166666666667x )
ind: 150
( 1.0y * ( ( ( ( 0.25y * 0.166666666667y ) * 0.333333333333y ) * ( ( ( 0.166666666667x * 0.125x ) + ( 0.2x * 1.0x ) ) + ( ( 0.1y * 0.5x ) + 0.1y ) ) ) + ( ( ( 0.1x * ( 0.166666666667x + 0.142857142857y ) ) * 0.2x ) + ( 0.333333333333y * ( 0.2y + 0.25y ) ) ) ) )
ind: 151
( ( ( 0.333333333333y * 0.125x ) + ( 0.125y * 0.142857142857y ) ) * ( ( ( ( 0.142857142857x * 1.0y ) + ( ( 0.5x * 0.142857142857y ) + 0.142857142857y ) ) * ( 0.25y * ( ( 0.166666666667y + 0.2x ) + ( 0.111111111111x + 0.333333333333y ) ) ) ) + ( ( ( 0.125y * 0.5y ) * ( ( 0.333333333333x * 1.0x ) * 0.25y ) ) + ( 0.125x + ( ( 0.142857142857y + 0.333333333333x ) + ( 0.166666666667y + 0.1y ) ) ) ) ) )
ind: 152
( 1.0y + 0.5x )
ind: 153
( ( ( 0.5x + ( 1.0x * 0.1y ) ) + 0.125y ) * 0.1y )
ind: 154
( ( 0.166666666667x * 0.25y ) * ( 0.5x * ( 0.111111111111y + ( ( ( 0.2y + 0.142857142857x ) + ( 0.142857142857x + 0.111111111111y ) ) + ( ( 0.166666666667y + 1.0x ) * ( 0.111111111111x * 0.111111111111y ) ) ) ) ) )
ind: 155
( ( 0.5y + ( ( 0.142857142857x * 0.2x ) * 0.2x ) ) * ( ( 0.5x + 1.0x ) * 0.125y ) )
ind: 156
( 0.2y + ( ( ( ( ( 0.25x + 0.125x ) * ( 0.111111111111x * 0.1y ) ) * ( 0.166666666667y * ( 1.0x * 0.333333333333x ) ) ) + ( 0.166666666667x + 0.1y ) ) * ( 1.0y * 0.142857142857y ) ) )
ind: 157
( ( 0.5y + ( 0.166666666667x * ( ( ( 0.125y * 0.142857142857y ) + ( 0.333333333333y + 0.333333333333y ) ) + ( ( 0.5y * 0.1y ) * ( 0.111111111111x * 0.5y ) ) ) ) ) * ( ( ( 0.125y * 0.1x ) * ( ( ( 0.2y * 0.25y ) + ( 0.166666666667y * 0.25y ) ) * 0.25y ) ) + 0.1y ) )
ind: 158
( 0.25x + ( ( 0.2y * 0.142857142857x ) + 0.111111111111x ) )
ind: 159
( 0.25y * ( 0.333333333333x * 1.0x ) )
ind: 160
( ( ( ( ( 0.1x * ( 0.125y + 0.142857142857x ) ) + 0.1x ) * ( 0.2y + ( ( 1.0y + 0.125y ) * 0.5y ) ) ) * 0.5x ) + ( ( ( 0.142857142857x + ( 0.2x * ( 0.25x + 0.25y ) ) ) * ( ( ( 0.142857142857x + 0.111111111111y ) * 0.2y ) + ( ( 0.166666666667y + 0.142857142857x ) * ( 0.333333333333y * 0.125y ) ) ) ) * 0.1x ) )
ind: 161
( 0.125y * 0.25x )
ind: 162
( 0.166666666667y + ( ( ( ( ( 0.111111111111y + 0.111111111111x ) + 0.142857142857y ) * ( 0.333333333333y + ( 1.0y + 0.125x ) ) ) * ( 0.25y * 1.0y ) ) + ( 0.5y * 0.5y ) ) )
ind: 163
( 0.1y * 1.0x )
ind: 164
( ( ( ( 0.111111111111y * 0.166666666667y ) + ( 0.1x * ( 0.166666666667y * 0.111111111111x ) ) ) + 0.1y ) * ( 0.1y * 0.2x ) )
ind: 165
( 0.111111111111x * 0.142857142857y )
ind: 166
( ( 0.25x * ( 0.5x + 1.0x ) ) * 0.166666666667y )
ind: 167
( ( ( 0.25y + 0.5y ) + 0.333333333333y ) + 0.25x )
ind: 168
( ( ( 0.1x + 0.5x ) + ( 0.125y * 0.5y ) ) + ( 0.142857142857x + ( 0.166666666667x + ( ( ( 0.333333333333x + 0.142857142857x ) * 0.142857142857x ) * 0.25y ) ) ) )
ind: 169
( ( ( ( ( 0.142857142857x * ( 0.166666666667x + 0.2x ) ) + 0.166666666667y ) + 0.333333333333x ) + 0.333333333333x ) * 0.5y )
ind: 170
( 1.0y * ( ( ( 1.0x + ( ( 0.142857142857x + 0.1y ) * ( 0.111111111111x * 0.142857142857y ) ) ) * 0.5x ) * 0.333333333333x ) )
ind: 171
( ( 0.166666666667y + ( 0.1x + ( ( 0.142857142857y + ( 0.5x + 0.333333333333x ) ) * 0.25y ) ) ) * 1.0y )
ind: 172
( ( ( ( 0.142857142857y + ( ( 0.333333333333y + 0.25y ) * ( 0.111111111111x + 1.0x ) ) ) * ( 0.1x * ( 0.166666666667y + ( 0.1y + 0.333333333333y ) ) ) ) * 0.166666666667y ) * ( 0.125y + 0.111111111111y ) )
ind: 173
( ( 0.1x * ( 0.333333333333x * ( 0.142857142857y + 0.111111111111x ) ) ) * 0.125y )
ind: 174
( 0.25y * 0.333333333333x )
ind: 175
( ( ( 0.5x + 0.333333333333x ) * ( ( 0.142857142857x + 0.333333333333y ) + 0.125y ) ) * 0.25x )
ind: 176
( ( 0.25y * ( 0.5x + ( ( 0.25x * ( 0.333333333333y + 0.5y ) ) + ( ( 1.0x + 0.125x ) + ( 0.2y + 0.333333333333x ) ) ) ) ) * 0.125y )
ind: 177
( ( ( ( ( 0.25y + 0.2y ) * 0.1y ) * ( ( 0.25x + ( 0.166666666667x * 0.142857142857x ) ) + ( ( 0.333333333333x + 0.111111111111x ) * 0.25x ) ) ) * 0.142857142857x ) * 0.1y )
ind: 178
( 1.0x * ( 0.2y * 0.2y ) )
ind: 179
( ( 1.0x * ( 0.2x * 0.2x ) ) + ( 0.125x * 1.0y ) )
ind: 180
( 0.5y + ( ( 0.142857142857x + 0.111111111111y ) * ( 0.333333333333x + 0.125y ) ) )
ind: 181
( 0.5x * ( ( ( ( 0.142857142857y + 0.333333333333y ) * ( ( 1.0x * 0.111111111111x ) + 0.166666666667x ) ) * ( 0.111111111111y + ( ( 0.1x * 0.142857142857x ) * 0.125y ) ) ) + ( ( 0.111111111111x + ( 0.111111111111x * ( 0.111111111111y + 0.142857142857x ) ) ) + ( ( 0.2y + 0.1x ) * 0.333333333333y ) ) ) )
ind: 182
( ( ( 0.1y + ( ( 0.125y * ( 0.1x + 0.2y ) ) * ( 0.125x + 0.125x ) ) ) + 0.142857142857x ) + ( 0.1x + 0.166666666667x ) )
ind: 183
( 0.166666666667y + 0.125x )
ind: 184
( ( ( ( ( ( 0.125y + 0.2y ) + 0.333333333333x ) * 0.166666666667y ) + ( ( 0.5x * ( 0.125y * 0.25x ) ) + 0.1x ) ) * ( 0.166666666667x + 1.0x ) ) + 0.2y )
ind: 185
( 0.111111111111x + ( ( ( ( ( 0.125y * 0.1x ) * 0.5x ) * ( ( 1.0x + 0.25x ) + ( 0.1y * 0.2x ) ) ) + ( ( 0.5x + ( 0.142857142857y * 0.166666666667y ) ) + ( ( 0.333333333333y + 0.5x ) * 1.0y ) ) ) + 0.5y ) )
ind: 186
( 0.25y + ( ( ( ( ( 0.2y + 0.125y ) * 0.2x ) + ( 0.25y + ( 0.2x * 0.25x ) ) ) * 0.25x ) + ( ( 0.25x * ( 0.1x * 0.25y ) ) * 0.25y ) ) )
ind: 187
( ( ( 1.0x + ( ( 0.25x * 0.5y ) * 0.166666666667y ) ) + ( ( 0.2x * 0.2y ) * 0.111111111111x ) ) + ( ( 0.2x * ( ( 1.0x + ( 0.111111111111x * 1.0x ) ) + ( 1.0x + ( 0.1y + 0.333333333333y ) ) ) ) * ( 0.1x * ( 0.111111111111x * ( ( 0.125x + 0.1y ) + ( 1.0x * 0.5x ) ) ) ) ) )
ind: 188
( ( ( ( ( 0.125x * 0.1x ) + ( ( 0.2y * 0.125y ) * ( 0.1x + 0.125x ) ) ) + ( ( ( 0.25y * 0.166666666667x ) + 0.5y ) + 0.1y ) ) * 0.1y ) + ( 0.125y * ( ( 0.125x + ( ( 0.1y * 0.25y ) + 0.1x ) ) * 0.125x ) ) )
ind: 189
( ( ( 1.0x + ( 0.166666666667x * ( ( 0.166666666667y * 0.333333333333x ) + ( 0.2x * 0.333333333333y ) ) ) ) * 0.25y ) + ( ( 0.333333333333y + 1.0y ) * 0.2y ) )
ind: 190
( ( ( ( ( 0.142857142857y + 0.2y ) * ( 0.2y * ( 0.333333333333x + 0.25y ) ) ) * 0.111111111111x ) + ( ( ( ( 0.2x + 0.2x ) + 0.142857142857x ) + 0.25x ) + ( ( 0.125y * 0.142857142857x ) + 0.166666666667y ) ) ) + ( ( 1.0y * 1.0y ) + ( 0.333333333333y * ( 1.0y * ( ( 0.166666666667x * 0.111111111111y ) + ( 0.111111111111y * 0.25y ) ) ) ) ) )
ind: 191
( 0.2y + 0.111111111111x )
ind: 192
( ( 0.2y + 0.1x ) + 0.5x )
ind: 193
( 0.166666666667y * ( 1.0x * ( ( 0.333333333333y * ( 1.0x + 0.166666666667y ) ) * 0.25x ) ) )
ind: 194
( ( ( ( 0.1x * 0.142857142857x ) + ( 0.333333333333y * 0.1x ) ) * ( 0.111111111111y * ( 0.333333333333y * ( 0.111111111111x + ( 0.111111111111y * 0.1x ) ) ) ) ) * ( 0.25y * 0.125y ) )
ind: 195
( ( ( 0.142857142857x * 0.2y ) + ( 0.125x + ( 0.25x + 0.333333333333x ) ) ) + 0.166666666667x )
ind: 196
( ( 0.1y * 0.5y ) * 0.1x )
ind: 197
( 0.2x * ( ( ( ( ( 0.2y * 0.142857142857x ) + ( 0.25y + 0.142857142857y ) ) * ( 0.1y + 0.25y ) ) + ( ( ( 0.111111111111x + 0.111111111111x ) * 0.5x ) * ( ( 0.5y * 0.142857142857x ) * 0.142857142857x ) ) ) + ( 0.1x + 0.25y ) ) )
ind: 198
( 0.333333333333x * 0.25y )
ind: 199
( ( 0.1x + 0.5x ) + 0.333333333333y )
ind: 200
( 0.2x + ( 1.0x + 0.142857142857y ) )
ind: 201
( ( ( ( 0.2x * 0.142857142857x ) + ( 0.142857142857y + ( ( 0.2y + 0.166666666667x ) * 0.2x ) ) ) + ( ( 0.25y * 0.2y ) + ( ( ( 0.25y + 0.142857142857x ) + 0.166666666667x ) * 0.333333333333y ) ) ) * 0.1y )
ind: 202
( 0.111111111111x * ( 0.5y * ( 0.25y + 0.142857142857x ) ) )
ind: 203
( 0.111111111111x * ( ( 0.142857142857x * 0.142857142857y ) * 1.0y ) )
ind: 204
( ( 0.5y * ( 0.142857142857x * ( 0.142857142857y + ( 0.1y + ( 0.333333333333x * 0.5y ) ) ) ) ) * ( 0.333333333333x + 0.25y ) )
ind: 205
( 0.111111111111y + ( ( 0.142857142857y * 0.5x ) + ( ( 0.1y + ( ( 0.25x + 1.0x ) + 0.1x ) ) * ( 0.1y + 0.2y ) ) ) )
ind: 206
( ( 0.142857142857y * 0.333333333333y ) * ( ( 0.25x * ( 1.0y * 0.166666666667y ) ) * ( ( 0.1y * ( 0.1y + ( 0.25y * 0.5x ) ) ) + ( 1.0x * ( 1.0x * ( 0.166666666667x * 0.142857142857y ) ) ) ) ) )
ind: 207
( 0.5x * 0.1y )
ind: 208
( ( ( 0.142857142857y + ( ( ( 0.111111111111x + 0.142857142857x ) + ( 0.166666666667x * 0.125y ) ) + 0.25x ) ) + 0.5x ) * ( ( 1.0y + ( 0.333333333333y + ( ( 0.125x * 0.125y ) + 0.25y ) ) ) * 0.5y ) )
ind: 209
( 0.125y * 0.111111111111x )
ind: 210
( 0.111111111111y + ( 0.5x * ( ( ( 0.333333333333x * ( 0.142857142857y + 0.111111111111x ) ) + 1.0y ) * ( 0.333333333333x * ( 1.0x * ( 0.125y + 1.0x ) ) ) ) ) )
ind: 211
( 0.166666666667y * 0.166666666667x )
ind: 212
( ( 0.111111111111y * ( 0.125y * 1.0x ) ) + ( 0.1y * 0.142857142857y ) )
ind: 213
( 0.333333333333y * 0.333333333333x )
ind: 214
( 0.1x + ( ( 0.125y * ( ( 0.2x * ( 0.166666666667y * 0.125y ) ) * ( 0.142857142857y + 0.142857142857x ) ) ) * ( 0.125x + 0.111111111111y ) ) )
ind: 215
( ( ( ( 0.2y * ( 1.0x * ( 1.0x * 0.142857142857x ) ) ) * 1.0y ) + ( ( 0.25y * 0.166666666667y ) * 0.1x ) ) * 0.333333333333y )
ind: 216
( ( 0.1y + 0.2x ) * ( ( 0.166666666667x + ( ( 0.142857142857x + ( 0.25x + 0.25y ) ) * ( ( 0.5y + 0.166666666667x ) * 0.1x ) ) ) + ( ( ( ( 0.5x + 0.166666666667x ) + 0.333333333333y ) + ( ( 0.142857142857y * 0.25x ) * 0.125x ) ) + 0.111111111111x ) ) )
ind: 217
( 0.166666666667y * ( ( ( 0.2x * ( 0.111111111111y + ( 0.111111111111x + 0.166666666667y ) ) ) * ( ( 0.2x * ( 0.142857142857y * 0.2x ) ) * ( 0.111111111111y + ( 0.166666666667x * 0.166666666667y ) ) ) ) * ( 0.125x + ( 0.2y * ( 0.111111111111x + ( 0.166666666667x + 0.111111111111y ) ) ) ) ) )
ind: 218
( 0.25x + 0.25y )
ind: 219
( ( ( 0.25y + 0.5x ) * 0.125y ) * ( 0.25y + ( ( 0.2x + 0.125y ) * 0.5y ) ) )
ind: 220
( ( 0.1y * ( 0.5x * ( ( ( 0.111111111111y * 0.5y ) + 0.125x ) + ( ( 0.142857142857x + 0.125y ) + ( 0.25y * 0.25x ) ) ) ) ) * ( 0.166666666667x + 0.2x ) )
ind: 221
( 0.125y + ( ( 0.25y * 0.5y ) + ( ( 0.25x + ( ( 0.2x * 0.125x ) + ( 0.111111111111x * 0.5y ) ) ) + 0.1x ) ) )
ind: 222
( 0.111111111111x * 0.1y )
ind: 223
( ( 0.125x + ( ( ( 0.125x * 0.2y ) * 0.333333333333y ) + 0.1y ) ) + ( 0.111111111111y * ( ( 0.142857142857x + ( 1.0x + ( 0.125x + 1.0x ) ) ) * ( ( 0.5y + ( 0.25y * 0.142857142857x ) ) + 0.1y ) ) ) )
ind: 224
( ( 0.333333333333y + 0.25y ) + 0.125x )
ind: 225
( ( 0.125x * ( ( 0.142857142857y * 0.5x ) * 0.5y ) ) + ( 0.2x * ( 0.25x + 0.2y ) ) )
ind: 226
( 0.125y * ( ( ( 0.142857142857x + ( 0.166666666667x + 0.142857142857x ) ) * 0.125y ) + ( 0.142857142857x * 0.111111111111x ) ) )
ind: 227
( ( ( ( ( ( 1.0x * 0.2y ) * ( 0.5x + 0.25x ) ) * 0.166666666667y ) * 0.2x ) + ( 0.333333333333x + 0.1x ) ) + 0.111111111111y )
ind: 228
( 0.111111111111y * 0.166666666667x )
ind: 229
( 0.142857142857y * 0.1x )
ind: 230
( ( ( ( ( ( 0.5y * 1.0x ) * ( 1.0x + 1.0x ) ) * ( 0.166666666667x * ( 0.5x * 0.125x ) ) ) + 0.5x ) * ( ( 0.111111111111x + 1.0y ) + 0.111111111111x ) ) + 0.166666666667x )
ind: 231
( ( ( 0.111111111111x + 0.142857142857x ) + 0.125y ) + ( ( 0.1x * 0.5x ) * ( 0.5y * ( 0.1x * ( ( 1.0x + 0.111111111111x ) + 0.1y ) ) ) ) )
ind: 232
( ( 0.111111111111x + 0.25y ) + 0.25y )
ind: 233
( ( 0.125x * 0.25x ) + ( ( 0.166666666667x + 0.333333333333y ) * 1.0x ) )
ind: 234
( 0.142857142857y + 0.5x )
ind: 235
( 0.5x + ( ( ( ( 0.125y + ( 0.5x + 0.5y ) ) + 0.125y ) + 0.333333333333y ) + ( ( ( ( 0.125x + 1.0x ) + 0.2y ) * ( ( 0.2y + 0.111111111111y ) * 0.166666666667y ) ) + ( 0.125x + ( 0.125x + ( 0.333333333333y + 0.1x ) ) ) ) ) )
ind: 236
( 0.1x + ( 0.5y * 0.111111111111x ) )
ind: 237
( ( 1.0y * ( ( 0.333333333333y + 0.125x ) + 0.125x ) ) * ( 1.0y + 0.1y ) )
ind: 238
( ( ( 0.2y + ( ( 0.5x + 0.333333333333x ) * 0.25x ) ) + ( 0.125y * ( ( 0.125y * 0.25x ) * 0.125x ) ) ) * ( ( ( 0.125x + ( 0.125y * ( 0.333333333333y + 0.25y ) ) ) * ( 1.0x + 0.5x ) ) + 0.111111111111y ) )
ind: 239
( ( ( ( 0.333333333333x * ( ( 0.1y * 0.111111111111x ) * ( 0.1y * 0.125x ) ) ) + ( 0.166666666667y * ( 0.25x + ( 0.166666666667x * 0.111111111111x ) ) ) ) * 0.2y ) * ( 1.0x * ( ( 1.0x + ( ( 0.5x + 0.1y ) + 0.111111111111y ) ) * ( ( ( 1.0y + 0.1y ) + ( 0.125y * 0.2x ) ) * ( ( 0.142857142857y * 0.111111111111y ) * ( 0.111111111111x * 0.1y ) ) ) ) ) )
ind: 240
( ( ( 0.166666666667x + 1.0y ) * ( ( ( 1.0y * 1.0x ) + ( ( 0.1x * 0.142857142857x ) * ( 0.111111111111y * 1.0x ) ) ) * 0.125x ) ) + 0.333333333333y )
ind: 241
( 0.5x + ( 0.25y * 0.2x ) )
ind: 242
( ( 0.142857142857y + ( ( ( ( 0.25x + 0.5x ) * 0.1y ) * 0.166666666667y ) + ( 0.125y + ( 0.125y + 0.2y ) ) ) ) * 0.1y )
ind: 243
( ( 0.25x + 0.125x ) + ( 1.0x + ( 0.5y * ( 1.0y * 0.125y ) ) ) )
ind: 244
( 0.1x + ( ( ( ( ( 0.166666666667y + 0.166666666667x ) + 1.0y ) * 0.125y ) + 0.1x ) * 0.125x ) )
ind: 245
( ( 0.166666666667y + ( ( 0.142857142857x * ( ( 0.125x * 0.1y ) + 0.125x ) ) * 1.0x ) ) + ( ( 0.1y * 0.1x ) * ( ( 0.25x + 0.333333333333y ) + 0.125y ) ) )
ind: 246
( ( ( ( ( ( 0.125x + 0.25y ) + 0.1x ) * ( 0.166666666667x + ( 0.125x + 0.5y ) ) ) * 0.111111111111x ) + ( ( 1.0x + ( 0.5y * ( 0.111111111111x * 0.1x ) ) ) * ( 0.1y * 1.0x ) ) ) + ( 0.166666666667x * ( ( ( 0.166666666667x + ( 0.2y * 0.142857142857y ) ) + 0.142857142857y ) + ( 0.5y * 0.111111111111y ) ) ) )
ind: 247
( 0.2x + 0.25y )
ind: 248
( 0.1x * ( 0.2y * 1.0y ) )
ind: 249
( ( ( ( 0.125x * 0.2x ) * 0.166666666667y ) + 1.0y ) * 1.0x )
ind: 250
( 0.166666666667y * 0.111111111111x )
ind: 251
( 0.2y * ( 1.0x + 0.166666666667y ) )
ind: 252
( 0.125x * ( 0.142857142857y + 0.125y ) )
ind: 253
( ( ( 0.2x * 0.111111111111x ) * 0.166666666667y ) * ( ( ( 0.125y * ( ( 1.0y * 0.166666666667x ) + ( 0.111111111111y * 0.2x ) ) ) + ( ( ( 0.111111111111x + 0.1x ) + 0.142857142857y ) + 0.333333333333x ) ) * 0.333333333333x ) )
ind: 254
( ( 1.0y + ( ( 0.5y * ( 0.142857142857y + ( 0.166666666667y + 0.125y ) ) ) * 0.333333333333x ) ) + ( ( ( ( ( 0.166666666667y * 0.25x ) * ( 0.142857142857x * 0.125x ) ) + 0.142857142857x ) + 0.111111111111y ) + 0.125y ) )
ind: 255
( 0.111111111111y * ( 0.2x + ( ( ( 0.1x + 0.1x ) + ( ( 0.1y * 0.2x ) * 0.5x ) ) + 0.125y ) ) )
ind: 256
( ( ( 0.5x * 0.1y ) + 0.142857142857y ) * 1.0y )
ind: 257
( 1.0y * ( ( ( 1.0y * 0.111111111111y ) + ( 1.0y + 0.25x ) ) + 0.333333333333y ) )
ind: 258
( ( ( ( 1.0y * ( ( 0.111111111111y + 0.125y ) * ( 1.0y * 0.111111111111x ) ) ) * 0.1x ) * ( 0.125x + ( ( ( 0.125x + 0.1y ) * 0.333333333333x ) * 0.25x ) ) ) + ( ( ( ( ( 0.111111111111x + 0.25y ) + 0.111111111111y ) + ( 0.1y * ( 0.111111111111y + 0.166666666667x ) ) ) * ( 0.1y + 0.142857142857x ) ) + ( 0.166666666667x * ( 0.333333333333x + ( 0.125x * ( 0.2y + 1.0x ) ) ) ) ) )
ind: 259
( ( ( ( 0.25y * ( ( 0.111111111111y * 0.1x ) * ( 0.5y + 0.2x ) ) ) + 0.25x ) * 0.1y ) * ( 0.125y * ( 0.2y + ( ( 0.2x + ( 0.333333333333x * 1.0y ) ) * ( ( 0.5y + 0.5x ) + 0.2x ) ) ) ) )
ind: 260
( ( 0.333333333333y * 0.166666666667y ) * ( 0.2x + ( ( 0.5x + ( 0.111111111111x + ( 0.166666666667y + 0.333333333333x ) ) ) * 0.2x ) ) )
ind: 261
( 0.1x * ( 0.111111111111x * 0.25y ) )
ind: 262
( ( 0.5y + ( 0.125y + 0.1x ) ) + 0.1x )
ind: 263
( ( ( 0.5y * ( 0.25y * ( ( 0.333333333333y + 0.1y ) * 0.25x ) ) ) + 0.142857142857x ) + 0.2x )
ind: 264
( 0.333333333333x + ( 0.2y * 0.2y ) )
ind: 265
( 0.1x + 0.25y )
ind: 266
( 0.25y + ( ( 0.166666666667y + 0.1x ) * ( ( 0.25y * 0.2x ) * ( ( ( 0.111111111111x * 0.142857142857y ) * ( 0.25x * 0.142857142857x ) ) + 0.125x ) ) ) )
ind: 267
( ( ( 0.25x + 0.142857142857x ) * 0.111111111111x ) * ( 0.1x * ( 0.2x * 0.125y ) ) )
ind: 268
( 0.25y * ( 0.166666666667y + 0.25x ) )
ind: 269
( ( ( 0.333333333333y + ( ( ( 0.125x + 1.0y ) * ( 0.1x + 0.111111111111y ) ) * ( ( 0.111111111111y * 0.142857142857y ) * ( 0.111111111111x * 0.142857142857x ) ) ) ) * 0.333333333333x ) * 0.166666666667x )
ind: 270
( 0.25y * 0.5x )
ind: 271
( 0.25x + ( 0.166666666667y + 0.125y ) )
ind: 272
( ( 0.2x + ( 0.2x * ( ( 0.2y + ( 0.2y * 0.25y ) ) * 0.142857142857x ) ) ) * ( ( ( 0.166666666667x + ( 0.142857142857y * ( 0.166666666667y + 1.0y ) ) ) * ( ( ( 0.5y + 0.125x ) + 0.5x ) * ( ( 0.1x + 0.2y ) + ( 0.1x * 0.2x ) ) ) ) + 0.142857142857x ) )
ind: 273
( 0.25y * ( 0.111111111111y + ( 0.2x + ( 0.2y + ( ( 0.333333333333y * 0.142857142857x ) * 0.333333333333y ) ) ) ) )
ind: 274
( ( 0.5y * ( 0.25y + 0.111111111111x ) ) + ( ( ( ( 0.111111111111y + ( 0.111111111111x * 0.142857142857y ) ) + ( 0.1x + 0.333333333333y ) ) + ( 0.333333333333x + ( 0.25x + 0.25y ) ) ) + 0.111111111111x ) )
ind: 275
( ( ( ( 0.1x * ( ( 1.0y + 0.25x ) + 0.166666666667y ) ) * ( 0.25y * ( 0.5x + ( 0.5y + 1.0x ) ) ) ) + ( ( ( 0.2y + 0.166666666667y ) * 0.1y ) * ( ( 0.333333333333y * 0.2y ) * 0.5y ) ) ) * ( 0.125x + 0.1y ) )
ind: 276
( 0.2x * ( 0.2y + 1.0x ) )
ind: 277
( ( 0.125x + 0.166666666667y ) * 0.5x )
ind: 278
( ( ( ( ( 0.2x + ( 0.25x + 0.333333333333y ) ) + 0.1y ) * ( ( 0.333333333333x + 0.125y ) + 0.142857142857y ) ) + ( ( 0.111111111111x + 0.2x ) + ( ( ( 0.1x * 0.25y ) + ( 0.142857142857y + 0.25x ) ) * ( ( 1.0x + 0.166666666667x ) * ( 0.125x + 1.0x ) ) ) ) ) * 1.0y )
ind: 279
( ( 0.111111111111x + 0.142857142857y ) * ( 0.166666666667x + 0.5x ) )
ind: 280
( ( 0.2y + ( 0.25y * 0.111111111111x ) ) + 0.111111111111x )
ind: 281
( 0.111111111111y * 0.111111111111x )
ind: 282
( 0.1y * ( 0.25x * ( 0.166666666667x * 0.333333333333y ) ) )
ind: 283
( ( 0.5x * 0.25y ) + 0.5x )
ind: 284
( 0.111111111111y * ( ( ( ( 0.333333333333x * 0.25y ) + ( 0.1y + 0.5x ) ) * 0.125y ) * ( 0.1x * 0.25y ) ) )
ind: 285
( ( ( ( ( ( 0.333333333333y + 0.25x ) + ( 0.111111111111y + 0.111111111111y ) ) * ( 0.5x * 0.2y ) ) + 1.0y ) + ( ( ( ( 0.125y * 0.166666666667x ) + 0.111111111111y ) + 0.5y ) + ( ( ( 0.142857142857y * 0.1y ) * 0.5x ) * ( 0.111111111111y + ( 0.5x + 0.25y ) ) ) ) ) * ( 0.25x * ( ( ( ( 0.5x + 0.166666666667y ) + ( 0.2y + 0.2y ) ) + 0.5x ) + ( 0.2x + ( ( 0.333333333333y + 0.111111111111x ) * ( 0.25y * 0.333333333333x ) ) ) ) ) )
ind: 286
( 0.333333333333y * ( ( ( ( 0.1x + ( 0.166666666667x + 0.111111111111y ) ) * ( 0.1y * ( 0.142857142857y * 0.111111111111x ) ) ) + 0.333333333333x ) + ( 0.5x + 0.111111111111y ) ) )
ind: 287
( ( 1.0x * ( ( 0.5x + ( ( 0.111111111111y * 0.5x ) + 0.5x ) ) * 1.0y ) ) * 0.1x )
ind: 288
( ( 0.5x + ( 1.0x * ( 0.333333333333y * 0.111111111111y ) ) ) + ( 0.2x * ( 0.333333333333x * ( ( 0.2y + ( 0.111111111111x + 0.1x ) ) * ( 0.142857142857x + 0.166666666667y ) ) ) ) )
ind: 289
( ( ( 0.333333333333x + 0.1x ) * 0.125y ) * 0.125y )
ind: 290
( ( 0.5x + ( 0.142857142857x + 0.2x ) ) + 0.333333333333y )
ind: 291
( 0.111111111111x * 0.25y )
ind: 292
( 0.166666666667y * ( 0.2y + ( 0.125x * 0.333333333333y ) ) )
ind: 293
( 1.0x + ( ( ( ( 0.142857142857y + ( 0.1y * 0.2x ) ) + ( ( 0.5x + 0.2y ) + 0.1x ) ) * ( ( 0.1x + ( 0.125x + 0.142857142857y ) ) + 0.1y ) ) + ( ( 0.111111111111y + ( 0.333333333333x * ( 0.25y + 1.0x ) ) ) * ( ( 0.166666666667y * 0.125x ) * 0.142857142857x ) ) ) )
ind: 294
( ( ( ( 0.25x * ( ( 0.125x + 0.5x ) + ( 0.1y * 0.142857142857y ) ) ) + ( ( ( 0.5y + 0.1y ) * ( 0.5x * 0.1y ) ) * 0.111111111111y ) ) * 0.333333333333x ) * 0.333333333333y )
ind: 295
( 0.25y + ( ( 0.1x * ( ( 0.111111111111x + ( 0.333333333333y + 0.2y ) ) + 0.25y ) ) * ( 0.5x + 0.142857142857y ) ) )
ind: 296
( 0.166666666667y + ( 0.2x * 0.111111111111y ) )
ind: 297
( ( 0.333333333333y + 0.166666666667y ) + ( ( 0.2y * 0.111111111111x ) * ( 0.333333333333y * ( 0.1x * ( 1.0x + 0.2x ) ) ) ) )
ind: 298
( ( ( ( ( 0.2y + ( 0.166666666667x + 0.111111111111x ) ) + ( ( 0.5y + 0.166666666667y ) + ( 0.2y + 0.1y ) ) ) + 0.5y ) + 0.25y ) * ( ( ( ( ( 0.111111111111x + 1.0x ) * ( 0.2x + 0.142857142857y ) ) + ( 0.125y * 0.142857142857x ) ) * ( ( ( 0.125y + 1.0y ) * 0.1y ) + 0.1x ) ) + 0.2y ) )
ind: 299
( ( 0.333333333333x + ( 0.125y * 0.5y ) ) + ( 0.166666666667y * ( ( ( 0.5x + ( 0.142857142857y * 0.2y ) ) + ( 0.333333333333y + 0.25x ) ) + ( ( 0.125y + ( 1.0x * 0.166666666667y ) ) + ( 1.0x * 1.0x ) ) ) ) )
ind: 300
( ( 0.1x * 1.0y ) + ( ( ( ( ( 0.2y * 0.25y ) * ( 0.142857142857y + 0.25y ) ) + ( ( 0.166666666667y + 0.2y ) + ( 0.25x * 0.25y ) ) ) * ( ( ( 0.1x + 1.0y ) * ( 0.2x * 0.166666666667x ) ) * ( ( 0.25y * 0.2y ) + ( 0.2x + 0.333333333333y ) ) ) ) * 0.2x ) )
Best Ind: ( 1.0y * ( ( ( 1.0y * 0.111111111111y ) + ( 1.0y + 0.25x ) ) + 0.333333333333y ) )
Fitness = 27.7094688845
Worst Ind: ( ( 0.25y + ( ( ( ( 0.333333333333y + 0.2y ) + ( 1.0y + 0.5x ) ) + 0.1x ) + 1.0x ) ) + ( ( 0.5x + ( 0.2x + ( ( 0.166666666667y * 0.333333333333y ) + ( 0.333333333333x + 0.5x ) ) ) ) + ( 0.166666666667y + 0.125x ) ) )
Fitness = 142.623484396
Avg Fitness = 48.7575090953
Duplicated = 3
============================================================================
Evaluate Gen  1
New Population 426
Better than Dads 64
Best Ind: ( 1.0y * ( ( ( 1.0y * 0.111111111111y ) + ( 1.0y + 0.25x ) ) + 0.333333333333y ) )
Fitness = 27.7094688845
Worst Ind: ( ( 0.166666666667x * ( ( 0.111111111111x + ( 0.142857142857x + 1.0y ) ) + 0.25x ) ) * ( ( ( ( ( 1.0x * 0.2y ) * ( 0.5x + 0.25x ) ) * 0.166666666667y ) * 0.2x ) + ( 0.333333333333x + 0.1x ) ) )
Fitness = 49.9385769811
Avg Fitness = 48.0374414072
Duplicated = 12
============================================================================
Evaluate Gen  2
New Population 428
Better than Dads 60
Best Ind: ( 1.0y * ( ( ( 1.0y * 0.111111111111y ) + ( 1.0y + 0.25x ) ) + 0.333333333333y ) )
Fitness = 27.7094688845
Worst Ind: ( 0.25y + ( ( 0.166666666667y + 0.1x ) * ( ( 0.25y * 0.2x ) * ( ( ( 0.111111111111x * 0.142857142857y ) * ( 0.25x * 0.142857142857x ) ) + 0.125x ) ) ) )
Fitness = 49.4395416062
Avg Fitness = 47.6982141732
Duplicated = 14
============================================================================
Evaluate Gen  3
New Population 428
Better than Dads 62
Best Ind: ( 1.0y * ( ( ( 1.0y * 0.111111111111y ) + ( 1.0y + 0.25x ) ) + 0.333333333333y ) )
Fitness = 27.7094688845
Worst Ind: ( 0.25y * 0.333333333333x )
Fitness = 49.0560973128
Avg Fitness = 47.4376737578
Duplicated = 19
============================================================================
Evaluate Gen  4
New Population 428
Better than Dads 58
Best Ind: ( 1.0y * ( ( ( 1.0y * 0.111111111111y ) + ( 1.0y + 0.25x ) ) + 0.333333333333y ) )
Fitness = 27.7094688845
Worst Ind: ( 0.111111111111x + ( 0.111111111111y * ( ( 0.5x + ( 1.0x * 0.1y ) ) + 0.125y ) ) )
Fitness = 48.8089854156
Avg Fitness = 47.0895712731
Duplicated = 14
============================================================================
Evaluate Gen  5
New Population 440
Better than Dads 68
Best Ind: ( 1.0y * ( ( ( 1.0y * 0.111111111111y ) + ( 1.0y + 0.25x ) ) + 0.333333333333y ) )
Fitness = 27.7094688845
Worst Ind: ( 1.0y + 0.166666666667x )
Fitness = 48.5281732705
Avg Fitness = 46.678796059
Duplicated = 13
============================================================================
Evaluate Gen  6
New Population 436
Better than Dads 71
Best Ind: ( 1.0y * ( ( ( 1.0y * 0.111111111111y ) + ( 1.0y + 0.25x ) ) + 0.333333333333y ) )
Fitness = 27.7094688845
Worst Ind: ( ( 0.5x + ( 0.125y + 0.1x ) ) + 0.142857142857x )
Fitness = 48.2211613859
Avg Fitness = 46.3376905032
Duplicated = 11
============================================================================
Evaluate Gen  7
New Population 429
Better than Dads 59
Best Ind: ( 1.0y * ( ( ( 1.0y * 0.111111111111y ) + ( 1.0y + 0.25x ) ) + 0.333333333333y ) )
Fitness = 27.7094688845
Worst Ind: ( ( 0.333333333333x + 0.1x ) + ( 0.1y + ( 0.5y + 0.333333333333y ) ) )
Fitness = 47.8290148904
Avg Fitness = 45.8675288497
Duplicated = 16
============================================================================
Evaluate Gen  8
New Population 434
Better than Dads 74
Best Ind: ( 1.0y * ( ( ( 1.0y * 0.111111111111y ) + ( 1.0y + 0.25x ) ) + 0.333333333333y ) )
Fitness = 27.7094688845
Worst Ind: ( ( 0.333333333333y + 0.333333333333y ) * ( ( ( ( ( 1.0y * 1.0x ) * ( 0.166666666667x + 0.2y ) ) * ( ( 0.1x * 0.2x ) * 0.111111111111x ) ) * 0.5x ) + 0.333333333333x ) )
Fitness = 47.5028948415
Avg Fitness = 45.5556022694
Duplicated = 10
============================================================================
Evaluate Gen  9
New Population 439
Better than Dads 84
Best Ind: ( 1.0y * ( ( ( 1.0y * 0.111111111111y ) + ( 1.0y + 0.25x ) ) + 0.333333333333y ) )
Fitness = 27.7094688845
Worst Ind: ( ( 0.25x + 0.125x ) + ( 1.0x + ( 0.5y * ( 1.0y * 0.125y ) ) ) )
Fitness = 47.1918633274
Avg Fitness = 45.230747924
Duplicated = 9
============================================================================
Evaluate Gen  10
New Population 421
Better than Dads 70
Best Ind: ( 1.0y * ( ( ( 1.0y * 0.111111111111y ) + ( 1.0y + 0.25x ) ) + 0.333333333333y ) )
Fitness = 27.7094688845
Worst Ind: ( ( 0.142857142857y + ( 0.166666666667y * ( 0.25y + ( 0.5x + 0.142857142857x ) ) ) ) + 0.333333333333x )
Fitness = 46.8363616735
Avg Fitness = 44.8692914962
Duplicated = 8
============================================================================
Evaluate Gen  11
New Population 424
Better than Dads 73
Best Ind: ( 1.0y * ( ( ( 1.0y * 0.111111111111y ) + ( 1.0y + 0.25x ) ) + 0.333333333333y ) )
Fitness = 27.7094688845
Worst Ind: ( ( 0.142857142857x + ( 0.2y * ( ( 0.142857142857y + 0.5x ) + 0.111111111111x ) ) ) + ( 0.333333333333x + 0.25y ) )
Fitness = 46.4601984313
Avg Fitness = 44.5367260177
Duplicated = 7
============================================================================
Evaluate Gen  12
New Population 428
Better than Dads 79
Best Ind: ( ( 0.5x + ( 0.142857142857y + ( 1.0x + 0.25y ) ) ) * 1.0y )
Fitness = 27.0356224624
Worst Ind: ( ( 0.166666666667y + ( 0.2y * ( ( 0.142857142857y + 0.5x ) + 0.111111111111y ) ) ) + ( 0.1x * 1.0y ) )
Fitness = 46.2109955739
Avg Fitness = 44.1259732064
Duplicated = 10
============================================================================
Evaluate Gen  13
New Population 432
Better than Dads 72
Best Ind: ( ( 0.5x + ( 0.142857142857y + ( 1.0x + 0.25y ) ) ) * 1.0y )
Fitness = 27.0356224624
Worst Ind: ( ( ( 0.333333333333x + 0.1y ) * ( 0.142857142857y + 0.111111111111x ) ) + ( ( ( 0.25y + 0.25y ) + ( 0.1x + 0.25y ) ) + 0.5x ) )
Fitness = 45.8498018077
Avg Fitness = 43.6418262822
Duplicated = 7
============================================================================
Evaluate Gen  14
New Population 437
Better than Dads 87
Best Ind: ( ( 0.5x + ( 0.142857142857y + ( 1.0x + 0.25y ) ) ) * 1.0y )
Fitness = 27.0356224624
Worst Ind: ( ( 0.5x * 1.0x ) + 0.142857142857y )
Fitness = 45.3534303368
Avg Fitness = 43.2314961443
Duplicated = 11
============================================================================
Evaluate Gen  15
New Population 434
Better than Dads 88
Best Ind: ( ( 0.5x + ( 0.142857142857y + ( 1.0x + 0.25y ) ) ) * 1.0y )
Fitness = 27.0356224624
Worst Ind: ( ( ( 0.1y + 0.25y ) + ( 0.166666666667y * ( ( 0.5y + ( 0.125y + 0.1x ) ) + 0.125x ) ) ) + ( 0.5x + 0.166666666667y ) )
Fitness = 45.036317065
Avg Fitness = 42.8275083222
Duplicated = 7
============================================================================
Evaluate Gen  16
New Population 429
Better than Dads 83
Best Ind: ( ( 0.5x + ( 0.142857142857y + ( 1.0x + 0.25y ) ) ) * 1.0y )
Fitness = 27.0356224624
Worst Ind: ( ( ( ( 0.25y * ( 0.25x + 0.125y ) ) + 0.2y ) + 0.25y ) + ( ( ( 0.125y + ( ( 0.125y + 0.2y ) + 0.333333333333x ) ) * ( 0.1x + 0.111111111111y ) ) + 0.25y ) )
Fitness = 44.7888141296
Avg Fitness = 42.4162429582
Duplicated = 7
============================================================================
Evaluate Gen  17
New Population 429
Better than Dads 80
Best Ind: ( ( 0.5x + ( 0.142857142857y + ( 1.0x + 0.25y ) ) ) * 1.0y )
Fitness = 27.0356224624
Worst Ind: ( ( ( ( ( 0.25y + 0.333333333333x ) * 0.25x ) + ( ( ( 0.1y + 0.25x ) * 0.333333333333y ) + ( ( 0.1x + 0.111111111111y ) + 0.125x ) ) ) + ( 0.5x + ( 0.142857142857y + 0.111111111111x ) ) ) + ( 0.111111111111x * ( 0.25y + ( ( 0.142857142857y + ( 0.333333333333x * 0.1x ) ) * 0.333333333333y ) ) ) )
Fitness = 44.3756765211
Avg Fitness = 41.9047276715
Duplicated = 6
============================================================================
Evaluate Gen  18
New Population 429
Better than Dads 80
Best Ind: ( ( 0.5x + ( 0.142857142857y + ( 1.0x + 0.25y ) ) ) * 1.0y )
Fitness = 27.0356224624
Worst Ind: ( ( 0.1y + ( 1.0y * 0.333333333333x ) ) + ( ( 0.125y * ( ( ( 0.111111111111x + 0.25x ) * ( 1.0x * 0.25y ) ) * 0.1y ) ) + ( 0.2y * 1.0x ) ) )
Fitness = 43.9044646792
Avg Fitness = 41.3797796471
Duplicated = 7
============================================================================
Evaluate Gen  19
New Population 436
Better than Dads 84
Best Ind: ( ( 0.5x + ( 0.142857142857y + ( 1.0x + 0.25y ) ) ) * 1.0y )
Fitness = 27.0356224624
Worst Ind: ( 0.5x + ( 0.5x + ( ( 0.5y + ( 0.333333333333x + ( 0.166666666667x * 0.5y ) ) ) * ( 0.333333333333x + 0.125y ) ) ) )
Fitness = 43.3237720267
Avg Fitness = 40.7914263829
Duplicated = 8
============================================================================
Evaluate Gen  20
New Population 441
Better than Dads 93
Best Ind: ( ( 0.5x + ( 0.142857142857y + ( 1.0x + 0.25y ) ) ) * 1.0y )
Fitness = 27.0356224624
Worst Ind: ( ( 0.166666666667y + ( ( ( 0.1x + 0.2y ) + 0.5y ) + ( 0.166666666667y + 0.142857142857y ) ) ) * 0.25y )
Fitness = 42.9506739843
Avg Fitness = 40.2365545338
Duplicated = 7
============================================================================
Evaluate Gen  21
New Population 426
Better than Dads 79
Best Ind: ( ( 0.5x + ( 0.142857142857y + ( 1.0x + 0.25y ) ) ) * 1.0y )
Fitness = 27.0356224624
Worst Ind: ( ( ( ( ( 0.25x + 0.5x ) + 0.333333333333x ) * 0.5x ) + 0.25y ) + ( 0.125y + ( 0.166666666667y * ( 0.111111111111x + ( 0.2y + 0.333333333333y ) ) ) ) )
Fitness = 42.3332209751
Avg Fitness = 39.5980661574
Duplicated = 7
============================================================================
Evaluate Gen  22
New Population 431
Better than Dads 84
Best Ind: ( ( 0.5x + ( 0.142857142857y + ( 1.0x + 0.25y ) ) ) * 1.0y )
Fitness = 27.0356224624
Worst Ind: ( 0.5y * ( 0.5x + 1.0x ) )
Fitness = 41.8286823368
Avg Fitness = 39.096906026
Duplicated = 6
============================================================================
Evaluate Gen  23
New Population 428
Better than Dads 84
Best Ind: ( ( 0.5x + ( 0.142857142857y + ( 1.0x + 0.25y ) ) ) * 1.0y )
Fitness = 27.0356224624
Worst Ind: ( ( 0.125x * 0.25x ) + ( ( ( 0.25y + 0.5x ) * 0.125y ) + ( ( ( 0.2y + 0.111111111111x ) + 1.0y ) * 0.5x ) ) )
Fitness = 41.3521787609
Avg Fitness = 38.5493820814
Duplicated = 8
============================================================================
Evaluate Gen  24
New Population 424
Better than Dads 84
Best Ind: ( 1.0y * ( ( 0.5x + ( ( 0.5y + 0.166666666667y ) + 1.0y ) ) + 0.166666666667x ) )
Fitness = 21.9077493203
Worst Ind: ( ( 0.25x + ( ( 0.25x + 0.5x ) * ( 0.333333333333x + 0.5x ) ) ) + ( ( ( ( 0.125x * 0.142857142857x ) + 0.5x ) * 0.25x ) + ( ( ( 0.1y + 0.25x ) * 0.333333333333y ) + ( ( 0.1x + 0.111111111111y ) + 0.125x ) ) ) )
Fitness = 40.837263676
Avg Fitness = 37.9314836057
Duplicated = 12
============================================================================
Evaluate Gen  25
New Population 412
Better than Dads 78
Best Ind: ( 1.0y * ( ( 0.5x + ( ( 0.5y + 0.166666666667y ) + 1.0y ) ) + 0.166666666667x ) )
Fitness = 21.9077493203
Worst Ind: ( ( 0.25x + ( ( ( 1.0x * 0.5x ) + ( 0.2y * 0.142857142857y ) ) + 0.5x ) ) + ( ( ( ( 0.125x * 0.142857142857x ) + 0.5x ) * 0.25x ) + ( ( ( 0.1y + 0.25x ) * 0.333333333333y ) + ( ( 0.1x + 0.111111111111y ) + 0.125x ) ) ) )
Fitness = 40.30290697
Avg Fitness = 37.5208706323
Duplicated = 7
============================================================================
Evaluate Gen  26
New Population 422
Better than Dads 84
Best Ind: ( 1.0y * ( ( 0.5x + ( ( 0.5y + 0.166666666667y ) + 1.0y ) ) + 0.166666666667x ) )
Fitness = 21.9077493203
Worst Ind: ( 0.5y * ( ( ( 0.1x + 0.111111111111y ) + 0.25y ) + 1.0x ) )
Fitness = 39.981790816
Avg Fitness = 36.9161612346
Duplicated = 5
============================================================================
Evaluate Gen  27
New Population 435
Better than Dads 85
Best Ind: ( 1.0y * ( ( 0.5x + ( ( 0.5y + 0.166666666667y ) + 1.0y ) ) + 0.166666666667x ) )
Fitness = 21.9077493203
Worst Ind: ( ( 0.5x + 0.25y ) + ( ( ( 0.111111111111x + 0.333333333333y ) * 1.0y ) + ( 0.5x * 0.1x ) ) )
Fitness = 39.3742250927
Avg Fitness = 36.1530783625
Duplicated = 5
============================================================================
Evaluate Gen  28
New Population 437
Better than Dads 91
Best Ind: ( 1.0y * ( ( 0.5x + ( ( 0.5y + 0.166666666667y ) + 1.0y ) ) + 0.166666666667x ) )
Fitness = 21.9077493203
Worst Ind: ( ( ( ( ( 0.1y + 0.25x ) * 0.333333333333y ) + 0.166666666667x ) + ( ( 0.25x + ( ( 0.125y + 0.2y ) + 0.333333333333x ) ) * 1.0x ) ) + 0.5x )
Fitness = 38.7333479913
Avg Fitness = 35.4763752507
Duplicated = 10
============================================================================
Evaluate Gen  29
New Population 427
Better than Dads 73
Best Ind: ( 1.0y * ( ( 0.5x + ( ( 0.5y + 0.166666666667y ) + 1.0y ) ) + 0.166666666667x ) )
Fitness = 21.9077493203
Worst Ind: ( 0.25y + ( ( ( 1.0x + ( 0.142857142857y * 0.25x ) ) * ( ( 1.0x * 0.142857142857x ) + 1.0y ) ) + 0.333333333333y ) )
Fitness = 38.0260241728
Avg Fitness = 34.68635551
Duplicated = 11
============================================================================
Evaluate Gen  30
New Population 423
Better than Dads 78
Best Ind: ( ( 0.333333333333x + ( ( 0.1y + ( 0.125x * 0.125x ) ) + ( ( 1.0y + 0.1y ) + ( 0.1x + 0.5x ) ) ) ) * ( ( 1.0x + 0.111111111111x ) + ( 0.1y + 0.25y ) ) )
Fitness = 19.1215126926
Worst Ind: ( ( ( ( 0.125x * 0.125x ) * ( 0.333333333333x * 0.1x ) ) + ( 0.5y * ( 0.166666666667x + 1.0x ) ) ) + ( ( ( 0.5x + 0.2y ) * 0.5y ) + ( ( 0.25x + ( ( 0.2x * 0.125x ) + ( 0.111111111111x * 0.5y ) ) ) + 0.1x ) ) )
Fitness = 37.4591560409
Avg Fitness = 33.9904200523
Duplicated = 9
============================================================================
Evaluate Gen  31
New Population 430
Better than Dads 85
Best Ind: ( ( 0.333333333333x + ( ( 0.1y + ( 0.125x * 0.125x ) ) + ( ( 1.0y + 0.1y ) + ( 0.1x + 0.5x ) ) ) ) * ( ( 1.0x + 0.111111111111x ) + ( 0.1y + 0.25y ) ) )
Fitness = 19.1215126926
Worst Ind: ( 1.0x + ( ( 1.0x * 0.25x ) + ( 0.5x + ( ( 0.25y + 1.0y ) * ( 0.1y + 0.2y ) ) ) ) )
Fitness = 36.7663648572
Avg Fitness = 33.3046952724
Duplicated = 12
============================================================================
Evaluate Gen  32
New Population 425
Better than Dads 84
Best Ind: ( ( ( 0.25y + 1.0x ) * ( 0.25y + ( 1.0y + 1.0y ) ) ) + ( ( ( 0.1y + 0.2y ) * ( ( 1.0x + 0.142857142857y ) + 0.333333333333y ) ) + ( 0.2x * ( ( ( 1.0x * 0.142857142857x ) + ( 0.125x + 0.333333333333x ) ) + ( 1.0y + 0.5x ) ) ) ) )
Fitness = 13.6474421372
Worst Ind: ( ( ( 0.333333333333y * ( ( 0.5y + ( 0.166666666667y + 0.5y ) ) + 0.125x ) ) + 0.142857142857y ) + ( ( ( 0.125y + ( 0.25y + ( 0.5y + 0.166666666667y ) ) ) * ( 0.1x + 0.111111111111y ) ) + 0.5x ) )
Fitness = 36.097999505
Avg Fitness = 32.4713954392
Duplicated = 15
============================================================================
Evaluate Gen  33
New Population 421
Better than Dads 83
Best Ind: ( ( ( 0.25y + 1.0x ) * ( 0.25y + ( 1.0y + 1.0y ) ) ) + ( ( ( 0.1y + 0.2y ) * ( ( 1.0x + 0.142857142857y ) + 0.333333333333y ) ) + ( 0.2x * ( ( ( 1.0x * 0.142857142857x ) + ( 0.125x + 0.333333333333x ) ) + ( 1.0y + 0.5x ) ) ) ) )
Fitness = 13.6474421372
Worst Ind: ( ( ( ( 0.2x * ( 0.25x + 0.125y ) ) + 0.166666666667y ) + ( ( ( 0.5x + ( 0.142857142857y + 0.111111111111x ) ) + 0.333333333333y ) * 0.5x ) ) + ( ( 0.111111111111x + 0.333333333333y ) * 1.0y ) )
Fitness = 35.480925658
Avg Fitness = 31.7074469437
Duplicated = 12
============================================================================
Evaluate Gen  34
New Population 437
Better than Dads 94
Best Ind: ( ( ( 0.25y + 1.0x ) * ( 0.25y + ( 1.0y + 1.0y ) ) ) + ( ( ( 0.1y + 0.2y ) * ( ( 1.0x + 0.142857142857y ) + 0.333333333333y ) ) + ( 0.2x * ( ( ( 1.0x * 0.142857142857x ) + ( 0.125x + 0.333333333333x ) ) + ( 1.0y + 0.5x ) ) ) ) )
Fitness = 13.6474421372
Worst Ind: ( ( 1.0x * ( ( 1.0y + 0.333333333333x ) + 0.125x ) ) + ( 0.125x + 0.5x ) )
Fitness = 34.6726565901
Avg Fitness = 30.8754969645
Duplicated = 11
============================================================================
Evaluate Gen  35
New Population 431
Better than Dads 87
Best Ind: ( ( ( 0.25y + 1.0x ) * ( 0.25y + ( 1.0y + 1.0y ) ) ) + ( ( ( 0.1y + 0.2y ) * ( ( 1.0x + 0.142857142857y ) + 0.333333333333y ) ) + ( 0.2x * ( ( ( 1.0x * 0.142857142857x ) + ( 0.125x + 0.333333333333x ) ) + ( 1.0y + 0.5x ) ) ) ) )
Fitness = 13.6474421372
Worst Ind: ( ( 1.0x + ( ( 1.0x + 0.111111111111y ) * ( ( 0.142857142857y + 0.5x ) + ( 0.125x + ( 0.25x + 0.333333333333x ) ) ) ) ) * ( ( 0.5y + 0.166666666667y ) + 1.0x ) )
Fitness = 33.7220411423
Avg Fitness = 30.0961146663
Duplicated = 7
============================================================================
Evaluate Gen  36
New Population 432
Better than Dads 97
Best Ind: ( ( ( 0.25y + 1.0x ) * ( 0.25y + ( 1.0y + 1.0y ) ) ) + ( ( ( 0.1y + 0.2y ) * ( ( 1.0x + 0.142857142857y ) + 0.333333333333y ) ) + ( 0.2x * ( ( ( 1.0x * 0.142857142857x ) + ( 0.125x + 0.333333333333x ) ) + ( 1.0y + 0.5x ) ) ) ) )
Fitness = 13.6474421372
Worst Ind: ( ( ( ( 1.0x + 0.166666666667y ) * 0.142857142857x ) + ( ( 0.5x + 0.25y ) + 0.333333333333x ) ) * ( ( ( ( 0.111111111111y + ( 0.111111111111x * 0.142857142857y ) ) + ( 0.1x + 0.333333333333y ) ) + ( 0.333333333333x + ( 0.25x + 0.25y ) ) ) + 0.111111111111x ) )
Fitness = 32.7788883869
Avg Fitness = 29.3911261943
Duplicated = 8
============================================================================
Evaluate Gen  37
New Population 432
Better than Dads 88
Best Ind: ( ( ( 0.25y + 1.0x ) * ( 0.25y + ( 1.0y + 1.0y ) ) ) + ( ( ( 0.1y + 0.2y ) * ( ( 1.0x + 0.142857142857y ) + 0.333333333333y ) ) + ( 0.2x * ( ( ( 1.0x * 0.142857142857x ) + ( 0.125x + 0.333333333333x ) ) + ( 1.0y + 0.5x ) ) ) ) )
Fitness = 13.6474421372
Worst Ind: ( ( 0.142857142857x + ( ( ( ( 0.5y * 0.25y ) + ( 1.0x + 0.5y ) ) + ( 0.1y * 0.5x ) ) * ( ( 0.111111111111x + 0.333333333333y ) + ( 0.333333333333x + 0.25x ) ) ) ) + 1.0x )
Fitness = 31.9707356655
Avg Fitness = 28.5899563929
Duplicated = 7
============================================================================
Evaluate Gen  38
New Population 421
Better than Dads 80
Best Ind: ( ( ( 0.25y + 1.0x ) * ( 0.25y + ( 1.0y + 1.0y ) ) ) + ( ( ( 0.1y + 0.2y ) * ( ( 1.0x + 0.142857142857y ) + 0.333333333333y ) ) + ( 0.2x * ( ( ( 1.0x * 0.142857142857x ) + ( 0.125x + 0.333333333333x ) ) + ( 1.0y + 0.5x ) ) ) ) )
Fitness = 13.6474421372
Worst Ind: ( ( ( ( 0.5y + ( 0.125y + 0.2y ) ) + ( ( 0.111111111111x * 1.0y ) * 0.333333333333y ) ) + 1.0y ) * 1.0x )
Fitness = 31.3310874873
Avg Fitness = 27.6673549934
Duplicated = 7
============================================================================
Evaluate Gen  39
New Population 428
Better than Dads 86
Best Ind: ( ( 0.125x * 0.25x ) + ( ( ( ( 0.142857142857y + 0.5x ) + ( ( 0.125y + 0.2y ) + ( 1.0y + 0.25x ) ) ) * ( ( 1.0x + 0.1x ) + ( ( 0.111111111111y + 0.1y ) + 0.25y ) ) ) + ( ( ( 0.2y + ( 0.1x + 0.111111111111y ) ) + 1.0y ) * 0.5x ) ) )
Fitness = 12.1800555161
Worst Ind: ( ( ( ( 1.0x + 0.166666666667x ) + ( 0.111111111111y + 0.5y ) ) * ( 0.166666666667x + 1.0x ) ) + ( ( 0.2y + 0.333333333333y ) + 0.25y ) )
Fitness = 30.5723206456
Avg Fitness = 26.8913932585
Duplicated = 9
============================================================================
Evaluate Gen  40
New Population 425
Better than Dads 86
Best Ind: ( ( 0.125x * 0.25x ) + ( ( ( ( 0.142857142857y + 0.5x ) + ( ( 0.125y + 0.2y ) + ( 1.0y + 0.25x ) ) ) * ( ( 1.0x + 0.1x ) + ( ( 0.111111111111y + 0.1y ) + 0.25y ) ) ) + ( ( ( 0.2y + ( 0.1x + 0.111111111111y ) ) + 1.0y ) * 0.5x ) ) )
Fitness = 12.1800555161
Worst Ind: ( 0.5y * ( ( 0.25x + ( 1.0x + ( ( 0.5x + 0.5y ) + 0.1y ) ) ) + 1.0x ) )
Fitness = 29.7810930086
Avg Fitness = 26.1674904222
Duplicated = 5
============================================================================
Evaluate Gen  41
New Population 425
Better than Dads 89
Best Ind: ( ( 0.125x * 0.25x ) + ( ( ( ( 0.142857142857y + 0.5x ) + ( ( 0.125y + 0.2y ) + ( 1.0y + 0.25x ) ) ) * ( ( 1.0x + 0.1x ) + ( ( 0.111111111111y + 0.1y ) + 0.25y ) ) ) + ( ( ( 0.2y + ( 0.1x + 0.111111111111y ) ) + 1.0y ) * 0.5x ) ) )
Fitness = 12.1800555161
Worst Ind: ( ( ( ( ( 0.25y + 0.333333333333x ) * 1.0x ) + ( ( 0.5x + 0.333333333333y ) * 0.5x ) ) + ( 0.5x + ( 0.142857142857y + 0.111111111111x ) ) ) + ( ( ( ( 0.125y + 0.2y ) + 0.333333333333x ) * 1.0y ) + 0.25x ) )
Fitness = 29.2516406193
Avg Fitness = 25.4560475294
Duplicated = 1
============================================================================
Evaluate Gen  42
New Population 424
Better than Dads 89
Best Ind: ( ( ( ( 0.5y + ( 0.125y + 0.142857142857y ) ) + ( ( ( 1.0x * 0.142857142857x ) + ( 0.125x + 0.333333333333x ) ) + ( 1.0y + 0.5x ) ) ) + 1.0y ) * ( ( ( ( 0.111111111111y + ( 0.111111111111x * 0.142857142857y ) ) + ( 0.1x + 0.333333333333y ) ) + ( 0.333333333333x + ( 0.25x + 0.25y ) ) ) + 0.111111111111x ) )
Fitness = 11.1578618215
Worst Ind: ( ( ( ( 0.25x + 0.5x ) + ( 0.2y * ( ( 0.5x + 0.5y ) + ( 0.2y + 0.125y ) ) ) ) + ( ( 0.5y + 0.5x ) * ( 0.333333333333x + 1.0x ) ) ) + ( 0.2y + ( 1.0x * 0.5x ) ) )
Fitness = 28.5278661368
Avg Fitness = 24.7985308256
Duplicated = 6
============================================================================
Evaluate Gen  43
New Population 424
Better than Dads 76
Best Ind: ( ( ( ( ( 0.5x + ( 0.125x + 0.2x ) ) + 0.5x ) + ( ( 0.111111111111y + ( 0.111111111111x * 0.142857142857y ) ) + ( 1.0x + 0.166666666667y ) ) ) * ( 1.0y + 0.5y ) ) + ( 1.0x * 1.0y ) )
Fitness = 10.7768178002
Worst Ind: ( ( ( ( 1.0y + 0.5x ) + 0.166666666667y ) * ( ( 0.1x + ( 1.0x + 0.25y ) ) + 0.111111111111x ) ) + ( ( ( 0.2x + ( 0.1y + 0.111111111111x ) ) + ( 1.0x + 0.111111111111x ) ) + ( ( ( ( 0.1y * 0.142857142857y ) * ( 0.333333333333x * 0.1x ) ) + 0.142857142857x ) * 0.25x ) ) )
Fitness = 27.9159603524
Avg Fitness = 23.9940194822
Duplicated = 8
============================================================================
Evaluate Gen  44
New Population 418
Better than Dads 77
Best Ind: ( ( ( ( ( 0.5x + ( 0.125x + 0.2x ) ) + 0.5x ) + ( ( 0.111111111111y + ( 0.111111111111x * 0.142857142857y ) ) + ( 1.0x + 0.166666666667y ) ) ) * ( 1.0y + 0.5y ) ) + ( 1.0x * 1.0y ) )
Fitness = 10.7768178002
Worst Ind: ( ( 1.0x + ( ( ( 0.25y + 0.5y ) + ( 1.0x * 0.25x ) ) + 0.25x ) ) * ( ( ( ( 1.0y + 0.25y ) * 0.333333333333y ) + ( ( 0.1x + 0.111111111111y ) + 0.125x ) ) + ( 0.111111111111y + 0.5y ) ) )
Fitness = 27.1588984629
Avg Fitness = 23.1819795927
Duplicated = 8
============================================================================
Evaluate Gen  45
New Population 439
Better than Dads 95
Best Ind: ( ( ( ( ( 0.5x + ( 0.125x + 0.2x ) ) + 0.5x ) + ( ( 0.111111111111y + ( 0.111111111111x * 0.142857142857y ) ) + ( 1.0x + 0.166666666667y ) ) ) * ( 1.0y + 0.5y ) ) + ( 1.0x * 1.0y ) )
Fitness = 10.7768178002
Worst Ind: ( ( 1.0x * 1.0y ) + ( 0.166666666667y + ( ( 0.111111111111x + ( 1.0y * 0.5x ) ) + ( ( ( 0.125x + 1.0y ) * ( 0.25x + 0.125x ) ) + ( 1.0y * 0.2y ) ) ) ) )
Fitness = 26.5444388037
Avg Fitness = 22.3439154592
Duplicated = 5
============================================================================
Evaluate Gen  46
New Population 426
Better than Dads 90
Best Ind: ( ( ( ( ( 0.5x + ( 0.125x + 0.2x ) ) + 0.5x ) + ( ( 0.111111111111y + ( 0.111111111111x * 0.142857142857y ) ) + ( 1.0x + 0.166666666667y ) ) ) * ( 1.0y + 0.5y ) ) + ( 1.0x * 1.0y ) )
Fitness = 10.7768178002
Worst Ind: ( ( 0.2y + ( ( 0.25x + ( ( 1.0y + 0.25y ) + 0.5x ) ) * ( ( 0.25y + 0.111111111111x ) + 0.25y ) ) ) + ( ( ( 0.25y + 1.0x ) + 0.333333333333x ) * ( 0.333333333333x + 0.125y ) ) )
Fitness = 25.7800266391
Avg Fitness = 21.6388345074
Duplicated = 5
============================================================================
Evaluate Gen  47
New Population 420
Better than Dads 85
Best Ind: ( ( ( ( ( 0.5x + ( 0.125x + 0.2x ) ) + 0.5x ) + ( ( 0.111111111111y + ( 0.111111111111x * 0.142857142857y ) ) + ( 1.0x + 0.166666666667y ) ) ) * ( 1.0y + 0.5y ) ) + ( 1.0x * 1.0y ) )
Fitness = 10.7768178002
Worst Ind: ( ( ( ( ( 0.25y + 1.0y ) * 1.0x ) + ( ( 0.5x + 0.333333333333y ) * 1.0x ) ) + 0.5x ) + ( ( 0.142857142857y * 0.5x ) + ( ( 0.1y + ( ( 0.25x + 1.0x ) + 0.1x ) ) * ( 0.1y + 0.2y ) ) ) )
Fitness = 24.8045416959
Avg Fitness = 20.9310149302
Duplicated = 8
============================================================================
Evaluate Gen  48
New Population 418
Better than Dads 73
Best Ind: ( ( ( ( ( 0.5x + ( 0.125x + 0.2x ) ) + 0.5x ) + ( ( 0.111111111111y + ( 0.111111111111x * 0.142857142857y ) ) + ( 1.0x + 0.166666666667y ) ) ) * ( 1.0y + 0.5y ) ) + ( 1.0x * 1.0y ) )
Fitness = 10.7768178002
Worst Ind: ( ( ( ( 0.125y + 1.0x ) + 0.25x ) + 1.0x ) * ( 0.1x + ( 1.0x + 0.25y ) ) )
Fitness = 24.0166628873
Avg Fitness = 20.0501502185
Duplicated = 8
============================================================================
Evaluate Gen  49
New Population 446
Better than Dads 98
Best Ind: ( ( ( ( ( 0.5x + ( 0.125x + 0.2x ) ) + 0.5x ) + ( ( 0.111111111111y + ( 0.111111111111x * 0.142857142857y ) ) + ( 1.0x + 0.166666666667y ) ) ) * ( 1.0y + 0.5y ) ) + ( 1.0x * 1.0y ) )
Fitness = 10.7768178002
Worst Ind: ( ( ( ( ( 0.333333333333x + ( 0.25x + 0.25y ) ) + 0.166666666667y ) * 0.142857142857x ) + ( ( 0.5x + ( 0.166666666667y + 1.0x ) ) + 0.333333333333x ) ) * ( ( ( ( 0.111111111111y + ( 0.111111111111x * 0.142857142857y ) ) + ( 0.1x + 0.333333333333y ) ) + ( 0.333333333333x + ( 0.25x + 0.25y ) ) ) + 0.111111111111x ) )
Fitness = 23.2258655909
Avg Fitness = 19.2058348212
Duplicated = 6
============================================================================
Evaluate Gen  50
New Population 420
Better than Dads 89
Best Ind: ( ( ( 1.0x + 0.1x ) * ( 1.0y + ( 0.333333333333y + 0.333333333333x ) ) ) + ( ( ( 1.0x + 0.142857142857y ) + 1.0y ) * ( ( 1.0y + ( 0.25x + 0.5x ) ) + 0.125x ) ) )
Fitness = 10.7623251245
Worst Ind: ( ( 1.0x + ( ( 0.125x + ( 0.5x + 0.142857142857y ) ) + 0.142857142857x ) ) * ( ( ( 1.0x + 0.125x ) + 0.333333333333y ) + 0.25y ) )
Fitness = 22.2971693685
Avg Fitness = 18.4880858212
Duplicated = 7
