dataset_file= dataset/SR_div.txt
population= 500
generations= 100
tournament_size= 7
cross_over= 0.6
mutation= 0.3
elitism= True
(50, 2)
============================================================================
Build initial population
ind: 1
( ( ( 6y - ( 6.0 * 9x ) ) + ( 1x + ( 34.0 * 96.0 ) ) ) + ( ( 8x + ( ( 61.0 - 4x ) + ( ( 13.0 + 89.0 ) - ( 95.0 + 2y ) ) ) ) * 63.0 ) )
ind: 2
( ( ( 29.0 * 43.0 ) * ( 57.0 * 2y ) ) - ( 10x + ( 84.0 * 6y ) ) )
ind: 3
( ( 2y + ( 85.0 - 82.0 ) ) - ( ( 2y * 3x ) * ( 7x * ( ( 91.0 - ( 2x - 9x ) ) - 50.0 ) ) ) )
ind: 4
( ( 5y - 34.0 ) + 9x )
ind: 5
( ( 1y * ( 4x * ( 5y + ( 19.0 - ( 33.0 + 1y ) ) ) ) ) - ( ( 47.0 - 75.0 ) * ( 4x + ( 6y * ( 10y * ( 1x + 29.0 ) ) ) ) ) )
ind: 6
( 6y + ( ( 3y - 9y ) * 3x ) )
ind: 7
( ( 64.0 + 1y ) - 4x )
ind: 8
( ( ( ( ( ( 9x * 6y ) - ( 6x * 56.0 ) ) + 52.0 ) - ( 2y + ( 6y + ( 76.0 - 9.0 ) ) ) ) - 6y ) + ( ( 4.0 - 7x ) - ( 27.0 + ( ( 3y * 60.0 ) - 4x ) ) ) )
ind: 9
( ( ( ( ( 27.0 - ( 50.0 + 39.0 ) ) + 2x ) - ( ( 27.0 - 2x ) + ( 42.0 * 2y ) ) ) + ( ( ( ( 29.0 - 95.0 ) + 10x ) + 1y ) - 5x ) ) * ( ( ( ( ( 42.0 + 2y ) * 26.0 ) * ( ( 62.0 - 71.0 ) * 6y ) ) * 81.0 ) - 7y ) )
ind: 10
( ( ( 90.0 * ( 10x - 9x ) ) - ( 2y - ( ( ( 26.0 + 10x ) - ( 52.0 - 9y ) ) - ( 65.0 * ( 6x * 2x ) ) ) ) ) + 29.0 )
ind: 11
( ( ( 4y + 9y ) - ( 7x * 73.0 ) ) - 2y )
ind: 12
( ( ( ( 5y - 68.0 ) * ( 77.0 * 4y ) ) + ( ( ( ( 7y + 8x ) + ( 23.0 - 3x ) ) + 28.0 ) + 3x ) ) - ( ( ( 17.0 - 13.0 ) * 10y ) + ( 8y + ( 6x - ( ( 75.0 - 74.0 ) + 79.0 ) ) ) ) )
ind: 13
( 44.0 + ( ( ( ( ( 9y + 5y ) - ( 10y - 10x ) ) + ( ( 6x + 7y ) - ( 5y * 4x ) ) ) + 10x ) * ( ( ( 87.0 * 80.0 ) - ( ( 47.0 * 35.0 ) * 56.0 ) ) * ( 29.0 - ( 64.0 + 5x ) ) ) ) )
ind: 14
( 10y * ( ( ( ( 8y - 40.0 ) - 2y ) + 2y ) * ( ( 5y * 41.0 ) - ( ( ( 1y * 12.0 ) - ( 40.0 * 1y ) ) - ( 9x * 92.0 ) ) ) ) )
ind: 15
( ( 82.0 * ( 63.0 - ( ( ( 3x - 7x ) - 68.0 ) + 6x ) ) ) + ( 79.0 - ( 92.0 - ( ( ( 2y + 44.0 ) + 69.0 ) - ( ( 14.0 - 74.0 ) * ( 9x + 66.0 ) ) ) ) ) )
ind: 16
( ( ( 7x - ( 6x + ( 86.0 * ( 7x - 84.0 ) ) ) ) + ( ( 4y - ( 23.0 - 6y ) ) + ( ( 1x * 77.0 ) - 1y ) ) ) + 88.0 )
ind: 17
( ( 4x * 2y ) * ( ( ( 4y * ( 97.0 - ( 81.0 + 14.0 ) ) ) * ( ( 47.0 * ( 3y - 85.0 ) ) + ( ( 56.0 * 61.0 ) + ( 2y + 7y ) ) ) ) + 99.0 ) )
ind: 18
( ( ( 7.0 * 35.0 ) * 24.0 ) + ( ( 9y - ( 36.0 * 4y ) ) * ( 9x * 10y ) ) )
ind: 19
( ( ( ( ( 59.0 + 100.0 ) - ( ( 10x + 2y ) + ( 10x + 4.0 ) ) ) - 52.0 ) - ( 7y * ( ( ( 63.0 * 8x ) - 3y ) + ( 10.0 * ( 97.0 - 4x ) ) ) ) ) * ( ( 2x + ( 3x * 45.0 ) ) - ( ( ( ( 1x + 2y ) * 35.0 ) + ( ( 42.0 * 10x ) + 3x ) ) + 77.0 ) ) )
ind: 20
( ( ( ( ( ( 4y * 10y ) + 8x ) * ( ( 32.0 * 4.0 ) - 100.0 ) ) - 10y ) + ( 10x + 6y ) ) * ( ( 70.0 * 11.0 ) - 72.0 ) )
ind: 21
( ( ( ( ( 2y * 8.0 ) + 4y ) - ( 33.0 * 5x ) ) * ( ( 96.0 * 44.0 ) * ( 81.0 - 4x ) ) ) * ( ( 8y * ( 13.0 - ( ( 26.0 * 4x ) - 12.0 ) ) ) - ( 10x + ( ( 23.0 + 3x ) * 86.0 ) ) ) )
ind: 22
( 5y - ( ( ( ( ( 11.0 - 3y ) - 2x ) - ( 6x - 27.0 ) ) * 42.0 ) - 5y ) )
ind: 23
( 2.0 - ( 8.0 + ( ( ( ( 34.0 + 67.0 ) + 9x ) + 10y ) * 96.0 ) ) )
ind: 24
( ( ( 5y * 62.0 ) + 48.0 ) - ( ( ( ( ( 6x * 9y ) * 4x ) + 7y ) + ( ( 59.0 * 9y ) - ( 66.0 + 10y ) ) ) - ( 4x - ( 73.0 - 10y ) ) ) )
ind: 25
( ( 4x - 2y ) + 2x )
ind: 26
( 1x - ( ( 2y - 15.0 ) - ( ( 56.0 - ( 63.0 * 71.0 ) ) - ( 4y + ( ( 8y * 62.0 ) - 10y ) ) ) ) )
ind: 27
( ( 3x * 4y ) + ( 8.0 + 89.0 ) )
ind: 28
( ( 100.0 + 7x ) * ( 9y + 4x ) )
ind: 29
( 7y + ( 10x + 10x ) )
ind: 30
( ( 6x + 100.0 ) + ( ( ( ( 8y * ( 11.0 - 18.0 ) ) - 5x ) * 56.0 ) * ( 4x - ( ( ( 9x + 7y ) - ( 6y * 6.0 ) ) - ( 9x - ( 8x * 70.0 ) ) ) ) ) )
ind: 31
( 8x - ( ( ( 34.0 * ( 71.0 * 1x ) ) + 2y ) - ( ( ( 3y * 7y ) - 76.0 ) * 11.0 ) ) )
ind: 32
( 62.0 + ( ( ( ( ( 1x + 4y ) - 3x ) * 10y ) * ( 10x - ( 2.0 - 6y ) ) ) * ( ( 5y + ( ( 4.0 - 5x ) + ( 39.0 - 89.0 ) ) ) - ( 35.0 - ( 83.0 + ( 5x + 6y ) ) ) ) ) )
ind: 33
( ( 3x - ( 8x - 4x ) ) - ( ( 82.0 * 6y ) - ( ( 96.0 * ( 8y - 82.0 ) ) * ( ( 2y * ( 6y + 5x ) ) + 6y ) ) ) )
ind: 34
( 9y - 4x )
ind: 35
( ( ( ( 38.0 - 1y ) * 71.0 ) * 5y ) - ( 9x * 78.0 ) )
ind: 36
( 4y - ( ( ( ( 7x * ( 6y + 25.0 ) ) - ( ( 87.0 * 30.0 ) - ( 73.0 * 3y ) ) ) * ( 7x * ( 1y + ( 5x - 99.0 ) ) ) ) * ( ( ( 8x + 9y ) * ( 4x * 6x ) ) - 4x ) ) )
ind: 37
( ( 3y - ( 2.0 - ( ( 6y + 10x ) - 3x ) ) ) - ( ( 6.0 + ( 2y * ( 96.0 + ( 89.0 + 4x ) ) ) ) * ( ( ( ( 35.0 - 5y ) * 9y ) - ( 25.0 + ( 1y - 68.0 ) ) ) + ( ( 4y * 84.0 ) + ( ( 5.0 + 95.0 ) - 3x ) ) ) ) )
ind: 38
( ( 5y * 96.0 ) + ( 65.0 + 3x ) )
ind: 39
( ( ( 65.0 - 44.0 ) * ( 79.0 - ( 65.0 + 6y ) ) ) * ( 70.0 - 9x ) )
ind: 40
( ( 38.0 * 54.0 ) * ( ( ( ( ( 10x * 3.0 ) - 2x ) * 1y ) + ( ( 1x + ( 3y - 7y ) ) * ( 53.0 * 4x ) ) ) * ( 25.0 - ( ( 59.0 - 31.0 ) - ( ( 79.0 - 8y ) + 50.0 ) ) ) ) )
ind: 41
( 1x - ( ( ( ( ( 6x * 3y ) * 4y ) + 66.0 ) + 63.0 ) - 43.0 ) )
ind: 42
( 69.0 * ( 8y - ( ( ( 7y - 8y ) - 7x ) * 4x ) ) )
ind: 43
( ( ( ( 2y + ( 39.0 + ( 77.0 * 3x ) ) ) * ( 5x * 65.0 ) ) - 7y ) * ( ( ( 2.0 - ( 78.0 + 11.0 ) ) * ( 33.0 * ( ( 7y * 91.0 ) + ( 6y - 10.0 ) ) ) ) * ( ( ( 57.0 - ( 81.0 + 9x ) ) + ( ( 28.0 * 10y ) + ( 60.0 - 5x ) ) ) + ( 3y * 7y ) ) ) )
ind: 44
( 36.0 - ( 5y - 3x ) )
ind: 45
( ( 9y - ( ( ( ( 8x * 8x ) - 6y ) - 33.0 ) + 1x ) ) * 5y )
ind: 46
( 9x - ( 3y * 6.0 ) )
ind: 47
( 5y * ( ( 10x - ( ( ( 3.0 * 8x ) + ( 49.0 - 92.0 ) ) - 9y ) ) * 48.0 ) )
ind: 48
( ( ( ( ( ( 7y - 43.0 ) - ( 46.0 - 55.0 ) ) + ( 94.0 + ( 80.0 - 62.0 ) ) ) + ( 40.0 * 7x ) ) * 3y ) * ( 3x * 1x ) )
ind: 49
( ( 20.0 - 43.0 ) * ( 2y + ( ( ( ( 6.0 + 7y ) - ( 9x * 10x ) ) - 2x ) * ( 4y * 5y ) ) ) )
ind: 50
( ( ( 35.0 + 9y ) + ( ( ( ( 6y + 21.0 ) * ( 97.0 * 6x ) ) + ( 1x * 67.0 ) ) - ( 39.0 - ( 86.0 * 8.0 ) ) ) ) - ( ( 8y + ( 5y - 4y ) ) * ( ( 66.0 + ( ( 8y - 16.0 ) - ( 83.0 + 5x ) ) ) * ( ( 37.0 + 71.0 ) * 7y ) ) ) )
ind: 51
( ( 4x - 66.0 ) - ( ( ( 8x - 7y ) + 43.0 ) + ( ( ( ( 91.0 - 2x ) * 3x ) - 19.0 ) - 10x ) ) )
ind: 52
( 89.0 + ( ( ( 5.0 * ( 11.0 + ( 3y + 2x ) ) ) * ( ( ( 1y + 19.0 ) * 94.0 ) * ( ( 5.0 * 25.0 ) + ( 43.0 * 6x ) ) ) ) * 9x ) )
ind: 53
( ( 73.0 * ( ( ( ( 79.0 + 91.0 ) * 3x ) * ( ( 7x - 77.0 ) * 44.0 ) ) + ( 4y + 3x ) ) ) + 5x )
ind: 54
( ( 3y + ( ( 8y - 14.0 ) * ( 20.0 - 8x ) ) ) - 23.0 )
ind: 55
( ( ( ( 5y + ( ( 5.0 * 1x ) + 5y ) ) + 14.0 ) - 2y ) + ( 1x - ( ( 63.0 - ( ( 100.0 - 4x ) + ( 1y - 7y ) ) ) - ( ( ( 55.0 + 10x ) + 83.0 ) * ( 1.0 - ( 2.0 - 42.0 ) ) ) ) ) )
ind: 56
( ( 2y + 17.0 ) - 7x )
ind: 57
( 3x - ( 7x - ( ( ( ( 9y * 1.0 ) * 7y ) - 2x ) + ( ( ( 9x + 92.0 ) + 13.0 ) - 86.0 ) ) ) )
ind: 58
( ( ( ( 43.0 + 3x ) * 67.0 ) + 5y ) * ( ( ( 8x + ( ( 10y - 1y ) * ( 96.0 * 7x ) ) ) + ( 7y + ( ( 5x - 55.0 ) + ( 10y * 90.0 ) ) ) ) * 57.0 ) )
ind: 59
( ( ( 33.0 * ( 4x - ( ( 87.0 + 54.0 ) - 3y ) ) ) * 8x ) - 35.0 )
ind: 60
( 41.0 - ( ( 30.0 + ( ( 4y - 62.0 ) * ( ( 59.0 + 63.0 ) * 9y ) ) ) - ( ( 10.0 + 5.0 ) + ( ( ( 3y * 3y ) - ( 9x + 48.0 ) ) * 52.0 ) ) ) )
ind: 61
( 1x * ( ( ( 6y * ( 10x + ( 53.0 - 7x ) ) ) + 22.0 ) - ( ( ( ( 57.0 * 5y ) + 7x ) * ( 9y - ( 6y - 6.0 ) ) ) * 8.0 ) ) )
ind: 62
( ( 4y * ( ( 100.0 + 1.0 ) - 33.0 ) ) * ( 48.0 + ( 2y * ( ( ( 64.0 - 93.0 ) + ( 17.0 + 1.0 ) ) - 5x ) ) ) )
ind: 63
( ( ( 1y - ( ( 37.0 - ( 9x + 7x ) ) * ( 23.0 * ( 59.0 - 4.0 ) ) ) ) - ( ( 8x * ( 62.0 - 99.0 ) ) - ( 8x - ( ( 25.0 - 2y ) - ( 10x - 80.0 ) ) ) ) ) - ( 12.0 - 32.0 ) )
ind: 64
( 58.0 * ( ( ( 2y - ( 3x + 7y ) ) * ( ( 9x - 9x ) + 86.0 ) ) - ( ( 6x - 67.0 ) - ( ( ( 29.0 - 10y ) + 59.0 ) + 59.0 ) ) ) )
ind: 65
( ( ( ( ( ( 6x - 7x ) * 8x ) * 94.0 ) + 15.0 ) + ( ( 56.0 + 7y ) * 4y ) ) * ( 25.0 * 7x ) )
ind: 66
( ( 2x + 4y ) * 1x )
ind: 67
( ( ( ( 72.0 * ( 21.0 * ( 5x + 8x ) ) ) - 36.0 ) * ( ( ( 6x * 3y ) - 30.0 ) + ( 61.0 + 53.0 ) ) ) * 15.0 )
ind: 68
( ( 7y - 10x ) + ( 15.0 * 25.0 ) )
ind: 69
( 8x * ( 10y - 1x ) )
ind: 70
( ( ( ( 46.0 - ( ( 27.0 + 2y ) + 9y ) ) - ( 49.0 + ( 3x + 6y ) ) ) - ( ( 34.0 - ( ( 6y * 28.0 ) + ( 3x * 35.0 ) ) ) - ( 9x * ( ( 97.0 - 79.0 ) * ( 17.0 * 37.0 ) ) ) ) ) - 1x )
ind: 71
( ( ( ( 33.0 - 77.0 ) * ( 6y - ( ( 1y + 3x ) * 3y ) ) ) * ( ( 4x + ( 7y * 4y ) ) - ( 10y * 6y ) ) ) - ( ( ( 13.0 + 4x ) * ( ( ( 9y - 8x ) * 32.0 ) * ( ( 34.0 * 8x ) - ( 92.0 + 28.0 ) ) ) ) - 30.0 ) )
ind: 72
( ( ( ( 9y - ( 67.0 - 1x ) ) + 7x ) + ( 88.0 - 3y ) ) - ( ( ( ( ( 40.0 * 93.0 ) - ( 1x * 10x ) ) - 1x ) - ( ( 3y + 55.0 ) - 75.0 ) ) * 92.0 ) )
ind: 73
( ( ( ( ( 7x - 8x ) * 10.0 ) - ( ( 73.0 + 90.0 ) + 71.0 ) ) - ( 4.0 * ( ( 88.0 - 42.0 ) * ( 68.0 + 3x ) ) ) ) - ( ( ( 9x - 6y ) * ( 57.0 * ( ( 6y - 1x ) * 7y ) ) ) - ( 7x * ( ( ( 32.0 + 72.0 ) - ( 5x + 4x ) ) - ( ( 49.0 * 55.0 ) + 2.0 ) ) ) ) )
ind: 74
( ( ( ( ( 7x - 71.0 ) - ( 87.0 * 21.0 ) ) + 7y ) - 1y ) + 45.0 )
ind: 75
( 1y - ( ( 74.0 - ( 5x + ( 69.0 + ( 5y + 49.0 ) ) ) ) + 4y ) )
ind: 76
( ( ( 28.0 - 56.0 ) - ( 53.0 - 45.0 ) ) - ( ( ( 22.0 - ( ( 72.0 - 10x ) + ( 3y * 7y ) ) ) * 88.0 ) + 1y ) )
ind: 77
( ( 9.0 - 5x ) * ( ( ( ( 41.0 - 9y ) * 2x ) + ( ( ( 15.0 * 8y ) - ( 7x + 10y ) ) * ( ( 78.0 - 13.0 ) * 19.0 ) ) ) + 9x ) )
ind: 78
( ( ( ( 40.0 - ( 66.0 * ( 93.0 * 10y ) ) ) - 1x ) * ( 10y * ( ( ( 4y * 71.0 ) + 4.0 ) - 64.0 ) ) ) * ( 5.0 + 49.0 ) )
ind: 79
( ( ( 5x + 8y ) - ( 1y - ( ( ( 4x * 56.0 ) - ( 5y - 17.0 ) ) * 24.0 ) ) ) * ( ( 19.0 - 3y ) - 47.0 ) )
ind: 80
( ( ( ( ( ( 15.0 - 1y ) * 43.0 ) - 2y ) + 99.0 ) * 6y ) * 4x )
ind: 81
( ( 49.0 + 5x ) - ( ( 7x + 66.0 ) * ( 1x + ( ( ( 18.0 + 3.0 ) * ( 9y * 5x ) ) + ( 8x + 42.0 ) ) ) ) )
ind: 82
( 10y + ( ( ( ( ( 3x - 1x ) + ( 8y * 4y ) ) + ( 57.0 * 80.0 ) ) - 4y ) - ( ( ( 92.0 - ( 1x * 50.0 ) ) + ( 56.0 * ( 5y - 6x ) ) ) + 93.0 ) ) )
ind: 83
( ( 9y + ( 99.0 - 33.0 ) ) * 8x )
ind: 84
( 7x + ( 5y - 71.0 ) )
ind: 85
( 7x - 10y )
ind: 86
( ( ( 7y + ( ( 20.0 + ( 4x * 16.0 ) ) + 51.0 ) ) * 2x ) * ( ( ( 10y - ( ( 2x + 9x ) * 1x ) ) * ( 4x * ( ( 15.0 - 32.0 ) + 8x ) ) ) - ( ( ( 7x + 76.0 ) + ( 56.0 - ( 92.0 - 6y ) ) ) * 9.0 ) ) )
ind: 87
( 4x * 8y )
ind: 88
( ( 84.0 + ( ( 9x + ( 5.0 + ( 45.0 - 7y ) ) ) - 10x ) ) * 43.0 )
ind: 89
( ( 98.0 * 98.0 ) - ( ( ( 70.0 - 1x ) + ( 62.0 * ( 8x * 6y ) ) ) * 94.0 ) )
ind: 90
( ( 7x + ( ( 64.0 - ( ( 26.0 * 19.0 ) * ( 8y - 23.0 ) ) ) - 1.0 ) ) * ( ( ( 2y + ( ( 8.0 * 6y ) - 47.0 ) ) - ( ( 47.0 + ( 7x - 53.0 ) ) * ( ( 5y * 70.0 ) * 10y ) ) ) * ( 10y - ( 66.0 - ( 81.0 + 74.0 ) ) ) ) )
ind: 91
( ( ( 5y + 4y ) * 8x ) * ( ( 71.0 + 10.0 ) * ( ( ( 7x - ( 4.0 + 44.0 ) ) - 9y ) + ( ( 73.0 - 1x ) + ( ( 4y * 2y ) - ( 85.0 - 6y ) ) ) ) ) )
ind: 92
( ( 4x - ( 6x - ( ( ( 1x + 57.0 ) * 68.0 ) * ( 3x + ( 78.0 + 93.0 ) ) ) ) ) + 1y )
ind: 93
( ( 23.0 + 6x ) - ( 80.0 + ( ( ( 99.0 * 4y ) + 6.0 ) + 26.0 ) ) )
ind: 94
( ( 9y - ( ( ( ( 31.0 + 3y ) - ( 5x * 75.0 ) ) - 10x ) - 75.0 ) ) * 9x )
ind: 95
( ( ( 50.0 + ( 7.0 + ( 10x + ( 56.0 + 78.0 ) ) ) ) + ( 6y - 8y ) ) - 5y )
ind: 96
( ( ( 18.0 * 79.0 ) * 6x ) - ( ( 44.0 - ( ( 97.0 + 39.0 ) - 7x ) ) - 6y ) )
ind: 97
( ( 10x + 5x ) - ( ( 5y + ( ( 42.0 + ( 7y + 27.0 ) ) + ( 4y - ( 52.0 + 10x ) ) ) ) + 5y ) )
ind: 98
( ( ( ( ( ( 4y + 88.0 ) - ( 42.0 * 3y ) ) - ( ( 78.0 * 35.0 ) - 5y ) ) + ( ( 5y - ( 7.0 + 5y ) ) * 70.0 ) ) + 20.0 ) * ( ( 3x + 9y ) + 9x ) )
ind: 99
( ( 88.0 * ( 5y * 3y ) ) + ( ( 76.0 + 7x ) - 79.0 ) )
ind: 100
( ( 87.0 - ( 45.0 + ( 85.0 * ( 23.0 * 4y ) ) ) ) - ( 19.0 + ( 8x - 36.0 ) ) )
ind: 101
( 56.0 + ( ( ( ( 6y + 79.0 ) - 87.0 ) + ( ( ( 19.0 * 6x ) * ( 57.0 * 10x ) ) * ( 44.0 * 1x ) ) ) + 40.0 ) )
ind: 102
( 10y + 5x )
ind: 103
( ( 4y - ( 6x - 9.0 ) ) * 25.0 )
ind: 104
( ( ( 3x - 24.0 ) - ( 3y * 35.0 ) ) - 7y )
ind: 105
( ( 2x * ( 37.0 * 17.0 ) ) - 1y )
ind: 106
( ( ( 9x - 1.0 ) + 9y ) - ( ( 7y * 69.0 ) - 10y ) )
ind: 107
( ( ( ( ( ( 55.0 + 24.0 ) + 10x ) - ( ( 8.0 - 31.0 ) + 3x ) ) * ( 5x + ( 69.0 * ( 43.0 + 1y ) ) ) ) * ( ( 8.0 - ( ( 2x * 30.0 ) * ( 47.0 - 39.0 ) ) ) * 8x ) ) + 55.0 )
ind: 108
( ( 46.0 * ( 91.0 * ( ( ( 84.0 + 9y ) * 1y ) * ( ( 67.0 - 56.0 ) - ( 6.0 + 77.0 ) ) ) ) ) + 2x )
ind: 109
( ( ( ( 68.0 * ( 6x + ( 31.0 + 13.0 ) ) ) * 51.0 ) - 4y ) - 1x )
ind: 110
( ( 31.0 * 1y ) + 4x )
ind: 111
( 15.0 * ( ( ( ( ( 1y - 7y ) + 6x ) + ( ( 82.0 + 27.0 ) + 9y ) ) + 3x ) - ( 9x - 7y ) ) )
ind: 112
( ( 9y * ( ( ( ( 35.0 - 41.0 ) + 6y ) * 58.0 ) * ( ( 6y + ( 100.0 * 13.0 ) ) * ( 9x * ( 9x - 1y ) ) ) ) ) + 17.0 )
ind: 113
( 10y * 2x )
ind: 114
( 4x - ( ( ( ( ( 1.0 + 16.0 ) + 9y ) + 4x ) * 2x ) * ( 10y + ( ( ( 29.0 - 19.0 ) * ( 71.0 + 3.0 ) ) + ( ( 5x + 9x ) * 79.0 ) ) ) ) )
ind: 115
( ( 3x - ( 10y + 10x ) ) - 4.0 )
ind: 116
( ( ( ( ( ( 22.0 * 5y ) - 1y ) - ( 69.0 + ( 6y - 1y ) ) ) * ( 5y + ( ( 39.0 - 83.0 ) * ( 5y + 41.0 ) ) ) ) + ( 98.0 + ( ( 1x - ( 67.0 * 88.0 ) ) * 2y ) ) ) - ( ( 58.0 - ( 63.0 - 1y ) ) - 27.0 ) )
ind: 117
( ( 2x - 5y ) * ( ( 89.0 - ( ( 47.0 - ( 49.0 * 59.0 ) ) - 8x ) ) * ( 5x + 77.0 ) ) )
ind: 118
( ( 3y * 42.0 ) - 3x )
ind: 119
( ( ( 36.0 + 3y ) - ( 10x * 9y ) ) * 6.0 )
ind: 120
( ( ( 12.0 - ( 92.0 - ( 1y - ( 10y + 100.0 ) ) ) ) - 18.0 ) * ( 7.0 - ( ( ( 2x - ( 15.0 - 7.0 ) ) - ( 3x + 54.0 ) ) - 1y ) ) )
ind: 121
( 6y - 9x )
ind: 122
( ( ( ( ( 30.0 - ( 84.0 * 4x ) ) + 3y ) * 24.0 ) - 4x ) - ( ( ( ( 5y + 3.0 ) * 56.0 ) - 21.0 ) * ( ( ( ( 70.0 + 46.0 ) - ( 3y * 6x ) ) * ( 3x * ( 7x + 89.0 ) ) ) + 9x ) ) )
ind: 123
( ( ( ( 4.0 * ( 39.0 * ( 3y * 3x ) ) ) + 64.0 ) - 6y ) - 7y )
ind: 124
( ( ( 7x + ( ( ( 6y + 69.0 ) - 9.0 ) + ( ( 4y * 2y ) - ( 4x - 79.0 ) ) ) ) + ( ( ( 5x + ( 21.0 * 10y ) ) * ( ( 8x * 22.0 ) - 52.0 ) ) * 6x ) ) + 8y )
ind: 125
( 63.0 * ( 9y * ( ( 7y * ( ( 35.0 - 97.0 ) + 51.0 ) ) + 8x ) ) )
ind: 126
( 58.0 + ( ( 10.0 + 27.0 ) * ( ( 8y + ( 8y + 5x ) ) + 14.0 ) ) )
ind: 127
( ( 51.0 - ( 75.0 * ( ( ( 33.0 + 83.0 ) + 2x ) - 52.0 ) ) ) * ( 6y + 6y ) )
ind: 128
( ( ( ( 56.0 * ( 42.0 * 56.0 ) ) + ( ( 1x + ( 39.0 * 8x ) ) * ( ( 70.0 - 8x ) * 93.0 ) ) ) - ( ( ( 1x * 4.0 ) * 40.0 ) - ( ( 2y + ( 9y * 1x ) ) + ( 30.0 * ( 1.0 + 32.0 ) ) ) ) ) - 8y )
ind: 129
( ( ( ( 4x - 1y ) - ( ( ( 8x - 2x ) + ( 100.0 - 60.0 ) ) + ( 1y + ( 10x - 1x ) ) ) ) + 1.0 ) * ( ( 79.0 * 8y ) + 5x ) )
ind: 130
( ( ( 10y + 64.0 ) - ( ( ( 2y - ( 9x * 17.0 ) ) + ( 4x + ( 69.0 * 1y ) ) ) * 6x ) ) * 5x )
ind: 131
( ( ( 25.0 * 5y ) - ( 21.0 + 4x ) ) + 35.0 )
ind: 132
( 1x - 2y )
ind: 133
( ( ( ( ( ( 53.0 - 2x ) + 7x ) * 36.0 ) + ( 4y + 95.0 ) ) + ( ( 4x - ( 83.0 + ( 79.0 - 4x ) ) ) * 42.0 ) ) - 94.0 )
ind: 134
( ( 30.0 * 2x ) * ( 20.0 * ( 3y * 94.0 ) ) )
ind: 135
( ( 10y - ( 20.0 - 7x ) ) * ( 3y * 6x ) )
ind: 136
( ( ( 3x + 49.0 ) - 20.0 ) * ( ( 2y + ( 29.0 * 3y ) ) - ( ( ( ( 6x + 69.0 ) * ( 5x * 5y ) ) - 42.0 ) * 16.0 ) ) )
ind: 137
( ( ( 7y * 46.0 ) - ( 5.0 + ( 5x * ( 2y - 5x ) ) ) ) * 1.0 )
ind: 138
( ( 2y - 2x ) * 8x )
ind: 139
( ( ( ( 90.0 - ( ( 3y + 31.0 ) + 89.0 ) ) + 7x ) * 49.0 ) + 24.0 )
ind: 140
( ( ( ( 51.0 - 100.0 ) + ( ( 7y - 6x ) * ( 2y - 54.0 ) ) ) + 17.0 ) + 51.0 )
ind: 141
( 5y - 3x )
ind: 142
( ( ( 54.0 + ( 7y - 3y ) ) + 4.0 ) * ( ( ( ( 10y - 90.0 ) + ( ( 98.0 - 2y ) * ( 9y - 92.0 ) ) ) - 9x ) + 2x ) )
ind: 143
( 2x + ( 5.0 - ( ( ( ( 6y - 9x ) + 7x ) - 42.0 ) + 4y ) ) )
ind: 144
( ( ( ( ( 75.0 * ( 15.0 - 9y ) ) - 1x ) - 33.0 ) - 63.0 ) + 3y )
ind: 145
( ( 72.0 + 4y ) * ( 93.0 + ( ( ( 16.0 - 8x ) * ( ( 8y * 72.0 ) + 2x ) ) * ( 4x * 4x ) ) ) )
ind: 146
( 85.0 + ( ( ( ( ( 1y * 3y ) + 9x ) + ( ( 48.0 + 52.0 ) * ( 7x - 51.0 ) ) ) * ( 1y * 57.0 ) ) + 4y ) )
ind: 147
( ( ( 8x + 6x ) * ( ( 5x + ( ( 10x + 90.0 ) - 11.0 ) ) * 9x ) ) - ( ( ( ( 4x - ( 71.0 + 2y ) ) + ( 9x + 59.0 ) ) - 6y ) + ( ( ( 8x + 10x ) + 38.0 ) * 81.0 ) ) )
ind: 148
( ( 62.0 - ( 8x * ( ( ( 95.0 * 28.0 ) - ( 29.0 + 9x ) ) * 69.0 ) ) ) * ( ( 5x - ( ( ( 12.0 + 14.0 ) * ( 1y * 10y ) ) * 97.0 ) ) - ( ( 72.0 * ( ( 51.0 * 68.0 ) * ( 4y * 5y ) ) ) - 58.0 ) ) )
ind: 149
( ( ( 4y * ( 59.0 - ( 6y * ( 33.0 * 42.0 ) ) ) ) - ( 8y - ( 42.0 + 12.0 ) ) ) - ( 5y - ( ( ( 13.0 - ( 1y * 10y ) ) * ( 4y - ( 3x * 58.0 ) ) ) + ( ( 8y * 35.0 ) * ( 9y + 37.0 ) ) ) ) )
ind: 150
( ( ( 9y * ( 1x - ( ( 10x - 16.0 ) + ( 9x - 33.0 ) ) ) ) + 59.0 ) * 3x )
ind: 151
( 3y - ( ( ( ( ( 4x + 22.0 ) - ( 93.0 + 70.0 ) ) * ( ( 17.0 * 48.0 ) - ( 3x * 77.0 ) ) ) - ( ( 92.0 - 6y ) * 76.0 ) ) + 6y ) )
ind: 152
( ( ( 32.0 * 47.0 ) - 9x ) + 2y )
ind: 153
( 54.0 * ( ( 33.0 * ( ( ( 3x - 2x ) - 1y ) - 3y ) ) - 9x ) )
ind: 154
( 2y - ( ( 6x * 72.0 ) + 6y ) )
ind: 155
( ( 10y * 100.0 ) * ( 22.0 * ( 4y - ( 56.0 * ( 6x + 52.0 ) ) ) ) )
ind: 156
( 9y - ( ( 2y + ( ( ( 4y - 85.0 ) * ( 67.0 - 9x ) ) + ( ( 5y + 35.0 ) * ( 4y + 2y ) ) ) ) - ( 40.0 + ( ( ( 37.0 * 10x ) - ( 77.0 * 6x ) ) * 100.0 ) ) ) )
ind: 157
( ( 7y - ( 7x - ( 98.0 + 36.0 ) ) ) * ( ( ( ( ( 94.0 - 9x ) + ( 7y + 8y ) ) + ( ( 96.0 + 9.0 ) + 100.0 ) ) - 3x ) + ( 6x + ( ( 36.0 + 60.0 ) + ( 51.0 * ( 1x - 6y ) ) ) ) ) )
ind: 158
( ( ( 10x - 29.0 ) - 94.0 ) - ( 1x - ( ( ( ( 7x - 13.0 ) + ( 5.0 + 66.0 ) ) + 83.0 ) + ( 9y * ( 10.0 * ( 3y + 2x ) ) ) ) ) )
ind: 159
( ( 6y + ( ( 53.0 - 43.0 ) + ( ( 77.0 * ( 6.0 + 26.0 ) ) - ( ( 8x - 53.0 ) * 5x ) ) ) ) + ( ( ( 73.0 * 8x ) + 3y ) * 1y ) )
ind: 160
( 88.0 + ( ( ( ( 10x - 34.0 ) + ( ( 81.0 * 100.0 ) - 2y ) ) + ( ( ( 16.0 - 10x ) - 24.0 ) * 55.0 ) ) - ( 6x + ( ( 8y + 25.0 ) - ( ( 19.0 - 23.0 ) - 17.0 ) ) ) ) )
ind: 161
( 6x - ( ( 2.0 * ( ( 5x - ( 21.0 - 32.0 ) ) * 10y ) ) + ( 5x * ( ( 9y - ( 9x - 66.0 ) ) + 98.0 ) ) ) )
ind: 162
( ( 2y * 9x ) + ( ( ( ( 4y * 4y ) - 68.0 ) - ( 83.0 * 6y ) ) - ( 5y * ( 66.0 * ( 4x + ( 32.0 * 49.0 ) ) ) ) ) )
ind: 163
( 8y + ( 54.0 - ( 2x * ( ( 100.0 + 6x ) - 91.0 ) ) ) )
ind: 164
( ( 8y * ( 3y * 85.0 ) ) - ( 88.0 - ( 76.0 + ( ( ( 6x - 4y ) + 40.0 ) - ( 1x - ( 8x + 2x ) ) ) ) ) )
ind: 165
( ( ( 8y * 69.0 ) + ( ( ( ( 1x * 7x ) + ( 62.0 - 56.0 ) ) - ( ( 81.0 - 7y ) - ( 94.0 * 70.0 ) ) ) - 45.0 ) ) + ( ( ( 88.0 - ( ( 48.0 - 79.0 ) + 2x ) ) * 53.0 ) * ( ( 7x + 83.0 ) - ( 6y - 10y ) ) ) )
ind: 166
( ( ( 58.0 - 8y ) - 3x ) + ( 43.0 - 92.0 ) )
ind: 167
( 4x + 10y )
ind: 168
( ( ( ( 8y * ( ( 3x - 88.0 ) * ( 9y - 5x ) ) ) * 7y ) + 81.0 ) + 40.0 )
ind: 169
( 46.0 - ( ( ( 80.0 + 19.0 ) - ( ( 9y - ( 5y - 93.0 ) ) - 54.0 ) ) + ( ( ( ( 7x + 15.0 ) + 74.0 ) - ( ( 1x + 48.0 ) + 6x ) ) + 4y ) ) )
ind: 170
( ( ( ( ( 95.0 - ( 9x * 9y ) ) * ( ( 6x * 9.0 ) - 18.0 ) ) + ( ( ( 36.0 * 5y ) * ( 6x * 1y ) ) + ( 96.0 + ( 92.0 * 23.0 ) ) ) ) + ( ( 81.0 + 70.0 ) + ( ( ( 55.0 - 81.0 ) + 50.0 ) * 8y ) ) ) - 8y )
ind: 171
( ( ( ( 7.0 * 68.0 ) * ( ( 9y - 3x ) + ( 8y - ( 81.0 * 9y ) ) ) ) * ( ( ( 10y + ( 23.0 + 2x ) ) - ( ( 7y - 5x ) + ( 4x - 5x ) ) ) * ( ( 10x * ( 1y + 97.0 ) ) - ( ( 32.0 * 88.0 ) + 7x ) ) ) ) + ( ( 18.0 + ( 66.0 * 44.0 ) ) - 25.0 ) )
ind: 172
( ( ( 10.0 - 3y ) + 4x ) - ( 10x * ( ( 1y + 84.0 ) - 95.0 ) ) )
ind: 173
( 36.0 - ( 5y - 4x ) )
ind: 174
( 5x * ( ( ( ( ( 8y - 23.0 ) - ( 76.0 - 37.0 ) ) + 4y ) * ( 1x - ( 93.0 + ( 5y - 51.0 ) ) ) ) - ( ( 3.0 * 4y ) - ( 100.0 + ( ( 1y - 7y ) + ( 62.0 + 77.0 ) ) ) ) ) )
ind: 175
( ( ( ( 92.0 + ( ( 1y + 10x ) * ( 10x + 6y ) ) ) - ( ( 46.0 * ( 6y * 7y ) ) - 49.0 ) ) - ( 79.0 - 8.0 ) ) - ( 8y - 69.0 ) )
ind: 176
( ( ( ( ( 5x * 25.0 ) - ( 10x * ( 16.0 * 5y ) ) ) + 17.0 ) * ( 8x * ( 7.0 + 7y ) ) ) + 10y )
ind: 177
( 7x * ( ( ( ( 47.0 * ( 8y - 53.0 ) ) * ( 4y - 28.0 ) ) + 4x ) * 2x ) )
ind: 178
( ( ( 54.0 + 28.0 ) + ( ( 10x + 93.0 ) - ( ( 13.0 * 53.0 ) + ( 7x - 92.0 ) ) ) ) + ( ( 10y * 75.0 ) - ( ( ( 65.0 - 98.0 ) * 1x ) + 85.0 ) ) )
ind: 179
( ( ( 3y * ( 28.0 * 13.0 ) ) + ( 57.0 + ( 4x + ( ( 6y + 45.0 ) - ( 29.0 - 1x ) ) ) ) ) * 7x )
ind: 180
( 9y + ( ( ( ( ( 2y - 28.0 ) * ( 50.0 - 5x ) ) * 5y ) - ( ( ( 65.0 * 67.0 ) + ( 6x * 2x ) ) + 3.0 ) ) - ( ( 1y + 1x ) * 4.0 ) ) )
ind: 181
( ( ( 7x - 9x ) * ( 6x - ( ( 6y + ( 3x - 38.0 ) ) - ( 52.0 * 8y ) ) ) ) * 22.0 )
ind: 182
( ( ( ( 5y * 41.0 ) * ( 54.0 * 21.0 ) ) * 61.0 ) + ( 66.0 - ( ( 84.0 - 28.0 ) + ( ( 2x + 55.0 ) - ( 10x * 18.0 ) ) ) ) )
ind: 183
( ( ( 12.0 + ( 83.0 - ( ( 5x + 4x ) * ( 3.0 * 99.0 ) ) ) ) * 3y ) - 84.0 )
ind: 184
( ( ( 4.0 - 10y ) + 5x ) - 99.0 )
ind: 185
( ( 73.0 * 6.0 ) + ( ( ( 8y * ( ( 2.0 - 7.0 ) - 54.0 ) ) * ( ( ( 3y - 79.0 ) * 82.0 ) + ( ( 59.0 * 68.0 ) + ( 5y - 1x ) ) ) ) * 9x ) )
ind: 186
( ( ( ( ( 16.0 + 2y ) * ( ( 1x * 4.0 ) + 10y ) ) * ( 3y - 47.0 ) ) + ( 8x + ( 92.0 * ( 4y - 98.0 ) ) ) ) + 3.0 )
ind: 187
( ( 1x - ( 4y * 1x ) ) * 97.0 )
ind: 188
( ( 9y + ( 8.0 - ( 10y - ( 33.0 + ( 47.0 * 65.0 ) ) ) ) ) * ( 1x * ( 14.0 + 2y ) ) )
ind: 189
( ( ( 6y + 92.0 ) + ( 30.0 + ( 43.0 * ( 2y * ( 4x - 4y ) ) ) ) ) - 10y )
ind: 190
( ( ( 8x * 80.0 ) + ( ( 1x + ( 86.0 - ( 46.0 - 76.0 ) ) ) * ( 5.0 - 4y ) ) ) - 4y )
ind: 191
( 41.0 * ( 1y - 4x ) )
ind: 192
( 5y - ( 5x - 85.0 ) )
ind: 193
( ( ( ( 43.0 - ( ( 62.0 * 3x ) - ( 26.0 * 73.0 ) ) ) + 100.0 ) + 9y ) * 85.0 )
ind: 194
( ( ( ( 6x * ( ( 10x - 99.0 ) * 8x ) ) * 9y ) * 79.0 ) * 10y )
ind: 195
( 1y * ( ( ( 16.0 + 10x ) * 67.0 ) - ( ( 66.0 + ( ( 87.0 * 75.0 ) - 6x ) ) * 87.0 ) ) )
ind: 196
( ( ( 77.0 * ( 6.0 * 45.0 ) ) - ( ( ( ( 10y - 26.0 ) * ( 7.0 + 10x ) ) * ( 9x - ( 5y + 1y ) ) ) * ( ( 8x - ( 50.0 - 7x ) ) - ( 10x + ( 2x + 37.0 ) ) ) ) ) + 10x )
ind: 197
( 4x + ( 2.0 - ( ( ( ( 1y - 17.0 ) - 9x ) * ( ( 3x * 8x ) * 10y ) ) - 66.0 ) ) )
ind: 198
( ( 83.0 - ( ( 94.0 * ( 2y - 13.0 ) ) + 63.0 ) ) * ( 2y - ( ( 5x + ( 3y - 70.0 ) ) - 12.0 ) ) )
ind: 199
( ( ( ( 4.0 - 97.0 ) - ( 6x + ( ( 9y - 33.0 ) * 15.0 ) ) ) + ( ( 5x - ( 12.0 * ( 83.0 - 95.0 ) ) ) + 56.0 ) ) * 42.0 )
ind: 200
( 96.0 - ( ( 1y * 3y ) * 3x ) )
ind: 201
( ( 6y + 7y ) - ( 2x * ( ( 99.0 - 3x ) - 38.0 ) ) )
ind: 202
( ( ( ( 34.0 - ( 51.0 + ( 1y * 5y ) ) ) * ( 96.0 * ( ( 34.0 * 4y ) + ( 9x + 10y ) ) ) ) - ( 99.0 * 49.0 ) ) * ( 48.0 + ( 37.0 + 1x ) ) )
ind: 203
( ( 10y - 84.0 ) + 4x )
ind: 204
( ( 9x + ( 84.0 - 8y ) ) + ( 9y - 1y ) )
ind: 205
( ( 6x + ( ( ( 25.0 - 6.0 ) + 5x ) - 9y ) ) - 6.0 )
ind: 206
( ( ( 4x * ( 8x + ( ( 3y - 6.0 ) - ( 4x + 7x ) ) ) ) - ( ( 1.0 - ( ( 50.0 + 1y ) * ( 76.0 * 5y ) ) ) * ( ( 19.0 + 6x ) + 54.0 ) ) ) - ( 41.0 - 7x ) )
ind: 207
( 4y - 6x )
ind: 208
( ( 10x + ( ( 7y * ( 3y - 4y ) ) + ( 82.0 + 1y ) ) ) + ( ( 64.0 - ( 1y + 11.0 ) ) * ( ( ( ( 59.0 + 1x ) + ( 7y * 7y ) ) + ( 6y - 5y ) ) - 10y ) ) )
ind: 209
( ( 6x + 5y ) + 9x )
ind: 210
( ( ( 81.0 * 10y ) + 10x ) - ( ( 2y - 10y ) * 9y ) )
ind: 211
( ( ( ( ( 1y * ( 6x - 63.0 ) ) - 4x ) - ( 7y + ( ( 9y + 3y ) - ( 77.0 + 1x ) ) ) ) * ( ( ( 4y * ( 91.0 - 81.0 ) ) - 4y ) + 33.0 ) ) + ( ( 10.0 * 6x ) * ( 82.0 + ( ( 5y - ( 39.0 * 35.0 ) ) + ( 87.0 - 9y ) ) ) ) )
ind: 212
( ( ( 8y - 9x ) - ( 10x * 2x ) ) * ( 6x + ( ( ( ( 67.0 + 82.0 ) + 5y ) * 84.0 ) + ( 9y + 1y ) ) ) )
ind: 213
( ( 1x - ( ( ( ( 79.0 + 7y ) + ( 5y + 6x ) ) - 75.0 ) * ( 34.0 - ( 63.0 * 7y ) ) ) ) - ( 14.0 + 2x ) )
ind: 214
( 6x * ( ( 3.0 * 1y ) * ( 4y * 6x ) ) )
ind: 215
( ( ( ( 9.0 * 4y ) + ( 6y + 77.0 ) ) * ( ( ( 31.0 - ( 8y * 86.0 ) ) * ( 16.0 - 10y ) ) + 7y ) ) - ( ( ( ( 64.0 + ( 8x * 54.0 ) ) - 46.0 ) * ( ( ( 4x - 3x ) + ( 19.0 * 88.0 ) ) + 3y ) ) + 1y ) )
ind: 216
( 4.0 * ( ( ( ( 83.0 - 94.0 ) - ( 99.0 - ( 4x * 7x ) ) ) * 94.0 ) * ( ( ( 31.0 - 7y ) * ( ( 69.0 * 10x ) + 3x ) ) * 26.0 ) ) )
ind: 217
( ( ( ( 3x + ( ( 89.0 - 7.0 ) * ( 8x + 7x ) ) ) - ( ( 3y - 1y ) + ( 10y + ( 6.0 + 4y ) ) ) ) + ( ( ( ( 1x * 46.0 ) + ( 74.0 * 2y ) ) + 7y ) + ( 85.0 * 6x ) ) ) - ( ( 92.0 + 3x ) + 10y ) )
ind: 218
( ( ( 6x * ( 79.0 + ( ( 11.0 - 25.0 ) * ( 1x + 79.0 ) ) ) ) * 2x ) * ( 3x * ( 65.0 * ( ( ( 5.0 * 11.0 ) * ( 10x * 99.0 ) ) + 7y ) ) ) )
ind: 219
( ( ( ( 84.0 + ( ( 10x + 95.0 ) + ( 7x + 5y ) ) ) + ( 2y + 1x ) ) - ( 5y + ( 7y + 19.0 ) ) ) + ( 5x + 10x ) )
ind: 220
( 9y * 5x )
ind: 221
( ( 79.0 * ( ( ( ( 31.0 + 2y ) * 9x ) - 53.0 ) * ( 2y * 8y ) ) ) - 1x )
ind: 222
( 3x - ( 8x - ( 9x + 2y ) ) )
ind: 223
( ( ( ( ( 10y + 5y ) + 5.0 ) * ( ( ( 26.0 + 2x ) * 7y ) * 3.0 ) ) + ( 32.0 * 75.0 ) ) + 7x )
ind: 224
( ( ( ( ( 71.0 - ( 76.0 * 94.0 ) ) * ( 34.0 * ( 5x * 5y ) ) ) - ( ( 55.0 + 2x ) + ( ( 7x * 9x ) + ( 1y + 1y ) ) ) ) * 43.0 ) - ( 4y - ( ( ( 6y - ( 87.0 + 1y ) ) - ( 73.0 + 18.0 ) ) - 49.0 ) ) )
ind: 225
( ( ( ( ( ( 2x + 7x ) + 11.0 ) + ( 21.0 - ( 9x - 13.0 ) ) ) + 7y ) + 10x ) * 2y )
ind: 226
( ( ( 8y * ( 3x - 4y ) ) - 4.0 ) * 16.0 )
ind: 227
( 2y - ( 29.0 + 2x ) )
ind: 228
( ( ( ( ( ( 10x - 58.0 ) - ( 8x * 1.0 ) ) * 4y ) * 64.0 ) * 25.0 ) + 4y )
ind: 229
( 5y - ( 88.0 + 1x ) )
ind: 230
( ( 8y - ( 4x * 5.0 ) ) * 7y )
ind: 231
( 10y - ( ( ( 1y * ( ( 5x + 9x ) * 24.0 ) ) * ( ( 73.0 - 7.0 ) * ( ( 45.0 - 2x ) - ( 19.0 - 10y ) ) ) ) + ( 5y + ( 59.0 - 29.0 ) ) ) )
ind: 232
( ( ( 2x * ( 2.0 - ( 1x * 65.0 ) ) ) - ( 57.0 + ( 20.0 * ( ( 5y + 92.0 ) * ( 90.0 - 19.0 ) ) ) ) ) * ( ( ( ( ( 42.0 * 96.0 ) - ( 6x + 57.0 ) ) + ( ( 54.0 - 56.0 ) * 10x ) ) * 62.0 ) + 58.0 ) )
ind: 233
( ( ( ( ( ( 2x - 63.0 ) - ( 8x * 4y ) ) * ( ( 59.0 * 9y ) - ( 8y * 4x ) ) ) + ( ( ( 80.0 + 5y ) - ( 10y * 48.0 ) ) - 8x ) ) - 85.0 ) - ( 71.0 * 10x ) )
ind: 234
( 9.0 * ( ( ( 98.0 + 36.0 ) + ( 31.0 + ( ( 4y * 7x ) + 76.0 ) ) ) + 83.0 ) )
ind: 235
( 20.0 + ( ( ( 9.0 * ( 8y * ( 21.0 * 6x ) ) ) * 4x ) - 4x ) )
ind: 236
( ( ( ( 4y * ( ( 9y + 6x ) * 96.0 ) ) * ( ( 5.0 + 9x ) * 35.0 ) ) - 70.0 ) + ( 10y - ( 30.0 + ( ( ( 45.0 * 3y ) + 67.0 ) - 1y ) ) ) )
ind: 237
( 72.0 + ( ( ( ( ( 77.0 * 62.0 ) + 8y ) - ( 9x * ( 30.0 * 4y ) ) ) * ( 6x - 54.0 ) ) - 67.0 ) )
ind: 238
( 4x - ( ( ( 82.0 * 54.0 ) * ( 10.0 - ( ( 8y * 10y ) + ( 61.0 * 9y ) ) ) ) * ( ( 80.0 * 3x ) + 3y ) ) )
ind: 239
( ( 61.0 - ( 38.0 - ( ( 4y * ( 10y + 16.0 ) ) + 3x ) ) ) - ( 8x + 84.0 ) )
ind: 240
( ( 8y + ( ( 2x - 61.0 ) + ( 3y + ( ( 9x + 7x ) * 4y ) ) ) ) * ( 4.0 + ( 9.0 * 5x ) ) )
ind: 241
( ( ( 9.0 - ( 5x - 85.0 ) ) * 5.0 ) * ( 6x - ( ( ( 43.0 + ( 87.0 + 1x ) ) - 9y ) - 32.0 ) ) )
ind: 242
( 1y - 4x )
ind: 243
( ( 2y * 2y ) - ( ( ( ( 42.0 * ( 10y - 80.0 ) ) - 7x ) * 5y ) - 4y ) )
ind: 244
( ( 43.0 + ( ( 3x + 68.0 ) * ( 1y + ( 69.0 - 77.0 ) ) ) ) - ( 39.0 * 83.0 ) )
ind: 245
( ( ( ( 85.0 + 9x ) - ( 58.0 + ( ( 32.0 - 3y ) + ( 10x + 4y ) ) ) ) * ( 3x - ( ( ( 3x + 64.0 ) - ( 23.0 * 10x ) ) + ( 40.0 - ( 3x + 12.0 ) ) ) ) ) + 7x )
ind: 246
( ( ( ( ( ( 5y * 9x ) + ( 1.0 - 91.0 ) ) + 4y ) - ( ( ( 34.0 - 84.0 ) * 8y ) + 57.0 ) ) * ( ( 1x * 50.0 ) * ( ( ( 13.0 + 73.0 ) + ( 5x + 2y ) ) + ( ( 21.0 + 92.0 ) * ( 86.0 - 24.0 ) ) ) ) ) * ( ( 8y + 1x ) + ( 63.0 * 10y ) ) )
ind: 247
( 10y * 7x )
ind: 248
( 42.0 * ( ( 1x + ( 1x * 37.0 ) ) * ( 5y - 6y ) ) )
ind: 249
( ( ( ( 77.0 - ( ( 23.0 + 32.0 ) - 7x ) ) + ( ( ( 12.0 + 80.0 ) * ( 2.0 * 9y ) ) * 37.0 ) ) + ( ( ( 88.0 - ( 12.0 + 2y ) ) - ( ( 70.0 * 86.0 ) - ( 49.0 * 10x ) ) ) + ( 9x + ( ( 67.0 + 13.0 ) * ( 17.0 - 7x ) ) ) ) ) * ( 1y * ( ( ( ( 50.0 * 3x ) * ( 3y - 1y ) ) - ( ( 16.0 + 39.0 ) + ( 10y + 3x ) ) ) - 72.0 ) ) )
ind: 250
( ( ( 1y + ( ( ( 95.0 + 3x ) - ( 3y * 76.0 ) ) + ( 1y * 16.0 ) ) ) - 4x ) * 84.0 )
ind: 251
( ( ( 2x - 4x ) * 2x ) + ( ( 7x + ( ( 4x + 2y ) + ( ( 38.0 + 8y ) - 36.0 ) ) ) - 4y ) )
ind: 252
( ( ( ( ( ( 70.0 - 7y ) - 82.0 ) - 79.0 ) * 5x ) + 3y ) * ( ( ( 8.0 + ( ( 5.0 + 6x ) - ( 6x - 31.0 ) ) ) * 6y ) * 54.0 ) )
ind: 253
( ( ( 4y + ( ( 91.0 - ( 77.0 * 28.0 ) ) * ( ( 8x + 8y ) * 90.0 ) ) ) + ( ( 77.0 - ( 95.0 - ( 58.0 - 4y ) ) ) - ( 3x - ( 71.0 * 87.0 ) ) ) ) - ( 93.0 - 8y ) )
ind: 254
( ( ( ( ( ( 40.0 * 91.0 ) + 3y ) * ( 4x * 7x ) ) - 17.0 ) - ( 80.0 * 25.0 ) ) + 5x )
ind: 255
( 55.0 - ( 30.0 + ( 3x - ( 27.0 * ( ( 86.0 + 73.0 ) + ( 24.0 - 1y ) ) ) ) ) )
ind: 256
( ( 7x - ( ( 9.0 * ( ( 71.0 - 15.0 ) * ( 9x - 9x ) ) ) + ( ( ( 95.0 + 98.0 ) + ( 9x + 10y ) ) - 9.0 ) ) ) * 74.0 )
ind: 257
( ( ( ( ( ( 9y - 75.0 ) * ( 10x - 1y ) ) * 7y ) * ( 4y + ( ( 4x - 3x ) * ( 83.0 + 73.0 ) ) ) ) + ( 10y - ( 5x * 10x ) ) ) + ( ( 32.0 - 11.0 ) + ( ( 4x + ( ( 26.0 + 9x ) - 23.0 ) ) - ( ( 63.0 - ( 98.0 + 67.0 ) ) + ( ( 2x + 3x ) + 96.0 ) ) ) ) )
ind: 258
( 9x * ( 7y + 98.0 ) )
ind: 259
( 23.0 * ( 3x + 3y ) )
ind: 260
( ( 91.0 + ( ( ( ( 3y - 25.0 ) + ( 7y * 1y ) ) + ( ( 95.0 + 41.0 ) - 45.0 ) ) + ( 70.0 * 29.0 ) ) ) * ( ( ( ( 32.0 - 3.0 ) - 98.0 ) + 10x ) - 20.0 ) )
ind: 261
( 9x * ( ( ( 6y - ( 10x - ( 67.0 * 36.0 ) ) ) - ( 10y - 20.0 ) ) * ( ( ( 25.0 + 6y ) * 1x ) + ( 9y - 1y ) ) ) )
ind: 262
( ( ( 7y - 5y ) + 4x ) + ( ( ( 90.0 - ( ( 10x + 4x ) + ( 92.0 * 68.0 ) ) ) * ( ( 58.0 - ( 70.0 * 6y ) ) - 99.0 ) ) + 17.0 ) )
ind: 263
( 7x - 8y )
ind: 264
( ( 32.0 - ( 37.0 * ( 10x + 1y ) ) ) + ( ( ( ( ( 4y + 5y ) - ( 12.0 + 10x ) ) * 10y ) + ( ( 100.0 - ( 40.0 + 3.0 ) ) - ( ( 3x - 70.0 ) + 4y ) ) ) * ( ( 17.0 * ( ( 2y * 3y ) * ( 65.0 + 5y ) ) ) + ( 40.0 - ( ( 85.0 - 9y ) * ( 1y * 4x ) ) ) ) ) )
ind: 265
( 36.0 * ( 7x - 4y ) )
ind: 266
( ( ( 49.0 - 65.0 ) * ( ( 2x + ( ( 72.0 + 51.0 ) + 8y ) ) + 3x ) ) - 40.0 )
ind: 267
( 2y - 5x )
ind: 268
( ( ( ( ( 50.0 * 84.0 ) * ( ( 10y - 30.0 ) * ( 6y - 41.0 ) ) ) + ( ( 2x + 76.0 ) + ( ( 10x - 6x ) * 82.0 ) ) ) - 6y ) * ( ( 5y - 9.0 ) - ( 8y - ( ( ( 7x + 25.0 ) * ( 93.0 + 7y ) ) + ( 60.0 - 4x ) ) ) ) )
ind: 269
( ( ( ( ( 1y * ( 64.0 - 71.0 ) ) + ( 6y + ( 7y + 2x ) ) ) - 1y ) * ( ( ( ( 3y * 8x ) - 6y ) + ( ( 1y + 4y ) * 22.0 ) ) * 94.0 ) ) - ( ( ( 1y - 44.0 ) * 2.0 ) * 59.0 ) )
ind: 270
( ( ( 64.0 * ( 7y + ( 3y - ( 86.0 * 35.0 ) ) ) ) - 8x ) * ( 79.0 - ( ( ( ( 6y * 82.0 ) - ( 8x - 34.0 ) ) + 7y ) * 1x ) ) )
ind: 271
( 6x - ( 6y * 43.0 ) )
ind: 272
( 3.0 * ( ( ( ( ( 5x * 10x ) + 33.0 ) * ( 5.0 - 2x ) ) - 5y ) - 7y ) )
ind: 273
( ( 2y + ( ( ( ( 100.0 - 50.0 ) - 3x ) - ( 10y + ( 20.0 * 24.0 ) ) ) + ( 7x + ( 78.0 - ( 93.0 + 12.0 ) ) ) ) ) * 84.0 )
ind: 274
( 56.0 - ( ( ( ( 36.0 * 6x ) * 10x ) + ( ( ( 10x * 1.0 ) - 1x ) * ( ( 7y * 1x ) - ( 27.0 - 8.0 ) ) ) ) + ( 81.0 * 5x ) ) )
ind: 275
( ( ( ( ( ( 82.0 + 9x ) - 2y ) * 10x ) * 91.0 ) - 6.0 ) * ( 66.0 - 90.0 ) )
ind: 276
( ( 5.0 + ( 4y + ( ( 76.0 + ( 78.0 - 32.0 ) ) * ( ( 7.0 * 5x ) + 73.0 ) ) ) ) - 83.0 )
ind: 277
( ( ( ( 2.0 * ( 68.0 * 3y ) ) + 89.0 ) - ( ( ( 7y - ( 82.0 + 8x ) ) * 5x ) * 2x ) ) * 1x )
ind: 278
( ( ( ( ( 41.0 * ( 2x * 9y ) ) - ( 29.0 - 6x ) ) - ( ( ( 1x + 10.0 ) * ( 3x - 7y ) ) - ( ( 4y * 3x ) - 38.0 ) ) ) * ( 65.0 + ( ( 1y - 9x ) * ( ( 1y + 6x ) * ( 86.0 + 93.0 ) ) ) ) ) - 25.0 )
ind: 279
( 8y - 3x )
ind: 280
( ( ( ( 11.0 - 7y ) * ( ( ( 5y * 4x ) * 86.0 ) + ( 86.0 + ( 1x * 3x ) ) ) ) - ( 5y + 23.0 ) ) * 83.0 )
ind: 281
( 81.0 - ( ( ( 2x - 8x ) + ( ( 93.0 * 3y ) - 92.0 ) ) - ( ( ( 37.0 * 2x ) + ( ( 46.0 + 10y ) - ( 10x - 2y ) ) ) + ( ( 9y - 60.0 ) + 56.0 ) ) ) )
ind: 282
( 36.0 * ( ( ( ( ( 40.0 + 7y ) - ( 75.0 * 4y ) ) * 17.0 ) * 79.0 ) - ( ( ( 57.0 + 9y ) * ( ( 1x * 64.0 ) - ( 1x + 93.0 ) ) ) - ( 8x + ( ( 6x + 69.0 ) - ( 56.0 - 2x ) ) ) ) ) )
ind: 283
( ( 58.0 + ( ( ( 6y + ( 2y - 17.0 ) ) + ( ( 52.0 - 3.0 ) - ( 77.0 * 9y ) ) ) - ( 44.0 * 6y ) ) ) + 9x )
ind: 284
( 9x + ( ( ( 1y * 99.0 ) * ( ( ( 94.0 + 7x ) * 72.0 ) - ( ( 26.0 * 2y ) - ( 2x * 19.0 ) ) ) ) + ( ( ( 7x + 59.0 ) * ( ( 10.0 * 13.0 ) * ( 11.0 * 46.0 ) ) ) * 6y ) ) )
ind: 285
( 20.0 - ( ( 1x * ( 65.0 * 72.0 ) ) - 5y ) )
ind: 286
( 1y - ( 2x * ( ( 84.0 * 20.0 ) + 8x ) ) )
ind: 287
( ( 3x - 5x ) - ( ( ( ( ( 3x - 1.0 ) - 6x ) - ( 26.0 + ( 24.0 - 7x ) ) ) - ( ( 5x + ( 3y * 2y ) ) - 7x ) ) + ( 3x - 4y ) ) )
ind: 288
( ( ( ( 71.0 + 9x ) * 9x ) + 10y ) + 82.0 )
ind: 289
( ( ( ( ( 3y - 80.0 ) - ( 75.0 + 96.0 ) ) * 5x ) + 62.0 ) + ( ( 93.0 - 2y ) + 90.0 ) )
ind: 290
( 43.0 - ( ( ( ( ( 5x * 6y ) + ( 10y + 8x ) ) * 95.0 ) - ( ( ( 17.0 + 66.0 ) * 7y ) - ( ( 5y - 9.0 ) + 3y ) ) ) + ( ( ( 15.0 + 5.0 ) + 18.0 ) * ( ( 31.0 - 1x ) - 5y ) ) ) )
ind: 291
( ( ( ( 7y - 7x ) + 77.0 ) * ( 17.0 - 3x ) ) - ( 99.0 + 27.0 ) )
ind: 292
( 10y + ( ( ( 2y * 43.0 ) - 5x ) + ( ( ( 73.0 + ( 8y - 21.0 ) ) * 57.0 ) - ( 45.0 + ( 4y * 63.0 ) ) ) ) )
ind: 293
( 9y * ( ( 8y * ( ( 6x + 1.0 ) - 3y ) ) - 60.0 ) )
ind: 294
( 10x + ( ( 1x * ( 31.0 * ( ( 90.0 * 65.0 ) + 20.0 ) ) ) - ( ( 1y + ( 10x + 9y ) ) + 72.0 ) ) )
ind: 295
( ( ( 3y + 53.0 ) - 5y ) - 4x )
ind: 296
( ( ( ( 3x - ( 4y + 1y ) ) * 2.0 ) - ( ( ( ( 75.0 * 6x ) * 6x ) * ( ( 41.0 - 47.0 ) + ( 6x + 5y ) ) ) * 9y ) ) + ( ( ( ( 9.0 - 2x ) * 8x ) - ( ( ( 34.0 + 19.0 ) + ( 38.0 + 3y ) ) * ( ( 16.0 + 2y ) - ( 78.0 * 4x ) ) ) ) - 9y ) )
ind: 297
( 6y * ( ( ( 63.0 * ( ( 79.0 + 17.0 ) - ( 74.0 - 10y ) ) ) + 1y ) + 7x ) )
ind: 298
( 10x + 8y )
ind: 299
( ( ( ( ( ( 6y + 68.0 ) - 6x ) * ( 66.0 - ( 60.0 * 7y ) ) ) * ( ( ( 7x * 3x ) * ( 8y * 1y ) ) - ( ( 100.0 * 17.0 ) + 1y ) ) ) - 53.0 ) - 7x )
ind: 300
( ( 31.0 * 7.0 ) + ( ( 4y * 10x ) * 8x ) )
ind: 301
( ( 6.0 + 10y ) * ( ( 39.0 + ( ( 2x * ( 6.0 * 66.0 ) ) - 75.0 ) ) * 38.0 ) )
ind: 302
( ( 8y - ( ( ( ( 61.0 + 39.0 ) - ( 4x * 5x ) ) + ( 33.0 - ( 40.0 - 69.0 ) ) ) + ( 7y - ( ( 53.0 - 41.0 ) - 7y ) ) ) ) * ( ( 74.0 * ( ( ( 9x + 6y ) + 5x ) - ( ( 66.0 * 8x ) + ( 8y - 2x ) ) ) ) + ( 4x - 9x ) ) )
ind: 303
( ( ( ( 84.0 * 2x ) - ( 27.0 * 15.0 ) ) + ( ( 1y * 80.0 ) - ( 97.0 - ( ( 9x * 45.0 ) + 54.0 ) ) ) ) + 2.0 )
ind: 304
( ( 6y + ( 62.0 + ( 10x * ( 8y + 89.0 ) ) ) ) * ( 5x + ( ( ( ( 27.0 - 92.0 ) * ( 75.0 - 5x ) ) * ( 63.0 + ( 77.0 * 8x ) ) ) - 8x ) ) )
ind: 305
( 6x - ( ( 5y * 43.0 ) + ( 10y * ( ( 4x + 5x ) * ( 3x - 39.0 ) ) ) ) )
ind: 306
( ( 41.0 + 8y ) + ( 4x * 3y ) )
ind: 307
( ( 92.0 + ( ( ( ( 13.0 + 7.0 ) + ( 60.0 - 13.0 ) ) - ( ( 43.0 * 5.0 ) + 67.0 ) ) * 8x ) ) + 5y )
ind: 308
( 91.0 - ( ( ( ( 7x - ( 8x * 87.0 ) ) + 41.0 ) * ( ( 18.0 + 5y ) + ( 1y - 8y ) ) ) + 1y ) )
ind: 309
( 4x + 10y )
ind: 310
( 5x + 4y )
ind: 311
( ( ( ( ( ( 23.0 + 41.0 ) * ( 60.0 - 51.0 ) ) - ( ( 66.0 * 3y ) * 5y ) ) + ( 6y - ( ( 2y - 1x ) - 42.0 ) ) ) - 36.0 ) + 6y )
ind: 312
( ( 6y * 4y ) - ( ( ( ( 2x * ( 23.0 * 76.0 ) ) - ( ( 6y * 99.0 ) * 9.0 ) ) + 4.0 ) * 26.0 ) )
ind: 313
( 4y + ( 80.0 * ( ( 29.0 - 18.0 ) - ( 55.0 - 3x ) ) ) )
ind: 314
( 81.0 - ( 3y * ( 3x - ( 96.0 * ( 77.0 * 45.0 ) ) ) ) )
ind: 315
( 34.0 - ( ( 97.0 * ( ( ( 5x + 2x ) + ( 4y - 50.0 ) ) * ( 9y * ( 7x * 19.0 ) ) ) ) + ( 94.0 - 32.0 ) ) )
ind: 316
( ( ( ( ( ( 59.0 * 4x ) + ( 1x * 5y ) ) * 92.0 ) * ( ( ( 33.0 + 1y ) + ( 78.0 - 8x ) ) - ( ( 7y - 42.0 ) - 51.0 ) ) ) + ( ( ( ( 1y - 73.0 ) * 89.0 ) + 1y ) + 49.0 ) ) * ( 80.0 * 10y ) )
ind: 317
( ( 45.0 - 4y ) * ( 8x + 7y ) )
ind: 318
( ( 6y * 2y ) + ( ( 10x * ( ( ( 13.0 + 9.0 ) + 15.0 ) + ( 10x * 77.0 ) ) ) * 53.0 ) )
ind: 319
( ( 71.0 + 7.0 ) * ( 4x - ( 4y * 25.0 ) ) )
ind: 320
( ( ( 10x - 3y ) - ( 64.0 * ( ( 94.0 - ( 97.0 - 4x ) ) * 72.0 ) ) ) * 8x )
ind: 321
( ( ( 32.0 + ( 5x - ( ( 6x * 5y ) + 65.0 ) ) ) - 10x ) + ( 9x * 3y ) )
ind: 322
( ( 49.0 - ( 10.0 * ( ( 7x - ( 7y + 3x ) ) + 4y ) ) ) - ( 9y - ( 10x + 3y ) ) )
ind: 323
( ( 2y + ( ( ( ( 4x - 34.0 ) + ( 10y * 9y ) ) + ( ( 43.0 + 2x ) * ( 70.0 + 9x ) ) ) - ( ( 38.0 + 13.0 ) * ( ( 8.0 * 7y ) + ( 20.0 + 1x ) ) ) ) ) + ( 84.0 * 7y ) )
ind: 324
( ( 57.0 * 5x ) + ( 9y + 3x ) )
ind: 325
( 6x - 10y )
ind: 326
( 69.0 - ( ( ( ( ( 75.0 - 90.0 ) - ( 57.0 + 29.0 ) ) + 18.0 ) * 57.0 ) + ( ( ( ( 3x - 4x ) * ( 6x * 10x ) ) * 7y ) + ( 9x * 1y ) ) ) )
ind: 327
( ( ( ( 10x - 89.0 ) * 7y ) - ( ( 3x + 47.0 ) + ( 62.0 - ( 2y * ( 44.0 - 3y ) ) ) ) ) - 6y )
ind: 328
( 60.0 - ( ( 8x * 2y ) + 85.0 ) )
ind: 329
( ( 61.0 + ( 5y - 3x ) ) * 7.0 )
ind: 330
( 89.0 - ( ( 25.0 - ( ( 9x - 6x ) + 16.0 ) ) - ( ( ( 68.0 * ( 5x * 8x ) ) * 95.0 ) - ( 5y * ( 2y - ( 76.0 + 98.0 ) ) ) ) ) )
ind: 331
( 66.0 * ( ( 5y - ( ( 2y + ( 7x * 1x ) ) * ( ( 100.0 - 7y ) + ( 3x + 3x ) ) ) ) * 2x ) )
ind: 332
( ( ( ( ( ( 9x * 78.0 ) - ( 84.0 * 9y ) ) + 92.0 ) * ( 10y * ( ( 39.0 + 90.0 ) + ( 10x * 15.0 ) ) ) ) - ( 8.0 - 3y ) ) - 8x )
ind: 333
( ( ( 4x * 3x ) - 10y ) - ( ( 8x * ( ( ( 70.0 - 10x ) + 57.0 ) + ( 9x - 34.0 ) ) ) - 10x ) )
ind: 334
( ( 1y + ( 5x - 2.0 ) ) + ( 4x - ( ( 27.0 * ( ( 49.0 * 26.0 ) * ( 1y - 36.0 ) ) ) + ( ( ( 44.0 - 10y ) * ( 28.0 * 7x ) ) - 99.0 ) ) ) )
ind: 335
( 1y + ( ( ( 41.0 * 7x ) * ( 10y * 6y ) ) - 54.0 ) )
ind: 336
( ( ( 99.0 - ( ( 38.0 - 10y ) - 75.0 ) ) + 30.0 ) + ( 50.0 - ( 8y - 1x ) ) )
ind: 337
( 1.0 - ( ( 95.0 - ( ( ( 8y * 5x ) * ( 50.0 * 96.0 ) ) + 64.0 ) ) + 8y ) )
ind: 338
( 7.0 + ( 96.0 - ( ( 5x + ( ( 59.0 * 8y ) + ( 64.0 + 8y ) ) ) + 13.0 ) ) )
ind: 339
( ( 9x - ( 95.0 - 7y ) ) + ( ( 6.0 + 40.0 ) + 2y ) )
ind: 340
( 78.0 * ( ( ( ( ( 1y + 83.0 ) * 81.0 ) - 6y ) - ( ( 17.0 - ( 8x + 10x ) ) + 2.0 ) ) * 64.0 ) )
ind: 341
( 4y - ( ( ( ( ( 70.0 - 55.0 ) + ( 6x - 66.0 ) ) + 7x ) + 68.0 ) + ( ( 39.0 - ( ( 9.0 - 6x ) - 8y ) ) - 71.0 ) ) )
ind: 342
( ( 46.0 * ( 2x * ( ( 6y * 8.0 ) + 6y ) ) ) * ( 94.0 - 37.0 ) )
ind: 343
( 68.0 - ( ( 3x * 1y ) * ( 4x + 7x ) ) )
ind: 344
( ( 7x - 1y ) - 61.0 )
ind: 345
( ( ( 6x * ( ( 63.0 - 2y ) * 19.0 ) ) + ( 64.0 - 87.0 ) ) + 16.0 )
ind: 346
( ( ( 3x + ( ( 45.0 - 47.0 ) + ( ( 99.0 + 9y ) * ( 1y + 4x ) ) ) ) - 93.0 ) - ( 83.0 - 9y ) )
ind: 347
( 7y + 3x )
ind: 348
( 90.0 * ( 4y - ( 1x + 92.0 ) ) )
ind: 349
( 1.0 * ( ( ( ( 5x - ( 36.0 * 54.0 ) ) * 78.0 ) + ( ( ( 5x - 61.0 ) - ( 64.0 + 5y ) ) + ( ( 17.0 + 2x ) - ( 1y * 6x ) ) ) ) + 72.0 ) )
ind: 350
( 5y - ( ( ( 6x - 46.0 ) * 1y ) * 9x ) )
ind: 351
( 38.0 - ( 10x - ( ( ( ( 87.0 + 19.0 ) * ( 87.0 + 5x ) ) + ( 6y + 4y ) ) + ( ( ( 67.0 + 97.0 ) + ( 1y - 68.0 ) ) + 79.0 ) ) ) )
ind: 352
( ( ( 34.0 + 9y ) - ( ( 75.0 - ( 55.0 - ( 2y - 69.0 ) ) ) - 5x ) ) - 44.0 )
ind: 353
( 5y + ( ( 9y * 5x ) - 20.0 ) )
ind: 354
( ( 1y + ( ( ( ( 3y - 66.0 ) - 23.0 ) - ( ( 7y - 92.0 ) + ( 66.0 + 98.0 ) ) ) - 80.0 ) ) - ( ( 9x - 16.0 ) + ( ( ( ( 8x * 4x ) + ( 50.0 + 8.0 ) ) + 7y ) - ( 7y - ( 3y + ( 5y - 5y ) ) ) ) ) )
ind: 355
( 7y * ( 32.0 * 9x ) )
ind: 356
( ( ( ( ( 78.0 + ( 22.0 * 4y ) ) * 29.0 ) - ( 86.0 - 8x ) ) * ( ( 7x + 6x ) * 4y ) ) - ( 6x + 62.0 ) )
ind: 357
( ( 60.0 * ( 5x - ( ( ( 6y - 79.0 ) * 5y ) * ( 1y * ( 60.0 - 31.0 ) ) ) ) ) * 1y )
ind: 358
( ( ( ( ( ( 3.0 * 4y ) + ( 7x + 2y ) ) - ( 91.0 - ( 8y * 3x ) ) ) + 79.0 ) + 31.0 ) * 8x )
ind: 359
( ( ( 10x - 4x ) * 9y ) * ( 96.0 - 2y ) )
ind: 360
( ( 1x + 3y ) - 73.0 )
ind: 361
( ( ( ( 73.0 + 74.0 ) - 57.0 ) * ( ( 3.0 + ( ( 47.0 + 9y ) - 8x ) ) + 56.0 ) ) - ( ( ( ( 19.0 * 4y ) - ( 92.0 + ( 26.0 + 76.0 ) ) ) * 96.0 ) - ( 9x - 6y ) ) )
ind: 362
( ( 23.0 - 7x ) * ( ( ( ( 5y * ( 10x + 3y ) ) + ( ( 2x + 80.0 ) + ( 22.0 * 2y ) ) ) * 8y ) - ( 13.0 * 72.0 ) ) )
ind: 363
( ( ( 8x * ( ( 8y - 5y ) + ( ( 3x + 48.0 ) - 9y ) ) ) * 80.0 ) + 10x )
ind: 364
( ( 47.0 - 10y ) + 8x )
ind: 365
( 1y - ( 9y + ( ( 27.0 - 3x ) * ( 46.0 + 9y ) ) ) )
ind: 366
( ( 8x * ( 7.0 - ( ( 15.0 - ( 9y + 5x ) ) * 10y ) ) ) - 5x )
ind: 367
( 10x + ( 6y + ( ( ( 20.0 * ( 29.0 + 59.0 ) ) - ( 84.0 * 10x ) ) - ( 81.0 - 1y ) ) ) )
ind: 368
( ( 44.0 + ( 58.0 - ( 4x + ( 21.0 + 8y ) ) ) ) + ( 2y + ( ( ( ( 97.0 * 1x ) + ( 99.0 + 64.0 ) ) + ( 5y - 1y ) ) + ( ( ( 63.0 - 9x ) - ( 67.0 * 69.0 ) ) * 77.0 ) ) ) )
ind: 369
( ( 1y - 6x ) - ( 78.0 - ( ( 8.0 + 77.0 ) - 7.0 ) ) )
ind: 370
( ( 59.0 + ( ( ( ( 6.0 * 60.0 ) + 17.0 ) - 74.0 ) + 9x ) ) + 5y )
ind: 371
( 69.0 * ( ( ( ( ( 15.0 + 8x ) * ( 47.0 * 4.0 ) ) * ( 7y + ( 7y - 7x ) ) ) - 9x ) + ( ( 7x * ( ( 38.0 - 1x ) * 5x ) ) - 19.0 ) ) )
ind: 372
( ( ( ( 99.0 - ( 2x * 18.0 ) ) + 10x ) - ( ( 1x * ( ( 6y * 1y ) * ( 1y - 2.0 ) ) ) - 4x ) ) * ( ( ( ( 7x + ( 6x * 33.0 ) ) + 10x ) + 76.0 ) * 8y ) )
ind: 373
( 73.0 * ( ( ( ( ( 46.0 * 93.0 ) + 4y ) - 4x ) * 9x ) * 75.0 ) )
ind: 374
( ( 1x + 34.0 ) - ( 4.0 - ( ( 8y - ( 1.0 + 2y ) ) - 87.0 ) ) )
ind: 375
( ( ( ( 2y - ( ( 7x * 31.0 ) + 7y ) ) + ( 10x + ( 7y + 9x ) ) ) - ( ( 51.0 + ( ( 7.0 - 7x ) + 92.0 ) ) * ( 4.0 - 96.0 ) ) ) + ( ( 25.0 - 9y ) - 86.0 ) )
ind: 376
( ( 61.0 * 91.0 ) * ( ( 9y * 8x ) * ( ( 17.0 + ( 46.0 + ( 1y - 72.0 ) ) ) - 79.0 ) ) )
ind: 377
( ( 59.0 * ( ( 96.0 - 2x ) + ( 37.0 + ( ( 2x * 10y ) * ( 73.0 - 2y ) ) ) ) ) + ( 87.0 - ( 53.0 * 70.0 ) ) )
ind: 378
( ( ( ( ( ( 80.0 + 60.0 ) * 1y ) * 7y ) - 2x ) * ( ( ( 6.0 + 51.0 ) - ( ( 3y + 35.0 ) + 9y ) ) + 72.0 ) ) - ( 10x + 48.0 ) )
ind: 379
( 8x * ( 8y * ( ( ( 5x * 36.0 ) - ( 1x * 18.0 ) ) * ( 33.0 * ( 7x + 7x ) ) ) ) )
ind: 380
( ( ( 1x + ( ( ( 85.0 * 3.0 ) * ( 5y - 7y ) ) * ( ( 2x * 12.0 ) + ( 1x - 8y ) ) ) ) + 69.0 ) + ( ( ( 17.0 + 7y ) + ( 88.0 * ( 79.0 - ( 10y - 75.0 ) ) ) ) + 22.0 ) )
ind: 381
( 1x - ( 7x + ( ( ( 10y - ( 1y + 93.0 ) ) - ( ( 10x + 23.0 ) + ( 3x * 8y ) ) ) + 64.0 ) ) )
ind: 382
( ( 7x * 19.0 ) * ( 95.0 * ( 8y * ( ( ( 1y * 2y ) - ( 5x - 4y ) ) * 8x ) ) ) )
ind: 383
( 81.0 - ( ( ( ( 87.0 + 2x ) * ( ( 58.0 - 57.0 ) - 81.0 ) ) + ( 3y + 20.0 ) ) - 10y ) )
ind: 384
( 1x - ( ( 85.0 - ( 1y - 99.0 ) ) + 4x ) )
ind: 385
( ( ( 5y + ( 9y + 90.0 ) ) + 77.0 ) * ( ( 60.0 * ( ( 39.0 - 1y ) - ( ( 88.0 * 8.0 ) - ( 9y - 6y ) ) ) ) - 10x ) )
ind: 386
( ( ( 2x - 98.0 ) - 6.0 ) + ( ( ( ( 16.0 + 12.0 ) + 40.0 ) * ( ( ( 46.0 + 35.0 ) * 35.0 ) - 62.0 ) ) + ( ( 22.0 - ( ( 6y - 65.0 ) * ( 1y - 10y ) ) ) - ( 6y + ( ( 5y + 11.0 ) * 45.0 ) ) ) ) )
ind: 387
( ( 27.0 * ( ( 51.0 * 5x ) - 5y ) ) + ( 83.0 - 46.0 ) )
ind: 388
( 10x + ( ( 3y + 61.0 ) * ( 9y + 68.0 ) ) )
ind: 389
( ( 1y + 1x ) + ( 6x * 6y ) )
ind: 390
( ( 36.0 + ( ( ( ( 6y - 9y ) + 9.0 ) * ( ( 54.0 - 2x ) * ( 58.0 - 87.0 ) ) ) - ( ( 10x * ( 21.0 * 6y ) ) * ( ( 84.0 - 99.0 ) - ( 53.0 + 85.0 ) ) ) ) ) * ( 3y * 8x ) )
ind: 391
( 3x + ( 79.0 * ( ( 1x * 78.0 ) * ( ( 5x - ( 6x * 43.0 ) ) - ( ( 100.0 - 6x ) * ( 57.0 * 9y ) ) ) ) ) )
ind: 392
( ( ( 9x + 46.0 ) + ( 10x + 6y ) ) * 72.0 )
ind: 393
( ( 31.0 + 7y ) * 9x )
ind: 394
( ( ( ( 37.0 - 10y ) + 1y ) + ( 9y - ( 4y * ( ( 2y * 3x ) - 6.0 ) ) ) ) - 10y )
ind: 395
( ( 65.0 * 2x ) + 4y )
ind: 396
( 5x + 4y )
ind: 397
( ( ( ( 9x - 68.0 ) - ( 9y - ( ( 77.0 - 38.0 ) - ( 5y - 3y ) ) ) ) - ( 78.0 - 65.0 ) ) * ( 57.0 * ( 50.0 * 5x ) ) )
ind: 398
( ( ( ( ( ( 4x - 88.0 ) * 44.0 ) * ( 5.0 - 2x ) ) * 1y ) - 6y ) - 5x )
ind: 399
( ( 54.0 * ( 85.0 + 10x ) ) * ( ( ( 9x - ( ( 10y * 38.0 ) + ( 1y - 95.0 ) ) ) + 5y ) * ( 10x + ( ( ( 27.0 * 63.0 ) * ( 75.0 - 79.0 ) ) + ( ( 5x * 4x ) + 26.0 ) ) ) ) )
ind: 400
( 9x * ( 5y + ( ( 4x - 78.0 ) + ( ( 5y * ( 34.0 - 7y ) ) - 81.0 ) ) ) )
ind: 401
( 4y * ( 2x - 98.0 ) )
ind: 402
( ( ( ( ( 8.0 - ( 1y - 10x ) ) - 56.0 ) - 4y ) * 9x ) + ( 5y + ( 19.0 * ( 7x * ( ( 2x * 7y ) * 4y ) ) ) ) )
ind: 403
( ( 39.0 * 72.0 ) - ( 47.0 + ( ( ( 25.0 * 8y ) - ( ( 89.0 - 61.0 ) * 91.0 ) ) - 10x ) ) )
ind: 404
( 98.0 + ( ( ( ( ( 41.0 * 9y ) + ( 9x - 95.0 ) ) * ( ( 3y * 26.0 ) + 6x ) ) * 28.0 ) * 28.0 ) )
ind: 405
( 32.0 * ( ( 3.0 * ( ( 2y - ( 6.0 * 8x ) ) * ( 54.0 + ( 5x - 1.0 ) ) ) ) + 4y ) )
ind: 406
( ( ( ( 4x - 22.0 ) - 64.0 ) - ( 9x + 1y ) ) + 9y )
ind: 407
( ( ( ( ( 93.0 - 4y ) + 7x ) * ( ( 57.0 - 49.0 ) - 8x ) ) + 28.0 ) - 26.0 )
ind: 408
( ( 9y + 4x ) + ( ( ( ( ( 1y * 70.0 ) + ( 65.0 - 3x ) ) * 53.0 ) * 79.0 ) * 8x ) )
ind: 409
( ( ( 5y * 9.0 ) + 100.0 ) + ( 4x + ( 19.0 + 100.0 ) ) )
ind: 410
( ( ( 86.0 - ( ( 8x + 49.0 ) + 76.0 ) ) - ( 33.0 - 2y ) ) - 5y )
ind: 411
( ( ( ( 5x + 55.0 ) * ( 4y * ( ( 40.0 + 4x ) - ( 1y * 4x ) ) ) ) * ( 10x + ( ( ( 88.0 * 1x ) + ( 4x - 84.0 ) ) + ( ( 43.0 - 7x ) - 11.0 ) ) ) ) + ( 47.0 + ( 6x - ( 10y + 7x ) ) ) )
ind: 412
( ( ( ( ( 100.0 + 1x ) * ( ( 9y - 7x ) - 10y ) ) - ( 85.0 * 27.0 ) ) + ( ( ( ( 56.0 * 17.0 ) + 9x ) - ( ( 98.0 - 55.0 ) * 93.0 ) ) * 89.0 ) ) - 1y )
ind: 413
( 93.0 * ( ( 1x + ( ( 7x * 5x ) * ( ( 1y - 97.0 ) + ( 4y - 100.0 ) ) ) ) - ( ( 20.0 * 7.0 ) + ( ( 18.0 + 1y ) + ( 62.0 + ( 8y + 5x ) ) ) ) ) )
ind: 414
( 10x * ( 3y - ( 9x + ( 15.0 * 93.0 ) ) ) )
ind: 415
( ( ( 8y * ( 10x - 43.0 ) ) * 8y ) * 30.0 )
ind: 416
( 35.0 * ( ( ( ( 40.0 * 8x ) * 3y ) + ( 2x + ( ( 36.0 * 4y ) + 9y ) ) ) - 24.0 ) )
ind: 417
( ( ( 5y + ( ( 3x - 24.0 ) - ( ( 92.0 + 9x ) * 7y ) ) ) * ( 6x + ( ( ( 3y - 2x ) - ( 5x - 65.0 ) ) * ( ( 1y - 10x ) - 6y ) ) ) ) + 5y )
ind: 418
( 48.0 * ( 4y - ( 7y * ( ( ( 7x * 63.0 ) * ( 5y * 93.0 ) ) + ( ( 87.0 - 8y ) + ( 42.0 * 12.0 ) ) ) ) ) )
ind: 419
( ( ( ( ( ( 6.0 + 73.0 ) + 43.0 ) - 56.0 ) + 3y ) - ( ( 63.0 + 14.0 ) - 76.0 ) ) - ( 3x + ( 4y * 31.0 ) ) )
ind: 420
( ( ( 12.0 * 94.0 ) - ( 7.0 - 1y ) ) * ( 14.0 - ( 3y * ( 3x * ( ( 2x + 18.0 ) * 87.0 ) ) ) ) )
ind: 421
( 10y + ( 9x + 7x ) )
ind: 422
( ( ( ( ( 7y + ( 1y - 10y ) ) + 60.0 ) + ( ( 1x - ( 11.0 + 5x ) ) + 49.0 ) ) * ( ( 4x + ( ( 4y - 1x ) - ( 5y - 7y ) ) ) * ( ( ( 1y - 8y ) * ( 8y * 9.0 ) ) * ( ( 74.0 * 53.0 ) + 89.0 ) ) ) ) - ( ( 10y * ( ( ( 7y + 5x ) * ( 2y + 8y ) ) - ( 5.0 + ( 4x - 5y ) ) ) ) - 10x ) )
ind: 423
( ( 10x - 97.0 ) - 5y )
ind: 424
( ( ( ( 3x + 42.0 ) - ( 4x + ( ( 89.0 - 4x ) - ( 18.0 + 81.0 ) ) ) ) - 66.0 ) * ( ( ( ( 55.0 - ( 6x + 94.0 ) ) - 58.0 ) - 34.0 ) - ( 65.0 + 2y ) ) )
ind: 425
( ( 5y * 8y ) - 9x )
ind: 426
( 9x - 3y )
ind: 427
( 9.0 * ( ( ( ( 2x + ( 33.0 + 3x ) ) * 81.0 ) - ( 2y - ( 8y + 10x ) ) ) + 6x ) )
ind: 428
( ( ( ( ( ( 46.0 + 1x ) * ( 3y + 2x ) ) + ( ( 10y + 1.0 ) + 84.0 ) ) - 4y ) + ( 70.0 + ( 2x - ( 88.0 * ( 62.0 + 5x ) ) ) ) ) * 9y )
ind: 429
( 2y + ( 8y + ( 6y * 2x ) ) )
ind: 430
( ( ( 3y * 88.0 ) * 10x ) - ( ( ( 26.0 + 10.0 ) * ( 6x + ( 3.0 - ( 43.0 * 26.0 ) ) ) ) + 4y ) )
ind: 431
( ( ( 6x - ( ( ( 59.0 - 1y ) - ( 9y + 57.0 ) ) + ( 1x + ( 1x - 2x ) ) ) ) * ( ( 26.0 * ( 2x * 15.0 ) ) + 67.0 ) ) - ( 7y - ( ( ( ( 5x - 52.0 ) - ( 29.0 + 48.0 ) ) + 7x ) * ( ( ( 37.0 - 50.0 ) * ( 17.0 + 99.0 ) ) * ( 22.0 * ( 7x - 6y ) ) ) ) ) )
ind: 432
( ( ( ( ( 9.0 - ( 6x - 10x ) ) * 55.0 ) + ( 5y * ( ( 6y + 44.0 ) + 7x ) ) ) + 70.0 ) + 17.0 )
ind: 433
( ( 9y * 4x ) * 22.0 )
ind: 434
( ( 35.0 * ( ( 3x - 9y ) * ( ( 10y * ( 6x + 83.0 ) ) - ( ( 9x - 51.0 ) - ( 3.0 * 37.0 ) ) ) ) ) * ( 99.0 - 11.0 ) )
ind: 435
( 2x - 7y )
ind: 436
( 7x + 3y )
ind: 437
( ( ( 8y + ( 1y - 70.0 ) ) - ( ( ( ( 6x * 60.0 ) * 10y ) - 2x ) - ( 7x * 57.0 ) ) ) * ( ( 8x - 8x ) - ( 4y + ( 72.0 * ( ( 1x * 90.0 ) + ( 32.0 * 8x ) ) ) ) ) )
ind: 438
( ( 22.0 + 2y ) - ( 10y * ( ( 9y - ( ( 3x + 3y ) - ( 4y * 48.0 ) ) ) - 70.0 ) ) )
ind: 439
( ( ( ( ( ( 71.0 - 5x ) * 76.0 ) * 14.0 ) + ( 1x - 61.0 ) ) - ( ( 38.0 - 3y ) - ( ( 6y + 75.0 ) - 10y ) ) ) * ( 3.0 * 24.0 ) )
ind: 440
( ( ( 70.0 + ( 5.0 - ( ( 2x * 92.0 ) * ( 3y - 7x ) ) ) ) - ( ( 4y - 12.0 ) * ( ( ( 44.0 - 57.0 ) - ( 33.0 * 3.0 ) ) * ( 99.0 - 10y ) ) ) ) * ( ( ( ( ( 1y - 14.0 ) - 7y ) + 3y ) + 5y ) * 29.0 ) )
ind: 441
( ( 8x + ( 6x * 7y ) ) - 35.0 )
ind: 442
( ( 4y - ( 99.0 - ( 64.0 + ( ( 4y - 46.0 ) - ( 64.0 * 4x ) ) ) ) ) - 3x )
ind: 443
( ( 4y - 3x ) * 38.0 )
ind: 444
( ( 8x + ( ( ( ( 10y - 10y ) * ( 46.0 * 39.0 ) ) * ( ( 66.0 - 72.0 ) + 3y ) ) - ( 1x + ( 10x * 16.0 ) ) ) ) * ( 100.0 - 5y ) )
ind: 445
( 86.0 + ( ( ( 4y + ( ( 77.0 + 80.0 ) + ( 3.0 + 4y ) ) ) * 33.0 ) - ( 8y * ( ( 44.0 - 6y ) - ( ( 1y * 5y ) * ( 3x - 9x ) ) ) ) ) )
ind: 446
( ( 2x * ( ( ( 75.0 - 5y ) * ( 8y + ( 44.0 - 5x ) ) ) + ( ( ( 6y * 8x ) * 66.0 ) + ( 33.0 * ( 9x + 4x ) ) ) ) ) + ( 1y - 1.0 ) )
ind: 447
( 83.0 - ( ( 87.0 + ( 2x + ( ( 9y + 10x ) + 70.0 ) ) ) - ( 27.0 + ( 29.0 + ( 51.0 * 6x ) ) ) ) )
ind: 448
( 8x - ( ( ( ( 93.0 - 5x ) + 87.0 ) - 9x ) + 6y ) )
ind: 449
( ( 10x + ( ( 36.0 + 59.0 ) - 30.0 ) ) * ( ( ( 2.0 + ( ( 88.0 - 30.0 ) - 94.0 ) ) + 7y ) + ( ( ( 8x - ( 50.0 - 39.0 ) ) - 7x ) - ( 7x - ( 1x - 8.0 ) ) ) ) )
ind: 450
( ( 3y + 37.0 ) - ( 56.0 - ( ( 8y * 6y ) * 7x ) ) )
ind: 451
( ( 7y - ( ( ( ( 3x * 5x ) + 10.0 ) - ( 10x * 56.0 ) ) + 67.0 ) ) + 1x )
ind: 452
( ( 6y + 7.0 ) + ( ( ( ( 7y * ( 99.0 + 84.0 ) ) * ( ( 5.0 - 6y ) + 9y ) ) - ( 76.0 + 5y ) ) + 2x ) )
ind: 453
( ( 32.0 - 9x ) + ( ( ( ( ( 26.0 - 7x ) - 2x ) - 16.0 ) - ( 30.0 * ( 5x - ( 24.0 + 8x ) ) ) ) + ( ( 39.0 + ( 86.0 * ( 89.0 * 7x ) ) ) + ( ( 52.0 + 5y ) - 3y ) ) ) )
ind: 454
( ( ( ( ( ( 3y + 72.0 ) - 32.0 ) - ( 83.0 + ( 4x - 54.0 ) ) ) + 7.0 ) + ( ( ( 61.0 + 2x ) - 14.0 ) - ( ( 5x * ( 2y + 3x ) ) + 28.0 ) ) ) - ( ( ( ( 48.0 * ( 4y + 25.0 ) ) * ( 25.0 - 78.0 ) ) + 10y ) * 5y ) )
ind: 455
( 3y * 5x )
ind: 456
( 9y + ( ( 83.0 * 6.0 ) + 2x ) )
ind: 457
( ( 56.0 * 4x ) * ( 44.0 - 3y ) )
ind: 458
( ( 14.0 * ( 5x * 60.0 ) ) - ( ( ( 2y + 5x ) * ( 83.0 - ( 5y * 4y ) ) ) + ( 70.0 * ( ( ( 45.0 - 48.0 ) * ( 4x + 13.0 ) ) + 5x ) ) ) )
ind: 459
( 1y - ( 2y + ( 65.0 * ( ( ( 38.0 + 57.0 ) * 81.0 ) - 5x ) ) ) )
ind: 460
( 10y * ( 19.0 + ( 72.0 + ( ( ( 19.0 * 68.0 ) + ( 9x * 7y ) ) + 8x ) ) ) )
ind: 461
( ( 40.0 * ( 7.0 - ( 3x - ( ( 8x - 44.0 ) * 4y ) ) ) ) + ( 86.0 - ( 5x * 10y ) ) )
ind: 462
( ( 4y - ( 9x * 91.0 ) ) - ( 53.0 - ( 35.0 + ( 2x - ( 64.0 - 6y ) ) ) ) )
ind: 463
( ( 45.0 + 92.0 ) * ( ( ( ( ( 6x - 7x ) * 1y ) - ( 16.0 * 38.0 ) ) + 9x ) + ( 3x - ( 5y - ( ( 97.0 * 54.0 ) + ( 14.0 + 7x ) ) ) ) ) )
ind: 464
( ( ( 2x * ( 72.0 * ( 1y * ( 2.0 * 7y ) ) ) ) * 84.0 ) + 96.0 )
ind: 465
( ( ( 6y * ( ( ( 5x - 10x ) - ( 3y + 96.0 ) ) + 13.0 ) ) - 5x ) - ( ( 58.0 + 56.0 ) + ( ( ( ( 23.0 * 6.0 ) + ( 83.0 + 56.0 ) ) * ( 7y * ( 26.0 - 93.0 ) ) ) + 9x ) ) )
ind: 466
( 10y * ( ( 84.0 * ( ( 41.0 * ( 7x * 5y ) ) + ( 60.0 * 55.0 ) ) ) + 8y ) )
ind: 467
( 72.0 * ( ( ( ( ( 89.0 - 18.0 ) - ( 68.0 + 24.0 ) ) - 1y ) * 53.0 ) - 10x ) )
ind: 468
( ( 8y * ( ( 22.0 * 4x ) * ( 79.0 * ( ( 28.0 - 6x ) * ( 69.0 - 52.0 ) ) ) ) ) * 48.0 )
ind: 469
( 11.0 - ( ( ( ( 29.0 * ( 4x + 7x ) ) + ( ( 7y + 11.0 ) - 5x ) ) - ( ( ( 8x * 44.0 ) * ( 8y + 14.0 ) ) + 33.0 ) ) - ( ( 2x + 5y ) - ( ( 65.0 + ( 15.0 - 8x ) ) + ( 16.0 + 55.0 ) ) ) ) )
ind: 470
( ( 84.0 - ( ( ( 4y - ( 30.0 + 16.0 ) ) - 71.0 ) - ( 2x + 8.0 ) ) ) * 73.0 )
ind: 471
( ( 4x + ( ( ( 6x - ( 7y * 9y ) ) + 45.0 ) + 1x ) ) - 95.0 )
ind: 472
( 7x * 5y )
ind: 473
( 3y * 8x )
ind: 474
( ( 5y + 48.0 ) - 3x )
ind: 475
( ( 76.0 * 1x ) - ( 68.0 * 7y ) )
ind: 476
( ( ( ( ( 8.0 * ( 50.0 * 35.0 ) ) * 4x ) + 37.0 ) * ( ( 17.0 + ( 42.0 - 4y ) ) * 7x ) ) + ( 2y * 16.0 ) )
ind: 477
( ( 2y - 11.0 ) - ( 7x + 32.0 ) )
ind: 478
( 64.0 * ( ( 5y + ( ( 80.0 * 5x ) + ( ( 96.0 * 70.0 ) - ( 81.0 * 71.0 ) ) ) ) - 40.0 ) )
ind: 479
( ( ( ( ( ( 1x - 5y ) + ( 9x + 10.0 ) ) - ( 6x - 89.0 ) ) + 6x ) * ( 69.0 * ( ( ( 1y - 1.0 ) - 3y ) + 3y ) ) ) * ( ( 72.0 - 35.0 ) * 10y ) )
ind: 480
( 75.0 - ( ( ( ( 10x * 70.0 ) * ( 57.0 + 6x ) ) - ( ( 7x - ( 91.0 * 48.0 ) ) + 64.0 ) ) * 5y ) )
ind: 481
( 82.0 * ( ( ( 5.0 * ( 78.0 + ( 58.0 + 37.0 ) ) ) - ( 13.0 * ( ( 8x - 44.0 ) + ( 3.0 * 4y ) ) ) ) - ( 2x - 87.0 ) ) )
ind: 482
( ( 2y + 70.0 ) - ( ( ( 2x + 3x ) + ( ( 9x - 1.0 ) + 2x ) ) - 20.0 ) )
ind: 483
( ( 4x + 2y ) - 2.0 )
ind: 484
( 2y * ( 2.0 * ( ( ( 36.0 * 7y ) - 2x ) + ( 9x - ( 7x + ( 5x - 30.0 ) ) ) ) ) )
ind: 485
( ( ( ( ( 21.0 * ( 7y * 14.0 ) ) - ( ( 29.0 - 8y ) - ( 72.0 - 16.0 ) ) ) * 1.0 ) * 6y ) + ( ( ( 73.0 * 74.0 ) + 4.0 ) - 10x ) )
ind: 486
( ( ( ( 14.0 - 8y ) - 34.0 ) - ( 84.0 - 90.0 ) ) + 4x )
ind: 487
( ( ( ( 68.0 * 6y ) - ( 26.0 - ( ( 4y - 1y ) * 8.0 ) ) ) + ( ( ( 52.0 + 8x ) - ( ( 6y - 2y ) + 29.0 ) ) - ( ( ( 2.0 - 6y ) * 60.0 ) + 43.0 ) ) ) + 5x )
ind: 488
( ( ( 83.0 + 8y ) - ( ( ( 10x + 10x ) * ( 10x + ( 10x - 7x ) ) ) - 20.0 ) ) - 99.0 )
ind: 489
( ( 1x * ( ( 1x + ( ( 59.0 * 52.0 ) * 4y ) ) + 10y ) ) + ( ( 76.0 + 2x ) - ( 3y * ( ( 42.0 - ( 1y - 88.0 ) ) + ( ( 1x + 9x ) + ( 52.0 - 80.0 ) ) ) ) ) )
ind: 490
( 31.0 + ( ( ( 85.0 * 2x ) - 5x ) * ( ( ( 15.0 + ( 44.0 + 38.0 ) ) * 36.0 ) + ( ( ( 84.0 - 62.0 ) + 7y ) + 94.0 ) ) ) )
ind: 491
( ( 40.0 + 8y ) + ( ( 2x * 86.0 ) * 8x ) )
ind: 492
( 21.0 * ( ( ( ( ( 22.0 + 10y ) - ( 64.0 * 2x ) ) * ( ( 3y * 10x ) + 10x ) ) + ( 8.0 + 9x ) ) * 64.0 ) )
ind: 493
( ( ( ( ( 3x + ( 4x * 88.0 ) ) - 5.0 ) * ( ( 6y - ( 7x * 2y ) ) * ( ( 3y * 84.0 ) * ( 29.0 * 46.0 ) ) ) ) - 1x ) * ( 6.0 * 18.0 ) )
ind: 494
( ( ( ( ( 9y + 4y ) * ( 9y + ( 72.0 - 81.0 ) ) ) * 9x ) + 6.0 ) - ( 9x + ( ( ( ( 3y - 97.0 ) - ( 10x - 18.0 ) ) + 2y ) + 33.0 ) ) )
ind: 495
( ( 3x - ( ( 4x + 10y ) - 64.0 ) ) + 10.0 )
ind: 496
( ( ( 8x * ( ( ( 8x * 86.0 ) + 5x ) - ( ( 8x + 41.0 ) - ( 90.0 - 8x ) ) ) ) - ( 3.0 - ( ( ( 82.0 - 4x ) + ( 4y * 30.0 ) ) + ( 32.0 * 1x ) ) ) ) - 10x )
ind: 497
( ( ( 8y + 94.0 ) + 26.0 ) - ( ( 2x + 2x ) - ( 7x * 3y ) ) )
ind: 498
( 4y + 6x )
ind: 499
( ( 6x + 21.0 ) - ( 38.0 - ( 1y * 97.0 ) ) )
ind: 500
( ( 8.0 + ( ( ( 7x * ( 9y * 40.0 ) ) - ( ( 5x + 51.0 ) - 7x ) ) + 10x ) ) + 2y )
Best Ind: ( ( ( ( 46.0 - ( ( 27.0 + 2y ) + 9y ) ) - ( 49.0 + ( 3x + 6y ) ) ) - ( ( 34.0 - ( ( 6y * 28.0 ) + ( 3x * 35.0 ) ) ) - ( 9x * ( ( 97.0 - 79.0 ) * ( 17.0 * 37.0 ) ) ) ) ) - 1x )
Fitness = 13.02
Worst Ind: ( ( 54.0 * ( 85.0 + 10x ) ) * ( ( ( 9x - ( ( 10y * 38.0 ) + ( 1y - 95.0 ) ) ) + 5y ) * ( 10x + ( ( ( 27.0 * 63.0 ) * ( 75.0 - 79.0 ) ) + ( ( 5x * 4x ) + 26.0 ) ) ) ) )
Fitness = 5.58090544376e+12
Avg Fitness = 12177009176.3
Duplicated = 2
============================================================================
Evaluate Gen  1
New Population 673
Better than Dads 46
Best Ind: ( ( ( ( 46.0 - ( ( 27.0 + 2y ) + 9y ) ) - ( 49.0 + ( 3x + 6y ) ) ) - ( ( 34.0 - ( ( 6y * 28.0 ) + ( 3x * 35.0 ) ) ) - ( 9x * ( ( 97.0 - 79.0 ) * ( 17.0 * 37.0 ) ) ) ) ) - 1x )
Fitness = 13.02
Worst Ind: ( ( ( 7x - ( 6x + ( 86.0 * ( 7x - 84.0 ) ) ) ) + ( ( 4y - ( 23.0 - 6y ) ) + ( ( 1x * 77.0 ) - 1y ) ) ) + 88.0 )
Fitness = 365613.946538
Avg Fitness = 39593.1667371
Duplicated = 6
============================================================================
Evaluate Gen  2
New Population 697
Better than Dads 52
Best Ind: ( ( ( ( 46.0 - ( ( 27.0 + 2y ) + 9y ) ) - ( 49.0 + ( 3x + 6y ) ) ) - ( ( 34.0 - ( ( 6y * 28.0 ) + ( 3x * 35.0 ) ) ) - ( 9x * ( ( 97.0 - 79.0 ) * ( 17.0 * 37.0 ) ) ) ) ) - 1x )
Fitness = 13.02
Worst Ind: ( ( ( 5x + 8y ) - ( 9y - ( ( ( 4x * 56.0 ) - ( 5y - 17.0 ) ) * 24.0 ) ) ) * ( ( 19.0 - 3y ) - 1.0 ) )
Fitness = 20400.0
Avg Fitness = 4250.98220663
Duplicated = 16
============================================================================
Evaluate Gen  3
New Population 684
Better than Dads 51
Best Ind: ( ( ( ( 46.0 - ( ( 27.0 + 2y ) + 9y ) ) - ( 49.0 + ( 3x + 6y ) ) ) - ( ( 34.0 - ( ( 6y * 28.0 ) + ( 3x * 35.0 ) ) ) - ( 9x * ( ( 97.0 - 79.0 ) * ( 17.0 * 37.0 ) ) ) ) ) - 1x )
Fitness = 13.02
Worst Ind: ( ( 4y - ( 9x * 91.0 ) ) - ( 53.0 - ( ( 42.0 + ( 7y + 27.0 ) ) + ( 4y - ( 52.0 + 10x ) ) ) ) )
Fitness = 6068.02653846
Avg Fitness = 2195.13446418
Duplicated = 18
============================================================================
Evaluate Gen  4
New Population 681
Better than Dads 44
Best Ind: ( ( ( ( 46.0 - ( ( 27.0 + 2y ) + 9y ) ) - ( 49.0 + ( 3x + 6y ) ) ) - ( ( 34.0 - ( ( 6y * 28.0 ) + ( 3x * 35.0 ) ) ) - ( 9x * ( ( 97.0 - 79.0 ) * ( 17.0 * 37.0 ) ) ) ) ) - 1x )
Fitness = 13.02
Worst Ind: ( ( ( ( ( 9y + 4y ) * ( 9y + ( 72.0 - 81.0 ) ) ) * 9x ) * ( 3y * 85.0 ) ) - ( 88.0 - ( 76.0 + ( ( ( 6x - 4y ) + 40.0 ) - ( 8x - ( 8x + 2x ) ) ) ) ) )
Fitness = 3810.2
Avg Fitness = 1475.60335658
Duplicated = 20
============================================================================
Evaluate Gen  5
New Population 684
Better than Dads 51
Best Ind: ( ( ( ( 46.0 - ( ( 27.0 + 2y ) + 9y ) ) - ( 49.0 + ( 3x + 6y ) ) ) - ( ( 34.0 - ( ( 6y * 28.0 ) + ( 3x * 35.0 ) ) ) - ( 9x * ( ( 97.0 - 79.0 ) * ( 17.0 * 37.0 ) ) ) ) ) - 1x )
Fitness = 13.02
Worst Ind: ( 23.0 * ( 3x + 3y ) )
Fitness = 2454.88009335
Avg Fitness = 991.811900285
Duplicated = 15
============================================================================
Evaluate Gen  6
New Population 693
Better than Dads 52
Best Ind: ( 2y * 1x )
Fitness = 11.3808
Worst Ind: ( ( 61.0 - ( 38.0 - 9x ) ) - ( ( 5y - 34.0 ) + 9x ) )
Fitness = 1709.18
Avg Fitness = 645.606639501
Duplicated = 23
============================================================================
Evaluate Gen  7
New Population 709
Better than Dads 66
Best Ind: ( 2y * 1x )
Fitness = 11.3808
Worst Ind: ( ( ( 100.0 - 4x ) + ( 1y - 7y ) ) - 23.0 )
Fitness = 1150.0
Avg Fitness = 386.755870544
Duplicated = 27
============================================================================
Evaluate Gen  8
New Population 701
Better than Dads 72
Best Ind: ( 2y * 1x )
Fitness = 11.3808
Worst Ind: ( ( 1x - 5y ) + ( 9x + 10.0 ) )
Fitness = 514.770384615
Avg Fitness = 241.681895637
Duplicated = 45
============================================================================
Evaluate Gen  9
New Population 716
Better than Dads 67
Best Ind: ( 2y * 1x )
Fitness = 11.3808
Worst Ind: ( ( 3x - 4y ) + ( 9y + 3x ) )
Fitness = 332.313640777
Avg Fitness = 186.905738661
Duplicated = 49
============================================================================
Evaluate Gen  10
New Population 706
Better than Dads 76
Best Ind: ( 2y * 1x )
Fitness = 11.3808
Worst Ind: ( 8x - ( ( ( ( 93.0 - 3x ) + 87.0 ) - 9x ) + 6y ) )
Fitness = 252.527834205
Avg Fitness = 162.351913835
Duplicated = 60
============================================================================
Evaluate Gen  11
New Population 702
Better than Dads 61
Best Ind: ( 2y * 1x )
Fitness = 11.3808
Worst Ind: ( ( 10x + 3y ) + 2x )
Fitness = 223.913917102
Avg Fitness = 146.980668959
Duplicated = 66
============================================================================
Evaluate Gen  12
New Population 713
Better than Dads 73
Best Ind: ( 2y * 1x )
Fitness = 11.3808
Worst Ind: ( ( 3x - ( 10y + 10x ) ) - 4.0 )
Fitness = 200.0
Avg Fitness = 134.300724974
Duplicated = 74
============================================================================
Evaluate Gen  13
New Population 723
Better than Dads 76
Best Ind: ( 2y * 1x )
Fitness = 11.3808
Worst Ind: ( ( ( 4y + ( ( 91.0 - ( 77.0 * 28.0 ) ) * ( ( 8x + 8y ) * 90.0 ) ) ) + ( ( 77.0 - ( 95.0 - ( 1x - 4y ) ) ) - ( 3x - ( 71.0 * 87.0 ) ) ) ) - ( 93.0 - 8y ) )
Fitness = 180.46377894
Avg Fitness = 120.423843529
Duplicated = 74
============================================================================
Evaluate Gen  14
New Population 721
Better than Dads 70
Best Ind: ( 2y * 1x )
Fitness = 11.3808
Worst Ind: ( ( ( ( ( ( 100.0 - 4x ) + 6x ) + ( 1x + 9y ) ) + 3x ) - ( 3y * 35.0 ) ) - 7y )
Fitness = 157.905806572
Avg Fitness = 111.310173062
Duplicated = 71
============================================================================
Evaluate Gen  15
New Population 728
Better than Dads 59
Best Ind: ( 2y * 1x )
Fitness = 11.3808
Worst Ind: ( ( 7y - 6x ) * 4y )
Fitness = 136.5696
Avg Fitness = 100.462244573
Duplicated = 71
============================================================================
Evaluate Gen  16
New Population 728
Better than Dads 68
Best Ind: ( 2y * 1x )
Fitness = 11.3808
Worst Ind: ( ( 65.0 + ( 8y - 1x ) ) - ( ( 1x + 3y ) + 4x ) )
Fitness = 132.773917102
Avg Fitness = 93.0063379643
Duplicated = 72
============================================================================
Evaluate Gen  17
New Population 721
Better than Dads 67
Best Ind: ( 2y * 1x )
Fitness = 11.3808
Worst Ind: ( 6y - 9x )
Fitness = 117.18
Avg Fitness = 86.4546233339
Duplicated = 92
============================================================================
Evaluate Gen  18
New Population 710
Better than Dads 74
Best Ind: ( 2y * 1x )
Fitness = 11.3808
Worst Ind: ( ( 1x * 7y ) - 5y )
Fitness = 112.789861837
Avg Fitness = 81.1216567041
Duplicated = 100
============================================================================
Evaluate Gen  19
New Population 722
Better than Dads 72
Best Ind: ( 2y * 1x )
Fitness = 11.3808
Worst Ind: ( 1x + ( 7x - 4y ) )
Fitness = 103.25188947
Avg Fitness = 75.7334036347
Duplicated = 102
============================================================================
Evaluate Gen  20
New Population 715
Better than Dads 63
Best Ind: ( 2y * 1x )
Fitness = 11.3808
Worst Ind: ( ( ( ( 42.0 * ( 10y - 80.0 ) ) - 7x ) * 5y ) - ( ( ( 5x + 4x ) * ( 3.0 * 99.0 ) ) - ( ( 5x + 51.0 ) - 7x ) ) )
Fitness = 91.14
Avg Fitness = 71.8317369011
Duplicated = 97
============================================================================
Evaluate Gen  21
New Population 719
Better than Dads 68
Best Ind: ( 2y * 1x )
Fitness = 11.3808
Worst Ind: ( ( ( 7x * 46.0 ) - ( ( 5x + ( 3y * 2y ) ) - 7x ) ) * 1.0 )
Fitness = 91.14
Avg Fitness = 68.444518319
Duplicated = 110
============================================================================
Evaluate Gen  22
New Population 713
Better than Dads 72
Best Ind: ( 2y * 1x )
Fitness = 11.3808
Worst Ind: ( 3y + ( ( ( ( 4x * 3x ) - 10y ) - ( 3x + 54.0 ) ) - 1y ) )
Fitness = 90.2318894698
Avg Fitness = 64.0861565651
Duplicated = 118
============================================================================
Evaluate Gen  23
New Population 725
Better than Dads 77
Best Ind: ( 2y * 1x )
Fitness = 11.3808
Worst Ind: ( ( ( 5x + ( 4x * 3y ) ) + 1x ) - ( 1x + 3y ) )
Fitness = 80.6939171024
Avg Fitness = 58.8231839161
Duplicated = 120
============================================================================
Evaluate Gen  24
New Population 720
Better than Dads 73
Best Ind: ( 2y * 1x )
Fitness = 11.3808
Worst Ind: ( ( 8y - ( 4x * ( ( 3x + 3y ) - ( 6y - 9x ) ) ) ) * ( ( 38.0 - 10y ) - 1y ) )
Fitness = 73.119888
Avg Fitness = 54.4776114524
Duplicated = 116
============================================================================
Evaluate Gen  25
New Population 731
Better than Dads 82
Best Ind: ( ( 2y * 1x ) * 2y )
Fitness = 10.3802292367
Worst Ind: ( ( ( 1x + 3y ) - ( 8x * 2y ) ) - 3y )
Fitness = 67.6739171024
Avg Fitness = 50.8913299295
Duplicated = 117
============================================================================
Evaluate Gen  26
New Population 726
Better than Dads 67
Best Ind: ( ( 2y * 1x ) * 2y )
Fitness = 10.3802292367
Worst Ind: ( ( ( ( 4x * 56.0 ) - ( 5y - ( 6y - ( 1y + 2x ) ) ) ) - ( ( 75.0 - ( 55.0 - ( 2y - 69.0 ) ) ) - 5x ) ) - 5x )
Fitness = 65.1
Avg Fitness = 47.8847459574
Duplicated = 113
============================================================================
Evaluate Gen  27
New Population 729
Better than Dads 68
Best Ind: ( ( 4x - ( 3x - 1x ) ) * ( ( 38.0 - 10y ) - 1y ) )
Fitness = 5.6904
Worst Ind: ( ( 1y * 2y ) + ( ( ( 9.0 * ( 8y * ( 21.0 * 6x ) ) ) * 7x ) - 4x ) )
Fitness = 61.4997672255
Avg Fitness = 43.5369548528
Duplicated = 118
============================================================================
Evaluate Gen  28
New Population 725
Better than Dads 67
Best Ind: ( ( 4x - ( 3x - 1x ) ) * ( ( 38.0 - 10y ) - 1y ) )
Fitness = 5.6904
Worst Ind: ( ( ( ( 8.0 - ( 1y - 10x ) ) - 2x ) + 1y ) - 4x )
Fitness = 52.08
Avg Fitness = 41.9063673248
Duplicated = 123
============================================================================
Evaluate Gen  29
New Population 737
Better than Dads 70
Best Ind: ( ( 4x - ( 3x - 1x ) ) * ( ( 38.0 - 10y ) - 1y ) )
Fitness = 5.6904
Worst Ind: ( 7x - ( 5y - 4x ) )
Fitness = 52.08
Avg Fitness = 40.332634114
Duplicated = 116
============================================================================
Evaluate Gen  30
New Population 739
Better than Dads 87
Best Ind: ( ( 4x - ( 3x - 1x ) ) * ( ( 38.0 - 10y ) - 1y ) )
Fitness = 5.6904
Worst Ind: ( 9y * 1x )
Fitness = 51.2136
Avg Fitness = 37.9519465688
Duplicated = 120
============================================================================
Evaluate Gen  31
New Population 724
Better than Dads 75
Best Ind: ( ( 4x - ( 3x - 1x ) ) * ( ( 38.0 - 10y ) - 1y ) )
Fitness = 5.6904
Worst Ind: ( ( ( 7y - ( 2x + 8x ) ) * ( 1y + 2x ) ) - ( ( ( 5y - 2x ) * 1y ) * ( 4y * 6x ) ) )
Fitness = 45.74652288
Avg Fitness = 35.3711834021
Duplicated = 121
============================================================================
Evaluate Gen  32
New Population 737
Better than Dads 73
Best Ind: ( ( ( 9x - 8x ) - 9y ) - ( ( ( 5y - 2x ) * 1y ) * ( ( 38.0 - 10y ) - 1y ) ) )
Fitness = 5.19011461837
Worst Ind: ( ( ( ( 1x + 3y ) - 2y ) - 4x ) - 2y )
Fitness = 45.1159447349
Avg Fitness = 32.9867905655
Duplicated = 132
============================================================================
Evaluate Gen  33
New Population 732
Better than Dads 78
Best Ind: ( ( 3x - 1x ) * ( ( 5x + ( 3y * 2y ) ) - 1x ) )
Fitness = 4.4404
Worst Ind: ( ( ( ( ( 1x * ( 4y - 3x ) ) + ( 2y - 5x ) ) - ( 1y - 4x ) ) - ( 1x + 3y ) ) * ( 1y * 4x ) )
Fitness = 39.2651197102
Avg Fitness = 29.9857072605
Duplicated = 140
============================================================================
Evaluate Gen  34
New Population 725
Better than Dads 82
Best Ind: ( ( 3x - 1x ) * ( ( 5x + ( 3y * 2y ) ) - 1x ) )
Fitness = 4.4404
Worst Ind: ( 8y - 3x )
Fitness = 39.06
Avg Fitness = 27.3750913541
Duplicated = 131
============================================================================
Evaluate Gen  35
New Population 740
Better than Dads 88
Best Ind: ( ( 3x - 1x ) * ( ( 5x + ( 3y * 2y ) ) - 1x ) )
Fitness = 4.4404
Worst Ind: ( ( ( 1y + 2x ) - 4x ) * 2x )
Fitness = 35.5232
Avg Fitness = 24.2123672627
Duplicated = 133
============================================================================
Evaluate Gen  36
New Population 728
Better than Dads 79
Best Ind: ( ( 3x - 1x ) * ( ( 5x + ( 3y * 2y ) ) - 1x ) )
Fitness = 4.4404
Worst Ind: ( ( 8y - ( 4x * ( 2y + 1x ) ) ) * ( ( 38.0 - 10y ) - 1y ) )
Fitness = 28.8848904735
Avg Fitness = 21.5535530531
Duplicated = 124
============================================================================
Evaluate Gen  37
New Population 727
Better than Dads 81
Best Ind: ( ( ( 8y - 1x ) * ( 5.0 - 2x ) ) * 1y )
Fitness = 4.062216
Worst Ind: ( ( 8y + 1y ) - 2x )
Fitness = 26.04
Avg Fitness = 20.4697546554
Duplicated = 127
============================================================================
Evaluate Gen  38
New Population 724
Better than Dads 71
Best Ind: ( ( ( 8y - 1x ) * ( 5.0 - 2x ) ) * 1y )
Fitness = 4.062216
Worst Ind: ( ( 8y - ( 4x - 2y ) ) * ( ( 38.0 - 10y ) - 1y ) )
Fitness = 23.9161940535
Avg Fitness = 19.4261202754
Duplicated = 129
============================================================================
Evaluate Gen  39
New Population 718
Better than Dads 65
Best Ind: ( ( ( 8y - 1x ) * ( 5.0 - 2x ) ) * 1y )
Fitness = 4.062216
Worst Ind: ( 1y * 4x )
Fitness = 22.7616
Avg Fitness = 18.9081136185
Duplicated = 105
============================================================================
Evaluate Gen  40
New Population 735
Better than Dads 74
Best Ind: ( ( ( 8y - 1x ) * ( 5.0 - 2x ) ) * 1y )
Fitness = 4.062216
Worst Ind: ( ( ( ( 4x * ( 11.0 - 6x ) ) - ( 5y - 4y ) ) - ( ( 75.0 - ( 55.0 - ( 2y - 69.0 ) ) ) - 5x ) ) - 1y )
Fitness = 22.5579723675
Avg Fitness = 18.2389316173
Duplicated = 91
============================================================================
Evaluate Gen  41
New Population 722
Better than Dads 68
Best Ind: ( ( ( 8y - 1x ) * ( 5.0 - 2x ) ) * 1y )
Fitness = 4.062216
Worst Ind: ( ( ( 11.0 + 5x ) + ( 3y * 2y ) ) - ( 38.0 - 1y ) )
Fitness = 22.5579723675
Avg Fitness = 17.5368466136
Duplicated = 93
============================================================================
Evaluate Gen  42
New Population 735
Better than Dads 95
Best Ind: ( ( ( 8y - 1x ) * ( 5.0 - 2x ) ) * 1y )
Fitness = 4.062216
Worst Ind: ( ( ( ( 1x * 7y ) - ( ( 97.0 + 39.0 ) - 7x ) ) - ( 1x + 3y ) ) - 1y )
Fitness = 22.5579723675
Avg Fitness = 16.2796710595
Duplicated = 96
============================================================================
Evaluate Gen  43
New Population 748
Better than Dads 91
Best Ind: ( ( ( 2x * 2y ) * ( ( 3y - ( 5y * 8y ) ) - ( 38.0 - 1y ) ) ) * ( 2y * 1x ) )
Fitness = 3.66218188744
Worst Ind: ( ( 4y * 1x ) - ( ( ( 1y + 2x ) - ( 2y - ( 1y + 1x ) ) ) * 2x ) )
Fitness = 20.2616
Avg Fitness = 14.3966848209
Duplicated = 89
============================================================================
Evaluate Gen  44
New Population 731
Better than Dads 86
Best Ind: ( ( 8y - ( ( ( 8y - 1x ) * 1x ) * 4x ) ) * ( ( 38.0 - 10y ) - 1y ) )
Fitness = 3.24317024
Worst Ind: ( ( 1y + 1x ) * 1y )
Fitness = 17.6484970268
Avg Fitness = 12.9064749152
Duplicated = 93
============================================================================
Evaluate Gen  45
New Population 727
Better than Dads 84
Best Ind: ( ( ( 2x * 1y ) * 1x ) * 2x )
Fitness = 3.24317024
Worst Ind: ( ( ( ( ( 1x * 7y ) + ( 2y - 5x ) ) - 7.0 ) - ( 5y - 3x ) ) * ( ( 4x - 2y ) * 1y ) )
Fitness = 15.5703438551
Avg Fitness = 11.7145305527
Duplicated = 97
============================================================================
Evaluate Gen  46
New Population 728
Better than Dads 70
Best Ind: ( ( 1y * 1y ) * 1x )
Fitness = 2.59505730919
Worst Ind: ( ( ( 1x - 1x ) + ( 8x * 2y ) ) - ( 8y - 1x ) )
Fitness = 13.02
Avg Fitness = 10.8470598606
Duplicated = 111
============================================================================
Evaluate Gen  47
New Population 740
Better than Dads 83
Best Ind: ( ( 3y - ( 8y - 1x ) ) * ( 1y * 1x ) )
Fitness = 2.031108
Worst Ind: ( ( ( ( 4.0 * ( 39.0 * ( 3y * 3x ) ) ) + 64.0 ) - ( 8y - 1x ) ) - 1x )
Fitness = 13.02
Avg Fitness = 10.1853201292
Duplicated = 99
============================================================================
Evaluate Gen  48
New Population 742
Better than Dads 80
Best Ind: ( ( 3y - ( 8y - 1x ) ) * ( 1y * 1x ) )
Fitness = 2.031108
Worst Ind: ( ( ( 1x + 1y ) * 2x ) * ( 2x * 2x ) )
Fitness = 12.08460096
Avg Fitness = 9.23913771931
Duplicated = 95
============================================================================
Evaluate Gen  49
New Population 730
Better than Dads 84
Best Ind: ( ( ( ( 1y - ( 4y * 1x ) ) * ( ( 38.0 - 10y ) - 1y ) ) * 1x ) * ( ( 38.0 - 10y ) - 1y ) )
Fitness = 1.83109094372
Worst Ind: ( ( 5y - 2x ) * 1y )
Fitness = 11.3808
Avg Fitness = 8.37417813175
Duplicated = 80
============================================================================
Evaluate Gen  50
New Population 745
Better than Dads 96
Best Ind: ( ( 8y - ( ( 2y - ( ( 1y * 4x ) * 1x ) ) * 1x ) ) * ( ( 7x + ( 4y * 1x ) ) - 1y ) )
Fitness = 1.5715852128
Worst Ind: ( ( 4y * 1x ) * ( ( ( 36.0 - ( ( 1y * 2x ) - ( 2y - 2x ) ) ) * ( ( 38.0 - 10y ) - 1y ) ) - 1y ) )
Fitness = 10.3802292367
Avg Fitness = 7.44189102065
Duplicated = 64
============================================================================
Evaluate Gen  51
New Population 738
Better than Dads 92
Best Ind: ( ( ( ( ( 6x - 1y ) * 2x ) * ( 1x * 4y ) ) * 1x ) * ( ( 38.0 - 10y ) - 1y ) )
Fitness = 1.54874489011
Worst Ind: ( ( ( 1y * ( 1y - 3x ) ) - 2x ) * ( ( 3x * 1y ) * 2x ) )
Fitness = 9.72951072
Avg Fitness = 6.43935108665
Duplicated = 54
============================================================================
Evaluate Gen  52
New Population 751
Better than Dads 94
Best Ind: ( ( ( ( ( 6x - 1y ) * 2x ) * ( 1x * 4y ) ) * 1x ) * ( ( 38.0 - 10y ) - 1y ) )
Fitness = 1.54874489011
Worst Ind: ( ( ( 1y + 2x ) - ( ( 4x - 2y ) * 2x ) ) * ( 50.0 - ( 8y - 1x ) ) )
Fitness = 8.124432
Avg Fitness = 5.56937098247
Duplicated = 45
============================================================================
Evaluate Gen  53
New Population 751
Better than Dads 92
Best Ind: ( ( 1x * ( ( 8y - ( 8y - 1x ) ) * ( 1y + 1x ) ) ) * ( ( 4x - ( 3x - 1x ) ) * ( ( 38.0 - 10y ) - 1y ) ) )
Fitness = 0.7350149064
Worst Ind: ( ( ( ( ( 4x - ( 1x - 1y ) ) - 1y ) * ( ( 4x + 1y ) * 2x ) ) * 1x ) * 2x )
Fitness = 7.045482864
Avg Fitness = 4.74106801809
Duplicated = 45
============================================================================
Evaluate Gen  54
New Population 737
Better than Dads 84
Best Ind: ( ( 1x * ( ( 8y - ( 8y - 1x ) ) * ( 1y + 1x ) ) ) * ( ( 4x - ( 3x - 1x ) ) * ( ( 38.0 - 10y ) - 1y ) ) )
Fitness = 0.7350149064
Worst Ind: ( ( ( ( 1y * 3y ) - 2y ) - 1y ) * ( ( ( 2y - 2x ) * ( ( 2y * 2x ) * 17.0 ) ) - 1x ) )
Fitness = 5.6904
Avg Fitness = 4.20016772616
Duplicated = 45
============================================================================
Evaluate Gen  55
New Population 742
Better than Dads 90
Best Ind: ( ( ( ( ( 3x - 1y ) * 1x ) * ( 2y * 1x ) ) * 1x ) * ( 2y - 2x ) )
Fitness = 0.679067189056
Worst Ind: ( ( ( ( 2x - 8x ) - ( 3x + 54.0 ) ) - 1y ) * ( 2y * 1x ) )
Fitness = 5.19011461837
Avg Fitness = 3.71135948737
Duplicated = 44
============================================================================
Evaluate Gen  56
New Population 721
Better than Dads 86
Best Ind: ( ( ( ( ( 1y * 2x ) * ( 5y - 1x ) ) * 1x ) * 2x ) * ( ( ( ( 1x * 7y ) - ( ( 97.0 + 39.0 ) - 7x ) ) - ( 1x + 3y ) ) - 1y ) )
Fitness = 0.679067189056
Worst Ind: ( 1x * ( ( 2x - 10y ) - ( 8y - 1x ) ) )
Fitness = 4.4404
Avg Fitness = 3.24221894447
Duplicated = 42
============================================================================
Evaluate Gen  57
New Population 741
Better than Dads 91
Best Ind: ( ( ( 5y - ( 10y - ( 3y - ( 2y * 1x ) ) ) ) * 1x ) * ( ( 2y * 1x ) * 1x ) )
Fitness = 0.679067189056
Worst Ind: ( ( ( ( 11.0 - 3y ) - 2x ) * 1x ) * 1y )
Fitness = 4.062216
Avg Fitness = 2.87558304869
Duplicated = 47
============================================================================
Evaluate Gen  58
New Population 749
Better than Dads 108
Best Ind: ( ( ( 1y - ( 4x - 2y ) ) * 1x ) * ( ( ( 1x * 1x ) * ( ( 38.0 - 10y ) - 1y ) ) * 1x ) )
Fitness = 0.339533594528
Worst Ind: ( ( ( 2x + ( 2y - ( 3x - ( 2y * 1x ) ) ) ) * 1x ) * 1x )
Fitness = 3.70847696
Avg Fitness = 2.51166073414
Duplicated = 34
============================================================================
Evaluate Gen  59
New Population 742
Better than Dads 100
Best Ind: ( ( 2y - ( 8y - 1x ) ) * ( ( ( 1y * ( 1y * 1x ) ) * 1x ) * ( ( ( 4y * 1x ) - 1y ) * 2x ) ) )
Fitness = 0.170670933131
Worst Ind: ( 1x * ( ( 4y * 1x ) * 1x ) )
Fitness = 3.24317024
Avg Fitness = 2.16105634036
Duplicated = 34
============================================================================
Evaluate Gen  60
New Population 726
Better than Dads 98
Best Ind: ( ( 1x - ( ( ( 1x * 1y ) * ( ( 8y - 1x ) * 2x ) ) * ( 1y * ( 2x * 1x ) ) ) ) * ( ( 38.0 - 10y ) - 1y ) )
Fitness = 0.154148467658
Worst Ind: ( ( 7y - ( ( ( 8y - 1x ) * 1x ) * 4x ) ) * ( 8y - 1x ) )
Fitness = 2.79913024
Avg Fitness = 1.81321750116
Duplicated = 34
============================================================================
Evaluate Gen  61
New Population 751
Better than Dads 111
Best Ind: ( ( ( ( ( 4x - ( 1x - 1y ) ) - 1y ) * ( ( ( 1y * 1x ) * ( 8y - 1x ) ) * 2x ) ) * 1x ) * ( 1y * ( ( ( 1y + 1x ) * 2x ) - 1x ) ) )
Fitness = 0.0770742338291
Worst Ind: ( ( ( ( ( 1x * 1x ) * 1y ) * ( 8x - 7y ) ) * 1x ) * ( 2y - 2x ) )
Fitness = 2.3767351617
Avg Fitness = 1.54567770788
Duplicated = 35
============================================================================
Evaluate Gen  62
New Population 734
Better than Dads 104
Best Ind: ( ( ( ( ( 4x - ( 1x - 1y ) ) - 1y ) * ( ( ( 1y * 1x ) * ( 8y - 1x ) ) * 2x ) ) * 1x ) * ( 1y * ( ( ( 1y + 1x ) * 2x ) - 1x ) ) )
Fitness = 0.0770742338291
Worst Ind: ( ( 1x - ( 1x * 1x ) ) * ( ( 38.0 - 10y ) - 1y ) )
Fitness = 2.031108
Avg Fitness = 1.37007157265
Duplicated = 23
============================================================================
Evaluate Gen  63
New Population 729
Better than Dads 92
Best Ind: ( ( ( ( ( 4x - ( 1x - 1y ) ) - 1y ) * ( ( ( 1y * 1x ) * ( 8y - 1x ) ) * 2x ) ) * 1x ) * ( 1y * ( ( ( 1y + 1x ) * 2x ) - 1x ) ) )
Fitness = 0.0770742338291
Worst Ind: ( ( ( 44.0 - ( 1y * ( 1y * 4x ) ) ) - ( ( ( 6x * 1y ) * 1x ) * 1x ) ) * ( ( ( 4x - ( 1x - 1y ) ) - 1y ) * ( 2x * 2x ) ) )
Fitness = 1.81231341565
Avg Fitness = 1.19811554115
Duplicated = 23
============================================================================
Evaluate Gen  64
New Population 730
Better than Dads 116
Best Ind: ( ( ( ( ( 4x - ( 1x - 1y ) ) - 1y ) * ( ( ( 1y * 1x ) * ( 8y - 1x ) ) * 2x ) ) * 1x ) * ( 1y * ( ( ( 1y + 1x ) * 2x ) - 1x ) ) )
Fitness = 0.0770742338291
Worst Ind: ( ( ( 50.0 - ( 3x - 1x ) ) * 1x ) * ( ( 6x - ( 2x * 2y ) ) * ( 4y - 1y ) ) )
Fitness = 1.5715852128
Avg Fitness = 1.06981445434
Duplicated = 30
============================================================================
Evaluate Gen  65
New Population 733
Better than Dads 109
Best Ind: ( ( ( ( ( 4x - ( 1x - 1y ) ) - 1y ) * ( ( ( 1y * 1x ) * ( 8y - 1x ) ) * 2x ) ) * 1x ) * ( 1y * ( ( ( 1y + 1x ) * 2x ) - 1x ) ) )
Fitness = 0.0770742338291
Worst Ind: ( ( ( 2x - ( ( 1y * 1y ) - ( ( 8y - 1x ) * 1x ) ) ) * 2x ) * ( 8y - 1x ) )
Fitness = 1.39956512
Avg Fitness = 0.934059682689
Duplicated = 34
============================================================================
Evaluate Gen  66
New Population 716
Better than Dads 113
Best Ind: ( ( ( ( ( 4x - ( 1x - 1y ) ) - 1y ) * ( ( ( 1y * 1x ) * ( 8y - 1x ) ) * 2x ) ) * 1x ) * ( 1y * ( ( ( 1y + 1x ) * 2x ) - 1x ) ) )
Fitness = 0.0770742338291
Worst Ind: ( ( 8y - ( ( 3x - 1y ) * ( ( 8y - 1x ) * 2x ) ) ) * ( ( 2y * 1x ) * 2x ) )
Fitness = 1.35813437811
Avg Fitness = 0.788349019876
Duplicated = 22
============================================================================
Evaluate Gen  67
New Population 728
Better than Dads 110
Best Ind: ( ( ( ( ( 4x - ( 1x - 1y ) ) - 1y ) * ( ( ( 1y * 1x ) * ( 8y - 1x ) ) * 2x ) ) * 1x ) * ( 1y * ( ( ( 1y + 1x ) * 2x ) - 1x ) ) )
Fitness = 0.0770742338291
Worst Ind: ( ( 2x * ( ( 8y - ( 2x * ( 2x * 1x ) ) ) * 1x ) ) * ( 8y - 1x ) )
Fitness = 1.05601935411
Avg Fitness = 0.660446068344
Duplicated = 20
============================================================================
Evaluate Gen  68
New Population 708
Better than Dads 111
Best Ind: ( ( ( ( 1y * 1y ) * ( ( 1y * 1x ) * 2y ) ) * ( ( 4y * 1x ) - 1y ) ) * ( ( 1x * ( 2y - 1x ) ) * ( 1x * 1y ) ) )
Fitness = 0.0230497651865
Worst Ind: ( ( ( ( 1x * 2x ) * ( 1y * 1x ) ) - ( ( 6x * 1y ) * ( 1y * ( 2x * 1x ) ) ) ) * ( 8y - ( ( 8y - 1x ) * 1x ) ) )
Fitness = 0.906156707823
Avg Fitness = 0.578249552917
Duplicated = 15
============================================================================
Evaluate Gen  69
New Population 714
Better than Dads 101
Best Ind: ( ( ( ( 1y * 1y ) * ( ( 1y * 1x ) * 2y ) ) * ( ( 4y * 1x ) - 1y ) ) * ( ( 1x * ( 2y - 1x ) ) * ( 1x * 1y ) ) )
Fitness = 0.0230497651865
Worst Ind: ( ( 1y - ( ( 2x * 1y ) * 1y ) ) * ( 1x * 1x ) )
Fitness = 0.7857926064
Avg Fitness = 0.516390998177
Duplicated = 21
============================================================================
Evaluate Gen  70
New Population 718
Better than Dads 111
Best Ind: ( ( ( ( 1y * 1y ) * ( ( 1y * 1x ) * 2y ) ) * ( ( 4y * 1x ) - 1y ) ) * ( ( 1x * ( 2y - 1x ) ) * ( 1x * 1y ) ) )
Fitness = 0.0230497651865
Worst Ind: ( ( ( 1x - ( ( 1y * 1x ) - ( ( 8y - 1x ) * 1x ) ) ) * 1x ) * ( 8y - 1x ) )
Fitness = 0.69978256
Avg Fitness = 0.448348161762
Duplicated = 22
============================================================================
Evaluate Gen  71
New Population 719
Better than Dads 112
Best Ind: ( ( ( ( 1y * 1y ) * ( ( 1y * 1x ) * 2y ) ) * ( ( 4y * 1x ) - 1y ) ) * ( ( 1x * ( 2y - 1x ) ) * ( 1x * 1y ) ) )
Fitness = 0.0230497651865
Worst Ind: ( ( ( ( 8y - ( 8y - 1x ) ) * ( 8y - 1x ) ) * 1x ) * ( ( 1y * 4x ) * ( ( 1x - 8y ) - 1y ) ) )
Fitness = 0.679067189056
Avg Fitness = 0.386817943092
Duplicated = 26
============================================================================
Evaluate Gen  72
New Population 716
Better than Dads 112
Best Ind: ( ( ( 8y - ( 1x * 1y ) ) * ( ( 1y - ( 1y - 1x ) ) * ( ( 4y * ( 8y - 1x ) ) - 1x ) ) ) * ( ( ( ( 2x * 1x ) * ( 8y - 1x ) ) * 1y ) * ( ( ( 38.0 - 10y ) - 1y ) * 1x ) ) )
Fitness = 0.0165040983263
Worst Ind: ( ( ( ( 38.0 - 10y ) - 1y ) - 1x ) * ( ( 1x * ( ( 8y - ( 8y - 1x ) ) * 1x ) ) * ( 1y * 4x ) ) )
Fitness = 0.597987933056
Avg Fitness = 0.318856073693
Duplicated = 29
============================================================================
Evaluate Gen  73
New Population 718
Better than Dads 110
Best Ind: ( ( ( 8y - ( 1x * 1y ) ) * ( ( 1y - ( 1y - 1x ) ) * ( ( 4y * ( 8y - 1x ) ) - 1x ) ) ) * ( ( ( ( 2x * 1x ) * ( 8y - 1x ) ) * 1y ) * ( ( ( 38.0 - 10y ) - 1y ) * 1x ) ) )
Fitness = 0.0165040983263
Worst Ind: ( ( 10y - 1x ) * ( ( 8y - ( 1x * 1y ) ) * ( ( 1y - ( 1y - 1x ) ) * 1y ) ) )
Fitness = 0.3928963032
Avg Fitness = 0.274264446076
Duplicated = 23
============================================================================
Evaluate Gen  74
New Population 723
Better than Dads 114
Best Ind: ( ( ( ( 4y * ( 8y - 1x ) ) * ( ( 38.0 - 1x ) - ( 1x * ( 1x * 1x ) ) ) ) * ( ( ( 38.0 - 10y ) - 1x ) * 1x ) ) * ( ( ( ( 7x + 9y ) - ( ( 8y - 1x ) * 1x ) ) - ( 8y - 1x ) ) * ( ( 1y * 1x ) * ( ( ( 4y * 1x ) - 1y ) * 2x ) ) ) )
Fitness = 0.0147898309639
Worst Ind: ( ( ( 1x * ( ( 9x * ( 1y * 8y ) ) - ( 1x * 1x ) ) ) * 1x ) * ( 1x * ( ( 2x - ( 1y + 2x ) ) * 2x ) ) )
Fitness = 0.371812723112
Avg Fitness = 0.243156467528
Duplicated = 23
============================================================================
Evaluate Gen  75
New Population 718
Better than Dads 114
Best Ind: ( ( ( ( 4y * ( 8y - 1x ) ) * ( ( 38.0 - 1x ) - ( 1x * ( 1x * 1x ) ) ) ) * ( ( ( 38.0 - 10y ) - 1x ) * 1x ) ) * ( ( ( ( 7x + 9y ) - ( ( 8y - 1x ) * 1x ) ) - ( 8y - 1x ) ) * ( ( 1y * 1x ) * ( ( ( 4y * 1x ) - 1y ) * 2x ) ) ) )
Fitness = 0.0147898309639
Worst Ind: ( ( ( 64.0 - ( 1y * 2x ) ) * ( ( 2x * 1y ) * 1x ) ) * ( ( ( 38.0 - 10y ) - 1y ) * 1x ) )
Fitness = 0.341341866261
Avg Fitness = 0.218844295471
Duplicated = 24
============================================================================
Evaluate Gen  76
New Population 694
Better than Dads 113
Best Ind: ( ( ( ( 4y * ( 8y - 1x ) ) * ( ( 38.0 - 1x ) - ( 1x * ( 1x * 1x ) ) ) ) * ( ( ( 38.0 - 10y ) - 1x ) * 1x ) ) * ( ( ( ( 7x + 9y ) - ( ( 8y - 1x ) * 1x ) ) - ( 8y - 1x ) ) * ( ( 1y * 1x ) * ( ( ( 4y * 1x ) - 1y ) * 2x ) ) ) )
Fitness = 0.0147898309639
Worst Ind: ( ( ( 2x * 1x ) * ( 44.0 - ( 1y * 1x ) ) ) * ( 1x * ( ( ( 5y - 7x ) - ( 52.0 + 10x ) ) - ( ( 4x - 2y ) * 1x ) ) ) )
Fitness = 0.302052235941
Avg Fitness = 0.196958598806
Duplicated = 24
============================================================================
Evaluate Gen  77
New Population 731
Better than Dads 117
Best Ind: ( ( ( 1x * ( 1x * ( 7y - 1x ) ) ) * ( ( 50.0 - ( 8y - ( 2y * 1x ) ) ) * ( ( 1y - ( 4y * 1x ) ) * ( ( 38.0 - 10y ) - 1y ) ) ) ) * ( ( ( ( 8y - 1x ) * ( ( 4x - 2y ) * 1y ) ) * ( ( ( 2y - 5x ) - 1x ) - ( 38.0 - 1y ) ) ) * ( 1y * 1x ) ) )
Fitness = 0.0103344247042
Worst Ind: ( ( ( ( ( 5y + 1y ) - 2x ) * ( 2y * 1x ) ) * 1y ) * ( ( 50.0 - 1x ) * ( ( ( 2y * 1x ) * 2x ) * 1x ) ) )
Fitness = 0.283379212023
Avg Fitness = 0.167640360923
Duplicated = 32
============================================================================
Evaluate Gen  78
New Population 707
Better than Dads 115
Best Ind: ( ( ( 1x * ( ( 9x * ( 1y * 1x ) ) - ( 1x * 1x ) ) ) * ( ( 4y - 1y ) * 1x ) ) * ( ( 2y * 1x ) * ( ( ( ( 1y * 2x ) * 2x ) * ( ( 2x - 1y ) - ( 1y * 1x ) ) ) * ( 1x * 1x ) ) ) )
Fitness = 0.00379054001796
Worst Ind: ( ( ( ( ( ( 38.0 - 10y ) - 1y ) - ( ( 5y - 2x ) * ( 2x * 1x ) ) ) * 1x ) * ( 1x * 1x ) ) * 1x )
Fitness = 0.237892535301
Avg Fitness = 0.141235336782
Duplicated = 20
============================================================================
Evaluate Gen  79
New Population 741
Better than Dads 121
Best Ind: ( ( ( 1x * ( ( 9x * ( 1y * 1x ) ) - ( 1x * 1x ) ) ) * ( ( 4y - 1y ) * 1x ) ) * ( ( 2y * 1x ) * ( ( ( ( 1y * 2x ) * 2x ) * ( ( 2x - 1y ) - ( 1y * 1x ) ) ) * ( 1x * 1x ) ) ) )
Fitness = 0.00379054001796
Worst Ind: ( ( ( ( ( 1y * 3y ) * ( ( 10y - 1x ) * 1x ) ) - ( ( 1y * ( 1y * 2x ) ) * 2y ) ) * 1x ) * ( ( 4y - ( ( 2y * 1x ) * ( 4y - 1y ) ) ) * ( 4y - ( 8y - 1x ) ) ) )
Fitness = 0.178112656317
Avg Fitness = 0.120802324429
Duplicated = 27
============================================================================
Evaluate Gen  80
New Population 717
Better than Dads 114
Best Ind: ( ( ( 1x * ( ( 9x * ( 1y * 1x ) ) - ( 1x * 1x ) ) ) * ( ( 4y - 1y ) * 1x ) ) * ( ( 2y * 1x ) * ( ( ( ( 1y * 2x ) * 2x ) * ( ( 2x - 1y ) - ( 1y * 1x ) ) ) * ( 1x * 1x ) ) ) )
Fitness = 0.00379054001796
Worst Ind: ( ( ( ( 38.0 - 10y ) - 1y ) * ( ( 8y - ( 8y - 1x ) ) * ( 8y - 1x ) ) ) * ( ( 8y - 1x ) * ( ( 8y - 1x ) * ( ( 38.0 - 10y ) - 1y ) ) ) )
Fitness = 0.169766797264
Avg Fitness = 0.107251979257
Duplicated = 32
============================================================================
Evaluate Gen  81
New Population 714
Better than Dads 114
Best Ind: ( ( ( 1x * ( ( 9x * ( 1y * 1x ) ) - ( 1x * 1x ) ) ) * ( ( 4y - 1y ) * 1x ) ) * ( ( 2y * 1x ) * ( ( ( ( 1y * 2x ) * 2x ) * ( ( 2x - 1y ) - ( 1y * 1x ) ) ) * ( 1x * 1x ) ) ) )
Fitness = 0.00379054001796
Worst Ind: ( ( 1x * ( ( ( 3y - 1x ) * 1x ) * ( 1x * ( 2y * 1x ) ) ) ) * 1y )
Fitness = 0.151026117971
Avg Fitness = 0.0944069680479
Duplicated = 47
============================================================================
Evaluate Gen  82
New Population 703
Better than Dads 114
Best Ind: ( ( ( 1x * ( ( 9x * ( 1y * 1x ) ) - ( 1x * 1x ) ) ) * ( ( 4y - 1y ) * 1x ) ) * ( ( 2y * 1x ) * ( ( ( ( 1y * 2x ) * 2x ) * ( ( 2x - 1y ) - ( 1y * 1x ) ) ) * ( 1x * 1x ) ) ) )
Fitness = 0.00379054001796
Worst Ind: ( ( ( ( 7y - 1x ) * ( ( 2x * 1y ) * ( ( 1y * 1x ) * 2y ) ) ) * ( 2x * 1x ) ) * ( ( 9y - 5x ) - 1x ) )
Fitness = 0.141689606011
Avg Fitness = 0.0819100226039
Duplicated = 35
============================================================================
Evaluate Gen  83
New Population 716
Better than Dads 120
Best Ind: ( ( ( 1x * ( ( 9x * ( 1y * 1x ) ) - ( 1x * 1x ) ) ) * ( ( 4y - 1y ) * 1x ) ) * ( ( 2y * 1x ) * ( ( ( ( 1y * 2x ) * 2x ) * ( ( 2x - 1y ) - ( 1y * 1x ) ) ) * ( 1x * 1x ) ) ) )
Fitness = 0.00379054001796
Worst Ind: ( ( ( ( 1x * ( ( 1x * 1x ) * 1y ) ) * 2x ) * 1x ) * ( ( 10y - 1x ) * ( 1y * 4x ) ) )
Fitness = 0.126586994214
Avg Fitness = 0.0691476526829
Duplicated = 30
============================================================================
Evaluate Gen  84
New Population 719
Better than Dads 120
Best Ind: ( ( ( ( ( ( 8y - 1x ) * 1y ) * ( 8y - 1x ) ) * 1y ) * ( 1y * 1x ) ) * ( ( ( ( ( 1x * 1x ) * ( 1y * 1y ) ) * ( ( 38.0 - 10y ) - 1x ) ) * ( 10y - 1x ) ) * 1x ) )
Fitness = 0.00109153807176
Worst Ind: ( ( ( ( 1y * ( 8y - 1x ) ) * 1x ) * ( ( 1x * ( 2y * ( 2y * 1x ) ) ) * ( ( 2y * 2x ) - 1y ) ) ) * ( 4x - 1y ) )
Fitness = 0.0890563281586
Avg Fitness = 0.0592960253624
Duplicated = 36
============================================================================
Evaluate Gen  85
New Population 695
Better than Dads 116
Best Ind: ( ( ( ( ( ( 8y - 1x ) * 1y ) * ( 8y - 1x ) ) * 1y ) * ( 1y * 1x ) ) * ( ( ( ( ( 1x * 1x ) * ( 1y * 1y ) ) * ( ( 38.0 - 10y ) - 1x ) ) * ( 10y - 1x ) ) * 1x ) )
Fitness = 0.00109153807176
Worst Ind: ( ( ( 1y * ( 8y - ( 1y * 1x ) ) ) * ( ( ( ( 38.0 - 10y ) - 1y ) - ( 1y * 1x ) ) * ( ( 38.0 - 10y ) - 1x ) ) ) * 1x )
Fitness = 0.0853354665653
Avg Fitness = 0.0542314751373
Duplicated = 35
============================================================================
Evaluate Gen  86
New Population 720
Better than Dads 110
Best Ind: ( ( ( ( ( ( 8y - 1x ) * 1y ) * ( 8y - 1x ) ) * 1y ) * ( 1y * 1x ) ) * ( ( ( ( ( 1x * 1x ) * ( 1y * 1y ) ) * ( ( 38.0 - 10y ) - 1x ) ) * ( 10y - 1x ) ) * 1x ) )
Fitness = 0.00109153807176
Worst Ind: ( ( ( ( 1y * 1x ) * ( ( 1x * 1x ) * ( 1x * 2x ) ) ) * ( ( 1x * 1x ) - 1y ) ) * ( ( 38.0 - 10y ) - 1y ) )
Fitness = 0.0770742338291
Avg Fitness = 0.0479461400987
Duplicated = 41
============================================================================
Evaluate Gen  87
New Population 726
Better than Dads 123
Best Ind: ( ( ( 2y - ( 8y - 1x ) ) * ( ( ( 1y * ( 1y * 1x ) ) * ( ( 8y - 1x ) * ( 10y - 1x ) ) ) * ( ( ( 4y * 1x ) - 1y ) * 2x ) ) ) * ( ( ( 1x * ( 1x - ( 1x * 1x ) ) ) * 1x ) * ( ( ( 38.0 - 10y ) - 1y ) * 1x ) ) )
Fitness = 0.000947635004491
Worst Ind: ( ( ( ( ( 5y + 1y ) - 2x ) * ( ( 4x - 1x ) * ( ( 1y * 1x ) * 2y ) ) ) * ( 1y - 1y ) ) * ( ( 50.0 - 1x ) * ( ( ( 2y * 1x ) * 2x ) * 1x ) ) )
Fitness = 0.0692892089612
Avg Fitness = 0.0417839737295
Duplicated = 45
============================================================================
Evaluate Gen  88
New Population 710
Better than Dads 115
Best Ind: ( ( ( ( 1x * ( ( 1y * 1x ) * 1x ) ) * ( ( 1x * 2x ) * 1x ) ) * ( ( 38.0 - 10y ) - 1y ) ) * ( ( ( ( ( 3x - 1y ) * 1x ) * ( 1y * 1x ) ) * 1x ) * 1x ) )
Fitness = 0.000947635004491
Worst Ind: ( ( ( ( 2x * 1y ) * ( 1x * ( ( 4y * 1x ) * 1x ) ) ) * 2x ) * ( ( ( ( 4y + 9y ) - ( ( 8y - 1x ) * ( 2y * 2x ) ) ) - ( 8y - 1x ) ) * ( ( 1y * 1x ) * ( ( ( 4y * 1x ) - 1y ) * 2x ) ) ) )
Fitness = 0.0657609631861
Avg Fitness = 0.0363251644437
Duplicated = 41
============================================================================
Evaluate Gen  89
New Population 713
Better than Dads 123
Best Ind: ( ( ( ( 1x * ( ( 1y * 1x ) * 1x ) ) * ( ( 1x * 2x ) * 1x ) ) * ( ( 38.0 - 10y ) - 1y ) ) * ( ( ( ( ( 3x - 1y ) * 1x ) * ( 1y * 1x ) ) * 1x ) * 1x ) )
Fitness = 0.000947635004491
Worst Ind: ( ( ( 1x * ( 2x * 1x ) ) * ( ( 3y - 1x ) * 1x ) ) * ( ( ( ( ( 3y - 9y ) * ( 9y * 40.0 ) ) - 1y ) - ( 1y * 1x ) ) * ( ( 1x - 1y ) * ( 2x * 2x ) ) ) )
Fitness = 0.0591578039086
Avg Fitness = 0.0306246599027
Duplicated = 34
============================================================================
Evaluate Gen  90
New Population 717
Better than Dads 123
Best Ind: ( ( ( ( ( ( 3y - 1y ) * ( 5y - 1x ) ) * ( ( 1x * 1x ) * 1y ) ) * 2x ) * ( 1y * 1y ) ) * ( ( ( ( ( 8y - 1x ) * 1x ) * ( ( 9x * 7y ) - ( 1x * 1x ) ) ) * ( ( 38.0 - 8y ) - 1y ) ) * ( ( 50.0 - ( 2x - 1x ) ) * ( 1x * ( 2y * 1x ) ) ) ) )
Fitness = 0.000267876406422
Worst Ind: ( ( ( ( ( 1x - 1y ) * ( 2x * 1y ) ) * ( ( 44.0 - ( 2y * 1x ) ) * ( ( 38.0 - 10y ) - 1y ) ) ) * 1x ) * ( ( 1x * 1x ) * ( ( 38.0 - 10y ) - 1y ) ) )
Fitness = 0.0411996028137
Avg Fitness = 0.0265799045407
Duplicated = 29
============================================================================
Evaluate Gen  91
New Population 708
Better than Dads 117
Best Ind: ( ( ( ( ( ( 3y - 1y ) * ( 5y - 1x ) ) * ( ( 1x * 1x ) * 1y ) ) * 2x ) * ( 1y * 1y ) ) * ( ( ( ( ( 8y - 1x ) * 1x ) * ( ( 9x * 7y ) - ( 1x * 1x ) ) ) * ( ( 38.0 - 8y ) - 1y ) ) * ( ( 50.0 - ( 2x - 1x ) ) * ( 1x * ( 2y * 1x ) ) ) ) )
Fitness = 0.000267876406422
Worst Ind: ( ( ( 1y * 1x ) * 1x ) * ( ( ( ( ( 1x + 2x ) - ( 1y * 2x ) ) - 1y ) * ( ( 1x * 1y ) * ( 10y - 1x ) ) ) * 1x ) )
Fitness = 0.0385371169146
Avg Fitness = 0.0238814197451
Duplicated = 36
============================================================================
Evaluate Gen  92
New Population 707
Better than Dads 118
Best Ind: ( ( ( ( ( ( 3y - 1y ) * ( 5y - 1x ) ) * ( ( 1x * 1x ) * 1y ) ) * 2x ) * ( 1y * 1y ) ) * ( ( ( ( ( 8y - 1x ) * 1x ) * ( ( 9x * 7y ) - ( 1x * 1x ) ) ) * ( ( 38.0 - 8y ) - 1y ) ) * ( ( 50.0 - ( 2x - 1x ) ) * ( 1x * ( 2y * 1x ) ) ) ) )
Fitness = 0.000267876406422
Worst Ind: ( ( ( 1y * ( ( ( 1x * 1x ) * ( 1x * 1x ) ) * ( ( 38.0 - 10y ) - 1y ) ) ) * ( ( ( 5y - 3x ) * 1x ) - ( 4y - ( 5y - 1x ) ) ) ) * ( 2y * 1x ) )
Fitness = 0.0354224015029
Avg Fitness = 0.0210927991553
Duplicated = 46
============================================================================
Evaluate Gen  93
New Population 732
Better than Dads 121
Best Ind: ( ( ( ( ( ( 3y - 1y ) * ( 5y - 1x ) ) * ( ( 1x * 1x ) * 1y ) ) * 2x ) * ( 1y * 1y ) ) * ( ( ( ( ( 8y - 1x ) * 1x ) * ( ( 9x * 7y ) - ( 1x * 1x ) ) ) * ( ( 38.0 - 8y ) - 1y ) ) * ( ( 50.0 - ( 2x - 1x ) ) * ( 1x * ( 2y * 1x ) ) ) ) )
Fitness = 0.000267876406422
Worst Ind: ( ( ( 1x * ( ( 1x * 1x ) * 1x ) ) * ( 1x * 1y ) ) * ( 1x * ( 2y * 1x ) ) )
Fitness = 0.0316467485536
Avg Fitness = 0.017811869097
Duplicated = 34
============================================================================
Evaluate Gen  94
New Population 720
Better than Dads 123
Best Ind: ( ( ( ( ( ( 3y - 1y ) * ( 5y - 1x ) ) * ( ( 1x * 1x ) * 1y ) ) * 2x ) * ( 1y * 1y ) ) * ( ( ( ( ( 8y - 1x ) * 1x ) * ( ( 9x * 7y ) - ( 1x * 1x ) ) ) * ( ( 38.0 - 8y ) - 1y ) ) * ( ( 50.0 - ( 2x - 1x ) ) * ( 1x * ( 2y * 1x ) ) ) ) )
Fitness = 0.000267876406422
Worst Ind: ( ( ( ( 1y * 3y ) - 8y ) - ( ( 10y - ( 1y * ( 1x * 1y ) ) ) * 1y ) ) * ( ( ( ( ( 1y * 1x ) + 1x ) * ( ( 1y * 4x ) * ( 8y - 1x ) ) ) * ( ( ( 2y - 5x ) - 1x ) - ( 38.0 - 1y ) ) ) * ( 1y * 1x ) ) )
Fitness = 0.0263397750604
Avg Fitness = 0.0148437155588
Duplicated = 47
============================================================================
Evaluate Gen  95
New Population 712
Better than Dads 124
Best Ind: ( ( ( ( ( ( 3y - 1y ) * ( 5y - 1x ) ) * ( ( 1x * 1x ) * 1y ) ) * 2x ) * ( 1y * 1y ) ) * ( ( ( ( ( 8y - 1x ) * 1x ) * ( ( 9x * 7y ) - ( 1x * 1x ) ) ) * ( ( 38.0 - 8y ) - 1y ) ) * ( ( 50.0 - ( 2x - 1x ) ) * ( 1x * ( 2y * 1x ) ) ) ) )
Fitness = 0.000267876406422
Worst Ind: ( ( ( ( ( 8y - 1x ) - 10y ) - ( ( 1y * 1y ) * ( 44.0 - ( 1y * 1x ) ) ) ) * ( ( 8y - ( ( 5y - 2x ) - 1x ) ) * ( 8y - 1x ) ) ) * ( ( 8y - 1x ) * ( ( 8y - 1x ) * ( ( 38.0 - 10y ) - 1y ) ) ) )
Fitness = 0.0198445874156
Avg Fitness = 0.0133935190173
Duplicated = 58
============================================================================
Evaluate Gen  96
New Population 708
Better than Dads 114
Best Ind: ( ( ( ( ( ( 3y - 1y ) * ( 5y - 1x ) ) * ( ( 1x * 1x ) * 1y ) ) * 2x ) * ( 1y * 1y ) ) * ( ( ( ( ( 8y - 1x ) * 1x ) * ( ( 9x * 7y ) - ( 1x * 1x ) ) ) * ( ( 38.0 - 8y ) - 1y ) ) * ( ( 50.0 - ( 2x - 1x ) ) * ( 1x * ( 2y * 1x ) ) ) ) )
Fitness = 0.000267876406422
Worst Ind: ( 1x * ( ( ( ( ( 1x * 1y ) * 1y ) * ( ( 2y * 2x ) - ( 2y * 1x ) ) ) * ( 1y * 1x ) ) * ( ( 1y - ( 1y - 1x ) ) * ( ( 4y * ( 8y - 1x ) ) - 1x ) ) ) )
Fitness = 0.018430954172
Avg Fitness = 0.0122139873022
Duplicated = 61
============================================================================
Evaluate Gen  97
New Population 713
Better than Dads 112
Best Ind: ( ( ( ( 50.0 - ( 8y - 1x ) ) * ( 1y * 1y ) ) * ( ( ( 1x * 1x ) * ( ( 8y - 1x ) * 1x ) ) * ( ( 1y * ( 1y * 1x ) ) * 1x ) ) ) * ( ( ( ( 8y - ( 8y - 1x ) ) * 1x ) * ( ( 8y - ( 8y - 1x ) ) * 1x ) ) * ( ( 44.0 - ( 2y * 1x ) ) * ( ( 38.0 - 10y ) - 1y ) ) ) )
Fitness = 6.57842124402e-05
Worst Ind: ( ( ( ( ( ( 1x - 10y ) - ( 1x * 1y ) ) * ( 1y * 1x ) ) * ( 1x * 1y ) ) * 1x ) * ( ( ( 2y * 1x ) * ( 2y - 2x ) ) * 1x ) )
Fitness = 0.0173223022403
Avg Fitness = 0.0109410763931
Duplicated = 53
============================================================================
Evaluate Gen  98
New Population 722
Better than Dads 129
Best Ind: ( ( ( ( 50.0 - ( 8y - 1x ) ) * ( 1y * 1y ) ) * ( ( ( 1x * 1x ) * ( ( 8y - 1x ) * 1x ) ) * ( ( 1y * ( 1y * 1x ) ) * 1x ) ) ) * ( ( ( ( 8y - ( 8y - 1x ) ) * 1x ) * ( ( 8y - ( 8y - 1x ) ) * 1x ) ) * ( ( 44.0 - ( 2y * 1x ) ) * ( ( 38.0 - 10y ) - 1y ) ) ) )
Fitness = 6.57842124402e-05
Worst Ind: ( ( ( ( ( 2y * ( 1x * 1y ) ) * ( 1x - 1y ) ) * ( 1x * 1x ) ) * ( 5.0 - 2x ) ) * ( ( ( ( ( 2x * 1x ) * ( 8y - 1x ) ) * 2x ) * 1y ) * ( ( 10y - 1x ) * ( 1y * 4x ) ) ) )
Fitness = 0.0162764748927
Avg Fitness = 0.00979755796041
Duplicated = 50
============================================================================
Evaluate Gen  99
New Population 716
Better than Dads 113
Best Ind: ( ( ( ( 50.0 - ( 8y - 1x ) ) * ( 1y * 1y ) ) * ( ( ( 1x * 1x ) * ( ( 8y - 1x ) * 1x ) ) * ( ( 1y * ( 1y * 1x ) ) * 1x ) ) ) * ( ( ( ( 8y - ( 8y - 1x ) ) * 1x ) * ( ( 8y - ( 8y - 1x ) ) * 1x ) ) * ( ( 44.0 - ( 2y * 1x ) ) * ( ( 38.0 - 10y ) - 1y ) ) ) )
Fitness = 6.57842124402e-05
Worst Ind: ( ( ( ( ( ( 2y * 1x ) * ( 8y - 1x ) ) * 1x ) * 1x ) * ( ( 8y - 1x ) * 1x ) ) * ( ( 1x * 1y ) * 1x ) )
Fitness = 0.0147894509771
Avg Fitness = 0.00855510093528
Duplicated = 48
============================================================================
Evaluate Gen  100
New Population 698
Better than Dads 124
Best Ind: ( ( ( ( 50.0 - ( 8y - 1x ) ) * ( 1y * 1y ) ) * ( ( ( 1x * 1x ) * ( ( 8y - 1x ) * 1x ) ) * ( ( 1y * ( 1y * 1x ) ) * 1x ) ) ) * ( ( ( ( 8y - ( 8y - 1x ) ) * 1x ) * ( ( 8y - ( 8y - 1x ) ) * 1x ) ) * ( ( 44.0 - ( 2y * 1x ) ) * ( ( 38.0 - 10y ) - 1y ) ) ) )
Fitness = 6.57842124402e-05
Worst Ind: ( ( ( ( 1y - 1x ) * ( ( ( 1x * 1x ) * 2x ) * 1x ) ) * ( 1y * 1x ) ) * ( ( ( 5x + 2y ) - ( 2y - 1x ) ) * ( 1x * 1x ) ) )
Fitness = 0.0132616748571
Avg Fitness = 0.00760930131593
Duplicated = 43
