dataset_file= dataset/SR_div.txt
population= 500
generations= 50
tournament_size= 2
cross_over= 0.6
mutation= 0.3
elitism= True
(50, 2)
============================================================================
Build initial population
ind: 1
( ( ( ( 10y - 83.0 ) - 11.0 ) + 7.0 ) - ( ( 1y + ( 8y + ( 69.0 * ( 8y * 8x ) ) ) ) * ( ( 12.0 + ( ( 4y * 67.0 ) + 4y ) ) + ( 3.0 * ( 49.0 * 53.0 ) ) ) ) )
ind: 2
( ( ( ( 5x * 33.0 ) * ( ( 72.0 - ( 7x * 1y ) ) + 74.0 ) ) - 8y ) + ( 10x - ( 10x * 3y ) ) )
ind: 3
( ( ( ( 25.0 * 7x ) - 80.0 ) + 95.0 ) * ( 18.0 + ( ( ( 9y * 37.0 ) + 26.0 ) * ( ( 10y * 44.0 ) * ( 67.0 - 9x ) ) ) ) )
ind: 4
( ( ( ( ( ( 71.0 * 11.0 ) - ( 9y + 5y ) ) + ( ( 6x + 26.0 ) * 78.0 ) ) + 4x ) * ( ( 84.0 + ( ( 71.0 * 4y ) - 32.0 ) ) * ( ( ( 3y + 3.0 ) - 7y ) * 1.0 ) ) ) + 8x )
ind: 5
( ( 4x - ( ( ( ( 2x * 7y ) * 11.0 ) - 86.0 ) - 3y ) ) - 92.0 )
ind: 6
( ( ( ( ( 5y * 1x ) - ( 3x - ( 3y + 13.0 ) ) ) * 7y ) * 51.0 ) - 6y )
ind: 7
( ( ( 81.0 - 5y ) * 6x ) * 2y )
ind: 8
( 21.0 * ( 10x - ( ( 34.0 + ( ( 5y + 6x ) * 56.0 ) ) + ( ( ( 6y - 10y ) + ( 59.0 + 2x ) ) - ( ( 94.0 * 10x ) * 33.0 ) ) ) ) )
ind: 9
( ( ( ( 52.0 - 34.0 ) + ( 10y - 9x ) ) - ( 9y - ( ( 4x * ( 52.0 + 10x ) ) + 2x ) ) ) * 35.0 )
ind: 10
( ( ( 32.0 + ( 8x - ( 3y * ( 10.0 - 5x ) ) ) ) - 10x ) + 63.0 )
ind: 11
( 5x * ( ( ( ( ( 36.0 + 8x ) + 1y ) + 66.0 ) - ( ( ( 10x * 47.0 ) * 67.0 ) - ( 80.0 - 1x ) ) ) * ( ( ( 5x + ( 3y + 4y ) ) + 8x ) + 48.0 ) ) )
ind: 12
( ( 47.0 + ( ( ( ( 79.0 * 6x ) * ( 2x + 5x ) ) - ( ( 4y + 77.0 ) * 1y ) ) - ( ( 10x + ( 6x * 8.0 ) ) * ( 62.0 + ( 10y - 4y ) ) ) ) ) * 67.0 )
ind: 13
( ( ( 10x + 45.0 ) * ( 36.0 - ( 49.0 - 6y ) ) ) * ( ( 2x * 27.0 ) - 80.0 ) )
ind: 14
( 32.0 * ( ( 1x * ( ( 9y + 5y ) * ( 87.0 * 79.0 ) ) ) + 2x ) )
ind: 15
( ( ( ( 10y - ( 5y - 85.0 ) ) * 10x ) + 26.0 ) * 2y )
ind: 16
( ( 1x + 2x ) - ( 76.0 + 6y ) )
ind: 17
( ( ( ( ( ( 1x * 10x ) * 2y ) * ( ( 9x + 2x ) - ( 2x + 4y ) ) ) - ( 6x * ( 10y - ( 19.0 - 87.0 ) ) ) ) + 2x ) + 8x )
ind: 18
( ( 10x * ( 3x - 3x ) ) + ( 46.0 - ( ( 10y * 4x ) - 39.0 ) ) )
ind: 19
( ( ( ( ( 9y * 90.0 ) - ( ( 5y - 1x ) + 57.0 ) ) - 4y ) - 2x ) + ( ( 7y + ( ( 7y * ( 5x - 76.0 ) ) * ( ( 22.0 * 40.0 ) - ( 84.0 + 7y ) ) ) ) + ( 57.0 * 8x ) ) )
ind: 20
( ( ( ( 79.0 * 4y ) * ( 3.0 * ( ( 5y - 75.0 ) * 6y ) ) ) - 1x ) - ( 19.0 + ( 5x - 7y ) ) )
ind: 21
( 7x - ( 10y - 34.0 ) )
ind: 22
( 8y * ( ( 9x - 50.0 ) - 3y ) )
ind: 23
( ( 62.0 + ( 5x + 14.0 ) ) * 1y )
ind: 24
( 6x + ( 1y * 3x ) )
ind: 25
( ( ( ( 6y + 91.0 ) + 1x ) - ( 12.0 + 2x ) ) - 97.0 )
ind: 26
( ( ( ( 100.0 * ( ( 9x * 40.0 ) + ( 9.0 + 1y ) ) ) * ( 80.0 + 6x ) ) - 91.0 ) - 61.0 )
ind: 27
( ( ( ( 10y * ( ( 92.0 - 81.0 ) * 9x ) ) + ( ( 31.0 - ( 35.0 + 8y ) ) * 69.0 ) ) - ( ( ( 89.0 - 4y ) * 64.0 ) * ( ( ( 2x - 10x ) + ( 7x - 75.0 ) ) * 7x ) ) ) * 1y )
ind: 28
( 6x + 1y )
ind: 29
( ( ( 8y * ( 93.0 + 50.0 ) ) - ( 7y + ( ( 8x + ( 8x - 7x ) ) - 6x ) ) ) + 69.0 )
ind: 30
( 3y + ( 49.0 * ( ( 4x * 10x ) - ( 92.0 + 7y ) ) ) )
ind: 31
( ( 99.0 + ( ( 9y - 28.0 ) * 68.0 ) ) * ( ( ( ( ( 2x - 5x ) * ( 82.0 + 4x ) ) + 10y ) + ( 1y - 18.0 ) ) * ( 9y - ( ( 4y * 36.0 ) - ( ( 7y + 7y ) + 7x ) ) ) ) )
ind: 32
( ( 3x + ( ( ( 66.0 + 5.0 ) * ( ( 9y * 97.0 ) - ( 6y * 9y ) ) ) + 3y ) ) * ( ( 76.0 + 90.0 ) - 39.0 ) )
ind: 33
( ( ( ( ( 4x - ( 5y * 10x ) ) * ( 1y - 27.0 ) ) - ( ( 63.0 - 46.0 ) * ( ( 43.0 - 79.0 ) - ( 27.0 - 91.0 ) ) ) ) + ( 6y - 52.0 ) ) - ( 8x + ( ( ( 8x * ( 92.0 - 5x ) ) - ( ( 10x - 1x ) * 3x ) ) - 4y ) ) )
ind: 34
( ( 2x - ( 8x + ( 10x - ( 29.0 + ( 98.0 - 5y ) ) ) ) ) - 2y )
ind: 35
( ( 90.0 * ( 2y * ( ( 20.0 - ( 7y + 34.0 ) ) + ( ( 53.0 - 96.0 ) * ( 3y * 10x ) ) ) ) ) * 4.0 )
ind: 36
( ( ( ( 2y + ( 4x + ( 88.0 * 33.0 ) ) ) * ( ( ( 27.0 * 42.0 ) + 3x ) + ( ( 5y + 93.0 ) * 19.0 ) ) ) + ( ( 1y + 9x ) + ( ( 4x - ( 89.0 - 10y ) ) - ( ( 8x + 3y ) - 1x ) ) ) ) - ( ( ( 64.0 + 52.0 ) * ( 5x + 8x ) ) + 17.0 ) )
ind: 37
( 4y + 4x )
ind: 38
( ( 7y * 56.0 ) + 3x )
ind: 39
( ( ( ( 7x * 7y ) + 85.0 ) + ( ( 9.0 + ( 4x + 13.0 ) ) - 8y ) ) - ( 67.0 - 83.0 ) )
ind: 40
( ( ( 79.0 + ( ( ( 9y * 7x ) * ( 77.0 + 6x ) ) + ( 88.0 * 76.0 ) ) ) * 70.0 ) + ( 55.0 * 51.0 ) )
ind: 41
( 89.0 * ( 1x - 4y ) )
ind: 42
( 9y + ( ( 22.0 + 59.0 ) + ( 82.0 - ( ( 1x * ( 4x - 98.0 ) ) + ( ( 2y - 9.0 ) * 12.0 ) ) ) ) )
ind: 43
( ( ( ( 6.0 + 23.0 ) * ( ( 2x * ( 86.0 * 64.0 ) ) * 1y ) ) + ( ( 8x - ( ( 33.0 - 4y ) - 99.0 ) ) + ( 5y + ( 86.0 - 6.0 ) ) ) ) * ( 3y - ( ( ( ( 1.0 + 4x ) - 8x ) + ( ( 1.0 + 3x ) * 7x ) ) - 3y ) ) )
ind: 44
( ( 9x - 13.0 ) + ( ( ( ( 4y - ( 9y - 4x ) ) + 23.0 ) - 5x ) - 43.0 ) )
ind: 45
( ( ( ( 39.0 - ( 8x + ( 4x * 8x ) ) ) - ( 10x + ( ( 6x - 6x ) * 5x ) ) ) + ( 3x + ( ( 59.0 * ( 73.0 + 2x ) ) - ( 14.0 - 92.0 ) ) ) ) - 2y )
ind: 46
( 1y + ( 7y + ( 54.0 * ( 6x - 91.0 ) ) ) )
ind: 47
( 91.0 * ( ( ( 6y - 15.0 ) + 37.0 ) - ( 8x - ( 94.0 - 7.0 ) ) ) )
ind: 48
( ( ( 1x * ( ( ( 67.0 * 68.0 ) + 7x ) * 24.0 ) ) + ( ( ( 6y - 57.0 ) - 68.0 ) * 3y ) ) * ( 86.0 - 9.0 ) )
ind: 49
( ( 3x * 92.0 ) - ( ( ( ( ( 4x * 46.0 ) + 8y ) * 3y ) * ( ( ( 89.0 - 98.0 ) - ( 12.0 * 55.0 ) ) - 2y ) ) + 7y ) )
ind: 50
( ( ( ( 34.0 * 4y ) + 68.0 ) + 8y ) + 9x )
ind: 51
( 6x - ( ( 38.0 + 38.0 ) + 7y ) )
ind: 52
( ( 8y - ( 3y - ( 45.0 - ( 9y - ( 68.0 * 93.0 ) ) ) ) ) + ( ( 7x + ( ( ( 3x - 82.0 ) - ( 2x + 96.0 ) ) + 1y ) ) * 2y ) )
ind: 53
( ( ( 20.0 - ( ( 72.0 + 1.0 ) * ( ( 5y + 39.0 ) * ( 8x - 44.0 ) ) ) ) * 10x ) * ( 82.0 + 47.0 ) )
ind: 54
( ( ( 73.0 + 37.0 ) * ( ( 2y - ( 4y + ( 4x * 76.0 ) ) ) + 77.0 ) ) + ( ( ( 2y * ( 66.0 - 6x ) ) - ( 8y * ( 97.0 - ( 1y * 8x ) ) ) ) + 23.0 ) )
ind: 55
( 5y + 2x )
ind: 56
( 3x + 9y )
ind: 57
( 9y * ( ( 58.0 * ( 7y + ( 4x - ( 29.0 - 3x ) ) ) ) * ( ( ( ( 1y - 8y ) - ( 69.0 + 10y ) ) - ( 3y - 6y ) ) - 6y ) ) )
ind: 58
( ( ( 3x * ( 6.0 + 7y ) ) * 6x ) - ( 5y * 24.0 ) )
ind: 59
( 24.0 + ( 4y * ( ( ( 38.0 - ( 11.0 - 85.0 ) ) - 3x ) + 6x ) ) )
ind: 60
( ( 35.0 * 78.0 ) - ( 3y - ( ( ( ( 95.0 + 6x ) - ( 7x + 4y ) ) - ( ( 7x - 12.0 ) + ( 61.0 * 2x ) ) ) - 10x ) ) )
ind: 61
( 6x + ( 2y + ( 3x - 1.0 ) ) )
ind: 62
( ( 9x * 2y ) - 58.0 )
ind: 63
( ( ( 8y + ( 6y - 5x ) ) - ( ( ( 76.0 - ( 56.0 + 4x ) ) * 15.0 ) * 47.0 ) ) + ( ( 3x * ( 3x - 42.0 ) ) + ( 90.0 - 51.0 ) ) )
ind: 64
( ( ( 21.0 + ( ( 2x * ( 10y * 1y ) ) + ( ( 8y - 30.0 ) - ( 2.0 + 25.0 ) ) ) ) - ( ( ( 8y + 30.0 ) * ( 8x - ( 3y + 6x ) ) ) + ( 29.0 - 2x ) ) ) - 8x )
ind: 65
( ( 2y - ( ( 14.0 + 2x ) - ( 9y + ( 7x + ( 66.0 + 10y ) ) ) ) ) + 21.0 )
ind: 66
( ( 5x * 14.0 ) * ( ( 93.0 - 3y ) + ( ( ( ( 2x * 46.0 ) + 4y ) * 63.0 ) + 3.0 ) ) )
ind: 67
( ( ( ( ( 5x - 64.0 ) * ( ( 9x - 3.0 ) + ( 22.0 - 4y ) ) ) - 10.0 ) + ( 3x - 4y ) ) * 78.0 )
ind: 68
( 6x - ( 5y - 1y ) )
ind: 69
( 58.0 * ( ( ( ( ( 7y - 5y ) * ( 60.0 * 3y ) ) - 5y ) * ( ( ( 4y * 13.0 ) - 4x ) - ( 7y - ( 9x + 79.0 ) ) ) ) - ( ( ( 10.0 + 6y ) * 9x ) + ( ( ( 83.0 - 43.0 ) - ( 1x + 7x ) ) * 9y ) ) ) )
ind: 70
( ( ( 99.0 + ( ( ( 6x + 45.0 ) * ( 3.0 + 69.0 ) ) - 7x ) ) - ( ( ( ( 41.0 + 68.0 ) * 3x ) - ( ( 80.0 + 12.0 ) * 1y ) ) - ( ( ( 25.0 * 80.0 ) * 96.0 ) + 10y ) ) ) * ( ( 1x - ( ( ( 83.0 * 9y ) + ( 40.0 + 8y ) ) * 12.0 ) ) - 8x ) )
ind: 71
( 82.0 * ( ( 96.0 * 10x ) * ( ( 83.0 * 10y ) + 5x ) ) )
ind: 72
( 3x * 8y )
ind: 73
( ( 1x - 7y ) + ( 62.0 - 6y ) )
ind: 74
( 66.0 - ( ( ( 23.0 + 5x ) + ( ( 8x + 8y ) * 44.0 ) ) - ( ( ( 87.0 + 3.0 ) + ( 1x - 7x ) ) - 39.0 ) ) )
ind: 75
( ( 6y + ( ( 62.0 * 7x ) * ( 8x * 6y ) ) ) + 94.0 )
ind: 76
( ( ( 81.0 * 87.0 ) - ( ( 19.0 * 1x ) + 8y ) ) - ( 6y * 37.0 ) )
ind: 77
( ( 9x * ( ( ( 5x - 6x ) + 3x ) * 64.0 ) ) + ( ( ( ( 5y + 4y ) + 7x ) + ( ( ( 3x - 28.0 ) + 47.0 ) * ( ( 6x * 41.0 ) + ( 5x + 32.0 ) ) ) ) * ( ( ( 73.0 + ( 9x + 94.0 ) ) * ( 6x + 18.0 ) ) + 6.0 ) ) )
ind: 78
( 8x + ( ( 91.0 - ( ( 4x - ( 69.0 + 1x ) ) * 1y ) ) * 57.0 ) )
ind: 79
( ( 72.0 + 42.0 ) + ( 3x * ( ( ( ( 7y - 61.0 ) * ( 13.0 * 9x ) ) - 5x ) - ( 4y + 9y ) ) ) )
ind: 80
( ( ( ( ( 18.0 + 78.0 ) - ( ( 6y - 46.0 ) + ( 75.0 * 18.0 ) ) ) - 67.0 ) * 3.0 ) - 2x )
ind: 81
( 5x * ( ( 9x * ( ( 10x + ( 57.0 - 8y ) ) - 78.0 ) ) * 6.0 ) )
ind: 82
( ( ( ( ( ( 93.0 - 8x ) + 6.0 ) - ( ( 12.0 + 52.0 ) * ( 8y * 68.0 ) ) ) - 96.0 ) - ( ( ( ( 3x + 6y ) - 68.0 ) - 4y ) * ( ( ( 3x - 48.0 ) * ( 2x - 5y ) ) * 49.0 ) ) ) + ( ( ( ( ( 3x * 6y ) * ( 100.0 - 9y ) ) - ( ( 10x * 7x ) - 23.0 ) ) - 7x ) + ( 6x + 71.0 ) ) )
ind: 83
( ( 5y + 9y ) + ( ( ( ( ( 1.0 - 2x ) - 3y ) - 40.0 ) * ( 2x * 26.0 ) ) - 4x ) )
ind: 84
( ( ( ( 1x - ( ( 77.0 + 1x ) - ( 7x - 79.0 ) ) ) + ( ( ( 6y + 82.0 ) * ( 2.0 + 19.0 ) ) * 4x ) ) - 47.0 ) * ( ( 3.0 - 9y ) + 9x ) )
ind: 85
( 5x * ( 3x + ( ( 15.0 + ( 4y + 79.0 ) ) - ( ( ( 1x - 4x ) + 52.0 ) * ( 8x + 5x ) ) ) ) )
ind: 86
( ( 82.0 + 55.0 ) + ( ( 19.0 + ( ( ( 9x + 68.0 ) + 10x ) * 2x ) ) + ( ( 9x - ( ( 10y * 1y ) - 74.0 ) ) - ( 80.0 + ( 9.0 * ( 2.0 + 8x ) ) ) ) ) )
ind: 87
( 4y + ( 10x + ( 8x - ( ( ( 93.0 * 23.0 ) * 10y ) + ( 4x + 100.0 ) ) ) ) )
ind: 88
( ( ( ( 98.0 + 92.0 ) * ( ( 25.0 * ( 8y - 100.0 ) ) * 29.0 ) ) * ( ( 87.0 + 10x ) + 28.0 ) ) * 2x )
ind: 89
( 73.0 + ( 2x + ( ( ( ( 8x * 8x ) - ( 1x - 93.0 ) ) - ( ( 87.0 * 10y ) + 54.0 ) ) + 7x ) ) )
ind: 90
( ( ( 9y - 84.0 ) - 5x ) + ( ( ( ( 6x * ( 7y - 77.0 ) ) - ( 82.0 * ( 4y * 10x ) ) ) - 48.0 ) + ( 17.0 + 59.0 ) ) )
ind: 91
( 6x - ( 7x - ( ( ( ( 70.0 - 3.0 ) * ( 89.0 + 2x ) ) - ( ( 15.0 + 54.0 ) + 3x ) ) - ( ( ( 59.0 - 5y ) + 66.0 ) - 2x ) ) ) )
ind: 92
( 43.0 + ( ( 4x + 8y ) + ( 10y - 56.0 ) ) )
ind: 93
( 4y - ( ( ( ( 8y + ( 46.0 + 81.0 ) ) + ( ( 1y - 6x ) + ( 59.0 + 21.0 ) ) ) * ( 87.0 * 4y ) ) - ( ( ( ( 1x + 22.0 ) - 3x ) - ( 38.0 - ( 34.0 + 6y ) ) ) * ( 9x * 11.0 ) ) ) )
ind: 94
( 1y + 1x )
ind: 95
( ( 62.0 + ( ( 10y * ( 3x + 5x ) ) - ( 8x - 4x ) ) ) + ( ( ( ( 1y - ( 4x - 80.0 ) ) + ( 11.0 * 81.0 ) ) * ( ( ( 27.0 + 10x ) - ( 37.0 * 36.0 ) ) * 1.0 ) ) - ( ( 25.0 * 3x ) + 13.0 ) ) )
ind: 96
( 5y * ( ( ( 3.0 + 8x ) + ( ( 64.0 * ( 17.0 - 1y ) ) + ( ( 6y + 92.0 ) + ( 1x - 94.0 ) ) ) ) * 8x ) )
ind: 97
( 76.0 - ( 1y + ( ( 15.0 - 9x ) + ( 9y * 10x ) ) ) )
ind: 98
( ( 2x * ( ( ( ( 71.0 + 2y ) * 7x ) - ( 3y - ( 5y - 7y ) ) ) + ( ( 8x * 76.0 ) - ( ( 4x - 10x ) * 3y ) ) ) ) * ( ( ( 3y * 2y ) + 10x ) - 8y ) )
ind: 99
( ( ( 32.0 + ( ( ( 88.0 * 2y ) - 69.0 ) - 5y ) ) * 9y ) - ( 10x + 56.0 ) )
ind: 100
( ( 8y - ( ( ( ( 34.0 * 3x ) + 80.0 ) * ( 3x * ( 80.0 * 19.0 ) ) ) * ( 5.0 * 6x ) ) ) * ( 4y * 6.0 ) )
ind: 101
( 33.0 + ( 10y + ( ( 9x * 24.0 ) - ( 3y * ( ( 50.0 + 3x ) - 9x ) ) ) ) )
ind: 102
( 2y * ( ( 80.0 - 13.0 ) + ( 7y + ( 9x * 5y ) ) ) )
ind: 103
( ( 28.0 - ( ( ( 9x - ( 2x + 37.0 ) ) * ( 82.0 + 9x ) ) - 9x ) ) * ( ( ( 2y - ( ( 9x - 3x ) + 10y ) ) * 82.0 ) - ( ( ( ( 6y + 23.0 ) * ( 80.0 * 37.0 ) ) + ( ( 5y * 7y ) * ( 7y * 11.0 ) ) ) + ( ( ( 8y + 10x ) - ( 10y + 12.0 ) ) + ( 27.0 * 8x ) ) ) ) )
ind: 104
( ( ( ( 93.0 * 2y ) - 4x ) - ( 45.0 + 8y ) ) + 14.0 )
ind: 105
( ( ( ( 52.0 - ( ( 96.0 - 6x ) * 27.0 ) ) + ( ( 5y + ( 5y * 91.0 ) ) * ( ( 94.0 - 97.0 ) - 56.0 ) ) ) + ( 33.0 + 6y ) ) - ( ( 21.0 * 10y ) + 99.0 ) )
ind: 106
( ( ( 9y * 31.0 ) * 3x ) + ( 4x - ( 9x * 63.0 ) ) )
ind: 107
( ( ( 50.0 + 21.0 ) - ( ( ( 3x * ( 53.0 - 52.0 ) ) + ( 61.0 * ( 11.0 - 4x ) ) ) - 8y ) ) + ( ( ( 3x - ( 80.0 + ( 84.0 + 1.0 ) ) ) - 44.0 ) - 74.0 ) )
ind: 108
( ( 56.0 * ( ( 89.0 + 5y ) * 8y ) ) - 2x )
ind: 109
( ( 58.0 - ( 29.0 - 57.0 ) ) + ( ( ( ( 60.0 * 94.0 ) + 7.0 ) * 54.0 ) + ( 5y + ( ( 7x * 4x ) * ( 1x + 63.0 ) ) ) ) )
ind: 110
( ( ( 57.0 + ( 65.0 * 66.0 ) ) + ( ( 7y + ( ( 10y - 74.0 ) + 5x ) ) * ( ( 2y + 39.0 ) * ( 70.0 * 10x ) ) ) ) * 4y )
ind: 111
( 8y * ( ( ( ( 9x * ( 8y * 1x ) ) * ( ( 68.0 - 9y ) - ( 9x * 1y ) ) ) - 87.0 ) + ( ( ( 77.0 + ( 7y * 19.0 ) ) - ( ( 20.0 * 73.0 ) * 88.0 ) ) - ( ( ( 97.0 + 2y ) + 54.0 ) + ( ( 15.0 + 86.0 ) + ( 38.0 - 6y ) ) ) ) ) )
ind: 112
( ( ( ( ( 8x - ( 63.0 - 4y ) ) + 12.0 ) - 3x ) * 4y ) - ( ( ( ( 9x - ( 29.0 * 56.0 ) ) * 33.0 ) - ( ( 4y + 10x ) * ( ( 4x + 5x ) * ( 45.0 - 97.0 ) ) ) ) + ( 6x + 44.0 ) ) )
ind: 113
( ( 2x + 4y ) + 47.0 )
ind: 114
( 25.0 * ( ( 4y + 30.0 ) - 2x ) )
ind: 115
( ( ( 46.0 + 4x ) + ( ( 3x - ( ( 46.0 * 49.0 ) - 35.0 ) ) + ( 70.0 * ( 7y + 3y ) ) ) ) * 83.0 )
ind: 116
( 79.0 - ( ( ( 18.0 * ( ( 53.0 - 3x ) - ( 91.0 + 78.0 ) ) ) + 9x ) * ( 23.0 * 1y ) ) )
ind: 117
( 9x + 4y )
ind: 118
( ( ( 62.0 - ( ( ( 72.0 + 44.0 ) * ( 5x + 66.0 ) ) * ( ( 26.0 - 24.0 ) + ( 2.0 - 2y ) ) ) ) + 9y ) - ( ( ( ( ( 99.0 * 1x ) - ( 3x + 13.0 ) ) + 9x ) + ( 97.0 + ( 67.0 + 3y ) ) ) - ( ( ( ( 56.0 + 9y ) * 39.0 ) + 23.0 ) + ( 92.0 * 9y ) ) ) )
ind: 119
( 5y - ( 62.0 * ( ( 9y + ( 57.0 + ( 29.0 - 7x ) ) ) * 10x ) ) )
ind: 120
( ( 15.0 + ( ( ( ( 4x - 1x ) - 4x ) + 7x ) * 2y ) ) + 22.0 )
ind: 121
( ( 70.0 * ( ( ( 4y * ( 7x * 63.0 ) ) + ( 9x * 8x ) ) * ( 5y - 1x ) ) ) + ( ( 7y * ( 48.0 - 74.0 ) ) + 9x ) )
ind: 122
( ( ( ( 66.0 * 34.0 ) + ( 2y + ( 2x - ( 10y * 2x ) ) ) ) - ( 5y + ( 3y * ( 5y + ( 10x + 54.0 ) ) ) ) ) * 2y )
ind: 123
( ( ( ( ( 2y - ( 2x * 2x ) ) * 3y ) - 9.0 ) * 2y ) * ( ( 94.0 - ( 59.0 * 96.0 ) ) - ( 70.0 - ( 4.0 - ( 42.0 * ( 10y * 87.0 ) ) ) ) ) )
ind: 124
( ( ( ( 8y + 91.0 ) - 2x ) - 32.0 ) + ( ( ( ( 37.0 - 7.0 ) - 26.0 ) - ( ( 36.0 * ( 4y + 13.0 ) ) + 3y ) ) - 64.0 ) )
ind: 125
( ( ( 6x + ( 4y * 28.0 ) ) + ( ( ( ( 4x + 1x ) * 5y ) * ( 2x - ( 88.0 - 98.0 ) ) ) - 7y ) ) - ( 84.0 - ( 82.0 - 9y ) ) )
ind: 126
( ( 6y + ( 5y - ( 6x - ( ( 10x + 39.0 ) * ( 4y - 92.0 ) ) ) ) ) - ( 1x + ( ( ( 4y - 77.0 ) + 26.0 ) * 10y ) ) )
ind: 127
( ( ( ( ( ( 29.0 + 5.0 ) + 5x ) - ( 2y - ( 6y - 28.0 ) ) ) - ( 48.0 + 62.0 ) ) + ( 14.0 * ( ( 45.0 * ( 35.0 * 38.0 ) ) * ( 7y - ( 6y - 1y ) ) ) ) ) + 35.0 )
ind: 128
( ( ( 77.0 - 5x ) - ( 46.0 + ( 10x + ( ( 3y + 10y ) * ( 24.0 - 99.0 ) ) ) ) ) * ( ( ( 43.0 * 5y ) + 6y ) * 66.0 ) )
ind: 129
( 9y + 10x )
ind: 130
( ( ( 75.0 - ( ( 5y - 6x ) + 38.0 ) ) * 9y ) * ( ( 58.0 * 7x ) - ( 78.0 + 57.0 ) ) )
ind: 131
( ( ( ( 2x - 8y ) + 6.0 ) - 3y ) - ( ( ( 59.0 - 5x ) - 2.0 ) * ( 3y + 4.0 ) ) )
ind: 132
( 1x - 10y )
ind: 133
( ( 6y - 1x ) + 9x )
ind: 134
( ( ( 9x + ( 4x * ( ( 80.0 + 42.0 ) * 2x ) ) ) * 4x ) + ( ( ( ( 6y - ( 1x * 14.0 ) ) * 44.0 ) - 1x ) - ( 97.0 * ( ( 46.0 * 91.0 ) + ( ( 70.0 + 7x ) * 3x ) ) ) ) )
ind: 135
( 35.0 * ( ( 3x * ( ( ( 10y - 87.0 ) + 10x ) * 7x ) ) - ( 4y * ( 4x + 77.0 ) ) ) )
ind: 136
( 10y + ( ( 65.0 * ( 4x - ( ( 5x * 3y ) * 76.0 ) ) ) - ( ( ( ( 93.0 - 4.0 ) * ( 7y * 6y ) ) * 19.0 ) * ( 80.0 + ( 44.0 - 4y ) ) ) ) )
ind: 137
( 8y * ( ( ( ( 1x * 3x ) * ( 79.0 * ( 10y - 3.0 ) ) ) + 1.0 ) * 6x ) )
ind: 138
( 9y - 2x )
ind: 139
( 20.0 + ( 70.0 + ( ( ( ( 6x * 43.0 ) - ( 10y + 7x ) ) - ( ( 52.0 - 82.0 ) + ( 1y + 24.0 ) ) ) - ( ( 58.0 * 68.0 ) + 4x ) ) ) )
ind: 140
( ( 6y - 85.0 ) + ( ( 7y + 6x ) - ( 1y * 2y ) ) )
ind: 141
( ( ( ( 60.0 - ( 34.0 - 10y ) ) + ( 1x - ( ( 94.0 - 62.0 ) * ( 1x + 8x ) ) ) ) * ( 60.0 - ( 28.0 - ( 44.0 * 9.0 ) ) ) ) * 95.0 )
ind: 142
( ( 9y * ( ( ( ( 1x - 51.0 ) * ( 1x - 2x ) ) + ( 10y + 9y ) ) * ( 4x * 40.0 ) ) ) - ( 6.0 - ( 58.0 + ( 9x + ( ( 4y - 53.0 ) + 2x ) ) ) ) )
ind: 143
( 6y + ( ( ( 77.0 - 7x ) + 7y ) * ( 8x - ( 54.0 * ( 100.0 - 4y ) ) ) ) )
ind: 144
( 82.0 * ( ( ( ( ( 28.0 - 1x ) - 6y ) + 17.0 ) - 5x ) - 4y ) )
ind: 145
( ( 1y - ( ( ( 4x * 26.0 ) * ( 40.0 - 6x ) ) - 23.0 ) ) - ( ( 89.0 + 100.0 ) * ( 7y * 45.0 ) ) )
ind: 146
( ( 14.0 * ( 3y * 2y ) ) - ( ( ( 38.0 - 5x ) + ( ( 75.0 - ( 5x * 1x ) ) + ( 4x * ( 5y + 4.0 ) ) ) ) * ( ( 3x + ( ( 79.0 + 5x ) + ( 45.0 * 68.0 ) ) ) * 3y ) ) )
ind: 147
( 79.0 + ( ( ( ( 2x - ( 8x + 5x ) ) * 11.0 ) + ( ( ( 20.0 - 10y ) * ( 100.0 * 10x ) ) - 18.0 ) ) + 4x ) )
ind: 148
( ( 66.0 * 3x ) - ( ( ( ( ( 21.0 * 4y ) + ( 10y * 71.0 ) ) - ( ( 9y + 3x ) - ( 59.0 - 83.0 ) ) ) + 3x ) - ( ( ( ( 8x - 83.0 ) + ( 89.0 - 62.0 ) ) + ( ( 93.0 * 6x ) - ( 6x + 45.0 ) ) ) * ( ( ( 1x * 3y ) - ( 9.0 - 71.0 ) ) - ( ( 6x * 37.0 ) * ( 5x - 47.0 ) ) ) ) ) )
ind: 149
( ( ( ( 34.0 - 2y ) + 5y ) + 52.0 ) - ( ( 1y - 8x ) + 10x ) )
ind: 150
( ( ( ( ( 1.0 + 5y ) - 56.0 ) * 2x ) + ( ( ( ( 61.0 + 39.0 ) - 9y ) - 9y ) + 3x ) ) + ( ( 4x * ( 4x - 7x ) ) - 1x ) )
ind: 151
( ( 8x - 8y ) * ( ( ( ( 95.0 * ( 68.0 + 4y ) ) * ( ( 4y - 29.0 ) + 77.0 ) ) * 4x ) + 8y ) )
ind: 152
( ( 8x - 9y ) + ( ( 6y * ( 53.0 - 11.0 ) ) - ( 15.0 - 8y ) ) )
ind: 153
( ( 7y + 24.0 ) - ( 77.0 * 6x ) )
ind: 154
( 8y - ( 34.0 - ( 19.0 + ( ( ( 1y - 1x ) * 1x ) + ( 52.0 + 1y ) ) ) ) )
ind: 155
( 77.0 * ( ( ( ( ( 3y - 72.0 ) * 3.0 ) + ( ( 56.0 * 8x ) - ( 10y + 3x ) ) ) + 10x ) + ( 4y * 57.0 ) ) )
ind: 156
( 10x - ( 4x + 7y ) )
ind: 157
( ( ( ( ( 6y + 1y ) * ( ( 34.0 + 4y ) - 3x ) ) * ( 3x * ( 7x * ( 51.0 - 98.0 ) ) ) ) - ( 10x - ( ( 61.0 - 8.0 ) + 47.0 ) ) ) * 76.0 )
ind: 158
( ( ( 4x - 4y ) * 66.0 ) - 5.0 )
ind: 159
( ( ( 10y - ( 6x + 25.0 ) ) + ( ( ( 23.0 + 23.0 ) * 8.0 ) + 95.0 ) ) - ( ( 93.0 - ( 2y * ( ( 7y + 2x ) - 65.0 ) ) ) + ( ( ( 2y * 3x ) - 9y ) + 5x ) ) )
ind: 160
( 14.0 + ( ( 94.0 + ( ( 9y + 15.0 ) * 17.0 ) ) * ( ( ( 69.0 + ( 66.0 + 9y ) ) * ( 6y * 58.0 ) ) * 8x ) ) )
ind: 161
( ( ( ( 5y - ( 6x - ( 8x + 39.0 ) ) ) * ( ( 33.0 * ( 87.0 + 7y ) ) + 9y ) ) - ( ( ( 8y - ( 37.0 - 39.0 ) ) - ( ( 2y - 13.0 ) * ( 73.0 * 6y ) ) ) * 44.0 ) ) + 10y )
ind: 162
( ( ( ( ( 1x - ( 4y + 12.0 ) ) * 3y ) + 34.0 ) * ( 66.0 + ( 9y - 5x ) ) ) - ( 59.0 + ( ( 1y * ( ( 7x * 39.0 ) * 6y ) ) - ( 8y - 5x ) ) ) )
ind: 163
( ( 6.0 * ( 8x - ( 4y * 59.0 ) ) ) * ( 3.0 + ( ( 15.0 * 4y ) * ( 6y + ( ( 4x + 9x ) - 27.0 ) ) ) ) )
ind: 164
( ( 13.0 * ( 1x - ( 28.0 - 10x ) ) ) * 4y )
ind: 165
( ( ( ( ( 70.0 + 84.0 ) * 99.0 ) - ( ( ( 4y * 8.0 ) * 66.0 ) * ( 5y + 8x ) ) ) + 3y ) + 5x )
ind: 166
( ( ( 8y + ( ( ( 9y * 3.0 ) + 8x ) + 6y ) ) + ( 3y - ( ( ( 59.0 + 2x ) * 69.0 ) + ( 10x - ( 2y + 9y ) ) ) ) ) * 78.0 )
ind: 167
( ( ( ( ( ( 1x + 9x ) - ( 8x * 25.0 ) ) - ( 2x - 8x ) ) + 56.0 ) * ( ( 5y + ( 6x * ( 5y * 10x ) ) ) + 5y ) ) + 61.0 )
ind: 168
( ( 5y * 4x ) - ( 9y + 31.0 ) )
ind: 169
( ( ( 3y * ( ( ( 8x * 34.0 ) * 6x ) + 1y ) ) - ( ( ( ( 48.0 - 16.0 ) + 4y ) + 3x ) * 7x ) ) * 8x )
ind: 170
( ( 8y - 1x ) + ( ( 9x - ( 23.0 - ( 1x + 36.0 ) ) ) - ( ( ( ( 8y * 9x ) + 10y ) - 9y ) + 6y ) ) )
ind: 171
( ( 2x - 1x ) - ( ( 26.0 + ( 75.0 * ( 61.0 * 9x ) ) ) * ( ( 7x * 3y ) - ( ( 40.0 + ( 2y * 14.0 ) ) * 3x ) ) ) )
ind: 172
( 7x - ( 9x + ( ( 7x + 45.0 ) - 8y ) ) )
ind: 173
( ( ( 4y * 61.0 ) + ( ( ( ( 7y * 1x ) * 79.0 ) * 69.0 ) - 3x ) ) - ( 53.0 - ( 70.0 - 38.0 ) ) )
ind: 174
( ( 64.0 + 51.0 ) * ( 10y * 10x ) )
ind: 175
( ( ( 57.0 + ( 50.0 * ( 44.0 + ( 4x - 9y ) ) ) ) * 8x ) - 17.0 )
ind: 176
( ( 7y * ( 21.0 - ( 10y - 7x ) ) ) + 69.0 )
ind: 177
( 1x - ( 20.0 * 10y ) )
ind: 178
( ( 40.0 + 5y ) * ( ( 5y - ( 8y + 70.0 ) ) - ( ( ( ( 10x - 3x ) + ( 66.0 * 2x ) ) + ( ( 10y * 8y ) * ( 63.0 * 6y ) ) ) + 10x ) ) )
ind: 179
( 6x * ( ( 4.0 + ( ( 12.0 + ( 9x + 3x ) ) - ( 10x + 25.0 ) ) ) * ( ( ( ( 10y * 84.0 ) + 79.0 ) * ( ( 8y * 16.0 ) + 8x ) ) - ( 46.0 + 3y ) ) ) )
ind: 180
( ( ( 56.0 * 1.0 ) + 5y ) * 1x )
ind: 181
( ( ( ( 70.0 - 97.0 ) - ( ( 30.0 + 1x ) - ( 5y * ( 68.0 - 9x ) ) ) ) * 83.0 ) + ( 13.0 * ( ( ( ( 2y - 3.0 ) + ( 50.0 * 72.0 ) ) * 95.0 ) - ( ( 5x * ( 4x * 1y ) ) - 74.0 ) ) ) )
ind: 182
( 6y + ( 59.0 + 7x ) )
ind: 183
( 47.0 - ( ( 8x * ( ( 6y + ( 53.0 * 41.0 ) ) * ( ( 18.0 - 32.0 ) - 10x ) ) ) * 3y ) )
ind: 184
( ( 73.0 - ( ( ( 24.0 + 3x ) - ( ( 96.0 + 7y ) * ( 2y - 10y ) ) ) - ( 14.0 + 2y ) ) ) * 6x )
ind: 185
( 52.0 * ( ( 2y + ( ( ( 2y - 23.0 ) * ( 1x * 83.0 ) ) - ( ( 25.0 + 64.0 ) + ( 3x * 4.0 ) ) ) ) - 60.0 ) )
ind: 186
( ( 6x + ( ( ( 8y * 3y ) + ( ( 2y + 87.0 ) - 1y ) ) * ( 9y - ( ( 58.0 + 21.0 ) * 10x ) ) ) ) - ( ( 10x + 25.0 ) * ( ( ( ( 10y + 7x ) * ( 8x + 10y ) ) * 74.0 ) + ( ( 3x - ( 10y + 19.0 ) ) - ( 1y + ( 9y - 56.0 ) ) ) ) ) )
ind: 187
( ( ( 31.0 * ( 8y * 2x ) ) - 2y ) * 88.0 )
ind: 188
( ( 3y * 1.0 ) + 6x )
ind: 189
( ( ( 67.0 - ( ( ( 10y * 7y ) + ( 8x - 77.0 ) ) * 47.0 ) ) - ( 5y * 29.0 ) ) - ( 1.0 + ( 25.0 - 61.0 ) ) )
ind: 190
( 3y + ( ( 97.0 * 49.0 ) - ( 6x * 18.0 ) ) )
ind: 191
( 9x + ( 81.0 * ( 6y * ( 45.0 * ( 4.0 - ( 3y - 9x ) ) ) ) ) )
ind: 192
( ( ( ( ( ( 1x * 51.0 ) + ( 3y - 34.0 ) ) + 10y ) + 14.0 ) * 1y ) - 50.0 )
ind: 193
( ( 2y * 8x ) * 3y )
ind: 194
( 7y * 3x )
ind: 195
( 1y + ( ( ( 9y - ( ( 30.0 + 70.0 ) + ( 6x + 30.0 ) ) ) - ( 1x - ( 32.0 - 8.0 ) ) ) - 5x ) )
ind: 196
( ( ( 53.0 * ( 88.0 * 5y ) ) - ( 6y + 10y ) ) * ( 5x + 8x ) )
ind: 197
( ( 5y + 23.0 ) * ( ( ( ( 82.0 - ( 1y - 6y ) ) + ( 86.0 - 9.0 ) ) + ( ( 90.0 - 1y ) * 79.0 ) ) * ( 2x - 76.0 ) ) )
ind: 198
( ( ( ( ( 94.0 - ( 6x + 29.0 ) ) * ( 52.0 - 6.0 ) ) - 93.0 ) + 6x ) * 1y )
ind: 199
( 7x * ( ( ( 6y + ( ( 4x + 8y ) * 7x ) ) - 27.0 ) + 95.0 ) )
ind: 200
( 10x * ( ( ( ( 90.0 + 74.0 ) * 35.0 ) - 6y ) + 9x ) )
ind: 201
( ( ( 3y + ( ( 72.0 - ( 9x - 3y ) ) * 100.0 ) ) * ( 90.0 * ( ( 52.0 * 9x ) - 18.0 ) ) ) * ( ( ( 9x + 10x ) + 10y ) + 9y ) )
ind: 202
( ( ( ( ( ( 66.0 + 4y ) - 52.0 ) - ( 8y * 60.0 ) ) * ( ( 6y - 40.0 ) * 3y ) ) - ( 4x * ( ( ( 5.0 * 6x ) + ( 9x * 4.0 ) ) + 2x ) ) ) * 1y )
ind: 203
( ( 7y + ( ( 61.0 * 56.0 ) * ( 9y + ( 1x - ( 11.0 + 45.0 ) ) ) ) ) - ( ( ( 8x + ( ( 47.0 + 92.0 ) - 4y ) ) * 10x ) * 10y ) )
ind: 204
( 7x * ( ( 9y - 61.0 ) * 7.0 ) )
ind: 205
( 8x * ( ( 12.0 - 10y ) + 22.0 ) )
ind: 206
( ( 5y + 5y ) - ( ( ( ( ( 3x * 9y ) * ( 93.0 * 9x ) ) * ( ( 2y - 7.0 ) * ( 9y + 1x ) ) ) - 4y ) - ( ( ( 2y * ( 37.0 - 75.0 ) ) - 6y ) * ( ( ( 2x * 7x ) + 2x ) + ( ( 34.0 - 93.0 ) * ( 1y * 10x ) ) ) ) ) )
ind: 207
( 24.0 + ( 20.0 - ( ( 95.0 - ( 7x + ( 69.0 * 76.0 ) ) ) * 5y ) ) )
ind: 208
( 2x + ( ( 7x + ( ( ( 24.0 * 2x ) - 57.0 ) * ( 5y * ( 1x * 6y ) ) ) ) - 63.0 ) )
ind: 209
( 2x * ( 3x * ( ( ( 6x + 9y ) * 7x ) * ( ( ( 9x + 10x ) * ( 2x + 15.0 ) ) - 9x ) ) ) )
ind: 210
( ( ( ( ( ( 8y - 2x ) * ( 85.0 * 4x ) ) - 52.0 ) * 84.0 ) * ( ( 54.0 + ( 99.0 - 2x ) ) - ( ( 13.0 + ( 3x - 10y ) ) + ( 55.0 - ( 37.0 - 38.0 ) ) ) ) ) + ( ( 45.0 - ( 46.0 + ( 22.0 + 83.0 ) ) ) + ( ( 3x - ( 91.0 - 10x ) ) + ( 2y * ( ( 10x + 7y ) * 57.0 ) ) ) ) )
ind: 211
( ( 6y * ( ( 89.0 + 7y ) - 69.0 ) ) - ( ( 3y * ( 8x * 71.0 ) ) * ( ( ( 31.0 + 39.0 ) + ( ( 37.0 - 27.0 ) * ( 16.0 * 5x ) ) ) - ( 8x * 6.0 ) ) ) )
ind: 212
( ( ( 5.0 * 79.0 ) * 8x ) - ( 86.0 + ( 10y + 10y ) ) )
ind: 213
( 5x * ( 1y - 88.0 ) )
ind: 214
( ( ( ( 5x - ( ( 2x * 39.0 ) - 69.0 ) ) + 9x ) + 29.0 ) - ( ( 8x - ( ( ( 31.0 - 51.0 ) * ( 1x - 5x ) ) - 99.0 ) ) - 8y ) )
ind: 215
( 45.0 * ( ( ( 4x + ( ( 1x * 7y ) * 9x ) ) - 10x ) + ( ( 10x - ( 89.0 + 4x ) ) - ( ( 9x * ( 7y + 6y ) ) * ( 75.0 + 5x ) ) ) ) )
ind: 216
( ( ( 43.0 - ( 25.0 + ( 51.0 - ( 5y * 1y ) ) ) ) - 82.0 ) * ( ( 21.0 * ( 68.0 + 67.0 ) ) - ( 5x - 9y ) ) )
ind: 217
( ( ( ( ( ( 7.0 - 100.0 ) + 6.0 ) + 56.0 ) - 10x ) + ( 29.0 - ( ( ( 3x * 3x ) + 8x ) * 80.0 ) ) ) - 7y )
ind: 218
( ( ( ( ( ( 9.0 * 63.0 ) - 6y ) * ( ( 49.0 + 61.0 ) * ( 6x - 42.0 ) ) ) * ( 60.0 * 1y ) ) + 10y ) + 35.0 )
ind: 219
( 6x + ( ( ( 44.0 - 8y ) * ( ( ( 1x + 53.0 ) - ( 1y + 10x ) ) + ( 2.0 + ( 1x * 1y ) ) ) ) * 4x ) )
ind: 220
( 9y * ( ( ( 5.0 * ( 3y - 73.0 ) ) * 8x ) + 6x ) )
ind: 221
( ( ( ( 3.0 * 8y ) - 59.0 ) + 1y ) - ( ( ( ( 13.0 * 32.0 ) + 2x ) * ( 96.0 + ( 63.0 * 37.0 ) ) ) + 2y ) )
ind: 222
( ( 4x - 21.0 ) - ( ( 17.0 + 4x ) + 5y ) )
ind: 223
( ( ( ( 62.0 * ( ( 85.0 * 76.0 ) - ( 7y - 6y ) ) ) - ( 6y - ( ( 77.0 * 10y ) - 6x ) ) ) + 90.0 ) * 11.0 )
ind: 224
( 10x + ( ( ( ( 98.0 * 47.0 ) - ( 6y * 53.0 ) ) - 50.0 ) - 84.0 ) )
ind: 225
( ( 5y - 3y ) * ( ( ( ( ( 13.0 + 9x ) + 10y ) - ( 4x + ( 5x * 5.0 ) ) ) + ( 66.0 - 60.0 ) ) - 2x ) )
ind: 226
( ( 9y * 43.0 ) - ( ( 5x - ( ( ( 51.0 * 3x ) - 9y ) * ( 2x * ( 93.0 * 6x ) ) ) ) * 47.0 ) )
ind: 227
( 1y - 4x )
ind: 228
( 10x * 4y )
ind: 229
( ( ( 6x * 100.0 ) - ( 2x + 3x ) ) + ( ( 20.0 - ( 87.0 - ( 10y - 70.0 ) ) ) * 5x ) )
ind: 230
( 8x * ( 5x + ( 1x - 6y ) ) )
ind: 231
( ( ( ( 6x - 7x ) - 58.0 ) + 5y ) * ( ( ( ( ( 11.0 - 3x ) - 8y ) - 53.0 ) + ( 56.0 * 3x ) ) - 1y ) )
ind: 232
( ( ( 36.0 + 10x ) - ( ( ( 4x + ( 28.0 - 23.0 ) ) + ( ( 8y - 21.0 ) * 6y ) ) - 1x ) ) - ( 11.0 * 8x ) )
ind: 233
( 5y + ( 17.0 * ( ( ( ( 5x - 26.0 ) + 82.0 ) - ( 5y - 86.0 ) ) - ( 5y * ( 75.0 + 4x ) ) ) ) )
ind: 234
( ( 11.0 * ( 8y - ( ( 81.0 + 70.0 ) * ( ( 5x - 95.0 ) - 41.0 ) ) ) ) + ( ( ( 31.0 + ( ( 4x + 25.0 ) * ( 3x - 27.0 ) ) ) * ( 76.0 - 54.0 ) ) + 5x ) )
ind: 235
( ( ( ( 31.0 + 1y ) - ( 8y + 2x ) ) + ( ( ( 53.0 * 75.0 ) - 8x ) - ( 2y + 84.0 ) ) ) - 2x )
ind: 236
( 65.0 * ( ( 9x * ( ( 55.0 + ( 5y * 85.0 ) ) - ( ( 15.0 + 4y ) - 38.0 ) ) ) - ( ( ( ( 9y - 81.0 ) * ( 2x * 50.0 ) ) - 4x ) - ( 61.0 - ( ( 3x * 2x ) * ( 10x + 9y ) ) ) ) ) )
ind: 237
( ( 70.0 - 8y ) * ( ( 87.0 * 49.0 ) * ( ( 9y + 6x ) - ( 38.0 + ( 79.0 * 75.0 ) ) ) ) )
ind: 238
( 3y + ( ( ( ( ( 5.0 - 1y ) + ( 41.0 + 9y ) ) + ( 85.0 - 18.0 ) ) + 2x ) * ( 3x - 5y ) ) )
ind: 239
( ( 3y + 3y ) - ( ( 16.0 + ( ( ( 38.0 * 6x ) * ( 8.0 - 47.0 ) ) + 3.0 ) ) * 31.0 ) )
ind: 240
( ( ( ( 8x + 3y ) - ( ( 69.0 - 33.0 ) + 29.0 ) ) * ( 29.0 - 1y ) ) + ( 2.0 - 7.0 ) )
ind: 241
( ( 4y - ( 7y * 43.0 ) ) - ( ( 6y - 7y ) - ( ( 9.0 + 76.0 ) * ( ( ( 93.0 * 60.0 ) - ( 1x + 9x ) ) * 9y ) ) ) )
ind: 242
( ( ( ( ( ( 1y * 99.0 ) * ( 83.0 * 41.0 ) ) - 4x ) + 66.0 ) + 3.0 ) * 46.0 )
ind: 243
( ( ( ( 78.0 - ( 2x * 22.0 ) ) - ( ( 26.0 * 2x ) * 74.0 ) ) * ( 13.0 - 8y ) ) * 3y )
ind: 244
( 18.0 * ( 9y * ( ( 5y - ( 6x + 6x ) ) - 3y ) ) )
ind: 245
( 1x * 9y )
ind: 246
( ( ( 42.0 + 69.0 ) * ( ( 22.0 * ( ( 7x + 8x ) * 6x ) ) * ( ( 9x * ( 3x * 10x ) ) - ( ( 5y + 61.0 ) + ( 97.0 * 55.0 ) ) ) ) ) * ( ( 10x + ( ( 53.0 - ( 7x * 55.0 ) ) + ( 1x - 69.0 ) ) ) + 4x ) )
ind: 247
( 5x - ( 8x - ( 5y * ( 1x + 97.0 ) ) ) )
ind: 248
( ( 9y + ( 2x * ( ( 1y + ( 1y + 8y ) ) + 77.0 ) ) ) + ( ( ( 71.0 * ( 3y - ( 22.0 + 3x ) ) ) * ( ( ( 3x - 83.0 ) - ( 28.0 - 10.0 ) ) * ( ( 5y - 10y ) + ( 73.0 - 8y ) ) ) ) + 66.0 ) )
ind: 249
( ( ( ( ( ( 7y - 1x ) * ( 37.0 + 1y ) ) - 2x ) * ( 96.0 - ( ( 6x - 6y ) * 1x ) ) ) - ( ( 4x - ( 52.0 * 9y ) ) * ( 1y + ( 71.0 - ( 15.0 - 3x ) ) ) ) ) * 6x )
ind: 250
( ( ( ( 7y + 68.0 ) * ( 68.0 - 6y ) ) - ( ( ( 8y * 10y ) * 1x ) + 9x ) ) + ( ( ( ( ( 4y - 42.0 ) - 7x ) * ( 77.0 - 41.0 ) ) * ( ( ( 98.0 * 61.0 ) * 7y ) + ( ( 55.0 * 22.0 ) - 32.0 ) ) ) * ( ( ( 37.0 - ( 21.0 - 80.0 ) ) * 5y ) * ( 30.0 - 15.0 ) ) ) )
ind: 251
( 69.0 * ( ( 2x - ( 95.0 + ( ( 52.0 - 3x ) * 81.0 ) ) ) - ( 4.0 - ( ( ( 46.0 * 5y ) + 6x ) - 6x ) ) ) )
ind: 252
( ( ( 50.0 - 5x ) - ( ( 7y - ( 8y + ( 74.0 * 41.0 ) ) ) - 9y ) ) * ( ( 7.0 - ( ( 4y - ( 78.0 + 6x ) ) + 45.0 ) ) - ( 1x + ( ( ( 64.0 + 35.0 ) * ( 4y + 63.0 ) ) * 8x ) ) ) )
ind: 253
( ( 30.0 + ( ( ( ( 7.0 * 9x ) + 54.0 ) - ( ( 86.0 + 4y ) * 1x ) ) * ( 37.0 - ( 57.0 - 9y ) ) ) ) * 28.0 )
ind: 254
( ( ( ( ( 4x * ( 88.0 * 10x ) ) * 48.0 ) * ( ( ( 69.0 - 8x ) - 10x ) * ( 5.0 * ( 50.0 * 82.0 ) ) ) ) * ( 1x + ( ( ( 56.0 + 41.0 ) - ( 7y - 7y ) ) - 2x ) ) ) + 35.0 )
ind: 255
( 8x - 2y )
ind: 256
( ( 2y - ( 67.0 * 55.0 ) ) + ( ( ( 10x + ( 54.0 * 3x ) ) + ( 87.0 - 57.0 ) ) + 7x ) )
ind: 257
( ( ( 96.0 + ( 7y * 1x ) ) * 4x ) * 13.0 )
ind: 258
( ( 7x + ( 55.0 + 74.0 ) ) - 8y )
ind: 259
( ( 17.0 + 2x ) + 9y )
ind: 260
( 33.0 + ( 34.0 + ( ( ( 6y - 2.0 ) * 4x ) + ( ( ( 10x * 87.0 ) + 71.0 ) + ( 7y * ( 24.0 + 10y ) ) ) ) ) )
ind: 261
( 29.0 * ( 5x * ( ( ( 10y - 1y ) - 5y ) - ( 64.0 + ( ( 3x + 80.0 ) - ( 9y * 8x ) ) ) ) ) )
ind: 262
( ( ( ( 13.0 * ( 47.0 + ( 70.0 + 57.0 ) ) ) - ( ( ( 57.0 - 10x ) + 29.0 ) * ( 92.0 - ( 10x + 5x ) ) ) ) + 57.0 ) - ( ( ( 10y + ( ( 2x + 64.0 ) - 1x ) ) - 5y ) + ( 68.0 * 24.0 ) ) )
ind: 263
( 2x * ( ( ( 8y + ( 64.0 * ( 13.0 - 8x ) ) ) - ( 89.0 + 10x ) ) * ( 96.0 * 22.0 ) ) )
ind: 264
( ( 9x - ( 9y - 71.0 ) ) * 7y )
ind: 265
( 7x - ( ( 9y * ( 14.0 * ( 3x * 7y ) ) ) * ( ( 54.0 - 5y ) - ( 9y + ( 8x * 2x ) ) ) ) )
ind: 266
( 4y * ( ( ( 10x * ( ( 83.0 * 78.0 ) + ( 43.0 - 2x ) ) ) + 22.0 ) - 42.0 ) )
ind: 267
( ( 9y * ( 94.0 + ( 7y * 97.0 ) ) ) + ( 6x - ( ( ( 53.0 + 2x ) * 49.0 ) + ( ( ( 10y + 10x ) + 79.0 ) - ( ( 10x + 10x ) * ( 61.0 - 59.0 ) ) ) ) ) )
ind: 268
( ( 2x + ( 3y * 96.0 ) ) - 56.0 )
ind: 269
( ( 10x * ( 6y * 4y ) ) * ( 67.0 + ( ( 91.0 + ( 87.0 * 5y ) ) - ( ( ( 10y + 6x ) * ( 48.0 + 47.0 ) ) * ( ( 4y + 34.0 ) + 54.0 ) ) ) ) )
ind: 270
( ( 1y * ( 5x - 7x ) ) - 42.0 )
ind: 271
( 99.0 * ( ( 85.0 * ( ( 78.0 - ( 85.0 + 20.0 ) ) - ( ( 20.0 * 3y ) - ( 1x - 3y ) ) ) ) * 22.0 ) )
ind: 272
( ( 7x + ( ( 96.0 + 80.0 ) + 42.0 ) ) * ( 57.0 + ( 80.0 + ( ( ( 6y + 99.0 ) - 87.0 ) * 79.0 ) ) ) )
ind: 273
( 32.0 - ( 5x * ( 19.0 + ( ( ( 97.0 * 31.0 ) * ( 6y + 3x ) ) - 5x ) ) ) )
ind: 274
( ( 2x + ( 67.0 + ( ( ( 8x + 9y ) * 8x ) + 3x ) ) ) + 5x )
ind: 275
( ( ( 4.0 + ( ( 7x - 8.0 ) + 2y ) ) - ( 9y * ( 39.0 - ( ( 7x * 7x ) - 9y ) ) ) ) - 5x )
ind: 276
( 2y + 9x )
ind: 277
( ( ( ( 9x + ( ( 36.0 - 92.0 ) - 46.0 ) ) * 6x ) - 3y ) - 2y )
ind: 278
( ( 35.0 - ( ( ( ( 5x * 73.0 ) - 6x ) - 19.0 ) + 6y ) ) - 1y )
ind: 279
( 7x + ( 1y - ( ( 9y - ( ( 61.0 + 10x ) * ( 6x * 28.0 ) ) ) - ( 5y * 20.0 ) ) ) )
ind: 280
( ( 5x + ( ( ( ( 5x + 10.0 ) * 77.0 ) + 3y ) + 9y ) ) * 6y )
ind: 281
( ( ( 38.0 + ( ( ( 10x * 71.0 ) * ( 5x + 15.0 ) ) * ( ( 27.0 + 1y ) + ( 10x + 7x ) ) ) ) * 1x ) - ( 18.0 - 7y ) )
ind: 282
( ( 9y * 2.0 ) - ( ( ( ( ( 74.0 - 99.0 ) - 70.0 ) - ( 3x - ( 61.0 * 43.0 ) ) ) - ( ( ( 79.0 - 5.0 ) + 9x ) - 3x ) ) + 5x ) )
ind: 283
( ( 9x + ( ( ( ( 8x * 4x ) * 8x ) - ( 18.0 * 100.0 ) ) + ( ( 32.0 - ( 87.0 + 9x ) ) * ( ( 3x + 1x ) + ( 57.0 + 1x ) ) ) ) ) - 2y )
ind: 284
( 8y + ( 6x - 39.0 ) )
ind: 285
( ( 5x + ( 3x + ( ( 3x * ( 55.0 - 83.0 ) ) + ( ( 20.0 * 7.0 ) * ( 3y + 10x ) ) ) ) ) * ( ( ( ( 2.0 * 94.0 ) + 5y ) - ( 2x - 96.0 ) ) - 72.0 ) )
ind: 286
( ( 3y + ( ( 71.0 * ( ( 1x - 100.0 ) * ( 10x + 85.0 ) ) ) - ( 1y - 7x ) ) ) - ( 30.0 + ( 9x + 7y ) ) )
ind: 287
( 14.0 - ( 72.0 * ( ( 7y - ( 92.0 - ( 10x - 7y ) ) ) * 18.0 ) ) )
ind: 288
( ( ( ( 49.0 - 7y ) * 2x ) * ( 86.0 + ( 4x - ( 64.0 - ( 11.0 * 6x ) ) ) ) ) * 1x )
ind: 289
( ( ( 7x + 1x ) + 7y ) + 5y )
ind: 290
( 52.0 - ( 4y * ( ( ( 93.0 * ( 81.0 - 8x ) ) - ( 5x - ( 81.0 + 4y ) ) ) - 67.0 ) ) )
ind: 291
( 85.0 - ( 3x + ( ( 25.0 + ( ( 8x * 4y ) - ( 6x * 8y ) ) ) * ( ( ( 5y + 2x ) * ( 69.0 * 7y ) ) * 6x ) ) ) )
ind: 292
( ( 80.0 - 6x ) - 7y )
ind: 293
( ( 77.0 * ( ( ( ( 42.0 - 9y ) - ( 10x * 8x ) ) - 51.0 ) * 6y ) ) - 4x )
ind: 294
( 8x + ( ( ( 8y + ( 6y + 78.0 ) ) - 20.0 ) - 2x ) )
ind: 295
( ( ( ( ( ( 36.0 + 6x ) + 8x ) + 6y ) + ( 5.0 + ( 1y + ( 35.0 - 7x ) ) ) ) - 27.0 ) * 10y )
ind: 296
( 10x - ( ( 82.0 - ( 65.0 * 57.0 ) ) - ( 6y - 12.0 ) ) )
ind: 297
( ( ( 43.0 + ( ( 79.0 + 5y ) + 43.0 ) ) - ( ( 8y + ( 6x * 47.0 ) ) * 64.0 ) ) + 18.0 )
ind: 298
( ( ( ( 76.0 * ( 5y - 4y ) ) - 8y ) * 38.0 ) + ( ( ( ( 76.0 + 2x ) + ( 26.0 + ( 7y + 7x ) ) ) * ( 4x - 40.0 ) ) * 36.0 ) )
ind: 299
( 89.0 + ( 1y + ( 32.0 - 5x ) ) )
ind: 300
( ( 11.0 - ( 1y - ( 4x * 38.0 ) ) ) - ( 77.0 + ( ( ( ( 95.0 - 9y ) + 10x ) - ( ( 94.0 + 10x ) + 45.0 ) ) - 1x ) ) )
ind: 301
( ( ( 39.0 + 80.0 ) * 6x ) - ( ( 5y + ( 5y - ( 99.0 * 6x ) ) ) * ( ( ( ( 96.0 + 2x ) * 66.0 ) + 78.0 ) * ( 56.0 * ( ( 10x * 37.0 ) * ( 94.0 + 28.0 ) ) ) ) ) )
ind: 302
( ( 5y * 9x ) - ( 24.0 + ( 7y - 1.0 ) ) )
ind: 303
( ( ( ( 5x + ( 37.0 * 9y ) ) + 75.0 ) * 8.0 ) - 8x )
ind: 304
( ( ( 47.0 * 33.0 ) - ( ( ( ( 2x + 71.0 ) - ( 5x - 9x ) ) * ( ( 9.0 - 9y ) * ( 72.0 - 4y ) ) ) * 10x ) ) * 7.0 )
ind: 305
( 71.0 * ( 2x * ( ( 49.0 + ( 34.0 - ( 7y - 35.0 ) ) ) + ( ( 6x + 3y ) + ( ( 47.0 - 22.0 ) - ( 5y * 57.0 ) ) ) ) ) )
ind: 306
( ( ( 49.0 * ( 3x - ( ( 9x + 28.0 ) * ( 5y - 5x ) ) ) ) * ( 6.0 * ( ( 7y + ( 48.0 * 2y ) ) * 70.0 ) ) ) + ( ( ( ( 3x * ( 5y + 5y ) ) * 6y ) - ( 5x * 6x ) ) - ( ( 1y - 6y ) * ( 22.0 - 6x ) ) ) )
ind: 307
( ( ( ( ( ( 65.0 - 3.0 ) - 98.0 ) + 8x ) * 8.0 ) * 2y ) * ( 53.0 - ( ( 1.0 * ( ( 10x - 9.0 ) + ( 9x + 76.0 ) ) ) + 47.0 ) ) )
ind: 308
( ( 87.0 - ( 97.0 * 4y ) ) - ( ( ( ( ( 76.0 - 59.0 ) + 26.0 ) + ( 7x * 24.0 ) ) - 97.0 ) - ( 1y - 1y ) ) )
ind: 309
( 10x * ( 8y * 6.0 ) )
ind: 310
( ( 5y + ( ( 8y * 8y ) + ( 12.0 - 5y ) ) ) * ( ( 35.0 * ( ( 4y + ( 1y * 68.0 ) ) - ( ( 43.0 + 5y ) - 1.0 ) ) ) - ( 67.0 + 4x ) ) )
ind: 311
( ( 8y - 3y ) + ( ( ( ( ( 6y * 10x ) + 64.0 ) + 3x ) + ( ( 38.0 + 5x ) * ( ( 2y * 9x ) - ( 1x + 67.0 ) ) ) ) - ( ( ( ( 82.0 + 4y ) + ( 2y - 6x ) ) * 9y ) * ( ( 6.0 + ( 94.0 * 4x ) ) - 91.0 ) ) ) )
ind: 312
( 5y * ( 23.0 - ( ( 38.0 + 2y ) * ( 4y - ( ( 1y * 2x ) + ( 66.0 - 84.0 ) ) ) ) ) )
ind: 313
( ( ( ( 9y * 7.0 ) * 69.0 ) * ( 37.0 * ( ( ( 1y + 50.0 ) * ( 6x + 91.0 ) ) * ( 10x - 79.0 ) ) ) ) - 10y )
ind: 314
( ( 10y - 2x ) - ( 7x - 95.0 ) )
ind: 315
( 1y + 10x )
ind: 316
( ( ( 10x * ( ( ( 89.0 - 2x ) + ( 8.0 * 1y ) ) + ( 2x - ( 4y - 81.0 ) ) ) ) * ( ( 54.0 + 3x ) - ( ( ( 8x + 3x ) - 4x ) + ( 3y - ( 6y + 10x ) ) ) ) ) + ( 25.0 - 10y ) )
ind: 317
( 8x + ( ( ( ( ( 11.0 * 37.0 ) * ( 2y - 1x ) ) + 64.0 ) - 86.0 ) * ( ( ( 64.0 - ( 10y * 52.0 ) ) - ( 8y + 27.0 ) ) + ( ( ( 4.0 * 3.0 ) + ( 8.0 + 10y ) ) + 7x ) ) ) )
ind: 318
( ( ( 8y * 3y ) * ( 54.0 - 8y ) ) * ( ( 8y * 5y ) * ( 74.0 * 4x ) ) )
ind: 319
( ( ( ( 60.0 * 25.0 ) * ( ( ( 79.0 * 62.0 ) - 1x ) - 10x ) ) - ( ( 6.0 * ( ( 4y + 3x ) - ( 1x + 5x ) ) ) - 3x ) ) * 10y )
ind: 320
( ( ( 1x - ( 22.0 * ( ( 9.0 + 6x ) - ( 14.0 - 6y ) ) ) ) * 9y ) - ( ( 7y * ( 9x - 58.0 ) ) - 2x ) )
ind: 321
( ( 5.0 * ( ( ( 7x + 2y ) - ( ( 96.0 - 73.0 ) + ( 29.0 - 35.0 ) ) ) * ( ( 8x - ( 8y - 6.0 ) ) - 37.0 ) ) ) * 47.0 )
ind: 322
( 4x + ( 84.0 * ( ( 9y - 5x ) * ( 2y - ( 9x + 4y ) ) ) ) )
ind: 323
( ( ( 52.0 + 5y ) - 4y ) - ( ( ( ( 4y + 1y ) - ( 9y - 25.0 ) ) - ( ( ( 8.0 + 5y ) * 5x ) - 44.0 ) ) + 3y ) )
ind: 324
( ( 89.0 - 33.0 ) * ( ( 10x * 81.0 ) - 3y ) )
ind: 325
( 49.0 - ( ( 4y + ( 71.0 * ( 5x * ( 60.0 - 4y ) ) ) ) + ( 100.0 * 72.0 ) ) )
ind: 326
( ( 7x * 2y ) * ( 9x - ( ( 18.0 + 6y ) * ( 3y + 65.0 ) ) ) )
ind: 327
( ( 4x - 38.0 ) - 1y )
ind: 328
( ( 5x - ( 10y + 3x ) ) * 9x )
ind: 329
( ( 77.0 - 45.0 ) - ( ( 78.0 * 2y ) + ( 79.0 - ( 3y - ( ( 1x + 2y ) - ( 4y * 89.0 ) ) ) ) ) )
ind: 330
( ( ( ( ( ( 4y * 76.0 ) + ( 75.0 + 6x ) ) - ( ( 33.0 - 6y ) * 36.0 ) ) + 38.0 ) * ( 2y - ( ( ( 6y - 1x ) + ( 7y - 11.0 ) ) * 6x ) ) ) - ( 1x - 10y ) )
ind: 331
( 7y - 7x )
ind: 332
( ( 40.0 + 1y ) * 1x )
ind: 333
( ( ( 4x - 4y ) - ( 3x + 1x ) ) - 1y )
ind: 334
( ( ( ( 1y + 5x ) - 7x ) - 36.0 ) + ( ( ( 55.0 - 3x ) * 15.0 ) + ( ( ( 7x * 7y ) - 50.0 ) - ( 8y - ( ( 9x + 68.0 ) - 3y ) ) ) ) )
ind: 335
( 6y + ( ( 63.0 * 1x ) * ( ( 86.0 * ( 10y * 93.0 ) ) - ( ( 9x + ( 51.0 + 42.0 ) ) + 4y ) ) ) )
ind: 336
( 8y - ( 88.0 * ( ( ( ( 9x - 88.0 ) + ( 94.0 + 1x ) ) - ( ( 97.0 * 55.0 ) + 9y ) ) * 10x ) ) )
ind: 337
( ( ( ( 65.0 - ( 7y - 51.0 ) ) * ( ( ( 99.0 * 84.0 ) + ( 19.0 * 44.0 ) ) - ( ( 1y * 10x ) + ( 2y + 2y ) ) ) ) + 8x ) * 4y )
ind: 338
( ( ( 73.0 - ( 8x + 1y ) ) - ( ( ( ( 99.0 * 87.0 ) * 6y ) * 6y ) * ( ( 90.0 - 46.0 ) + 22.0 ) ) ) * ( 3x - 1y ) )
ind: 339
( 5x * 10y )
ind: 340
( ( ( 7y + 91.0 ) * ( 21.0 + ( ( ( 3y - 1x ) * 8y ) - 21.0 ) ) ) + ( ( ( 52.0 - ( 8x - 5x ) ) - 10y ) + 6x ) )
ind: 341
( ( ( 3y - 31.0 ) + ( ( 7.0 - ( 10y + 90.0 ) ) * 6y ) ) * ( ( 1x + ( ( 21.0 - 10y ) + ( ( 8x * 10x ) * 36.0 ) ) ) - 5y ) )
ind: 342
( ( ( ( 9x + 5x ) - ( 83.0 + ( ( 10x + 98.0 ) + 2x ) ) ) * 91.0 ) - ( 46.0 - ( ( ( ( 10y - 2y ) - ( 1x * 10y ) ) + ( 1y - 3x ) ) + ( ( 6x * ( 6y - 10x ) ) - ( 40.0 * 97.0 ) ) ) ) )
ind: 343
( ( ( 6x - ( 43.0 - ( ( 53.0 - 20.0 ) - ( 8x * 15.0 ) ) ) ) + ( 2y + ( 2x + 7y ) ) ) * ( ( ( ( ( 17.0 - 6y ) + 68.0 ) - ( 8x - 9.0 ) ) - ( 51.0 + 7.0 ) ) * 3.0 ) )
ind: 344
( ( 10y * 94.0 ) * 3x )
ind: 345
( ( ( ( ( ( 3x - 92.0 ) - 2y ) - ( ( 29.0 - 73.0 ) - ( 81.0 * 5x ) ) ) - 1y ) + 20.0 ) * 35.0 )
ind: 346
( ( 5y * ( 55.0 + ( 6y * 2y ) ) ) - 3x )
ind: 347
( ( 16.0 - ( ( ( 1x * ( 7x + 63.0 ) ) + ( ( 2y * 59.0 ) + 9y ) ) - 10x ) ) + 83.0 )
ind: 348
( ( 88.0 * ( ( ( ( 8x * 21.0 ) - ( 41.0 - 51.0 ) ) * ( ( 24.0 * 2x ) - ( 9.0 - 8y ) ) ) + 8y ) ) - 8y )
ind: 349
( ( ( 2y - ( ( 28.0 * 23.0 ) - ( 8x + 77.0 ) ) ) + 4y ) - ( 5y - ( ( ( 5x + ( 8x + 1x ) ) - 2y ) * 51.0 ) ) )
ind: 350
( ( ( 4x * 5x ) * ( ( ( ( 65.0 * 9x ) - 96.0 ) * ( ( 7x * 9x ) + 4y ) ) - ( ( 92.0 + ( 32.0 - 4y ) ) * 89.0 ) ) ) * 7y )
ind: 351
( ( ( 9y + 79.0 ) * 26.0 ) * ( ( 10y + ( 1y + ( 7x - 8y ) ) ) + 62.0 ) )
ind: 352
( ( ( 6y - ( 1x - 5x ) ) + 6x ) - ( 12.0 - ( ( ( ( 6.0 * 67.0 ) * ( 99.0 + 37.0 ) ) * ( 3y * 63.0 ) ) * 11.0 ) ) )
ind: 353
( ( ( 10.0 + ( ( ( 38.0 * 25.0 ) + ( 2y * 39.0 ) ) - ( ( 1y + 29.0 ) - 48.0 ) ) ) - ( 3x * ( 4x * ( ( 8y - 73.0 ) * 83.0 ) ) ) ) - ( ( 8x * ( 6x - 93.0 ) ) * 8x ) )
ind: 354
( ( ( ( 8x - ( ( 1y - 98.0 ) + ( 67.0 + 14.0 ) ) ) * ( ( 61.0 * ( 9.0 + 10x ) ) - 5y ) ) * ( 7y + ( 94.0 - 10y ) ) ) - 5x )
ind: 355
( 80.0 + ( 25.0 + ( ( 7x * ( ( 53.0 + 1y ) - 2y ) ) + ( 29.0 * ( 31.0 + 7x ) ) ) ) )
ind: 356
( ( ( ( 2.0 - 10y ) * 53.0 ) + ( ( ( 54.0 + ( 3x * 8x ) ) - ( ( 91.0 - 56.0 ) * 4x ) ) * ( 88.0 - ( 5x - 1x ) ) ) ) - ( 12.0 + 5y ) )
ind: 357
( 6y - ( ( 9x * 3y ) - ( 35.0 + ( ( 75.0 + 1x ) + 7x ) ) ) )
ind: 358
( ( 10x * 1x ) * 10y )
ind: 359
( ( 29.0 + ( ( ( ( 45.0 + 84.0 ) + ( 9y * 5y ) ) - 48.0 ) + ( ( 2x + ( 37.0 + 4x ) ) + ( 15.0 + 78.0 ) ) ) ) + ( 97.0 - ( 8y - ( ( ( 75.0 - 1x ) + ( 98.0 * 4x ) ) + ( 8x - 35.0 ) ) ) ) )
ind: 360
( 36.0 * ( ( 4x - 7x ) - 4y ) )
ind: 361
( 1y - 2x )
ind: 362
( ( ( ( 6y - 31.0 ) * 4y ) * 6x ) * 10x )
ind: 363
( ( 49.0 - ( ( ( 10x * 2x ) * 45.0 ) - 6x ) ) - ( 7y - 7y ) )
ind: 364
( 3y + 9x )
ind: 365
( 17.0 * ( ( 5y + ( 5.0 + ( 9y - ( 71.0 * 4y ) ) ) ) - ( 7.0 * ( 31.0 - 8x ) ) ) )
ind: 366
( 12.0 - ( 3x - ( 4x + ( 42.0 * ( 8y - ( 58.0 - 6x ) ) ) ) ) )
ind: 367
( ( ( 83.0 - 15.0 ) * ( ( ( ( 10.0 * 75.0 ) - ( 70.0 - 89.0 ) ) * ( 14.0 * 10y ) ) + ( 9y - ( 2y - 18.0 ) ) ) ) * ( ( ( 45.0 - 10x ) * 8y ) - 7x ) )
ind: 368
( ( ( 8y * 65.0 ) - ( 79.0 - ( 6x - 8x ) ) ) - 56.0 )
ind: 369
( ( ( ( 7.0 - 80.0 ) + ( 20.0 * ( ( 53.0 + 12.0 ) + ( 14.0 * 2y ) ) ) ) - ( ( ( 63.0 * ( 8x * 87.0 ) ) - 6y ) + 8x ) ) + ( ( 93.0 + 6x ) - ( ( 37.0 * ( ( 83.0 + 10x ) - ( 9y - 6x ) ) ) - ( ( ( 5x - 6y ) - 10y ) + ( 17.0 - 4x ) ) ) ) )
ind: 370
( ( ( ( ( ( 5x + 6.0 ) + ( 57.0 - 23.0 ) ) - 4y ) + 64.0 ) - 7x ) + ( 1x * ( 6y - ( ( 6y + ( 5x * 100.0 ) ) - 28.0 ) ) ) )
ind: 371
( 9x + ( ( ( 7y + ( 1x - 60.0 ) ) * 7x ) - ( 10y - 1y ) ) )
ind: 372
( ( 8x - ( ( 3y + 98.0 ) + 3y ) ) + ( ( ( 57.0 - ( 83.0 * ( 82.0 * 1y ) ) ) - 16.0 ) * ( ( ( ( 4x * 4y ) + ( 54.0 * 44.0 ) ) * 2x ) + ( 13.0 * 49.0 ) ) ) )
ind: 373
( ( 8y - 8y ) - 6x )
ind: 374
( ( 1y * 8x ) + ( 9x * 29.0 ) )
ind: 375
( ( ( ( ( 11.0 * ( 7.0 - 3y ) ) - ( 8y + ( 31.0 - 10x ) ) ) * 10.0 ) * ( ( 88.0 - 61.0 ) * ( ( 1x * 10x ) * ( ( 1x * 10x ) + 5x ) ) ) ) - 8y )
ind: 376
( ( 3x + 8y ) + 44.0 )
ind: 377
( 4x + 1y )
ind: 378
( ( 34.0 - 8y ) + ( ( 6y - 7y ) - ( ( 10y + 13.0 ) * ( 93.0 * 8x ) ) ) )
ind: 379
( ( ( 68.0 - 9y ) + 10x ) * 2y )
ind: 380
( ( 36.0 * 97.0 ) - ( 4x * ( ( ( 7.0 - ( 1y * 6x ) ) + 7y ) + ( 69.0 - 71.0 ) ) ) )
ind: 381
( 7.0 * ( 8x - 5y ) )
ind: 382
( 38.0 - ( ( 10x * 2x ) - ( ( ( 5x * 4x ) - ( 2y + 6y ) ) * ( ( 16.0 * ( 27.0 - 2x ) ) - 84.0 ) ) ) )
ind: 383
( ( ( 1y - 51.0 ) * 3x ) - 10x )
ind: 384
( 10x - ( ( 33.0 - 98.0 ) - ( ( ( ( 8y + 9x ) * 9x ) + 88.0 ) * 9x ) ) )
ind: 385
( 10x + 6y )
ind: 386
( 4x + ( 3x * ( ( ( ( 46.0 - 8x ) + 4y ) + ( ( 8x - 63.0 ) * ( 96.0 + 70.0 ) ) ) - 8y ) ) )
ind: 387
( ( ( 3y - 9x ) + 93.0 ) + 24.0 )
ind: 388
( ( ( 8x * ( 43.0 * 69.0 ) ) - ( ( ( 71.0 * ( 3x + 8y ) ) * 5x ) - ( 5y + 3x ) ) ) - 10x )
ind: 389
( ( 31.0 - ( ( 44.0 * 3x ) + 80.0 ) ) - ( ( 3y * 10x ) + ( ( 24.0 + ( ( 5x * 72.0 ) * 82.0 ) ) * ( 45.0 * ( ( 10x * 62.0 ) + ( 2.0 + 26.0 ) ) ) ) ) )
ind: 390
( ( ( ( ( 58.0 + ( 4y - 38.0 ) ) * 93.0 ) - 4x ) + ( 1.0 - ( ( ( 9y * 62.0 ) + 46.0 ) + 6y ) ) ) + ( 6y + ( ( ( 53.0 - ( 10y - 31.0 ) ) + ( 47.0 - ( 32.0 * 8y ) ) ) + 1y ) ) )
ind: 391
( ( ( ( 4y - 10y ) + ( ( ( 67.0 + 10y ) * 8y ) * ( ( 4y * 6x ) + ( 5y + 3x ) ) ) ) - 37.0 ) - ( 50.0 + ( ( 69.0 * ( 2.0 + ( 4.0 - 12.0 ) ) ) - 9y ) ) )
ind: 392
( ( ( 93.0 * ( 4y - ( 14.0 + ( 5x * 8x ) ) ) ) + 14.0 ) + 4x )
ind: 393
( ( ( ( 9.0 - ( 18.0 - ( 25.0 + 98.0 ) ) ) * ( ( ( 8x - 65.0 ) * 4y ) * 10x ) ) - 3y ) + 53.0 )
ind: 394
( 38.0 - ( ( ( 5x + ( ( 5y - 60.0 ) + 1y ) ) * 44.0 ) - ( ( 1y + 29.0 ) + 9.0 ) ) )
ind: 395
( ( ( 3x * ( 69.0 - ( ( 94.0 - 90.0 ) - 80.0 ) ) ) * ( 42.0 * ( 37.0 - 8y ) ) ) - ( 10x * 10x ) )
ind: 396
( ( 88.0 - ( ( ( 6x - 6.0 ) * 50.0 ) + ( 1.0 - 3.0 ) ) ) - ( ( ( ( 9y * 24.0 ) - 6y ) * ( 72.0 - 8x ) ) - 40.0 ) )
ind: 397
( ( 7y - 6y ) + ( 94.0 * 6x ) )
ind: 398
( ( 6x + ( 22.0 + ( ( ( 4y * 2x ) + 9y ) * ( 9x * ( 10.0 * 4x ) ) ) ) ) * 3y )
ind: 399
( ( ( ( 6y * 72.0 ) - ( 5x - 33.0 ) ) * 8x ) - 10x )
ind: 400
( ( ( 1x - ( ( ( 12.0 + 91.0 ) + 4y ) + 2y ) ) * 69.0 ) - ( 8y + ( ( ( 6y + 10y ) * ( 2y + ( 55.0 + 10y ) ) ) + ( ( ( 7x - 3y ) * 7y ) - ( ( 6y + 95.0 ) + ( 46.0 + 3x ) ) ) ) ) )
ind: 401
( ( ( ( 54.0 * 3.0 ) + 4y ) + ( 47.0 + ( 94.0 - 9x ) ) ) + 66.0 )
ind: 402
( ( ( ( ( ( 41.0 * 4x ) * 31.0 ) + 8x ) * 10y ) + ( ( 75.0 + ( ( 7y - 5y ) - 23.0 ) ) + ( ( ( 6y - 86.0 ) * ( 1x + 69.0 ) ) - ( ( 10x * 6x ) - ( 3y + 5x ) ) ) ) ) - 21.0 )
ind: 403
( ( ( 8x - 10x ) - 6y ) * 1y )
ind: 404
( ( ( ( 5y + 10x ) + 2x ) + 20.0 ) + 4y )
ind: 405
( ( 60.0 - ( ( 6y + 7y ) - ( ( 80.0 + 22.0 ) + 3x ) ) ) + ( ( ( 94.0 * ( 55.0 - 52.0 ) ) * ( ( 78.0 * ( 91.0 + 5y ) ) - ( 4x - ( 2.0 * 6y ) ) ) ) * 38.0 ) )
ind: 406
( ( 41.0 * 10y ) + 3x )
ind: 407
( ( ( ( 36.0 * ( 8y - 45.0 ) ) - ( 5x * ( 75.0 * ( 1y * 84.0 ) ) ) ) * 3y ) + 6.0 )
ind: 408
( ( ( ( ( 36.0 - ( 71.0 + 1.0 ) ) + 64.0 ) + ( 9x + 7y ) ) - 22.0 ) * ( 7y * ( ( 8y * ( ( 1x - 36.0 ) * ( 27.0 * 3y ) ) ) * 33.0 ) ) )
ind: 409
( ( 96.0 * ( 89.0 * 4x ) ) + ( 3y + 4x ) )
ind: 410
( ( 6y + ( 1x * ( 3x - ( ( 51.0 - 74.0 ) - ( 10x * 39.0 ) ) ) ) ) - 58.0 )
ind: 411
( ( ( ( 5x + ( 9y - ( 73.0 * 85.0 ) ) ) + 67.0 ) + ( ( ( ( 7x - 1x ) - ( 18.0 * 18.0 ) ) * ( ( 8x * 6y ) - 4y ) ) - ( ( ( 54.0 + 84.0 ) * ( 3x - 7y ) ) * 56.0 ) ) ) - 1y )
ind: 412
( ( ( ( 99.0 * ( 9x + ( 1y * 65.0 ) ) ) * 28.0 ) + ( 79.0 * ( ( 10x + 57.0 ) + ( ( 8x * 46.0 ) - ( 64.0 * 1x ) ) ) ) ) * ( 68.0 * 29.0 ) )
ind: 413
( ( ( 4.0 - ( 8y * ( 7x * 6y ) ) ) * ( 7x * 7y ) ) - 5x )
ind: 414
( 3x - ( 2x + 2y ) )
ind: 415
( ( 93.0 + ( ( ( ( 4x * 6y ) - ( 3x - 9x ) ) + 4x ) + ( 9y * 9y ) ) ) + 100.0 )
ind: 416
( ( 49.0 * ( ( ( 9x + ( 8x - 5x ) ) - 5y ) - 74.0 ) ) - 4y )
ind: 417
( ( ( 10y + 41.0 ) * ( ( ( 5x + 6x ) - ( 6y - 41.0 ) ) - 3x ) ) + ( ( 85.0 + 8.0 ) * ( 65.0 - ( ( 14.0 * 4x ) * 77.0 ) ) ) )
ind: 418
( 20.0 - ( ( ( 2y + ( ( 80.0 * 7x ) + ( 10y * 2y ) ) ) - ( 98.0 - ( ( 10x + 38.0 ) - ( 18.0 + 1.0 ) ) ) ) - ( 2x + ( ( 9.0 + 99.0 ) - ( 3y * ( 12.0 - 5y ) ) ) ) ) )
ind: 419
( ( ( 7x * 7y ) - ( 7x * 15.0 ) ) * 79.0 )
ind: 420
( 3x - ( 6x - ( ( ( ( 6x * 6y ) + 8x ) + ( ( 58.0 - 63.0 ) + 44.0 ) ) + ( ( ( 8x - 3x ) + 2y ) - 100.0 ) ) ) )
ind: 421
( ( 50.0 * 3x ) * ( 9y * 7x ) )
ind: 422
( 2y + ( 7x + 5x ) )
ind: 423
( ( 1y * ( 42.0 * 7x ) ) * ( ( 9x * ( 1x + ( 6.0 + ( 2y - 5y ) ) ) ) + 10x ) )
ind: 424
( ( 53.0 + ( ( 67.0 * ( ( 3x + 10x ) + ( 1x + 6y ) ) ) * 86.0 ) ) * 15.0 )
ind: 425
( ( ( ( 1.0 - 4y ) - ( ( ( 34.0 + 84.0 ) * 6y ) + ( ( 5y + 1y ) - 2x ) ) ) + 6x ) * ( ( 9x + ( ( 3.0 * ( 100.0 - 11.0 ) ) + ( ( 8y - 40.0 ) - ( 7x + 37.0 ) ) ) ) * ( 4y - 1x ) ) )
ind: 426
( ( 37.0 - ( 4y + ( 7y + ( 6x * ( 7.0 - 1x ) ) ) ) ) - ( ( 69.0 - ( ( 3y + ( 8y * 9y ) ) + ( 66.0 - 80.0 ) ) ) * ( ( ( ( 39.0 + 9y ) + ( 38.0 + 11.0 ) ) + 1x ) * 3x ) ) )
ind: 427
( ( ( 4y * 85.0 ) * 4y ) + ( 9y * 3x ) )
ind: 428
( 1x + ( ( ( ( ( 63.0 * 4y ) * 22.0 ) + ( 4y + 2x ) ) - ( ( ( 87.0 + 97.0 ) - ( 3.0 - 87.0 ) ) - ( ( 6y + 49.0 ) * ( 10x + 9.0 ) ) ) ) - ( ( 10y + ( 4y + ( 94.0 + 4x ) ) ) - ( ( 5x + 49.0 ) + ( 37.0 - 96.0 ) ) ) ) )
ind: 429
( 3x - ( 15.0 - 4y ) )
ind: 430
( ( 85.0 + 6y ) - ( ( ( ( ( 6x + 7x ) + 7y ) - 7y ) - 1y ) + 52.0 ) )
ind: 431
( ( 86.0 * 6y ) + 6x )
ind: 432
( 2x * ( ( 61.0 + ( ( ( 1x * 19.0 ) - 10x ) - ( 9x * ( 23.0 - 6y ) ) ) ) + ( 9x * ( ( 3y - ( 64.0 - 3x ) ) - 1y ) ) ) )
ind: 433
( 5y * 2x )
ind: 434
( ( 34.0 - ( 8x - ( 3y + ( ( 1x - 9y ) - ( 2y + 6y ) ) ) ) ) - ( 6x + 31.0 ) )
ind: 435
( ( ( ( ( ( 2.0 * 1y ) * ( 2y - 58.0 ) ) + ( 40.0 * 7y ) ) * 7x ) * 58.0 ) * ( ( ( 2x - 8y ) + ( 8x + ( ( 6y - 6y ) * ( 2y + 38.0 ) ) ) ) + ( ( ( 8y - ( 9x * 32.0 ) ) * 78.0 ) + ( 10x + ( ( 4.0 + 97.0 ) + 8.0 ) ) ) ) )
ind: 436
( ( 6y + 6x ) - 4x )
ind: 437
( 6x * 9y )
ind: 438
( ( ( 4y * 1x ) + ( ( 41.0 * 6y ) - ( ( 49.0 - 17.0 ) * 4y ) ) ) + 1y )
ind: 439
( ( ( ( ( 1x * ( 7y - 6y ) ) * ( ( 8y - 41.0 ) - ( 5y + 77.0 ) ) ) + ( ( ( 13.0 + 49.0 ) - ( 10.0 * 58.0 ) ) + 8x ) ) * 47.0 ) - ( 1x + ( ( 6x + 10x ) + 9x ) ) )
ind: 440
( ( 10x - ( ( 38.0 + 89.0 ) * 22.0 ) ) * 2y )
ind: 441
( 27.0 - ( ( ( 30.0 - ( ( 75.0 - 84.0 ) + 73.0 ) ) - 19.0 ) * ( ( ( 3x + ( 1y * 29.0 ) ) - 48.0 ) + 66.0 ) ) )
ind: 442
( 8x * ( ( ( ( 53.0 - 9x ) - 8y ) * ( 43.0 + 47.0 ) ) * 60.0 ) )
ind: 443
( 3x * ( ( 81.0 - ( ( 1y - ( 4y - 5y ) ) * 17.0 ) ) + 94.0 ) )
ind: 444
( ( 21.0 + ( ( ( ( 10x + 40.0 ) + ( 5y * 6y ) ) * ( 1y + ( 6x + 48.0 ) ) ) * 2x ) ) * 39.0 )
ind: 445
( 2y * 5x )
ind: 446
( 3x + ( 89.0 * ( 9x - 4y ) ) )
ind: 447
( 9x - 5y )
ind: 448
( ( 74.0 * ( 94.0 + ( ( 59.0 - 33.0 ) - ( 18.0 + ( 5x + 21.0 ) ) ) ) ) * 4y )
ind: 449
( ( ( ( 95.0 * ( ( 95.0 - 1x ) + 59.0 ) ) + 98.0 ) - ( ( 6x - ( ( 21.0 - 3x ) + 30.0 ) ) - ( ( ( 10x + 6x ) - ( 5y + 20.0 ) ) + 7x ) ) ) * 3x )
ind: 450
( ( ( 70.0 * ( ( 87.0 - 5y ) + 9x ) ) - ( ( 49.0 * ( ( 7y - 7x ) + 2y ) ) + ( 94.0 - 4x ) ) ) - 16.0 )
ind: 451
( ( ( 79.0 - ( ( ( 6y + 3x ) - 9x ) * 40.0 ) ) * 71.0 ) * 44.0 )
ind: 452
( 4y * ( ( ( ( ( 69.0 - 83.0 ) - 92.0 ) + 4x ) * ( 26.0 * ( ( 4x * 57.0 ) + 2y ) ) ) - ( ( ( 4x * 8x ) * 3x ) + ( ( ( 6y + 25.0 ) + ( 59.0 + 5y ) ) - ( 99.0 * 53.0 ) ) ) ) )
ind: 453
( 76.0 + ( ( 7y - 3x ) * ( ( ( 27.0 - 83.0 ) - 10y ) - ( ( ( 91.0 + 8.0 ) - 64.0 ) * 10y ) ) ) )
ind: 454
( 7x - 5y )
ind: 455
( ( 5y - ( ( ( ( 50.0 - 28.0 ) * 7x ) + ( ( 4x + 3y ) + ( 5x * 24.0 ) ) ) * 4y ) ) + 43.0 )
ind: 456
( ( ( ( 3y + ( 80.0 - ( 80.0 * 8.0 ) ) ) - 55.0 ) * 9x ) * ( 2y + 41.0 ) )
ind: 457
( ( 9x * ( 3x - 5y ) ) * 3y )
ind: 458
( ( 3y + ( ( 57.0 - 74.0 ) - 25.0 ) ) + ( 3y + ( 1y + ( ( ( 2y - 9y ) - ( 2y - 5x ) ) - ( 7y * 5x ) ) ) ) )
ind: 459
( ( 8y - ( ( ( 1x + 7y ) * 5y ) * ( ( 89.0 - ( 4y + 51.0 ) ) + 92.0 ) ) ) + 37.0 )
ind: 460
( ( ( 96.0 + 5x ) + ( ( ( ( 6x * 40.0 ) + 4x ) - 7y ) * 2x ) ) - ( 13.0 + 64.0 ) )
ind: 461
( ( 9x - ( ( 48.0 + ( 10y * 70.0 ) ) - ( 46.0 - ( ( 2x + 25.0 ) + ( 6.0 - 6.0 ) ) ) ) ) - 83.0 )
ind: 462
( ( 35.0 * ( 10y - 7y ) ) * ( 10x + 5x ) )
ind: 463
( ( ( 7y + 4x ) - ( 6x * 42.0 ) ) + ( 9y - ( 36.0 - 12.0 ) ) )
ind: 464
( 3y + ( 89.0 - ( ( 19.0 * ( ( 1y + 9x ) - 66.0 ) ) + 9x ) ) )
ind: 465
( 99.0 - ( ( 5y - 3y ) + ( ( ( 4y + 17.0 ) - ( ( 1x + 85.0 ) - ( 7x + 5x ) ) ) + 96.0 ) ) )
ind: 466
( ( 62.0 - ( 3x + 4y ) ) + 10y )
ind: 467
( ( 6y - ( ( 8x + ( 67.0 + 80.0 ) ) * 12.0 ) ) - ( 6y * ( ( ( ( 84.0 - 36.0 ) + 67.0 ) - 1x ) - 7x ) ) )
ind: 468
( ( ( ( 19.0 * 10y ) - ( ( 50.0 - ( 77.0 * 99.0 ) ) + 5x ) ) + 5y ) + 8y )
ind: 469
( 1x - ( ( ( 79.0 * ( 8y * 2x ) ) * 5y ) * ( 72.0 + 3x ) ) )
ind: 470
( ( 84.0 * ( 5x + ( 10.0 - 28.0 ) ) ) - ( ( ( 6y + 9x ) + 75.0 ) + 3.0 ) )
ind: 471
( ( ( 92.0 - 52.0 ) + ( ( ( 67.0 - 8y ) - 9y ) - ( ( ( 93.0 + 61.0 ) - ( 44.0 + 4x ) ) + ( ( 6y + 37.0 ) - ( 8x * 2x ) ) ) ) ) - ( 98.0 - 24.0 ) )
ind: 472
( 17.0 - ( ( ( ( ( 35.0 + 3x ) * 70.0 ) * ( ( 45.0 * 84.0 ) * ( 1y - 90.0 ) ) ) + ( ( 6y + 8y ) - 6y ) ) * 1.0 ) )
ind: 473
( ( ( 29.0 + 27.0 ) * ( 5x - 9y ) ) * 8x )
ind: 474
( ( 3y * ( ( ( 4x * ( 7x - 1y ) ) - ( ( 9y + 1x ) - ( 88.0 - 8x ) ) ) - ( 99.0 - 3x ) ) ) * ( ( ( 2x + ( ( 9y + 32.0 ) + 74.0 ) ) - ( 10y * ( 13.0 * 98.0 ) ) ) * ( 8x + ( ( 75.0 * ( 1y - 54.0 ) ) - 3y ) ) ) )
ind: 475
( ( 87.0 * ( ( 63.0 + ( ( 6x * 4x ) + ( 4x * 2x ) ) ) - 2x ) ) + 9y )
ind: 476
( 6x * 6y )
ind: 477
( 92.0 * ( 2y + ( 6y * ( ( 77.0 + ( 39.0 * 10x ) ) - 7y ) ) ) )
ind: 478
( 1y - ( ( ( 6.0 * ( ( 8.0 + 8x ) + ( 8y + 9x ) ) ) + ( 7y + 92.0 ) ) + ( ( ( 1x + ( 8x - 9y ) ) + ( ( 7y - 4x ) * ( 61.0 - 4x ) ) ) + ( ( ( 20.0 - 3x ) * 5y ) * ( 7x * 41.0 ) ) ) ) )
ind: 479
( ( 8x - 6x ) + 9y )
ind: 480
( 82.0 * ( 24.0 - ( ( 10y - 14.0 ) + ( ( 52.0 - 10x ) + ( ( 64.0 * 6x ) - ( 3x + 6x ) ) ) ) ) )
ind: 481
( ( ( 75.0 - ( ( ( 6x + 2y ) * ( 51.0 + 9x ) ) - 37.0 ) ) - ( ( ( ( 9x + 40.0 ) + 73.0 ) * 10y ) * 5y ) ) - 93.0 )
ind: 482
( ( ( ( ( 80.0 + ( 1x + 52.0 ) ) * 85.0 ) - 8y ) + ( ( ( ( 8x * 83.0 ) - ( 66.0 - 5x ) ) + ( 7x - 8y ) ) + 20.0 ) ) * 8y )
ind: 483
( ( ( 4y - ( ( 10y + ( 74.0 + 7y ) ) + 9x ) ) - 63.0 ) - ( 89.0 * ( ( ( 6y - 100.0 ) * ( ( 7x - 88.0 ) + 10y ) ) + ( 79.0 + ( ( 54.0 * 5y ) - ( 9y + 32.0 ) ) ) ) ) )
ind: 484
( ( ( 24.0 - ( 8x + ( ( 3x * 5x ) - 6y ) ) ) * 65.0 ) - 4x )
ind: 485
( ( 4y * 8y ) * ( ( ( ( 33.0 - ( 56.0 * 2y ) ) * ( ( 10y - 10x ) * ( 7y + 34.0 ) ) ) + ( 10x + 4x ) ) + ( ( ( 10x + 44.0 ) + 1y ) * ( 4y * ( 61.0 * ( 5x * 4.0 ) ) ) ) ) )
ind: 486
( 1y * ( ( ( 66.0 + 91.0 ) + ( ( ( 3y * 18.0 ) - 44.0 ) - ( 4x + ( 55.0 - 32.0 ) ) ) ) - 22.0 ) )
ind: 487
( ( ( 1x * ( 7.0 * 75.0 ) ) + 25.0 ) * ( ( ( ( ( 12.0 * 1x ) * ( 84.0 * 6x ) ) * ( ( 8y * 37.0 ) - ( 40.0 - 1y ) ) ) * ( 36.0 - ( 3y - ( 10.0 - 45.0 ) ) ) ) + ( 61.0 - 10y ) ) )
ind: 488
( 4y + ( ( ( 47.0 * ( ( 8y + 8x ) + 73.0 ) ) + ( ( 6.0 * ( 9y - 3y ) ) + 52.0 ) ) - 6y ) )
ind: 489
( 9x * ( 4y * 1x ) )
ind: 490
( ( 71.0 * 8x ) - ( 6y - 74.0 ) )
ind: 491
( 4x + 9y )
ind: 492
( 6.0 * ( 7x - 7y ) )
ind: 493
( 9y - ( ( ( ( 43.0 - ( 70.0 + 4x ) ) - 58.0 ) + ( ( 3y + ( 5x * 34.0 ) ) + ( ( 89.0 * 4y ) * ( 5x * 69.0 ) ) ) ) * 9x ) )
ind: 494
( 4y * ( 3y * ( ( ( ( 100.0 - 4y ) * 10y ) + 7y ) + ( ( 50.0 + ( 21.0 - 10y ) ) + ( 9x + 18.0 ) ) ) ) )
ind: 495
( ( 3y * ( ( ( 8y * ( 6x - 7y ) ) - 77.0 ) * ( ( 7y * ( 10y + 3y ) ) - 19.0 ) ) ) + ( 18.0 * 86.0 ) )
ind: 496
( ( ( 73.0 * 10x ) + 10y ) - ( ( ( 10y * 10x ) - ( 51.0 + ( 4x - ( 5y + 2y ) ) ) ) - 1y ) )
ind: 497
( ( ( 8x * ( 1x + 17.0 ) ) - ( 3y + 58.0 ) ) * ( ( ( ( ( 5x + 2x ) * 29.0 ) * ( 3.0 + ( 9y - 66.0 ) ) ) + 100.0 ) + ( 1x - ( ( ( 28.0 * 3x ) * 5y ) - ( ( 1y + 59.0 ) * ( 8y + 32.0 ) ) ) ) ) )
ind: 498
( 5y + ( 2x * ( ( ( 7x + ( 8y * 2x ) ) - ( ( 8x - 7y ) * 3y ) ) - ( 82.0 + ( 31.0 - ( 8y - 23.0 ) ) ) ) ) )
ind: 499
( 7y + ( ( ( 5x - ( ( 21.0 * 66.0 ) * 3y ) ) - 8y ) - ( ( 15.0 + ( 1y - ( 10y - 3y ) ) ) * ( 23.0 - 10x ) ) ) )
ind: 500
( ( 67.0 - ( 9x + ( 8y + 32.0 ) ) ) + ( ( ( ( ( 78.0 * 88.0 ) - ( 9y - 10y ) ) * ( 37.0 * 23.0 ) ) - 1x ) + ( ( ( 9y - ( 1y - 10.0 ) ) - ( ( 35.0 + 1y ) * 10y ) ) + 3y ) ) )
Best Ind: ( 6x - ( 5y - 1y ) )
Fitness = 22.5579723675
Worst Ind: ( ( ( 39.0 + 80.0 ) * 6x ) - ( ( 5y + ( 5y - ( 99.0 * 6x ) ) ) * ( ( ( ( 96.0 + 2x ) * 66.0 ) + 78.0 ) * ( 56.0 * ( ( 10x * 37.0 ) * ( 94.0 + 28.0 ) ) ) ) ) )
Fitness = 4.32793004564e+13
Avg Fitness = 89026048201.1
Duplicated = 0
============================================================================
Evaluate Gen  1
New Population 692
Better than Dads 49
Best Ind: ( 6x - ( 5y - 1y ) )
Fitness = 22.5579723675
Worst Ind: ( ( ( ( ( ( 1y * 99.0 ) * ( 83.0 * 41.0 ) ) - 4x ) + 66.0 ) + 3.0 ) * 46.0 )
Fitness = 158887.68
Avg Fitness = 13867.0462274
Duplicated = 7
============================================================================
Evaluate Gen  2
New Population 705
Better than Dads 69
Best Ind: ( 6x - ( 5y - 1y ) )
Fitness = 22.5579723675
Worst Ind: ( ( 96.0 + 5x ) * ( ( ( 45.0 - 10x ) * 8y ) - 7x ) )
Fitness = 8767.654
Avg Fitness = 2160.86941866
Duplicated = 21
============================================================================
Evaluate Gen  3
New Population 702
Better than Dads 66
Best Ind: ( ( ( 1y - 1x ) * 1x ) * ( ( 4y + 30.0 ) - 2x ) )
Fitness = 3.411216
Worst Ind: ( ( 7y * 8x ) - ( 6y - 74.0 ) )
Fitness = 3700.0
Avg Fitness = 1166.59413798
Duplicated = 26
============================================================================
Evaluate Gen  4
New Population 707
Better than Dads 68
Best Ind: ( ( ( 1y - 1x ) * 1x ) * ( ( 4y + 30.0 ) - 2x ) )
Fitness = 3.411216
Worst Ind: ( ( 10x * ( ( 1x - 10y ) - 3x ) ) + ( ( ( 52.0 - 3x ) * 81.0 ) - ( ( 10y * 4x ) - 39.0 ) ) )
Fitness = 2083.212
Avg Fitness = 609.599229513
Duplicated = 34
============================================================================
Evaluate Gen  5
New Population 683
Better than Dads 68
Best Ind: ( ( ( 1y - 1x ) * 1x ) * ( ( 4y + 30.0 ) - 2x ) )
Fitness = 3.411216
Worst Ind: ( 32.0 - ( ( ( ( 81.0 - 5y ) * 6x ) * 2y ) * ( ( 3x + 8y ) + ( ( ( 97.0 * 31.0 ) * ( 6y + 3x ) ) - 5x ) ) ) )
Fitness = 1058.42762192
Avg Fitness = 321.363534054
Duplicated = 35
============================================================================
Evaluate Gen  6
New Population 704
Better than Dads 68
Best Ind: ( ( ( 1y - 1x ) * 1x ) * ( ( 4y + 30.0 ) - 2x ) )
Fitness = 3.411216
Worst Ind: ( ( 9y * ( 42.0 * ( 4x * 26.0 ) ) ) - ( 10x * 10x ) )
Fitness = 444.04
Avg Fitness = 197.401517399
Duplicated = 47
============================================================================
Evaluate Gen  7
New Population 699
Better than Dads 71
Best Ind: ( ( ( 1y - 1x ) * 1x ) * ( ( 4y + 30.0 ) - 2x ) )
Fitness = 3.411216
Worst Ind: ( 8y * ( 2x - 3y ) )
Fitness = 286.994328642
Avg Fitness = 149.375496831
Duplicated = 50
============================================================================
Evaluate Gen  8
New Population 707
Better than Dads 66
Best Ind: ( ( ( 1y - 1x ) * 1x ) * ( ( 4y + 30.0 ) - 2x ) )
Fitness = 3.411216
Worst Ind: ( ( 80.0 - ( ( 10y * 4x ) - 39.0 ) ) - ( ( 4x + 9y ) * 3x ) )
Fitness = 206.9256
Avg Fitness = 121.625514493
Duplicated = 60
============================================================================
Evaluate Gen  9
New Population 703
Better than Dads 63
Best Ind: ( ( ( 1y - 1x ) * 1x ) * ( ( 4y + 30.0 ) - 2x ) )
Fitness = 3.411216
Worst Ind: ( ( 9x - 7y ) + ( 62.0 - 1x ) )
Fitness = 170.925806572
Avg Fitness = 103.43127314
Duplicated = 75
============================================================================
Evaluate Gen  10
New Population 706
Better than Dads 65
Best Ind: ( ( ( 1y - 1x ) * 1x ) * ( ( 4y + 30.0 ) - 2x ) )
Fitness = 3.411216
Worst Ind: ( 2x * ( ( ( ( 71.0 + 2y ) * 7x ) - ( 3y - ( ( 7x - 5y ) + 5x ) ) ) + ( ( 8x * 76.0 ) - ( ( 4x - 10x ) * 3y ) ) ) )
Fitness = 139.13048
Avg Fitness = 85.5875977299
Duplicated = 90
============================================================================
Evaluate Gen  11
New Population 723
Better than Dads 70
Best Ind: ( ( ( 1y - 1x ) * 1x ) * ( ( 4y + 30.0 ) - 2x ) )
Fitness = 3.411216
Worst Ind: ( ( 1y - ( ( 1y * ( 40.0 - 6x ) ) - 23.0 ) ) - 9x )
Fitness = 117.18
Avg Fitness = 71.4870790456
Duplicated = 98
============================================================================
Evaluate Gen  12
New Population 702
Better than Dads 62
Best Ind: ( ( ( 1y - 1x ) * 1x ) * ( ( 4y + 30.0 ) - 2x ) )
Fitness = 3.411216
Worst Ind: ( ( 71.0 * ( ( 4x - 8y ) * ( 10x + 85.0 ) ) ) - ( 1y - 7x ) )
Fitness = 91.14
Avg Fitness = 61.7333723279
Duplicated = 97
============================================================================
Evaluate Gen  13
New Population 717
Better than Dads 64
Best Ind: ( ( ( 1y - 1x ) * 1x ) * ( ( 4y + 30.0 ) - 2x ) )
Fitness = 3.411216
Worst Ind: ( ( ( 8x - 65.0 ) - 7y ) * 1y )
Fitness = 83.7066791873
Avg Fitness = 53.2539691061
Duplicated = 85
============================================================================
Evaluate Gen  14
New Population 713
Better than Dads 66
Best Ind: ( ( ( 1y - 1x ) * 1x ) * ( ( 4y + 30.0 ) - 2x ) )
Fitness = 3.411216
Worst Ind: ( ( 4x - 3y ) + ( 1x * ( 11.0 - 4x ) ) )
Fitness = 69.7555171024
Avg Fitness = 46.7267283741
Duplicated = 82
============================================================================
Evaluate Gen  15
New Population 723
Better than Dads 59
Best Ind: ( ( ( 1y - 1x ) * 1x ) * ( ( 4y + 30.0 ) - 2x ) )
Fitness = 3.411216
Worst Ind: ( ( ( ( 7y - 7x ) * ( 43.0 * 69.0 ) ) - ( ( 10x + 6y ) - ( 5y + 3x ) ) ) - ( ( 5y + 5y ) * 1x ) )
Fitness = 56.904
Avg Fitness = 41.3877426333
Duplicated = 97
============================================================================
Evaluate Gen  16
New Population 715
Better than Dads 63
Best Ind: ( ( ( 1y - 1x ) * 1x ) * ( ( 4y + 30.0 ) - 2x ) )
Fitness = 3.411216
Worst Ind: ( ( 77.0 * ( ( ( 77.0 * ( 7y * 6y ) ) - 4x ) * 6y ) ) - 4x )
Fitness = 52.08
Avg Fitness = 38.1661500105
Duplicated = 83
============================================================================
Evaluate Gen  17
New Population 710
Better than Dads 52
Best Ind: ( ( ( 1y - 1x ) * 1x ) * ( ( 4y + 30.0 ) - 2x ) )
Fitness = 3.411216
Worst Ind: ( ( ( ( 10y - 97.0 ) - 2x ) + 6x ) * 1y )
Fitness = 45.5232
Avg Fitness = 34.0828732916
Duplicated = 99
============================================================================
Evaluate Gen  18
New Population 696
Better than Dads 51
Best Ind: ( ( ( 1y - 1x ) * 1x ) * ( ( 4y + 30.0 ) - 2x ) )
Fitness = 3.411216
Worst Ind: ( ( 6x + 3x ) - 2y )
Fitness = 45.1159447349
Avg Fitness = 31.1903806229
Duplicated = 87
============================================================================
Evaluate Gen  19
New Population 710
Better than Dads 63
Best Ind: ( ( ( 1y - 1x ) * 1x ) * ( ( 4y + 30.0 ) - 2x ) )
Fitness = 3.411216
Worst Ind: ( ( ( ( 4y * 1x ) - 2y ) * ( ( ( 79.0 * 62.0 ) - 1x ) - 3y ) ) - ( ( 6.0 * ( ( 4y + 3x ) - ( 1x + 5x ) ) ) - 3x ) )
Fitness = 39.06
Avg Fitness = 27.6234130537
Duplicated = 94
============================================================================
Evaluate Gen  20
New Population 727
Better than Dads 69
Best Ind: ( 1y * ( ( ( 10x + 6y ) - 1y ) * 1x ) )
Fitness = 2.59505730919
Worst Ind: ( ( 1x + 2y ) - ( 1y * 6x ) )
Fitness = 34.1424
Avg Fitness = 24.7554021914
Duplicated = 84
============================================================================
Evaluate Gen  21
New Population 718
Better than Dads 64
Best Ind: ( 1y * ( ( ( 10x + 6y ) - 1y ) * 1x ) )
Fitness = 2.59505730919
Worst Ind: ( 27.0 - ( 7x - ( ( ( 7x - 3y ) - ( 1x + 3x ) ) - ( ( ( 59.0 - 5y ) + 66.0 ) - 2x ) ) ) )
Fitness = 26.04
Avg Fitness = 23.2230723664
Duplicated = 74
============================================================================
Evaluate Gen  22
New Population 695
Better than Dads 35
Best Ind: ( 1y * ( ( ( 10x + 6y ) - 1y ) * 1x ) )
Fitness = 2.59505730919
Worst Ind: ( ( 7y * ( 9x - 58.0 ) ) - 2x )
Fitness = 26.04
Avg Fitness = 22.7027916597
Duplicated = 73
============================================================================
Evaluate Gen  23
New Population 702
Better than Dads 48
Best Ind: ( 1y * ( ( ( 10x + 6y ) - 1y ) * 1x ) )
Fitness = 2.59505730919
Worst Ind: ( ( 56.0 * ( ( 89.0 + 5y ) * 8y ) ) - 2x )
Fitness = 26.04
Avg Fitness = 21.9258221534
Duplicated = 75
============================================================================
Evaluate Gen  24
New Population 723
Better than Dads 60
Best Ind: ( 1y * ( ( ( 10x + 6y ) - 1y ) * 1x ) )
Fitness = 2.59505730919
Worst Ind: ( ( 2.0 * ( 5y + ( 2x * 7x ) ) ) - 2x )
Fitness = 26.04
Avg Fitness = 20.7707636001
Duplicated = 94
============================================================================
Evaluate Gen  25
New Population 715
Better than Dads 60
Best Ind: ( 1y * ( ( ( 10x + 6y ) - 1y ) * 1x ) )
Fitness = 2.59505730919
Worst Ind: ( ( ( 60.0 * 25.0 ) * 1y ) - ( 4y * 1x ) )
Fitness = 22.7616
Avg Fitness = 19.8473699512
Duplicated = 116
============================================================================
Evaluate Gen  26
New Population 731
Better than Dads 60
Best Ind: ( 1y * ( ( ( 10x + 6y ) - 1y ) * 1x ) )
Fitness = 2.59505730919
Worst Ind: ( ( 35.0 - ( ( ( ( 5x * 73.0 ) - 6x ) - 19.0 ) + ( 39.0 * ( ( 6y - 40.0 ) * 3y ) ) ) ) - 1y )
Fitness = 22.5579723675
Avg Fitness = 19.0321908035
Duplicated = 93
============================================================================
Evaluate Gen  27
New Population 706
Better than Dads 40
Best Ind: ( 1y * ( 1x * 1x ) )
Fitness = 2.031108
Worst Ind: ( ( 35.0 - ( ( ( 4x * 1y ) - 19.0 ) + 6y ) ) - 1y )
Fitness = 22.5579723675
Avg Fitness = 18.2448866941
Duplicated = 86
============================================================================
Evaluate Gen  28
New Population 710
Better than Dads 55
Best Ind: ( 1y * ( 1x * 1x ) )
Fitness = 2.031108
Worst Ind: ( ( ( 4x - 4y ) - 7x ) - 1y )
Fitness = 22.5579723675
Avg Fitness = 17.2557111109
Duplicated = 91
============================================================================
Evaluate Gen  29
New Population 733
Better than Dads 74
Best Ind: ( 1y * ( 1x * 1x ) )
Fitness = 2.031108
Worst Ind: ( ( 8y - 33.0 ) - ( ( ( 2y - 4y ) - ( 51.0 + ( 4x - ( 5y + 2y ) ) ) ) - 1y ) )
Fitness = 22.5579723675
Avg Fitness = 15.7306205022
Duplicated = 92
============================================================================
Evaluate Gen  30
New Population 731
Better than Dads 76
Best Ind: ( 1y * ( 1x * 1x ) )
Fitness = 2.031108
Worst Ind: ( 1y * ( 10x * 1x ) )
Fitness = 20.31108
Avg Fitness = 13.7408990539
Duplicated = 115
============================================================================
Evaluate Gen  31
New Population 729
Better than Dads 78
Best Ind: ( 1y * ( 1x * 1x ) )
Fitness = 2.031108
Worst Ind: ( 4x - ( 3y * 1x ) )
Fitness = 17.0712
Avg Fitness = 12.521748594
Duplicated = 117
============================================================================
Evaluate Gen  32
New Population 725
Better than Dads 66
Best Ind: ( 1y * ( 1x * 1x ) )
Fitness = 2.031108
Worst Ind: ( 5y - 1x )
Fitness = 13.02
Avg Fitness = 11.5653289195
Duplicated = 125
============================================================================
Evaluate Gen  33
New Population 744
Better than Dads 60
Best Ind: ( ( ( 6y - 1x ) * 1x ) * 1x )
Fitness = 1.705608
Worst Ind: ( ( 4y * 1x ) - 1x )
Fitness = 13.02
Avg Fitness = 11.1250762843
Duplicated = 113
============================================================================
Evaluate Gen  34
New Population 723
Better than Dads 57
Best Ind: ( ( ( 6y - 1x ) * 1x ) * 1x )
Fitness = 1.705608
Worst Ind: ( ( ( 4y * 1x ) + ( 10x - ( 1x + ( ( 9x + 9y ) * 1x ) ) ) ) - ( 51.0 - 1x ) )
Fitness = 13.02
Avg Fitness = 10.7043533195
Duplicated = 113
============================================================================
Evaluate Gen  35
New Population 734
Better than Dads 66
Best Ind: ( ( ( 6y - 1x ) * 1x ) * 1x )
Fitness = 1.705608
Worst Ind: ( ( 56.0 * ( ( 89.0 + 5y ) * 8y ) ) - 1x )
Fitness = 13.02
Avg Fitness = 10.0188410839
Duplicated = 113
============================================================================
Evaluate Gen  36
New Population 742
Better than Dads 69
Best Ind: ( ( ( 6y - 1x ) * 1x ) * 1x )
Fitness = 1.705608
Worst Ind: ( ( ( ( ( 7y * ( 9x - 58.0 ) ) - 7y ) - 4y ) - ( 3x + ( 2y + 3x ) ) ) - ( ( ( 1x - ( 22.0 * ( 5y * 1x ) ) ) * 9y ) - 1x ) )
Fitness = 13.02
Avg Fitness = 9.12246298459
Duplicated = 118
============================================================================
Evaluate Gen  37
New Population 744
Better than Dads 94
Best Ind: ( ( ( 1y * 3x ) * ( ( 6x - ( 4y - 1x ) ) * 1x ) ) * 1y )
Fitness = 1.1786889096
Worst Ind: ( ( ( ( 9x * ( 1y * ( 8y - 1x ) ) ) * ( ( 9y * 2.0 ) - 1x ) ) - ( ( 4x * 1y ) - 1y ) ) * 1y )
Fitness = 11.9580970268
Avg Fitness = 7.80520020531
Duplicated = 126
============================================================================
Evaluate Gen  38
New Population 733
Better than Dads 82
Best Ind: ( ( 1x * ( 8y - 1x ) ) * ( ( ( 10x + 6y ) - 1y ) * 1x ) )
Fitness = 0.81079256
Worst Ind: ( ( ( 1x + 1y ) - 2y ) * ( 6y - 1x ) )
Fitness = 11.3808
Avg Fitness = 6.38186704437
Duplicated = 111
============================================================================
Evaluate Gen  39
New Population 727
Better than Dads 79
Best Ind: ( ( 1x * ( 8y - 1x ) ) * ( ( ( 10x + 6y ) - 1y ) * 1x ) )
Fitness = 0.81079256
Worst Ind: ( ( ( 67.0 * ( ( 4x - ( 4y * 1x ) ) + ( 1x + 6y ) ) ) * ( ( 10x + 6y ) - ( ( 70.0 - 3.0 ) - ( 77.0 - ( 2y - 2x ) ) ) ) ) - ( 1x * ( 4y * 1x ) ) )
Fitness = 8.124432
Avg Fitness = 5.13764080012
Duplicated = 109
============================================================================
Evaluate Gen  40
New Population 743
Better than Dads 79
Best Ind: ( ( ( ( 1y * 1x ) * 1x ) * 1x ) * 1x )
Fitness = 0.3421186032
Worst Ind: ( ( ( ( ( 5y + 8x ) - 1y ) * ( ( 4y * 5y ) - 1x ) ) - ( 6y - 1x ) ) * 1y )
Fitness = 5.6904
Avg Fitness = 4.36259820812
Duplicated = 116
============================================================================
Evaluate Gen  41
New Population 738
Better than Dads 81
Best Ind: ( ( ( ( 1y * 1x ) * 1x ) * 1x ) * 1x )
Fitness = 0.3421186032
Worst Ind: ( ( ( ( ( 5y + 8x ) - 1y ) * ( ( 4y * 5y ) - 1x ) ) - ( 6y - 1x ) ) * 1y )
Fitness = 5.6904
Avg Fitness = 3.8562477966
Duplicated = 86
============================================================================
Evaluate Gen  42
New Population 717
Better than Dads 79
Best Ind: ( ( ( ( ( ( 8y - 1x ) * 1x ) * 1x ) * ( 1y * 1x ) ) * ( 2y - 4y ) ) * 1x )
Fitness = 0.302052235941
Worst Ind: ( ( ( 3x * 2y ) * 1x ) * 1x )
Fitness = 4.86475536
Avg Fitness = 3.30799414728
Duplicated = 88
============================================================================
Evaluate Gen  43
New Population 726
Better than Dads 80
Best Ind: ( ( ( ( ( ( 8y - 1x ) * 1x ) * 1x ) * ( 1y * 1x ) ) * ( 2y - 4y ) ) * 1x )
Fitness = 0.302052235941
Worst Ind: ( ( 9x - ( 8y - 1x ) ) * 1x )
Fitness = 4.4404
Avg Fitness = 2.86343990908
Duplicated = 70
============================================================================
Evaluate Gen  44
New Population 729
Better than Dads 91
Best Ind: ( ( 6x - ( ( 6y - 1x ) * 1y ) ) * ( ( ( 6y - 1x ) * 1x ) * ( ( 9y * 2.0 ) - ( 1y * 1x ) ) ) )
Fitness = 0.169766797264
Worst Ind: ( ( ( 4y * 1x ) - ( ( 3.0 - 2x ) * 1y ) ) * 1x )
Fitness = 4.062216
Avg Fitness = 2.32692286013
Duplicated = 64
============================================================================
Evaluate Gen  45
New Population 726
Better than Dads 90
Best Ind: ( ( 6x - ( ( ( ( 1x * 1y ) * 1y ) * 1x ) * ( 1x * ( 4y * 1x ) ) ) ) * 1x )
Fitness = 0.154148467658
Worst Ind: ( ( ( ( ( 1x - 2y ) - 4x ) * 1x ) * 1x ) * 1y )
Fitness = 3.24317024
Avg Fitness = 1.85142346371
Duplicated = 74
============================================================================
Evaluate Gen  46
New Population 742
Better than Dads 106
Best Ind: ( ( ( ( ( 2y - 2x ) + ( 67.0 * ( 6y - 1x ) ) ) - ( 1x - ( 1y * 1x ) ) ) * ( 1y * ( ( ( 6x - 1y ) * 1x ) * 1y ) ) ) * ( ( ( 1y * 1x ) - ( ( 4y * 1x ) - 1x ) ) * ( ( ( 7y - 3x ) - 2y ) * ( 8y - 1x ) ) ) )
Fitness = 0.0445281640793
Worst Ind: ( ( ( ( 4y * 1x ) * 2x ) * ( ( 9y - 2x ) * 1x ) ) * 1x )
Fitness = 2.39195173222
Avg Fitness = 1.45554754004
Duplicated = 63
============================================================================
Evaluate Gen  47
New Population 731
Better than Dads 87
Best Ind: ( ( ( ( ( 2y - 2x ) + ( 67.0 * ( 6y - 1x ) ) ) - ( 1x - ( 1y * 1x ) ) ) * ( 1y * ( ( ( 6x - 1y ) * 1x ) * 1y ) ) ) * ( ( ( 1y * 1x ) - ( ( 4y * 1x ) - 1x ) ) * ( ( ( 7y - 3x ) - 2y ) * ( 8y - 1x ) ) ) )
Fitness = 0.0445281640793
Worst Ind: ( ( 1y * 1x ) * 1x )
Fitness = 2.031108
Avg Fitness = 1.2409591696
Duplicated = 60
============================================================================
Evaluate Gen  48
New Population 711
Better than Dads 97
Best Ind: ( ( ( ( 10x - 1x ) * ( ( 1y * 1x ) * 1x ) ) * ( 1y * 1x ) ) * ( 1x * 1x ) )
Fitness = 0.034292946983
Worst Ind: ( ( ( ( 1y * ( 1x * 1x ) ) - ( 51.0 - 1x ) ) * 1x ) * 1x )
Fitness = 1.705608
Avg Fitness = 1.03106345634
Duplicated = 63
============================================================================
Evaluate Gen  49
New Population 728
Better than Dads 92
Best Ind: ( ( ( ( 10x - 1x ) * ( ( 1y * 1x ) * 1x ) ) * ( 1y * 1x ) ) * ( 1x * 1x ) )
Fitness = 0.034292946983
Worst Ind: ( ( ( ( 5y - 1x ) * 1x ) * ( ( ( 1x * 1y ) * ( 6y - 1x ) ) - 4y ) ) * ( ( ( 1x - 10x ) - 1y ) * 1x ) )
Fitness = 1.5715852128
Avg Fitness = 0.803350153414
Duplicated = 45
============================================================================
Evaluate Gen  50
New Population 736
Better than Dads 95
Best Ind: ( ( ( 1y - 1x ) * ( ( ( ( 7y + 1y ) - 1x ) * 1y ) * ( 6y - 1x ) ) ) * ( ( ( ( ( 1x * 1x ) - 1x ) - ( ( 8y - 1x ) * 1x ) ) * ( 8y - 1x ) ) * 1x ) )
Fitness = 0.0305555224014
Worst Ind: ( ( ( ( ( 2y - 2x ) + 2y ) - ( 4y * 1x ) ) * ( 1y * 3x ) ) * ( ( ( ( 1y * 1x ) * 1x ) - ( 1y * 1x ) ) * ( ( ( 7y - 3x ) - 2y ) * ( 8y - 1x ) ) ) )
Fitness = 1.04104667271
Avg Fitness = 0.590003550139
Duplicated = 44
