dataset_file= dataset/SR_div.txt
population= 100
generations= 100
tournament_size= 7
cross_over= 0.6
mutation= 0.3
elitism= True
(50, 2)
============================================================================
Build initial population
ind: 1
( ( ( ( 0.5x * ( ( 0.166666666667y * 0.333333333333x ) * 0.333333333333y ) ) * 0.25x ) + ( ( 0.25x + 0.125x ) * ( ( 0.333333333333x + 0.111111111111y ) + ( 0.333333333333y + 0.333333333333y ) ) ) ) + ( ( ( ( ( 0.142857142857x * 1.0x ) + ( 1.0x * 0.142857142857x ) ) + 0.111111111111x ) + ( ( ( 0.142857142857y + 0.166666666667x ) + 0.111111111111x ) + 0.111111111111x ) ) + 0.142857142857y ) )
ind: 2
( 0.142857142857y * 0.1x )
ind: 3
( ( ( 0.111111111111y + 0.2x ) + ( ( ( 0.142857142857y + 0.1x ) + 0.25x ) * ( ( ( 0.333333333333y * 0.125y ) * ( 0.25x * 0.142857142857x ) ) * ( 0.2x + ( 0.142857142857x * 0.166666666667y ) ) ) ) ) + 1.0x )
ind: 4
( 0.166666666667x + ( ( 0.333333333333x * ( ( ( 0.1y * 0.142857142857y ) * ( 0.166666666667y * 0.5y ) ) * 0.333333333333y ) ) + ( 0.142857142857y + ( ( ( 0.5y + 0.333333333333y ) + ( 0.111111111111y * 0.2x ) ) * 0.111111111111x ) ) ) )
ind: 5
( ( ( ( ( ( 0.111111111111y * 0.333333333333x ) * 0.166666666667x ) * ( 0.125x + 0.333333333333y ) ) + 0.142857142857x ) * 0.111111111111x ) + ( ( 0.2y + 1.0x ) + 0.166666666667y ) )
ind: 6
( ( ( 0.1y * ( ( ( 0.111111111111x + 1.0y ) + 0.125x ) + ( ( 0.111111111111x * 0.2x ) + 0.2x ) ) ) + ( 0.25x + 0.111111111111x ) ) + ( ( ( ( 1.0x * ( 0.2y + 1.0y ) ) * 0.111111111111x ) * ( 0.2x * 1.0y ) ) * ( ( ( ( 0.142857142857y + 0.125x ) + 0.1x ) + ( ( 0.111111111111x * 0.25x ) + ( 0.166666666667x * 0.333333333333x ) ) ) * ( 0.2y * 0.2y ) ) ) )
ind: 7
( 0.333333333333y * ( 0.2x * 0.142857142857y ) )
ind: 8
( 0.333333333333x * ( ( ( ( ( 0.125x * 0.142857142857x ) + 0.1y ) + 0.111111111111x ) * ( ( ( 0.111111111111y * 0.2y ) * ( 1.0y * 0.333333333333x ) ) + ( 0.2x * ( 0.333333333333x + 1.0x ) ) ) ) + 0.2y ) )
ind: 9
( ( 0.5x * ( ( ( 0.142857142857x * 0.5y ) * ( ( 0.125x * 0.333333333333x ) * ( 0.1y * 0.142857142857x ) ) ) + 0.333333333333x ) ) * ( 0.111111111111y + 0.1y ) )
ind: 10
( 1.0x * ( ( 0.111111111111y * ( 0.166666666667x * 0.166666666667x ) ) + 0.333333333333x ) )
ind: 11
( 0.1x * ( ( 0.111111111111y * 0.125y ) + 0.333333333333x ) )
ind: 12
( 0.1y + 0.333333333333x )
ind: 13
( ( 0.142857142857x + ( 0.1x + 0.166666666667y ) ) + 0.333333333333x )
ind: 14
( ( 0.333333333333x + ( ( 0.1y * 0.111111111111y ) * 0.25y ) ) + ( ( ( 0.2x + ( 0.25x * ( 0.142857142857x * 0.142857142857y ) ) ) + ( ( 0.111111111111x + ( 0.125y + 0.333333333333x ) ) * 0.2x ) ) + ( ( ( ( 0.1x * 0.333333333333y ) * 0.2y ) + ( ( 0.111111111111x + 0.333333333333x ) + 0.333333333333y ) ) + ( ( ( 0.166666666667x + 0.333333333333x ) * ( 0.111111111111y + 0.5y ) ) * ( ( 0.142857142857x + 0.333333333333x ) + ( 0.333333333333x + 0.142857142857y ) ) ) ) ) )
ind: 15
( ( 0.142857142857y + 0.2x ) + ( ( ( 0.2y * 0.1y ) + ( ( ( 0.166666666667x + 0.2x ) * 0.111111111111x ) * 1.0y ) ) + 0.1y ) )
ind: 16
( ( ( ( 0.5y * 0.142857142857x ) + ( 0.166666666667y + 0.1x ) ) + ( 0.2y + 0.2x ) ) + 0.5x )
ind: 17
( ( ( 0.333333333333y + 0.111111111111y ) + 0.111111111111y ) * ( 0.111111111111x + 0.5y ) )
ind: 18
( ( ( 0.2y * 0.125y ) + ( 0.2x + ( ( ( 0.125y + 0.125y ) + ( 0.25y + 1.0y ) ) * 0.142857142857x ) ) ) + 0.25x )
ind: 19
( 0.142857142857y + ( 1.0y * ( ( 0.166666666667x * ( 0.142857142857x * 0.125y ) ) + 0.111111111111y ) ) )
ind: 20
( 0.1x * 0.142857142857y )
ind: 21
( ( ( 0.111111111111y + ( 0.142857142857x + ( 0.2x + ( 0.2y + 0.111111111111x ) ) ) ) + ( ( 0.111111111111y * 0.333333333333y ) + ( ( ( 1.0y * 0.5y ) + 0.2y ) * 0.111111111111y ) ) ) + 0.125x )
ind: 22
( 0.5y * ( 0.1x + ( 0.111111111111y * 0.25y ) ) )
ind: 23
( ( 0.142857142857y + 0.2x ) + ( ( ( ( ( 1.0y * 0.25x ) * ( 0.166666666667y + 0.333333333333y ) ) * 0.125x ) + ( ( ( 1.0y + 0.2y ) * 0.333333333333x ) + 0.142857142857y ) ) + ( 1.0x * 0.25x ) ) )
ind: 24
( ( 1.0x + ( 0.5x * 0.333333333333y ) ) + 0.5y )
ind: 25
( 0.1y * ( ( ( 0.111111111111x + 1.0y ) * 0.142857142857x ) + 0.333333333333x ) )
ind: 26
( ( 0.111111111111x * ( ( 0.166666666667y * 0.142857142857x ) + ( ( 0.5x + ( 0.142857142857y * 0.111111111111x ) ) + 0.25y ) ) ) * ( ( ( ( 0.125y + 0.25y ) * ( 0.5x * 0.142857142857y ) ) + ( 0.111111111111y * 1.0x ) ) + ( 0.142857142857y + ( ( 0.142857142857y + 0.2x ) * ( 0.333333333333y + ( 0.25y + 0.2x ) ) ) ) ) )
ind: 27
( ( 0.1x + 0.166666666667x ) + ( ( 0.142857142857x + ( 0.1y + 0.111111111111y ) ) + 0.166666666667x ) )
ind: 28
( ( ( ( 0.1y + ( 0.142857142857y * 0.1y ) ) + ( 0.111111111111y + 0.125x ) ) + ( 0.333333333333x + ( ( 1.0y + ( 0.5y * 1.0x ) ) * 0.142857142857y ) ) ) + 0.333333333333x )
ind: 29
( 0.125x + 0.5y )
ind: 30
( ( ( 0.333333333333x + 0.1y ) + ( 0.333333333333y * 0.166666666667x ) ) * ( ( ( ( ( 0.142857142857y * 0.25y ) + ( 0.166666666667y + 1.0y ) ) + ( ( 0.166666666667x + 0.125y ) + ( 0.125y + 0.25x ) ) ) * ( ( ( 0.142857142857y * 0.111111111111y ) + ( 0.5x * 0.25x ) ) + ( ( 0.25x + 0.111111111111y ) + 0.166666666667y ) ) ) + ( 0.25y * 0.125x ) ) )
ind: 31
( ( ( ( ( ( 0.142857142857x * 0.142857142857y ) * ( 1.0y + 0.111111111111y ) ) * ( ( 0.333333333333x * 0.25y ) + 1.0y ) ) + ( 0.5x + 0.111111111111x ) ) * 0.2y ) * ( 0.125y * ( 0.166666666667y + 1.0x ) ) )
ind: 32
( ( ( ( ( ( 0.2x * 0.125x ) + ( 0.2y * 0.125y ) ) * 0.1y ) * ( ( 0.5x * 0.2x ) + ( 0.142857142857y + 0.25y ) ) ) + ( ( ( 0.166666666667x + 0.1x ) + ( ( 1.0x * 0.125y ) + ( 0.333333333333y + 0.5y ) ) ) * ( 0.333333333333y * ( 0.1y * 0.2x ) ) ) ) + ( ( ( 0.142857142857x + ( 0.5x * ( 0.2y * 0.333333333333y ) ) ) + ( 1.0y * ( 0.142857142857y + ( 0.1y + 0.111111111111x ) ) ) ) + 0.2x ) )
ind: 33
( 0.25x + ( ( 0.2y + 1.0x ) * 0.125x ) )
ind: 34
( 0.25x * 0.166666666667y )
ind: 35
( 0.142857142857x * ( 0.1x * 0.1y ) )
ind: 36
( 0.5x * ( ( ( ( ( 0.111111111111y * 0.1x ) + 0.1x ) + ( 0.166666666667y * ( 0.1y + 0.142857142857y ) ) ) + ( ( 0.2y * ( 0.2x * 0.25x ) ) * 0.125x ) ) + ( 0.333333333333x + ( ( ( 0.25x * 1.0x ) + ( 0.1x * 0.1x ) ) * ( 0.1x + ( 1.0y * 0.125x ) ) ) ) ) )
ind: 37
( 0.1y * ( 0.166666666667y + ( ( ( ( 0.125y * 0.333333333333y ) + ( 0.142857142857y * 0.5y ) ) + ( ( 0.5y + 0.111111111111x ) * ( 0.5y + 0.333333333333x ) ) ) + ( ( 0.1y * 0.166666666667y ) + 1.0y ) ) ) )
ind: 38
( ( ( ( 0.125y * 0.333333333333x ) + ( 0.142857142857y * ( 0.125y + 0.125x ) ) ) * ( ( 0.5x + 0.111111111111x ) + ( ( 0.111111111111y + ( 0.166666666667x * 0.125x ) ) + ( 0.166666666667x * ( 0.5y * 1.0x ) ) ) ) ) + 0.111111111111y )
ind: 39
( ( 0.5y * 0.5x ) * 0.142857142857y )
ind: 40
( ( 1.0x * ( ( ( ( 0.333333333333y * 0.142857142857y ) + ( 0.142857142857x + 0.166666666667y ) ) + ( ( 0.111111111111x + 0.166666666667y ) * 0.142857142857x ) ) * ( 0.166666666667x + ( ( 0.125x + 0.142857142857y ) + 0.1y ) ) ) ) + ( ( ( 1.0y * 0.1y ) * ( ( ( 0.333333333333x + 0.333333333333y ) * ( 0.2y * 0.166666666667y ) ) * ( ( 0.111111111111x + 1.0x ) + 1.0x ) ) ) + ( ( ( ( 0.2y * 1.0y ) + 0.25x ) * ( ( 0.1y * 1.0x ) * 0.125y ) ) + 0.25y ) ) )
ind: 41
( ( 0.2y * ( 0.333333333333x * 1.0y ) ) + ( ( 0.125y + 0.2x ) * 0.166666666667x ) )
ind: 42
( 0.333333333333y + 0.333333333333x )
ind: 43
( ( 0.142857142857x * 0.25y ) * 0.25y )
ind: 44
( 0.125y * ( ( 1.0y + ( ( ( 0.125x + 0.333333333333y ) + 0.5y ) + ( 0.333333333333x + ( 0.1x * 0.1x ) ) ) ) + 0.166666666667y ) )
ind: 45
( ( 1.0y + ( 0.333333333333x * 0.142857142857y ) ) + 0.125x )
ind: 46
( 0.333333333333x * 0.1y )
ind: 47
( ( 0.142857142857y + 0.111111111111y ) * ( 0.166666666667y + 0.166666666667x ) )
ind: 48
( ( 0.111111111111y + 0.1x ) + ( 1.0x + 0.166666666667y ) )
ind: 49
( ( 0.333333333333y + ( 0.125y + 0.25x ) ) * 0.125x )
ind: 50
( ( 0.166666666667y * ( ( ( 0.111111111111y * ( 1.0y * 0.142857142857x ) ) * 0.125x ) * 0.111111111111x ) ) + 0.333333333333x )
ind: 51
( ( ( ( ( ( 0.166666666667y + 0.125y ) * 0.142857142857y ) * 0.5x ) + 0.2y ) + ( 1.0y + ( 0.111111111111x + 0.111111111111x ) ) ) * 0.125x )
ind: 52
( ( 0.125y + ( ( ( 0.166666666667y * ( 0.2x * 0.125y ) ) + ( 0.333333333333x * 0.333333333333y ) ) * ( ( ( 0.333333333333x * 0.333333333333x ) * ( 0.2y + 1.0x ) ) + 0.166666666667y ) ) ) + 0.25x )
ind: 53
( 0.25x + ( ( ( 1.0y + 0.1x ) + ( 0.166666666667x + 0.2y ) ) * ( 0.333333333333x * 0.1x ) ) )
ind: 54
( ( ( ( 0.2y + ( ( 0.2x * 0.5y ) * 0.2y ) ) * ( 0.333333333333x * 0.2y ) ) + ( ( 0.125x + 0.2x ) + 0.125y ) ) + 0.166666666667y )
ind: 55
( ( 0.1y * ( 0.1y + 0.5x ) ) + 0.2y )
ind: 56
( 0.166666666667y * ( 0.125y * ( ( ( 0.111111111111x + ( 0.1y + 0.166666666667x ) ) * ( 0.142857142857x * ( 0.111111111111x + 0.2y ) ) ) + 0.142857142857y ) ) )
ind: 57
( ( ( 0.1x * ( ( ( 0.2x + 0.333333333333x ) + ( 0.333333333333x * 0.166666666667x ) ) + ( 0.166666666667y * 0.111111111111x ) ) ) * ( 0.142857142857y + 0.166666666667y ) ) * ( ( ( 0.25y + 0.1y ) * 0.166666666667x ) + ( ( ( 1.0y + 0.1y ) * 0.125x ) * 1.0y ) ) )
ind: 58
( ( 1.0x + 0.25y ) + ( 0.2x * 1.0x ) )
ind: 59
( 0.125y + ( 0.111111111111x + ( ( ( ( 1.0y + 0.1y ) + ( 0.2x * 0.142857142857x ) ) * ( ( 1.0y * 0.2y ) * ( 0.333333333333x + 0.333333333333x ) ) ) * ( 0.5y * 0.25x ) ) ) )
ind: 60
( ( 0.25x * 0.125y ) + 0.111111111111x )
ind: 61
( ( ( ( ( ( 0.125x * 0.333333333333x ) + 0.2y ) * 0.333333333333y ) * 0.333333333333y ) + 0.333333333333x ) + 0.5x )
ind: 62
( ( 0.2x + ( ( ( 0.142857142857x + 0.2y ) + 0.166666666667y ) * 0.25x ) ) + 0.125y )
ind: 63
( 0.125x + ( ( ( ( 0.1x + 0.2x ) * ( 0.5x * ( 0.2y * 0.125x ) ) ) * ( ( ( 0.25y + 0.166666666667x ) + 0.5y ) * 0.2y ) ) * 0.166666666667x ) )
ind: 64
( ( ( ( 0.25x + 0.166666666667x ) + ( 0.1x + ( ( 0.333333333333y + 0.1y ) + ( 0.25y + 0.166666666667y ) ) ) ) + 0.333333333333x ) + 0.333333333333y )
ind: 65
( ( ( ( ( 0.1y + ( 0.2x * 0.2y ) ) + 0.142857142857x ) * ( ( ( 0.142857142857x * 0.2x ) + 0.142857142857x ) * ( 0.111111111111x + ( 0.111111111111x * 1.0y ) ) ) ) * 0.111111111111x ) + 0.5x )
ind: 66
( ( 0.25x * 0.2x ) * ( 0.1y + 0.166666666667x ) )
ind: 67
( 0.166666666667y * 0.111111111111x )
ind: 68
( ( 1.0x * 0.25x ) + ( 0.142857142857y * ( 0.25y * ( ( ( 0.5x + 0.25y ) * ( 0.333333333333y * 0.25y ) ) * ( ( 0.1x * 0.25y ) + 0.166666666667x ) ) ) ) )
ind: 69
( ( ( ( 0.166666666667x * ( 0.142857142857x * 0.111111111111x ) ) + ( ( 0.166666666667y * ( 0.5x * 0.166666666667y ) ) + ( 0.333333333333y + 0.142857142857y ) ) ) + ( 0.111111111111x + 0.111111111111y ) ) + 0.333333333333y )
ind: 70
( ( 0.111111111111x + ( ( ( 0.142857142857y * ( 0.111111111111y + 0.333333333333x ) ) * 0.25x ) + 0.2x ) ) + ( ( ( 0.5y + 0.125x ) * ( 1.0x + 0.25x ) ) + 0.142857142857y ) )
ind: 71
( 0.166666666667y + 0.5x )
ind: 72
( ( ( 0.125x * 0.1x ) * ( 1.0x * 0.142857142857x ) ) + ( ( ( 0.2y + ( 0.111111111111y * ( 0.5x + 0.142857142857y ) ) ) * ( 0.25x + 0.111111111111x ) ) * ( ( ( ( 0.142857142857x + 0.5x ) * 0.166666666667x ) + 1.0x ) + ( ( ( 0.5y + 0.5y ) + ( 0.25y + 0.333333333333y ) ) + ( 0.333333333333y + ( 0.111111111111x * 0.1x ) ) ) ) ) )
ind: 73
( ( 0.142857142857x * ( ( ( 0.25x * ( 0.1x + 0.5y ) ) + 0.166666666667y ) * ( ( ( 0.333333333333y + 1.0x ) * 0.142857142857y ) + ( ( 0.166666666667x * 0.5y ) + ( 0.111111111111x * 0.125y ) ) ) ) ) + 0.2x )
ind: 74
( ( 1.0x * ( ( 0.142857142857y + ( 0.111111111111x * ( 1.0y + 0.5x ) ) ) + ( ( ( 0.1y + 0.125x ) * 0.333333333333y ) + 0.142857142857y ) ) ) * ( 1.0y * 0.2y ) )
ind: 75
( 1.0y + ( 0.142857142857y + ( ( ( ( 0.25y * 0.25x ) + 0.333333333333x ) + 0.333333333333y ) + 0.111111111111y ) ) )
ind: 76
( ( 0.333333333333y + ( 0.1y + ( 0.125y * ( ( 0.166666666667x + 0.111111111111y ) * ( 0.2y + 0.111111111111x ) ) ) ) ) * 0.125y )
ind: 77
( ( 0.142857142857y * 0.111111111111y ) + ( 0.111111111111y + 0.25x ) )
ind: 78
( 0.25y + ( ( 1.0x * ( ( ( 0.142857142857x * 0.125y ) * ( 0.25y * 0.111111111111y ) ) * 1.0x ) ) * 0.333333333333x ) )
ind: 79
( 0.5x + ( 0.166666666667x * ( ( ( ( 0.166666666667y * 0.5x ) * 0.2y ) * 0.5x ) * 1.0x ) ) )
ind: 80
( ( ( 0.333333333333y * ( 1.0x + 0.125x ) ) * ( ( 0.2x + 0.5y ) + ( 0.125y + 0.166666666667x ) ) ) + ( ( 0.125x + ( ( 1.0x * 0.111111111111y ) * 0.111111111111x ) ) * 0.125x ) )
ind: 81
( ( ( ( 0.5y * ( ( 0.333333333333y * 1.0y ) * ( 0.1y * 0.125x ) ) ) * 0.166666666667y ) * 0.111111111111x ) + ( ( 0.2x * ( 0.333333333333x + ( 1.0y + 1.0x ) ) ) * ( 0.125x * ( 0.5y * 0.142857142857x ) ) ) )
ind: 82
( 0.25y * 0.142857142857x )
ind: 83
( ( 0.333333333333x * 1.0x ) + ( ( 0.5y * 0.5y ) * ( 0.111111111111y * 0.125y ) ) )
ind: 84
( 0.166666666667y * ( 0.125y + 0.5x ) )
ind: 85
( 0.125x * ( 0.125y + ( 0.333333333333x + 0.1y ) ) )
ind: 86
( ( ( ( ( 0.25x * ( 0.25y * 0.1x ) ) * 0.142857142857y ) * 0.142857142857x ) + ( 0.125y + 0.166666666667y ) ) * 0.1x )
ind: 87
( 0.142857142857y + ( 0.166666666667x * ( 0.125y + ( ( 0.25y * ( 0.125x * 1.0x ) ) + ( ( 0.125y * 0.166666666667y ) * 0.166666666667y ) ) ) ) )
ind: 88
( 0.1x + ( ( ( ( ( 0.25x + 1.0y ) * ( 0.166666666667x + 0.166666666667x ) ) * 1.0x ) + ( 0.25x * 0.1y ) ) * 0.125x ) )
ind: 89
( ( 0.25x * ( ( 0.125x + ( 0.25x * ( 0.111111111111y + 0.5x ) ) ) + ( 0.125y + ( ( 0.142857142857y * 0.166666666667x ) * ( 0.5x + 0.166666666667x ) ) ) ) ) * ( 1.0y + 0.2y ) )
ind: 90
( 0.333333333333y * ( 0.142857142857y * ( 0.111111111111y * ( 0.5y + 0.111111111111x ) ) ) )
ind: 91
( 0.166666666667y + ( 0.125x * 1.0x ) )
ind: 92
( 0.125y * 0.125x )
ind: 93
( ( ( 0.333333333333y + ( 0.166666666667x * 0.1x ) ) * ( ( 0.111111111111y + 0.5x ) + 0.1x ) ) * 0.111111111111y )
ind: 94
( 0.125x + 0.142857142857y )
ind: 95
( ( ( ( ( ( 0.125x + 0.5y ) + 0.1x ) * ( 0.125y + 0.2x ) ) * 0.166666666667x ) * 0.5y ) * 0.2y )
ind: 96
( 0.111111111111y + ( ( 0.333333333333x * ( ( 0.142857142857x + 1.0y ) * 0.111111111111y ) ) * ( 0.2x + 0.1y ) ) )
ind: 97
( ( 0.333333333333y * ( 0.1x * ( 0.25x + ( ( 0.111111111111y + 0.142857142857x ) * 0.166666666667y ) ) ) ) * 0.2y )
ind: 98
( ( 0.125x * ( ( ( 0.1y * ( 0.166666666667x + 0.142857142857x ) ) * ( ( 0.125y + 0.25x ) + 0.125y ) ) + ( ( ( 0.2x * 0.1y ) * 0.2y ) + ( ( 0.142857142857y + 0.111111111111y ) + 0.333333333333y ) ) ) ) + 1.0x )
ind: 99
( 0.142857142857x + ( 0.333333333333y + ( 0.333333333333x * 0.142857142857x ) ) )
ind: 100
( ( ( ( ( 0.2x + 1.0x ) * ( ( 0.5y * 0.166666666667x ) + ( 0.25y + 0.125y ) ) ) + ( 0.111111111111x * 0.125y ) ) * ( ( ( ( 0.2y * 0.25y ) + 0.142857142857x ) + 0.2y ) * 0.25x ) ) + ( ( ( ( ( 0.125y * 0.111111111111y ) * 0.142857142857y ) + ( 0.111111111111y + 0.333333333333x ) ) * ( ( ( 0.1y * 0.1x ) * ( 0.5y + 0.25x ) ) * ( ( 0.111111111111x + 0.333333333333x ) * 0.125x ) ) ) * 0.1x ) )
Best Ind: ( ( 0.111111111111x + ( ( ( 0.142857142857y * ( 0.111111111111y + 0.333333333333x ) ) * 0.25x ) + 0.2x ) ) + ( ( ( 0.5y + 0.125x ) * ( 1.0x + 0.25x ) ) + 0.142857142857y ) )
Fitness = 40.9836503558
Worst Ind: ( 1.0y + ( 0.142857142857y + ( ( ( ( 0.25y * 0.25x ) + 0.333333333333x ) + 0.333333333333y ) + 0.111111111111y ) ) )
Fitness = 50.1216956727
Avg Fitness = 48.4232294173
Duplicated = 0
============================================================================
Evaluate Gen  1
New Population 144
Better than Dads 19
Best Ind: ( ( 0.111111111111x + ( ( ( 0.142857142857y * ( 0.111111111111y + 0.333333333333x ) ) * 0.25x ) + 0.2x ) ) + ( ( ( 0.5y + 0.125x ) * ( 1.0x + 0.25x ) ) + 0.142857142857y ) )
Fitness = 40.9836503558
Worst Ind: ( ( ( 1.0y + 0.1y ) + ( 0.2x * 0.142857142857x ) ) * ( ( 1.0y * 0.2y ) * ( 0.333333333333x + 0.333333333333x ) ) )
Fitness = 49.6327880987
Avg Fitness = 48.0424817587
Duplicated = 1
============================================================================
Evaluate Gen  2
New Population 139
Better than Dads 20
Best Ind: ( ( 0.111111111111x + ( ( ( 0.142857142857y * ( 0.111111111111y + 0.333333333333x ) ) * 0.25x ) + 0.2x ) ) + ( ( ( 0.5y + 0.125x ) * ( 1.0x + 0.25x ) ) + 0.142857142857y ) )
Fitness = 40.9836503558
Worst Ind: ( ( 1.0x * ( ( ( ( 0.333333333333y * 0.142857142857y ) + ( 0.142857142857x + 0.166666666667y ) ) + 0.142857142857x ) * ( 0.166666666667x + ( ( 0.125x + 0.142857142857y ) + 0.1y ) ) ) ) + ( ( ( 1.0y * 0.1y ) * ( ( ( 0.333333333333x + 0.333333333333y ) * ( 0.2y * 0.166666666667y ) ) * ( ( 0.111111111111x + 1.0x ) + 1.0x ) ) ) + ( ( ( ( 0.2y * 1.0y ) + 0.25x ) * ( ( 0.1y * 1.0x ) * 0.125y ) ) + 0.25y ) ) )
Fitness = 49.2402397213
Avg Fitness = 47.7495567239
Duplicated = 2
============================================================================
Evaluate Gen  3
New Population 143
Better than Dads 20
Best Ind: ( ( 0.111111111111x + ( ( ( 0.142857142857y * ( 0.111111111111y + 0.333333333333x ) ) * 0.25x ) + 0.2x ) ) + ( ( ( 0.5y + 0.125x ) * ( 1.0x + 0.25x ) ) + 0.142857142857y ) )
Fitness = 40.9836503558
Worst Ind: ( ( ( 0.111111111111y * 0.1x ) + 0.1x ) + ( 0.166666666667y * ( 0.1y + 0.142857142857y ) ) )
Fitness = 48.709940619
Avg Fitness = 47.433919096
Duplicated = 3
============================================================================
Evaluate Gen  4
New Population 140
Better than Dads 19
Best Ind: ( ( 0.111111111111x + ( ( ( 0.142857142857y * ( 0.111111111111y + 0.333333333333x ) ) * 0.25x ) + 0.2x ) ) + ( ( ( 0.5y + 0.125x ) * ( 1.0x + 0.25x ) ) + 0.142857142857y ) )
Fitness = 40.9836503558
Worst Ind: ( ( ( ( 0.166666666667x * ( 0.142857142857x * 0.111111111111x ) ) + ( ( 0.166666666667y * ( 0.5x * 0.166666666667y ) ) + ( 0.333333333333y + 0.142857142857y ) ) ) + ( 0.111111111111x + 0.111111111111y ) ) + 0.333333333333y )
Fitness = 48.4048204698
Avg Fitness = 47.166381701
Duplicated = 3
============================================================================
Evaluate Gen  5
New Population 140
Better than Dads 19
Best Ind: ( ( 0.111111111111x + ( ( ( 0.142857142857y * ( 0.111111111111y + 0.333333333333x ) ) * 0.25x ) + 0.2x ) ) + ( ( ( 0.5y + 0.125x ) * ( 1.0x + 0.25x ) ) + 0.142857142857y ) )
Fitness = 40.9836503558
Worst Ind: ( 0.333333333333y * ( 0.166666666667y + 0.166666666667x ) )
Fitness = 48.058282395
Avg Fitness = 46.8442067539
Duplicated = 2
============================================================================
Evaluate Gen  6
New Population 138
Better than Dads 21
Best Ind: ( ( 0.111111111111x + ( ( ( 0.142857142857y * ( 0.111111111111y + 0.333333333333x ) ) * 0.25x ) + 0.2x ) ) + ( ( ( 0.5y + 0.125x ) * ( 1.0x + 0.25x ) ) + 0.142857142857y ) )
Fitness = 40.9836503558
Worst Ind: ( ( ( 0.111111111111y * 0.1x ) + 0.1x ) + ( 0.166666666667y * ( 0.333333333333y + 0.142857142857y ) ) )
Fitness = 47.7962685144
Avg Fitness = 46.6098696247
Duplicated = 3
============================================================================
Evaluate Gen  7
New Population 149
Better than Dads 24
Best Ind: ( ( 0.111111111111x + ( ( ( 0.142857142857y * ( 0.111111111111y + 0.333333333333x ) ) * 0.25x ) + 0.2x ) ) + ( ( ( 0.5y + 0.125x ) * ( 1.0x + 0.25x ) ) + 0.142857142857y ) )
Fitness = 40.9836503558
Worst Ind: ( ( ( 0.111111111111y + 0.2x ) + ( ( ( 0.25x + 0.166666666667x ) + 0.25x ) * ( ( ( 0.333333333333y * 0.125y ) * ( 0.25x * 0.142857142857x ) ) * ( 0.2x + ( 0.142857142857x * 0.166666666667y ) ) ) ) ) + 1.0x )
Fitness = 47.3398263403
Avg Fitness = 46.2965661771
Duplicated = 5
============================================================================
Evaluate Gen  8
New Population 149
Better than Dads 28
Best Ind: ( ( 1.0y * 0.5y ) + ( ( ( ( 0.142857142857y * 0.111111111111y ) + ( 0.111111111111y + 0.25x ) ) + ( 0.333333333333y + 0.333333333333x ) ) + ( 0.333333333333x * 0.333333333333x ) ) )
Fitness = 37.0871541392
Worst Ind: ( 0.142857142857y + ( 1.0y * ( ( 0.166666666667x * ( 0.142857142857y * 0.125y ) ) + 0.111111111111y ) ) )
Fitness = 47.0602711198
Avg Fitness = 45.9624920544
Duplicated = 4
============================================================================
Evaluate Gen  9
New Population 140
Better than Dads 22
Best Ind: ( ( 1.0y * 0.5y ) + ( ( ( ( 0.142857142857y * 0.111111111111y ) + ( 0.111111111111y + 0.25x ) ) + ( 0.333333333333y + 0.333333333333x ) ) + ( 0.333333333333x * 0.333333333333x ) ) )
Fitness = 37.0871541392
Worst Ind: ( ( 0.125x * ( ( 0.2x + ( 0.2x * 0.1y ) ) + ( ( ( 0.2x * 0.1y ) * 0.2y ) + ( ( 0.142857142857y + 0.111111111111y ) + 0.333333333333y ) ) ) ) + 1.0x )
Fitness = 46.9481238081
Avg Fitness = 45.7451779816
Duplicated = 7
============================================================================
Evaluate Gen  10
New Population 137
Better than Dads 23
Best Ind: ( ( 1.0y * 0.5y ) + ( ( ( ( 0.142857142857y * 0.111111111111y ) + ( 0.111111111111y + 0.25x ) ) + ( 0.333333333333y + 0.333333333333x ) ) + ( 0.333333333333x * 0.333333333333x ) ) )
Fitness = 37.0871541392
Worst Ind: ( ( ( 0.25x + 0.166666666667x ) + ( 0.1x + ( ( 0.333333333333y + 0.1y ) + ( 0.25y + 0.166666666667y ) ) ) ) + 0.333333333333x )
Fitness = 46.8040404888
Avg Fitness = 45.5790777267
Duplicated = 5
============================================================================
Evaluate Gen  11
New Population 139
Better than Dads 27
Best Ind: ( ( 1.0x * 0.25x ) + ( ( ( 0.25x + 0.166666666667x ) + ( 0.1x + ( 1.0x + ( 0.25y + 0.166666666667y ) ) ) ) * ( ( 0.142857142857y + 0.166666666667y ) + 0.25x ) ) )
Fitness = 35.9551266859
Worst Ind: ( ( ( 0.25y + ( ( 0.25x + 0.166666666667x ) + 0.1x ) ) * 0.111111111111y ) + 1.0x )
Fitness = 46.6986891607
Avg Fitness = 45.3524484144
Duplicated = 3
============================================================================
Evaluate Gen  12
New Population 142
Better than Dads 27
Best Ind: ( ( 1.0x * 0.25x ) + ( ( ( 0.25x + 0.166666666667x ) + ( 0.1x + ( 1.0x + ( 0.25y + 0.166666666667y ) ) ) ) * ( ( 0.142857142857y + 0.166666666667y ) + 0.25x ) ) )
Fitness = 35.9551266859
Worst Ind: ( ( 0.25x + ( ( 0.2y + 1.0x ) * 0.111111111111y ) ) + ( ( 0.333333333333x * ( ( ( 0.1y * 0.142857142857y ) * ( 0.166666666667y * 0.5y ) ) * 0.333333333333y ) ) + ( 0.142857142857y + ( ( ( 0.5y + 0.333333333333y ) + ( 0.111111111111y * 0.2x ) ) * 0.111111111111x ) ) ) )
Fitness = 46.3869638079
Avg Fitness = 45.155418836
Duplicated = 3
============================================================================
Evaluate Gen  13
New Population 142
Better than Dads 24
Best Ind: ( ( ( ( ( 0.142857142857y * 0.111111111111y ) + ( 0.111111111111y + 0.25x ) ) * 0.125y ) + ( 0.2x + ( ( ( 0.125y + 0.125y ) + ( 0.25y + 1.0y ) ) * 1.0x ) ) ) + 0.25x )
Fitness = 33.0660073916
Worst Ind: ( 0.5x * ( 0.5x + ( 0.333333333333x + ( ( 1.0x + ( 0.1x * 0.1x ) ) * ( 0.1x + ( 1.0y * 0.125x ) ) ) ) ) )
Fitness = 46.2442697811
Avg Fitness = 44.7781147217
Duplicated = 1
============================================================================
Evaluate Gen  14
New Population 134
Better than Dads 22
Best Ind: ( ( ( ( ( 0.142857142857y * 0.111111111111y ) + ( 0.111111111111y + 0.25x ) ) * 0.125y ) + ( 0.2x + ( ( ( 0.125y + 0.125y ) + ( 0.25y + 1.0y ) ) * 1.0x ) ) ) + 0.25x )
Fitness = 33.0660073916
Worst Ind: ( ( 0.333333333333y + ( 0.125y + 0.25x ) ) * ( 0.142857142857x + ( 0.1y + 0.111111111111y ) ) )
Fitness = 46.101977585
Avg Fitness = 44.5836041262
Duplicated = 1
============================================================================
Evaluate Gen  15
New Population 146
Better than Dads 29
Best Ind: ( ( ( 0.1x + ( 1.0x + ( 0.25y + 0.166666666667y ) ) ) * ( ( 0.2x + ( 0.142857142857x * 0.166666666667y ) ) + ( 1.0x + ( ( 0.142857142857y + 0.111111111111y ) + 0.333333333333y ) ) ) ) + 1.0x )
Fitness = 24.7653960145
Worst Ind: ( ( ( 0.333333333333x + ( ( 0.5y * 0.111111111111y ) * 0.25y ) ) + 0.1x ) + ( ( 0.333333333333x * 1.0x ) + 0.166666666667y ) )
Fitness = 45.862650957
Avg Fitness = 44.0497897801
Duplicated = 1
============================================================================
Evaluate Gen  16
New Population 144
Better than Dads 26
Best Ind: ( ( ( 0.1x + ( 1.0x + ( 0.25y + 0.166666666667y ) ) ) * ( ( 0.2x + ( 0.142857142857x * 0.166666666667y ) ) + ( 1.0x + ( ( 0.142857142857y + 0.111111111111y ) + 0.333333333333y ) ) ) ) + 1.0x )
Fitness = 24.7653960145
Worst Ind: ( ( ( 0.111111111111y * ( 0.166666666667x * 0.166666666667x ) ) + 0.333333333333x ) * ( 0.25x + ( ( ( ( 0.125y * 0.333333333333y ) + ( 0.142857142857y * 0.5y ) ) + ( ( 0.5y + 0.111111111111x ) * ( 0.5y + 0.333333333333x ) ) ) + ( ( 0.1y * 0.166666666667y ) + 1.0y ) ) ) )
Fitness = 45.4375103575
Avg Fitness = 43.6156375419
Duplicated = 1
============================================================================
Evaluate Gen  17
New Population 147
Better than Dads 30
Best Ind: ( ( ( 0.1x + ( 1.0x + ( 0.25y + 0.166666666667y ) ) ) * ( ( 0.2x + ( 0.142857142857x * 0.166666666667y ) ) + ( 1.0x + ( ( 0.142857142857y + 0.111111111111y ) + 0.333333333333y ) ) ) ) + 1.0x )
Fitness = 24.7653960145
Worst Ind: ( ( ( 0.25x + ( ( 0.2y + 1.0x ) * 0.142857142857y ) ) + 0.142857142857x ) + 1.0x )
Fitness = 44.9820652428
Avg Fitness = 43.3136768642
Duplicated = 2
============================================================================
Evaluate Gen  18
New Population 139
Better than Dads 27
Best Ind: ( ( ( 0.1x + ( 1.0x + ( 0.25y + 0.166666666667y ) ) ) * ( ( 0.2x + ( 0.142857142857x * 0.166666666667y ) ) + ( 1.0x + ( ( 0.142857142857y + 0.111111111111y ) + 0.333333333333y ) ) ) ) + 1.0x )
Fitness = 24.7653960145
Worst Ind: ( ( 0.25x + ( ( 0.2y + 1.0x ) * 0.111111111111y ) ) + ( ( ( ( ( 0.125x + 0.333333333333x ) + 0.333333333333y ) + 0.166666666667x ) + 0.2y ) + 0.333333333333x ) )
Fitness = 44.6950901421
Avg Fitness = 43.0928505366
Duplicated = 2
============================================================================
Evaluate Gen  19
New Population 135
Better than Dads 24
Best Ind: ( ( ( 0.1x + ( 1.0x + ( 0.25y + 0.166666666667y ) ) ) * ( ( 0.2x + ( 0.142857142857x * 0.166666666667y ) ) + ( 1.0x + ( ( 0.142857142857y + 0.111111111111y ) + 0.333333333333y ) ) ) ) + 1.0x )
Fitness = 24.7653960145
Worst Ind: ( 0.1y * ( 0.25y + ( ( ( ( 0.142857142857x + 1.0y ) + ( 0.142857142857y * 0.5y ) ) + ( ( 0.5y + 0.111111111111x ) * ( 0.5y + 0.333333333333x ) ) ) + ( ( 0.1y * 0.166666666667y ) + 1.0y ) ) ) )
Fitness = 44.57217938
Avg Fitness = 42.6429987611
Duplicated = 1
============================================================================
Evaluate Gen  20
New Population 142
Better than Dads 29
Best Ind: ( ( ( 0.1x + ( 1.0x + ( 0.25y + 0.166666666667y ) ) ) * ( ( 0.2x + ( 0.142857142857x * 0.166666666667y ) ) + ( 1.0x + ( ( 0.142857142857y + 0.111111111111y ) + 0.333333333333y ) ) ) ) + 1.0x )
Fitness = 24.7653960145
Worst Ind: ( ( ( 0.2y + 0.1x ) + ( 1.0x + ( 0.333333333333x * 0.2y ) ) ) + ( ( 0.25x * 1.0x ) + ( 0.1x * 0.1x ) ) )
Fitness = 44.4068692613
Avg Fitness = 42.3755817348
Duplicated = 1
============================================================================
Evaluate Gen  21
New Population 143
Better than Dads 28
Best Ind: ( ( ( 0.1x + ( 1.0x + ( 0.25y + 0.166666666667y ) ) ) * ( ( 0.2x + ( 0.142857142857x * 0.166666666667y ) ) + ( 1.0x + ( ( 0.142857142857y + 0.111111111111y ) + 0.333333333333y ) ) ) ) + 1.0x )
Fitness = 24.7653960145
Worst Ind: ( ( ( 0.111111111111y + ( 0.142857142857x + ( 0.2x + ( 0.2y + 0.111111111111x ) ) ) ) + ( ( 0.111111111111y * 0.333333333333y ) + ( ( ( 1.0y * 0.5y ) + 0.2y ) * 0.111111111111y ) ) ) + ( ( ( 0.2x + ( 0.25x * ( 0.142857142857x * 0.142857142857y ) ) ) + ( ( 0.111111111111x + ( 0.125y + 0.333333333333x ) ) * 0.2x ) ) + ( ( ( ( 0.1x * 0.333333333333y ) * 0.2y ) + ( ( 0.111111111111x + 0.333333333333x ) + 0.333333333333y ) ) + ( ( ( 0.166666666667x + 0.333333333333x ) * ( 0.111111111111y + 0.5y ) ) * ( ( 0.142857142857x + 0.333333333333x ) + ( 0.333333333333x + 0.142857142857y ) ) ) ) ) )
Fitness = 44.1872646046
Avg Fitness = 41.9723515232
Duplicated = 2
============================================================================
Evaluate Gen  22
New Population 142
Better than Dads 30
Best Ind: ( ( ( 0.1x + ( 1.0x + ( 0.25y + 0.166666666667y ) ) ) * ( ( 0.2x + ( 0.142857142857x * 0.166666666667y ) ) + ( 1.0x + ( ( 0.142857142857y + 0.111111111111y ) + 0.333333333333y ) ) ) ) + 1.0x )
Fitness = 24.7653960145
Worst Ind: ( ( 0.333333333333x * 1.0x ) + ( ( 1.0x + ( 0.1y + ( ( 0.1y + 0.1y ) + ( 0.25y + 0.166666666667y ) ) ) ) + 0.166666666667x ) )
Fitness = 43.9815848054
Avg Fitness = 41.6652710832
Duplicated = 2
============================================================================
Evaluate Gen  23
New Population 137
Better than Dads 25
Best Ind: ( ( ( 0.1x + ( 1.0x + ( 0.25y + 0.166666666667y ) ) ) * ( ( 0.2x + ( 0.142857142857x * 0.166666666667y ) ) + ( 1.0x + ( ( 0.142857142857y + 0.111111111111y ) + 0.333333333333y ) ) ) ) + 1.0x )
Fitness = 24.7653960145
Worst Ind: ( ( ( 0.1y + ( ( 0.1y + 0.1y ) + ( 0.25y + 0.166666666667y ) ) ) + ( 1.0x + ( 0.333333333333x * 0.166666666667x ) ) ) + ( ( 0.25x * 1.0x ) + ( 0.1x * 0.1x ) ) )
Fitness = 43.8093204046
Avg Fitness = 41.3475807876
Duplicated = 1
============================================================================
Evaluate Gen  24
New Population 142
Better than Dads 29
Best Ind: ( ( ( 0.1x + ( 1.0x + ( 0.25y + 0.166666666667y ) ) ) * ( ( 0.2x + ( 0.142857142857x * 0.166666666667y ) ) + ( 1.0x + ( ( 0.142857142857y + 0.111111111111y ) + 0.333333333333y ) ) ) ) + 1.0x )
Fitness = 24.7653960145
Worst Ind: ( ( 1.0x * ( ( 0.142857142857y * 0.111111111111y ) + ( 0.111111111111y + 0.25x ) ) ) + ( ( 1.0x + ( ( 0.142857142857y * 0.111111111111y ) + ( 0.111111111111y + 0.25x ) ) ) + 0.5y ) )
Fitness = 43.1958000962
Avg Fitness = 40.8921564816
Duplicated = 3
============================================================================
Evaluate Gen  25
New Population 143
Better than Dads 29
Best Ind: ( ( ( 0.1x + ( 1.0x + ( 0.25y + 0.166666666667y ) ) ) * ( ( 0.2x + ( 0.142857142857x * 0.166666666667y ) ) + ( 1.0x + ( ( 0.142857142857y + 0.111111111111y ) + 0.333333333333y ) ) ) ) + 1.0x )
Fitness = 24.7653960145
Worst Ind: ( ( 1.0x * ( ( ( 0.111111111111y * 0.333333333333y ) + ( 0.25y * 0.111111111111y ) ) + 0.333333333333y ) ) + ( ( 0.142857142857y + ( ( 0.142857142857y + 0.1x ) + ( 0.2y + 1.0x ) ) ) + ( 0.111111111111y * 0.2x ) ) )
Fitness = 42.8571353286
Avg Fitness = 40.4979859725
Duplicated = 3
============================================================================
Evaluate Gen  26
New Population 140
Better than Dads 28
Best Ind: ( ( ( 0.1x + ( 1.0x + ( 0.25y + 0.166666666667y ) ) ) * ( ( 0.2x + ( 0.142857142857x * 0.166666666667y ) ) + ( 1.0x + ( ( 0.142857142857y + 0.111111111111y ) + 0.333333333333y ) ) ) ) + 1.0x )
Fitness = 24.7653960145
Worst Ind: ( ( ( ( ( ( 0.2x * 0.125x ) + ( 0.2y * 0.125y ) ) * 0.333333333333x ) * ( ( 0.5x * 0.2x ) + ( 0.142857142857y + 0.25y ) ) ) + ( ( ( 0.166666666667x + 0.1x ) + ( ( 1.0x * 0.125y ) + ( 0.333333333333y + 0.5y ) ) ) * ( 0.333333333333y * ( 0.1y * 0.2x ) ) ) ) + ( ( ( 0.142857142857x + ( 0.5x * ( 0.2y * 0.333333333333y ) ) ) + ( 1.0y * ( 0.142857142857y + ( 0.1y + 0.111111111111x ) ) ) ) + 0.2x ) )
Fitness = 42.4814634127
Avg Fitness = 40.1502486131
Duplicated = 2
============================================================================
Evaluate Gen  27
New Population 144
Better than Dads 28
Best Ind: ( ( ( ( ( 1.0x + 0.333333333333y ) + ( 0.166666666667y * ( 0.1y + 0.142857142857y ) ) ) + 0.2x ) + 0.333333333333x ) * ( ( ( 0.1y * 0.166666666667y ) + 1.0y ) + ( ( ( 0.333333333333x + ( 0.142857142857y * 0.5y ) ) + ( ( 0.5y + 0.111111111111x ) * ( 0.5y + 0.333333333333x ) ) ) + ( ( 0.1y * 0.166666666667y ) + 1.0y ) ) ) )
Fitness = 12.8259206413
Worst Ind: ( ( ( 0.142857142857y * 0.111111111111y ) + ( 0.111111111111y + 0.25x ) ) + ( ( ( ( 0.142857142857x + ( 0.166666666667y + 0.166666666667y ) ) * 0.5y ) + 0.142857142857x ) + 1.0x ) )
Fitness = 42.0733781944
Avg Fitness = 39.0711933038
Duplicated = 2
============================================================================
Evaluate Gen  28
New Population 138
Better than Dads 19
Best Ind: ( ( ( ( ( 1.0x + 0.333333333333y ) + ( 0.166666666667y * ( 0.1y + 0.142857142857y ) ) ) + 0.2x ) + 0.333333333333x ) * ( ( ( 0.1y * 0.166666666667y ) + 1.0y ) + ( ( ( 0.333333333333x + ( 0.142857142857y * 0.5y ) ) + ( ( 0.5y + 0.111111111111x ) * ( 0.5y + 0.333333333333x ) ) ) + ( ( 0.1y * 0.166666666667y ) + 1.0y ) ) ) )
Fitness = 12.8259206413
Worst Ind: ( ( ( ( 0.333333333333x + 0.2y ) + 0.166666666667y ) + ( 0.333333333333y * ( 0.333333333333y + 0.142857142857y ) ) ) + ( 0.333333333333y * ( 0.333333333333y + 0.142857142857y ) ) )
Fitness = 41.3209899305
Avg Fitness = 38.3385322046
Duplicated = 2
============================================================================
Evaluate Gen  29
New Population 141
Better than Dads 21
Best Ind: ( ( ( ( ( 1.0x + 0.333333333333y ) + ( 0.166666666667y * ( 0.1y + 0.142857142857y ) ) ) + 0.2x ) + 0.333333333333x ) * ( ( ( 0.1y * 0.166666666667y ) + 1.0y ) + ( ( ( 0.333333333333x + ( 0.142857142857y * 0.5y ) ) + ( ( 0.5y + 0.111111111111x ) * ( 0.5y + 0.333333333333x ) ) ) + ( ( 0.1y * 0.166666666667y ) + 1.0y ) ) ) )
Fitness = 12.8259206413
Worst Ind: ( ( ( ( 0.142857142857y * 0.111111111111y ) + ( 0.111111111111y + 0.25x ) ) + ( ( 0.25x + 0.125x ) * ( ( 0.333333333333x + 0.111111111111y ) + ( 0.333333333333y + 0.333333333333y ) ) ) ) + ( ( ( ( ( 0.142857142857x * 1.0x ) + ( 1.0x * 0.142857142857x ) ) + 0.111111111111x ) + ( ( ( 0.142857142857y + 0.166666666667x ) + 0.111111111111x ) + 0.111111111111x ) ) + 0.142857142857y ) )
Fitness = 40.7128082451
Avg Fitness = 37.9504336033
Duplicated = 2
============================================================================
Evaluate Gen  30
New Population 140
Better than Dads 24
Best Ind: ( ( ( ( ( 1.0x + 0.333333333333y ) + ( 0.166666666667y * ( 0.1y + 0.142857142857y ) ) ) + 0.2x ) + 0.333333333333x ) * ( ( ( 0.1y * 0.166666666667y ) + 1.0y ) + ( ( ( 0.333333333333x + ( 0.142857142857y * 0.5y ) ) + ( ( 0.5y + 0.111111111111x ) * ( 0.5y + 0.333333333333x ) ) ) + ( ( 0.1y * 0.166666666667y ) + 1.0y ) ) ) )
Fitness = 12.8259206413
Worst Ind: ( ( ( ( 0.2y + 0.333333333333x ) + 0.333333333333y ) + ( 0.2y * 1.0y ) ) + ( ( ( 0.2x + ( 0.25x * 0.333333333333y ) ) + ( ( 0.111111111111x + ( 0.125y + 0.333333333333x ) ) * 0.2x ) ) + ( ( ( ( 0.1x * 0.333333333333y ) * 0.2y ) + ( ( 0.111111111111x + 0.333333333333x ) + 0.333333333333y ) ) + ( 0.333333333333y * ( 0.333333333333y + 0.142857142857y ) ) ) ) )
Fitness = 40.445033822
Avg Fitness = 37.3921924434
Duplicated = 5
============================================================================
Evaluate Gen  31
New Population 145
Better than Dads 27
Best Ind: ( ( ( ( ( 1.0x + 0.333333333333y ) + ( 0.166666666667y * ( 0.1y + 0.142857142857y ) ) ) + 0.2x ) + 0.333333333333x ) * ( ( ( 0.1y * 0.166666666667y ) + 1.0y ) + ( ( ( 0.333333333333x + ( 0.142857142857y * 0.5y ) ) + ( ( 0.5y + 0.111111111111x ) * ( 0.5y + 0.333333333333x ) ) ) + ( ( 0.1y * 0.166666666667y ) + 1.0y ) ) ) )
Fitness = 12.8259206413
Worst Ind: ( ( ( ( 1.0y + 0.2y ) + 0.111111111111x ) * 0.333333333333y ) + ( 0.1y + ( 0.25y * 0.142857142857x ) ) )
Fitness = 39.9456548646
Avg Fitness = 36.7628281078
Duplicated = 3
============================================================================
Evaluate Gen  32
New Population 146
Better than Dads 29
Best Ind: ( ( ( ( ( 1.0x + 0.333333333333y ) + ( 0.166666666667y * ( 0.1y + 0.142857142857y ) ) ) + 0.2x ) + 0.333333333333x ) * ( ( ( 0.1y * 0.166666666667y ) + 1.0y ) + ( ( ( 0.333333333333x + ( 0.142857142857y * 0.5y ) ) + ( ( 0.5y + 0.111111111111x ) * ( 0.5y + 0.333333333333x ) ) ) + ( ( 0.1y * 0.166666666667y ) + 1.0y ) ) ) )
Fitness = 12.8259206413
Worst Ind: ( ( 1.0x * ( 0.333333333333y + 0.5x ) ) + ( ( 0.142857142857y + ( ( 0.142857142857y + 0.1x ) + ( 0.2y + 1.0x ) ) ) + ( 0.25y * 0.142857142857x ) ) )
Fitness = 39.2254332657
Avg Fitness = 36.2143547561
Duplicated = 3
============================================================================
Evaluate Gen  33
New Population 146
Better than Dads 28
Best Ind: ( ( ( ( ( 1.0x + 0.333333333333y ) + ( 0.166666666667y * ( 0.1y + 0.142857142857y ) ) ) + 0.2x ) + 0.333333333333x ) * ( ( ( 0.1y * 0.166666666667y ) + 1.0y ) + ( ( ( 0.333333333333x + ( 0.142857142857y * 0.5y ) ) + ( ( 0.5y + 0.111111111111x ) * ( 0.5y + 0.333333333333x ) ) ) + ( ( 0.1y * 0.166666666667y ) + 1.0y ) ) ) )
Fitness = 12.8259206413
Worst Ind: ( ( 0.142857142857y + ( 1.0y * 1.0x ) ) + ( 1.0x * ( ( ( ( 0.333333333333y * 0.142857142857y ) + ( 0.5y + 0.166666666667y ) ) + 0.142857142857x ) * ( 0.166666666667x + ( ( 0.125x + 0.142857142857y ) + 0.1y ) ) ) ) )
Fitness = 38.7072069048
Avg Fitness = 35.5222212362
Duplicated = 2
============================================================================
Evaluate Gen  34
New Population 149
Better than Dads 30
Best Ind: ( ( ( ( ( 1.0x + 0.333333333333y ) + ( 0.166666666667y * ( 0.1y + 0.142857142857y ) ) ) + 0.2x ) + 0.333333333333x ) * ( ( ( 0.1y * 0.166666666667y ) + 1.0y ) + ( ( ( 0.333333333333x + ( 0.142857142857y * 0.5y ) ) + ( ( 0.5y + 0.111111111111x ) * ( 0.5y + 0.333333333333x ) ) ) + ( ( 0.1y * 0.166666666667y ) + 1.0y ) ) ) )
Fitness = 12.8259206413
Worst Ind: ( ( ( 1.0x * ( ( 0.5x * 0.2x ) + ( 0.142857142857y + 0.25y ) ) ) + ( ( 1.0x * 0.25x ) + ( 0.333333333333y + ( 0.125y + 1.0x ) ) ) ) + ( ( ( 0.142857142857y + 0.1x ) + 0.25x ) * ( 0.333333333333y + 0.142857142857y ) ) )
Fitness = 37.7321408406
Avg Fitness = 34.79586653
Duplicated = 4
============================================================================
Evaluate Gen  35
New Population 147
Better than Dads 32
Best Ind: ( ( ( ( ( 1.0x + 0.333333333333y ) + ( 0.166666666667y * ( 0.1y + 0.142857142857y ) ) ) + 0.2x ) + 0.333333333333x ) * ( ( ( 0.1y * 0.166666666667y ) + 1.0y ) + ( ( ( 0.333333333333x + ( 0.142857142857y * 0.5y ) ) + ( ( 0.5y + 0.111111111111x ) * ( 0.5y + 0.333333333333x ) ) ) + ( ( 0.1y * 0.166666666667y ) + 1.0y ) ) ) )
Fitness = 12.8259206413
Worst Ind: ( ( ( 0.25x + ( ( 0.2y + 1.0x ) * ( 1.0x + ( 0.333333333333x * 0.166666666667x ) ) ) ) + 0.142857142857x ) + 1.0x )
Fitness = 37.2025316631
Avg Fitness = 34.2437017246
Duplicated = 6
============================================================================
Evaluate Gen  36
New Population 138
Better than Dads 27
Best Ind: ( ( ( ( ( 1.0x + 0.333333333333y ) + ( 0.166666666667y * ( 0.1y + 0.142857142857y ) ) ) + 0.2x ) + 0.333333333333x ) * ( ( ( 0.1y * 0.166666666667y ) + 1.0y ) + ( ( ( 0.333333333333x + ( 0.142857142857y * 0.5y ) ) + ( ( 0.5y + 0.111111111111x ) * ( 0.5y + 0.333333333333x ) ) ) + ( ( 0.1y * 0.166666666667y ) + 1.0y ) ) ) )
Fitness = 12.8259206413
Worst Ind: ( ( 1.0x * 0.25x ) + ( 1.0y * 0.5y ) )
Fitness = 36.8268235061
Avg Fitness = 33.8283533874
Duplicated = 7
============================================================================
Evaluate Gen  37
New Population 139
Better than Dads 30
Best Ind: ( ( ( ( ( 1.0x + 0.333333333333y ) + ( 0.166666666667y * ( 0.1y + 0.142857142857y ) ) ) + 0.2x ) + 0.333333333333x ) * ( ( ( 0.1y * 0.166666666667y ) + 1.0y ) + ( ( ( 0.333333333333x + ( 0.142857142857y * 0.5y ) ) + ( ( 0.5y + 0.111111111111x ) * ( 0.5y + 0.333333333333x ) ) ) + ( ( 0.1y * 0.166666666667y ) + 1.0y ) ) ) )
Fitness = 12.8259206413
Worst Ind: ( ( 1.0y * ( 1.0x + 0.25x ) ) + 0.142857142857y )
Fitness = 36.512400109
Avg Fitness = 33.4149058593
Duplicated = 7
============================================================================
Evaluate Gen  38
New Population 142
Better than Dads 31
Best Ind: ( ( ( ( ( 1.0x + 0.333333333333y ) + ( 0.166666666667y * ( 0.1y + 0.142857142857y ) ) ) + 0.2x ) + 0.333333333333x ) * ( ( ( 0.1y * 0.166666666667y ) + 1.0y ) + ( ( ( 0.333333333333x + ( 0.142857142857y * 0.5y ) ) + ( ( 0.5y + 0.111111111111x ) * ( 0.5y + 0.333333333333x ) ) ) + ( ( 0.1y * 0.166666666667y ) + 1.0y ) ) ) )
Fitness = 12.8259206413
Worst Ind: ( ( 0.111111111111x + ( ( ( 0.142857142857y * ( 0.111111111111y + 0.142857142857x ) ) * 0.25x ) + 0.333333333333y ) ) + ( ( ( 0.2y + 1.0x ) * ( 1.0x + 0.25x ) ) + 0.142857142857y ) )
Fitness = 35.9185718808
Avg Fitness = 32.9762716311
Duplicated = 7
============================================================================
Evaluate Gen  39
New Population 141
Better than Dads 29
Best Ind: ( ( ( ( ( 1.0x + 0.333333333333y ) + ( 0.166666666667y * ( 0.1y + 0.142857142857y ) ) ) + 0.2x ) + 0.333333333333x ) * ( ( ( 0.1y * 0.166666666667y ) + 1.0y ) + ( ( ( 0.333333333333x + ( 0.142857142857y * 0.5y ) ) + ( ( 0.5y + 0.111111111111x ) * ( 0.5y + 0.333333333333x ) ) ) + ( ( 0.1y * 0.166666666667y ) + 1.0y ) ) ) )
Fitness = 12.8259206413
Worst Ind: ( ( 0.111111111111x + 0.5y ) + ( ( 1.0y * ( 1.0x + 0.25x ) ) + 0.142857142857y ) )
Fitness = 35.3722972097
Avg Fitness = 32.2780371677
Duplicated = 7
============================================================================
Evaluate Gen  40
New Population 137
Better than Dads 24
Best Ind: ( ( ( ( ( 1.0x + 0.333333333333y ) + ( 0.166666666667y * ( 0.1y + 0.142857142857y ) ) ) + 0.2x ) + 0.333333333333x ) * ( ( ( 0.1y * 0.166666666667y ) + 1.0y ) + ( ( ( 0.333333333333x + ( 0.142857142857y * 0.5y ) ) + ( ( 0.5y + 0.111111111111x ) * ( 0.5y + 0.333333333333x ) ) ) + ( ( 0.1y * 0.166666666667y ) + 1.0y ) ) ) )
Fitness = 12.8259206413
Worst Ind: ( ( ( ( 0.333333333333x * ( 0.166666666667x + 1.0x ) ) + ( 0.333333333333y * ( 0.333333333333y + 0.142857142857y ) ) ) + ( ( 0.333333333333y + ( 0.125y + 1.0x ) ) * ( 0.142857142857x + ( 0.1y + 0.111111111111y ) ) ) ) + ( 1.0x * 0.25x ) )
Fitness = 35.1116557882
Avg Fitness = 31.7543577374
Duplicated = 3
============================================================================
Evaluate Gen  41
New Population 141
Better than Dads 30
Best Ind: ( ( ( ( ( 1.0x + 0.333333333333y ) + ( 0.166666666667y * ( 0.1y + 0.142857142857y ) ) ) + 0.2x ) + 0.333333333333x ) * ( ( ( 0.1y * 0.166666666667y ) + 1.0y ) + ( ( ( 0.333333333333x + ( 0.142857142857y * 0.5y ) ) + ( ( 0.5y + 0.111111111111x ) * ( 0.5y + 0.333333333333x ) ) ) + ( ( 0.1y * 0.166666666667y ) + 1.0y ) ) ) )
Fitness = 12.8259206413
Worst Ind: ( ( ( ( ( 0.142857142857y * 0.111111111111y ) + ( 0.111111111111y + 0.25x ) ) * 0.125y ) + ( 0.2y * 1.0y ) ) + ( ( 0.333333333333y + ( ( 0.5y + 0.125x ) + 0.166666666667y ) ) * 0.5y ) )
Fitness = 34.5186256189
Avg Fitness = 31.241493444
Duplicated = 5
============================================================================
Evaluate Gen  42
New Population 139
Better than Dads 30
Best Ind: ( ( ( ( ( 1.0x + 0.333333333333y ) + ( 0.166666666667y * ( 0.1y + 0.142857142857y ) ) ) + 0.2x ) + 0.333333333333x ) * ( ( ( 0.1y * 0.166666666667y ) + 1.0y ) + ( ( ( 0.333333333333x + ( 0.142857142857y * 0.5y ) ) + ( ( 0.5y + 0.111111111111x ) * ( 0.5y + 0.333333333333x ) ) ) + ( ( 0.1y * 0.166666666667y ) + 1.0y ) ) ) )
Fitness = 12.8259206413
Worst Ind: ( ( ( ( 0.333333333333x * 1.0x ) + ( 0.333333333333x + ( 0.2x * 1.0x ) ) ) + ( 1.0y * 1.0x ) ) + 0.166666666667y )
Fitness = 34.3041116136
Avg Fitness = 30.7038806601
Duplicated = 1
============================================================================
Evaluate Gen  43
New Population 137
Better than Dads 29
Best Ind: ( ( ( ( ( 1.0x + 0.333333333333y ) + ( 0.166666666667y * ( 0.1y + 0.142857142857y ) ) ) + 0.2x ) + 0.333333333333x ) * ( ( ( 0.1y * 0.166666666667y ) + 1.0y ) + ( ( ( 0.333333333333x + ( 0.142857142857y * 0.5y ) ) + ( ( 0.5y + 0.111111111111x ) * ( 0.5y + 0.333333333333x ) ) ) + ( ( 0.1y * 0.166666666667y ) + 1.0y ) ) ) )
Fitness = 12.8259206413
Worst Ind: ( ( ( 0.142857142857y * 1.0x ) + ( ( ( 0.166666666667x + 0.1x ) + ( ( 1.0x * 1.0x ) + ( 0.333333333333y + 0.5y ) ) ) * ( 0.333333333333y * ( 0.1y * 0.2x ) ) ) ) + ( ( ( 0.142857142857x + ( 0.5x * ( 0.2y * 0.333333333333y ) ) ) + ( 1.0y * ( 0.333333333333y + 0.333333333333y ) ) ) + 0.2x ) )
Fitness = 33.886143727
Avg Fitness = 29.8380072191
Duplicated = 1
============================================================================
Evaluate Gen  44
New Population 139
Better than Dads 29
Best Ind: ( ( ( ( ( 1.0x + 0.333333333333y ) + ( 0.166666666667y * ( 0.1y + 0.142857142857y ) ) ) + 0.2x ) + 0.333333333333x ) * ( ( ( 0.1y * 0.166666666667y ) + 1.0y ) + ( ( ( 0.333333333333x + ( 0.142857142857y * 0.5y ) ) + ( ( 0.5y + 0.111111111111x ) * ( 0.5y + 0.333333333333x ) ) ) + ( ( 0.1y * 0.166666666667y ) + 1.0y ) ) ) )
Fitness = 12.8259206413
Worst Ind: ( ( 1.0x * 0.25x ) + ( ( ( ( 0.333333333333y + 0.142857142857y ) + 0.166666666667x ) + ( ( 0.333333333333y * ( 0.333333333333y + 0.142857142857y ) ) + ( 1.0x + ( 0.25y + 0.166666666667y ) ) ) ) * ( ( 0.142857142857y + 0.166666666667y ) + 0.25x ) ) )
Fitness = 33.5137297213
Avg Fitness = 29.3791682174
Duplicated = 3
============================================================================
Evaluate Gen  45
New Population 142
Better than Dads 28
Best Ind: ( ( ( ( ( 1.0x + 0.333333333333y ) + ( 0.166666666667y * ( 0.1y + 0.142857142857y ) ) ) + 0.2x ) + 0.333333333333x ) * ( ( ( 0.1y * 0.166666666667y ) + 1.0y ) + ( ( ( 0.333333333333x + ( 0.142857142857y * 0.5y ) ) + ( ( 0.5y + 0.111111111111x ) * ( 0.5y + 0.333333333333x ) ) ) + ( ( 0.1y * 0.166666666667y ) + 1.0y ) ) ) )
Fitness = 12.8259206413
Worst Ind: ( ( ( ( 1.0x * ( ( 1.0x + 0.142857142857x ) + 0.25x ) ) + ( ( 0.2y + 1.0x ) * 0.111111111111y ) ) + ( ( 0.25x + ( ( 0.2y + 1.0x ) * 1.0x ) ) + 0.333333333333x ) ) + ( ( ( 0.2x + ( 0.25x * ( 0.142857142857x * 0.142857142857y ) ) ) + ( ( 0.111111111111x + ( 0.125y + 0.333333333333x ) ) * 0.2x ) ) + ( ( ( ( 0.1x * 0.333333333333y ) * 0.2y ) + ( ( 0.111111111111x + 0.333333333333x ) + 0.333333333333y ) ) + ( ( ( 0.166666666667x + 0.333333333333x ) * ( 0.111111111111y + 0.5y ) ) * ( ( 0.142857142857x + 0.333333333333x ) + ( 0.333333333333x + 0.142857142857y ) ) ) ) ) )
Fitness = 32.9624426356
Avg Fitness = 28.6870639235
Duplicated = 5
============================================================================
Evaluate Gen  46
New Population 141
Better than Dads 31
Best Ind: ( ( ( ( ( 1.0x + 0.333333333333y ) + ( 0.166666666667y * ( 0.1y + 0.142857142857y ) ) ) + 0.2x ) + 0.333333333333x ) * ( ( ( 0.1y * 0.166666666667y ) + 1.0y ) + ( ( ( 0.333333333333x + ( 0.142857142857y * 0.5y ) ) + ( ( 0.5y + 0.111111111111x ) * ( 0.5y + 0.333333333333x ) ) ) + ( ( 0.1y * 0.166666666667y ) + 1.0y ) ) ) )
Fitness = 12.8259206413
Worst Ind: ( ( 0.333333333333x + ( 1.0x * ( 0.333333333333y + ( ( 0.1y * 0.166666666667y ) + 1.0y ) ) ) ) + ( 0.333333333333y * ( 0.333333333333y + 0.142857142857y ) ) )
Fitness = 32.2715684481
Avg Fitness = 28.1167433854
Duplicated = 7
============================================================================
Evaluate Gen  47
New Population 143
Better than Dads 28
Best Ind: ( ( ( ( ( 1.0x + 0.333333333333y ) + ( 0.166666666667y * ( 0.1y + 0.142857142857y ) ) ) + 0.2x ) + 0.333333333333x ) * ( ( ( 0.1y * 0.166666666667y ) + 1.0y ) + ( ( ( 0.333333333333x + ( 0.142857142857y * 0.5y ) ) + ( ( 0.5y + 0.111111111111x ) * ( 0.5y + 0.333333333333x ) ) ) + ( ( 0.1y * 0.166666666667y ) + 1.0y ) ) ) )
Fitness = 12.8259206413
Worst Ind: ( ( ( 0.333333333333y + ( 0.333333333333x + 0.166666666667y ) ) * 0.5y ) + ( ( ( ( 0.5y * 1.0y ) + ( 1.0x * ( 0.1y + 0.142857142857y ) ) ) + 1.0x ) + 0.5y ) )
Fitness = 31.3412958239
Avg Fitness = 27.3139726421
Duplicated = 4
============================================================================
Evaluate Gen  48
New Population 143
Better than Dads 29
Best Ind: ( ( ( ( ( 1.0x + 0.333333333333y ) + ( 0.166666666667y * ( 0.1y + 0.142857142857y ) ) ) + 0.2x ) + 0.333333333333x ) * ( ( ( 0.1y * 0.166666666667y ) + 1.0y ) + ( ( ( 0.333333333333x + ( 0.142857142857y * 0.5y ) ) + ( ( 0.5y + 0.111111111111x ) * ( 0.5y + 0.333333333333x ) ) ) + ( ( 0.1y * 0.166666666667y ) + 1.0y ) ) ) )
Fitness = 12.8259206413
Worst Ind: ( ( 1.0x * ( 0.333333333333y + 0.142857142857y ) ) + ( ( ( ( 0.333333333333y + 0.142857142857y ) + 0.166666666667x ) + ( 0.1x + ( 1.0x + ( 0.25y + 0.166666666667y ) ) ) ) * ( ( 0.142857142857y + 0.166666666667y ) + 0.25x ) ) )
Fitness = 30.542170857
Avg Fitness = 26.747409579
Duplicated = 2
============================================================================
Evaluate Gen  49
New Population 141
Better than Dads 29
Best Ind: ( ( ( ( ( 1.0x + 0.333333333333y ) + ( 0.166666666667y * ( 0.1y + 0.142857142857y ) ) ) + 0.2x ) + 0.333333333333x ) * ( ( ( 0.1y * 0.166666666667y ) + 1.0y ) + ( ( ( 0.333333333333x + ( 0.142857142857y * 0.5y ) ) + ( ( 0.5y + 0.111111111111x ) * ( 0.5y + 0.333333333333x ) ) ) + ( ( 0.1y * 0.166666666667y ) + 1.0y ) ) ) )
Fitness = 12.8259206413
Worst Ind: ( ( 1.0x * ( ( ( 1.0x + ( 0.333333333333x + 0.166666666667y ) ) + 0.142857142857x ) + 0.25x ) ) + ( ( 1.0x * ( 0.25y + 0.166666666667y ) ) + 1.0x ) )
Fitness = 29.7237535673
Avg Fitness = 25.9668255591
Duplicated = 3
============================================================================
Evaluate Gen  50
New Population 145
Better than Dads 32
Best Ind: ( ( ( ( ( 1.0x + 0.333333333333y ) + ( 0.166666666667y * ( 0.1y + 0.142857142857y ) ) ) + 0.2x ) + 0.333333333333x ) * ( ( ( 0.1y * 0.166666666667y ) + 1.0y ) + ( ( ( 0.333333333333x + ( 0.142857142857y * 0.5y ) ) + ( ( 0.5y + 0.111111111111x ) * ( 0.5y + 0.333333333333x ) ) ) + ( ( 0.1y * 0.166666666667y ) + 1.0y ) ) ) )
Fitness = 12.8259206413
Worst Ind: ( ( 0.111111111111x + 0.5y ) + ( ( ( ( 0.333333333333x * 1.0x ) + ( 0.333333333333x + ( 0.2x * 1.0x ) ) ) + ( ( 1.0y * ( 1.0x + 0.25x ) ) + 0.142857142857y ) ) + ( ( 0.142857142857x + ( 0.333333333333x + 0.166666666667y ) ) * 0.5y ) ) )
Fitness = 28.7349161831
Avg Fitness = 25.4072745311
Duplicated = 4
============================================================================
Evaluate Gen  51
New Population 132
Better than Dads 20
Best Ind: ( ( ( ( ( 1.0x + 0.333333333333y ) + ( 0.166666666667y * ( 0.1y + 0.142857142857y ) ) ) + 0.2x ) + 0.333333333333x ) * ( ( ( 0.1y * 0.166666666667y ) + 1.0y ) + ( ( ( 0.333333333333x + ( 0.142857142857y * 0.5y ) ) + ( ( 0.5y + 0.111111111111x ) * ( 0.5y + 0.333333333333x ) ) ) + ( ( 0.1y * 0.166666666667y ) + 1.0y ) ) ) )
Fitness = 12.8259206413
Worst Ind: ( 0.333333333333y + ( ( ( ( 0.333333333333x * 1.0x ) + ( 0.25y + ( 0.2x * 1.0x ) ) ) + ( ( 1.0y * ( 1.0x + 0.25x ) ) + 0.142857142857y ) ) + ( ( 0.142857142857x + ( 0.333333333333x + 0.166666666667y ) ) * 0.5y ) ) )
Fitness = 28.2621011866
Avg Fitness = 24.9913881037
Duplicated = 5
============================================================================
Evaluate Gen  52
New Population 140
Better than Dads 27
Best Ind: ( ( ( ( ( 1.0x + 0.333333333333y ) + ( 0.166666666667y * ( 0.1y + 0.142857142857y ) ) ) + 0.2x ) + 0.333333333333x ) * ( ( ( 0.1y * 0.166666666667y ) + 1.0y ) + ( ( ( 0.333333333333x + ( 0.142857142857y * 0.5y ) ) + ( ( 0.5y + 0.111111111111x ) * ( 0.5y + 0.333333333333x ) ) ) + ( ( 0.1y * 0.166666666667y ) + 1.0y ) ) ) )
Fitness = 12.8259206413
Worst Ind: ( 0.125x + ( ( ( ( 0.333333333333x * 1.0x ) + ( 0.333333333333x + ( 0.2x * 1.0x ) ) ) + ( ( 1.0y * ( 1.0x + 0.25x ) ) + 0.142857142857y ) ) + ( ( 0.142857142857x + ( 0.333333333333x + 0.166666666667y ) ) * ( ( 0.333333333333y + 0.142857142857y ) + 0.166666666667x ) ) ) )
Fitness = 27.5900976271
Avg Fitness = 24.41782979
Duplicated = 4
============================================================================
Evaluate Gen  53
New Population 141
Better than Dads 32
Best Ind: ( ( ( ( ( 1.0x + 0.333333333333y ) + ( 0.166666666667y * ( 0.1y + 0.142857142857y ) ) ) + 0.2x ) + 0.333333333333x ) * ( ( ( 0.1y * 0.166666666667y ) + 1.0y ) + ( ( ( 0.333333333333x + ( 0.142857142857y * 0.5y ) ) + ( ( 0.5y + 0.111111111111x ) * ( 0.5y + 0.333333333333x ) ) ) + ( ( 0.1y * 0.166666666667y ) + 1.0y ) ) ) )
Fitness = 12.8259206413
Worst Ind: ( ( ( ( ( 0.333333333333y + 0.333333333333x ) + 0.111111111111y ) * ( ( ( 1.0x + 0.142857142857y ) + 0.166666666667x ) + 0.5y ) ) + ( 0.333333333333y * ( 0.333333333333y + 0.142857142857y ) ) ) + ( ( 0.2y + 1.0x ) * ( ( 0.142857142857y * 0.111111111111y ) + ( 0.111111111111y + 0.142857142857y ) ) ) )
Fitness = 26.981516887
Avg Fitness = 23.8173515379
Duplicated = 2
============================================================================
Evaluate Gen  54
New Population 138
Better than Dads 27
Best Ind: ( ( ( ( ( 1.0x + 0.333333333333y ) + ( 0.166666666667y * ( 0.1y + 0.142857142857y ) ) ) + 0.2x ) + 0.333333333333x ) * ( ( ( 0.1y * 0.166666666667y ) + 1.0y ) + ( ( ( 0.333333333333x + ( 0.142857142857y * 0.5y ) ) + ( ( 0.5y + 0.111111111111x ) * ( 0.5y + 0.333333333333x ) ) ) + ( ( 0.1y * 0.166666666667y ) + 1.0y ) ) ) )
Fitness = 12.8259206413
Worst Ind: ( ( 0.5y + ( ( 1.0x * 1.0x ) + ( ( ( 0.125y + 0.2y ) + ( 0.25y + 1.0y ) ) * 1.0x ) ) ) + 0.25x )
Fitness = 26.3337833284
Avg Fitness = 23.3562922326
Duplicated = 1
============================================================================
Evaluate Gen  55
New Population 141
Better than Dads 27
Best Ind: ( ( ( ( ( 1.0x + 0.333333333333y ) + ( 0.166666666667y * ( 0.1y + 0.142857142857y ) ) ) + 0.2x ) + 0.333333333333x ) * ( ( ( 0.1y * 0.166666666667y ) + 1.0y ) + ( ( ( 0.333333333333x + ( 0.142857142857y * 0.5y ) ) + ( ( 0.5y + 0.111111111111x ) * ( 0.5y + 0.333333333333x ) ) ) + ( ( 0.1y * 0.166666666667y ) + 1.0y ) ) ) )
Fitness = 12.8259206413
Worst Ind: ( ( ( 0.166666666667x + ( 1.0x + ( 0.25y + 0.166666666667y ) ) ) * ( ( 1.0x + 0.142857142857x ) + 0.25x ) ) + ( ( 1.0x * ( 0.25y + 1.0x ) ) + 1.0x ) )
Fitness = 25.483843548
Avg Fitness = 22.8280490244
Duplicated = 2
============================================================================
Evaluate Gen  56
New Population 137
Better than Dads 29
Best Ind: ( ( ( ( ( 1.0x + 0.333333333333y ) + ( 0.166666666667y * ( 0.1y + 0.142857142857y ) ) ) + 0.2x ) + 0.333333333333x ) * ( ( ( 0.1y * 0.166666666667y ) + 1.0y ) + ( ( ( 0.333333333333x + ( 0.142857142857y * 0.5y ) ) + ( ( 0.5y + 0.111111111111x ) * ( 0.5y + 0.333333333333x ) ) ) + ( ( 0.1y * 0.166666666667y ) + 1.0y ) ) ) )
Fitness = 12.8259206413
Worst Ind: ( ( 1.0y * ( ( 0.142857142857y + 1.0x ) + 0.25x ) ) + ( ( ( ( 0.142857142857x + 1.0x ) * ( 0.111111111111x + 0.5y ) ) + ( 0.333333333333x * 0.25x ) ) + ( ( 0.333333333333x * 1.0x ) + 0.166666666667y ) ) )
Fitness = 24.9594724691
Avg Fitness = 22.6336352426
Duplicated = 3
============================================================================
Evaluate Gen  57
New Population 144
Better than Dads 30
Best Ind: ( ( ( ( ( 1.0x + 0.333333333333y ) + ( 0.166666666667y * ( 0.1y + 0.142857142857y ) ) ) + 0.2x ) + 0.333333333333x ) * ( ( ( 0.1y * 0.166666666667y ) + 1.0y ) + ( ( ( 0.333333333333x + ( 0.142857142857y * 0.5y ) ) + ( ( 0.5y + 0.111111111111x ) * ( 0.5y + 0.333333333333x ) ) ) + ( ( 0.1y * 0.166666666667y ) + 1.0y ) ) ) )
Fitness = 12.8259206413
Worst Ind: ( ( ( 0.1x + ( 1.0x + ( 0.25y + 0.166666666667y ) ) ) * ( ( 0.2x + ( 0.142857142857x * 0.166666666667y ) ) + ( 1.0x + ( ( 0.142857142857y + 0.111111111111y ) + 0.333333333333y ) ) ) ) + 1.0x )
Fitness = 24.7653960145
Avg Fitness = 22.3385121852
Duplicated = 6
============================================================================
Evaluate Gen  58
New Population 144
Better than Dads 27
Best Ind: ( ( ( ( ( 1.0x + 0.333333333333y ) + ( 0.166666666667y * ( 0.1y + 0.142857142857y ) ) ) + 0.2x ) + 0.333333333333x ) * ( ( ( 0.1y * 0.166666666667y ) + 1.0y ) + ( ( ( 0.333333333333x + ( 0.142857142857y * 0.5y ) ) + ( ( 0.5y + 0.111111111111x ) * ( 0.5y + 0.333333333333x ) ) ) + ( ( 0.1y * 0.166666666667y ) + 1.0y ) ) ) )
Fitness = 12.8259206413
Worst Ind: ( ( ( ( ( 1.0x + 1.0x ) * 0.2x ) + ( ( 0.1y + 0.1y ) + 0.166666666667y ) ) + ( ( 1.0x * ( 1.0x + 0.25x ) ) + ( 0.5x * ( ( 1.0y + 0.2y ) + 0.111111111111x ) ) ) ) + ( ( 0.25x + ( ( 0.2y + 1.0x ) * ( 1.0x + ( 0.333333333333x * 0.166666666667x ) ) ) ) + 0.142857142857y ) )
Fitness = 24.3377934016
Avg Fitness = 21.7534681176
Duplicated = 7
============================================================================
Evaluate Gen  59
New Population 142
Better than Dads 30
Best Ind: ( ( ( 0.142857142857y * 1.0x ) + ( ( 1.0x + ( 0.125y + 1.0x ) ) * ( 0.142857142857x + ( 0.111111111111x + 0.5y ) ) ) ) + ( ( 1.0y * ( ( 0.142857142857y + 1.0x ) + 0.25x ) ) + ( ( ( 0.125y + 0.125y ) + ( 0.25y + 1.0y ) ) * 1.0x ) ) )
Fitness = 12.8202630165
Worst Ind: ( ( 1.0x * ( ( 1.0x + 0.5y ) + 1.0x ) ) + ( ( 1.0x * ( 1.0x + 1.0x ) ) + 1.0x ) )
Fitness = 23.8110723872
Avg Fitness = 21.0965640713
Duplicated = 9
============================================================================
Evaluate Gen  60
New Population 141
Better than Dads 30
Best Ind: ( ( ( 0.142857142857y * 1.0x ) + ( ( 1.0x + ( 0.125y + 1.0x ) ) * ( 0.142857142857x + ( 0.111111111111x + 0.5y ) ) ) ) + ( ( 1.0y * ( ( 0.142857142857y + 1.0x ) + 0.25x ) ) + ( ( ( 0.125y + 0.125y ) + ( 0.25y + 1.0y ) ) * 1.0x ) ) )
Fitness = 12.8202630165
Worst Ind: ( ( ( ( ( ( 0.333333333333y + 0.333333333333x ) + 1.0x ) * ( ( 0.111111111111x + 0.333333333333x ) + 0.333333333333y ) ) + ( 0.333333333333y * ( 0.333333333333y + 0.142857142857y ) ) ) + ( ( 0.142857142857y + 0.166666666667y ) + 0.25x ) ) + ( 1.0x * ( ( 1.0x + 0.142857142857x ) + 0.25x ) ) )
Fitness = 23.4830446807
Avg Fitness = 20.6327345878
Duplicated = 10
============================================================================
Evaluate Gen  61
New Population 141
Better than Dads 29
Best Ind: ( ( ( 0.142857142857y * 1.0x ) + ( ( 1.0x + ( 0.125y + 1.0x ) ) * ( 0.142857142857x + ( 0.111111111111x + 0.5y ) ) ) ) + ( ( 1.0y * ( ( 0.142857142857y + 1.0x ) + 0.25x ) ) + ( ( ( 0.125y + 0.125y ) + ( 0.25y + 1.0y ) ) * 1.0x ) ) )
Fitness = 12.8202630165
Worst Ind: ( ( ( ( 1.0y * ( ( 1.0x + 1.0x ) + 0.25x ) ) + ( ( 1.0x * ( 0.25y + 0.166666666667y ) ) + 1.0x ) ) * 1.0x ) + ( ( ( 0.25x + 0.166666666667x ) + ( ( 0.333333333333y + 0.333333333333x ) + 0.5y ) ) * ( ( ( 0.333333333333y + 0.142857142857y ) + 0.166666666667y ) + 0.25x ) ) )
Fitness = 22.9321840995
Avg Fitness = 19.9106370929
Duplicated = 8
============================================================================
Evaluate Gen  62
New Population 144
Better than Dads 25
Best Ind: ( ( ( 0.142857142857y * 1.0x ) + ( ( 1.0x + ( 0.125y + 1.0x ) ) * ( 0.142857142857x + ( 0.111111111111x + 0.5y ) ) ) ) + ( ( 1.0y * ( ( 0.142857142857y + 1.0x ) + 0.25x ) ) + ( ( ( 0.125y + 0.125y ) + ( 0.25y + 1.0y ) ) * 1.0x ) ) )
Fitness = 12.8202630165
Worst Ind: ( ( ( 1.0x + ( ( 0.5y + 0.125x ) + ( 0.5y + 0.166666666667y ) ) ) * 0.5y ) + ( ( ( ( 0.333333333333y + 0.142857142857y ) + 0.166666666667x ) + ( ( 0.333333333333y * ( 0.333333333333y + 0.142857142857y ) ) + ( 1.0x + ( 0.25y + 0.166666666667y ) ) ) ) * ( ( 0.142857142857y + 0.166666666667y ) + 0.25x ) ) )
Fitness = 22.4882067097
Avg Fitness = 19.3288941441
Duplicated = 5
============================================================================
Evaluate Gen  63
New Population 142
Better than Dads 29
Best Ind: ( ( ( 0.142857142857y * 1.0x ) + ( ( 1.0x + ( 0.125y + 1.0x ) ) * ( 0.142857142857x + ( 0.111111111111x + 0.5y ) ) ) ) + ( ( 1.0y * ( ( 0.142857142857y + 1.0x ) + 0.25x ) ) + ( ( ( 0.125y + 0.125y ) + ( 0.25y + 1.0y ) ) * 1.0x ) ) )
Fitness = 12.8202630165
Worst Ind: ( ( ( ( ( 1.0x + 1.0x ) * 0.2x ) + ( ( 0.1y + 0.1y ) + 0.166666666667y ) ) + ( ( 1.0x * ( 1.0x + 0.25x ) ) + ( 0.5x * ( ( 1.0y + 0.2y ) + 0.111111111111x ) ) ) ) + ( 1.0y * 0.5y ) )
Fitness = 22.0655541064
Avg Fitness = 18.6546097927
Duplicated = 2
============================================================================
Evaluate Gen  64
New Population 136
Better than Dads 29
Best Ind: ( ( ( 0.25x + ( ( 1.0y + 1.0x ) * ( 1.0x + ( 1.0y + 0.2y ) ) ) ) + ( ( 1.0x * 0.25x ) + ( 0.5x * ( 1.0x + ( 0.1y + 0.111111111111y ) ) ) ) ) + ( ( ( 0.142857142857y + 0.1x ) + ( 1.0x + 0.166666666667y ) ) * ( 0.333333333333y + 0.142857142857y ) ) )
Fitness = 11.6103378436
Worst Ind: ( ( ( ( ( 1.0y + 0.2y ) + 0.111111111111x ) * 0.1x ) + ( ( 1.0x * 1.0x ) + ( 0.5x * ( 1.0x + ( 0.1y + 0.111111111111y ) ) ) ) ) + ( ( ( ( 0.142857142857x + ( 1.0x * 1.0x ) ) * 0.2x ) + ( ( 0.1y + ( 1.0y * 1.0x ) ) + ( 0.25y + 0.166666666667y ) ) ) + ( ( 1.0x * 0.25x ) + ( 0.5x * ( ( 1.0y + 0.2y ) + 0.111111111111x ) ) ) ) )
Fitness = 21.3913694354
Avg Fitness = 18.3081879746
Duplicated = 6
============================================================================
Evaluate Gen  65
New Population 145
Better than Dads 32
Best Ind: ( ( ( 0.25x + ( ( 1.0y + 1.0x ) * ( 1.0x + ( 1.0y + 0.2y ) ) ) ) + ( ( 1.0x * 0.25x ) + ( 0.5x * ( 1.0x + ( 0.1y + 0.111111111111y ) ) ) ) ) + ( ( ( 0.142857142857y + 0.1x ) + ( 1.0x + 0.166666666667y ) ) * ( 0.333333333333y + 0.142857142857y ) ) )
Fitness = 11.6103378436
Worst Ind: ( ( ( 0.111111111111y * ( 0.166666666667x * 1.0y ) ) + 1.0y ) * ( ( ( 0.1y * 0.166666666667y ) + 1.0y ) + ( ( ( ( 0.333333333333y + 0.111111111111y ) + 0.111111111111y ) + ( ( 0.5y + 0.111111111111x ) * ( 0.5y + 0.333333333333x ) ) ) + ( ( 0.1y * 0.166666666667y ) + 1.0y ) ) ) )
Fitness = 20.7591809334
Avg Fitness = 17.7277116933
Duplicated = 5
============================================================================
Evaluate Gen  66
New Population 140
Better than Dads 29
Best Ind: ( ( ( 0.25x + ( ( 1.0y + 1.0x ) * ( 1.0x + ( 1.0y + 0.2y ) ) ) ) + ( ( 1.0x * 0.25x ) + ( 0.5x * ( 1.0x + ( 0.1y + 0.111111111111y ) ) ) ) ) + ( ( ( 0.142857142857y + 0.1x ) + ( 1.0x + 0.166666666667y ) ) * ( 0.333333333333y + 0.142857142857y ) ) )
Fitness = 11.6103378436
Worst Ind: ( ( ( 0.333333333333y + 0.333333333333x ) + ( ( 1.0x + ( 1.0x * 1.0x ) ) + ( 0.333333333333y * 0.333333333333y ) ) ) * ( ( 1.0x + ( 0.25y + 0.166666666667y ) ) + 0.5y ) )
Fitness = 20.2382757394
Avg Fitness = 17.2591376636
Duplicated = 4
============================================================================
Evaluate Gen  67
New Population 136
Better than Dads 32
Best Ind: ( ( ( 0.25x + ( ( 1.0y + 1.0x ) * ( 1.0x + ( 1.0y + 0.2y ) ) ) ) + ( ( 1.0x * 0.25x ) + ( 0.5x * ( 1.0x + ( 0.1y + 0.111111111111y ) ) ) ) ) + ( ( ( 0.142857142857y + 0.1x ) + ( 1.0x + 0.166666666667y ) ) * ( 0.333333333333y + 0.142857142857y ) ) )
Fitness = 11.6103378436
Worst Ind: ( ( ( 0.142857142857y * 1.0x ) + ( ( 1.0x + ( 0.125y + 1.0x ) ) * ( ( 0.333333333333y + 0.142857142857y ) + ( ( 0.111111111111x + 0.333333333333x ) + 0.333333333333y ) ) ) ) + ( ( 0.111111111111x + 0.5y ) + ( ( 1.0y * ( 1.0x + 0.25x ) ) + 0.142857142857y ) ) )
Fitness = 19.573927619
Avg Fitness = 16.940816837
Duplicated = 1
============================================================================
Evaluate Gen  68
New Population 143
Better than Dads 32
Best Ind: ( ( 1.0x + ( 1.0x + ( 0.333333333333x + 0.166666666667y ) ) ) * ( ( ( ( 0.25x * ( 0.142857142857x * 0.142857142857y ) ) * 0.166666666667y ) + 1.0y ) + ( ( ( ( 0.333333333333y + 0.111111111111y ) + 0.111111111111y ) + ( ( 0.5y + 0.111111111111x ) * ( 0.5y + 0.333333333333x ) ) ) + ( ( 0.1y * 0.166666666667y ) + 1.0y ) ) ) )
Fitness = 11.0715715787
Worst Ind: ( ( ( ( 1.0x + 1.0x ) * ( ( ( 1.0y + 0.2y ) + 0.25x ) + 0.142857142857y ) ) + 0.333333333333x ) + ( 0.333333333333y * ( 0.333333333333y + 0.142857142857y ) ) )
Fitness = 18.8913087794
Avg Fitness = 16.3232350639
Duplicated = 5
============================================================================
Evaluate Gen  69
New Population 136
Better than Dads 27
Best Ind: ( ( 1.0x + ( 1.0x + ( 0.333333333333x + 0.166666666667y ) ) ) * ( ( ( ( 0.25x * ( 0.142857142857x * 0.142857142857y ) ) * 0.166666666667y ) + 1.0y ) + ( ( ( ( 0.333333333333y + 0.111111111111y ) + 0.111111111111y ) + ( ( 0.5y + 0.111111111111x ) * ( 0.5y + 0.333333333333x ) ) ) + ( ( 0.1y * 0.166666666667y ) + 1.0y ) ) ) )
Fitness = 11.0715715787
Worst Ind: ( ( ( 0.111111111111y * ( ( 1.0x + ( 1.0x + 0.166666666667y ) ) + ( 0.333333333333x + 0.166666666667y ) ) ) + 1.0x ) * ( ( ( ( 0.333333333333y * ( 0.333333333333y + 0.142857142857y ) ) + ( 1.0x + ( 0.25y + 0.166666666667y ) ) ) + 1.0y ) + ( ( ( ( 0.333333333333y + 0.111111111111y ) + 0.111111111111y ) + ( ( 0.5y + 0.111111111111x ) * ( 0.5y + 0.333333333333x ) ) ) + ( ( 0.1y * 0.166666666667y ) + 1.0y ) ) ) )
Fitness = 18.3688662969
Avg Fitness = 15.9502200194
Duplicated = 6
============================================================================
Evaluate Gen  70
New Population 137
Better than Dads 27
Best Ind: ( ( 1.0x + ( 1.0x + ( 0.333333333333x + 0.166666666667y ) ) ) * ( ( ( ( 0.25x * ( 0.142857142857x * 0.142857142857y ) ) * 0.166666666667y ) + 1.0y ) + ( ( ( ( 0.333333333333y + 0.111111111111y ) + 0.111111111111y ) + ( ( 0.5y + 0.111111111111x ) * ( 0.5y + 0.333333333333x ) ) ) + ( ( 0.1y * 0.166666666667y ) + 1.0y ) ) ) )
Fitness = 11.0715715787
Worst Ind: ( ( ( 0.25x + ( ( 1.0y + 1.0x ) * ( 1.0x + 0.142857142857y ) ) ) + ( ( 0.142857142857x * 0.25x ) + ( 0.5x * ( 1.0x + ( 0.1y + 0.111111111111y ) ) ) ) ) + ( ( ( 0.142857142857y + 0.1x ) + ( 1.0x + 0.166666666667y ) ) * ( 0.333333333333y + 0.142857142857y ) ) )
Fitness = 17.8570552697
Avg Fitness = 15.6984518986
Duplicated = 6
============================================================================
Evaluate Gen  71
New Population 139
Better than Dads 29
Best Ind: ( ( 1.0x + ( 1.0x + ( 0.333333333333x + 0.166666666667y ) ) ) * ( ( ( ( 0.25x * ( 0.142857142857x * 0.142857142857y ) ) * 0.166666666667y ) + 1.0y ) + ( ( ( ( 0.333333333333y + 0.111111111111y ) + 0.111111111111y ) + ( ( 0.5y + 0.111111111111x ) * ( 0.5y + 0.333333333333x ) ) ) + ( ( 0.1y * 0.166666666667y ) + 1.0y ) ) ) )
Fitness = 11.0715715787
Worst Ind: ( ( ( 1.0x + ( ( 0.333333333333y + 0.142857142857y ) * 1.0x ) ) + ( 1.0x * 1.0x ) ) + ( ( ( 0.125y + 0.125y ) + ( 1.0x + 1.0y ) ) * ( 1.0x + ( 0.25y + 0.166666666667y ) ) ) )
Fitness = 17.4496332162
Avg Fitness = 15.3532140772
Duplicated = 7
============================================================================
Evaluate Gen  72
New Population 140
Better than Dads 28
Best Ind: ( ( 1.0x + ( 1.0x + ( 0.333333333333x + 0.166666666667y ) ) ) * ( ( ( ( 0.25x * ( 0.142857142857x * 0.142857142857y ) ) * 0.166666666667y ) + 1.0y ) + ( ( ( ( 0.333333333333y + 0.111111111111y ) + 0.111111111111y ) + ( ( 0.5y + 0.111111111111x ) * ( 0.5y + 0.333333333333x ) ) ) + ( ( 0.1y * 0.166666666667y ) + 1.0y ) ) ) )
Fitness = 11.0715715787
Worst Ind: ( ( ( 0.25x + ( ( 0.2y + 1.0x ) * ( 1.0x + ( 0.333333333333x * 0.166666666667x ) ) ) ) + 0.142857142857y ) + ( ( ( 0.125y + 0.125y ) + ( 0.25y + 1.0y ) ) * ( 1.0x + ( 0.25y + 0.166666666667y ) ) ) )
Fitness = 17.0209759329
Avg Fitness = 15.0014335025
Duplicated = 5
============================================================================
Evaluate Gen  73
New Population 143
Better than Dads 33
Best Ind: ( ( 1.0x + ( 1.0x + ( 0.333333333333x + 0.166666666667y ) ) ) * ( ( ( ( 0.25x * ( 0.142857142857x * 0.142857142857y ) ) * 0.166666666667y ) + 1.0y ) + ( ( ( ( 0.333333333333y + 0.111111111111y ) + 0.111111111111y ) + ( ( 0.5y + 0.111111111111x ) * ( 0.5y + 0.333333333333x ) ) ) + ( ( 0.1y * 0.166666666667y ) + 1.0y ) ) ) )
Fitness = 11.0715715787
Worst Ind: ( ( 1.0y * 1.0x ) + ( ( ( 0.25y + 0.166666666667y ) + ( ( 1.0y + 0.5y ) + 0.5y ) ) * ( ( ( 0.111111111111y + 0.333333333333y ) + 0.166666666667y ) + 0.25x ) ) )
Fitness = 16.7069201812
Avg Fitness = 14.6947539761
Duplicated = 3
============================================================================
Evaluate Gen  74
New Population 139
Better than Dads 25
Best Ind: ( ( 1.0x + ( 1.0x + ( 0.333333333333x + 0.166666666667y ) ) ) * ( ( ( ( 0.25x * ( 0.142857142857x * 0.142857142857y ) ) * 0.166666666667y ) + 1.0y ) + ( ( ( ( 0.333333333333y + 0.111111111111y ) + 0.111111111111y ) + ( ( 0.5y + 0.111111111111x ) * ( 0.5y + 0.333333333333x ) ) ) + ( ( 0.1y * 0.166666666667y ) + 1.0y ) ) ) )
Fitness = 11.0715715787
Worst Ind: ( ( ( ( ( 0.333333333333y + 0.142857142857y ) + 0.166666666667x ) + ( ( 0.333333333333y * ( 0.333333333333y + 0.142857142857y ) ) + ( 1.0x + ( 0.25y + 0.166666666667y ) ) ) ) * ( 0.142857142857x + 1.0x ) ) + ( ( ( 0.333333333333y + 0.333333333333x ) + ( ( 1.0x + ( 1.0x * 1.0x ) ) + ( 0.333333333333y * ( 0.333333333333y + 0.142857142857y ) ) ) ) * ( ( 0.111111111111y + 0.333333333333y ) + 0.5y ) ) )
Fitness = 16.2372226203
Avg Fitness = 14.3719261759
Duplicated = 6
============================================================================
Evaluate Gen  75
New Population 132
Better than Dads 24
Best Ind: ( ( 1.0x + ( 1.0x + ( 0.333333333333x + 0.166666666667y ) ) ) * ( ( ( ( 0.25x * ( 0.142857142857x * 0.142857142857y ) ) * 0.166666666667y ) + 1.0y ) + ( ( ( ( 0.333333333333y + 0.111111111111y ) + 0.111111111111y ) + ( ( 0.5y + 0.111111111111x ) * ( 0.5y + 0.333333333333x ) ) ) + ( ( 0.1y * 0.166666666667y ) + 1.0y ) ) ) )
Fitness = 11.0715715787
Worst Ind: ( ( 1.0x + 0.25y ) * ( ( ( 0.1y * 0.166666666667y ) + 1.0y ) + ( ( ( ( 0.333333333333y + 0.111111111111y ) + 0.111111111111y ) + ( ( 0.5y + 0.111111111111x ) * ( 0.5y + 0.333333333333x ) ) ) + ( ( 0.1y * 0.166666666667y ) + 1.0y ) ) ) )
Fitness = 15.9661133298
Avg Fitness = 14.1427060606
Duplicated = 6
============================================================================
Evaluate Gen  76
New Population 133
Better than Dads 28
Best Ind: ( ( 1.0x + ( 1.0x + ( 0.333333333333x + 0.166666666667y ) ) ) * ( ( ( ( 0.25x * ( 0.142857142857x * 0.142857142857y ) ) * 0.166666666667y ) + 1.0y ) + ( ( ( ( 0.333333333333y + 0.111111111111y ) + 0.111111111111y ) + ( ( 0.5y + 0.111111111111x ) * ( 0.5y + 0.333333333333x ) ) ) + ( ( 0.1y * 0.166666666667y ) + 1.0y ) ) ) )
Fitness = 11.0715715787
Worst Ind: ( ( 1.0x + ( 0.142857142857y + 1.0x ) ) * ( 1.0x + ( ( 1.0x + 0.333333333333x ) + 0.333333333333y ) ) )
Fitness = 15.7654321463
Avg Fitness = 13.9640341863
Duplicated = 8
============================================================================
Evaluate Gen  77
New Population 145
Better than Dads 32
Best Ind: ( ( 1.0x + ( 1.0x + ( 0.333333333333x + 0.166666666667y ) ) ) * ( ( ( ( 0.25x * ( 0.142857142857x * 0.142857142857y ) ) * 0.166666666667y ) + 1.0y ) + ( ( ( ( 0.333333333333y + 0.111111111111y ) + 0.111111111111y ) + ( ( 0.5y + 0.111111111111x ) * ( 0.5y + 0.333333333333x ) ) ) + ( ( 0.1y * 0.166666666667y ) + 1.0y ) ) ) )
Fitness = 11.0715715787
Worst Ind: ( ( 1.0x * ( ( 1.0x + 1.0x ) + 0.25x ) ) + ( ( ( 0.333333333333y + 0.333333333333x ) + ( ( 1.0x + ( 1.0x * 1.0x ) ) + ( 0.333333333333y * ( 0.333333333333y + 0.142857142857y ) ) ) ) * ( ( 1.0y + 0.2y ) + 0.25x ) ) )
Fitness = 15.0437036011
Avg Fitness = 13.6283083884
Duplicated = 8
============================================================================
Evaluate Gen  78
New Population 135
Better than Dads 30
Best Ind: ( ( 1.0x + ( 1.0x + 0.5y ) ) * ( ( 1.0x * 0.25x ) + ( ( 1.0x + 1.0y ) + 0.333333333333y ) ) )
Fitness = 10.9737320514
Worst Ind: ( ( ( ( 0.333333333333x + 0.111111111111y ) * ( 0.111111111111x + 0.5y ) ) + ( 1.0x + ( 0.333333333333x + 0.166666666667y ) ) ) * ( ( ( ( 0.25x * ( 0.142857142857x * 0.142857142857y ) ) * 0.166666666667y ) + 1.0y ) + ( ( ( ( 0.333333333333y + 0.111111111111y ) + 0.111111111111y ) + ( ( 0.5y + 0.111111111111x ) * ( 0.5y + 0.333333333333x ) ) ) + ( ( 0.1y * 0.166666666667y ) + 1.0y ) ) ) )
Fitness = 14.8964801003
Avg Fitness = 13.426144394
Duplicated = 6
============================================================================
Evaluate Gen  79
New Population 138
Better than Dads 29
Best Ind: ( ( 1.0x + ( 1.0x + 0.5y ) ) * ( ( 1.0x * 0.25x ) + ( ( 1.0x + 1.0y ) + 0.333333333333y ) ) )
Fitness = 10.9737320514
Worst Ind: ( ( 1.0x * ( ( 1.0x + 1.0x ) + 0.111111111111y ) ) + ( ( ( 1.0y + 0.2y ) + 1.0x ) * ( ( 0.142857142857y + 1.0x ) + 0.25x ) ) )
Fitness = 14.5033351209
Avg Fitness = 13.2030204509
Duplicated = 5
============================================================================
Evaluate Gen  80
New Population 139
Better than Dads 31
Best Ind: ( ( 1.0x + ( 1.0x + 0.5y ) ) * ( ( 1.0x * 0.25x ) + ( ( 1.0x + 1.0y ) + 0.333333333333y ) ) )
Fitness = 10.9737320514
Worst Ind: ( ( 1.0x + 1.0x ) * ( ( ( ( 0.25x * ( 0.142857142857x * 0.142857142857y ) ) * 0.166666666667y ) + 1.0y ) + ( ( 1.0x + ( ( 0.5y + 0.111111111111x ) * ( 0.5y + 0.333333333333x ) ) ) + ( ( 0.1y * 0.166666666667y ) + 1.0y ) ) ) )
Fitness = 14.3380899086
Avg Fitness = 13.0503279735
Duplicated = 6
============================================================================
Evaluate Gen  81
New Population 140
Better than Dads 28
Best Ind: ( ( 1.0x + ( 1.0x + 0.5y ) ) * ( ( 1.0x * 0.25x ) + ( ( 1.0x + 1.0y ) + 0.333333333333y ) ) )
Fitness = 10.9737320514
Worst Ind: ( ( 1.0x * ( ( 1.0x + 1.0x ) + 1.0x ) ) + ( ( ( 0.333333333333y + 0.333333333333x ) + ( ( 1.0x + ( 1.0x * 1.0x ) ) + ( 0.333333333333y * ( 0.333333333333y + 0.142857142857y ) ) ) ) * ( ( 1.0y + 0.2y ) + 0.25x ) ) )
Fitness = 14.004473516
Avg Fitness = 12.8271074187
Duplicated = 4
============================================================================
Evaluate Gen  82
New Population 144
Better than Dads 30
Best Ind: ( ( 1.0x + ( 1.0x + 0.5y ) ) * ( ( 1.0x * 0.25x ) + ( ( 1.0x + 1.0y ) + 0.333333333333y ) ) )
Fitness = 10.9737320514
Worst Ind: ( ( ( ( 1.0x * ( 0.333333333333y + ( 1.0x + 0.25x ) ) ) + ( 1.0x * 0.25x ) ) + ( ( ( ( 0.333333333333x * 1.0x ) + 0.166666666667y ) * 0.111111111111y ) + ( ( ( 0.125y + 0.125y ) + ( 0.25y + 1.0y ) ) * ( 1.0x + ( 0.25y + 0.166666666667y ) ) ) ) ) + ( ( ( ( 0.142857142857x + ( 1.0x * 1.0x ) ) * 0.2x ) + ( ( 0.1y + ( 1.0y * 1.0x ) ) + ( 0.25y + 0.166666666667y ) ) ) + ( ( 1.0x * 0.25x ) + ( 0.5x * ( ( 1.0y + 0.2y ) + 0.111111111111x ) ) ) ) )
Fitness = 13.7123705427
Avg Fitness = 12.589928222
Duplicated = 6
============================================================================
Evaluate Gen  83
New Population 135
Better than Dads 31
Best Ind: ( ( 1.0x + ( 1.0x + 0.5y ) ) * ( ( 1.0x * 0.25x ) + ( ( 1.0x + 1.0y ) + 0.333333333333y ) ) )
Fitness = 10.9737320514
Worst Ind: ( ( ( ( 1.0x + 1.0x ) + ( 0.333333333333y + 0.142857142857x ) ) + ( ( 0.333333333333y * ( 0.333333333333y + 0.142857142857y ) ) + ( 1.0x + ( 0.25y + 0.166666666667y ) ) ) ) * ( ( 0.111111111111y + 0.333333333333y ) + 0.5y ) )
Fitness = 13.5338728961
Avg Fitness = 12.4583743163
Duplicated = 7
============================================================================
Evaluate Gen  84
New Population 145
Better than Dads 36
Best Ind: ( ( ( ( 0.142857142857y + ( 1.0x + ( 0.25y + 0.166666666667y ) ) ) + ( 0.25y + 1.0y ) ) * ( 1.0x + ( 0.25y + 0.166666666667y ) ) ) + ( ( 1.0x + ( ( 0.142857142857y + 0.111111111111y ) + 0.333333333333y ) ) * ( ( 0.111111111111y + 0.333333333333y ) + 0.5y ) ) )
Fitness = 10.7761990856
Worst Ind: ( ( 1.0x + 1.0x ) * ( ( ( ( 0.25x * ( 0.142857142857x * 0.142857142857y ) ) * 0.166666666667y ) + 1.0y ) + ( ( ( ( 0.333333333333y + 0.111111111111y ) + 0.111111111111y ) + ( ( 0.5y + 0.111111111111x ) * ( 0.5y + 0.333333333333x ) ) ) + ( ( 0.1y * 0.166666666667y ) + 1.0y ) ) ) )
Fitness = 13.4155274558
Avg Fitness = 12.313201144
Duplicated = 7
============================================================================
Evaluate Gen  85
New Population 143
Better than Dads 31
Best Ind: ( ( ( ( 1.0x + 1.0x ) + ( 0.333333333333y + 0.142857142857y ) ) + ( 0.142857142857y + ( 1.0x + ( 1.0x + 0.333333333333x ) ) ) ) * 1.0y )
Fitness = 10.0668749939
Worst Ind: ( ( 1.0y * ( ( ( 0.333333333333y + 0.142857142857y ) + 0.5x ) + ( ( 0.333333333333y * ( 0.333333333333y + 0.142857142857y ) ) + ( 1.0x + ( 0.25y + 0.166666666667y ) ) ) ) ) + ( ( ( 0.333333333333y + 0.333333333333x ) + ( ( 1.0x + ( 1.0x * 1.0x ) ) + ( 0.333333333333y * ( 0.333333333333y + 0.142857142857y ) ) ) ) * ( ( 0.111111111111y + 0.333333333333y ) + 0.5y ) ) )
Fitness = 13.1909738262
Avg Fitness = 12.1157627051
Duplicated = 8
============================================================================
Evaluate Gen  86
New Population 139
Better than Dads 33
Best Ind: ( ( ( ( 1.0x + 1.0x ) + ( 0.333333333333y + 0.142857142857y ) ) + ( 0.142857142857y + ( 1.0x + ( 1.0x + 0.333333333333x ) ) ) ) * 1.0y )
Fitness = 10.0668749939
Worst Ind: ( ( ( 0.333333333333x + 0.333333333333y ) + ( 1.0x + ( 0.1x + ( 1.0x + ( 0.333333333333x + 0.166666666667y ) ) ) ) ) * ( ( ( 0.5x + ( ( 0.2y + 0.333333333333x ) + 0.333333333333y ) ) + 0.25x ) + ( ( 0.333333333333x * 1.0x ) + 0.166666666667y ) ) )
Fitness = 12.9639164727
Avg Fitness = 11.9977498775
Duplicated = 6
============================================================================
Evaluate Gen  87
New Population 139
Better than Dads 28
Best Ind: ( ( ( ( 1.0x + 1.0x ) + ( 0.333333333333y + 0.142857142857y ) ) + ( 0.142857142857y + ( 1.0x + ( 1.0x + 0.333333333333x ) ) ) ) * 1.0y )
Fitness = 10.0668749939
Worst Ind: ( ( ( ( 1.0x + 1.0x ) + 1.0x ) + ( ( 0.333333333333y * ( 0.333333333333y + 0.142857142857y ) ) + ( 1.0x + ( 0.25y + 0.166666666667y ) ) ) ) * ( ( 0.111111111111y + 0.333333333333y ) + 0.5y ) )
Fitness = 12.5686228446
Avg Fitness = 11.849018567
Duplicated = 7
============================================================================
Evaluate Gen  88
New Population 146
Better than Dads 36
Best Ind: ( ( ( ( 1.0x + 1.0x ) + ( 0.333333333333y + 0.142857142857y ) ) + ( 0.142857142857y + ( 1.0x + ( 1.0x + 0.333333333333x ) ) ) ) * 1.0y )
Fitness = 10.0668749939
Worst Ind: ( ( ( ( ( 0.111111111111y + 0.333333333333y ) + 0.5y ) + 0.333333333333y ) + ( 1.0x + ( 0.1x + ( 1.0x + ( 0.333333333333x + 0.166666666667y ) ) ) ) ) * ( ( ( 0.5x + ( ( 0.2y + 0.333333333333x ) + 0.333333333333y ) ) + 0.25x ) + ( ( 0.333333333333x * 1.0x ) + 0.166666666667y ) ) )
Fitness = 12.3933603952
Avg Fitness = 11.7566300224
Duplicated = 7
============================================================================
Evaluate Gen  89
New Population 136
Better than Dads 30
Best Ind: ( ( ( ( 1.0x + 1.0x ) + ( 0.333333333333y + 0.142857142857y ) ) + ( 0.142857142857y + ( 1.0x + ( 1.0x + 0.333333333333x ) ) ) ) * 1.0y )
Fitness = 10.0668749939
Worst Ind: ( ( ( 1.0x + 0.333333333333y ) + ( ( 1.0x + 0.333333333333x ) + 0.333333333333y ) ) * ( ( ( 0.5x + ( ( 0.2y + 0.333333333333x ) + 0.333333333333y ) ) + 0.25x ) + ( ( 0.333333333333x * 1.0x ) + 0.166666666667y ) ) )
Fitness = 12.2906934816
Avg Fitness = 11.6904934342
Duplicated = 6
============================================================================
Evaluate Gen  90
New Population 143
Better than Dads 32
Best Ind: ( ( ( ( 1.0x + 1.0x ) + ( 0.333333333333y + 0.142857142857y ) ) + ( 0.142857142857y + ( 1.0x + ( 1.0x + 0.333333333333x ) ) ) ) * 1.0y )
Fitness = 10.0668749939
Worst Ind: ( ( ( ( 1.0x + 1.0x ) + ( 0.25x + 0.142857142857y ) ) + ( 0.142857142857y + ( 1.0x + ( 0.25y + 0.166666666667y ) ) ) ) * 1.0y )
Fitness = 12.1724013289
Avg Fitness = 11.6061292696
Duplicated = 9
============================================================================
Evaluate Gen  91
New Population 145
Better than Dads 36
Best Ind: ( ( ( ( 1.0x + 1.0x ) + ( 0.333333333333y + 0.142857142857y ) ) + ( 0.142857142857y + ( 1.0x + ( 1.0x + 0.333333333333x ) ) ) ) * 1.0y )
Fitness = 10.0668749939
Worst Ind: ( ( 1.0x * ( ( ( ( 1.0y + 0.25x ) + 0.25x ) + 1.0x ) + 0.25x ) ) + ( ( 1.0x * ( ( 1.0x + 1.0x ) + 0.25x ) ) + ( ( 1.0x + ( ( 0.142857142857y + 0.111111111111y ) + 0.333333333333y ) ) * ( ( 0.111111111111y + 0.333333333333y ) + 0.5y ) ) ) )
Fitness = 12.0211682599
Avg Fitness = 11.5274029572
Duplicated = 10
============================================================================
Evaluate Gen  92
New Population 139
Better than Dads 31
Best Ind: ( ( ( ( 1.0x + 1.0x ) + ( 0.333333333333y + 0.142857142857y ) ) + ( 0.142857142857y + ( 1.0x + ( 1.0x + 0.333333333333x ) ) ) ) * 1.0y )
Fitness = 10.0668749939
Worst Ind: ( ( ( ( 0.25x + ( ( 0.2y + 1.0x ) * ( 0.333333333333y + 1.0x ) ) ) + ( ( 1.0y * ( 1.0x + 0.25x ) ) + 0.142857142857y ) ) + ( ( 0.142857142857x + ( 0.333333333333x + 0.166666666667y ) ) * ( ( 0.333333333333y + 0.142857142857y ) + 0.166666666667x ) ) ) + ( ( 0.142857142857y + ( 1.0x + ( 0.25y + 0.166666666667y ) ) ) * ( ( 0.5y + ( 0.333333333333y + 0.142857142857y ) ) + 1.0y ) ) )
Fitness = 11.9483126309
Avg Fitness = 11.4781863636
Duplicated = 11
============================================================================
Evaluate Gen  93
New Population 139
Better than Dads 31
Best Ind: ( ( ( ( 1.0x + 1.0x ) + ( 0.333333333333y + 0.142857142857y ) ) + ( 0.142857142857y + ( 1.0x + ( 1.0x + 0.333333333333x ) ) ) ) * 1.0y )
Fitness = 10.0668749939
Worst Ind: ( ( ( 1.0x + ( 0.142857142857y + ( 0.1y + 0.1y ) ) ) * ( ( ( 0.333333333333y + 0.333333333333x ) + 0.5y ) + 1.0x ) ) + ( ( 1.0x * ( ( 1.0x + 1.0x ) + 0.333333333333y ) ) + ( ( 1.0x + ( ( 0.125y + 0.111111111111y ) + 0.333333333333y ) ) * ( ( 0.111111111111y + 0.333333333333y ) + 0.5y ) ) ) )
Fitness = 11.8815385943
Avg Fitness = 11.4301979336
Duplicated = 11
============================================================================
Evaluate Gen  94
New Population 139
Better than Dads 35
Best Ind: ( ( ( ( 1.0x + 1.0x ) + ( 0.333333333333y + 0.142857142857y ) ) + ( 0.142857142857y + ( 1.0x + ( 1.0x + 0.333333333333x ) ) ) ) * 1.0y )
Fitness = 10.0668749939
Worst Ind: ( ( 1.0y + ( ( 1.0x + 0.333333333333x ) + 0.333333333333y ) ) * ( ( ( 0.5x + ( ( 0.2y + 0.333333333333x ) + 0.333333333333y ) ) + 0.25x ) + ( ( 0.333333333333x * 1.0x ) + 0.166666666667y ) ) )
Fitness = 11.8359008737
Avg Fitness = 11.4026161412
Duplicated = 12
============================================================================
Evaluate Gen  95
New Population 140
Better than Dads 37
Best Ind: ( ( ( ( 1.0x + 1.0x ) + ( 0.333333333333y + 0.142857142857y ) ) + ( 0.142857142857y + ( 1.0x + ( 1.0x + 0.333333333333x ) ) ) ) * 1.0y )
Fitness = 10.0668749939
Worst Ind: ( ( ( 0.333333333333y + ( ( 1.0y + 0.5y ) + 0.25x ) ) * ( ( 1.0x + 1.0x ) + 0.25x ) ) + ( ( ( 0.333333333333y + 0.333333333333x ) + ( ( 1.0x + ( 1.0x * 1.0x ) ) + ( 0.333333333333y * ( 0.333333333333y + 0.142857142857y ) ) ) ) * ( ( 0.111111111111y + 0.333333333333y ) + 0.5y ) ) )
Fitness = 11.7476447932
Avg Fitness = 11.3725415905
Duplicated = 11
============================================================================
Evaluate Gen  96
New Population 143
Better than Dads 38
Best Ind: ( ( ( ( 1.0x + 1.0x ) + ( 0.333333333333y + 0.142857142857y ) ) + ( 0.142857142857y + ( 1.0x + ( 1.0x + 0.333333333333x ) ) ) ) * 1.0y )
Fitness = 10.0668749939
Worst Ind: ( ( 0.25x + ( ( 1.0y + 1.0x ) * ( 1.0x + ( 1.0y + 0.2y ) ) ) ) + ( ( 1.0x * 0.25x ) + ( 0.5x * ( 1.0x + ( 0.1y + 0.111111111111y ) ) ) ) )
Fitness = 11.7094674467
Avg Fitness = 11.3515328317
Duplicated = 11
============================================================================
Evaluate Gen  97
New Population 148
Better than Dads 40
Best Ind: ( ( ( ( 1.0x + 1.0x ) + ( 0.333333333333y + 0.142857142857y ) ) + ( 0.142857142857y + ( 1.0x + ( 1.0x + 0.333333333333x ) ) ) ) * 1.0y )
Fitness = 10.0668749939
Worst Ind: ( ( 1.0x * ( ( ( ( 0.142857142857y + 0.5y ) + 0.333333333333y ) + 1.0x ) + 0.142857142857y ) ) + ( ( 1.0x * ( ( 1.0x + 1.0x ) + 0.25x ) ) + ( ( 1.0x + ( ( 0.125y + 0.111111111111y ) + 0.333333333333y ) ) * ( ( 0.111111111111y + 0.333333333333y ) + 0.5y ) ) ) )
Fitness = 11.6732696588
Avg Fitness = 11.3132782088
Duplicated = 12
============================================================================
Evaluate Gen  98
New Population 141
Better than Dads 31
Best Ind: ( ( ( ( 1.0x + 1.0x ) + ( 0.333333333333y + 0.142857142857y ) ) + ( 0.142857142857y + ( 1.0x + ( 1.0x + 0.333333333333x ) ) ) ) * 1.0y )
Fitness = 10.0668749939
Worst Ind: ( ( ( 0.1x + ( 1.0x + 1.0y ) ) * ( 0.2y + 0.25x ) ) + ( ( ( ( 0.111111111111y + 0.333333333333y ) + ( 1.0x + ( 0.25y + 0.166666666667y ) ) ) * ( ( 0.5y + 0.166666666667x ) + 1.0y ) ) + ( 0.25x + ( ( 0.2y + 1.0x ) * ( 0.142857142857y + 1.0x ) ) ) ) )
Fitness = 11.6250193553
Avg Fitness = 11.2851295412
Duplicated = 12
============================================================================
Evaluate Gen  99
New Population 143
Better than Dads 39
Best Ind: ( ( ( ( 1.0x + 1.0x ) + ( 0.333333333333y + 0.142857142857y ) ) + ( 0.142857142857y + ( 1.0x + ( 1.0x + 0.333333333333x ) ) ) ) * 1.0y )
Fitness = 10.0668749939
Worst Ind: ( ( ( 0.1x + ( 1.0x + 1.0y ) ) * ( 0.111111111111y + 0.25x ) ) + ( ( ( ( 0.111111111111y + 0.333333333333y ) + ( 1.0x + ( 0.25y + 0.166666666667y ) ) ) * ( ( 0.5y + 0.166666666667x ) + 1.0y ) ) + ( 0.25x + ( ( 0.2y + 1.0x ) * ( 0.142857142857y + ( 0.142857142857y + 1.0x ) ) ) ) ) )
Fitness = 11.5915235924
Avg Fitness = 11.2627153423
Duplicated = 11
============================================================================
Evaluate Gen  100
New Population 142
Better than Dads 35
Best Ind: ( ( ( ( 1.0x + 1.0x ) + ( 0.333333333333y + 0.142857142857y ) ) + ( 0.142857142857y + ( 1.0x + ( 1.0x + 0.333333333333x ) ) ) ) * 1.0y )
Fitness = 10.0668749939
Worst Ind: ( ( ( ( 0.333333333333y + 0.333333333333x ) + 0.5y ) + 1.0x ) * ( ( ( ( 0.25x * ( 0.142857142857x * 0.142857142857y ) ) * 0.166666666667y ) + 1.0y ) + ( ( ( ( 0.333333333333y + 0.111111111111y ) + 0.111111111111y ) + ( ( 0.5y + 0.111111111111x ) * ( 0.5y + 0.333333333333x ) ) ) + ( ( 0.1y * 0.166666666667y ) + 1.0y ) ) ) )
Fitness = 11.561923633
Avg Fitness = 11.2340781416
Duplicated = 13
