dataset_file= dataset/SR_div.txt
population= 300
generations= 100
tournament_size= 7
cross_over= 0.6
mutation= 0.3
elitism= True
(50, 2)
============================================================================
Build initial population
ind: 1
( ( 0.2x * ( ( 0.142857142857x + ( ( 0.5y * 0.25x ) + ( 0.111111111111y * 0.5x ) ) ) * 1.0x ) ) * 0.333333333333x )
ind: 2
( 0.142857142857x + 0.2y )
ind: 3
( ( ( ( ( 1.0y * ( 0.166666666667x * 0.333333333333y ) ) + 1.0y ) + 0.166666666667y ) * ( 0.125y * 0.111111111111y ) ) * 1.0x )
ind: 4
( ( 1.0x * 0.2x ) * ( 0.333333333333y + 0.333333333333x ) )
ind: 5
( 0.25x * 0.333333333333y )
ind: 6
( ( ( 0.166666666667y + 0.125x ) + 0.111111111111y ) * ( ( ( ( 0.2x * ( 0.111111111111y + 0.2x ) ) * 0.142857142857y ) * 0.125y ) * ( 0.333333333333x + ( 0.333333333333x * 0.142857142857x ) ) ) )
ind: 7
( ( 0.2x + 0.1y ) * ( ( ( ( ( 0.125y * 0.166666666667x ) * ( 1.0x + 0.333333333333x ) ) * ( ( 0.166666666667y * 0.1y ) * ( 0.125y + 0.25y ) ) ) + 1.0x ) + 0.166666666667x ) )
ind: 8
( 0.166666666667y * ( 0.2y + ( ( ( ( 0.111111111111y + 0.166666666667x ) * 0.125x ) + 0.25x ) + ( 0.25y * ( ( 0.25y * 0.2y ) * ( 0.1y * 0.25x ) ) ) ) ) )
ind: 9
( ( ( ( 0.166666666667x + 0.1y ) * ( ( ( 0.166666666667x + 0.333333333333x ) + 0.2x ) * 0.25y ) ) * ( ( 0.125y * ( 1.0y * 0.166666666667y ) ) * ( 0.125y * ( ( 0.166666666667y * 0.111111111111y ) * ( 0.2y * 0.333333333333x ) ) ) ) ) * ( ( ( ( 1.0x * 0.125y ) + ( ( 0.166666666667x + 0.333333333333x ) * 0.25x ) ) + 0.25y ) * 1.0y ) )
ind: 10
( ( 0.125y * ( ( ( ( 0.2y * 0.2x ) + ( 0.166666666667y * 0.5x ) ) * 0.1x ) + 0.125y ) ) + 0.1y )
ind: 11
( 0.166666666667y + 0.111111111111x )
ind: 12
( ( 0.25y + ( ( ( ( 0.2x + 0.5x ) + ( 0.2x * 0.25y ) ) * ( 0.111111111111x + 0.142857142857x ) ) * ( ( 0.2x * ( 0.1x * 0.166666666667x ) ) * ( 0.1x * ( 0.142857142857y * 0.333333333333x ) ) ) ) ) + ( 0.25y * ( 0.5y + ( 0.5y + 0.142857142857y ) ) ) )
ind: 13
( ( ( ( 0.333333333333x + 1.0y ) + 0.333333333333x ) * ( ( ( ( 0.125x + 0.111111111111y ) * ( 0.2x + 0.25x ) ) * ( ( 0.25y + 0.125y ) + 0.333333333333y ) ) * ( ( 0.25x * 0.125y ) + ( ( 0.25y * 1.0y ) + ( 0.333333333333x + 0.25x ) ) ) ) ) + ( 0.5y + ( 0.142857142857x + ( 0.166666666667x + 0.111111111111x ) ) ) )
ind: 14
( 0.333333333333x + 0.2y )
ind: 15
( ( ( ( ( 0.333333333333y + 1.0x ) * 0.25x ) * ( ( 0.25x * 0.2y ) + ( 0.166666666667y * 0.125x ) ) ) * 0.2y ) + 0.5x )
ind: 16
( ( 0.5x * ( ( ( 0.2x * 0.2y ) * 0.2x ) + 0.5y ) ) * 0.166666666667x )
ind: 17
( ( 0.25x * ( ( 0.1x * 0.5y ) + 0.333333333333x ) ) * ( 0.111111111111y + 0.125x ) )
ind: 18
( ( 0.111111111111x + ( ( 1.0y * 1.0y ) * ( ( ( 0.5y + 0.25y ) * 0.166666666667x ) + 0.25x ) ) ) + 0.142857142857y )
ind: 19
( 0.125y * ( 0.166666666667y + ( 0.2x * 0.1y ) ) )
ind: 20
( ( ( ( 0.111111111111y * ( ( 0.333333333333y * 0.333333333333x ) + ( 0.2x * 0.5y ) ) ) * ( 0.142857142857y + ( 0.142857142857y * ( 0.125x * 0.1y ) ) ) ) + ( ( ( ( 0.1x * 0.5y ) + ( 0.2y + 0.1y ) ) + ( 0.5y + 1.0x ) ) * ( ( 0.5y + ( 0.2y + 0.2x ) ) * 0.142857142857x ) ) ) + ( ( 0.142857142857x + ( 0.2x * 1.0x ) ) * ( ( ( ( 0.2y * 0.1x ) + 0.2x ) * 0.166666666667y ) * 0.5y ) ) )
ind: 21
( 0.5x * ( ( 0.333333333333y * ( ( 0.1y * 0.333333333333x ) * ( ( 0.166666666667x * 0.1x ) + ( 0.142857142857y * 0.25x ) ) ) ) + 0.333333333333y ) )
ind: 22
( ( ( 0.333333333333x + 0.333333333333y ) + 1.0y ) + ( ( 0.111111111111y + ( ( 0.1y + 0.166666666667y ) + 0.25y ) ) + 0.2y ) )
ind: 23
( ( ( ( ( 0.5y * 0.5x ) * ( ( 0.5x * 0.25x ) + ( 0.111111111111x * 0.1x ) ) ) + 0.2x ) + 0.111111111111x ) * ( ( ( ( 0.125y + 0.125y ) + 0.5y ) * 0.25x ) * 1.0y ) )
ind: 24
( 0.125x * ( ( ( ( 0.1y * ( 0.142857142857y * 0.2x ) ) + 0.333333333333y ) + ( 0.5y + ( ( 0.2y * 0.2x ) * ( 0.111111111111x * 0.333333333333y ) ) ) ) + ( 0.25y * ( ( 0.125x + 0.125y ) * ( 0.5y * 0.125x ) ) ) ) )
ind: 25
( ( ( 0.111111111111x + 0.25y ) * 0.2y ) * ( 0.125x * 0.166666666667y ) )
ind: 26
( 0.333333333333x + ( ( 0.111111111111y * 0.2y ) + 0.142857142857y ) )
ind: 27
( ( ( 0.142857142857y * ( 0.333333333333x * 0.333333333333x ) ) * 0.25y ) * ( ( ( 0.333333333333x + 0.142857142857y ) + 0.125x ) * ( 0.333333333333x * ( 0.1y + ( 0.111111111111x + 0.25x ) ) ) ) )
ind: 28
( 0.125x + 0.111111111111y )
ind: 29
( ( ( ( ( ( 0.5y + 0.125x ) + 0.2x ) * ( 0.25y * ( 0.25y * 0.5x ) ) ) * 0.333333333333y ) + 0.333333333333x ) + ( 0.25x + 0.111111111111x ) )
ind: 30
( 0.125y + 0.1x )
ind: 31
( ( ( ( ( 0.142857142857x + 0.166666666667y ) + 0.1x ) + ( ( ( 0.5x * 0.5x ) * 0.25y ) * ( 0.125y * 0.2y ) ) ) * 0.142857142857x ) + ( 0.25y * ( ( 0.25y * ( ( 0.25x * 0.111111111111x ) + 0.125y ) ) * ( 0.125y + 0.166666666667y ) ) ) )
ind: 32
( 0.1y + ( 0.25x + 0.166666666667x ) )
ind: 33
( ( ( 0.2y * 0.2y ) + 0.166666666667x ) + 1.0x )
ind: 34
( 0.166666666667y * 0.25x )
ind: 35
( 0.111111111111x * ( ( 0.1y * 0.125x ) + 0.125y ) )
ind: 36
( 0.333333333333y + 0.1x )
ind: 37
( 0.333333333333y * ( ( 0.25y * ( ( ( 0.333333333333x * 0.111111111111x ) * ( 1.0y * 0.1y ) ) * ( 0.333333333333x + 0.1y ) ) ) + 0.333333333333x ) )
ind: 38
( ( 0.5x + 0.125x ) + ( 0.142857142857y * 0.2y ) )
ind: 39
( ( 0.125y * ( ( 0.166666666667y + ( ( 0.111111111111y * 0.111111111111x ) + ( 0.166666666667x * 1.0x ) ) ) + 0.125y ) ) + ( ( ( 0.166666666667y + ( 0.333333333333y + 1.0y ) ) * ( 0.125y * 0.5x ) ) * 0.166666666667x ) )
ind: 40
( ( ( 0.166666666667x * 0.333333333333x ) * 0.1y ) * ( ( ( 0.333333333333x * 0.1y ) * 1.0y ) * 0.1x ) )
ind: 41
( 0.142857142857x * ( 0.25y + 0.1x ) )
ind: 42
( ( 0.111111111111x + ( 0.142857142857x * 0.111111111111x ) ) * ( ( 0.125x + ( 0.142857142857y + 0.333333333333x ) ) + 0.142857142857x ) )
ind: 43
( 0.111111111111x * ( 1.0x + 0.125y ) )
ind: 44
( ( 0.142857142857x * 0.1y ) * ( ( 0.111111111111y + ( 0.111111111111x + 0.166666666667x ) ) * ( ( 0.166666666667y * ( 0.111111111111x * ( 0.1x * 0.1x ) ) ) * 0.142857142857y ) ) )
ind: 45
( 0.5x * 0.25y )
ind: 46
( 0.5y * ( ( ( 0.2y + ( 0.142857142857x + 0.25y ) ) + ( ( 0.142857142857y + ( 0.333333333333y + 0.142857142857y ) ) + 0.1x ) ) * ( 0.2y * ( ( ( 0.333333333333y * 0.5y ) * ( 0.142857142857x * 0.2y ) ) + 0.166666666667y ) ) ) )
ind: 47
( ( ( ( 0.111111111111y * ( 0.125y + ( 0.333333333333x * 0.142857142857x ) ) ) + ( 0.166666666667y + 0.111111111111x ) ) * ( ( 0.1y * ( 0.166666666667y * 0.5x ) ) + ( 0.333333333333x + 0.5y ) ) ) * 0.25x )
ind: 48
( 0.111111111111y * ( 0.125x * ( ( ( 0.111111111111x + ( 0.111111111111x * 0.166666666667y ) ) + 0.125x ) + 1.0x ) ) )
ind: 49
( ( ( ( 1.0y * 0.333333333333x ) * ( ( 0.1x * ( 0.25x * 0.142857142857x ) ) + 0.125y ) ) + 0.25x ) * ( 0.25x + 0.25y ) )
ind: 50
( 0.125y + ( ( 0.125x * ( ( 1.0y + ( 0.333333333333y * 0.166666666667x ) ) * 0.2y ) ) + ( ( ( 0.142857142857x + ( 0.1x + 1.0x ) ) * 0.2y ) * ( 0.111111111111y + ( ( 0.5y + 0.166666666667y ) * 0.25y ) ) ) ) )
ind: 51
( ( 0.111111111111x + ( ( ( ( 0.25x * 0.5y ) + ( 0.5x * 0.5y ) ) * 0.142857142857x ) + 0.142857142857y ) ) + ( ( ( ( 0.111111111111x + ( 0.25x + 0.333333333333x ) ) + 0.333333333333x ) + 0.1x ) + ( ( ( ( 0.25y * 1.0y ) * 0.1y ) * ( 0.125y + ( 0.2x + 1.0x ) ) ) * 0.333333333333x ) ) )
ind: 52
( 0.2x * ( ( 0.111111111111x * ( 0.111111111111y + 0.111111111111y ) ) * ( ( ( 0.333333333333x * ( 0.125y * 0.125y ) ) * 1.0x ) + ( 0.142857142857x + ( ( 0.25x * 0.25x ) + ( 0.166666666667x + 1.0y ) ) ) ) ) )
ind: 53
( ( 0.111111111111x + ( 0.111111111111y + ( 0.333333333333x * 0.125x ) ) ) * 0.142857142857x )
ind: 54
( ( ( 0.2x * 0.1y ) + ( ( ( 0.25x * 0.2y ) * ( ( 0.1x * 0.166666666667y ) * 1.0y ) ) + ( 0.2y * ( ( 0.25y * 0.25y ) + 0.142857142857y ) ) ) ) * 1.0y )
ind: 55
( 0.142857142857x * ( 0.166666666667y * ( ( 0.5x + ( ( 0.166666666667x * 0.142857142857y ) + 0.5y ) ) * 0.125x ) ) )
ind: 56
( ( ( ( 0.142857142857y * ( 0.2x + 0.111111111111x ) ) * 0.111111111111x ) * ( ( ( 0.5x * ( 0.125x * 1.0y ) ) + 0.25y ) * 0.111111111111x ) ) + ( 0.111111111111x * ( 1.0x * ( ( ( 0.25x * 0.142857142857x ) * ( 0.166666666667y + 0.142857142857x ) ) * 0.333333333333y ) ) ) )
ind: 57
( ( 0.5x * ( 1.0y + 0.111111111111x ) ) * 0.25y )
ind: 58
( 0.111111111111x * ( ( ( ( 0.333333333333x * 0.166666666667y ) + 1.0y ) + 1.0x ) * ( ( 0.5x + 0.25x ) * ( 0.5x * ( 0.1x * ( 0.25y * 0.142857142857y ) ) ) ) ) )
ind: 59
( ( 0.5y + ( ( 0.142857142857x + 0.333333333333x ) + ( ( ( 0.2y * 0.1y ) + 0.142857142857y ) + 0.2x ) ) ) + 0.142857142857x )
ind: 60
( 0.333333333333x * 0.5y )
ind: 61
( ( 0.25x * ( ( 0.1x + 0.333333333333x ) + ( ( ( 0.25x + 0.2x ) + 0.5x ) * ( ( 0.166666666667y + 0.25x ) + ( 0.1x * 0.5y ) ) ) ) ) * 0.111111111111y )
ind: 62
( 0.5x + ( ( ( ( ( 1.0x * 0.5x ) * ( 0.125x + 0.1y ) ) * ( 1.0x + 0.333333333333y ) ) + 0.2x ) * ( ( ( 0.2x * 0.5x ) * ( ( 0.142857142857x + 0.142857142857x ) + 0.166666666667x ) ) * 0.333333333333y ) ) )
ind: 63
( ( 0.25y * ( 0.166666666667y * 0.125x ) ) + ( ( ( 0.333333333333y * ( ( 1.0x + 0.1y ) + 0.5y ) ) * ( ( ( 0.5y * 1.0x ) + 0.25x ) + 0.125x ) ) * ( 1.0x * 0.5y ) ) )
ind: 64
( ( ( ( ( ( 0.142857142857x + 0.142857142857y ) * ( 0.166666666667x * 0.125x ) ) + ( 0.2y * ( 0.125x * 0.166666666667x ) ) ) * 0.111111111111y ) * ( 0.5y + ( 0.5y + 0.2y ) ) ) + ( ( ( 0.5x + ( ( 0.2y + 0.333333333333y ) + ( 0.142857142857y * 0.333333333333y ) ) ) * 0.166666666667x ) + 0.2y ) )
ind: 65
( ( 0.333333333333y * ( 0.5x * 0.125x ) ) + ( ( 0.142857142857y + 0.333333333333x ) * ( 1.0x * ( 0.1y + ( 0.142857142857y + ( 0.111111111111x * 0.166666666667x ) ) ) ) ) )
ind: 66
( ( ( ( 0.142857142857x + 0.142857142857x ) * ( 1.0x * 1.0x ) ) * ( ( ( ( 0.5y + 1.0y ) * 0.166666666667x ) * ( ( 0.25x + 0.166666666667y ) + ( 0.5x + 0.142857142857y ) ) ) * ( ( 0.333333333333y * 0.5y ) + 1.0x ) ) ) * ( 0.1x + ( 0.5x * ( 0.111111111111y + ( 1.0x + ( 0.25y * 0.125x ) ) ) ) ) )
ind: 67
( 0.166666666667y + 0.2x )
ind: 68
( 1.0y + ( 0.142857142857x + ( 0.166666666667x + ( 0.1x + 0.111111111111y ) ) ) )
ind: 69
( 0.25y + ( ( 0.125y + ( 0.2x * ( 0.5y * 0.111111111111x ) ) ) + ( ( 0.1x * 0.25y ) * 0.25y ) ) )
ind: 70
( ( 1.0x * 0.142857142857y ) * ( ( 0.111111111111x * ( ( ( 0.142857142857x * 0.1x ) + 0.25y ) * 0.166666666667x ) ) * 0.1y ) )
ind: 71
( ( ( 0.333333333333y * 0.333333333333x ) + 0.142857142857x ) * ( 0.166666666667x + ( ( 0.111111111111x + ( 0.25x + ( 0.111111111111y + 0.2y ) ) ) + ( ( ( 0.111111111111x * 0.111111111111y ) + 0.111111111111x ) * 0.25x ) ) ) )
ind: 72
( ( ( 1.0y + ( ( ( 0.333333333333y * 1.0x ) * ( 0.125x + 0.2x ) ) * 0.25y ) ) + 0.2x ) * ( ( 1.0y + 0.2y ) * 0.5y ) )
ind: 73
( 0.111111111111y + ( ( 0.111111111111x * 0.142857142857x ) + 0.166666666667y ) )
ind: 74
( 0.142857142857y + 0.1x )
ind: 75
( 0.25x + ( 1.0x * ( 0.125x * ( 0.166666666667x * 0.25y ) ) ) )
ind: 76
( ( ( ( ( ( 0.1y * 0.2x ) + ( 0.166666666667x + 1.0y ) ) * 0.111111111111y ) + ( ( ( 0.333333333333y * 0.111111111111x ) + 0.333333333333y ) + ( 0.5y + ( 0.5x * 0.111111111111y ) ) ) ) + 0.25y ) + ( 0.25y + ( 0.1x * 1.0y ) ) )
ind: 77
( ( ( ( 0.166666666667y + ( ( 0.333333333333y + 0.111111111111y ) + ( 0.1x * 0.111111111111y ) ) ) + 1.0y ) * ( ( ( 1.0y + 0.166666666667y ) + ( ( 0.5x + 0.166666666667x ) + ( 0.166666666667x + 0.25y ) ) ) + 0.333333333333x ) ) * 0.1x )
ind: 78
( 0.125x * ( ( 0.2y + 0.125x ) + 0.142857142857y ) )
ind: 79
( ( ( ( 0.2x * 0.5x ) + 1.0y ) * 0.1x ) + 0.125x )
ind: 80
( ( 0.1x + ( 0.5x + ( 0.125y * ( 0.333333333333y * ( 0.333333333333y * 0.5x ) ) ) ) ) * 0.142857142857x )
ind: 81
( 0.166666666667x + 0.111111111111y )
ind: 82
( 0.2y * ( 0.2y * ( ( ( ( 0.142857142857y + 0.25x ) + 0.2x ) + 0.25y ) * ( 0.142857142857x * 0.333333333333y ) ) ) )
ind: 83
( ( ( 1.0y * 0.2y ) * 0.1x ) * 0.1y )
ind: 84
( ( ( 0.5x + 0.25x ) * 0.333333333333y ) + 0.5y )
ind: 85
( ( 0.125x + 0.1y ) * 1.0y )
ind: 86
( 0.166666666667y + ( 0.142857142857y * ( 0.2x * ( ( 0.333333333333y * ( 0.111111111111x * 0.333333333333x ) ) + 0.25y ) ) ) )
ind: 87
( ( 0.5y * 1.0x ) * 0.25y )
ind: 88
( ( ( ( 0.2y * 1.0y ) * ( 0.333333333333y * 0.25x ) ) + ( ( 0.2x * ( ( 0.1y + 0.5x ) + ( 1.0x + 0.166666666667x ) ) ) + 0.2y ) ) + 0.166666666667x )
ind: 89
( ( 0.5y * ( 0.111111111111y + ( 0.111111111111x * 0.125y ) ) ) + 1.0x )
ind: 90
( 0.142857142857y + ( 0.333333333333y + ( 0.142857142857x + 0.2y ) ) )
ind: 91
( ( 0.142857142857y * 0.1x ) + 0.5y )
ind: 92
( 0.5y * 0.25x )
ind: 93
( 0.142857142857x * ( ( 1.0y * 0.333333333333x ) + 0.5y ) )
ind: 94
( ( ( 0.5y + ( 0.333333333333y + ( 0.142857142857y + ( 0.142857142857x * 0.125y ) ) ) ) + ( ( ( ( 0.5x + 0.5x ) * 0.1x ) * ( ( 0.5x * 0.125x ) + ( 0.1y + 0.25y ) ) ) * ( 0.1y + 0.2y ) ) ) * ( 0.5y + 0.125y ) )
ind: 95
( 0.333333333333y + 0.1x )
ind: 96
( ( 0.333333333333y * ( 1.0y + ( ( ( 0.5x + 0.142857142857y ) + 0.125y ) + 0.2x ) ) ) + 0.142857142857y )
ind: 97
( 0.125x + ( ( 0.333333333333x + 0.1y ) + ( 0.5x * 0.2y ) ) )
ind: 98
( 1.0y * ( 0.2y * ( 0.1x * 0.142857142857x ) ) )
ind: 99
( ( ( 0.25y + 0.25x ) * ( ( ( ( 0.111111111111x * 0.166666666667x ) + 0.25x ) + 0.2y ) * ( ( 0.25x + 0.125y ) + 0.125y ) ) ) * ( 0.111111111111x + 0.2x ) )
ind: 100
( ( 0.111111111111y + 0.5y ) * ( 0.2x * 0.125y ) )
ind: 101
( ( 0.2x * 0.1y ) * 0.111111111111x )
ind: 102
( 0.166666666667y * ( ( ( 0.333333333333y * 0.111111111111x ) + 1.0y ) + 0.166666666667x ) )
ind: 103
( ( 0.111111111111y + ( ( ( 0.1x * ( 0.333333333333y * 0.142857142857y ) ) * 1.0x ) * ( 1.0y * 0.142857142857y ) ) ) + 0.142857142857y )
ind: 104
( ( 1.0y * 0.166666666667y ) * ( 0.333333333333x + ( 0.2y + 0.2x ) ) )
ind: 105
( ( 0.166666666667y + 0.5y ) * 0.125x )
ind: 106
( 0.333333333333x * ( 0.2x * 1.0y ) )
ind: 107
( 0.1x + ( 0.166666666667y + 0.1y ) )
ind: 108
( 0.1y + 0.142857142857x )
ind: 109
( ( ( 0.333333333333y + 1.0x ) + 0.125y ) + 0.166666666667y )
ind: 110
( ( 0.125y + ( ( 1.0x + ( ( 0.142857142857x + 0.333333333333y ) + 0.142857142857y ) ) + 0.166666666667x ) ) + ( 0.166666666667y + 0.25x ) )
ind: 111
( 0.166666666667y + ( ( ( ( 0.111111111111x + ( 0.111111111111x * 0.25x ) ) * ( ( 0.1x + 0.111111111111y ) + 0.5x ) ) * ( 0.333333333333x * 0.25x ) ) + ( 1.0y * ( ( 0.5x * 0.333333333333y ) + ( ( 1.0y * 0.111111111111x ) * 0.25x ) ) ) ) )
ind: 112
( ( 0.142857142857x + 0.166666666667y ) * ( 0.111111111111y * 0.111111111111y ) )
ind: 113
( ( ( ( 0.142857142857x + 1.0y ) * 0.111111111111y ) * 0.142857142857x ) * 0.125x )
ind: 114
( 0.142857142857y + 1.0x )
ind: 115
( 0.25x + ( 0.166666666667y * 0.166666666667y ) )
ind: 116
( ( 0.2y + 1.0x ) * ( ( 0.111111111111y + 0.333333333333y ) + 0.333333333333y ) )
ind: 117
( ( ( 0.111111111111x * 0.25x ) + 0.166666666667x ) + 0.111111111111y )
ind: 118
( ( 0.2y * 0.125x ) * ( ( ( 0.166666666667y + ( 0.125y * ( 0.25x * 0.333333333333y ) ) ) * ( ( 0.125y + ( 0.25x * 0.333333333333x ) ) + ( 0.333333333333x * ( 0.5x + 1.0x ) ) ) ) * ( 0.1y * 0.166666666667x ) ) )
ind: 119
( ( 0.111111111111y + 0.142857142857x ) + 0.125y )
ind: 120
( ( ( ( ( ( 0.111111111111y + 0.333333333333y ) + 0.111111111111x ) * ( ( 0.1y * 0.25y ) * 0.142857142857y ) ) + ( 0.25y * 0.25y ) ) + ( ( ( 0.1y + ( 1.0y * 0.166666666667y ) ) + ( 0.166666666667y + 0.1x ) ) + 0.2y ) ) * ( ( 0.5x * 0.25x ) * ( 1.0x + ( ( 0.125y * ( 0.125x + 0.25x ) ) + ( ( 0.333333333333y + 0.125y ) * ( 1.0y + 0.2x ) ) ) ) ) )
ind: 121
( ( 0.111111111111y + 0.166666666667x ) + 0.2y )
ind: 122
( 0.166666666667y + ( 0.25x * ( ( 0.1y * ( 0.25y * ( 0.111111111111x + 0.1y ) ) ) + ( 0.5y + 0.111111111111y ) ) ) )
ind: 123
( ( ( 0.5x * ( 0.142857142857y + 0.125x ) ) * 0.125y ) * ( 0.25x * 0.25x ) )
ind: 124
( ( ( ( 0.166666666667x + 0.142857142857y ) * ( 0.1x * 0.125y ) ) + ( ( ( ( 0.1y + 0.1y ) * 0.111111111111y ) * ( 0.2y * 0.111111111111x ) ) * 0.333333333333x ) ) * 1.0x )
ind: 125
( 1.0x * ( ( 0.166666666667x * 0.2x ) * ( 0.1y + 0.166666666667y ) ) )
ind: 126
( ( 0.333333333333y * 0.111111111111y ) * ( ( 0.111111111111x + ( 0.166666666667x + 0.1x ) ) + 0.333333333333x ) )
ind: 127
( 0.166666666667x + 0.111111111111y )
ind: 128
( ( ( 0.333333333333x * 0.125x ) + ( 0.166666666667x + 0.142857142857x ) ) * 0.5y )
ind: 129
( ( 0.2x * 0.1x ) * ( 0.125x * ( ( ( 0.333333333333x + 0.5x ) * ( ( 0.2x * 0.142857142857y ) * ( 0.166666666667x * 0.125x ) ) ) * 1.0y ) ) )
ind: 130
( ( 0.111111111111y * 0.111111111111x ) * ( ( 0.25x + 0.166666666667x ) * ( ( 0.25x + ( ( 0.25y * 0.333333333333x ) * ( 0.2x + 0.111111111111x ) ) ) + 0.1x ) ) )
ind: 131
( ( ( ( 1.0x * 0.5x ) * 0.5y ) * 0.166666666667x ) * ( 0.2x * 0.125x ) )
ind: 132
( 0.125y + 0.333333333333x )
ind: 133
( 0.333333333333x + ( ( ( 0.142857142857y + ( 0.25x + ( 0.5y * 0.2y ) ) ) + ( ( ( 1.0x * 0.125y ) + 0.25y ) * 0.333333333333y ) ) + ( 0.1x + ( 0.2y + ( ( 0.111111111111y + 0.25x ) * ( 1.0y * 0.111111111111x ) ) ) ) ) )
ind: 134
( 0.5x * 0.125y )
ind: 135
( ( ( ( ( ( 1.0y * 0.111111111111x ) * 0.111111111111y ) + 0.125y ) + ( ( ( 0.111111111111y + 0.1x ) + 0.125y ) * 0.2y ) ) + ( ( 0.125y * 0.166666666667y ) * ( 1.0y + 0.5x ) ) ) * ( ( ( ( ( 0.166666666667y * 0.111111111111x ) + 0.166666666667x ) * ( 0.333333333333y + 0.5x ) ) * ( ( 1.0y + ( 0.333333333333x + 0.166666666667x ) ) * 0.1y ) ) + ( ( 1.0y * ( 0.111111111111x * ( 0.25y + 0.111111111111y ) ) ) * ( 1.0x + 0.5x ) ) ) )
ind: 136
( 1.0y * ( 0.166666666667x + 0.166666666667x ) )
ind: 137
( ( ( 0.166666666667x * ( ( ( 0.333333333333y * 1.0y ) * ( 0.5x * 0.5y ) ) * 1.0x ) ) * ( ( 0.333333333333y * ( 0.111111111111y * 0.1x ) ) + 0.125x ) ) * ( ( 0.166666666667y * ( 0.333333333333y * ( 0.1y + 0.2y ) ) ) * ( 0.5y * 0.333333333333y ) ) )
ind: 138
( 0.2y + ( ( 0.142857142857y + ( ( 1.0y * ( 0.5y + 0.1x ) ) * ( ( 0.125x * 1.0x ) * 0.333333333333y ) ) ) * ( 0.25x + 0.25x ) ) )
ind: 139
( ( ( 0.25y + ( 0.25x + 0.333333333333y ) ) * ( 0.1y + ( ( 0.166666666667y * 0.5x ) * ( 0.1y + ( 0.125y * 0.2x ) ) ) ) ) + 0.333333333333y )
ind: 140
( ( 0.142857142857y + ( 0.125x + 0.111111111111x ) ) + 0.2y )
ind: 141
( 0.2x * ( ( ( ( ( 0.111111111111y + 0.125x ) + 0.166666666667y ) + 0.2x ) * 1.0x ) * 0.2x ) )
ind: 142
( ( ( 0.5x * ( ( 0.125x + ( 0.111111111111y + 0.125x ) ) * ( 0.166666666667y + ( 0.111111111111y * 0.111111111111y ) ) ) ) * ( 0.5x + 0.5x ) ) + 0.25y )
ind: 143
( ( ( ( ( ( 0.5x * 0.5y ) + ( 0.333333333333y * 0.125y ) ) + ( 0.2y + ( 0.25x * 0.125x ) ) ) + 0.333333333333x ) + 0.166666666667x ) * ( 0.1y * ( 0.2x + ( ( ( 0.111111111111x + 0.333333333333x ) * ( 0.166666666667x * 1.0y ) ) * ( ( 0.333333333333y + 1.0y ) + ( 0.2y + 0.25x ) ) ) ) ) )
ind: 144
( 0.166666666667x * 0.2y )
ind: 145
( 0.333333333333y * 0.2x )
ind: 146
( 0.125y + 0.5x )
ind: 147
( ( 0.111111111111x + ( 0.166666666667y * 0.5y ) ) * 0.1y )
ind: 148
( 0.5x + 0.142857142857y )
ind: 149
( 0.25x + ( ( ( 0.2y * 0.333333333333x ) * 0.333333333333x ) + 0.166666666667x ) )
ind: 150
( ( ( ( 0.166666666667y * ( 0.1x * 0.166666666667y ) ) + 0.111111111111x ) * ( ( ( ( 0.142857142857y * 0.1x ) * 1.0x ) * ( 0.1y * ( 0.2x * 0.333333333333x ) ) ) * ( 0.2y + 0.5x ) ) ) * 0.142857142857x )
ind: 151
( ( ( ( 0.142857142857y * 0.111111111111y ) * 0.25y ) + ( ( ( 0.111111111111y + ( 1.0y + 0.166666666667y ) ) + ( 0.111111111111x + ( 1.0x + 0.1y ) ) ) * ( 0.166666666667x * 0.1y ) ) ) + ( 0.25y + ( ( ( 0.5y + 0.25x ) * ( ( 1.0x + 0.142857142857x ) * ( 0.166666666667y + 0.5x ) ) ) + ( 0.25x * ( 0.5y + ( 0.1y * 1.0y ) ) ) ) ) )
ind: 152
( ( 1.0x * 0.2x ) * 1.0y )
ind: 153
( ( 0.333333333333x * ( ( ( ( 0.166666666667x * 0.2x ) * ( 0.333333333333x * 0.333333333333x ) ) + 1.0x ) + ( 0.25x + ( ( 0.166666666667x * 0.25y ) + 0.2y ) ) ) ) + 0.333333333333x )
ind: 154
( 0.25y + ( 1.0x + ( 0.111111111111x + 0.2y ) ) )
ind: 155
( ( ( 1.0y * ( ( 0.111111111111y + 0.333333333333x ) + 0.142857142857x ) ) * 0.166666666667x ) + 0.1y )
ind: 156
( ( ( ( ( ( 0.111111111111x + 0.5x ) + 0.1y ) + 0.25x ) * ( 0.333333333333x + 0.142857142857x ) ) + ( ( ( ( 0.5y + 0.166666666667y ) * 0.1x ) + ( 0.2x * ( 0.25y * 1.0x ) ) ) + ( ( 0.1y * 0.111111111111x ) * ( 0.1y + ( 0.25x * 0.25x ) ) ) ) ) + ( 0.333333333333x + 0.5x ) )
ind: 157
( 0.166666666667y + ( ( 0.2x * ( 0.1y * 0.166666666667x ) ) + 0.142857142857y ) )
ind: 158
( ( ( ( ( ( 0.1x * 0.5x ) + ( 0.111111111111x + 0.142857142857y ) ) + 0.5x ) * ( 0.5x + ( ( 1.0x + 0.2x ) * 0.111111111111x ) ) ) + 0.125x ) + ( ( 0.2y * 0.111111111111x ) + 0.125x ) )
ind: 159
( ( 0.142857142857x + ( ( ( 0.111111111111x * ( 0.333333333333y * 0.125y ) ) * 0.333333333333x ) + ( ( 1.0x + 0.333333333333y ) * ( 0.166666666667x + 0.5x ) ) ) ) * 0.1y )
ind: 160
( 0.333333333333y + 0.5x )
ind: 161
( ( 1.0y * ( 1.0x * 0.166666666667x ) ) + 0.1y )
ind: 162
( ( ( 0.125y + ( 0.166666666667x * 1.0y ) ) * ( 0.333333333333y * ( 0.111111111111x * ( ( 0.111111111111y + 0.5x ) + 0.1x ) ) ) ) * 1.0x )
ind: 163
( 0.111111111111y + ( 0.166666666667x + 0.166666666667y ) )
ind: 164
( ( ( 1.0y + ( ( ( 0.2y * 0.2x ) + ( 0.5y * 0.125y ) ) + 0.2x ) ) + 0.1x ) * ( 0.5y * 0.1x ) )
ind: 165
( ( 0.25x + ( 0.5y * ( 0.2x + 0.25x ) ) ) * 0.333333333333y )
ind: 166
( ( 0.1y + ( 0.142857142857x + 0.166666666667y ) ) * 0.111111111111x )
ind: 167
( ( ( ( ( 0.25x + 0.166666666667x ) * ( ( 0.2y * 0.142857142857y ) * 0.142857142857y ) ) * ( ( 1.0x * ( 0.125y + 0.142857142857y ) ) * ( 1.0y * ( 0.333333333333y * 0.333333333333y ) ) ) ) + 0.142857142857x ) * 0.125y )
ind: 168
( ( 0.142857142857x + 0.166666666667y ) * ( ( 0.1y * 0.111111111111y ) + 0.125x ) )
ind: 169
( 0.166666666667x + ( 0.125y + 0.125x ) )
ind: 170
( 1.0x + ( ( ( ( 0.125y * 0.111111111111y ) * ( 0.333333333333x + 0.125x ) ) * 0.166666666667x ) + ( ( ( 0.166666666667x + ( 1.0y * 0.5x ) ) + ( ( 1.0x * 0.142857142857y ) * ( 0.142857142857x * 0.125x ) ) ) + 1.0y ) ) )
ind: 171
( 0.125x * ( 0.333333333333x * ( 0.333333333333x + 0.2y ) ) )
ind: 172
( ( 0.142857142857y + 0.333333333333x ) * 0.2y )
ind: 173
( 0.5x * ( 1.0y + ( ( ( ( 0.166666666667y + 0.25y ) + 0.1y ) * ( ( 0.5x * 0.142857142857y ) + 0.2x ) ) + ( ( 0.142857142857y * ( 1.0y + 0.25y ) ) * 0.1y ) ) ) )
ind: 174
( 0.5y + ( 0.2x + 1.0x ) )
ind: 175
( 0.111111111111x * ( ( 0.5x + ( ( 0.166666666667y * 0.142857142857y ) * ( ( 0.5y + 0.1y ) * 0.111111111111x ) ) ) * 0.2x ) )
ind: 176
( ( ( 0.333333333333y + 0.333333333333x ) + ( ( ( ( 0.111111111111x * 1.0x ) + 0.111111111111x ) * ( ( 0.166666666667y * 0.111111111111x ) + ( 1.0y * 0.333333333333x ) ) ) * 0.166666666667x ) ) * 0.166666666667x )
ind: 177
( 0.5y + ( 0.125y * ( 0.125x * ( 0.111111111111y * ( 0.1x + ( 0.333333333333x + 0.111111111111y ) ) ) ) ) )
ind: 178
( 0.25x * ( ( ( 1.0y + 0.333333333333x ) * ( ( ( 0.142857142857x + 1.0y ) * 0.1y ) * ( ( 0.333333333333y + 0.5x ) * ( 0.142857142857y * 0.333333333333x ) ) ) ) + 0.166666666667x ) )
ind: 179
( ( ( 0.142857142857y * ( 0.25y * 0.333333333333y ) ) + ( ( ( ( 0.5y + 0.111111111111y ) * 1.0x ) + ( 0.25y * 0.166666666667y ) ) + 0.1x ) ) + 0.111111111111x )
ind: 180
( 0.333333333333x * ( ( 0.333333333333y + ( 0.111111111111y * 0.125y ) ) * ( 0.1x * ( 0.2x * 1.0y ) ) ) )
ind: 181
( 0.333333333333x * 0.1y )
ind: 182
( ( ( ( 0.2y * 0.25x ) + ( ( 0.25y + ( 1.0y * 0.5y ) ) + ( 0.25x + 1.0x ) ) ) * ( ( ( 0.125y + 0.333333333333y ) + 0.5x ) * ( 0.5y + ( ( 0.2x * 0.5x ) + ( 0.2x * 0.1x ) ) ) ) ) + ( 0.166666666667y + ( 0.1x + ( 0.125y + ( ( 0.166666666667x + 0.333333333333x ) + 0.25x ) ) ) ) )
ind: 183
( 0.111111111111x * ( ( 0.142857142857x + 0.2y ) * ( ( ( 0.25x + 0.111111111111y ) * 1.0x ) + 0.1y ) ) )
ind: 184
( 0.166666666667y * ( 0.2y + 0.166666666667x ) )
ind: 185
( ( ( ( 0.333333333333y * 0.125x ) + 0.5y ) * 0.5x ) * 0.111111111111x )
ind: 186
( ( ( 0.166666666667x + ( 0.166666666667x * 0.142857142857y ) ) + 0.125x ) + 0.125y )
ind: 187
( ( ( 0.125x * ( 0.5y + ( 0.125x * ( 0.111111111111x * 0.1y ) ) ) ) + ( ( ( ( 0.333333333333y * 0.333333333333y ) + 0.1y ) * 0.333333333333y ) * ( ( ( 0.166666666667y + 0.5y ) + ( 0.111111111111y + 0.25y ) ) + ( ( 0.166666666667y + 1.0x ) * 0.1x ) ) ) ) + ( 0.5y * 0.5y ) )
ind: 188
( 0.333333333333x + ( 0.125y + 0.1y ) )
ind: 189
( 0.111111111111y * ( ( ( 0.2y + ( ( 0.142857142857y * 0.1y ) + 0.5x ) ) + 0.166666666667x ) * ( 0.5y * ( ( ( 0.125x * 0.166666666667y ) * ( 0.111111111111x * 0.1y ) ) + 0.125x ) ) ) )
ind: 190
( ( ( ( ( ( 0.5x * 0.111111111111x ) + 0.125x ) + 1.0y ) * 0.142857142857y ) + ( ( ( 0.1x * ( 1.0y + 0.125y ) ) + ( ( 0.111111111111y + 0.25y ) * 0.166666666667y ) ) * ( 0.333333333333y + 0.25y ) ) ) * 0.5x )
ind: 191
( ( ( ( ( ( 0.142857142857x * 0.25x ) * ( 0.5y + 0.111111111111y ) ) + 0.111111111111y ) + ( ( 0.333333333333y * 0.1y ) + ( ( 1.0x * 0.125y ) * 0.1y ) ) ) + ( 0.333333333333y + ( ( 0.25x + 0.5y ) * 1.0x ) ) ) * ( ( ( ( ( 0.166666666667y + 0.111111111111y ) + 0.166666666667x ) + ( 0.111111111111y + 0.142857142857y ) ) + ( 0.2x * ( 0.125y + ( 0.1x + 0.25y ) ) ) ) + 0.25x ) )
ind: 192
( ( ( ( ( 0.25x * ( 0.25y + 0.111111111111y ) ) * ( 0.2y + ( 0.1y + 0.166666666667y ) ) ) + 0.1x ) * ( ( ( ( 0.1x + 0.1x ) * ( 0.25x * 0.5y ) ) * ( 0.5x + 0.1x ) ) * ( 0.5x + 0.166666666667y ) ) ) * 0.125y )
ind: 193
( 0.166666666667x * ( ( ( 0.333333333333x * ( ( 0.166666666667y + 0.166666666667y ) * 0.1x ) ) + 0.125y ) + 1.0x ) )
ind: 194
( ( ( 0.5x + 0.25x ) * ( 0.2y + ( 0.1x + ( ( 1.0y * 0.2y ) * 0.111111111111x ) ) ) ) * ( 0.25x * 0.125x ) )
ind: 195
( 0.166666666667y * ( 0.5x * ( 0.125x + ( 0.5x + 0.166666666667x ) ) ) )
ind: 196
( ( ( 0.25y + 0.142857142857x ) + 0.333333333333y ) + 0.142857142857x )
ind: 197
( ( 0.333333333333x + 1.0x ) + ( ( 0.166666666667y + ( ( ( 0.111111111111x + 0.2y ) * ( 0.2y * 0.166666666667x ) ) + 0.2y ) ) + 1.0x ) )
ind: 198
( ( ( 0.142857142857x * ( 0.333333333333y + ( 0.125y + ( 0.125y * 0.1y ) ) ) ) + ( 0.333333333333x * ( 0.1x + ( ( 0.25x + 0.111111111111x ) * ( 0.2y + 0.5x ) ) ) ) ) * 0.2y )
ind: 199
( 1.0y + ( ( 0.2x + ( 0.25x + ( ( 0.1y * 0.111111111111x ) * ( 0.111111111111x + 0.5x ) ) ) ) + 0.333333333333y ) )
ind: 200
( ( ( 0.111111111111x * 0.1x ) * 0.25y ) + ( 0.2y + 0.166666666667x ) )
ind: 201
( 0.125x + ( 1.0y + 0.1x ) )
ind: 202
( ( 0.25y + ( 0.142857142857y + 0.166666666667x ) ) * 0.142857142857x )
ind: 203
( 0.166666666667x * ( ( 0.25y + ( 0.166666666667x * 0.5x ) ) * ( ( 0.2y * ( 0.111111111111x + 0.142857142857x ) ) * ( ( ( 0.2x * 0.111111111111y ) * ( 0.125y + 0.5y ) ) + 0.5y ) ) ) )
ind: 204
( ( 0.142857142857y + ( 0.125y + ( ( ( 0.125x * 0.1x ) * ( 0.5x + 0.125y ) ) * ( ( 0.333333333333y * 0.166666666667x ) + ( 0.125y + 0.125x ) ) ) ) ) + 0.25x )
ind: 205
( ( 0.25x * 0.125x ) * 0.166666666667y )
ind: 206
( ( 0.166666666667y + 0.125y ) + ( 0.1y + ( ( 0.142857142857y + 0.111111111111x ) + ( 0.111111111111x + 0.333333333333y ) ) ) )
ind: 207
( ( ( 1.0y * 0.25x ) * 0.111111111111y ) + ( ( 0.25y * ( 0.125x * 0.333333333333x ) ) * 0.5x ) )
ind: 208
( 1.0x + 0.5y )
ind: 209
( ( 0.25x * 1.0x ) + 0.333333333333y )
ind: 210
( 0.5y * 0.111111111111x )
ind: 211
( 0.333333333333x * ( 0.111111111111x + 0.333333333333y ) )
ind: 212
( 0.25y + ( 0.125y + ( ( 0.142857142857x * 0.1y ) + ( 0.333333333333x * ( 0.2y * ( 0.333333333333y * 0.5x ) ) ) ) ) )
ind: 213
( ( 1.0x + ( 0.333333333333x * 0.2y ) ) * 0.25x )
ind: 214
( 0.333333333333y + 0.166666666667x )
ind: 215
( ( ( ( 0.142857142857y * 0.142857142857y ) * ( 0.5x + 0.166666666667y ) ) + 0.1y ) + ( ( ( ( 0.166666666667y + 0.1x ) * 0.1x ) * 0.25y ) * 0.25x ) )
ind: 216
( ( ( ( ( ( 0.111111111111x * 0.25x ) + ( 0.125x * 0.5y ) ) * ( ( 0.25y * 1.0x ) + 0.2y ) ) * ( 0.333333333333y * ( 0.111111111111x + 0.111111111111x ) ) ) * 0.142857142857y ) + ( 0.142857142857x + 0.2y ) )
ind: 217
( ( 0.5y + 0.333333333333x ) * 0.111111111111y )
ind: 218
( 0.25x + ( 0.1y + 0.166666666667y ) )
ind: 219
( 0.166666666667x + 0.25y )
ind: 220
( 0.333333333333x * ( ( 0.142857142857y * 0.142857142857x ) * 0.142857142857x ) )
ind: 221
( ( 0.142857142857x * ( ( 0.166666666667x * ( 0.111111111111x * ( 0.111111111111x * 0.111111111111y ) ) ) * 0.166666666667x ) ) * ( 0.166666666667y * 1.0x ) )
ind: 222
( 0.5x + ( ( ( 0.125x * ( ( 0.5x + 1.0x ) + ( 0.25y * 0.142857142857y ) ) ) + ( ( ( 0.142857142857x + 0.142857142857x ) * ( 0.25y * 0.111111111111x ) ) + ( 0.125x + ( 0.111111111111y * 0.5x ) ) ) ) * ( ( ( ( 0.2y + 0.5x ) * ( 0.1y + 0.125y ) ) * ( 0.2x * 0.2x ) ) + ( 1.0y + 0.5x ) ) ) )
ind: 223
( 0.1x * 0.5y )
ind: 224
( ( ( 0.125y + ( ( ( 0.25y + 0.142857142857x ) + 1.0x ) * ( ( 0.25y + 0.333333333333y ) * 1.0x ) ) ) + 0.5y ) * 0.111111111111x )
ind: 225
( 0.333333333333x + ( ( ( ( ( 0.333333333333y * 0.2x ) + 0.333333333333x ) * 1.0x ) * 0.5x ) * 0.333333333333x ) )
ind: 226
( ( ( ( ( ( 0.25x + 0.1y ) + 0.25y ) + ( 0.1y * 0.1x ) ) + ( 0.5x * 0.142857142857x ) ) * 0.333333333333x ) + ( ( 0.125x + ( ( 0.142857142857y * ( 0.142857142857y + 0.5x ) ) + ( 0.333333333333x + ( 0.125x + 0.5x ) ) ) ) * 0.333333333333x ) )
ind: 227
( 0.1x + 0.25y )
ind: 228
( ( 0.166666666667x * 0.142857142857y ) * 0.333333333333x )
ind: 229
( 0.2y + ( ( ( 0.333333333333x + 0.2y ) * ( ( 0.5y + 0.5y ) + 0.333333333333y ) ) + 0.2y ) )
ind: 230
( ( 0.125y + 0.333333333333x ) * 0.2x )
ind: 231
( 0.142857142857x + ( ( ( 0.1y + ( ( 0.5x + 0.111111111111y ) + ( 0.142857142857x * 0.2y ) ) ) + 0.5x ) + 0.1x ) )
ind: 232
( 0.1y + ( ( ( ( ( 0.1y + 1.0y ) * ( 0.2x + 0.1y ) ) * 0.1x ) + 0.1x ) * ( ( 0.5x + ( ( 0.2x + 0.25x ) + ( 0.125x + 0.125y ) ) ) + ( ( ( 0.5y * 0.111111111111y ) * ( 0.111111111111x + 0.2x ) ) + 0.111111111111x ) ) ) )
ind: 233
( ( ( ( 0.142857142857y + ( ( 0.2x * 0.111111111111y ) * ( 0.25y * 0.25x ) ) ) * ( 0.333333333333x * ( 0.2x + ( 0.142857142857y + 0.333333333333x ) ) ) ) + ( ( 1.0x * 0.25y ) + 0.333333333333x ) ) * 0.111111111111y )
ind: 234
( ( 0.142857142857x * 0.5y ) + ( 0.1x + ( ( 0.111111111111y * 0.2x ) * ( 0.333333333333x + 0.142857142857y ) ) ) )
ind: 235
( 0.1y * ( 1.0x * ( 0.25y * 0.25y ) ) )
ind: 236
( 0.166666666667x * ( 1.0x + ( 0.333333333333y + ( 0.2y * 0.111111111111y ) ) ) )
ind: 237
( 1.0y * 0.5x )
ind: 238
( 1.0y * 0.5x )
ind: 239
( 0.1y * 0.5x )
ind: 240
( ( ( ( ( ( 0.166666666667y + 0.5y ) + 0.142857142857y ) + ( 0.25x * 0.5y ) ) + 0.5x ) + ( ( ( ( 0.333333333333x + 0.125y ) + 1.0y ) * 0.1y ) + 0.1y ) ) + ( 0.5x * 0.1y ) )
ind: 241
( ( ( ( 0.333333333333x * 0.25x ) + 1.0x ) + 0.125y ) + ( ( 1.0y + 0.25y ) + 0.2y ) )
ind: 242
( 1.0y + 0.125x )
ind: 243
( 0.25x * 0.1y )
ind: 244
( ( 0.5y + ( ( ( 0.5y + ( 0.2y * 0.125y ) ) * ( 0.142857142857y + 0.111111111111y ) ) * 0.142857142857y ) ) + 0.333333333333x )
ind: 245
( 0.333333333333x + ( ( ( 0.111111111111x * 0.25x ) * ( ( 1.0y * ( 0.5y * 0.166666666667x ) ) + 1.0y ) ) + ( ( ( ( 0.5y + 0.2x ) * 0.5y ) + 0.142857142857y ) * 0.25y ) ) )
ind: 246
( ( ( 0.111111111111x + ( ( ( 0.1x + 0.125y ) * ( 0.1y + 0.166666666667y ) ) + 0.25y ) ) * ( ( ( ( 0.25x * 0.125y ) * ( 0.333333333333x + 0.5y ) ) * ( ( 0.333333333333y + 1.0x ) * 0.333333333333x ) ) + 0.333333333333x ) ) * ( 0.1y * 0.25y ) )
ind: 247
( ( ( 0.333333333333y + ( ( ( 0.166666666667y + 0.1x ) + ( 1.0x + 0.2y ) ) * ( ( 0.111111111111x * 0.2x ) + ( 0.166666666667x + 0.25y ) ) ) ) * 0.5x ) + 1.0x )
ind: 248
( ( ( 0.1y + 0.25y ) + 0.1y ) * ( ( ( ( ( 0.2x * 0.111111111111y ) * 0.25x ) + 1.0x ) + 0.111111111111x ) + ( ( ( ( 0.1x * 1.0x ) + 0.1x ) * 0.142857142857y ) + ( ( 1.0x + ( 0.142857142857y + 1.0y ) ) + ( ( 0.25x * 0.25x ) * 0.125y ) ) ) ) )
ind: 249
( ( ( ( ( ( 0.333333333333y * 1.0y ) * 1.0y ) + ( ( 0.5y * 0.333333333333y ) + ( 0.166666666667x * 0.5y ) ) ) * ( 0.111111111111y + ( 0.25y * ( 0.111111111111y * 0.5x ) ) ) ) * 0.25y ) + ( ( ( 0.142857142857x * ( ( 0.5x * 0.1y ) * ( 0.2x * 0.111111111111x ) ) ) + ( 0.25y + 0.166666666667y ) ) * ( ( ( 0.1x + 0.166666666667x ) * ( 0.2x + 0.125x ) ) + ( 0.333333333333y * ( ( 0.166666666667y + 1.0y ) + 0.125y ) ) ) ) )
ind: 250
( 0.166666666667y + ( 0.142857142857x + 1.0y ) )
ind: 251
( ( ( 0.25y + 0.111111111111x ) + 1.0x ) + 0.333333333333y )
ind: 252
( ( 0.142857142857x + 0.25x ) * 0.125y )
ind: 253
( 0.111111111111y + ( 0.2x + 1.0x ) )
ind: 254
( 0.125x * ( 0.5x + 0.125y ) )
ind: 255
( 0.111111111111x * ( ( ( ( ( 0.1x * 0.2y ) + 1.0y ) * 0.333333333333y ) + 0.2x ) + 1.0y ) )
ind: 256
( ( 0.5y + 0.1y ) + 0.5x )
ind: 257
( 0.125x + ( ( 0.125x + ( 0.5y + 0.142857142857y ) ) + 0.333333333333y ) )
ind: 258
( 0.142857142857y + 0.25x )
ind: 259
( ( ( 0.142857142857y + ( ( ( 0.25x * 0.166666666667x ) * ( 0.111111111111x + 0.333333333333y ) ) + 0.333333333333y ) ) * 0.5y ) + 0.25x )
ind: 260
( ( 0.333333333333y + ( 0.333333333333x * 0.5y ) ) * 0.125x )
ind: 261
( ( ( 0.125y * ( ( ( 0.25x + 0.333333333333y ) + 0.25y ) + ( 0.25x + 0.2y ) ) ) + ( 0.333333333333x + 0.111111111111y ) ) * 0.125x )
ind: 262
( 0.111111111111x + 0.2y )
ind: 263
( ( ( ( 0.111111111111y * ( ( 0.111111111111x + 0.25x ) * ( 0.25x * 0.333333333333x ) ) ) * 0.25y ) * 0.166666666667x ) * ( 0.166666666667x * ( ( ( 0.166666666667y * ( 0.111111111111x * 0.166666666667y ) ) * ( 0.166666666667x * 0.5x ) ) + 0.125y ) ) )
ind: 264
( ( 0.25y * ( ( 0.111111111111y + 0.25y ) + 0.125y ) ) * ( ( ( ( ( 0.5y + 0.166666666667y ) * ( 0.5x + 0.5y ) ) + 0.125x ) + 0.333333333333y ) * ( ( ( ( 0.111111111111x + 1.0x ) * 0.333333333333x ) * 0.166666666667x ) + 1.0y ) ) )
ind: 265
( ( 0.333333333333y * 0.2x ) + ( ( ( ( 0.2y * ( 0.2y * 0.333333333333y ) ) * 1.0x ) + ( 0.125x + ( 0.1x * 0.1y ) ) ) * 0.5y ) )
ind: 266
( 0.142857142857x * ( 0.1x + ( ( 1.0y * ( ( 0.125y + 0.5y ) + 0.125x ) ) * 0.25x ) ) )
ind: 267
( 0.1y + ( 0.1x + ( 0.142857142857x + ( ( 0.166666666667x + ( 0.333333333333y * 0.25x ) ) * 0.111111111111x ) ) ) )
ind: 268
( 0.142857142857y + ( ( 1.0y + ( ( ( 0.111111111111y * 0.125y ) * ( 0.1y * 0.111111111111x ) ) * 0.333333333333y ) ) + 0.142857142857y ) )
ind: 269
( ( 0.1y * 0.2x ) * ( ( 0.2x + 0.5x ) * ( ( ( 0.111111111111y * ( 1.0x + 0.125x ) ) * ( 0.5x + ( 0.166666666667x * 0.1y ) ) ) * ( ( ( 0.2x * 0.1y ) * 0.166666666667y ) * 0.166666666667x ) ) ) )
ind: 270
( 0.166666666667y * ( 0.2x + 0.166666666667y ) )
ind: 271
( 0.2y + ( ( 1.0y + ( ( 0.1y + 0.2y ) * 0.25x ) ) + 0.142857142857y ) )
ind: 272
( ( 0.1y + ( ( 0.1y + ( ( 0.333333333333y * 0.1x ) + 0.142857142857x ) ) * ( 0.25y * ( ( 1.0y * 0.2x ) + ( 0.111111111111x + 0.1y ) ) ) ) ) * 0.1x )
ind: 273
( ( ( 0.333333333333x + 0.2y ) * ( ( ( ( 0.25x * 0.166666666667x ) + ( 0.166666666667y * 0.166666666667y ) ) + 0.2x ) * ( ( 0.5y * 0.1y ) + ( 0.5x * ( 0.111111111111x * 0.111111111111y ) ) ) ) ) * ( ( 0.111111111111x + ( 0.111111111111y + 0.142857142857y ) ) + 0.25x ) )
ind: 274
( 0.111111111111y + 0.2x )
ind: 275
( ( ( ( ( 0.333333333333x + 0.142857142857y ) * 0.125y ) + ( ( ( 0.5y * 0.5y ) + ( 0.111111111111y + 0.333333333333y ) ) + 0.25y ) ) * 0.5x ) * ( 0.2x * 0.111111111111y ) )
ind: 276
( ( ( 0.1x * 0.5x ) + ( ( ( 0.1x + ( 0.333333333333x + 0.166666666667y ) ) * 0.142857142857x ) * ( ( ( 0.166666666667x * 0.1y ) + ( 0.333333333333y + 0.25x ) ) * 0.2y ) ) ) * ( ( 0.333333333333x + 0.1x ) * 1.0x ) )
ind: 277
( ( 0.5y * ( ( 0.125y * 1.0y ) * 0.166666666667x ) ) * ( ( 0.25x * ( ( 0.166666666667x + ( 0.1x + 0.142857142857y ) ) * ( ( 1.0y * 0.142857142857x ) + 0.1y ) ) ) * ( 1.0x * ( 0.125x * ( 0.1y * ( 0.5x + 0.111111111111x ) ) ) ) ) )
ind: 278
( 0.25y + 0.1x )
ind: 279
( 0.25x + ( ( ( 0.142857142857x + 0.111111111111x ) + ( 0.142857142857y + ( ( 0.25y + 0.166666666667y ) * 0.2y ) ) ) + ( 0.2y + ( ( 0.111111111111y * ( 0.111111111111y + 0.125x ) ) * 0.142857142857y ) ) ) )
ind: 280
( ( 0.111111111111y + ( 0.111111111111x + 0.2y ) ) + 0.333333333333y )
ind: 281
( ( 0.142857142857y * 0.125x ) + ( ( 0.2x * 0.2y ) + 0.1x ) )
ind: 282
( 0.333333333333y + ( 0.142857142857y * ( ( ( 0.166666666667y * 1.0y ) + ( 0.125y * 0.2y ) ) + ( 0.333333333333y + ( ( 0.125y + 0.142857142857x ) + ( 0.2x + 1.0x ) ) ) ) ) )
ind: 283
( 0.111111111111x * ( 0.25y + 0.142857142857y ) )
ind: 284
( ( 0.111111111111y * 0.5x ) * ( 0.111111111111x + 0.5x ) )
ind: 285
( 0.1y * 0.111111111111x )
ind: 286
( 0.333333333333x + ( ( 0.111111111111y + 0.125y ) + ( 0.2x + 0.1x ) ) )
ind: 287
( 0.142857142857y * 1.0x )
ind: 288
( ( ( ( ( 0.125y + 0.111111111111y ) * ( 0.142857142857y + 0.2y ) ) + ( ( ( 0.142857142857x * 0.111111111111x ) + 1.0y ) + 1.0x ) ) + ( 0.125y + ( ( ( 0.2y * 1.0x ) + ( 0.5x * 0.166666666667y ) ) + ( 0.333333333333x * 0.2x ) ) ) ) * ( 1.0x * ( ( ( 0.166666666667x * 0.142857142857x ) + ( 0.333333333333x + 0.333333333333x ) ) + ( 0.111111111111y + 0.25y ) ) ) )
ind: 289
( 0.125y + 0.166666666667x )
ind: 290
( ( ( ( ( ( 0.5x + 0.166666666667x ) * 0.5y ) * 0.166666666667x ) * ( ( ( 0.1y + 0.125y ) + ( 0.25y * 0.333333333333x ) ) * ( 0.1x + ( 0.111111111111x + 0.142857142857y ) ) ) ) + ( ( 0.111111111111x * ( ( 0.25y + 0.5y ) + ( 0.111111111111y * 0.142857142857y ) ) ) + ( ( 0.5y * ( 0.333333333333y + 0.125x ) ) + 0.2y ) ) ) + ( 0.125x * 0.25y ) )
ind: 291
( ( 0.1x * 0.111111111111x ) + ( 0.125y * 0.5y ) )
ind: 292
( ( 0.5y * 0.125y ) * ( 0.125y * ( 1.0y + ( ( ( 0.2x + 0.111111111111x ) * ( 0.1x * 0.125y ) ) * 0.333333333333y ) ) ) )
ind: 293
( ( ( ( 1.0y * ( ( 0.333333333333x + 0.125y ) + 0.142857142857x ) ) + 0.142857142857y ) + 0.1x ) * ( ( ( 1.0x + 0.142857142857y ) * 0.5x ) * ( 0.111111111111x + 1.0x ) ) )
ind: 294
( 0.111111111111x * ( 0.25y + 0.166666666667y ) )
ind: 295
( 0.166666666667y * ( ( 0.333333333333y + ( 0.125x * 0.142857142857x ) ) * 0.25x ) )
ind: 296
( 0.111111111111y * ( 0.166666666667y * ( ( 0.1y + ( 0.111111111111y * 0.125y ) ) * ( 0.166666666667y + 1.0x ) ) ) )
ind: 297
( ( 0.333333333333x + 0.5y ) * 0.142857142857y )
ind: 298
( ( ( 0.25x + ( 0.142857142857y * 0.1y ) ) + ( ( 0.1y + ( ( 0.5x * 1.0x ) + 0.125x ) ) + ( 0.142857142857y + ( ( 0.1x * 0.166666666667y ) * ( 1.0y + 0.111111111111x ) ) ) ) ) + 0.125x )
ind: 299
( ( ( 0.142857142857x * ( 0.125y * 0.142857142857x ) ) * ( 0.1y * 0.2x ) ) * ( ( 0.111111111111x * 0.111111111111y ) + ( 0.166666666667x * ( 0.333333333333y + 0.111111111111x ) ) ) )
ind: 300
( 0.333333333333x * ( ( 0.125y + ( 0.5x + 1.0y ) ) + ( 0.5x * 0.111111111111y ) ) )
Best Ind: ( ( ( 0.1y + 0.25y ) + 0.1y ) * ( ( ( ( ( 0.2x * 0.111111111111y ) * 0.25x ) + 1.0x ) + 0.111111111111x ) + ( ( ( ( 0.1x * 1.0x ) + 0.1x ) * 0.142857142857y ) + ( ( 1.0x + ( 0.142857142857y + 1.0y ) ) + ( ( 0.25x * 0.25x ) * 0.125y ) ) ) ) )
Fitness = 29.5378059797
Worst Ind: ( ( ( 0.333333333333x + 0.333333333333y ) + 1.0y ) + ( ( 0.111111111111y + ( ( 0.1y + 0.166666666667y ) + 0.25y ) ) + 0.2y ) )
Fitness = 62.1811849696
Avg Fitness = 48.6248864992
Duplicated = 3
============================================================================
Evaluate Gen  1
New Population 426
Better than Dads 56
Best Ind: ( ( ( 0.1y + 0.25y ) + 0.1y ) * ( ( ( ( ( 0.2x * 0.111111111111y ) * 0.25x ) + 1.0x ) + 0.111111111111x ) + ( ( ( ( 0.1x * 1.0x ) + 0.1x ) * 0.142857142857y ) + ( ( 1.0x + ( 0.142857142857y + 1.0y ) ) + ( ( 0.25x * 0.25x ) * 0.125y ) ) ) ) )
Fitness = 29.5378059797
Worst Ind: ( ( ( ( ( 0.5y * 0.5x ) * ( ( 0.5x * 0.25x ) + ( 0.111111111111x * 0.1x ) ) ) + 0.2x ) + 0.111111111111x ) * ( ( ( ( 0.125y + 0.125y ) + 0.5y ) * 0.25x ) * 1.0y ) )
Fitness = 49.8885689592
Avg Fitness = 48.1787763722
Duplicated = 14
============================================================================
Evaluate Gen  2
New Population 429
Better than Dads 62
Best Ind: ( ( ( 0.1y + 0.25y ) + 0.1y ) * ( ( ( ( ( 0.2x * 0.111111111111y ) * 0.25x ) + 1.0x ) + 0.111111111111x ) + ( ( ( ( 0.1x * 1.0x ) + 0.1x ) * 0.142857142857y ) + ( ( 1.0x + ( 0.142857142857y + 1.0y ) ) + ( ( 0.25x * 0.25x ) * 0.125y ) ) ) ) )
Fitness = 29.5378059797
Worst Ind: ( 0.5y * 0.111111111111x )
Fitness = 49.369732139
Avg Fitness = 47.8555312779
Duplicated = 14
============================================================================
Evaluate Gen  3
New Population 425
Better than Dads 57
Best Ind: ( ( ( 0.1y + 0.25y ) + 0.1y ) * ( ( ( ( ( 0.2x * 0.111111111111y ) * 0.25x ) + 1.0x ) + 0.111111111111x ) + ( ( ( ( 0.1x * 1.0x ) + 0.1x ) * 0.142857142857y ) + ( ( 1.0x + ( 0.142857142857y + 1.0y ) ) + ( ( 0.25x * 0.25x ) * 0.125y ) ) ) ) )
Fitness = 29.5378059797
Worst Ind: ( ( 0.333333333333y * 0.2x ) + ( ( ( ( 0.2y * ( 0.2y * 0.333333333333y ) ) * 1.0x ) + ( 0.125x + ( 0.1x * 0.1y ) ) ) * 0.166666666667y ) )
Fitness = 49.0076457458
Avg Fitness = 47.5646377164
Duplicated = 14
============================================================================
Evaluate Gen  4
New Population 444
Better than Dads 66
Best Ind: ( ( ( 0.1y + 0.25y ) + 0.1y ) * ( ( ( ( ( 0.2x * 0.111111111111y ) * 0.25x ) + 1.0x ) + 0.111111111111x ) + ( ( ( ( 0.1x * 1.0x ) + 0.1x ) * 0.142857142857y ) + ( ( 1.0x + ( 0.142857142857y + 1.0y ) ) + ( ( 0.25x * 0.25x ) * 0.125y ) ) ) ) )
Fitness = 29.5378059797
Worst Ind: ( 0.166666666667y + ( 0.25x + 0.2y ) )
Fitness = 48.6789204
Avg Fitness = 47.2080881886
Duplicated = 17
============================================================================
Evaluate Gen  5
New Population 419
Better than Dads 53
Best Ind: ( ( ( 0.1y + 0.25y ) + 0.1y ) * ( ( ( ( ( 0.2x * 0.111111111111y ) * 0.25x ) + 1.0x ) + 0.111111111111x ) + ( ( ( ( 0.1x * 1.0x ) + 0.1x ) * 0.142857142857y ) + ( ( 1.0x + ( 0.142857142857y + 1.0y ) ) + ( ( 0.25x * 0.25x ) * 0.125y ) ) ) ) )
Fitness = 29.5378059797
Worst Ind: ( ( 0.125y + ( ( 1.0x + ( ( 0.142857142857x + 0.333333333333y ) + 0.142857142857y ) ) + 0.166666666667x ) ) + ( 0.166666666667y + 0.25x ) )
Fitness = 48.3786869356
Avg Fitness = 46.8461745007
Duplicated = 11
============================================================================
Evaluate Gen  6
New Population 432
Better than Dads 69
Best Ind: ( ( ( 0.1y + 0.25y ) + 0.1y ) * ( ( ( ( ( 0.2x * 0.111111111111y ) * 0.25x ) + 1.0x ) + 0.111111111111x ) + ( ( ( ( 0.1x * 1.0x ) + 0.1x ) * 0.142857142857y ) + ( ( 1.0x + ( 0.142857142857y + 1.0y ) ) + ( ( 0.25x * 0.25x ) * 0.125y ) ) ) ) )
Fitness = 29.5378059797
Worst Ind: ( 0.5x * ( ( 0.333333333333y * ( ( 0.1y * 0.333333333333x ) * ( ( 0.166666666667x * 0.1x ) + ( 0.142857142857y * 0.25x ) ) ) ) + 0.333333333333y ) )
Fitness = 48.1210830438
Avg Fitness = 46.4952255923
Duplicated = 16
============================================================================
Evaluate Gen  7
New Population 431
Better than Dads 65
Best Ind: ( ( ( 0.25y + ( 0.142857142857y + 1.0y ) ) * ( ( 0.2x * 0.5x ) + 1.0y ) ) + ( 0.111111111111y + 0.5x ) )
Fitness = 28.3586708397
Worst Ind: ( ( ( 0.111111111111x + ( 0.25x + ( 0.111111111111y + 0.2y ) ) ) + ( 0.5y + 0.25y ) ) * 0.142857142857x )
Fitness = 47.840513189
Avg Fitness = 46.0556389562
Duplicated = 14
============================================================================
Evaluate Gen  8
New Population 431
Better than Dads 72
Best Ind: ( ( ( ( 0.25x + 0.166666666667x ) * 0.142857142857y ) + 1.0y ) * ( 1.0x + ( 1.0y + ( 0.142857142857x + ( 0.166666666667x + ( 0.1x + 0.111111111111y ) ) ) ) ) )
Fitness = 20.4270389934
Worst Ind: ( 0.2x * ( 1.0x + ( 0.333333333333y + ( 0.2y * 0.111111111111y ) ) ) )
Fitness = 47.4944839265
Avg Fitness = 45.4269381528
Duplicated = 12
============================================================================
Evaluate Gen  9
New Population 434
Better than Dads 76
Best Ind: ( ( ( ( 0.25x + 0.166666666667x ) * 0.142857142857y ) + 1.0y ) * ( 1.0x + ( 1.0y + ( 0.142857142857x + ( 0.166666666667x + ( 0.1x + 0.111111111111y ) ) ) ) ) )
Fitness = 20.4270389934
Worst Ind: ( ( ( 0.5x + 0.1x ) + ( 0.142857142857y * 0.2y ) ) + 0.5y )
Fitness = 47.0203683744
Avg Fitness = 44.9156023539
Duplicated = 14
============================================================================
Evaluate Gen  10
New Population 433
Better than Dads 86
Best Ind: ( ( ( ( 0.25x + 0.166666666667x ) * 0.142857142857y ) + 1.0y ) * ( 1.0x + ( 1.0y + ( 0.142857142857x + ( 0.166666666667x + ( 0.1x + 0.111111111111y ) ) ) ) ) )
Fitness = 20.4270389934
Worst Ind: ( ( 0.166666666667y + 0.125y ) + ( 0.1y + ( ( ( 0.1y + ( 0.111111111111y * 0.125y ) ) * ( 0.166666666667y + 1.0x ) ) + ( 0.111111111111x + 0.333333333333y ) ) ) )
Fitness = 46.6625883955
Avg Fitness = 44.5110664085
Duplicated = 11
============================================================================
Evaluate Gen  11
New Population 439
Better than Dads 85
Best Ind: ( ( ( ( 0.25x + 0.166666666667x ) * 0.142857142857y ) + 1.0y ) * ( 1.0x + ( 1.0y + ( 0.142857142857x + ( 0.166666666667x + ( 0.1x + 0.111111111111y ) ) ) ) ) )
Fitness = 20.4270389934
Worst Ind: ( ( 0.111111111111x + ( 0.111111111111y + ( 0.166666666667y + 0.1y ) ) ) + ( 0.333333333333x + ( ( ( 0.333333333333x + 0.2y ) + 0.125y ) + ( 0.2x + 0.1x ) ) ) )
Fitness = 46.3008856111
Avg Fitness = 44.0839309926
Duplicated = 13
============================================================================
Evaluate Gen  12
New Population 428
Better than Dads 77
Best Ind: ( ( ( ( 0.25x + 0.166666666667x ) * 0.142857142857y ) + 1.0y ) * ( 1.0x + ( 1.0y + ( 0.142857142857x + ( 0.166666666667x + ( 0.1x + 0.111111111111y ) ) ) ) ) )
Fitness = 20.4270389934
Worst Ind: ( ( ( ( 0.142857142857y * 0.111111111111y ) * 1.0x ) + ( ( 0.142857142857y + 0.25x ) + ( 0.111111111111x + 0.333333333333y ) ) ) + ( 0.25y + ( ( ( 0.5y + 0.25x ) * ( ( 1.0x + 0.142857142857x ) * ( 0.166666666667y + 0.5x ) ) ) + ( 0.25x * ( 0.5y + ( 0.1y * 1.0y ) ) ) ) ) )
Fitness = 45.9457406632
Avg Fitness = 43.6619777783
Duplicated = 11
============================================================================
Evaluate Gen  13
New Population 437
Better than Dads 90
Best Ind: ( ( ( ( 0.25x + 0.166666666667x ) * 0.142857142857y ) + 1.0y ) * ( 1.0x + ( 1.0y + ( 0.142857142857x + ( 0.166666666667x + ( 0.1x + 0.111111111111y ) ) ) ) ) )
Fitness = 20.4270389934
Worst Ind: ( ( ( 0.111111111111y * 0.2y ) + 0.166666666667x ) + ( 1.0x + ( 0.5y + ( 0.25y + ( ( 0.2x * 0.2y ) + 0.1x ) ) ) ) )
Fitness = 45.6722308001
Avg Fitness = 43.102419885
Duplicated = 6
============================================================================
Evaluate Gen  14
New Population 419
Better than Dads 78
Best Ind: ( ( ( ( 0.25x + 0.166666666667x ) * 0.142857142857y ) + 1.0y ) * ( 1.0x + ( 1.0y + ( 0.142857142857x + ( 0.166666666667x + ( 0.1x + 0.111111111111y ) ) ) ) ) )
Fitness = 20.4270389934
Worst Ind: ( ( 0.25x + 0.25y ) + ( 1.0y * ( 0.166666666667x + 0.166666666667x ) ) )
Fitness = 45.2555878025
Avg Fitness = 42.6149777905
Duplicated = 5
============================================================================
Evaluate Gen  15
New Population 423
Better than Dads 84
Best Ind: ( ( ( ( 0.25x + 0.166666666667x ) * 0.142857142857y ) + 1.0y ) * ( 1.0x + ( 1.0y + ( 0.142857142857x + ( 0.166666666667x + ( 0.1x + 0.111111111111y ) ) ) ) ) )
Fitness = 20.4270389934
Worst Ind: ( ( 0.1x * ( 0.111111111111x * ( 1.0x + 0.125y ) ) ) + ( 0.333333333333y + ( 0.5y * ( 0.111111111111y + ( 0.333333333333x + 0.111111111111y ) ) ) ) )
Fitness = 44.8345309306
Avg Fitness = 42.0898238216
Duplicated = 5
============================================================================
Evaluate Gen  16
New Population 430
Better than Dads 85
Best Ind: ( ( ( ( 0.25x + 0.166666666667x ) * 0.142857142857y ) + 1.0y ) * ( 1.0x + ( 1.0y + ( 0.142857142857x + ( 0.166666666667x + ( 0.1x + 0.111111111111y ) ) ) ) ) )
Fitness = 20.4270389934
Worst Ind: ( ( ( ( ( 0.5x * 0.25y ) + ( 0.5x + 0.125x ) ) + ( 0.25x * 1.0x ) ) * 0.2y ) + ( ( 0.25x * ( 0.25x + 1.0y ) ) + ( ( ( ( 0.5y + 0.2x ) * 0.5y ) + 0.142857142857y ) * 0.25y ) ) )
Fitness = 44.3854128883
Avg Fitness = 41.6068765577
Duplicated = 2
============================================================================
Evaluate Gen  17
New Population 436
Better than Dads 89
Best Ind: ( ( ( ( 0.25x + 0.166666666667x ) * 0.142857142857y ) + 1.0y ) * ( 1.0x + ( 1.0y + ( 0.142857142857x + ( 0.166666666667x + ( 0.1x + 0.111111111111y ) ) ) ) ) )
Fitness = 20.4270389934
Worst Ind: ( ( ( 1.0x + ( ( 0.142857142857x + 0.333333333333y ) + 0.142857142857y ) ) + 0.25x ) + ( ( ( ( 0.142857142857y + 0.25x ) + 0.2x ) + 0.25y ) * 0.333333333333x ) )
Fitness = 43.8935981902
Avg Fitness = 41.0345126007
Duplicated = 10
============================================================================
Evaluate Gen  18
New Population 429
Better than Dads 81
Best Ind: ( ( ( ( 0.25x + 0.166666666667x ) * 0.142857142857y ) + 1.0y ) * ( 1.0x + ( 1.0y + ( 0.142857142857x + ( 0.166666666667x + ( 0.1x + 0.111111111111y ) ) ) ) ) )
Fitness = 20.4270389934
Worst Ind: ( 0.333333333333y * ( ( 1.0x + ( 0.142857142857x + 0.166666666667y ) ) + 0.142857142857y ) )
Fitness = 43.4283232544
Avg Fitness = 40.3181757079
Duplicated = 14
============================================================================
Evaluate Gen  19
New Population 430
Better than Dads 80
Best Ind: ( ( ( ( 0.25x + 0.166666666667x ) * 0.142857142857y ) + 1.0y ) * ( 1.0x + ( 1.0y + ( 0.142857142857x + ( 0.166666666667x + ( 0.1x + 0.111111111111y ) ) ) ) ) )
Fitness = 20.4270389934
Worst Ind: ( ( ( 0.25y + 0.333333333333x ) + ( 0.25x * 1.0x ) ) + ( ( ( 0.5x + 0.25x ) * 0.333333333333y ) + 0.5y ) )
Fitness = 42.8529532886
Avg Fitness = 39.7052086999
Duplicated = 10
============================================================================
Evaluate Gen  20
New Population 431
Better than Dads 90
Best Ind: ( ( ( ( 0.25x + 0.166666666667x ) * 0.142857142857y ) + 1.0y ) * ( 1.0x + ( 1.0y + ( 0.142857142857x + ( 0.166666666667x + ( 0.1x + 0.111111111111y ) ) ) ) ) )
Fitness = 20.4270389934
Worst Ind: ( ( 0.333333333333x * ( ( 1.0x + 1.0x ) + ( 0.25x + ( ( 0.166666666667x * 0.25y ) + 0.2y ) ) ) ) + 0.333333333333x )
Fitness = 42.2212438539
Avg Fitness = 39.133170721
Duplicated = 8
============================================================================
Evaluate Gen  21
New Population 425
Better than Dads 75
Best Ind: ( ( ( ( 0.25x + 0.166666666667x ) * 0.142857142857y ) + 1.0y ) * ( 1.0x + ( 1.0y + ( 0.142857142857x + ( 0.166666666667x + ( 0.1x + 0.111111111111y ) ) ) ) ) )
Fitness = 20.4270389934
Worst Ind: ( ( 1.0x + 0.5y ) * ( 0.125y + 0.25y ) )
Fitness = 41.6309086954
Avg Fitness = 38.3509521058
Duplicated = 14
============================================================================
Evaluate Gen  22
New Population 422
Better than Dads 79
Best Ind: ( ( ( ( 0.25x + 0.166666666667x ) * 0.142857142857y ) + 1.0y ) * ( 1.0x + ( 1.0y + ( 0.142857142857x + ( 0.166666666667x + ( 0.1x + 0.111111111111y ) ) ) ) ) )
Fitness = 20.4270389934
Worst Ind: ( ( ( ( 0.25x + ( 0.142857142857y * 0.1y ) ) * ( ( ( 0.1y + 0.125y ) + ( 0.25y * 0.333333333333x ) ) * ( 0.1x + ( 0.111111111111x + 0.142857142857y ) ) ) ) + ( ( 0.111111111111x * ( ( 0.25y + 0.5y ) + ( 0.111111111111y * 0.142857142857y ) ) ) + ( ( 0.5y * ( 0.333333333333y + 0.125x ) ) + 0.2y ) ) ) + ( ( 0.125x + ( ( 0.142857142857y * ( 0.142857142857y + 0.5x ) ) + ( 0.333333333333x + ( 0.125x + 0.5x ) ) ) ) * 0.333333333333x ) )
Fitness = 41.0849283261
Avg Fitness = 37.6135417732
Duplicated = 11
============================================================================
Evaluate Gen  23
New Population 433
Better than Dads 80
Best Ind: ( ( 1.0y * ( ( 1.0y + 1.0x ) + 1.0y ) ) + 0.333333333333x )
Fitness = 17.2635134934
Worst Ind: ( ( 0.333333333333x * ( ( 1.0x + 1.0x ) + 1.0y ) ) + 0.333333333333x )
Fitness = 40.1460567054
Avg Fitness = 36.7655038907
Duplicated = 16
============================================================================
Evaluate Gen  24
New Population 442
Better than Dads 94
Best Ind: ( ( 1.0y * ( ( 1.0y + 1.0x ) + 1.0y ) ) + 0.333333333333x )
Fitness = 17.2635134934
Worst Ind: ( ( ( ( 0.142857142857y + ( 0.25x + ( 0.5y * 0.2y ) ) ) + ( ( ( 0.5x + 0.5x ) * 0.333333333333y ) + ( 0.333333333333x * 1.0y ) ) ) + ( 1.0x + ( ( 0.142857142857x + ( 0.1x * 1.0y ) ) + ( ( 0.5y * 0.333333333333x ) + 0.333333333333y ) ) ) ) + 0.166666666667y )
Fitness = 39.6055460732
Avg Fitness = 36.0019729408
Duplicated = 17
============================================================================
Evaluate Gen  25
New Population 435
Better than Dads 95
Best Ind: ( ( 1.0y * ( ( 1.0y + 1.0x ) + 1.0y ) ) + 0.333333333333x )
Fitness = 17.2635134934
Worst Ind: ( ( ( 0.25x * 0.125y ) + ( ( 0.25y * 1.0y ) + ( 0.333333333333x + 0.25x ) ) ) + ( ( 0.166666666667y + ( ( ( 0.111111111111x + 0.2y ) * ( 0.25y + 0.333333333333y ) ) + 0.2y ) ) + 1.0x ) )
Fitness = 38.8685052242
Avg Fitness = 35.2712855638
Duplicated = 11
============================================================================
Evaluate Gen  26
New Population 432
Better than Dads 85
Best Ind: ( ( 1.0y * ( ( 1.0y + 1.0x ) + 1.0y ) ) + 0.333333333333x )
Fitness = 17.2635134934
Worst Ind: ( ( 0.125x + ( 0.111111111111y + ( 0.333333333333x + 0.2y ) ) ) * 1.0y )
Fitness = 38.144178429
Avg Fitness = 34.4004005067
Duplicated = 9
============================================================================
Evaluate Gen  27
New Population 423
Better than Dads 78
Best Ind: ( ( 1.0y * ( ( 1.0y + 1.0x ) + 1.0y ) ) + 0.333333333333x )
Fitness = 17.2635134934
Worst Ind: ( ( ( ( ( 0.111111111111x + 0.142857142857y ) + 0.25y ) + 1.0x ) * ( 0.1y + 0.5y ) ) + ( ( 0.25x * ( ( 0.166666666667y + 0.166666666667y ) * 0.1x ) ) + 0.125y ) )
Fitness = 37.4035003222
Avg Fitness = 33.536191653
Duplicated = 8
============================================================================
Evaluate Gen  28
New Population 421
Better than Dads 82
Best Ind: ( ( ( 1.0x + 0.5y ) + 0.5x ) * ( ( ( 0.25x * ( ( 0.166666666667y + 0.166666666667y ) * 0.1x ) ) + 1.0x ) + ( ( 0.166666666667y + 0.125y ) + ( 0.1y + ( ( 0.142857142857y + 0.111111111111x ) + ( 0.25x + 0.333333333333y ) ) ) ) ) )
Fitness = 13.3684453032
Worst Ind: ( ( 0.125y + ( 0.142857142857y + ( 0.2x * 0.2y ) ) ) + ( ( ( 0.2y + 1.0x ) * ( ( 0.111111111111y + 0.333333333333y ) + 0.333333333333y ) ) + 0.333333333333x ) )
Fitness = 36.717109399
Avg Fitness = 32.6854792503
Duplicated = 5
============================================================================
Evaluate Gen  29
New Population 424
Better than Dads 86
Best Ind: ( ( ( 1.0x + 0.5y ) + 0.5x ) * ( ( ( 0.25x * ( ( 0.166666666667y + 0.166666666667y ) * 0.1x ) ) + 1.0x ) + ( ( 0.166666666667y + 0.125y ) + ( 0.1y + ( ( 0.142857142857y + 0.111111111111x ) + ( 0.25x + 0.333333333333y ) ) ) ) ) )
Fitness = 13.3684453032
Worst Ind: ( 0.333333333333x + ( ( ( ( ( 1.0x * 0.333333333333y ) + 1.0x ) + 0.25x ) + 0.25y ) + ( 1.0y * ( 0.333333333333y + 0.166666666667x ) ) ) )
Fitness = 36.0101412906
Avg Fitness = 31.8504759601
Duplicated = 5
============================================================================
Evaluate Gen  30
New Population 424
Better than Dads 83
Best Ind: ( ( ( 1.0x + 0.5y ) + 0.5x ) * ( ( ( 0.25x * ( ( 0.166666666667y + 0.166666666667y ) * 0.1x ) ) + 1.0x ) + ( ( 0.166666666667y + 0.125y ) + ( 0.1y + ( ( 0.142857142857y + 0.111111111111x ) + ( 0.25x + 0.333333333333y ) ) ) ) ) )
Fitness = 13.3684453032
Worst Ind: ( 1.0y * ( ( 0.25y * 0.142857142857y ) + ( 0.1y + ( ( 0.142857142857y + 0.111111111111x ) + ( 0.111111111111x + 0.333333333333y ) ) ) ) )
Fitness = 35.0269651158
Avg Fitness = 31.0345508461
Duplicated = 5
============================================================================
Evaluate Gen  31
New Population 417
Better than Dads 84
Best Ind: ( ( ( 1.0x + 0.5y ) + 0.5x ) * ( ( ( 0.25x * ( ( 0.166666666667y + 0.166666666667y ) * 0.1x ) ) + 1.0x ) + ( ( 0.166666666667y + 0.125y ) + ( 0.1y + ( ( 0.142857142857y + 0.111111111111x ) + ( 0.25x + 0.333333333333y ) ) ) ) ) )
Fitness = 13.3684453032
Worst Ind: ( ( 1.0x * ( 0.333333333333y + ( ( 0.166666666667y + 0.2x ) + 0.333333333333y ) ) ) + ( ( ( ( 0.166666666667y + 0.25y ) * 0.166666666667y ) + ( ( 1.0x + 0.1y ) * 0.111111111111x ) ) + ( ( ( 0.1y * 0.333333333333y ) + ( ( 0.25y * 1.0x ) + 1.0x ) ) + ( 0.1x + ( ( 0.5x + 0.111111111111y ) + ( 0.142857142857x * 0.2y ) ) ) ) ) )
Fitness = 34.3827828817
Avg Fitness = 30.3281614215
Duplicated = 7
============================================================================
Evaluate Gen  32
New Population 429
Better than Dads 87
Best Ind: ( ( ( 1.0x + 0.5y ) + 0.5x ) * ( ( ( 0.25x * ( ( 0.166666666667y + 0.166666666667y ) * 0.1x ) ) + 1.0x ) + ( ( 0.166666666667y + 0.125y ) + ( 0.1y + ( ( 0.142857142857y + 0.111111111111x ) + ( 0.25x + 0.333333333333y ) ) ) ) ) )
Fitness = 13.3684453032
Worst Ind: ( ( ( 0.111111111111y + ( 0.166666666667y + 1.0x ) ) * 0.5y ) + ( ( 0.25y + ( 0.142857142857y + ( 1.0y + 0.25y ) ) ) * ( ( 0.333333333333x + 0.125x ) + ( 1.0y * ( 0.166666666667x + 0.166666666667x ) ) ) ) )
Fitness = 33.6765942608
Avg Fitness = 29.3503849037
Duplicated = 5
============================================================================
Evaluate Gen  33
New Population 428
Better than Dads 84
Best Ind: ( ( ( 1.0x + 0.5y ) + 0.5x ) * ( ( ( 0.25x * ( ( 0.166666666667y + 0.166666666667y ) * 0.1x ) ) + 1.0x ) + ( ( 0.166666666667y + 0.125y ) + ( 0.1y + ( ( 0.142857142857y + 0.111111111111x ) + ( 0.25x + 0.333333333333y ) ) ) ) ) )
Fitness = 13.3684453032
Worst Ind: ( ( ( 0.142857142857x + ( 0.5y * 1.0y ) ) + ( ( 0.5y * 0.333333333333x ) + 0.333333333333y ) ) + ( ( ( 0.2y + 1.0x ) * ( ( 0.111111111111y + 0.333333333333y ) + 0.333333333333y ) ) + ( ( 0.25x * 1.0x ) + ( ( 0.125y + 0.142857142857x ) + ( 0.2x + 1.0x ) ) ) ) )
Fitness = 32.8012102684
Avg Fitness = 28.3741274975
Duplicated = 8
============================================================================
Evaluate Gen  34
New Population 427
Better than Dads 86
Best Ind: ( ( ( 1.0x + 0.5y ) + 0.5x ) * ( ( ( 0.25x * ( ( 0.166666666667y + 0.166666666667y ) * 0.1x ) ) + 1.0x ) + ( ( 0.166666666667y + 0.125y ) + ( 0.1y + ( ( 0.142857142857y + 0.111111111111x ) + ( 0.25x + 0.333333333333y ) ) ) ) ) )
Fitness = 13.3684453032
Worst Ind: ( ( 0.25y + 0.5x ) * ( ( ( 0.25x * ( ( 1.0y + 0.166666666667y ) * 0.1x ) ) + 1.0x ) + ( ( 0.166666666667y + 0.125y ) + ( 0.1y + ( ( 0.142857142857y + 0.111111111111x ) + ( 0.25x + 0.333333333333y ) ) ) ) ) )
Fitness = 31.9348554636
Avg Fitness = 27.400426516
Duplicated = 7
============================================================================
Evaluate Gen  35
New Population 424
Better than Dads 86
Best Ind: ( ( ( 1.0x + 0.5y ) + 0.5x ) * ( ( ( 0.25x * ( ( 0.166666666667y + 0.166666666667y ) * 0.1x ) ) + 1.0x ) + ( ( 0.166666666667y + 0.125y ) + ( 0.1y + ( ( 0.142857142857y + 0.111111111111x ) + ( 0.25x + 0.333333333333y ) ) ) ) ) )
Fitness = 13.3684453032
Worst Ind: ( ( 0.166666666667y + ( 0.333333333333x * ( ( 1.0x + ( 0.142857142857y + 1.0x ) ) + 1.0y ) ) ) + ( 0.25y + ( ( ( 0.5y + 0.333333333333x ) * ( 0.5x + ( 0.25x + 0.25x ) ) ) + ( 0.25x * ( 0.5y + ( 0.1y * 1.0y ) ) ) ) ) )
Fitness = 30.986532687
Avg Fitness = 26.7107425767
Duplicated = 12
============================================================================
Evaluate Gen  36
New Population 426
Better than Dads 91
Best Ind: ( ( ( 1.0x + 0.5y ) + 0.5x ) * ( ( ( 0.25x * ( ( 0.166666666667y + 0.166666666667y ) * 0.1x ) ) + 1.0x ) + ( ( 0.166666666667y + 0.125y ) + ( 0.1y + ( ( 0.142857142857y + 0.111111111111x ) + ( 0.25x + 0.333333333333y ) ) ) ) ) )
Fitness = 13.3684453032
Worst Ind: ( ( ( 1.0x + ( 0.142857142857x + 0.166666666667y ) ) * ( 0.25x + ( ( 0.166666666667y + 0.2x ) + 0.333333333333y ) ) ) + ( ( 0.166666666667y + ( 0.333333333333y * 0.111111111111x ) ) + ( ( ( 0.5y + 0.111111111111y ) * 1.0x ) + ( 0.25y * 0.166666666667y ) ) ) )
Fitness = 29.9052095294
Avg Fitness = 25.7137669962
Duplicated = 11
============================================================================
Evaluate Gen  37
New Population 427
Better than Dads 86
Best Ind: ( ( ( 0.333333333333x + ( 0.333333333333y + 1.0x ) ) * ( ( ( ( 0.111111111111x + 0.5x ) + 0.142857142857y ) + 0.333333333333y ) + ( ( ( 0.5x + 0.5x ) + 0.333333333333y ) + 0.142857142857y ) ) ) + ( 0.166666666667y + ( ( ( ( 0.142857142857y + 0.25x ) + 0.2x ) + 0.25y ) * ( ( 0.111111111111x + 0.2y ) + 1.0x ) ) ) )
Fitness = 12.7020880857
Worst Ind: ( ( ( ( ( 0.333333333333y + ( 0.2y + 0.2y ) ) + ( 0.166666666667x + 0.5x ) ) + 0.25x ) * ( 1.0x + 0.25y ) ) + ( 0.125y * ( ( 0.125y * ( ( 0.111111111111x + 0.125y ) + 0.5y ) ) + 0.333333333333x ) ) )
Fitness = 28.909247008
Avg Fitness = 24.7478579663
Duplicated = 12
============================================================================
Evaluate Gen  38
New Population 431
Better than Dads 84
Best Ind: ( ( ( 0.333333333333x + ( 0.333333333333y + 1.0x ) ) * ( ( ( ( 0.111111111111x + 0.5x ) + 0.142857142857y ) + 0.333333333333y ) + ( ( ( 0.5x + 0.5x ) + 0.333333333333y ) + 0.142857142857y ) ) ) + ( 0.166666666667y + ( ( ( ( 0.142857142857y + 0.25x ) + 0.2x ) + 0.25y ) * ( ( 0.111111111111x + 0.2y ) + 1.0x ) ) ) )
Fitness = 12.7020880857
Worst Ind: ( ( ( ( 0.333333333333y + 0.25x ) + ( 0.111111111111x + 0.333333333333y ) ) * ( 0.5x + 1.0y ) ) + 0.333333333333x )
Fitness = 27.8354106093
Avg Fitness = 23.8425328315
Duplicated = 15
============================================================================
Evaluate Gen  39
New Population 420
Better than Dads 79
Best Ind: ( ( 1.0x + ( ( 1.0y + ( 0.111111111111x + 0.142857142857x ) ) + 0.2y ) ) * ( ( 1.0x + ( 0.25y + 0.5x ) ) + 0.5y ) )
Fitness = 10.9369864682
Worst Ind: ( ( 0.125y * 0.5y ) + ( ( ( 1.0y + 1.0y ) * ( ( 0.166666666667y + 0.2x ) + 0.333333333333y ) ) + 1.0x ) )
Fitness = 27.2230892799
Avg Fitness = 22.8856746594
Duplicated = 14
============================================================================
Evaluate Gen  40
New Population 425
Better than Dads 84
Best Ind: ( ( 1.0x + ( ( 1.0y + ( 0.111111111111x + 0.142857142857x ) ) + 0.2y ) ) * ( ( 1.0x + ( 0.25y + 0.5x ) ) + 0.5y ) )
Fitness = 10.9369864682
Worst Ind: ( 1.0y * ( ( ( 0.25y + 0.5y ) + ( ( 0.5y * ( 0.333333333333y + 0.125x ) ) + 0.2y ) ) + ( 0.1y + ( ( 0.142857142857y + 0.111111111111x ) + ( 0.111111111111x + 0.333333333333y ) ) ) ) )
Fitness = 26.3187553894
Avg Fitness = 21.9795379928
Duplicated = 10
============================================================================
Evaluate Gen  41
New Population 423
Better than Dads 80
Best Ind: ( ( 1.0x + ( ( 1.0y + ( 0.111111111111x + 0.142857142857x ) ) + 0.2y ) ) * ( ( 1.0x + ( 0.25y + 0.5x ) ) + 0.5y ) )
Fitness = 10.9369864682
Worst Ind: ( ( 0.166666666667y + ( ( ( 0.111111111111x + 0.125y ) + ( ( 1.0x + 0.111111111111x ) + 0.25y ) ) + 0.166666666667x ) ) * 1.0y )
Fitness = 25.3747819927
Avg Fitness = 21.0961393355
Duplicated = 8
============================================================================
Evaluate Gen  42
New Population 424
Better than Dads 85
Best Ind: ( ( 1.0x + ( ( 1.0y + ( 0.111111111111x + 0.142857142857x ) ) + 0.2y ) ) * ( ( 1.0x + ( 0.25y + 0.5x ) ) + 0.5y ) )
Fitness = 10.9369864682
Worst Ind: ( ( ( 0.5x + 0.111111111111y ) + ( 0.142857142857x * 0.2y ) ) + ( ( ( 1.0x + 0.1y ) * ( 1.0x + ( ( 1.0x + 0.1y ) + ( 0.5x + 0.142857142857y ) ) ) ) + ( 0.25x * 0.5y ) ) )
Fitness = 24.5397529638
Avg Fitness = 20.2745772341
Duplicated = 7
============================================================================
Evaluate Gen  43
New Population 432
Better than Dads 91
Best Ind: ( ( ( 0.25x + ( 1.0x + 0.25y ) ) * ( 1.0y + ( ( 0.166666666667y + ( 0.5x + 1.0y ) ) + 0.2y ) ) ) + ( ( ( ( 0.5y + 0.142857142857y ) + 1.0x ) * ( 0.5x + ( ( 1.0x + 0.2x ) * 0.111111111111x ) ) ) + 0.125x ) )
Fitness = 10.8606793929
Worst Ind: ( ( ( 1.0x + 0.111111111111x ) + 0.25y ) * ( 1.0x + 1.0y ) )
Fitness = 23.5729435006
Avg Fitness = 19.3297461245
Duplicated = 7
============================================================================
Evaluate Gen  44
New Population 418
Better than Dads 79
Best Ind: ( ( ( 0.25x + ( 1.0x + 0.25y ) ) * ( 1.0y + ( ( 0.166666666667y + ( 0.5x + 1.0y ) ) + 0.2y ) ) ) + ( ( ( ( 0.5y + 0.142857142857y ) + 1.0x ) * ( 0.5x + ( ( 1.0x + 0.2x ) * 0.111111111111x ) ) ) + 0.125x ) )
Fitness = 10.8606793929
Worst Ind: ( ( 0.333333333333x + ( ( 0.333333333333y + ( 0.111111111111y + 0.25y ) ) + 0.2x ) ) * ( ( 1.0x + ( 1.0x + ( 0.2y * ( 0.166666666667x + 0.5x ) ) ) ) + 0.333333333333y ) )
Fitness = 22.4856092553
Avg Fitness = 18.5411075035
Duplicated = 8
============================================================================
Evaluate Gen  45
New Population 435
Better than Dads 83
Best Ind: ( ( ( 1.0y + 0.111111111111y ) + ( ( 0.333333333333y + ( 0.111111111111y + 0.25y ) ) + 0.333333333333y ) ) * ( ( 1.0x + ( 1.0x + ( 0.2y * ( 0.166666666667x + 0.5x ) ) ) ) + 0.333333333333y ) )
Fitness = 10.1790754099
Worst Ind: ( ( 1.0x + 0.2y ) * ( ( 1.0x + ( 1.0x + 0.25y ) ) + ( ( 0.5y + ( 1.0y * 0.5x ) ) + ( ( 1.0x * 0.142857142857y ) * ( 0.142857142857x * 0.125x ) ) ) ) )
Fitness = 21.3192628379
Avg Fitness = 17.6214048558
Duplicated = 9
============================================================================
Evaluate Gen  46
New Population 421
Better than Dads 81
Best Ind: ( ( ( 1.0y + 0.111111111111y ) + ( ( 0.333333333333y + ( 0.111111111111y + 0.25y ) ) + 0.333333333333y ) ) * ( ( 1.0x + ( 1.0x + ( 0.2y * ( 0.166666666667x + 0.5x ) ) ) ) + 0.333333333333y ) )
Fitness = 10.1790754099
Worst Ind: ( ( 1.0x * ( 1.0x + ( 0.333333333333y + ( 1.0y + 0.333333333333x ) ) ) ) + ( ( ( ( 0.333333333333y + ( 0.2y * 0.111111111111y ) ) * 0.2y ) + ( ( 0.111111111111y + ( 1.0y * 0.5x ) ) + ( ( 0.25y * 0.142857142857y ) * ( 0.142857142857x * 0.125x ) ) ) ) + ( ( ( 0.25x * 0.166666666667x ) + ( 0.166666666667y * 0.166666666667y ) ) + ( ( 0.1y + 0.2y ) * 0.25x ) ) ) )
Fitness = 20.2750516021
Avg Fitness = 16.8811730048
Duplicated = 14
============================================================================
Evaluate Gen  47
New Population 428
Better than Dads 83
Best Ind: ( ( ( 1.0y + 0.111111111111y ) + ( ( 0.333333333333y + ( 0.111111111111y + 0.25y ) ) + 0.333333333333y ) ) * ( ( 1.0x + ( 1.0x + ( 0.2y * ( 0.166666666667x + 0.5x ) ) ) ) + 0.333333333333y ) )
Fitness = 10.1790754099
Worst Ind: ( ( ( ( ( 0.5x + 0.111111111111y ) + ( 1.0y * 0.2y ) ) + 0.111111111111y ) + ( 0.142857142857x * 0.2y ) ) + ( ( ( 1.0x + 0.1y ) * ( 1.0x + ( ( 1.0y + 0.5x ) + ( 0.5x + 0.142857142857y ) ) ) ) + ( 0.25x * 0.5y ) ) )
Fitness = 19.3519998755
Avg Fitness = 16.1325144273
Duplicated = 13
============================================================================
Evaluate Gen  48
New Population 430
Better than Dads 87
Best Ind: ( ( ( 1.0y + 0.111111111111y ) + ( ( 0.333333333333y + ( 0.111111111111y + 0.25y ) ) + 0.333333333333y ) ) * ( ( 1.0x + ( 1.0x + ( 0.2y * ( 0.166666666667x + 0.5x ) ) ) ) + 0.333333333333y ) )
Fitness = 10.1790754099
Worst Ind: ( ( ( ( 0.111111111111x + 0.2y ) + ( ( 1.0y + 0.166666666667x ) + 0.111111111111x ) ) * ( 0.5x + 1.0y ) ) + ( 0.25y + ( ( ( 0.142857142857y + 0.166666666667x ) * 0.333333333333y ) + ( 0.333333333333x * 1.0y ) ) ) )
Fitness = 18.3565556047
Avg Fitness = 15.4910079045
Duplicated = 10
============================================================================
Evaluate Gen  49
New Population 425
Better than Dads 84
Best Ind: ( ( ( 1.0y + 0.111111111111y ) + ( ( 0.333333333333y + ( 0.111111111111y + 0.25y ) ) + 0.333333333333y ) ) * ( ( 1.0x + ( 1.0x + ( 0.2y * ( 0.166666666667x + 0.5x ) ) ) ) + 0.333333333333y ) )
Fitness = 10.1790754099
Worst Ind: ( ( ( ( ( 0.5y + ( 0.5x + 0.2y ) ) + 0.166666666667y ) + 0.166666666667y ) + ( 1.0y + ( 0.142857142857x + ( 0.166666666667x + ( 0.1x + 0.111111111111y ) ) ) ) ) * ( ( ( 0.333333333333y * 0.111111111111x ) + 1.0y ) + 1.0y ) )
Fitness = 17.6816187222
Avg Fitness = 14.9112633702
Duplicated = 10
============================================================================
Evaluate Gen  50
New Population 425
Better than Dads 87
Best Ind: ( ( ( 1.0y + 0.111111111111y ) + ( ( 0.333333333333y + ( 0.111111111111y + 0.25y ) ) + 0.333333333333y ) ) * ( ( 1.0x + ( 1.0x + ( 0.2y * ( 0.166666666667x + 0.5x ) ) ) ) + 0.333333333333y ) )
Fitness = 10.1790754099
Worst Ind: ( ( ( ( 0.5y * ( 0.5x + 0.111111111111y ) ) + ( 1.0x * 1.0y ) ) + ( ( 1.0y + ( 0.142857142857x + 0.166666666667y ) ) * ( 0.25x + ( 0.166666666667x + 1.0y ) ) ) ) + ( ( 0.5x + 0.111111111111y ) + ( 0.333333333333y * 0.2y ) ) )
Fitness = 16.942885053
Avg Fitness = 14.3697115899
Duplicated = 12
============================================================================
Evaluate Gen  51
New Population 427
Better than Dads 94
Best Ind: ( ( ( 1.0y + 0.111111111111y ) + ( ( 0.333333333333y + ( 0.111111111111y + 0.25y ) ) + 0.333333333333y ) ) * ( ( 1.0x + ( 1.0x + ( 0.2y * ( 0.166666666667x + 0.5x ) ) ) ) + 0.333333333333y ) )
Fitness = 10.1790754099
Worst Ind: ( ( ( 0.25y + ( 0.333333333333y + 1.0y ) ) * ( 0.5y + ( ( 0.5y + ( 0.25y + 0.1x ) ) + 0.2y ) ) ) + ( ( ( 1.0x + 1.0x ) * ( 0.5x + ( ( 1.0x + 0.2x ) * 0.111111111111x ) ) ) + 0.125x ) )
Fitness = 16.1650584542
Avg Fitness = 13.9761531499
Duplicated = 11
============================================================================
Evaluate Gen  52
New Population 426
Better than Dads 87
Best Ind: ( ( ( 1.0y + 0.111111111111y ) + ( ( 0.333333333333y + ( 0.111111111111y + 0.25y ) ) + 0.333333333333y ) ) * ( ( 1.0x + ( 1.0x + ( 0.2y * ( 0.166666666667x + 0.5x ) ) ) ) + 0.333333333333y ) )
Fitness = 10.1790754099
Worst Ind: ( ( 0.166666666667y + ( ( 0.25y + ( 1.0y + 0.333333333333x ) ) + ( ( 0.25y + 0.25x ) + 1.0x ) ) ) * 1.0y )
Fitness = 15.6628794173
Avg Fitness = 13.6266398336
Duplicated = 9
============================================================================
Evaluate Gen  53
New Population 434
Better than Dads 96
Best Ind: ( ( ( 0.25x + 1.0x ) + 0.25y ) * ( ( 0.1x + ( 1.0y + 1.0y ) ) + ( 0.5y + ( ( 0.5y + ( 0.25y + 0.1x ) ) + 0.2y ) ) ) )
Fitness = 10.0909841032
Worst Ind: ( ( ( ( ( ( 1.0x + 0.25y ) + 1.0x ) + ( 0.166666666667x + ( 0.166666666667y + 0.125y ) ) ) + 0.2y ) * ( 1.0x + ( 1.0x + 0.25y ) ) ) + ( ( ( ( 0.166666666667y + 0.25y ) * 0.166666666667y ) + ( 0.333333333333y * 0.111111111111x ) ) + ( 0.25y + ( 0.125y + ( 0.333333333333x * 1.0y ) ) ) ) )
Fitness = 15.1617517925
Avg Fitness = 13.2552285584
Duplicated = 11
============================================================================
Evaluate Gen  54
New Population 427
Better than Dads 85
Best Ind: ( ( ( 0.25x + 1.0x ) + 0.25y ) * ( ( 0.1x + ( 1.0y + 1.0y ) ) + ( 0.5y + ( ( 0.5y + ( 0.25y + 0.1x ) ) + 0.2y ) ) ) )
Fitness = 10.0909841032
Worst Ind: ( ( 1.0x + 0.25y ) * ( ( ( ( 0.333333333333x + 0.125y ) + 1.0y ) + 1.0y ) + ( 0.333333333333y + ( 0.2y * ( ( 1.0y + 0.166666666667y ) * 0.1x ) ) ) ) )
Fitness = 14.5654675609
Avg Fitness = 12.8899821802
Duplicated = 10
============================================================================
Evaluate Gen  55
New Population 429
Better than Dads 93
Best Ind: ( ( ( 0.25x + 1.0x ) + 0.25y ) * ( ( 0.1x + ( 1.0y + 1.0y ) ) + ( 0.5y + ( ( 0.5y + ( 0.25y + 0.1x ) ) + 0.2y ) ) ) )
Fitness = 10.0909841032
Worst Ind: ( ( ( ( 0.5x + 0.111111111111y ) + ( 0.1x * ( 0.125x * ( 1.0x + 0.125y ) ) ) ) + 1.0y ) * ( ( 1.0x + ( 1.0x + 0.25y ) ) + ( ( 0.5x + ( 1.0y * 0.5x ) ) + ( ( 1.0x * 0.142857142857y ) * ( 0.142857142857x * 0.125x ) ) ) ) )
Fitness = 14.097455556
Avg Fitness = 12.6321373737
Duplicated = 12
============================================================================
Evaluate Gen  56
New Population 427
Better than Dads 91
Best Ind: ( ( ( 0.25x + 1.0x ) + 0.25y ) * ( ( 0.1x + ( 1.0y + 1.0y ) ) + ( 0.5y + ( ( 0.5y + ( 0.25y + 0.1x ) ) + 0.2y ) ) ) )
Fitness = 10.0909841032
Worst Ind: ( ( ( 0.25y + ( 1.0x + 0.2x ) ) + 1.0x ) * ( 1.0y + ( ( ( ( 0.2x * 0.2x ) * ( 0.333333333333x * 0.333333333333x ) ) + 1.0x ) + ( 0.25x * ( 0.333333333333x + 0.25y ) ) ) ) )
Fitness = 13.6960025297
Avg Fitness = 12.3862194915
Duplicated = 10
============================================================================
Evaluate Gen  57
New Population 430
Better than Dads 103
Best Ind: ( ( ( 0.25x + 1.0x ) + 0.25y ) * ( ( 0.1x + ( 1.0y + 1.0y ) ) + ( 0.5y + ( ( 0.5y + ( 0.25y + 0.1x ) ) + 0.2y ) ) ) )
Fitness = 10.0909841032
Worst Ind: ( ( 1.0x + 0.333333333333y ) * ( ( 1.0x + ( 1.0x + 1.0x ) ) + ( ( 0.5y + ( 1.0y * 0.5x ) ) + ( ( 1.0y + ( 0.111111111111x + 0.142857142857x ) ) + ( 0.5x + ( 0.142857142857y + 0.333333333333x ) ) ) ) ) )
Fitness = 13.3298565457
Avg Fitness = 12.2124129155
Duplicated = 7
============================================================================
Evaluate Gen  58
New Population 434
Better than Dads 105
Best Ind: ( ( ( 0.25x + 1.0x ) + 0.25y ) * ( ( 0.1x + ( 1.0y + 1.0y ) ) + ( 0.5y + ( ( 0.5y + ( 0.25y + 0.1x ) ) + 0.2y ) ) ) )
Fitness = 10.0909841032
Worst Ind: ( 1.0y * ( ( ( ( 0.25x + 1.0y ) + 0.5y ) + 1.0y ) + ( 0.333333333333x + ( 0.333333333333y + 1.0x ) ) ) )
Fitness = 13.0903563624
Avg Fitness = 12.0621010624
Duplicated = 9
============================================================================
Evaluate Gen  59
New Population 423
Better than Dads 100
Best Ind: ( ( ( 0.25x + 1.0x ) + 0.25y ) * ( ( 0.1x + ( 1.0y + 1.0y ) ) + ( 0.5y + ( ( 0.5y + ( 0.25y + 0.1x ) ) + 0.2y ) ) ) )
Fitness = 10.0909841032
Worst Ind: ( ( ( 1.0y + ( 0.333333333333y + 1.0x ) ) * ( ( ( ( 0.111111111111x + 0.5x ) + 0.2y ) + 0.333333333333y ) + ( ( ( 0.5x + 0.5x ) + 0.333333333333y ) + 0.142857142857y ) ) ) + ( 0.166666666667y + ( ( ( ( 0.142857142857y + 0.25x ) + 0.2x ) + 0.25y ) * ( ( 0.111111111111x + 0.2y ) + 1.0x ) ) ) )
Fitness = 12.9175303365
Avg Fitness = 11.9215927529
Duplicated = 11
============================================================================
Evaluate Gen  60
New Population 432
Better than Dads 113
Best Ind: ( ( ( 0.25x + 1.0x ) + 0.25y ) * ( ( 0.1x + ( 1.0y + 1.0y ) ) + ( 0.5y + ( ( 0.5y + ( 0.25y + 0.1x ) ) + 0.2y ) ) ) )
Fitness = 10.0909841032
Worst Ind: ( ( ( 0.142857142857x + 1.0x ) + ( ( 1.0y + 0.333333333333x ) + ( 0.25x + ( 0.333333333333y + 1.0y ) ) ) ) * 1.0y )
Fitness = 12.7117496462
Avg Fitness = 11.8153772626
Duplicated = 17
============================================================================
Evaluate Gen  61
New Population 430
Better than Dads 106
Best Ind: ( ( ( 0.25x + 1.0x ) + 0.25y ) * ( ( 0.1x + ( 1.0y + 1.0y ) ) + ( 0.5y + ( ( 0.5y + ( 0.25y + 0.1x ) ) + 0.2y ) ) ) )
Fitness = 10.0909841032
Worst Ind: ( ( 1.0x + ( ( 1.0x + 0.1y ) + 1.0y ) ) * ( 1.0x + ( ( ( 0.25x + 0.1y ) + 1.0y ) + ( 0.1y * ( 0.142857142857x * 0.125x ) ) ) ) )
Fitness = 12.5850231781
Avg Fitness = 11.7016696066
Duplicated = 16
============================================================================
Evaluate Gen  62
New Population 429
Better than Dads 103
Best Ind: ( ( ( 0.25x + 1.0x ) + 0.25y ) * ( ( 0.1x + ( 1.0y + 1.0y ) ) + ( 0.5y + ( ( 0.5y + ( 0.25y + 0.1x ) ) + 0.2y ) ) ) )
Fitness = 10.0909841032
Worst Ind: ( ( 0.166666666667x + 1.0y ) * ( ( 0.333333333333x + 1.0y ) + ( ( 1.0x + 0.25y ) + ( 0.142857142857y + 1.0y ) ) ) )
Fitness = 12.3678079553
Avg Fitness = 11.6035687163
Duplicated = 21
============================================================================
Evaluate Gen  63
New Population 417
Better than Dads 106
Best Ind: ( ( ( 0.25x + 1.0x ) + 0.25y ) * ( ( 0.1x + ( 1.0y + 1.0y ) ) + ( 0.5y + ( ( 0.5y + ( 0.25y + 0.1x ) ) + 0.2y ) ) ) )
Fitness = 10.0909841032
Worst Ind: ( ( ( ( ( 1.0y + 0.166666666667x ) + 0.25y ) + ( 0.25x + ( ( 0.166666666667x * 0.5y ) + 0.2y ) ) ) + ( 0.142857142857y + 0.333333333333x ) ) * ( ( 0.5x + 0.5y ) + ( ( ( 0.25x + 0.1y ) + 1.0y ) + ( 0.1y * 0.1x ) ) ) )
Fitness = 12.2633586514
Avg Fitness = 11.5482686006
Duplicated = 23
============================================================================
Evaluate Gen  64
New Population 431
Better than Dads 102
Best Ind: ( ( ( 0.25x + 1.0x ) + 0.25y ) * ( ( 0.1x + ( 1.0y + 1.0y ) ) + ( 0.5y + ( ( 0.5y + ( 0.25y + 0.1x ) ) + 0.2y ) ) ) )
Fitness = 10.0909841032
Worst Ind: ( ( ( ( ( 0.333333333333y + ( 0.2y + 0.2y ) ) + 1.0y ) + 0.25x ) * ( ( 0.333333333333x + ( 0.333333333333y + 1.0x ) ) + 0.25y ) ) + ( 0.5y * ( ( 0.111111111111x + 0.125y ) + 0.333333333333x ) ) )
Fitness = 12.1436561905
Avg Fitness = 11.4753984254
Duplicated = 30
============================================================================
Evaluate Gen  65
New Population 427
Better than Dads 107
Best Ind: ( ( ( 0.25x + 1.0x ) + 0.25y ) * ( ( 0.1x + ( 1.0y + 1.0y ) ) + ( 0.5y + ( ( 0.5y + ( 0.25y + 0.1x ) ) + 0.2y ) ) ) )
Fitness = 10.0909841032
Worst Ind: ( ( ( ( 0.5x + 0.111111111111y ) + ( 0.1x * ( 0.111111111111x * ( 0.25x + 0.125y ) ) ) ) + ( 1.0y + ( ( 0.111111111111x * 0.25x ) + 0.333333333333y ) ) ) * ( ( 1.0x + ( 1.0x + 0.25y ) ) + ( ( 0.5x + ( 1.0y * 0.5x ) ) + ( ( 1.0x * 0.142857142857y ) * ( 0.142857142857x * 0.125x ) ) ) ) )
Fitness = 12.0776738707
Avg Fitness = 11.420722766
Duplicated = 30
============================================================================
Evaluate Gen  66
New Population 422
Better than Dads 110
Best Ind: ( ( ( 0.25x + 1.0x ) + 0.25y ) * ( ( 0.1x + ( 1.0y + 1.0y ) ) + ( 0.5y + ( ( 0.5y + ( 0.25y + 0.1x ) ) + 0.2y ) ) ) )
Fitness = 10.0909841032
Worst Ind: ( ( ( 0.5y + ( ( ( 0.111111111111x + 0.142857142857y ) + ( 0.166666666667x + 0.25y ) ) + 0.5x ) ) + 1.0x ) * ( 0.333333333333x + ( ( ( 1.0x + 0.2y ) + 0.333333333333y ) + 0.5x ) ) )
Fitness = 11.952769679
Avg Fitness = 11.3763050589
Duplicated = 33
============================================================================
Evaluate Gen  67
New Population 432
Better than Dads 108
Best Ind: ( ( ( 0.25x + 1.0x ) + 0.25y ) * ( ( 0.1x + ( 1.0y + 1.0y ) ) + ( 0.5y + ( ( 0.5y + ( 0.25y + 0.1x ) ) + 0.2y ) ) ) )
Fitness = 10.0909841032
Worst Ind: ( ( ( ( 0.5x + ( 0.333333333333x + 0.25y ) ) + ( ( 0.25x + 0.25y ) + 0.111111111111y ) ) * ( ( 0.111111111111y + ( 0.166666666667y + 1.0x ) ) + 1.0x ) ) + ( 1.0y * ( ( ( 0.125y + 0.25y ) + 0.5x ) + 0.142857142857x ) ) )
Fitness = 11.8517344338
Avg Fitness = 11.3175379029
Duplicated = 34
============================================================================
Evaluate Gen  68
New Population 424
Better than Dads 106
Best Ind: ( ( ( 0.25x + 1.0x ) + 0.25y ) * ( ( 0.1x + ( 1.0y + 1.0y ) ) + ( 0.5y + ( ( 0.5y + ( 0.25y + 0.1x ) ) + 0.2y ) ) ) )
Fitness = 10.0909841032
Worst Ind: ( ( 1.0x + ( ( 1.0y + ( 1.0y + 0.5x ) ) + ( ( 0.142857142857y + 0.333333333333x ) + ( 1.0y + ( 0.166666666667x + 1.0x ) ) ) ) ) * ( 0.5y + 0.25y ) )
Fitness = 11.7662214809
Avg Fitness = 11.2762154693
Duplicated = 35
============================================================================
Evaluate Gen  69
New Population 423
Better than Dads 103
Best Ind: ( ( ( 0.25x + 1.0x ) + 0.25y ) * ( ( 0.1x + ( 1.0y + 1.0y ) ) + ( 0.5y + ( ( 0.5y + ( 0.25y + 0.1x ) ) + 0.2y ) ) ) )
Fitness = 10.0909841032
Worst Ind: ( ( ( 0.111111111111x + ( 0.5x + 1.0y ) ) * 1.0y ) + ( ( ( ( 0.5y + 0.142857142857y ) + 1.0x ) * ( 1.0y + ( 0.142857142857y + 1.0y ) ) ) + 0.125x ) )
Fitness = 11.6960502221
Avg Fitness = 11.2278777522
Duplicated = 35
============================================================================
Evaluate Gen  70
New Population 426
Better than Dads 111
Best Ind: ( ( ( 0.25x + 1.0x ) + 0.25y ) * ( ( 0.1x + ( 1.0y + 1.0y ) ) + ( 0.5y + ( ( 0.5y + ( 0.25y + 0.1x ) ) + 0.2y ) ) ) )
Fitness = 10.0909841032
Worst Ind: ( ( ( ( ( 0.333333333333y * 0.111111111111x ) + 1.0y ) + 1.0y ) * ( 0.5y + ( ( 1.0x + ( 0.111111111111y + 0.25y ) ) + 0.2y ) ) ) + ( ( ( ( 0.5y + 0.142857142857y ) + 1.0x ) * ( 0.5x + ( ( 1.0x + 0.2x ) * 0.111111111111x ) ) ) + 0.125x ) )
Fitness = 11.6077942637
Avg Fitness = 11.1896024145
Duplicated = 32
============================================================================
Evaluate Gen  71
New Population 429
Better than Dads 113
Best Ind: ( ( ( 0.25x + 1.0x ) + 0.25y ) * ( ( 0.1x + ( 1.0y + 1.0y ) ) + ( 0.5y + ( ( 0.5y + ( 0.25y + 0.1x ) ) + 0.2y ) ) ) )
Fitness = 10.0909841032
Worst Ind: ( ( 1.0y * ( ( 0.5x + ( 1.0y + 0.111111111111y ) ) + ( 0.142857142857x * 0.2y ) ) ) + ( ( ( 1.0y * ( ( 0.111111111111y + 0.333333333333x ) + 1.0x ) ) + ( ( ( 0.333333333333x + 1.0y ) + 0.333333333333x ) * ( ( 0.25y + 0.5x ) + 0.142857142857y ) ) ) + 0.125x ) )
Fitness = 11.5341466579
Avg Fitness = 11.1542652832
Duplicated = 34
============================================================================
Evaluate Gen  72
New Population 428
Better than Dads 109
Best Ind: ( ( 1.0y + 0.2y ) * ( ( 1.0x + ( 1.0x + ( 1.0x + 0.25y ) ) ) + ( 1.0x + 0.25y ) ) )
Fitness = 9.79507530958
Worst Ind: ( ( ( 1.0x + 0.5y ) + 0.5x ) * ( ( ( 0.111111111111x + 1.0y ) + 1.0x ) + ( ( 0.166666666667y + 0.125y ) + ( 0.1y + ( ( 0.142857142857y + 0.111111111111x ) + ( 0.25x + 0.333333333333y ) ) ) ) ) )
Fitness = 11.4795514424
Avg Fitness = 11.107634397
Duplicated = 33
============================================================================
Evaluate Gen  73
New Population 425
Better than Dads 108
Best Ind: ( ( 1.0y + 0.2y ) * ( ( 1.0x + ( 1.0x + ( 1.0x + 0.25y ) ) ) + ( 1.0x + 0.25y ) ) )
Fitness = 9.79507530958
Worst Ind: ( ( ( 0.333333333333x + ( 0.333333333333y + 1.0x ) ) * ( ( 0.1y + 1.0y ) + ( ( ( 0.5x + 0.5x ) + 0.333333333333y ) + 0.142857142857y ) ) ) + ( 0.166666666667y + ( ( ( ( 0.142857142857y + 0.25x ) + 0.2x ) + 0.25y ) * ( ( 0.111111111111x + 0.2y ) + 1.0x ) ) ) )
Fitness = 11.4309834937
Avg Fitness = 11.0825405724
Duplicated = 34
============================================================================
Evaluate Gen  74
New Population 434
Better than Dads 119
Best Ind: ( ( 1.0y + 0.2y ) * ( ( 1.0x + ( 1.0x + ( 1.0x + 0.25y ) ) ) + ( 1.0x + 0.25y ) ) )
Fitness = 9.79507530958
Worst Ind: ( ( ( ( ( 0.333333333333x * 1.0x ) + ( ( 0.125y + 0.142857142857x ) + 0.5x ) ) + ( 0.25y + 0.1x ) ) + 0.5x ) * ( ( ( 0.25x * ( ( 1.0y + 0.5x ) * 0.1x ) ) + 1.0x ) + ( ( 0.5y + 0.25y ) + ( 0.1y + ( ( 0.142857142857y + 0.111111111111x ) + 1.0y ) ) ) ) )
Fitness = 11.3773995985
Avg Fitness = 11.0566222491
Duplicated = 33
============================================================================
Evaluate Gen  75
New Population 433
Better than Dads 119
Best Ind: ( ( 1.0y + 0.2y ) * ( ( 1.0x + ( 1.0x + ( 1.0x + 0.25y ) ) ) + ( 1.0x + 0.25y ) ) )
Fitness = 9.79507530958
Worst Ind: ( ( ( ( ( 0.333333333333y * 0.111111111111x ) + ( ( 0.142857142857y + 0.111111111111x ) + 1.0x ) ) + 1.0y ) * ( 0.5y + ( ( 1.0x + ( 0.25x + 0.25y ) ) + 0.2y ) ) ) + ( ( ( ( 0.5y + 0.142857142857y ) + 1.0x ) * ( 0.5x + ( ( 1.0x + 0.2x ) * 0.111111111111x ) ) ) + 0.125x ) )
Fitness = 11.3497589763
Avg Fitness = 11.0335758758
Duplicated = 29
============================================================================
Evaluate Gen  76
New Population 427
Better than Dads 108
Best Ind: ( ( 1.0y + 0.2y ) * ( ( 1.0x + ( 1.0x + ( 1.0x + 0.25y ) ) ) + ( 1.0x + 0.25y ) ) )
Fitness = 9.79507530958
Worst Ind: ( ( ( ( 0.1y + 1.0y ) + ( 0.25x + 0.1y ) ) + ( 0.142857142857y + 0.333333333333x ) ) * ( ( 0.5x + 0.5y ) + ( ( ( 0.25x + 0.1y ) + 1.0y ) + 0.5x ) ) )
Fitness = 11.3116337001
Avg Fitness = 11.0090069278
Duplicated = 32
============================================================================
Evaluate Gen  77
New Population 431
Better than Dads 119
Best Ind: ( ( 1.0y + 0.2y ) * ( ( 1.0x + ( 1.0x + ( 1.0x + 0.25y ) ) ) + ( 1.0x + 0.25y ) ) )
Fitness = 9.79507530958
Worst Ind: ( ( ( ( ( 0.5y + 0.25x ) + ( ( 0.166666666667y + 0.1x ) + ( 1.0x + 0.2y ) ) ) + ( 1.0x * 0.2y ) ) * 1.0x ) + ( ( 0.166666666667y + ( ( 0.25y + ( 1.0y + 0.333333333333x ) ) + ( ( 0.25y + 0.25x ) + 1.0x ) ) ) * 1.0y ) )
Fitness = 11.2669011933
Avg Fitness = 10.988372326
Duplicated = 27
============================================================================
Evaluate Gen  78
New Population 427
Better than Dads 112
Best Ind: ( ( 1.0y + 0.2y ) * ( ( 1.0x + ( 1.0x + ( 1.0x + 0.25y ) ) ) + ( 1.0x + 0.25y ) ) )
Fitness = 9.79507530958
Worst Ind: ( ( ( 0.5y + ( ( ( 1.0x + 0.2x ) + 0.5y ) + ( 0.5x + ( 0.142857142857y + 0.333333333333x ) ) ) ) * ( ( 0.25x + 0.1y ) + 1.0y ) ) + ( ( ( ( 1.0x + 0.2y ) * ( ( 0.142857142857y + 0.25x ) + ( 0.111111111111x + 0.333333333333y ) ) ) + 0.2y ) + ( 1.0y * ( 0.142857142857y + 0.142857142857x ) ) ) )
Fitness = 11.2243125653
Avg Fitness = 10.9678734126
Duplicated = 29
============================================================================
Evaluate Gen  79
New Population 431
Better than Dads 117
Best Ind: ( ( 1.0y + 0.2y ) * ( ( 1.0x + ( 1.0x + ( 1.0x + 0.25y ) ) ) + ( 1.0x + 0.25y ) ) )
Fitness = 9.79507530958
Worst Ind: ( ( ( ( 1.0y + 0.166666666667x ) + 1.0x ) + 1.0y ) * ( 1.0y + ( 0.5x + 0.25x ) ) )
Fitness = 11.1990859817
Avg Fitness = 10.9545108731
Duplicated = 30
============================================================================
Evaluate Gen  80
New Population 426
Better than Dads 118
Best Ind: ( ( 1.0y + 0.2y ) * ( ( 1.0x + ( 1.0x + ( 1.0x + 0.25y ) ) ) + ( 1.0x + 0.25y ) ) )
Fitness = 9.79507530958
Worst Ind: ( ( ( 1.0y + 0.5x ) + ( ( 0.5x + 0.111111111111y ) + 1.0x ) ) * ( ( ( 0.333333333333x * ( ( 0.166666666667y + 0.166666666667y ) * 0.1x ) ) + 0.125y ) + ( ( 0.166666666667y + 0.125y ) + ( 0.1y + ( ( 0.142857142857y + 0.25y ) + ( 0.25x + 0.333333333333y ) ) ) ) ) )
Fitness = 11.1855069447
Avg Fitness = 10.9458458838
Duplicated = 31
============================================================================
Evaluate Gen  81
New Population 432
Better than Dads 117
Best Ind: ( ( 1.0y + 0.2y ) * ( ( 1.0x + ( 1.0x + ( 1.0x + 0.25y ) ) ) + ( 1.0x + 0.25y ) ) )
Fitness = 9.79507530958
Worst Ind: ( ( ( ( ( 0.25x + 0.25y ) + 0.111111111111y ) + ( ( 0.5x + 0.111111111111y ) + 1.0x ) ) + 0.333333333333y ) * ( ( 1.0y + 0.166666666667x ) + ( 0.25y + 1.0x ) ) )
Fitness = 11.1521274269
Avg Fitness = 10.9356638983
Duplicated = 36
============================================================================
Evaluate Gen  82
New Population 430
Better than Dads 114
Best Ind: ( ( 1.0y + 0.2y ) * ( ( 1.0x + ( 1.0x + ( 1.0x + 0.25y ) ) ) + ( 1.0x + 0.25y ) ) )
Fitness = 9.79507530958
Worst Ind: ( ( ( ( 0.166666666667y + ( ( 0.5y + 0.142857142857y ) + 0.333333333333x ) ) + 0.333333333333y ) + ( 0.142857142857y + 0.333333333333x ) ) * ( 1.0x + ( ( ( 0.25x + 0.1y ) + 1.0y ) + 0.166666666667x ) ) )
Fitness = 11.1303371336
Avg Fitness = 10.9201104966
Duplicated = 41
============================================================================
Evaluate Gen  83
New Population 423
Better than Dads 110
Best Ind: ( ( 1.0y + 0.2y ) * ( ( 1.0x + ( 1.0x + ( 1.0x + 0.25y ) ) ) + ( 1.0x + 0.25y ) ) )
Fitness = 9.79507530958
Worst Ind: ( ( ( 1.0x + ( 0.5y + ( 0.25y + 0.1x ) ) ) + ( ( 1.0x + 0.25y ) + 1.0y ) ) * ( 1.0y + 0.333333333333x ) )
Fitness = 11.1124098356
Avg Fitness = 10.9092260248
Duplicated = 45
============================================================================
Evaluate Gen  84
New Population 428
Better than Dads 116
Best Ind: ( ( 1.0y + 0.2y ) * ( ( 1.0x + ( 1.0x + ( 1.0x + 0.25y ) ) ) + ( 1.0x + 0.25y ) ) )
Fitness = 9.79507530958
Worst Ind: ( ( ( 0.125y + ( 0.25y + 0.142857142857y ) ) + ( ( ( 1.0y + 1.0x ) + ( 0.111111111111x + 0.5x ) ) + 0.333333333333x ) ) * ( ( 0.111111111111y + ( 0.111111111111x + 0.166666666667y ) ) + ( 0.5y + ( 0.5y + 0.142857142857y ) ) ) )
Fitness = 11.1025722204
Avg Fitness = 10.9023483071
Duplicated = 45
============================================================================
Evaluate Gen  85
New Population 435
Better than Dads 119
Best Ind: ( ( 1.0y + 0.2y ) * ( ( 1.0x + ( 1.0x + ( 1.0x + 0.25y ) ) ) + ( 1.0x + 0.25y ) ) )
Fitness = 9.79507530958
Worst Ind: ( ( ( ( ( 0.333333333333x + 0.125y ) + 1.0y ) + 1.0x ) * ( 1.0x + 0.333333333333y ) ) + ( ( 0.5y + ( 0.125y + 0.5x ) ) * ( ( 1.0x + 0.2x ) + 0.5y ) ) )
Fitness = 11.0879029611
Avg Fitness = 10.8833980142
Duplicated = 42
============================================================================
Evaluate Gen  86
New Population 436
Better than Dads 128
Best Ind: ( ( 1.0y + 0.2y ) * ( ( 1.0x + ( 1.0x + ( 1.0x + 0.25y ) ) ) + ( 1.0x + 0.25y ) ) )
Fitness = 9.79507530958
Worst Ind: ( ( ( ( ( ( 0.2x * 0.2x ) * ( 0.333333333333x * 0.333333333333x ) ) + 1.0x ) + 0.2x ) + 0.5y ) * ( ( ( ( 0.25y + 0.5x ) + 0.25y ) + 0.333333333333x ) + ( 1.0x + ( 0.166666666667x + 1.0y ) ) ) )
Fitness = 11.0751928403
Avg Fitness = 10.8747178719
Duplicated = 43
============================================================================
Evaluate Gen  87
New Population 428
Better than Dads 121
Best Ind: ( ( 1.0y + 0.2y ) * ( ( 1.0x + ( 1.0x + ( 1.0x + 0.25y ) ) ) + ( 1.0x + 0.25y ) ) )
Fitness = 9.79507530958
Worst Ind: ( ( 1.0y + 1.0x ) * ( ( ( ( 1.0y + 0.166666666667x ) + 0.25y ) + 0.5x ) + 1.0x ) )
Fitness = 11.0574997601
Avg Fitness = 10.8687559742
Duplicated = 46
============================================================================
Evaluate Gen  88
New Population 430
Better than Dads 107
Best Ind: ( ( 1.0y + 0.2y ) * ( ( 1.0x + ( 1.0x + ( 1.0x + 0.25y ) ) ) + ( 1.0x + 0.25y ) ) )
Fitness = 9.79507530958
Worst Ind: ( ( ( ( ( 0.333333333333x * 1.0x ) + ( ( 0.125y + 0.142857142857x ) + 0.5x ) ) + ( 0.333333333333x + 0.2y ) ) + 0.5x ) * ( ( ( 0.25x * ( ( 1.0y + 0.5x ) * 0.1x ) ) + 1.0x ) + ( ( 0.5y + 0.25y ) + ( 0.1y + ( ( 0.142857142857y + 0.111111111111x ) + 1.0y ) ) ) ) )
Fitness = 11.0369127664
Avg Fitness = 10.8559542389
Duplicated = 52
============================================================================
Evaluate Gen  89
New Population 438
Better than Dads 123
Best Ind: ( ( 1.0y + 0.2y ) * ( ( 1.0x + ( 1.0x + ( 1.0x + 0.25y ) ) ) + ( 1.0x + 0.25y ) ) )
Fitness = 9.79507530958
Worst Ind: ( ( ( 0.125y + ( 1.0x + ( ( 0.166666666667y + 1.0x ) + ( 0.111111111111y * 0.5x ) ) ) ) + ( 0.333333333333x + 0.2y ) ) * ( ( 1.0y + 0.333333333333x ) + ( ( 0.5y + 0.142857142857y ) + 0.333333333333x ) ) )
Fitness = 11.0260408247
Avg Fitness = 10.838962393
Duplicated = 48
============================================================================
Evaluate Gen  90
New Population 429
Better than Dads 121
Best Ind: ( ( 1.0y + 0.2y ) * ( ( 1.0x + ( 1.0x + ( 1.0x + 0.25y ) ) ) + ( 1.0x + 0.25y ) ) )
Fitness = 9.79507530958
Worst Ind: ( ( ( ( ( 0.333333333333x + 0.125y ) + 1.0y ) + 1.0x ) * ( 1.0x + ( 0.5y + 0.111111111111y ) ) ) + ( ( 0.5y + ( 0.125y + 0.5x ) ) * ( ( 1.0x + 0.2x ) + 0.5y ) ) )
Fitness = 11.015171591
Avg Fitness = 10.8296779429
Duplicated = 48
============================================================================
Evaluate Gen  91
New Population 428
Better than Dads 118
Best Ind: ( ( 1.0y + 0.2y ) * ( ( 1.0x + ( 1.0x + ( 1.0x + 0.25y ) ) ) + ( 1.0x + 0.25y ) ) )
Fitness = 9.79507530958
Worst Ind: ( ( ( ( 0.166666666667x + 1.0y ) + 0.111111111111y ) + 1.0x ) * ( 1.0x + ( ( ( 0.25x + 0.1y ) + 1.0y ) + ( 0.1y * 0.1x ) ) ) )
Fitness = 11.0045300962
Avg Fitness = 10.8178151547
Duplicated = 46
============================================================================
Evaluate Gen  92
New Population 442
Better than Dads 119
Best Ind: ( ( 1.0y + 0.2y ) * ( ( 1.0x + ( 1.0x + ( 1.0x + 0.25y ) ) ) + ( 1.0x + 0.25y ) ) )
Fitness = 9.79507530958
Worst Ind: ( ( ( 0.111111111111x + 0.2y ) * 0.2x ) + ( ( ( 1.0x + 0.5y ) + ( 0.142857142857y + 0.333333333333x ) ) * ( 1.0x + ( ( 1.0y + 1.0y ) + ( 0.1y * 0.1x ) ) ) ) )
Fitness = 10.9890014795
Avg Fitness = 10.8046898791
Duplicated = 45
============================================================================
Evaluate Gen  93
New Population 438
Better than Dads 128
Best Ind: ( ( 1.0y + 0.2y ) * ( ( 1.0x + ( 1.0x + ( 1.0x + 0.25y ) ) ) + ( 1.0x + 0.25y ) ) )
Fitness = 9.79507530958
Worst Ind: ( ( ( 1.0y + 0.333333333333x ) + 1.0x ) * ( 1.0x + ( ( ( 0.25x + 0.1y ) + 1.0y ) + ( 0.1y * 0.1x ) ) ) )
Fitness = 10.977208737
Avg Fitness = 10.7976831763
Duplicated = 46
============================================================================
Evaluate Gen  94
New Population 425
Better than Dads 111
Best Ind: ( ( 1.0y + 0.2y ) * ( ( 1.0x + ( 1.0x + ( 1.0x + 0.25y ) ) ) + ( 1.0x + 0.25y ) ) )
Fitness = 9.79507530958
Worst Ind: ( ( ( 0.333333333333y + 0.333333333333y ) * ( ( ( ( 0.125y + 0.333333333333y ) + 0.5y ) * 0.5y ) + ( 0.166666666667x + 1.0y ) ) ) + ( ( ( 1.0x + 0.111111111111y ) + ( 0.142857142857y + 0.333333333333x ) ) * ( 1.0x + ( ( 1.0y + 1.0y ) + ( 0.1y * 0.1x ) ) ) ) )
Fitness = 10.9714030468
Avg Fitness = 10.788371125
Duplicated = 47
============================================================================
Evaluate Gen  95
New Population 437
Better than Dads 120
Best Ind: ( ( 1.0y + 0.2y ) * ( ( 1.0x + ( 1.0x + ( 1.0x + 0.25y ) ) ) + ( 1.0x + 0.25y ) ) )
Fitness = 9.79507530958
Worst Ind: ( ( 1.0x + 1.0y ) * ( ( 1.0x + 0.25y ) + ( ( ( 0.5x + 0.5x ) + 0.333333333333y ) + 0.142857142857y ) ) )
Fitness = 10.9550143303
Avg Fitness = 10.7769528371
Duplicated = 55
============================================================================
Evaluate Gen  96
New Population 439
Better than Dads 115
Best Ind: ( ( 1.0y + 0.2y ) * ( ( 1.0x + ( 1.0x + ( 1.0x + 0.25y ) ) ) + ( 1.0x + 0.25y ) ) )
Fitness = 9.79507530958
Worst Ind: ( ( ( 0.5y + ( ( 0.25x + 0.5y ) + 0.142857142857y ) ) + 1.0x ) * ( 0.333333333333x + ( ( ( 1.0x + 0.2y ) + 0.333333333333y ) + 0.5x ) ) )
Fitness = 10.9345683591
Avg Fitness = 10.7555901485
Duplicated = 53
============================================================================
Evaluate Gen  97
New Population 431
Better than Dads 111
Best Ind: ( ( 1.0y + 0.2y ) * ( ( 1.0x + ( 1.0x + ( 1.0x + 0.25y ) ) ) + ( 1.0x + 0.25y ) ) )
Fitness = 9.79507530958
Worst Ind: ( ( ( ( 0.1y * 0.2x ) + ( 0.5y + ( 0.5y + 0.2y ) ) ) * ( ( ( 1.0y + 1.0x ) + ( 0.25x * 1.0x ) ) + ( 1.0x * ( 0.333333333333x * 0.333333333333x ) ) ) ) + ( ( ( ( 0.25y + 0.25x ) + 1.0x ) * ( ( ( 0.333333333333y * 0.111111111111x ) + 1.0y ) + 0.166666666667x ) ) + ( ( ( 0.5y + 0.25x ) * ( 0.5x + ( 0.25x + 0.25x ) ) ) + ( 0.25x * ( 0.5y + 0.5x ) ) ) ) )
Fitness = 10.9190820048
Avg Fitness = 10.7370810852
Duplicated = 54
============================================================================
Evaluate Gen  98
New Population 422
Better than Dads 109
Best Ind: ( ( 1.0y + 0.2y ) * ( ( 1.0x + ( 1.0x + ( 1.0x + 0.25y ) ) ) + ( 1.0x + 0.25y ) ) )
Fitness = 9.79507530958
Worst Ind: ( ( ( 0.25x + ( ( 0.166666666667y + 0.2x ) + ( ( 1.0y + 0.333333333333x ) + 0.25x ) ) ) + ( ( ( ( 1.0y + 1.0x ) * ( 0.125y * 0.333333333333x ) ) + ( 0.111111111111x + ( 1.0x + 0.166666666667y ) ) ) + ( 0.333333333333x + ( 0.142857142857y + 0.333333333333x ) ) ) ) * ( 1.0y + ( 0.166666666667y + ( 0.25x * ( 0.333333333333x + 0.25y ) ) ) ) )
Fitness = 10.9059041749
Avg Fitness = 10.7268305322
Duplicated = 51
============================================================================
Evaluate Gen  99
New Population 432
Better than Dads 117
Best Ind: ( ( 1.0y + 0.2y ) * ( ( 1.0x + ( 1.0x + ( 1.0x + 0.25y ) ) ) + ( 1.0x + 0.25y ) ) )
Fitness = 9.79507530958
Worst Ind: ( ( ( ( ( ( 1.0y + 0.166666666667x ) + 1.0x ) + 1.0x ) + ( ( ( 1.0y + 1.0x ) + ( 0.25x * 1.0x ) ) + ( 1.0x * ( 0.333333333333x * 0.333333333333x ) ) ) ) * ( 0.1y + 0.2y ) ) + ( ( ( 1.0x + 0.25y ) * ( 0.333333333333x + ( 0.25y + 1.0y ) ) ) + ( ( 0.333333333333x + ( 0.333333333333y + ( 1.0x + 0.25y ) ) ) * 1.0x ) ) )
Fitness = 10.896805649
Avg Fitness = 10.7140208304
Duplicated = 45
============================================================================
Evaluate Gen  100
New Population 414
Better than Dads 106
Best Ind: ( ( 1.0y + 0.2y ) * ( ( 1.0x + ( 1.0x + ( 1.0x + 0.25y ) ) ) + ( 1.0x + 0.25y ) ) )
Fitness = 9.79507530958
Worst Ind: ( ( 1.0x + ( ( 1.0x + 0.111111111111y ) + 1.0y ) ) * ( 0.5y + ( ( ( 0.25x + 0.1y ) + 1.0y ) + ( 0.1y * ( 0.1x * 0.125x ) ) ) ) )
Fitness = 10.8916321678
Avg Fitness = 10.7067706231
Duplicated = 40
