dataset_file= dataset/SR_div.txt
population= 100
generations= 100
tournament_size= 3
cross_over= 0.6
mutation= 0.3
elitism= True
(50, 2)
============================================================================
Build initial population
ind: 1
( ( ( 0.125y + ( ( ( 0.2y * 0.111111111111x ) + 0.2y ) * ( 0.166666666667x * ( 0.111111111111x + 0.142857142857x ) ) ) ) + 0.2x ) + 0.142857142857y )
ind: 2
( ( 0.333333333333x + ( 0.25x * ( 1.0y + ( 0.25y * ( 0.333333333333x + 0.142857142857y ) ) ) ) ) * ( 0.25y * ( 1.0x * 0.111111111111y ) ) )
ind: 3
( 0.5y * ( 0.111111111111x * ( ( ( 0.111111111111y + 0.333333333333y ) + 0.166666666667y ) + ( 0.5y * ( 0.1y * 0.1x ) ) ) ) )
ind: 4
( ( 0.166666666667x + 0.5y ) * 0.5y )
ind: 5
( ( ( 0.25y * 0.25x ) * 0.333333333333x ) * ( 0.2x * ( ( ( ( 0.5y * 0.333333333333x ) + 0.333333333333x ) * ( 0.5x + 0.125y ) ) + 0.5y ) ) )
ind: 6
( 0.125y * 0.25x )
ind: 7
( ( ( 0.125x * ( ( 0.125x + 0.25x ) * 0.111111111111x ) ) * ( 0.5y * 0.2x ) ) + ( ( 0.166666666667x + ( 0.1x + ( ( 0.2y + 0.111111111111x ) * ( 0.1y * 0.5y ) ) ) ) + ( 0.1x + 0.5x ) ) )
ind: 8
( ( 0.125x + 0.125y ) + 0.142857142857x )
ind: 9
( 0.25y + 1.0x )
ind: 10
( ( 0.333333333333y + 0.125x ) + 0.142857142857y )
ind: 11
( 0.142857142857y + ( 0.1x + ( ( ( 0.125x + ( 0.166666666667x + 0.333333333333y ) ) + 0.125y ) + ( 0.5x * ( ( 0.25y * 0.2y ) + ( 0.25x + 0.142857142857y ) ) ) ) ) )
ind: 12
( 0.142857142857x + 0.142857142857y )
ind: 13
( 0.2x * ( ( 0.2y + 0.333333333333x ) + ( ( ( 0.125y * ( 0.166666666667y * 0.1y ) ) * ( 0.333333333333y + 0.333333333333x ) ) * ( 0.166666666667x * 0.25y ) ) ) )
ind: 14
( ( ( ( ( 1.0x + 0.25x ) + 0.125y ) + 0.125y ) + ( 0.111111111111y + ( 0.142857142857y * 0.5y ) ) ) + ( ( 1.0x * ( 0.166666666667x * ( 0.111111111111x + 0.2x ) ) ) * 1.0x ) )
ind: 15
( ( 0.142857142857y * 0.1x ) + 0.25y )
ind: 16
( ( 0.142857142857x * ( 0.25x * 0.1x ) ) + 1.0y )
ind: 17
( ( ( ( 0.5x + 0.125x ) * ( ( 1.0y * 0.2x ) + ( ( 0.25y + 0.166666666667y ) * ( 0.166666666667x + 0.166666666667x ) ) ) ) + 0.142857142857y ) + 0.25y )
ind: 18
( ( 0.5y + 0.125x ) * ( ( 0.5y * 0.333333333333y ) * 0.333333333333x ) )
ind: 19
( ( ( ( ( 0.166666666667y + 0.2x ) * ( ( 0.1x + 0.1x ) * 1.0y ) ) + ( 0.5y * 0.25y ) ) * ( ( 0.166666666667x + ( 0.111111111111y * ( 0.125x * 0.166666666667y ) ) ) + ( 0.25y * ( 0.125x * 1.0y ) ) ) ) + ( ( 0.166666666667x * 0.142857142857y ) * ( ( ( ( 1.0y * 0.125y ) + ( 0.111111111111y + 0.1y ) ) * ( 0.5y + 0.25y ) ) * 0.166666666667x ) ) )
ind: 20
( ( 0.111111111111x + ( 0.2x * 0.25x ) ) * ( ( ( 0.1y * ( ( 0.2x + 0.111111111111y ) + ( 0.125y + 0.2y ) ) ) + 0.1y ) + 1.0x ) )
ind: 21
( ( ( 0.111111111111y + 0.166666666667x ) + ( 0.333333333333y * 0.1x ) ) * 0.125x )
ind: 22
( ( 0.166666666667x + 0.333333333333y ) + 0.1y )
ind: 23
( ( ( ( ( 0.166666666667y + ( 0.5y * 0.2x ) ) * ( ( 1.0x + 0.142857142857y ) * 0.333333333333x ) ) + 0.125y ) + ( ( 0.166666666667x + ( ( 0.2y * 0.125x ) + 0.125y ) ) * ( 0.5x * 0.1x ) ) ) + 0.111111111111y )
ind: 24
( 0.5x + ( ( 0.111111111111y * ( ( ( 1.0y * 0.25y ) + ( 0.125y * 0.333333333333y ) ) * ( 0.1x * 0.1x ) ) ) + ( 0.25x * ( 0.125y + 0.333333333333x ) ) ) )
ind: 25
( ( ( 0.142857142857y + 0.5y ) * 0.111111111111x ) * 0.2x )
ind: 26
( 0.333333333333x * 0.142857142857y )
ind: 27
( 0.166666666667y + 0.25x )
ind: 28
( ( 0.125y + ( 0.142857142857x * ( ( ( 0.166666666667y + 1.0y ) * ( 0.2y * 0.1x ) ) + 0.111111111111y ) ) ) * ( 0.111111111111x * ( ( ( 0.1y * 0.2y ) + 0.25y ) + ( 0.142857142857y + ( 0.5x * 1.0x ) ) ) ) )
ind: 29
( ( ( 0.125y * 0.142857142857x ) + ( ( ( ( 0.5x * 0.166666666667x ) * 0.166666666667y ) + 0.2x ) + ( 0.142857142857x + 0.142857142857x ) ) ) + ( 0.25x * ( ( 0.166666666667y * ( ( 0.142857142857x + 0.2x ) + 1.0x ) ) * 0.111111111111x ) ) )
ind: 30
( 0.142857142857x * ( ( 0.125y + 0.125x ) * 0.166666666667y ) )
ind: 31
( ( ( ( 0.2y * 0.166666666667y ) * ( ( 0.125y * ( 0.1x * 0.2x ) ) + ( ( 0.1y * 0.1x ) + 0.111111111111y ) ) ) + ( 0.333333333333y * 0.166666666667x ) ) * ( 0.25y * ( 0.333333333333x + ( ( 0.25x + 0.333333333333x ) * 0.2y ) ) ) )
ind: 32
( ( 1.0x + ( ( 0.142857142857x * ( 0.5y * ( 0.1x + 0.2x ) ) ) * 0.25x ) ) + 0.111111111111x )
ind: 33
( 0.125x + ( 0.166666666667x + ( 0.111111111111x * ( ( ( 1.0y + 0.142857142857y ) + ( 1.0x * 0.1y ) ) * 0.142857142857x ) ) ) )
ind: 34
( ( ( 0.125y * 1.0x ) * 0.333333333333y ) + 0.111111111111x )
ind: 35
( ( ( ( ( 0.142857142857x + 0.333333333333x ) + 1.0x ) + ( 0.142857142857x + ( 0.333333333333x * 0.2x ) ) ) + ( 0.5y + 0.333333333333x ) ) * 0.2y )
ind: 36
( 0.166666666667x + 0.333333333333y )
ind: 37
( ( 1.0x * 0.166666666667y ) * ( ( 0.333333333333x * 0.1y ) * 0.142857142857y ) )
ind: 38
( 0.125y + 0.142857142857x )
ind: 39
( ( 0.1x + 0.125y ) + 1.0y )
ind: 40
( ( ( ( ( ( 0.25y + 0.333333333333x ) * 1.0y ) * ( 0.1x * ( 0.125y * 1.0y ) ) ) + ( 0.166666666667y + 0.166666666667x ) ) + ( ( 0.142857142857x + 0.125x ) + ( 0.166666666667y + ( ( 0.1x + 0.1x ) + ( 0.1x * 0.5y ) ) ) ) ) + 0.2x )
ind: 41
( 0.166666666667y + 0.166666666667x )
ind: 42
( 1.0y + ( ( ( ( 0.125x + ( 0.111111111111x + 0.25y ) ) + ( 0.2y + 0.2y ) ) + 0.125x ) + ( ( 0.166666666667x + 0.142857142857x ) * ( 0.142857142857x * ( 0.2y + ( 0.2y * 0.125y ) ) ) ) ) )
ind: 43
( ( 0.142857142857y + 0.125y ) + 0.2x )
ind: 44
( ( 0.333333333333y * 0.1x ) * 0.1y )
ind: 45
( 0.333333333333x * ( 0.1y + ( ( ( 0.5x * ( 0.1y + 0.111111111111y ) ) + ( 0.1y + 0.125x ) ) * ( ( ( 0.111111111111y + 0.125x ) * ( 0.1x * 0.166666666667x ) ) + 0.166666666667y ) ) ) )
ind: 46
( ( 0.2y * ( 0.142857142857y * ( 0.25y + ( 0.2y + 0.111111111111x ) ) ) ) * 0.125x )
ind: 47
( 0.142857142857y * ( ( ( ( ( 0.25x * 0.166666666667y ) * 0.25y ) + ( 0.166666666667y * ( 0.5y + 0.1y ) ) ) + ( 0.5y + 0.25x ) ) + 0.142857142857y ) )
ind: 48
( ( ( 0.142857142857y + 0.2x ) + 0.25y ) * 1.0x )
ind: 49
( 0.125y + ( ( 0.166666666667x + ( ( ( 0.333333333333x + 0.2x ) + 0.125y ) * ( ( 0.142857142857x * 0.333333333333y ) * 0.142857142857y ) ) ) + ( 0.25x + 0.142857142857x ) ) )
ind: 50
( 0.1y + 0.25x )
ind: 51
( ( ( 1.0x * ( 0.1y * ( ( 0.1x * 1.0y ) + 0.125x ) ) ) * 0.1x ) + 0.25y )
ind: 52
( ( 0.142857142857y + ( ( ( ( 0.1x * 0.2x ) * 0.2x ) + ( ( 0.333333333333x + 0.2x ) + ( 0.25x * 0.125x ) ) ) + ( ( 0.1y + 0.2x ) * 0.5x ) ) ) + ( ( ( 0.166666666667x * ( 0.142857142857y + 0.333333333333x ) ) + 0.125x ) * 1.0y ) )
ind: 53
( ( ( ( ( ( 0.142857142857y + 0.2y ) * ( 0.166666666667y * 0.142857142857x ) ) + ( ( 0.5y * 0.2y ) * 1.0y ) ) * ( ( ( 0.5x + 0.25y ) + 1.0y ) + 0.25y ) ) * ( ( ( ( 0.1x * 1.0x ) * ( 0.125y * 0.111111111111y ) ) * 0.166666666667x ) * ( 1.0y + ( 0.1y + ( 0.25x + 0.142857142857x ) ) ) ) ) + 0.5y )
ind: 54
( 1.0y * ( 0.111111111111x * ( ( 0.142857142857y + ( ( 0.1y + 0.142857142857y ) + 1.0y ) ) + ( 0.125y + 0.111111111111x ) ) ) )
ind: 55
( 1.0x * ( ( 0.142857142857y + ( 0.166666666667y * ( 0.166666666667y + ( 0.1y + 0.125x ) ) ) ) * ( 0.2x * ( 0.166666666667x * ( ( 1.0x + 1.0y ) * 0.1y ) ) ) ) )
ind: 56
( ( 0.166666666667x * ( 0.1y + ( 0.1y * 0.25y ) ) ) + ( ( 0.2x + ( 0.111111111111x + ( ( 0.125y * 0.166666666667x ) * 0.111111111111y ) ) ) * 0.5x ) )
ind: 57
( ( ( ( ( ( 0.166666666667x * 0.142857142857x ) + 0.142857142857x ) * ( 0.125x + ( 0.1y * 1.0x ) ) ) * ( 0.142857142857y * ( 0.25y * 0.2x ) ) ) + ( 0.142857142857y + ( 0.111111111111y * 0.25y ) ) ) * ( 0.111111111111y + 0.2y ) )
ind: 58
( 0.333333333333y * ( 0.125x + ( ( 0.142857142857y + 1.0y ) + ( ( 0.111111111111y * ( 0.333333333333x * 0.166666666667x ) ) * ( ( 0.166666666667x * 1.0y ) + ( 0.142857142857y * 0.142857142857y ) ) ) ) ) )
ind: 59
( ( 0.125y + ( ( ( 0.2y + ( 0.1x + 1.0x ) ) * 0.333333333333y ) + 1.0y ) ) * 0.111111111111y )
ind: 60
( 0.5y + 0.5x )
ind: 61
( 0.5x + ( ( ( 1.0y + 0.142857142857x ) + ( 0.333333333333x * 0.142857142857x ) ) + ( 1.0x + 0.1x ) ) )
ind: 62
( 1.0y * ( 0.111111111111x + ( ( 0.25x + 0.111111111111y ) + 0.333333333333x ) ) )
ind: 63
( ( ( 0.1x * ( ( 0.2x + ( 0.25y * 0.166666666667y ) ) * ( ( 0.25y * 0.2y ) * 1.0x ) ) ) * ( ( ( 0.142857142857y * ( 0.5y + 0.333333333333x ) ) * ( ( 0.333333333333y * 0.111111111111y ) + 0.25x ) ) + 0.25y ) ) * 0.5y )
ind: 64
( ( ( ( ( ( 0.333333333333y * 0.1y ) * 0.333333333333y ) + 1.0x ) + ( 0.125x * 0.142857142857y ) ) * 0.2y ) + ( ( 0.1x + ( ( 0.2y + ( 0.5x * 0.111111111111x ) ) + 0.5y ) ) * 0.166666666667x ) )
ind: 65
( 0.333333333333y + 0.2x )
ind: 66
( ( ( 0.333333333333x * ( 0.166666666667y * 0.166666666667y ) ) * ( 0.111111111111x * 0.111111111111y ) ) * ( ( 0.25y + 0.5x ) + ( 1.0x + ( 0.25y * 0.142857142857x ) ) ) )
ind: 67
( ( 0.2y + ( ( ( 0.2y * ( 0.1y + 0.111111111111x ) ) * ( ( 0.333333333333x + 0.25y ) + ( 0.166666666667y * 0.2y ) ) ) * 0.5y ) ) * ( ( ( ( 0.1x + 0.125y ) + 0.142857142857y ) + 1.0x ) * 0.125x ) )
ind: 68
( 0.1y + 0.25x )
ind: 69
( ( 0.111111111111y + ( ( 0.333333333333y + 0.1y ) + 0.142857142857y ) ) * ( 0.111111111111x + 0.166666666667y ) )
ind: 70
( 1.0x * ( 0.333333333333y * 0.125y ) )
ind: 71
( 0.25x + ( ( ( ( ( 0.2x * 0.142857142857y ) * ( 0.166666666667y * 0.5y ) ) + 0.333333333333x ) * ( 0.125x + 0.125y ) ) * 0.2y ) )
ind: 72
( 0.125x + 0.25y )
ind: 73
( ( 0.125x * ( 0.166666666667x * 0.125x ) ) * ( ( ( ( 0.166666666667x + ( 0.333333333333y * 0.142857142857x ) ) * ( 0.1x * ( 0.111111111111x * 1.0x ) ) ) * 1.0x ) * 0.1y ) )
ind: 74
( ( ( 0.2x + ( 0.333333333333y + ( 0.25x * 0.166666666667y ) ) ) * 1.0x ) * 0.5y )
ind: 75
( 0.111111111111x + ( ( ( ( 0.5x * 0.333333333333y ) * ( ( 0.5y + 0.5y ) * ( 0.142857142857y + 0.333333333333x ) ) ) + ( 0.125y + ( 1.0x * ( 0.125x * 0.166666666667y ) ) ) ) * ( 0.125x * 0.125x ) ) )
ind: 76
( 0.111111111111y + ( ( ( 0.333333333333x + 0.142857142857x ) + ( ( ( 0.2x * 0.166666666667y ) * ( 0.5y * 0.111111111111y ) ) * ( ( 0.1x + 0.166666666667y ) + ( 0.5y + 1.0y ) ) ) ) * ( 0.142857142857x * 0.125x ) ) )
ind: 77
( ( 0.5x + 0.333333333333y ) * 0.25y )
ind: 78
( 0.166666666667y * ( ( ( ( ( 0.5y + 0.142857142857y ) + ( 0.125y * 1.0x ) ) * 0.2y ) * ( 0.25y * 0.25y ) ) * 0.166666666667y ) )
ind: 79
( 0.166666666667x * 0.25y )
ind: 80
( ( ( ( ( ( 0.5y * 0.2x ) + 0.142857142857y ) + ( 0.5y * ( 0.5x * 0.5x ) ) ) + ( 0.111111111111x + ( 0.1y * ( 0.333333333333x * 0.25x ) ) ) ) + ( 0.142857142857x * 0.333333333333x ) ) + ( ( 1.0x * ( 0.166666666667y * 0.333333333333x ) ) + ( ( 0.111111111111x + 0.25x ) + 0.111111111111x ) ) )
ind: 81
( ( ( 0.166666666667x * 0.333333333333y ) * 1.0y ) * 0.166666666667y )
ind: 82
( ( ( ( 0.25x + ( ( 0.1x + 0.111111111111x ) + ( 0.166666666667x * 0.333333333333y ) ) ) * 0.333333333333y ) * ( 0.125x * ( 1.0y + 0.2x ) ) ) * ( ( 0.166666666667x + 0.125y ) * ( ( ( ( 0.25x + 0.166666666667x ) * 0.333333333333y ) * ( 0.125y * ( 0.166666666667y + 0.2x ) ) ) + ( 0.166666666667y * 1.0y ) ) ) )
ind: 83
( ( ( 0.166666666667x * 0.2x ) + ( 0.1x * ( ( 0.166666666667x + 1.0x ) + 0.142857142857x ) ) ) * ( ( 0.5y + ( ( ( 0.142857142857y * 0.25y ) * 0.142857142857x ) * 0.25x ) ) + 0.111111111111y ) )
ind: 84
( ( 0.111111111111y + 0.1x ) + ( ( ( ( ( 0.166666666667x * 0.2y ) * ( 1.0y * 0.5x ) ) * ( 0.25x + ( 0.5x * 0.5x ) ) ) + 1.0x ) * ( ( 1.0y * ( ( 1.0y * 1.0y ) + ( 1.0x * 0.333333333333x ) ) ) * 0.2x ) ) )
ind: 85
( ( ( ( 0.25x * 0.333333333333x ) * 0.142857142857x ) * 0.125x ) * ( 0.5x + 0.142857142857y ) )
ind: 86
( ( 0.166666666667y * 0.333333333333x ) * ( ( 0.2x * ( 0.333333333333x * ( 0.2y + 0.142857142857x ) ) ) + 0.142857142857x ) )
ind: 87
( ( 0.25y * 0.333333333333x ) + ( 0.142857142857y + ( ( ( 0.166666666667y + 0.25x ) + ( 0.25x * 0.333333333333y ) ) * ( ( 0.5y * ( 0.2y * 1.0y ) ) + 0.166666666667y ) ) ) )
ind: 88
( ( 0.1y * 1.0y ) + 1.0x )
ind: 89
( 1.0x * ( 0.25y * 0.142857142857x ) )
ind: 90
( ( ( ( 0.2y * ( ( 0.1x + 0.111111111111x ) * 0.25x ) ) + ( 0.2x + 0.2y ) ) * 1.0y ) * 0.125x )
ind: 91
( ( ( ( ( 0.333333333333x * ( 0.333333333333y + 0.25y ) ) + ( 1.0y + 0.333333333333y ) ) * 0.25x ) * 0.142857142857x ) + 0.142857142857y )
ind: 92
( 0.111111111111y * ( 0.333333333333y * 0.25x ) )
ind: 93
( ( 0.333333333333y + ( 0.2x * ( ( ( 0.125y * 0.1x ) + 0.25x ) * ( 0.25x * 0.125x ) ) ) ) * ( ( 0.5y * ( 0.142857142857y * ( ( 1.0x + 0.2x ) + ( 0.25y * 0.5y ) ) ) ) * 0.333333333333x ) )
ind: 94
( ( ( 0.111111111111y * 0.333333333333y ) + 0.142857142857x ) + 0.2y )
ind: 95
( ( 0.125x * 0.1x ) + 0.125y )
ind: 96
( ( ( ( ( ( 0.111111111111x + 0.125x ) * 0.333333333333x ) + ( ( 0.333333333333x + 0.2y ) + 0.125x ) ) + 0.1x ) * 0.111111111111x ) * ( 0.125x * ( ( ( ( 0.25y + 0.111111111111y ) * 0.125x ) + 0.125x ) + ( ( ( 0.25y + 0.142857142857y ) * 0.5y ) + 0.25y ) ) ) )
ind: 97
( ( 0.111111111111y + ( ( 0.166666666667y + 0.5x ) + ( ( ( 0.5x * 0.25x ) * 0.111111111111y ) + 0.111111111111y ) ) ) * 1.0x )
ind: 98
( ( ( 0.142857142857y + 1.0y ) * 1.0x ) * 0.5y )
ind: 99
( ( 0.142857142857y + ( ( ( 0.2y * 0.5x ) * ( 0.25y + 0.111111111111x ) ) * ( 0.333333333333y * 0.142857142857y ) ) ) + 0.111111111111x )
ind: 100
( 0.1x + ( ( ( 0.5y + ( 0.111111111111x + ( 0.2y * 0.333333333333x ) ) ) + ( 0.111111111111y + ( ( 0.2y * 0.2y ) + 0.25x ) ) ) * 0.1y ) )
Best Ind: ( 1.0y * ( 0.111111111111x + ( ( 0.25x + 0.111111111111y ) + 0.333333333333x ) ) )
Fitness = 39.9969524511
Worst Ind: ( 0.5x + ( ( ( 1.0y + 0.142857142857x ) + ( 0.333333333333x * 0.142857142857x ) ) + ( 1.0x + 0.1x ) ) )
Fitness = 55.0295960715
Avg Fitness = 48.6919418738
Duplicated = 1
============================================================================
Evaluate Gen  1
New Population 145
Better than Dads 19
Best Ind: ( 1.0y * ( 0.111111111111x + ( ( 0.25x + 0.111111111111y ) + 0.333333333333x ) ) )
Fitness = 39.9969524511
Worst Ind: ( ( 1.0x * 0.166666666667y ) * ( ( 0.2x + ( 0.111111111111x + ( ( 0.125y * 0.166666666667x ) * 0.111111111111y ) ) ) * 0.5x ) )
Fitness = 49.9578930843
Avg Fitness = 48.3685832825
Duplicated = 4
============================================================================
Evaluate Gen  2
New Population 138
Better than Dads 17
Best Ind: ( 1.0y * ( 0.111111111111x + ( ( 0.25x + 0.111111111111y ) + 0.333333333333x ) ) )
Fitness = 39.9969524511
Worst Ind: ( 0.333333333333x * 0.142857142857y )
Fitness = 49.4595256532
Avg Fitness = 48.0901966508
Duplicated = 6
============================================================================
Evaluate Gen  3
New Population 136
Better than Dads 15
Best Ind: ( 1.0y * ( 0.111111111111x + ( ( 0.25x + 0.111111111111y ) + 0.333333333333x ) ) )
Fitness = 39.9969524511
Worst Ind: ( ( ( ( ( 0.166666666667y + ( 0.5y * 0.2x ) ) * 0.166666666667x ) + 0.125y ) + ( ( 0.166666666667x + ( ( 0.2y * 0.125x ) + 0.125y ) ) * ( 0.5x * 0.1x ) ) ) + 0.111111111111y )
Fitness = 49.1398213714
Avg Fitness = 47.7606323723
Duplicated = 3
============================================================================
Evaluate Gen  4
New Population 144
Better than Dads 19
Best Ind: ( 1.0y * ( 0.111111111111x + ( ( 0.25x + 0.111111111111y ) + 0.333333333333x ) ) )
Fitness = 39.9969524511
Worst Ind: ( ( 0.111111111111x + 0.142857142857y ) + 0.25y )
Fitness = 48.9009511677
Avg Fitness = 47.4585501967
Duplicated = 3
============================================================================
Evaluate Gen  5
New Population 143
Better than Dads 21
Best Ind: ( 1.0y * ( 0.111111111111x + ( ( 0.25x + 0.111111111111y ) + 0.333333333333x ) ) )
Fitness = 39.9969524511
Worst Ind: ( 0.5x + ( ( 0.111111111111y * ( ( ( 1.0y * 0.25y ) + ( 0.125y * 0.333333333333y ) ) * ( 0.1x * 0.1x ) ) ) + 0.166666666667y ) )
Fitness = 48.6169473863
Avg Fitness = 47.1765387237
Duplicated = 4
============================================================================
Evaluate Gen  6
New Population 146
Better than Dads 20
Best Ind: ( 1.0y * ( 0.111111111111x + ( ( 0.25x + 0.111111111111y ) + 0.333333333333x ) ) )
Fitness = 39.9969524511
Worst Ind: ( ( ( ( 0.5x * 0.166666666667x ) * 0.166666666667y ) + 0.2x ) + ( 0.142857142857x + 0.5y ) )
Fitness = 48.1910720998
Avg Fitness = 46.828762522
Duplicated = 4
============================================================================
Evaluate Gen  7
New Population 141
Better than Dads 17
Best Ind: ( 1.0y * ( 0.111111111111x + ( ( 0.25x + 0.111111111111y ) + 0.333333333333x ) ) )
Fitness = 39.9969524511
Worst Ind: ( 0.142857142857y * ( ( ( ( ( 0.25x * 0.166666666667y ) * 0.25y ) + ( 0.166666666667y * ( 0.5y + 0.1y ) ) ) + ( 0.5y + 0.25x ) ) + ( ( 0.5y * 0.333333333333y ) * 0.333333333333x ) ) )
Fitness = 47.8747295397
Avg Fitness = 46.4469770904
Duplicated = 2
============================================================================
Evaluate Gen  8
New Population 145
Better than Dads 25
Best Ind: ( 1.0y * ( 0.111111111111x + ( ( 0.25x + 0.111111111111y ) + 0.333333333333x ) ) )
Fitness = 39.9969524511
Worst Ind: ( 0.333333333333x + ( 0.142857142857y + ( ( ( 0.166666666667y + 0.25x ) + ( 0.25x * 0.333333333333y ) ) * ( ( 0.5y * ( 0.2y * 1.0y ) ) + 0.166666666667y ) ) ) )
Fitness = 47.5815961633
Avg Fitness = 46.1018525281
Duplicated = 4
============================================================================
Evaluate Gen  9
New Population 137
Better than Dads 25
Best Ind: ( 1.0y * ( 0.111111111111x + ( ( 0.25x + 0.111111111111y ) + 0.333333333333x ) ) )
Fitness = 39.9969524511
Worst Ind: ( ( ( ( 0.5y + ( 0.111111111111x + ( 0.1y + 0.111111111111x ) ) ) + ( 0.111111111111y + ( ( 0.2y * 0.2y ) + 0.25x ) ) ) * 0.1y ) + 0.25x )
Fitness = 47.2869067193
Avg Fitness = 45.8527073925
Duplicated = 8
============================================================================
Evaluate Gen  10
New Population 142
Better than Dads 23
Best Ind: ( 1.0y * ( 0.111111111111x + ( ( 0.25x + 0.111111111111y ) + 0.333333333333x ) ) )
Fitness = 39.9969524511
Worst Ind: ( ( ( ( 0.333333333333y * 0.1y ) * 0.333333333333y ) + 1.0x ) + 0.5x )
Fitness = 46.9792849891
Avg Fitness = 45.5492925879
Duplicated = 11
============================================================================
Evaluate Gen  11
New Population 143
Better than Dads 24
Best Ind: ( 1.0y * ( 0.111111111111x + ( ( 0.25x + 0.111111111111y ) + 0.333333333333x ) ) )
Fitness = 39.9969524511
Worst Ind: ( ( 0.5x + 0.333333333333y ) * 0.25y )
Fitness = 46.642715998
Avg Fitness = 45.2797544187
Duplicated = 8
============================================================================
Evaluate Gen  12
New Population 139
Better than Dads 25
Best Ind: ( 1.0y * ( 0.111111111111x + ( ( 0.25x + 0.111111111111y ) + 0.333333333333x ) ) )
Fitness = 39.9969524511
Worst Ind: ( 0.166666666667y + ( ( 0.5y + ( 0.111111111111x + ( ( 0.125y * 0.166666666667x ) * 0.5x ) ) ) * 0.5x ) )
Fitness = 46.3494655884
Avg Fitness = 45.0389957087
Duplicated = 4
============================================================================
Evaluate Gen  13
New Population 143
Better than Dads 24
Best Ind: ( 1.0y * ( 0.111111111111x + ( ( 0.25x + 0.111111111111y ) + 0.333333333333x ) ) )
Fitness = 39.9969524511
Worst Ind: ( 0.142857142857y + ( 0.1x + ( ( ( 0.2y * 0.2y ) + 0.125y ) + ( 0.5x * 0.5x ) ) ) )
Fitness = 46.099377196
Avg Fitness = 44.6480624107
Duplicated = 4
============================================================================
Evaluate Gen  14
New Population 147
Better than Dads 29
Best Ind: ( ( 0.5y + ( ( 0.111111111111x + 0.333333333333y ) + 0.333333333333x ) ) + ( ( ( 0.5y + ( 0.111111111111x + ( 0.2x * 0.333333333333x ) ) ) + ( 0.111111111111y + ( ( 0.2y * 0.2y ) + 0.25x ) ) ) * 1.0x ) )
Fitness = 38.1446643964
Worst Ind: ( ( ( 1.0x + 0.142857142857y ) * ( 0.2x + ( 0.111111111111x + ( ( 0.125y * 0.166666666667x ) * 0.111111111111y ) ) ) ) + ( ( 0.111111111111x + 0.142857142857y ) + 0.25y ) )
Fitness = 45.7167587816
Avg Fitness = 44.3191028841
Duplicated = 2
============================================================================
Evaluate Gen  15
New Population 146
Better than Dads 25
Best Ind: ( ( 0.25x + 0.25y ) * ( ( ( ( 0.5y + 1.0x ) + ( 0.166666666667y * ( 0.5y + 0.1y ) ) ) + ( 0.5y + 0.25x ) ) + 0.5x ) )
Fitness = 33.8482341072
Worst Ind: ( ( ( ( ( 0.166666666667y + ( 0.5y + 0.5x ) ) * ( 0.111111111111x + 0.142857142857x ) ) + 0.25y ) * ( 0.5y + ( 0.125x * 0.142857142857y ) ) ) + ( 0.5x + 0.333333333333y ) )
Fitness = 45.259825296
Avg Fitness = 43.8258646951
Duplicated = 2
============================================================================
Evaluate Gen  16
New Population 147
Better than Dads 29
Best Ind: ( ( 0.25x + 0.25y ) * ( ( ( ( 0.5y + 1.0x ) + ( 0.166666666667y * ( 0.5y + 0.1y ) ) ) + ( 0.5y + 0.25x ) ) + 0.5x ) )
Fitness = 33.8482341072
Worst Ind: ( ( ( 0.111111111111x + 0.333333333333y ) + 0.333333333333x ) + ( ( 0.5x + 0.5y ) * 0.2y ) )
Fitness = 44.9525020135
Avg Fitness = 43.4571107255
Duplicated = 1
============================================================================
Evaluate Gen  17
New Population 141
Better than Dads 25
Best Ind: ( ( ( ( ( 0.25y + 0.5y ) + 1.0x ) + ( 0.125x * 0.142857142857y ) ) * 1.0x ) + 0.5y )
Fitness = 33.1746880538
Worst Ind: ( ( ( ( 0.333333333333y + 1.0x ) + 0.2x ) * 0.2y ) + ( ( 0.1x + ( ( 0.142857142857x * 0.333333333333x ) + 0.5y ) ) * 0.166666666667x ) )
Fitness = 44.7207966742
Avg Fitness = 43.0290675074
Duplicated = 2
============================================================================
Evaluate Gen  18
New Population 147
Better than Dads 30
Best Ind: ( ( ( ( ( 0.25y + 0.5y ) + 1.0x ) + ( 0.125x * 0.142857142857y ) ) * 1.0x ) + 0.5y )
Fitness = 33.1746880538
Worst Ind: ( ( 0.5y + ( ( 0.111111111111x + 0.333333333333y ) + 0.333333333333x ) ) + ( ( ( ( 0.333333333333y + 1.0x ) + 0.5x ) + ( 0.111111111111y + ( ( 0.166666666667y * 0.333333333333x ) + 0.25x ) ) ) * 0.166666666667x ) )
Fitness = 44.2440613134
Avg Fitness = 42.6989513908
Duplicated = 3
============================================================================
Evaluate Gen  19
New Population 138
Better than Dads 24
Best Ind: ( ( 0.1x + ( 0.5x + 0.5y ) ) * ( ( ( 0.333333333333y + ( 0.166666666667y * ( 0.111111111111x + 0.25x ) ) ) + ( 0.5y + 0.25x ) ) + 1.0y ) )
Fitness = 22.3381474388
Worst Ind: ( ( 0.111111111111x + 0.5x ) * ( ( ( 0.1y * ( ( 0.2x + 0.111111111111y ) + ( 0.125y + 0.2y ) ) ) + 0.1y ) + 1.0x ) )
Fitness = 44.0421424581
Avg Fitness = 42.1622320862
Duplicated = 2
============================================================================
Evaluate Gen  20
New Population 135
Better than Dads 22
Best Ind: ( ( 0.1x + ( 0.5x + 0.5y ) ) * ( ( ( 0.333333333333y + ( 0.166666666667y * ( 0.111111111111x + 0.25x ) ) ) + ( 0.5y + 0.25x ) ) + 1.0y ) )
Fitness = 22.3381474388
Worst Ind: ( ( 0.111111111111x + 0.5x ) * ( ( ( ( ( 0.2y * 0.2y ) + ( 0.111111111111x + 0.5x ) ) * ( ( 0.142857142857y + 0.111111111111y ) + ( 0.125y + 0.2y ) ) ) + 0.1y ) + 1.0x ) )
Fitness = 43.9134680593
Avg Fitness = 41.7533543067
Duplicated = 2
============================================================================
Evaluate Gen  21
New Population 146
Better than Dads 28
Best Ind: ( ( 0.1x + ( 0.5x + 0.5y ) ) * ( ( ( 0.333333333333y + ( 0.166666666667y * ( 0.111111111111x + 0.25x ) ) ) + ( 0.5y + 0.25x ) ) + 1.0y ) )
Fitness = 22.3381474388
Worst Ind: ( 0.142857142857y * ( ( ( 0.333333333333y + ( 0.166666666667y * ( 0.5y + 0.1y ) ) ) + ( 0.5y + 0.25x ) ) + 1.0y ) )
Fitness = 43.5429125962
Avg Fitness = 41.0086725915
Duplicated = 4
============================================================================
Evaluate Gen  22
New Population 143
Better than Dads 28
Best Ind: ( ( ( ( ( 0.25x + ( 0.5x + 0.5y ) ) + 1.0x ) + ( 0.125x * 0.142857142857y ) ) * ( ( ( 0.142857142857x + 0.333333333333x ) + 1.0x ) + 0.142857142857y ) ) + ( ( 0.1x + ( ( 0.2y + ( 0.5x * 0.111111111111x ) ) + 0.5y ) ) * 0.166666666667x ) )
Fitness = 19.7440256263
Worst Ind: ( ( ( ( ( 0.142857142857x + 0.333333333333x ) + 1.0x ) + 0.142857142857y ) + ( 0.5y + 0.333333333333x ) ) * 0.2y )
Fitness = 43.0650420048
Avg Fitness = 40.160485696
Duplicated = 2
============================================================================
Evaluate Gen  23
New Population 137
Better than Dads 22
Best Ind: ( ( ( ( ( 0.25x + ( 0.5x + 0.5y ) ) + 1.0x ) + ( 0.125x * 0.142857142857y ) ) * ( ( ( 0.142857142857x + 0.333333333333x ) + 1.0x ) + 0.142857142857y ) ) + ( ( 0.1x + ( ( 0.2y + ( 0.5x * 0.111111111111x ) ) + 0.5y ) ) * 0.166666666667x ) )
Fitness = 19.7440256263
Worst Ind: ( 0.166666666667y + ( ( 1.0x + 0.142857142857y ) * ( 0.2x + ( 0.5x + ( ( 0.125y * 0.333333333333x ) * 0.111111111111y ) ) ) ) )
Fitness = 42.5615557873
Avg Fitness = 39.7383260549
Duplicated = 3
============================================================================
Evaluate Gen  24
New Population 148
Better than Dads 32
Best Ind: ( ( ( ( ( 0.25x + ( 0.5x + 0.5y ) ) + 1.0x ) + ( 0.125x * 0.142857142857y ) ) * ( ( ( 0.142857142857x + 0.333333333333x ) + 1.0x ) + 0.142857142857y ) ) + ( ( 0.1x + ( ( 0.2y + ( 0.5x * 0.111111111111x ) ) + 0.5y ) ) * 0.166666666667x ) )
Fitness = 19.7440256263
Worst Ind: ( ( ( ( ( 1.0x * 0.142857142857y ) + ( ( 0.111111111111x + 0.25x ) + 0.111111111111x ) ) + 0.25y ) * ( ( 0.125x + ( 0.166666666667x + 0.333333333333y ) ) + 0.125y ) ) + ( ( 0.5y + ( 0.125x * 0.142857142857y ) ) + 0.333333333333y ) )
Fitness = 41.974050101
Avg Fitness = 39.0444878514
Duplicated = 4
============================================================================
Evaluate Gen  25
New Population 144
Better than Dads 25
Best Ind: ( ( ( ( ( 0.25x + ( 0.5x + 0.5y ) ) + 1.0x ) + ( 0.125x * 0.142857142857y ) ) * ( ( ( 0.142857142857x + 0.333333333333x ) + 1.0x ) + 0.142857142857y ) ) + ( ( 0.1x + ( ( 0.2y + ( 0.5x * 0.111111111111x ) ) + 0.5y ) ) * 0.166666666667x ) )
Fitness = 19.7440256263
Worst Ind: ( ( ( ( 1.0x + 1.0x ) + ( ( 0.333333333333x + 0.2x ) + ( 0.5x * 0.125x ) ) ) + ( 0.5y + 0.333333333333x ) ) * 0.2y )
Fitness = 41.4742898785
Avg Fitness = 38.1401225887
Duplicated = 6
============================================================================
Evaluate Gen  26
New Population 142
Better than Dads 31
Best Ind: ( ( ( ( ( 0.25x + ( 0.5x + 0.5y ) ) + 1.0x ) + ( 0.125x * 0.142857142857y ) ) * ( ( ( 0.142857142857x + 0.333333333333x ) + 1.0x ) + 0.142857142857y ) ) + ( ( 0.1x + ( ( 0.2y + ( 0.5x * 0.111111111111x ) ) + 0.5y ) ) * 0.166666666667x ) )
Fitness = 19.7440256263
Worst Ind: ( ( 1.0x + 0.142857142857y ) + ( 0.333333333333y + ( ( ( 0.166666666667y + ( 0.5y + 0.5x ) ) + ( 0.25x * 0.333333333333y ) ) * ( 0.333333333333x + 0.2x ) ) ) )
Fitness = 40.9101448746
Avg Fitness = 37.5463363144
Duplicated = 6
============================================================================
Evaluate Gen  27
New Population 146
Better than Dads 30
Best Ind: ( ( ( ( ( 0.25x + ( 0.5x + 0.5y ) ) + 1.0x ) + ( 0.125x * 0.142857142857y ) ) * ( ( ( 0.142857142857x + 0.333333333333x ) + 1.0x ) + 0.142857142857y ) ) + ( ( 0.1x + ( ( 0.2y + ( 0.5x * 0.111111111111x ) ) + 0.5y ) ) * 0.166666666667x ) )
Fitness = 19.7440256263
Worst Ind: ( ( 0.333333333333y + ( ( ( ( 0.5y + 0.25x ) + 0.25x ) + 0.5y ) * ( ( 0.5y * ( 0.2y * 1.0y ) ) + 0.166666666667y ) ) ) + ( ( 0.5x + 0.5y ) * 0.2y ) )
Fitness = 40.2509822256
Avg Fitness = 36.5837127225
Duplicated = 9
============================================================================
Evaluate Gen  28
New Population 143
Better than Dads 32
Best Ind: ( ( ( ( ( 0.25x + ( 0.5x + 0.5y ) ) + 1.0x ) + ( 0.125x * 0.142857142857y ) ) * ( ( ( 0.142857142857x + 0.333333333333x ) + 1.0x ) + 0.142857142857y ) ) + ( ( 0.1x + ( ( 0.2y + ( 0.5x * 0.111111111111x ) ) + 0.5y ) ) * 0.166666666667x ) )
Fitness = 19.7440256263
Worst Ind: ( ( 0.25y * 0.333333333333x ) + ( ( ( ( ( 0.333333333333x + 0.2x ) + ( 0.25x * 0.125x ) ) + 0.25x ) + 0.25y ) * 1.0x ) )
Fitness = 39.8127956695
Avg Fitness = 36.0518224904
Duplicated = 6
============================================================================
Evaluate Gen  29
New Population 140
Better than Dads 26
Best Ind: ( ( ( ( ( 0.25x + ( 0.5x + 0.5y ) ) + 1.0x ) + ( 0.125x * 0.142857142857y ) ) * ( ( ( 0.142857142857x + 0.333333333333x ) + 1.0x ) + 0.142857142857y ) ) + ( ( 0.1x + ( ( 0.2y + ( 0.5x * 0.111111111111x ) ) + 0.5y ) ) * 0.166666666667x ) )
Fitness = 19.7440256263
Worst Ind: ( ( ( 1.0x + ( 0.5x + 0.333333333333y ) ) * 0.5x ) + ( ( 0.25y * 0.2y ) + ( 0.25x + ( ( 0.1y + 0.2x ) * 0.5x ) ) ) )
Fitness = 38.966500939
Avg Fitness = 35.2703873734
Duplicated = 4
============================================================================
Evaluate Gen  30
New Population 143
Better than Dads 29
Best Ind: ( ( ( ( ( 0.25x + ( 0.5x + 0.5y ) ) + 1.0x ) + ( 0.125x * 0.142857142857y ) ) * ( ( ( 0.142857142857x + 0.333333333333x ) + 1.0x ) + 0.142857142857y ) ) + ( ( 0.1x + ( ( 0.2y + ( 0.5x * 0.111111111111x ) ) + 0.5y ) ) * 0.166666666667x ) )
Fitness = 19.7440256263
Worst Ind: ( ( ( 0.5y + ( 0.111111111111x + ( 0.2x * 0.333333333333x ) ) ) + ( ( ( ( 0.142857142857y + 0.2x ) + 0.25y ) * 1.0x ) + ( ( 0.2y * 0.2y ) + 0.25x ) ) ) + ( 0.166666666667y + ( ( 0.5y + 0.142857142857y ) * 0.333333333333x ) ) )
Fitness = 38.3144473252
Avg Fitness = 34.1075168116
Duplicated = 1
============================================================================
Evaluate Gen  31
New Population 141
Better than Dads 25
Best Ind: ( 1.0y * ( ( ( ( 0.5y + 1.0x ) + ( 0.166666666667y * ( 0.5y + 0.1y ) ) ) + ( 0.5y + 0.25x ) ) + 0.5x ) )
Fitness = 18.8229568675
Worst Ind: ( ( ( ( 0.2x + ( ( 0.166666666667y + 1.0x ) + ( 0.2x * 0.333333333333x ) ) ) + 1.0y ) * 0.5x ) + ( ( 0.25y + ( 0.333333333333y * 0.1x ) ) * 0.5x ) )
Fitness = 37.4828276621
Avg Fitness = 32.8531360786
Duplicated = 2
============================================================================
Evaluate Gen  32
New Population 146
Better than Dads 27
Best Ind: ( 1.0y * ( ( ( ( 0.5y + 1.0x ) + ( 0.166666666667y * ( 0.5y + 0.1y ) ) ) + ( 0.5y + 0.25x ) ) + 0.5x ) )
Fitness = 18.8229568675
Worst Ind: ( ( 1.0y + ( ( ( ( 0.1x * 0.2x ) * 0.2x ) + ( ( 0.333333333333x + 0.2x ) + ( 0.333333333333y * 0.125x ) ) ) + ( ( 0.1y + 0.2x ) * 1.0x ) ) ) + ( ( 0.5x + 0.125x ) * ( ( 0.5y + ( 0.111111111111x + 1.0x ) ) + ( 0.111111111111y + ( 0.142857142857x + 0.25x ) ) ) ) )
Fitness = 36.5840292705
Avg Fitness = 31.7661781802
Duplicated = 3
============================================================================
Evaluate Gen  33
New Population 145
Better than Dads 29
Best Ind: ( 1.0y * ( ( ( ( 0.5y + 1.0x ) + ( 0.166666666667y * ( 0.5y + 0.1y ) ) ) + ( 0.5y + 0.25x ) ) + 0.5x ) )
Fitness = 18.8229568675
Worst Ind: ( 0.333333333333y * ( ( 0.333333333333y + 1.0x ) + ( ( 0.142857142857y + 1.0y ) + ( 1.0x * ( ( 0.166666666667x * 1.0y ) + ( 0.142857142857y * 0.142857142857y ) ) ) ) ) )
Fitness = 35.5452522992
Avg Fitness = 30.8020878323
Duplicated = 5
============================================================================
Evaluate Gen  34
New Population 136
Better than Dads 24
Best Ind: ( ( 0.25x + ( 0.5y + 0.5x ) ) * ( ( ( ( 0.5y + 1.0x ) + 0.5y ) + ( 0.5y + 0.25x ) ) + 0.5x ) )
Fitness = 13.060350252
Worst Ind: ( ( 0.1x + ( 0.5x + 0.5y ) ) * ( ( 0.333333333333x + 0.1y ) + 1.0x ) )
Fitness = 34.8024092679
Avg Fitness = 29.6882527715
Duplicated = 4
============================================================================
Evaluate Gen  35
New Population 133
Better than Dads 20
Best Ind: ( ( 0.25x + ( 0.5y + 0.5x ) ) * ( ( ( ( 0.5y + 1.0x ) + 0.5y ) + ( 0.5y + 0.25x ) ) + 0.5x ) )
Fitness = 13.060350252
Worst Ind: ( ( ( 0.333333333333y + ( 0.166666666667y * ( 0.5y + 0.1y ) ) ) + ( 0.5y + 0.25x ) ) + ( 0.142857142857y + ( ( ( 0.166666666667y + ( 0.5y + 0.5x ) ) + ( 0.25x * 0.333333333333y ) ) * ( ( 0.5y + 0.25x ) + 0.25x ) ) ) )
Fitness = 33.8631391692
Avg Fitness = 28.687949925
Duplicated = 2
============================================================================
Evaluate Gen  36
New Population 144
Better than Dads 25
Best Ind: ( ( 0.25x + ( 0.5y + 0.5x ) ) * ( ( ( ( 0.5y + 1.0x ) + 0.5y ) + ( 0.5y + 0.25x ) ) + 0.5x ) )
Fitness = 13.060350252
Worst Ind: ( ( ( ( ( 0.142857142857x + ( 1.0x + 0.25x ) ) + 1.0x ) + ( 0.142857142857x + ( 0.333333333333x * 0.166666666667x ) ) ) + ( ( ( 0.111111111111x + 0.333333333333y ) + 1.0x ) + ( 0.111111111111y + 0.1y ) ) ) * 0.5x )
Fitness = 32.5574256837
Avg Fitness = 27.1167199704
Duplicated = 1
============================================================================
Evaluate Gen  37
New Population 143
Better than Dads 25
Best Ind: ( ( 0.25x + ( 0.5y + 0.5x ) ) * ( ( ( ( 0.5y + 1.0x ) + 0.5y ) + ( 0.5y + 0.25x ) ) + 0.5x ) )
Fitness = 13.060350252
Worst Ind: ( ( 0.1x + ( 0.5x + 0.5y ) ) * ( ( ( 0.166666666667x * ( 0.5x * ( 0.166666666667y + 1.0x ) ) ) + 0.1y ) + ( ( ( 0.25x + 0.111111111111y ) + 0.333333333333x ) + 1.0x ) ) )
Fitness = 30.7509056153
Avg Fitness = 25.686212923
Duplicated = 2
============================================================================
Evaluate Gen  38
New Population 145
Better than Dads 31
Best Ind: ( ( ( ( ( 1.0x + ( 0.5x + 0.5y ) ) + ( 0.5x + 0.5y ) ) + 1.0y ) * ( 0.5y + 0.5x ) ) + ( ( 0.25y + ( 0.333333333333y * 0.1x ) ) * 0.5x ) )
Fitness = 12.6240344223
Worst Ind: ( ( ( ( 0.2x + ( ( 0.333333333333y + 1.0x ) + 0.5y ) ) + 1.0y ) * 0.5x ) + ( ( 0.25y + 1.0y ) * 0.5x ) )
Fitness = 29.7421919313
Avg Fitness = 24.1207455705
Duplicated = 2
============================================================================
Evaluate Gen  39
New Population 138
Better than Dads 29
Best Ind: ( ( ( ( ( 1.0x + ( 0.5x + 0.5y ) ) + ( 0.5x + 0.5y ) ) + 1.0y ) * ( 0.5y + 0.5x ) ) + ( ( 0.25y + ( 0.333333333333y * 0.1x ) ) * 0.5x ) )
Fitness = 12.6240344223
Worst Ind: ( ( ( 1.0y * 1.0y ) + ( ( 0.125y * 1.0x ) + ( ( ( 0.166666666667y + 1.0x ) * 0.2y ) + 0.25x ) ) ) + 0.25x )
Fitness = 28.8550668537
Avg Fitness = 23.3361033865
Duplicated = 3
============================================================================
Evaluate Gen  40
New Population 142
Better than Dads 22
Best Ind: ( ( ( ( ( 1.0x + ( 0.5x + 0.5y ) ) + ( 0.5x + 0.5y ) ) + 1.0y ) * ( 0.5y + 0.5x ) ) + ( ( 0.25y + ( 0.333333333333y * 0.1x ) ) * 0.5x ) )
Fitness = 12.6240344223
Worst Ind: ( ( ( ( ( 0.5x + 1.0y ) + ( ( 0.166666666667y + 1.0x ) + ( 0.2x * 0.333333333333x ) ) ) + ( 0.25y + 0.333333333333x ) ) * 0.5y ) + 0.142857142857x )
Fitness = 27.1158387264
Avg Fitness = 21.4400346414
Duplicated = 2
============================================================================
Evaluate Gen  41
New Population 143
Better than Dads 25
Best Ind: ( ( 1.0y + 0.5y ) * ( ( ( 0.125y + 0.2y ) + ( ( 1.0x + 1.0x ) + ( ( 0.333333333333x + 0.2x ) + ( 0.5x * 0.125x ) ) ) ) + 0.142857142857y ) )
Fitness = 10.7459259286
Worst Ind: ( ( 0.333333333333x + ( ( 1.0x + ( ( 0.2x + 0.111111111111y ) + ( 0.125y + 0.2y ) ) ) + ( 1.0x + 0.142857142857y ) ) ) * 1.0x )
Fitness = 25.1431624887
Avg Fitness = 19.6294775963
Duplicated = 3
============================================================================
Evaluate Gen  42
New Population 141
Better than Dads 24
Best Ind: ( ( 1.0y * ( ( ( ( 1.0x + 1.0x ) + 0.142857142857y ) + ( 0.5y + 0.333333333333x ) ) + ( 0.166666666667x * ( 0.5x * ( 0.166666666667y + 1.0x ) ) ) ) ) + ( ( ( 0.5y + 1.0y ) + 0.5y ) * 1.0x ) )
Fitness = 10.0836246576
Worst Ind: ( ( 1.0x * 0.333333333333x ) + ( ( ( ( ( 1.0x + 1.0x ) + 0.142857142857y ) + ( 0.5y + 0.333333333333x ) ) + ( 0.166666666667x * ( 0.5x * ( 0.166666666667y + 1.0x ) ) ) ) * 1.0x ) )
Fitness = 23.7102096516
Avg Fitness = 18.1067923023
Duplicated = 5
============================================================================
Evaluate Gen  43
New Population 145
Better than Dads 25
Best Ind: ( ( 1.0y * ( ( ( ( 1.0x + 1.0x ) + 0.142857142857y ) + ( 0.5y + 0.333333333333x ) ) + ( 0.166666666667x * ( 0.5x * ( 0.166666666667y + 1.0x ) ) ) ) ) + ( ( ( 0.5y + 1.0y ) + 0.5y ) * 1.0x ) )
Fitness = 10.0836246576
Worst Ind: ( 1.0y * ( ( ( 0.5y + ( 0.111111111111x + 1.0x ) ) + ( 0.166666666667x * 1.0y ) ) + ( ( 0.25x + 0.111111111111y ) + 0.333333333333x ) ) )
Fitness = 21.9278666709
Avg Fitness = 16.4953624552
Duplicated = 4
============================================================================
Evaluate Gen  44
New Population 142
Better than Dads 28
Best Ind: ( ( 1.0y * ( ( ( ( 1.0x + 1.0x ) + 0.142857142857y ) + ( 0.5y + 0.333333333333x ) ) + ( 0.166666666667x * ( 0.5x * ( 0.166666666667y + 1.0x ) ) ) ) ) + ( ( ( 0.5y + 1.0y ) + 0.5y ) * 1.0x ) )
Fitness = 10.0836246576
Worst Ind: ( ( ( 1.0x + ( ( ( 0.125y + 0.2y ) + ( 0.142857142857y + 0.142857142857x ) ) + 0.142857142857y ) ) + ( ( 0.333333333333y + ( 0.166666666667y * ( 0.111111111111x + 0.25x ) ) ) + ( 0.5y + 0.25x ) ) ) * ( ( 0.142857142857x + 0.166666666667x ) + 1.0x ) )
Fitness = 19.525075431
Avg Fitness = 15.6082862245
Duplicated = 5
============================================================================
Evaluate Gen  45
New Population 138
Better than Dads 27
Best Ind: ( ( 1.0y * ( ( ( ( 1.0x + 1.0x ) + 0.142857142857y ) + ( 0.5y + 0.333333333333x ) ) + ( 0.166666666667x * ( 0.5x * ( 0.166666666667y + 1.0x ) ) ) ) ) + ( ( ( 0.5y + 1.0y ) + 0.5y ) * 1.0x ) )
Fitness = 10.0836246576
Worst Ind: ( ( ( ( ( ( 0.5y + 0.25x ) + 0.25x ) + ( 0.25x * 0.125x ) ) + ( 0.5y + 0.25x ) ) * ( ( 0.142857142857x + 0.166666666667x ) + 1.0x ) ) + ( ( ( 1.0x + ( 0.5x + 0.333333333333y ) ) * 0.5x ) + ( ( 1.0x + ( 0.5x + 0.333333333333y ) ) * 0.5x ) ) )
Fitness = 18.1180733899
Avg Fitness = 14.8570271143
Duplicated = 6
============================================================================
Evaluate Gen  46
New Population 141
Better than Dads 23
Best Ind: ( ( 1.0y * ( ( ( ( 1.0x + 1.0x ) + 0.142857142857y ) + ( 0.5y + 0.333333333333x ) ) + ( 0.166666666667x * ( 0.5x * ( 0.166666666667y + 1.0x ) ) ) ) ) + ( ( ( 0.5y + 1.0y ) + 0.5y ) * 1.0x ) )
Fitness = 10.0836246576
Worst Ind: ( ( ( ( ( ( 0.333333333333x + 0.2x ) + ( 0.333333333333y * 0.125x ) ) + 1.0x ) + ( 1.0x + 1.0x ) ) + 1.0x ) * ( ( 0.142857142857y + 0.2x ) + 1.0x ) )
Fitness = 16.3681899091
Avg Fitness = 14.1594827421
Duplicated = 9
============================================================================
Evaluate Gen  47
New Population 144
Better than Dads 30
Best Ind: ( ( 1.0y * ( ( ( ( 1.0x + 1.0x ) + 0.142857142857y ) + ( 0.5y + 0.333333333333x ) ) + ( 0.166666666667x * ( 0.5x * ( 0.166666666667y + 1.0x ) ) ) ) ) + ( ( ( 0.5y + 1.0y ) + 0.5y ) * 1.0x ) )
Fitness = 10.0836246576
Worst Ind: ( ( ( ( ( ( 0.5y + 0.25x ) + 0.5x ) + ( 0.25x * 0.125x ) ) + ( ( ( 0.142857142857x + 0.333333333333x ) + 1.0x ) + 0.25x ) ) * ( ( 0.142857142857x + 0.166666666667x ) + 1.0x ) ) + ( ( ( 1.0x + ( 0.5x + 0.333333333333y ) ) * 0.5x ) + ( ( 1.0x + ( 0.5x + 0.333333333333y ) ) * 0.5x ) ) )
Fitness = 16.1323586748
Avg Fitness = 13.6502720103
Duplicated = 6
============================================================================
Evaluate Gen  48
New Population 143
Better than Dads 30
Best Ind: ( ( 1.0y * ( ( ( ( 1.0x + 1.0x ) + 0.142857142857y ) + ( 0.5y + 0.333333333333x ) ) + ( 0.166666666667x * ( 0.5x * ( 0.166666666667y + 1.0x ) ) ) ) ) + ( ( ( 0.5y + 1.0y ) + 0.5y ) * 1.0x ) )
Fitness = 10.0836246576
Worst Ind: ( ( ( ( ( 0.333333333333x + 0.5y ) + ( 0.5y + 1.0x ) ) + 0.333333333333x ) + 1.0y ) * ( ( 0.142857142857x + 0.166666666667x ) + 1.0x ) )
Fitness = 15.321029496
Avg Fitness = 13.2684328381
Duplicated = 7
============================================================================
Evaluate Gen  49
New Population 140
Better than Dads 32
Best Ind: ( ( 1.0y * ( ( ( ( 1.0x + 1.0x ) + 0.142857142857y ) + ( 0.5y + 0.333333333333x ) ) + ( 0.166666666667x * ( 0.5x * ( 0.166666666667y + 1.0x ) ) ) ) ) + ( ( ( 0.5y + 1.0y ) + 0.5y ) * 1.0x ) )
Fitness = 10.0836246576
Worst Ind: ( ( ( ( ( 0.333333333333x + 0.2x ) + ( 0.25x + 0.25y ) ) + 1.0x ) + 0.25y ) * ( ( ( 0.125y + 0.333333333333x ) + ( ( 0.25y + ( 0.166666666667y * 0.5y ) ) + ( 0.5y + 0.25x ) ) ) + 0.142857142857y ) )
Fitness = 15.1147870068
Avg Fitness = 12.9901718852
Duplicated = 6
============================================================================
Evaluate Gen  50
New Population 144
Better than Dads 34
Best Ind: ( ( 1.0y * ( ( ( ( 1.0x + 1.0x ) + 0.142857142857y ) + ( 0.5y + 0.333333333333x ) ) + ( 0.166666666667x * ( 0.5x * ( 0.166666666667y + 1.0x ) ) ) ) ) + ( ( ( 0.5y + 1.0y ) + 0.5y ) * 1.0x ) )
Fitness = 10.0836246576
Worst Ind: ( ( ( 0.1x + ( 0.5x + 0.5y ) ) + ( 1.0y + 0.5y ) ) * ( 0.25x + ( 0.1x + ( 0.5x + 0.5y ) ) ) )
Fitness = 14.7478215784
Avg Fitness = 12.6541599412
Duplicated = 5
============================================================================
Evaluate Gen  51
New Population 142
Better than Dads 26
Best Ind: ( ( 1.0y * ( ( ( ( 1.0x + 1.0x ) + 0.142857142857y ) + ( 0.5y + 0.333333333333x ) ) + ( 0.166666666667x * ( 0.5x * ( 0.166666666667y + 1.0x ) ) ) ) ) + ( ( ( 0.5y + 1.0y ) + 0.5y ) * 1.0x ) )
Fitness = 10.0836246576
Worst Ind: ( ( 0.1x + ( ( 0.5y + 1.0y ) + 0.5y ) ) * ( ( ( 0.166666666667x * ( 0.5x * ( 0.166666666667y + 1.0x ) ) ) + 0.1y ) + ( ( ( 0.25x + 0.111111111111y ) + 0.333333333333x ) + 1.0x ) ) )
Fitness = 13.8656931339
Avg Fitness = 12.179462703
Duplicated = 7
============================================================================
Evaluate Gen  52
New Population 142
Better than Dads 34
Best Ind: ( ( 1.0y * ( ( ( ( 1.0x + 1.0x ) + 0.142857142857y ) + ( 0.5y + 0.333333333333x ) ) + ( 0.166666666667x * ( 0.5x * ( 0.166666666667y + 1.0x ) ) ) ) ) + ( ( ( 0.5y + 1.0y ) + 0.5y ) * 1.0x ) )
Fitness = 10.0836246576
Worst Ind: ( ( ( 0.333333333333y + ( 0.25x + ( 0.1x + ( 0.5x + 0.5y ) ) ) ) + ( ( ( 1.0y + 1.0x ) + 0.25x ) + 0.5y ) ) * ( ( ( 0.1y * ( 0.5x * ( 0.166666666667y + 1.0x ) ) ) + 0.1y ) + 1.0x ) )
Fitness = 13.6392246516
Avg Fitness = 11.9719835053
Duplicated = 7
============================================================================
Evaluate Gen  53
New Population 140
Better than Dads 34
Best Ind: ( ( 1.0y * ( ( ( ( 1.0x + 1.0x ) + 0.142857142857y ) + ( 0.5y + 0.333333333333x ) ) + ( 0.166666666667x * ( 0.5x * ( 0.166666666667y + 1.0x ) ) ) ) ) + ( ( ( 0.5y + 1.0y ) + 0.5y ) * 1.0x ) )
Fitness = 10.0836246576
Worst Ind: ( ( ( 0.142857142857y + ( 0.142857142857x + 0.333333333333x ) ) + ( 1.0y + 0.5y ) ) * ( ( ( 0.333333333333y + 1.0x ) + 0.5y ) + ( ( 0.166666666667y + 0.2x ) + ( 0.5x + 0.5y ) ) ) )
Fitness = 13.3992659686
Avg Fitness = 11.8259152579
Duplicated = 7
============================================================================
Evaluate Gen  54
New Population 141
Better than Dads 33
Best Ind: ( ( 0.1x + ( ( 0.142857142857y + 1.0y ) + 0.5y ) ) * ( ( ( ( 0.166666666667y + 1.0x ) + 0.2x ) + 0.1y ) + ( ( ( 0.25x + 0.111111111111y ) + 0.333333333333x ) + 1.0x ) ) )
Fitness = 9.93913728884
Worst Ind: ( ( ( ( 1.0x * 0.142857142857y ) + 0.111111111111y ) + ( ( ( ( 0.142857142857x + 0.333333333333x ) + 0.166666666667y ) + 0.25x ) + 0.5y ) ) * ( ( ( 0.1y * ( 0.5x * ( 0.166666666667y + 1.0x ) ) ) + 0.1y ) + ( ( 0.142857142857x + ( 1.0x + ( 0.5y + 0.25x ) ) ) + 1.0x ) ) )
Fitness = 12.8971058775
Avg Fitness = 11.6004893135
Duplicated = 7
============================================================================
Evaluate Gen  55
New Population 140
Better than Dads 33
Best Ind: ( ( 0.1x + ( ( 0.142857142857y + 1.0y ) + 0.5y ) ) * ( ( ( ( 0.166666666667y + 1.0x ) + 0.2x ) + 0.1y ) + ( ( ( 0.25x + 0.111111111111y ) + 0.333333333333x ) + 1.0x ) ) )
Fitness = 9.93913728884
Worst Ind: ( ( ( ( ( 1.0x + ( 0.5x + 0.5y ) ) + ( 0.5x + 0.5y ) ) + 1.0y ) * ( 0.5y + 0.5x ) ) + ( ( 0.25y + ( 0.333333333333y * 0.1x ) ) * 0.5x ) )
Fitness = 12.6240344223
Avg Fitness = 11.4592655407
Duplicated = 6
============================================================================
Evaluate Gen  56
New Population 139
Better than Dads 30
Best Ind: ( ( 0.1x + ( ( 0.142857142857y + 1.0y ) + 0.5y ) ) * ( ( ( ( 0.166666666667y + 1.0x ) + 0.2x ) + 0.1y ) + ( ( ( 0.25x + 0.111111111111y ) + 0.333333333333x ) + 1.0x ) ) )
Fitness = 9.93913728884
Worst Ind: ( 1.0y * ( ( 0.111111111111y + ( ( 0.333333333333x + 0.5y ) + ( 1.0x + 1.0x ) ) ) + 1.0x ) )
Fitness = 12.1719664385
Avg Fitness = 11.3397583477
Duplicated = 8
============================================================================
Evaluate Gen  57
New Population 143
Better than Dads 38
Best Ind: ( ( 0.1x + ( ( 0.142857142857y + 1.0y ) + 0.5y ) ) * ( ( ( ( 0.166666666667y + 1.0x ) + 0.2x ) + 0.1y ) + ( ( ( 0.25x + 0.111111111111y ) + 0.333333333333x ) + 1.0x ) ) )
Fitness = 9.93913728884
Worst Ind: ( ( ( ( 0.333333333333x + 0.2x ) + ( ( 0.125y + 0.2y ) + ( 0.142857142857y + 0.142857142857x ) ) ) + ( 0.5x + 0.5y ) ) * ( ( ( 0.125y + 0.2y ) + ( ( 1.0x + 1.0x ) + ( ( 0.333333333333x + 0.2x ) + ( 0.5x * 0.125x ) ) ) ) + 0.142857142857y ) )
Fitness = 12.021572773
Avg Fitness = 11.2721424189
Duplicated = 9
============================================================================
Evaluate Gen  58
New Population 143
Better than Dads 34
Best Ind: ( ( 0.1x + ( ( 0.142857142857y + 1.0y ) + 0.5y ) ) * ( ( ( ( 0.166666666667y + 1.0x ) + 0.2x ) + 0.1y ) + ( ( ( 0.25x + 0.111111111111y ) + 0.333333333333x ) + 1.0x ) ) )
Fitness = 9.93913728884
Worst Ind: ( ( ( 0.142857142857y + ( 0.142857142857x + 0.333333333333x ) ) + ( 1.0y + 0.5y ) ) * ( ( ( 0.333333333333y + 1.0x ) + 0.5y ) + ( 0.1x + ( 0.5x + 0.5y ) ) ) )
Fitness = 11.8618161901
Avg Fitness = 11.1878125872
Duplicated = 11
============================================================================
Evaluate Gen  59
New Population 136
Better than Dads 33
Best Ind: ( ( 0.1x + ( ( 0.142857142857y + 1.0y ) + 0.5y ) ) * ( ( ( ( 0.166666666667y + 1.0x ) + 0.2x ) + 0.1y ) + ( ( ( 0.25x + 0.111111111111y ) + 0.333333333333x ) + 1.0x ) ) )
Fitness = 9.93913728884
Worst Ind: ( ( ( 0.25x + 0.5y ) + ( ( ( ( 0.142857142857x + 0.333333333333x ) + 1.0x ) + 0.25x ) + 0.5y ) ) * ( ( 0.1x + ( 0.5x + 0.5y ) ) + 1.0x ) )
Fitness = 11.7601723269
Avg Fitness = 11.1617311412
Duplicated = 10
============================================================================
Evaluate Gen  60
New Population 141
Better than Dads 32
Best Ind: ( ( 0.1x + ( ( 0.142857142857y + 1.0y ) + 0.5y ) ) * ( ( ( ( 0.166666666667y + 1.0x ) + 0.2x ) + 0.1y ) + ( ( ( 0.25x + 0.111111111111y ) + 0.333333333333x ) + 1.0x ) ) )
Fitness = 9.93913728884
Worst Ind: ( 1.0y * ( ( 0.5y + 1.0x ) + ( ( ( 1.0y + 0.5y ) + 1.0x ) + 0.333333333333x ) ) )
Fitness = 11.6137022497
Avg Fitness = 11.0978856482
Duplicated = 11
============================================================================
Evaluate Gen  61
New Population 146
Better than Dads 37
Best Ind: ( ( 0.1x + ( ( 0.142857142857y + 1.0y ) + 0.5y ) ) * ( ( ( ( 0.166666666667y + 1.0x ) + 0.2x ) + 0.1y ) + ( ( ( 0.25x + 0.111111111111y ) + 0.333333333333x ) + 1.0x ) ) )
Fitness = 9.93913728884
Worst Ind: ( ( 0.1x + ( ( 0.5y + 1.0y ) + 0.5y ) ) * ( 1.0x + ( ( ( 0.25x + 0.111111111111y ) + 0.333333333333x ) + 1.0x ) ) )
Fitness = 11.5302821338
Avg Fitness = 11.0461681215
Duplicated = 12
============================================================================
Evaluate Gen  62
New Population 141
Better than Dads 36
Best Ind: ( ( 0.1x + ( ( 0.142857142857y + 1.0y ) + 0.5y ) ) * ( ( ( ( 0.166666666667y + 1.0x ) + 0.2x ) + 0.1y ) + ( ( ( 0.25x + 0.111111111111y ) + 0.333333333333x ) + 1.0x ) ) )
Fitness = 9.93913728884
Worst Ind: ( ( 0.333333333333x + ( ( 0.1x + ( 0.5x + 0.5y ) ) + ( 1.0x + 1.0y ) ) ) * ( ( 0.5y + 1.0y ) + ( 0.166666666667x * 1.0y ) ) )
Fitness = 11.435648485
Avg Fitness = 11.0148801979
Duplicated = 10
============================================================================
Evaluate Gen  63
New Population 146
Better than Dads 37
Best Ind: ( ( 0.1x + ( ( 0.142857142857y + 1.0y ) + 0.5y ) ) * ( ( ( ( 0.166666666667y + 1.0x ) + 0.2x ) + 0.1y ) + ( ( ( 0.25x + 0.111111111111y ) + 0.333333333333x ) + 1.0x ) ) )
Fitness = 9.93913728884
Worst Ind: ( ( ( 0.25y + 1.0x ) + ( 1.0y + ( ( 0.142857142857x + 0.333333333333x ) + 1.0x ) ) ) * ( 0.25x + ( 0.1x + ( 0.5x + 0.5y ) ) ) )
Fitness = 11.3588271585
Avg Fitness = 10.9758152546
Duplicated = 15
============================================================================
Evaluate Gen  64
New Population 143
Better than Dads 34
Best Ind: ( ( 0.1x + ( ( 0.142857142857y + 1.0y ) + 0.5y ) ) * ( ( ( ( 0.166666666667y + 1.0x ) + 0.2x ) + 0.1y ) + ( ( ( 0.25x + 0.111111111111y ) + 0.333333333333x ) + 1.0x ) ) )
Fitness = 9.93913728884
Worst Ind: ( ( ( 1.0y + 0.333333333333x ) * ( 0.166666666667y + 1.0x ) ) + ( ( ( 1.0y + 0.333333333333x ) * 1.0y ) + ( ( 1.0x + ( 0.5x + 0.333333333333y ) ) * ( ( 0.25y + ( 0.166666666667y * 0.5y ) ) + ( 0.5y + 0.25x ) ) ) ) )
Fitness = 11.2775873823
Avg Fitness = 10.9432275927
Duplicated = 19
============================================================================
Evaluate Gen  65
New Population 145
Better than Dads 42
Best Ind: ( ( 0.1x + ( ( 0.142857142857y + 1.0y ) + 0.5y ) ) * ( ( ( ( 0.166666666667y + 1.0x ) + 0.2x ) + 0.1y ) + ( ( ( 0.25x + 0.111111111111y ) + 0.333333333333x ) + 1.0x ) ) )
Fitness = 9.93913728884
Worst Ind: ( ( ( ( ( ( 0.5y + 1.0x ) + ( 0.5x + 0.5y ) ) + 0.5x ) + 0.1x ) + 0.25y ) * ( ( ( 0.125y + 0.2y ) + ( 0.142857142857y + 0.142857142857x ) ) + ( 0.25y + 0.5y ) ) )
Fitness = 11.2424054164
Avg Fitness = 10.9272316077
Duplicated = 19
============================================================================
Evaluate Gen  66
New Population 143
Better than Dads 36
Best Ind: ( ( 0.1x + ( ( 0.142857142857y + 1.0y ) + 0.5y ) ) * ( ( ( ( 0.166666666667y + 1.0x ) + 0.2x ) + 0.1y ) + ( ( ( 0.25x + 0.111111111111y ) + 0.333333333333x ) + 1.0x ) ) )
Fitness = 9.93913728884
Worst Ind: ( ( 0.5y + ( ( ( 1.0y + 0.333333333333x ) + ( ( 0.25x + 0.111111111111y ) + ( 0.125y + 0.2y ) ) ) + ( 1.0x + 0.142857142857y ) ) ) * ( ( 0.5y + ( 0.111111111111x + 1.0x ) ) + ( 0.166666666667x * 1.0y ) ) )
Fitness = 11.1831476937
Avg Fitness = 10.9005467589
Duplicated = 18
============================================================================
Evaluate Gen  67
New Population 147
Better than Dads 43
Best Ind: ( ( 0.1x + ( ( 0.142857142857y + 1.0y ) + 0.5y ) ) * ( ( ( ( 0.166666666667y + 1.0x ) + 0.2x ) + 0.1y ) + ( ( ( 0.25x + 0.111111111111y ) + 0.333333333333x ) + 1.0x ) ) )
Fitness = 9.93913728884
Worst Ind: ( ( ( ( 0.2x + ( ( 0.166666666667y + 1.0x ) + 0.5y ) ) + 1.0y ) * ( 0.5y + ( 0.5y + 1.0x ) ) ) + ( ( 0.25y + ( 0.333333333333y * 0.1x ) ) * 0.5x ) )
Fitness = 11.1587018949
Avg Fitness = 10.8797745528
Duplicated = 17
============================================================================
Evaluate Gen  68
New Population 146
Better than Dads 42
Best Ind: ( ( 0.1x + ( ( 0.142857142857y + 1.0y ) + 0.5y ) ) * ( ( ( ( 0.166666666667y + 1.0x ) + 0.2x ) + 0.1y ) + ( ( ( 0.25x + 0.111111111111y ) + 0.333333333333x ) + 1.0x ) ) )
Fitness = 9.93913728884
Worst Ind: ( ( ( ( 0.166666666667x * ( 0.5x * ( 0.166666666667y + 1.0x ) ) ) + 0.1y ) + ( ( ( 0.111111111111y + 0.111111111111y ) + 0.333333333333x ) + 1.0x ) ) * ( ( 0.5y + 1.0x ) + ( ( ( 1.0y + 0.5y ) + 0.5y ) + 0.333333333333x ) ) )
Fitness = 11.1290235949
Avg Fitness = 10.8693912337
Duplicated = 20
============================================================================
Evaluate Gen  69
New Population 143
Better than Dads 39
Best Ind: ( ( 0.1x + ( ( 0.142857142857y + 1.0y ) + 0.5y ) ) * ( ( ( ( 0.166666666667y + 1.0x ) + 0.2x ) + 0.1y ) + ( ( ( 0.25x + 0.111111111111y ) + 0.333333333333x ) + 1.0x ) ) )
Fitness = 9.93913728884
Worst Ind: ( ( 0.1x + ( ( 0.5y + 1.0y ) + 1.0x ) ) * ( ( ( 0.166666666667x * ( 0.5x * ( 0.166666666667y + 0.5y ) ) ) + 0.1y ) + ( 1.0y + 1.0x ) ) )
Fitness = 11.1181179899
Avg Fitness = 10.8544538845
Duplicated = 18
============================================================================
Evaluate Gen  70
New Population 145
Better than Dads 34
Best Ind: ( ( 0.1x + ( ( 0.142857142857y + 1.0y ) + 0.5y ) ) * ( ( ( ( 0.166666666667y + 1.0x ) + 0.2x ) + 0.1y ) + ( ( ( 0.25x + 0.111111111111y ) + 0.333333333333x ) + 1.0x ) ) )
Fitness = 9.93913728884
Worst Ind: ( ( ( 0.5x + 1.0y ) + 0.25y ) * ( ( ( ( 0.2x + ( 0.5y + 1.0x ) ) + 0.333333333333x ) + ( 0.142857142857y + 0.142857142857x ) ) + 0.5y ) )
Fitness = 11.0588941008
Avg Fitness = 10.8062342704
Duplicated = 20
============================================================================
Evaluate Gen  71
New Population 142
Better than Dads 38
Best Ind: ( ( 0.1x + ( ( 0.142857142857y + 1.0y ) + 0.5y ) ) * ( ( ( ( 0.166666666667y + 1.0x ) + 0.2x ) + 0.1y ) + ( ( ( 0.25x + 0.111111111111y ) + 0.333333333333x ) + 1.0x ) ) )
Fitness = 9.93913728884
Worst Ind: ( ( ( ( 0.166666666667x * ( 0.5x * ( 0.166666666667y + 1.0x ) ) ) + 0.1y ) + ( ( ( 0.25x + 0.111111111111y ) + 0.142857142857y ) + 1.0x ) ) * ( ( 0.5y + 1.0x ) + ( ( ( 1.0y + 0.5y ) + 0.5y ) + 0.333333333333x ) ) )
Fitness = 11.0323137394
Avg Fitness = 10.7826765129
Duplicated = 17
============================================================================
Evaluate Gen  72
New Population 142
Better than Dads 36
Best Ind: ( ( 0.1x + ( ( 0.142857142857y + 1.0y ) + 0.5y ) ) * ( ( ( ( 0.166666666667y + 1.0x ) + 0.2x ) + 0.1y ) + ( ( ( 0.25x + 0.111111111111y ) + 0.333333333333x ) + 1.0x ) ) )
Fitness = 9.93913728884
Worst Ind: ( ( ( ( ( 0.333333333333x + 0.2x ) + ( 0.25x + 0.25y ) ) + 1.0x ) + ( 0.333333333333y + ( 0.25x + ( 0.1x + ( 0.5x + 0.5y ) ) ) ) ) * ( ( ( 0.125y + 0.333333333333x ) + ( ( 0.25y + ( 0.166666666667y * 0.5y ) ) + ( 0.5y + 0.25x ) ) ) + 0.142857142857y ) )
Fitness = 11.0240334804
Avg Fitness = 10.7670508208
Duplicated = 16
============================================================================
Evaluate Gen  73
New Population 141
Better than Dads 36
Best Ind: ( ( 0.1x + ( ( 0.142857142857y + 1.0y ) + 0.5y ) ) * ( ( ( ( 0.166666666667y + 1.0x ) + 0.2x ) + 0.1y ) + ( ( ( 0.25x + 0.111111111111y ) + 0.333333333333x ) + 1.0x ) ) )
Fitness = 9.93913728884
Worst Ind: ( ( ( 0.1x + ( 1.0y + 0.5y ) ) * ( ( 0.5y + 0.333333333333x ) + 1.0x ) ) + ( ( 1.0x + 0.142857142857y ) * ( 0.2x + ( ( 1.0y + 0.333333333333x ) + ( ( 0.125y * 0.333333333333x ) * 0.111111111111y ) ) ) ) )
Fitness = 10.9960396968
Avg Fitness = 10.7566466162
Duplicated = 15
============================================================================
Evaluate Gen  74
New Population 134
Better than Dads 31
Best Ind: ( ( 0.1x + ( ( 0.142857142857y + 1.0y ) + 0.5y ) ) * ( ( ( ( 0.166666666667y + 1.0x ) + 0.2x ) + 0.1y ) + ( ( ( 0.25x + 0.111111111111y ) + 0.333333333333x ) + 1.0x ) ) )
Fitness = 9.93913728884
Worst Ind: ( ( ( 0.1x + ( 1.0y + 0.5y ) ) * ( ( 0.5y + ( 0.333333333333y + 1.0x ) ) + 1.0x ) ) + ( ( 1.0x + 0.142857142857y ) * ( 0.2x + ( ( 1.0y + 0.333333333333x ) + ( ( 0.125y * 0.333333333333x ) * 0.111111111111y ) ) ) ) )
Fitness = 10.9818817209
Avg Fitness = 10.7469854547
Duplicated = 14
============================================================================
Evaluate Gen  75
New Population 136
Better than Dads 35
Best Ind: ( ( 0.1x + ( ( 0.142857142857y + 1.0y ) + 0.5y ) ) * ( ( ( ( 0.166666666667y + 1.0x ) + 0.2x ) + 0.1y ) + ( ( ( 0.25x + 0.111111111111y ) + 0.333333333333x ) + 1.0x ) ) )
Fitness = 9.93913728884
Worst Ind: ( ( ( ( 0.5y + 0.5x ) + 0.5y ) + ( ( ( ( 0.142857142857x + 0.333333333333x ) + 1.0x ) + 0.25x ) + ( 0.5y + 0.25y ) ) ) * ( 1.0y + 0.333333333333x ) )
Fitness = 10.9655421058
Avg Fitness = 10.7438353001
Duplicated = 14
============================================================================
Evaluate Gen  76
New Population 144
Better than Dads 36
Best Ind: ( ( 0.1x + ( ( 0.142857142857y + 1.0y ) + 0.5y ) ) * ( ( ( ( 0.166666666667y + 1.0x ) + 0.2x ) + 0.1y ) + ( ( ( 0.25x + 0.111111111111y ) + 0.333333333333x ) + 1.0x ) ) )
Fitness = 9.93913728884
Worst Ind: ( ( 0.333333333333x + ( ( 0.1x + ( 0.5x + 0.5y ) ) + ( 1.0y + 1.0y ) ) ) * ( ( 0.5y + ( 0.111111111111x + 1.0x ) ) + ( 0.166666666667x * 1.0y ) ) )
Fitness = 10.942399772
Avg Fitness = 10.7251634507
Duplicated = 19
============================================================================
Evaluate Gen  77
New Population 133
Better than Dads 33
Best Ind: ( ( 0.1x + ( ( 0.142857142857y + 1.0y ) + 0.5y ) ) * ( ( ( ( 0.166666666667y + 1.0x ) + 0.2x ) + 0.1y ) + ( ( ( 0.25x + 0.111111111111y ) + 0.333333333333x ) + 1.0x ) ) )
Fitness = 9.93913728884
Worst Ind: ( ( 0.333333333333x + ( ( 0.1x + ( 0.5x + 0.5y ) ) + ( 1.0y + 1.0y ) ) ) * ( ( 0.5y + ( 0.111111111111x + 1.0x ) ) + ( 0.166666666667x * 1.0y ) ) )
Fitness = 10.942399772
Avg Fitness = 10.7251634507
Duplicated = 19
============================================================================
Evaluate Gen  78
New Population 143
Better than Dads 42
Best Ind: ( ( 0.1x + ( ( 0.142857142857y + 1.0y ) + 0.5y ) ) * ( ( ( ( 0.166666666667y + 1.0x ) + 0.2x ) + 0.1y ) + ( ( ( 0.25x + 0.111111111111y ) + 0.333333333333x ) + 1.0x ) ) )
Fitness = 9.93913728884
Worst Ind: ( ( ( 0.25x + 1.0y ) + ( ( 1.0x + 0.142857142857y ) + 0.5y ) ) * ( ( 0.1x + ( 0.5x + 0.5y ) ) + 1.0x ) )
Fitness = 10.9234685127
Avg Fitness = 10.717332469
Duplicated = 18
============================================================================
Evaluate Gen  79
New Population 147
Better than Dads 43
Best Ind: ( ( 0.1x + ( ( 0.142857142857y + 1.0y ) + 0.5y ) ) * ( ( ( ( 0.166666666667y + 1.0x ) + 0.2x ) + 0.1y ) + ( ( ( 0.25x + 0.111111111111y ) + 0.333333333333x ) + 1.0x ) ) )
Fitness = 9.93913728884
Worst Ind: ( ( ( ( ( 0.25y + ( 0.142857142857x + 0.166666666667x ) ) + ( 0.1x + ( 0.5x + 0.5y ) ) ) + ( 0.5x + 0.5y ) ) + ( 1.0y + 0.5y ) ) * ( 0.25x + ( 0.1x + ( 0.5x + 0.5y ) ) ) )
Fitness = 10.9168952338
Avg Fitness = 10.7050426595
Duplicated = 17
============================================================================
Evaluate Gen  80
New Population 140
Better than Dads 40
Best Ind: ( ( 0.1x + ( ( 0.142857142857y + 1.0y ) + 0.5y ) ) * ( ( ( ( 0.166666666667y + 1.0x ) + 0.2x ) + 0.1y ) + ( ( ( 0.25x + 0.111111111111y ) + 0.333333333333x ) + 1.0x ) ) )
Fitness = 9.93913728884
Worst Ind: ( ( 0.333333333333y + ( ( ( ( 0.5y + 0.333333333333x ) + 1.0x ) + 0.25x ) + ( 1.0x + ( 0.1x + ( 0.5x + 0.5y ) ) ) ) ) * ( 1.0y + 0.333333333333x ) )
Fitness = 10.9165743284
Avg Fitness = 10.7044337142
Duplicated = 17
============================================================================
Evaluate Gen  81
New Population 138
Better than Dads 31
Best Ind: ( ( 0.1x + ( ( 0.142857142857y + 1.0y ) + 0.5y ) ) * ( ( ( ( 0.166666666667y + 1.0x ) + 0.2x ) + 0.1y ) + ( ( ( 0.25x + 0.111111111111y ) + 0.333333333333x ) + 1.0x ) ) )
Fitness = 9.93913728884
Worst Ind: ( ( ( ( ( 0.111111111111x + 1.0x ) + 0.333333333333x ) + 1.0x ) + ( ( ( ( 0.142857142857x + 0.333333333333x ) + 1.0x ) + 0.25x ) + ( 0.5y + 0.25y ) ) ) * ( 1.0y + 0.333333333333x ) )
Fitness = 10.89624084
Avg Fitness = 10.6847673608
Duplicated = 13
============================================================================
Evaluate Gen  82
New Population 139
Better than Dads 38
Best Ind: ( ( 0.1x + ( ( 0.142857142857y + 1.0y ) + 0.5y ) ) * ( ( ( ( 0.166666666667y + 1.0x ) + 0.2x ) + 0.1y ) + ( ( ( 0.25x + 0.111111111111y ) + 0.333333333333x ) + 1.0x ) ) )
Fitness = 9.93913728884
Worst Ind: ( ( ( ( ( 0.25y + ( 0.5x + 0.142857142857y ) ) + 1.0y ) + 0.142857142857y ) * ( 0.166666666667y + 1.0x ) ) + ( ( ( 1.0y + 0.333333333333x ) * 1.0y ) + ( ( 1.0x + ( 0.5x + 0.333333333333y ) ) * ( ( 0.25y + ( 0.166666666667y * 0.5y ) ) + ( 0.5y + 0.25x ) ) ) ) )
Fitness = 10.8939980134
Avg Fitness = 10.681640779
Duplicated = 13
============================================================================
Evaluate Gen  83
New Population 145
Better than Dads 40
Best Ind: ( ( 0.1x + ( ( 0.142857142857y + 1.0y ) + 0.5y ) ) * ( ( ( ( 0.166666666667y + 1.0x ) + 0.2x ) + 0.1y ) + ( ( ( 0.25x + 0.111111111111y ) + 0.333333333333x ) + 1.0x ) ) )
Fitness = 9.93913728884
Worst Ind: ( ( ( ( 0.2x + ( ( 0.333333333333y + 1.0x ) + 0.5y ) ) + 1.0y ) * ( 0.5y + 1.0x ) ) + ( ( 1.0y + ( 0.333333333333y * 0.1x ) ) * 0.5x ) )
Fitness = 10.8886295696
Avg Fitness = 10.6587351932
Duplicated = 14
============================================================================
Evaluate Gen  84
New Population 143
Better than Dads 42
Best Ind: ( ( 0.1x + ( ( 0.142857142857y + 1.0y ) + 0.5y ) ) * ( ( ( ( 0.166666666667y + 1.0x ) + 0.2x ) + 0.1y ) + ( ( ( 0.25x + 0.111111111111y ) + 0.333333333333x ) + 1.0x ) ) )
Fitness = 9.93913728884
Worst Ind: ( ( ( ( ( ( 0.333333333333x + 0.2x ) + ( 0.5x * 0.125x ) ) + 1.0x ) + 0.5y ) + ( ( ( ( 0.142857142857x + 0.333333333333x ) + 1.0x ) + 0.25x ) + ( 0.5y + 0.25y ) ) ) * ( 1.0y + 0.333333333333x ) )
Fitness = 10.8758578494
Avg Fitness = 10.6533750591
Duplicated = 14
============================================================================
Evaluate Gen  85
New Population 139
Better than Dads 35
Best Ind: ( ( 0.1x + ( ( 0.142857142857y + 1.0y ) + 0.5y ) ) * ( ( ( ( 0.166666666667y + 1.0x ) + 0.2x ) + 0.1y ) + ( ( ( 0.25x + 0.111111111111y ) + 0.333333333333x ) + 1.0x ) ) )
Fitness = 9.93913728884
Worst Ind: ( ( ( ( ( 0.166666666667y + 0.25x ) + ( 0.1x + ( 0.5x + 0.5y ) ) ) + ( 0.5x + 0.5y ) ) + ( 1.0y + 0.5y ) ) * ( 0.25x + ( 0.1x + ( 0.5x + 0.5y ) ) ) )
Fitness = 10.8722607558
Avg Fitness = 10.6353499117
Duplicated = 14
============================================================================
Evaluate Gen  86
New Population 141
Better than Dads 36
Best Ind: ( ( 0.1x + ( ( 0.142857142857y + 1.0y ) + 0.5y ) ) * ( ( ( ( 0.166666666667y + 1.0x ) + 0.2x ) + 0.1y ) + ( ( ( 0.25x + 0.111111111111y ) + 0.333333333333x ) + 1.0x ) ) )
Fitness = 9.93913728884
Worst Ind: ( ( ( ( ( 0.333333333333x + 0.2x ) + ( ( 0.333333333333y + 1.0x ) + 0.5y ) ) + 1.0y ) * ( 0.5y + ( 0.111111111111x + 1.0x ) ) ) + ( 0.5y * 0.5x ) )
Fitness = 10.8492141247
Avg Fitness = 10.6155471765
Duplicated = 12
============================================================================
Evaluate Gen  87
New Population 146
Better than Dads 41
Best Ind: ( ( 0.1x + ( ( 0.142857142857y + 1.0y ) + 0.5y ) ) * ( ( ( ( 0.166666666667y + 1.0x ) + 0.2x ) + 0.1y ) + ( ( ( 0.25x + 0.111111111111y ) + 0.333333333333x ) + 1.0x ) ) )
Fitness = 9.93913728884
Worst Ind: ( ( ( ( ( 0.5x + 1.0y ) + 0.5y ) + 1.0y ) * ( 0.5y + ( 0.111111111111x + ( 0.166666666667y + 1.0x ) ) ) ) + ( ( 0.25y + ( 0.333333333333y * 0.1x ) ) * 0.5x ) )
Fitness = 10.8066720415
Avg Fitness = 10.594318936
Duplicated = 15
============================================================================
Evaluate Gen  88
New Population 140
Better than Dads 35
Best Ind: ( ( 0.1x + ( ( 0.142857142857y + 1.0y ) + 0.5y ) ) * ( ( ( ( 0.166666666667y + 1.0x ) + 0.2x ) + 0.1y ) + ( ( ( 0.25x + 0.111111111111y ) + 0.333333333333x ) + 1.0x ) ) )
Fitness = 9.93913728884
Worst Ind: ( ( 0.1x + ( ( 0.5x + 1.0y ) + 0.5y ) ) * ( ( ( 0.125y + 0.2y ) + ( ( 1.0x + 1.0x ) + ( ( 0.333333333333x + 0.2x ) + ( 0.5x * 0.125x ) ) ) ) + 0.142857142857y ) )
Fitness = 10.7903052333
Avg Fitness = 10.5783694129
Duplicated = 12
============================================================================
Evaluate Gen  89
New Population 141
Better than Dads 38
Best Ind: ( ( 0.1x + ( ( 0.142857142857y + 1.0y ) + 0.5y ) ) * ( ( ( ( 0.166666666667y + 1.0x ) + 0.2x ) + 0.1y ) + ( ( ( 0.25x + 0.111111111111y ) + 0.333333333333x ) + 1.0x ) ) )
Fitness = 9.93913728884
Worst Ind: ( ( 0.1x + ( 0.1x + ( ( 0.5x + 1.0y ) + 0.5y ) ) ) * ( ( 0.333333333333x + ( 0.5x + 0.5y ) ) + 1.0x ) )
Fitness = 10.7729285535
Avg Fitness = 10.5746215966
Duplicated = 11
============================================================================
Evaluate Gen  90
New Population 145
Better than Dads 39
Best Ind: ( ( 0.1x + ( ( 0.142857142857y + 1.0y ) + 0.5y ) ) * ( ( ( ( 0.166666666667y + 1.0x ) + 0.2x ) + 0.1y ) + ( ( ( 0.25x + 0.111111111111y ) + 0.333333333333x ) + 1.0x ) ) )
Fitness = 9.93913728884
Worst Ind: ( ( 0.333333333333y + ( ( ( 0.5y + 1.0x ) + 0.25x ) + ( 1.0x + ( 0.1x + ( 0.5x + 0.5y ) ) ) ) ) * ( 1.0y + 0.333333333333x ) )
Fitness = 10.762544153
Avg Fitness = 10.553733839
Duplicated = 11
============================================================================
Evaluate Gen  91
New Population 136
Better than Dads 30
Best Ind: ( ( 0.1x + ( ( 0.142857142857y + 1.0y ) + 0.5y ) ) * ( ( ( ( 0.166666666667y + 1.0x ) + 0.2x ) + 0.1y ) + ( ( ( 0.25x + 0.111111111111y ) + 0.333333333333x ) + 1.0x ) ) )
Fitness = 9.93913728884
Worst Ind: ( ( ( ( 0.2x + ( ( 0.333333333333y + 1.0x ) + 0.5y ) ) + 1.0y ) * ( 0.5y + ( 0.111111111111x + 1.0x ) ) ) + ( ( 1.0y + 0.333333333333x ) * 0.5x ) )
Fitness = 10.7517850713
Avg Fitness = 10.5341091209
Duplicated = 12
============================================================================
Evaluate Gen  92
New Population 145
Better than Dads 43
Best Ind: ( ( 0.1x + ( ( 0.142857142857y + 1.0y ) + 0.5y ) ) * ( ( ( ( 0.166666666667y + 1.0x ) + 0.2x ) + 0.1y ) + ( ( ( 0.25x + 0.111111111111y ) + 0.333333333333x ) + 1.0x ) ) )
Fitness = 9.93913728884
Worst Ind: ( ( 1.0y + 0.5y ) * ( ( ( 0.125y + 0.2y ) + ( ( 1.0x + 1.0x ) + ( ( 0.333333333333x + 0.2x ) + ( 0.5x * 0.125x ) ) ) ) + 0.142857142857y ) )
Fitness = 10.7459259286
Avg Fitness = 10.5285775932
Duplicated = 10
============================================================================
Evaluate Gen  93
New Population 141
Better than Dads 40
Best Ind: ( ( 0.1x + ( ( 0.142857142857y + 1.0y ) + 0.5y ) ) * ( ( ( ( 0.166666666667y + 1.0x ) + 0.2x ) + 0.1y ) + ( ( ( 0.25x + 0.111111111111y ) + 0.333333333333x ) + 1.0x ) ) )
Fitness = 9.93913728884
Worst Ind: ( ( ( ( 0.1x + ( ( 0.333333333333y + 1.0x ) + 0.5y ) ) + 1.0y ) * ( 0.5y + ( 0.111111111111x + 1.0x ) ) ) + ( ( 1.0y + 0.333333333333x ) * 0.5x ) )
Fitness = 10.7433807264
Avg Fitness = 10.5235180645
Duplicated = 9
============================================================================
Evaluate Gen  94
New Population 143
Better than Dads 36
Best Ind: ( ( 0.1x + ( ( 0.142857142857y + 1.0y ) + 0.5y ) ) * ( ( ( ( 0.166666666667y + 1.0x ) + 0.2x ) + 0.1y ) + ( ( ( 0.25x + 0.111111111111y ) + 0.333333333333x ) + 1.0x ) ) )
Fitness = 9.93913728884
Worst Ind: ( ( 0.2x + ( 0.1x + ( 1.0y + ( 0.5y + 0.5x ) ) ) ) * ( ( 0.333333333333x + ( 0.5x + 0.5y ) ) + 1.0x ) )
Fitness = 10.7103560331
Avg Fitness = 10.4948778226
Duplicated = 10
============================================================================
Evaluate Gen  95
New Population 141
Better than Dads 36
Best Ind: ( ( 0.1x + ( ( 0.142857142857y + 1.0y ) + 0.5y ) ) * ( ( ( ( 0.166666666667y + 1.0x ) + 0.2x ) + 0.1y ) + ( ( ( 0.25x + 0.111111111111y ) + 0.333333333333x ) + 1.0x ) ) )
Fitness = 9.93913728884
Worst Ind: ( ( ( ( ( ( 0.5y + 1.0x ) + ( 0.5x + 0.5x ) ) + 0.5x ) + 0.1x ) + ( ( 0.5y + ( 0.111111111111x + 1.0x ) ) + ( 0.333333333333x * 1.0y ) ) ) * ( ( 0.25x + 0.25y ) + ( 0.25y + 0.5y ) ) )
Fitness = 10.684543438
Avg Fitness = 10.4868866047
Duplicated = 14
============================================================================
Evaluate Gen  96
New Population 141
Better than Dads 38
Best Ind: ( ( 0.1x + ( ( 0.142857142857y + 1.0y ) + 0.5y ) ) * ( ( ( ( 0.166666666667y + 1.0x ) + 0.2x ) + 0.1y ) + ( ( ( 0.25x + 0.111111111111y ) + 0.333333333333x ) + 1.0x ) ) )
Fitness = 9.93913728884
Worst Ind: ( ( ( ( ( 0.5y + 1.0y ) + 0.5y ) + 1.0y ) * ( 0.5y + ( 0.111111111111x + 1.0x ) ) ) + ( 1.0x * 0.5x ) )
Fitness = 10.6638418658
Avg Fitness = 10.4767868592
Duplicated = 14
============================================================================
Evaluate Gen  97
New Population 142
Better than Dads 29
Best Ind: ( ( 0.1x + ( ( 0.142857142857y + 1.0y ) + 0.5y ) ) * ( ( ( ( 0.166666666667y + 1.0x ) + 0.2x ) + 0.1y ) + ( ( ( 0.25x + 0.111111111111y ) + 0.333333333333x ) + 1.0x ) ) )
Fitness = 9.93913728884
Worst Ind: ( ( 0.111111111111y + ( ( 0.333333333333y + 1.0x ) + ( ( 0.166666666667y + 1.0x ) + ( ( 0.166666666667x * 1.0y ) + 0.166666666667x ) ) ) ) * ( ( ( 0.333333333333y + ( 0.166666666667y * ( 0.111111111111x + 0.25x ) ) ) + ( 0.5y + 0.25x ) ) + 1.0y ) )
Fitness = 10.6128677967
Avg Fitness = 10.4616727406
Duplicated = 19
============================================================================
Evaluate Gen  98
New Population 141
Better than Dads 35
Best Ind: ( ( 0.1x + ( ( 0.142857142857y + 1.0y ) + 0.5y ) ) * ( ( ( ( 0.166666666667y + 1.0x ) + 0.2x ) + 0.1y ) + ( ( ( 0.25x + 0.111111111111y ) + 0.333333333333x ) + 1.0x ) ) )
Fitness = 9.93913728884
Worst Ind: ( ( ( ( 0.1x + ( 0.25x + 0.25y ) ) + 1.0x ) + ( 0.333333333333y + ( 0.25x + ( 0.1x + ( 0.5x + 0.5y ) ) ) ) ) * ( ( 1.0y + 0.5y ) + 0.142857142857y ) )
Fitness = 10.6022517234
Avg Fitness = 10.452057173
Duplicated = 20
============================================================================
Evaluate Gen  99
New Population 148
Better than Dads 43
Best Ind: ( ( 0.1x + ( ( 0.142857142857y + 1.0y ) + 0.5y ) ) * ( ( ( ( 0.166666666667y + 1.0x ) + 0.2x ) + 0.1y ) + ( ( ( 0.25x + 0.111111111111y ) + 0.333333333333x ) + 1.0x ) ) )
Fitness = 9.93913728884
Worst Ind: ( ( ( ( ( ( 0.5y + 1.0x ) + ( 0.5x + 0.5x ) ) + 0.5x ) + 0.1x ) + ( ( 0.5y + ( 0.111111111111x + 1.0x ) ) + ( 0.166666666667x * 1.0y ) ) ) * ( ( 0.25x + 0.25y ) + ( 0.25y + 0.5y ) ) )
Fitness = 10.5961172709
Avg Fitness = 10.4413599127
Duplicated = 19
============================================================================
Evaluate Gen  100
New Population 141
Better than Dads 38
Best Ind: ( ( 0.1x + ( ( 0.142857142857y + 1.0y ) + 0.5y ) ) * ( ( ( ( 0.166666666667y + 1.0x ) + 0.2x ) + 0.1y ) + ( ( ( 0.25x + 0.111111111111y ) + 0.333333333333x ) + 1.0x ) ) )
Fitness = 9.93913728884
Worst Ind: ( ( ( ( ( ( 0.5y + 1.0x ) + ( 0.5x + 0.5x ) ) + 0.5x ) + 0.1x ) + ( ( 0.5y + ( 0.111111111111x + 1.0x ) ) + ( 0.166666666667x * 1.0y ) ) ) * 1.0y )
Fitness = 10.5952048438
Avg Fitness = 10.4346095136
Duplicated = 16
