dataset_file= dataset/SR_div.txt
population= 500
generations= 50
tournament_size= 5
cross_over= 0.6
mutation= 0.3
elitism= True
(50, 2)
============================================================================
Build initial population
ind: 1
( 8y + 6x )
ind: 2
( ( ( 1y - ( ( 10y * ( 5y * 1x ) ) + 1y ) ) - ( ( ( ( 57.0 + 10.0 ) - ( 3x * 2x ) ) * 3y ) - 6x ) ) * ( 65.0 - ( 8.0 + 7y ) ) )
ind: 3
( 97.0 * ( ( ( ( ( 75.0 * 4x ) - 4y ) * ( ( 7x - 86.0 ) * 35.0 ) ) - 6y ) + 92.0 ) )
ind: 4
( 4y - ( ( ( ( 79.0 + ( 3x - 93.0 ) ) + ( 9y + ( 9y + 9y ) ) ) * ( 5y - ( ( 69.0 - 64.0 ) - ( 6y - 86.0 ) ) ) ) + ( ( 93.0 * 8x ) - ( 9x - ( ( 9y * 8x ) + ( 71.0 * 13.0 ) ) ) ) ) )
ind: 5
( ( 58.0 - ( 77.0 + 3x ) ) * ( 5y * ( 8y - 82.0 ) ) )
ind: 6
( ( ( ( 1x + ( ( 6.0 + 91.0 ) - ( 6x - 1y ) ) ) + 99.0 ) - 10x ) - 54.0 )
ind: 7
( ( ( 96.0 * ( ( ( 70.0 - 5x ) * 72.0 ) + 39.0 ) ) - 21.0 ) - ( ( ( 8y + 46.0 ) - ( 4y - 5y ) ) + ( ( ( ( 4y + 1y ) - ( 7y + 51.0 ) ) - 100.0 ) + ( 5x - ( 7x * ( 2y - 19.0 ) ) ) ) ) )
ind: 8
( 8x * ( ( 1x - 50.0 ) * 8y ) )
ind: 9
( ( ( ( 19.0 + ( ( 34.0 * 93.0 ) + ( 79.0 * 9x ) ) ) + ( 1x + 8y ) ) - ( 6y * 1x ) ) * 25.0 )
ind: 10
( 4x - ( ( 4x + ( 3y + 72.0 ) ) * ( ( 7x + 3x ) + 8y ) ) )
ind: 11
( 79.0 * ( 91.0 - ( ( 35.0 + ( 3y - 54.0 ) ) * ( ( 45.0 - ( 5x * 53.0 ) ) * ( 82.0 + ( 45.0 + 77.0 ) ) ) ) ) )
ind: 12
( ( ( 7x - 10x ) * 4x ) - ( ( 4y + 3x ) + 4x ) )
ind: 13
( ( ( 1x - ( ( ( 4y - 78.0 ) - 89.0 ) * 7x ) ) - ( 82.0 * 39.0 ) ) * ( 35.0 * ( 7y + ( ( ( 5x - 6y ) - ( 79.0 * 1y ) ) + ( ( 32.0 * 52.0 ) - 43.0 ) ) ) ) )
ind: 14
( 7x * ( ( ( ( 8y + 1x ) - 6x ) * ( ( 10y * ( 30.0 - 4.0 ) ) - ( 34.0 * ( 7x * 2y ) ) ) ) * 9.0 ) )
ind: 15
( 3y - 10x )
ind: 16
( ( 8y + 8x ) * 8y )
ind: 17
( 8y - ( ( 7x * ( ( ( 74.0 * 51.0 ) + 82.0 ) * ( 54.0 + 5y ) ) ) * ( ( 15.0 * ( ( 2x - 75.0 ) + ( 4x + 7y ) ) ) - ( 4y * ( 82.0 * ( 10y - 1x ) ) ) ) ) )
ind: 18
( 6y - ( 90.0 - ( 98.0 - 10x ) ) )
ind: 19
( ( ( ( 73.0 - 3y ) - 4x ) - ( ( 3x * 49.0 ) * 6y ) ) - ( ( ( ( 7x + ( 3.0 - 53.0 ) ) - 96.0 ) + 6x ) + ( 71.0 + 73.0 ) ) )
ind: 20
( 87.0 - ( ( ( 5x + ( ( 8x - 14.0 ) * 27.0 ) ) + 44.0 ) + 9y ) )
ind: 21
( ( ( 9.0 * ( ( ( 8x + 7x ) * ( 5y + 20.0 ) ) * ( 91.0 * ( 78.0 - 6.0 ) ) ) ) + 21.0 ) * ( ( 10y - 2y ) * 76.0 ) )
ind: 22
( ( ( ( ( ( 32.0 + 9x ) - 5y ) * ( 6x * ( 99.0 * 7y ) ) ) - 49.0 ) * 10y ) + ( ( ( ( 7x + 9x ) * 3y ) * ( 4x * ( 48.0 - 1y ) ) ) + ( ( 55.0 - ( ( 4.0 - 9x ) - ( 59.0 - 26.0 ) ) ) * 79.0 ) ) )
ind: 23
( ( ( 64.0 * 34.0 ) + ( 6y - 92.0 ) ) - ( 74.0 + 9x ) )
ind: 24
( ( ( ( 42.0 + 65.0 ) + ( 5y - ( ( 3y * 2y ) * 35.0 ) ) ) * ( ( ( 87.0 - 3x ) - ( ( 7x - 34.0 ) + 8x ) ) - 5y ) ) - ( ( ( ( 37.0 + 6.0 ) + 35.0 ) + ( ( ( 62.0 * 63.0 ) * ( 85.0 + 8y ) ) - ( ( 80.0 + 8y ) * 30.0 ) ) ) * ( 8.0 * ( 7y + ( 96.0 + ( 5y + 63.0 ) ) ) ) ) )
ind: 25
( ( 8y + ( ( 6x * ( ( 9y - 53.0 ) * ( 2y + 8y ) ) ) + 11.0 ) ) + ( ( 1y * ( ( ( 51.0 * 12.0 ) * ( 8x * 90.0 ) ) * 2y ) ) - ( ( ( 64.0 * ( 8x * 16.0 ) ) * 64.0 ) * 2y ) ) )
ind: 26
( ( 76.0 + 6x ) * ( 10x * ( 23.0 * 9y ) ) )
ind: 27
( ( ( ( 2y + ( 81.0 + ( 3x * 91.0 ) ) ) - 6y ) + ( 17.0 * ( 45.0 + 4x ) ) ) + 5.0 )
ind: 28
( ( 88.0 - 4x ) + ( 30.0 * ( ( 81.0 - 7x ) * 1y ) ) )
ind: 29
( 26.0 * ( ( 40.0 * ( 24.0 - ( 8x - ( 18.0 * 9y ) ) ) ) + 9.0 ) )
ind: 30
( ( 27.0 - ( ( 15.0 * ( ( 50.0 + 4x ) + ( 13.0 * 10x ) ) ) + ( 93.0 - 9y ) ) ) * ( 89.0 - 78.0 ) )
ind: 31
( ( ( ( 69.0 * 5.0 ) + ( ( 9x - 4x ) * 33.0 ) ) + 50.0 ) - ( ( ( 4x * ( ( 10x + 24.0 ) + 14.0 ) ) * ( ( 9y - 73.0 ) * 65.0 ) ) - ( 95.0 * ( ( 3y - 6y ) * 4x ) ) ) )
ind: 32
( 94.0 + ( 1x + ( ( ( ( 70.0 - 9y ) + ( 9x * 8y ) ) + ( ( 4x * 4.0 ) + 6y ) ) - 30.0 ) ) )
ind: 33
( 9y + 5x )
ind: 34
( ( ( ( ( ( 86.0 + 3x ) - ( 5y * 9y ) ) - ( ( 99.0 * 20.0 ) + 92.0 ) ) - 49.0 ) - 10y ) * 95.0 )
ind: 35
( ( 52.0 * 85.0 ) * ( 97.0 + ( ( ( ( 81.0 + 3y ) + ( 4x - 3x ) ) + 8x ) - ( ( ( 3y - 1y ) + ( 8x - 10y ) ) - 65.0 ) ) ) )
ind: 36
( ( ( 6x + 5x ) + ( 10.0 + ( ( 7x * ( 7y - 12.0 ) ) * ( 7x - 2y ) ) ) ) * ( ( 52.0 + ( 9x + ( ( 9.0 - 9y ) * ( 3x + 8.0 ) ) ) ) - ( 7y * 10y ) ) )
ind: 37
( ( 7y * ( ( ( 87.0 * 3y ) * ( 6y * 2y ) ) + 86.0 ) ) - ( ( ( ( ( 35.0 - 45.0 ) - 7x ) - 9x ) + 10.0 ) - ( ( ( 30.0 + ( 3x + 52.0 ) ) + 3y ) * ( 62.0 - 1x ) ) ) )
ind: 38
( 3x - ( 1y - ( 7x + ( 9x * ( 44.0 + 18.0 ) ) ) ) )
ind: 39
( ( ( ( 29.0 - 100.0 ) * ( ( 2y * 9x ) + ( ( 88.0 * 40.0 ) + ( 10x - 3x ) ) ) ) - ( ( 71.0 - ( ( 6x * 95.0 ) * 12.0 ) ) * 8x ) ) - 4x )
ind: 40
( 7x + ( 3y * ( ( 9x + 42.0 ) - ( 8y + ( 68.0 - 59.0 ) ) ) ) )
ind: 41
( 1x * ( 19.0 - 1y ) )
ind: 42
( ( ( 5.0 * 77.0 ) + ( ( ( 56.0 + ( 9y - 6y ) ) * 11.0 ) - ( ( 68.0 + ( 20.0 - 23.0 ) ) * ( 12.0 * ( 37.0 - 92.0 ) ) ) ) ) - 9x )
ind: 43
( ( 8y + 57.0 ) - ( 7x + 9y ) )
ind: 44
( ( ( ( ( 58.0 - 52.0 ) + 77.0 ) + ( ( ( 80.0 * 8y ) * ( 8x - 6y ) ) - ( ( 78.0 + 3x ) - 90.0 ) ) ) - ( ( ( 35.0 + 73.0 ) - ( ( 33.0 + 2x ) + ( 63.0 * 1x ) ) ) * 91.0 ) ) * ( ( 92.0 - 8y ) * ( ( 6x * ( ( 7x * 6x ) - ( 1y + 9y ) ) ) - ( 31.0 * ( 51.0 + 7y ) ) ) ) )
ind: 45
( ( ( 67.0 + 4x ) + ( ( 51.0 + ( 75.0 + 41.0 ) ) - ( ( ( 10y * 97.0 ) + ( 42.0 - 55.0 ) ) - 5y ) ) ) - 40.0 )
ind: 46
( ( ( 4y * ( ( ( 69.0 - 9y ) - ( 6x - 49.0 ) ) - ( ( 79.0 * 2x ) * 34.0 ) ) ) - ( ( ( 40.0 * ( 8x + 45.0 ) ) * ( ( 2y * 3y ) * ( 10y * 6x ) ) ) - ( 9.0 * ( ( 75.0 * 1x ) + ( 60.0 + 50.0 ) ) ) ) ) - ( 32.0 * ( ( ( 37.0 + 4y ) * ( ( 7x - 9x ) + 7x ) ) - ( 3y * 53.0 ) ) ) )
ind: 47
( ( ( 5x - ( 55.0 - 67.0 ) ) - 2y ) * 7y )
ind: 48
( ( ( 26.0 * ( 10y - 98.0 ) ) * ( ( ( ( 8.0 * 95.0 ) - 10x ) + ( 81.0 * ( 83.0 * 48.0 ) ) ) + ( ( ( 95.0 + 11.0 ) + ( 11.0 + 98.0 ) ) - 6.0 ) ) ) + 3x )
ind: 49
( ( ( ( 1y * 2x ) - 9x ) * ( 2x + ( 98.0 - 33.0 ) ) ) - 71.0 )
ind: 50
( ( 55.0 - ( 1y + ( ( 3x + 4y ) * 9x ) ) ) - ( 73.0 - 96.0 ) )
ind: 51
( ( ( ( 60.0 + ( 5y * 50.0 ) ) - ( 46.0 + ( ( 1y + 25.0 ) - 4x ) ) ) * 4y ) - 92.0 )
ind: 52
( 4x + 8y )
ind: 53
( ( ( 3x - 70.0 ) * ( ( 10.0 - 2y ) * ( ( 11.0 + 1x ) - 3y ) ) ) + 58.0 )
ind: 54
( ( ( 7x - 2.0 ) - ( 2y + ( ( ( 8x * 7x ) + ( 92.0 - 8y ) ) + 82.0 ) ) ) - 3x )
ind: 55
( 3x + ( 5x + ( 7y + ( ( 63.0 * ( 98.0 - 90.0 ) ) * 9y ) ) ) )
ind: 56
( ( ( 3y + 1x ) + ( 87.0 - ( 41.0 + 82.0 ) ) ) - 2x )
ind: 57
( ( ( ( ( ( 94.0 - 3x ) + ( 4x * 10x ) ) * 9y ) * ( ( ( 76.0 - 4y ) * ( 39.0 - 48.0 ) ) * ( ( 2x + 51.0 ) + ( 48.0 + 97.0 ) ) ) ) * ( ( 6x + 5y ) + 73.0 ) ) + ( 6y * ( ( ( 6y + 1y ) + 97.0 ) - ( ( ( 1x * 55.0 ) + 6y ) + 71.0 ) ) ) )
ind: 58
( ( ( 5x + 47.0 ) + ( 7y - ( ( 98.0 - 17.0 ) + ( ( 24.0 + 2x ) * 62.0 ) ) ) ) - ( ( ( ( 10x * 5.0 ) + ( 4x - ( 49.0 - 70.0 ) ) ) - 7x ) + ( ( 16.0 * 82.0 ) + 83.0 ) ) )
ind: 59
( ( ( 3x * ( 4x + 9x ) ) - ( 67.0 + ( 22.0 + 6y ) ) ) - ( ( ( 7x + 7y ) + ( ( 59.0 * 28.0 ) + 1x ) ) * 5y ) )
ind: 60
( ( 2y * ( 2x * ( ( 64.0 - 76.0 ) - ( 3x - ( 33.0 * 2y ) ) ) ) ) * 10x )
ind: 61
( ( 6x + 2x ) + ( ( ( ( 2y + 85.0 ) + ( 10y - ( 8.0 + 88.0 ) ) ) * ( ( ( 6x - 26.0 ) + ( 74.0 + 1y ) ) * 38.0 ) ) * 44.0 ) )
ind: 62
( 4y + ( 1y + ( ( ( ( 10y * 9y ) - ( 33.0 - 85.0 ) ) - ( 10x * 1y ) ) - ( ( ( 4x + 25.0 ) + ( 7x - 76.0 ) ) - 1x ) ) ) )
ind: 63
( ( ( ( ( 32.0 * ( 65.0 + 39.0 ) ) - ( ( 38.0 * 96.0 ) * ( 76.0 + 8y ) ) ) * ( ( 66.0 - ( 97.0 + 7y ) ) + 3y ) ) + ( ( 4y + 39.0 ) + 4y ) ) + ( ( ( 35.0 + ( ( 7y * 3x ) + ( 51.0 + 90.0 ) ) ) * ( 57.0 - 49.0 ) ) - 4x ) )
ind: 64
( ( ( ( ( ( 17.0 * 78.0 ) * 2.0 ) + ( ( 3x - 5x ) + ( 9x - 73.0 ) ) ) - ( ( 7x - 6x ) * ( 93.0 - ( 66.0 - 7y ) ) ) ) + 4x ) * 2y )
ind: 65
( ( ( ( 3y * ( 8.0 * 2y ) ) - ( 29.0 + ( 69.0 * ( 77.0 * 27.0 ) ) ) ) - ( ( ( 44.0 * ( 3x - 5y ) ) * 33.0 ) * 3y ) ) * 2x )
ind: 66
( 4y - ( 2x - 5y ) )
ind: 67
( ( ( ( 5x + ( ( 45.0 - 7y ) - ( 10x + 27.0 ) ) ) + 7y ) - ( 49.0 - 9x ) ) + ( ( ( ( ( 4y * 2y ) - ( 1y * 27.0 ) ) - ( 4y * ( 67.0 + 2y ) ) ) * 7y ) - 12.0 ) )
ind: 68
( ( ( ( ( 90.0 * 72.0 ) * ( 2y - ( 3x + 53.0 ) ) ) * 61.0 ) + 7x ) + 9y )
ind: 69
( ( 7.0 * ( ( 7y * ( 3y * ( 90.0 - 9x ) ) ) - ( 4y * ( ( 5y - 8.0 ) - 15.0 ) ) ) ) + 10x )
ind: 70
( ( 10x - 6x ) - ( ( 12.0 + 9y ) - 1y ) )
ind: 71
( ( ( 1x * ( 8x + ( ( 5y + 5y ) + 90.0 ) ) ) - 5x ) * ( 10x - ( ( ( 5y + 64.0 ) + 46.0 ) - ( ( ( 65.0 * 5y ) - ( 33.0 * 4y ) ) * 6y ) ) ) )
ind: 72
( ( 10x - 18.0 ) + ( ( ( ( ( 7y * 65.0 ) + 35.0 ) + 39.0 ) * ( ( 9y * ( 1x - 61.0 ) ) - ( ( 57.0 * 72.0 ) - ( 3x - 1y ) ) ) ) * ( 70.0 - 1y ) ) )
ind: 73
( ( 8x + 98.0 ) + ( 10y - 5x ) )
ind: 74
( 5y - ( 3y - ( ( ( ( 42.0 - 11.0 ) - ( 75.0 * 2y ) ) - ( 5x - 14.0 ) ) - ( 3x + 93.0 ) ) ) )
ind: 75
( 8x - ( 4y * 70.0 ) )
ind: 76
( 2x * ( ( 12.0 * ( 74.0 * ( ( 68.0 - 46.0 ) - 94.0 ) ) ) + 9y ) )
ind: 77
( ( 6y - 34.0 ) - 5x )
ind: 78
( ( ( ( ( 5x + 72.0 ) * ( ( 8x * 9y ) + ( 94.0 - 46.0 ) ) ) - 80.0 ) - ( 65.0 * 5y ) ) * 5x )
ind: 79
( ( 85.0 - ( ( 7y + ( 5x * 8x ) ) * 6y ) ) + ( 4y - ( 8.0 * ( 10y - 8y ) ) ) )
ind: 80
( 51.0 - ( ( ( ( 74.0 + ( 4x + 37.0 ) ) - 6y ) * ( ( 10x - 10y ) - ( 91.0 - ( 37.0 - 93.0 ) ) ) ) + 16.0 ) )
ind: 81
( ( 6y - ( ( 37.0 - ( ( 34.0 * 32.0 ) + 36.0 ) ) + 35.0 ) ) - ( ( ( 3x - 26.0 ) - 60.0 ) * ( 88.0 + ( ( ( 3x * 94.0 ) + 9.0 ) + ( ( 69.0 - 6y ) - 6y ) ) ) ) )
ind: 82
( 85.0 - ( ( ( 8.0 * ( 27.0 + 5y ) ) + ( 5x * ( 39.0 - 9y ) ) ) * 56.0 ) )
ind: 83
( 62.0 + ( ( ( 25.0 + ( ( 3y * 76.0 ) + 19.0 ) ) - ( 72.0 - 3x ) ) - 3x ) )
ind: 84
( ( ( 3.0 + ( ( 5x - 8.0 ) * 36.0 ) ) + ( 9y + 67.0 ) ) + 7x )
ind: 85
( 5x + 6y )
ind: 86
( ( ( ( 96.0 + 52.0 ) - ( 4y + ( 7y + 48.0 ) ) ) + 27.0 ) + ( 7x * ( ( 4y * ( 5x * 36.0 ) ) - 2y ) ) )
ind: 87
( ( 73.0 - 1y ) - ( 81.0 + ( ( 9x - ( 2x * 10x ) ) * ( 4x + 34.0 ) ) ) )
ind: 88
( ( ( 22.0 - 1y ) * 1y ) + ( 37.0 + ( ( ( 68.0 * ( 40.0 * 64.0 ) ) + ( ( 5x * 5y ) * 17.0 ) ) + 8y ) ) )
ind: 89
( ( 10x * ( 76.0 + 18.0 ) ) - ( 34.0 + ( 3y + ( ( ( 97.0 - 2x ) - 4x ) + 6.0 ) ) ) )
ind: 90
( 81.0 - ( ( ( ( ( 10x - 7x ) + 81.0 ) * ( ( 2.0 - 22.0 ) - ( 68.0 * 5x ) ) ) * ( 2y + 3x ) ) - ( ( 3y - ( ( 64.0 - 2.0 ) * 4y ) ) * ( ( ( 3.0 + 89.0 ) * ( 77.0 - 57.0 ) ) * 37.0 ) ) ) )
ind: 91
( 1y * 2x )
ind: 92
( ( 62.0 - ( 2y - ( ( ( 8x - 4x ) * 4y ) * 8x ) ) ) + 67.0 )
ind: 93
( ( 4y - 5x ) - ( ( ( ( 3y - 5x ) - ( 26.0 + 1y ) ) - 52.0 ) - ( ( ( 8y * 9y ) - 71.0 ) - ( 4y - 89.0 ) ) ) )
ind: 94
( ( 4y - ( ( ( ( 2x * 4x ) - 26.0 ) + ( ( 5y + 29.0 ) * 7y ) ) - 9.0 ) ) * 9y )
ind: 95
( 3y + 3x )
ind: 96
( ( 1y * 10.0 ) + ( ( ( 41.0 + ( 8y - 5y ) ) * ( 10x + 6x ) ) - ( ( 5x * ( ( 46.0 - 5y ) - ( 3x * 5x ) ) ) * ( ( 1x + ( 4y + 76.0 ) ) * ( 10x + 70.0 ) ) ) ) )
ind: 97
( 4x - ( 8y + ( ( 75.0 - ( 2y * 63.0 ) ) + 16.0 ) ) )
ind: 98
( ( ( 3y + ( ( ( 58.0 * 56.0 ) + 64.0 ) + ( ( 45.0 + 4y ) + 7.0 ) ) ) - 6x ) * 4.0 )
ind: 99
( ( ( 10x - ( ( 54.0 - ( 6y - 92.0 ) ) * ( 4x + 4x ) ) ) + ( ( 7y - ( 25.0 * 10.0 ) ) + ( 5.0 + 2x ) ) ) - 6y )
ind: 100
( 1x - ( ( 10y - 7y ) + ( 78.0 * 64.0 ) ) )
ind: 101
( ( ( 8x - 1y ) + ( ( ( ( 8y * 3x ) * ( 76.0 * 11.0 ) ) * ( 3y - 7y ) ) - ( 18.0 - ( 47.0 + 22.0 ) ) ) ) * 6x )
ind: 102
( ( 6y - 33.0 ) + 8x )
ind: 103
( ( ( ( ( ( 40.0 - 96.0 ) + 1y ) + 66.0 ) - 10x ) - ( ( 40.0 - 89.0 ) * 47.0 ) ) * 86.0 )
ind: 104
( ( 3y + 8y ) - ( ( 48.0 * 4x ) + ( ( ( ( 8x - 1x ) - 35.0 ) + 19.0 ) * 82.0 ) ) )
ind: 105
( ( ( ( 29.0 + 6x ) - ( 72.0 * 39.0 ) ) * ( 25.0 - 12.0 ) ) * 8y )
ind: 106
( ( ( 5y - 69.0 ) - ( ( ( 24.0 - 1y ) - ( 9x - 5y ) ) - ( 30.0 - 10x ) ) ) - 67.0 )
ind: 107
( ( 7y + 36.0 ) + ( ( ( ( 1y + ( 23.0 * 8x ) ) + 6x ) - 3y ) + ( 10x * 8y ) ) )
ind: 108
( ( ( 52.0 - 70.0 ) - 96.0 ) + ( ( ( ( 1y * 43.0 ) + 12.0 ) - ( 41.0 + 6x ) ) - ( ( ( ( 97.0 + 38.0 ) - 69.0 ) - 100.0 ) - 57.0 ) ) )
ind: 109
( ( 10x + ( ( 6y * ( 6x - ( 9y - 21.0 ) ) ) - 99.0 ) ) - 99.0 )
ind: 110
( ( ( ( 8y - ( ( 3y + 10x ) + ( 8x + 62.0 ) ) ) - ( 5y * ( 49.0 - ( 7y * 74.0 ) ) ) ) + ( ( ( ( 90.0 + 5x ) + 100.0 ) * ( ( 43.0 * 6y ) - ( 9x * 38.0 ) ) ) - 9y ) ) - ( 10x - 72.0 ) )
ind: 111
( ( ( ( ( ( 50.0 - 94.0 ) * 1x ) * 89.0 ) * ( 20.0 + 4y ) ) + ( 7x * 50.0 ) ) * ( 59.0 - 25.0 ) )
ind: 112
( ( 90.0 - 1x ) + ( 29.0 * ( 10y * ( ( ( 34.0 - 85.0 ) + 6y ) - ( 51.0 * ( 79.0 * 4.0 ) ) ) ) ) )
ind: 113
( ( ( ( ( 28.0 + 27.0 ) * 100.0 ) - ( 5y - 2y ) ) * ( ( 12.0 * ( ( 3x - 7y ) - 3x ) ) + 7x ) ) + ( ( 8.0 * ( 9x - ( ( 7y + 69.0 ) - ( 2x + 7y ) ) ) ) + 85.0 ) )
ind: 114
( 31.0 - ( ( ( ( ( 97.0 * 9x ) - ( 97.0 - 7y ) ) - 12.0 ) + 9y ) - ( ( 6x + 4y ) + ( ( ( 66.0 + 64.0 ) * ( 23.0 + 70.0 ) ) - 7x ) ) ) )
ind: 115
( 2x - ( ( 5x + ( 79.0 * ( ( 2y + 10y ) * ( 5x * 63.0 ) ) ) ) + 97.0 ) )
ind: 116
( 2y * ( ( ( 4y + ( ( 7y * 2y ) * ( 4x * 84.0 ) ) ) + 50.0 ) * 54.0 ) )
ind: 117
( ( ( ( 4x + 1y ) + ( 27.0 + 7y ) ) * 1y ) + ( 7x - 8x ) )
ind: 118
( 3y + 3x )
ind: 119
( ( 68.0 * ( ( ( ( 10x + 11.0 ) + 1x ) + ( ( 46.0 - 70.0 ) * ( 8y - 10x ) ) ) + 44.0 ) ) + 86.0 )
ind: 120
( 1y + 8x )
ind: 121
( 3x - 7y )
ind: 122
( ( ( ( ( ( 12.0 * 8x ) * ( 11.0 + 87.0 ) ) - 10x ) + ( ( 4.0 + ( 5y * 83.0 ) ) - ( 50.0 * 14.0 ) ) ) - ( ( ( 8x + ( 11.0 * 6x ) ) * ( 59.0 - ( 10y + 86.0 ) ) ) * 1x ) ) - ( ( ( ( ( 2.0 - 75.0 ) + ( 9y - 99.0 ) ) * ( ( 60.0 + 39.0 ) + ( 9x + 69.0 ) ) ) * ( 51.0 - ( ( 4.0 * 3y ) + 2x ) ) ) - ( 75.0 - 7x ) ) )
ind: 123
( 5x + ( ( ( 6y + ( ( 2x + 6y ) * 40.0 ) ) * 17.0 ) + 23.0 ) )
ind: 124
( ( ( ( 10y + ( 4x - ( 2x + 2x ) ) ) + ( 10x * 32.0 ) ) - 26.0 ) * 60.0 )
ind: 125
( 2x - ( 9x * ( 58.0 * 5y ) ) )
ind: 126
( ( ( 89.0 * ( ( 9.0 * ( 6x * 2y ) ) - ( 21.0 + ( 73.0 * 1y ) ) ) ) - 3y ) + ( ( ( ( 17.0 - ( 89.0 * 80.0 ) ) + ( ( 8x - 4y ) * ( 67.0 + 8y ) ) ) - 89.0 ) + 58.0 ) )
ind: 127
( ( ( 49.0 + 68.0 ) - ( ( 10x - 63.0 ) + ( 8y * ( 4.0 * ( 70.0 * 64.0 ) ) ) ) ) - 2x )
ind: 128
( ( 9x - 52.0 ) * ( ( ( 35.0 + ( 10y + ( 10y + 3y ) ) ) * ( ( 9x * ( 90.0 * 26.0 ) ) * ( 2x + ( 4x * 5y ) ) ) ) - ( ( ( ( 6.0 - 68.0 ) - 23.0 ) * ( 7y * 63.0 ) ) - ( ( 55.0 * 6x ) + ( ( 6x * 40.0 ) - ( 89.0 + 4y ) ) ) ) ) )
ind: 129
( 7y + ( 31.0 * ( 78.0 * ( 2x - ( ( 6.0 + 5x ) - 4x ) ) ) ) )
ind: 130
( 10y * ( 3x + 10.0 ) )
ind: 131
( ( ( 63.0 - ( ( 10y + ( 36.0 * 72.0 ) ) + ( ( 2x - 61.0 ) + ( 5x * 3x ) ) ) ) + 8x ) - 10y )
ind: 132
( ( ( ( 4y * ( 7y * ( 6x + 1x ) ) ) * 51.0 ) - ( ( ( ( 38.0 * 14.0 ) * ( 17.0 - 4y ) ) + ( ( 6.0 - 33.0 ) - ( 51.0 + 3x ) ) ) + ( 30.0 + ( 42.0 + 68.0 ) ) ) ) + 3x )
ind: 133
( 8y * 10x )
ind: 134
( ( ( ( ( ( 71.0 * 7y ) * ( 4y + 10.0 ) ) + ( 42.0 + ( 27.0 * 6x ) ) ) + 4y ) * 71.0 ) * ( ( 16.0 + ( ( 82.0 + 36.0 ) + 7y ) ) - ( ( 1y + ( ( 53.0 + 17.0 ) + 3x ) ) + 3y ) ) )
ind: 135
( ( 2x + ( 85.0 + ( 10y * ( ( 25.0 * 9y ) - ( 30.0 + 47.0 ) ) ) ) ) + 25.0 )
ind: 136
( 24.0 - ( ( ( ( 4x - ( 2y - 82.0 ) ) + ( 8y * 100.0 ) ) + ( 73.0 - ( 50.0 * 47.0 ) ) ) * ( 98.0 * ( 88.0 + ( ( 14.0 * 84.0 ) + 96.0 ) ) ) ) )
ind: 137
( ( ( ( 90.0 - 33.0 ) + ( 3y + ( 2x + 9y ) ) ) + 29.0 ) * 77.0 )
ind: 138
( 8y - ( ( 5y * 8x ) - ( 33.0 * ( 96.0 - 4y ) ) ) )
ind: 139
( ( ( 8y - 87.0 ) - ( 7x - ( ( 33.0 - 55.0 ) * 61.0 ) ) ) + 4y )
ind: 140
( 4y * ( ( 7x + 2x ) * ( 3y * 78.0 ) ) )
ind: 141
( 2y * ( 42.0 * 6x ) )
ind: 142
( 5y - 8x )
ind: 143
( ( ( ( ( ( 2x * 1x ) - 7x ) * 34.0 ) - 86.0 ) - ( 89.0 + ( 10y + ( 74.0 - ( 5x - 5.0 ) ) ) ) ) - ( 9y - ( ( ( ( 54.0 + 67.0 ) - 90.0 ) - 100.0 ) - ( 6x - 33.0 ) ) ) )
ind: 144
( ( ( ( 79.0 + 3y ) + 4y ) + 9x ) + 9x )
ind: 145
( ( ( ( 6x + ( 43.0 + 9y ) ) * ( ( 21.0 - 6x ) - 6y ) ) + 9x ) - ( 29.0 + 12.0 ) )
ind: 146
( ( 19.0 - 4x ) * ( ( 66.0 - 7y ) + ( ( ( 5y + ( 2.0 * 100.0 ) ) + 29.0 ) - ( ( 45.0 * 4x ) - ( 8y * 21.0 ) ) ) ) )
ind: 147
( ( 4x - 8y ) + ( ( ( ( 78.0 - ( 87.0 - 24.0 ) ) + 9y ) * ( ( ( 7y + 75.0 ) + ( 9y - 3x ) ) - ( 4x + 13.0 ) ) ) * ( 63.0 + ( 88.0 * 88.0 ) ) ) )
ind: 148
( 97.0 + ( ( ( ( ( 3y * 8y ) - ( 41.0 * 3x ) ) + ( ( 100.0 + 11.0 ) - ( 41.0 * 8x ) ) ) * ( ( 39.0 + ( 85.0 + 7y ) ) * ( 6x - 9y ) ) ) - ( ( ( ( 3x + 2y ) + 26.0 ) + 1x ) * 9.0 ) ) )
ind: 149
( 10x - ( ( ( ( 10x * 4y ) + 62.0 ) - ( 9x * ( ( 7x + 4x ) * 5.0 ) ) ) * ( 19.0 * 5y ) ) )
ind: 150
( 7x * ( 8x * 9y ) )
ind: 151
( ( ( ( ( ( 1.0 * 6x ) + 5.0 ) - ( 3y * ( 34.0 - 8y ) ) ) - ( ( 6x - ( 59.0 - 57.0 ) ) + 10x ) ) * 17.0 ) * ( 1x * ( 100.0 + ( ( 30.0 + 91.0 ) + 1y ) ) ) )
ind: 152
( 8y - ( 5x + 93.0 ) )
ind: 153
( 47.0 * ( ( ( ( 3y + ( 10y - 7x ) ) + ( 3x + 93.0 ) ) + ( 45.0 * ( 1x + ( 29.0 * 5y ) ) ) ) * ( 94.0 * 87.0 ) ) )
ind: 154
( ( ( 1x + ( 8y * ( ( 1y - 8y ) + ( 61.0 - 12.0 ) ) ) ) - 4x ) * ( 6y * 3x ) )
ind: 155
( ( ( ( 78.0 - ( ( 67.0 + 4y ) + 80.0 ) ) + 31.0 ) * 2x ) * ( 6y + 83.0 ) )
ind: 156
( ( ( ( 8y + 18.0 ) - 90.0 ) + ( ( 64.0 - ( ( 9y - 1.0 ) - ( 28.0 * 4y ) ) ) - ( ( ( 63.0 - 60.0 ) - 4x ) + ( ( 18.0 - 9x ) * ( 87.0 * 1x ) ) ) ) ) * ( 3.0 * 10x ) )
ind: 157
( ( 2y + ( 85.0 * ( ( 4y * ( 40.0 * 8x ) ) * ( ( 72.0 + 10.0 ) * 61.0 ) ) ) ) - ( ( 10y + 8y ) - ( ( ( 6x * ( 54.0 + 68.0 ) ) * 28.0 ) + ( 84.0 * ( 44.0 * ( 42.0 - 45.0 ) ) ) ) ) )
ind: 158
( ( 6.0 - ( ( ( 8x + ( 60.0 - 45.0 ) ) + ( 19.0 + 98.0 ) ) - ( ( 8x * ( 83.0 * 8y ) ) * 23.0 ) ) ) - 5x )
ind: 159
( ( ( ( 11.0 - ( ( 84.0 + 8y ) * ( 76.0 * 7y ) ) ) - ( 22.0 + 2y ) ) - ( 37.0 - ( ( ( 6y * 19.0 ) * ( 89.0 * 10x ) ) - 3.0 ) ) ) * ( 10x + ( ( ( 22.0 - 34.0 ) * ( ( 50.0 + 99.0 ) - 2.0 ) ) - ( ( ( 53.0 + 81.0 ) * ( 74.0 + 4y ) ) * 6y ) ) ) )
ind: 160
( 48.0 + ( ( ( ( ( 3y * 96.0 ) - ( 6x - 79.0 ) ) - 9y ) * 9x ) - 1y ) )
ind: 161
( ( 3x - ( ( 24.0 - 33.0 ) - 10y ) ) * ( ( ( ( 96.0 * 63.0 ) * 62.0 ) + ( ( ( 45.0 + 78.0 ) * ( 4y * 1y ) ) - ( ( 8y - 37.0 ) + ( 2x * 10.0 ) ) ) ) - 9y ) )
ind: 162
( ( 1x - ( ( ( ( 9x * 10x ) * 50.0 ) + ( 7x + ( 67.0 + 62.0 ) ) ) * ( ( 1.0 + ( 1y + 6.0 ) ) + ( ( 9y - 55.0 ) + 1x ) ) ) ) * 47.0 )
ind: 163
( ( 5y + 9x ) - 8x )
ind: 164
( ( 2y - 97.0 ) + ( 1.0 + 5x ) )
ind: 165
( 9x + 5y )
ind: 166
( ( 3x + 2y ) - ( 5x + 7x ) )
ind: 167
( ( 4y + ( ( 17.0 * 5y ) - 1x ) ) - 55.0 )
ind: 168
( 26.0 - ( ( ( ( ( 66.0 * 4y ) + ( 8x + 2y ) ) + ( ( 1x - 49.0 ) * 46.0 ) ) - ( 79.0 + ( ( 9.0 + 100.0 ) * 8x ) ) ) + ( 6y + ( 6x + 8.0 ) ) ) )
ind: 169
( 3y * ( ( 100.0 - ( 5x - ( ( 66.0 + 1y ) * 8y ) ) ) - ( ( 58.0 - ( 92.0 + 81.0 ) ) * 76.0 ) ) )
ind: 170
( 4x - 6y )
ind: 171
( ( ( ( 29.0 - 5x ) + ( ( ( 7y + 1x ) + 6x ) + 9x ) ) + ( ( 57.0 + ( 67.0 + 68.0 ) ) * ( 4y + ( 1y - 7x ) ) ) ) + 40.0 )
ind: 172
( 8y - ( ( 1y - ( 9y * ( 82.0 + ( 5y * 64.0 ) ) ) ) * ( 5x * 92.0 ) ) )
ind: 173
( 39.0 * ( ( 5y + 7x ) - ( ( 41.0 - 8y ) - ( 9x + 59.0 ) ) ) )
ind: 174
( ( 75.0 + ( ( ( ( 10y + 2y ) * ( 1y - 2x ) ) + ( 4.0 - 7x ) ) - 8.0 ) ) - ( 8.0 - 7y ) )
ind: 175
( ( 13.0 - ( ( 7y * ( ( 5x + 2y ) - ( 71.0 + 10x ) ) ) - ( ( 55.0 + 90.0 ) - 2y ) ) ) - 6x )
ind: 176
( ( 53.0 - ( ( ( ( 61.0 - 18.0 ) * ( 3y - 40.0 ) ) * 22.0 ) + ( 8y * ( ( 3x + 4x ) - ( 86.0 + 56.0 ) ) ) ) ) - ( ( ( ( ( 19.0 - 30.0 ) - ( 7y - 78.0 ) ) + 5x ) + ( 48.0 * ( 4x - 78.0 ) ) ) - ( ( 93.0 * ( ( 49.0 * 3y ) + ( 3.0 + 9y ) ) ) * ( ( 6x - ( 8x + 6x ) ) + ( 88.0 * 92.0 ) ) ) ) )
ind: 177
( 55.0 - ( ( ( 1x * 98.0 ) * ( ( ( 3y + 2y ) * ( 3y * 96.0 ) ) * ( ( 10y - 2x ) - ( 7x * 6y ) ) ) ) * 59.0 ) )
ind: 178
( ( ( 3y - 17.0 ) - 1x ) - ( 55.0 - 6y ) )
ind: 179
( ( ( ( ( 86.0 + ( 7x + 86.0 ) ) + ( 7x * ( 73.0 - 10y ) ) ) + 8x ) * 7x ) - ( ( ( 21.0 - 7x ) + ( ( 50.0 * ( 66.0 - 3y ) ) * ( ( 7y - 6y ) - ( 8y - 3y ) ) ) ) * ( ( 6x * ( ( 6y - 9.0 ) * ( 4y - 9y ) ) ) + ( ( 4.0 * ( 6y - 8y ) ) + ( 5y * 95.0 ) ) ) ) )
ind: 180
( 7x * 2y )
ind: 181
( 9x - ( 3y * 11.0 ) )
ind: 182
( ( 10x * 1x ) * ( ( ( ( ( 50.0 - 75.0 ) - 78.0 ) * ( 10y + ( 32.0 - 8y ) ) ) - 50.0 ) * ( 2x - ( 28.0 - 4x ) ) ) )
ind: 183
( ( ( ( ( ( 71.0 + 2.0 ) + ( 1x + 34.0 ) ) + 3y ) * ( 1x - 4x ) ) * ( 88.0 - ( 7x - ( ( 22.0 + 89.0 ) + 9y ) ) ) ) - 8y )
ind: 184
( ( ( ( ( 3x * 70.0 ) + 8y ) * ( ( 47.0 + 10x ) + ( ( 84.0 - 63.0 ) + 13.0 ) ) ) * 2x ) * 65.0 )
ind: 185
( ( 7y - 61.0 ) - 5x )
ind: 186
( ( 51.0 - ( ( ( ( 5y + 82.0 ) * ( 7x - 11.0 ) ) + ( 2.0 * 67.0 ) ) - 62.0 ) ) + 3y )
ind: 187
( ( 61.0 + ( 16.0 - ( ( 7y * 5y ) - 6x ) ) ) + 100.0 )
ind: 188
( ( 10y + ( ( 74.0 + 10.0 ) * ( 8.0 + 5x ) ) ) + 3x )
ind: 189
( ( ( 63.0 - 9y ) + 23.0 ) * 3x )
ind: 190
( ( 70.0 - ( 85.0 + ( ( ( 7y * 91.0 ) + ( 10x * 10x ) ) + ( 39.0 + 41.0 ) ) ) ) + ( 8x * 40.0 ) )
ind: 191
( ( ( ( 10y - ( ( 6x * 10.0 ) * 18.0 ) ) + ( ( ( 99.0 + 8x ) + 2y ) * ( ( 98.0 * 3y ) - ( 6x * 62.0 ) ) ) ) + ( ( ( ( 9x * 10y ) - 50.0 ) * 17.0 ) + ( ( ( 4.0 * 9.0 ) + 2x ) + 10x ) ) ) + ( 4x - 92.0 ) )
ind: 192
( ( 78.0 + ( 72.0 - ( 57.0 * ( 71.0 - ( 5y + 5y ) ) ) ) ) - 3x )
ind: 193
( ( 32.0 * ( 4y + ( ( 2x * 14.0 ) + ( ( 6x + 65.0 ) - ( 35.0 * 6y ) ) ) ) ) - ( ( 8y - ( ( ( 7x - 7y ) * ( 10x + 11.0 ) ) + 10x ) ) - 9.0 ) )
ind: 194
( 5x + ( ( 8y + 97.0 ) - ( 61.0 + 28.0 ) ) )
ind: 195
( ( ( ( ( 8.0 * 51.0 ) - ( ( 10x - 6x ) * ( 4y - 10y ) ) ) + ( ( ( 62.0 * 95.0 ) - 3y ) * 5x ) ) - 5y ) * ( 75.0 + ( 48.0 + 8x ) ) )
ind: 196
( 20.0 * ( 54.0 - ( 6y + ( ( ( 1x - 32.0 ) * ( 3.0 + 9y ) ) * 26.0 ) ) ) )
ind: 197
( 40.0 * ( ( 3y + ( ( 7y * ( 2x + 44.0 ) ) + ( ( 65.0 + 79.0 ) + ( 19.0 + 6x ) ) ) ) - ( ( 64.0 - 9.0 ) + ( ( 58.0 * ( 3y + 8y ) ) - ( ( 7.0 - 4y ) - 79.0 ) ) ) ) )
ind: 198
( ( 2y + 9y ) + ( 94.0 + ( 5y * 2x ) ) )
ind: 199
( ( ( 7x - 3y ) - ( ( ( 9y + 8x ) + ( ( 71.0 - 6x ) * 3y ) ) - 2y ) ) - 52.0 )
ind: 200
( 6y * ( 7x + 38.0 ) )
ind: 201
( ( ( ( ( 19.0 - ( 93.0 + 39.0 ) ) * ( ( 36.0 - 8x ) * ( 53.0 - 40.0 ) ) ) + ( 6x * ( 9.0 + ( 76.0 * 61.0 ) ) ) ) + ( 1x - ( 8.0 * ( ( 10x - 37.0 ) + ( 60.0 * 7y ) ) ) ) ) + ( ( ( ( ( 4y * 100.0 ) * 70.0 ) + ( 2x * ( 81.0 * 10y ) ) ) - ( 68.0 * 1.0 ) ) - 8x ) )
ind: 202
( ( 5x + 1x ) * 6y )
ind: 203
( 63.0 - ( ( ( 80.0 - ( 9x * ( 85.0 - 36.0 ) ) ) - ( ( ( 41.0 * 1x ) - ( 31.0 - 30.0 ) ) + 91.0 ) ) - 6y ) )
ind: 204
( 61.0 * ( ( 6y - ( ( ( 8y + 83.0 ) + 63.0 ) * ( 67.0 - ( 4y - 86.0 ) ) ) ) * ( 50.0 + 7x ) ) )
ind: 205
( ( ( ( ( 3x * ( 54.0 + 1x ) ) + 13.0 ) * ( 29.0 + ( 73.0 - 5x ) ) ) + ( ( 98.0 - ( ( 2.0 * 7y ) + 70.0 ) ) - 3x ) ) + 54.0 )
ind: 206
( 2y - ( ( ( 59.0 - ( ( 2x + 62.0 ) + ( 62.0 - 92.0 ) ) ) * 4x ) + 10y ) )
ind: 207
( ( ( 73.0 + ( 46.0 * ( ( 86.0 - 5y ) + 23.0 ) ) ) + 5x ) + 99.0 )
ind: 208
( 8y * ( ( 10x + ( ( ( 3y + 54.0 ) - 29.0 ) * 80.0 ) ) * 4.0 ) )
ind: 209
( ( ( ( 98.0 + ( 67.0 * ( 5y * 4x ) ) ) - 67.0 ) * ( 6x + 67.0 ) ) - ( ( 56.0 - ( ( 84.0 + ( 5x + 78.0 ) ) + ( 5y * 2x ) ) ) + ( ( ( 10y - ( 3y + 8y ) ) + 18.0 ) + ( ( 6x - 51.0 ) * ( 1x + 33.0 ) ) ) ) )
ind: 210
( ( 5x + ( 15.0 * ( ( ( 9.0 - 18.0 ) + ( 4y * 4x ) ) * ( 3y - 34.0 ) ) ) ) + 69.0 )
ind: 211
( ( 82.0 + ( ( 3x * ( 8x + 3.0 ) ) - ( ( ( 1x + 2y ) + 7y ) - 10y ) ) ) - ( ( 31.0 - ( ( ( 39.0 - 3y ) * ( 30.0 * 59.0 ) ) - 7y ) ) - ( ( 96.0 - 80.0 ) + 10x ) ) )
ind: 212
( 8x * ( ( 5y + 55.0 ) - ( 78.0 * ( 7x - ( 3y - ( 7.0 + 2x ) ) ) ) ) )
ind: 213
( 5x + ( ( 6x * 45.0 ) * ( ( 3x * 10x ) * ( ( 30.0 * ( 4y - 10y ) ) + 6y ) ) ) )
ind: 214
( ( ( ( 9x + ( ( 1y * 5x ) * ( 7x * 88.0 ) ) ) * ( 21.0 * 7y ) ) + ( ( ( ( 5x * 89.0 ) + 4y ) + ( 62.0 + 5y ) ) + ( ( 74.0 + ( 1x * 54.0 ) ) - 52.0 ) ) ) - ( 34.0 + 73.0 ) )
ind: 215
( 2y + ( 57.0 + 8x ) )
ind: 216
( ( 49.0 + ( 4x - 92.0 ) ) * ( ( 1.0 + 4y ) + 10x ) )
ind: 217
( ( 10y + ( 4y - ( ( ( 8y * 3.0 ) - ( 1x * 9y ) ) - ( 2x + 33.0 ) ) ) ) + ( ( ( 1x - 3x ) + ( ( ( 1x * 2y ) - ( 4x * 5y ) ) - ( 41.0 - 3y ) ) ) - 1.0 ) )
ind: 218
( 1x + 5y )
ind: 219
( ( ( 13.0 + ( ( 97.0 + 6y ) * 9x ) ) * 1x ) * 7x )
ind: 220
( 10x + ( ( ( ( 76.0 + 6y ) - ( ( 64.0 * 55.0 ) * 61.0 ) ) + ( ( ( 44.0 - 79.0 ) + 4y ) + ( ( 80.0 + 23.0 ) * ( 19.0 * 5x ) ) ) ) * ( 64.0 * 10y ) ) )
ind: 221
( 3x - ( 9x + ( ( 8y - 10y ) * ( 18.0 - ( ( 12.0 - 80.0 ) - ( 21.0 * 34.0 ) ) ) ) ) )
ind: 222
( 57.0 - ( ( 6y + 10x ) + 92.0 ) )
ind: 223
( ( 8y * ( ( ( 8x - ( 9y + 74.0 ) ) - ( 79.0 - ( 45.0 - 1x ) ) ) + ( 17.0 - ( ( 57.0 - 98.0 ) - ( 8x + 79.0 ) ) ) ) ) + ( ( ( ( 92.0 * 9y ) * ( ( 74.0 - 91.0 ) * ( 6x * 5y ) ) ) * ( 31.0 + 1x ) ) + ( 9x - ( 83.0 + ( 36.0 - ( 10y * 10x ) ) ) ) ) )
ind: 224
( ( ( 4x - 91.0 ) + 99.0 ) * ( ( ( ( ( 6y * 43.0 ) + ( 7x * 9y ) ) * 4y ) - ( 8y - ( 4x + ( 51.0 * 86.0 ) ) ) ) * 63.0 ) )
ind: 225
( 9y - 9x )
ind: 226
( 28.0 * ( ( ( ( ( 8x * 2x ) - 6x ) + 21.0 ) + ( 8x - ( ( 48.0 + 4.0 ) - ( 9x - 30.0 ) ) ) ) * 5y ) )
ind: 227
( ( 8y - 5y ) + ( ( 2y * ( 2x - ( ( 9x * 6x ) + 97.0 ) ) ) * 8y ) )
ind: 228
( ( ( 6.0 * ( ( ( 4y - 16.0 ) - ( 7y + 5x ) ) - 7x ) ) - 4y ) * 6x )
ind: 229
( ( ( ( 7y * ( ( 6x - 4y ) + 10y ) ) * ( 7x - ( 3x * ( 92.0 - 59.0 ) ) ) ) * 6x ) * 10y )
ind: 230
( 5x - 9y )
ind: 231
( ( 77.0 + 10y ) - ( ( ( 4y * 4y ) + ( 10x * 7x ) ) * ( 85.0 - 10x ) ) )
ind: 232
( ( 6x - ( 51.0 * 1x ) ) * ( ( ( ( 4y - 5x ) - ( 5y * ( 42.0 * 77.0 ) ) ) + ( 55.0 - ( ( 67.0 + 84.0 ) - 6x ) ) ) - 3x ) )
ind: 233
( ( ( ( ( 1x * ( 7x + 66.0 ) ) + 5x ) * 9y ) * ( 15.0 + ( 1y - ( ( 10y - 3x ) - 16.0 ) ) ) ) + ( 23.0 + 1x ) )
ind: 234
( ( 2y - ( ( ( ( 5x - 97.0 ) - 8x ) + 5y ) * 55.0 ) ) * ( 3x + ( 81.0 - 4.0 ) ) )
ind: 235
( ( 8x - ( ( 12.0 + 66.0 ) - ( ( ( 1y + 20.0 ) + 92.0 ) + 51.0 ) ) ) - ( ( ( 31.0 + ( 55.0 + 50.0 ) ) + 29.0 ) + 7.0 ) )
ind: 236
( 14.0 - ( ( ( 5x + ( ( 15.0 - 76.0 ) - ( 21.0 + 54.0 ) ) ) - 7y ) * ( ( ( 7x + ( 87.0 + 6y ) ) * 95.0 ) + 5x ) ) )
ind: 237
( ( 22.0 - ( ( ( 9y + ( 7y - 16.0 ) ) - 6y ) - 3x ) ) * 74.0 )
ind: 238
( 9y - ( ( ( 10y * ( 6x * 86.0 ) ) * 33.0 ) * ( ( ( ( 10x + 8y ) + ( 80.0 * 55.0 ) ) * 68.0 ) * ( 89.0 * ( ( 95.0 - 5x ) + 10y ) ) ) ) )
ind: 239
( ( 61.0 * ( 26.0 + 10y ) ) * ( ( ( ( 61.0 * 7x ) + ( ( 7.0 + 50.0 ) - 8x ) ) + 9x ) * ( 67.0 + ( ( 26.0 - ( 88.0 - 9x ) ) + ( ( 84.0 - 10.0 ) * ( 3x + 43.0 ) ) ) ) ) )
ind: 240
( ( 7y - 3.0 ) + ( ( ( ( 10x + ( 47.0 - 1y ) ) * ( 6y * ( 9x - 82.0 ) ) ) - 38.0 ) - 75.0 ) )
ind: 241
( 79.0 * ( ( ( ( 41.0 - ( 23.0 - 77.0 ) ) * 10y ) + ( 44.0 - ( ( 46.0 * 18.0 ) - ( 3x - 52.0 ) ) ) ) - 3y ) )
ind: 242
( ( ( 93.0 - 76.0 ) - ( 8y + ( 4x + ( 7x + ( 52.0 + 9x ) ) ) ) ) * 71.0 )
ind: 243
( 88.0 + ( ( ( 6y * 2x ) * ( ( ( 9x + 95.0 ) * ( 5y - 96.0 ) ) + ( 1y - 57.0 ) ) ) + ( ( 19.0 + ( ( 15.0 + 50.0 ) * ( 9y * 5x ) ) ) - ( ( 3.0 + 36.0 ) - 7x ) ) ) )
ind: 244
( ( 1x * ( 10.0 - 4x ) ) + ( 8x * 2y ) )
ind: 245
( 44.0 - ( ( ( ( 9y + ( 36.0 - 2x ) ) - ( ( 61.0 - 5y ) + 60.0 ) ) - ( ( ( 10y * 38.0 ) - ( 4y + 5x ) ) - ( 5y - 3y ) ) ) * ( ( 5x + 2y ) * ( ( ( 21.0 * 99.0 ) - 45.0 ) + ( 20.0 - 2y ) ) ) ) )
ind: 246
( ( ( 28.0 + ( 97.0 * 10x ) ) - 39.0 ) - 7y )
ind: 247
( 9x * 3y )
ind: 248
( 8y * ( 1y + 2x ) )
ind: 249
( ( 2x + ( ( ( 1x * ( 46.0 * 89.0 ) ) + 3y ) - 9x ) ) + ( ( 2y * 22.0 ) + 49.0 ) )
ind: 250
( ( ( 4x + 68.0 ) + ( 4.0 * ( 97.0 - 1y ) ) ) * ( 2x * 1y ) )
ind: 251
( ( ( 16.0 - ( 5x + 99.0 ) ) * 9y ) - ( 5x * 92.0 ) )
ind: 252
( ( ( 3y + 5x ) - 95.0 ) - 73.0 )
ind: 253
( ( 5y + 1y ) - 5x )
ind: 254
( ( ( ( ( ( 45.0 - 42.0 ) * 3x ) * 19.0 ) - ( 84.0 * 9y ) ) + ( 91.0 * ( 16.0 + ( ( 1x * 91.0 ) - ( 2y - 16.0 ) ) ) ) ) * ( 69.0 * ( ( 6y + 76.0 ) - 5y ) ) )
ind: 255
( ( ( 9x + 10.0 ) - ( ( ( ( 8y * 55.0 ) - 44.0 ) * ( 10y * 7x ) ) * 9y ) ) + ( ( ( ( 7y + ( 1x * 7y ) ) - 5y ) * ( 6y - 10x ) ) - 9x ) )
ind: 256
( ( 5x * 7y ) - 3y )
ind: 257
( 13.0 + ( 6y * 3x ) )
ind: 258
( ( ( ( 67.0 * 8y ) - 3x ) - 72.0 ) - ( 53.0 + ( 83.0 + ( ( ( 2.0 * 46.0 ) - ( 2y - 40.0 ) ) - ( ( 10y * 3x ) * ( 69.0 * 66.0 ) ) ) ) ) )
ind: 259
( ( ( ( ( 5x + 11.0 ) * 10x ) * ( 96.0 + 19.0 ) ) - ( ( ( 45.0 * ( 69.0 - 6x ) ) + 5x ) + 4y ) ) - 1y )
ind: 260
( ( ( 16.0 + 1x ) - ( 6x + ( 18.0 - ( ( 5y - 48.0 ) - ( 69.0 - 8x ) ) ) ) ) + 4x )
ind: 261
( 2.0 + ( ( ( ( 40.0 - 71.0 ) + ( 5y - ( 15.0 + 25.0 ) ) ) + ( ( ( 80.0 + 9y ) - 16.0 ) - ( ( 81.0 - 1y ) * ( 3x + 25.0 ) ) ) ) * 3y ) )
ind: 262
( 34.0 - ( ( ( ( ( 94.0 * 2.0 ) + 4.0 ) - ( 68.0 * ( 10y + 7x ) ) ) * ( 75.0 - ( 8y + 10y ) ) ) - 27.0 ) )
ind: 263
( ( ( ( 3x * ( ( 2x + 40.0 ) * ( 46.0 + 97.0 ) ) ) + ( 7x * 47.0 ) ) * 6x ) + ( ( ( 43.0 + ( 97.0 * ( 10.0 + 6x ) ) ) - 13.0 ) * ( 5x * ( ( ( 79.0 * 8x ) * ( 2y - 20.0 ) ) + ( ( 68.0 + 6y ) + ( 3x * 22.0 ) ) ) ) ) )
ind: 264
( ( 78.0 + 1y ) + ( ( 4x + 1y ) + 91.0 ) )
ind: 265
( ( 4.0 - ( 7y * ( ( 6y * 5x ) + ( ( 30.0 + 10y ) + ( 1x + 52.0 ) ) ) ) ) - 6.0 )
ind: 266
( 1y * ( ( ( ( 10x + 10x ) + ( 2x * ( 9y - 83.0 ) ) ) + ( ( 10x + 93.0 ) * ( 39.0 - 1x ) ) ) * ( ( ( 79.0 - 6x ) * 86.0 ) * ( 5x * ( ( 9x * 9x ) * 6x ) ) ) ) )
ind: 267
( 8y * ( ( 6y + 14.0 ) * 9x ) )
ind: 268
( ( 90.0 + 7x ) - ( 3y + 8x ) )
ind: 269
( 6y + ( ( ( 7.0 * ( ( 7y * 10y ) * ( 8x + 10y ) ) ) + ( 5x - 10y ) ) + 3x ) )
ind: 270
( ( ( ( 7x - ( ( 71.0 * 5x ) + 5x ) ) * ( 94.0 - 9.0 ) ) + 27.0 ) - ( ( ( ( ( 84.0 + 4x ) * ( 68.0 * 1x ) ) + 6x ) * 6.0 ) * ( 4y + 4x ) ) )
ind: 271
( ( ( 9y - 96.0 ) * ( ( 58.0 - ( 7y - 43.0 ) ) * ( ( 5x + 72.0 ) + ( ( 4x * 24.0 ) * ( 8y - 5x ) ) ) ) ) + 14.0 )
ind: 272
( 46.0 - ( ( ( ( ( 25.0 * 1x ) * ( 73.0 - 2x ) ) - 4.0 ) * ( ( 5y * 10y ) - 21.0 ) ) * ( ( ( ( 5y - 9x ) * 3y ) * ( ( 10x - 2y ) + 10x ) ) - ( 9x * ( 3y * 55.0 ) ) ) ) )
ind: 273
( ( ( ( 67.0 * 78.0 ) + ( ( ( 6x + 26.0 ) + 89.0 ) - ( 4x - ( 8y * 6y ) ) ) ) * 88.0 ) + 7y )
ind: 274
( ( ( ( ( ( 8y - 2y ) - 1y ) - ( 37.0 * 54.0 ) ) - 59.0 ) - 50.0 ) - 4x )
ind: 275
( ( ( ( 82.0 + ( ( 97.0 + 4x ) * ( 10x * 5x ) ) ) * ( ( ( 83.0 + 58.0 ) + 44.0 ) * ( ( 5y - 2y ) - 22.0 ) ) ) - ( ( 85.0 + ( ( 8y + 44.0 ) + 8y ) ) - ( ( ( 7x + 31.0 ) * 4x ) - 84.0 ) ) ) - 93.0 )
ind: 276
( ( 9x + 84.0 ) - 9y )
ind: 277
( ( 20.0 - ( 78.0 + ( ( ( 8y * 3x ) - ( 78.0 * 3y ) ) * ( ( 23.0 * 2x ) - 17.0 ) ) ) ) - 67.0 )
ind: 278
( 13.0 - ( ( ( ( 88.0 - ( 4y - 82.0 ) ) * 68.0 ) * ( ( ( 6x - 7y ) - 2y ) * ( 15.0 - ( 2y * 60.0 ) ) ) ) + 7y ) )
ind: 279
( ( ( ( 4y + ( 8y - 9y ) ) + 3.0 ) + ( 1x - 8x ) ) + ( 31.0 + 59.0 ) )
ind: 280
( 2y + ( 3x * ( ( ( 95.0 * ( 51.0 + 8x ) ) - ( 7x - ( 8y - 4x ) ) ) * ( ( 63.0 * ( 26.0 + 6y ) ) * ( ( 6x * 89.0 ) + 6y ) ) ) ) )
ind: 281
( ( ( 2y - ( 97.0 * 9y ) ) + ( ( 85.0 * 1.0 ) + ( ( ( 3x + 59.0 ) + 8y ) + ( 38.0 - ( 86.0 * 2x ) ) ) ) ) * 8y )
ind: 282
( ( 6y - 23.0 ) * ( ( ( 51.0 + 25.0 ) * ( 10x - ( 9y - ( 5x - 10.0 ) ) ) ) - 33.0 ) )
ind: 283
( ( ( ( ( 40.0 * 7y ) * 2y ) + 80.0 ) - 5x ) * ( ( 81.0 * 3y ) + ( ( 98.0 * 34.0 ) + ( 84.0 - 6x ) ) ) )
ind: 284
( 7y + 1x )
ind: 285
( 62.0 - ( ( 80.0 * ( ( ( 27.0 + 82.0 ) * ( 6y * 9x ) ) - ( ( 55.0 * 3x ) - 4.0 ) ) ) * 1x ) )
ind: 286
( ( 7y - ( ( ( ( 60.0 * 10x ) * ( 1y * 9y ) ) * 2.0 ) * ( ( ( 8y + 4y ) + ( 37.0 + 85.0 ) ) * ( ( 8x * 8x ) * ( 18.0 + 9y ) ) ) ) ) * 71.0 )
ind: 287
( ( ( 5x - 7y ) * ( 1y + 33.0 ) ) - 2y )
ind: 288
( ( ( ( ( 8y + 49.0 ) - 4x ) + ( 62.0 * ( 39.0 - ( 97.0 + 1y ) ) ) ) - ( ( ( ( 37.0 - 78.0 ) * 3x ) + 5y ) * ( ( ( 27.0 * 7.0 ) + ( 4x * 96.0 ) ) * 9y ) ) ) + 10x )
ind: 289
( ( ( 74.0 - ( ( 42.0 + ( 7y - 65.0 ) ) + ( ( 8y + 2y ) * ( 35.0 * 55.0 ) ) ) ) + ( ( 100.0 * ( 8y - ( 53.0 + 3.0 ) ) ) - ( ( 7x * 1.0 ) + 51.0 ) ) ) + ( 62.0 - 7y ) )
ind: 290
( ( ( ( ( 82.0 - ( 8y + 100.0 ) ) + 8x ) + 87.0 ) * 1y ) - 7y )
ind: 291
( ( 6y + 6x ) * ( ( ( 2x * 81.0 ) - 11.0 ) + 9x ) )
ind: 292
( ( 6x - ( ( ( ( 9.0 - 3y ) * ( 2y * 65.0 ) ) + 6x ) - ( ( 69.0 + ( 58.0 + 61.0 ) ) * ( ( 6x * 7x ) + ( 60.0 - 19.0 ) ) ) ) ) * ( 68.0 + ( ( ( ( 4x * 14.0 ) + 1y ) - ( 44.0 - ( 36.0 - 8x ) ) ) * ( ( 38.0 * ( 62.0 - 52.0 ) ) + ( 10y + ( 68.0 * 4x ) ) ) ) ) )
ind: 293
( 9y + ( 43.0 * ( 4y * ( ( 8x + 6x ) - ( 9.0 + 5y ) ) ) ) )
ind: 294
( ( ( 35.0 * ( ( ( 7y * 89.0 ) * 27.0 ) * 16.0 ) ) + ( ( ( 10x * 9.0 ) + ( 6y + 79.0 ) ) - 4y ) ) * ( 2y - 3y ) )
ind: 295
( ( 2x - 63.0 ) * 6y )
ind: 296
( ( ( ( 86.0 + ( ( 25.0 * 7x ) - ( 86.0 - 3y ) ) ) - ( 5y + 96.0 ) ) - ( 6x - ( ( ( 5y - 59.0 ) - ( 10x * 52.0 ) ) * ( ( 38.0 + 6y ) + 1y ) ) ) ) + 5x )
ind: 297
( ( 12.0 * 58.0 ) + ( ( ( 10y - 12.0 ) - ( 88.0 + ( 5y - 8x ) ) ) - 10x ) )
ind: 298
( ( ( 44.0 - ( ( 99.0 - ( 8y * 55.0 ) ) + 24.0 ) ) * ( ( ( 56.0 * 70.0 ) - 10y ) + 9x ) ) + 30.0 )
ind: 299
( 7x - ( 2x + ( 4x - ( 1x + ( 6y + 2y ) ) ) ) )
ind: 300
( 6x * ( ( ( ( 44.0 * 4y ) - 5.0 ) - ( ( ( 9.0 + 2x ) + ( 2x + 6y ) ) * 38.0 ) ) - ( ( 50.0 - 9x ) + ( 4y * ( ( 57.0 * 9y ) * ( 18.0 - 7y ) ) ) ) ) )
ind: 301
( ( ( ( 4x + ( ( 98.0 - 1y ) - 2x ) ) * 21.0 ) - 3x ) * 3x )
ind: 302
( ( ( ( ( 45.0 * ( 3y * 8x ) ) * ( ( 73.0 * 2x ) - 2y ) ) - ( 62.0 + 9.0 ) ) - 5x ) * ( 70.0 + ( 3y + ( 72.0 * ( ( 3x + 3x ) * 7.0 ) ) ) ) )
ind: 303
( ( ( ( ( ( 9y + 21.0 ) + 72.0 ) - ( ( 2y + 27.0 ) - 9x ) ) * ( 84.0 - 69.0 ) ) + 42.0 ) * ( 34.0 * 2x ) )
ind: 304
( ( ( ( ( ( 6y - 3x ) * 8x ) - ( 10y + ( 82.0 * 7x ) ) ) + 9x ) + 20.0 ) - ( 78.0 * 7y ) )
ind: 305
( 4x * ( 6x - 9y ) )
ind: 306
( ( ( ( 1y * ( 31.0 * ( 5y * 5x ) ) ) + 14.0 ) * 7x ) + ( 63.0 - 70.0 ) )
ind: 307
( 62.0 * ( 35.0 + ( ( ( 2x - 31.0 ) + ( ( 5y - 10y ) + 2.0 ) ) * 10y ) ) )
ind: 308
( ( 4y - ( 37.0 - ( ( 2y * ( 38.0 * 6x ) ) - 7x ) ) ) * 7y )
ind: 309
( ( ( ( 3x - 86.0 ) * 2y ) * ( 64.0 + ( 4x + 8y ) ) ) + ( ( ( ( ( 69.0 + 25.0 ) * 69.0 ) * 1y ) * ( ( ( 45.0 * 8y ) - 1y ) * ( 3x * ( 6.0 + 24.0 ) ) ) ) + ( 37.0 + 6x ) ) )
ind: 310
( 9x + ( 1x - 8y ) )
ind: 311
( ( ( ( ( ( 4x * 4y ) + 9y ) * ( 10.0 + ( 61.0 + 38.0 ) ) ) + 25.0 ) + ( 4.0 * ( 5.0 + 1y ) ) ) - ( 3x * 77.0 ) )
ind: 312
( ( 44.0 + ( ( ( 9x * 71.0 ) * ( ( 5x + 9y ) + ( 80.0 + 4.0 ) ) ) * 8x ) ) * 4x )
ind: 313
( 10y * 9x )
ind: 314
( ( ( ( ( ( 84.0 + 1x ) - 2x ) - 5x ) - ( 3x * 38.0 ) ) + ( ( 2y + 28.0 ) * 94.0 ) ) * 4x )
ind: 315
( 13.0 - ( ( 5y - 2y ) + ( ( 62.0 - ( 6y - ( 10y - 6x ) ) ) + 26.0 ) ) )
ind: 316
( 7x + 7y )
ind: 317
( ( ( ( 3y * 2x ) * ( 32.0 * ( 3.0 - ( 8x * 3x ) ) ) ) * ( ( ( ( 25.0 - 87.0 ) + ( 44.0 * 82.0 ) ) * 71.0 ) - ( 3x + 66.0 ) ) ) - 9y )
ind: 318
( 3x * ( ( ( 95.0 * 10x ) - ( 57.0 * 84.0 ) ) * ( ( ( ( 1x * 3x ) * 3x ) * ( ( 51.0 + 2.0 ) * ( 40.0 - 3y ) ) ) + ( ( 15.0 + 26.0 ) - ( 52.0 - 1y ) ) ) ) )
ind: 319
( ( 10y - ( 8x + 58.0 ) ) - 96.0 )
ind: 320
( 9y * ( 3x + 31.0 ) )
ind: 321
( 92.0 + ( ( ( 7x * ( 3x * ( 1x - 7x ) ) ) - ( 87.0 * 37.0 ) ) - ( ( ( ( 7x + 17.0 ) + ( 7y - 3x ) ) + ( ( 4y - 29.0 ) + 9x ) ) * 8.0 ) ) )
ind: 322
( 3x - ( 5y * ( 57.0 - ( 7x - ( 10y - ( 30.0 - 7y ) ) ) ) ) )
ind: 323
( ( ( ( 9x * 68.0 ) + 9y ) - 31.0 ) * ( 5y * 75.0 ) )
ind: 324
( ( ( 64.0 - 7x ) * ( ( ( 9.0 * 8y ) + ( ( 94.0 - 88.0 ) * ( 5x - 9x ) ) ) * 95.0 ) ) * 6y )
ind: 325
( ( 65.0 + ( ( ( 3x - 9.0 ) - 5y ) * 3y ) ) * ( ( ( ( ( 73.0 * 9y ) + 2y ) * ( ( 2y + 2y ) + 5y ) ) - ( 5y - 6y ) ) + ( 8x * ( ( 1y - ( 35.0 * 18.0 ) ) * ( 86.0 - ( 78.0 * 41.0 ) ) ) ) ) )
ind: 326
( ( ( ( 7x * ( ( 4x + 9y ) + 10y ) ) + ( ( 7x + ( 39.0 + 42.0 ) ) * ( 5y * 3x ) ) ) - ( ( 3y - 31.0 ) + 81.0 ) ) - 73.0 )
ind: 327
( 66.0 * ( ( 74.0 * 10x ) * ( ( 79.0 * ( 6y * 29.0 ) ) + 8x ) ) )
ind: 328
( 2y + ( 17.0 * 7x ) )
ind: 329
( ( ( ( 36.0 * 2y ) + 9x ) + 58.0 ) * ( ( ( ( ( 82.0 + 31.0 ) + ( 9x * 8x ) ) * ( ( 42.0 + 62.0 ) - ( 22.0 * 77.0 ) ) ) - ( ( 10x + 36.0 ) - 8y ) ) - ( 7y + 10y ) ) )
ind: 330
( 80.0 + ( ( 74.0 + ( 72.0 + ( ( 7x + 74.0 ) + ( 10x - 1y ) ) ) ) * ( ( ( 51.0 + 6x ) - 10x ) * 10x ) ) )
ind: 331
( ( 95.0 - ( 71.0 - ( 12.0 * 97.0 ) ) ) * ( ( 8x - 1x ) * ( 9x + ( 94.0 * ( ( 8y * 4x ) * ( 10y + 6x ) ) ) ) ) )
ind: 332
( 5y + ( 9x * ( ( ( ( 4x * 58.0 ) - ( 9y - 60.0 ) ) - 4y ) * ( 4x * ( 90.0 - ( 13.0 - 4x ) ) ) ) ) )
ind: 333
( ( 84.0 - ( 9x - ( 13.0 * ( 3x + ( 7x + 84.0 ) ) ) ) ) + ( 59.0 + ( ( 3x - 5y ) + 55.0 ) ) )
ind: 334
( 9x * ( 2y - ( ( ( ( 72.0 * 3y ) * ( 69.0 * 89.0 ) ) + 8x ) + 10y ) ) )
ind: 335
( 84.0 * ( ( ( ( 2y + 9x ) + 4x ) + 8x ) - 20.0 ) )
ind: 336
( ( ( 9x * ( 3.0 - 28.0 ) ) - 8x ) * ( 36.0 + ( 78.0 * ( 10.0 * ( ( 9x - 8y ) * ( 52.0 - 44.0 ) ) ) ) ) )
ind: 337
( 67.0 - ( ( ( ( 10x * 4x ) * ( 3y + ( 6y - 86.0 ) ) ) * ( 10x - 7x ) ) - ( 86.0 + 50.0 ) ) )
ind: 338
( 28.0 + ( 7x + ( ( ( ( 8y - 3x ) * ( 2x - 31.0 ) ) - ( ( 3x * 10y ) * 1x ) ) - ( ( ( 98.0 - 9x ) * 7y ) * ( ( 6.0 + 6.0 ) - ( 7x + 4x ) ) ) ) ) )
ind: 339
( ( ( ( ( ( 27.0 - 9x ) + ( 6x * 36.0 ) ) * 6x ) * 10y ) - 79.0 ) - 6x )
ind: 340
( ( ( 95.0 - 6x ) - ( ( ( 32.0 - ( 5y - 2x ) ) - ( ( 70.0 * 51.0 ) - 74.0 ) ) - ( 70.0 * 4.0 ) ) ) * ( ( 7x - ( ( ( 8y * 39.0 ) * 52.0 ) - ( 100.0 + 6x ) ) ) - 91.0 ) )
ind: 341
( ( 10y - ( 7x + 2x ) ) + 4x )
ind: 342
( 2x * ( ( ( 3y + 4y ) * ( ( 8.0 + ( 93.0 * 5x ) ) * 1y ) ) + ( 8y * 3x ) ) )
ind: 343
( 1y - ( 76.0 * 1x ) )
ind: 344
( ( ( ( 8x + ( ( 19.0 * 1y ) + ( 88.0 - 88.0 ) ) ) - ( 2x - 56.0 ) ) - 1x ) * ( 87.0 - ( ( ( 23.0 - ( 27.0 - 18.0 ) ) + 2x ) + ( ( 9y * ( 3.0 - 5x ) ) * 6x ) ) ) )
ind: 345
( ( 1x - 95.0 ) + ( 29.0 + ( 7y * 10x ) ) )
ind: 346
( ( ( ( 8x * ( 53.0 + 6y ) ) * ( ( 14.0 + 7x ) + 9x ) ) + ( ( ( 1x - 19.0 ) - ( 95.0 * 78.0 ) ) + ( ( 32.0 * ( 2x + 9x ) ) - ( ( 26.0 - 37.0 ) * ( 10y - 93.0 ) ) ) ) ) * ( ( 7y + ( ( ( 1y - 27.0 ) * ( 7x + 4x ) ) + ( 8x + ( 1y * 7.0 ) ) ) ) * ( ( 2y * 2x ) - ( 8.0 * ( ( 10y + 4y ) - ( 39.0 - 28.0 ) ) ) ) ) )
ind: 347
( ( 9.0 - 92.0 ) + ( ( 6x - ( ( 7y + 6y ) * 61.0 ) ) + ( 2x * ( 3y * ( 20.0 + 56.0 ) ) ) ) )
ind: 348
( 9x - 5y )
ind: 349
( ( ( ( ( 7x - 1.0 ) - ( ( 96.0 - 61.0 ) + ( 8x - 100.0 ) ) ) + 56.0 ) * ( ( ( 1y + ( 8y + 64.0 ) ) * ( ( 5y - 36.0 ) * ( 39.0 - 10x ) ) ) - 5x ) ) * ( ( 10x + ( ( ( 1x - 7x ) * ( 51.0 + 4y ) ) + ( 2x * ( 44.0 - 1x ) ) ) ) - 10x ) )
ind: 350
( ( ( 10x - 34.0 ) + ( 1y + ( 96.0 - 31.0 ) ) ) * ( 87.0 + ( 57.0 + 98.0 ) ) )
ind: 351
( ( 5y + ( 4y + 8x ) ) * ( 34.0 * ( ( 73.0 + 5x ) + 77.0 ) ) )
ind: 352
( ( ( ( 3x + 74.0 ) * ( ( 36.0 + ( 56.0 + 5x ) ) * ( ( 93.0 * 5x ) - ( 96.0 * 10.0 ) ) ) ) * ( ( ( ( 80.0 * 1x ) + ( 62.0 + 72.0 ) ) - ( ( 80.0 - 36.0 ) - ( 80.0 * 57.0 ) ) ) + 10y ) ) - ( 66.0 - ( 8x * 60.0 ) ) )
ind: 353
( ( ( 9.0 + 10y ) * 6x ) + 13.0 )
ind: 354
( ( 89.0 - 10x ) - ( ( 86.0 * ( 95.0 + 10.0 ) ) + 10y ) )
ind: 355
( ( ( ( ( ( 60.0 + 3x ) - ( 3x - 2.0 ) ) * 93.0 ) + ( 96.0 * 60.0 ) ) - ( ( 55.0 - 5x ) * 37.0 ) ) - ( ( ( ( 85.0 + 91.0 ) - 8y ) + 73.0 ) - ( ( 50.0 * ( ( 8x + 1x ) - 54.0 ) ) + 61.0 ) ) )
ind: 356
( 3x + 9y )
ind: 357
( ( ( ( ( 10y + ( 13.0 - 3x ) ) * ( ( 8y + 6x ) + 8.0 ) ) - 5x ) * 9x ) * 10x )
ind: 358
( 7y - ( 7x + ( 10y * ( ( ( 5y * 5y ) + 6x ) + ( 42.0 * ( 5y + 10.0 ) ) ) ) ) )
ind: 359
( ( ( ( 10x - 93.0 ) * 32.0 ) * ( 7x * ( 62.0 + 3x ) ) ) + ( 95.0 * ( 76.0 + ( 88.0 + 2y ) ) ) )
ind: 360
( ( ( 14.0 + 98.0 ) * ( ( ( 10x + ( 2y * 60.0 ) ) * ( ( 4y + 6x ) - 93.0 ) ) + ( 4y - 9.0 ) ) ) + 61.0 )
ind: 361
( ( 1y + ( 64.0 - 12.0 ) ) + ( 5x - ( 7y - 28.0 ) ) )
ind: 362
( ( ( 5.0 + ( ( 1y + 2x ) - ( ( 5y * 82.0 ) - ( 18.0 - 97.0 ) ) ) ) + ( 61.0 * ( 8x - ( 90.0 + 78.0 ) ) ) ) + ( 4y + 3y ) )
ind: 363
( ( 7x + 8y ) + ( ( ( ( ( 52.0 - 17.0 ) * ( 9x + 1y ) ) * ( ( 6y - 7y ) + ( 6y * 9y ) ) ) * ( ( 35.0 * 80.0 ) * ( ( 44.0 * 3x ) - 19.0 ) ) ) + 4y ) )
ind: 364
( ( ( ( 4.0 + ( ( 57.0 * 73.0 ) * ( 7x - 8x ) ) ) - 41.0 ) * 7x ) * ( 2y * ( ( 1y + 3y ) - 4x ) ) )
ind: 365
( 7x + 3y )
ind: 366
( ( 3x - ( ( ( ( 16.0 + 7x ) - 76.0 ) + ( ( 10x + 40.0 ) * 5x ) ) + 2x ) ) - 2y )
ind: 367
( ( ( ( 8x + 4x ) * ( 3.0 - 3y ) ) * ( ( ( ( 50.0 * 6x ) + ( 2y - 1y ) ) + ( 78.0 + 9.0 ) ) + 20.0 ) ) + 2.0 )
ind: 368
( 43.0 - ( ( ( ( ( 74.0 + 24.0 ) + ( 42.0 * 8y ) ) + 62.0 ) * 5x ) + ( 60.0 - ( 10y - 10x ) ) ) )
ind: 369
( 82.0 - ( ( 9.0 * 76.0 ) + ( ( 20.0 + ( ( 93.0 * 21.0 ) * 6y ) ) + ( 9x - 9.0 ) ) ) )
ind: 370
( 7x + ( ( ( ( ( 74.0 + 4y ) * ( 54.0 + 19.0 ) ) * 69.0 ) * 5y ) * ( ( ( ( 3y + 46.0 ) + 30.0 ) * 44.0 ) + ( 9.0 + ( 7y + ( 9y * 37.0 ) ) ) ) ) )
ind: 371
( ( ( 4y * 2x ) - ( 6x + 47.0 ) ) + 6y )
ind: 372
( ( 38.0 + ( ( 10x - 4y ) * ( ( 55.0 + 8y ) - ( 95.0 - 6y ) ) ) ) * ( ( ( ( 8x - 72.0 ) - 52.0 ) - 3y ) * ( 76.0 + 4x ) ) )
ind: 373
( ( ( ( 67.0 - ( 72.0 + ( 4y + 55.0 ) ) ) - 8x ) - ( 87.0 + 4x ) ) - 6x )
ind: 374
( 1x * 1y )
ind: 375
( ( ( 8x + 63.0 ) - 4x ) - ( ( 7y + 4y ) + ( 9x * 24.0 ) ) )
ind: 376
( ( ( 2y - ( 15.0 * ( 10x * ( 3y * 1y ) ) ) ) - 5x ) - ( 8x + ( ( 59.0 + 98.0 ) + 1y ) ) )
ind: 377
( 4y - 10x )
ind: 378
( ( ( 4x + ( ( 8x - ( 20.0 * 11.0 ) ) * ( ( 16.0 * 68.0 ) * ( 35.0 - 5y ) ) ) ) - 66.0 ) + 9x )
ind: 379
( ( ( ( ( 5y - ( 3x + 70.0 ) ) - 10x ) * 10x ) - ( 53.0 * ( 14.0 + 10y ) ) ) - ( ( ( 8y + 9x ) + 69.0 ) - ( ( ( ( 4x + 7y ) * ( 8x + 2x ) ) - ( ( 84.0 * 5x ) * 8y ) ) * ( ( 25.0 * ( 3y + 69.0 ) ) * ( ( 74.0 * 7y ) - 77.0 ) ) ) ) )
ind: 380
( ( ( ( 6x + ( 6x * 62.0 ) ) * ( ( 48.0 * ( 10y * 4y ) ) * ( ( 10x - 73.0 ) + 63.0 ) ) ) * ( 85.0 - 5x ) ) * 1y )
ind: 381
( ( 1y + 40.0 ) + 4x )
ind: 382
( ( ( 8y * ( ( ( 7y * 10x ) + ( 96.0 - 5x ) ) * 7y ) ) - 68.0 ) * ( 32.0 - 1.0 ) )
ind: 383
( ( ( 3x - ( 9x - 90.0 ) ) * ( 60.0 * ( ( 7y - 4x ) - ( ( 71.0 * 4y ) + 10y ) ) ) ) * ( ( ( ( ( 65.0 * 74.0 ) * 8y ) * ( 95.0 - ( 3y + 41.0 ) ) ) * ( ( ( 1y - 1x ) * ( 13.0 + 3x ) ) - ( 82.0 + 7y ) ) ) * ( ( ( ( 7.0 + 22.0 ) + 7y ) * ( ( 2x - 24.0 ) - 6y ) ) + ( 2x + ( 65.0 * ( 8y - 100.0 ) ) ) ) ) )
ind: 384
( ( ( ( 18.0 - ( 1x - ( 54.0 + 10y ) ) ) + ( ( ( 83.0 - 72.0 ) + ( 57.0 + 59.0 ) ) + 5x ) ) - ( ( 9y * 44.0 ) + 79.0 ) ) * ( ( 1x * ( ( ( 5y + 6y ) * 51.0 ) * ( ( 4y + 8x ) * ( 32.0 - 2x ) ) ) ) - 4y ) )
ind: 385
( ( ( 2x + 2y ) * 7x ) - 55.0 )
ind: 386
( ( ( 9x - ( 92.0 - 20.0 ) ) - ( 9x + 6y ) ) + ( ( 8y + ( ( 1y + ( 91.0 - 14.0 ) ) * 7y ) ) * 55.0 ) )
ind: 387
( ( ( 2y - 46.0 ) - 10y ) * ( ( 4.0 + ( 5y * ( ( 3y * 11.0 ) - ( 1.0 - 9x ) ) ) ) + 28.0 ) )
ind: 388
( ( ( ( ( ( 4y - 3x ) * ( 71.0 - 64.0 ) ) - ( 3y * 4y ) ) + ( ( ( 28.0 + 31.0 ) * 97.0 ) + 1y ) ) - 66.0 ) * ( 10.0 * 9y ) )
ind: 389
( ( 5x + 6y ) * 29.0 )
ind: 390
( 8y + ( 4y * ( ( ( 1x - 7.0 ) * ( 8y + 8y ) ) * 3y ) ) )
ind: 391
( ( ( 51.0 - ( ( ( 56.0 - 24.0 ) + 10y ) - ( 4x + 68.0 ) ) ) + ( ( 9y - 5x ) + 7y ) ) - ( ( 6x * ( 8x - ( ( 5y + 5y ) + ( 36.0 - 64.0 ) ) ) ) * ( ( 44.0 + ( ( 99.0 - 1.0 ) + ( 16.0 + 8x ) ) ) - 1y ) ) )
ind: 392
( ( ( ( 2y + 92.0 ) * ( ( ( 3x - 70.0 ) + 8y ) * 5x ) ) * ( 5y - 15.0 ) ) - 2x )
ind: 393
( ( 5x * ( ( 4x * ( ( 4x - 6y ) - ( 10.0 + 4y ) ) ) - ( 78.0 * ( 5x * 10y ) ) ) ) + 6y )
ind: 394
( ( 3.0 - ( 2x * 8.0 ) ) - ( 66.0 + ( ( ( ( 9y - 79.0 ) - 9x ) + ( ( 65.0 - 2y ) * ( 72.0 + 5x ) ) ) * ( 61.0 - 85.0 ) ) ) )
ind: 395
( ( ( 40.0 * ( ( 79.0 + 5x ) * 89.0 ) ) + ( 6y - ( ( ( 48.0 - 9x ) + 1x ) - 93.0 ) ) ) + ( 6y * 9y ) )
ind: 396
( ( ( 9y + ( 9y - ( 23.0 - ( 4.0 + 8y ) ) ) ) - ( ( 9y + 79.0 ) - 20.0 ) ) - ( 8y + 9x ) )
ind: 397
( 6y * ( 22.0 * 5x ) )
ind: 398
( ( ( ( 1x * 3x ) + 54.0 ) + ( ( 70.0 * 4y ) + ( ( ( 69.0 - 4x ) + 8x ) * ( 7y + ( 24.0 * 5x ) ) ) ) ) + ( ( ( 8x + 3x ) - 3x ) * ( ( ( ( 3y - 90.0 ) + 74.0 ) * ( 7y - 7y ) ) + ( ( 90.0 + 64.0 ) + ( 5x - ( 8y * 2y ) ) ) ) ) )
ind: 399
( 32.0 - ( ( ( 3x * 35.0 ) + 3y ) - 9x ) )
ind: 400
( 7x + ( ( ( ( 6y + 1y ) * 3x ) - ( ( ( 5y * 6y ) - ( 52.0 - 6x ) ) - 10y ) ) + 98.0 ) )
ind: 401
( ( ( ( ( 85.0 * 3x ) * ( ( 23.0 - 1x ) + ( 10y - 5y ) ) ) + ( ( ( 6y + 49.0 ) - 80.0 ) * ( ( 7.0 + 91.0 ) * ( 55.0 * 8y ) ) ) ) * ( ( ( ( 2x + 2x ) + 4x ) * 2x ) * 93.0 ) ) * ( 39.0 * ( 68.0 * ( 9x + ( ( 11.0 * 1y ) * ( 8y * 84.0 ) ) ) ) ) )
ind: 402
( 7x + ( ( 13.0 - 6x ) + ( 10y * ( 5.0 * 10x ) ) ) )
ind: 403
( ( ( 73.0 + 6x ) - ( 9y - ( ( ( 46.0 * 9.0 ) * ( 74.0 * 19.0 ) ) - ( 6y * 6x ) ) ) ) - ( 96.0 - ( ( ( 1y - 3x ) * 78.0 ) * 62.0 ) ) )
ind: 404
( ( 62.0 + ( ( ( ( 7y * 39.0 ) * 10y ) + 10x ) * ( ( ( 8x - 32.0 ) + ( 10y - 62.0 ) ) + 2y ) ) ) - ( 9x * ( ( ( ( 38.0 - 54.0 ) - ( 84.0 * 90.0 ) ) * 4y ) + ( ( 24.0 - 2y ) * ( ( 39.0 - 40.0 ) * 14.0 ) ) ) ) )
ind: 405
( ( ( 2y * 51.0 ) - 8x ) + 53.0 )
ind: 406
( ( ( 52.0 - ( ( ( 48.0 - 39.0 ) * ( 8y * 8y ) ) + 1.0 ) ) - ( ( 89.0 * ( 55.0 - ( 68.0 * 37.0 ) ) ) + 7y ) ) - ( ( ( 6x * ( ( 27.0 * 72.0 ) - ( 10y * 9y ) ) ) * 1y ) * ( ( ( 6y - ( 43.0 + 6y ) ) + ( ( 6x - 60.0 ) + ( 4y - 9y ) ) ) + ( ( ( 1x * 2y ) * ( 6y + 30.0 ) ) * 42.0 ) ) ) )
ind: 407
( ( ( 7y * ( ( 1x - 7.0 ) * 9x ) ) * ( 10y + ( 17.0 - ( 56.0 - ( 2x * 33.0 ) ) ) ) ) * ( ( ( 93.0 * ( ( 93.0 + 8x ) + 10x ) ) - 51.0 ) * ( 80.0 + ( 89.0 - 45.0 ) ) ) )
ind: 408
( ( 13.0 + 9x ) - ( 96.0 * 6y ) )
ind: 409
( 3.0 - ( ( 7x - ( ( ( 9x + 13.0 ) * 5y ) * ( 2x * ( 7y + 2y ) ) ) ) - 7x ) )
ind: 410
( 1y - 7x )
ind: 411
( 6x + ( ( ( 23.0 - 73.0 ) - 6y ) * ( 9.0 + ( ( 32.0 + ( 8y - 69.0 ) ) - 59.0 ) ) ) )
ind: 412
( ( ( 59.0 * 13.0 ) * 58.0 ) - ( ( 99.0 - ( 75.0 * 9x ) ) - ( 30.0 - ( 15.0 + ( ( 8x - 9y ) + ( 7y + 2y ) ) ) ) ) )
ind: 413
( 45.0 + ( ( ( 10x + 79.0 ) + ( 7x * ( ( 92.0 * 7.0 ) * ( 1y - 1y ) ) ) ) - ( 3y + ( ( ( 78.0 * 60.0 ) + 9y ) - ( ( 82.0 * 6y ) + ( 6x + 2x ) ) ) ) ) )
ind: 414
( ( ( ( 36.0 * 7x ) + ( 56.0 + 4x ) ) + ( 73.0 + ( 10y - ( ( 9x - 9x ) - 5.0 ) ) ) ) - ( ( 7x - 3x ) * ( 8y + ( 8.0 - ( ( 9y - 4x ) - 2x ) ) ) ) )
ind: 415
( 10x + 1y )
ind: 416
( 6y - ( 4y * ( 8.0 + ( ( ( 81.0 + 4y ) * ( 42.0 + 2x ) ) * 5y ) ) ) )
ind: 417
( 10x - ( ( ( ( ( 2x + 10x ) * ( 68.0 + 6x ) ) * ( ( 8y * 8x ) - 9y ) ) * 7x ) + ( 1x * 6y ) ) )
ind: 418
( 27.0 + ( ( 6x + 20.0 ) * ( ( ( ( 51.0 * 6y ) + 61.0 ) - 99.0 ) - 2x ) ) )
ind: 419
( ( ( 53.0 - 2x ) - ( 6y * 7y ) ) + 9x )
ind: 420
( ( ( ( ( 2x - ( 8y + 83.0 ) ) - 6x ) * 75.0 ) * ( 71.0 - 4.0 ) ) + ( 27.0 * 45.0 ) )
ind: 421
( 4y * ( ( ( 56.0 + 8x ) - ( ( 10x * ( 7x + 42.0 ) ) + ( ( 5y * 28.0 ) + ( 7x + 7x ) ) ) ) - ( 72.0 + ( 8x + ( 1x + ( 4x + 2y ) ) ) ) ) )
ind: 422
( 25.0 + ( 14.0 + ( ( 69.0 - 74.0 ) - ( 4y + ( ( 26.0 * 81.0 ) + 7x ) ) ) ) )
ind: 423
( 1x - ( ( 7y + ( 66.0 * 9.0 ) ) * 4y ) )
ind: 424
( 8x - ( ( 6y + 48.0 ) - 38.0 ) )
ind: 425
( ( 8.0 * ( 20.0 + ( 99.0 - 22.0 ) ) ) * ( 2y - ( 5x - 13.0 ) ) )
ind: 426
( ( 1y + 10y ) + ( 6x - 3x ) )
ind: 427
( ( ( ( 2x - ( ( 73.0 * 10x ) * 4y ) ) * 39.0 ) + 4y ) + ( ( 94.0 - ( 1x - ( 6y - 8x ) ) ) + 7y ) )
ind: 428
( ( ( ( 73.0 * ( 3x * 4x ) ) * ( 51.0 + 3y ) ) * ( ( ( 17.0 + ( 51.0 * 5x ) ) - ( 3y * 7y ) ) + 98.0 ) ) - 6y )
ind: 429
( ( ( 7x - 5x ) * ( ( ( 8.0 * 24.0 ) * 89.0 ) + ( 9x * 8y ) ) ) + 6y )
ind: 430
( ( ( ( ( 10x * ( 6x * 91.0 ) ) - ( 49.0 * ( 70.0 - 4x ) ) ) - 95.0 ) + 7y ) - ( 7x + 57.0 ) )
ind: 431
( 9y * ( ( 90.0 - ( 2x + 3x ) ) + 10x ) )
ind: 432
( 10x + ( ( ( ( 1y + ( 45.0 * 2x ) ) * 6y ) - 56.0 ) * 11.0 ) )
ind: 433
( 10y * ( ( 2y - ( ( 31.0 * ( 1y + 5x ) ) * ( 11.0 * 5y ) ) ) + 15.0 ) )
ind: 434
( 88.0 - ( 54.0 - ( 45.0 - ( 3x * 10y ) ) ) )
ind: 435
( 6y - 2x )
ind: 436
( ( 63.0 + ( 6x * ( ( 3y - 1y ) + ( 78.0 + 48.0 ) ) ) ) * 1.0 )
ind: 437
( ( 3y + ( ( 39.0 + ( 18.0 - 1x ) ) + ( 1.0 + ( 7y + 50.0 ) ) ) ) - ( 5y + ( ( 10y + 56.0 ) - ( 9x - ( 71.0 * ( 3.0 - 8x ) ) ) ) ) )
ind: 438
( 89.0 - ( ( 12.0 * ( ( ( 42.0 + 1x ) + ( 1y - 38.0 ) ) + ( 7y * ( 2.0 - 95.0 ) ) ) ) * ( ( ( ( 4x * 19.0 ) * ( 37.0 + 46.0 ) ) + ( 8.0 + ( 45.0 + 8y ) ) ) - 4x ) ) )
ind: 439
( ( ( ( 1x + ( 3x + 85.0 ) ) + 7x ) * 5y ) - ( 6.0 + ( 7x - ( 70.0 - ( 4y + ( 10x + 10y ) ) ) ) ) )
ind: 440
( 6y - ( ( 10x + 10y ) - 50.0 ) )
ind: 441
( 69.0 + ( ( ( 4y + ( ( 24.0 - 5x ) - 8.0 ) ) * ( 82.0 + 8y ) ) * 12.0 ) )
ind: 442
( ( 6x - 10y ) + 1y )
ind: 443
( ( 9y + ( ( 4y + ( ( 42.0 + 3y ) + ( 9x * 2x ) ) ) * ( 6y - ( 8y - ( 9y - 9x ) ) ) ) ) - 62.0 )
ind: 444
( ( 94.0 * ( 4y - 89.0 ) ) * ( ( ( ( 77.0 * ( 6y - 32.0 ) ) * 4x ) - ( ( 12.0 - ( 10y - 43.0 ) ) - 2y ) ) - 4y ) )
ind: 445
( ( ( 58.0 - ( 10y * ( 93.0 - 5x ) ) ) * ( 6y - 5x ) ) + 8x )
ind: 446
( 10y + ( ( ( ( ( 49.0 - 4x ) - 40.0 ) * 4x ) - 66.0 ) - 42.0 ) )
ind: 447
( ( ( 1y - 39.0 ) + 6y ) - ( ( ( 97.0 * 99.0 ) * ( 2y - ( ( 1y - 94.0 ) + ( 9x + 4y ) ) ) ) - ( ( 5y - 56.0 ) + ( 8y * 9x ) ) ) )
ind: 448
( 57.0 * ( ( 4x + 59.0 ) * ( 51.0 * 8y ) ) )
ind: 449
( ( ( ( ( ( 87.0 - 22.0 ) + ( 46.0 - 91.0 ) ) - 9y ) * ( 4y - ( 33.0 * 6x ) ) ) - 8x ) + ( 10y - 16.0 ) )
ind: 450
( 10x * ( 4x + ( ( 20.0 * ( ( 3x * 28.0 ) + ( 26.0 * 10y ) ) ) + ( ( ( 11.0 * 2x ) + ( 9x * 7x ) ) - 3y ) ) ) )
ind: 451
( ( 27.0 - ( ( 9.0 - 1y ) - ( ( ( 16.0 - 10x ) * ( 4.0 - 43.0 ) ) + ( ( 52.0 * 1y ) + ( 79.0 * 27.0 ) ) ) ) ) - ( ( ( ( 5x * ( 7y + 9y ) ) * ( ( 9x * 65.0 ) - 6y ) ) - 9x ) + ( ( ( ( 43.0 + 91.0 ) + 39.0 ) + ( ( 9.0 + 46.0 ) * ( 75.0 * 28.0 ) ) ) + 46.0 ) ) )
ind: 452
( ( ( ( 5x * 4y ) - 43.0 ) - ( 8y + 10y ) ) + ( 8x - 17.0 ) )
ind: 453
( ( 10y - ( 80.0 + 4x ) ) - ( ( ( 23.0 - 21.0 ) * 34.0 ) + 8y ) )
ind: 454
( ( ( ( ( ( 5x - 68.0 ) - 92.0 ) * 7x ) - ( ( ( 3y - 10y ) - ( 12.0 - 41.0 ) ) - ( ( 61.0 * 6y ) + 9y ) ) ) + ( 3.0 + 21.0 ) ) * ( ( ( 9y - 73.0 ) * 65.0 ) - ( ( ( ( 2x * 4x ) - ( 88.0 + 55.0 ) ) * ( ( 55.0 * 22.0 ) - ( 8y - 8x ) ) ) - ( ( 9x * ( 6y - 6y ) ) + 45.0 ) ) ) )
ind: 455
( ( ( ( ( 42.0 * 2y ) * 2x ) - 50.0 ) * ( 2.0 - 33.0 ) ) * ( ( 30.0 + ( 57.0 * 8x ) ) + 7x ) )
ind: 456
( ( 5.0 * 65.0 ) - ( ( 4x + 1y ) + ( ( 4x - 10y ) * ( 34.0 + ( ( 23.0 - 72.0 ) * ( 74.0 * 2x ) ) ) ) ) )
ind: 457
( 10y - 3x )
ind: 458
( ( ( ( 1x - ( 9x + 10x ) ) + 6y ) * ( 4y - 7x ) ) * ( ( 3y + ( ( ( 65.0 - 23.0 ) * 3y ) + 55.0 ) ) * ( ( 32.0 + 6y ) * 10x ) ) )
ind: 459
( ( ( 9y - 5y ) - ( ( ( ( 3x - 54.0 ) + ( 20.0 - 86.0 ) ) + ( 91.0 * 10x ) ) * 1y ) ) + ( ( ( 78.0 * ( 23.0 + ( 74.0 + 27.0 ) ) ) * ( 65.0 - ( ( 1.0 - 56.0 ) - 2y ) ) ) * ( 3y - 92.0 ) ) )
ind: 460
( ( ( ( 4.0 - 7.0 ) - ( ( 20.0 - 8.0 ) + ( 55.0 * ( 9y * 8x ) ) ) ) - ( ( 4x * ( ( 5y * 2.0 ) - ( 27.0 - 70.0 ) ) ) + 68.0 ) ) + 10x )
ind: 461
( ( ( ( ( ( 2x * 31.0 ) + 9y ) - 4x ) + ( 9y - 6x ) ) - 2y ) - 25.0 )
ind: 462
( ( 9y + 6x ) * ( 4x * 36.0 ) )
ind: 463
( 6y - ( 89.0 * ( ( ( ( 80.0 - 6y ) * ( 85.0 * 68.0 ) ) + 53.0 ) - 3x ) ) )
ind: 464
( ( 8x * 49.0 ) * 6y )
ind: 465
( ( 91.0 * ( ( ( 52.0 * 2y ) + 91.0 ) - ( 79.0 * ( ( 27.0 + 66.0 ) + ( 46.0 + 10x ) ) ) ) ) * ( ( ( 82.0 - 65.0 ) - 41.0 ) * 10x ) )
ind: 466
( 2x - ( 26.0 - ( ( ( ( 5x + 7x ) - 78.0 ) + ( ( 1y - 9y ) - ( 73.0 - 97.0 ) ) ) - ( 75.0 + ( ( 92.0 * 52.0 ) * 85.0 ) ) ) ) )
ind: 467
( ( ( ( 3y - ( ( 61.0 + 38.0 ) + ( 10x * 5y ) ) ) * 2y ) + 31.0 ) * 3x )
ind: 468
( ( ( ( 45.0 - 4y ) - ( ( 10x * ( 69.0 - 13.0 ) ) - ( 61.0 * 3x ) ) ) + ( ( ( 8x * ( 1x + 4x ) ) * ( ( 16.0 * 10y ) - 91.0 ) ) * ( ( ( 64.0 + 1y ) - 5x ) * ( ( 60.0 - 5y ) - 4y ) ) ) ) + ( ( ( ( ( 7y + 34.0 ) + ( 13.0 * 3y ) ) - ( 88.0 - ( 7y - 7y ) ) ) + ( 1y - 1y ) ) * ( 2x * ( ( 50.0 + ( 21.0 - 57.0 ) ) - ( ( 18.0 - 3x ) * 55.0 ) ) ) ) )
ind: 469
( ( 31.0 + 56.0 ) + ( ( ( ( ( 2y + 4x ) * 76.0 ) - ( 23.0 - ( 5x + 70.0 ) ) ) * ( 22.0 + ( ( 46.0 * 5x ) * ( 4x * 83.0 ) ) ) ) * ( 98.0 + ( 94.0 + ( 9x + ( 22.0 + 3x ) ) ) ) ) )
ind: 470
( ( ( ( ( 78.0 + 44.0 ) - 5x ) - 64.0 ) * ( ( 99.0 * ( ( 4y * 8y ) - 19.0 ) ) - ( 4x * 72.0 ) ) ) - 7y )
ind: 471
( 1x + ( 99.0 * ( ( ( ( 8y - 81.0 ) * ( 6x * 9y ) ) + ( ( 6x - 10x ) * ( 80.0 + 7.0 ) ) ) - ( ( 2y * ( 8x * 6y ) ) - ( 4y * 23.0 ) ) ) ) )
ind: 472
( ( ( 30.0 - ( 9y - 3x ) ) + 7x ) + ( 8x + 6y ) )
ind: 473
( ( 9.0 * 4x ) * 10y )
ind: 474
( ( ( ( 58.0 - 93.0 ) - 1y ) + ( ( 4x * ( 8.0 - ( 11.0 - 5x ) ) ) + ( 6x + 22.0 ) ) ) - 48.0 )
ind: 475
( ( 1x * 4x ) + ( 8y - 54.0 ) )
ind: 476
( 3x + ( ( ( 10y + ( ( 53.0 - 73.0 ) + ( 76.0 + 68.0 ) ) ) + 99.0 ) * 4x ) )
ind: 477
( 81.0 - ( ( ( ( 4y + 64.0 ) - ( ( 1x * 8.0 ) * 18.0 ) ) + ( ( ( 6y + 10x ) + ( 69.0 * 1x ) ) + ( ( 6x * 4y ) - ( 37.0 * 59.0 ) ) ) ) + 14.0 ) )
ind: 478
( ( ( 3y + ( ( ( 54.0 + 8x ) - 7y ) + ( 97.0 * ( 7y + 8x ) ) ) ) + 5y ) * ( 75.0 - 3y ) )
ind: 479
( ( ( 7y * ( ( 2x - 1y ) * 3x ) ) + ( 10y - 3x ) ) + ( 52.0 + 37.0 ) )
ind: 480
( 8x - ( ( 1y + ( ( ( 37.0 + 64.0 ) - ( 2x - 50.0 ) ) - 3x ) ) * 9x ) )
ind: 481
( 56.0 + ( ( ( 14.0 - 9x ) + 3.0 ) - ( ( ( 42.0 + 8x ) * ( 10y + ( 9x * 82.0 ) ) ) - ( 2.0 - ( 33.0 * 65.0 ) ) ) ) )
ind: 482
( 9y - ( ( 71.0 * 61.0 ) * ( 89.0 * ( ( ( 72.0 * 57.0 ) * ( 7y * 10y ) ) * ( ( 63.0 - 1x ) + 7x ) ) ) ) )
ind: 483
( ( ( ( ( ( 4y - 91.0 ) - ( 4x + 7x ) ) * ( ( 5x * 75.0 ) + ( 49.0 + 2y ) ) ) - 43.0 ) * 3y ) * ( 16.0 - 6x ) )
ind: 484
( ( 51.0 + ( 29.0 * 8y ) ) + ( ( 15.0 - ( 8x + ( ( 5y + 1.0 ) - 85.0 ) ) ) - ( 7y - ( 81.0 + 22.0 ) ) ) )
ind: 485
( ( ( 39.0 * 55.0 ) + ( ( ( 70.0 + 8x ) - ( 84.0 - 30.0 ) ) * 4x ) ) * ( ( ( ( ( 1y - 100.0 ) + 81.0 ) + ( 4y * ( 71.0 + 4y ) ) ) + 13.0 ) - 5y ) )
ind: 486
( ( ( 76.0 - 5y ) + 7y ) + 9x )
ind: 487
( 10y - ( ( ( 17.0 * ( ( 9x * 16.0 ) + 93.0 ) ) + ( ( ( 2y - 52.0 ) * ( 82.0 + 27.0 ) ) + 8x ) ) + ( ( ( 7y * 4y ) - ( 32.0 - ( 84.0 * 9y ) ) ) * ( 92.0 * 20.0 ) ) ) )
ind: 488
( ( 22.0 * ( 28.0 + 45.0 ) ) * ( ( 25.0 + ( ( ( 5x * 85.0 ) * ( 8y + 35.0 ) ) - ( ( 6x * 4x ) + ( 5y * 10x ) ) ) ) * 34.0 ) )
ind: 489
( ( ( ( 10x * 8y ) + ( 3x * 65.0 ) ) - ( ( 63.0 + ( 1x + 9.0 ) ) - ( ( ( 49.0 - 5x ) - ( 71.0 - 7.0 ) ) + 15.0 ) ) ) * 2y )
ind: 490
( ( 61.0 + 28.0 ) * ( 8y - ( 70.0 - ( ( 74.0 - 5x ) * ( ( 1y - 6.0 ) + 1x ) ) ) ) )
ind: 491
( 1x * ( 43.0 + ( 8x - 5y ) ) )
ind: 492
( ( ( 44.0 - ( 2y - ( ( 8.0 - 3y ) * 8x ) ) ) - ( ( ( ( 5x * 98.0 ) * ( 10y * 1y ) ) * 7.0 ) - 8x ) ) + ( 3y + 4y ) )
ind: 493
( ( 9x - 7y ) - ( ( ( 57.0 + 10x ) * ( ( 1y + 4x ) - 96.0 ) ) * 4x ) )
ind: 494
( ( ( 1.0 - 5y ) - 37.0 ) * 9x )
ind: 495
( ( ( ( ( ( 48.0 + 1x ) + 7x ) * ( 3y * ( 1x + 49.0 ) ) ) - 5y ) * 65.0 ) + 9y )
ind: 496
( ( 86.0 * ( ( 45.0 + ( 2x * ( 11.0 - 9x ) ) ) + 5y ) ) + 61.0 )
ind: 497
( ( ( ( ( ( 75.0 * 8y ) - ( 89.0 - 1x ) ) - 9x ) + ( 4x - 83.0 ) ) + ( ( 7x - 50.0 ) - ( ( ( 11.0 - 10y ) * ( 8.0 + 8x ) ) - 2y ) ) ) - ( 3y - ( 31.0 - 84.0 ) ) )
ind: 498
( 81.0 - ( ( ( ( ( 32.0 * 7y ) - 73.0 ) * 67.0 ) + ( ( 4y + 91.0 ) * 1x ) ) + ( 6x + ( 12.0 + ( 1y - ( 10.0 * 42.0 ) ) ) ) ) )
ind: 499
( ( ( ( 41.0 - ( ( 10x + 8.0 ) + 25.0 ) ) + ( ( 20.0 + 39.0 ) + ( 41.0 + ( 48.0 - 61.0 ) ) ) ) - ( ( 61.0 + 10y ) + 6x ) ) * ( ( 26.0 - 39.0 ) * 1y ) )
ind: 500
( ( ( ( 10x * ( ( 1x * 55.0 ) + ( 7y + 7x ) ) ) - 6x ) + 87.0 ) * ( 19.0 + ( ( 87.0 + ( ( 10x + 1x ) + 23.0 ) ) * ( 5y * 2.0 ) ) ) )
Best Ind: ( 1x * ( 19.0 - 1y ) )
Fitness = 5.6904
Worst Ind: ( ( ( 3x - ( 9x - 90.0 ) ) * ( 60.0 * ( ( 7y - 4x ) - ( ( 71.0 * 4y ) + 10y ) ) ) ) * ( ( ( ( ( 65.0 * 74.0 ) * 8y ) * ( 95.0 - ( 3y + 41.0 ) ) ) * ( ( ( 1y - 1x ) * ( 13.0 + 3x ) ) - ( 82.0 + 7y ) ) ) * ( ( ( ( 7.0 + 22.0 ) + 7y ) * ( ( 2x - 24.0 ) - 6y ) ) + ( 2x + ( 65.0 * ( 8y - 100.0 ) ) ) ) ) )
Fitness = 1.62127371785e+19
Avg Fitness = 3.25179748206e+16
Duplicated = 1
============================================================================
Evaluate Gen  1
New Population 668
Better than Dads 45
Best Ind: ( 1x * ( 19.0 - 1y ) )
Fitness = 5.6904
Worst Ind: ( 69.0 + ( ( ( 4y + ( ( 24.0 - 5x ) - 8.0 ) ) * ( 82.0 + 8y ) ) * 12.0 ) )
Fitness = 406901.343104
Avg Fitness = 38006.9293253
Duplicated = 1
============================================================================
Evaluate Gen  2
New Population 697
Better than Dads 56
Best Ind: ( 1x * ( 19.0 - 1y ) )
Fitness = 5.6904
Worst Ind: ( ( ( ( 1x * 3x ) + 54.0 ) + ( 64.0 - 7x ) ) + ( ( ( 8x + 3x ) - 3x ) * ( ( ( ( 3y - 90.0 ) + 74.0 ) * ( 7y - 7y ) ) + ( ( 90.0 + 64.0 ) + ( 5x - ( 8y * 2y ) ) ) ) ) )
Fitness = 22804.7536763
Avg Fitness = 4509.6721048
Duplicated = 11
============================================================================
Evaluate Gen  3
New Population 687
Better than Dads 55
Best Ind: ( 1x * ( 19.0 - 1y ) )
Fitness = 5.6904
Worst Ind: ( 2x * ( ( ( 3y + 4y ) * ( ( 8.0 + ( 93.0 * 5x ) ) * 1y ) ) + ( 8y * 3x ) ) )
Fitness = 6254.08006098
Avg Fitness = 2310.14117807
Duplicated = 18
============================================================================
Evaluate Gen  4
New Population 685
Better than Dads 54
Best Ind: ( 1x * ( 19.0 - 1y ) )
Fitness = 5.6904
Worst Ind: ( ( ( ( 7y + 52.0 ) - ( 4y + ( 7y + 48.0 ) ) ) + 27.0 ) + ( 7x * ( ( 4y * ( 5x * 36.0 ) ) - 2y ) ) )
Fitness = 3841.96444615
Avg Fitness = 1571.45249659
Duplicated = 24
============================================================================
Evaluate Gen  5
New Population 693
Better than Dads 47
Best Ind: ( 1x * ( 19.0 - 1y ) )
Fitness = 5.6904
Worst Ind: ( ( ( ( 3y * ( 8.0 * 2y ) ) - ( 29.0 + ( 69.0 * ( 77.0 * 27.0 ) ) ) ) - ( 84.0 * 3y ) ) * 2x )
Fitness = 2867.9616
Avg Fitness = 1041.212583
Duplicated = 24
============================================================================
Evaluate Gen  6
New Population 681
Better than Dads 64
Best Ind: ( 1x * ( 19.0 - 1y ) )
Fitness = 5.6904
Worst Ind: ( ( ( 7x * ( 8x * 9y ) ) - ( ( 7y + ( 5x * 8x ) ) * 6y ) ) + ( 4y - ( 8.0 * ( 10y - 8y ) ) ) )
Fitness = 1957.43502992
Avg Fitness = 671.383349993
Duplicated = 20
============================================================================
Evaluate Gen  7
New Population 700
Better than Dads 69
Best Ind: ( 1x * ( 19.0 - 1y ) )
Fitness = 5.6904
Worst Ind: ( ( ( 75.0 * 4x ) - ( 15.0 + ( ( 8x - 9y ) + ( 10x + 10y ) ) ) ) + ( ( 6x + 20.0 ) * ( ( ( ( 51.0 * 6y ) + 61.0 ) - 99.0 ) - 2x ) ) )
Fitness = 1150.25668292
Avg Fitness = 415.337936707
Duplicated = 21
============================================================================
Evaluate Gen  8
New Population 693
Better than Dads 65
Best Ind: ( 1x * ( 19.0 - 1y ) )
Fitness = 5.6904
Worst Ind: ( ( ( 1y - ( ( ( 4x + 8y ) * ( 5y * 1x ) ) + 1y ) ) - ( 7y - 6x ) ) * ( 65.0 - ( 8.0 + 7y ) ) )
Fitness = 649.1304
Avg Fitness = 274.849986793
Duplicated = 32
============================================================================
Evaluate Gen  9
New Population 704
Better than Dads 67
Best Ind: ( 1x * ( 19.0 - 1y ) )
Fitness = 5.6904
Worst Ind: ( ( ( ( 8y * 3x ) * 34.0 ) + ( 6y - 92.0 ) ) - 8.0 )
Fitness = 400.0
Avg Fitness = 193.590539147
Duplicated = 47
============================================================================
Evaluate Gen  10
New Population 718
Better than Dads 75
Best Ind: ( 1x * ( 19.0 - 1y ) )
Fitness = 5.6904
Worst Ind: ( 31.0 - ( ( ( ( ( 10y * 9x ) - ( 97.0 - 7y ) ) - 12.0 ) + 9y ) - ( ( 6x + 4y ) + ( ( ( 66.0 + 64.0 ) * ( 23.0 + 70.0 ) ) - 7x ) ) ) )
Fitness = 259.49188947
Avg Fitness = 152.39477676
Duplicated = 63
============================================================================
Evaluate Gen  11
New Population 713
Better than Dads 73
Best Ind: ( 1x * ( 19.0 - 1y ) )
Fitness = 5.6904
Worst Ind: ( ( ( ( 90.0 + 5x ) + 100.0 ) * ( ( 43.0 * 6y ) - ( 9x * 38.0 ) ) ) - 9y )
Fitness = 203.021751307
Avg Fitness = 132.872366431
Duplicated = 75
============================================================================
Evaluate Gen  12
New Population 706
Better than Dads 67
Best Ind: ( 1x * ( 19.0 - 1y ) )
Fitness = 5.6904
Worst Ind: ( ( 90.0 + ( 3y * 2x ) ) - ( 3y + 8x ) )
Fitness = 171.833917102
Avg Fitness = 118.668717749
Duplicated = 77
============================================================================
Evaluate Gen  13
New Population 709
Better than Dads 66
Best Ind: ( 1x * ( 19.0 - 1y ) )
Fitness = 5.6904
Worst Ind: ( ( ( ( ( 78.0 + 44.0 ) - ( 10y * 3x ) ) - 64.0 ) * ( ( 99.0 * ( ( 4y * 8y ) - 19.0 ) ) - ( 4x * 72.0 ) ) ) - 7y )
Fitness = 157.905806572
Avg Fitness = 108.183703881
Duplicated = 73
============================================================================
Evaluate Gen  14
New Population 724
Better than Dads 59
Best Ind: ( 1x * ( 19.0 - 1y ) )
Fitness = 5.6904
Worst Ind: ( 6y + ( 5y * 1x ) )
Fitness = 138.199834205
Avg Fitness = 96.6617585698
Duplicated = 62
============================================================================
Evaluate Gen  15
New Population 710
Better than Dads 64
Best Ind: ( 1x * ( 19.0 - 1y ) )
Fitness = 5.6904
Worst Ind: ( 4y + 3x )
Fitness = 129.29188947
Avg Fitness = 88.1041058094
Duplicated = 70
============================================================================
Evaluate Gen  16
New Population 720
Better than Dads 73
Best Ind: ( 1x * ( 19.0 - 1y ) )
Fitness = 5.6904
Worst Ind: ( ( ( ( ( 3y + 8y ) - ( ( 6x - 10y ) + 1y ) ) - 9x ) + 7y ) - ( 49.0 - 9x ) )
Fitness = 117.18
Avg Fitness = 80.2843969101
Duplicated = 83
============================================================================
Evaluate Gen  17
New Population 713
Better than Dads 63
Best Ind: ( 1x * ( 19.0 - 1y ) )
Fitness = 5.6904
Worst Ind: ( ( 9x - 5y ) - 8x )
Fitness = 104.16
Avg Fitness = 72.2606769597
Duplicated = 68
============================================================================
Evaluate Gen  18
New Population 707
Better than Dads 69
Best Ind: ( 1x * ( 19.0 - 1y ) )
Fitness = 5.6904
Worst Ind: ( 8x - ( 3y - 7x ) )
Fitness = 91.14
Avg Fitness = 65.6863809677
Duplicated = 83
============================================================================
Evaluate Gen  19
New Population 715
Better than Dads 64
Best Ind: ( 1x * ( 19.0 - 1y ) )
Fitness = 5.6904
Worst Ind: ( ( ( ( 10y - 2x ) * 7y ) + ( ( 4x - 6y ) - 1y ) ) - ( 4y - 6x ) )
Fitness = 78.12
Avg Fitness = 61.1013485014
Duplicated = 71
============================================================================
Evaluate Gen  20
New Population 720
Better than Dads 70
Best Ind: ( 1x * ( 19.0 - 1y ) )
Fitness = 5.6904
Worst Ind: ( ( ( ( ( ( 8.0 - 9x ) + ( 6x * 36.0 ) ) * ( 9x - 5y ) ) * 10y ) - 79.0 ) - 6x )
Fitness = 78.12
Avg Fitness = 57.2264818024
Duplicated = 68
============================================================================
Evaluate Gen  21
New Population 725
Better than Dads 60
Best Ind: ( 1x * ( 19.0 - 1y ) )
Fitness = 5.6904
Worst Ind: ( ( ( ( 9x * 1y ) + 8x ) - 7x ) - 3y )
Fitness = 67.6739171024
Avg Fitness = 52.8317153972
Duplicated = 75
============================================================================
Evaluate Gen  22
New Population 730
Better than Dads 61
Best Ind: ( 1x * ( 19.0 - 1y ) )
Fitness = 5.6904
Worst Ind: ( ( ( ( 10x - 4y ) - 50.0 ) - 4x ) - 5x )
Fitness = 65.1
Avg Fitness = 49.4449089437
Duplicated = 82
============================================================================
Evaluate Gen  23
New Population 709
Better than Dads 63
Best Ind: ( 1x * ( 19.0 - 1y ) )
Fitness = 5.6904
Worst Ind: ( ( 5y + 1y ) - 5x )
Fitness = 65.1
Avg Fitness = 45.5412877264
Duplicated = 76
============================================================================
Evaluate Gen  24
New Population 713
Better than Dads 63
Best Ind: ( 1x * ( 19.0 - 1y ) )
Fitness = 5.6904
Worst Ind: ( 2x * ( ( ( 59.0 - 5x ) - 3y ) - 6x ) )
Fitness = 53.2848
Avg Fitness = 41.9902553109
Duplicated = 69
============================================================================
Evaluate Gen  25
New Population 720
Better than Dads 64
Best Ind: ( 1x * ( 19.0 - 1y ) )
Fitness = 5.6904
Worst Ind: ( ( 2y + 5y ) - ( ( ( 3y - ( 7x + 2x ) ) + ( 37.0 * 54.0 ) ) - ( 9y - 4x ) ) )
Fitness = 52.08
Avg Fitness = 39.750421737
Duplicated = 69
============================================================================
Evaluate Gen  26
New Population 728
Better than Dads 55
Best Ind: ( 1x * ( 19.0 - 1y ) )
Fitness = 5.6904
Worst Ind: ( ( 3x * 3y ) * 2y )
Fitness = 46.7110315654
Avg Fitness = 37.2474136536
Duplicated = 76
============================================================================
Evaluate Gen  27
New Population 724
Better than Dads 59
Best Ind: ( 1x * ( 19.0 - 1y ) )
Fitness = 5.6904
Worst Ind: ( ( 10y * ( 5y * 1x ) ) - 2y )
Fitness = 45.1159447349
Avg Fitness = 35.7074150253
Duplicated = 83
============================================================================
Evaluate Gen  28
New Population 709
Better than Dads 48
Best Ind: ( 1x * ( 19.0 - 1y ) )
Fitness = 5.6904
Worst Ind: ( ( ( 37.0 + 64.0 ) - ( ( 5y - 1x ) * 7y ) ) - ( 4y - 3x ) )
Fitness = 39.06
Avg Fitness = 34.3160837457
Duplicated = 92
============================================================================
Evaluate Gen  29
New Population 708
Better than Dads 27
Best Ind: ( 1x * ( 19.0 - 1y ) )
Fitness = 5.6904
Worst Ind: ( ( ( 4x + ( ( 98.0 - 1y ) - 2x ) ) * 3y ) - 3x )
Fitness = 39.06
Avg Fitness = 33.9644309325
Duplicated = 85
============================================================================
Evaluate Gen  30
New Population 721
Better than Dads 36
Best Ind: ( 1x * ( 19.0 - 1y ) )
Fitness = 5.6904
Worst Ind: ( ( ( ( 3x + 3y ) - ( 8y + 8x ) ) * 5y ) - ( 4y - 3x ) )
Fitness = 39.06
Avg Fitness = 33.4260497757
Duplicated = 84
============================================================================
Evaluate Gen  31
New Population 741
Better than Dads 53
Best Ind: ( 1x * ( 19.0 - 1y ) )
Fitness = 5.6904
Worst Ind: ( 4y - 3x )
Fitness = 39.06
Avg Fitness = 32.6177836643
Duplicated = 80
============================================================================
Evaluate Gen  32
New Population 738
Better than Dads 58
Best Ind: ( 1x * ( 19.0 - 1y ) )
Fitness = 5.6904
Worst Ind: ( 10y - 3x )
Fitness = 39.06
Avg Fitness = 31.1552299086
Duplicated = 72
============================================================================
Evaluate Gen  33
New Population 721
Better than Dads 76
Best Ind: ( 1x * ( 19.0 - 1y ) )
Fitness = 5.6904
Worst Ind: ( 88.0 - ( 1x - ( ( 1y * 7y ) - ( ( 3y - 5x ) - ( 72.0 - 3x ) ) ) ) )
Fitness = 39.06
Avg Fitness = 29.56238667
Duplicated = 81
============================================================================
Evaluate Gen  34
New Population 731
Better than Dads 84
Best Ind: ( 1x * ( 19.0 - 1y ) )
Fitness = 5.6904
Worst Ind: ( ( 45.0 - ( 7x - ( ( 7x + 7y ) - 10x ) ) ) - ( 2x * ( 1x * 9y ) ) )
Fitness = 36.559944
Avg Fitness = 26.9839429791
Duplicated = 75
============================================================================
Evaluate Gen  35
New Population 713
Better than Dads 65
Best Ind: ( ( 2x * 1y ) * 1y )
Fitness = 5.19011461837
Worst Ind: ( ( 6y - 4x ) * ( ( ( 2x * ( 1x * 9y ) ) - ( 10y * 51.0 ) ) - 2x ) )
Fitness = 35.5232
Avg Fitness = 24.7372479814
Duplicated = 63
============================================================================
Evaluate Gen  36
New Population 720
Better than Dads 59
Best Ind: ( ( 2x * 1y ) * 1y )
Fitness = 5.19011461837
Worst Ind: ( ( ( 4y + 55.0 ) * ( ( ( 87.0 * 3y ) * ( 6y * 2y ) ) + 86.0 ) ) - ( 3x * 2x ) )
Fitness = 26.6424
Avg Fitness = 22.6830623677
Duplicated = 70
============================================================================
Evaluate Gen  37
New Population 711
Better than Dads 49
Best Ind: ( ( 2x * 1y ) * 1y )
Fitness = 5.19011461837
Worst Ind: ( ( ( ( ( 57.0 + 10.0 ) - 7x ) * 3y ) - ( 4y - 5x ) ) - 2x )
Fitness = 26.04
Avg Fitness = 22.2018259078
Duplicated = 71
============================================================================
Evaluate Gen  38
New Population 717
Better than Dads 61
Best Ind: ( ( 2x + 4y ) - ( ( ( 60.0 - 45.0 ) - ( 1x * ( ( 5x * 7y ) - 2x ) ) ) * ( ( 44.0 + ( ( 99.0 - 1.0 ) + ( 16.0 + 8x ) ) ) - 1y ) ) )
Fitness = 4.062216
Worst Ind: ( ( ( 29.0 - 100.0 ) * ( 61.0 + ( 3y - 5x ) ) ) - 2x )
Fitness = 26.04
Avg Fitness = 21.4118223239
Duplicated = 58
============================================================================
Evaluate Gen  39
New Population 723
Better than Dads 70
Best Ind: ( ( 2x + 4y ) - ( ( ( 60.0 - 45.0 ) - ( 1x * ( ( 5x * 7y ) - 2x ) ) ) * ( ( 44.0 + ( ( 99.0 - 1.0 ) + ( 16.0 + 8x ) ) ) - 1y ) ) )
Fitness = 4.062216
Worst Ind: ( ( ( ( 2y + 61.0 ) - ( 56.0 - 24.0 ) ) + ( ( 5y - ( 89.0 - 1y ) ) + 44.0 ) ) - ( 2y * ( ( 44.0 + ( ( 99.0 - 1.0 ) + ( 16.0 + 8x ) ) ) - 1y ) ) )
Fitness = 23.9161940535
Avg Fitness = 20.3332976546
Duplicated = 63
============================================================================
Evaluate Gen  40
New Population 717
Better than Dads 63
Best Ind: ( ( 2x + 4y ) - ( ( ( 60.0 - 45.0 ) - ( 1x * ( ( 5x * 7y ) - 2x ) ) ) * ( ( 44.0 + ( ( 99.0 - 1.0 ) + ( 16.0 + 8x ) ) ) - 1y ) ) )
Fitness = 4.062216
Worst Ind: ( ( 2y - 4x ) * 1y )
Fitness = 22.7616
Avg Fitness = 19.8857664324
Duplicated = 74
============================================================================
Evaluate Gen  41
New Population 724
Better than Dads 58
Best Ind: ( ( 2x + 4y ) - ( ( ( 60.0 - 45.0 ) - ( 1x * ( ( 5x * 7y ) - 2x ) ) ) * ( ( 44.0 + ( ( 99.0 - 1.0 ) + ( 16.0 + 8x ) ) ) - 1y ) ) )
Fitness = 4.062216
Worst Ind: ( ( ( 8y + 10y ) - ( ( ( 45.0 * ( 69.0 - 6x ) ) + 5x ) + 9x ) ) - 1y )
Fitness = 22.5579723675
Avg Fitness = 19.6754889742
Duplicated = 77
============================================================================
Evaluate Gen  42
New Population 708
Better than Dads 39
Best Ind: ( ( 2x + 4y ) - ( ( ( 60.0 - 45.0 ) - ( 1x * ( ( 5x * 7y ) - 2x ) ) ) * ( ( 44.0 + ( ( 99.0 - 1.0 ) + ( 16.0 + 8x ) ) ) - 1y ) ) )
Fitness = 4.062216
Worst Ind: ( ( 9x - 1y ) - 1y )
Fitness = 22.5579723675
Avg Fitness = 19.4661999287
Duplicated = 75
============================================================================
Evaluate Gen  43
New Population 720
Better than Dads 40
Best Ind: ( ( 2x + 4y ) - ( ( ( 60.0 - 45.0 ) - ( 1x * ( ( 5x * 7y ) - 2x ) ) ) * ( ( 44.0 + ( ( 99.0 - 1.0 ) + ( 16.0 + 8x ) ) ) - 1y ) ) )
Fitness = 4.062216
Worst Ind: ( ( 10y - ( 30.0 - 7y ) ) - ( ( ( ( 9y + 7x ) * 35.0 ) + 3y ) - ( ( 6.0 + 91.0 ) - ( 6x - 1y ) ) ) )
Fitness = 22.5579723675
Avg Fitness = 19.2128966208
Duplicated = 72
============================================================================
Evaluate Gen  44
New Population 719
Better than Dads 54
Best Ind: ( ( 2x + 4y ) - ( ( ( 60.0 - 45.0 ) - ( 1x * ( ( 5x * 7y ) - 2x ) ) ) * ( ( 44.0 + ( ( 99.0 - 1.0 ) + ( 16.0 + 8x ) ) ) - 1y ) ) )
Fitness = 4.062216
Worst Ind: ( ( ( 10x + 10y ) - ( ( ( 45.0 * ( 69.0 - 6x ) ) + 5x ) + 9x ) ) - 1y )
Fitness = 22.5579723675
Avg Fitness = 18.763375844
Duplicated = 69
============================================================================
Evaluate Gen  45
New Population 711
Better than Dads 55
Best Ind: ( ( 2x + 4y ) - ( ( ( 60.0 - 45.0 ) - ( 1x * ( ( 5x * 7y ) - 2x ) ) ) * ( ( 44.0 + ( ( 99.0 - 1.0 ) + ( 16.0 + 8x ) ) ) - 1y ) ) )
Fitness = 4.062216
Worst Ind: ( ( ( ( ( ( 2x + 10y ) + 11.0 ) * 10x ) * 1y ) - ( ( ( 45.0 * ( 69.0 - 6x ) ) + 5x ) + 4y ) ) - 1y )
Fitness = 22.5579723675
Avg Fitness = 18.1176694558
Duplicated = 64
============================================================================
Evaluate Gen  46
New Population 718
Better than Dads 59
Best Ind: ( ( 2x + 4y ) - ( ( ( 60.0 - 45.0 ) - ( 1x * ( ( 5x * 7y ) - 2x ) ) ) * ( ( 44.0 + ( ( 99.0 - 1.0 ) + ( 16.0 + 8x ) ) ) - 1y ) ) )
Fitness = 4.062216
Worst Ind: ( 9x - ( 1y - 1y ) )
Fitness = 22.5579723675
Avg Fitness = 17.0401690794
Duplicated = 61
============================================================================
Evaluate Gen  47
New Population 731
Better than Dads 79
Best Ind: ( ( ( 2x * 1y ) * ( 89.0 - 1y ) ) * ( 3y * 1y ) )
Fitness = 3.96013256529
Worst Ind: ( ( ( ( 2x * 1y ) * ( 7y - 6x ) ) - 1x ) * 5x )
Fitness = 22.202
Avg Fitness = 15.5601467383
Duplicated = 54
============================================================================
Evaluate Gen  48
New Population 717
Better than Dads 76
Best Ind: ( ( ( 2x * 1y ) * ( 89.0 - 1y ) ) * ( 3y * 1y ) )
Fitness = 3.96013256529
Worst Ind: ( ( ( 2y * ( ( 1y + 3y ) - 4x ) ) - ( ( ( 2y + 9x ) * 2y ) - ( 1y - ( 10y - 3x ) ) ) ) * ( ( ( 1x * 9y ) - ( 89.0 - 1y ) ) + ( 2x * 1x ) ) )
Fitness = 18.664848
Avg Fitness = 14.2020959863
Duplicated = 52
============================================================================
Evaluate Gen  49
New Population 726
Better than Dads 62
Best Ind: ( ( ( 2x * 1y ) * ( 89.0 - 1y ) ) * ( 3y * 1y ) )
Fitness = 3.96013256529
Worst Ind: ( ( ( ( ( 2x - 1y ) - 19.0 ) - ( 2x - 50.0 ) ) - ( 97.0 - 1y ) ) - ( 2x * ( ( ( 2y + 61.0 ) - 10x ) - 2x ) ) )
Fitness = 17.7616
Avg Fitness = 13.2751179879
Duplicated = 48
============================================================================
Evaluate Gen  50
New Population 719
Better than Dads 77
Best Ind: ( ( ( 2y - 3x ) * 1y ) * ( ( 3x - 1y ) * ( 6x - 1y ) ) )
Fitness = 3.75601495701
Worst Ind: ( ( ( 1y + ( 6x - 1y ) ) - 3x ) * ( 3x - 1y ) )
Fitness = 17.0712
Avg Fitness = 12.2533962167
Duplicated = 44
