dataset_file= dataset/SR_div.txt
population= 500
generations= 50
tournament_size= 5
cross_over= 0.9
mutation= 0.05
elitism= True
(50, 2)
============================================================================
Build initial population
ind: 1
( ( ( 3x - ( 26.0 * 9y ) ) + ( ( ( 10x - 4x ) - 67.0 ) - 1y ) ) - ( ( ( 12.0 * 1y ) * ( 2x * ( 10x + 3.0 ) ) ) + 1y ) )
ind: 2
( ( ( 4y + 7x ) - 59.0 ) - ( 35.0 + ( 26.0 * ( ( 7y * 22.0 ) - 13.0 ) ) ) )
ind: 3
( ( ( 35.0 * 5x ) + 1.0 ) * 7y )
ind: 4
( ( 73.0 - ( ( ( ( 24.0 - 8y ) + ( 97.0 + 16.0 ) ) + 3.0 ) - 20.0 ) ) * ( ( ( ( 2x - ( 24.0 * 10x ) ) - 79.0 ) * 100.0 ) + ( ( 100.0 * 4y ) + ( ( ( 58.0 - 20.0 ) + 87.0 ) * 28.0 ) ) ) )
ind: 5
( ( ( 30.0 * ( ( ( 1x - 5y ) + ( 60.0 - 93.0 ) ) * 7y ) ) + ( ( ( ( 4.0 + 100.0 ) - ( 8y * 8x ) ) - ( ( 50.0 * 92.0 ) * 1x ) ) - ( ( 1y - 39.0 ) - ( ( 65.0 - 88.0 ) - 34.0 ) ) ) ) * 60.0 )
ind: 6
( ( ( ( 10x + 9x ) * ( 6y + 96.0 ) ) + ( ( 46.0 - 88.0 ) + 3.0 ) ) + 5x )
ind: 7
( 1x * ( ( ( ( ( 55.0 * 1y ) * 26.0 ) + ( ( 9y + 12.0 ) * 9x ) ) + ( 7y * ( 1y - 7x ) ) ) - 7.0 ) )
ind: 8
( ( ( ( 4x + ( ( 67.0 * 20.0 ) - ( 8x - 4x ) ) ) + 90.0 ) - ( 7x * 31.0 ) ) * 9y )
ind: 9
( 6.0 - ( ( ( 2x + 2x ) + ( 4y * 9y ) ) * ( 45.0 + 64.0 ) ) )
ind: 10
( ( ( 82.0 * ( 10x * ( ( 5x + 4y ) - ( 27.0 * 7y ) ) ) ) + ( ( ( 34.0 * ( 5x * 1x ) ) + ( ( 96.0 + 5y ) + 24.0 ) ) + ( 9x + ( ( 5y - 3x ) * 94.0 ) ) ) ) - ( ( 84.0 * ( ( ( 49.0 + 3x ) * ( 8y - 4.0 ) ) - ( ( 5x * 50.0 ) + 3x ) ) ) * 10x ) )
ind: 11
( ( ( 69.0 + 95.0 ) - 7x ) + 4y )
ind: 12
( ( 4y - 73.0 ) * 10x )
ind: 13
( ( 87.0 * ( ( ( 4x + 9x ) * 5y ) * 4x ) ) + 6x )
ind: 14
( 28.0 - ( 8x - ( 5y + 5y ) ) )
ind: 15
( ( ( ( 91.0 - ( 84.0 + ( 8y * 5x ) ) ) - 80.0 ) * 56.0 ) - ( ( ( ( 37.0 + ( 5y + 10y ) ) * ( 58.0 * 90.0 ) ) - ( 93.0 - 10x ) ) * 24.0 ) )
ind: 16
( ( 5x + ( 5x + ( 86.0 + ( ( 1y * 32.0 ) * 2y ) ) ) ) + ( 62.0 + ( 7x - ( ( ( 3y + 2y ) - 51.0 ) + 2y ) ) ) )
ind: 17
( 6x + ( ( 1y + 2x ) - ( 64.0 * 3y ) ) )
ind: 18
( 18.0 * ( ( ( 71.0 + ( 96.0 * 8x ) ) - 1x ) * 4y ) )
ind: 19
( ( ( 3y - 4y ) + ( ( ( 7y + ( 54.0 + 8y ) ) * 41.0 ) + ( ( ( 10x + 1y ) * 3.0 ) - 98.0 ) ) ) * 28.0 )
ind: 20
( 4x + 1y )
ind: 21
( 3x * 8y )
ind: 22
( ( 57.0 * ( ( ( 6x - 2x ) - ( 20.0 + 98.0 ) ) - ( 44.0 - ( 9x + ( 98.0 - 10x ) ) ) ) ) - ( ( ( 9y * ( 35.0 - ( 65.0 + 5y ) ) ) * ( ( 1y * 15.0 ) * 2.0 ) ) - ( 7x * 25.0 ) ) )
ind: 23
( 80.0 * ( ( ( ( ( 3x - 4x ) + ( 9.0 + 34.0 ) ) + ( 6y - ( 87.0 - 72.0 ) ) ) * 6y ) * ( 2x - ( ( ( 4y * 9y ) - 9y ) * 10x ) ) ) )
ind: 24
( ( ( ( ( ( 10y * 45.0 ) + ( 40.0 * 5x ) ) + ( 6x + ( 3x * 73.0 ) ) ) * 35.0 ) * 3y ) - 10.0 )
ind: 25
( ( ( ( 2y * 9.0 ) + ( 6.0 * 2x ) ) * ( ( 53.0 * ( 3y + ( 61.0 - 80.0 ) ) ) * 80.0 ) ) - ( ( 5y - 7.0 ) - ( 48.0 * 73.0 ) ) )
ind: 26
( ( 89.0 + 2y ) * ( 6y * 7x ) )
ind: 27
( 75.0 * ( ( 9.0 + ( 16.0 * 4y ) ) + 5x ) )
ind: 28
( 1y - 7x )
ind: 29
( ( 36.0 * ( 8x + ( ( 59.0 * 4x ) + 66.0 ) ) ) - ( 2x - ( ( 6y * 6x ) * ( 6x - 2x ) ) ) )
ind: 30
( ( 3x + ( ( ( 1y + ( 91.0 - 3y ) ) + ( ( 4x * 5x ) - 35.0 ) ) * 4x ) ) - 58.0 )
ind: 31
( 10x * ( ( 54.0 + 20.0 ) + ( ( 11.0 * ( 4y + 44.0 ) ) - 6y ) ) )
ind: 32
( 90.0 + ( ( 23.0 - 20.0 ) - ( 6x - ( 90.0 + ( ( 70.0 * 9.0 ) + 9y ) ) ) ) )
ind: 33
( 9x - ( 3y * ( ( 89.0 - 68.0 ) - ( 36.0 - ( 1y + ( 6x - 6y ) ) ) ) ) )
ind: 34
( ( ( 6y * 9y ) - ( ( 8.0 - 6.0 ) + 5x ) ) + ( 2y * 61.0 ) )
ind: 35
( ( ( 91.0 - 54.0 ) * ( 2x - ( ( ( 9.0 + 6x ) * 10x ) * 10y ) ) ) - 2y )
ind: 36
( ( 5x * 89.0 ) + ( ( ( ( ( 97.0 - 7y ) - ( 10x + 10x ) ) - ( ( 10x * 31.0 ) - ( 7y + 1y ) ) ) * ( 54.0 * 7x ) ) * 70.0 ) )
ind: 37
( ( 26.0 - 5x ) - ( 9y + ( 6y * ( 6x - 8x ) ) ) )
ind: 38
( 4y * 3x )
ind: 39
( 10x + 9y )
ind: 40
( ( ( ( ( 33.0 * ( 37.0 + 3y ) ) + 5y ) - 6x ) * ( 90.0 + ( ( ( 2x * 5x ) + 57.0 ) + ( 4x * 10x ) ) ) ) * 6x )
ind: 41
( ( 10y * ( 69.0 * ( ( 64.0 + ( 3x + 3y ) ) - ( 9.0 - ( 8y - 67.0 ) ) ) ) ) - ( 2x + 7y ) )
ind: 42
( 1y * ( ( ( 9x * ( 1x - ( 1y + 52.0 ) ) ) - ( 10.0 + 7y ) ) + 1y ) )
ind: 43
( 10x - 5y )
ind: 44
( 8x - ( ( ( ( 84.0 * ( 6x - 6.0 ) ) - ( ( 3y * 58.0 ) - 52.0 ) ) + ( ( ( 10x - 40.0 ) * 1.0 ) * ( ( 82.0 * 1y ) + 48.0 ) ) ) - ( ( 13.0 - 3x ) + 18.0 ) ) )
ind: 45
( 25.0 * ( 2y * ( ( 14.0 + ( ( 17.0 - 3y ) * ( 8y - 9x ) ) ) * 4y ) ) )
ind: 46
( ( 2x * ( ( ( ( 9x + 6y ) * 59.0 ) * ( ( 69.0 + 25.0 ) - ( 29.0 + 8y ) ) ) + ( 92.0 + ( ( 3y + 5y ) * ( 77.0 * 9x ) ) ) ) ) * ( 60.0 + ( 26.0 + ( 33.0 + 2x ) ) ) )
ind: 47
( ( ( ( ( 3x - 31.0 ) - ( ( 1y + 8y ) - 3x ) ) + 97.0 ) * 9y ) * ( ( 6y * 6y ) - 22.0 ) )
ind: 48
( 6.0 * ( ( 27.0 * ( 1y + ( 3x * ( 3y * 48.0 ) ) ) ) + ( 67.0 - ( ( 9x + 5y ) * 10x ) ) ) )
ind: 49
( ( ( 37.0 - 87.0 ) + 6y ) * 7x )
ind: 50
( ( ( 9y * 9y ) + ( 9.0 + 10x ) ) + ( 4y + ( 4y - ( 57.0 - 13.0 ) ) ) )
ind: 51
( 9x + ( 3y - 4x ) )
ind: 52
( ( 60.0 + ( ( ( 1y * 34.0 ) - ( 6x - ( 6x + 95.0 ) ) ) - 3x ) ) - 10.0 )
ind: 53
( ( ( 3x - 7x ) + 6x ) * ( 2y + ( ( ( ( 70.0 * 3x ) + 5y ) * ( 67.0 * 38.0 ) ) + 5.0 ) ) )
ind: 54
( ( ( ( 2x - ( ( 7x + 33.0 ) + ( 8.0 * 9y ) ) ) * 27.0 ) - ( 86.0 * 7x ) ) + ( ( ( ( 24.0 - 8x ) * 19.0 ) * 6x ) + ( 5y * 7.0 ) ) )
ind: 55
( 8x - ( 10y - ( 76.0 * ( 93.0 + ( 5x - ( 7x * 83.0 ) ) ) ) ) )
ind: 56
( ( 5x * 15.0 ) * ( 5y + ( ( ( 3x + ( 99.0 + 90.0 ) ) + ( ( 6y - 99.0 ) + ( 3.0 + 87.0 ) ) ) * ( ( 5x + ( 3y - 20.0 ) ) + 2x ) ) ) )
ind: 57
( ( 9y * ( ( ( ( 30.0 * 2y ) + 7y ) - ( ( 10x + 5.0 ) + ( 9y - 1y ) ) ) + ( 8.0 * 12.0 ) ) ) - ( ( ( 76.0 + ( 99.0 * ( 6x * 7x ) ) ) * ( 4x - ( ( 93.0 * 91.0 ) + ( 85.0 - 46.0 ) ) ) ) + 9x ) )
ind: 58
( ( ( 86.0 + ( ( 8y - ( 10x + 37.0 ) ) * ( ( 64.0 * 3x ) + 1y ) ) ) + ( ( 4x - 3y ) * ( 7y * ( ( 4y + 78.0 ) - ( 37.0 - 1y ) ) ) ) ) * ( 10.0 - ( ( ( 2x + ( 1.0 - 84.0 ) ) + 3y ) - ( ( 43.0 - ( 34.0 + 35.0 ) ) + 2y ) ) ) )
ind: 59
( 4y - ( ( 4x + ( 5x * ( ( 77.0 + 3y ) * ( 2x + 8.0 ) ) ) ) * 10y ) )
ind: 60
( ( ( ( ( 50.0 + ( 8x + 90.0 ) ) - ( 9x - ( 56.0 - 10x ) ) ) * 2.0 ) + ( ( ( ( 58.0 - 5.0 ) - ( 44.0 - 6y ) ) - 7.0 ) * 97.0 ) ) * ( 45.0 - ( 1y * 37.0 ) ) )
ind: 61
( ( ( ( ( 84.0 - ( 44.0 + 8y ) ) - ( ( 3y - 8x ) * ( 94.0 + 6y ) ) ) * ( 9x * ( 61.0 - 65.0 ) ) ) * 8x ) + 1x )
ind: 62
( ( 9x * ( ( 5x + 6y ) + ( 4y * 3y ) ) ) - 28.0 )
ind: 63
( ( ( 10x + ( 8y - ( ( 9y - 52.0 ) * ( 77.0 + 77.0 ) ) ) ) - ( ( ( ( 4y - 8y ) + ( 2x - 23.0 ) ) + 9x ) + 4y ) ) + ( ( 3x - 49.0 ) * ( 53.0 * 5x ) ) )
ind: 64
( 2y + ( ( ( 5x + 1.0 ) * ( ( 9y - ( 9y * 96.0 ) ) * ( 99.0 - ( 23.0 * 10y ) ) ) ) + 59.0 ) )
ind: 65
( ( ( 5y * ( ( ( 4x + 44.0 ) + ( 91.0 - 2y ) ) + ( 45.0 + ( 67.0 + 68.0 ) ) ) ) * 7y ) - ( ( 21.0 + ( ( 14.0 * 95.0 ) + ( ( 100.0 + 2x ) - ( 89.0 - 61.0 ) ) ) ) * ( ( 7y - 9y ) + ( ( 23.0 + 42.0 ) * ( ( 84.0 + 52.0 ) - 4.0 ) ) ) ) )
ind: 66
( 32.0 * ( ( ( 6x - 62.0 ) + ( ( 11.0 - ( 6y * 69.0 ) ) + ( ( 6x + 11.0 ) + 95.0 ) ) ) - ( ( 4y + 28.0 ) * 64.0 ) ) )
ind: 67
( ( ( ( ( 10x + 23.0 ) + ( ( 37.0 + 87.0 ) * ( 44.0 - 73.0 ) ) ) * ( 3y - ( 57.0 * ( 73.0 * 3x ) ) ) ) + 60.0 ) * 51.0 )
ind: 68
( ( ( 45.0 * 4x ) + ( 10y + ( ( 7x * ( 3x - 18.0 ) ) - 77.0 ) ) ) + 39.0 )
ind: 69
( ( ( 6x * ( ( 35.0 - 3y ) * ( 3y - ( 13.0 * 10x ) ) ) ) - 3x ) - ( ( 7y + 9y ) + 2y ) )
ind: 70
( ( ( ( ( 4x * 9y ) + ( ( 87.0 - 3x ) - ( 5y - 52.0 ) ) ) * ( ( ( 10y * 45.0 ) - ( 2x + 5y ) ) - 10y ) ) - ( 7y * 58.0 ) ) * 10.0 )
ind: 71
( 64.0 * ( 3x + ( ( ( 56.0 + ( 5.0 + 80.0 ) ) - 73.0 ) * ( ( ( 97.0 - 6x ) + ( 5y * 7x ) ) * 95.0 ) ) ) )
ind: 72
( 3x - ( ( 5x - ( ( ( 24.0 - 5y ) - 58.0 ) + ( ( 47.0 * 8x ) * 5y ) ) ) - ( ( 9x + ( ( 76.0 + 7y ) * 7x ) ) + 93.0 ) ) )
ind: 73
( ( 10y - 8x ) * 5x )
ind: 74
( ( 6y + ( 2y - 8x ) ) + 98.0 )
ind: 75
( ( 10x - 5x ) + ( 7x - ( ( ( 41.0 - 9.0 ) - ( ( 8x - 85.0 ) - ( 7x * 4x ) ) ) * 8y ) ) )
ind: 76
( ( 64.0 * 1x ) + 3y )
ind: 77
( ( 9x - 7y ) + 5x )
ind: 78
( 10x + ( 10y + ( 9.0 + 1y ) ) )
ind: 79
( ( ( ( ( 42.0 + ( 48.0 - 6x ) ) + ( ( 93.0 + 9.0 ) * ( 8x * 75.0 ) ) ) * 32.0 ) - ( ( ( ( 14.0 * 8x ) * ( 25.0 * 7x ) ) - ( ( 84.0 * 46.0 ) - ( 15.0 * 88.0 ) ) ) + ( ( ( 15.0 + 6x ) * 8y ) * 75.0 ) ) ) - 3y )
ind: 80
( 8.0 - ( 1x * ( ( 10y * 38.0 ) + ( ( ( 10x + 2x ) + 1x ) - ( 7x - ( 2x + 5x ) ) ) ) ) )
ind: 81
( ( 5x * ( 2y * 9x ) ) + ( ( ( 3x - ( ( 2y * 2y ) + 56.0 ) ) * 1y ) - 57.0 ) )
ind: 82
( ( ( ( ( ( 25.0 + 9x ) * 92.0 ) + ( ( 3.0 - 11.0 ) * ( 60.0 * 1x ) ) ) * 67.0 ) - ( ( ( 14.0 - ( 5x * 5x ) ) + ( ( 35.0 * 2x ) - ( 43.0 * 10y ) ) ) + 5y ) ) * ( ( ( 8x - ( 6x * 39.0 ) ) * 60.0 ) - ( 74.0 + ( 41.0 + 3x ) ) ) )
ind: 83
( ( 9x + ( ( ( ( 9x + 1y ) - 30.0 ) - ( ( 1x * 70.0 ) * 97.0 ) ) * ( 4y + ( ( 2.0 + 9x ) - 1y ) ) ) ) - ( ( 8x - ( ( 5x + 49.0 ) * ( ( 43.0 * 31.0 ) * ( 2y + 10x ) ) ) ) - ( 51.0 * ( ( 77.0 + ( 53.0 + 4x ) ) + ( 73.0 + 48.0 ) ) ) ) )
ind: 84
( 68.0 * ( 9y - ( 9x * ( 79.0 - ( ( 6x + 3y ) * 3.0 ) ) ) ) )
ind: 85
( 10x * ( ( ( 7x * ( ( 6x + 8y ) - 88.0 ) ) - ( 7x + ( ( 3y * 5y ) + ( 1y + 6.0 ) ) ) ) + 10y ) )
ind: 86
( 4y + 8x )
ind: 87
( ( 15.0 * 4.0 ) - ( ( ( 27.0 + 74.0 ) * ( ( ( 26.0 - 100.0 ) * ( 1y * 4y ) ) * ( ( 5y * 7x ) - ( 10x * 82.0 ) ) ) ) + 82.0 ) )
ind: 88
( 1y + ( ( 6y * ( ( 10y - 4x ) + 10y ) ) + 45.0 ) )
ind: 89
( 2y - ( ( 7x * ( 8y * ( ( 25.0 - 10x ) + ( 3x * 3.0 ) ) ) ) * ( ( 2x * ( 3x + ( 1y * 26.0 ) ) ) * 30.0 ) ) )
ind: 90
( ( ( 9y * ( 1y - ( 2x - 9x ) ) ) - 8x ) + ( ( 5x * 60.0 ) * 3x ) )
ind: 91
( 28.0 * ( ( 4x - 3x ) + ( 9x + ( ( 32.0 - ( 10y * 83.0 ) ) + ( ( 3y * 87.0 ) + 22.0 ) ) ) ) )
ind: 92
( 20.0 - ( ( ( ( 33.0 + 93.0 ) * 9x ) + ( 2y * ( 1y + ( 4x - 8y ) ) ) ) * 3y ) )
ind: 93
( ( ( ( 3x - 72.0 ) + 10x ) * ( 52.0 + ( ( ( 8x + 1y ) * ( 16.0 * 2x ) ) + ( ( 83.0 + 53.0 ) + ( 13.0 * 46.0 ) ) ) ) ) - ( ( ( 84.0 - 1x ) - ( 3x * 2.0 ) ) * ( 51.0 - 3y ) ) )
ind: 94
( ( ( ( 8x - ( ( 58.0 * 59.0 ) + ( 2.0 + 6y ) ) ) * ( 96.0 - 67.0 ) ) - 88.0 ) - 9x )
ind: 95
( ( ( 31.0 + ( 8y * ( 8y + ( 80.0 + 8y ) ) ) ) + ( ( ( ( 76.0 * 40.0 ) - 100.0 ) * ( 4y + ( 3x - 72.0 ) ) ) + 10x ) ) - 96.0 )
ind: 96
( ( 5x * 3y ) + 3y )
ind: 97
( 3x + ( ( ( ( ( 4x - 6.0 ) * ( 5x + 33.0 ) ) + ( 5x - 4x ) ) + 3x ) - 4y ) )
ind: 98
( 4y - ( 5.0 - ( 10x + 8y ) ) )
ind: 99
( 3y * ( ( ( ( 8x * ( 8x - 54.0 ) ) - 9y ) * ( ( ( 32.0 + 8.0 ) + 10x ) + 93.0 ) ) + 4x ) )
ind: 100
( ( ( ( 7x * 9y ) * ( ( ( 90.0 - 5y ) + 43.0 ) * 5.0 ) ) - ( 42.0 + ( ( ( 4x * 8y ) + ( 4x * 31.0 ) ) - 78.0 ) ) ) - 4.0 )
ind: 101
( ( ( ( ( 86.0 - ( 74.0 - 3x ) ) + ( ( 10y - 7y ) - ( 6y - 3x ) ) ) * 64.0 ) - 81.0 ) - ( ( 7y - ( 40.0 - 1x ) ) + ( 5x * ( 6y + 10.0 ) ) ) )
ind: 102
( ( 6x + ( ( 7x + 9y ) * 5y ) ) * ( 3y - 6x ) )
ind: 103
( 100.0 + ( ( ( 4x - ( ( 8y + 10y ) - 6y ) ) * ( ( ( 40.0 + 90.0 ) - 6y ) + ( 8y * 1x ) ) ) * ( ( ( ( 93.0 * 11.0 ) * 2x ) + ( 97.0 * 29.0 ) ) - ( ( ( 9x * 8y ) * ( 4.0 - 3x ) ) - 44.0 ) ) ) )
ind: 104
( 3y - ( 3x + ( ( ( 3y - 6x ) * ( 58.0 + 92.0 ) ) + ( ( ( 34.0 * 49.0 ) - 83.0 ) * 8x ) ) ) )
ind: 105
( 8x + ( 1x + 8y ) )
ind: 106
( 8y - ( 6x - ( 30.0 * 6x ) ) )
ind: 107
( ( 10y - ( ( ( ( 63.0 + 42.0 ) * ( 4x * 42.0 ) ) * 13.0 ) - ( ( 72.0 + ( 7y * 8y ) ) * 49.0 ) ) ) + 5y )
ind: 108
( ( 3x + ( ( ( ( 7y * 18.0 ) - ( 42.0 + 9y ) ) - 4y ) - 70.0 ) ) * ( 7y * 82.0 ) )
ind: 109
( 8y - ( 5.0 + ( ( 10y + ( ( 8y + 82.0 ) * ( 3y * 4x ) ) ) + 41.0 ) ) )
ind: 110
( ( ( ( ( 6y + 9x ) + ( ( 2y * 84.0 ) - 55.0 ) ) - ( ( 10y - ( 47.0 + 99.0 ) ) - ( 85.0 - 8.0 ) ) ) * 23.0 ) - 71.0 )
ind: 111
( ( 8y + 50.0 ) - ( ( 8y + ( 6x * ( 10x + 7x ) ) ) * ( 99.0 * ( 1y * ( ( 9x + 10y ) * ( 8x * 28.0 ) ) ) ) ) )
ind: 112
( ( 2x - ( ( 93.0 + 1x ) - ( ( ( 22.0 * 3x ) * ( 6x * 5x ) ) * 67.0 ) ) ) - 1y )
ind: 113
( ( 9.0 + ( ( ( ( 3y - 5y ) - 21.0 ) * 55.0 ) - ( 1x + 13.0 ) ) ) + ( 1y - 6.0 ) )
ind: 114
( 21.0 * ( 52.0 - ( ( 9y + 31.0 ) * 1x ) ) )
ind: 115
( 24.0 + ( 7y + ( ( 1y + ( ( 2.0 * 68.0 ) + ( 30.0 * 9x ) ) ) + ( 83.0 - ( ( 74.0 - 67.0 ) * ( 7x - 19.0 ) ) ) ) ) )
ind: 116
( 7.0 - ( 5y * ( 5x + ( 69.0 + 23.0 ) ) ) )
ind: 117
( ( 5y + 46.0 ) - ( 33.0 - ( ( 86.0 - ( ( 3x + 100.0 ) + 36.0 ) ) + 5y ) ) )
ind: 118
( ( ( ( 12.0 * ( ( 2.0 * 5y ) - 6x ) ) * ( ( ( 8y + 12.0 ) - 74.0 ) - 71.0 ) ) * 10y ) + 8x )
ind: 119
( ( ( ( ( ( 64.0 * 1x ) - ( 7x + 8x ) ) + 1x ) + 5x ) + ( 1y - 4x ) ) - ( ( ( 9x - ( 8.0 - 7.0 ) ) - 89.0 ) - 95.0 ) )
ind: 120
( ( 3y - ( ( ( 46.0 + ( 2x - 65.0 ) ) + 97.0 ) * ( 55.0 * 90.0 ) ) ) * 16.0 )
ind: 121
( ( 2y + 76.0 ) - 6x )
ind: 122
( 56.0 * ( ( 8x + ( 2x - ( 54.0 - ( 7x + 65.0 ) ) ) ) - ( ( ( ( 95.0 + 7x ) * ( 4y - 5y ) ) * 10y ) + ( 8x + ( ( 2y * 48.0 ) * ( 69.0 + 14.0 ) ) ) ) ) )
ind: 123
( ( 7y - 88.0 ) + 9x )
ind: 124
( ( ( ( 22.0 * 10.0 ) * ( ( ( 87.0 + 45.0 ) + ( 48.0 * 1x ) ) + ( 4x * 10x ) ) ) * ( ( ( 71.0 + 11.0 ) + ( ( 8y - 3x ) + ( 17.0 - 2x ) ) ) - ( ( ( 20.0 * 81.0 ) + ( 52.0 * 2x ) ) + ( ( 3x * 48.0 ) - ( 10x - 6x ) ) ) ) ) + ( ( 70.0 * ( ( ( 9x - 10y ) + 2x ) * 2x ) ) + 20.0 ) )
ind: 125
( ( 4x - ( 75.0 + ( 10y + 6y ) ) ) + ( 1y - ( 44.0 - 42.0 ) ) )
ind: 126
( ( ( 39.0 + ( ( ( 59.0 - 54.0 ) + ( 4y * 10y ) ) - 3y ) ) + 92.0 ) + ( ( 92.0 * ( ( 3y - 8y ) - ( ( 38.0 + 37.0 ) - ( 3x - 9y ) ) ) ) + 6x ) )
ind: 127
( ( 21.0 * 4y ) * ( ( 3x - ( 88.0 * 3x ) ) + 22.0 ) )
ind: 128
( 2x - 6y )
ind: 129
( ( ( 10x - 5y ) - ( ( 8y + ( ( 1x * 81.0 ) + ( 78.0 * 1y ) ) ) + 8x ) ) + ( ( ( ( 4y * 40.0 ) - 57.0 ) * ( ( ( 6x + 4x ) * ( 1x * 2y ) ) * 2x ) ) + ( 84.0 * ( ( 50.0 + 10y ) * ( ( 6y * 2y ) + ( 10x * 9x ) ) ) ) ) )
ind: 130
( ( ( ( ( 1x * ( 77.0 * 11.0 ) ) + ( 77.0 - ( 18.0 - 7y ) ) ) + 9.0 ) * 6y ) * 7x )
ind: 131
( ( 4.0 - ( 6y + ( 10x - ( 42.0 * 10x ) ) ) ) - ( ( 22.0 + ( ( 5x * 2y ) + ( 9x - 58.0 ) ) ) + ( ( ( 7x + ( 27.0 * 98.0 ) ) - 4x ) + ( 3x * 8y ) ) ) )
ind: 132
( 14.0 * ( ( ( 58.0 * ( 68.0 * 2y ) ) * 87.0 ) + 10x ) )
ind: 133
( ( 5.0 * ( 17.0 * 4x ) ) + ( ( ( 74.0 + ( ( 2x - 1x ) * 10y ) ) * ( ( ( 9x - 10x ) * ( 26.0 - 61.0 ) ) - 9x ) ) + 9y ) )
ind: 134
( 6x + ( 37.0 * ( ( 88.0 * ( ( 79.0 * 1x ) + ( 6y * 7x ) ) ) * ( 56.0 * ( 4y + 51.0 ) ) ) ) )
ind: 135
( ( ( 53.0 + 6.0 ) * ( 9y - ( ( 83.0 * ( 5.0 + 10y ) ) * ( 19.0 + ( 9y - 10x ) ) ) ) ) - 1x )
ind: 136
( 10x + ( ( ( 30.0 * 3x ) + 5x ) - ( ( 67.0 + ( 100.0 + ( 82.0 - 8y ) ) ) - 9y ) ) )
ind: 137
( 30.0 * ( 6x + ( ( 74.0 + ( ( 58.0 * 11.0 ) - 10y ) ) * ( ( ( 42.0 * 28.0 ) * 4x ) * ( ( 73.0 * 4y ) * 62.0 ) ) ) ) )
ind: 138
( 8x * ( ( ( 68.0 + 94.0 ) + 10y ) + ( 8x - ( 44.0 + 96.0 ) ) ) )
ind: 139
( ( ( 17.0 - ( 7x * 6x ) ) + ( ( ( 48.0 * 4y ) * ( ( 9y * 73.0 ) + 10x ) ) * ( 5x * 72.0 ) ) ) - 9y )
ind: 140
( ( ( 3x + ( ( ( 6x - 4y ) * ( 51.0 - 1x ) ) - 1x ) ) * ( 1y + 93.0 ) ) * ( ( ( 1x * 5x ) * 1x ) * ( ( ( 5x * 9x ) - 1x ) + 32.0 ) ) )
ind: 141
( ( ( 79.0 + 2y ) + ( ( 4y - 59.0 ) + ( ( 19.0 + 4x ) * ( 68.0 - 58.0 ) ) ) ) + ( 2y * 7x ) )
ind: 142
( 6x * ( 5y * 24.0 ) )
ind: 143
( 49.0 * ( ( 7x + 8.0 ) * 4y ) )
ind: 144
( 34.0 * ( 58.0 * ( 8y + ( ( 3y * ( 79.0 + 31.0 ) ) + ( ( 5.0 + 57.0 ) * ( 85.0 * 1x ) ) ) ) ) )
ind: 145
( ( ( 70.0 - 16.0 ) * ( ( ( ( 4y - 85.0 ) * ( 2x * 9y ) ) * ( ( 9y * 10y ) - 7y ) ) * ( ( 9.0 * 4y ) - 28.0 ) ) ) - ( ( 64.0 - ( 10x - ( 6y - ( 39.0 * 1y ) ) ) ) - 2y ) )
ind: 146
( 80.0 - ( ( ( ( 79.0 * 97.0 ) * ( ( 7x * 2x ) - ( 6y * 24.0 ) ) ) * 100.0 ) - ( ( 8.0 - ( ( 15.0 - 91.0 ) - ( 100.0 + 14.0 ) ) ) + 64.0 ) ) )
ind: 147
( ( ( ( ( ( 9y + 10y ) - ( 7x * 10x ) ) * 63.0 ) * ( ( ( 5y - 37.0 ) + ( 3y + 4y ) ) + 4.0 ) ) + 7y ) - 2x )
ind: 148
( 4x - ( 9x - ( ( ( 1x + ( 85.0 - 4y ) ) - 3y ) + 6.0 ) ) )
ind: 149
( ( ( 8y - ( 7x * ( ( 7y * 61.0 ) + 7.0 ) ) ) - ( ( ( 7x + 8.0 ) * ( ( 9x + 3x ) * ( 7x - 7x ) ) ) * 13.0 ) ) * ( ( ( ( 2y + 77.0 ) + ( ( 6y + 2y ) - 89.0 ) ) + ( ( ( 89.0 * 8x ) + 81.0 ) + ( 18.0 * ( 11.0 + 46.0 ) ) ) ) * ( ( ( 5y - 3x ) - ( 74.0 - ( 13.0 * 18.0 ) ) ) - 81.0 ) ) )
ind: 150
( ( ( ( 5y - 48.0 ) + ( 86.0 - 6y ) ) * 21.0 ) - ( ( ( 49.0 * ( ( 2.0 - 63.0 ) - 24.0 ) ) + 8x ) * 2y ) )
ind: 151
( 48.0 * ( 81.0 - ( ( ( 10x * ( 4y - 6x ) ) * 94.0 ) + 9x ) ) )
ind: 152
( ( 4x + 79.0 ) * ( ( 39.0 + ( ( ( 10y + 90.0 ) * 100.0 ) - ( 10y + 5y ) ) ) + 25.0 ) )
ind: 153
( ( 88.0 - 5x ) * ( ( ( ( 3x * ( 32.0 - 9y ) ) * ( 6y + ( 24.0 + 58.0 ) ) ) * ( 7x - ( 5x * ( 55.0 * 8y ) ) ) ) + 35.0 ) )
ind: 154
( 3x * ( ( 1y * ( ( 58.0 + 93.0 ) + ( 64.0 + 7y ) ) ) * 64.0 ) )
ind: 155
( ( ( ( ( ( 45.0 + 10x ) + ( 1x * 5y ) ) + ( ( 8y + 43.0 ) + 37.0 ) ) - 2x ) + 93.0 ) * 5y )
ind: 156
( ( 5x * 11.0 ) + ( ( 5y + 98.0 ) + ( ( ( 2y + ( 5x - 21.0 ) ) * ( ( 9x - 4y ) + ( 85.0 - 1y ) ) ) + ( 48.0 + ( 7x * 10x ) ) ) ) )
ind: 157
( ( ( ( 34.0 + 64.0 ) + ( 100.0 - 8y ) ) + ( 7y + ( ( ( 38.0 - 44.0 ) + 72.0 ) + ( 4x - 4y ) ) ) ) - 5.0 )
ind: 158
( 2y + ( ( ( 10y + ( 9y - 37.0 ) ) * ( ( 5x * ( 6x + 1y ) ) + 9y ) ) * 8y ) )
ind: 159
( ( ( 6y + 6x ) - ( 3x + 1x ) ) - ( 7y * ( ( 1x - 3x ) + ( ( 1x + ( 75.0 * 2x ) ) * ( 21.0 + 6x ) ) ) ) )
ind: 160
( ( ( ( 3x + ( ( 64.0 - 10x ) * 82.0 ) ) * 5y ) * 39.0 ) * ( 4x + 7x ) )
ind: 161
( ( ( 4y * ( ( 52.0 + ( 48.0 * 99.0 ) ) + ( 86.0 - ( 38.0 - 5x ) ) ) ) * 9x ) + ( 2x - ( 9y * 5x ) ) )
ind: 162
( ( ( 28.0 * 8.0 ) * ( 5x * 72.0 ) ) - ( ( ( ( 8y + 98.0 ) + 6x ) - ( ( ( 9x * 7y ) * ( 7x - 21.0 ) ) - 10y ) ) - 100.0 ) )
ind: 163
( 16.0 + ( ( ( 1x * 8x ) - 62.0 ) + 1y ) )
ind: 164
( ( 26.0 - ( ( ( 56.0 + 5y ) - ( 9x - ( 17.0 * 5y ) ) ) - ( ( 94.0 + ( 12.0 * 3x ) ) + 48.0 ) ) ) - ( ( ( 10y + ( 5x + 84.0 ) ) + 3y ) - ( 2x + 87.0 ) ) )
ind: 165
( ( ( 15.0 + 9x ) * ( 8.0 + ( ( ( 8y - 36.0 ) * ( 6x + 13.0 ) ) * 29.0 ) ) ) + 58.0 )
ind: 166
( ( ( ( ( 7x - ( 2x - 4y ) ) * ( 9x + 1x ) ) * ( ( 2x - 51.0 ) * ( ( 57.0 - 8x ) * 4y ) ) ) + 70.0 ) * ( ( 59.0 * 8y ) * 1x ) )
ind: 167
( ( 2y - ( ( ( ( 85.0 - 61.0 ) - ( 8x - 2y ) ) + 6y ) * 64.0 ) ) * ( ( 2x + 9x ) + 8x ) )
ind: 168
( 10y * ( 65.0 * ( ( ( 64.0 * 2y ) + ( ( 99.0 * 34.0 ) + ( 38.0 + 7x ) ) ) * 61.0 ) ) )
ind: 169
( 2x + ( ( 7y * 72.0 ) + 7y ) )
ind: 170
( ( ( 29.0 * 3y ) * 6x ) - ( 1y + ( 38.0 + 4y ) ) )
ind: 171
( 5y * ( 1x * ( ( ( 66.0 * 6y ) - ( ( 5x - 91.0 ) - 3y ) ) + 16.0 ) ) )
ind: 172
( ( ( 6x + ( 38.0 * ( 3x + ( 10x - 9x ) ) ) ) * 2y ) + 89.0 )
ind: 173
( ( 84.0 - 6x ) - ( 8y + 63.0 ) )
ind: 174
( ( 7.0 * ( ( ( 5x - 33.0 ) + ( 2x * ( 9y - 44.0 ) ) ) * ( ( 9x - 20.0 ) * ( ( 7y + 2.0 ) * 8y ) ) ) ) - ( ( ( 5y - ( 2y + ( 85.0 + 1x ) ) ) - 75.0 ) * 6x ) )
ind: 175
( ( ( ( 82.0 * ( 46.0 - ( 14.0 * 9x ) ) ) - 9y ) * 2x ) - ( 1y + 30.0 ) )
ind: 176
( ( ( ( 1x - ( ( 63.0 + 40.0 ) + ( 5x + 42.0 ) ) ) * ( ( ( 5y - 71.0 ) * ( 2x - 7y ) ) + 7x ) ) + ( ( 3y * ( 8x * 10y ) ) + ( 86.0 * 7y ) ) ) - ( 77.0 + ( 37.0 + ( 56.0 * ( ( 1x - 9y ) * 23.0 ) ) ) ) )
ind: 177
( ( 48.0 + ( ( ( 3.0 * ( 20.0 * 7x ) ) + ( 80.0 - 88.0 ) ) * ( 6.0 * 2y ) ) ) * ( 95.0 + ( 8y * ( ( ( 10x * 6x ) * ( 17.0 + 1x ) ) * ( 25.0 + ( 8y + 78.0 ) ) ) ) ) )
ind: 178
( ( 3y + 85.0 ) + ( ( 75.0 - ( 6x - 1y ) ) + 47.0 ) )
ind: 179
( 1x * ( 64.0 * ( 45.0 - 7y ) ) )
ind: 180
( ( ( 29.0 - ( 3y * ( 99.0 + ( 4y * 2x ) ) ) ) + ( 3x + ( ( ( 2x - 26.0 ) * ( 8y * 81.0 ) ) + 7y ) ) ) - 1y )
ind: 181
( ( 10x - 3y ) - 100.0 )
ind: 182
( ( ( ( 1y * ( 10x * 10y ) ) - 6y ) + 95.0 ) - 1y )
ind: 183
( ( 44.0 + ( ( 8x * 76.0 ) * 2x ) ) * 2y )
ind: 184
( ( ( 9y * ( 9.0 - ( ( 71.0 - 93.0 ) * 74.0 ) ) ) - 18.0 ) * 9x )
ind: 185
( ( 30.0 * 10y ) * ( ( 21.0 * ( ( 92.0 + ( 94.0 - 62.0 ) ) - ( ( 7x * 80.0 ) - ( 68.0 + 2x ) ) ) ) * 32.0 ) )
ind: 186
( 9x * 4y )
ind: 187
( ( 4x - ( 59.0 * ( 2y * ( ( 35.0 - 10.0 ) * 13.0 ) ) ) ) * 2y )
ind: 188
( 30.0 * ( 6x * ( ( 1y + 5x ) * 3x ) ) )
ind: 189
( ( ( 5x + 78.0 ) + ( ( ( ( 8x + 6x ) * ( 19.0 - 7y ) ) + 4x ) + ( ( 69.0 - 10x ) * ( ( 27.0 - 5y ) * 55.0 ) ) ) ) - ( ( 9x + ( ( 77.0 - 70.0 ) - 4.0 ) ) - ( 10x + ( ( 2x * 6x ) + 8y ) ) ) )
ind: 190
( ( ( ( ( 6y - 8x ) + ( 67.0 * 5y ) ) * 2x ) * ( ( 29.0 - 53.0 ) - 24.0 ) ) * 5y )
ind: 191
( 8y * 10x )
ind: 192
( ( 9x + ( ( ( ( 66.0 + 1x ) + ( 4y - 96.0 ) ) - ( ( 37.0 + 67.0 ) * 94.0 ) ) + ( 2y - ( 83.0 + 4x ) ) ) ) + 50.0 )
ind: 193
( 6x - ( 77.0 + ( ( ( 25.0 - ( 7y * 17.0 ) ) + 22.0 ) * 4x ) ) )
ind: 194
( ( ( ( 5.0 + 8.0 ) + ( 53.0 + 34.0 ) ) - 66.0 ) + ( ( ( ( 58.0 + 2y ) + ( ( 33.0 * 7y ) + 64.0 ) ) - ( 8y * ( ( 33.0 - 5x ) - ( 74.0 * 87.0 ) ) ) ) - 61.0 ) )
ind: 195
( ( 22.0 - ( 56.0 - ( ( ( 49.0 * 2y ) + 7x ) * ( ( 88.0 - 39.0 ) - ( 10x * 8.0 ) ) ) ) ) + ( 65.0 * 14.0 ) )
ind: 196
( ( ( 8x + ( 7x + 50.0 ) ) + 6y ) * ( ( ( ( 10y * 34.0 ) - ( ( 58.0 - 59.0 ) - ( 2y + 7x ) ) ) - ( ( ( 5y * 93.0 ) * ( 7x + 10y ) ) - ( ( 77.0 - 8x ) * ( 98.0 + 48.0 ) ) ) ) - 70.0 ) )
ind: 197
( ( ( 42.0 - ( 53.0 * ( ( 65.0 * 47.0 ) * ( 45.0 + 7y ) ) ) ) + 9y ) * ( 5y * ( ( 82.0 * ( ( 5x - 79.0 ) * ( 4y * 98.0 ) ) ) + 10x ) ) )
ind: 198
( ( ( ( ( 93.0 * 3.0 ) + ( ( 10x - 4y ) + ( 36.0 - 7y ) ) ) + 27.0 ) + 93.0 ) + 77.0 )
ind: 199
( 4x + 6y )
ind: 200
( 54.0 + ( ( ( ( 24.0 - ( 2y - 94.0 ) ) * ( 8y * 29.0 ) ) - ( ( 50.0 + ( 16.0 + 6x ) ) * 7y ) ) + ( 34.0 - ( 27.0 * ( ( 78.0 * 6x ) + ( 41.0 * 57.0 ) ) ) ) ) )
ind: 201
( ( 38.0 - ( ( 6y + 4x ) - ( 35.0 - ( 9x * 5y ) ) ) ) * 14.0 )
ind: 202
( ( ( ( 7.0 + 58.0 ) + 37.0 ) + ( 31.0 + 52.0 ) ) + ( ( 9.0 + ( 2x * 9y ) ) + ( ( 6.0 - 10.0 ) + 3y ) ) )
ind: 203
( ( ( 46.0 - ( ( 5x + ( 95.0 + 8y ) ) * 6y ) ) + 3x ) + 18.0 )
ind: 204
( ( 95.0 - ( 5y + ( ( 15.0 * ( 9y + 7x ) ) * ( ( 9x + 18.0 ) * ( 3y * 10y ) ) ) ) ) * 6x )
ind: 205
( ( ( ( 100.0 * ( ( 34.0 - 2x ) * ( 9y - 10x ) ) ) - ( 65.0 - 5x ) ) - 10y ) * ( 92.0 * ( 3y + ( 80.0 + ( ( 8.0 * 8.0 ) - ( 10.0 * 9y ) ) ) ) ) )
ind: 206
( 50.0 + ( ( ( ( 6x - 56.0 ) * ( 4y + 64.0 ) ) + 6x ) - ( ( 6x - 7x ) * 9.0 ) ) )
ind: 207
( 10x + ( ( ( 3x * ( ( 87.0 - 8y ) - 51.0 ) ) * 3x ) - ( 4y - ( 44.0 + ( 6y - 10x ) ) ) ) )
ind: 208
( ( ( ( ( ( 5x - 88.0 ) + 1x ) * ( 9x * 6x ) ) * 8x ) + ( 5x * ( ( ( 8x - 14.0 ) - 8y ) * ( 10y - ( 81.0 + 10y ) ) ) ) ) * ( ( ( ( 27.0 - 1x ) - ( ( 2.0 + 4x ) + ( 62.0 * 8x ) ) ) - 1x ) * 88.0 ) )
ind: 209
( 8y - ( ( 83.0 + ( ( ( 25.0 - 4x ) * 10x ) * 21.0 ) ) * 77.0 ) )
ind: 210
( 1x * 3y )
ind: 211
( 1y * ( ( 54.0 * ( ( ( 2y + 28.0 ) + 65.0 ) - ( 22.0 - ( 8x + 5y ) ) ) ) * ( ( 82.0 - ( ( 6x - 7y ) + 6.0 ) ) * 4y ) ) )
ind: 212
( ( 2y + 74.0 ) * ( 42.0 * 1x ) )
ind: 213
( ( ( ( 7y - ( 82.0 + ( 10y * 2x ) ) ) * 8.0 ) * 87.0 ) - 4y )
ind: 214
( 83.0 + ( ( 8y - ( 8y + 15.0 ) ) - ( 8y - ( ( ( 2y - 6x ) - ( 7x - 5.0 ) ) - 4x ) ) ) )
ind: 215
( ( 4x + ( 9x * ( 4y * 14.0 ) ) ) + 26.0 )
ind: 216
( ( 1x * 5y ) + ( 9y * 2y ) )
ind: 217
( ( ( 26.0 * ( ( ( 48.0 * 60.0 ) + ( 8y - 29.0 ) ) - 30.0 ) ) - ( 44.0 + ( 66.0 * ( 5x + 16.0 ) ) ) ) * ( ( ( 5x * 4y ) - ( ( ( 10x * 8x ) * 1y ) + ( ( 9y * 10x ) - ( 17.0 - 5y ) ) ) ) * ( ( ( ( 50.0 + 8x ) * 7y ) - ( 52.0 - ( 18.0 + 4y ) ) ) + 4x ) ) )
ind: 218
( ( ( 2y * 47.0 ) - ( ( ( 8x + ( 3y + 24.0 ) ) - ( 3x + ( 2x + 87.0 ) ) ) + ( ( 3x * 26.0 ) + ( 3x - ( 1y - 10y ) ) ) ) ) + 6y )
ind: 219
( 79.0 + ( ( ( ( ( 71.0 - 35.0 ) * 3y ) * 65.0 ) + ( 30.0 + 4x ) ) - ( 4x + 56.0 ) ) )
ind: 220
( ( ( ( 5y * 10y ) + ( ( ( 5x - 5y ) + ( 4x * 79.0 ) ) * 95.0 ) ) - ( ( ( ( 2y - 7x ) * 39.0 ) - 3y ) * ( ( 7y - ( 77.0 - 76.0 ) ) - ( 12.0 * 10y ) ) ) ) - ( ( ( 40.0 * ( ( 3x - 2x ) * ( 50.0 - 39.0 ) ) ) + 33.0 ) * 65.0 ) )
ind: 221
( ( 10x - ( 4x - ( ( ( 48.0 + 9y ) + ( 4.0 + 64.0 ) ) + ( 2.0 - ( 9y - 13.0 ) ) ) ) ) - 3x )
ind: 222
( ( ( 7y - ( ( 41.0 - 7x ) * ( ( 9y - 92.0 ) * ( 1y - 74.0 ) ) ) ) * ( 61.0 - ( ( ( 67.0 - 2y ) + ( 7x + 3x ) ) * 62.0 ) ) ) + ( 9x * ( 3.0 * 9x ) ) )
ind: 223
( ( 1y + 1y ) * 10x )
ind: 224
( 42.0 - ( ( ( 96.0 * 97.0 ) * ( 54.0 + 4y ) ) + ( 7x - 62.0 ) ) )
ind: 225
( 9x * ( 37.0 + ( 57.0 - ( ( ( 8y * 98.0 ) - 4x ) + 63.0 ) ) ) )
ind: 226
( ( 6y - ( 6x + 3y ) ) * ( ( 11.0 - 1.0 ) - ( ( ( ( 7x + 3x ) + ( 1y + 72.0 ) ) * ( 43.0 - ( 86.0 * 2x ) ) ) - ( 93.0 - 7x ) ) ) )
ind: 227
( 89.0 + ( ( ( 2y * 51.0 ) + ( ( 3x + 31.0 ) * ( ( 71.0 + 9y ) - 43.0 ) ) ) - ( 2x * 8y ) ) )
ind: 228
( ( ( 97.0 + 8x ) + 1y ) + 21.0 )
ind: 229
( ( 2y * 10y ) * ( 90.0 + ( 2.0 - ( ( 8x + 2x ) * 97.0 ) ) ) )
ind: 230
( ( ( ( 5x - ( ( 21.0 - 26.0 ) + ( 1x - 3x ) ) ) - ( 58.0 * 10x ) ) * 10y ) - 82.0 )
ind: 231
( ( ( ( ( 7y + ( 1x + 1x ) ) - ( 48.0 * ( 75.0 * 10y ) ) ) * 94.0 ) - 2x ) * ( 51.0 - 37.0 ) )
ind: 232
( 1y + ( 78.0 - 9x ) )
ind: 233
( ( 91.0 * ( 23.0 + 1x ) ) * ( 2y + 3y ) )
ind: 234
( 34.0 * ( ( 17.0 * ( ( ( 7x - 7y ) - 5y ) - 59.0 ) ) - 88.0 ) )
ind: 235
( ( ( ( ( ( 5x + 3y ) * ( 7x + 18.0 ) ) + ( 5x - 76.0 ) ) - ( ( 51.0 + 3x ) + ( 65.0 * ( 6x + 98.0 ) ) ) ) + 2x ) * ( ( 5y - 9y ) - ( ( 7x - 8.0 ) - 34.0 ) ) )
ind: 236
( 6y - ( ( ( 3x + 7y ) * 2x ) - ( ( ( ( 6y - 6y ) - ( 54.0 + 17.0 ) ) * 4x ) * ( ( 10x - 6x ) - 8y ) ) ) )
ind: 237
( ( ( 2y * 5y ) + ( 7x - ( 45.0 * ( 6x - ( 72.0 * 10x ) ) ) ) ) - ( ( ( 96.0 * 4y ) * ( ( 27.0 * ( 44.0 * 1.0 ) ) * ( 7y + ( 82.0 + 9y ) ) ) ) + ( 44.0 + 69.0 ) ) )
ind: 238
( ( 83.0 * 83.0 ) + ( ( ( 9x - ( 87.0 - ( 2x + 60.0 ) ) ) + ( ( ( 8x + 68.0 ) + ( 6y + 9x ) ) + ( 9y - ( 25.0 + 57.0 ) ) ) ) + ( ( ( ( 1y - 96.0 ) + ( 58.0 + 13.0 ) ) + ( 10x + 73.0 ) ) - ( 18.0 * 3.0 ) ) ) )
ind: 239
( ( 41.0 + 4x ) + 8y )
ind: 240
( 9y - ( 33.0 + ( ( ( ( 20.0 + 79.0 ) - 6x ) - ( ( 26.0 * 12.0 ) - 1x ) ) * 7x ) ) )
ind: 241
( 62.0 * ( 2x + ( ( ( ( 58.0 - 89.0 ) + ( 2.0 - 3x ) ) + 41.0 ) * ( ( ( 60.0 + 1x ) + 6x ) * ( 8y * 80.0 ) ) ) ) )
ind: 242
( ( ( 9x - ( 7x + 3y ) ) * 7y ) - 10.0 )
ind: 243
( ( 8.0 - ( ( ( 6y + ( 62.0 + 9x ) ) - 10x ) + ( ( ( 7y + 10y ) + ( 6x - 5x ) ) * 7x ) ) ) + 3y )
ind: 244
( ( 39.0 * ( 73.0 - ( ( ( 40.0 - 4.0 ) * ( 72.0 - 48.0 ) ) - ( 2x * ( 21.0 + 15.0 ) ) ) ) ) * ( 4y + ( 54.0 + ( 99.0 * ( ( 1y - 57.0 ) + 10x ) ) ) ) )
ind: 245
( 10y * ( ( ( ( ( 6x * 17.0 ) + ( 6x - 3x ) ) - 45.0 ) - ( ( 4x + ( 26.0 + 9y ) ) - ( ( 8x - 6.0 ) + ( 7y + 10x ) ) ) ) + 4y ) )
ind: 246
( ( 3x * ( 8y - ( 96.0 * ( ( 5x + 83.0 ) - ( 46.0 * 4y ) ) ) ) ) * ( ( ( 48.0 + 1x ) * ( 11.0 * ( ( 76.0 * 67.0 ) + ( 1x * 6y ) ) ) ) + ( 1x + ( 2y - 41.0 ) ) ) )
ind: 247
( ( ( ( 80.0 + 1y ) + ( 77.0 - ( ( 99.0 - 10x ) * ( 68.0 * 10y ) ) ) ) + 24.0 ) - ( 54.0 + ( ( 2y * ( ( 8y + 6x ) * 9x ) ) - ( 3x - 47.0 ) ) ) )
ind: 248
( ( 3y * ( ( 26.0 * ( 32.0 + ( 4x + 4x ) ) ) * 99.0 ) ) * 18.0 )
ind: 249
( 93.0 + ( ( 3x + ( ( 4y - ( 18.0 * 87.0 ) ) + 8y ) ) + 69.0 ) )
ind: 250
( ( ( 44.0 * ( ( ( 14.0 * 9y ) - ( 1y - 4x ) ) * ( 7x + 5x ) ) ) * 59.0 ) + ( ( 3y + 37.0 ) + ( 81.0 + ( ( 93.0 + ( 6y + 7x ) ) + ( ( 78.0 + 2y ) * 46.0 ) ) ) ) )
ind: 251
( ( 7x * ( 53.0 + ( ( ( 27.0 + 43.0 ) - 84.0 ) + ( ( 10y - 70.0 ) * ( 35.0 + 36.0 ) ) ) ) ) + 48.0 )
ind: 252
( ( ( ( ( ( 8.0 + 8y ) + 4x ) + 35.0 ) - ( 24.0 * 5y ) ) - 3x ) * ( 3x + ( ( ( 7y - 33.0 ) * ( ( 10y + 9x ) - ( 3y * 5.0 ) ) ) - 87.0 ) ) )
ind: 253
( ( 27.0 * ( ( ( ( 64.0 + 38.0 ) + 3y ) + ( 3x + ( 10x * 9y ) ) ) * ( 92.0 + ( ( 82.0 - 8x ) + 14.0 ) ) ) ) + ( ( ( ( ( 5x * 76.0 ) - 61.0 ) * ( ( 90.0 * 4x ) * 3x ) ) - ( 28.0 - ( 8.0 * ( 57.0 * 9x ) ) ) ) - ( 83.0 - 89.0 ) ) )
ind: 254
( ( ( ( 10x - 87.0 ) - ( 7x + 77.0 ) ) - ( 51.0 * 7y ) ) - 93.0 )
ind: 255
( 29.0 * ( 6x - ( ( 4y * 42.0 ) - ( ( 1y - 1y ) + 5x ) ) ) )
ind: 256
( ( ( 85.0 - ( ( 82.0 * 4y ) + ( 1y - 29.0 ) ) ) - 48.0 ) + ( ( 5y * 7x ) - 33.0 ) )
ind: 257
( 5y - ( 52.0 + ( 16.0 - ( ( 72.0 - ( 7x * 7y ) ) * 10x ) ) ) )
ind: 258
( ( ( ( 27.0 - ( ( 67.0 + 9x ) + 9x ) ) - 6y ) + ( 1x + ( 16.0 * ( ( 8y + 16.0 ) + 45.0 ) ) ) ) * 68.0 )
ind: 259
( 74.0 + ( ( ( ( ( 10x + 83.0 ) - 19.0 ) * 1x ) + ( 3x * ( ( 4y + 3x ) * ( 1y * 6y ) ) ) ) * 10y ) )
ind: 260
( 5y + ( 4y * ( ( ( 14.0 + ( 5x - 49.0 ) ) + ( 94.0 * ( 1y - 1y ) ) ) * 66.0 ) ) )
ind: 261
( ( 25.0 * ( ( 6.0 - ( ( 86.0 * 77.0 ) + 8y ) ) - ( ( 33.0 + 49.0 ) * 3x ) ) ) + ( 7.0 * 86.0 ) )
ind: 262
( ( ( ( 4.0 + 91.0 ) * 1x ) + ( ( 7y - ( ( 2x - 95.0 ) + ( 9x - 9x ) ) ) - 41.0 ) ) + ( 49.0 * 8y ) )
ind: 263
( 9x + ( 7y - 2y ) )
ind: 264
( ( ( ( ( 10y * 6x ) + 2y ) + 9y ) * ( ( ( 3y * 26.0 ) * ( 8y - ( 45.0 * 10y ) ) ) + ( ( ( 23.0 - 4y ) * ( 19.0 * 8x ) ) + 85.0 ) ) ) - ( 12.0 * ( 30.0 * ( ( ( 2x - 40.0 ) * 15.0 ) * 8.0 ) ) ) )
ind: 265
( 6y - ( 4x * ( ( 10x - 6y ) + ( 58.0 + ( ( 6x - 1x ) - ( 6y - 74.0 ) ) ) ) ) )
ind: 266
( 96.0 * ( ( 38.0 - 7x ) * ( ( ( 5.0 + 7x ) + ( ( 57.0 * 2y ) - ( 6x - 7y ) ) ) * ( ( ( 7x - 59.0 ) + 9y ) - ( ( 3x + 7x ) * ( 42.0 * 10x ) ) ) ) ) )
ind: 267
( ( 4x - 1x ) + ( 5y - ( ( ( 48.0 - ( 8y * 6x ) ) + 9y ) + ( ( 88.0 - ( 45.0 - 4y ) ) + ( ( 4x - 7x ) - 4x ) ) ) ) )
ind: 268
( ( 16.0 + 4x ) + ( ( 10y + 5x ) * ( 6y + ( ( 88.0 + 47.0 ) - 82.0 ) ) ) )
ind: 269
( ( 5y - ( ( ( ( 89.0 * 2.0 ) + 9.0 ) - ( ( 9x * 42.0 ) - 90.0 ) ) + ( 60.0 - 38.0 ) ) ) - ( ( 8x * 4y ) * ( ( 1y * 6x ) * ( ( 10x * 9y ) * 1x ) ) ) )
ind: 270
( ( 1y - 53.0 ) * ( 1y * ( ( 8x + 8y ) + ( ( 73.0 * 44.0 ) - ( ( 1y + 99.0 ) + ( 26.0 - 14.0 ) ) ) ) ) )
ind: 271
( 48.0 * ( 2x - ( 27.0 - 2y ) ) )
ind: 272
( ( 9x - ( ( 2y * 31.0 ) + ( ( 49.0 * 6x ) - ( ( 99.0 * 2x ) - ( 2y + 3y ) ) ) ) ) + ( 57.0 - ( ( 33.0 - ( 9y - 7x ) ) - ( ( 81.0 * 85.0 ) - ( 10x - ( 11.0 + 9x ) ) ) ) ) )
ind: 273
( ( ( 99.0 + 4x ) * 4x ) * 8y )
ind: 274
( ( 8x - ( 6.0 * ( ( 9x * ( 1x + 5y ) ) - 8y ) ) ) - ( 3x * 66.0 ) )
ind: 275
( ( 6y * ( ( 2y * 2x ) * ( 70.0 - 94.0 ) ) ) - 5y )
ind: 276
( ( 14.0 * ( 27.0 - 6.0 ) ) + ( ( 1x - ( 20.0 - ( ( 64.0 + 7y ) * 92.0 ) ) ) * ( ( ( ( 8x - 3x ) - 39.0 ) + ( ( 4y * 95.0 ) - ( 83.0 * 100.0 ) ) ) - 29.0 ) ) )
ind: 277
( ( 64.0 - 4x ) * ( ( 3y - ( ( 48.0 + ( 72.0 * 8.0 ) ) + 10x ) ) * ( 77.0 - ( ( 7x * ( 7y - 3y ) ) - ( ( 9y * 8x ) * 8x ) ) ) ) )
ind: 278
( 1y * ( 24.0 + 4x ) )
ind: 279
( ( ( ( ( ( 92.0 * 9x ) - ( 70.0 * 7.0 ) ) - ( ( 4x - 4x ) + 57.0 ) ) + 24.0 ) + 90.0 ) - ( 10x - ( ( 7.0 + 57.0 ) + ( 11.0 + ( 1y - ( 45.0 + 100.0 ) ) ) ) ) )
ind: 280
( ( 5x * ( 2y + 3x ) ) + ( ( 1y * ( ( ( 6x + 76.0 ) - ( 18.0 + 27.0 ) ) + ( ( 6x - 8x ) * 1y ) ) ) + ( 19.0 + 8y ) ) )
ind: 281
( ( 26.0 + 10y ) + ( ( 86.0 * 50.0 ) * ( ( ( ( 82.0 + 15.0 ) + 4y ) + 7x ) + 10y ) ) )
ind: 282
( ( 4.0 + ( ( ( 92.0 + 15.0 ) - ( 3x + ( 8y * 5y ) ) ) + 41.0 ) ) - ( 8y + 53.0 ) )
ind: 283
( 1x + ( ( 6x + 8y ) * ( ( ( 53.0 * 6.0 ) - 21.0 ) - 9x ) ) )
ind: 284
( 29.0 * ( ( 41.0 + ( ( ( 62.0 + 20.0 ) - ( 31.0 * 6y ) ) + 10y ) ) - ( 2x - 7y ) ) )
ind: 285
( 7y - ( ( ( ( 7y + 2y ) - ( 3x * 50.0 ) ) * ( ( 10x * ( 4y + 84.0 ) ) + 39.0 ) ) + ( 7x * 3y ) ) )
ind: 286
( ( ( ( ( ( 72.0 - 43.0 ) - 67.0 ) * ( 96.0 * ( 9x + 9x ) ) ) + 1.0 ) - ( 5y + 10.0 ) ) + ( ( ( ( ( 9y * 34.0 ) * ( 5y + 81.0 ) ) + 16.0 ) + ( 65.0 * ( ( 26.0 * 6y ) + 3y ) ) ) + ( ( 74.0 + 67.0 ) + ( 6x - 12.0 ) ) ) )
ind: 287
( 3y - ( ( ( 4y * 5y ) * ( 16.0 + ( 4x + 39.0 ) ) ) * 9x ) )
ind: 288
( ( ( ( ( 10x + 76.0 ) + ( ( 12.0 - 60.0 ) * 1.0 ) ) - 3y ) - ( 15.0 * ( ( ( 64.0 + 25.0 ) + ( 9x - 10x ) ) + 3y ) ) ) - 59.0 )
ind: 289
( ( 5x - ( ( ( 3x + ( 16.0 * 84.0 ) ) + 4x ) - 54.0 ) ) - ( ( 9y - ( 10x + 9x ) ) * ( ( 80.0 + 2y ) + 7y ) ) )
ind: 290
( ( ( ( ( 2y - ( 34.0 - 2y ) ) * 10y ) * ( ( 3x + ( 2x + 5x ) ) * 8x ) ) - ( 8y + 21.0 ) ) - ( 4x + ( 4x - 8.0 ) ) )
ind: 291
( 1x * 7y )
ind: 292
( 8.0 * ( ( 24.0 + ( ( ( 5x - 69.0 ) + ( 3y - 9x ) ) + 10y ) ) - ( 1x - ( 91.0 + 10y ) ) ) )
ind: 293
( 6x * ( 2x * 6y ) )
ind: 294
( ( 7.0 + 87.0 ) - ( ( ( 87.0 * ( 3y + ( 8x - 76.0 ) ) ) + ( 65.0 + 4x ) ) - 9x ) )
ind: 295
( ( 58.0 * 5y ) * ( 53.0 * 6x ) )
ind: 296
( 1x + 5y )
ind: 297
( ( ( ( 5x * 93.0 ) * 27.0 ) - ( ( ( ( 70.0 * 9y ) * ( 6x * 4y ) ) + ( ( 56.0 + 28.0 ) - 48.0 ) ) * 21.0 ) ) + 1.0 )
ind: 298
( ( 1.0 - 62.0 ) * ( ( ( ( 9x - ( 3y - 18.0 ) ) - 1x ) * ( ( 6x - ( 43.0 + 30.0 ) ) - 69.0 ) ) * ( 47.0 * 8y ) ) )
ind: 299
( ( ( ( 3y * ( ( 22.0 - 9.0 ) - 4y ) ) * 26.0 ) + 1x ) + 78.0 )
ind: 300
( 6y + 2x )
ind: 301
( ( ( 6x + ( ( 47.0 + 3y ) + ( ( 7x - 22.0 ) * ( 59.0 * 3.0 ) ) ) ) - 6y ) - 22.0 )
ind: 302
( ( 52.0 + 1x ) - ( 10.0 + ( 100.0 * ( ( ( 78.0 - 33.0 ) * 61.0 ) * 4y ) ) ) )
ind: 303
( 99.0 * ( 8y - ( ( ( 38.0 - ( 77.0 * 42.0 ) ) - ( 3y - ( 21.0 + 61.0 ) ) ) * ( 3x + 27.0 ) ) ) )
ind: 304
( ( 31.0 - ( ( 4y - 8y ) - ( ( 33.0 * ( 5x + 45.0 ) ) * ( 7y * ( 60.0 - 58.0 ) ) ) ) ) * ( 1y * 9.0 ) )
ind: 305
( ( ( 10x - 40.0 ) + ( 2y + 2x ) ) + ( 29.0 * 58.0 ) )
ind: 306
( 6x * 5y )
ind: 307
( ( ( ( 39.0 + ( 8x + 18.0 ) ) * ( ( 2y + ( 6y - 9x ) ) * 16.0 ) ) - 7x ) - 27.0 )
ind: 308
( 20.0 + ( 10x + ( 2x * 9y ) ) )
ind: 309
( ( ( ( ( 40.0 - 4y ) - 8x ) * 36.0 ) * ( 53.0 - ( 82.0 * 78.0 ) ) ) + ( ( ( ( ( 10x - 1x ) * 3y ) + 5y ) - 66.0 ) * 57.0 ) )
ind: 310
( 18.0 * ( ( ( 7x - 83.0 ) - ( ( 100.0 + 9y ) + ( 74.0 + 1y ) ) ) * ( ( ( ( 9y - 58.0 ) + ( 10x * 6y ) ) - 96.0 ) * ( 91.0 - 8y ) ) ) )
ind: 311
( 50.0 - ( 7y - ( ( 10.0 + 4x ) * 9x ) ) )
ind: 312
( ( 3y * 4x ) * 4x )
ind: 313
( 3x * ( 2x - ( 6y - ( ( 10x * ( 26.0 + 5y ) ) - ( ( 5x - 26.0 ) - 24.0 ) ) ) ) )
ind: 314
( ( ( ( ( ( 15.0 * 5y ) * ( 1x * 24.0 ) ) + 58.0 ) + 2x ) - 46.0 ) + 6.0 )
ind: 315
( 9y + ( 76.0 * 9x ) )
ind: 316
( 32.0 * ( ( ( ( ( 82.0 + 11.0 ) - 1x ) * 3y ) + 55.0 ) + ( ( ( 42.0 + ( 1y - 7x ) ) * 6x ) + ( 9y - ( 2x + 4y ) ) ) ) )
ind: 317
( ( ( 24.0 - ( ( 1x - 57.0 ) - ( ( 7y - 10y ) - 36.0 ) ) ) - ( ( ( 5y + 6x ) - 3y ) + ( 65.0 + ( ( 20.0 * 2y ) * 37.0 ) ) ) ) * 9y )
ind: 318
( 10x * ( 91.0 - 3y ) )
ind: 319
( ( ( 87.0 + 43.0 ) - ( ( 83.0 - ( 1x + 79.0 ) ) + ( 1y * ( ( 90.0 + 55.0 ) * 1x ) ) ) ) + 86.0 )
ind: 320
( ( 94.0 - ( ( ( 13.0 * 91.0 ) + ( ( 8x - 7x ) * 4x ) ) * ( 23.0 + 4y ) ) ) + ( 8y * 52.0 ) )
ind: 321
( 10x - ( 46.0 + ( 44.0 + 3y ) ) )
ind: 322
( ( ( ( ( ( 69.0 - 42.0 ) * ( 1y - 7x ) ) + 3y ) + 6y ) - 43.0 ) - 5y )
ind: 323
( 7x + 4y )
ind: 324
( ( 71.0 - ( 87.0 * 9x ) ) + ( ( ( ( 6x + ( 8y + 75.0 ) ) - ( ( 30.0 + 73.0 ) + 47.0 ) ) * ( 27.0 - 19.0 ) ) - 60.0 ) )
ind: 325
( ( 10x - 2y ) * ( ( ( ( ( 16.0 - 40.0 ) * 1y ) - 16.0 ) + ( 20.0 + 10x ) ) + ( 4x - 88.0 ) ) )
ind: 326
( ( ( ( ( ( 79.0 * 2y ) - 84.0 ) * ( ( 2.0 - 8y ) * ( 3x * 7y ) ) ) - 7x ) + 72.0 ) * ( 91.0 + ( ( 7x - ( 97.0 * 39.0 ) ) * 9y ) ) )
ind: 327
( ( 24.0 * 10y ) + ( ( 18.0 * ( ( ( 52.0 * 8y ) + ( 74.0 + 2.0 ) ) - 51.0 ) ) + ( 10x * 4y ) ) )
ind: 328
( 10x + 5y )
ind: 329
( ( ( ( ( 1x * ( 9y * 6y ) ) * 94.0 ) - 8x ) + ( 7y - ( 10x + ( ( 93.0 + 3.0 ) - ( 41.0 + 7.0 ) ) ) ) ) + 53.0 )
ind: 330
( ( 1y * 50.0 ) * 2x )
ind: 331
( ( 6x + ( ( 10y * ( ( 12.0 - 7x ) - ( 53.0 + 5x ) ) ) + ( 5x * ( ( 67.0 + 46.0 ) + ( 27.0 - 75.0 ) ) ) ) ) + ( 5y - ( 89.0 - ( ( 6x * 4y ) * 83.0 ) ) ) )
ind: 332
( ( 4x - ( ( ( 90.0 + ( 53.0 - 91.0 ) ) - ( ( 5y + 3x ) * 26.0 ) ) - 54.0 ) ) * 2x )
ind: 333
( 4y * 4x )
ind: 334
( ( 1x + ( ( ( ( 9y + 89.0 ) - 93.0 ) * 78.0 ) + ( ( ( 8x * 8y ) * 9y ) * 23.0 ) ) ) * ( ( 10y + ( ( 7x * ( 52.0 + 5x ) ) - 7x ) ) * ( ( ( ( 26.0 - 48.0 ) - ( 28.0 * 8x ) ) + 62.0 ) - ( ( 8x * ( 74.0 * 56.0 ) ) + ( 9y + 6y ) ) ) ) )
ind: 335
( ( ( 7x - 10y ) + ( 7y + 30.0 ) ) * 55.0 )
ind: 336
( 56.0 - ( 53.0 + ( 2x + ( 10.0 + 7y ) ) ) )
ind: 337
( ( ( 4y * 7y ) - ( 53.0 - ( 2.0 * ( ( 1x + 62.0 ) + 8x ) ) ) ) - ( ( ( ( 4y + ( 4y + 26.0 ) ) * 5x ) - ( 7y * 25.0 ) ) - ( 3y - 58.0 ) ) )
ind: 338
( ( 81.0 - 3x ) * ( 7y - ( ( 7y + ( ( 8x - 32.0 ) - ( 6y - 39.0 ) ) ) - 19.0 ) ) )
ind: 339
( 9x + ( ( 32.0 - ( ( 7x + 2x ) - 97.0 ) ) - ( 77.0 + 9y ) ) )
ind: 340
( 4x * 8y )
ind: 341
( 10y * 4x )
ind: 342
( ( ( ( 62.0 * 44.0 ) * ( ( ( 64.0 * 97.0 ) - 9y ) - 8x ) ) - ( 1x + ( ( ( 85.0 * 84.0 ) * 19.0 ) + ( ( 4y + 1x ) - ( 52.0 + 18.0 ) ) ) ) ) - ( 1x * 25.0 ) )
ind: 343
( 5y - 5x )
ind: 344
( ( ( 7y * ( ( ( 4y + 3x ) * 5y ) - 47.0 ) ) * 8x ) - ( 4y + ( 27.0 - ( ( ( 25.0 - 51.0 ) + ( 51.0 - 31.0 ) ) - ( 4.0 - 4x ) ) ) ) )
ind: 345
( 8y + ( 3x - 4.0 ) )
ind: 346
( ( ( 4y - ( ( ( 27.0 - 44.0 ) + ( 3y * 9x ) ) + 44.0 ) ) + 5x ) - 6y )
ind: 347
( 9x + ( ( ( 7y - ( ( 2y + 2.0 ) * 6x ) ) * 25.0 ) - 10x ) )
ind: 348
( ( 3x * ( ( 5x - ( 89.0 - 9x ) ) - ( 8y * 6y ) ) ) * ( 2y - 28.0 ) )
ind: 349
( ( ( ( 74.0 - ( 30.0 + ( 48.0 * 6y ) ) ) - ( 30.0 + ( ( 2y + 63.0 ) + ( 88.0 + 56.0 ) ) ) ) * ( ( ( 47.0 - 4x ) * 4y ) * 4x ) ) + ( ( 8x - ( 14.0 + 43.0 ) ) + 8y ) )
ind: 350
( ( 8x * 6x ) - ( ( 68.0 * ( ( ( 94.0 * 2y ) + 40.0 ) * ( 10y * ( 38.0 + 9x ) ) ) ) - 3x ) )
ind: 351
( 10y * ( ( ( 16.0 - ( ( 9.0 - 5y ) * 2x ) ) - ( ( 7.0 * ( 66.0 + 10y ) ) + ( ( 60.0 + 22.0 ) + ( 7.0 * 31.0 ) ) ) ) - ( 22.0 + 33.0 ) ) )
ind: 352
( ( 6y - 4x ) + 7x )
ind: 353
( 2y - ( ( 9.0 * 37.0 ) + ( ( 5y * ( 5x * ( 7y * 1x ) ) ) + ( 6x + 33.0 ) ) ) )
ind: 354
( ( ( ( ( 5x - ( 5x - 28.0 ) ) * 10x ) - 3y ) - ( 34.0 - 5x ) ) * 1y )
ind: 355
( ( ( ( 7x + 52.0 ) - ( ( ( 45.0 - 68.0 ) - 37.0 ) - 6x ) ) - 38.0 ) * 9y )
ind: 356
( 20.0 + ( ( ( ( ( 7x - 3.0 ) * ( 98.0 - 19.0 ) ) - ( 65.0 - ( 1x - 86.0 ) ) ) * ( ( ( 58.0 + 2y ) + ( 2y + 10y ) ) + ( ( 36.0 * 10x ) * 9x ) ) ) + ( 38.0 * 13.0 ) ) )
ind: 357
( 50.0 * ( 87.0 - ( 43.0 - ( ( ( 3y * 3x ) + ( 1y - 9x ) ) * 8x ) ) ) )
ind: 358
( ( 7y - ( 6y - 95.0 ) ) * 2x )
ind: 359
( ( ( ( ( ( 33.0 + 4y ) * ( 6x - 17.0 ) ) + 23.0 ) + ( ( ( 8.0 - 59.0 ) + 3y ) * 24.0 ) ) + 4y ) * 70.0 )
ind: 360
( ( 44.0 * 50.0 ) + ( ( 82.0 + ( 18.0 - 72.0 ) ) * ( ( ( ( 99.0 * 71.0 ) + 65.0 ) - 3y ) - 9x ) ) )
ind: 361
( 1x * ( 12.0 - ( 5x + 4y ) ) )
ind: 362
( ( ( 4x + 59.0 ) + 1x ) - ( 26.0 + ( 1y - ( ( 10y * 7x ) * ( ( 46.0 + 7x ) + ( 41.0 - 3.0 ) ) ) ) ) )
ind: 363
( ( 9y + 5y ) - ( 1x + ( ( 9x - 6y ) * 21.0 ) ) )
ind: 364
( ( 9y + ( 4x - ( 80.0 + ( ( 6x + 5y ) - 40.0 ) ) ) ) + ( 3x - 6y ) )
ind: 365
( ( 8x - ( 9y - ( ( ( 4y - 19.0 ) + ( 10y - 48.0 ) ) - ( 1x * 51.0 ) ) ) ) + ( 82.0 * ( 10x * ( ( 6y - ( 3x * 5x ) ) * ( ( 54.0 + 6y ) + 3y ) ) ) ) )
ind: 366
( ( ( 58.0 - ( ( ( 3y - 39.0 ) * 23.0 ) + ( 72.0 + ( 7x * 1y ) ) ) ) - ( 2y * ( 52.0 - ( 36.0 - 30.0 ) ) ) ) + 7y )
ind: 367
( ( ( ( 10y * ( ( 8x - 37.0 ) * ( 7.0 * 11.0 ) ) ) - 10x ) + ( ( 1.0 * ( 61.0 * 5y ) ) - ( 1y * 2y ) ) ) * ( ( ( ( ( 84.0 * 6y ) * ( 1.0 * 27.0 ) ) + ( 69.0 + ( 1y * 5.0 ) ) ) - 3x ) * 20.0 ) )
ind: 368
( 5y - ( ( 25.0 - ( 10y + 3x ) ) - ( 1y - ( ( 10y + ( 45.0 * 4y ) ) - ( ( 5y + 66.0 ) * ( 2y + 27.0 ) ) ) ) ) )
ind: 369
( 9x + ( ( 7y + ( ( 73.0 + ( 87.0 * 3y ) ) - 72.0 ) ) + ( 4y * 6.0 ) ) )
ind: 370
( ( ( 67.0 * 28.0 ) + ( ( ( ( 30.0 * 5x ) + ( 8x + 7x ) ) * 66.0 ) + 5y ) ) * ( ( ( ( 87.0 - 5y ) - 9x ) - 4y ) - 2x ) )
ind: 371
( ( 10x * ( 7x - ( ( ( 7.0 * 6y ) + ( 42.0 * 8y ) ) * ( ( 8x - 79.0 ) - ( 94.0 * 10y ) ) ) ) ) - 8x )
ind: 372
( 9y - ( ( ( ( ( 92.0 - 3x ) - ( 5x + 53.0 ) ) - ( 25.0 - 3y ) ) + ( 8x * 98.0 ) ) * 8y ) )
ind: 373
( ( 8y * ( ( 4x * ( ( 9y * 17.0 ) * 1x ) ) * ( 10y + 2.0 ) ) ) * 96.0 )
ind: 374
( 6x - ( 5y * ( 6.0 - 9y ) ) )
ind: 375
( ( ( ( 6x + 2y ) * 3x ) * ( ( ( 41.0 - ( 4x + 10x ) ) * ( 93.0 - 41.0 ) ) * ( ( ( 21.0 - 6.0 ) * ( 82.0 - 8y ) ) - ( ( 1y + 67.0 ) - ( 26.0 - 44.0 ) ) ) ) ) - 1x )
ind: 376
( ( ( 64.0 * 14.0 ) * ( ( ( 49.0 * ( 5x * 9y ) ) - 8y ) + ( 3y - 2x ) ) ) - ( ( ( ( 1y * ( 10x + 37.0 ) ) + 39.0 ) + ( 6x - 2.0 ) ) - 19.0 ) )
ind: 377
( ( 76.0 * 5y ) - ( ( ( 71.0 * 2x ) * 9x ) - 4y ) )
ind: 378
( ( 9x * 5x ) * ( 9x - ( ( ( ( 19.0 - 9y ) + 6y ) - 3y ) - 3y ) ) )
ind: 379
( ( ( ( ( 5x + ( 2.0 * 2x ) ) - 7x ) * ( 1x - 2.0 ) ) - ( 1y + ( ( 2y - ( 39.0 + 82.0 ) ) * 1y ) ) ) - ( 77.0 + ( 6y * 100.0 ) ) )
ind: 380
( ( 78.0 - ( ( ( 16.0 * ( 25.0 - 3x ) ) * 5y ) + ( ( ( 7x + 3x ) - ( 5y * 8y ) ) * 45.0 ) ) ) - ( ( 79.0 + ( ( 51.0 - ( 6y - 6.0 ) ) * 78.0 ) ) + ( 7y * ( ( ( 8x * 68.0 ) + 3y ) * ( 53.0 + ( 4y + 11.0 ) ) ) ) ) )
ind: 381
( ( 51.0 * ( ( 1x + 25.0 ) - ( ( ( 2y - 8y ) + ( 60.0 * 10x ) ) * ( 4x - 5y ) ) ) ) - 7x )
ind: 382
( ( ( ( 37.0 - 19.0 ) * 50.0 ) - 3x ) + ( ( ( ( ( 71.0 - 63.0 ) * ( 9x - 93.0 ) ) + ( ( 21.0 * 2y ) + 14.0 ) ) - ( ( ( 7y + 9x ) * 9y ) * ( ( 92.0 + 7x ) + ( 2y * 6y ) ) ) ) * ( ( 5x + 8x ) * ( ( ( 4x * 7y ) + ( 1x - 4y ) ) + 29.0 ) ) ) )
ind: 383
( 7x * ( ( 93.0 * 4x ) + ( ( 2.0 - 1y ) + ( ( 82.0 + ( 8y + 84.0 ) ) * ( ( 23.0 * 25.0 ) + 7x ) ) ) ) )
ind: 384
( ( 8x + 3y ) + 6x )
ind: 385
( ( 2x - 1y ) - ( ( ( ( ( 22.0 - 8y ) - ( 6x * 1y ) ) + ( 10x - 13.0 ) ) + ( 88.0 + 59.0 ) ) - ( 29.0 * 10y ) ) )
ind: 386
( 8x + 9y )
ind: 387
( 3.0 - ( ( ( ( 9.0 + ( 9x * 64.0 ) ) * 3y ) - ( 9x * 6x ) ) * 1x ) )
ind: 388
( ( ( 36.0 + 59.0 ) * 8y ) - ( 9x - 73.0 ) )
ind: 389
( 1y * ( ( ( 2x * ( ( 5x * 8x ) * ( 44.0 * 34.0 ) ) ) * 2y ) - ( ( ( ( 61.0 - 67.0 ) - ( 69.0 - 82.0 ) ) * 6y ) + ( ( ( 8y - 41.0 ) + 6y ) * ( ( 7x + 1y ) - ( 3.0 + 91.0 ) ) ) ) ) )
ind: 390
( ( ( ( 65.0 + ( 3x - 89.0 ) ) + ( ( 6y * ( 26.0 + 6x ) ) + 93.0 ) ) * 34.0 ) + ( 65.0 + ( 1y - ( 16.0 - ( ( 46.0 - 94.0 ) + 20.0 ) ) ) ) )
ind: 391
( ( 2y + 1x ) - 6.0 )
ind: 392
( ( ( 3y + ( ( 21.0 + 7y ) - 8x ) ) * ( 46.0 + ( ( 9y - ( 8.0 - 4x ) ) - 96.0 ) ) ) + 2y )
ind: 393
( 10y + ( ( 10y + ( 10y + 2y ) ) - ( ( ( ( 3x + 72.0 ) + ( 9y - 5y ) ) + ( 20.0 + 6y ) ) + ( ( ( 8x - 4x ) - 2x ) * 10x ) ) ) )
ind: 394
( ( 6x - ( 91.0 - ( ( 7y - ( 61.0 + 93.0 ) ) - 67.0 ) ) ) * ( 3y - ( 55.0 + ( 39.0 - ( 1y + 9y ) ) ) ) )
ind: 395
( ( 7x - ( 2.0 + ( 9y - ( 2y + ( 3y + 6x ) ) ) ) ) * 1x )
ind: 396
( ( ( 9x - ( ( 13.0 * 8x ) * ( 1x - ( 10y - 2y ) ) ) ) - ( 5x * 40.0 ) ) - 1x )
ind: 397
( 50.0 + ( ( ( 53.0 * 6y ) + 18.0 ) * ( ( ( ( 6x * 30.0 ) - ( 93.0 + 19.0 ) ) - ( 22.0 * ( 84.0 + 8y ) ) ) - 23.0 ) ) )
ind: 398
( 65.0 - ( ( ( 8y * ( 50.0 * 5x ) ) - ( ( 57.0 * ( 2y + 5y ) ) + 4y ) ) + 31.0 ) )
ind: 399
( 40.0 * ( 37.0 - ( 9x + ( 94.0 + ( ( 55.0 + 54.0 ) * ( 10y + 34.0 ) ) ) ) ) )
ind: 400
( 3y * 3x )
ind: 401
( ( ( ( ( 6y - ( 3y * 1y ) ) - ( 1x * 6.0 ) ) - ( ( 2y + ( 84.0 + 2.0 ) ) + ( 2y + ( 50.0 * 27.0 ) ) ) ) + ( ( ( 88.0 * ( 7y * 3x ) ) - 8.0 ) + 4y ) ) + 82.0 )
ind: 402
( ( ( ( 2y + 3x ) - ( ( 1.0 * 53.0 ) + 6y ) ) - 1x ) + 97.0 )
ind: 403
( 3y * 7x )
ind: 404
( ( 77.0 - ( ( 2y * ( ( 43.0 * 3.0 ) * ( 9x + 2y ) ) ) + ( 1x - 1x ) ) ) + ( 8x * 5x ) )
ind: 405
( ( 7y - ( 69.0 - ( ( ( 65.0 + 7y ) - ( 3y * 51.0 ) ) + ( ( 52.0 + 7.0 ) + 31.0 ) ) ) ) - 7x )
ind: 406
( ( 3x - 4y ) * ( ( 78.0 - 1x ) - ( 67.0 * 39.0 ) ) )
ind: 407
( 80.0 - ( 7y * ( 34.0 * ( ( 78.0 + 50.0 ) + ( 7y + ( 8y - 7x ) ) ) ) ) )
ind: 408
( ( 91.0 - ( 4x * ( ( ( 7x * 1x ) + ( 14.0 * 10y ) ) - ( ( 4x + 15.0 ) * ( 2y * 7x ) ) ) ) ) - ( ( ( ( ( 90.0 - 70.0 ) + ( 4x - 63.0 ) ) * ( 70.0 + 27.0 ) ) * 7y ) * ( 2y + ( 10y - ( ( 9y * 4y ) * ( 29.0 * 35.0 ) ) ) ) ) )
ind: 409
( ( ( ( ( 10y * ( 93.0 * 2y ) ) + 78.0 ) * ( 90.0 + ( ( 17.0 + 9x ) + 5x ) ) ) + ( 26.0 + ( 96.0 * 27.0 ) ) ) + ( 33.0 - 9x ) )
ind: 410
( ( 6y + ( 5y + ( 68.0 * 4y ) ) ) - ( ( ( 71.0 * ( ( 7x - 59.0 ) - 57.0 ) ) - ( ( ( 9x * 30.0 ) - ( 82.0 - 10y ) ) - 62.0 ) ) * 57.0 ) )
ind: 411
( ( ( 7.0 + ( 14.0 * 11.0 ) ) - ( ( ( 94.0 - 54.0 ) - ( ( 1y - 8.0 ) * ( 8x - 3x ) ) ) * 95.0 ) ) * ( ( ( ( ( 2y - 26.0 ) - ( 64.0 - 29.0 ) ) - ( 5y * ( 11.0 + 73.0 ) ) ) + 95.0 ) * ( 7.0 - ( ( 43.0 + 10x ) * ( ( 4y - 6y ) - 32.0 ) ) ) ) )
ind: 412
( ( 34.0 + ( ( 3y - ( 3x * ( 95.0 * 57.0 ) ) ) + 93.0 ) ) - 11.0 )
ind: 413
( ( 2y + ( ( ( ( 98.0 - 95.0 ) * 2y ) * ( ( 31.0 - 14.0 ) - ( 10x * 60.0 ) ) ) * 7x ) ) + 10y )
ind: 414
( ( 9x + ( ( ( ( 3y - 28.0 ) * 22.0 ) * ( 5y - 7y ) ) - ( 9y * ( ( 19.0 + 17.0 ) * ( 29.0 + 8y ) ) ) ) ) * ( 66.0 - 7y ) )
ind: 415
( ( ( ( 7x + 6x ) - ( ( 5x * ( 8.0 - 70.0 ) ) * 81.0 ) ) * 15.0 ) - ( ( 8x - ( ( ( 7x - 50.0 ) * 76.0 ) - 6y ) ) * 31.0 ) )
ind: 416
( ( ( ( ( 9y - 2x ) - 25.0 ) - 10y ) - ( 4.0 - ( 6x - ( 55.0 * ( 1x + 7x ) ) ) ) ) + ( ( ( ( 10x - 7x ) * ( ( 7x * 97.0 ) + 10x ) ) + 1y ) + ( ( 10x * 2y ) - ( ( ( 100.0 - 92.0 ) + 2x ) - 9x ) ) ) )
ind: 417
( ( 87.0 + ( ( ( 9y - ( 2x * 68.0 ) ) - ( 64.0 - ( 4y + 9y ) ) ) - 1y ) ) * ( ( ( 4x - 60.0 ) + 82.0 ) * 8x ) )
ind: 418
( ( 10y - ( ( ( 8y + 9.0 ) * ( 91.0 * 45.0 ) ) * 54.0 ) ) - ( ( 96.0 * ( ( ( 78.0 + 17.0 ) * ( 62.0 - 2y ) ) - 2y ) ) - ( ( 4x - ( 4x - ( 44.0 * 15.0 ) ) ) * ( 56.0 + 3x ) ) ) )
ind: 419
( ( ( ( 9y * ( ( 84.0 + 4x ) + 18.0 ) ) + ( ( 83.0 + ( 3x * 53.0 ) ) * 7x ) ) - 9y ) * 1.0 )
ind: 420
( 39.0 + ( ( 4x * 3x ) + ( ( 60.0 + 4y ) - ( 2x * ( 8.0 * ( 9y + 7y ) ) ) ) ) )
ind: 421
( ( ( 2y + ( ( ( 2x * 36.0 ) + 7y ) * 22.0 ) ) * 5x ) + 77.0 )
ind: 422
( ( 6y - ( 19.0 + ( 38.0 - 31.0 ) ) ) + ( ( ( 81.0 - ( ( 8y + 93.0 ) * ( 27.0 * 23.0 ) ) ) + ( 9x + ( 50.0 * ( 74.0 * 3y ) ) ) ) + 10y ) )
ind: 423
( ( ( ( 54.0 - ( ( 8y + 59.0 ) * ( 7y - 29.0 ) ) ) * 10x ) - ( ( 6x + 7y ) - 1x ) ) + ( 3y + ( ( 7y + 6x ) - ( 56.0 + 69.0 ) ) ) )
ind: 424
( ( 9y * 9y ) - ( 43.0 + ( 36.0 + ( ( 10x * 73.0 ) - 9y ) ) ) )
ind: 425
( 7x * 1y )
ind: 426
( ( ( ( ( 7x * ( 8x - 5x ) ) + ( ( 4x + 26.0 ) + 5x ) ) - ( ( ( 9x + 2x ) - 74.0 ) - ( ( 4x - 4y ) + ( 8x * 6y ) ) ) ) - 9y ) * ( 73.0 + 2.0 ) )
ind: 427
( 1y + ( ( ( ( ( 1y - 3x ) + 21.0 ) - 18.0 ) + ( ( 29.0 * ( 5y - 6x ) ) + 9y ) ) + ( 77.0 + ( ( ( 5x - 43.0 ) + 15.0 ) * ( 99.0 + 13.0 ) ) ) ) )
ind: 428
( ( ( ( ( 82.0 + ( 8x - 1x ) ) * ( 68.0 * ( 8x - 3y ) ) ) - 2x ) - ( ( ( ( 6x * 4x ) * 29.0 ) * ( 2y * 53.0 ) ) - 1x ) ) * 5.0 )
ind: 429
( ( 4x * ( 4.0 * ( 5y * ( ( 1y - 34.0 ) + 70.0 ) ) ) ) + 10x )
ind: 430
( 72.0 - ( ( ( ( 7y * ( 13.0 - 56.0 ) ) - 95.0 ) - ( 3x - 10x ) ) - ( 43.0 - ( ( ( 8.0 - 17.0 ) * ( 9x + 6y ) ) * 7y ) ) ) )
ind: 431
( ( ( ( ( 8x + ( 7y - 2x ) ) + ( 48.0 + 3x ) ) + ( 1x - 6x ) ) + ( ( ( ( 67.0 + 21.0 ) - 65.0 ) + 3x ) - ( ( 3.0 - ( 39.0 - 44.0 ) ) * ( ( 4x - 4x ) - 3x ) ) ) ) * ( 3y * 2x ) )
ind: 432
( 83.0 + ( 76.0 - ( ( 82.0 + 8x ) * ( ( ( 6x + 5y ) * ( 65.0 * 5y ) ) - ( ( 3y * 14.0 ) - ( 59.0 - 76.0 ) ) ) ) ) )
ind: 433
( ( ( ( 10y - 8x ) * ( 26.0 * 8x ) ) + 8x ) + 3x )
ind: 434
( ( 2y - 2y ) + ( 10x - ( ( ( ( 9y + 2.0 ) * ( 23.0 * 37.0 ) ) - ( ( 96.0 + 52.0 ) * 35.0 ) ) * ( ( ( 3.0 + 85.0 ) * ( 23.0 + 74.0 ) ) * 62.0 ) ) ) )
ind: 435
( ( ( ( 3y * 7y ) + 8.0 ) * ( 22.0 - 1y ) ) * ( ( 9y * 8x ) * 3x ) )
ind: 436
( ( 30.0 * ( 20.0 + ( ( ( 4x - 95.0 ) + 6x ) - ( ( 52.0 * 41.0 ) - 5y ) ) ) ) - ( 3y + ( ( ( 6y + ( 2x * 5x ) ) * 9y ) + 9y ) ) )
ind: 437
( ( 46.0 * 54.0 ) * ( ( 3x - 3y ) - 41.0 ) )
ind: 438
( ( ( 80.0 + ( ( 55.0 - ( 80.0 - 82.0 ) ) + 95.0 ) ) * 99.0 ) * ( ( 5x * ( 4y * ( ( 54.0 - 85.0 ) - ( 6y + 10y ) ) ) ) + 17.0 ) )
ind: 439
( ( 10x - ( ( ( ( 62.0 + 87.0 ) * 20.0 ) - 13.0 ) - ( ( 5x + 7y ) + ( ( 27.0 - 1x ) - ( 6y * 35.0 ) ) ) ) ) * 4y )
ind: 440
( ( 43.0 * ( ( 9y - 9x ) * 87.0 ) ) * 10x )
ind: 441
( ( 39.0 - ( ( ( 46.0 + 3y ) + 7x ) - 5x ) ) * ( ( 8x - ( 10.0 - 6x ) ) - 84.0 ) )
ind: 442
( 4y - ( ( 4x - 55.0 ) + 3.0 ) )
ind: 443
( ( ( 5y * 9x ) - 4y ) * ( ( 7x * 33.0 ) + ( 59.0 - 3x ) ) )
ind: 444
( 2x * ( 90.0 - 9y ) )
ind: 445
( ( ( ( ( 25.0 + 6y ) * 76.0 ) + 65.0 ) + 10x ) * ( ( ( 18.0 - 38.0 ) + ( ( ( 42.0 + 7y ) + 36.0 ) * 28.0 ) ) + ( 6y + ( ( ( 4x + 97.0 ) + 7x ) + 4x ) ) ) )
ind: 446
( ( ( 8y - 2x ) * 5x ) * ( 99.0 * ( 2y * ( 12.0 + ( ( 84.0 + 90.0 ) - 6x ) ) ) ) )
ind: 447
( ( ( 7x + ( ( ( 3x + 86.0 ) + 83.0 ) + 9y ) ) - ( 5x + ( 1y + ( ( 10x * 55.0 ) - ( 1x + 22.0 ) ) ) ) ) - ( 10.0 - ( ( ( 1y - 2y ) * 39.0 ) + 3y ) ) )
ind: 448
( ( 6y + ( 2y - 3x ) ) * 2y )
ind: 449
( ( ( ( 31.0 - 17.0 ) * ( ( ( 5y - 2y ) * ( 30.0 - 96.0 ) ) - ( ( 4x * 8x ) + 6x ) ) ) + 1x ) * 3y )
ind: 450
( ( 2y * 10x ) + ( 7y + 97.0 ) )
ind: 451
( ( ( 3.0 - 57.0 ) - ( ( ( ( 42.0 + 71.0 ) * 4y ) * 10y ) * 4x ) ) + 55.0 )
ind: 452
( ( ( 76.0 * ( ( 9y - 60.0 ) * 4y ) ) + ( 3y - 7y ) ) * ( 2y - ( ( 10x + ( ( 9y - 91.0 ) - 24.0 ) ) * ( ( 6x * 10x ) * ( ( 5y * 68.0 ) * ( 54.0 * 79.0 ) ) ) ) ) )
ind: 453
( ( 10y + ( 85.0 * 8x ) ) * ( 79.0 - 7y ) )
ind: 454
( ( 24.0 + ( 4x * ( 7x - ( 55.0 - ( 7x * 81.0 ) ) ) ) ) - ( ( 38.0 - ( 1y - ( ( 94.0 * 8y ) * ( 26.0 * 75.0 ) ) ) ) + 96.0 ) )
ind: 455
( 27.0 * ( 9y + 1x ) )
ind: 456
( 2x - ( ( 12.0 * ( 87.0 * 8x ) ) + ( ( 48.0 * ( 69.0 + 2y ) ) * 10y ) ) )
ind: 457
( 12.0 - ( 6y * ( ( ( 2y + 2y ) + ( ( 9y + 10x ) - 10.0 ) ) + ( 1y + 2x ) ) ) )
ind: 458
( ( ( 3x * ( 1y - 4y ) ) * ( ( 43.0 + ( 38.0 - 9y ) ) + ( 2.0 + 4x ) ) ) + ( 5.0 - ( 7y - 8y ) ) )
ind: 459
( ( ( 7x * 3y ) * ( ( 85.0 * ( ( 84.0 - 78.0 ) * 2x ) ) - ( ( ( 2x * 88.0 ) * 58.0 ) + 58.0 ) ) ) * ( ( ( 12.0 * 5x ) * 6.0 ) - 3x ) )
ind: 460
( ( 6y * ( ( 3.0 - ( 81.0 * ( 9.0 - 3y ) ) ) - ( 3x - 4x ) ) ) - 25.0 )
ind: 461
( 43.0 - ( 2x - ( ( 2x - ( ( 8x - 58.0 ) * ( 6.0 - 55.0 ) ) ) * ( 8y - ( ( 11.0 * 10x ) + 31.0 ) ) ) ) )
ind: 462
( 83.0 - ( ( 6y + ( 14.0 * ( 29.0 - ( 9y + 6x ) ) ) ) + 9y ) )
ind: 463
( ( ( ( 57.0 + ( ( 2x + 6y ) + ( 4x + 77.0 ) ) ) - 7y ) - ( ( 20.0 * 61.0 ) * 1x ) ) * 60.0 )
ind: 464
( 5y + ( ( 79.0 - ( 17.0 - ( 92.0 - ( 6x + 35.0 ) ) ) ) + ( ( ( 32.0 - ( 7y - 78.0 ) ) * 5x ) + ( ( ( 3y - 9y ) - ( 99.0 + 59.0 ) ) * 31.0 ) ) ) )
ind: 465
( ( ( 69.0 * 54.0 ) - 7x ) - ( 29.0 + ( 2x - ( ( 6x - 5y ) + 51.0 ) ) ) )
ind: 466
( ( 81.0 + ( ( 6y - ( ( 6x + 95.0 ) - ( 2x - 3x ) ) ) - ( ( ( 4x * 4x ) - ( 51.0 * 50.0 ) ) - 9x ) ) ) - 25.0 )
ind: 467
( ( 80.0 + 40.0 ) * ( ( ( ( ( 6x * 66.0 ) + ( 9x + 30.0 ) ) - ( 37.0 * 9y ) ) * 4x ) + 3x ) )
ind: 468
( ( ( ( 7y - ( ( 73.0 * 60.0 ) - ( 10x * 96.0 ) ) ) + ( 82.0 * 48.0 ) ) * 1x ) + ( 16.0 * ( ( ( ( 94.0 * 7y ) + 10x ) * 8x ) * ( ( 8y + ( 4y - 10y ) ) * 87.0 ) ) ) )
ind: 469
( ( ( ( 16.0 + 4x ) * 86.0 ) * 38.0 ) * 8y )
ind: 470
( ( ( ( 8x - 2.0 ) + ( 2x - 71.0 ) ) - ( ( 3y + 11.0 ) * 4y ) ) - ( ( ( ( 55.0 * 1x ) + 3x ) + ( 27.0 + 1y ) ) - 5y ) )
ind: 471
( ( 7y + 3y ) - ( ( 56.0 - ( ( ( 86.0 - 54.0 ) + 1y ) - ( 9x + 1x ) ) ) + 19.0 ) )
ind: 472
( ( ( 88.0 * ( 10x - ( 6x + 7y ) ) ) * 6y ) - ( 5x * ( 5x * ( 4x * ( 9x - ( 7x - 42.0 ) ) ) ) ) )
ind: 473
( 71.0 * ( ( ( ( 8x * 31.0 ) * 7x ) - ( 5y * 8y ) ) + ( ( 15.0 - ( 4x + 54.0 ) ) + ( 61.0 - 57.0 ) ) ) )
ind: 474
( ( ( 68.0 + ( 76.0 + 6y ) ) * ( 19.0 * ( ( ( 2x * 25.0 ) - 45.0 ) + 7x ) ) ) - 99.0 )
ind: 475
( ( 8x + ( 84.0 * ( ( ( 6y - 32.0 ) - ( 90.0 + 9x ) ) * 1y ) ) ) * 54.0 )
ind: 476
( ( ( ( 5x * ( ( 39.0 * 18.0 ) + 4x ) ) - ( 8y * ( 6x - ( 38.0 + 33.0 ) ) ) ) * ( 88.0 + ( ( 4x * ( 5y - 4x ) ) * 37.0 ) ) ) * 32.0 )
ind: 477
( ( 1x + 7y ) + ( ( ( 34.0 + ( ( 9y * 5y ) + ( 4x * 44.0 ) ) ) + ( ( ( 78.0 * 1x ) - 66.0 ) * ( 61.0 + 67.0 ) ) ) - ( 5x * ( ( 82.0 * ( 8x - 80.0 ) ) + ( ( 38.0 - 6x ) + ( 10x + 83.0 ) ) ) ) ) )
ind: 478
( ( 9y * 1x ) * ( ( 95.0 - 1y ) * ( ( 87.0 - ( ( 6y * 12.0 ) + 1x ) ) - ( ( 61.0 - ( 89.0 * 6y ) ) + 23.0 ) ) ) )
ind: 479
( ( ( ( ( ( 43.0 * 66.0 ) * ( 8x + 89.0 ) ) + ( ( 4y - 5x ) + 9y ) ) + 2y ) + 1y ) + ( 6x * ( 3y * ( ( 41.0 + ( 10y * 10y ) ) - 98.0 ) ) ) )
ind: 480
( ( 1x - 3y ) * ( 14.0 * ( ( ( ( 24.0 + 99.0 ) * ( 3y + 5y ) ) * 2x ) * 7.0 ) ) )
ind: 481
( ( ( 48.0 - ( 10x + 37.0 ) ) * ( 2x * 3y ) ) - 12.0 )
ind: 482
( ( ( ( ( ( 9.0 + 7x ) + ( 8x * 4x ) ) * 89.0 ) + ( ( ( 10x * 58.0 ) * ( 60.0 + 5x ) ) - ( 2x + 7y ) ) ) * ( 1y * ( ( ( 9x + 5.0 ) - ( 1x * 8y ) ) * 2y ) ) ) + 4x )
ind: 483
( 2y - ( 42.0 - ( 4x * ( ( ( 9x - 8y ) + 45.0 ) - ( ( 38.0 + 8y ) - 77.0 ) ) ) ) )
ind: 484
( ( 41.0 + 8x ) - ( ( ( 3x * 79.0 ) + ( 1x + 6x ) ) * ( 45.0 - 6y ) ) )
ind: 485
( ( ( ( ( 1x + ( 70.0 + 28.0 ) ) + ( 2y - ( 3y * 5y ) ) ) + 55.0 ) + ( ( ( 9x - 5x ) + 6x ) * ( 3y * 5y ) ) ) - 35.0 )
ind: 486
( 5y + ( ( ( ( 15.0 - ( 30.0 + 8x ) ) + 27.0 ) - ( 9y + ( 10y + 53.0 ) ) ) * 86.0 ) )
ind: 487
( ( ( ( 2x * ( ( 1.0 + 95.0 ) * 5x ) ) + 5y ) * ( ( 1x - ( 6x + ( 66.0 + 100.0 ) ) ) + 11.0 ) ) - ( 83.0 + ( ( 5x - 6x ) * 14.0 ) ) )
ind: 488
( ( ( ( 72.0 - ( ( 70.0 * 6x ) * 20.0 ) ) - 3.0 ) + 9.0 ) * ( ( ( ( ( 92.0 - 7y ) - 97.0 ) - 6y ) + ( ( ( 7x + 55.0 ) - 10.0 ) - 7y ) ) - ( ( ( ( 7y + 66.0 ) * 33.0 ) - ( 68.0 - 6x ) ) + 2x ) ) )
ind: 489
( 6x * ( 7.0 * 3y ) )
ind: 490
( ( 3x + ( 2x * 7y ) ) + 5y )
ind: 491
( ( ( 2.0 - 62.0 ) + ( ( ( 96.0 * 7x ) - ( ( 99.0 + 10.0 ) + ( 19.0 + 5y ) ) ) * ( ( 37.0 + ( 39.0 * 3x ) ) + 54.0 ) ) ) + ( 57.0 * 9x ) )
ind: 492
( ( 87.0 - 2y ) * ( 10y * ( 6x - ( 86.0 - ( ( 44.0 + 4x ) - ( 29.0 - 41.0 ) ) ) ) ) )
ind: 493
( ( ( 6x - ( 95.0 - 4x ) ) - ( ( 9x + ( ( 6y + 18.0 ) - 25.0 ) ) * ( 1.0 - ( ( 87.0 + 6y ) + 3x ) ) ) ) - ( ( ( 3y + ( ( 3y - 29.0 ) - ( 8y + 4y ) ) ) - 77.0 ) + ( ( 9x - 36.0 ) - 4x ) ) )
ind: 494
( ( 7x * 79.0 ) + ( ( 3y - 80.0 ) - ( ( 1y - ( ( 5y - 57.0 ) * ( 68.0 * 43.0 ) ) ) + ( 1x + 13.0 ) ) ) )
ind: 495
( 6x * 6y )
ind: 496
( ( ( ( ( ( 6x - 11.0 ) + ( 5y * 76.0 ) ) + 21.0 ) - ( ( ( 65.0 * 2y ) - ( 71.0 - 88.0 ) ) + 63.0 ) ) + 53.0 ) - 93.0 )
ind: 497
( 10y * ( ( ( ( ( 53.0 + 9x ) - 4y ) - ( 9y + 84.0 ) ) * 89.0 ) * 7x ) )
ind: 498
( ( 1y + ( ( ( ( 98.0 * 67.0 ) + ( 70.0 * 58.0 ) ) + 17.0 ) + ( ( 53.0 + 99.0 ) * 27.0 ) ) ) * ( 71.0 * ( ( ( 4x * 5x ) + 78.0 ) - 9y ) ) )
ind: 499
( 3x - ( 7x - ( ( ( 95.0 * ( 44.0 + 6y ) ) * 4x ) * 2y ) ) )
ind: 500
( ( 8x - 10y ) + 3y )
Best Ind: ( ( ( 53.0 + 6.0 ) * ( 9y - ( ( 83.0 * ( 5.0 + 10y ) ) * ( 19.0 + ( 9y - 10x ) ) ) ) ) - 1x )
Fitness = 13.02
Worst Ind: ( ( ( 42.0 - ( 53.0 * ( ( 65.0 * 47.0 ) * ( 45.0 + 7y ) ) ) ) + 9y ) * ( 5y * ( ( 82.0 * ( ( 5x - 79.0 ) * ( 4y * 98.0 ) ) ) + 10x ) ) )
Fitness = 1.11129832066e+15
Avg Fitness = 2.30228022071e+12
Duplicated = 0
============================================================================
Evaluate Gen  1
New Population 756
Better than Dads 66
Best Ind: ( ( ( 53.0 + 6.0 ) * ( 9y - ( ( 83.0 * ( 5.0 + 10y ) ) * ( 19.0 + ( 9y - 10x ) ) ) ) ) - 1x )
Fitness = 13.02
Worst Ind: ( ( ( ( ( 1x * ( 77.0 * 11.0 ) ) + ( 77.0 - ( 18.0 - 7y ) ) ) + 9.0 ) * 6y ) * 7x )
Fitness = 73233.1940409
Avg Fitness = 7891.41472437
Duplicated = 6
============================================================================
Evaluate Gen  2
New Population 785
Better than Dads 83
Best Ind: ( ( ( 53.0 + 6.0 ) * ( 9y - ( ( 83.0 * ( 5.0 + 10y ) ) * ( 19.0 + ( 9y - 10x ) ) ) ) ) - 1x )
Fitness = 13.02
Worst Ind: ( ( ( 28.0 * 8.0 ) * ( 5x * 72.0 ) ) - ( ( ( ( 8y + 98.0 ) + 6x ) - ( ( ( 9x * 7y ) * ( 7x - 21.0 ) ) - 10y ) ) - 100.0 ) )
Fitness = 5000.0
Avg Fitness = 1582.24543063
Duplicated = 7
============================================================================
Evaluate Gen  3
New Population 787
Better than Dads 96
Best Ind: ( ( ( 53.0 + 6.0 ) * ( 9y - ( ( 83.0 * ( 5.0 + 10y ) ) * ( 19.0 + ( 9y - 10x ) ) ) ) ) - 1x )
Fitness = 13.02
Worst Ind: ( ( ( ( 4.0 + 91.0 ) * 1x ) + ( ( 7y - ( ( 2x - 95.0 ) + ( 9x - 9x ) ) ) - 41.0 ) ) + 1x )
Fitness = 2166.88
Avg Fitness = 562.493737271
Duplicated = 22
============================================================================
Evaluate Gen  4
New Population 807
Better than Dads 97
Best Ind: ( ( ( 53.0 + 6.0 ) * ( 9y - ( ( 83.0 * ( 5.0 + 10y ) ) * ( 19.0 + ( 9y - 10x ) ) ) ) ) - 1x )
Fitness = 13.02
Worst Ind: ( ( 10x - 5x ) + ( ( 2x * 8y ) - ( ( ( 41.0 - 9.0 ) - ( 11.0 - ( 7x * 4x ) ) ) * 8y ) ) )
Fitness = 520.068192
Avg Fitness = 199.481813349
Duplicated = 42
============================================================================
Evaluate Gen  5
New Population 809
Better than Dads 100
Best Ind: ( 2y - ( 2x - ( 1x * ( 6x - 2x ) ) ) )
Fitness = 8.8808
Worst Ind: ( ( ( ( 9x - ( 5x * 2y ) ) - ( 6x - 1y ) ) + 47.0 ) - ( 8x - ( 5y + 5y ) ) )
Fitness = 225.579723675
Avg Fitness = 126.709352433
Duplicated = 59
============================================================================
Evaluate Gen  6
New Population 815
Better than Dads 103
Best Ind: ( 2y - ( 2x - ( 1x * ( 6x - 2x ) ) ) )
Fitness = 8.8808
Worst Ind: ( ( 9.0 * ( 8x + ( ( 59.0 * 4x ) + 66.0 ) ) ) - ( 2x - ( ( 6y * 6x ) * ( 6x - 2x ) ) ) )
Fitness = 146.239776
Avg Fitness = 96.6302669431
Duplicated = 64
============================================================================
Evaluate Gen  7
New Population 794
Better than Dads 75
Best Ind: ( 2y - ( 2x - ( 1x * ( 6x - 2x ) ) ) )
Fitness = 8.8808
Worst Ind: ( ( 6y * ( ( 2y * 2x ) * ( 70.0 - 94.0 ) ) ) - 5y )
Fitness = 112.789861837
Avg Fitness = 82.3708938703
Duplicated = 69
============================================================================
Evaluate Gen  8
New Population 810
Better than Dads 86
Best Ind: ( 2y - ( 2x - ( 1x * ( 6x - 2x ) ) ) )
Fitness = 8.8808
Worst Ind: ( 2y - ( 1y - 7x ) )
Fitness = 91.14
Avg Fitness = 71.668222875
Duplicated = 81
============================================================================
Evaluate Gen  9
New Population 811
Better than Dads 79
Best Ind: ( 2y - ( 2x - ( 1x * ( 6x - 2x ) ) ) )
Fitness = 8.8808
Worst Ind: ( ( 76.0 * 5y ) - ( ( ( 5y - 3x ) * 9x ) - 4y ) )
Fitness = 90.2318894698
Avg Fitness = 62.7781969961
Duplicated = 82
============================================================================
Evaluate Gen  10
New Population 823
Better than Dads 93
Best Ind: ( 2y - ( 2x - ( 1x * ( 6x - 2x ) ) ) )
Fitness = 8.8808
Worst Ind: ( 9x - ( ( 3y * 4x ) + 2x ) )
Fitness = 70.3248
Avg Fitness = 51.0211054761
Duplicated = 88
============================================================================
Evaluate Gen  11
New Population 820
Better than Dads 91
Best Ind: ( ( ( 10x * 32.0 ) - ( ( ( ( 14.0 * 8x ) * ( 25.0 * 7x ) ) - ( 84.0 + 90.0 ) ) + ( ( ( 15.0 + 6x ) * 8y ) * 75.0 ) ) ) - ( ( 1x * 5x ) * 1x ) )
Fitness = 8.52804
Worst Ind: ( ( ( ( ( 1y + 3x ) + ( 5y + 10y ) ) * ( 58.0 * 90.0 ) ) - ( 93.0 - 10x ) ) - ( 5y - ( 5x * 2y ) ) )
Fitness = 56.904
Avg Fitness = 43.1055980583
Duplicated = 90
============================================================================
Evaluate Gen  12
New Population 809
Better than Dads 99
Best Ind: ( 2y * ( ( 1x * 5x ) * 1x ) )
Fitness = 8.1079256
Worst Ind: ( ( ( ( 7y + 3y ) - ( 3y * 2x ) ) - 9y ) - ( 3y * 3x ) )
Fitness = 51.2136
Avg Fitness = 38.7620835159
Duplicated = 94
============================================================================
Evaluate Gen  13
New Population 821
Better than Dads 103
Best Ind: ( 2y * ( ( 1x * 5x ) * 1x ) )
Fitness = 8.1079256
Worst Ind: ( ( ( ( ( 14.0 * ( 6y * 7x ) ) - 7x ) - 16.0 ) * ( ( ( ( 4y - 85.0 ) * ( 2x * 9y ) ) * ( ( 9y * 10y ) - 7y ) ) * ( ( 9.0 * 4y ) - 28.0 ) ) ) - ( ( 64.0 - ( 10x - ( 6y - ( 39.0 * 1y ) ) ) ) - 2y ) )
Fitness = 45.1159447349
Avg Fitness = 35.4181439194
Duplicated = 80
============================================================================
Evaluate Gen  14
New Population 814
Better than Dads 86
Best Ind: ( 1x * ( 12.0 - 1y ) )
Fitness = 5.6904
Worst Ind: ( ( ( 3y * ( 1y - 4x ) ) * ( 1x * ( 4x - 5y ) ) ) - 3x )
Fitness = 39.06
Avg Fitness = 31.4002432394
Duplicated = 86
============================================================================
Evaluate Gen  15
New Population 824
Better than Dads 102
Best Ind: ( 1x * ( 4y - ( 6y - ( ( ( 3x - 7x ) + 95.0 ) - 1x ) ) ) )
Fitness = 4.4404
Worst Ind: ( ( 10x - ( 4x - ( 3y * 2x ) ) ) - 3x )
Fitness = 39.06
Avg Fitness = 27.7686070322
Duplicated = 97
============================================================================
Evaluate Gen  16
New Population 829
Better than Dads 110
Best Ind: ( 1x * ( 7y - ( 1y * 2x ) ) )
Fitness = 4.062216
Worst Ind: ( 2x * ( ( ( ( 3y * 4x ) + 2x ) - 4x ) - 3y ) )
Fitness = 34.1424
Avg Fitness = 22.9759495639
Duplicated = 116
============================================================================
Evaluate Gen  17
New Population 823
Better than Dads 108
Best Ind: ( 1x * ( 7y - ( 1y * 2x ) ) )
Fitness = 4.062216
Worst Ind: ( ( ( 1y - 7x ) - ( ( ( ( 25.0 - 4x ) - ( 9y + 1x ) ) * ( 1x * 7y ) ) - 1x ) ) * ( ( ( ( 4x * ( 46.0 - 5x ) ) - ( 2x * 7y ) ) * 2x ) + 1y ) )
Fitness = 28.39259168
Avg Fitness = 19.1868591638
Duplicated = 98
============================================================================
Evaluate Gen  18
New Population 834
Better than Dads 107
Best Ind: ( 1x * ( 7y - ( 1y * 2x ) ) )
Fitness = 4.062216
Worst Ind: ( ( 1x * 3y ) - 1y )
Fitness = 22.5579723675
Avg Fitness = 15.7170042051
Duplicated = 105
============================================================================
Evaluate Gen  19
New Population 825
Better than Dads 107
Best Ind: ( 1x * ( 1x * ( ( 3x - ( 4y - 4x ) ) * 1y ) ) )
Fitness = 3.24317024
Worst Ind: ( 1x * 3y )
Fitness = 17.0712
Avg Fitness = 12.9122406337
Duplicated = 101
============================================================================
Evaluate Gen  20
New Population 828
Better than Dads 96
Best Ind: ( 1x * ( 1x * 1y ) )
Fitness = 2.031108
Worst Ind: ( ( 1x * 5y ) - ( ( 4x - 2y ) - ( ( ( ( 45.0 + 10x ) + ( 1x * 5y ) ) + ( ( 8y + 43.0 ) + 37.0 ) ) - 1x ) ) )
Fitness = 13.02
Avg Fitness = 11.7551719017
Duplicated = 87
============================================================================
Evaluate Gen  21
New Population 848
Better than Dads 82
Best Ind: ( 1x * ( 1x * 1y ) )
Fitness = 2.031108
Worst Ind: ( ( 1x * 4y ) - ( ( ( ( 6x * 4x ) * 29.0 ) * ( 2y * 53.0 ) ) - 1x ) )
Fitness = 13.02
Avg Fitness = 11.2909005778
Duplicated = 87
============================================================================
Evaluate Gen  22
New Population 828
Better than Dads 97
Best Ind: ( 1x * ( 1x * 1y ) )
Fitness = 2.031108
Worst Ind: ( 5y - 1x )
Fitness = 13.02
Avg Fitness = 10.6855269947
Duplicated = 87
============================================================================
Evaluate Gen  23
New Population 840
Better than Dads 108
Best Ind: ( 1x * ( 1x * 1y ) )
Fitness = 2.031108
Worst Ind: ( 1y - 1x )
Fitness = 13.02
Avg Fitness = 9.50871130678
Duplicated = 91
============================================================================
Evaluate Gen  24
New Population 827
Better than Dads 112
Best Ind: ( ( 1x * ( 2x * ( ( 1x * 3y ) - ( ( 1x * 5x ) * 1x ) ) ) ) * ( ( 1x * 5x ) * 1x ) )
Fitness = 1.36277309599
Worst Ind: ( ( ( 75.0 + 7y ) - 1x ) * ( 3y * 2x ) )
Fitness = 12.186648
Avg Fitness = 7.68425405431
Duplicated = 110
============================================================================
Evaluate Gen  25
New Population 831
Better than Dads 134
Best Ind: ( ( ( ( 1x * ( 1y + 3x ) ) * ( 4x - ( ( 6x + 7y ) - 1x ) ) ) * ( 8y - 1x ) ) * 1x )
Fitness = 1.2405538128
Worst Ind: ( 1x * ( 9y - ( 6x - 2x ) ) )
Fitness = 8.8808
Avg Fitness = 6.06771736695
Duplicated = 88
============================================================================
Evaluate Gen  26
New Population 833
Better than Dads 123
Best Ind: ( ( ( 1x * ( 2y * 1x ) ) * 1x ) * ( ( 1x * 5x ) * 1x ) )
Fitness = 0.669600939053
Worst Ind: ( ( ( 2.0 - ( ( 1x * ( 1y + 3x ) ) * ( 6x - 1y ) ) ) - ( 3y - 2x ) ) * ( ( 1x * 5x ) * 1x ) )
Fitness = 6.9978256
Avg Fitness = 4.81003268432
Duplicated = 97
============================================================================
Evaluate Gen  27
New Population 841
Better than Dads 134
Best Ind: ( ( 1x * ( 1x * ( 5y - 1x ) ) ) * ( 1x * ( 4y - 1x ) ) )
Fitness = 0.2994784032
Worst Ind: ( 1x * ( ( 1x * ( 4x - 5y ) ) - ( 75.0 - ( 6x - 1y ) ) ) )
Fitness = 5.6904
Avg Fitness = 4.02507299785
Duplicated = 81
============================================================================
Evaluate Gen  28
New Population 820
Better than Dads 124
Best Ind: ( ( 1x * ( 1x * ( 5y - 1x ) ) ) * ( 1x * ( 4y - 1x ) ) )
Fitness = 0.2994784032
Worst Ind: ( ( ( ( 5x + 6y ) - 1x ) - 1x ) * 1x )
Fitness = 4.4404
Avg Fitness = 3.39994603573
Duplicated = 80
============================================================================
Evaluate Gen  29
New Population 839
Better than Dads 131
Best Ind: ( ( ( ( 1x * ( ( 1y * 2x ) * ( 1x * 1x ) ) ) * 1x ) * ( 1x * 5y ) ) * ( 8y - 1x ) )
Fitness = 0.158233742768
Worst Ind: ( 1x * ( ( 1x * ( ( 1x * 3y ) - 2x ) ) - ( ( 1x - 3y ) - 1x ) ) )
Fitness = 4.4404
Avg Fitness = 2.7954377599
Duplicated = 62
============================================================================
Evaluate Gen  30
New Population 826
Better than Dads 130
Best Ind: ( ( ( ( 1x * ( ( 1y * 2x ) * ( 1x * 1x ) ) ) * 1x ) * ( 1x * 5y ) ) * ( 8y - 1x ) )
Fitness = 0.158233742768
Worst Ind: ( ( ( 1x * ( 4x - 2y ) ) - ( 1x * ( 6x - 2x ) ) ) * ( 8y - 1x ) )
Fitness = 3.411216
Avg Fitness = 1.96340062061
Duplicated = 76
============================================================================
Evaluate Gen  31
New Population 848
Better than Dads 152
Best Ind: ( ( 1x * ( ( ( 5x + 6y ) + ( 4y * 3y ) ) - ( ( 1x - 3y ) - ( ( 1y * 1x ) * 1x ) ) ) ) * ( ( ( 3y - 1x ) - ( ( 6x + 95.0 ) - 1x ) ) * 1x ) )
Fitness = 0.149496983264
Worst Ind: ( ( ( 1x * ( 6y - ( 75.0 - ( 6x - 1y ) ) ) ) * ( 12.0 - ( ( 1y * 6x ) * 2x ) ) ) * 1x )
Fitness = 2.03720156717
Avg Fitness = 1.38544109725
Duplicated = 70
============================================================================
Evaluate Gen  32
New Population 838
Better than Dads 149
Best Ind: ( ( ( 1x * ( 1x * ( 1x * 3y ) ) ) * 1y ) * ( 1x * ( 1x * ( 5y - 1x ) ) ) )
Fitness = 0.102878840949
Worst Ind: ( ( ( 1x - ( 6x - 1y ) ) * ( ( 1x * ( 1y * 6x ) ) - ( 1x * ( 1x * 3y ) ) ) ) * ( 1x * 3y ) )
Fitness = 1.74233800138
Avg Fitness = 0.993486615794
Duplicated = 43
============================================================================
Evaluate Gen  33
New Population 855
Better than Dads 147
Best Ind: ( ( ( 95.0 - 1x ) * ( ( 1x * 1y ) * ( ( ( 1x - 3y ) - ( 1x * 5x ) ) * 1x ) ) ) * ( 1x * ( 4y - ( 1x * ( 1x * 1y ) ) ) ) )
Fitness = 0.0369736274429
Worst Ind: ( ( ( 1x * ( 2y * 1x ) ) * 1x ) * ( 1x * ( 1x * 8y ) ) )
Fitness = 1.20820894376
Avg Fitness = 0.609643136032
Duplicated = 49
============================================================================
Evaluate Gen  34
New Population 829
Better than Dads 141
Best Ind: ( ( 2x * ( ( ( 1x * ( 8y - 1x ) ) - ( 1x * ( 6x - 2x ) ) ) * ( ( 1x * ( 9y - 1x ) ) * 1y ) ) ) * ( ( 1x * ( 1x * ( 1x - 1x ) ) ) * ( 1x * ( ( 3x - ( 4y - 4x ) ) * 1y ) ) ) )
Fitness = 0.0266217717323
Worst Ind: ( 1x * ( ( 1x * ( 6x - 1y ) ) * ( 1x - ( 2x * 1y ) ) ) )
Fitness = 0.7857926064
Avg Fitness = 0.421977747435
Duplicated = 53
============================================================================
Evaluate Gen  35
New Population 833
Better than Dads 161
Best Ind: ( ( ( 1x * ( ( 1x * ( 1x * 1y ) ) * ( 1x * 1y ) ) ) * ( ( 1x * 1y ) * 1x ) ) * ( ( 1x * ( 1y + 3x ) ) * 1x ) )
Fitness = 0.00760121671102
Worst Ind: ( ( ( ( 1x * 1x ) * ( 4y - 1x ) ) * ( 1x * 3y ) ) * ( 1x - 1y ) )
Fitness = 0.509300391792
Avg Fitness = 0.280683680429
Duplicated = 54
============================================================================
Evaluate Gen  36
New Population 822
Better than Dads 149
Best Ind: ( ( ( 1x * ( ( 1x * ( 1x * 1y ) ) * ( 1x * 1y ) ) ) * ( ( 1x * 1y ) * 1x ) ) * ( ( 1x * ( 1y + 3x ) ) * 1x ) )
Fitness = 0.00760121671102
Worst Ind: ( ( ( ( ( 1y * 1x ) * 1x ) * ( ( 1x * 5x ) * 1x ) ) - 1x ) * ( 1x * ( ( 1x * 1x ) * 1y ) ) )
Fitness = 0.3421186032
Avg Fitness = 0.203641659841
Duplicated = 47
============================================================================
Evaluate Gen  37
New Population 823
Better than Dads 156
Best Ind: ( ( ( 1y * ( 1x * ( 1y * 1y ) ) ) * ( ( 1x * ( 6x - 1y ) ) * 1x ) ) * ( ( ( ( 1x * 1y ) * 1y ) * 1y ) * ( 1x * 1x ) ) )
Fitness = 0.00134678763531
Worst Ind: ( ( 1x * ( ( 1x * ( 4x - 1x ) ) * ( ( 5x + 6y ) - 1x ) ) ) * ( ( ( 4y - ( ( 8y - 1x ) - 4x ) ) - ( 10x - 3y ) ) - 1x ) )
Fitness = 0.2994784032
Avg Fitness = 0.136478477149
Duplicated = 48
============================================================================
Evaluate Gen  38
New Population 805
Better than Dads 155
Best Ind: ( ( ( 1y * ( 1x * ( 1y * 1y ) ) ) * ( ( 1x * ( 6x - 1y ) ) * 1x ) ) * ( ( ( ( 1x * 1y ) * 1y ) * 1y ) * ( 1x * 1x ) ) )
Fitness = 0.00134678763531
Worst Ind: ( ( 1x * ( ( ( 1x * 1y ) * 1y ) * 1x ) ) * 1x )
Fitness = 0.169766797264
Avg Fitness = 0.0881493433829
Duplicated = 58
============================================================================
Evaluate Gen  39
New Population 822
Better than Dads 157
Best Ind: ( ( ( 10x - 3y ) - ( ( 1x * 1y ) * ( ( 1x * ( 4y - 1x ) ) * 1x ) ) ) * ( ( 1x * ( ( ( 1y * 1x ) * ( 1x * 1x ) ) * 1y ) ) * ( 1x * ( 1x * 1y ) ) ) )
Fitness = 0.000473817502245
Worst Ind: ( ( ( ( 1x * ( 1x - ( 10y - 2y ) ) ) * ( 5y - 1x ) ) * 1x ) * ( ( 1x * ( ( 3y - 4x ) - ( ( 6x + 95.0 ) - 1x ) ) ) * 1x ) )
Fitness = 0.133920187811
Avg Fitness = 0.0561333754938
Duplicated = 68
============================================================================
Evaluate Gen  40
New Population 828
Better than Dads 160
Best Ind: ( ( ( 10x - 3y ) - ( ( 1x * 1y ) * ( ( 1x * ( 4y - 1x ) ) * 1x ) ) ) * ( ( 1x * ( ( ( 1y * 1x ) * ( 1x * 1x ) ) * 1y ) ) * ( 1x * ( 1x * 1y ) ) ) )
Fitness = 0.000473817502245
Worst Ind: ( ( ( ( 1x * ( 1x * 1y ) ) * ( ( 1x * 6x ) - ( ( 5y - 1x ) * 1x ) ) ) * ( 9y - 1x ) ) * 1y )
Fitness = 0.0755130589853
Avg Fitness = 0.035913144285
Duplicated = 74
============================================================================
Evaluate Gen  41
New Population 817
Better than Dads 178
Best Ind: ( ( ( 10x - 3y ) - ( ( 1x * 1y ) * ( ( 1x * ( 4y - 1x ) ) * 1x ) ) ) * ( ( 1x * ( ( ( 1y * 1x ) * ( 1x * 1x ) ) * 1y ) ) * ( 1x * ( 1x * 1y ) ) ) )
Fitness = 0.000473817502245
Worst Ind: ( ( ( 1x - ( 1x * ( 1x * 1y ) ) ) * ( 1x * 1x ) ) * ( ( ( 1x * 3y ) * 1x ) * 1x ) )
Fitness = 0.0474701228304
Avg Fitness = 0.0233763600562
Duplicated = 84
============================================================================
Evaluate Gen  42
New Population 827
Better than Dads 172
Best Ind: ( ( ( 1x * ( 1x * ( ( 1x * 1x ) * 1y ) ) ) * 1x ) * ( ( ( 1x * ( ( 1x * 1y ) * 1x ) ) * ( 1x * ( ( 1x * 1x ) * 1y ) ) ) * ( 1x * ( 9y - 1x ) ) ) )
Fitness = 0.00010131100958
Worst Ind: ( ( ( 1x * ( 4y - ( 6y - 1x ) ) ) * 1x ) * ( ( ( 4y - 1x ) * ( 1x * ( 1x * ( 2x * 1y ) ) ) ) * 1y ) )
Fitness = 0.0316467485536
Avg Fitness = 0.0157396681907
Duplicated = 80
============================================================================
Evaluate Gen  43
New Population 809
Better than Dads 168
Best Ind: ( ( ( 1x * ( 1x * ( ( 1x * 1x ) * 1y ) ) ) * 1x ) * ( ( ( 1x * ( ( 1x * 1y ) * 1x ) ) * ( 1x * ( ( 1x * 1x ) * 1y ) ) ) * ( 1x * ( 9y - 1x ) ) ) )
Fitness = 0.00010131100958
Worst Ind: ( ( ( ( 1x * ( 1x * 1y ) ) - ( ( ( 1y - 1x ) + 95.0 ) - 1x ) ) * ( ( 1x * 1y ) * 1y ) ) * ( ( 1x * 1y ) * ( ( 1y * 1x ) * ( ( 1x * 5x ) * 1x ) ) ) )
Fitness = 0.0216528778004
Avg Fitness = 0.0109484466507
Duplicated = 97
============================================================================
Evaluate Gen  44
New Population 832
Better than Dads 174
Best Ind: ( ( ( 1x * ( 1x * ( ( 1x * 1x ) * 1y ) ) ) * 1x ) * ( ( ( 1x * ( ( 1x * 1y ) * 1x ) ) * ( 1x * ( ( 1x * 1x ) * 1y ) ) ) * ( 1x * ( 9y - 1x ) ) ) )
Fitness = 0.00010131100958
Worst Ind: ( ( ( ( 1x * 1x ) * ( 1x * ( 1x * 1y ) ) ) * ( 1x - 1y ) ) * ( ( ( 3y - 1x ) * 1x ) * 1x ) )
Fitness = 0.0158233742768
Avg Fitness = 0.00726541778919
Duplicated = 91
============================================================================
Evaluate Gen  45
New Population 840
Better than Dads 183
Best Ind: ( ( ( ( ( 1y * ( 1x * 1y ) ) * ( 1y * ( 1x * 1x ) ) ) * ( ( ( 1y * 1x ) * 1x ) * 1y ) ) * ( 5y - 1x ) ) * ( ( ( ( 1x * ( 1x * 1y ) ) * ( 12.0 - 1y ) ) * 1x ) * ( 1y * ( 1x * ( 1x * 3y ) ) ) ) )
Fitness = 3.22882714628e-05
Worst Ind: ( ( ( 1y * 1x ) * ( ( 1x * ( 1x * 1y ) ) * ( 1x * 1y ) ) ) * ( ( ( 95.0 - 1x ) * 1y ) * 1x ) )
Fitness = 0.00921547708601
Avg Fitness = 0.00469024973273
Duplicated = 83
============================================================================
Evaluate Gen  46
New Population 826
Better than Dads 179
Best Ind: ( ( ( ( 1x * 1x ) * ( ( 1x * 1y ) * 1y ) ) * ( ( ( 1x * ( 1x * 1y ) ) * 1x ) * ( ( 3y - 2x ) * ( 1x * 1x ) ) ) ) * ( 1y * ( ( 1x - ( 1x * ( 1x * 1y ) ) ) * ( ( ( 1x * 1y ) * 1y ) * 1x ) ) ) )
Fitness = 1.77044449384e-05
Worst Ind: ( ( ( ( 1x * 1y ) * 1y ) * ( 1x * 1y ) ) * ( ( ( 1x * ( 1x * 3y ) ) * 1x ) * ( 1x * ( 1y * 1x ) ) ) )
Fitness = 0.00685625108014
Avg Fitness = 0.00316508000593
Duplicated = 84
============================================================================
Evaluate Gen  47
New Population 833
Better than Dads 177
Best Ind: ( ( ( ( 1x * 1x ) * ( ( 1x * 1y ) * 1y ) ) * ( ( ( 1x * ( 1x * 1y ) ) * 1x ) * ( ( 3y - 2x ) * ( 1x * 1x ) ) ) ) * ( 1y * ( ( 1x - ( 1x * ( 1x * 1y ) ) ) * ( ( ( 1x * 1y ) * 1y ) * 1x ) ) ) )
Fitness = 1.77044449384e-05
Worst Ind: ( ( ( ( ( 1x * 1y ) * 1y ) * ( 1x * 1y ) ) * ( ( ( ( 1x * 1y ) - ( 5y - 1x ) ) - ( 1y - 1x ) ) * ( 1x * ( 8y - 1x ) ) ) ) * ( ( 1x * 1x ) * 1y ) )
Fitness = 0.00433057556007
Avg Fitness = 0.00202994133557
Duplicated = 99
============================================================================
Evaluate Gen  48
New Population 814
Better than Dads 180
Best Ind: ( ( ( ( 1x * 1x ) * ( ( 1x * 1y ) * 1y ) ) * ( ( ( 1x * ( 1x * 1y ) ) * 1x ) * ( ( 3y - 2x ) * ( 1x * 1x ) ) ) ) * ( 1y * ( ( 1x - ( 1x * ( 1x * 1y ) ) ) * ( ( ( 1x * 1y ) * 1y ) * 1x ) ) ) )
Fitness = 1.77044449384e-05
Worst Ind: ( ( ( 1x * ( ( 1x * ( 1x * 5y ) ) * ( 1x * ( 1x * 3y ) ) ) ) * ( 1x * 1y ) ) * ( ( ( ( 1x * 1x ) * 1y ) * ( 1x * ( 1x * ( 5y - 1x ) ) ) ) * ( ( ( 1x * 8y ) * 1x ) * ( 1x * 3y ) ) ) )
Fitness = 0.00289077113292
Avg Fitness = 0.00125701440898
Duplicated = 88
============================================================================
Evaluate Gen  49
New Population 807
Better than Dads 179
Best Ind: ( ( ( 1x * ( ( 1x * 1y ) * ( 1x * 1x ) ) ) * ( ( 4y - ( ( 1x * 1x ) * ( 1x * 1x ) ) ) * ( 1x * ( 1y * 1x ) ) ) ) * ( ( 1x * ( ( 3y - 4x ) - ( ( 6x + 95.0 ) - 1x ) ) ) * ( ( 1x * ( 1x * 1y ) ) * ( 1y * ( 1x * 1x ) ) ) ) )
Fitness = 6.61012315885e-06
Worst Ind: ( ( ( ( ( 1x * 1y ) * ( 1x * 1x ) ) * 1x ) * ( ( 9y - 1x ) * 1y ) ) * ( ( ( ( 4y - 1x ) * 1x ) * 1x ) * ( 1x * 1y ) ) )
Fitness = 0.00184872887049
Avg Fitness = 0.000902219067518
Duplicated = 89
============================================================================
Evaluate Gen  50
New Population 832
Better than Dads 193
Best Ind: ( ( ( 1x * ( ( 1x * 1y ) * ( 1x * 1x ) ) ) * ( ( 4y - ( ( 1x * 1x ) * ( 1x * 1x ) ) ) * ( 1x * ( 1y * 1x ) ) ) ) * ( ( 1x * ( ( 3y - 4x ) - ( ( 6x + 95.0 ) - 1x ) ) ) * ( ( 1x * ( 1x * 1y ) ) * ( 1y * ( 1x * 1x ) ) ) ) )
Fitness = 6.61012315885e-06
Worst Ind: ( ( ( ( 1x * 5x ) * ( ( ( 1y * 1x ) * 1x ) * 1y ) ) * ( 5y - 1x ) ) * ( ( ( ( 1x * ( 1x * 1y ) ) * ( 12.0 - 1y ) ) * 1x ) * ( 1x * ( 1x * 1y ) ) ) )
Fitness = 0.00127159960099
Avg Fitness = 0.000604363319171
Duplicated = 86
