dataset_file= dataset/SR_div.txt
population= 500
generations= 50
tournament_size= 2
cross_over= 0.9
mutation= 0.05
elitism= True
(50, 2)
============================================================================
Build initial population
ind: 1
( ( ( ( ( 32.0 * 7.0 ) + ( ( 9y * 4y ) * ( 1y + 9.0 ) ) ) - ( ( 7y + ( 4y + 9x ) ) + ( ( 7y + 98.0 ) + ( 87.0 + 44.0 ) ) ) ) * 3x ) + 62.0 )
ind: 2
( ( ( ( 53.0 - 2x ) - 56.0 ) + ( 2x - 2x ) ) + ( 4y * 4y ) )
ind: 3
( 5y - ( ( ( ( ( 9x * 2x ) * ( 22.0 + 86.0 ) ) - ( ( 31.0 + 3y ) - 81.0 ) ) * ( 10y + 5x ) ) + 65.0 ) )
ind: 4
( ( ( ( ( ( 94.0 + 3x ) + ( 5y * 83.0 ) ) - 3y ) * ( ( 6.0 - 4x ) + 4y ) ) - ( 100.0 + ( ( 81.0 + 4x ) - 55.0 ) ) ) - 63.0 )
ind: 5
( 4y - ( 69.0 - ( ( 2y - ( ( 6y - 2y ) + 68.0 ) ) * ( 2y - 6x ) ) ) )
ind: 6
( 14.0 - ( 9.0 - ( ( ( 6x - 13.0 ) + 56.0 ) + ( 5y - 9y ) ) ) )
ind: 7
( 88.0 - ( ( ( ( 67.0 * 6x ) + 86.0 ) * ( ( ( 70.0 + 6y ) - 8.0 ) * 61.0 ) ) - ( ( ( 71.0 + 3y ) * 7y ) + 8y ) ) )
ind: 8
( ( ( ( ( 6y - ( 3y + 9x ) ) * 36.0 ) - 2x ) + ( 85.0 - ( ( 70.0 + 88.0 ) - 1x ) ) ) - ( 40.0 * 13.0 ) )
ind: 9
( ( 97.0 - ( 4y * ( 29.0 * ( ( 39.0 + 3y ) - 2y ) ) ) ) - ( ( ( ( ( 72.0 - 7x ) - 9y ) * ( 90.0 * 88.0 ) ) + ( ( 7x * 6x ) - ( ( 57.0 + 96.0 ) + 76.0 ) ) ) - ( 1.0 - ( 22.0 - ( 68.0 - ( 84.0 - 99.0 ) ) ) ) ) )
ind: 10
( ( ( ( ( ( 4x - 51.0 ) * 2y ) - 54.0 ) - 6.0 ) * ( 3y - ( ( ( 70.0 - 7x ) + ( 6y + 10y ) ) - ( 32.0 - ( 2x * 96.0 ) ) ) ) ) - 46.0 )
ind: 11
( ( 65.0 + ( 3y * ( 8x * ( ( 4y - 6.0 ) + ( 8y * 10x ) ) ) ) ) - ( ( ( ( ( 7x + 5y ) + ( 5x + 5x ) ) * ( ( 5y + 84.0 ) * ( 11.0 * 4y ) ) ) + 8x ) + ( 76.0 + 1x ) ) )
ind: 12
( ( 47.0 * ( 8x * ( ( ( 8y - 21.0 ) + ( 33.0 * 10x ) ) - 46.0 ) ) ) - ( ( 88.0 - ( ( 4y - ( 2y - 63.0 ) ) * ( 36.0 + ( 6y * 74.0 ) ) ) ) + ( 1x - 8y ) ) )
ind: 13
( 2x + 9y )
ind: 14
( ( ( 10y - 1y ) - ( 57.0 + ( ( ( 7y * 10x ) - 9y ) * 7x ) ) ) - 10.0 )
ind: 15
( ( ( ( 7y + 78.0 ) * ( ( 8y - 9y ) + 4x ) ) * 30.0 ) * ( ( 71.0 * ( 36.0 + ( 76.0 * 2y ) ) ) + 100.0 ) )
ind: 16
( ( ( ( ( 74.0 * ( 7x * 41.0 ) ) - ( ( 95.0 * 51.0 ) * 3x ) ) * ( ( 89.0 + 24.0 ) + ( 21.0 * ( 9y * 5x ) ) ) ) - 5y ) * 12.0 )
ind: 17
( 7y * 9x )
ind: 18
( ( 57.0 * ( ( ( 2x - 9y ) + 4y ) * 44.0 ) ) - 9x )
ind: 19
( 25.0 * ( ( 3.0 - 47.0 ) + ( 6y + 8x ) ) )
ind: 20
( 9y + 8x )
ind: 21
( ( ( ( 9x + ( 4y * 81.0 ) ) * 4x ) - ( 4x + 10y ) ) + 10y )
ind: 22
( ( 5x * 70.0 ) * ( ( ( ( ( 3x + 5x ) * ( 4y + 74.0 ) ) - ( ( 7x * 1x ) * 92.0 ) ) * 29.0 ) - 58.0 ) )
ind: 23
( ( ( ( ( 48.0 - ( 6y * 85.0 ) ) + 10y ) * ( 11.0 - 31.0 ) ) - ( 34.0 * ( ( ( 71.0 * 88.0 ) - ( 3x * 7y ) ) + ( ( 4y + 60.0 ) - 7y ) ) ) ) * ( 8x - 15.0 ) )
ind: 24
( ( ( ( ( 5x + 9y ) * ( ( 5y * 4y ) + 21.0 ) ) + 9x ) + 9x ) + ( 9x + ( 8x - ( ( ( 5x - 8x ) - ( 81.0 - 71.0 ) ) - ( ( 59.0 * 2x ) - 6y ) ) ) ) )
ind: 25
( ( ( ( 6y + 10x ) + ( ( ( 6y * 60.0 ) - 46.0 ) - 48.0 ) ) - 10x ) * ( ( 10y - 18.0 ) + 42.0 ) )
ind: 26
( 6x * ( 71.0 + ( 6y - ( ( ( 1x - 2y ) + 86.0 ) - 3y ) ) ) )
ind: 27
( ( 7y + 67.0 ) + ( ( ( ( ( 10x + 72.0 ) - ( 43.0 + 22.0 ) ) - ( ( 42.0 * 4x ) - 4.0 ) ) + 7x ) - 8x ) )
ind: 28
( ( 77.0 * ( ( ( 7x + ( 10y + 2y ) ) - 6y ) - 31.0 ) ) * ( 73.0 + ( 25.0 - ( ( 5x + 95.0 ) - 5x ) ) ) )
ind: 29
( ( ( ( ( 9x + ( 2y + 4y ) ) * ( 10x + 9x ) ) + ( ( 58.0 - 7x ) - ( 5y * 42.0 ) ) ) - 3y ) + 66.0 )
ind: 30
( ( ( ( 4x - 7y ) * ( ( 97.0 * 97.0 ) * 37.0 ) ) * ( 8x + ( 32.0 + 5y ) ) ) + ( ( ( ( ( 63.0 + 3y ) * 1x ) - 10y ) + 52.0 ) - ( 9y * 8x ) ) )
ind: 31
( ( 49.0 + ( ( 70.0 * 16.0 ) * ( ( ( 3x * 3x ) + ( 5y - 5x ) ) * 7x ) ) ) * ( 5y + ( ( 46.0 * ( ( 98.0 + 9y ) * 7y ) ) + ( ( 9x * 8y ) + ( 8y * 46.0 ) ) ) ) )
ind: 32
( ( 2.0 * 3x ) + 4y )
ind: 33
( ( ( 13.0 * 54.0 ) - ( 2y * ( ( ( 40.0 - 9x ) * 10.0 ) + 8y ) ) ) - ( ( ( ( 9x * 10x ) - ( 61.0 * ( 7x - 19.0 ) ) ) + 2y ) - ( ( ( ( 3y * 22.0 ) - 9y ) + ( 8x - 10.0 ) ) + 58.0 ) ) )
ind: 34
( ( 9y * ( ( 2y * 2y ) * ( ( ( 58.0 + 84.0 ) - ( 79.0 * 25.0 ) ) + 42.0 ) ) ) - ( ( 6y * 9y ) - 10x ) )
ind: 35
( ( ( ( 38.0 + 35.0 ) + ( ( ( 41.0 + 15.0 ) * ( 8.0 * 5x ) ) - 5y ) ) - ( ( ( 10x - ( 7x * 7x ) ) + ( ( 8y + 8x ) + ( 5x * 5x ) ) ) * 3y ) ) - 98.0 )
ind: 36
( ( ( 38.0 * 9.0 ) + ( 5x + ( ( ( 2y * 6x ) - ( 1y - 7y ) ) - 42.0 ) ) ) * 63.0 )
ind: 37
( 3.0 - ( ( ( 19.0 + ( 3y + ( 68.0 + 37.0 ) ) ) + 9x ) * 96.0 ) )
ind: 38
( ( 2y - 7.0 ) * 8x )
ind: 39
( 6x - 2y )
ind: 40
( 2y + ( 1x - ( ( 21.0 - ( 10x + 3x ) ) * ( 3y + ( 10y - ( 78.0 - 31.0 ) ) ) ) ) )
ind: 41
( ( 55.0 * ( ( ( ( 75.0 + 48.0 ) - 1y ) - 5x ) - ( ( ( 6x * 41.0 ) - ( 45.0 * 4x ) ) * 74.0 ) ) ) - 53.0 )
ind: 42
( ( ( ( ( ( 7y - 5y ) + 39.0 ) + ( 46.0 * 4y ) ) - 7y ) + ( ( 40.0 + 39.0 ) - ( 1x * 3y ) ) ) * 12.0 )
ind: 43
( ( 5y - 1y ) - 1x )
ind: 44
( 5y + ( 7x - 1y ) )
ind: 45
( ( ( 5y - ( 7y - ( 45.0 - ( 9x - 16.0 ) ) ) ) + ( 7.0 - ( ( 95.0 - ( 10y + 15.0 ) ) * ( ( 32.0 + 6y ) + ( 90.0 * 53.0 ) ) ) ) ) - ( ( ( 21.0 * ( 6x * 43.0 ) ) - ( ( 7x + 5x ) * 55.0 ) ) - 6y ) )
ind: 46
( ( 8x * 90.0 ) * ( 1.0 + ( 80.0 - 7y ) ) )
ind: 47
( ( 23.0 * ( ( ( 10x * ( 65.0 + 3y ) ) * 29.0 ) + 29.0 ) ) - 72.0 )
ind: 48
( ( ( 61.0 - ( ( ( 74.0 * 60.0 ) - ( 2y * 54.0 ) ) * 8x ) ) * ( ( 2x - 4x ) - ( ( ( 9y - 9y ) - ( 33.0 - 8x ) ) + 5.0 ) ) ) * ( 6y * ( 1x - 16.0 ) ) )
ind: 49
( ( 32.0 + ( ( ( 1.0 + ( 1y - 34.0 ) ) * ( ( 1.0 + 78.0 ) + ( 10y * 36.0 ) ) ) - ( ( ( 7.0 + 8y ) * ( 38.0 - 43.0 ) ) + ( 45.0 * ( 26.0 + 58.0 ) ) ) ) ) - ( ( ( 6x - 16.0 ) - ( 83.0 + ( 6y - 5.0 ) ) ) + ( ( 88.0 * 4y ) + 10.0 ) ) )
ind: 50
( ( 25.0 + 5y ) + ( 6x * ( 8x + ( 9x - 10.0 ) ) ) )
ind: 51
( ( ( ( 9x - 7y ) * 9y ) * 4y ) + ( ( 5y * 2x ) - 10.0 ) )
ind: 52
( ( ( ( ( 43.0 * 28.0 ) + 35.0 ) + ( 1y - ( ( 1x - 16.0 ) + ( 6y - 10y ) ) ) ) * 86.0 ) - 39.0 )
ind: 53
( ( 96.0 - 3y ) * ( ( 17.0 * ( ( ( 4y * 1y ) * 44.0 ) * ( 9x + ( 33.0 - 7x ) ) ) ) + ( 9y - ( ( ( 9x - 17.0 ) - 23.0 ) - 5y ) ) ) )
ind: 54
( ( ( ( ( 7x - 5x ) * ( ( 72.0 + 21.0 ) - ( 3y * 4y ) ) ) * ( ( ( 7x + 9y ) - 6x ) * 29.0 ) ) + 57.0 ) * ( ( 11.0 * ( ( ( 7x * 8.0 ) - ( 6y * 2y ) ) + 17.0 ) ) + 80.0 ) )
ind: 55
( 1y * ( ( 65.0 + 3x ) * 9x ) )
ind: 56
( 5x + ( ( 3y * ( 2y - ( 1y * ( 36.0 * 65.0 ) ) ) ) * ( 9y + 6.0 ) ) )
ind: 57
( 1x * ( 46.0 - ( ( ( ( 83.0 - 23.0 ) + 1y ) - ( 36.0 * ( 92.0 - 4y ) ) ) + ( 17.0 + 2x ) ) ) )
ind: 58
( ( 11.0 + 2y ) - ( ( ( 27.0 + 5y ) * 8x ) * 92.0 ) )
ind: 59
( ( ( ( ( ( 9x - 4y ) * 10x ) * 7y ) + ( ( ( 21.0 + 20.0 ) - ( 9.0 + 77.0 ) ) * 34.0 ) ) * ( ( 84.0 * 6y ) * 20.0 ) ) + 98.0 )
ind: 60
( 7y - 6x )
ind: 61
( ( 5x + ( 56.0 * ( ( 18.0 - ( 7x * 67.0 ) ) - 53.0 ) ) ) - ( 60.0 * ( ( ( ( 65.0 * 10.0 ) - ( 6x * 37.0 ) ) + ( ( 2x - 2x ) * ( 10.0 + 10y ) ) ) - 23.0 ) ) )
ind: 62
( ( ( 80.0 + ( 17.0 - ( 10y - 9x ) ) ) - ( 71.0 * 4x ) ) - ( 22.0 + ( ( ( ( 5y + 47.0 ) + ( 25.0 + 3y ) ) + ( 4y - ( 83.0 * 82.0 ) ) ) - ( 34.0 + ( ( 3y + 2y ) * 8y ) ) ) ) )
ind: 63
( ( ( 72.0 + ( 30.0 + ( 9y - ( 50.0 + 6y ) ) ) ) + 3y ) + 1x )
ind: 64
( ( 7y * ( ( 1x - 89.0 ) * 2y ) ) + 9x )
ind: 65
( ( ( ( ( 90.0 - 68.0 ) - 98.0 ) * 28.0 ) * ( 55.0 - 8x ) ) - ( ( ( ( 10y * 55.0 ) * 7y ) + ( 86.0 + ( 5x + ( 19.0 * 2x ) ) ) ) * 22.0 ) )
ind: 66
( ( 3y - 31.0 ) * ( ( ( ( 75.0 * 3y ) - 40.0 ) + ( 32.0 + 7.0 ) ) - ( 10x + 8y ) ) )
ind: 67
( ( ( 3y - ( 23.0 + 3y ) ) * 100.0 ) + ( 84.0 * ( ( ( 2y + ( 1y * 34.0 ) ) * 7x ) + 6y ) ) )
ind: 68
( ( ( 40.0 - 5y ) + ( ( ( 6x + ( 47.0 * 55.0 ) ) + ( ( 1x + 13.0 ) + ( 5x * 43.0 ) ) ) * ( 70.0 * 7x ) ) ) * ( 6y * ( ( 4x * 10y ) + ( 4x * 21.0 ) ) ) )
ind: 69
( ( ( ( ( 31.0 + 35.0 ) * 5y ) - 9x ) * 3x ) - 71.0 )
ind: 70
( ( 28.0 + ( ( 47.0 * ( ( 10y - 82.0 ) - 49.0 ) ) * 91.0 ) ) - ( 92.0 - ( ( ( ( 4y - 42.0 ) + ( 2x * 8x ) ) + ( ( 6y - 8y ) + ( 11.0 * 3x ) ) ) - ( 5.0 - 47.0 ) ) ) )
ind: 71
( ( 8y - 78.0 ) - 4x )
ind: 72
( ( ( ( ( ( 6y * 9y ) + ( 51.0 * 8x ) ) * ( 4x + ( 4x - 2x ) ) ) - 4.0 ) * ( 44.0 * 7x ) ) - ( 5y + ( ( 5y - 36.0 ) - 68.0 ) ) )
ind: 73
( 87.0 - ( ( 3y + 54.0 ) - ( ( 2x + ( 6y * 9x ) ) + 10y ) ) )
ind: 74
( ( 47.0 + ( ( 17.0 - ( ( 3x * 3y ) + ( 41.0 - 77.0 ) ) ) + ( ( ( 41.0 + 43.0 ) * 1.0 ) + 79.0 ) ) ) - 42.0 )
ind: 75
( ( ( 2y + 7x ) - ( 2y * 39.0 ) ) - ( ( 4x * ( 15.0 * 6x ) ) * ( ( ( ( 23.0 * 6y ) * ( 70.0 * 8y ) ) * ( ( 6x - 3x ) - ( 9x + 63.0 ) ) ) - ( ( ( 9y * 7x ) - ( 1x + 38.0 ) ) - 38.0 ) ) ) )
ind: 76
( 90.0 - ( 7x + ( ( 25.0 * 2x ) + ( 70.0 - ( 7y * ( 7y + 84.0 ) ) ) ) ) )
ind: 77
( ( 30.0 * 7x ) * ( 70.0 + ( ( 44.0 + ( ( 5x - 16.0 ) - 6y ) ) + ( 2x + 9x ) ) ) )
ind: 78
( ( ( ( ( ( 9y - 4x ) + ( 7x * 1x ) ) + ( ( 6x - 29.0 ) + 10x ) ) - ( ( ( 59.0 - 38.0 ) + 84.0 ) + ( ( 93.0 + 98.0 ) + ( 1.0 + 1y ) ) ) ) + ( ( 1y + 8x ) * ( ( 10x + 8y ) - ( 59.0 * 5y ) ) ) ) * 7y )
ind: 79
( ( 9.0 - 6x ) * ( ( ( 1y * 42.0 ) - ( ( ( 73.0 + 48.0 ) * 7.0 ) - 7.0 ) ) * ( ( 7y - 5x ) * ( 9x * 64.0 ) ) ) )
ind: 80
( 5y * ( 4y * ( ( ( ( 9.0 * 92.0 ) + ( 7x - 4y ) ) - ( 64.0 + 8x ) ) + ( 55.0 * ( ( 8y * 13.0 ) + ( 44.0 * 7y ) ) ) ) ) )
ind: 81
( ( 1.0 + 56.0 ) + ( ( ( 89.0 + ( ( 6x * 9y ) * 5x ) ) - 8y ) - 2x ) )
ind: 82
( ( 6y + ( ( ( ( 3x * 16.0 ) * ( 58.0 + 2y ) ) * ( 8y + 35.0 ) ) * 1x ) ) + 12.0 )
ind: 83
( ( ( ( 8x + 37.0 ) * ( 28.0 * 62.0 ) ) - ( 35.0 - 54.0 ) ) * ( ( 6x - 14.0 ) + ( ( ( ( 3.0 + 8x ) + ( 63.0 + 5y ) ) * 98.0 ) - ( ( 44.0 - 1x ) * 6x ) ) ) )
ind: 84
( ( ( 3x * ( ( 66.0 * ( 8y - 4y ) ) * ( ( 1x + 8y ) * ( 77.0 + 23.0 ) ) ) ) - ( ( 7x - 2x ) - 19.0 ) ) - ( ( ( ( 60.0 * 7y ) * 8y ) * 7x ) + 6x ) )
ind: 85
( ( ( ( 57.0 - 8y ) * 10x ) - 56.0 ) * 66.0 )
ind: 86
( 5x * 6y )
ind: 87
( 1x * ( 9.0 - 8y ) )
ind: 88
( ( ( ( ( 8y + 4x ) - 6y ) * 68.0 ) * ( 85.0 + 2y ) ) + 5x )
ind: 89
( ( ( ( 49.0 - ( 8y * ( 79.0 * 40.0 ) ) ) - ( ( ( 4y * 11.0 ) - ( 13.0 * 10x ) ) + 4x ) ) + 7x ) - ( ( ( 9x - 47.0 ) - ( ( ( 1x + 6x ) + 21.0 ) - ( ( 7y * 30.0 ) * 6y ) ) ) + ( 1y * ( ( 3y * 5x ) - ( ( 88.0 * 64.0 ) - ( 10y + 10y ) ) ) ) ) )
ind: 90
( 9y - ( 32.0 - ( ( 7y * ( 2x - 9.0 ) ) + ( ( 5y + 4x ) * 49.0 ) ) ) )
ind: 91
( 15.0 - ( 16.0 + ( ( ( ( 9x * 50.0 ) + 82.0 ) * 3x ) - ( ( 7x * ( 10y - 7x ) ) * ( 29.0 + 3x ) ) ) ) )
ind: 92
( ( ( ( 74.0 + 6x ) - ( 7y - ( ( 1.0 * 9x ) - 3y ) ) ) * ( 42.0 - ( ( 76.0 + 4x ) + ( ( 4y - 28.0 ) * ( 35.0 - 24.0 ) ) ) ) ) + 1y )
ind: 93
( 45.0 - ( ( 4y * ( ( 1y * ( 8x - 3x ) ) - ( ( 1y * 7x ) - 6x ) ) ) - ( 10y - ( ( 35.0 + ( 10y - 52.0 ) ) - ( ( 10x + 56.0 ) * 2y ) ) ) ) )
ind: 94
( ( 37.0 + ( ( 53.0 - 33.0 ) + ( 6y + ( ( 61.0 - 9x ) + ( 63.0 + 8x ) ) ) ) ) + 90.0 )
ind: 95
( ( ( ( ( ( 7x + 6x ) * ( 10y - 16.0 ) ) + 2x ) - ( ( ( 90.0 - 7x ) + 4y ) - 3y ) ) - 25.0 ) - 7y )
ind: 96
( ( ( ( 1.0 * ( ( 5y * 60.0 ) - ( 31.0 * 8x ) ) ) + ( 2.0 + 28.0 ) ) * 80.0 ) - ( 8x + 2x ) )
ind: 97
( ( ( ( ( ( 64.0 + 21.0 ) + ( 49.0 + 5x ) ) * 91.0 ) * 5y ) * 55.0 ) + ( ( 95.0 + ( ( 5y * ( 1x * 1x ) ) + 4y ) ) - 8x ) )
ind: 98
( ( ( ( 87.0 + 93.0 ) + ( ( 10y - ( 38.0 + 10y ) ) - 4y ) ) * ( 46.0 + ( 12.0 - ( ( 6x * 9y ) * 44.0 ) ) ) ) + ( 7y + ( ( ( 4y - 5y ) * ( 9x * ( 30.0 * 42.0 ) ) ) + ( 3y + ( ( 100.0 * 6x ) * 87.0 ) ) ) ) )
ind: 99
( 2y * ( 64.0 + 8x ) )
ind: 100
( ( 9x - ( 24.0 + ( ( ( 8.0 * 9y ) + ( 10x - 94.0 ) ) * 59.0 ) ) ) - ( ( ( ( ( 18.0 - 71.0 ) + 17.0 ) + 3y ) - 55.0 ) - ( ( 69.0 - ( 20.0 * ( 93.0 * 3x ) ) ) + ( ( ( 2x * 4y ) + 20.0 ) + 8.0 ) ) ) )
ind: 101
( 22.0 + ( ( 12.0 * ( 3x + ( ( 2x - 55.0 ) + ( 65.0 + 6y ) ) ) ) * 54.0 ) )
ind: 102
( ( ( ( ( 98.0 + ( 24.0 - 1y ) ) + ( ( 75.0 + 8x ) * 33.0 ) ) + ( 13.0 + 50.0 ) ) - ( 7y + ( 16.0 + 61.0 ) ) ) + ( 72.0 + ( ( 30.0 - 49.0 ) * 5x ) ) )
ind: 103
( 10y - ( ( 22.0 - ( ( ( 75.0 + 3y ) + 24.0 ) + 10x ) ) * ( 2x * ( ( 6y * 97.0 ) - ( ( 83.0 - 64.0 ) - 15.0 ) ) ) ) )
ind: 104
( ( 1y - ( ( 6.0 - ( 59.0 - 4y ) ) * 62.0 ) ) * ( 6x - ( 4x - 36.0 ) ) )
ind: 105
( ( ( ( 76.0 - ( ( 2.0 * 9y ) * ( 7x * 8y ) ) ) + ( ( 36.0 - 5x ) + ( ( 3.0 - 6x ) + ( 9x + 5x ) ) ) ) + ( 7y * 85.0 ) ) * ( 26.0 - 67.0 ) )
ind: 106
( 8x * ( 4x * ( 8x + ( ( 52.0 + ( 48.0 + 5y ) ) + 8y ) ) ) )
ind: 107
( 4y - 3x )
ind: 108
( ( ( 50.0 + ( ( ( 1x - 85.0 ) + 2y ) - ( 77.0 + 46.0 ) ) ) - ( ( ( 59.0 - 13.0 ) - 19.0 ) * 2y ) ) * 10y )
ind: 109
( 75.0 + ( ( ( ( 55.0 * 64.0 ) * ( ( 7.0 + 3y ) * 34.0 ) ) - ( ( ( 91.0 - 89.0 ) - 3x ) - ( 29.0 - ( 87.0 * 71.0 ) ) ) ) - 36.0 ) )
ind: 110
( ( ( ( ( ( 3.0 + 77.0 ) * 9x ) + 91.0 ) - 54.0 ) + ( 4.0 + 2y ) ) - ( 2x - ( 10x * 34.0 ) ) )
ind: 111
( ( ( ( 9y * 19.0 ) * 1x ) * ( 2x * 29.0 ) ) + ( ( 85.0 - 3x ) - 7x ) )
ind: 112
( 1y + 4x )
ind: 113
( ( 8x * ( 8x * ( 52.0 - 77.0 ) ) ) - ( 3y + 9x ) )
ind: 114
( ( 5x + 1y ) * 7x )
ind: 115
( ( 8x + ( ( 4y - 72.0 ) + ( ( 87.0 * 2y ) + 24.0 ) ) ) * ( ( ( 80.0 - ( 10y + 62.0 ) ) * 89.0 ) - 40.0 ) )
ind: 116
( ( 100.0 * ( 4x * ( ( 6x * ( 5x + 10x ) ) - 5y ) ) ) * ( ( 96.0 - ( ( ( 68.0 + 5x ) + ( 10y - 98.0 ) ) + 82.0 ) ) - ( ( 53.0 + 7x ) + ( 16.0 * 44.0 ) ) ) )
ind: 117
( 8.0 - ( ( 1x * ( 27.0 + 12.0 ) ) * ( ( 1y - 9x ) * 93.0 ) ) )
ind: 118
( ( 6x * 7y ) + ( ( ( ( 4x + ( 9.0 * 2x ) ) * ( ( 2y - 28.0 ) - ( 99.0 * 11.0 ) ) ) * 27.0 ) - 7y ) )
ind: 119
( 36.0 - ( ( ( ( 41.0 - ( 4x + 10x ) ) + 44.0 ) + 13.0 ) - ( 76.0 + ( ( ( 4.0 + 3x ) * 96.0 ) + ( ( 4y * 30.0 ) - 66.0 ) ) ) ) )
ind: 120
( ( 6y - ( ( 84.0 - 4y ) - ( 7y + ( 23.0 + 5x ) ) ) ) * 17.0 )
ind: 121
( 6x - ( ( 3y * ( 10y - ( ( 53.0 + 44.0 ) * ( 3x * 25.0 ) ) ) ) - ( ( 6x + ( ( 8.0 + 1x ) - 22.0 ) ) + ( 9y - 1x ) ) ) )
ind: 122
( 4y + ( 7x - ( ( ( ( 9y - 1x ) - 12.0 ) + ( 9x + 67.0 ) ) - ( ( 20.0 - ( 87.0 * 5x ) ) + ( 1x - ( 3y + 7y ) ) ) ) ) )
ind: 123
( 24.0 * ( 8y - 9x ) )
ind: 124
( ( 26.0 * 7x ) - ( ( 6x + 50.0 ) - 9y ) )
ind: 125
( 20.0 - ( 13.0 - ( ( ( 41.0 - ( 26.0 + 32.0 ) ) + ( 68.0 * ( 9y + 5x ) ) ) - ( 4x * ( 12.0 + 25.0 ) ) ) ) )
ind: 126
( ( 11.0 + ( ( 5x * 45.0 ) + 11.0 ) ) + ( ( 27.0 * ( ( 8x * 9y ) * ( ( 6y * 7y ) + 4y ) ) ) - ( ( 4y - 9y ) - ( 3.0 + ( 8.0 * 7.0 ) ) ) ) )
ind: 127
( ( ( ( ( 13.0 - 3x ) - 83.0 ) + 3y ) * 1y ) + ( 10x + 6y ) )
ind: 128
( ( ( 3y * 100.0 ) - ( 8y - ( ( 73.0 - ( 9x - 77.0 ) ) + ( 3y - 97.0 ) ) ) ) - ( ( 1.0 * ( 29.0 - ( 5y * ( 5.0 + 14.0 ) ) ) ) - ( ( ( ( 10.0 * 73.0 ) * ( 6y - 1x ) ) * 10.0 ) + 65.0 ) ) )
ind: 129
( ( ( 55.0 + ( ( 4y + 5x ) + ( 10y * 36.0 ) ) ) + ( ( ( 9x + ( 8x * 67.0 ) ) * 1y ) + ( ( 38.0 * 49.0 ) * ( 8y + 1y ) ) ) ) + ( ( ( ( ( 61.0 + 2x ) + ( 93.0 - 23.0 ) ) + 2y ) - 36.0 ) * 10y ) )
ind: 130
( ( ( 6y + 3x ) - 8x ) * 5y )
ind: 131
( ( 8y + 9.0 ) * ( 4x * 72.0 ) )
ind: 132
( ( 1x + 19.0 ) * ( ( 8x * ( ( ( 1x - 4y ) + ( 85.0 - 81.0 ) ) * 2x ) ) - 78.0 ) )
ind: 133
( ( ( ( ( ( 76.0 + 10y ) - 10x ) - ( ( 7x * 51.0 ) - 18.0 ) ) - 3y ) * ( ( ( ( 52.0 + 3y ) * 28.0 ) - ( 5x * 30.0 ) ) - 1y ) ) * 39.0 )
ind: 134
( 5y - 6x )
ind: 135
( 6.0 - ( ( ( 3x - ( ( 5y - 5y ) + ( 7x * 3x ) ) ) + ( ( 42.0 + 75.0 ) + 65.0 ) ) * 8y ) )
ind: 136
( 84.0 - ( ( ( ( 9x + ( 4y + 89.0 ) ) + 96.0 ) + ( ( ( 48.0 + 9x ) * ( 4x + 50.0 ) ) - 50.0 ) ) - 6y ) )
ind: 137
( 8y - 6x )
ind: 138
( ( ( 4y * ( 83.0 * 6y ) ) + ( 8y + ( ( 8y * ( 37.0 * 5x ) ) * ( 5y + 5y ) ) ) ) - ( ( ( ( 6x - 55.0 ) - 4x ) - 1y ) * 92.0 ) )
ind: 139
( 7x * ( ( 3x + ( ( 3y + 4x ) + ( 5y - ( 1x + 7x ) ) ) ) + ( ( 1x * 5x ) * 77.0 ) ) )
ind: 140
( ( 59.0 + ( 61.0 * ( ( 23.0 + 13.0 ) + ( 1x + ( 8y - 28.0 ) ) ) ) ) - 54.0 )
ind: 141
( ( 62.0 * 6.0 ) * ( ( ( ( 2x + 2x ) * ( ( 53.0 - 49.0 ) + ( 8x - 8y ) ) ) + ( ( 36.0 - ( 69.0 * 2y ) ) * ( ( 1.0 * 40.0 ) * ( 88.0 - 2y ) ) ) ) + 26.0 ) )
ind: 142
( 1x + 7y )
ind: 143
( 8x * ( ( ( ( ( 37.0 - 4y ) + ( 1y - 5y ) ) - ( 3x * ( 4y - 85.0 ) ) ) + 84.0 ) * 66.0 ) )
ind: 144
( 73.0 + ( ( 19.0 - ( 2x - 3y ) ) - 2y ) )
ind: 145
( 8x - ( ( 10x * 3y ) + ( 8y * ( ( 68.0 - ( 7y + 2x ) ) - ( ( 8y + 5y ) - 4y ) ) ) ) )
ind: 146
( ( ( 3y * 100.0 ) * ( 4y + ( ( 4x + ( 94.0 - 8x ) ) * 1x ) ) ) - 4x )
ind: 147
( 1x + ( ( 25.0 * ( ( 75.0 - 81.0 ) - ( ( 53.0 + 100.0 ) * ( 59.0 - 30.0 ) ) ) ) + ( ( 9x * 96.0 ) * 6y ) ) )
ind: 148
( ( ( ( 18.0 * ( 10x - ( 10x * 58.0 ) ) ) * ( 8y + ( ( 2.0 - 1x ) - ( 2x - 4.0 ) ) ) ) - ( 81.0 + 90.0 ) ) * ( ( ( ( 64.0 + ( 50.0 * 2x ) ) * 44.0 ) * 4y ) - ( ( 99.0 * ( 1x * 8y ) ) * 15.0 ) ) )
ind: 149
( 56.0 + ( ( 1x + 75.0 ) - ( 25.0 - ( ( 9y * 5x ) + 8x ) ) ) )
ind: 150
( ( 5y - 5x ) * ( 50.0 * 53.0 ) )
ind: 151
( ( 3x + ( ( 35.0 * ( ( 69.0 - 4y ) + ( 19.0 - 10x ) ) ) + ( 60.0 * ( 9y + 10.0 ) ) ) ) - 93.0 )
ind: 152
( ( ( ( 3x + ( ( 3x - 9y ) * 90.0 ) ) + ( 82.0 + ( 5y + ( 1.0 + 18.0 ) ) ) ) - 8.0 ) * 5y )
ind: 153
( ( ( ( ( ( 5y - 7.0 ) * ( 9y + 87.0 ) ) - 10x ) + ( ( ( 8x - 38.0 ) + ( 23.0 * 8y ) ) + 16.0 ) ) * 5x ) * ( ( 10x - 8x ) * ( 21.0 + 4x ) ) )
ind: 154
( 1x + ( 47.0 * ( 40.0 + ( ( 9x + 76.0 ) - 8y ) ) ) )
ind: 155
( ( ( ( ( ( 5y + 7x ) - 81.0 ) + 64.0 ) - 2x ) - ( ( 81.0 + 54.0 ) - ( ( ( 5y - 2y ) * 3y ) * ( 96.0 * 4y ) ) ) ) + ( 7x * 6x ) )
ind: 156
( ( ( ( 2x * ( 9y + ( 1x - 9.0 ) ) ) - ( ( ( 39.0 + 78.0 ) + ( 55.0 + 5y ) ) * 89.0 ) ) * 6y ) + 10.0 )
ind: 157
( ( 28.0 - ( 4x * 3y ) ) * ( 7y - 1x ) )
ind: 158
( 9x * ( ( 70.0 * 7x ) + ( 1y + ( ( 41.0 - ( 18.0 * 2y ) ) - 65.0 ) ) ) )
ind: 159
( ( ( 37.0 + 1y ) * 7x ) - ( ( ( 2y * 7y ) + 5x ) + 3y ) )
ind: 160
( 6x * ( ( 3x + ( ( ( 2.0 * 62.0 ) * 65.0 ) * 2y ) ) * 5y ) )
ind: 161
( 10y - 9x )
ind: 162
( ( ( ( ( ( 78.0 + 7y ) + 56.0 ) + 4x ) + ( 3x * 37.0 ) ) * 86.0 ) * 6x )
ind: 163
( 7y * ( 7x * 10x ) )
ind: 164
( ( 36.0 * 6y ) + ( 59.0 * ( ( 36.0 + 5x ) + 91.0 ) ) )
ind: 165
( 10x - ( 10.0 + ( ( 7.0 + ( ( 10y + 34.0 ) + 7x ) ) - 1y ) ) )
ind: 166
( ( 12.0 - 5y ) * ( ( ( 94.0 * 95.0 ) - 10y ) - 3x ) )
ind: 167
( 95.0 + ( 6y * 3x ) )
ind: 168
( ( ( ( 71.0 - ( 63.0 - ( 8x * 6y ) ) ) - 7x ) * ( ( 21.0 - ( 7y + 8x ) ) * ( 83.0 + ( ( 63.0 - 63.0 ) + 55.0 ) ) ) ) - 94.0 )
ind: 169
( ( 23.0 * ( 6.0 + ( 99.0 * 48.0 ) ) ) - ( ( 95.0 * ( ( 56.0 - 37.0 ) - ( 2x - ( 4y + 28.0 ) ) ) ) * 97.0 ) )
ind: 170
( ( ( 90.0 + 43.0 ) - 1x ) - ( 8.0 - 7y ) )
ind: 171
( ( ( 1.0 * ( 53.0 * 2y ) ) - 93.0 ) + ( ( 1x - 7y ) * ( ( ( ( 6y * 6y ) - 44.0 ) + ( 1y * 31.0 ) ) - ( ( 80.0 + ( 62.0 + 36.0 ) ) + ( 20.0 * 8.0 ) ) ) ) )
ind: 172
( ( ( 4x + 1y ) - 55.0 ) + ( 15.0 - ( 15.0 + 10x ) ) )
ind: 173
( ( 67.0 - ( 3y + ( 2x - ( 10y + ( 7x - 8.0 ) ) ) ) ) + ( ( ( 1y * 27.0 ) + 1.0 ) - ( 4y - 50.0 ) ) )
ind: 174
( ( 87.0 - 72.0 ) + ( ( ( 30.0 * 71.0 ) - ( 9y * 1x ) ) * 53.0 ) )
ind: 175
( ( ( ( 97.0 + 91.0 ) * 6x ) - ( 66.0 + ( 78.0 - ( 2x * 70.0 ) ) ) ) - ( ( ( 1x + ( 1y * 10.0 ) ) + 9x ) * 40.0 ) )
ind: 176
( ( ( 60.0 + 97.0 ) + ( ( ( 2x * ( 12.0 - 2y ) ) + 7x ) + ( 24.0 + ( 1x * 7x ) ) ) ) * 8y )
ind: 177
( ( 90.0 * 8x ) * ( ( ( ( ( 10y + 10x ) + 10y ) * ( ( 7x - 1x ) * 10y ) ) - ( ( ( 6x - 100.0 ) + ( 10y + 7x ) ) * ( 95.0 * ( 6x - 35.0 ) ) ) ) * ( ( 3.0 + ( 80.0 - ( 10x - 9.0 ) ) ) - ( 5y - ( ( 73.0 + 70.0 ) - 46.0 ) ) ) ) )
ind: 178
( ( ( ( ( ( 1y + 9.0 ) + ( 95.0 + 7x ) ) - 24.0 ) * ( 32.0 - 4x ) ) * 7x ) - 3x )
ind: 179
( ( 7x - 9x ) - ( ( ( ( 9x * 35.0 ) * ( 1x * ( 29.0 + 6x ) ) ) + 3x ) * ( ( ( ( 49.0 - 1x ) - 6x ) * ( 30.0 * ( 10y - 10x ) ) ) + 3.0 ) ) )
ind: 180
( ( ( ( ( 9y + ( 1y - 9x ) ) * 72.0 ) + ( 10.0 - ( ( 6x - 19.0 ) - ( 5.0 + 3x ) ) ) ) - ( 68.0 * ( ( ( 7x - 3x ) + ( 45.0 - 96.0 ) ) + ( ( 65.0 * 3y ) * ( 10x - 5x ) ) ) ) ) + 8y )
ind: 181
( ( ( ( ( 82.0 + ( 23.0 + 5y ) ) * ( ( 100.0 + 83.0 ) - 96.0 ) ) + ( ( 14.0 * ( 100.0 - 57.0 ) ) * 92.0 ) ) * ( ( 8x + ( 88.0 + ( 99.0 + 39.0 ) ) ) - ( ( ( 10x - 4y ) * 69.0 ) + ( ( 1y - 8x ) * 6x ) ) ) ) * ( ( ( 4x - 41.0 ) + 71.0 ) * ( ( 41.0 * ( 56.0 * ( 1y + 24.0 ) ) ) + ( 30.0 * ( 2x - ( 8y * 6.0 ) ) ) ) ) )
ind: 182
( ( ( 7x - ( 2x * ( 40.0 + ( 31.0 + 10y ) ) ) ) * 81.0 ) + ( 4x - 4.0 ) )
ind: 183
( ( ( ( ( ( 3y * 7x ) + ( 49.0 * 9x ) ) - 6y ) - 3x ) + 2y ) - ( 4x + 10y ) )
ind: 184
( ( ( 44.0 * 80.0 ) * 8y ) - ( ( ( ( ( 36.0 * 1.0 ) * 2x ) + ( ( 89.0 - 80.0 ) + ( 38.0 - 58.0 ) ) ) * ( ( 2x + ( 54.0 - 8x ) ) - 1y ) ) + 9x ) )
ind: 185
( ( ( ( 8x * 1x ) + 1x ) * ( 5y * ( 33.0 * ( ( 9y + 1x ) - 5x ) ) ) ) - 8x )
ind: 186
( ( ( ( 86.0 * 30.0 ) + ( 3x - 1x ) ) + ( 26.0 - ( 8y + 6y ) ) ) + ( ( ( ( 5y * ( 10y - 50.0 ) ) * 6x ) * ( 61.0 + ( 46.0 * 3x ) ) ) - ( ( 22.0 + ( 18.0 * 9x ) ) * ( 92.0 * ( 10y + ( 10x - 6y ) ) ) ) ) )
ind: 187
( ( ( ( ( 97.0 + 7y ) * ( 70.0 + 71.0 ) ) * 8y ) + ( 42.0 + ( ( ( 22.0 + 9y ) - 4y ) + 62.0 ) ) ) * 8x )
ind: 188
( ( ( 68.0 + ( 32.0 - ( 6x + 83.0 ) ) ) * 6x ) * 8y )
ind: 189
( ( ( ( 82.0 + ( 2.0 + 18.0 ) ) - ( 9y * ( ( 1.0 * 87.0 ) - 43.0 ) ) ) + 10x ) + ( ( ( 28.0 - 1x ) - 4y ) * ( ( ( ( 9.0 - 36.0 ) - 55.0 ) + ( 87.0 * 6y ) ) - ( 7y * 35.0 ) ) ) )
ind: 190
( ( 1y + 7x ) * ( 2x - 93.0 ) )
ind: 191
( ( ( ( ( 8.0 - ( 99.0 * 1.0 ) ) * 5x ) + ( ( ( 5x + 44.0 ) + ( 7x * 91.0 ) ) + 65.0 ) ) - 8y ) * ( ( ( ( 5y - 2x ) - 24.0 ) + 40.0 ) + 8y ) )
ind: 192
( 5x + ( 5y * ( ( ( ( 92.0 * 79.0 ) * ( 2y + 2x ) ) * 9y ) + 3x ) ) )
ind: 193
( ( ( ( 45.0 - ( ( 3x + 8x ) * 4y ) ) * ( 39.0 * ( ( 64.0 * 48.0 ) - ( 9.0 * 8y ) ) ) ) + ( ( ( ( 2x + 61.0 ) - 7x ) + ( ( 2y * 34.0 ) - ( 1x - 29.0 ) ) ) - 35.0 ) ) + ( 84.0 + ( 1x + ( ( ( 83.0 + 3x ) - 5y ) + ( 72.0 * ( 68.0 - 3y ) ) ) ) ) )
ind: 194
( ( ( ( ( 10y + ( 71.0 * 5y ) ) + ( ( 9y + 7y ) - ( 2x + 32.0 ) ) ) + 8x ) * ( ( ( ( 10x * 85.0 ) * ( 2y - 5y ) ) - ( 4y - ( 32.0 - 90.0 ) ) ) - 59.0 ) ) - 4x )
ind: 195
( 10y + ( ( 9y * ( ( 2x * 18.0 ) + 5x ) ) * 8x ) )
ind: 196
( ( 5y * 6x ) + ( ( ( ( ( 94.0 + 72.0 ) + ( 6x * 9y ) ) + ( 2x + ( 7x - 22.0 ) ) ) - 9x ) - 43.0 ) )
ind: 197
( ( 8y - ( ( 37.0 * ( ( 13.0 * 4y ) * ( 9x - 4x ) ) ) + ( ( 91.0 + 18.0 ) + ( 8y - ( 7y * 10x ) ) ) ) ) - ( ( ( ( ( 10y * 5y ) - 5.0 ) * 52.0 ) - ( ( ( 3y * 89.0 ) - ( 14.0 - 4x ) ) * ( ( 80.0 - 61.0 ) + ( 53.0 + 36.0 ) ) ) ) - ( 69.0 - 6x ) ) )
ind: 198
( ( 63.0 * 6.0 ) * ( ( 1x - ( ( ( 8y - 4y ) * ( 4y * 9x ) ) + ( 49.0 * 5x ) ) ) + 8x ) )
ind: 199
( ( 9y * ( ( ( 8x + ( 12.0 * 85.0 ) ) - 7x ) - 11.0 ) ) + 37.0 )
ind: 200
( 50.0 * ( 7y * ( ( ( ( 48.0 + 5x ) - ( 20.0 * 2y ) ) + ( ( 1y * 28.0 ) * ( 14.0 - 2x ) ) ) * 9y ) ) )
ind: 201
( ( ( ( 19.0 - 66.0 ) - ( 7x * ( 3y - 23.0 ) ) ) - 27.0 ) - 26.0 )
ind: 202
( ( ( 6x - 54.0 ) - ( ( 57.0 * ( ( 57.0 - 14.0 ) * ( 2y - 76.0 ) ) ) + 29.0 ) ) + ( 9y + ( 75.0 + 4x ) ) )
ind: 203
( 3y - ( ( ( 5x * 23.0 ) + 9y ) * 2x ) )
ind: 204
( ( 50.0 - ( ( 13.0 - 5x ) - ( 95.0 * ( 5x + ( 82.0 - 1y ) ) ) ) ) * ( ( ( ( 4y + ( 45.0 - 6y ) ) - 64.0 ) * ( ( ( 1y * 96.0 ) * 6x ) - 8x ) ) * 2y ) )
ind: 205
( 9x - ( ( ( ( 6x + 68.0 ) - ( ( 8.0 * 10y ) * 4.0 ) ) - 78.0 ) - 7y ) )
ind: 206
( 7x * ( 4y - 58.0 ) )
ind: 207
( ( ( ( ( ( 34.0 - 18.0 ) * 2x ) - 43.0 ) * ( ( 4y * 5y ) - ( 41.0 * ( 28.0 - 97.0 ) ) ) ) - 38.0 ) * 23.0 )
ind: 208
( 10y * ( 8x - ( ( 90.0 * 59.0 ) - 5x ) ) )
ind: 209
( ( ( 32.0 - 73.0 ) - ( 1x + ( 8y - 10y ) ) ) - ( 56.0 - 4x ) )
ind: 210
( 54.0 - ( ( ( 9y - 90.0 ) * ( ( 60.0 + ( 1y * 2y ) ) + ( 6y + 2x ) ) ) + ( 9x * ( 2y * 6.0 ) ) ) )
ind: 211
( ( ( 7x * 79.0 ) * ( 1y * ( 51.0 + ( 1y + 2y ) ) ) ) + 3x )
ind: 212
( ( 8y - ( ( 5x * 10y ) + 100.0 ) ) * ( ( 2x + ( ( ( 44.0 * 1y ) - ( 27.0 - 10y ) ) - ( 62.0 - ( 2x - 93.0 ) ) ) ) * ( 6x * ( 92.0 - 16.0 ) ) ) )
ind: 213
( ( 56.0 - 25.0 ) * ( ( ( ( ( 1y + 2y ) + 6x ) + 63.0 ) - ( ( 8y * 9x ) - ( 66.0 - ( 44.0 + 6y ) ) ) ) * ( ( ( 91.0 + ( 66.0 - 60.0 ) ) + ( ( 5x - 56.0 ) - 24.0 ) ) - ( 6y + 25.0 ) ) ) )
ind: 214
( ( 2y + 7x ) + 2x )
ind: 215
( ( 8x + 25.0 ) - ( ( 9y * 9x ) - 3x ) )
ind: 216
( ( ( 4x + ( 6x * ( 2x * ( 87.0 * 10y ) ) ) ) * ( ( ( 1y + ( 31.0 - 60.0 ) ) * 5y ) + ( 92.0 - ( 38.0 + 9y ) ) ) ) * 6x )
ind: 217
( ( ( ( 21.0 + 1x ) * 25.0 ) - ( ( ( ( 84.0 - 88.0 ) * ( 10x * 10x ) ) * 7y ) + ( ( ( 18.0 - 3y ) - ( 63.0 + 8x ) ) + 83.0 ) ) ) * ( ( ( ( 5y * ( 8.0 * 35.0 ) ) - ( ( 65.0 - 5y ) + 46.0 ) ) + ( ( ( 9x * 17.0 ) + 50.0 ) + 26.0 ) ) - 2x ) )
ind: 218
( ( ( 10x + 5x ) * ( ( 2x + 68.0 ) - ( 60.0 + 9y ) ) ) * 9y )
ind: 219
( ( ( 10y * ( ( 3x - 2y ) * 69.0 ) ) * 24.0 ) * ( 24.0 - ( ( 1y + ( 8y + 10x ) ) + ( ( ( 10y * 11.0 ) * 26.0 ) + 6y ) ) ) )
ind: 220
( ( 11.0 + 43.0 ) - ( 9x - ( ( ( ( 80.0 + 55.0 ) * 79.0 ) + 72.0 ) + ( 3y * 70.0 ) ) ) )
ind: 221
( 10x * ( 2x + ( 70.0 + 1y ) ) )
ind: 222
( ( 8x + ( 39.0 - 9x ) ) + ( 10x * ( 6y + 48.0 ) ) )
ind: 223
( ( ( 4.0 - ( 46.0 - ( 7.0 * 18.0 ) ) ) + 9y ) - ( ( 8x - 8y ) - 7y ) )
ind: 224
( 60.0 - ( ( 4x * ( 2y - 8y ) ) * ( 3y - ( 77.0 + ( 3x - 8y ) ) ) ) )
ind: 225
( ( 62.0 + ( ( ( ( 56.0 - 60.0 ) + ( 2x - 75.0 ) ) * ( ( 8y * 99.0 ) + ( 66.0 * 100.0 ) ) ) + ( ( 27.0 + 96.0 ) + 6x ) ) ) - 8x )
ind: 226
( ( ( 6x + 90.0 ) - ( ( ( 20.0 - ( 41.0 + 38.0 ) ) - ( ( 2x + 77.0 ) - 91.0 ) ) * ( 83.0 + ( ( 8x * 95.0 ) + 54.0 ) ) ) ) * ( ( 7y - 99.0 ) * 26.0 ) )
ind: 227
( ( ( ( 18.0 * 2y ) + ( ( 26.0 + ( 63.0 - 59.0 ) ) + ( ( 4x - 7y ) * ( 46.0 * 64.0 ) ) ) ) + ( ( 4y - ( 58.0 + 3.0 ) ) - ( 10x + ( ( 4.0 * 99.0 ) * 5y ) ) ) ) - ( ( 5x + ( ( 14.0 * 98.0 ) - 10y ) ) - 7x ) )
ind: 228
( ( ( ( 7y * ( 2y - ( 99.0 + 57.0 ) ) ) * ( 98.0 * 6.0 ) ) - 87.0 ) * 2x )
ind: 229
( 16.0 - ( ( 3y * ( 4y - 10x ) ) * 50.0 ) )
ind: 230
( ( ( 1x - 51.0 ) + ( ( ( 3x - 2y ) + ( 3x + 5y ) ) + ( 8y + ( ( 70.0 * 31.0 ) * ( 55.0 - 4y ) ) ) ) ) + ( ( 99.0 - 8y ) + ( ( 29.0 * ( ( 49.0 + 4x ) - ( 2y + 4x ) ) ) - 6y ) ) )
ind: 231
( ( 29.0 * ( ( 5y - ( ( 21.0 - 21.0 ) + ( 2y - 5.0 ) ) ) - ( ( 6y * 10x ) * 4.0 ) ) ) + 60.0 )
ind: 232
( 2y + ( ( ( ( 64.0 * 6y ) + 7y ) * 3x ) + 56.0 ) )
ind: 233
( ( 14.0 - 2x ) + ( ( ( ( 60.0 * ( 49.0 * 8x ) ) + ( 38.0 * 69.0 ) ) - 6y ) - 1y ) )
ind: 234
( 1x + ( ( ( 90.0 - 59.0 ) + ( ( 2x + ( 9y + 15.0 ) ) * 2y ) ) + ( ( 6x * 42.0 ) * ( 72.0 - ( ( 5x - 48.0 ) * 7x ) ) ) ) )
ind: 235
( ( 1x - 1y ) * 83.0 )
ind: 236
( ( 12.0 - 10y ) + 2x )
ind: 237
( ( ( 8y + 3y ) + 81.0 ) + 5x )
ind: 238
( ( ( 1y * ( ( 8x * ( 26.0 * 8x ) ) + ( 8y + 1y ) ) ) + 88.0 ) + ( 38.0 - ( ( ( ( 3y + 7y ) * 5y ) * ( ( 28.0 - 4x ) * ( 1.0 - 8x ) ) ) - 8y ) ) )
ind: 239
( ( ( 2y + ( 77.0 - 4x ) ) + ( 8y - ( ( ( 2x - 50.0 ) * 1y ) * 7.0 ) ) ) - 62.0 )
ind: 240
( ( ( ( 2y + 54.0 ) + ( 4y * 9.0 ) ) * 25.0 ) - ( ( 6y + ( ( 10y * ( 67.0 + 9.0 ) ) * ( ( 6x + 9y ) + 1x ) ) ) + ( 93.0 - 9x ) ) )
ind: 241
( ( 5.0 * ( 6y + 8x ) ) * ( 4x - 58.0 ) )
ind: 242
( 82.0 * ( ( ( ( ( 7y + 3x ) * 2y ) * 76.0 ) * 36.0 ) - ( 7y + 30.0 ) ) )
ind: 243
( 6y * 6x )
ind: 244
( 5x * 7y )
ind: 245
( 4x + 3y )
ind: 246
( ( 7x - ( ( ( ( 2y - 16.0 ) * 10y ) + 1.0 ) - ( 2x * ( 4x * 9x ) ) ) ) + ( 33.0 - 8x ) )
ind: 247
( 46.0 * ( ( ( 3y + 5y ) * 7x ) - 45.0 ) )
ind: 248
( ( ( 97.0 - 79.0 ) * ( ( ( 1y + 70.0 ) - ( 68.0 + 6x ) ) * ( ( 51.0 * 10x ) - ( ( 1.0 * 5x ) - ( 7y * 8y ) ) ) ) ) * 8y )
ind: 249
( ( ( 6y - ( 8x - 43.0 ) ) * ( 43.0 + ( ( ( 9y - 6x ) - ( 2y + 2y ) ) - ( ( 69.0 - 63.0 ) + 7y ) ) ) ) + ( ( ( 88.0 * 12.0 ) - ( 69.0 + ( 31.0 * ( 5y + 67.0 ) ) ) ) - 3.0 ) )
ind: 250
( ( ( 84.0 * 4x ) + ( 2x * ( ( ( 9y - 90.0 ) + 53.0 ) - 8x ) ) ) * ( 9x - ( ( 11.0 - ( ( 97.0 - 9y ) * ( 6x + 97.0 ) ) ) * ( ( 1x + ( 90.0 + 8y ) ) - ( ( 1y * 68.0 ) - 47.0 ) ) ) ) )
ind: 251
( ( ( 84.0 - 7y ) * ( 21.0 - ( ( ( 17.0 + 9x ) * 89.0 ) - ( ( 7y - 4y ) + 1y ) ) ) ) - ( 76.0 + ( ( ( ( 3y * 12.0 ) + 10y ) - ( ( 23.0 * 60.0 ) + 77.0 ) ) + 82.0 ) ) )
ind: 252
( ( 32.0 - ( 10x * 5x ) ) * 2y )
ind: 253
( ( ( ( ( 44.0 + ( 5x * 50.0 ) ) * ( 31.0 - 81.0 ) ) * ( ( 2x - ( 8x * 8y ) ) + 82.0 ) ) * ( 4y + 10y ) ) + 10x )
ind: 254
( ( 4x * 7y ) * ( 9y * ( ( 6y * ( 3y - ( 51.0 - 10x ) ) ) - ( 95.0 - ( 10x - 22.0 ) ) ) ) )
ind: 255
( ( 8x + ( ( ( ( 2x + 23.0 ) + ( 67.0 + 26.0 ) ) - 2y ) + ( ( ( 58.0 + 27.0 ) + 10x ) * ( ( 57.0 + 87.0 ) - ( 3.0 * 50.0 ) ) ) ) ) + 43.0 )
ind: 256
( ( ( 2y + 63.0 ) - ( ( ( ( 46.0 * 10y ) + ( 10y + 9x ) ) + 7x ) + ( ( 5x + 42.0 ) * 31.0 ) ) ) - ( 52.0 + ( ( ( ( 5x - 31.0 ) * 38.0 ) * ( 65.0 - ( 2y + 1.0 ) ) ) * ( ( ( 14.0 - 54.0 ) * 50.0 ) - 5.0 ) ) ) )
ind: 257
( 62.0 - ( 90.0 + ( 2x + ( 53.0 * ( 91.0 - ( 7y + 74.0 ) ) ) ) ) )
ind: 258
( ( ( 89.0 + 9y ) * ( 7x * 39.0 ) ) - ( ( ( ( ( 17.0 + 5y ) * ( 43.0 - 74.0 ) ) + ( 1x - ( 3x - 8y ) ) ) + ( ( ( 82.0 - 6.0 ) - 7y ) - ( ( 20.0 * 2y ) + 2y ) ) ) * ( 8y * ( 58.0 + ( 7x * ( 4x * 10x ) ) ) ) ) )
ind: 259
( ( 9x * 4y ) + 60.0 )
ind: 260
( 3y - 1x )
ind: 261
( ( ( ( ( ( 1x - 25.0 ) + ( 34.0 - 6x ) ) - 86.0 ) + 37.0 ) + ( 7x - 5y ) ) * ( ( ( ( ( 73.0 + 62.0 ) + 42.0 ) + 1y ) - ( ( ( 86.0 * 7y ) + ( 3y - 97.0 ) ) * 6y ) ) - 58.0 ) )
ind: 262
( ( 4x + ( ( ( ( 7y * 47.0 ) - 24.0 ) * ( 10x - 7x ) ) * 30.0 ) ) + ( 98.0 - ( 75.0 - 76.0 ) ) )
ind: 263
( 5x * ( ( 9y + ( 8y * 2x ) ) - ( ( ( ( 1x * 5x ) + ( 6.0 * 75.0 ) ) * 96.0 ) - 1y ) ) )
ind: 264
( 77.0 + ( 62.0 + ( ( ( ( 8x + 3y ) * ( 78.0 - 6.0 ) ) * 5.0 ) * 45.0 ) ) )
ind: 265
( 3y - 1x )
ind: 266
( 7y * ( 63.0 + 7x ) )
ind: 267
( 4y + ( 93.0 * ( ( 8x + ( 4x + ( 94.0 - 7x ) ) ) + 95.0 ) ) )
ind: 268
( 9y + 6x )
ind: 269
( 8x + ( 38.0 * ( ( ( 6y + 47.0 ) + ( ( 9x + 2x ) + ( 3x - 73.0 ) ) ) * 23.0 ) ) )
ind: 270
( ( ( ( 7x - 2y ) - 42.0 ) * 2y ) * 10y )
ind: 271
( 8y - ( ( 7x - 4x ) * 99.0 ) )
ind: 272
( ( 9.0 + ( ( 3x * ( 22.0 - 8x ) ) - 1y ) ) * 6x )
ind: 273
( 20.0 + ( ( ( 55.0 * ( ( 78.0 - 3x ) * 2.0 ) ) - 5y ) + ( 10y - ( ( ( 1y + 4y ) + ( 41.0 * 73.0 ) ) + ( 10y - 4y ) ) ) ) )
ind: 274
( ( ( ( 6x * 52.0 ) + ( 25.0 - 65.0 ) ) + ( ( ( 13.0 - 1y ) + ( 2x - ( 23.0 - 15.0 ) ) ) + ( 8x - 70.0 ) ) ) * 3y )
ind: 275
( 2y + ( 7x * ( ( 43.0 * 21.0 ) - 4x ) ) )
ind: 276
( 7y + ( ( 10x - 32.0 ) + ( 9y * 10y ) ) )
ind: 277
( 51.0 + ( 7y + ( ( ( 2x + ( 8y * 97.0 ) ) - ( ( 3x + 7y ) - ( 4y - 99.0 ) ) ) - 6y ) ) )
ind: 278
( 7y - ( 1x * 57.0 ) )
ind: 279
( ( 73.0 * ( ( ( ( 56.0 * 19.0 ) * 9x ) + 9x ) + 1.0 ) ) - ( ( 58.0 + ( ( ( 75.0 * 1x ) - 40.0 ) - ( 10y + ( 9y * 5x ) ) ) ) - ( ( 9y * 9x ) * ( ( ( 5y + 51.0 ) + 9x ) - ( ( 92.0 - 54.0 ) + ( 81.0 * 4x ) ) ) ) ) )
ind: 280
( ( 5y - ( 90.0 - 10y ) ) + ( ( 90.0 * ( 10.0 - ( 7y - 10x ) ) ) - ( 7y - 47.0 ) ) )
ind: 281
( 42.0 - ( ( ( 25.0 * 4y ) - ( 2y + 8x ) ) + ( ( 38.0 * ( ( 12.0 + 67.0 ) - ( 6x - 6y ) ) ) - 41.0 ) ) )
ind: 282
( ( ( 3y * ( ( 71.0 * 36.0 ) * 45.0 ) ) - ( 9.0 * ( 97.0 * ( ( 1x * 7y ) + ( 51.0 * 7y ) ) ) ) ) - ( 8y * ( ( ( ( 91.0 * 50.0 ) - 39.0 ) + ( ( 5y - 50.0 ) * ( 9x * 5.0 ) ) ) + 12.0 ) ) )
ind: 283
( ( 10y + ( 3x * 1x ) ) - ( ( ( 1y - 9y ) + ( 4x - ( 99.0 - ( 3x + 2y ) ) ) ) - 5x ) )
ind: 284
( ( 8x - ( 6x + 64.0 ) ) * ( ( ( 3y + ( 12.0 - 7y ) ) + 10.0 ) * ( ( ( 78.0 + 34.0 ) - ( ( 55.0 + 85.0 ) - 5y ) ) - ( ( ( 68.0 + 81.0 ) + 3x ) - ( ( 85.0 * 5y ) * ( 48.0 - 2x ) ) ) ) ) )
ind: 285
( ( 39.0 * ( ( ( ( 2y * 1y ) + 84.0 ) * ( 8x + ( 91.0 - 21.0 ) ) ) - 1x ) ) * 10x )
ind: 286
( 100.0 + ( ( 2y + ( ( ( 9y * 100.0 ) + ( 1y * 63.0 ) ) - 9y ) ) + ( 6x - 1x ) ) )
ind: 287
( 7x * ( 15.0 * ( 10y + 7x ) ) )
ind: 288
( ( 80.0 * ( 66.0 - ( 6x - ( 3x - ( 1.0 - 2y ) ) ) ) ) * ( ( 1x * 60.0 ) - 7y ) )
ind: 289
( 10x * ( ( ( ( ( 60.0 - 78.0 ) + 7x ) - ( 11.0 - 2.0 ) ) - ( ( 32.0 + ( 9y + 2x ) ) * ( 10x * ( 5y - 40.0 ) ) ) ) - ( 15.0 * 2y ) ) )
ind: 290
( ( ( ( ( ( 2x * 44.0 ) - 35.0 ) - 5y ) * ( ( 93.0 * ( 9.0 * 7y ) ) * 6x ) ) * 82.0 ) - ( ( 3y * ( 3y - 63.0 ) ) + 53.0 ) )
ind: 291
( 7x - ( 4y + 7y ) )
ind: 292
( 59.0 * ( 3y * 8x ) )
ind: 293
( ( ( ( 91.0 + ( ( 89.0 + 1x ) * 73.0 ) ) - ( ( ( 9y - 6y ) - 8x ) + ( ( 7.0 * 7x ) - ( 35.0 * 9x ) ) ) ) + ( ( ( 38.0 - ( 3x + 88.0 ) ) - 7y ) - 4y ) ) - ( ( 5x + ( ( ( 84.0 + 4x ) - ( 8x - 25.0 ) ) - 44.0 ) ) - 4.0 ) )
ind: 294
( ( 6x + 5y ) + ( ( ( 2x + 7y ) + ( 6x * ( 76.0 + ( 4y - 97.0 ) ) ) ) + ( 95.0 + ( 78.0 - 7x ) ) ) )
ind: 295
( ( ( ( ( 3y * ( 2.0 + 1.0 ) ) - 15.0 ) - 6.0 ) + ( 1x + 4x ) ) + 40.0 )
ind: 296
( ( ( 5y - ( ( ( 3x + 89.0 ) + 3x ) * ( 8y - 47.0 ) ) ) - ( ( 47.0 + 30.0 ) + 2x ) ) + ( 10x - 6y ) )
ind: 297
( ( ( 6y - ( ( ( 99.0 + 6x ) - 9y ) * ( 7y * 43.0 ) ) ) - ( ( ( 8x - 8x ) + ( 10y - ( 13.0 - 44.0 ) ) ) * ( 76.0 * ( ( 82.0 * 6y ) * ( 9y - 3x ) ) ) ) ) - ( ( 59.0 * ( 5y + ( 92.0 * ( 9x - 10x ) ) ) ) * ( 1y - 28.0 ) ) )
ind: 298
( ( ( 8y + 9y ) * ( 34.0 + ( ( 7y - ( 9.0 * 1x ) ) + ( ( 9y + 61.0 ) - ( 5x - 10y ) ) ) ) ) + 3y )
ind: 299
( 4y - 9x )
ind: 300
( 6y * 3x )
ind: 301
( ( ( ( ( 85.0 + ( 57.0 * 5y ) ) * 49.0 ) + ( ( 10x - ( 23.0 + 16.0 ) ) - 35.0 ) ) - ( ( ( ( 28.0 + 61.0 ) * ( 1x + 2x ) ) - 69.0 ) + ( ( 2x + ( 27.0 * 15.0 ) ) + ( ( 32.0 * 3y ) + 87.0 ) ) ) ) * 5.0 )
ind: 302
( ( 7y - ( ( ( ( 12.0 * 2.0 ) * ( 1x - 5.0 ) ) * ( 68.0 * 4.0 ) ) - ( ( ( 8y * 5x ) - 9.0 ) + ( ( 1y + 1y ) * ( 13.0 - 6x ) ) ) ) ) * 90.0 )
ind: 303
( 1y + ( ( ( ( 1y - 46.0 ) - 70.0 ) * ( 10y + ( ( 77.0 - 6x ) * ( 21.0 + 83.0 ) ) ) ) * 3y ) )
ind: 304
( 9y + ( ( ( 85.0 + ( ( 7y * 11.0 ) + ( 77.0 - 9.0 ) ) ) * ( ( 69.0 - 7y ) + ( ( 52.0 - 2y ) * 9x ) ) ) * ( 8y * ( 43.0 - 33.0 ) ) ) )
ind: 305
( ( 12.0 + ( ( ( 25.0 - 1y ) - ( 8y * 5x ) ) * 90.0 ) ) - ( ( ( 1x - ( ( 86.0 * 24.0 ) + 74.0 ) ) - 6y ) + 87.0 ) )
ind: 306
( ( 9x * ( 6y * 4y ) ) + 6x )
ind: 307
( ( 2y * ( ( 100.0 * ( ( 9y + 6y ) - 59.0 ) ) * ( ( ( 3x + 10y ) - 3y ) + ( 8.0 * 7.0 ) ) ) ) + 1x )
ind: 308
( 86.0 * ( ( ( 3.0 + 82.0 ) + ( 40.0 * ( ( 1x + 9x ) * ( 41.0 + 1y ) ) ) ) - ( 6x + ( ( ( 1y - 10y ) * 6x ) - 14.0 ) ) ) )
ind: 309
( ( 10x + ( 10y * ( 6.0 + ( 1x + 4.0 ) ) ) ) + ( 7y - 57.0 ) )
ind: 310
( ( ( ( ( 28.0 * 86.0 ) - 1.0 ) * ( ( ( 6x + 8y ) - 89.0 ) + 19.0 ) ) - 3.0 ) + 4.0 )
ind: 311
( 8x * 2y )
ind: 312
( ( ( ( ( ( 1x - 7y ) + 5x ) - 6y ) - 37.0 ) - ( 7y + 70.0 ) ) - ( 9y + ( 8x - ( 4x - 9x ) ) ) )
ind: 313
( ( ( 8x - 4x ) * ( 78.0 + ( ( ( 17.0 - 1y ) * 8y ) - ( ( 88.0 * 77.0 ) * 68.0 ) ) ) ) - ( 82.0 * ( 57.0 - 10y ) ) )
ind: 314
( ( ( ( ( ( 4.0 + 2.0 ) - ( 24.0 - 71.0 ) ) * ( 6.0 + 8y ) ) - ( 21.0 + ( ( 51.0 * 54.0 ) + ( 6x + 95.0 ) ) ) ) - 69.0 ) * 33.0 )
ind: 315
( ( 7y - ( ( ( 6y + ( 69.0 - 5x ) ) * 28.0 ) * ( 24.0 + 18.0 ) ) ) - 3.0 )
ind: 316
( ( 72.0 + ( ( ( 53.0 + ( 8.0 + 7y ) ) + 13.0 ) * ( 58.0 * 9y ) ) ) - ( 6.0 - ( ( ( 6y + ( 8x + 5y ) ) - ( 19.0 + ( 21.0 * 2x ) ) ) * ( 4x - ( ( 82.0 * 10y ) - ( 2x * 21.0 ) ) ) ) ) )
ind: 317
( ( 38.0 * ( ( 5.0 * ( 6x + 5x ) ) + 10y ) ) + 80.0 )
ind: 318
( ( ( ( 4y - ( 88.0 * 79.0 ) ) + 4x ) - ( ( ( 30.0 * ( 9y + 1y ) ) - 7y ) + 10x ) ) - ( ( ( ( ( 2x + 5x ) + ( 2y - 6x ) ) - 28.0 ) * 4x ) - 3y ) )
ind: 319
( 9x * ( ( ( ( ( 78.0 + 56.0 ) + ( 78.0 - 6y ) ) * 10.0 ) - 1x ) - 91.0 ) )
ind: 320
( ( 54.0 + ( 2x + ( 5x + 3.0 ) ) ) * ( ( 10y * ( ( ( 10y + 5.0 ) * ( 97.0 + 42.0 ) ) - ( 21.0 + 3y ) ) ) + ( ( 100.0 + ( ( 9x * 1y ) - ( 27.0 - 96.0 ) ) ) + ( ( ( 44.0 - 25.0 ) * ( 1y + 9y ) ) * 42.0 ) ) ) )
ind: 321
( ( ( ( ( 2y * ( 5y + 3y ) ) * ( ( 88.0 + 10y ) + 4x ) ) * ( ( 5y - 48.0 ) + ( 1y - ( 1.0 * 4y ) ) ) ) * ( ( 3y * ( 19.0 + 4y ) ) + 18.0 ) ) - ( 2y - ( 8x + 8x ) ) )
ind: 322
( ( ( 35.0 - ( ( 12.0 + 64.0 ) + 37.0 ) ) + ( 9y * 6y ) ) - 7x )
ind: 323
( 10x * ( ( 4x * ( ( 22.0 - 8x ) + ( ( 4x + 3.0 ) * ( 3y - 5y ) ) ) ) + 23.0 ) )
ind: 324
( 67.0 - ( ( ( 6x + ( ( 6x + 84.0 ) + 8x ) ) - ( ( ( 1x - 1y ) - 100.0 ) - 34.0 ) ) - ( 7x - ( 84.0 * 3x ) ) ) )
ind: 325
( ( ( ( 8x + ( ( 2y - 8x ) * ( 69.0 * 97.0 ) ) ) * 19.0 ) + 57.0 ) - 25.0 )
ind: 326
( ( ( ( 1y * 53.0 ) * ( ( ( 19.0 + 7x ) * 2.0 ) + ( 80.0 - 42.0 ) ) ) - ( 8y + 90.0 ) ) + 1y )
ind: 327
( ( ( 69.0 * ( ( ( 12.0 + 19.0 ) - ( 8x - 5x ) ) - ( 7y + 6.0 ) ) ) + 14.0 ) * 1.0 )
ind: 328
( 1y - ( ( 9y + ( 53.0 * ( ( 9x + 1x ) + 36.0 ) ) ) - 7x ) )
ind: 329
( 39.0 * ( ( ( ( ( 88.0 - 83.0 ) + ( 8x * 4y ) ) * 8x ) - ( 4y - 75.0 ) ) * 8y ) )
ind: 330
( 6y * ( 6x * 8x ) )
ind: 331
( ( ( ( 4x * 51.0 ) + 9x ) * 2x ) + ( ( ( ( 7y * ( 9y - 22.0 ) ) * ( ( 1y * 8y ) - ( 37.0 - 9y ) ) ) + 10x ) * 56.0 ) )
ind: 332
( ( ( 3y + 77.0 ) - 5x ) - 9y )
ind: 333
( ( ( 1y + 10x ) * 9y ) * ( ( 3y + ( ( 9.0 + ( 44.0 + 4x ) ) - 5x ) ) + 5y ) )
ind: 334
( ( ( 7x + 53.0 ) * 1y ) - ( ( ( ( 37.0 - ( 7y * 25.0 ) ) * ( 7x - 6x ) ) * ( ( 59.0 + 6y ) * 8y ) ) + ( ( 2x - 43.0 ) + 74.0 ) ) )
ind: 335
( ( 8x * 6y ) + 7y )
ind: 336
( 38.0 + ( ( ( ( 41.0 + 6y ) + ( ( 8x - 2x ) * ( 2y + 75.0 ) ) ) - 6.0 ) * ( ( ( ( 2.0 - 5y ) + ( 9y * 98.0 ) ) - ( ( 57.0 - 6y ) * ( 53.0 - 5x ) ) ) + ( ( 3.0 + ( 7.0 - 2y ) ) * 2y ) ) ) )
ind: 337
( 1x * ( ( 8.0 * ( ( 3y * ( 70.0 - 49.0 ) ) - 3y ) ) * ( ( ( 5y - 46.0 ) - 72.0 ) - 32.0 ) ) )
ind: 338
( ( ( 7x + ( ( 22.0 * ( 35.0 - 10x ) ) * ( 6.0 + 26.0 ) ) ) + 10y ) * 54.0 )
ind: 339
( ( 5y + 10.0 ) + ( 48.0 * ( 43.0 - ( ( ( 53.0 - 37.0 ) + 86.0 ) - ( ( 58.0 + 7x ) - ( 7x * 3y ) ) ) ) ) )
ind: 340
( ( ( ( 55.0 * 10x ) - 80.0 ) - 60.0 ) + ( ( ( ( ( 7x + 7y ) + ( 8y - 3x ) ) * ( ( 6y + 8x ) + ( 70.0 * 7x ) ) ) * ( ( 73.0 * 4x ) + 21.0 ) ) - 61.0 ) )
ind: 341
( ( ( 3y - 5x ) * ( 58.0 * 7y ) ) * ( ( 13.0 - 10.0 ) + ( ( 37.0 * 31.0 ) * ( 36.0 - 10y ) ) ) )
ind: 342
( 2x * ( 54.0 + 2y ) )
ind: 343
( 96.0 * ( ( 79.0 - ( ( ( 3x * 4x ) + 41.0 ) + ( ( 68.0 + 51.0 ) - 44.0 ) ) ) * ( 86.0 - 6y ) ) )
ind: 344
( ( 7x - ( 72.0 + 9y ) ) * 32.0 )
ind: 345
( ( ( ( ( ( 6x - 44.0 ) + ( 11.0 - 20.0 ) ) + 2x ) + ( ( 4x + 90.0 ) * ( ( 6y * 4y ) + ( 10x - 35.0 ) ) ) ) - ( ( 62.0 + ( 41.0 + 21.0 ) ) * 60.0 ) ) + 80.0 )
ind: 346
( ( ( 1.0 * 6y ) + ( ( ( ( 8x * 9x ) - 3y ) * ( 10x * 3x ) ) - 10x ) ) * 9x )
ind: 347
( 7y * ( ( 5y + ( 65.0 * ( 53.0 + 9x ) ) ) * 54.0 ) )
ind: 348
( 8y + 1x )
ind: 349
( ( 52.0 - ( 2y + 47.0 ) ) - 8x )
ind: 350
( 7y * 2x )
ind: 351
( 72.0 + ( 8y - ( ( ( 4x + 35.0 ) * ( 74.0 - 82.0 ) ) - 9x ) ) )
ind: 352
( ( ( ( ( ( 98.0 * 1.0 ) + 83.0 ) + 1y ) - ( ( ( 3x - 88.0 ) - 62.0 ) + ( 1y * ( 8x + 7x ) ) ) ) + 94.0 ) + 8.0 )
ind: 353
( ( 4x + 7x ) - 7y )
ind: 354
( ( ( 3x * 99.0 ) - 6y ) * 36.0 )
ind: 355
( ( ( ( ( ( 44.0 * 66.0 ) * ( 33.0 + 4y ) ) * ( ( 3y - 1y ) - ( 11.0 - 9x ) ) ) * 1x ) * ( ( ( 77.0 + ( 43.0 + 79.0 ) ) * ( ( 51.0 + 80.0 ) * 9y ) ) - 7y ) ) - 36.0 )
ind: 356
( 10x + ( 1y * ( ( ( 10y - 73.0 ) * ( ( 5y + 50.0 ) + 9x ) ) * ( 28.0 * 27.0 ) ) ) )
ind: 357
( ( ( ( 10x * 3y ) + 10x ) + 84.0 ) + ( ( 2y - 30.0 ) + 6x ) )
ind: 358
( ( ( ( ( ( 60.0 + 5y ) * 3y ) + ( 92.0 - ( 5y * 7x ) ) ) + 3x ) + 29.0 ) * 55.0 )
ind: 359
( ( ( ( 4x + 6x ) - ( 10y - ( ( 98.0 - 92.0 ) + ( 8x + 7y ) ) ) ) - ( 5x * ( 9x + ( 99.0 * 7x ) ) ) ) + 8y )
ind: 360
( 88.0 * ( ( ( ( ( 58.0 - 57.0 ) - 9y ) - 70.0 ) + 10x ) * 55.0 ) )
ind: 361
( 7x - ( 9x + 3y ) )
ind: 362
( ( 1.0 * 8x ) + ( ( ( 3.0 - 10.0 ) - ( 8x + 21.0 ) ) + 8y ) )
ind: 363
( ( 3x - 6y ) + 64.0 )
ind: 364
( 13.0 * ( ( ( 87.0 * 36.0 ) - 98.0 ) - ( 3x - ( 3y + 98.0 ) ) ) )
ind: 365
( ( 52.0 * ( ( ( ( 3y + 7.0 ) - 33.0 ) - ( 6.0 - 4x ) ) - ( ( 58.0 * ( 10.0 * 8y ) ) + ( 12.0 - ( 58.0 - 12.0 ) ) ) ) ) + ( 31.0 * 2x ) )
ind: 366
( ( 2.0 * ( 56.0 + 8y ) ) + ( 3y + ( 40.0 - ( ( ( 1x - 7y ) * 71.0 ) - ( ( 64.0 + 9x ) - ( 51.0 * 1x ) ) ) ) ) )
ind: 367
( ( ( 85.0 * ( ( 2y - 6.0 ) * 1y ) ) + ( ( ( ( 5.0 - 25.0 ) - 47.0 ) + ( ( 50.0 + 41.0 ) + 8y ) ) + 4x ) ) - 1x )
ind: 368
( ( ( 62.0 * ( 1y * 16.0 ) ) + 58.0 ) + ( 1x - ( 4x - ( ( 9y + 8.0 ) + 5y ) ) ) )
ind: 369
( ( ( ( ( ( 17.0 - 38.0 ) - 4x ) - ( ( 78.0 + 6.0 ) + ( 4.0 * 58.0 ) ) ) * ( 37.0 + ( 10x - ( 89.0 - 41.0 ) ) ) ) + 4.0 ) * ( 5y - ( 1y * 7x ) ) )
ind: 370
( ( ( ( 85.0 - 8x ) * ( ( 6y * 82.0 ) * ( 4y + ( 9y - 66.0 ) ) ) ) - ( 4x + ( ( 31.0 * ( 2x * 5x ) ) + 40.0 ) ) ) + 2y )
ind: 371
( 57.0 * ( ( ( ( ( 20.0 - 80.0 ) - 9x ) + ( 1y * 96.0 ) ) - 7x ) * ( 18.0 * 92.0 ) ) )
ind: 372
( ( ( 8y - ( ( ( 41.0 + 30.0 ) - 4x ) * ( 63.0 * 56.0 ) ) ) + ( ( ( ( 40.0 - 10y ) * ( 91.0 * 3x ) ) - 5y ) * ( ( 3x - 89.0 ) - ( ( 5x + 3x ) * ( 6x - 20.0 ) ) ) ) ) + ( ( ( 68.0 + 9.0 ) + ( ( ( 6x - 3x ) - ( 10x - 7x ) ) + ( ( 59.0 * 66.0 ) - ( 3y * 7x ) ) ) ) * ( ( ( ( 16.0 * 49.0 ) - ( 4y * 1y ) ) * 24.0 ) + 14.0 ) ) )
ind: 373
( 3y + ( ( ( ( ( 8y + 67.0 ) + 10x ) * ( ( 12.0 - 93.0 ) * 50.0 ) ) * ( ( 1y * ( 5y + 45.0 ) ) * ( 5x * ( 2y * 86.0 ) ) ) ) * ( ( ( ( 5x + 9y ) + ( 10y * 9x ) ) + 16.0 ) + 5x ) ) )
ind: 374
( ( 4.0 - 9x ) + ( ( 6y + 75.0 ) + ( 74.0 - 8y ) ) )
ind: 375
( ( 4y + ( ( ( ( 7x + 4.0 ) - ( 43.0 * 10x ) ) + 3y ) + ( 10.0 + 62.0 ) ) ) * ( ( 10x + 4y ) - 43.0 ) )
ind: 376
( ( ( 1x * ( ( ( 71.0 * 3y ) + 8x ) - 77.0 ) ) * ( ( ( 98.0 + 51.0 ) - 7y ) + 8x ) ) * 23.0 )
ind: 377
( ( ( ( ( 13.0 * 15.0 ) - ( ( 99.0 * 7x ) * ( 8x * 2y ) ) ) - ( ( 66.0 + ( 2x * 1y ) ) + 3y ) ) + ( 10x * ( 94.0 * 72.0 ) ) ) + ( ( ( 78.0 - ( 86.0 - ( 3y + 81.0 ) ) ) + 91.0 ) + ( ( 8y * 4.0 ) - ( 89.0 * ( 8y + 46.0 ) ) ) ) )
ind: 378
( ( ( ( 62.0 + 9x ) + 36.0 ) - ( ( 79.0 + 2x ) * ( ( ( 66.0 * 83.0 ) * ( 1x * 40.0 ) ) - ( 93.0 - ( 5y - 55.0 ) ) ) ) ) + 12.0 )
ind: 379
( ( ( 75.0 - 8.0 ) * 49.0 ) * ( ( ( 97.0 - ( 4x - ( 96.0 - 49.0 ) ) ) + 9y ) - 12.0 ) )
ind: 380
( ( ( 37.0 * ( 69.0 * 100.0 ) ) * ( 7y + ( ( ( 8.0 - 4y ) * 95.0 ) * ( 1x + ( 30.0 - 3y ) ) ) ) ) + 1x )
ind: 381
( ( 5x - 5x ) - ( ( ( ( ( 4.0 - 8y ) * 7y ) * ( ( 5x * 50.0 ) * ( 17.0 - 32.0 ) ) ) - 28.0 ) * 1y ) )
ind: 382
( 99.0 + ( 96.0 - ( 9x + ( ( 7y - ( 4x + 10y ) ) + ( ( 8y + 21.0 ) - ( 4x - 1y ) ) ) ) ) )
ind: 383
( 1y - ( ( ( 33.0 + ( 60.0 * 81.0 ) ) + 42.0 ) + 1x ) )
ind: 384
( ( ( ( 9y * ( ( 96.0 + 9x ) - 80.0 ) ) * 7y ) + ( 42.0 * 37.0 ) ) * ( 24.0 - ( ( ( ( 5x - 1x ) + ( 47.0 - 72.0 ) ) + ( 9y - ( 1x * 44.0 ) ) ) - ( 8y + 8x ) ) ) )
ind: 385
( ( 24.0 * 8y ) - ( ( ( ( ( 1y + 5x ) + 36.0 ) + 1x ) * 41.0 ) * 19.0 ) )
ind: 386
( 2x * 3y )
ind: 387
( 7y - ( ( ( ( 8x * ( 18.0 - 5y ) ) + ( ( 85.0 * 10x ) * ( 6x - 2x ) ) ) + 6x ) + 97.0 ) )
ind: 388
( 7x * ( 5x - 1y ) )
ind: 389
( ( ( 70.0 * ( ( 8.0 - 3y ) - ( ( 5.0 * 88.0 ) * ( 8.0 * 8y ) ) ) ) - 66.0 ) - ( ( ( ( ( 51.0 * 13.0 ) + 24.0 ) * ( ( 3y - 58.0 ) * ( 8x + 35.0 ) ) ) - ( 23.0 * 3x ) ) * 1y ) )
ind: 390
( ( 3.0 * 7y ) + ( 4.0 - ( 12.0 + ( 9x + 9x ) ) ) )
ind: 391
( ( ( ( ( 63.0 - ( 2x - 32.0 ) ) + 61.0 ) * ( 66.0 + ( ( 1x - 1.0 ) + 10y ) ) ) - 7y ) * 97.0 )
ind: 392
( ( 4y * 3x ) + ( ( ( 8x + 27.0 ) * ( 70.0 + ( ( 1.0 - 91.0 ) * ( 9x + 55.0 ) ) ) ) * 42.0 ) )
ind: 393
( ( 7x - ( ( 79.0 + 2.0 ) - ( ( ( 75.0 + 6y ) - 10.0 ) - ( 76.0 - ( 87.0 + 5x ) ) ) ) ) - ( ( ( 3x - 1.0 ) - 80.0 ) + ( ( ( 39.0 + 26.0 ) + ( ( 46.0 + 9y ) + ( 1y - 22.0 ) ) ) + ( ( 3y - ( 91.0 - 1.0 ) ) + ( ( 30.0 * 3x ) - ( 33.0 - 10y ) ) ) ) ) )
ind: 394
( ( ( 1y * 8x ) + ( 23.0 + 67.0 ) ) * ( ( 9x * ( ( 47.0 + 27.0 ) * ( 5y * ( 5x + 9x ) ) ) ) * 2y ) )
ind: 395
( 6x + ( ( ( 13.0 * 1y ) + 4x ) - ( ( ( 60.0 + 10x ) + 27.0 ) - ( ( 7x + 79.0 ) + 1y ) ) ) )
ind: 396
( ( 1x + 10x ) + ( 10y + 4y ) )
ind: 397
( ( ( 7x * 9x ) * ( ( 49.0 * 92.0 ) + 8y ) ) + ( 88.0 - 4y ) )
ind: 398
( ( 10x * ( ( 36.0 - 19.0 ) * ( ( ( 1.0 * 10x ) - ( 46.0 - 77.0 ) ) * ( ( 9x - 9x ) * ( 6y + 4.0 ) ) ) ) ) - 41.0 )
ind: 399
( ( ( 1y - 5x ) + ( ( ( 56.0 + 48.0 ) * ( ( 67.0 + 10x ) * 10.0 ) ) + ( ( 43.0 - ( 83.0 * 14.0 ) ) + 58.0 ) ) ) + ( ( 8x * 57.0 ) - 9x ) )
ind: 400
( ( ( ( 9.0 * 6x ) * ( 38.0 - 8x ) ) - ( ( 9y + ( 30.0 + 3x ) ) * 47.0 ) ) + 32.0 )
ind: 401
( 1x - ( ( ( 5y * 21.0 ) + 21.0 ) * 15.0 ) )
ind: 402
( ( 3y + ( ( ( 100.0 * 3y ) - ( 14.0 - ( 4y * 47.0 ) ) ) * ( 3.0 - 3x ) ) ) + ( ( ( ( ( 10x * 49.0 ) - ( 9.0 - 20.0 ) ) - ( 56.0 + ( 2x - 9x ) ) ) * ( 29.0 + 8.0 ) ) + 3.0 ) )
ind: 403
( ( ( 3y - ( ( ( 35.0 * 99.0 ) * ( 1y * 1y ) ) + ( 39.0 + ( 2y - 10y ) ) ) ) * 21.0 ) + 6x )
ind: 404
( 8x * 5y )
ind: 405
( 10x + ( 2y - 81.0 ) )
ind: 406
( 8y * ( 55.0 + ( ( 1y + ( ( 34.0 - 8y ) + 47.0 ) ) + 8x ) ) )
ind: 407
( ( ( ( ( ( 96.0 - 18.0 ) - ( 6y - 8x ) ) + ( 2y * 10y ) ) - ( 8y - ( ( 10x - 29.0 ) * ( 10y * 53.0 ) ) ) ) + 8y ) * 85.0 )
ind: 408
( ( ( ( 5y - ( ( 6y + 99.0 ) - ( 51.0 * 3x ) ) ) - ( 7y + ( ( 4x + 7x ) - 2y ) ) ) - ( 61.0 + 18.0 ) ) * 46.0 )
ind: 409
( 4y - 10x )
ind: 410
( 10x - 1y )
ind: 411
( ( ( 27.0 - ( 29.0 * ( ( 10y + 59.0 ) * 96.0 ) ) ) - ( 8x + ( 3y + ( 80.0 * 2x ) ) ) ) * ( 10y + ( ( ( ( 2y + 4y ) - 9y ) * 97.0 ) - 1y ) ) )
ind: 412
( ( 6x * ( ( ( 5x * ( 2y + 3y ) ) - ( ( 10x - 15.0 ) + ( 1x - 4x ) ) ) - ( 69.0 + 31.0 ) ) ) - ( 64.0 - ( ( 33.0 + ( ( 7y - 1.0 ) - 52.0 ) ) * ( ( ( 1.0 + 97.0 ) * 84.0 ) - ( 9x + ( 13.0 - 38.0 ) ) ) ) ) )
ind: 413
( ( 18.0 + ( ( 14.0 - 29.0 ) - 6y ) ) + 5x )
ind: 414
( ( ( ( 2.0 + ( 61.0 - ( 9x - 16.0 ) ) ) - ( 2y * ( ( 9y * 58.0 ) - ( 97.0 - 69.0 ) ) ) ) + 6y ) + ( 71.0 + 7y ) )
ind: 415
( 5y * ( 2x + ( 62.0 - ( 28.0 + 2.0 ) ) ) )
ind: 416
( ( 6y - ( ( 10y + 15.0 ) * ( ( ( 1x * 95.0 ) + 14.0 ) * 4y ) ) ) + ( ( 7y - 42.0 ) * 76.0 ) )
ind: 417
( ( ( 30.0 + ( 7x - ( ( 3x + 3x ) + ( 3y + 12.0 ) ) ) ) + ( ( 1x - 1y ) - 3y ) ) - ( ( ( 6.0 - ( 89.0 + ( 5y * 7y ) ) ) + 3y ) - ( 32.0 + 21.0 ) ) )
ind: 418
( 4y - 8x )
ind: 419
( 32.0 * ( 7y + 3x ) )
ind: 420
( 6y + ( 1.0 + ( ( ( 4x + ( 78.0 - 98.0 ) ) + 96.0 ) * ( ( 8y + ( 4y - 3x ) ) * ( 84.0 + ( 8.0 + 2x ) ) ) ) ) )
ind: 421
( ( ( 52.0 + ( ( 5x - 6y ) + 90.0 ) ) - 76.0 ) * ( ( ( ( ( 53.0 - 3x ) * 92.0 ) + 4x ) * 44.0 ) * 62.0 ) )
ind: 422
( ( ( ( 5x - 37.0 ) - ( 78.0 - 22.0 ) ) + ( 3y - 62.0 ) ) + 41.0 )
ind: 423
( ( ( 86.0 * 1y ) + ( 6y - ( 82.0 * 2y ) ) ) + ( ( 5y + 6x ) + 3y ) )
ind: 424
( 1y - ( ( 9y * ( ( ( 4x * 4y ) + ( 83.0 - 92.0 ) ) + 54.0 ) ) + ( 10y + ( 98.0 + 11.0 ) ) ) )
ind: 425
( ( ( 38.0 - ( 3y * ( 30.0 * 2y ) ) ) - ( ( 68.0 + ( 53.0 * ( 3x * 8.0 ) ) ) - ( 84.0 - 10x ) ) ) + ( ( ( ( 3x * ( 6x + 5x ) ) * 3y ) - 10y ) * ( ( ( ( 83.0 + 99.0 ) * 100.0 ) * 1x ) + ( ( 10x * ( 9x - 10y ) ) * ( ( 3x * 35.0 ) - 6x ) ) ) ) )
ind: 426
( 1x * 2y )
ind: 427
( ( ( ( 25.0 * ( 7x + 1x ) ) + ( ( 73.0 + 9y ) - ( 73.0 * ( 3y * 3y ) ) ) ) - ( ( 7x * ( 1x - 7x ) ) + 82.0 ) ) * ( 17.0 + 72.0 ) )
ind: 428
( ( ( ( ( 5x * ( 97.0 * 5.0 ) ) + 8y ) - 2y ) * 49.0 ) - 32.0 )
ind: 429
( 4y - ( ( ( 6x - 61.0 ) - 4y ) - ( 8y - 5y ) ) )
ind: 430
( ( 52.0 + 4y ) - ( 7y * 5x ) )
ind: 431
( 7x + 10y )
ind: 432
( ( ( ( 4x * 42.0 ) * 1x ) + ( 98.0 + ( 10x + ( ( 9y * 5x ) * 7x ) ) ) ) * ( ( ( ( ( 5x + 12.0 ) * 7y ) + 31.0 ) + 29.0 ) * 89.0 ) )
ind: 433
( 4x * ( 7y * 69.0 ) )
ind: 434
( ( ( 50.0 - 7y ) - ( ( 53.0 * ( ( 38.0 - 8y ) * ( 10x * 86.0 ) ) ) + ( ( ( 3x * 1.0 ) * ( 7y + 9.0 ) ) - ( ( 71.0 + 87.0 ) * 4y ) ) ) ) - ( 7y - ( 12.0 * 68.0 ) ) )
ind: 435
( 9x * ( ( ( 44.0 - 8y ) - 52.0 ) + ( ( 9y - 9.0 ) * ( ( 91.0 * 9x ) * 100.0 ) ) ) )
ind: 436
( ( 4y * 48.0 ) - ( 1x - ( 39.0 - 57.0 ) ) )
ind: 437
( ( ( 4y - 3x ) * ( ( 10x * ( 36.0 * 26.0 ) ) + 37.0 ) ) - 9y )
ind: 438
( ( ( ( 1y * ( 53.0 + 29.0 ) ) - ( ( ( 97.0 - 3y ) - 1x ) * 6y ) ) - 13.0 ) * ( ( 35.0 * 8y ) * 42.0 ) )
ind: 439
( ( 26.0 - ( 3y * ( ( ( 4x - 79.0 ) - ( 4y - 84.0 ) ) * 75.0 ) ) ) - 6x )
ind: 440
( ( ( ( ( ( 9y * 15.0 ) + ( 8y * 3.0 ) ) - 3x ) + 42.0 ) - ( 6y - 48.0 ) ) - 60.0 )
ind: 441
( ( 2x * ( 5y - 3x ) ) + ( ( ( 44.0 * ( ( 69.0 * 3x ) - ( 75.0 * 87.0 ) ) ) + ( ( 6x * ( 75.0 * 62.0 ) ) + 9x ) ) + ( 5x - ( ( 10y * 28.0 ) + ( 88.0 * ( 35.0 - 6x ) ) ) ) ) )
ind: 442
( ( 1x - ( 33.0 + ( ( ( 2y + 29.0 ) - ( 3y - 99.0 ) ) + 16.0 ) ) ) + 5x )
ind: 443
( ( ( 5x + ( ( ( 5y * 4x ) + ( 10y * 79.0 ) ) * 2y ) ) - ( 2x - ( 61.0 - 57.0 ) ) ) * 8x )
ind: 444
( 1x * ( ( 10y * ( 5x + 6x ) ) * 99.0 ) )
ind: 445
( ( ( ( 57.0 + 2x ) * 2x ) + 8y ) * 10x )
ind: 446
( 11.0 * ( ( 8x + ( 6x + ( 6y - 99.0 ) ) ) + ( ( ( ( 2x - 5x ) - ( 88.0 - 80.0 ) ) * ( 4y - 8x ) ) * ( ( 3x - 3x ) + ( 8x + 19.0 ) ) ) ) )
ind: 447
( ( ( 39.0 * ( 23.0 + 16.0 ) ) + ( ( 10.0 + ( ( 59.0 - 5y ) + 3x ) ) + 45.0 ) ) + 10y )
ind: 448
( ( ( 4x + ( ( 22.0 - ( 82.0 + 6y ) ) - 5y ) ) - ( ( ( ( 78.0 * 9x ) + ( 79.0 + 2y ) ) * ( 73.0 - ( 97.0 - 10y ) ) ) + 5y ) ) * ( 2x + 34.0 ) )
ind: 449
( 3x + ( ( 61.0 + ( ( ( 17.0 * 4y ) - 8x ) - 9y ) ) + ( 64.0 - ( 34.0 - ( ( 8y * 1x ) + ( 7y - 45.0 ) ) ) ) ) )
ind: 450
( ( ( ( 92.0 - 6y ) * 4y ) - ( ( 97.0 - 81.0 ) + ( ( ( 2y * 64.0 ) * 99.0 ) + 32.0 ) ) ) + ( 1x + 9y ) )
ind: 451
( ( 1y * 88.0 ) + ( ( 54.0 * 34.0 ) * ( ( 8y * ( 76.0 - ( 4y + 8x ) ) ) + 67.0 ) ) )
ind: 452
( 55.0 + ( 5y - 2x ) )
ind: 453
( ( 4y + ( 7x + 9y ) ) - ( ( 14.0 * ( 10x + ( ( 6y + 84.0 ) - ( 17.0 * 2y ) ) ) ) + ( ( ( ( 71.0 - 6y ) * ( 92.0 - 1y ) ) + ( ( 25.0 - 75.0 ) * ( 9x - 1x ) ) ) - ( ( 98.0 - ( 8y - 5.0 ) ) + 1y ) ) ) )
ind: 454
( ( 10x * ( ( 99.0 + 55.0 ) * ( ( 5y + 40.0 ) - 85.0 ) ) ) - ( ( 83.0 * 43.0 ) + ( 81.0 - 10y ) ) )
ind: 455
( 3.0 * ( ( ( 8y * 3x ) + ( ( ( 2y * 6y ) + 6.0 ) * 57.0 ) ) * 3x ) )
ind: 456
( ( 3.0 - ( 6x * 35.0 ) ) * ( ( ( ( 5x * 3y ) - 58.0 ) - ( ( ( 58.0 * 49.0 ) - 6x ) - 7x ) ) - ( 14.0 - ( ( ( 60.0 * 29.0 ) + 30.0 ) + 9y ) ) ) )
ind: 457
( 83.0 - ( ( ( 11.0 - ( 8y + 36.0 ) ) - 51.0 ) * ( ( ( ( 26.0 * 10x ) * 81.0 ) - ( 5y - ( 64.0 - 87.0 ) ) ) + ( ( ( 53.0 - 3y ) * ( 56.0 * 57.0 ) ) - ( ( 95.0 + 8y ) + ( 5y * 40.0 ) ) ) ) ) )
ind: 458
( 6x + ( 7y - 23.0 ) )
ind: 459
( ( ( ( ( ( 1x + 11.0 ) * ( 4x * 28.0 ) ) + ( 80.0 * ( 69.0 * 8x ) ) ) * 87.0 ) * ( 10y * ( 9x + ( 10.0 + ( 3x * 8x ) ) ) ) ) - ( 35.0 * ( ( ( 5y - 97.0 ) + 28.0 ) + 42.0 ) ) )
ind: 460
( ( ( 1y - 31.0 ) + ( 4x * ( 4y - 12.0 ) ) ) + 3y )
ind: 461
( ( 39.0 + ( 43.0 - ( ( ( 18.0 - 74.0 ) + ( 21.0 * 7y ) ) - 9x ) ) ) * ( ( 83.0 + 35.0 ) + ( 63.0 + 43.0 ) ) )
ind: 462
( 6x - ( ( ( ( ( 7y + 7x ) - 55.0 ) + 50.0 ) * ( ( ( 41.0 + 8.0 ) + 4y ) - ( ( 6x - 72.0 ) + ( 7x - 2y ) ) ) ) + 58.0 ) )
ind: 463
( 2y * ( 73.0 * 2x ) )
ind: 464
( 4y * ( 72.0 + ( 2x - ( 71.0 - ( 77.0 * 69.0 ) ) ) ) )
ind: 465
( ( 3y * 1y ) + ( ( 71.0 - ( ( ( 6y - 96.0 ) + 61.0 ) * ( 8x - 5.0 ) ) ) - ( 10x + 4x ) ) )
ind: 466
( ( 10y * ( ( ( ( 9y + 50.0 ) * 45.0 ) + ( ( 5x * 10y ) + ( 5.0 - 2y ) ) ) - 1y ) ) * ( 46.0 * 10y ) )
ind: 467
( 6y * ( 57.0 + ( 12.0 - ( 9y + 6x ) ) ) )
ind: 468
( 7y + 6x )
ind: 469
( ( ( ( 84.0 * ( ( 8x - 8x ) + ( 8x - 85.0 ) ) ) + ( ( 1y * ( 5x + 37.0 ) ) - 39.0 ) ) - ( 8x + ( 2x + 51.0 ) ) ) + 82.0 )
ind: 470
( ( 1x * 35.0 ) * ( ( ( ( 3x * 20.0 ) + ( ( 5y + 10x ) + 4x ) ) * ( ( ( 5x * 15.0 ) + ( 9x + 3y ) ) + ( 8x + 10x ) ) ) - 8x ) )
ind: 471
( ( 6x - 3y ) + ( 9.0 + 5x ) )
ind: 472
( ( 4x * 37.0 ) - 3y )
ind: 473
( ( 8x - 1x ) - ( 1y + 1y ) )
ind: 474
( ( ( ( ( ( 62.0 * 8.0 ) + 55.0 ) + 1y ) + 87.0 ) - ( 17.0 - 2.0 ) ) * ( 2y - ( 9x - ( ( ( 9y - 39.0 ) * 9x ) + 62.0 ) ) ) )
ind: 475
( ( 1x - 1y ) + ( 6y * 90.0 ) )
ind: 476
( ( 9x + ( 9y - 93.0 ) ) + 22.0 )
ind: 477
( 92.0 * ( 1.0 + ( ( 20.0 * ( 2x * ( 74.0 - 5y ) ) ) + ( ( 1.0 + 5y ) + 8x ) ) ) )
ind: 478
( 10x * 9y )
ind: 479
( 68.0 * ( 53.0 - ( ( 1x + ( ( 4y * 46.0 ) * ( 26.0 - 2y ) ) ) + 3y ) ) )
ind: 480
( ( ( 5y - ( 24.0 + ( ( 3x - 6x ) + ( 47.0 - 54.0 ) ) ) ) - ( ( ( 98.0 - ( 99.0 - 51.0 ) ) * ( 4x + 6x ) ) * ( 4x + 7y ) ) ) + ( 1x - ( ( ( 1y * 8x ) - ( ( 19.0 + 3.0 ) * 7x ) ) - 40.0 ) ) )
ind: 481
( ( 2y - 3y ) - 1x )
ind: 482
( ( ( ( ( 6x - ( 6x - 80.0 ) ) + ( ( 12.0 + 74.0 ) * 1x ) ) - ( 60.0 - ( 3x * 6y ) ) ) * ( 70.0 + 8x ) ) + ( 2y * ( 93.0 + ( 1y + 9x ) ) ) )
ind: 483
( 99.0 + ( ( 28.0 + 10.0 ) * ( ( 60.0 * ( 1x + 8.0 ) ) * ( 5y + ( 41.0 - ( 43.0 + 3x ) ) ) ) ) )
ind: 484
( ( ( ( 28.0 * ( 75.0 * ( 18.0 * 90.0 ) ) ) * 65.0 ) - 2y ) + 9x )
ind: 485
( ( ( ( ( 10x * 91.0 ) * 92.0 ) - ( ( 72.0 - ( 5x - 52.0 ) ) + 66.0 ) ) + 4y ) * ( ( 67.0 - ( ( 8y - ( 9x * 78.0 ) ) + 22.0 ) ) + 71.0 ) )
ind: 486
( ( ( ( ( 3x - 64.0 ) - ( ( 1x - 2x ) * ( 4.0 + 1y ) ) ) + 82.0 ) - 10x ) + ( 7y * 6y ) )
ind: 487
( ( 74.0 - ( ( ( ( 48.0 * 8x ) - ( 5y * 9x ) ) * 96.0 ) + ( ( 23.0 + ( 43.0 + 38.0 ) ) + 94.0 ) ) ) - 99.0 )
ind: 488
( ( ( 6y - 63.0 ) * ( 9y - ( ( 72.0 + ( 55.0 + 4x ) ) + 6.0 ) ) ) + 98.0 )
ind: 489
( ( ( 100.0 * ( 59.0 - 8y ) ) - 4x ) - 6y )
ind: 490
( ( ( ( ( 10y * ( 39.0 * 7.0 ) ) * 26.0 ) - ( ( 36.0 * ( 4y * 72.0 ) ) + ( ( 58.0 * 7x ) + 30.0 ) ) ) + 8x ) + ( 4x - 94.0 ) )
ind: 491
( 5y - 6x )
ind: 492
( ( 2x * 3y ) + ( 17.0 + 41.0 ) )
ind: 493
( 3x - ( ( ( ( 10x - ( 9y - 3y ) ) - 4y ) + ( ( ( 35.0 - 3y ) * 8x ) - 4x ) ) + ( 10y + 13.0 ) ) )
ind: 494
( ( ( 61.0 + ( ( 4x - 39.0 ) + ( ( 4x + 8y ) - 44.0 ) ) ) + ( 79.0 + ( ( ( 32.0 - 7x ) * 2x ) - 10x ) ) ) + ( ( ( ( 9y * ( 25.0 - 15.0 ) ) + ( 40.0 + 73.0 ) ) * ( 62.0 + ( ( 5x * 70.0 ) * ( 53.0 - 7x ) ) ) ) * 2x ) )
ind: 495
( 7y + 8x )
ind: 496
( ( ( 4x + ( 16.0 - 8y ) ) * ( ( 1.0 * 6x ) * ( 9y - ( 2y - ( 31.0 + 29.0 ) ) ) ) ) + 56.0 )
ind: 497
( ( ( 55.0 + 43.0 ) * 5y ) - ( ( ( 6x * 10y ) + 33.0 ) * 7y ) )
ind: 498
( 1x * ( ( 89.0 - 10y ) - ( 9x - 6y ) ) )
ind: 499
( ( ( ( 55.0 - ( ( 84.0 - 9y ) * 10y ) ) * ( 6x - 6x ) ) - ( ( ( 1y + ( 57.0 * 5x ) ) * 5.0 ) * ( ( 77.0 - 1x ) - 3x ) ) ) * ( ( 1y - 20.0 ) - 43.0 ) )
ind: 500
( ( ( 8y - ( ( ( 64.0 * 1x ) - 4x ) + ( 4y - 8.0 ) ) ) - 40.0 ) - ( 2x - 7x ) )
Best Ind: ( 1x * 2y )
Fitness = 11.3808
Worst Ind: ( ( ( ( ( 82.0 + ( 23.0 + 5y ) ) * ( ( 100.0 + 83.0 ) - 96.0 ) ) + ( ( 14.0 * ( 100.0 - 57.0 ) ) * 92.0 ) ) * ( ( 8x + ( 88.0 + ( 99.0 + 39.0 ) ) ) - ( ( ( 10x - 4y ) * 69.0 ) + ( ( 1y - 8x ) * 6x ) ) ) ) * ( ( ( 4x - 41.0 ) + 71.0 ) * ( ( 41.0 * ( 56.0 * ( 1y + 24.0 ) ) ) + ( 30.0 * ( 2x - ( 8y * 6.0 ) ) ) ) ) )
Fitness = 3.23186421568e+15
Avg Fitness = 6.46629664097e+12
Duplicated = 2
============================================================================
Evaluate Gen  1
New Population 764
Better than Dads 69
Best Ind: ( 1x * 2y )
Fitness = 11.3808
Worst Ind: ( ( ( ( 74.0 + 6x ) - ( 7y - ( ( 1.0 * 9x ) - 3y ) ) ) * ( 42.0 - ( ( 76.0 + 4x ) + ( ( 4y - 28.0 ) * ( 35.0 - 24.0 ) ) ) ) ) + 1y )
Fitness = 50649.4927649
Avg Fitness = 6098.21089673
Duplicated = 6
============================================================================
Evaluate Gen  2
New Population 777
Better than Dads 83
Best Ind: ( 1x * 2y )
Fitness = 11.3808
Worst Ind: ( ( ( ( 38.0 + 35.0 ) + ( ( ( 41.0 + 15.0 ) * ( 8.0 * 5x ) ) - 5y ) ) - ( ( ( 10x - ( 7x * 7x ) ) + ( ( 8y + 8x ) + ( 5x * 5x ) ) ) * 3y ) ) - 98.0 )
Fitness = 4900.0
Avg Fitness = 1464.99251885
Duplicated = 14
============================================================================
Evaluate Gen  3
New Population 795
Better than Dads 88
Best Ind: ( 1x * 2y )
Fitness = 11.3808
Worst Ind: ( ( ( ( ( 43.0 * 28.0 ) + 35.0 ) + ( 1y - ( ( 1x - 16.0 ) + ( 6y - 10y ) ) ) ) * 86.0 ) - 39.0 )
Fitness = 1950.0
Avg Fitness = 470.947247364
Duplicated = 23
============================================================================
Evaluate Gen  4
New Population 791
Better than Dads 81
Best Ind: ( 1x * ( ( 8y - 6x ) * ( 9y - 1x ) ) )
Fitness = 10.233648
Worst Ind: ( ( 9x - 5y ) * ( ( ( 94.0 * 95.0 ) - 10y ) - ( ( 57.0 - 6y ) * ( 53.0 - 5x ) ) ) )
Fitness = 389.258596378
Avg Fitness = 159.976506647
Duplicated = 34
============================================================================
Evaluate Gen  5
New Population 812
Better than Dads 103
Best Ind: ( 1x * ( ( 8y - 6x ) * ( 9y - 1x ) ) )
Fitness = 10.233648
Worst Ind: ( ( ( 37.0 + 1y ) * 7x ) - ( ( ( 2y * 7y ) + 5x ) + 3y ) )
Fitness = 191.250862681
Avg Fitness = 100.557077518
Duplicated = 47
============================================================================
Evaluate Gen  6
New Population 826
Better than Dads 106
Best Ind: ( 1x * ( ( 8y - 6x ) * ( 9y - 1x ) ) )
Fitness = 10.233648
Worst Ind: ( 1y - ( ( 2x - ( 61.0 - 57.0 ) ) - ( ( ( 9y * 9x ) - 3x ) - ( ( ( 7x * 51.0 ) + 1.0 ) - ( 2x * ( 4x * 9x ) ) ) ) ) )
Fitness = 122.803776
Avg Fitness = 72.4947642084
Duplicated = 74
============================================================================
Evaluate Gen  7
New Population 823
Better than Dads 95
Best Ind: ( 1x * ( ( 8y - 6x ) * ( 9y - 1x ) ) )
Fitness = 10.233648
Worst Ind: ( 8x * 2y )
Fitness = 91.0464
Avg Fitness = 54.1334120448
Duplicated = 83
============================================================================
Evaluate Gen  8
New Population 843
Better than Dads 88
Best Ind: ( 1x * ( ( ( ( 2.0 * 3x ) + 4y ) - 10y ) - ( 7y - 1x ) ) )
Fitness = 4.4404
Worst Ind: ( ( ( ( 6x - ( 4x * 3y ) ) * ( 7y - 9x ) ) * 9x ) - ( 5y - 5x ) )
Fitness = 65.1
Avg Fitness = 42.8703709837
Duplicated = 82
============================================================================
Evaluate Gen  9
New Population 857
Better than Dads 96
Best Ind: ( 1x * ( ( ( ( 2.0 * 3x ) + 4y ) - 10y ) - ( 7y - 1x ) ) )
Fitness = 4.4404
Worst Ind: ( ( 81.0 - 2x ) + ( 32.0 - 1y ) )
Fitness = 48.5979723675
Avg Fitness = 34.4804306229
Duplicated = 108
============================================================================
Evaluate Gen  10
New Population 833
Better than Dads 89
Best Ind: ( 1x * ( ( ( ( 2.0 * 3x ) + 4y ) - 10y ) - ( 7y - 1x ) ) )
Fitness = 4.4404
Worst Ind: ( ( ( 1x * ( 5y * 3y ) ) - 5x ) - 3x )
Fitness = 39.06
Avg Fitness = 30.0316844358
Duplicated = 118
============================================================================
Evaluate Gen  11
New Population 850
Better than Dads 104
Best Ind: ( 1x * ( ( ( ( 2.0 * 3x ) + 4y ) - 10y ) - ( 7y - 1x ) ) )
Fitness = 4.4404
Worst Ind: ( ( ( 5y - 6x ) * 1y ) - 3x )
Fitness = 39.06
Avg Fitness = 25.0602792262
Duplicated = 148
============================================================================
Evaluate Gen  12
New Population 839
Better than Dads 103
Best Ind: ( 1x * ( ( 81.0 - 2x ) * ( ( ( 9y * 15.0 ) + ( 8y * 3.0 ) ) - ( 3x - ( 7x - 1y ) ) ) ) )
Fitness = 4.062216
Worst Ind: ( ( ( ( ( ( 1y + 9.0 ) + ( 95.0 + 7x ) ) - 24.0 ) * 4y ) * ( 7y + 2x ) ) - ( ( ( 94.0 * 95.0 ) - 1y ) - 2x ) )
Fitness = 26.04
Avg Fitness = 20.9140108888
Duplicated = 139
============================================================================
Evaluate Gen  13
New Population 852
Better than Dads 94
Best Ind: ( 1x * ( ( 81.0 - 2x ) * ( ( ( 9y * 15.0 ) + ( 8y * 3.0 ) ) - ( 3x - ( 7x - 1y ) ) ) ) )
Fitness = 4.062216
Worst Ind: ( ( ( 3y * 100.0 ) - ( 2y * 3x ) ) - ( ( ( 2x * 3y ) * 2x ) - 1y ) )
Fitness = 22.5579723675
Avg Fitness = 18.8514339099
Duplicated = 164
============================================================================
Evaluate Gen  14
New Population 858
Better than Dads 99
Best Ind: ( 1x * ( ( 8y - ( 1x - 1y ) ) * ( ( ( 9y * 15.0 ) + ( 8y * 3.0 ) ) - ( 3x - ( 7x - 1y ) ) ) ) )
Fitness = 2.59505730919
Worst Ind: ( ( 9x - 6y ) - 1y )
Fitness = 22.5579723675
Avg Fitness = 16.6200097859
Duplicated = 149
============================================================================
Evaluate Gen  15
New Population 863
Better than Dads 115
Best Ind: ( 1x * ( ( 8y - ( 1x - 1y ) ) * ( ( ( 9y * 15.0 ) + ( 8y * 3.0 ) ) - ( 3x - ( 7x - 1y ) ) ) ) )
Fitness = 2.59505730919
Worst Ind: ( 14.0 - ( ( 4y - 3x ) * ( ( ( 1y - 3x ) + 1x ) * ( 7y - 1x ) ) ) )
Fitness = 20.467296
Avg Fitness = 13.1516798918
Duplicated = 124
============================================================================
Evaluate Gen  16
New Population 841
Better than Dads 93
Best Ind: ( 1x * ( ( 8y - ( 1x - 1y ) ) * ( ( ( 9y * 15.0 ) + ( 8y * 3.0 ) ) - ( 3x - ( 7x - 1y ) ) ) ) )
Fitness = 2.59505730919
Worst Ind: ( ( 4x + 10y ) - ( ( ( 8x * 6y ) + 7y ) - ( ( ( 9y + ( 8y * 2x ) ) - 85.0 ) - ( ( ( 8x * 6y ) + 7y ) - 1x ) ) ) )
Fitness = 13.02
Avg Fitness = 11.9472395677
Duplicated = 122
============================================================================
Evaluate Gen  17
New Population 846
Better than Dads 93
Best Ind: ( 1x * ( ( 8y - ( 1x - 1y ) ) * ( ( ( 9y * 15.0 ) + ( 8y * 3.0 ) ) - ( 3x - ( 7x - 1y ) ) ) ) )
Fitness = 2.59505730919
Worst Ind: ( 3y - 1x )
Fitness = 13.02
Avg Fitness = 11.3188782996
Duplicated = 112
============================================================================
Evaluate Gen  18
New Population 858
Better than Dads 101
Best Ind: ( 1x * ( 1x * ( ( 6x - ( ( 9y * 9x ) - ( 7y - 1x ) ) ) * ( 7y - 1x ) ) ) )
Fitness = 0.69978256
Worst Ind: ( ( ( 6x - ( 3x - 1y ) ) + 25.0 ) - 1x )
Fitness = 13.02
Avg Fitness = 10.2772830546
Duplicated = 100
============================================================================
Evaluate Gen  19
New Population 856
Better than Dads 117
Best Ind: ( 1x * ( 1x * ( ( 6x - ( ( 9y * 9x ) - ( 7y - 1x ) ) ) * ( 7y - 1x ) ) ) )
Fitness = 0.69978256
Worst Ind: ( 1x * ( 2y * 3x ) )
Fitness = 12.186648
Avg Fitness = 8.46611681205
Duplicated = 100
============================================================================
Evaluate Gen  20
New Population 855
Better than Dads 116
Best Ind: ( 1x * ( 1x * ( ( 6x - ( ( 9y * 9x ) - ( 7y - 1x ) ) ) * ( 7y - 1x ) ) ) )
Fitness = 0.69978256
Worst Ind: ( ( 1y - ( 9x - 2x ) ) * ( 3x - ( 7x - 1y ) ) )
Fitness = 11.3808
Avg Fitness = 6.30731281328
Duplicated = 69
============================================================================
Evaluate Gen  21
New Population 847
Better than Dads 108
Best Ind: ( 1x * ( 1x * ( ( 6x - ( ( 9y * 9x ) - ( 7y - 1x ) ) ) * ( 7y - 1x ) ) ) )
Fitness = 0.69978256
Worst Ind: ( ( ( ( 1y * ( 3x - ( 1x * 2y ) ) ) * 9x ) - 1y ) * ( 7y - 1x ) )
Fitness = 5.6904
Avg Fitness = 4.70313001812
Duplicated = 71
============================================================================
Evaluate Gen  22
New Population 858
Better than Dads 135
Best Ind: ( ( 4x - ( ( 1x * 1x ) * ( ( 10y - 2x ) * ( 7y - 1x ) ) ) ) * ( 7y - 1x ) )
Fitness = 0.5989568064
Worst Ind: ( ( ( ( 1y + ( ( 1x * 2y ) * ( 4y - 4x ) ) ) - 1x ) - 1y ) * ( 7y - 1x ) )
Fitness = 5.6904
Avg Fitness = 4.07523679551
Duplicated = 67
============================================================================
Evaluate Gen  23
New Population 837
Better than Dads 121
Best Ind: ( ( 4x - ( ( 1x * 1x ) * ( ( 10y - 2x ) * ( 7y - 1x ) ) ) ) * ( 7y - 1x ) )
Fitness = 0.5989568064
Worst Ind: ( ( ( 81.0 - ( ( ( 6x - 6y ) + 25.0 ) - 1x ) ) * ( 7y - 1x ) ) * ( 2y * 3x ) )
Fitness = 4.86475536
Avg Fitness = 3.34818050603
Duplicated = 71
============================================================================
Evaluate Gen  24
New Population 851
Better than Dads 135
Best Ind: ( 25.0 - ( ( 1x * ( 5x - 1y ) ) * ( ( ( 9x - 1y ) - ( 1x * ( 7x - 1y ) ) ) * ( 7y - 1x ) ) ) )
Fitness = 0.3928963032
Worst Ind: ( 1x * ( ( 5x - 1y ) - ( 3y - 1x ) ) )
Fitness = 4.4404
Avg Fitness = 2.64847007868
Duplicated = 46
============================================================================
Evaluate Gen  25
New Population 845
Better than Dads 136
Best Ind: ( ( ( ( 9x - 1y ) * ( 1x * 2y ) ) * 1y ) * ( ( ( 81.0 - ( 1x * 1y ) ) * ( 7y - 1x ) ) * 3y ) )
Fitness = 0.293995653563
Worst Ind: ( ( ( 1x * 1x ) - 1y ) * ( 1x * ( 1x * 3y ) ) )
Fitness = 2.85915768
Avg Fitness = 1.90446159554
Duplicated = 47
============================================================================
Evaluate Gen  26
New Population 837
Better than Dads 147
Best Ind: ( ( 1x * ( ( 6y * ( 7x - 1y ) ) - 1x ) ) * ( 1x * ( 1y - ( 1y * ( 1x * 1x ) ) ) ) )
Fitness = 0.149496983264
Worst Ind: ( ( 1x * ( 2y * 3x ) ) * ( ( ( ( 5y + 25.0 ) - ( 1y + 10x ) ) - ( 1x * 2y ) ) * ( 6y - ( 7x - 1y ) ) ) )
Fitness = 2.32311733517
Avg Fitness = 1.54526870157
Duplicated = 52
============================================================================
Evaluate Gen  27
New Population 843
Better than Dads 135
Best Ind: ( ( 1x * ( ( 6y * ( 7x - 1y ) ) - 1x ) ) * ( 1x * ( 1y - ( 1y * ( 1x * 1x ) ) ) ) )
Fitness = 0.149496983264
Worst Ind: ( ( 7x - ( ( 7y - 1x ) * ( 7y - 1x ) ) ) * ( 3x - ( 7x - 1y ) ) )
Fitness = 2.031108
Avg Fitness = 1.24315691384
Duplicated = 43
============================================================================
Evaluate Gen  28
New Population 834
Better than Dads 137
Best Ind: ( ( ( 1x - 1y ) * ( ( 9y + ( 8y * 2x ) ) - ( 1x * ( ( 7x - 1y ) * 2x ) ) ) ) * ( ( ( 1x * 1x ) - ( ( ( 9x - 1y ) * ( 1x * 2y ) ) * 1y ) ) * ( 1x * ( 1x * 3y ) ) ) )
Fitness = 0.0645995075574
Worst Ind: ( ( 1x * ( ( ( 9x - 10y ) - 1x ) - 1x ) ) * ( 9y - 1x ) )
Fitness = 1.705608
Avg Fitness = 0.913607689461
Duplicated = 47
============================================================================
Evaluate Gen  29
New Population 836
Better than Dads 151
Best Ind: ( ( ( 1x * ( ( 1y - 1x ) * 1x ) ) * ( ( 7y - 1x ) * 1x ) ) * ( ( 7y - 1x ) * 1x ) )
Fitness = 0.0594731338253
Worst Ind: ( ( ( 7x - 1y ) * 1x ) * ( 1x * ( ( 1x - 1x ) - 1y ) ) )
Fitness = 0.95305256
Avg Fitness = 0.641215705812
Duplicated = 48
============================================================================
Evaluate Gen  30
New Population 835
Better than Dads 138
Best Ind: ( ( 1x * ( 1x * ( ( ( 7x - 1y ) + ( 8y * 3.0 ) ) - ( 5x - 1y ) ) ) ) * ( ( ( ( 4x - ( 1x * 3x ) ) * ( 1x * 1y ) ) * ( 3x - ( 7x - 1y ) ) ) * ( ( 3y - 1x ) * 1y ) ) )
Fitness = 0.027646431258
Worst Ind: ( ( ( 1x * ( 5x - 1y ) ) - 1y ) * ( 1x * ( ( 9y - 1x ) * 1x ) ) )
Fitness = 0.81079256
Avg Fitness = 0.499732696362
Duplicated = 59
============================================================================
Evaluate Gen  31
New Population 822
Better than Dads 140
Best Ind: ( ( 1x * ( 1x * ( ( ( 7x - 1y ) + ( 8y * 3.0 ) ) - ( 5x - 1y ) ) ) ) * ( ( ( ( 4x - ( 1x * 3x ) ) * ( 1x * 1y ) ) * ( 3x - ( 7x - 1y ) ) ) * ( ( 3y - 1x ) * 1y ) ) )
Fitness = 0.027646431258
Worst Ind: ( ( ( ( 7y - 1x ) * 1x ) * ( ( 1y + ( 8y * 1x ) ) - ( 1x - ( 5y - 2x ) ) ) ) * ( 1x * 1y ) )
Fitness = 0.6842372064
Avg Fitness = 0.36651259404
Duplicated = 60
============================================================================
Evaluate Gen  32
New Population 831
Better than Dads 142
Best Ind: ( 1x * ( ( 1x * ( ( 2x * 1y ) * ( 5x - 1y ) ) ) * ( ( ( ( 1x - 1x ) * 1x ) * ( ( 7y - 1x ) * 1x ) ) * ( ( 4x + 10y ) - ( 5x - 1x ) ) ) ) )
Fitness = 0.0147894509771
Worst Ind: ( ( 1x * ( ( ( 7y - 1x ) - 1y ) * ( 9y - 1x ) ) ) * ( 1x * ( ( 1y - 1x ) * 3x ) ) )
Fitness = 0.448490949792
Avg Fitness = 0.291935889262
Duplicated = 64
============================================================================
Evaluate Gen  33
New Population 819
Better than Dads 154
Best Ind: ( ( 1x * ( ( ( 9y * 15.0 ) - 1y ) * ( 9y - 1x ) ) ) * ( ( ( ( 1x - 9y ) - ( 7y - 1x ) ) * ( 7y - 1x ) ) * ( ( ( ( 9x - 1y ) - 1x ) * ( 1x * 1x ) ) * 1x ) ) )
Fitness = 0.0141493719292
Worst Ind: ( ( ( ( 1x - ( 8x - 1y ) ) - ( ( ( 8x * 6y ) + 7y ) - 1x ) ) * ( ( 9y + ( 8y * 2x ) ) - 1y ) ) * ( 1x * ( ( 3y - 1x ) * 1y ) ) )
Fitness = 0.3928963032
Avg Fitness = 0.245454976158
Duplicated = 63
============================================================================
Evaluate Gen  34
New Population 831
Better than Dads 142
Best Ind: ( ( ( ( ( 9x - 1y ) - 1x ) * ( 1x * 1x ) ) * 1x ) * ( ( ( ( ( 7x - 1y ) * 6y ) - 1y ) * ( ( ( 1x + 1y ) - 1x ) * ( 9y - 1x ) ) ) * ( 1x * ( ( 3y - 1x ) * 1y ) ) ) )
Fitness = 0.00739472548857
Worst Ind: ( ( ( 1y + ( 2x * ( 4y - 4x ) ) ) - ( ( ( ( 6y * 9y ) - 8x ) - ( ( 1x * 2y ) * 1y ) ) * ( 7y - 1x ) ) ) * ( 1x * ( ( 1y * 2x ) - 1x ) ) )
Fitness = 0.339533594528
Avg Fitness = 0.191607598291
Duplicated = 71
============================================================================
Evaluate Gen  35
New Population 802
Better than Dads 139
Best Ind: ( ( 1x * ( 1x * ( ( ( 7y - 1y ) * ( 7y - 1x ) ) * ( 1y * ( 7y - 1x ) ) ) ) ) * ( ( ( ( ( 1y - 1x ) * 1x ) * ( 7y - 1x ) ) * 1x ) * 1x ) )
Fitness = 0.00349221118437
Worst Ind: ( 1x * ( ( ( 1x * 1x ) - ( ( ( 9x - 1y ) * ( 1x * 2y ) ) * 1y ) ) * ( 1x * ( 1x * 3y ) ) ) )
Fitness = 0.260261668177
Avg Fitness = 0.145424009026
Duplicated = 57
============================================================================
Evaluate Gen  36
New Population 814
Better than Dads 143
Best Ind: ( ( 1x * ( 1x * ( ( ( 7y - 1y ) * ( 7y - 1x ) ) * ( 1y * ( 7y - 1x ) ) ) ) ) * ( ( ( ( ( 1y - 1x ) * 1x ) * ( 7y - 1x ) ) * 1x ) * 1x ) )
Fitness = 0.00349221118437
Worst Ind: ( ( ( 1x * ( ( 1y * 2x ) - 1x ) ) * ( ( 1y + ( 4x + 10y ) ) - 1y ) ) * ( ( 4x - ( ( 1x * 2y ) * 1y ) ) * ( 7y - 1x ) ) )
Fitness = 0.170670933131
Avg Fitness = 0.120628612749
Duplicated = 54
============================================================================
Evaluate Gen  37
New Population 823
Better than Dads 156
Best Ind: ( ( ( 1x * ( 1x - 1x ) ) * ( 1x * ( 1x * ( ( 1x - 1y ) * 1x ) ) ) ) * ( ( ( 1x * 1x ) * ( ( 7x - 1x ) * 1x ) ) * 1x ) )
Fitness = 0.00313847688614
Worst Ind: ( ( ( 1x * ( ( ( 6x - 6y ) + ( 8y * 3.0 ) ) - 1x ) ) * ( 7y - ( 8x - 1y ) ) ) * ( ( 1x - ( 1x * ( 8x - 1y ) ) ) * ( ( 7y - 1x ) - 1x ) ) )
Fitness = 0.169766797264
Avg Fitness = 0.0999275938153
Duplicated = 51
============================================================================
Evaluate Gen  38
New Population 816
Better than Dads 144
Best Ind: ( ( ( 1x * ( ( ( 7y - 2y ) - 1y ) * ( ( 9x - 6y ) - ( 1x * 1x ) ) ) ) * ( ( ( 7y - 1x ) - 1y ) * ( 9y - 1x ) ) ) * ( ( ( ( 1x - 6y ) - ( 1y * ( 7y - 1x ) ) ) * ( 1x * ( 6y - ( 7x - 1y ) ) ) ) * ( 1x * ( 7x - 1y ) ) ) )
Fitness = 0.00228541702671
Worst Ind: ( ( 1x * ( ( ( 7y - 1x ) * ( 7x - 1y ) ) - 1x ) ) * ( 1x * ( 1x * ( ( 1x - 1y ) * 1x ) ) ) )
Fitness = 0.149496983264
Avg Fitness = 0.0783771363682
Duplicated = 46
============================================================================
Evaluate Gen  39
New Population 816
Better than Dads 169
Best Ind: ( ( ( 1x * ( ( ( 7y - 2y ) - 1y ) * ( ( 9x - 6y ) - ( 1x * 1x ) ) ) ) * ( ( ( 7y - 1x ) - 1y ) * ( 9y - 1x ) ) ) * ( ( ( ( 1x - 6y ) - ( 1y * ( 7y - 1x ) ) ) * ( 1x * ( 6y - ( 7x - 1y ) ) ) ) * ( 1x * ( 7x - 1y ) ) ) )
Fitness = 0.00228541702671
Worst Ind: ( ( ( 94.0 * ( ( ( 9y * 9x ) - 1y ) * ( 7y - 1x ) ) ) - ( ( ( ( 10x - 7x ) - ( 5x - 1y ) ) * ( 3x - ( 9x - 1y ) ) ) * ( 7y - 1x ) ) ) * ( 1y * ( 1x * ( ( ( 10x - 7x ) - 1x ) * ( 3x - ( 7x - 1y ) ) ) ) ) )
Fitness = 0.0967797849635
Avg Fitness = 0.0605661372984
Duplicated = 49
============================================================================
Evaluate Gen  40
New Population 810
Better than Dads 156
Best Ind: ( ( ( 1x * ( ( ( 7y - 2y ) - 1y ) * ( ( 9x - 6y ) - ( 1x * 1x ) ) ) ) * ( ( ( 7y - 1x ) - 1y ) * ( 9y - 1x ) ) ) * ( ( ( ( 1x - 6y ) - ( 1y * ( 7y - 1x ) ) ) * ( 1x * ( 6y - ( 7x - 1y ) ) ) ) * ( 1x * ( 7x - 1y ) ) ) )
Fitness = 0.00228541702671
Worst Ind: ( ( ( ( 1x - ( 1y * 1y ) ) * ( 7y - 1x ) ) - ( ( 1x * 1x ) * ( ( 1x * ( 2y * 3x ) ) * ( 7y - 1x ) ) ) ) * ( ( 1x - 3y ) - ( ( ( 7y - 1x ) * 1x ) * ( 7y - 1x ) ) ) )
Fitness = 0.084896231575
Avg Fitness = 0.049642387317
Duplicated = 55
============================================================================
Evaluate Gen  41
New Population 819
Better than Dads 153
Best Ind: ( ( ( 1x * ( ( ( 7y - 2y ) - 1y ) * ( ( 9x - 6y ) - ( 1x * 1x ) ) ) ) * ( ( ( 7y - 1x ) - 1y ) * ( 9y - 1x ) ) ) * ( ( ( ( 1x - 6y ) - ( 1y * ( 7y - 1x ) ) ) * ( 1x * ( 6y - ( 7x - 1y ) ) ) ) * ( 1x * ( 7x - 1y ) ) ) )
Fitness = 0.00228541702671
Worst Ind: ( ( ( 1x * ( ( 1y * 2x ) - ( ( 7y - 1x ) * 1x ) ) ) * ( ( 1y + ( 3y - 1x ) ) - 1x ) ) * ( ( 4x - ( ( 1x * 2y ) * 1y ) ) * ( 7y - 1x ) ) )
Fitness = 0.0685858939659
Avg Fitness = 0.0375927950045
Duplicated = 68
============================================================================
Evaluate Gen  42
New Population 820
Better than Dads 165
Best Ind: ( ( ( ( ( 1x - 1x ) * ( 1x - 1y ) ) * ( 7x - 1y ) ) * ( 1x - ( ( ( 1x * 1y ) * ( 4y - 1y ) ) * ( 1x * ( 7x - 1y ) ) ) ) ) * ( ( 1x * ( ( 1y * ( 7y - 1x ) ) * ( 7y - 1x ) ) ) * ( 5x - 1y ) ) )
Fitness = 0.00134678763531
Worst Ind: ( ( 1x * ( ( ( 3y - 1y ) - 1y ) * ( 9y - 1x ) ) ) * ( ( ( 1x - 1y ) * ( ( 7y - 1x ) * ( ( 9x - 6y ) - 1y ) ) ) * ( ( ( 4y - 3x ) - 10y ) - ( ( ( 2y * 3x ) - 1y ) * ( 5x - 1y ) ) ) ) )
Fitness = 0.0489992755938
Avg Fitness = 0.0269600917163
Duplicated = 70
============================================================================
Evaluate Gen  43
New Population 811
Better than Dads 166
Best Ind: ( ( ( ( 81.0 - 1x ) - ( ( 1y * ( 8x - 1y ) ) * ( 1x * 2y ) ) ) * ( ( 1x * ( ( 2y * 3x ) - 1y ) ) * ( 3x - ( 7x - 1y ) ) ) ) * ( ( 3y - ( ( 1x - 1x ) * ( ( 7y - 1x ) * ( 7y - 1x ) ) ) ) * ( ( ( ( 9y * 9x ) - 1x ) * ( 7y - 1x ) ) * ( 1y * ( 7y - 1x ) ) ) ) )
Fitness = 0.0011646573608
Worst Ind: ( ( ( 1x * ( ( 81.0 - 2x ) * 1x ) ) * 1y ) * ( ( ( 1x * ( 1x * ( 1y - 1x ) ) ) * ( 1x - 1y ) ) * ( ( ( 9y * 15.0 ) + ( 8y * 3.0 ) ) - ( 3x - ( 7x - 1y ) ) ) ) )
Fitness = 0.0354224015029
Avg Fitness = 0.0214426788246
Duplicated = 67
============================================================================
Evaluate Gen  44
New Population 825
Better than Dads 173
Best Ind: ( ( ( ( ( 1y * 1x ) * ( ( 7x - 1x ) * 1x ) ) * ( 1x - 1y ) ) * ( ( 7y - 1x ) * ( 1x * ( 1x - ( 1x * 1x ) ) ) ) ) * ( ( ( 1x - 1y ) * ( ( 7y - 1x ) * 1x ) ) * ( ( ( 4y - 3x ) - 10y ) - ( ( ( 2y * 3x ) - 1y ) * ( 5x - 1y ) ) ) ) )
Fitness = 0.000525193254735
Worst Ind: ( ( ( 7y - 1x ) * 1x ) * ( ( 1x * ( ( 1x * ( 7y - 1x ) ) * ( ( 10y - 2x ) - ( 7x - 1y ) ) ) ) * ( 1x * ( ( 1y * 2x ) - 1x ) ) ) )
Fitness = 0.0305555224014
Avg Fitness = 0.0163156730194
Duplicated = 72
============================================================================
Evaluate Gen  45
New Population 797
Better than Dads 159
Best Ind: ( ( ( ( ( 1y * 1x ) * ( ( 7x - 1x ) * 1x ) ) * ( 1x - 1y ) ) * ( ( 7y - 1x ) * ( 1x * ( 1x - ( 1x * 1x ) ) ) ) ) * ( ( ( 1x - 1y ) * ( ( 7y - 1x ) * 1x ) ) * ( ( ( 4y - 3x ) - 10y ) - ( ( ( 2y * 3x ) - 1y ) * ( 5x - 1y ) ) ) ) )
Fitness = 0.000525193254735
Worst Ind: ( ( ( 1x - ( ( ( 3y - 1x ) - 1x ) * ( ( 1y - 1y ) - ( 7x - 1y ) ) ) ) * ( ( 7y - ( 7x - 1y ) ) * 1x ) ) * ( ( 1x * ( ( ( 7y - 1y ) - 1y ) * ( 9y - 1x ) ) ) * ( ( ( 7y - 1x ) - 1y ) * ( 9y - 1x ) ) ) )
Fitness = 0.0198445874156
Avg Fitness = 0.0132871544058
Duplicated = 81
============================================================================
Evaluate Gen  46
New Population 827
Better than Dads 164
Best Ind: ( ( ( 94.0 * 95.0 ) - ( ( ( ( 1x - 7x ) - 1x ) * ( 3x - ( 7x - 1y ) ) ) * ( ( 1x * ( 1x * 1y ) ) * ( ( 10y - 2x ) * ( 1x * 1x ) ) ) ) ) * ( ( ( ( ( 10x - 7x ) - 1x ) * ( 7y - 1x ) ) * ( 7y - 1x ) ) * ( ( 1x * ( ( 9x - 1y ) * ( 9y - 1x ) ) ) * ( ( 3y - ( 1x * 1y ) ) * 3x ) ) ) )
Fitness = 0.000329205909884
Worst Ind: ( ( 1x - 1x ) * ( ( ( ( 9x - ( 1x * 1x ) ) * ( 1x * 1x ) ) * 1y ) * ( 1y * ( 1x * ( ( 1x - 1x ) - 1y ) ) ) ) )
Fitness = 0.0177112007514
Avg Fitness = 0.0106346514492
Duplicated = 64
============================================================================
Evaluate Gen  47
New Population 825
Better than Dads 166
Best Ind: ( ( ( ( 1x * ( 7y - 1x ) ) * ( 5x - 1y ) ) * ( ( 7y - 1x ) * 1x ) ) * ( ( ( 1x - 1x ) * ( ( ( 7y - 1y ) - 1y ) * ( 9y - 1x ) ) ) * ( ( ( ( 3y - 1x ) * ( 1x * 1y ) ) * ( ( 1x * 1x ) * 1x ) ) * 1y ) ) )
Fitness = 0.000229738078129
Worst Ind: ( ( ( 1x * 1x ) * ( ( 1x - ( ( 7y - 1x ) * 1x ) ) * ( 7y - ( 1x * ( 7y - 1x ) ) ) ) ) * ( ( 4x - ( ( 1x * 2y ) * 1y ) ) * ( 7y - 1x ) ) )
Fitness = 0.0147894509771
Avg Fitness = 0.00810769854078
Duplicated = 70
============================================================================
Evaluate Gen  48
New Population 821
Better than Dads 165
Best Ind: ( ( ( ( ( ( 1x - 1x ) * ( 5x - 1y ) ) * 1x ) * ( 1x * ( 1x * ( 1x - 1x ) ) ) ) * ( ( 1x * ( ( 1y * 1y ) * ( 5x - 1x ) ) ) * 3y ) ) * ( ( ( ( 5x - 1y ) - ( 1x * ( 9y - 1x ) ) ) - ( ( 7y - 1x ) * ( 7y - 1x ) ) ) * ( ( ( ( 2y - 1x ) - ( 1x * 1x ) ) * ( 7y - 1x ) ) - ( ( 1x * 1x ) * ( 1x * ( 7y - 1x ) ) ) ) ) )
Fitness = 0.000164602954942
Worst Ind: ( ( ( 4x - 1x ) * ( ( 7y - 1x ) - ( 1x - 1x ) ) ) * ( ( 1y - ( ( 3x - ( 7x - 1y ) ) * ( ( 7x - 1y ) - ( 7x - 1y ) ) ) ) * ( ( 1x * ( ( 1x * 1x ) * ( 5x - 1y ) ) ) * ( ( 1x - 1y ) * ( 5x - 1y ) ) ) ) )
Fitness = 0.0102999007034
Avg Fitness = 0.0059089988328
Duplicated = 88
============================================================================
Evaluate Gen  49
New Population 801
Better than Dads 162
Best Ind: ( ( ( ( ( ( 1x - 1x ) * ( 5x - 1y ) ) * 1x ) * ( 1x * ( 1x * ( 1x - 1x ) ) ) ) * ( ( 1x * ( ( 1y * 1y ) * ( 5x - 1x ) ) ) * 3y ) ) * ( ( ( ( 5x - 1y ) - ( 1x * ( 9y - 1x ) ) ) - ( ( 7y - 1x ) * ( 7y - 1x ) ) ) * ( ( ( ( 2y - 1x ) - ( 1x * 1x ) ) * ( 7y - 1x ) ) - ( ( 1x * 1x ) * ( 1x * ( 7y - 1x ) ) ) ) ) )
Fitness = 0.000164602954942
Worst Ind: ( ( ( ( ( 2y - 1x ) - 1x ) * 1y ) - ( ( 1x * 1x ) * ( ( 1y * ( 1x * 3x ) ) * ( 7y - 1x ) ) ) ) * ( 1x * ( ( 1y - ( 1y * ( 1x * 1x ) ) ) * ( 1x * ( 1x * 3y ) ) ) ) )
Fitness = 0.00797470914805
Avg Fitness = 0.00474803250987
Duplicated = 91
============================================================================
Evaluate Gen  50
New Population 814
Better than Dads 158
Best Ind: ( ( ( ( ( ( 10x - 7x ) - 1x ) * ( 7y - 1x ) ) * ( 7y - 1x ) ) * ( ( ( ( 1y - 1y ) * ( 7y - 1x ) ) * ( 1y * ( 7y - 1x ) ) ) * ( ( 7x - 1y ) - ( 1x * 1x ) ) ) ) * ( ( 1x * ( ( 1x * 1y ) * 1y ) ) * ( ( 1x * ( ( 9x - 1y ) * ( 9y - 1x ) ) ) * ( ( 3y - ( 1x * 1y ) ) * 3x ) ) ) )
Fitness = 4.86649034408e-05
Worst Ind: ( ( ( ( ( 9x - 1y ) - 1x ) * ( 1x * 1x ) ) * 1x ) * ( ( 1x * ( ( ( 1x + 1y ) - 1x ) * ( 9y - 1x ) ) ) * ( 1x * ( ( 3y - 1x ) * 1y ) ) ) )
Fitness = 0.00663083742854
Avg Fitness = 0.00375660848499
Duplicated = 97
