dataset_file= dataset/SR_div.txt
population= 500
generations= 100
tournament_size= 2
cross_over= 0.6
mutation= 0.3
elitism= True
(50, 2)
============================================================================
Build initial population
ind: 1
( ( ( ( 1x * 29.0 ) * 43.0 ) + 4x ) + ( ( ( ( ( 7x + 6x ) - ( 9.0 - 11.0 ) ) * ( ( 2y * 27.0 ) + 2y ) ) + ( ( ( 2y * 7.0 ) - 7x ) * ( ( 43.0 + 4.0 ) * 86.0 ) ) ) * ( 56.0 * ( 2.0 - ( ( 93.0 + 56.0 ) * 4y ) ) ) ) )
ind: 2
( ( ( ( 88.0 + ( 74.0 + 5x ) ) * ( 89.0 + ( 57.0 - ( 1x * 6y ) ) ) ) - ( ( 96.0 * 53.0 ) - ( ( ( 95.0 - 4y ) * 14.0 ) * 54.0 ) ) ) - 65.0 )
ind: 3
( ( 8y - ( ( 10y - ( 67.0 + 2y ) ) + ( ( ( 8x + 7x ) * ( 7y * 1x ) ) + ( ( 2y + 5y ) + ( 18.0 * 10.0 ) ) ) ) ) - 34.0 )
ind: 4
( ( ( ( 9y - ( 3y - 8x ) ) + ( ( ( 9x * 46.0 ) * ( 96.0 * 1y ) ) - ( ( 99.0 * 26.0 ) - ( 15.0 * 6y ) ) ) ) * ( ( 84.0 * ( ( 61.0 + 9x ) + 95.0 ) ) - 91.0 ) ) - ( ( 6x + 100.0 ) - ( ( ( ( 9x - 57.0 ) + 1y ) * 18.0 ) * 5y ) ) )
ind: 5
( ( 79.0 - ( 8y - ( 10y * ( 69.0 - 35.0 ) ) ) ) - 4x )
ind: 6
( ( 6y - 6y ) + ( ( 5.0 * 10x ) + 91.0 ) )
ind: 7
( ( 3x + ( ( 7x * ( ( 37.0 * 6x ) * 75.0 ) ) - ( ( ( 39.0 * 6y ) * ( 2x + 5x ) ) + ( ( 7.0 + 63.0 ) + 10x ) ) ) ) - 14.0 )
ind: 8
( 30.0 - ( ( ( 61.0 + ( 86.0 - ( 10x + 18.0 ) ) ) * ( ( 10x * 16.0 ) * ( ( 36.0 * 37.0 ) * ( 7y - 2x ) ) ) ) - ( 1y - 91.0 ) ) )
ind: 9
( 71.0 + ( ( ( 17.0 * 3x ) * 58.0 ) + ( ( ( ( 33.0 - 4x ) + ( 3y + 3x ) ) * 7y ) * 2x ) ) )
ind: 10
( ( ( ( ( ( 8y + 7x ) * 89.0 ) - ( 99.0 - ( 14.0 - 97.0 ) ) ) - 10y ) + ( 3y + ( ( ( 33.0 * 3x ) + 51.0 ) + ( 47.0 - 9x ) ) ) ) * 28.0 )
ind: 11
( ( 26.0 - ( ( ( ( 77.0 * 7x ) + 1x ) + ( ( 7.0 * 1y ) * ( 50.0 + 4x ) ) ) + ( 83.0 + 10x ) ) ) * 10x )
ind: 12
( 1x * ( 77.0 - ( 4x + ( ( 4y + 5x ) * ( 4x * ( 43.0 + 34.0 ) ) ) ) ) )
ind: 13
( ( ( ( 5y * 36.0 ) - 90.0 ) - 1x ) + 33.0 )
ind: 14
( ( 97.0 - 46.0 ) * ( 5x * ( ( ( 93.0 * ( 1y + 6y ) ) + 7y ) + 70.0 ) ) )
ind: 15
( ( 36.0 * ( ( ( 5x * 9y ) - ( 24.0 - ( 31.0 + 6y ) ) ) * 83.0 ) ) * ( 5x - 8y ) )
ind: 16
( ( 61.0 + ( ( 3x + ( 6y - ( 1y - 33.0 ) ) ) + ( 1y + ( ( 43.0 * 87.0 ) - 10y ) ) ) ) * 5x )
ind: 17
( 39.0 + ( ( 33.0 + 2x ) * ( 7y * 18.0 ) ) )
ind: 18
( ( 70.0 - 3x ) - ( 77.0 - ( ( 3y + ( 8y - 9x ) ) + 55.0 ) ) )
ind: 19
( 70.0 * ( ( 28.0 + ( ( ( 5x - 4y ) * 81.0 ) + ( 69.0 * ( 7x * 3.0 ) ) ) ) + 54.0 ) )
ind: 20
( ( ( ( 6.0 * 6y ) + ( 10y * ( 8x * ( 8.0 * 10.0 ) ) ) ) + 76.0 ) * 10y )
ind: 21
( 9x - ( ( 92.0 - ( ( 75.0 * 22.0 ) - ( 3y + 9.0 ) ) ) * ( 59.0 * 16.0 ) ) )
ind: 22
( ( 10y * 61.0 ) - 7x )
ind: 23
( ( ( 73.0 * 7x ) * 9y ) + 53.0 )
ind: 24
( 7x - ( ( 57.0 - 82.0 ) * 2y ) )
ind: 25
( ( ( ( 25.0 * ( ( 88.0 * 47.0 ) - 7y ) ) * ( 35.0 * 15.0 ) ) * 99.0 ) + 4x )
ind: 26
( ( ( ( 1x * 51.0 ) - 29.0 ) * ( ( 5x - ( 30.0 + ( 51.0 - 8x ) ) ) + ( ( 87.0 * ( 2.0 - 4y ) ) - 56.0 ) ) ) * ( 10y - 9y ) )
ind: 27
( 76.0 * ( ( ( 17.0 - ( ( 68.0 * 87.0 ) * 8x ) ) * ( ( ( 19.0 - 8.0 ) + ( 3y * 95.0 ) ) * 62.0 ) ) * ( ( 4x * ( 5y * 4.0 ) ) - ( 10y * 7y ) ) ) )
ind: 28
( ( ( ( 9x - ( ( 45.0 + 5y ) * ( 3y * 96.0 ) ) ) - 6.0 ) + 9x ) + ( 47.0 * ( 10y * ( ( ( 85.0 - 32.0 ) * 19.0 ) * ( 87.0 * ( 9y - 78.0 ) ) ) ) ) )
ind: 29
( ( 10.0 + 8y ) * ( 5y * ( ( ( 52.0 * ( 63.0 - 51.0 ) ) - 43.0 ) - 5x ) ) )
ind: 30
( ( 6y - 49.0 ) * ( ( ( 67.0 * ( 27.0 - 13.0 ) ) - ( ( ( 4y + 87.0 ) + 31.0 ) + ( 5x - ( 7x * 3.0 ) ) ) ) + ( 2y + 6y ) ) )
ind: 31
( ( ( ( ( ( 33.0 + 9x ) * ( 5y + 71.0 ) ) - ( ( 2y - 100.0 ) - 9x ) ) - 83.0 ) - ( ( 97.0 + ( 10y - ( 15.0 - 1.0 ) ) ) * ( 7y * ( 9y * 77.0 ) ) ) ) - ( 11.0 + ( ( 3x - 7x ) - ( ( 79.0 * ( 67.0 + 3x ) ) - ( 2y - ( 97.0 * 62.0 ) ) ) ) ) )
ind: 32
( ( 10x - 53.0 ) + ( 90.0 * ( ( ( ( 7x * 18.0 ) - ( 7x * 9x ) ) * ( ( 93.0 - 51.0 ) + 9y ) ) - ( 3y - 8x ) ) ) )
ind: 33
( 17.0 * ( ( 4y * ( ( 10y + ( 1.0 + 4x ) ) + 2y ) ) * ( ( ( ( 92.0 + 9y ) + 2x ) + ( 97.0 + ( 3x * 7x ) ) ) + 3x ) ) )
ind: 34
( ( 1x - ( 41.0 + ( 50.0 - ( ( 4y * 61.0 ) - 59.0 ) ) ) ) - 3y )
ind: 35
( 3y + ( ( ( 2x + ( 9y - ( 2x * 10y ) ) ) - 7y ) * 1y ) )
ind: 36
( ( ( 6x * ( ( 44.0 + 48.0 ) * 7x ) ) + ( ( ( ( 83.0 + 1.0 ) + ( 3x * 6x ) ) + ( 25.0 - ( 91.0 + 2y ) ) ) - 2y ) ) * ( 1x * ( ( ( 67.0 * 9x ) - 44.0 ) * ( ( 5y - ( 7x * 2x ) ) + ( ( 82.0 * 5x ) - ( 5.0 * 10y ) ) ) ) ) )
ind: 37
( 5y * 4x )
ind: 38
( 5y + ( 76.0 - 7x ) )
ind: 39
( 8y * 4x )
ind: 40
( 6.0 - ( ( 10.0 * 9y ) * ( ( ( ( 4x - 1y ) * ( 10y - 31.0 ) ) * 87.0 ) * ( 65.0 * 47.0 ) ) ) )
ind: 41
( ( 20.0 - ( 4y - 6y ) ) * ( 69.0 * ( ( 35.0 - ( 41.0 * 46.0 ) ) * ( 4y - ( ( 6x + 35.0 ) + ( 32.0 * 3y ) ) ) ) ) )
ind: 42
( ( 1x - 5y ) + ( ( 30.0 * 25.0 ) - ( 4.0 * 6y ) ) )
ind: 43
( ( 93.0 * ( ( 92.0 + 7y ) * ( ( ( 6y - 4y ) * 18.0 ) * 22.0 ) ) ) * ( 49.0 - 8x ) )
ind: 44
( ( ( 3y - 28.0 ) * ( 2x * 4x ) ) + ( ( 61.0 * ( ( 94.0 - ( 14.0 - 28.0 ) ) * ( ( 62.0 - 1x ) * ( 10y + 80.0 ) ) ) ) + ( ( ( ( 78.0 * 3y ) + 12.0 ) * ( 44.0 + 43.0 ) ) * ( ( 1.0 * ( 9x * 7x ) ) + ( ( 2y + 7x ) * ( 1x - 4y ) ) ) ) ) )
ind: 45
( ( 36.0 - 2.0 ) + ( ( 1x - ( 7y - 2y ) ) + ( 63.0 - 70.0 ) ) )
ind: 46
( ( ( ( 10x + ( ( 12.0 * 5.0 ) * ( 7y + 8x ) ) ) + 5y ) - ( 58.0 + ( 39.0 - 20.0 ) ) ) - 21.0 )
ind: 47
( ( ( 3y * 77.0 ) * ( 63.0 * 66.0 ) ) + ( ( 7x - 5y ) + ( ( 6y - ( ( 12.0 * 3y ) - ( 12.0 - 93.0 ) ) ) * 97.0 ) ) )
ind: 48
( ( ( 6y * ( ( ( 9.0 * 4.0 ) - 7y ) * ( ( 83.0 * 7y ) - ( 5x - 78.0 ) ) ) ) + ( 42.0 * 5y ) ) - 7x )
ind: 49
( 2y + ( ( 22.0 - 3x ) - ( ( ( ( 80.0 * 73.0 ) + 8x ) - ( ( 5y + 5x ) - ( 80.0 + 8y ) ) ) * 94.0 ) ) )
ind: 50
( ( ( 8y * 1.0 ) - 1x ) + ( 85.0 - ( ( 5x + ( ( 4x - 3x ) - ( 91.0 - 43.0 ) ) ) * ( 3x + ( 4x * 9.0 ) ) ) ) )
ind: 51
( 68.0 + ( ( ( ( 9x - ( 8.0 * 10x ) ) - ( ( 3y + 66.0 ) * 9x ) ) + ( 83.0 - ( 9.0 + 41.0 ) ) ) - 6y ) )
ind: 52
( 9y - ( 2y - ( ( ( 51.0 + ( 19.0 * 4.0 ) ) - ( 19.0 + 2y ) ) * 2x ) ) )
ind: 53
( ( ( 3y + 6x ) * ( 5x - 90.0 ) ) + ( ( 5y + 2x ) - 37.0 ) )
ind: 54
( ( ( ( 8x * ( ( 9y - 9y ) - ( 9x + 7y ) ) ) * ( ( ( 1y + 6.0 ) + ( 13.0 + 48.0 ) ) * ( ( 18.0 - 2x ) - 1x ) ) ) * ( ( 8x - 98.0 ) - 100.0 ) ) * 100.0 )
ind: 55
( 70.0 - ( ( ( ( ( 1x * 1x ) - ( 8.0 * 3y ) ) + ( ( 66.0 - 39.0 ) - ( 6.0 + 7.0 ) ) ) * ( 55.0 * ( 75.0 - 39.0 ) ) ) - ( 4y - ( ( 6.0 * ( 10x - 11.0 ) ) * ( 3x + 22.0 ) ) ) ) )
ind: 56
( ( 4y + ( ( 6y + 59.0 ) - 84.0 ) ) - ( ( 7x + ( ( 42.0 + ( 5.0 * 9x ) ) * ( 37.0 * ( 5y + 10y ) ) ) ) * 5y ) )
ind: 57
( 10x + ( ( 7x - 83.0 ) + ( ( 7y - ( 8x * ( 67.0 * 55.0 ) ) ) + 70.0 ) ) )
ind: 58
( ( ( ( ( 60.0 - 3x ) * ( ( 1.0 + 4y ) + 3y ) ) * 21.0 ) * ( 9y * ( ( ( 18.0 + 10x ) * ( 6y - 74.0 ) ) + 5x ) ) ) + ( ( ( 2x * 4x ) * 7y ) + 5.0 ) )
ind: 59
( ( ( ( ( ( 4y * 8y ) - ( 4x + 9y ) ) * ( ( 7x + 24.0 ) + 52.0 ) ) - ( 6y - ( ( 8y + 1y ) + ( 17.0 + 70.0 ) ) ) ) * 6y ) + 92.0 )
ind: 60
( ( ( ( ( ( 1y - 7y ) * 35.0 ) + ( 10y + 1.0 ) ) + 9x ) - 40.0 ) - ( 13.0 - ( 12.0 * 24.0 ) ) )
ind: 61
( ( ( 29.0 - ( ( ( 8y * 7y ) * ( 73.0 + 4y ) ) - ( ( 73.0 + 38.0 ) - 10x ) ) ) - ( ( ( 7y - 5y ) + 1x ) - 3x ) ) - ( ( ( 7y + ( 9y * 86.0 ) ) - ( 47.0 + 38.0 ) ) * ( ( 56.0 * ( 66.0 * 5y ) ) - ( 5y * ( 2x + ( 5y * 35.0 ) ) ) ) ) )
ind: 62
( ( ( ( ( 3x * 2y ) + ( ( 2y - 6x ) - ( 9x + 18.0 ) ) ) + 18.0 ) - ( ( ( 66.0 * ( 2y - 8y ) ) - ( ( 7y * 4x ) * 93.0 ) ) + ( ( 33.0 * 9y ) - ( ( 10y - 4y ) - ( 7x + 9x ) ) ) ) ) - 27.0 )
ind: 63
( 9y + ( ( 7y + 9y ) - ( 7y + 3x ) ) )
ind: 64
( ( ( 89.0 + 83.0 ) * ( ( 90.0 * ( ( 2.0 * 8y ) * ( 1x * 10y ) ) ) * 7y ) ) + 3y )
ind: 65
( 82.0 * ( ( 7y * ( 79.0 * ( 10y + 2y ) ) ) + 4x ) )
ind: 66
( ( ( 6x + 7y ) + 16.0 ) * ( ( ( 10x + 2.0 ) - ( ( ( 8y - 4x ) - ( 6x + 84.0 ) ) * 2x ) ) * 10x ) )
ind: 67
( 65.0 - ( 7y - ( 7y + ( 5x * ( 3x - 7x ) ) ) ) )
ind: 68
( 5y * ( ( ( 2y + 8x ) * ( ( ( 3y - 14.0 ) + 2y ) - ( 67.0 * ( 55.0 + 3x ) ) ) ) + 44.0 ) )
ind: 69
( 58.0 + ( ( ( ( ( 19.0 + 6x ) + 16.0 ) * 1x ) - 69.0 ) - 8y ) )
ind: 70
( ( 6x + 4y ) * ( 60.0 - 7y ) )
ind: 71
( ( ( ( ( ( 1x + 84.0 ) + ( 65.0 - 81.0 ) ) - 82.0 ) * ( ( ( 1x + 4y ) - ( 2x + 4.0 ) ) + ( ( 8y * 3y ) * 8x ) ) ) - ( 91.0 - ( ( ( 98.0 + 6y ) * 19.0 ) + ( 46.0 - 18.0 ) ) ) ) * 1y )
ind: 72
( ( 57.0 - 4y ) + ( ( 10.0 + 1x ) * 36.0 ) )
ind: 73
( ( 5x * ( ( ( 9x + 41.0 ) + 61.0 ) * 89.0 ) ) - 4y )
ind: 74
( ( ( ( ( ( 18.0 - 56.0 ) + 99.0 ) + 9y ) + ( ( ( 2y - 7.0 ) - ( 9x * 7y ) ) * 99.0 ) ) - ( ( 9y - 16.0 ) - ( 95.0 * ( 7x * 6x ) ) ) ) * 74.0 )
ind: 75
( ( 1x * ( ( 9x - ( 3y + 88.0 ) ) - ( ( ( 5.0 + 4x ) + ( 2y - 32.0 ) ) - 5x ) ) ) + ( ( ( ( 6y * 85.0 ) * ( 45.0 + 37.0 ) ) + ( ( 58.0 + 82.0 ) - 22.0 ) ) - 8y ) )
ind: 76
( ( ( 3.0 - ( ( ( 2x + 10y ) * 60.0 ) * 81.0 ) ) - 7x ) - ( ( ( 2y + ( ( 58.0 + 100.0 ) * 31.0 ) ) - 9y ) * 7y ) )
ind: 77
( 94.0 + ( ( ( ( ( 51.0 + 1x ) * 10y ) + ( ( 8x + 9x ) - 7x ) ) * ( ( ( 3y * 5y ) * 25.0 ) - 13.0 ) ) + 95.0 ) )
ind: 78
( ( 1x - ( ( 2y - 26.0 ) - ( ( ( 48.0 + 4x ) * ( 56.0 + 51.0 ) ) * 4y ) ) ) + ( 9x * 1y ) )
ind: 79
( ( 8x + ( 7.0 - ( 52.0 - ( 6x * 22.0 ) ) ) ) + 5y )
ind: 80
( ( 6y + ( 76.0 - ( 57.0 + 7x ) ) ) + 1.0 )
ind: 81
( ( ( 7x - 9y ) - ( 8y * ( 5y - ( ( 4x + 4y ) - 1x ) ) ) ) - 7y )
ind: 82
( 7y + ( 4.0 * ( 1x - 73.0 ) ) )
ind: 83
( ( 9y * 9x ) + ( ( 12.0 - 8x ) + 39.0 ) )
ind: 84
( ( 96.0 - ( ( 16.0 - 9x ) * ( 3x * ( 6x + ( 52.0 - 4y ) ) ) ) ) + ( 6x - 55.0 ) )
ind: 85
( ( ( 5x * 41.0 ) + ( 9x - 7x ) ) * ( 9y - 5y ) )
ind: 86
( ( 5y * 34.0 ) - ( ( ( 13.0 * ( ( 3y - 1y ) - ( 1x - 2y ) ) ) - ( 56.0 + ( 1x + 7y ) ) ) + 2x ) )
ind: 87
( 4x + ( ( ( 14.0 - ( ( 3.0 * 63.0 ) - 7y ) ) * 8y ) - ( ( ( ( 4x * 98.0 ) + ( 64.0 * 10y ) ) * ( ( 95.0 * 1y ) + 2y ) ) * 40.0 ) ) )
ind: 88
( ( ( 90.0 + ( ( 18.0 - ( 7x * 9y ) ) + ( ( 4x - 2x ) + ( 1.0 * 71.0 ) ) ) ) - 20.0 ) - 10.0 )
ind: 89
( 16.0 * ( ( ( 3x - 66.0 ) - 5y ) + 35.0 ) )
ind: 90
( ( ( 60.0 - 6x ) - ( ( 7.0 * ( 10y - 22.0 ) ) * 5y ) ) * ( 13.0 + 7y ) )
ind: 91
( ( 55.0 - ( 74.0 + ( 9x + 6y ) ) ) * 10y )
ind: 92
( ( 19.0 + 1y ) - ( ( ( 5x * ( ( 4y * 10y ) * ( 1y + 21.0 ) ) ) + ( ( 13.0 * 6.0 ) + 8y ) ) + 1x ) )
ind: 93
( ( 3x + ( ( ( ( 75.0 + 78.0 ) - 8x ) - ( ( 7y + 93.0 ) - 13.0 ) ) + 7y ) ) + ( 9y - ( ( ( 4x * ( 8x - 8x ) ) * ( 8y + ( 84.0 + 69.0 ) ) ) * 6y ) ) )
ind: 94
( 7x + ( ( 3y - 3x ) * ( 49.0 - ( ( 79.0 - 27.0 ) + ( ( 1y * 8x ) * ( 10x * 34.0 ) ) ) ) ) )
ind: 95
( 30.0 * ( ( ( ( ( 1y * 3y ) + 1x ) - ( ( 80.0 + 50.0 ) - 3.0 ) ) - ( 5y - ( ( 47.0 + 3x ) - ( 6y - 9x ) ) ) ) * ( 8x + 5y ) ) )
ind: 96
( ( 50.0 + 4y ) - 10x )
ind: 97
( ( ( ( ( 1y * ( 85.0 + 4y ) ) + 5y ) + ( 55.0 + ( 15.0 - ( 9y + 47.0 ) ) ) ) + 6y ) + ( ( ( 53.0 + ( ( 85.0 + 69.0 ) + ( 8.0 + 1y ) ) ) + ( 8x * ( ( 3y - 7x ) - 48.0 ) ) ) * 8x ) )
ind: 98
( ( 4x * ( 67.0 - ( 7y * 10x ) ) ) - 38.0 )
ind: 99
( ( ( 67.0 - ( ( ( 6x - 4.0 ) + 7y ) * 72.0 ) ) * 3.0 ) * 8.0 )
ind: 100
( ( ( ( 6y + 3x ) - 7x ) - 93.0 ) * 36.0 )
ind: 101
( ( ( ( 35.0 * ( ( 51.0 - 2x ) + 75.0 ) ) * 74.0 ) + 7y ) - 22.0 )
ind: 102
( 3y + ( ( ( ( ( 30.0 - 5x ) + ( 54.0 + 80.0 ) ) - 63.0 ) - 2y ) - ( 32.0 - ( 2x * ( 9y + ( 45.0 + 10.0 ) ) ) ) ) )
ind: 103
( ( ( ( 52.0 * ( 8y + ( 4y - 85.0 ) ) ) + 80.0 ) * 89.0 ) - ( ( ( ( 59.0 * ( 92.0 * 8.0 ) ) * ( 13.0 + 6x ) ) + ( 5y + 2y ) ) * 1y ) )
ind: 104
( ( 24.0 * ( 95.0 * ( ( ( 77.0 + 10.0 ) + 5y ) * ( ( 7y + 80.0 ) * ( 3x - 5.0 ) ) ) ) ) + ( ( 8x - ( ( 2x - ( 3y + 84.0 ) ) - 9y ) ) - ( ( ( 47.0 + ( 87.0 - 10y ) ) * 7.0 ) - 46.0 ) ) )
ind: 105
( 20.0 * ( ( ( ( 6x + 1x ) - 10y ) - 13.0 ) * ( ( 33.0 - 83.0 ) - ( ( ( 7x - 21.0 ) + 8x ) * ( 46.0 + ( 57.0 - 84.0 ) ) ) ) ) )
ind: 106
( ( ( ( 9x - 4x ) + ( 2.0 + ( ( 4x * 77.0 ) * 22.0 ) ) ) + ( 96.0 - 2x ) ) + ( 4y - 9x ) )
ind: 107
( ( ( ( 9x + 73.0 ) - 3y ) + 35.0 ) + ( ( 15.0 + ( ( 47.0 * ( 48.0 * 42.0 ) ) - 9y ) ) * ( 64.0 + 7y ) ) )
ind: 108
( ( 41.0 + ( ( 45.0 - 6y ) - ( ( 3y * 9x ) + ( 42.0 * 8x ) ) ) ) + 28.0 )
ind: 109
( ( ( 58.0 * 9y ) + ( ( ( ( 2y + 5x ) * ( 18.0 - 43.0 ) ) - ( ( 4x + 32.0 ) * ( 12.0 * 6y ) ) ) - 2x ) ) - 77.0 )
ind: 110
( ( ( 8y * ( 6y - 1y ) ) * 13.0 ) - 5x )
ind: 111
( ( ( 4x - 7x ) * 44.0 ) * ( ( 59.0 + ( ( 6y + 4y ) * 97.0 ) ) + ( 24.0 * ( 40.0 + 7y ) ) ) )
ind: 112
( ( ( ( ( 97.0 - ( 86.0 - 1y ) ) + 98.0 ) - ( 18.0 * 8x ) ) - ( ( 4x + ( 3x - ( 53.0 + 8y ) ) ) + ( 5x + 93.0 ) ) ) * 60.0 )
ind: 113
( ( 76.0 * 5y ) - ( 7x * ( 57.0 + ( 25.0 - 5y ) ) ) )
ind: 114
( 39.0 + ( 4y * ( ( 4x * 8x ) * 15.0 ) ) )
ind: 115
( 5x - 1y )
ind: 116
( 20.0 - ( ( ( 9x * 7y ) - 2y ) + ( ( 4y + ( ( 20.0 - 19.0 ) + 1x ) ) * 21.0 ) ) )
ind: 117
( 23.0 * ( ( ( 60.0 + ( ( 1y * 5x ) * ( 12.0 + 8y ) ) ) - 2.0 ) + ( 18.0 + 10y ) ) )
ind: 118
( ( ( ( 42.0 * 91.0 ) + ( ( ( 6y - 8.0 ) + ( 93.0 * 99.0 ) ) * ( 2x * 38.0 ) ) ) * 59.0 ) + 38.0 )
ind: 119
( 4x * ( ( 74.0 - 15.0 ) - ( ( ( ( 75.0 * 23.0 ) - ( 10x - 8x ) ) - ( 49.0 * 10x ) ) + ( 31.0 * 7y ) ) ) )
ind: 120
( 73.0 + ( ( 51.0 * 5y ) + ( 39.0 + 5x ) ) )
ind: 121
( ( 7x + 96.0 ) + ( ( ( ( ( 1.0 + 32.0 ) - 1y ) + ( ( 62.0 * 6y ) + ( 91.0 + 5x ) ) ) * ( 83.0 - 54.0 ) ) - ( 86.0 + ( ( 9y + 47.0 ) * ( 8x - 3y ) ) ) ) )
ind: 122
( ( ( 47.0 - ( 3x - 1y ) ) * ( ( 42.0 + ( ( 12.0 - 10y ) * 68.0 ) ) - ( 5x + 17.0 ) ) ) - ( ( 8x - 5x ) - 69.0 ) )
ind: 123
( ( ( 2y - 5x ) + ( ( ( ( 52.0 - 41.0 ) * 9x ) + ( ( 15.0 + 2x ) - 9y ) ) + ( ( ( 19.0 * 6y ) - 3x ) + 87.0 ) ) ) - 74.0 )
ind: 124
( 15.0 * ( 3y * 9x ) )
ind: 125
( ( 8x * 7x ) - ( ( ( 2x - ( 4y * 50.0 ) ) + 8x ) + 33.0 ) )
ind: 126
( ( 1y * ( 9y * 7x ) ) - ( ( 25.0 * ( 76.0 - ( 4y - 41.0 ) ) ) - 30.0 ) )
ind: 127
( 5x + ( ( 9x * 9y ) * 87.0 ) )
ind: 128
( ( 7.0 * ( ( 2y + 9x ) - ( ( 1x - ( 8x - 15.0 ) ) - ( 74.0 + ( 6y - 10y ) ) ) ) ) - ( 70.0 + ( 23.0 * ( ( ( 3y + 10x ) * 7y ) + 1x ) ) ) )
ind: 129
( ( ( 9x - ( 29.0 - 30.0 ) ) + ( 66.0 * ( ( 4x + ( 9y - 99.0 ) ) + ( ( 62.0 * 78.0 ) + 67.0 ) ) ) ) + ( 9x + 80.0 ) )
ind: 130
( ( 2x - ( 3y - ( 19.0 - 18.0 ) ) ) * 72.0 )
ind: 131
( ( ( ( ( ( 8x + 7y ) + 5x ) + 2y ) - 6x ) - ( ( ( ( 10.0 * 6x ) * 2y ) + 2y ) + 5x ) ) + ( 4x + ( 52.0 + ( ( ( 92.0 - 7y ) - ( 5y * 6.0 ) ) + ( 3x - ( 33.0 + 4x ) ) ) ) ) )
ind: 132
( 97.0 * ( ( 9x * ( ( 5.0 - 75.0 ) - 6y ) ) * 1y ) )
ind: 133
( 54.0 + ( ( ( ( 7y - 61.0 ) - 5y ) - ( ( ( 25.0 * 5y ) * ( 9y - 2x ) ) + 1x ) ) + 3y ) )
ind: 134
( 81.0 - ( ( 4x * ( 4y - 9x ) ) * ( ( 32.0 * ( ( 69.0 + 2y ) * 8x ) ) * ( 2y - ( ( 5y + 67.0 ) - 85.0 ) ) ) ) )
ind: 135
( 6x - ( 13.0 + ( 42.0 - 10y ) ) )
ind: 136
( 9x + ( 8y + ( ( 85.0 + 3.0 ) + ( ( ( 30.0 * 3y ) * ( 75.0 + 32.0 ) ) - ( 4x + ( 86.0 - 3y ) ) ) ) ) )
ind: 137
( ( ( ( 87.0 * ( ( 93.0 * 38.0 ) - 32.0 ) ) + ( ( ( 5y - 6x ) * 8x ) - ( 10y - ( 33.0 + 66.0 ) ) ) ) + 7y ) + 42.0 )
ind: 138
( ( 85.0 * ( 4y + ( 7y * 3x ) ) ) + ( ( ( 91.0 - ( ( 2y * 2x ) * ( 9x * 61.0 ) ) ) + 5y ) * ( ( ( 10x - 16.0 ) * 2x ) * 10x ) ) )
ind: 139
( 1y * ( 3x - ( ( 47.0 + ( ( 10x + 15.0 ) - 4y ) ) * ( ( 5y - 5y ) * 23.0 ) ) ) )
ind: 140
( ( ( ( 7y + 13.0 ) - 6y ) * 8x ) * 86.0 )
ind: 141
( ( ( 4x * ( 4y * 18.0 ) ) + 2x ) + ( ( 9y * 6y ) - ( ( ( ( 4x - 7x ) - 3.0 ) * ( 6y - ( 9x - 1x ) ) ) - 3x ) ) )
ind: 142
( ( ( ( 6x - ( ( 60.0 - 10x ) + ( 71.0 + 13.0 ) ) ) * 5y ) + 8.0 ) - 7y )
ind: 143
( ( 10x + ( ( ( ( 3y * 10x ) * ( 7y * 8y ) ) - 9x ) - 1y ) ) * ( 13.0 + 3y ) )
ind: 144
( ( ( ( ( ( 87.0 + 10x ) * 30.0 ) + 8y ) - 99.0 ) * ( 2.0 + ( 10.0 + 10y ) ) ) - 74.0 )
ind: 145
( 1y + 3x )
ind: 146
( ( ( ( ( 23.0 - ( 9.0 - 8x ) ) * ( ( 1x * 10y ) - ( 83.0 * 2.0 ) ) ) * 17.0 ) + 27.0 ) - 3y )
ind: 147
( ( ( ( 14.0 - 1.0 ) * 9y ) - ( ( 69.0 - ( ( 4y - 16.0 ) + 6x ) ) + ( ( ( 10y + 5y ) - 7y ) - ( 70.0 + ( 1y * 73.0 ) ) ) ) ) - 1y )
ind: 148
( ( ( ( 87.0 + 46.0 ) - ( ( 28.0 * 10y ) - 35.0 ) ) - ( ( 21.0 - ( ( 2y * 5x ) - 75.0 ) ) * ( ( 9y * 3y ) + ( 10y * 8y ) ) ) ) * ( 80.0 - 8x ) )
ind: 149
( 82.0 + ( 5y - 6x ) )
ind: 150
( 7y - ( ( 47.0 * ( ( ( 9.0 - 47.0 ) * ( 8y - 4y ) ) - ( ( 71.0 + 28.0 ) * ( 4y + 5x ) ) ) ) - ( ( 6y * ( ( 8y * 4y ) - ( 72.0 * 98.0 ) ) ) * ( ( 9y + 15.0 ) - ( 10x * ( 4y - 2y ) ) ) ) ) )
ind: 151
( ( ( ( 22.0 - 18.0 ) + ( ( 4x - 6x ) + ( 4y - 3x ) ) ) - ( ( ( ( 5x * 1y ) * ( 95.0 - 1y ) ) - ( 7y - ( 52.0 * 64.0 ) ) ) + 82.0 ) ) * 7x )
ind: 152
( 4x + ( 6y * 12.0 ) )
ind: 153
( ( ( 3x - 1y ) + ( ( 8x * 3x ) - ( ( ( 10y - 10x ) * ( 1x - 99.0 ) ) * ( ( 18.0 - 6x ) - ( 7y * 7.0 ) ) ) ) ) * ( ( ( ( 8x - 4.0 ) + 8x ) * 59.0 ) * 26.0 ) )
ind: 154
( ( 9x + 4x ) + ( 85.0 - ( ( ( 18.0 * ( 54.0 * 3y ) ) - ( 13.0 - ( 1x - 100.0 ) ) ) - ( ( 36.0 - ( 1x * 3y ) ) - 2x ) ) ) )
ind: 155
( ( ( 24.0 - ( 77.0 + ( ( 1x * 9x ) + 3y ) ) ) * ( ( 9y + 8y ) * ( ( 2y - ( 28.0 * 4x ) ) * ( 5y - ( 96.0 + 9x ) ) ) ) ) * ( 10y * ( ( ( 8x * ( 78.0 - 19.0 ) ) - ( ( 84.0 + 37.0 ) - 5y ) ) + 60.0 ) ) )
ind: 156
( ( ( ( 47.0 * 92.0 ) * 5y ) - ( ( ( 9y * ( 89.0 * 6x ) ) - 5y ) - 5y ) ) - 78.0 )
ind: 157
( 10y * ( 8x * 8x ) )
ind: 158
( ( 2x - ( ( ( 96.0 * ( 3y + 39.0 ) ) * ( ( 3x - 1x ) + 6x ) ) + ( 3x + 64.0 ) ) ) + ( ( 42.0 - ( ( 71.0 + 27.0 ) * ( ( 8x * 7x ) - 4x ) ) ) + 10y ) )
ind: 159
( ( 44.0 + ( ( 78.0 * 5.0 ) + ( ( 3x + 3x ) + 38.0 ) ) ) + 5y )
ind: 160
( ( 60.0 + 68.0 ) * ( ( ( 6.0 - 10y ) - 12.0 ) + ( ( 6x * ( 95.0 * ( 2x - 6x ) ) ) * 6x ) ) )
ind: 161
( ( 37.0 + 10y ) * ( 6y - 5x ) )
ind: 162
( ( ( ( 4y - ( 8y - ( 10x + 3.0 ) ) ) + ( ( ( 45.0 - 7y ) * ( 10x + 97.0 ) ) * 9y ) ) + ( 56.0 * ( 15.0 + ( 76.0 + ( 7y - 90.0 ) ) ) ) ) * 11.0 )
ind: 163
( ( 4y * 32.0 ) - 3x )
ind: 164
( ( ( ( 87.0 * ( ( 7x + 21.0 ) - 25.0 ) ) + ( 1x - ( ( 2y - 63.0 ) - 3.0 ) ) ) * ( 17.0 - ( 22.0 - ( ( 18.0 + 34.0 ) - ( 4x + 89.0 ) ) ) ) ) - 42.0 )
ind: 165
( ( ( ( 61.0 * 1x ) - 7x ) + 7y ) * 6x )
ind: 166
( 5x + ( 6y - ( ( 9y * ( 7y - 4x ) ) - ( ( 62.0 * ( 70.0 + 5y ) ) - 1y ) ) ) )
ind: 167
( ( 9y + 73.0 ) * ( ( ( ( 4y + ( 6x + 37.0 ) ) + ( ( 8y - 59.0 ) * 9x ) ) + ( ( ( 1x - 8y ) * ( 9x * 5x ) ) * ( ( 4x + 10y ) + ( 2y * 36.0 ) ) ) ) - 9.0 ) )
ind: 168
( 2x + ( ( ( ( ( 5x + 23.0 ) * ( 4.0 * 13.0 ) ) + 5y ) * 22.0 ) * 41.0 ) )
ind: 169
( ( 55.0 * ( 49.0 * 32.0 ) ) + ( ( ( ( ( 64.0 - 67.0 ) * ( 9x * 2.0 ) ) * 2x ) - ( 2x * ( 1x + 10y ) ) ) + ( ( 74.0 - 95.0 ) + 2x ) ) )
ind: 170
( ( ( 2x - ( ( 18.0 - 14.0 ) - ( ( 19.0 + 68.0 ) * 6y ) ) ) * ( ( ( ( 8x - 96.0 ) + 2x ) + ( ( 60.0 * 5.0 ) - ( 11.0 + 3y ) ) ) - 31.0 ) ) + ( ( 28.0 + 5x ) * 10x ) )
ind: 171
( ( ( ( ( ( 39.0 + 30.0 ) * ( 8x - 8y ) ) * ( 8x - 96.0 ) ) - ( ( ( 4y + 5.0 ) - ( 3x * 26.0 ) ) - ( ( 13.0 + 33.0 ) * ( 70.0 + 9.0 ) ) ) ) + ( ( ( ( 79.0 * 97.0 ) + 31.0 ) * ( ( 6x - 48.0 ) - 1y ) ) * ( 40.0 * 89.0 ) ) ) - ( ( ( 7x + 56.0 ) + ( 2x + ( ( 27.0 + 8y ) - ( 10x + 2x ) ) ) ) - ( 2y + 74.0 ) ) )
ind: 172
( 7y * 4x )
ind: 173
( ( ( ( 27.0 + ( 36.0 + 31.0 ) ) * 2x ) * 82.0 ) + ( ( 10y - ( 25.0 * ( 7.0 - ( 4y + 3x ) ) ) ) * ( 2x * ( 9y * ( 5y * 6y ) ) ) ) )
ind: 174
( ( ( 3y + 32.0 ) - ( ( ( 64.0 + 4x ) * 20.0 ) - 7x ) ) + ( ( ( 3.0 - 3.0 ) + 8y ) + 9y ) )
ind: 175
( ( 1x * 7y ) - ( 75.0 - 2y ) )
ind: 176
( ( ( 99.0 - ( 4x + ( ( 2x - 6x ) * 7y ) ) ) + ( 5y * ( ( 17.0 * 2y ) + 3x ) ) ) + ( 90.0 * 14.0 ) )
ind: 177
( ( ( ( 1y - 7y ) * ( ( 23.0 * ( 5y * 1y ) ) * ( ( 88.0 * 49.0 ) * 9y ) ) ) + ( 3x + ( 10x + ( ( 10y * 98.0 ) + 2.0 ) ) ) ) - 43.0 )
ind: 178
( 24.0 - ( 5y - ( ( 2y - 9x ) - ( ( ( 5x * 2x ) + 1y ) - ( ( 98.0 + 67.0 ) * ( 31.0 * 5y ) ) ) ) ) )
ind: 179
( ( 9x * ( ( 99.0 - ( ( 60.0 + 2.0 ) * 9y ) ) + 67.0 ) ) * 33.0 )
ind: 180
( 2x - ( ( 4x * ( ( ( 10x * 33.0 ) * ( 75.0 + 6y ) ) * ( ( 10x + 1y ) * 8x ) ) ) - 54.0 ) )
ind: 181
( 5y + ( ( ( 51.0 * 3x ) - 9y ) + 21.0 ) )
ind: 182
( ( ( 15.0 * ( ( ( 5x - 5y ) - 21.0 ) * ( 96.0 - 6.0 ) ) ) - 9.0 ) + ( ( ( 45.0 * ( ( 29.0 * 20.0 ) + 5x ) ) * 6.0 ) + 9y ) )
ind: 183
( 7x - 7y )
ind: 184
( ( ( 3y + ( ( 8x + 56.0 ) - 84.0 ) ) * ( ( ( 11.0 + 70.0 ) * 19.0 ) - 8y ) ) + ( 84.0 + 16.0 ) )
ind: 185
( ( 7x + ( 6x - 9y ) ) + 75.0 )
ind: 186
( ( 10x + 2x ) * 7y )
ind: 187
( ( 23.0 + 6y ) * 8x )
ind: 188
( 21.0 * ( ( 4x - 28.0 ) + ( ( 14.0 * 10y ) * 9x ) ) )
ind: 189
( ( 33.0 * ( ( 15.0 + 10y ) * ( ( 5x - ( 56.0 - 7x ) ) + 2y ) ) ) + ( ( 6x - 94.0 ) - 2x ) )
ind: 190
( ( ( ( 4y + 2x ) * ( ( ( 2y * 3x ) - ( 61.0 * 8x ) ) * ( 10x - 9x ) ) ) * ( ( ( ( 9x - 43.0 ) - 1y ) - ( ( 75.0 + 7x ) - 50.0 ) ) - 5x ) ) - ( ( ( ( 6x + ( 20.0 * 53.0 ) ) + ( 19.0 * 96.0 ) ) + 49.0 ) + ( 77.0 * ( ( 3x * ( 6x * 4x ) ) * 6y ) ) ) )
ind: 191
( ( 1.0 - ( ( 1y * ( ( 87.0 + 65.0 ) + ( 7.0 + 7x ) ) ) + ( ( ( 67.0 + 57.0 ) - ( 52.0 * 47.0 ) ) - 4y ) ) ) + 1y )
ind: 192
( ( ( ( 3x - ( 8x * ( 7x * 6y ) ) ) + 35.0 ) + 5x ) + ( 1x + 19.0 ) )
ind: 193
( 12.0 - ( ( ( 78.0 * ( ( 6y * 6x ) * ( 3y * 2y ) ) ) * ( 10y * 1x ) ) + 8y ) )
ind: 194
( ( ( 100.0 - ( 44.0 * ( 9x - 6.0 ) ) ) - ( 10x + ( 49.0 - 4y ) ) ) + 71.0 )
ind: 195
( ( ( ( 86.0 - ( 7x + 6y ) ) + 3x ) - ( ( ( ( 96.0 + 9x ) - 6y ) + 5y ) - ( ( ( 3x - 95.0 ) * 73.0 ) + 6y ) ) ) - 1x )
ind: 196
( ( ( ( ( 46.0 - ( 5y - 6x ) ) + 6x ) - 3y ) * 2y ) * 2y )
ind: 197
( ( ( ( ( ( 5x * 5y ) + 65.0 ) * ( 2x - 6x ) ) * 6y ) * 8y ) - ( 2x + ( ( ( 77.0 - ( 61.0 - 35.0 ) ) - 81.0 ) - 4y ) ) )
ind: 198
( ( 3y * ( ( 7y * ( ( 10y + 5x ) + ( 1x + 72.0 ) ) ) - ( ( 32.0 - ( 6x * 23.0 ) ) * 6x ) ) ) + 23.0 )
ind: 199
( ( ( 4x * ( ( ( 69.0 + 16.0 ) + 10y ) + 19.0 ) ) + ( 8x + 15.0 ) ) - 23.0 )
ind: 200
( 51.0 - ( ( ( ( ( 2x + 46.0 ) + ( 9y - 4x ) ) + 12.0 ) - 6y ) * 5y ) )
ind: 201
( ( ( 1y - ( 96.0 + ( ( 56.0 + 8x ) + 7x ) ) ) - ( ( ( 6x + ( 10x + 91.0 ) ) * 15.0 ) - ( ( ( 4y + 24.0 ) + ( 6.0 - 4.0 ) ) - 2y ) ) ) * ( ( ( 23.0 * 54.0 ) * 3x ) * ( 9y * ( ( ( 1x + 98.0 ) - 9y ) - ( 6y + 33.0 ) ) ) ) )
ind: 202
( ( ( 78.0 + ( ( ( 97.0 + 11.0 ) + 21.0 ) - ( ( 93.0 * 78.0 ) * ( 23.0 + 5y ) ) ) ) - ( 70.0 * ( ( 55.0 * 2x ) * ( ( 1x * 64.0 ) + 1y ) ) ) ) - ( 38.0 + ( ( 4y - ( ( 6x + 9.0 ) + ( 9y * 5y ) ) ) - ( 9x * 34.0 ) ) ) )
ind: 203
( ( 37.0 * ( ( 31.0 + ( 100.0 * ( 35.0 - 35.0 ) ) ) * 79.0 ) ) * ( ( 1.0 - 8y ) + ( 4y - ( 35.0 - ( ( 32.0 + 7x ) * ( 10x + 23.0 ) ) ) ) ) )
ind: 204
( ( ( 4y + ( 1y - ( ( 4x * 35.0 ) + ( 6y * 91.0 ) ) ) ) * ( ( ( ( 33.0 - 6x ) + ( 85.0 * 6y ) ) * ( ( 6x * 40.0 ) + 55.0 ) ) + 9x ) ) + ( ( 2x - ( ( 50.0 * 3x ) * 19.0 ) ) - ( 69.0 - ( 6y * ( 28.0 * ( 89.0 * 9y ) ) ) ) ) )
ind: 205
( 6x + ( 2y - 96.0 ) )
ind: 206
( ( ( 8x + ( 13.0 * 24.0 ) ) - ( ( ( ( 51.0 * 7x ) - ( 10.0 + 84.0 ) ) + 25.0 ) - ( ( ( 7y * 4y ) * ( 29.0 * 6y ) ) - 10y ) ) ) * ( ( 10x * ( ( ( 10.0 - 1y ) * 1y ) - 5x ) ) - ( ( ( 67.0 + ( 7y + 74.0 ) ) * 82.0 ) - ( 9x + 61.0 ) ) ) )
ind: 207
( ( 8y - ( ( ( ( 3x * 24.0 ) + 3y ) + 5y ) - ( ( 8x + ( 33.0 + 10x ) ) + 32.0 ) ) ) + 10y )
ind: 208
( ( ( 2x * ( ( ( 97.0 - 12.0 ) - ( 9y * 8y ) ) + ( 54.0 + ( 15.0 + 82.0 ) ) ) ) + ( ( ( 9x + ( 2y + 1x ) ) - ( 9x - 10y ) ) * 71.0 ) ) + ( 2y * ( ( 3y - 1y ) * ( ( ( 9y + 3x ) * ( 1x - 13.0 ) ) * 1x ) ) ) )
ind: 209
( ( ( 58.0 + 8x ) - ( ( ( ( 7y + 2x ) + ( 6y - 40.0 ) ) * 6x ) - 9x ) ) + ( 34.0 - ( ( 6x - ( 19.0 * ( 3x * 6y ) ) ) * ( 97.0 * 3y ) ) ) )
ind: 210
( ( 8x + 5y ) + 89.0 )
ind: 211
( ( ( 3x * ( 3y + 99.0 ) ) - ( 42.0 + 50.0 ) ) + ( 2y + ( ( 9x + 6y ) - 67.0 ) ) )
ind: 212
( ( ( 14.0 - ( 5x - 51.0 ) ) + ( 3y * ( ( ( 36.0 - 59.0 ) - ( 6y - 10y ) ) - 17.0 ) ) ) + 55.0 )
ind: 213
( ( ( 5x * 9x ) + ( ( ( ( 15.0 * 46.0 ) * ( 6x - 61.0 ) ) + 36.0 ) * 10y ) ) + 92.0 )
ind: 214
( ( ( 95.0 - 5y ) + 1.0 ) + ( 25.0 * ( 76.0 - 5x ) ) )
ind: 215
( ( 2y * 10y ) + ( 95.0 - ( ( ( 32.0 * 70.0 ) * ( 1y + 4x ) ) + ( ( 7y - 48.0 ) + 8x ) ) ) )
ind: 216
( ( ( 10.0 + ( 36.0 + ( 14.0 * 94.0 ) ) ) * 74.0 ) - ( ( 4y + ( 5y + ( 2.0 * 96.0 ) ) ) - ( ( ( 6x - 96.0 ) * ( ( 2y + 5y ) - ( 2y * 98.0 ) ) ) + 5y ) ) )
ind: 217
( 7y - ( ( 46.0 * 11.0 ) - ( 7x * 58.0 ) ) )
ind: 218
( 58.0 * ( 76.0 + ( ( ( ( 5x - 74.0 ) - ( 43.0 * 17.0 ) ) - ( 1y - ( 10y + 3y ) ) ) + 61.0 ) ) )
ind: 219
( ( ( 3x - 1y ) - ( ( ( ( 99.0 + 4y ) * 8y ) * ( 2x + 8y ) ) * ( ( 6y + 74.0 ) - ( ( 16.0 + 89.0 ) * 92.0 ) ) ) ) - ( ( ( ( 2y - ( 99.0 * 3x ) ) - ( ( 78.0 + 10y ) - ( 1y + 5x ) ) ) + 80.0 ) * ( ( ( 10y * ( 34.0 * 94.0 ) ) + ( 81.0 * ( 57.0 + 5y ) ) ) + 40.0 ) ) )
ind: 220
( ( ( ( 6x * 71.0 ) - ( ( ( 4y - 4y ) - 15.0 ) - 6x ) ) * 5y ) + 72.0 )
ind: 221
( ( 33.0 * 46.0 ) - ( ( ( ( ( 9x - 36.0 ) - ( 55.0 - 63.0 ) ) * ( ( 5x * 55.0 ) * 6y ) ) + 92.0 ) * 19.0 ) )
ind: 222
( 5x * 6y )
ind: 223
( 25.0 - ( ( ( 5x + 3y ) * 9y ) + ( 4x * ( ( 46.0 * ( 9y - 48.0 ) ) * ( ( 9y + 4x ) + 5x ) ) ) ) )
ind: 224
( 9y + ( ( 100.0 * ( ( ( 4y * 92.0 ) * ( 10x * 87.0 ) ) * 79.0 ) ) - 26.0 ) )
ind: 225
( ( ( ( 9x * 98.0 ) - 2x ) - 74.0 ) + ( 8x * 2y ) )
ind: 226
( 3y + ( 10x + 19.0 ) )
ind: 227
( ( ( 49.0 + ( 8y - 53.0 ) ) + 9x ) + 18.0 )
ind: 228
( ( ( 97.0 - 4y ) - ( 85.0 + 8y ) ) - ( 31.0 * ( 3x - 100.0 ) ) )
ind: 229
( 5x + ( 3y + ( ( 36.0 * 91.0 ) * ( 8.0 + 8y ) ) ) )
ind: 230
( ( ( 42.0 * 2x ) * ( 80.0 * ( 66.0 + ( ( 3.0 - 17.0 ) * ( 54.0 * 10x ) ) ) ) ) - ( 6y - 65.0 ) )
ind: 231
( ( 2y - 4x ) + ( 5.0 + 59.0 ) )
ind: 232
( ( ( ( ( 4x - ( 76.0 + 7x ) ) * ( ( 4x * 8x ) - 33.0 ) ) - ( 6y + ( 10x * 1x ) ) ) - ( 30.0 * ( ( 88.0 + ( 10y - 100.0 ) ) + 1x ) ) ) + ( ( ( ( ( 3x + 79.0 ) - ( 15.0 - 5y ) ) * 33.0 ) + 1x ) * ( 6x - 10y ) ) )
ind: 233
( 2x - ( ( ( 4x * ( ( 82.0 + 27.0 ) + 8y ) ) - ( 6y - 64.0 ) ) + 3y ) )
ind: 234
( ( ( ( 30.0 * ( ( 2y - 95.0 ) * 6x ) ) + ( 6.0 - 4.0 ) ) + 6y ) - 34.0 )
ind: 235
( 5y + ( 1y * 3x ) )
ind: 236
( ( ( ( 90.0 + ( 6x + ( 27.0 + 9x ) ) ) + ( ( ( 93.0 + 98.0 ) * ( 45.0 * 27.0 ) ) - ( ( 36.0 * 30.0 ) * ( 37.0 * 6.0 ) ) ) ) + ( ( ( ( 4y + 16.0 ) - 19.0 ) - ( ( 15.0 + 10x ) * 2y ) ) - ( 46.0 * ( 33.0 + ( 52.0 - 80.0 ) ) ) ) ) - 9y )
ind: 237
( ( 3y - ( 94.0 + 5y ) ) * ( ( 4x - 63.0 ) * ( 86.0 - 19.0 ) ) )
ind: 238
( ( ( 4y - ( 5y * 5x ) ) + 54.0 ) - 6y )
ind: 239
( 42.0 * ( 10x - 6y ) )
ind: 240
( 13.0 - ( 65.0 - ( 20.0 + ( 7y - ( ( 17.0 - 96.0 ) + ( 10x + 59.0 ) ) ) ) ) )
ind: 241
( 75.0 - ( ( 79.0 - ( ( ( 4x - 5x ) - ( 3x + 9.0 ) ) - 11.0 ) ) + 3y ) )
ind: 242
( ( 5x * 6y ) * 1x )
ind: 243
( 46.0 * ( ( ( ( ( 1y - 28.0 ) * ( 7x - 33.0 ) ) * 29.0 ) + ( ( 4y - ( 22.0 * 78.0 ) ) * ( ( 53.0 * 9y ) * 9y ) ) ) - 1x ) )
ind: 244
( ( ( 5y + ( ( 30.0 - ( 3y + 1.0 ) ) - 28.0 ) ) - ( ( ( ( 11.0 - 3y ) * ( 6x * 5x ) ) - ( ( 5x - 43.0 ) + ( 2.0 * 66.0 ) ) ) * 4x ) ) + ( ( ( 34.0 * ( 84.0 + ( 2x - 88.0 ) ) ) - ( 6x + 2y ) ) - ( ( 9x + 6y ) + ( ( ( 55.0 - 36.0 ) + ( 52.0 - 65.0 ) ) - 89.0 ) ) ) )
ind: 245
( ( ( 8x + ( ( ( 27.0 - 7y ) * 85.0 ) + ( 6y * ( 49.0 - 5y ) ) ) ) + 47.0 ) + 77.0 )
ind: 246
( ( ( ( 1x + ( 10x * ( 49.0 * 55.0 ) ) ) - 58.0 ) - 9y ) - 8x )
ind: 247
( 3x + ( ( ( ( 38.0 + ( 1x - 57.0 ) ) * ( ( 2y - 5y ) * 7y ) ) * 7y ) - 57.0 ) )
ind: 248
( ( 7x - ( 6y * ( 7.0 * ( ( 22.0 - 35.0 ) * ( 5.0 + 53.0 ) ) ) ) ) * 1x )
ind: 249
( ( 7x * ( 2y * ( 3.0 * ( 6x - ( 4y * 12.0 ) ) ) ) ) - ( ( ( 67.0 - 9.0 ) * ( ( 7y * ( 7y - 6y ) ) * ( ( 4y - 99.0 ) + 24.0 ) ) ) - ( ( ( ( 100.0 + 39.0 ) + 30.0 ) - ( ( 17.0 * 9y ) + ( 68.0 * 70.0 ) ) ) - 8y ) ) )
ind: 250
( ( 7y * ( ( 8y - ( 8y * 64.0 ) ) - 68.0 ) ) + ( 2y + ( ( ( 5x * ( 1y * 36.0 ) ) * 3x ) - ( ( 79.0 * 5x ) - 88.0 ) ) ) )
ind: 251
( ( 6y + ( ( ( ( 10x - 4x ) + ( 91.0 * 58.0 ) ) - ( 6x - 7y ) ) - 5.0 ) ) * ( 6y + ( ( ( ( 3y + 4x ) + ( 54.0 + 26.0 ) ) - ( ( 1y * 14.0 ) + ( 10x + 3.0 ) ) ) * 98.0 ) ) )
ind: 252
( 8x * 5y )
ind: 253
( ( ( ( 23.0 + ( 99.0 * 25.0 ) ) * 8y ) - 3y ) * ( 3x + 96.0 ) )
ind: 254
( 5x + ( 9x * ( ( 68.0 + ( 2y * 6x ) ) * ( 1x + 1y ) ) ) )
ind: 255
( ( ( 22.0 * ( ( 7y * 10x ) + 6y ) ) * ( 2x - ( ( ( 2x * 1x ) - 85.0 ) + ( ( 56.0 + 1y ) * 39.0 ) ) ) ) * 100.0 )
ind: 256
( ( 9y + ( ( 7y - ( ( 10y - 9x ) + 7x ) ) * ( 3y - ( ( 4y - 31.0 ) - ( 27.0 * 78.0 ) ) ) ) ) + 96.0 )
ind: 257
( ( ( 6.0 + 6x ) - 8.0 ) - ( ( 9y + ( 3y - 9y ) ) * 7.0 ) )
ind: 258
( ( 43.0 - ( ( ( 34.0 + 3.0 ) * 2y ) * ( 47.0 + ( ( 2y * 6x ) + 6x ) ) ) ) + ( 64.0 * ( 7x - 31.0 ) ) )
ind: 259
( 6x * ( ( ( ( 2y + ( 7x + 39.0 ) ) - 19.0 ) - 47.0 ) - ( 8y + 75.0 ) ) )
ind: 260
( ( 9y - ( ( 10x * 6x ) - 99.0 ) ) * 57.0 )
ind: 261
( 57.0 - ( 3.0 * ( ( ( 4y * ( 6x - 8y ) ) + 5y ) - ( 10x + ( ( 9x - 22.0 ) + ( 5y + 93.0 ) ) ) ) ) )
ind: 262
( ( 86.0 - ( 28.0 * ( 26.0 * 69.0 ) ) ) + ( 6x + ( ( 1y - ( ( 7x * 52.0 ) * 98.0 ) ) + ( 76.0 + 2x ) ) ) )
ind: 263
( ( 50.0 - 6x ) - ( ( 8y + ( 46.0 - ( ( 10x * 9.0 ) + 86.0 ) ) ) - ( 49.0 * 4x ) ) )
ind: 264
( ( ( ( 34.0 - ( ( 84.0 * 55.0 ) * ( 2y * 76.0 ) ) ) - ( 4x - ( ( 1.0 * 5.0 ) * ( 48.0 + 3x ) ) ) ) * ( 8x + ( 76.0 + ( 2x * 24.0 ) ) ) ) * ( 21.0 - 2y ) )
ind: 265
( ( ( ( ( ( 80.0 - 76.0 ) + ( 75.0 + 5.0 ) ) - ( ( 42.0 + 74.0 ) + ( 88.0 * 6x ) ) ) * 57.0 ) + 49.0 ) + ( ( ( 5y * ( ( 2y + 73.0 ) + ( 92.0 * 1y ) ) ) + ( ( ( 9x * 79.0 ) + ( 83.0 - 6x ) ) * 7x ) ) * ( ( 81.0 + ( 4.0 - 2y ) ) + ( 86.0 - ( 24.0 * 1y ) ) ) ) )
ind: 266
( ( ( 98.0 * ( 5y - ( 65.0 * ( 7y + 10x ) ) ) ) * 15.0 ) + 6y )
ind: 267
( 3y - ( ( ( ( 73.0 - 7y ) - 10x ) + ( ( ( 49.0 * 69.0 ) + ( 10y - 29.0 ) ) * 12.0 ) ) + 4y ) )
ind: 268
( ( 5x * 4y ) * ( ( ( 4y - ( 2y + ( 64.0 * 25.0 ) ) ) + 1y ) + ( 6y + 6y ) ) )
ind: 269
( 8x - ( ( ( ( 89.0 + ( 41.0 * 8y ) ) - ( ( 3y * 9x ) + ( 41.0 - 2x ) ) ) - 29.0 ) * 10y ) )
ind: 270
( 7y - ( 13.0 - ( ( ( 4x * ( 29.0 - 22.0 ) ) * 7x ) - ( 32.0 + ( ( 81.0 * 3y ) * ( 8y - 95.0 ) ) ) ) ) )
ind: 271
( 5y * ( 70.0 + 1x ) )
ind: 272
( ( ( 57.0 + ( 9y * ( 9y + 8x ) ) ) * ( 86.0 + ( 63.0 * ( 99.0 - 7y ) ) ) ) * 7x )
ind: 273
( ( 6y * 28.0 ) - ( 8y * ( 10y + 4x ) ) )
ind: 274
( ( ( ( 6y * 7x ) + ( 91.0 + ( 5x * 1y ) ) ) + ( 8x * ( 75.0 - 9y ) ) ) - ( ( 2y * ( ( 15.0 - 5x ) - 69.0 ) ) * ( 8x * ( ( ( 66.0 - 98.0 ) + 10x ) - 10x ) ) ) )
ind: 275
( ( 32.0 * ( ( 2x + ( 47.0 - 5y ) ) * ( 6.0 * ( 69.0 + 6y ) ) ) ) * ( ( ( 1y + 50.0 ) * ( 66.0 - ( ( 4y - 65.0 ) - ( 86.0 + 6x ) ) ) ) - ( ( ( ( 3x - 3x ) - 6x ) + ( ( 8y - 62.0 ) + ( 6.0 * 62.0 ) ) ) - 2x ) ) )
ind: 276
( ( ( ( 3x * ( ( 10y * 7y ) * 81.0 ) ) + 6x ) - 6y ) - ( ( 98.0 * 66.0 ) + ( 50.0 * ( ( ( 84.0 + 6x ) - ( 2y + 8x ) ) - ( 39.0 + ( 12.0 + 9x ) ) ) ) ) )
ind: 277
( 7x * 10y )
ind: 278
( 2y + ( ( ( 5x * 61.0 ) * 65.0 ) * ( ( ( 15.0 * 62.0 ) * ( 3x - ( 45.0 - 80.0 ) ) ) - ( ( 12.0 + 56.0 ) - 44.0 ) ) ) )
ind: 279
( ( ( 1x * 8y ) + ( 3y - 79.0 ) ) - ( 5y * ( 86.0 - 1y ) ) )
ind: 280
( ( 31.0 * ( 16.0 - ( 10x - ( ( 48.0 * 3.0 ) * 70.0 ) ) ) ) * ( 10y - 7y ) )
ind: 281
( 36.0 + ( ( 79.0 - ( ( ( 3y + 5x ) * ( 4x + 10y ) ) * ( ( 3y - 7y ) + 7y ) ) ) - 11.0 ) )
ind: 282
( ( 60.0 - ( ( ( 65.0 - 2x ) - ( ( 50.0 + 2x ) + 65.0 ) ) - 10x ) ) + 4y )
ind: 283
( ( 44.0 + ( 27.0 + ( 1y + ( ( 94.0 - 8x ) - 53.0 ) ) ) ) * ( ( ( ( 27.0 - 9y ) + ( ( 6y * 100.0 ) - ( 1y - 10y ) ) ) - 73.0 ) + 64.0 ) )
ind: 284
( 85.0 - ( ( 9x - 6x ) * ( ( 10x * 8y ) + 4x ) ) )
ind: 285
( 64.0 - ( ( ( 10y - ( 5x - 5x ) ) + ( ( 96.0 * ( 1y - 6x ) ) * 2y ) ) + 8y ) )
ind: 286
( ( ( 24.0 * ( 91.0 - 1y ) ) * ( ( 53.0 + 10y ) * 8y ) ) - 9x )
ind: 287
( ( ( ( 5y * ( ( 2x * 9y ) + ( 1y + 7x ) ) ) + 12.0 ) + ( 4x - ( 7y - ( ( 7x * 22.0 ) * ( 54.0 - 12.0 ) ) ) ) ) + ( ( ( ( ( 26.0 * 73.0 ) + ( 7x * 32.0 ) ) + 99.0 ) - ( 11.0 * 5y ) ) + 41.0 ) )
ind: 288
( ( ( 80.0 * ( ( 4.0 + ( 8y - 1y ) ) * 4x ) ) - ( ( ( ( 1x - 50.0 ) - ( 2y + 5y ) ) * ( 54.0 - ( 3x * 10x ) ) ) + ( ( 75.0 - ( 7y * 81.0 ) ) - ( ( 9x * 2x ) + ( 9x * 1y ) ) ) ) ) - ( 90.0 + ( 4y + 4x ) ) )
ind: 289
( ( ( ( 4x + ( ( 4y * 4x ) + ( 23.0 * 100.0 ) ) ) + ( ( ( 59.0 - 10y ) - ( 3y + 1y ) ) - ( 49.0 * ( 47.0 - 6y ) ) ) ) * ( ( 91.0 + ( ( 7y * 5y ) + 3y ) ) - 71.0 ) ) + ( ( ( ( ( 3y * 10y ) + ( 73.0 - 84.0 ) ) * ( ( 48.0 + 77.0 ) + 2x ) ) + 72.0 ) * ( 55.0 + ( 8y * ( 99.0 + ( 36.0 * 8x ) ) ) ) ) )
ind: 290
( ( ( 93.0 * ( ( 39.0 - 3x ) - ( ( 4y + 41.0 ) + ( 45.0 + 8x ) ) ) ) - ( ( ( 16.0 + ( 27.0 * 64.0 ) ) - 9x ) + 6x ) ) * ( ( ( ( ( 9y * 40.0 ) + ( 32.0 + 75.0 ) ) - 10y ) + 14.0 ) - ( 91.0 + ( 63.0 - 97.0 ) ) ) )
ind: 291
( ( ( ( 6y + 6x ) - ( ( 10x - 5.0 ) * ( 8y * 6x ) ) ) - 52.0 ) + ( ( ( ( 92.0 + ( 78.0 + 9x ) ) + 4y ) - 10.0 ) + 2y ) )
ind: 292
( ( 2y + ( ( ( 6y - 2y ) * 5x ) * 2x ) ) * ( ( 54.0 + ( 7x * 6.0 ) ) + 5y ) )
ind: 293
( ( ( ( 76.0 - 7y ) * ( ( ( 6y + 5y ) * 8x ) + ( ( 24.0 + 1x ) * 94.0 ) ) ) + ( 26.0 + 74.0 ) ) * 5x )
ind: 294
( 6x - 4y )
ind: 295
( ( ( 76.0 + ( ( ( 9x + 3x ) - ( 71.0 * 32.0 ) ) + ( 5.0 * ( 73.0 * 4y ) ) ) ) + 4y ) + 5x )
ind: 296
( ( ( ( ( 9x * 10y ) * ( 5y - ( 69.0 * 25.0 ) ) ) * ( 43.0 + 2x ) ) * ( ( 29.0 + 62.0 ) * ( 63.0 - 10x ) ) ) * ( 75.0 * 7x ) )
ind: 297
( ( ( 5y - ( ( ( 79.0 + 5y ) * ( 6x + 9y ) ) - 1y ) ) - ( ( ( 23.0 - 77.0 ) + ( ( 5x * 2y ) + ( 1y * 53.0 ) ) ) - 91.0 ) ) + 63.0 )
ind: 298
( ( 8y + ( ( ( ( 1y * 2x ) * 18.0 ) - 63.0 ) + 3y ) ) + ( ( ( ( 23.0 - ( 55.0 - 6y ) ) * 2x ) + ( 18.0 - ( 8x - 3y ) ) ) + 4y ) )
ind: 299
( 3x * ( ( 6x + ( ( 3x + 32.0 ) * ( ( 2x - 4.0 ) - 29.0 ) ) ) - ( ( 9y - 4x ) - ( ( 3x * ( 37.0 - 10x ) ) - 9x ) ) ) )
ind: 300
( ( ( 7y - 64.0 ) * 7x ) + ( ( 1x + ( ( 9x + ( 6y * 1x ) ) - 6x ) ) - ( 82.0 * ( ( ( 98.0 + 51.0 ) + ( 88.0 * 7x ) ) + ( ( 55.0 + 74.0 ) * 88.0 ) ) ) ) )
ind: 301
( ( ( ( 9y + 36.0 ) + ( ( 2x * ( 5y - 21.0 ) ) - 43.0 ) ) * ( 7y - 58.0 ) ) * ( 5y - ( 56.0 + 52.0 ) ) )
ind: 302
( 43.0 + ( 8x + ( ( ( 59.0 - ( 85.0 * 5x ) ) + ( ( 9y + 80.0 ) - 5x ) ) - 2y ) ) )
ind: 303
( ( 9y + 10x ) * ( ( 70.0 + ( ( 4y * ( 8y * 9y ) ) * ( 9y - 7x ) ) ) * 10x ) )
ind: 304
( ( ( ( 38.0 - ( 55.0 - 52.0 ) ) - 4x ) - ( ( ( ( 10y - 9y ) * 1x ) * ( ( 19.0 - 71.0 ) + 56.0 ) ) * 2y ) ) + ( ( 5x + ( ( 39.0 + 1.0 ) - ( 6x - 27.0 ) ) ) - 9y ) )
ind: 305
( 15.0 + ( 10y * ( ( 47.0 + ( ( 2y * 63.0 ) - ( 3y + 10x ) ) ) + ( 3x * 9y ) ) ) )
ind: 306
( ( 6y + 1x ) + 1x )
ind: 307
( ( ( 4y + ( ( ( 27.0 + 69.0 ) - 27.0 ) - 10x ) ) - ( 3x - 7x ) ) - ( 2x + 6x ) )
ind: 308
( ( ( ( ( 6.0 - ( 10.0 + 3x ) ) + ( 77.0 - ( 7y - 8y ) ) ) * ( 4x * 6y ) ) * 74.0 ) + 8y )
ind: 309
( ( 1x + 25.0 ) * 4y )
ind: 310
( ( ( 2x + 51.0 ) - ( ( 9x * 3x ) + ( 2y * 46.0 ) ) ) - 9.0 )
ind: 311
( ( 8y + 2x ) + 8.0 )
ind: 312
( ( 7.0 - ( ( ( ( 85.0 - 38.0 ) * ( 44.0 + 6y ) ) * 91.0 ) * 37.0 ) ) - ( ( ( 32.0 + ( 76.0 - 18.0 ) ) * ( 58.0 + ( 85.0 * 92.0 ) ) ) - ( ( ( ( 10x - 1y ) * 10x ) * ( 4x + 10x ) ) + ( 3.0 - ( 79.0 + ( 9x + 20.0 ) ) ) ) ) )
ind: 313
( 1y + ( 9y - ( ( ( 49.0 - ( 61.0 + 7y ) ) + ( ( 91.0 - 100.0 ) + 8y ) ) * ( ( ( 3y * 1x ) + ( 27.0 * 51.0 ) ) * 34.0 ) ) ) )
ind: 314
( 97.0 - ( ( 54.0 * ( ( 17.0 - 4x ) + ( ( 76.0 + 39.0 ) - ( 43.0 - 2y ) ) ) ) * ( ( 1.0 * ( 53.0 * 96.0 ) ) - 8y ) ) )
ind: 315
( ( ( ( 6y + 5x ) * ( ( 98.0 - ( 47.0 * 3x ) ) + 8x ) ) - ( 5x * 5x ) ) + 10y )
ind: 316
( ( 19.0 * 10x ) * ( 75.0 + ( ( ( ( 4y * 9x ) + ( 65.0 + 6y ) ) * ( 23.0 * 25.0 ) ) - 8x ) ) )
ind: 317
( ( ( ( ( ( 59.0 - 23.0 ) + ( 7y - 9y ) ) + ( 8x - 4y ) ) * ( ( ( 10x * 6y ) * ( 7y * 3y ) ) + ( ( 24.0 * 8x ) + 10x ) ) ) + ( ( 4x - 66.0 ) * 18.0 ) ) + 4x )
ind: 318
( 7y * ( 1x - ( 29.0 - ( 25.0 + ( ( 6y * 8y ) + 76.0 ) ) ) ) )
ind: 319
( ( ( ( 69.0 * ( ( 55.0 * 8y ) - 76.0 ) ) - 1x ) + 2x ) + 1x )
ind: 320
( ( 9y * ( 40.0 * ( ( ( 5x * 4y ) * ( 8x - 8y ) ) + ( 6x - ( 80.0 + 37.0 ) ) ) ) ) - 10x )
ind: 321
( 9y * ( ( 43.0 - 10.0 ) * ( ( 5x * ( 6y * 10.0 ) ) + 3x ) ) )
ind: 322
( 62.0 - ( 3x + 9y ) )
ind: 323
( 10x + ( ( ( ( 3x - ( 2y - 10x ) ) * ( 19.0 + ( 55.0 - 3x ) ) ) + ( 1x - 6x ) ) * 30.0 ) )
ind: 324
( 8x - ( 38.0 - 3y ) )
ind: 325
( ( ( ( ( ( 8.0 + 30.0 ) * ( 45.0 * 26.0 ) ) * 2y ) - ( 69.0 * 1x ) ) + ( 4y - ( ( ( 11.0 + 76.0 ) * ( 42.0 * 6x ) ) - 10y ) ) ) - 10.0 )
ind: 326
( ( ( 83.0 + ( ( 78.0 * 9y ) * 5y ) ) + ( ( ( ( 9y - 6x ) * 4x ) - ( ( 81.0 + 91.0 ) + ( 8x + 8x ) ) ) * ( ( 50.0 * 42.0 ) + ( 76.0 + ( 6y + 71.0 ) ) ) ) ) * ( ( 96.0 * 2.0 ) * ( ( 20.0 - ( 25.0 - ( 85.0 - 16.0 ) ) ) - ( 5y + ( ( 100.0 - 1y ) * 41.0 ) ) ) ) )
ind: 327
( ( ( 54.0 * ( 8x - 87.0 ) ) + ( ( ( 60.0 + 85.0 ) * 1y ) * ( ( ( 54.0 + 50.0 ) * ( 37.0 + 2x ) ) - ( ( 4y * 2x ) * ( 57.0 + 24.0 ) ) ) ) ) - 9x )
ind: 328
( ( ( 9y + ( ( ( 57.0 * 52.0 ) - ( 38.0 + 3y ) ) * ( 7.0 - 1.0 ) ) ) * ( 2y - 67.0 ) ) + 4x )
ind: 329
( ( ( 5x * ( ( 3y * 7x ) * 20.0 ) ) + ( 9x * ( 66.0 * 11.0 ) ) ) * ( ( 74.0 * 12.0 ) - ( 4y - 29.0 ) ) )
ind: 330
( ( ( ( ( 10y + ( 78.0 * 2x ) ) + 7x ) - 5x ) * ( ( 3y + 53.0 ) - 83.0 ) ) + 87.0 )
ind: 331
( ( ( ( ( 4x + ( 8y + 1x ) ) + 84.0 ) * ( ( 56.0 * 2x ) * ( 1y * ( 6y + 8x ) ) ) ) * 8y ) * 76.0 )
ind: 332
( ( ( 4x + ( ( 9x + ( 74.0 * 7y ) ) - ( 1x * 37.0 ) ) ) * ( 28.0 + ( 8.0 + 94.0 ) ) ) + 6y )
ind: 333
( ( 35.0 * ( 93.0 * 6x ) ) + 6y )
ind: 334
( ( 7x + 29.0 ) - ( 7y - ( ( ( 1x - ( 7y - 8y ) ) * 2x ) + 9x ) ) )
ind: 335
( 10y - 10x )
ind: 336
( 28.0 + ( ( 10y - 7x ) - 30.0 ) )
ind: 337
( ( ( ( 7y + ( ( 2y + 17.0 ) * ( 93.0 * 27.0 ) ) ) * 5.0 ) * 7y ) - ( 41.0 + ( ( ( 2y - ( 21.0 * 61.0 ) ) + 4x ) - 40.0 ) ) )
ind: 338
( ( ( 7y + 8x ) - 10y ) - 99.0 )
ind: 339
( ( 7x * ( ( 82.0 - 61.0 ) * ( 44.0 - 55.0 ) ) ) + ( 6y + ( ( ( 13.0 * ( 4y + 3x ) ) + ( 5x + ( 10x * 97.0 ) ) ) * 100.0 ) ) )
ind: 340
( ( 2y - ( ( 6.0 * 9x ) - ( 2x + 4y ) ) ) * ( 23.0 + ( ( 78.0 + ( ( 2x * 4x ) + 51.0 ) ) * 1y ) ) )
ind: 341
( ( 8.0 * ( 78.0 * ( 4y - 9x ) ) ) - ( 9y + 2y ) )
ind: 342
( ( 6x + ( ( 8y - ( ( 64.0 + 1y ) * 7x ) ) - 7x ) ) - ( 5x * ( 9y - 7y ) ) )
ind: 343
( ( 69.0 - ( ( 9x * 9.0 ) - ( ( ( 63.0 - 7y ) + 98.0 ) * 31.0 ) ) ) + 20.0 )
ind: 344
( ( ( 75.0 * 8x ) + ( ( ( 77.0 - ( 10x - 10y ) ) * 77.0 ) - ( ( 25.0 * 10y ) * ( ( 1x - 4x ) * 10y ) ) ) ) * ( ( ( ( ( 2x * 42.0 ) * 91.0 ) + 1x ) * 4y ) * 5y ) )
ind: 345
( ( 2y + 7.0 ) - ( ( ( 9x * 5x ) + 8y ) * ( 90.0 + 5y ) ) )
ind: 346
( ( 4x * 6y ) - 7x )
ind: 347
( ( 39.0 * 91.0 ) - ( ( ( 4y - ( 48.0 * 10x ) ) + ( ( 1y - ( 7.0 * 46.0 ) ) * 2y ) ) * ( ( ( ( 81.0 * 9x ) - ( 84.0 - 5x ) ) + ( ( 66.0 * 44.0 ) * ( 3y - 25.0 ) ) ) - ( 3x - 3x ) ) ) )
ind: 348
( ( ( 4y * ( 4x * 9x ) ) + ( 69.0 * 40.0 ) ) - 8y )
ind: 349
( ( 55.0 - 4x ) * ( 7x - ( 6x * 5y ) ) )
ind: 350
( ( 7y * 82.0 ) - ( ( ( 2y + 32.0 ) - ( 21.0 * ( 5x * 52.0 ) ) ) - ( ( 7x * 1x ) - ( ( 1x * 59.0 ) + ( 35.0 - 6y ) ) ) ) )
ind: 351
( ( ( ( 3x - ( ( 7x + 5y ) * ( 9y - 85.0 ) ) ) + 33.0 ) - 15.0 ) + 8y )
ind: 352
( 8x + ( ( 8y - ( ( 6x * ( 86.0 + 8y ) ) * 17.0 ) ) * ( ( 9x - ( 55.0 - ( 3y - 10.0 ) ) ) - 9y ) ) )
ind: 353
( ( 6y - ( 7.0 + ( ( 86.0 * 7x ) - ( 13.0 * 42.0 ) ) ) ) - ( ( ( 6x + 10y ) - ( ( 90.0 * ( 9y * 8.0 ) ) - ( 92.0 * ( 5x - 80.0 ) ) ) ) + ( ( 71.0 + ( 4x + 2y ) ) + ( ( 9y - 1x ) * ( 59.0 - ( 1y + 26.0 ) ) ) ) ) )
ind: 354
( ( ( ( ( 4y * ( 77.0 - 52.0 ) ) + ( ( 1y * 1y ) * ( 10x * 4y ) ) ) + ( ( ( 45.0 - 13.0 ) * 2x ) - ( 5x - ( 6x - 1x ) ) ) ) + 39.0 ) + 5.0 )
ind: 355
( ( ( ( 32.0 - ( ( 35.0 * 3y ) + ( 3y * 7x ) ) ) - 85.0 ) + ( ( 72.0 * 61.0 ) - 88.0 ) ) + ( ( 62.0 * 2y ) * 8y ) )
ind: 356
( ( 4y * 14.0 ) * ( ( 10x * ( 2.0 - 6y ) ) + ( 10x + ( ( ( 5.0 + 8y ) - 65.0 ) + ( ( 3x - 13.0 ) * ( 46.0 * 38.0 ) ) ) ) ) )
ind: 357
( 47.0 * ( 88.0 + ( 7x * 7y ) ) )
ind: 358
( ( ( 1y - ( 85.0 + ( ( 10y + 9y ) + 91.0 ) ) ) + 5x ) + ( ( 44.0 * ( 21.0 - 33.0 ) ) - 7x ) )
ind: 359
( ( 66.0 * 3y ) - ( 2.0 - ( 8x - 5x ) ) )
ind: 360
( ( 5y - 9x ) - ( ( ( ( 4y * 7y ) - ( 54.0 * 2.0 ) ) * 2y ) - ( ( 12.0 * ( 83.0 - ( 13.0 + 2y ) ) ) + 3y ) ) )
ind: 361
( 37.0 - ( 79.0 + ( ( ( ( 9.0 - 7y ) * ( 12.0 + 7x ) ) - 72.0 ) - 7y ) ) )
ind: 362
( 10x - 6y )
ind: 363
( ( ( 94.0 - ( 1x + 9x ) ) - 9x ) * ( 1y - 8x ) )
ind: 364
( ( ( ( ( 80.0 + 3.0 ) - 7y ) - ( ( 5.0 - ( 3x - 7y ) ) * 3x ) ) - 80.0 ) * 98.0 )
ind: 365
( 2x + ( 8y * 54.0 ) )
ind: 366
( ( 8x - ( 29.0 * 72.0 ) ) * ( ( 4x - ( 10y + ( ( 8.0 * 24.0 ) * 9x ) ) ) - 32.0 ) )
ind: 367
( ( ( 26.0 + ( 8y - 5y ) ) + 5x ) - ( ( 2y * ( ( 8x - 48.0 ) + 1x ) ) + ( ( 6x - ( 55.0 + 23.0 ) ) + ( ( ( 9.0 + 9x ) - 25.0 ) - ( ( 6y - 23.0 ) + 4x ) ) ) ) )
ind: 368
( 9x - 3y )
ind: 369
( ( ( ( ( 51.0 * 43.0 ) + ( 7x - 54.0 ) ) - 5y ) + ( 1x - 9x ) ) + ( 10x * 5x ) )
ind: 370
( ( ( ( 1y * ( 8y - ( 1.0 + 34.0 ) ) ) + 90.0 ) - ( 5x + ( 83.0 + ( ( 48.0 + 67.0 ) + ( 7y * 29.0 ) ) ) ) ) * 9x )
ind: 371
( 13.0 + ( 53.0 * ( 7x * ( 9y + ( ( 9y - 2x ) - 81.0 ) ) ) ) )
ind: 372
( 61.0 + ( ( 46.0 + 29.0 ) - ( 8x + ( 5x * ( ( 4y + 7x ) - 3y ) ) ) ) )
ind: 373
( 4x + ( 1x - ( 37.0 + ( 4y * 83.0 ) ) ) )
ind: 374
( 5x - 5y )
ind: 375
( ( ( ( ( 23.0 * ( 8x * 21.0 ) ) + 8y ) + ( 2x * 28.0 ) ) * ( ( ( ( 23.0 - 10y ) * 4x ) * ( ( 31.0 + 49.0 ) + 41.0 ) ) - 5.0 ) ) - 39.0 )
ind: 376
( ( 1y + ( ( ( ( 2x * 6y ) + ( 1y - 8y ) ) * ( 30.0 + ( 4y + 54.0 ) ) ) * 49.0 ) ) + 4x )
ind: 377
( ( ( ( ( ( 6x - 96.0 ) + ( 8x * 4x ) ) - ( ( 31.0 * 7.0 ) + 1y ) ) + 8x ) + ( ( ( ( 29.0 - 76.0 ) + 72.0 ) * 7y ) + 2x ) ) - ( ( ( 10x - 52.0 ) + 72.0 ) + 95.0 ) )
ind: 378
( 15.0 - ( 50.0 - ( 9x * ( 44.0 * ( 52.0 * 8y ) ) ) ) )
ind: 379
( 7.0 + ( ( 3x + 98.0 ) + ( ( 12.0 + 41.0 ) * 2y ) ) )
ind: 380
( ( ( ( ( ( 31.0 + 5x ) - ( 9x + 10y ) ) * ( ( 74.0 + 8x ) - ( 30.0 - 74.0 ) ) ) * ( ( 25.0 - 8y ) * 2x ) ) * ( 4x + ( ( 5y * 58.0 ) * ( 9y + ( 100.0 - 9x ) ) ) ) ) - ( 6y * ( 47.0 * 10y ) ) )
ind: 381
( ( ( ( ( ( 10x - 5y ) - 97.0 ) * ( 86.0 + 43.0 ) ) - 23.0 ) - ( ( ( ( 50.0 + 7x ) - ( 4y * 34.0 ) ) + 92.0 ) - ( ( 2x + 3x ) + ( ( 23.0 + 28.0 ) + 9x ) ) ) ) * ( 36.0 - ( ( 1y * 36.0 ) * ( 55.0 + ( 66.0 * ( 16.0 + 5x ) ) ) ) ) )
ind: 382
( ( ( ( 7x + ( ( 63.0 * 78.0 ) * ( 5x - 35.0 ) ) ) + 6y ) + 5x ) * ( 1y * 82.0 ) )
ind: 383
( 62.0 - ( 5y - ( ( ( ( 7x * 10x ) + ( 61.0 + 58.0 ) ) * 10y ) + 58.0 ) ) )
ind: 384
( 5y - ( 4x + 10y ) )
ind: 385
( ( ( ( ( ( 2x - 9x ) * 4y ) * ( ( 10y + 44.0 ) + 76.0 ) ) + ( 6y - ( ( 3x - 5y ) - ( 51.0 * 8y ) ) ) ) - ( ( 7y - ( ( 8x - 14.0 ) + 44.0 ) ) + ( ( 24.0 * 21.0 ) + 36.0 ) ) ) * 77.0 )
ind: 386
( ( ( 90.0 + 44.0 ) - ( 93.0 - 45.0 ) ) * ( 3x - ( 1x + 3y ) ) )
ind: 387
( ( 8y - ( 8x + 5x ) ) + 5y )
ind: 388
( ( ( 74.0 + 14.0 ) + ( ( ( ( 4x - 2x ) * ( 7x * 14.0 ) ) * 6x ) * ( 1x - ( 4y - 1x ) ) ) ) - 55.0 )
ind: 389
( ( ( ( 6y + 57.0 ) * ( 75.0 + ( ( 98.0 + 4y ) + ( 3x - 63.0 ) ) ) ) * ( 81.0 - ( ( ( 7y + 5x ) - ( 69.0 * 4x ) ) + ( 97.0 + 9x ) ) ) ) - 30.0 )
ind: 390
( ( 7x - ( 49.0 * 7x ) ) - ( ( 3y * 1y ) - ( ( ( 5y + 7y ) - 8x ) * ( 24.0 - ( 3x + ( 46.0 + 10x ) ) ) ) ) )
ind: 391
( ( 54.0 * ( ( 1y * 1y ) - 2x ) ) + 75.0 )
ind: 392
( 9y * ( ( 5y + 12.0 ) + 5x ) )
ind: 393
( 4x + 3y )
ind: 394
( ( ( ( ( 99.0 - ( 53.0 * 10x ) ) - ( ( 41.0 - 2y ) - 63.0 ) ) - ( 2y * ( 26.0 * 1x ) ) ) * ( ( ( ( 54.0 * 17.0 ) - ( 4y - 4y ) ) + ( 17.0 - ( 3y + 96.0 ) ) ) * ( ( 5x * 8y ) - 11.0 ) ) ) + ( 4y - ( ( 9x - 2x ) * ( 2y * ( 29.0 * 74.0 ) ) ) ) )
ind: 395
( ( 23.0 + ( ( 31.0 * 93.0 ) * ( 5y - ( ( 3x - 3x ) * 40.0 ) ) ) ) - ( ( 43.0 * 8y ) + 5y ) )
ind: 396
( ( ( ( ( ( 58.0 - 59.0 ) - 68.0 ) - ( ( 94.0 * 4x ) + 9y ) ) - ( ( 3y * ( 8y - 2y ) ) - 8y ) ) * 1x ) * 4y )
ind: 397
( ( ( 1x + ( 3y + 38.0 ) ) * 45.0 ) - 6y )
ind: 398
( ( ( ( ( ( 10.0 * 9y ) * 10.0 ) * 10x ) * ( ( 97.0 - ( 1x - 3x ) ) - 48.0 ) ) - 4x ) + ( 12.0 * 95.0 ) )
ind: 399
( 10x + ( 35.0 - ( 10y - ( ( ( 58.0 - 72.0 ) * ( 84.0 - 18.0 ) ) - 11.0 ) ) ) )
ind: 400
( 2y - 5x )
ind: 401
( 9x * ( ( ( 2x - ( 2x * ( 72.0 * 50.0 ) ) ) - ( ( ( 72.0 + 74.0 ) * ( 7y + 80.0 ) ) - 5y ) ) - ( 2y + 66.0 ) ) )
ind: 402
( ( ( ( ( 9.0 + ( 9x * 1.0 ) ) * ( ( 9.0 + 38.0 ) * 10x ) ) + ( 35.0 + ( 2y * 6y ) ) ) + 6y ) + ( ( ( ( ( 58.0 * 10y ) - 70.0 ) * ( ( 52.0 - 92.0 ) - ( 9y + 38.0 ) ) ) - ( 2y * 3x ) ) * ( ( 98.0 - ( 19.0 + 6.0 ) ) + ( 84.0 - ( 1y - 45.0 ) ) ) ) )
ind: 403
( ( 93.0 - ( ( ( 62.0 - 75.0 ) + 28.0 ) * ( ( ( 50.0 - 5y ) - ( 45.0 + 8y ) ) * ( ( 1x + 61.0 ) + 30.0 ) ) ) ) - 10x )
ind: 404
( 1y + ( ( ( 32.0 * ( 3y - ( 1x + 4y ) ) ) - 5x ) + 10x ) )
ind: 405
( ( ( ( 5x - ( ( 57.0 + 93.0 ) + ( 1y - 1y ) ) ) - ( ( ( 50.0 * 6y ) * ( 1y - 55.0 ) ) - ( ( 38.0 + 10y ) - 4y ) ) ) * 11.0 ) * 9x )
ind: 406
( ( ( 18.0 - ( ( ( 5.0 * 3.0 ) + ( 53.0 * 10x ) ) - ( ( 48.0 + 10.0 ) * 53.0 ) ) ) - ( 87.0 + ( ( 42.0 * 5.0 ) - 3y ) ) ) * 4y )
ind: 407
( ( ( 84.0 - ( 88.0 + 60.0 ) ) * ( ( 3x - ( 6y + ( 1x - 1y ) ) ) - ( ( 7y - ( 78.0 + 2.0 ) ) + 9x ) ) ) * ( ( 56.0 + ( 3y - ( ( 51.0 - 71.0 ) + ( 1x * 5x ) ) ) ) - ( 98.0 - ( 84.0 - ( ( 29.0 * 1y ) + ( 8x - 9y ) ) ) ) ) )
ind: 408
( 14.0 * ( ( ( ( 26.0 * ( 2y * 1.0 ) ) - 9x ) * ( 2y - 3x ) ) - 4x ) )
ind: 409
( ( 9x - ( 10x * ( ( ( 4y * 7x ) * 2.0 ) + 38.0 ) ) ) * ( 65.0 * 8x ) )
ind: 410
( ( 6y - 7x ) * 8y )
ind: 411
( ( 13.0 + ( 60.0 + ( ( ( 97.0 - 98.0 ) * ( 69.0 + 8.0 ) ) * ( ( 8x - 6y ) * 6y ) ) ) ) * ( ( 6y - 5x ) - 1.0 ) )
ind: 412
( ( 10y * 9y ) * ( ( ( 39.0 + ( 1x * ( 6x * 9y ) ) ) - ( ( 1y + 17.0 ) - ( 7x * 8y ) ) ) + ( 49.0 * 35.0 ) ) )
ind: 413
( 50.0 * ( ( ( 10x * 36.0 ) - 10y ) * ( 8x + 16.0 ) ) )
ind: 414
( ( 8.0 - ( 5x - 10y ) ) + 3y )
ind: 415
( ( 1x - 4y ) + 63.0 )
ind: 416
( ( ( ( ( ( 96.0 + 93.0 ) + ( 10x - 4y ) ) - ( ( 3x - 60.0 ) + 56.0 ) ) + ( ( ( 6.0 - 3y ) + ( 6x - 3y ) ) - 83.0 ) ) + 60.0 ) + ( 82.0 + 4y ) )
ind: 417
( ( 9y * 3x ) - 8x )
ind: 418
( ( ( ( 5y - 35.0 ) * 5y ) + ( 8.0 * ( 99.0 * ( 90.0 + 93.0 ) ) ) ) - 10x )
ind: 419
( 3y * ( ( ( ( 85.0 * 40.0 ) * ( 30.0 + 8y ) ) - ( 47.0 * ( ( 9x * 35.0 ) - ( 5x - 80.0 ) ) ) ) - ( 5y - 31.0 ) ) )
ind: 420
( ( 42.0 - ( 8y + 66.0 ) ) * ( ( 10x * ( 10y * 32.0 ) ) + ( ( ( ( 97.0 + 86.0 ) + ( 9x - 84.0 ) ) * 7.0 ) - 5y ) ) )
ind: 421
( ( ( 57.0 * ( ( 71.0 * ( 11.0 * 93.0 ) ) * 10.0 ) ) * ( ( 59.0 - 10y ) + ( ( 6.0 * ( 10y + 5.0 ) ) + 7x ) ) ) - 5x )
ind: 422
( 10y * ( ( ( 10y + 3y ) * ( ( 5x * ( 42.0 - 99.0 ) ) + 7y ) ) - 9y ) )
ind: 423
( 6x * 10y )
ind: 424
( 1x - ( ( 3y - ( 50.0 + ( ( 3x * 1x ) * ( 6y * 73.0 ) ) ) ) + ( ( 5x * ( 2y - 72.0 ) ) + 4x ) ) )
ind: 425
( ( ( ( ( 60.0 * 26.0 ) * 95.0 ) - ( 20.0 + ( ( 32.0 - 6y ) + ( 3x * 7y ) ) ) ) + ( ( 8x * 8x ) + ( 1x * 76.0 ) ) ) - ( 2y + ( 36.0 - 59.0 ) ) )
ind: 426
( ( ( ( 6y - 1y ) + ( ( 28.0 + ( 3y - 8x ) ) * ( ( 100.0 - 2x ) - 2x ) ) ) - ( ( 2x - ( ( 17.0 - 6.0 ) + ( 93.0 - 28.0 ) ) ) - ( ( 51.0 * 9y ) + 9x ) ) ) + ( ( 86.0 * ( ( ( 7y - 51.0 ) * ( 7x - 67.0 ) ) - 3x ) ) - ( 1y * 1x ) ) )
ind: 427
( 6x - ( ( 13.0 * ( ( ( 4y * 53.0 ) - ( 3y - 5y ) ) - 91.0 ) ) * 8y ) )
ind: 428
( ( 67.0 - 3y ) * 4x )
ind: 429
( 5y * ( ( ( ( 1y + 7y ) + 1x ) * ( ( ( 71.0 - 90.0 ) + 10x ) * 52.0 ) ) * ( 3x + 30.0 ) ) )
ind: 430
( ( ( 85.0 + 60.0 ) + 10y ) * ( ( 10x * ( 15.0 * ( ( 40.0 + 37.0 ) + 8.0 ) ) ) + 71.0 ) )
ind: 431
( ( 83.0 + ( ( 8y + ( ( 58.0 * 21.0 ) - ( 65.0 * 80.0 ) ) ) * 5y ) ) - ( ( ( ( ( 5x * 3x ) * ( 3x - 11.0 ) ) * ( ( 8x - 58.0 ) * ( 6.0 - 1y ) ) ) * 33.0 ) - 6y ) )
ind: 432
( 10y + ( ( 15.0 + 4x ) + 57.0 ) )
ind: 433
( ( ( 10x - 4x ) + ( ( ( 48.0 - ( 1x - 87.0 ) ) - ( ( 57.0 - 3x ) * ( 10x * 41.0 ) ) ) + ( 35.0 + ( ( 10x * 73.0 ) + ( 99.0 + 75.0 ) ) ) ) ) * ( ( 29.0 + ( 2.0 - ( 37.0 * ( 8y - 34.0 ) ) ) ) - ( 5x - 43.0 ) ) )
ind: 434
( ( ( 2y * ( 7y - ( ( 96.0 * 9y ) * 92.0 ) ) ) + ( 2x * 1y ) ) + ( 2x - 7x ) )
ind: 435
( ( ( ( 1y * 18.0 ) + 5x ) + 7y ) * 5x )
ind: 436
( ( ( ( ( ( 6x - 63.0 ) * 20.0 ) + ( ( 6x * 3y ) * ( 8y + 3x ) ) ) * 69.0 ) * 64.0 ) + ( ( 29.0 - 7x ) * 16.0 ) )
ind: 437
( ( ( 82.0 * ( ( ( 38.0 + 8y ) * 57.0 ) * 5x ) ) + ( 42.0 * ( 1x + 92.0 ) ) ) - 9.0 )
ind: 438
( 64.0 - ( ( ( 56.0 * 1x ) + 3x ) * ( ( ( 88.0 - 6x ) + 6y ) + 62.0 ) ) )
ind: 439
( ( 76.0 - ( ( 2.0 + 8y ) + 59.0 ) ) * 9x )
ind: 440
( ( ( ( ( 1y + 18.0 ) - ( 2y - ( 77.0 * 9x ) ) ) + ( 3x * 82.0 ) ) * ( ( ( ( 21.0 * 5x ) + 10.0 ) - 4x ) * 9x ) ) - 9x )
ind: 441
( ( 1x * 74.0 ) - ( ( 8x - 4y ) - ( 38.0 + ( 5y - ( 74.0 + 65.0 ) ) ) ) )
ind: 442
( 8x - ( ( ( ( 60.0 - ( 2y + 16.0 ) ) + 8x ) - 7x ) + ( ( 39.0 - ( 90.0 + ( 5x - 76.0 ) ) ) + ( 3x - ( 5y * ( 29.0 - 83.0 ) ) ) ) ) )
ind: 443
( 10y + ( ( 10y + 74.0 ) - ( ( ( ( 1y + 1y ) + ( 6y - 7y ) ) + 69.0 ) - 5x ) ) )
ind: 444
( ( ( 2y * 1x ) * ( ( ( 9y * ( 7x + 10y ) ) - ( ( 37.0 * 6y ) - 8.0 ) ) - 7y ) ) - 64.0 )
ind: 445
( ( ( ( ( ( 5y + 18.0 ) * 91.0 ) - ( 1x + 1x ) ) + ( ( ( 5y - 8y ) * ( 7x * 72.0 ) ) - ( 2y * 86.0 ) ) ) - 58.0 ) + 1y )
ind: 446
( ( ( ( ( ( 26.0 + 81.0 ) + 55.0 ) + 2x ) * 54.0 ) - 72.0 ) * 6y )
ind: 447
( 7y + ( 10y - ( 7x * ( ( 56.0 * ( 1x * 1x ) ) + ( ( 3y + 32.0 ) - 9x ) ) ) ) )
ind: 448
( ( 7x - 79.0 ) * ( 5x + ( ( ( ( 2y - 11.0 ) * 4x ) - ( ( 1y * 16.0 ) * 1x ) ) + ( 9x + ( ( 12.0 - 6.0 ) + ( 59.0 - 51.0 ) ) ) ) ) )
ind: 449
( ( 10y + ( 8y + 3y ) ) * ( ( ( ( 1x - 90.0 ) * 4y ) + ( ( 10x + 40.0 ) + 6x ) ) + ( ( ( 9y + ( 57.0 + 75.0 ) ) + ( ( 1x * 7y ) * 1.0 ) ) + 16.0 ) ) )
ind: 450
( 7y + 8x )
ind: 451
( ( 98.0 * 87.0 ) - ( 10x + ( 2y - 9y ) ) )
ind: 452
( ( ( ( 91.0 + ( ( 10y + 54.0 ) + ( 6y - 86.0 ) ) ) + ( ( ( 95.0 * 36.0 ) * ( 9x - 37.0 ) ) + ( ( 84.0 - 1x ) + 14.0 ) ) ) + 7x ) - 1y )
ind: 453
( ( ( ( ( 8y + ( 5.0 * 8y ) ) - 89.0 ) + ( 97.0 + 30.0 ) ) * 2x ) * ( ( ( ( 9y - ( 57.0 + 51.0 ) ) * 66.0 ) + 6y ) - ( ( ( ( 1y + 33.0 ) * ( 8y * 22.0 ) ) * 6x ) * ( ( ( 9x + 1y ) * 28.0 ) * 69.0 ) ) ) )
ind: 454
( ( 9x + ( ( 9x * 23.0 ) - ( ( 48.0 - 1.0 ) * ( ( 4y * 22.0 ) - ( 6y - 1y ) ) ) ) ) * ( 8y - 8.0 ) )
ind: 455
( ( ( 2x - ( 6x * 83.0 ) ) - 6y ) * ( ( ( ( ( 4x + 7y ) + 7y ) * ( ( 3x - 4x ) - 67.0 ) ) + 50.0 ) + ( ( ( 5y * ( 67.0 - 1y ) ) + 6x ) * ( 34.0 - ( ( 10x - 7y ) - ( 5.0 * 8y ) ) ) ) ) )
ind: 456
( ( ( ( 85.0 - ( 3x - 3y ) ) + ( 4y + 78.0 ) ) - 91.0 ) * ( 78.0 + ( 2x - ( ( 84.0 - 47.0 ) + ( 44.0 - 72.0 ) ) ) ) )
ind: 457
( ( 67.0 * ( ( ( ( 32.0 - 5x ) * ( 17.0 - 2y ) ) + ( 36.0 - ( 30.0 + 1y ) ) ) + 15.0 ) ) - 2x )
ind: 458
( ( ( ( 12.0 - ( 79.0 + ( 1x + 3x ) ) ) - 8y ) + 81.0 ) + ( 56.0 + ( ( ( ( 5y * 3y ) - 2y ) - 6y ) - 22.0 ) ) )
ind: 459
( 5x - ( 5y * ( ( 57.0 - ( 10x * 6x ) ) + 61.0 ) ) )
ind: 460
( 23.0 - ( 4x + ( ( 3y + ( ( 3y * 46.0 ) - ( 8x + 2y ) ) ) + 3.0 ) ) )
ind: 461
( ( ( ( ( ( 73.0 - 48.0 ) * 4x ) * ( 2x + ( 5x - 99.0 ) ) ) - 9y ) - 8y ) * 91.0 )
ind: 462
( ( ( ( 7x - 4x ) + ( ( 4.0 + 6x ) - 43.0 ) ) + ( 5x * ( 8y - 1y ) ) ) + ( 70.0 - 19.0 ) )
ind: 463
( ( ( ( ( 23.0 * ( 6x + 63.0 ) ) + ( 54.0 + 68.0 ) ) - ( 7x - 8.0 ) ) + ( 13.0 - 2y ) ) * 92.0 )
ind: 464
( ( 87.0 + 8y ) + ( ( ( 95.0 + ( ( 1.0 + 71.0 ) + ( 4x * 4y ) ) ) * 83.0 ) * ( 57.0 - 9x ) ) )
ind: 465
( ( ( ( 1x - ( 5y * 1x ) ) - 35.0 ) + ( ( ( 43.0 - 89.0 ) - ( 80.0 - ( 13.0 - 5y ) ) ) + 3.0 ) ) + 17.0 )
ind: 466
( ( ( ( 6y * 67.0 ) - ( ( ( 87.0 + 8y ) + 1y ) * 5x ) ) * ( 85.0 + ( 4y - ( 74.0 * ( 3y + 62.0 ) ) ) ) ) * ( ( 9x + ( ( 97.0 + 26.0 ) - 72.0 ) ) + ( 7y - ( 9x + 7x ) ) ) )
ind: 467
( 3y + ( ( ( 6y * ( 1x * 4x ) ) * 2y ) + ( 8x - ( 6x + ( 6y - 4.0 ) ) ) ) )
ind: 468
( ( 16.0 + ( ( ( ( 75.0 + 8.0 ) + ( 10x + 7y ) ) - ( 37.0 * 8x ) ) + ( ( 79.0 - ( 3x - 94.0 ) ) - 51.0 ) ) ) * 80.0 )
ind: 469
( ( ( 55.0 - ( ( ( 4y - 6x ) * ( 45.0 + 10y ) ) * ( ( 3y * 62.0 ) + ( 60.0 - 87.0 ) ) ) ) + 49.0 ) * 6y )
ind: 470
( ( ( ( ( ( 1y * 1y ) * ( 2y - 10x ) ) - 8x ) - 1y ) - ( ( ( ( 2x - 6y ) - 36.0 ) * 84.0 ) + ( ( ( 3y + 3x ) * 4y ) - 92.0 ) ) ) - 40.0 )
ind: 471
( ( ( 1.0 + ( ( 51.0 + ( 3y * 1x ) ) + 6.0 ) ) * ( 8x - ( ( ( 86.0 - 3y ) + 28.0 ) + 8.0 ) ) ) + 59.0 )
ind: 472
( ( 3y - ( 25.0 + 38.0 ) ) - 10x )
ind: 473
( 37.0 - ( ( 2y - ( 10x - 99.0 ) ) + 28.0 ) )
ind: 474
( 3y + 2x )
ind: 475
( ( ( 82.0 - 6y ) * 49.0 ) * ( ( 67.0 * ( 7x * ( 85.0 + 87.0 ) ) ) + ( 5x - 9y ) ) )
ind: 476
( ( ( 7y + 6y ) + 90.0 ) + ( ( 10y + 1y ) + 8x ) )
ind: 477
( ( ( 6x + 5y ) + 9x ) * ( 8x + 77.0 ) )
ind: 478
( 6y - ( ( ( 78.0 - 5x ) * 49.0 ) - 7y ) )
ind: 479
( 4x + ( ( 9y * ( 2y + ( ( 81.0 - 10y ) - ( 12.0 - 72.0 ) ) ) ) * ( ( 4x + 9y ) + 1y ) ) )
ind: 480
( ( ( 6x - 78.0 ) * ( 79.0 - 4y ) ) * 6x )
ind: 481
( ( 5y + 37.0 ) - 2x )
ind: 482
( 9x - ( 4y + 1x ) )
ind: 483
( ( ( ( 12.0 * ( 10x + ( 4.0 * 44.0 ) ) ) * ( 7y + 2y ) ) * 91.0 ) * 27.0 )
ind: 484
( 71.0 + ( ( 7y * ( ( 62.0 * ( 30.0 * 12.0 ) ) - ( 2x - 26.0 ) ) ) * 71.0 ) )
ind: 485
( 10y + ( ( 10y - ( ( 7x * 3x ) * 6x ) ) * 8y ) )
ind: 486
( ( ( 2x - ( ( ( 6x - 63.0 ) - 34.0 ) * ( 80.0 - ( 8y + 10x ) ) ) ) - ( ( ( 10y * 4x ) * ( ( 95.0 + 19.0 ) * ( 69.0 - 7x ) ) ) * ( 6x * 59.0 ) ) ) - 60.0 )
ind: 487
( ( 2x + ( ( 41.0 + ( ( 81.0 * 2y ) + ( 7x - 56.0 ) ) ) - 4x ) ) + 8y )
ind: 488
( ( ( ( 74.0 - 7y ) - 6x ) * ( 50.0 + 41.0 ) ) + ( ( 72.0 + 3x ) - ( 52.0 * 78.0 ) ) )
ind: 489
( ( 10x * ( ( 6x * ( ( 15.0 - 1x ) * ( 11.0 - 99.0 ) ) ) + ( 7y + 6x ) ) ) + 9x )
ind: 490
( 37.0 + ( ( ( 81.0 * ( 2x * ( 1x - 11.0 ) ) ) * 10y ) - ( ( ( 9x + 22.0 ) - 8y ) + 2y ) ) )
ind: 491
( ( 1y - ( 44.0 * ( 44.0 + ( 68.0 - 8x ) ) ) ) * 3x )
ind: 492
( ( ( ( 5x * ( ( 7y - 6x ) * ( 17.0 + 43.0 ) ) ) + ( ( 2y * ( 9x + 3x ) ) + ( ( 62.0 + 50.0 ) - 81.0 ) ) ) + 9y ) + ( 66.0 - ( 12.0 * ( ( 72.0 - ( 10y + 1y ) ) * ( ( 2x - 3y ) + ( 2x + 12.0 ) ) ) ) ) )
ind: 493
( 10y * 6x )
ind: 494
( ( 7x * 4x ) * 9y )
ind: 495
( ( 13.0 * ( ( 9y - 88.0 ) + ( ( ( 50.0 * 47.0 ) * ( 71.0 + 7x ) ) * ( 20.0 - 10x ) ) ) ) + ( ( ( ( 81.0 - 89.0 ) * 34.0 ) + ( ( 1y * 8y ) + 6x ) ) - 9x ) )
ind: 496
( ( 2x + 7y ) * ( ( 41.0 - 38.0 ) + ( ( 5x - ( 61.0 - ( 63.0 - 32.0 ) ) ) - ( 7y + ( ( 4.0 + 54.0 ) + 49.0 ) ) ) ) )
ind: 497
( 10y - ( 23.0 - ( 17.0 * ( 2.0 - 7x ) ) ) )
ind: 498
( ( ( 10x - 2y ) * 7x ) - ( ( 88.0 + ( 84.0 * ( ( 10y + 6.0 ) - ( 4y - 4x ) ) ) ) - 86.0 ) )
ind: 499
( ( 87.0 + ( 43.0 - ( ( ( 73.0 - 2y ) - 10y ) * 1x ) ) ) * ( 9x - 10.0 ) )
ind: 500
( 3x * ( ( ( ( ( 3y * 6x ) - 72.0 ) + ( ( 95.0 * 5x ) - 4y ) ) + ( 3y * ( 12.0 - ( 8y - 32.0 ) ) ) ) * ( 44.0 * 2x ) ) )
Best Ind: ( ( ( ( 86.0 - ( 7x + 6y ) ) + 3x ) - ( ( ( ( 96.0 + 9x ) - 6y ) + 5y ) - ( ( ( 3x - 95.0 ) * 73.0 ) + 6y ) ) ) - 1x )
Fitness = 13.02
Worst Ind: ( 76.0 * ( ( ( 17.0 - ( ( 68.0 * 87.0 ) * 8x ) ) * ( ( ( 19.0 - 8.0 ) + ( 3y * 95.0 ) ) * 62.0 ) ) * ( ( 4x * ( 5y * 4.0 ) ) - ( 10y * 7y ) ) ) )
Fitness = 5.61006647295e+12
Avg Fitness = 18022587558.0
Duplicated = 0
============================================================================
Evaluate Gen  1
New Population 685
Better than Dads 65
Best Ind: ( ( ( ( 86.0 - ( 7x + 6y ) ) + 3x ) - ( ( ( ( 96.0 + 9x ) - 6y ) + 5y ) - ( ( ( 3x - 95.0 ) * 73.0 ) + 6y ) ) ) - 1x )
Fitness = 13.02
Worst Ind: ( 2x + ( ( ( ( 60.0 - 7y ) + 5y ) * 22.0 ) * 41.0 ) )
Fitness = 244193.532905
Avg Fitness = 24578.0724808
Duplicated = 2
============================================================================
Evaluate Gen  2
New Population 689
Better than Dads 55
Best Ind: ( ( ( ( 86.0 - ( 7x + 6y ) ) + 3x ) - ( ( ( ( 96.0 + 9x ) - 6y ) + 5y ) - ( ( ( 3x - 95.0 ) * 73.0 ) + 6y ) ) ) - 1x )
Fitness = 13.02
Worst Ind: ( ( 73.0 - ( ( ( ( 51.0 * 7x ) - ( 10.0 + 84.0 ) ) + 25.0 ) - ( ( ( 7y * 4y ) * ( 29.0 * 3.0 ) ) - 10y ) ) ) * ( ( 10x * ( ( ( 10.0 - 1y ) * 1y ) - 5x ) ) - ( ( ( 67.0 + ( 7y + 74.0 ) ) * 82.0 ) - ( 9x + 61.0 ) ) ) )
Fitness = 13811.6991442
Avg Fitness = 3282.69481948
Duplicated = 3
============================================================================
Evaluate Gen  3
New Population 678
Better than Dads 53
Best Ind: ( ( ( ( 86.0 - ( 7x + 6y ) ) + 3x ) - ( ( ( ( 96.0 + 9x ) - 6y ) + 5y ) - ( ( ( 3x - 95.0 ) * 73.0 ) + 6y ) ) ) - 1x )
Fitness = 13.02
Worst Ind: ( ( ( ( 5y - ( 4x + 10y ) ) + 8x ) - 10y ) - 99.0 )
Fitness = 4950.0
Avg Fitness = 1829.43946409
Duplicated = 8
============================================================================
Evaluate Gen  4
New Population 683
Better than Dads 49
Best Ind: ( 2y * 1x )
Fitness = 11.3808
Worst Ind: ( ( 1x + 61.0 ) + ( 4x + ( 6y * 12.0 ) ) )
Fitness = 3196.68153846
Avg Fitness = 1095.62150813
Duplicated = 12
============================================================================
Evaluate Gen  5
New Population 689
Better than Dads 50
Best Ind: ( 2y * 1x )
Fitness = 11.3808
Worst Ind: ( ( ( ( ( ( 1y * 1y ) * ( 2y - 10x ) ) - 8x ) - 1y ) - ( ( ( ( 2x - 6y ) - 36.0 ) * 84.0 ) + ( 33.0 - 92.0 ) ) ) - 40.0 )
Fitness = 2000.0
Avg Fitness = 638.798073756
Duplicated = 18
============================================================================
Evaluate Gen  6
New Population 694
Better than Dads 58
Best Ind: ( 2y * 1x )
Fitness = 11.3808
Worst Ind: ( 5y + ( ( ( ( 6x - 94.0 ) - 2x ) - 9y ) + 21.0 ) )
Fitness = 1065.65307692
Avg Fitness = 345.48199019
Duplicated = 28
============================================================================
Evaluate Gen  7
New Population 691
Better than Dads 60
Best Ind: ( 2y * 1x )
Fitness = 11.3808
Worst Ind: ( ( ( 90.0 + ( 28.0 + ( 7x * 9y ) ) ) - 20.0 ) - 10.0 )
Fitness = 500.0
Avg Fitness = 212.201049986
Duplicated = 39
============================================================================
Evaluate Gen  8
New Population 708
Better than Dads 72
Best Ind: ( 2y * 1x )
Fitness = 11.3808
Worst Ind: ( ( ( ( ( 51.0 * 43.0 ) + ( 6x - 54.0 ) ) - 5y ) + ( 1x - 9x ) ) + ( 10x * 5x ) )
Fitness = 295.868247031
Avg Fitness = 156.648922849
Duplicated = 52
============================================================================
Evaluate Gen  9
New Population 710
Better than Dads 68
Best Ind: ( 2y * 1x )
Fitness = 11.3808
Worst Ind: ( ( ( ( 90.0 + ( 6x + ( 27.0 + 9x ) ) ) + ( ( ( 93.0 + 98.0 ) * ( 45.0 * 27.0 ) ) - ( ( 36.0 * 30.0 ) * ( 37.0 * 6.0 ) ) ) ) + ( ( ( ( 4y + 16.0 ) - 19.0 ) - ( ( 15.0 + 10x ) * 2y ) ) - ( 46.0 * ( 33.0 + ( 52.0 - 80.0 ) ) ) ) ) - 9y )
Fitness = 203.021751307
Avg Fitness = 129.120225309
Duplicated = 56
============================================================================
Evaluate Gen  10
New Population 705
Better than Dads 56
Best Ind: ( 2y * 1x )
Fitness = 11.3808
Worst Ind: ( ( ( 42.0 - 10y ) + ( ( 7x - 33.0 ) - 8y ) ) - 7y )
Fitness = 157.905806572
Avg Fitness = 113.671035079
Duplicated = 62
============================================================================
Evaluate Gen  11
New Population 712
Better than Dads 56
Best Ind: ( 2y * 1x )
Fitness = 11.3808
Worst Ind: ( ( ( 4y - ( 3y + 10x ) ) + ( 8.0 + 30.0 ) ) - 6y )
Fitness = 135.347834205
Avg Fitness = 104.313392776
Duplicated = 77
============================================================================
Evaluate Gen  12
New Population 701
Better than Dads 57
Best Ind: ( 2y * 1x )
Fitness = 11.3808
Worst Ind: ( ( 29.0 + 10y ) - 10x )
Fitness = 130.2
Avg Fitness = 97.120075443
Duplicated = 76
============================================================================
Evaluate Gen  13
New Population 702
Better than Dads 65
Best Ind: ( 2y * 1x )
Fitness = 11.3808
Worst Ind: ( ( 5y - 6x ) - 9x )
Fitness = 117.18
Avg Fitness = 91.6043207384
Duplicated = 84
============================================================================
Evaluate Gen  14
New Population 723
Better than Dads 60
Best Ind: ( 2y * 1x )
Fitness = 11.3808
Worst Ind: ( 7x - ( ( ( ( 3y - 8x ) - ( ( 2.0 + 8y ) + 5x ) ) * 9x ) - 5y ) )
Fitness = 112.789861837
Avg Fitness = 84.1282959976
Duplicated = 105
============================================================================
Evaluate Gen  15
New Population 707
Better than Dads 55
Best Ind: ( 2y * 1x )
Fitness = 11.3808
Worst Ind: ( ( ( 5x + ( 2y * 46.0 ) ) - ( 10y - ( 67.0 + 2y ) ) ) - ( 2x + 6x ) )
Fitness = 104.16
Avg Fitness = 76.4384458014
Duplicated = 93
============================================================================
Evaluate Gen  16
New Population 717
Better than Dads 66
Best Ind: ( 2y * 1x )
Fitness = 11.3808
Worst Ind: ( ( 4x * ( 83.0 + ( ( 6y - 7x ) + ( 9x + 6y ) ) ) ) - 7x )
Fitness = 91.14
Avg Fitness = 69.9880109828
Duplicated = 115
============================================================================
Evaluate Gen  17
New Population 715
Better than Dads 69
Best Ind: ( 2y * 1x )
Fitness = 11.3808
Worst Ind: ( ( 5y + 79.0 ) - ( ( ( ( ( 78.0 - 5x ) * 49.0 ) - 7y ) - ( 7y - 8y ) ) * 2x ) )
Fitness = 91.0464
Avg Fitness = 63.9654483595
Duplicated = 114
============================================================================
Evaluate Gen  18
New Population 723
Better than Dads 64
Best Ind: ( 2y * 1x )
Fitness = 11.3808
Worst Ind: ( ( 6x + 5y ) - ( 5y - 6x ) )
Fitness = 78.12
Avg Fitness = 57.2406974547
Duplicated = 96
============================================================================
Evaluate Gen  19
New Population 707
Better than Dads 63
Best Ind: ( ( 1x * 2y ) * 2y )
Fitness = 10.3802292367
Worst Ind: ( ( ( 1x - 5y ) - ( 41.0 + ( 50.0 - ( ( 4y * 61.0 ) - 59.0 ) ) ) ) - 3y )
Fitness = 67.6739171024
Avg Fitness = 53.054545695
Duplicated = 87
============================================================================
Evaluate Gen  20
New Population 723
Better than Dads 64
Best Ind: ( 1x * ( ( ( 9y * 1x ) - 69.0 ) - 1y ) )
Fitness = 5.6904
Worst Ind: ( 5y - 5x )
Fitness = 65.1
Avg Fitness = 49.1880634097
Duplicated = 98
============================================================================
Evaluate Gen  21
New Population 714
Better than Dads 53
Best Ind: ( 1x * ( ( ( 9y * 1x ) - 69.0 ) - 1y ) )
Fitness = 5.6904
Worst Ind: ( ( 3y - 9y ) - ( ( 6y * 13.0 ) - 5x ) )
Fitness = 65.1
Avg Fitness = 44.4249641453
Duplicated = 92
============================================================================
Evaluate Gen  22
New Population 714
Better than Dads 67
Best Ind: ( 1x * ( ( ( 9y * 1x ) - 69.0 ) - 1y ) )
Fitness = 5.6904
Worst Ind: ( ( ( ( 3x * ( ( 55.0 * 8y ) - 76.0 ) ) - 1x ) + 2x ) + 1x )
Fitness = 52.08
Avg Fitness = 39.6459310662
Duplicated = 109
============================================================================
Evaluate Gen  23
New Population 714
Better than Dads 58
Best Ind: ( 1x * ( ( ( 9y * 1x ) - 69.0 ) - 1y ) )
Fitness = 5.6904
Worst Ind: ( 9y - ( ( 1y + 4x ) - ( ( ( 51.0 + ( 19.0 * 4.0 ) ) - ( 1y + 4x ) ) * 2x ) ) )
Fitness = 46.904
Avg Fitness = 36.3937793242
Duplicated = 96
============================================================================
Evaluate Gen  24
New Population 725
Better than Dads 63
Best Ind: ( 1x * ( ( ( 9y * 1x ) - 69.0 ) - 1y ) )
Fitness = 5.6904
Worst Ind: ( ( 78.0 - 5x ) - 2y )
Fitness = 45.1159447349
Avg Fitness = 33.8991462902
Duplicated = 93
============================================================================
Evaluate Gen  25
New Population 723
Better than Dads 69
Best Ind: ( 1x * ( ( ( 9y * 1x ) - 69.0 ) - 1y ) )
Fitness = 5.6904
Worst Ind: ( ( 79.0 - ( 8y - ( 5x * ( 7x - ( 6x * 5y ) ) ) ) ) - ( 1x - 2y ) )
Fitness = 45.1159447349
Avg Fitness = 30.9085702287
Duplicated = 107
============================================================================
Evaluate Gen  26
New Population 727
Better than Dads 76
Best Ind: ( 1x * ( ( ( 9y * 1x ) - 69.0 ) - 1y ) )
Fitness = 5.6904
Worst Ind: ( 2y - 3x )
Fitness = 39.06
Avg Fitness = 26.9899198421
Duplicated = 101
============================================================================
Evaluate Gen  27
New Population 712
Better than Dads 66
Best Ind: ( 1x * ( ( ( 9y * 1x ) - 69.0 ) - 1y ) )
Fitness = 5.6904
Worst Ind: ( ( ( ( 8y - ( 8x + 5x ) ) - 3y ) - 3y ) * 2x )
Fitness = 34.1424
Avg Fitness = 24.2639539974
Duplicated = 93
============================================================================
Evaluate Gen  28
New Population 710
Better than Dads 66
Best Ind: ( 1x * ( ( ( 9y * 1x ) - 69.0 ) - 1y ) )
Fitness = 5.6904
Worst Ind: ( 5x * ( ( 61.0 * 3x ) - 1y ) )
Fitness = 28.452
Avg Fitness = 21.6295891898
Duplicated = 77
============================================================================
Evaluate Gen  29
New Population 716
Better than Dads 60
Best Ind: ( ( ( ( 2x - 1y ) * 1x ) * 2y ) * ( 4y - 2x ) )
Fitness = 3.81221024
Worst Ind: ( ( 9y * ( 1y - 2x ) ) - ( 2y - ( 2y - 2x ) ) )
Fitness = 26.04
Avg Fitness = 20.3824499594
Duplicated = 64
============================================================================
Evaluate Gen  30
New Population 709
Better than Dads 63
Best Ind: ( ( ( ( 2x - 1y ) * 1x ) * 2y ) * ( 4y - 2x ) )
Fitness = 3.81221024
Worst Ind: ( 2x * ( 4x - 2y ) )
Fitness = 22.7616
Avg Fitness = 19.230167742
Duplicated = 60
============================================================================
Evaluate Gen  31
New Population 702
Better than Dads 42
Best Ind: ( ( ( 1x - 1y ) * 1x ) * ( 1x * 3y ) )
Fitness = 2.85915768
Worst Ind: ( ( ( ( ( ( 1x - 5y ) * 2x ) - ( 2y - 3x ) ) - 99.0 ) * ( 2.0 + ( 10.0 + 10y ) ) ) - 1y )
Fitness = 22.5579723675
Avg Fitness = 18.5152846748
Duplicated = 61
============================================================================
Evaluate Gen  32
New Population 709
Better than Dads 56
Best Ind: ( ( ( 1x - 1y ) * 1x ) * ( 1x * 3y ) )
Fitness = 2.85915768
Worst Ind: ( ( ( 2x + ( 10.0 + 10y ) ) * 3x ) - 1y )
Fitness = 22.5579723675
Avg Fitness = 17.462210948
Duplicated = 54
============================================================================
Evaluate Gen  33
New Population 712
Better than Dads 57
Best Ind: ( ( ( 1x - 1y ) * 1x ) * ( 1x * 3y ) )
Fitness = 2.85915768
Worst Ind: ( ( ( 23.0 - 3y ) + 5x ) - 1y )
Fitness = 22.5579723675
Avg Fitness = 16.075273613
Duplicated = 45
============================================================================
Evaluate Gen  34
New Population 715
Better than Dads 63
Best Ind: ( ( ( 1x - 1y ) * 1x ) * ( 1x * 3y ) )
Fitness = 2.85915768
Worst Ind: ( 1x * ( ( ( 2y - 3x ) * 1x ) - ( ( ( 5x - 3y ) * 2y ) - 5x ) ) )
Fitness = 22.202
Avg Fitness = 14.0405792448
Duplicated = 53
============================================================================
Evaluate Gen  35
New Population 711
Better than Dads 76
Best Ind: ( ( 8x - ( ( 6y - 5x ) - ( 1x * 1y ) ) ) * ( 2x - 1y ) )
Fitness = 2.59505730919
Worst Ind: ( 8y - ( ( 7x - 3y ) * ( 5y - ( ( 4x + 4y ) - 1x ) ) ) )
Fitness = 17.0712
Avg Fitness = 12.475653367
Duplicated = 55
============================================================================
Evaluate Gen  36
New Population 722
Better than Dads 54
Best Ind: ( ( 8x - ( ( 6y - 5x ) - ( 1x * 1y ) ) ) * ( 2x - 1y ) )
Fitness = 2.59505730919
Worst Ind: ( 4y - 1x )
Fitness = 13.02
Avg Fitness = 11.5814170593
Duplicated = 56
============================================================================
Evaluate Gen  37
New Population 712
Better than Dads 62
Best Ind: ( ( 1x * ( 1x - 1x ) ) * ( ( 61.0 * 3x ) - 1y ) )
Fitness = 2.031108
Worst Ind: ( ( 9y - ( ( 3y - 9y ) - ( ( ( 3x - 95.0 ) * 73.0 ) + 6y ) ) ) - 1x )
Fitness = 13.02
Avg Fitness = 11.3008310972
Duplicated = 47
============================================================================
Evaluate Gen  38
New Population 720
Better than Dads 56
Best Ind: ( ( 1x * ( 1x - 1x ) ) * ( ( 61.0 * 3x ) - 1y ) )
Fitness = 2.031108
Worst Ind: ( ( 98.0 + 4y ) - ( 5y - ( ( 4x + 4y ) - 1x ) ) )
Fitness = 13.02
Avg Fitness = 10.9082781834
Duplicated = 48
============================================================================
Evaluate Gen  39
New Population 740
Better than Dads 68
Best Ind: ( ( 1x * ( 46.0 - ( ( 4.0 * 3x ) - 1y ) ) ) * ( 2y * 1x ) )
Fitness = 1.90610512
Worst Ind: ( ( ( ( 86.0 - ( 7x + ( 5x - 4y ) ) ) + ( 6y - ( 6y - 7x ) ) ) - ( ( ( ( 96.0 + 9x ) - 6y ) + 5y ) - ( ( ( 3x - 95.0 ) * 73.0 ) + 6y ) ) ) - 1x )
Fitness = 13.02
Avg Fitness = 10.3038800209
Duplicated = 49
============================================================================
Evaluate Gen  40
New Population 714
Better than Dads 79
Best Ind: ( ( 1x * ( 5y - ( ( 4x + 4y ) - 1x ) ) ) * ( 2y * 1x ) )
Fitness = 1.62158512
Worst Ind: ( ( ( ( 9x - ( ( 9y - 7x ) - 2x ) ) - 3y ) * 36.0 ) - ( ( 3x * 2y ) * 1x ) )
Fitness = 12.186648
Avg Fitness = 9.60738625764
Duplicated = 49
============================================================================
Evaluate Gen  41
New Population 729
Better than Dads 65
Best Ind: ( ( 1x * ( 5y - ( ( 4x + 4y ) - 1x ) ) ) * ( 2y * 1x ) )
Fitness = 1.62158512
Worst Ind: ( ( 8x + 93.0 ) - ( 2y * 1x ) )
Fitness = 11.3808
Avg Fitness = 8.82626498096
Duplicated = 60
============================================================================
Evaluate Gen  42
New Population 737
Better than Dads 74
Best Ind: ( ( 1x * ( 46.0 - ( ( 9y - 7x ) - ( 2x * 1y ) ) ) ) * ( 2y * 1x ) )
Fitness = 1.5715852128
Worst Ind: ( ( ( ( 2y - ( ( 1x - 81.0 ) - 4y ) ) - ( 2y - 3x ) ) + 93.0 ) - ( ( 100.0 - 1y ) * 2x ) )
Fitness = 11.3808
Avg Fitness = 7.87756144191
Duplicated = 42
============================================================================
Evaluate Gen  43
New Population 727
Better than Dads 73
Best Ind: ( ( ( 1x * 1y ) * ( ( 4x + ( ( 3y - 6y ) - 4x ) ) - 1x ) ) * ( 8y - 1y ) )
Fitness = 0.95305256
Worst Ind: ( ( ( ( ( 1x - 5y ) * 2x ) - ( ( 51.0 + ( 19.0 * 4.0 ) ) - 1y ) ) - ( ( ( 1x - 5y ) - 2y ) * 2x ) ) * ( 8y - 1y ) )
Fitness = 10.3802292367
Avg Fitness = 6.87851241841
Duplicated = 43
============================================================================
Evaluate Gen  44
New Population 733
Better than Dads 84
Best Ind: ( ( ( 2y - 3x ) - ( ( 7x - 1x ) * ( 5y - ( ( 4x + 4y ) - 1x ) ) ) ) * ( 1x * 1y ) )
Fitness = 0.81079256
Worst Ind: ( 1x * ( ( 3y - 79.0 ) - ( ( 3y + 37.0 ) - 2x ) ) )
Fitness = 8.8808
Avg Fitness = 5.91592422489
Duplicated = 48
============================================================================
Evaluate Gen  45
New Population 728
Better than Dads 85
Best Ind: ( ( ( 2y - 3x ) - ( ( 7x - 1x ) * ( 5y - ( ( 4x + 4y ) - 1x ) ) ) ) * ( 1x * 1y ) )
Fitness = 0.81079256
Worst Ind: ( ( 1x * 3y ) * ( 8y - 1y ) )
Fitness = 7.78517192756
Avg Fitness = 5.06414750764
Duplicated = 52
============================================================================
Evaluate Gen  46
New Population 734
Better than Dads 96
Best Ind: ( ( ( 2y - 3x ) - ( ( 7x - 1x ) * ( 5y - ( ( 4x + 4y ) - 1x ) ) ) ) * ( 1x * 1y ) )
Fitness = 0.81079256
Worst Ind: ( ( 1y - 1x ) * ( 1x * 3y ) )
Fitness = 6.093324
Avg Fitness = 4.37024812822
Duplicated = 55
============================================================================
Evaluate Gen  47
New Population 717
Better than Dads 91
Best Ind: ( ( ( 2x * 1y ) * ( ( ( 51.0 + ( 19.0 * 4.0 ) ) - 1x ) * ( ( 9y * 3x ) - 1y ) ) ) * 1x )
Fitness = 0.7857926064
Worst Ind: ( ( 2y * 59.0 ) - ( ( 7x - 1y ) * ( 5y - ( ( 4x + 4y ) - 1x ) ) ) )
Fitness = 5.6904
Avg Fitness = 3.98501920163
Duplicated = 48
============================================================================
Evaluate Gen  48
New Population 722
Better than Dads 77
Best Ind: ( ( ( 2x * 1y ) * ( ( ( 51.0 + ( 19.0 * 4.0 ) ) - 1x ) * ( ( 9y * 3x ) - 1y ) ) ) * 1x )
Fitness = 0.7857926064
Worst Ind: ( ( ( 9y * ( 1x * 1y ) ) - 1y ) * ( ( 5y - 2x ) * 1y ) )
Fitness = 5.19011461837
Avg Fitness = 3.45794206243
Duplicated = 35
============================================================================
Evaluate Gen  49
New Population 714
Better than Dads 79
Best Ind: ( ( ( 5y - ( ( 4x + 4y ) - 1x ) ) * ( ( 10y - 2x ) - ( ( 1y - 1x ) * ( ( 3x * 2y ) * 1x ) ) ) ) * ( ( ( 7y - 1y ) - 1y ) * 1x ) )
Fitness = 0.453078353912
Worst Ind: ( ( ( ( 1x * 3y ) - 2x ) * 1x ) * ( ( 1x * 6y ) * 1x ) )
Fitness = 4.1054232384
Avg Fitness = 3.04572334533
Duplicated = 34
============================================================================
Evaluate Gen  50
New Population 722
Better than Dads 83
Best Ind: ( ( ( 5y - ( ( 4x + 4y ) - 1x ) ) * ( ( 3x * ( ( 1x * 1y ) * 1x ) ) * ( ( 1x * ( 1x * 3y ) ) * ( 4y - 2x ) ) ) ) * ( ( 5x - 1y ) * 2x ) )
Fitness = 0.139960639486
Worst Ind: ( ( 1x * ( ( 5x - 1y ) - 2x ) ) * ( ( 3y - 79.0 ) - 1y ) )
Fitness = 4.062216
Avg Fitness = 2.72695996934
Duplicated = 37
============================================================================
Evaluate Gen  51
New Population 715
Better than Dads 90
Best Ind: ( ( ( 5y - ( ( 4x + 4y ) - 1x ) ) * ( ( 3x * ( ( 1x * 1y ) * 1x ) ) * ( ( 1x * ( 1x * 3y ) ) * ( 4y - 2x ) ) ) ) * ( ( 5x - 1y ) * 2x ) )
Fitness = 0.139960639486
Worst Ind: ( ( ( ( 1x * 3y ) - ( 3x * ( 86.0 - 1y ) ) ) * ( 8y - 1x ) ) * ( 1x * 3y ) )
Fitness = 3.5360667288
Avg Fitness = 2.33118725824
Duplicated = 39
============================================================================
Evaluate Gen  52
New Population 726
Better than Dads 94
Best Ind: ( ( ( 5y - ( ( 4x + 4y ) - 1x ) ) * ( ( 3x * ( ( 1x * 1y ) * 1x ) ) * ( ( 1x * ( 1x * 3y ) ) * ( 4y - 2x ) ) ) ) * ( ( 5x - 1y ) * 2x ) )
Fitness = 0.139960639486
Worst Ind: ( ( ( 1y * 1x ) * 2x ) * 2x )
Fitness = 3.24317024
Avg Fitness = 1.99074537966
Duplicated = 34
============================================================================
Evaluate Gen  53
New Population 718
Better than Dads 90
Best Ind: ( ( ( 1x * ( 1x - ( 1x * 2x ) ) ) - 1x ) - ( ( 7x - ( 1x * 1y ) ) * ( ( ( 1x * 1x ) * 1x ) * ( ( 86.0 - 2y ) * ( 1x * 2x ) ) ) ) )
Fitness = 0.137171787932
Worst Ind: ( ( 100.0 - 1y ) * ( ( 8x - 1x ) * ( ( ( 7y - 2y ) - ( 6y - 5x ) ) - ( ( 5x - 3y ) - 1y ) ) ) )
Fitness = 2.59505730919
Avg Fitness = 1.71194906825
Duplicated = 37
============================================================================
Evaluate Gen  54
New Population 727
Better than Dads 100
Best Ind: ( ( ( ( 1x * 1x ) * ( 2y * 1x ) ) * 1y ) * ( ( ( 80.0 * 6y ) * ( 9y * 59.0 ) ) - ( ( 1y * ( 2x - 1y ) ) * ( 5y - ( ( 4x + 4y ) - 1x ) ) ) ) )
Fitness = 0.0867538893923
Worst Ind: ( 1x * ( ( ( 2x * 1y ) * 3x ) * 1x ) )
Fitness = 2.0527116192
Avg Fitness = 1.49305939793
Duplicated = 39
============================================================================
Evaluate Gen  55
New Population 719
Better than Dads 91
Best Ind: ( ( ( ( 1x * 1x ) * ( 2y * 1x ) ) * 1y ) * ( ( ( 80.0 * 6y ) * ( 9y * 59.0 ) ) - ( ( 1y * ( 2x - 1y ) ) * ( 5y - ( ( 4x + 4y ) - 1x ) ) ) ) )
Fitness = 0.0867538893923
Worst Ind: ( ( 1x * ( 46.0 - ( 5y - 1x ) ) ) * ( ( ( 1x - 5y ) - 2y ) - 1y ) )
Fitness = 2.031108
Avg Fitness = 1.29696679873
Duplicated = 32
============================================================================
Evaluate Gen  56
New Population 720
Better than Dads 92
Best Ind: ( ( ( 1x * 1x ) * ( ( ( 100.0 - 1y ) * ( 1x * 1y ) ) * ( ( 4x + 4y ) - 1x ) ) ) * 1x )
Fitness = 0.0755130589853
Worst Ind: ( ( 1y - 1x ) * ( 1x * 1x ) )
Fitness = 1.705608
Avg Fitness = 1.10029855303
Duplicated = 35
============================================================================
Evaluate Gen  57
New Population 713
Better than Dads 101
Best Ind: ( ( ( 1x * 1x ) * ( ( ( 100.0 - 1y ) * ( 1x * 1y ) ) * ( ( 4x + 4y ) - 1x ) ) ) * 1x )
Fitness = 0.0755130589853
Worst Ind: ( ( ( 2x * 1x ) * 1y ) * ( 3x - ( ( 5y - 2x ) * 1y ) ) )
Fitness = 1.5715852128
Avg Fitness = 0.948884737688
Duplicated = 31
============================================================================
Evaluate Gen  58
New Population 721
Better than Dads 105
Best Ind: ( ( ( 2x * 1y ) * ( 5y - ( 1x * ( ( 5x * 4y ) - 1x ) ) ) ) * ( ( 1x * ( ( 1y * 1x ) * 2x ) ) * ( ( ( 7y - 1y ) - 1y ) * 1x ) ) )
Fitness = 0.0330081966526
Worst Ind: ( ( ( ( 5.0 - 5x ) - ( ( ( 1x - 1y ) * 2x ) * 1x ) ) * 2x ) * ( ( 9x * ( 2x - ( 2x - 2y ) ) ) - ( 1x - ( ( 1x - 1y ) * 2x ) ) ) )
Fitness = 1.35813437811
Avg Fitness = 0.782744782552
Duplicated = 34
============================================================================
Evaluate Gen  59
New Population 713
Better than Dads 102
Best Ind: ( ( ( 2x * 1y ) * ( 5y - ( 1x * ( ( 5x * 4y ) - 1x ) ) ) ) * ( ( 1x * ( ( 1y * 1x ) * 2x ) ) * ( ( ( 7y - 1y ) - 1y ) * 1x ) ) )
Fitness = 0.0330081966526
Worst Ind: ( ( ( ( ( 3y - 3y ) - 1y ) * 1x ) - ( ( 2x * 1y ) * 1x ) ) * ( 1x * ( 1x * 3y ) ) )
Fitness = 1.01860078358
Avg Fitness = 0.666868056503
Duplicated = 35
============================================================================
Evaluate Gen  60
New Population 723
Better than Dads 112
Best Ind: ( ( ( 2x * 1y ) * ( 5y - ( 1x * ( ( 5x * 4y ) - 1x ) ) ) ) * ( ( 1x * ( ( 1y * 1x ) * 2x ) ) * ( ( ( 7y - 1y ) - 1y ) * 1x ) ) )
Fitness = 0.0330081966526
Worst Ind: ( ( ( 7y - ( ( 1x - 1y ) * ( 2y * 1x ) ) ) * ( ( 4.0 * 3x ) - 1x ) ) * ( ( ( 1y - 28.0 ) * 7y ) - 1y ) )
Fitness = 0.915545471859
Avg Fitness = 0.582436175993
Duplicated = 31
============================================================================
Evaluate Gen  61
New Population 716
Better than Dads 102
Best Ind: ( ( ( 1x * ( 46.0 - ( ( 4.0 * 3x ) - 1y ) ) ) * ( 2y * 1x ) ) * ( ( 1x - ( ( 5x * 1y ) - ( ( 4x + 4y ) - 1x ) ) ) * ( ( ( ( 100.0 - 1y ) * ( 1x * 3y ) ) * ( ( 4x + 61.0 ) - 1x ) ) * ( 1x * ( 86.0 - 1y ) ) ) ) )
Fitness = 0.0289601414728
Worst Ind: ( ( 1x * 59.0 ) - ( ( 1x * ( 2x * ( ( 8y - 1y ) * ( 2x - 1x ) ) ) ) * ( ( ( 1y - 28.0 ) * 7y ) - 1y ) ) )
Fitness = 0.7857926064
Avg Fitness = 0.508926735266
Duplicated = 34
============================================================================
Evaluate Gen  62
New Population 728
Better than Dads 104
Best Ind: ( ( ( 8x - 1x ) * ( ( 1y + 4x ) - 1x ) ) * ( ( ( ( 8x - 1x ) * ( ( 1y + 4x ) - 1y ) ) * ( 1y * ( 1x * 1y ) ) ) * ( 1x * 1y ) ) )
Fitness = 0.0198445874156
Worst Ind: ( ( 1x * 59.0 ) - ( ( 1x * 2x ) * ( ( ( 100.0 - 1y ) * ( ( 4x + 61.0 ) - 1x ) ) * ( ( 4x + 4y ) - 1x ) ) ) )
Fitness = 0.6842372064
Avg Fitness = 0.424850878769
Duplicated = 38
============================================================================
Evaluate Gen  63
New Population 724
Better than Dads 108
Best Ind: ( ( ( 8x - 1x ) * ( ( 1y + 4x ) - 1x ) ) * ( ( ( ( 8x - 1x ) * ( ( 1y + 4x ) - 1y ) ) * ( 1y * ( 1x * 1y ) ) ) * ( 1x * 1y ) ) )
Fitness = 0.0198445874156
Worst Ind: ( ( 1x * ( 1x * ( ( ( 5x - 4y ) + 80.0 ) - ( 1x * 2x ) ) ) ) * 1x )
Fitness = 0.5989568064
Avg Fitness = 0.353874142297
Duplicated = 37
============================================================================
Evaluate Gen  64
New Population 708
Better than Dads 97
Best Ind: ( ( ( 5y - ( 1x * ( ( 5x * 4y ) - 1x ) ) ) * ( 1y * ( ( 5x * 4y ) - ( ( 4x + 4y ) - 1x ) ) ) ) * ( ( ( ( ( 1y * 1x ) * 2x ) * ( 8y - 1y ) ) * ( ( 4x + 4y ) - 1x ) ) * ( ( 1x - 3y ) - 1x ) ) )
Fitness = 0.0165040983263
Worst Ind: ( ( ( ( 86.0 - 1y ) * 2x ) * ( 9y - 1y ) ) * ( 2x * ( ( 1x * ( ( 1y * 2x ) * 1y ) ) * 3x ) ) )
Fitness = 0.476270097974
Avg Fitness = 0.294886905947
Duplicated = 37
============================================================================
Evaluate Gen  65
New Population 720
Better than Dads 94
Best Ind: ( ( ( 5y - ( 1x * ( ( 5x * 4y ) - 1x ) ) ) * ( 1y * ( ( 5x * 4y ) - ( ( 4x + 4y ) - 1x ) ) ) ) * ( ( ( ( ( 1y * 1x ) * 2x ) * ( 8y - 1y ) ) * ( ( 4x + 4y ) - 1x ) ) * ( ( 1x - 3y ) - 1x ) ) )
Fitness = 0.0165040983263
Worst Ind: ( ( ( ( 1x * 1y ) * 1x ) * ( ( 3x + ( 5y - 32.0 ) ) - ( ( 9y * 59.0 ) - 1x ) ) ) * ( ( ( 1y - 28.0 ) * 7y ) - 1y ) )
Fitness = 0.3928963032
Avg Fitness = 0.25022540582
Duplicated = 43
============================================================================
Evaluate Gen  66
New Population 734
Better than Dads 122
Best Ind: ( ( ( ( 1x * 2x ) * ( 1x * 1x ) ) * ( ( ( 1x * 1x ) * 2y ) * ( ( 79.0 - 3y ) - ( ( 4x + 4y ) - 1x ) ) ) ) * ( ( ( ( 1x * 3y ) * 2y ) * 1x ) * ( 1x * 1y ) ) )
Fitness = 0.0113716200539
Worst Ind: ( ( ( ( 2x * ( ( 8y - 1y ) * 1x ) ) * 2x ) * 1y ) * ( ( 1x - 1y ) * 1x ) )
Fitness = 0.341341866261
Avg Fitness = 0.210499902031
Duplicated = 43
============================================================================
Evaluate Gen  67
New Population 714
Better than Dads 105
Best Ind: ( ( ( ( ( ( 2x * 1y ) * 1x ) * 1x ) * 1x ) * 1x ) * ( 1x * ( ( ( 5x - 1x ) * 1x ) * ( ( ( 4x + 4y ) - 1x ) * 1x ) ) ) )
Fitness = 0.00627695377227
Worst Ind: ( ( ( 1y - ( 1x * 1y ) ) * ( 1x * ( 2x * ( 9y - 1x ) ) ) ) * ( 1x - ( ( 5y - 2x ) * 1y ) ) )
Fitness = 0.302052235941
Avg Fitness = 0.178418011175
Duplicated = 45
============================================================================
Evaluate Gen  68
New Population 715
Better than Dads 110
Best Ind: ( ( ( ( ( ( 2x * 1y ) * 1x ) * 1x ) * 1x ) * 1x ) * ( 1x * ( ( ( 5x - 1x ) * 1x ) * ( ( ( 4x + 4y ) - 1x ) * 1x ) ) ) )
Fitness = 0.00627695377227
Worst Ind: ( ( ( ( ( 2x * 1y ) - 1x ) * ( 1x * 3y ) ) * ( ( 1y - ( 2x * 1y ) ) * ( ( ( 1y - 28.0 ) * 7y ) - 1y ) ) ) * ( ( ( 1x * 3x ) - ( 2x * 1y ) ) * ( ( ( 1y - 28.0 ) * 7y ) - 1y ) ) )
Fitness = 0.267168984476
Avg Fitness = 0.149333226612
Duplicated = 48
============================================================================
Evaluate Gen  69
New Population 723
Better than Dads 110
Best Ind: ( ( ( ( ( ( 2x * 1y ) * 1x ) * 1x ) * 1x ) * 1x ) * ( 1x * ( ( ( 5x - 1x ) * 1x ) * ( ( ( 4x + 4y ) - 1x ) * 1x ) ) ) )
Fitness = 0.00627695377227
Worst Ind: ( ( ( ( ( 2x * 1y ) - 1x ) * 1y ) * ( ( ( ( 1x * 1x ) * ( 1y * 1x ) ) - ( 2x * 1y ) ) * ( ( ( 1y - 28.0 ) * 7y ) - 1y ) ) ) * ( ( ( 1x * 3x ) - ( 2x * 1y ) ) * ( ( ( 1y - 28.0 ) * 7y ) - 1y ) ) )
Fitness = 0.195997102375
Avg Fitness = 0.124424430657
Duplicated = 49
============================================================================
Evaluate Gen  70
New Population 706
Better than Dads 103
Best Ind: ( ( ( ( ( ( 2x * 1y ) * 1x ) * 1x ) * 1x ) * 1x ) * ( 1x * ( ( ( 5x - 1x ) * 1x ) * ( ( ( 4x + 4y ) - 1x ) * 1x ) ) ) )
Fitness = 0.00627695377227
Worst Ind: ( ( 2x * ( ( 8y - 1y ) * ( 1x * 1x ) ) ) * ( ( ( 1x - ( 8y - 1x ) ) * 1y ) * ( ( 3y - 79.0 ) - 1y ) ) )
Fitness = 0.170670933131
Avg Fitness = 0.107954660678
Duplicated = 48
============================================================================
Evaluate Gen  71
New Population 711
Better than Dads 111
Best Ind: ( ( ( ( ( 1x * ( 1x * 1x ) ) * ( ( 1x - 1y ) * 2x ) ) * ( 1x * 1x ) ) * ( ( 1y - 1x ) * ( ( 3x - ( 1x * 2x ) ) * ( 8y - 1y ) ) ) ) * ( 1x * ( 86.0 - 1y ) ) )
Fitness = 0.00354431517691
Worst Ind: ( 2x - ( 1y * ( ( ( 1x * ( 1x * 1x ) ) * ( ( 1x - 1y ) * 2x ) ) * 1x ) ) )
Fitness = 0.151026117971
Avg Fitness = 0.0910827472119
Duplicated = 44
============================================================================
Evaluate Gen  72
New Population 704
Better than Dads 96
Best Ind: ( ( ( ( ( 1x * ( 1x * 1x ) ) * ( ( 1x - 1y ) * 2x ) ) * ( 1x * 1x ) ) * ( ( 1y - 1x ) * ( ( 3x - ( 1x * 2x ) ) * ( 8y - 1y ) ) ) ) * ( 1x * ( 86.0 - 1y ) ) )
Fitness = 0.00354431517691
Worst Ind: ( ( ( ( 1x * ( 46.0 - ( 5y - 6x ) ) ) - ( 1x * ( 1x * 2x ) ) ) * ( 8x - ( ( 6y - 5x ) - ( 1x * 1y ) ) ) ) * ( ( ( ( 4.0 * 3x ) - 1y ) - 3x ) - ( ( 7x - 1x ) * ( 5y - ( ( 4x + 4y ) - 1x ) ) ) ) )
Fitness = 0.133920187811
Avg Fitness = 0.0773008635497
Duplicated = 51
============================================================================
Evaluate Gen  73
New Population 710
Better than Dads 110
Best Ind: ( ( ( ( 7x - ( ( 1x * 1y ) * 1x ) ) * ( ( ( 100.0 - 1y ) * 2x ) * 1x ) ) * ( 9y - 1x ) ) * ( 1x * ( ( 1x * 1x ) * ( ( ( 4x + 4y ) - 1x ) * 1x ) ) ) )
Fitness = 0.00332772146654
Worst Ind: ( ( 1x * ( ( ( 2x * 1y ) * 3x ) * 1x ) ) * ( ( 1y * 1x ) * ( 1x * 1y ) ) )
Fitness = 0.106267204509
Avg Fitness = 0.0649386053618
Duplicated = 45
============================================================================
Evaluate Gen  74
New Population 705
Better than Dads 109
Best Ind: ( ( ( ( 7x - ( ( 1x * 1y ) * 1x ) ) * ( ( ( 100.0 - 1y ) * 2x ) * 1x ) ) * ( 9y - 1x ) ) * ( 1x * ( ( 1x * 1x ) * ( ( ( 4x + 4y ) - 1x ) * 1x ) ) ) )
Fitness = 0.00332772146654
Worst Ind: ( ( ( 1x * ( 1x * 1y ) ) * ( ( 2x * 1y ) * ( ( 8y - 1y ) * ( ( 1x + 1y ) - 1x ) ) ) ) * 1y )
Fitness = 0.0867538893923
Avg Fitness = 0.0567036807798
Duplicated = 45
============================================================================
Evaluate Gen  75
New Population 706
Better than Dads 106
Best Ind: ( ( ( ( ( 2x - 1x ) * ( ( 1x * 1x ) * 1x ) ) * 2x ) * 1y ) * ( ( ( ( ( 1x * 2x ) * 1x ) * ( 2x * ( 1y * 1x ) ) ) * ( 1x * 1y ) ) * 1x ) )
Fitness = 0.00166068886619
Worst Ind: ( ( ( ( 5y - 2x ) * ( 1x * 1y ) ) * ( ( 1y * 2x ) * 1x ) ) * ( 8x - ( ( 1y * ( 2x - 1y ) ) * ( 5y - ( ( 4x + 4y ) - 1x ) ) ) ) )
Fitness = 0.0793783496623
Avg Fitness = 0.0484603610628
Duplicated = 36
============================================================================
Evaluate Gen  76
New Population 707
Better than Dads 109
Best Ind: ( ( ( ( ( 2x - 1x ) * ( ( 1x * 1x ) * 1x ) ) * 2x ) * 1y ) * ( ( ( ( ( 1x * 2x ) * 1x ) * ( 2x * ( 1y * 1x ) ) ) * ( 1x * 1y ) ) * 1x ) )
Fitness = 0.00166068886619
Worst Ind: ( ( ( ( 4x + 61.0 ) - ( 1x * 1y ) ) * ( 1x * ( ( 1y * 1x ) * ( 9y - 1x ) ) ) ) * 1x )
Fitness = 0.0755130589853
Avg Fitness = 0.041995703796
Duplicated = 33
============================================================================
Evaluate Gen  77
New Population 698
Better than Dads 113
Best Ind: ( ( ( ( ( 2x - 1x ) * ( ( 1x * 1x ) * 1x ) ) * 2x ) * 1y ) * ( ( ( ( ( 1x * 2x ) * 1x ) * ( 2x * ( 1y * 1x ) ) ) * ( 1x * 1y ) ) * 1x ) )
Fitness = 0.00166068886619
Worst Ind: ( ( ( 1x * 1x ) * ( ( ( 100.0 - 1x ) * ( 1x * 1y ) ) * ( ( 4x + 4y ) - 1x ) ) ) * ( ( 1x - 1y ) * 2x ) )
Fitness = 0.0685858939659
Avg Fitness = 0.0350215938365
Duplicated = 32
============================================================================
Evaluate Gen  78
New Population 711
Better than Dads 116
Best Ind: ( ( ( ( ( 2x - 1x ) * ( ( 1x * 1x ) * 1x ) ) * 2x ) * 1y ) * ( ( ( ( ( 1x * 2x ) * 1x ) * ( 2x * ( 1y * 1x ) ) ) * ( 1x * 1y ) ) * 1x ) )
Fitness = 0.00166068886619
Worst Ind: ( ( ( ( ( 4.0 * 3x ) - ( 2x * 1y ) ) * 1y ) * 1y ) * ( 1y - ( ( ( 4x + 4y ) - ( ( 1x * 1x ) * ( 2y * 1x ) ) ) * ( ( 1x * ( 1x * 3y ) ) * ( 4y - 2x ) ) ) ) )
Fitness = 0.0548500086412
Avg Fitness = 0.0278206287832
Duplicated = 34
============================================================================
Evaluate Gen  79
New Population 723
Better than Dads 128
Best Ind: ( ( ( ( ( 2x - 1x ) * ( ( 1x * 1x ) * 1x ) ) * 2x ) * 1y ) * ( ( ( ( ( 1x * 2x ) * 1x ) * ( 2x * ( 1y * 1x ) ) ) * ( 1x * 1y ) ) * 1x ) )
Fitness = 0.00166068886619
Worst Ind: ( ( ( ( 5y - 2x ) * ( 1x * ( 86.0 - 1y ) ) ) * ( ( ( 8x - ( 1x * 1y ) ) * 2x ) * 1y ) ) * ( ( ( 4x * 6y ) * ( 1x * 59.0 ) ) - ( ( 1y * ( 2x - 1y ) ) * ( 5y - ( ( 4x + 4y ) - 1x ) ) ) ) )
Fitness = 0.0411996028137
Avg Fitness = 0.0225604104061
Duplicated = 39
============================================================================
Evaluate Gen  80
New Population 699
Better than Dads 110
Best Ind: ( ( ( ( ( 2x - 1x ) * ( ( 1x * 1x ) * 1x ) ) * 2x ) * 1y ) * ( ( ( ( ( 1x * 2x ) * 1x ) * ( 2x * ( 1y * 1x ) ) ) * ( 1x * 1y ) ) * 1x ) )
Fitness = 0.00166068886619
Worst Ind: ( ( ( 2x * ( ( 1x * 1x ) * ( ( 4x + 1y ) - 1x ) ) ) * ( ( 23.0 - 1x ) * ( ( 3y - 79.0 ) - 1y ) ) ) * ( 1y * ( 1y * 1x ) ) )
Fitness = 0.0354224015029
Avg Fitness = 0.0190029158195
Duplicated = 38
============================================================================
Evaluate Gen  81
New Population 693
Better than Dads 114
Best Ind: ( ( ( 2x * ( 1x * 1x ) ) * ( ( ( ( 1x - 1y ) * 1y ) * ( ( 100.0 - 1y ) * 2x ) ) * ( 1x * ( ( 1y * 1x ) * 1y ) ) ) ) * ( ( 2x * 1y ) * ( 5y - ( ( 1y * 1x ) * ( ( 5x * 4y ) - 1x ) ) ) ) )
Fitness = 0.00121227582021
Worst Ind: ( ( ( ( 1x * 1y ) * 1x ) * ( ( ( 10y + ( 1x + 9x ) ) + ( 1x - 32.0 ) ) - ( ( 1x - ( 8y - 1x ) ) * ( ( 4x + 61.0 ) - 1x ) ) ) ) * ( ( 1x * 1x ) * 1x ) )
Fitness = 0.0305555224014
Avg Fitness = 0.0160660173414
Duplicated = 41
============================================================================
Evaluate Gen  82
New Population 717
Better than Dads 116
Best Ind: ( ( ( 2x * ( 1x * 1x ) ) * ( ( ( ( 1x - 1y ) * 1y ) * ( ( 100.0 - 1y ) * 2x ) ) * ( 1x * ( ( 1y * 1x ) * 1y ) ) ) ) * ( ( 2x * 1y ) * ( 5y - ( ( 1y * 1x ) * ( ( 5x * 4y ) - 1x ) ) ) ) )
Fitness = 0.00121227582021
Worst Ind: ( ( ( ( 1x * ( ( 1x * 1x ) * ( 3x * 2y ) ) ) * 1x ) * ( 1y * 1x ) ) * ( ( ( ( ( 23.0 - 4y ) * 2x ) - ( 1x * ( 100.0 - 1y ) ) ) + ( 3y - 79.0 ) ) - ( 1x * ( 1x * 1x ) ) ) )
Fitness = 0.0209532671062
Avg Fitness = 0.0133520922727
Duplicated = 41
============================================================================
Evaluate Gen  83
New Population 708
Better than Dads 119
Best Ind: ( ( ( ( 1x * 1x ) * ( ( 1x * ( 1x * 1x ) ) * ( 1y * ( 1x * 1y ) ) ) ) * 1x ) * ( ( 1x * 1x ) * ( ( 7x - ( 5x - 1y ) ) * ( 1x * 1y ) ) ) )
Fitness = 0.000473817502245
Worst Ind: ( ( ( ( 8x - 1x ) * ( ( 8y - 1y ) * 1x ) ) * ( 9y - ( ( 1y * 1x ) * ( 2y * 1x ) ) ) ) * ( 1x * ( 2x - ( 8x - ( ( 2.0 + 8y ) - ( 1x * 1y ) ) ) ) ) )
Fitness = 0.018430954172
Avg Fitness = 0.0115249652185
Duplicated = 43
============================================================================
Evaluate Gen  84
New Population 699
Better than Dads 114
Best Ind: ( ( ( 1x - ( 1x * ( 1x * 1y ) ) ) * ( ( 1x * ( 1x * 1y ) ) * ( ( 7x - ( 5x - 1y ) ) * ( 1x * 1y ) ) ) ) * ( ( ( ( 1x * 1x ) * ( ( 1x * 2x ) - 1y ) ) - ( ( ( 1x * 1x ) * ( 2y * 1x ) ) * 1y ) ) * ( 8x - ( ( 6y - 5x ) - ( ( 1x * 1y ) * 1x ) ) ) ) )
Fitness = 0.000148018621811
Worst Ind: ( ( ( 5y - ( 1x * ( ( 5x * 4y ) - 1x ) ) ) * ( 1y * ( ( 5x * 4y ) - ( ( 4x + 1x ) - 1x ) ) ) ) * ( ( ( ( ( 1y * 1x ) * 2x ) * ( 8y - 1y ) ) * ( ( 4x + 4y ) - 1x ) ) * ( ( 1x - 3y ) - 1x ) ) )
Fitness = 0.0165040983263
Avg Fitness = 0.01017918346
Duplicated = 49
============================================================================
Evaluate Gen  85
New Population 722
Better than Dads 121
Best Ind: ( ( ( ( 1x * ( ( 2y * 1x ) * 1x ) ) * ( ( 86.0 * 3x ) - 1y ) ) * ( ( 1x * 1x ) * ( ( 1y * 1x ) * 1y ) ) ) * ( ( ( ( 1x * 1x ) * ( 1x * ( 1x - 1y ) ) ) * 1y ) * ( ( 1x * 1x ) - ( 1x * ( 1x * 1y ) ) ) ) )
Fitness = 7.2633025466e-05
Worst Ind: ( ( ( 2x * 1x ) * ( ( 4x - 1x ) * ( 100.0 - 1y ) ) ) * ( ( 3x - ( ( 1x * 1x ) * 1x ) ) * ( ( 1y * ( ( 4x + 61.0 ) - 1x ) ) * ( ( 4x + 4y ) - 1x ) ) ) )
Fitness = 0.0147894509771
Avg Fitness = 0.00856415269556
Duplicated = 65
============================================================================
Evaluate Gen  86
New Population 709
Better than Dads 122
Best Ind: ( ( ( ( 1x * ( ( 2y * 1x ) * 1x ) ) * ( ( 86.0 * 3x ) - 1y ) ) * ( ( 1x * 1x ) * ( ( 1y * 1x ) * 1y ) ) ) * ( ( ( ( 1x * 1x ) * ( 1x * ( 1x - 1y ) ) ) * 1y ) * ( ( 1x * 1x ) - ( 1x * ( 1x * 1y ) ) ) ) )
Fitness = 7.2633025466e-05
Worst Ind: ( ( ( ( 7x - ( 1y * 1x ) ) * ( 5y - ( ( 4x + 4y ) - 1x ) ) ) * 1x ) * ( ( 1x - ( ( 5x * 100.0 ) - ( ( 4x + 4y ) - 1x ) ) ) * ( ( ( ( 100.0 - 1y ) * ( 1x * 3y ) ) * ( ( 4x + 61.0 ) - 1x ) ) * ( 1x * ( 86.0 - 1y ) ) ) ) )
Fitness = 0.0129917266802
Avg Fitness = 0.00728696357065
Duplicated = 53
============================================================================
Evaluate Gen  87
New Population 723
Better than Dads 121
Best Ind: ( ( ( ( 1x * ( ( 2y * 1x ) * 1x ) ) * ( ( 86.0 * 3x ) - 1y ) ) * ( ( 1x * 1x ) * ( ( 1y * 1x ) * 1y ) ) ) * ( ( ( ( 1x * 1x ) * ( 1x * ( 1x - 1y ) ) ) * 1y ) * ( ( 1x * 1x ) - ( 1x * ( 1x * 1y ) ) ) ) )
Fitness = 7.2633025466e-05
Worst Ind: ( ( ( 1x * ( ( ( 2x * 1x ) * 1y ) * ( ( 1y * 1x ) * 1y ) ) ) * ( ( 8y - 1y ) * 1x ) ) * ( ( 2x * 1y ) * ( 2x - 1y ) ) )
Fitness = 0.0101716581772
Avg Fitness = 0.00627582951262
Duplicated = 59
============================================================================
Evaluate Gen  88
New Population 714
Better than Dads 122
Best Ind: ( ( ( ( 1x * ( ( 2y * 1x ) * 1x ) ) * ( ( 86.0 * 3x ) - 1y ) ) * ( ( 1x * 1x ) * ( ( 1y * 1x ) * 1y ) ) ) * ( ( ( ( 1x * 1x ) * ( 1x * ( 1x - 1y ) ) ) * 1y ) * ( ( 1x * 1x ) - ( 1x * ( 1x * 1y ) ) ) ) )
Fitness = 7.2633025466e-05
Worst Ind: ( ( ( ( 100.0 - 1y ) * ( 1y * 2x ) ) * 1x ) * ( ( ( ( 2x * ( 1x * 1x ) ) * ( 1x * ( 1x * 1y ) ) ) * 1y ) * ( ( ( 2y - 5x ) - ( 5y - 6x ) ) - ( ( 5y - 2x ) * 1y ) ) ) )
Fitness = 0.00873230457409
Avg Fitness = 0.00552274938601
Duplicated = 64
============================================================================
Evaluate Gen  89
New Population 710
Better than Dads 127
Best Ind: ( ( ( ( 1x * ( ( 2y * 1x ) * 1x ) ) * ( ( 86.0 * 3x ) - 1y ) ) * ( ( 1x * 1x ) * ( ( 1y * 1x ) * 1y ) ) ) * ( ( ( ( 1x * 1x ) * ( 1x * ( 1x - 1y ) ) ) * 1y ) * ( ( 1x * 1x ) - ( 1x * ( 1x * 1y ) ) ) ) )
Fitness = 7.2633025466e-05
Worst Ind: ( ( ( ( 1x * 1y ) * ( 9y - 1x ) ) * ( ( 1x * ( 8y - 1y ) ) * ( ( ( 1x - 5y ) - 1x ) * ( ( 3y - 79.0 ) - 1y ) ) ) ) * ( ( 1x * 1x ) * 1x ) )
Fitness = 0.00825204916315
Avg Fitness = 0.00481256443812
Duplicated = 59
============================================================================
Evaluate Gen  90
New Population 713
Better than Dads 116
Best Ind: ( ( ( ( 1x * ( 1x * 1x ) ) * ( 1y * ( 1x * 1y ) ) ) * ( 1x * 1x ) ) * ( ( ( ( 86.0 - 1x ) * ( 1x * 1x ) ) * ( 1y * ( ( 1x * 1y ) * 1x ) ) ) * ( ( 1x * 2x ) * ( ( 1x - 1y ) * 2x ) ) ) )
Fitness = 5.8825427561e-05
Worst Ind: ( ( 1x * ( ( ( 1x * ( 1x * 1x ) ) * 2y ) * ( ( 1x * 2x ) * ( 1x * ( 100.0 - 1y ) ) ) ) ) * ( ( 1y * 1x ) * ( ( 4x + 4y ) - 1x ) ) )
Fitness = 0.00739491548194
Avg Fitness = 0.00394675834305
Duplicated = 61
============================================================================
Evaluate Gen  91
New Population 713
Better than Dads 121
Best Ind: ( ( ( ( ( 1x * 1x ) * ( 1x * ( 86.0 - 1y ) ) ) * ( ( 1y * 1x ) * ( 1x * 1y ) ) ) * ( ( ( 1y * 1y ) * 1y ) * ( ( 1y * 1x ) * ( 1x * 1x ) ) ) ) * ( ( 3x - 1y ) * ( ( 1y * ( ( 4x + 61.0 ) - 1x ) ) * ( ( 4x + 4y ) - 1x ) ) ) )
Fitness = 2.17912735064e-05
Worst Ind: ( ( ( ( 1y * 1x ) * ( 1x * 1y ) ) * ( ( ( 1y * 1y ) * 3x ) * 1x ) ) * ( ( 1x * ( 1x - 1x ) ) * ( ( ( 1y * 1x ) * 2x ) * 2x ) ) )
Fitness = 0.00630231905681
Avg Fitness = 0.00319282731549
Duplicated = 54
============================================================================
Evaluate Gen  92
New Population 708
Better than Dads 121
Best Ind: ( ( ( ( ( 1x * 1x ) * ( 1x * ( 86.0 - 1y ) ) ) * ( ( 1y * 1x ) * ( 1x * 1y ) ) ) * ( ( ( 1y * 1y ) * 1y ) * ( ( 1y * 1x ) * ( 1x * 1x ) ) ) ) * ( ( 3x - 1y ) * ( ( 1y * ( ( 4x + 61.0 ) - 1x ) ) * ( ( 4x + 4y ) - 1x ) ) ) )
Fitness = 2.17912735064e-05
Worst Ind: ( ( 2x * ( ( 8y - 1y ) * ( ( ( 2x * 1y ) * 1y ) * 1x ) ) ) * ( ( ( 1y - ( 1x * 1y ) ) * ( 1x * ( 2x * ( 9y - 1x ) ) ) ) * ( 1x * ( ( 7y - 1y ) * 1y ) ) ) )
Fitness = 0.00465862944322
Avg Fitness = 0.00267063111955
Duplicated = 58
============================================================================
Evaluate Gen  93
New Population 703
Better than Dads 122
Best Ind: ( ( ( ( 1x - 1y ) * ( ( 1y * 1x ) * 2x ) ) * ( ( ( 86.0 - 1x ) * ( ( 100.0 - 1y ) * 2x ) ) * ( 1y * ( ( 1x * 1y ) * 1x ) ) ) ) * ( ( ( ( 1x * 1y ) * 1y ) * ( 1x * 1x ) ) * ( ( ( ( 1y * 1x ) * ( 1x * 1y ) ) * ( 1x * 1y ) ) * ( ( ( 2x * 1y ) * 3x ) * 1x ) ) ) )
Fitness = 4.83736056644e-06
Worst Ind: ( ( 2x * ( ( ( 1y * ( 1x * 1y ) ) * 1x ) * ( ( 1x * 1x ) * 1x ) ) ) * ( ( ( 1x - ( 8y - 1x ) ) * 1y ) * ( ( ( 7y - 1y ) - 1y ) * 1x ) ) )
Fitness = 0.00411006019913
Avg Fitness = 0.00224043114841
Duplicated = 64
============================================================================
Evaluate Gen  94
New Population 720
Better than Dads 125
Best Ind: ( ( ( ( 1x - 1y ) * ( ( 1y * 1x ) * 2x ) ) * ( ( ( 86.0 - 1x ) * ( ( 100.0 - 1y ) * 2x ) ) * ( 1y * ( ( 1x * 1y ) * 1x ) ) ) ) * ( ( ( ( 1x * 1y ) * 1y ) * ( 1x * 1x ) ) * ( ( ( ( 1y * 1x ) * ( 1x * 1y ) ) * ( 1x * 1y ) ) * ( ( ( 2x * 1y ) * 3x ) * 1x ) ) ) )
Fitness = 4.83736056644e-06
Worst Ind: ( ( ( ( 1x * ( ( 2y * 1x ) * 1x ) ) * ( ( 1y * 3x ) - 1y ) ) * ( ( ( 1x * 1x ) * 1x ) * ( ( 1x * 1x ) * 1y ) ) ) * ( ( 4x + 4y ) - 1x ) )
Fitness = 0.00369745774097
Avg Fitness = 0.00178893380865
Duplicated = 59
============================================================================
Evaluate Gen  95
New Population 717
Better than Dads 129
Best Ind: ( ( ( ( 1x - 1y ) * ( ( 1y * 1x ) * 2x ) ) * ( ( ( 86.0 - 1x ) * ( ( 100.0 - 1y ) * 2x ) ) * ( 1y * ( ( 1x * 1y ) * 1x ) ) ) ) * ( ( ( ( 1x * 1y ) * 1y ) * ( 1x * 1x ) ) * ( ( ( ( 1y * 1x ) * ( 1x * 1y ) ) * ( 1x * 1y ) ) * ( ( ( 2x * 1y ) * 3x ) * 1x ) ) ) )
Fitness = 4.83736056644e-06
Worst Ind: ( ( ( ( ( 1x - 1y ) * 1x ) * ( ( 2x * 1y ) * ( 2x * 1y ) ) ) * ( ( 1y + 4x ) - 1x ) ) * ( ( ( ( 8x - 1x ) * ( ( 1y + 4x ) - 1y ) ) * ( 1y * ( 1x * 1y ) ) ) * ( 1x * 1y ) ) )
Fitness = 0.00258360617604
Avg Fitness = 0.00144560434067
Duplicated = 59
============================================================================
Evaluate Gen  96
New Population 704
Better than Dads 123
Best Ind: ( ( ( ( 1x - 1y ) * ( ( 1y * 1x ) * 2x ) ) * ( ( ( 86.0 - 1x ) * ( ( 100.0 - 1y ) * 2x ) ) * ( 1y * ( ( 1x * 1y ) * 1x ) ) ) ) * ( ( ( ( 1x * 1y ) * 1y ) * ( 1x * 1x ) ) * ( ( ( ( 1y * 1x ) * ( 1x * 1y ) ) * ( 1x * 1y ) ) * ( ( ( 2x * 1y ) * 3x ) * 1x ) ) ) )
Fitness = 4.83736056644e-06
Worst Ind: ( ( ( 2x * ( ( ( 8y - 1y ) * ( 1x * 1x ) ) * 1x ) ) * ( ( 4x - 1x ) * ( ( 100.0 - 1x ) - ( 1y * ( 1x * 1y ) ) ) ) ) * ( ( 3x - 1y ) * ( ( 1y * ( ( 4x + 61.0 ) - 1x ) ) * ( ( 4x + 4y ) - 1x ) ) ) )
Fitness = 0.00218307614352
Avg Fitness = 0.00125133854671
Duplicated = 66
============================================================================
Evaluate Gen  97
New Population 702
Better than Dads 126
Best Ind: ( ( ( ( 1x - 1y ) * ( ( 1y * 1x ) * 2x ) ) * ( ( ( 86.0 - 1x ) * ( ( 100.0 - 1y ) * 2x ) ) * ( 1y * ( ( 1x * 1y ) * 1x ) ) ) ) * ( ( ( ( 1x * 1y ) * 1y ) * ( 1x * 1x ) ) * ( ( ( ( 1y * 1x ) * ( 1x * 1y ) ) * ( 1x * 1y ) ) * ( ( ( 2x * 1y ) * 3x ) * 1x ) ) ) )
Fitness = 4.83736056644e-06
Worst Ind: ( ( ( 2x * ( ( ( 8y - 1x ) * ( 1x * 1x ) ) * 1x ) ) * ( ( 4x - 1x ) * ( ( 100.0 - 1x ) - ( 1y * ( 1x * 1y ) ) ) ) ) * ( ( 3x - 1y ) * ( ( 1y * ( ( 4x + 61.0 ) - 1x ) ) * ( ( 4x + 4y ) - 1x ) ) ) )
Fitness = 0.00196654736552
Avg Fitness = 0.00108374008126
Duplicated = 65
============================================================================
Evaluate Gen  98
New Population 711
Better than Dads 117
Best Ind: ( ( ( ( 1x - 1y ) * ( ( 1y * 1x ) * 2x ) ) * ( ( ( 86.0 - 1x ) * ( ( 100.0 - 1y ) * 2x ) ) * ( 1y * ( ( 1x * 1y ) * 1x ) ) ) ) * ( ( ( ( 1x * 1y ) * 1y ) * ( 1x * 1x ) ) * ( ( ( ( 1y * 1x ) * ( 1x * 1y ) ) * ( 1x * 1y ) ) * ( ( ( 2x * 1y ) * 3x ) * 1x ) ) ) )
Fitness = 4.83736056644e-06
Worst Ind: ( ( ( ( 1x * ( ( 1y * 1x ) * 1y ) ) * 1y ) * ( ( ( 1x * 1x ) * 2x ) * ( 1x * ( 1x * 1x ) ) ) ) * ( ( ( 2x * 1y ) + ( 1x * 1x ) ) - ( 1x * ( 1x * 2x ) ) ) )
Fitness = 0.00171039712193
Avg Fitness = 0.000900595043997
Duplicated = 70
============================================================================
Evaluate Gen  99
New Population 718
Better than Dads 114
Best Ind: ( ( ( ( 1x - 1y ) * ( ( 1y * 1x ) * 2x ) ) * ( ( ( 86.0 - 1x ) * ( ( 100.0 - 1y ) * 2x ) ) * ( 1y * ( ( 1x * 1y ) * 1x ) ) ) ) * ( ( ( ( 1x * 1y ) * 1y ) * ( 1x * 1x ) ) * ( ( ( ( 1y * 1x ) * ( 1x * 1y ) ) * ( 1x * 1y ) ) * ( ( ( 2x * 1y ) * 3x ) * 1x ) ) ) )
Fitness = 4.83736056644e-06
Worst Ind: ( ( ( ( ( 1x - 1y ) * 1x ) * ( ( 1y * 1x ) * ( 2x * 1y ) ) ) * ( ( 1y + 4x ) - 1x ) ) * ( ( ( ( 8x - 1x ) * ( ( 1y + 4x ) - 1y ) ) * ( 1y * ( 1x * 1y ) ) ) * ( 1x * 1y ) ) )
Fitness = 0.00129180308802
Avg Fitness = 0.000738069183342
Duplicated = 77
============================================================================
Evaluate Gen  100
New Population 707
Better than Dads 117
Best Ind: ( ( ( ( 1x - 1y ) * ( ( 1y * 1x ) * 2x ) ) * ( ( ( 86.0 - 1x ) * ( ( 100.0 - 1y ) * 2x ) ) * ( 1y * ( ( 1x * 1y ) * 1x ) ) ) ) * ( ( ( ( 1x * 1y ) * 1y ) * ( 1x * 1x ) ) * ( ( ( ( 1y * 1x ) * ( 1x * 1y ) ) * ( 1x * 1y ) ) * ( ( ( 2x * 1y ) * 3x ) * 1x ) ) ) )
Fitness = 4.83736056644e-06
Worst Ind: ( ( ( ( ( 1x * 1x ) * ( 1x * ( 1x * 1x ) ) ) * ( 1x * 1x ) ) * ( 2x * 1x ) ) * ( ( 7x - ( ( 1x * 1y ) * 1x ) ) * ( ( ( 2x * 1y ) * 3x ) * 1x ) ) )
Fitness = 0.00109993128632
Avg Fitness = 0.000644139902443
Duplicated = 82
