dataset_file= dataset/SR_div.txt
population= 300
generations= 100
tournament_size= 2
cross_over= 0.6
mutation= 0.3
elitism= True
(50, 2)
============================================================================
Build initial population
ind: 1
( ( 0.333333333333y * ( 0.166666666667x * ( 0.5y * ( 1.0x + ( 0.111111111111x * 0.125y ) ) ) ) ) * 0.5x )
ind: 2
( 0.142857142857x + ( 0.111111111111y + ( 0.25y + ( ( 0.166666666667x + 0.142857142857y ) + ( ( 0.25y * 0.125y ) * 0.2y ) ) ) ) )
ind: 3
( ( 1.0y + ( ( ( 0.2y + ( 0.333333333333y * 0.111111111111x ) ) * ( ( 1.0y + 0.166666666667y ) + ( 0.166666666667x * 0.1x ) ) ) + ( ( 1.0x * 0.142857142857y ) * 0.1y ) ) ) * 0.111111111111x )
ind: 4
( 0.142857142857y + 0.142857142857x )
ind: 5
( 0.142857142857y * ( ( ( 0.166666666667x + ( ( 0.142857142857x * 0.166666666667y ) + 1.0y ) ) + 0.1x ) + 0.2x ) )
ind: 6
( ( 0.2x + 0.1y ) + ( ( ( 0.111111111111y + 0.166666666667y ) + ( 0.5x * ( 0.166666666667x + 0.2y ) ) ) + 0.1y ) )
ind: 7
( 0.142857142857y + 1.0x )
ind: 8
( ( 0.125x + 0.25x ) * ( ( ( ( 0.125y * ( 0.111111111111x + 0.166666666667x ) ) + ( 1.0x * 0.1x ) ) + 0.142857142857y ) + ( ( 0.166666666667y + 0.125y ) * ( ( ( 0.125x * 0.2y ) + ( 1.0y * 0.5y ) ) + 0.1x ) ) ) )
ind: 9
( 0.5y * ( ( ( ( ( 1.0y * 1.0x ) * ( 0.5y * 0.25x ) ) * ( 0.25x + 0.142857142857x ) ) + ( 0.142857142857x + ( ( 1.0y * 0.5x ) * 0.111111111111y ) ) ) + 0.5y ) )
ind: 10
( 0.333333333333x + ( ( 0.2x + 0.5y ) + 0.2y ) )
ind: 11
( 1.0y + ( 0.166666666667y * ( 0.5x + ( 0.111111111111x + ( 0.5x + ( 0.142857142857x + 0.5x ) ) ) ) ) )
ind: 12
( ( 0.142857142857x + 0.2y ) * ( 0.125x * ( ( 1.0x * ( ( 0.25x + 0.111111111111x ) + 1.0x ) ) * 1.0y ) ) )
ind: 13
( 1.0x + 0.125y )
ind: 14
( ( ( 0.111111111111x * ( 0.1x * ( ( 0.25y * 0.166666666667y ) * ( 0.25x + 0.2y ) ) ) ) + 0.25y ) + ( ( 0.111111111111x * 0.2y ) * 0.1x ) )
ind: 15
( 0.1y + ( ( ( 0.333333333333x * ( 0.111111111111y * ( 0.333333333333x + 0.333333333333y ) ) ) + 0.111111111111x ) * ( ( 0.2x + 0.111111111111y ) + 0.166666666667y ) ) )
ind: 16
( 0.142857142857y * ( ( 0.125x + ( ( 1.0x * 0.142857142857y ) * ( ( 0.333333333333y + 1.0y ) * 0.2y ) ) ) + 0.1x ) )
ind: 17
( ( 1.0x + ( ( ( ( 0.2y + 1.0x ) + ( 0.1x * 0.2y ) ) * 0.111111111111x ) * ( 0.166666666667x * 1.0x ) ) ) + ( 0.2x + 0.5x ) )
ind: 18
( 1.0y * 0.111111111111x )
ind: 19
( ( ( ( 0.333333333333x * ( 0.142857142857x + 0.333333333333y ) ) + 0.333333333333x ) * 0.125x ) + 0.166666666667y )
ind: 20
( ( ( ( 0.125y + ( ( 1.0y * 0.1x ) * 0.166666666667y ) ) * ( 1.0y + ( 1.0y + ( 1.0y + 0.333333333333y ) ) ) ) + ( ( 0.111111111111x * 0.125y ) + ( ( 0.2y * 0.166666666667y ) + 0.111111111111x ) ) ) + ( ( 0.111111111111x + 0.111111111111y ) + 0.166666666667y ) )
ind: 21
( ( 0.2y * ( 0.25x * ( 0.142857142857x + ( ( 0.1x * 0.125y ) + ( 0.142857142857y + 0.1x ) ) ) ) ) + 0.333333333333x )
ind: 22
( ( ( 1.0x + ( ( 0.125x + ( 0.25x * 0.125x ) ) * ( 1.0y * ( 1.0y + 0.111111111111x ) ) ) ) * ( 0.2x * ( 0.142857142857x * 0.125y ) ) ) * 0.111111111111y )
ind: 23
( ( ( ( ( ( 0.142857142857y * 0.111111111111x ) * 0.166666666667y ) * 0.25x ) * ( 1.0x + 0.125x ) ) * ( ( ( 0.2y * 0.2y ) * ( 0.1x * ( 0.5x + 0.111111111111x ) ) ) + 0.166666666667y ) ) + ( ( 0.25x * 1.0y ) * ( 0.5y * ( ( 0.1y + ( 0.142857142857y * 0.1y ) ) * ( 1.0x * ( 0.333333333333y * 0.166666666667y ) ) ) ) ) )
ind: 24
( 0.2x * 0.2y )
ind: 25
( 0.25y + ( 0.125x + 0.111111111111y ) )
ind: 26
( ( 0.111111111111y * 0.5x ) * 0.125x )
ind: 27
( ( 0.333333333333y + ( 0.142857142857y + ( ( 0.111111111111x + ( 1.0y * 0.5x ) ) + ( ( 0.5x + 1.0y ) * 0.142857142857y ) ) ) ) * 0.1y )
ind: 28
( 1.0y + ( ( 0.5x * ( ( ( 0.142857142857y * 0.125y ) * ( 0.111111111111y + 0.111111111111x ) ) * ( 1.0x + 0.125x ) ) ) + 0.5y ) )
ind: 29
( 0.142857142857x * ( 0.166666666667x + 0.125y ) )
ind: 30
( 0.142857142857y * ( 0.333333333333y * 0.1x ) )
ind: 31
( 0.125x + ( ( ( ( ( 0.166666666667x * 0.166666666667y ) * ( 0.25x + 0.5x ) ) + ( 0.25x * 0.142857142857y ) ) + ( ( ( 0.25y + 0.1x ) + 0.166666666667y ) + ( 0.125y + ( 0.111111111111y + 0.2y ) ) ) ) * 0.142857142857y ) )
ind: 32
( ( 0.1y + ( 0.142857142857x + 0.111111111111x ) ) * 0.5x )
ind: 33
( ( 0.111111111111y + ( 1.0x * 0.5y ) ) * ( 0.1y * 0.333333333333x ) )
ind: 34
( 1.0x + ( ( 0.5x + 1.0y ) * 0.25x ) )
ind: 35
( 0.1y * ( 0.142857142857x + ( ( ( ( 0.142857142857x * 1.0y ) * 0.125x ) + ( 0.25x * ( 0.333333333333y + 0.142857142857x ) ) ) + ( ( ( 0.2x + 0.111111111111y ) * ( 1.0x + 0.333333333333y ) ) + 1.0y ) ) ) )
ind: 36
( ( 0.166666666667x + ( ( ( 0.111111111111y * ( 0.111111111111y + 0.125y ) ) + 0.5y ) + 0.333333333333x ) ) + ( 0.125y * 0.125x ) )
ind: 37
( ( ( 0.166666666667x + ( 0.142857142857x * ( 1.0x + 1.0y ) ) ) * ( ( 0.166666666667x + ( 0.125x + 0.5x ) ) * 0.333333333333y ) ) + ( ( ( ( ( 0.25y + 0.125y ) + 0.2x ) * 1.0x ) + ( 0.166666666667y * ( 0.333333333333x * 0.1y ) ) ) * 0.142857142857x ) )
ind: 38
( 0.25y + ( 0.333333333333y * ( 0.125y + 0.333333333333x ) ) )
ind: 39
( 0.2x * ( 0.5y + ( 0.166666666667x * ( 0.333333333333y + ( 0.2x + 0.2y ) ) ) ) )
ind: 40
( ( 0.1y * ( ( ( ( 0.125x * 0.1y ) + ( 0.125x * 0.333333333333x ) ) + 0.5x ) + 0.166666666667y ) ) + ( ( 0.111111111111x + ( ( ( 1.0x + 0.333333333333x ) * 0.1y ) + ( 0.5y + 0.333333333333x ) ) ) + 0.2x ) )
ind: 41
( ( ( 1.0y * ( 0.25y + ( 0.142857142857x * ( 0.25x + 0.5x ) ) ) ) + ( ( 0.2x + 0.5y ) + 1.0x ) ) + 0.333333333333y )
ind: 42
( ( ( ( 0.333333333333x * ( 0.111111111111y + ( 0.333333333333x + 0.125x ) ) ) + 1.0y ) * 0.125x ) * ( ( ( 0.1x * ( 0.2x * 0.2y ) ) + 0.125y ) * ( ( 0.125y + 0.5x ) * 1.0x ) ) )
ind: 43
( ( ( ( ( 0.166666666667y + 0.1y ) * 0.25y ) * ( ( 0.5x + ( 0.25x * 0.1x ) ) * 0.142857142857x ) ) * ( ( ( 0.5y * 1.0y ) + 0.333333333333y ) * ( ( 0.1y + 0.333333333333x ) + 1.0x ) ) ) + 0.5x )
ind: 44
( ( ( 0.25x + ( ( 1.0x * ( 1.0x + 0.111111111111y ) ) * ( 1.0y + 0.111111111111x ) ) ) + ( 1.0y * ( 0.166666666667y * 0.166666666667x ) ) ) * ( 0.25y + ( 0.5x + ( 0.166666666667x + ( ( 0.1x * 0.111111111111y ) * ( 0.333333333333y * 0.166666666667x ) ) ) ) ) )
ind: 45
( ( ( 0.166666666667y + 0.5y ) + 0.125x ) * ( ( ( ( ( 1.0x * 0.333333333333x ) + 0.2y ) + ( 0.5y * 0.25x ) ) + ( 0.111111111111y * 1.0y ) ) + 0.111111111111x ) )
ind: 46
( 1.0y + ( ( 0.166666666667y + 0.142857142857x ) * ( ( ( ( 1.0x + 0.142857142857y ) + 0.2y ) * 0.1y ) + 0.1x ) ) )
ind: 47
( ( 1.0x + ( 0.2x * ( ( ( 0.142857142857y + 0.25x ) * 0.166666666667x ) + ( ( 0.111111111111y + 0.111111111111y ) * ( 0.333333333333x * 0.111111111111x ) ) ) ) ) * 0.125x )
ind: 48
( 0.142857142857y + ( 0.166666666667y * ( ( ( ( 0.166666666667x + 0.142857142857y ) + ( 0.2x + 0.111111111111x ) ) * 0.25x ) * 0.142857142857y ) ) )
ind: 49
( 0.125x * ( 0.111111111111y + ( ( ( ( 0.111111111111x + 0.5x ) + 0.125x ) * ( ( 0.25y + 0.333333333333y ) * 0.5y ) ) + ( ( 0.1x + ( 0.333333333333y * 0.125y ) ) * ( 0.1y + ( 1.0y * 0.111111111111x ) ) ) ) ) )
ind: 50
( ( ( ( ( ( 0.2y * 0.5x ) * 0.111111111111y ) * ( 0.333333333333y + 1.0y ) ) * 0.25y ) * 0.333333333333y ) + ( 0.166666666667x * 0.333333333333y ) )
ind: 51
( 0.142857142857x + 0.1y )
ind: 52
( ( ( 0.1x + 0.25y ) + 0.2x ) + 0.111111111111y )
ind: 53
( ( ( 0.125x + ( ( 0.2y * ( 1.0y * 1.0y ) ) * ( 0.25x + ( 0.111111111111x + 0.25y ) ) ) ) + 0.25y ) * 1.0y )
ind: 54
( ( ( 1.0y * 0.125y ) + ( 1.0y + 0.1y ) ) + 0.333333333333x )
ind: 55
( 0.1x * ( 0.333333333333x + 0.2y ) )
ind: 56
( 0.142857142857y * ( 0.333333333333x + ( ( ( ( 0.25y * 0.125x ) * ( 0.5x * 0.142857142857x ) ) * 0.166666666667x ) + 0.142857142857x ) ) )
ind: 57
( ( ( 1.0y * 1.0x ) + ( 0.1x + ( ( 0.333333333333y * 0.142857142857y ) + ( 0.166666666667y * ( 0.25y * 0.1x ) ) ) ) ) * 0.1y )
ind: 58
( 0.111111111111y * ( ( 0.333333333333x * 0.111111111111x ) + ( 0.125x + ( ( 0.5y * 0.333333333333x ) * ( ( 0.1x * 0.2x ) + ( 0.333333333333x + 0.5x ) ) ) ) ) )
ind: 59
( 0.333333333333y * 1.0x )
ind: 60
( ( ( ( 0.333333333333x + 0.166666666667x ) * 0.333333333333x ) * ( ( 0.125x + 0.333333333333x ) + ( 0.111111111111x * 1.0y ) ) ) * ( 0.166666666667y + 0.125x ) )
ind: 61
( ( 0.142857142857y * 0.125y ) + ( ( ( 0.333333333333x * ( 0.333333333333y + 0.125y ) ) + 0.166666666667y ) * 0.142857142857y ) )
ind: 62
( ( 0.125y + 0.142857142857x ) + ( ( 0.333333333333y * 0.2y ) * ( 0.5x * 0.111111111111x ) ) )
ind: 63
( 0.333333333333x * ( ( 0.166666666667y + ( ( 0.2y + ( 0.333333333333x + 0.142857142857x ) ) * ( ( 0.142857142857y + 0.5x ) + 0.25x ) ) ) + ( 0.1x * 0.5x ) ) )
ind: 64
( 0.125x * 0.1y )
ind: 65
( ( 0.333333333333x + 0.2y ) + ( 0.166666666667y + ( 0.25y + 0.125x ) ) )
ind: 66
( ( 0.125y + ( ( 0.5y + 0.333333333333y ) + ( 0.166666666667y * ( 0.125x + 0.142857142857y ) ) ) ) + 0.166666666667y )
ind: 67
( 0.2x * ( ( 0.2x * ( 1.0x + 0.125y ) ) + 0.5x ) )
ind: 68
( ( 0.333333333333y * ( 0.2y + ( ( 0.333333333333y + 0.333333333333x ) + ( 0.111111111111y * 0.2y ) ) ) ) + 1.0y )
ind: 69
( 0.1y + 0.25x )
ind: 70
( 0.5x * ( ( ( 0.2x * ( ( 0.166666666667x + 0.1y ) * ( 0.1y + 0.125y ) ) ) + 0.166666666667x ) + 0.333333333333x ) )
ind: 71
( ( 0.25y + 0.142857142857x ) * ( 0.333333333333x + ( ( 0.5y * ( ( 0.166666666667y + 0.2y ) * 0.142857142857y ) ) * 1.0y ) ) )
ind: 72
( ( ( ( 0.111111111111y + 0.166666666667x ) + 0.1x ) * ( 0.1y * 0.25y ) ) * 0.5y )
ind: 73
( 0.2y * ( 0.2y + 1.0x ) )
ind: 74
( ( ( 0.2y + 0.111111111111x ) + ( 0.166666666667x * ( ( ( 0.142857142857x * 0.1y ) * 0.25y ) + 0.5y ) ) ) + 1.0y )
ind: 75
( 0.1y + ( 0.5x + ( 1.0x * 0.166666666667x ) ) )
ind: 76
( ( 0.142857142857x * 1.0y ) + ( 0.2x + 0.333333333333x ) )
ind: 77
( ( ( 0.111111111111x * ( 1.0y + ( ( 0.1y * 0.142857142857y ) + 0.2y ) ) ) + 0.25x ) * ( 1.0y * 0.333333333333y ) )
ind: 78
( 0.1y + 0.1x )
ind: 79
( ( ( ( ( ( 0.166666666667x + 0.5x ) * ( 0.333333333333y + 0.111111111111y ) ) + 1.0y ) * ( 0.333333333333x + 0.2y ) ) * ( ( 0.2x * 0.333333333333y ) * 0.333333333333x ) ) + 0.2y )
ind: 80
( 0.125x * ( ( 0.5x + ( ( 0.166666666667x * ( 0.5y + 0.25x ) ) * 0.166666666667x ) ) + ( 0.166666666667x * ( ( 0.111111111111x + 0.111111111111x ) * 1.0x ) ) ) )
ind: 81
( ( 0.142857142857y * ( ( ( 0.2x * 0.25x ) + ( 0.142857142857y + ( 0.1x + 0.333333333333y ) ) ) * 0.2x ) ) * ( ( 0.125x + 0.333333333333y ) * ( 1.0y + ( ( 1.0y * ( 0.1x * 0.111111111111y ) ) + ( 0.333333333333y * ( 0.25y * 0.111111111111y ) ) ) ) ) )
ind: 82
( ( 0.166666666667y + ( 0.5y * 0.25x ) ) + ( 0.125x + ( ( 0.2y * ( 0.111111111111x + 0.166666666667x ) ) * 0.333333333333x ) ) )
ind: 83
( 0.2x * 0.125y )
ind: 84
( ( ( 0.5x + ( ( 0.1x + 0.111111111111y ) + 0.111111111111x ) ) * ( ( ( ( 1.0y + 1.0y ) + ( 0.5y * 0.5y ) ) + 0.111111111111x ) * ( 0.333333333333x * ( ( 0.5y * 0.142857142857x ) * ( 0.166666666667y + 1.0y ) ) ) ) ) + 0.25x )
ind: 85
( ( 0.166666666667x * 0.2y ) * 0.2y )
ind: 86
( 0.166666666667x + ( ( 1.0y + 0.5x ) + ( 0.125x + 0.5y ) ) )
ind: 87
( 0.125x * 0.142857142857y )
ind: 88
( 0.125y * 0.111111111111x )
ind: 89
( 0.25y + ( ( 0.166666666667y * ( 0.1y * 0.1x ) ) + 0.25y ) )
ind: 90
( ( ( 0.125x * 0.5y ) + ( ( ( ( 0.25y * 0.111111111111x ) * ( 1.0x + 0.111111111111y ) ) * 0.111111111111x ) * 0.166666666667x ) ) * ( ( 0.1y * 0.25y ) + ( ( 0.1x * ( ( 0.1x * 0.333333333333x ) + ( 0.2y + 0.25x ) ) ) * 0.166666666667y ) ) )
ind: 91
( 0.2x + ( ( 0.111111111111y + ( ( ( 1.0x + 0.333333333333x ) * ( 0.25x * 0.2x ) ) + 0.5x ) ) + 0.2x ) )
ind: 92
( 0.142857142857y + ( 0.25x * 0.1x ) )
ind: 93
( ( ( 0.2y * ( 0.125x * 0.2y ) ) * ( 1.0y * 0.125x ) ) + 0.2x )
ind: 94
( ( ( 0.333333333333y + ( 0.1y * 1.0x ) ) * 0.125y ) * ( ( 0.1x * 0.333333333333y ) * 0.25x ) )
ind: 95
( ( 0.166666666667x * 0.142857142857y ) * ( ( ( ( ( 0.125x * 0.111111111111y ) + 1.0y ) + ( ( 0.5x + 0.125y ) * ( 0.142857142857x * 0.111111111111y ) ) ) * 0.142857142857y ) * 0.125x ) )
ind: 96
( ( 0.111111111111x + ( 0.111111111111x * ( 0.1y + ( 0.333333333333x + 1.0y ) ) ) ) + 0.5y )
ind: 97
( ( ( ( 0.142857142857y * ( ( 0.2y * 0.166666666667y ) + ( 0.1y + 0.1x ) ) ) * 0.333333333333y ) * ( ( ( 0.2x * 0.1y ) * 0.166666666667y ) + ( 0.166666666667y + 0.142857142857x ) ) ) + ( 0.166666666667y * ( 0.333333333333x + ( ( ( 0.1x + 0.25y ) + 0.333333333333y ) * ( 0.2x + ( 0.111111111111x * 0.333333333333x ) ) ) ) ) )
ind: 98
( ( ( 0.111111111111x * 0.5y ) + ( ( ( ( 0.333333333333x + 0.1x ) + 0.142857142857x ) * ( ( 0.1y * 0.125y ) + ( 1.0y + 0.2y ) ) ) * 0.142857142857x ) ) + 0.5y )
ind: 99
( ( 0.2x * 0.333333333333y ) + 0.2x )
ind: 100
( 0.5x * ( 1.0y + 0.25x ) )
ind: 101
( 0.333333333333x * 1.0y )
ind: 102
( 0.5y + ( 0.5x * 0.2y ) )
ind: 103
( ( 1.0x * ( 0.333333333333x + 0.111111111111y ) ) * ( 0.333333333333x + ( ( 0.125y * ( 0.142857142857x * 0.125x ) ) + 0.25y ) ) )
ind: 104
( ( 0.25y + ( 0.333333333333x * 0.166666666667x ) ) + ( ( ( 0.142857142857x + ( ( 1.0y + 0.125x ) * ( 0.2y * 0.125y ) ) ) * 0.1x ) * ( 0.125y + ( 0.25x * ( 0.333333333333x * ( 0.5x * 0.25y ) ) ) ) ) )
ind: 105
( 0.5y + ( ( 0.125x * ( 0.5x * ( ( 0.111111111111y * 0.125x ) * ( 0.25y + 0.142857142857x ) ) ) ) * ( ( 1.0y + ( ( 0.1x * 1.0x ) + ( 0.25x + 0.5x ) ) ) * 0.125x ) ) )
ind: 106
( ( 0.111111111111x * ( 0.5x + 0.111111111111y ) ) + ( 0.111111111111y + 1.0y ) )
ind: 107
( ( 0.166666666667y + ( ( ( ( 0.166666666667y * 1.0y ) * ( 0.166666666667x + 1.0y ) ) * ( ( 0.5x * 0.5x ) * 0.111111111111y ) ) + 0.5x ) ) + 0.5y )
ind: 108
( ( 0.142857142857y + 0.1y ) * 0.2x )
ind: 109
( ( ( ( 0.1y * ( 0.333333333333x + 1.0y ) ) + 0.142857142857x ) + 0.125y ) * ( 0.142857142857y * ( ( 0.166666666667x + 0.5y ) + ( 0.5y + ( ( 0.111111111111x + 0.125y ) * ( 1.0x * 0.25y ) ) ) ) ) )
ind: 110
( ( ( 0.142857142857y * ( 0.125y * ( ( 0.111111111111x + 0.2x ) + ( 0.166666666667y + 1.0x ) ) ) ) * ( 1.0y + 0.166666666667y ) ) * ( 0.111111111111x * 0.2y ) )
ind: 111
( ( 0.166666666667y * ( 0.25y + 0.25x ) ) + ( 0.166666666667x * 1.0y ) )
ind: 112
( 0.1y * ( ( ( ( 0.166666666667x * ( 0.142857142857x * 0.2y ) ) + 0.1y ) * ( ( ( 0.5y + 1.0x ) * ( 0.125y + 0.5x ) ) * ( ( 0.111111111111x + 0.166666666667y ) * ( 0.166666666667x * 0.25y ) ) ) ) * 0.166666666667y ) )
ind: 113
( ( 0.166666666667x + ( ( ( 0.333333333333x * 0.1y ) + ( ( 0.5x * 0.125y ) * ( 0.2y * 0.2x ) ) ) * 1.0x ) ) + 0.142857142857y )
ind: 114
( 0.2y * 0.166666666667x )
ind: 115
( ( 0.125y + ( ( ( 1.0y + 0.111111111111y ) * 0.142857142857x ) + ( ( 0.142857142857y * 0.2x ) * 0.142857142857y ) ) ) * ( ( ( ( 0.111111111111y * 0.25x ) + ( 0.166666666667y * 0.333333333333x ) ) + 0.142857142857y ) * ( ( ( 0.142857142857y + ( 0.125x + 0.1y ) ) + ( 0.142857142857x + ( 0.142857142857y * 0.1y ) ) ) + ( 1.0x * ( ( 0.1y * 1.0x ) * 0.125x ) ) ) ) )
ind: 116
( ( 0.1x + ( ( ( 0.25y * 0.111111111111x ) + 0.125x ) * 0.2y ) ) * ( ( ( 0.166666666667x + 0.111111111111y ) + ( 0.333333333333y + 0.1y ) ) + ( 0.25y * ( ( ( 0.2x + 0.1y ) + ( 0.333333333333y * 1.0x ) ) + 1.0y ) ) ) )
ind: 117
( 1.0y * ( 0.166666666667y * ( ( 0.1x + 1.0x ) * ( 0.25x + 0.333333333333x ) ) ) )
ind: 118
( ( 0.333333333333y + 0.2x ) + 0.111111111111x )
ind: 119
( ( ( 0.166666666667x + 0.25x ) + ( ( 0.333333333333x + 0.5y ) * ( 0.125x * 1.0y ) ) ) + 0.333333333333y )
ind: 120
( 0.333333333333x * 1.0y )
ind: 121
( ( 0.333333333333x + 0.166666666667y ) + 0.111111111111y )
ind: 122
( ( 0.1y * ( ( 0.2x + ( ( 0.1x * 0.111111111111x ) + 0.5x ) ) * ( ( 0.111111111111x * ( 0.111111111111y + 0.125y ) ) * 0.125y ) ) ) * ( 0.142857142857x + 0.166666666667y ) )
ind: 123
( 0.25y + 0.5x )
ind: 124
( 0.111111111111y + ( ( 0.5y * ( 0.111111111111y * 0.111111111111x ) ) * ( 0.166666666667y + 0.25x ) ) )
ind: 125
( ( ( 0.111111111111y + 0.125y ) * 0.25y ) * ( ( 0.25y * 0.5x ) * ( ( 0.1x + ( 0.125x + 0.5x ) ) + ( 0.125y * 0.111111111111x ) ) ) )
ind: 126
( ( ( 0.125x * ( ( 0.333333333333x + 0.111111111111x ) * 0.5y ) ) * 0.125y ) + 1.0y )
ind: 127
( ( 0.125x + 0.166666666667y ) + ( ( 0.125x + 1.0y ) + ( ( ( 0.1y + ( 0.2x * 0.1y ) ) * 0.125y ) + 0.111111111111x ) ) )
ind: 128
( ( ( 0.25y * ( ( 0.2y * 0.5x ) + ( 0.25y * 0.5y ) ) ) * 0.125x ) * 1.0y )
ind: 129
( 0.142857142857y + 0.166666666667x )
ind: 130
( 0.166666666667x * ( ( 0.111111111111y + 0.5y ) * 0.5x ) )
ind: 131
( ( ( 0.125y + ( ( 0.125y + ( 0.166666666667x * 0.2x ) ) * 0.125y ) ) + ( ( 1.0y + ( 1.0y + 0.125x ) ) + ( 0.25y + ( ( 0.166666666667y * 0.111111111111x ) + 0.25y ) ) ) ) + ( ( ( ( ( 0.142857142857x * 0.166666666667y ) * ( 1.0x * 0.125x ) ) * ( ( 0.2y + 1.0y ) + ( 0.142857142857x * 0.25y ) ) ) * ( 0.333333333333x + ( 0.1x + ( 1.0y * 0.125y ) ) ) ) + ( ( 0.111111111111x + 0.333333333333x ) + 0.333333333333y ) ) )
ind: 132
( 0.1x + ( 1.0y * ( 0.25x * ( ( ( 1.0x + 1.0x ) + 0.125x ) + 1.0y ) ) ) )
ind: 133
( ( ( 0.111111111111y * 0.1x ) + ( ( ( ( 0.111111111111x + 0.25y ) + ( 0.142857142857x + 0.125y ) ) + 0.25x ) * 0.2x ) ) * ( ( ( 0.25x * 0.125x ) * ( 0.111111111111y + 0.5y ) ) * ( ( 0.166666666667y * ( 0.111111111111x * 0.333333333333y ) ) * ( ( 0.333333333333y * ( 1.0y + 1.0x ) ) + ( ( 0.125x + 0.111111111111x ) * 0.5y ) ) ) ) )
ind: 134
( 0.333333333333y + 0.166666666667x )
ind: 135
( ( 0.25x * ( ( ( ( 0.333333333333y + 0.2y ) * 0.5x ) * 0.111111111111y ) * 0.25x ) ) + 0.111111111111x )
ind: 136
( ( 0.111111111111x * 0.5x ) * 0.25y )
ind: 137
( ( 0.142857142857x * 0.5y ) * ( ( ( 0.25y * 0.1y ) + 0.166666666667y ) * ( 0.166666666667y + ( 0.1x + 0.111111111111x ) ) ) )
ind: 138
( 0.333333333333x * ( ( 0.333333333333y * ( 0.111111111111x + 0.25x ) ) + ( 0.125x * 0.5y ) ) )
ind: 139
( 0.125y * ( 0.125x * ( 1.0x * 0.333333333333y ) ) )
ind: 140
( 0.25y + ( ( 0.166666666667x * 0.111111111111x ) * ( 0.5x * 0.1x ) ) )
ind: 141
( ( ( 1.0x * ( 0.111111111111x * 0.166666666667y ) ) * ( 0.125x + ( ( 0.111111111111y * ( 0.1x * 0.1x ) ) + ( 0.2x * ( 0.333333333333x * 0.2x ) ) ) ) ) + ( 0.1x + 0.111111111111y ) )
ind: 142
( 0.111111111111y + ( 0.166666666667x + 0.5y ) )
ind: 143
( ( 0.25y + ( ( 0.5x * ( ( 0.166666666667x + 0.142857142857y ) * 1.0x ) ) + ( ( ( 0.333333333333y + 0.333333333333x ) + ( 0.5x + 0.1y ) ) + ( ( 0.1x + 1.0y ) * ( 0.333333333333x + 0.111111111111y ) ) ) ) ) + ( ( 0.2x * ( ( ( 0.166666666667x + 0.111111111111y ) * 0.166666666667x ) * ( ( 0.333333333333y * 0.125x ) + 0.333333333333y ) ) ) * ( ( ( 0.333333333333x * 0.166666666667x ) * ( 0.2y + ( 0.111111111111y + 0.333333333333x ) ) ) * 0.111111111111y ) ) )
ind: 144
( 0.125x * 0.166666666667y )
ind: 145
( ( 0.2x * ( 0.25x * 0.166666666667x ) ) * ( ( 0.2x + 0.5y ) * ( ( ( ( 0.25y + 0.333333333333y ) + ( 0.1y * 0.333333333333y ) ) * ( 0.2y + 0.2x ) ) + 0.333333333333y ) ) )
ind: 146
( ( 0.142857142857y * ( ( ( ( 0.166666666667x * 1.0x ) * 0.2x ) * 0.125x ) + ( ( ( 0.333333333333y + 0.166666666667x ) + 0.111111111111y ) + 0.111111111111y ) ) ) + ( 0.333333333333x * ( ( 0.1y + ( ( 0.25y * 0.5y ) * ( 0.166666666667y * 0.166666666667x ) ) ) + ( ( 0.25x + 0.5x ) + 0.125y ) ) ) )
ind: 147
( ( 0.25x * 0.2x ) + ( 0.2x * ( ( ( ( 1.0y * 0.125y ) + 1.0y ) + 0.5x ) * 0.25x ) ) )
ind: 148
( ( 0.25y + ( ( 1.0x * ( ( 0.5y * 1.0y ) + ( 1.0x * 0.1y ) ) ) + 0.1x ) ) + ( 0.125y + 0.2x ) )
ind: 149
( 0.2x + ( 0.1x + ( 0.25y + ( ( 1.0y + ( 0.333333333333y * 0.1x ) ) * ( ( 0.1y * 1.0y ) + 0.142857142857y ) ) ) ) )
ind: 150
( 0.2y + 0.111111111111x )
ind: 151
( ( 0.25x + ( ( 0.5y * ( 1.0y + ( 0.1y * 0.1y ) ) ) * ( 0.142857142857x * 1.0y ) ) ) + ( ( ( 0.5y * 0.5x ) + 0.5x ) * ( 0.111111111111y + 0.166666666667x ) ) )
ind: 152
( 0.111111111111x * ( ( 0.142857142857x * 0.1y ) + ( 0.166666666667x + 0.166666666667y ) ) )
ind: 153
( ( 0.25x + 0.2y ) * ( ( 0.125y * 0.142857142857x ) + ( 0.25y * ( ( 0.2x * 0.111111111111x ) + 1.0x ) ) ) )
ind: 154
( 0.125x + 0.166666666667y )
ind: 155
( ( 0.2y + ( ( 0.166666666667x * ( 0.5y * ( 1.0x + 0.111111111111x ) ) ) * 0.25y ) ) + 1.0x )
ind: 156
( ( 1.0x + 0.142857142857y ) + 0.2x )
ind: 157
( ( ( ( ( 0.2x + 0.111111111111x ) + 0.166666666667x ) * 1.0y ) + 0.2y ) + 0.111111111111y )
ind: 158
( 0.333333333333x + ( 0.166666666667y + 1.0x ) )
ind: 159
( 0.111111111111x + 0.2y )
ind: 160
( 0.166666666667x * ( ( 0.5x * 0.1x ) * 0.125y ) )
ind: 161
( 0.142857142857x + ( 0.111111111111y + ( ( ( 0.5y + ( 0.5x * 0.333333333333y ) ) + ( 0.333333333333x + 1.0x ) ) * 0.111111111111y ) ) )
ind: 162
( ( ( 0.1y + 0.25x ) * 0.5x ) + ( ( 0.5x * 0.125y ) * ( ( ( ( 0.5y * 0.1x ) * ( 0.142857142857y + 0.142857142857y ) ) + 0.142857142857x ) * ( ( 0.25y + 0.111111111111x ) * ( ( 0.333333333333y * 0.111111111111x ) + ( 0.125y * 1.0y ) ) ) ) ) )
ind: 163
( 0.125y + ( ( ( 0.142857142857y + 1.0y ) + ( ( ( 0.2x + 0.5y ) + 0.142857142857y ) + 0.25y ) ) + 0.25y ) )
ind: 164
( 0.142857142857y * 0.2x )
ind: 165
( ( 0.111111111111x + ( 0.333333333333y + ( ( ( 0.1x + 0.333333333333y ) + 0.2x ) * 0.1y ) ) ) * 0.166666666667y )
ind: 166
( ( ( 0.25x + ( 0.5x * 0.5y ) ) * 1.0x ) * 0.2x )
ind: 167
( 0.333333333333y + 0.166666666667x )
ind: 168
( ( ( 0.5x + ( ( 0.333333333333y * ( 0.1y + 0.1x ) ) + 0.333333333333y ) ) + ( 0.5x * 0.111111111111x ) ) * 0.25x )
ind: 169
( 0.142857142857x + ( 0.25y * 0.25y ) )
ind: 170
( 0.111111111111y * ( ( 0.333333333333x * 0.1y ) + 0.125y ) )
ind: 171
( ( 1.0x + 0.166666666667x ) * ( ( 0.142857142857y * 0.125y ) * 0.111111111111y ) )
ind: 172
( 1.0y + ( 0.333333333333x + ( 0.2y + 0.125x ) ) )
ind: 173
( 0.1y + ( ( ( 1.0x * 0.25x ) + ( 0.166666666667y + ( ( 0.166666666667y + 0.111111111111x ) + 0.111111111111y ) ) ) * 0.111111111111y ) )
ind: 174
( 0.2x * ( ( ( ( 0.125y * 0.1y ) + 0.142857142857x ) + ( ( 0.2y + 0.166666666667y ) + ( 0.125x + ( 0.25y * 0.25x ) ) ) ) + ( ( 0.5x * ( ( 0.25x * 0.333333333333y ) * ( 0.111111111111y + 0.142857142857y ) ) ) * 0.333333333333x ) ) )
ind: 175
( 0.111111111111x * 0.111111111111y )
ind: 176
( ( ( ( 0.111111111111x + 1.0y ) * 0.333333333333y ) * ( 0.166666666667x * ( ( ( 0.1x + 0.142857142857x ) + ( 0.333333333333y * 0.125x ) ) * ( 0.2x + 0.111111111111x ) ) ) ) * 0.333333333333x )
ind: 177
( ( 0.25y + ( 0.5y + ( 0.125x * 0.125x ) ) ) * ( 0.125x + 0.25y ) )
ind: 178
( ( ( ( ( ( 0.333333333333x + 0.333333333333x ) + ( 0.5x * 1.0x ) ) + 0.125y ) + 0.142857142857y ) + 0.142857142857y ) + 0.1y )
ind: 179
( 0.125y * ( 1.0y + ( ( ( 0.125y * ( 0.125y + 1.0x ) ) * ( 0.111111111111x + 1.0x ) ) + 0.166666666667x ) ) )
ind: 180
( ( 0.142857142857y * 0.125y ) * ( ( 0.333333333333x + ( 0.2y + 0.2y ) ) * 0.2x ) )
ind: 181
( 0.142857142857y + ( ( ( ( 0.25x + ( 0.111111111111y * 1.0x ) ) * 0.166666666667x ) * 0.1y ) + ( ( 0.333333333333y + ( 1.0y * 1.0x ) ) + ( ( ( 0.142857142857x + 1.0x ) * 1.0x ) + 0.1x ) ) ) )
ind: 182
( ( ( 0.5x + ( ( ( 0.125y * 0.25y ) + ( 0.111111111111x * 0.1x ) ) * 0.166666666667y ) ) * ( ( ( 0.333333333333x + ( 0.2y * 0.5x ) ) * ( 0.2y * ( 0.111111111111y + 0.125y ) ) ) + ( ( 0.142857142857y + 0.166666666667x ) * 0.5y ) ) ) * 1.0x )
ind: 183
( ( ( 0.111111111111x * ( 0.111111111111x + 0.142857142857y ) ) + ( 0.111111111111x * 0.2x ) ) + 1.0y )
ind: 184
( ( ( 1.0y * ( 0.5y * 0.2y ) ) * ( ( 0.111111111111y * ( 0.142857142857x + ( 0.1x * 0.125x ) ) ) + ( 0.5x * 0.5y ) ) ) * 0.142857142857y )
ind: 185
( 0.25y + ( ( 0.166666666667x + ( ( ( 0.25x + 0.142857142857x ) * ( 0.2x * 0.5y ) ) + ( 0.25x * ( 1.0x * 0.333333333333y ) ) ) ) + ( ( ( ( 0.142857142857x * 1.0x ) * 0.125x ) + 0.5x ) + 0.125y ) ) )
ind: 186
( 0.2y * 0.1x )
ind: 187
( 0.333333333333x + ( ( 0.142857142857y * 0.1x ) * ( 0.333333333333x + 0.2x ) ) )
ind: 188
( 0.333333333333x + ( ( ( 0.25y + 0.5x ) * 0.166666666667y ) + 0.125x ) )
ind: 189
( ( ( ( 0.1x + 0.111111111111y ) + 0.25x ) + ( 0.166666666667x + 0.333333333333y ) ) * 0.125y )
ind: 190
( 1.0y * 0.25x )
ind: 191
( ( ( ( ( 0.125y + ( 0.2y * 1.0y ) ) + 0.25x ) + 1.0y ) * ( ( ( 1.0x * ( 0.25x * 0.2y ) ) * 0.166666666667y ) * ( ( ( 0.125y * 0.25x ) * 0.25x ) + 0.111111111111x ) ) ) + ( ( ( 0.1y * ( 0.1x * 0.2y ) ) * ( ( 0.2y + ( 1.0x + 0.142857142857x ) ) * ( 0.2x + 0.111111111111y ) ) ) + 1.0x ) )
ind: 192
( 0.25x + 0.333333333333y )
ind: 193
( 0.2y + 0.166666666667x )
ind: 194
( 0.166666666667x * 1.0y )
ind: 195
( 0.111111111111y + ( 0.166666666667x * 0.125x ) )
ind: 196
( 0.25y * ( ( ( ( 0.125y * 0.1x ) + ( 0.166666666667y + 0.125y ) ) + ( ( 0.142857142857y * 0.25x ) + 0.1y ) ) * ( ( 0.333333333333y + ( ( 0.333333333333y * 0.142857142857x ) * 0.111111111111x ) ) * 0.125y ) ) )
ind: 197
( ( ( 0.2x * 0.125x ) * ( 0.25y * ( 0.1x + 0.1x ) ) ) + 1.0x )
ind: 198
( ( ( 0.125y * ( 0.1x * 0.1x ) ) * ( 0.5x * ( 0.142857142857x + ( ( 0.142857142857y * 0.125y ) * 0.333333333333x ) ) ) ) + ( ( 0.142857142857x * 0.166666666667y ) + ( ( 0.25y + ( ( 0.142857142857x * 0.125x ) * 0.125x ) ) + 1.0x ) ) )
ind: 199
( 0.125x * ( ( ( ( 0.333333333333y * 0.333333333333x ) + 0.25y ) + ( ( 0.111111111111y * 0.1x ) * 1.0y ) ) + 0.25x ) )
ind: 200
( 0.1y + 0.333333333333x )
ind: 201
( ( 0.142857142857x + ( ( 0.2x + 0.166666666667x ) * ( ( ( 0.166666666667x * 0.1x ) * 0.1x ) + ( ( 1.0y * 0.25y ) + 0.333333333333y ) ) ) ) + ( ( 0.2x + ( ( 0.142857142857y + ( 0.166666666667x + 0.2x ) ) + ( 0.2y + 0.125y ) ) ) * ( 0.125y * 0.333333333333y ) ) )
ind: 202
( ( 0.25x + 0.333333333333y ) * 0.333333333333x )
ind: 203
( 1.0x * ( 0.25y * 0.25x ) )
ind: 204
( ( 0.166666666667x + 0.1y ) * 0.1x )
ind: 205
( ( 0.142857142857x + 0.125x ) * ( ( 0.2x * ( ( 0.333333333333y + ( 0.166666666667x * 0.333333333333y ) ) + ( 0.142857142857x + ( 0.142857142857y + 0.2y ) ) ) ) * ( ( ( 0.2x * ( 0.111111111111y + 0.333333333333x ) ) + ( 0.2y * ( 0.125x + 0.2x ) ) ) * 0.5y ) ) )
ind: 206
( ( 0.5y * 0.111111111111x ) + 0.2x )
ind: 207
( 0.5x * ( 1.0y * ( 0.333333333333x * 0.125y ) ) )
ind: 208
( ( ( 1.0x + 0.2y ) * ( ( ( ( 0.111111111111y * 0.25y ) * ( 0.333333333333x * 0.333333333333x ) ) + ( 0.166666666667x + ( 0.25y * 0.5x ) ) ) + 0.166666666667y ) ) + ( ( 1.0x * 0.125y ) * ( 0.111111111111x + 0.25x ) ) )
ind: 209
( ( ( ( 0.2x + 0.142857142857x ) + ( ( 0.111111111111y + 0.125y ) + 0.142857142857x ) ) * 0.111111111111x ) * ( ( 0.166666666667x + ( 0.25y * ( ( 0.333333333333x * 0.5x ) * 0.125x ) ) ) + ( ( 0.142857142857x + ( 0.2y + 0.5y ) ) + 1.0x ) ) )
ind: 210
( ( 0.166666666667y * 0.125y ) * 0.25x )
ind: 211
( 0.125x + ( 0.166666666667y + ( 0.142857142857x * 0.166666666667y ) ) )
ind: 212
( ( 0.166666666667x * ( 0.2x + ( ( ( 0.111111111111x * 0.111111111111y ) * 0.142857142857y ) * 0.142857142857x ) ) ) * ( 1.0x + ( 0.166666666667y * 0.2x ) ) )
ind: 213
( 0.2x + 0.125y )
ind: 214
( 0.125y * ( ( 0.166666666667y * ( ( 0.2x + ( 0.5x + 1.0x ) ) * ( ( 0.142857142857y + 0.1y ) + 1.0x ) ) ) + 0.142857142857y ) )
ind: 215
( ( ( ( 0.333333333333x + 0.25y ) * 0.1x ) * 0.1x ) + 0.5x )
ind: 216
( ( ( ( ( 0.2y * ( 0.142857142857y * 0.5y ) ) + 0.111111111111y ) * 0.25y ) + ( ( 0.166666666667y * 0.1y ) + ( ( 0.166666666667y * ( 0.1x + 0.111111111111x ) ) * 0.142857142857y ) ) ) * ( ( 1.0x * 0.25x ) + 0.111111111111x ) )
ind: 217
( 0.25x + ( ( ( 0.25x + 0.333333333333x ) * ( 0.2x + ( ( 1.0y * 0.111111111111y ) + 0.2x ) ) ) + ( ( ( 0.1x + 0.25x ) * ( 0.166666666667x * ( 0.5x * 0.142857142857y ) ) ) + ( 0.25y * 0.2x ) ) ) )
ind: 218
( 1.0y * ( 0.142857142857y + ( ( ( ( 1.0y + 0.142857142857x ) * ( 0.2x + 0.5x ) ) * ( 0.142857142857y * 0.333333333333x ) ) + ( ( ( 0.333333333333y * 0.125x ) * ( 0.25x + 0.166666666667y ) ) + ( ( 0.5y + 0.2y ) * ( 0.333333333333y * 1.0x ) ) ) ) ) )
ind: 219
( ( ( 0.1y * ( 0.25x * 0.1y ) ) * ( ( ( ( 0.142857142857y + 0.166666666667y ) * 0.2y ) * ( ( 1.0x + 0.1x ) + 0.333333333333x ) ) + 1.0y ) ) + ( ( ( 0.125x + 0.25y ) * 0.111111111111y ) + ( 1.0x * ( ( ( 0.333333333333y + 0.5y ) + 0.333333333333y ) + ( ( 1.0y * 0.2y ) + 0.125y ) ) ) ) )
ind: 220
( ( 0.25y + 0.25x ) * ( 0.2x * 0.1x ) )
ind: 221
( ( 0.142857142857x + 0.1x ) + ( 0.111111111111x + 0.142857142857y ) )
ind: 222
( ( 1.0x + ( ( ( 0.333333333333y * 0.125x ) + 0.125y ) * 0.125x ) ) + 0.166666666667y )
ind: 223
( 0.111111111111x + 0.111111111111y )
ind: 224
( 0.25y * ( 0.1x * ( 0.125x * ( 0.1y + 0.1y ) ) ) )
ind: 225
( 0.5x + ( ( 0.166666666667x * ( 0.25y + ( ( 0.25x * 0.125y ) * 0.111111111111y ) ) ) * 0.142857142857x ) )
ind: 226
( ( ( 1.0x + ( 0.111111111111x + 0.125y ) ) * 0.333333333333x ) + 0.25x )
ind: 227
( ( ( ( 0.1x * 0.166666666667x ) * 0.2x ) * ( ( 0.1x * ( ( 0.2x + 1.0y ) + ( 0.166666666667y + 0.111111111111x ) ) ) + 0.25y ) ) + ( ( ( ( 0.1y + 0.1x ) + ( ( 0.333333333333x + 0.166666666667y ) * 0.333333333333x ) ) * ( ( ( 0.125x * 0.333333333333y ) * 0.166666666667y ) * 0.142857142857y ) ) + ( 0.125y + ( 0.333333333333y * ( 0.166666666667y + 0.25y ) ) ) ) )
ind: 228
( 0.142857142857x * 0.142857142857y )
ind: 229
( ( ( 0.142857142857y + 0.111111111111y ) + ( ( ( 0.2x + ( 0.111111111111y + 0.166666666667y ) ) * 0.1x ) * 0.166666666667x ) ) + 0.125x )
ind: 230
( ( ( 0.166666666667y * 0.1x ) * 0.1x ) * ( 1.0y + 1.0y ) )
ind: 231
( ( ( ( 0.5y * ( 0.166666666667y * ( 0.25y + 1.0x ) ) ) + ( 0.25y * ( 0.142857142857x + 0.1x ) ) ) + 0.1y ) * 0.142857142857y )
ind: 232
( 0.25x + 0.25y )
ind: 233
( ( ( ( ( ( 0.5y + 0.111111111111y ) * 1.0x ) + 0.142857142857y ) * 0.125x ) * 0.142857142857y ) * 0.111111111111y )
ind: 234
( ( 0.142857142857x + 0.25x ) * ( ( 0.333333333333y + 0.25x ) * 0.111111111111y ) )
ind: 235
( ( ( 0.125y + ( 0.125y + 0.142857142857y ) ) * 0.1x ) * 0.166666666667y )
ind: 236
( ( 0.111111111111x + 0.5x ) * 0.142857142857y )
ind: 237
( ( 0.2x + 1.0y ) + ( 0.125x * 1.0y ) )
ind: 238
( ( ( 0.5y + 0.142857142857x ) + 0.125x ) * 0.2y )
ind: 239
( 0.5x + ( ( 0.1y + 0.5y ) * 0.25y ) )
ind: 240
( 1.0x + 0.142857142857y )
ind: 241
( ( ( ( 0.2x * 0.1x ) * ( ( 0.2y + ( 0.125x + 0.111111111111x ) ) * 0.125x ) ) + ( ( ( ( 0.333333333333y * 0.2y ) * ( 0.111111111111x * 0.125x ) ) * ( ( 0.5x + 0.166666666667y ) * 0.142857142857y ) ) + ( 0.166666666667x + ( 0.166666666667y * ( 0.25x * 0.5x ) ) ) ) ) * 0.166666666667x )
ind: 242
( ( 1.0y + ( ( ( ( 0.166666666667x + 0.5x ) + 0.111111111111y ) * 0.125y ) + ( 0.2y * ( 0.5y + 1.0y ) ) ) ) + 0.1x )
ind: 243
( 1.0x * ( 0.333333333333y + ( ( 0.111111111111x + 0.142857142857y ) + 0.5x ) ) )
ind: 244
( ( 0.111111111111y + 0.25x ) * ( 0.125y + 0.25y ) )
ind: 245
( ( ( 0.125y + ( ( 0.125y * ( 0.333333333333x * 0.5y ) ) * 0.1y ) ) * ( 0.333333333333y * 0.25y ) ) * 0.142857142857y )
ind: 246
( ( ( 0.2x * 0.333333333333y ) * ( ( 0.142857142857x + ( ( 0.2x + 0.333333333333y ) + 1.0y ) ) + ( 0.111111111111y + 0.333333333333y ) ) ) + 0.333333333333y )
ind: 247
( ( 0.142857142857y + ( ( ( ( 0.125y * 0.166666666667x ) + 1.0x ) + 0.142857142857x ) + ( ( ( 0.5y + 0.5y ) * 0.111111111111y ) * ( ( 0.333333333333y + 0.1x ) + ( 0.333333333333y * 0.5y ) ) ) ) ) * 0.142857142857x )
ind: 248
( ( 0.2x + ( ( 0.333333333333y * ( ( 0.1x + 1.0x ) * ( 0.111111111111y * 0.166666666667y ) ) ) + ( 0.2y * ( ( 0.333333333333y + 0.166666666667x ) * 0.125y ) ) ) ) + ( 0.142857142857y + 0.166666666667x ) )
ind: 249
( 0.5x * ( 0.333333333333y * ( 0.5y + ( ( ( 0.111111111111y * 0.5y ) + 0.333333333333y ) * ( ( 0.166666666667x + 0.111111111111x ) + ( 0.1y * 0.1y ) ) ) ) ) )
ind: 250
( ( 0.166666666667y * ( ( ( 0.125x * 1.0x ) * 0.25y ) * ( ( 0.25x * 0.25y ) + 0.1y ) ) ) * 0.142857142857x )
ind: 251
( ( 0.333333333333y * ( 0.2y * ( ( ( 0.5x + 1.0y ) * ( 0.25y * 0.111111111111y ) ) + 0.1x ) ) ) + 1.0y )
ind: 252
( 0.125y + ( ( ( ( ( 0.5x * 0.111111111111y ) * ( 0.125x * 0.333333333333x ) ) + 0.2y ) * ( ( ( 0.5y * 0.5y ) + 0.25x ) + ( ( 0.333333333333y * 0.111111111111x ) + ( 0.111111111111x + 0.5x ) ) ) ) * ( 1.0x + 0.333333333333y ) ) )
ind: 253
( 1.0y * ( 0.25x * ( ( ( 0.333333333333x + ( 0.1y * 0.25y ) ) + ( ( 0.166666666667y + 0.166666666667y ) * ( 0.111111111111x * 0.166666666667y ) ) ) * 0.125y ) ) )
ind: 254
( 0.333333333333y * 0.142857142857x )
ind: 255
( ( ( ( 0.111111111111x + ( ( 0.166666666667y + 0.166666666667y ) * 0.5x ) ) + ( 0.142857142857y * 0.25x ) ) + ( 0.125y + ( ( 1.0y * ( 0.25y + 0.125y ) ) * 0.2y ) ) ) * 0.125y )
ind: 256
( 0.142857142857y * ( ( ( ( 0.166666666667y + ( 0.1x * 0.2x ) ) * ( ( 0.111111111111y + 0.125x ) * ( 0.1x * 0.333333333333x ) ) ) + ( ( 0.5x + 0.1x ) + 0.142857142857y ) ) * ( 0.2y * 0.5y ) ) )
ind: 257
( 0.166666666667x + 0.142857142857y )
ind: 258
( 0.25y + ( ( 0.2y * ( 0.5x + ( ( 0.125y * 0.142857142857x ) * ( 0.125x * 0.125y ) ) ) ) * ( 0.1y * 0.111111111111y ) ) )
ind: 259
( ( 0.25y + 0.2y ) * 0.5x )
ind: 260
( ( 0.5y * ( ( ( ( 0.1x * 0.5x ) * ( 0.333333333333x + 1.0x ) ) * ( ( 0.1x * 0.111111111111x ) * 0.111111111111y ) ) + ( 0.166666666667x * 0.333333333333x ) ) ) + 0.111111111111y )
ind: 261
( 0.111111111111x * ( ( ( ( ( 0.1y + 0.5y ) * ( 0.1x + 0.166666666667y ) ) + ( ( 0.333333333333x + 0.125x ) + 0.166666666667x ) ) * ( 0.25x * 1.0y ) ) + 0.125y ) )
ind: 262
( ( 0.5x + ( ( ( 1.0x * 0.1x ) + ( ( 0.2y * 0.125y ) + 0.5x ) ) + 0.166666666667x ) ) + ( ( 0.5y + ( 1.0y + ( ( 0.1y + 0.333333333333x ) + 0.5y ) ) ) + ( 0.25y * 1.0x ) ) )
ind: 263
( ( ( 0.25y * ( ( ( 0.142857142857y * 0.166666666667x ) + ( 0.333333333333y + 0.142857142857y ) ) * 0.1y ) ) * 0.1y ) + ( 0.5x * ( 0.166666666667x * 0.2x ) ) )
ind: 264
( 0.333333333333y + 0.5x )
ind: 265
( ( 0.111111111111y * ( 0.5x * ( 0.125x + 0.142857142857x ) ) ) + ( 0.125x + 0.142857142857y ) )
ind: 266
( ( 0.125x + ( 0.111111111111y + ( 0.333333333333y * ( ( 0.5y + 0.111111111111x ) + ( 0.25y * 0.166666666667x ) ) ) ) ) * ( 0.333333333333x * 0.2y ) )
ind: 267
( ( ( ( 0.25y + ( ( 0.2x * 0.25y ) + ( 0.142857142857x * 0.1x ) ) ) * 0.1y ) * ( 0.333333333333y + ( ( ( 0.111111111111x + 1.0y ) + ( 0.142857142857x * 0.2x ) ) * ( ( 0.125y * 0.125x ) * 0.111111111111y ) ) ) ) + ( 0.142857142857x * 0.5x ) )
ind: 268
( 0.142857142857y * ( ( ( ( 0.333333333333x * ( 0.125y * 0.25x ) ) + ( 1.0x + 0.2y ) ) * ( ( ( 0.25x * 0.111111111111y ) * 0.1y ) * 0.111111111111x ) ) + 0.111111111111y ) )
ind: 269
( 0.5x + ( 0.25x + ( ( 0.142857142857y * ( 0.5x * 0.25y ) ) * ( 0.125x + ( ( 0.1x + 0.142857142857y ) + ( 0.2x * 0.111111111111y ) ) ) ) ) )
ind: 270
( 0.2y * 0.2x )
ind: 271
( 0.142857142857x + 0.1y )
ind: 272
( ( 0.111111111111y + ( 0.2y * 0.25y ) ) + ( 0.125y + ( 0.333333333333x * ( 0.1y + 0.1x ) ) ) )
ind: 273
( ( 0.333333333333x + 0.5x ) * 0.125y )
ind: 274
( ( ( 0.5y + ( 0.166666666667x * 0.142857142857x ) ) * ( 0.166666666667y * ( ( ( 0.333333333333x * 0.142857142857y ) * 0.25y ) * ( 0.111111111111x + ( 0.333333333333y + 0.1y ) ) ) ) ) * 0.142857142857y )
ind: 275
( ( ( ( 0.2y + 0.111111111111x ) * 0.5y ) + ( 0.1x * ( 0.166666666667x + ( 0.111111111111x + 0.333333333333x ) ) ) ) * ( 1.0y + 0.2y ) )
ind: 276
( 0.142857142857x + ( 0.1y * ( ( 0.5x * 0.333333333333y ) + 0.125x ) ) )
ind: 277
( ( ( 0.125y + ( ( ( 0.166666666667x * 0.2x ) + ( 0.333333333333y * 0.5y ) ) * 0.1x ) ) * ( ( ( 0.1x + ( 0.1y * 1.0y ) ) + ( 0.5x * 0.111111111111y ) ) + ( ( 0.142857142857y + ( 0.333333333333y + 0.125y ) ) * 0.25x ) ) ) + ( ( 1.0x * 0.111111111111y ) + ( 0.142857142857y + 0.142857142857x ) ) )
ind: 278
( 1.0x * 0.166666666667y )
ind: 279
( ( 0.5y * ( 0.5y + ( ( 0.1y * 0.1y ) * ( ( 0.5y + 0.1y ) + 0.1y ) ) ) ) * 0.1x )
ind: 280
( ( 0.333333333333x + ( ( 0.111111111111x + 0.5x ) * 0.5y ) ) + 0.111111111111y )
ind: 281
( 0.125x * 0.333333333333y )
ind: 282
( 1.0y + 0.142857142857x )
ind: 283
( ( ( ( 0.25y * 0.111111111111x ) * 0.111111111111y ) * 0.166666666667y ) * 0.166666666667x )
ind: 284
( ( ( ( 1.0y * 0.5y ) * 1.0y ) * ( ( 0.25x + 0.2x ) * 0.1x ) ) * 0.2x )
ind: 285
( ( ( ( ( 0.25x + 0.111111111111y ) * ( 0.333333333333y * ( 1.0y + 0.25x ) ) ) + 0.5y ) * ( ( 0.333333333333y + 0.1x ) * 0.333333333333y ) ) + 0.142857142857y )
ind: 286
( ( 0.125x + 0.1x ) * 0.166666666667y )
ind: 287
( 0.125y * ( 0.111111111111x * 0.142857142857x ) )
ind: 288
( 0.2x * ( ( 0.111111111111x + ( ( 0.2y + ( 0.142857142857y * 0.25x ) ) * 1.0x ) ) + 0.2y ) )
ind: 289
( 0.125y + ( 0.125y * 1.0x ) )
ind: 290
( ( 0.111111111111x + ( 0.333333333333x + ( 1.0x * ( ( 0.111111111111x + 0.2x ) + ( 1.0x + 0.111111111111x ) ) ) ) ) * 0.142857142857y )
ind: 291
( ( 0.2x + 0.5y ) + ( 0.166666666667x + 0.1x ) )
ind: 292
( ( 0.25x * ( 1.0y * ( 0.111111111111x + ( 0.1x + ( 0.2x * 0.142857142857y ) ) ) ) ) * 0.125x )
ind: 293
( ( ( 0.166666666667x * 0.5y ) + ( 0.142857142857x + 0.1y ) ) * 0.333333333333x )
ind: 294
( ( ( 0.333333333333y * ( 0.125y * ( 1.0y * 0.111111111111y ) ) ) * 0.333333333333y ) * ( ( 0.166666666667y + ( 0.5y + ( 0.125x + 0.1y ) ) ) + ( 0.5y * 0.5x ) ) )
ind: 295
( ( 0.5y * ( 1.0x * ( ( 0.333333333333y + 0.333333333333x ) * 0.111111111111x ) ) ) * 1.0x )
ind: 296
( ( 0.1y + 0.333333333333y ) + ( 1.0x * 0.166666666667x ) )
ind: 297
( ( ( 0.2y * 0.111111111111x ) * 0.111111111111x ) * 0.142857142857x )
ind: 298
( ( ( ( 0.333333333333x + 0.111111111111x ) + 0.1y ) * 0.25x ) + ( 0.1y + ( ( 0.5x + ( 0.1y * ( 1.0y + 0.166666666667y ) ) ) + 0.111111111111y ) ) )
ind: 299
( ( 0.142857142857y + ( ( ( 0.2y * 0.111111111111y ) * ( 0.125y + 0.5y ) ) * ( ( 0.142857142857y + ( 0.142857142857y + 0.166666666667y ) ) * ( ( 1.0y * 0.166666666667y ) * ( 0.5x * 1.0x ) ) ) ) ) * 1.0x )
ind: 300
( ( ( ( 0.166666666667x + ( ( 0.25y * 0.2x ) + ( 0.1y * 0.2y ) ) ) + 0.1x ) + ( 0.25x + ( 0.5x + 0.5y ) ) ) * 0.333333333333x )
Best Ind: ( 0.142857142857y + ( ( ( ( 0.25x + ( 0.111111111111y * 1.0x ) ) * 0.166666666667x ) * 0.1y ) + ( ( 0.333333333333y + ( 1.0y * 1.0x ) ) + ( ( ( 0.142857142857x + 1.0x ) * 1.0x ) + 0.1x ) ) ) )
Fitness = 29.795280991
Worst Ind: ( ( ( 0.125y + ( ( 0.125y + ( 0.166666666667x * 0.2x ) ) * 0.125y ) ) + ( ( 1.0y + ( 1.0y + 0.125x ) ) + ( 0.25y + ( ( 0.166666666667y * 0.111111111111x ) + 0.25y ) ) ) ) + ( ( ( ( ( 0.142857142857x * 0.166666666667y ) * ( 1.0x * 0.125x ) ) * ( ( 0.2y + 1.0y ) + ( 0.142857142857x * 0.25y ) ) ) * ( 0.333333333333x + ( 0.1x + ( 1.0y * 0.125y ) ) ) ) + ( ( 0.111111111111x + 0.333333333333x ) + 0.333333333333y ) ) )
Fitness = 104.190605223
Avg Fitness = 48.8566678332
Duplicated = 3
============================================================================
Evaluate Gen  1
New Population 422
Better than Dads 57
Best Ind: ( 0.142857142857y + ( ( ( ( 0.25x + ( 0.111111111111y * 1.0x ) ) * 0.166666666667x ) * 0.1y ) + ( ( 0.333333333333y + ( 1.0y * 1.0x ) ) + ( ( ( 0.142857142857x + 1.0x ) * 1.0x ) + 0.1x ) ) ) )
Fitness = 29.795280991
Worst Ind: ( 0.125x * ( 0.111111111111y + ( ( ( ( 0.111111111111x + 0.5x ) + 0.125x ) * ( ( 0.25y + 0.333333333333y ) * 0.5y ) ) + ( ( 0.1x + ( 0.333333333333y * 0.125y ) ) * ( 0.1y + ( 1.0y * 0.111111111111x ) ) ) ) ) )
Fitness = 49.7866169483
Avg Fitness = 48.0267547765
Duplicated = 8
============================================================================
Evaluate Gen  2
New Population 418
Better than Dads 56
Best Ind: ( 0.142857142857y + ( ( ( ( 0.25x + ( 0.111111111111y * 1.0x ) ) * 0.166666666667x ) * 0.1y ) + ( ( 0.333333333333y + ( 1.0y * 1.0x ) ) + ( ( ( 0.142857142857x + 1.0x ) * 1.0x ) + 0.1x ) ) ) )
Fitness = 29.795280991
Worst Ind: ( 0.333333333333x + ( ( 0.142857142857y * 0.333333333333x ) * ( 0.5x + 0.2x ) ) )
Fitness = 49.3030386522
Avg Fitness = 47.5404604274
Duplicated = 13
============================================================================
Evaluate Gen  3
New Population 430
Better than Dads 55
Best Ind: ( 0.142857142857y + ( ( ( ( 0.25x + ( 0.111111111111y * 1.0x ) ) * 0.166666666667x ) * 0.1y ) + ( ( 0.333333333333y + ( 1.0y * 1.0x ) ) + ( ( ( 0.142857142857x + 1.0x ) * 1.0x ) + 0.1x ) ) ) )
Fitness = 29.795280991
Worst Ind: ( 0.25y + ( 0.5y * 0.111111111111x ) )
Fitness = 48.8157909113
Avg Fitness = 46.8913558592
Duplicated = 8
============================================================================
Evaluate Gen  4
New Population 430
Better than Dads 68
Best Ind: ( 0.142857142857y + ( ( ( ( 0.25x + ( 0.111111111111y * 1.0x ) ) * 0.166666666667x ) * 0.1y ) + ( ( 0.333333333333y + ( 1.0y * 1.0x ) ) + ( ( ( 0.142857142857x + 1.0x ) * 1.0x ) + 0.1x ) ) ) )
Fitness = 29.795280991
Worst Ind: ( 0.111111111111y + ( 0.166666666667x + 0.5y ) )
Fitness = 48.3080229061
Avg Fitness = 46.3347417917
Duplicated = 13
============================================================================
Evaluate Gen  5
New Population 432
Better than Dads 70
Best Ind: ( 0.142857142857x + ( 0.111111111111y + ( ( ( 0.5y + ( 0.5x * 0.333333333333y ) ) + ( 0.333333333333x + 1.0x ) ) * 1.0y ) ) )
Fitness = 26.079551659
Worst Ind: ( ( 0.333333333333x + 0.2y ) + ( 0.166666666667y + ( 0.25y + 0.125x ) ) )
Fitness = 47.7128105515
Avg Fitness = 45.6303491155
Duplicated = 18
============================================================================
Evaluate Gen  6
New Population 428
Better than Dads 70
Best Ind: ( 0.142857142857x + ( 0.111111111111y + ( ( ( 0.5y + ( 0.5x * 0.333333333333y ) ) + ( 0.333333333333x + 1.0x ) ) * 1.0y ) ) )
Fitness = 26.079551659
Worst Ind: ( ( 0.125x + 0.166666666667y ) + ( ( 0.125x + 1.0y ) + ( ( ( 0.25y + 0.5x ) * 0.125y ) + 0.125x ) ) )
Fitness = 47.3676903487
Avg Fitness = 45.0588613544
Duplicated = 18
============================================================================
Evaluate Gen  7
New Population 442
Better than Dads 77
Best Ind: ( 0.142857142857x + ( 0.111111111111y + ( ( ( 0.5y + ( 0.5x * 0.333333333333y ) ) + ( 0.333333333333x + 1.0x ) ) * 1.0y ) ) )
Fitness = 26.079551659
Worst Ind: ( ( ( 1.0x + 0.142857142857y ) + 0.2x ) + 0.25x )
Fitness = 46.7762578611
Avg Fitness = 44.3808579149
Duplicated = 15
============================================================================
Evaluate Gen  8
New Population 440
Better than Dads 85
Best Ind: ( ( ( ( ( ( 0.25x + 0.333333333333y ) + 0.25x ) + 0.333333333333x ) + ( ( 0.1x + 0.25y ) + 0.2x ) ) * ( ( 0.125x + 1.0y ) + ( ( 0.333333333333y + 0.333333333333x ) + ( 0.111111111111y * 0.2y ) ) ) ) + ( 0.166666666667y + 0.125y ) )
Fitness = 17.4623063221
Worst Ind: ( ( 0.1x + 0.25y ) * ( 1.0x + ( 0.166666666667x * 1.0y ) ) )
Fitness = 46.3014764356
Avg Fitness = 43.7123123595
Duplicated = 20
============================================================================
Evaluate Gen  9
New Population 425
Better than Dads 76
Best Ind: ( ( ( ( ( ( 0.25x + 0.333333333333y ) + 0.25x ) + 0.333333333333x ) + ( ( 0.1x + 0.25y ) + 0.2x ) ) * ( ( 0.125x + 1.0y ) + ( ( 0.333333333333y + 0.333333333333x ) + ( 0.111111111111y * 0.2y ) ) ) ) + ( 0.166666666667y + 0.125y ) )
Fitness = 17.4623063221
Worst Ind: ( ( 0.111111111111x + ( 0.111111111111x * ( 0.1y + ( 0.333333333333x + 1.0y ) ) ) ) + ( 0.166666666667y + 1.0x ) )
Fitness = 45.7357517605
Avg Fitness = 42.9415803163
Duplicated = 15
============================================================================
Evaluate Gen  10
New Population 428
Better than Dads 73
Best Ind: ( ( ( ( ( ( 0.25x + 0.333333333333y ) + 0.25x ) + 0.333333333333x ) + ( ( 0.1x + 0.25y ) + 0.2x ) ) * ( ( 0.125x + 1.0y ) + ( ( 0.333333333333y + 0.333333333333x ) + ( 0.111111111111y * 0.2y ) ) ) ) + ( 0.166666666667y + 0.125y ) )
Fitness = 17.4623063221
Worst Ind: ( ( ( ( 0.166666666667x + ( ( 0.25y * 0.2x ) + ( 0.1y * 0.2y ) ) ) + 0.1x ) + ( 0.25x + ( 0.5x + 0.5y ) ) ) * 0.333333333333x )
Fitness = 45.200687643
Avg Fitness = 42.3344344768
Duplicated = 22
============================================================================
Evaluate Gen  11
New Population 435
Better than Dads 80
Best Ind: ( ( ( ( ( ( 0.25x + 0.333333333333y ) + 0.25x ) + 0.333333333333x ) + ( ( 0.1x + 0.25y ) + 0.2x ) ) * ( ( 0.125x + 1.0y ) + ( ( 0.333333333333y + 0.333333333333x ) + ( 0.111111111111y * 0.2y ) ) ) ) + ( 0.166666666667y + 0.125y ) )
Fitness = 17.4623063221
Worst Ind: ( 0.5x * ( ( ( 0.333333333333y * 0.333333333333x ) + 1.0x ) + 0.25x ) )
Fitness = 44.5729954767
Avg Fitness = 41.298918348
Duplicated = 18
============================================================================
Evaluate Gen  12
New Population 439
Better than Dads 85
Best Ind: ( ( ( ( ( ( 0.25x + 0.333333333333y ) + 0.25x ) + 0.333333333333x ) + ( ( 0.1x + 0.25y ) + 0.2x ) ) * ( ( 0.125x + 1.0y ) + ( ( 0.333333333333y + 0.333333333333x ) + ( 0.111111111111y * 0.2y ) ) ) ) + ( 0.166666666667y + 0.125y ) )
Fitness = 17.4623063221
Worst Ind: ( ( 0.125x + ( 1.0x + 0.142857142857y ) ) + ( ( ( ( 0.1y + 0.1x ) + ( ( 0.333333333333x + 0.166666666667y ) * 0.333333333333x ) ) * ( ( ( 0.125x * 0.333333333333y ) * 0.166666666667y ) * 0.142857142857y ) ) + ( 0.125y + ( 0.333333333333y * ( 0.166666666667y + 0.25y ) ) ) ) )
Fitness = 43.9774101286
Avg Fitness = 40.283384502
Duplicated = 12
============================================================================
Evaluate Gen  13
New Population 423
Better than Dads 72
Best Ind: ( ( ( ( ( ( 0.25x + 0.333333333333y ) + 0.25x ) + 0.333333333333x ) + ( ( 0.1x + 0.25y ) + 0.2x ) ) * ( ( 0.125x + 1.0y ) + ( ( 0.333333333333y + 0.333333333333x ) + ( 0.111111111111y * 0.2y ) ) ) ) + ( 0.166666666667y + 0.125y ) )
Fitness = 17.4623063221
Worst Ind: ( ( 0.166666666667y * 1.0y ) + ( 0.333333333333x * ( ( 0.1y + ( ( 0.25y * 0.5y ) * ( 1.0y * 0.166666666667x ) ) ) + ( ( 0.25x + 0.5x ) + 0.125y ) ) ) )
Fitness = 43.1882342171
Avg Fitness = 39.1479345098
Duplicated = 14
============================================================================
Evaluate Gen  14
New Population 440
Better than Dads 89
Best Ind: ( ( ( ( ( ( 0.25x + 0.333333333333y ) + 0.25x ) + 0.333333333333x ) + ( ( 0.1x + 0.25y ) + 0.2x ) ) * ( ( 0.125x + 1.0y ) + ( ( 0.333333333333y + 0.333333333333x ) + ( 0.111111111111y * 0.2y ) ) ) ) + ( 0.166666666667y + 0.125y ) )
Fitness = 17.4623063221
Worst Ind: ( ( ( ( 0.333333333333x + 0.111111111111x ) + 0.1y ) * 0.25x ) + ( ( 0.111111111111y + ( 0.333333333333y * ( ( 0.5y + 0.111111111111x ) + ( 0.25y * 0.166666666667x ) ) ) ) + ( ( ( 0.333333333333y + 0.166666666667x ) + 0.5x ) * 0.142857142857y ) ) )
Fitness = 42.1739424516
Avg Fitness = 37.8989394129
Duplicated = 18
============================================================================
Evaluate Gen  15
New Population 424
Better than Dads 81
Best Ind: ( ( ( ( ( ( 0.25x + 0.333333333333y ) + 0.25x ) + 0.333333333333x ) + ( ( 0.1x + 0.25y ) + 0.2x ) ) * ( ( 0.125x + 1.0y ) + ( ( 0.333333333333y + 0.333333333333x ) + ( 0.111111111111y * 0.2y ) ) ) ) + ( 0.166666666667y + 0.125y ) )
Fitness = 17.4623063221
Worst Ind: ( ( ( 0.125y + ( 0.125y + 0.142857142857y ) ) * 0.125x ) + ( 0.111111111111y + ( 0.333333333333y * ( ( 0.5y + 0.111111111111x ) + 1.0x ) ) ) )
Fitness = 41.3972803173
Avg Fitness = 36.9661022046
Duplicated = 19
============================================================================
Evaluate Gen  16
New Population 436
Better than Dads 84
Best Ind: ( ( ( ( ( ( 0.25x + 0.333333333333y ) + 0.25x ) + 0.333333333333x ) + ( ( 0.1x + 0.25y ) + 0.2x ) ) * ( ( 0.125x + 1.0y ) + ( ( 0.333333333333y + 0.333333333333x ) + ( 0.111111111111y * 0.2y ) ) ) ) + ( 0.166666666667y + 0.125y ) )
Fitness = 17.4623063221
Worst Ind: ( ( 0.125x + ( ( ( 0.2x + 0.111111111111x ) + 0.166666666667x ) * 1.0y ) ) + ( 0.111111111111y + ( 0.333333333333y * ( ( 0.5y + 0.111111111111x ) + ( 0.25y * 0.166666666667x ) ) ) ) )
Fitness = 40.1790135441
Avg Fitness = 35.599288677
Duplicated = 16
============================================================================
Evaluate Gen  17
New Population 447
Better than Dads 92
Best Ind: ( ( ( ( ( ( 0.25x + 0.333333333333y ) + 0.25x ) + 0.333333333333x ) + ( ( 0.1x + 0.25y ) + 0.2x ) ) * ( ( 0.125x + 1.0y ) + ( ( 0.333333333333y + 0.333333333333x ) + ( 0.111111111111y * 0.2y ) ) ) ) + ( 0.166666666667y + 0.125y ) )
Fitness = 17.4623063221
Worst Ind: ( ( 0.142857142857y + ( ( ( 0.333333333333y * 0.125x ) + 1.0y ) * 0.125x ) ) + ( ( 1.0x * 1.0x ) + 0.5y ) )
Fitness = 38.945643117
Avg Fitness = 34.2170418676
Duplicated = 15
============================================================================
Evaluate Gen  18
New Population 445
Better than Dads 85
Best Ind: ( ( ( ( ( ( 0.25x + 0.333333333333y ) + 0.25x ) + 0.333333333333x ) + ( ( 0.1x + 0.25y ) + 0.2x ) ) * ( ( 0.125x + 1.0y ) + ( ( 0.333333333333y + 0.333333333333x ) + ( 0.111111111111y * 0.2y ) ) ) ) + ( 0.166666666667y + 0.125y ) )
Fitness = 17.4623063221
Worst Ind: ( ( 0.125x + 1.0x ) * ( ( ( 0.333333333333y * 0.333333333333x ) + 0.25y ) + 1.0x ) )
Fitness = 37.6152113827
Avg Fitness = 32.8474618384
Duplicated = 14
============================================================================
Evaluate Gen  19
New Population 435
Better than Dads 77
Best Ind: ( ( ( 1.0x + ( 0.142857142857x + ( 0.333333333333x + 0.166666666667y ) ) ) + 0.2x ) * ( 0.25y + ( 0.5x + ( 0.166666666667x + ( 1.0y + 0.166666666667y ) ) ) ) )
Fitness = 16.0901884712
Worst Ind: ( ( 0.5x * ( 1.0y + ( 0.166666666667y + 1.0x ) ) ) + ( 0.333333333333x * 1.0y ) )
Fitness = 36.2332008992
Avg Fitness = 31.4509069423
Duplicated = 18
============================================================================
Evaluate Gen  20
New Population 433
Better than Dads 82
Best Ind: ( ( ( 1.0x + ( 0.142857142857x + ( 0.333333333333x + 0.166666666667y ) ) ) + 0.2x ) * ( 1.0x + ( ( 1.0y + ( 1.0y + ( 1.0y + 0.333333333333y ) ) ) + ( 0.166666666667x + ( ( 0.1x * 0.111111111111y ) * ( 0.333333333333y * 0.166666666667x ) ) ) ) ) )
Fitness = 13.6473882732
Worst Ind: ( 1.0y + ( ( ( 0.125x + 0.25y ) * 0.111111111111y ) + ( 1.0x * ( ( ( 0.333333333333y + 0.5y ) + 0.333333333333y ) + ( ( 1.0y * 0.2y ) + 0.125y ) ) ) ) )
Fitness = 34.8873726479
Avg Fitness = 30.1123799153
Duplicated = 14
============================================================================
Evaluate Gen  21
New Population 431
Better than Dads 87
Best Ind: ( ( ( 1.0x + ( 0.142857142857x + ( 0.333333333333x + 0.166666666667y ) ) ) + 0.2x ) * ( 1.0x + ( ( 1.0y + ( 1.0y + ( 1.0y + 0.333333333333y ) ) ) + ( 0.166666666667x + ( ( 0.1x * 0.111111111111y ) * ( 0.333333333333y * 0.166666666667x ) ) ) ) ) )
Fitness = 13.6473882732
Worst Ind: ( ( 0.5y * ( ( 0.125x + 1.0y ) + ( ( 0.333333333333y + 0.25y ) + ( 0.111111111111y * 0.2y ) ) ) ) + ( 0.166666666667y + 0.125y ) )
Fitness = 33.9336700013
Avg Fitness = 28.909616469
Duplicated = 13
============================================================================
Evaluate Gen  22
New Population 439
Better than Dads 96
Best Ind: ( ( ( 1.0y + ( 0.5x * 1.0x ) ) + ( 1.0x + 0.5y ) ) * ( 0.111111111111x + ( 1.0x + 0.5y ) ) )
Fitness = 13.4139823263
Worst Ind: ( ( ( 0.5y + 0.166666666667y ) + 0.125x ) * ( 1.0y + ( ( ( 0.125y * 1.0y ) * ( 0.111111111111x + 1.0x ) ) + 0.25y ) ) )
Fitness = 32.6767374567
Avg Fitness = 27.6395254188
Duplicated = 14
============================================================================
Evaluate Gen  23
New Population 438
Better than Dads 96
Best Ind: ( ( ( 1.0x + ( 0.142857142857x + ( 0.333333333333x + 0.166666666667y ) ) ) + 0.2x ) * ( 0.25y + ( 0.5x + ( 0.166666666667x + ( 1.0y + ( 0.166666666667y + 0.5y ) ) ) ) ) )
Fitness = 12.4624142707
Worst Ind: ( ( ( ( 0.333333333333x + 1.0y ) * 1.0x ) + ( 0.25y + 0.5y ) ) * ( ( 0.333333333333y + ( ( 0.333333333333y + 0.333333333333x ) + 0.166666666667y ) ) + 0.25y ) )
Fitness = 31.2863480276
Avg Fitness = 26.2478743973
Duplicated = 9
============================================================================
Evaluate Gen  24
New Population 429
Better than Dads 88
Best Ind: ( ( ( 0.125x + 1.0x ) + ( 1.0y + 0.142857142857x ) ) * ( ( ( ( 0.1x + 0.25y ) + ( ( 0.166666666667x + 0.2y ) + ( 0.5y + 0.5y ) ) ) + ( 1.0x * 0.166666666667y ) ) + 0.142857142857x ) )
Fitness = 12.236006663
Worst Ind: ( ( 0.2x * 0.333333333333y ) + ( ( ( ( 0.25y + 1.0x ) * ( 0.333333333333x + 1.0y ) ) + 0.142857142857x ) + 0.125y ) )
Fitness = 29.9552063883
Avg Fitness = 25.0543504245
Duplicated = 8
============================================================================
Evaluate Gen  25
New Population 431
Better than Dads 80
Best Ind: ( ( 1.0y + 1.0y ) * ( ( ( 1.0x + ( 0.142857142857x + ( 0.333333333333x + 0.166666666667y ) ) ) + ( 0.25y + 0.166666666667y ) ) + 0.2y ) )
Fitness = 11.1115020875
Worst Ind: ( ( ( ( 0.2y + ( 0.125x + 0.25y ) ) + ( 0.25y + ( 0.5y * ( 0.125x + 1.0x ) ) ) ) + 0.25y ) * ( 0.333333333333x + 1.0y ) )
Fitness = 28.7000656885
Avg Fitness = 23.7530801798
Duplicated = 6
============================================================================
Evaluate Gen  26
New Population 434
Better than Dads 95
Best Ind: ( ( 1.0y + 1.0y ) * ( ( ( 1.0x + ( 0.142857142857x + ( 0.333333333333x + 0.166666666667y ) ) ) + ( 0.25y + 0.166666666667y ) ) + 0.2y ) )
Fitness = 11.1115020875
Worst Ind: ( ( 0.142857142857x + ( 0.333333333333x + ( 0.25y + ( 1.0x + 0.125y ) ) ) ) * 1.0y )
Fitness = 27.5513542714
Avg Fitness = 22.5236750108
Duplicated = 3
============================================================================
Evaluate Gen  27
New Population 420
Better than Dads 73
Best Ind: ( ( 1.0y + 1.0y ) * ( ( ( 1.0x + ( 0.142857142857x + ( 0.333333333333x + 0.166666666667y ) ) ) + ( 0.25y + 0.166666666667y ) ) + 0.2y ) )
Fitness = 11.1115020875
Worst Ind: ( ( 1.0x + ( 0.111111111111x + ( 0.142857142857y + ( 0.5y + ( 0.125x * 0.125x ) ) ) ) ) * 1.0y )
Fitness = 26.2751352909
Avg Fitness = 21.4979787945
Duplicated = 9
============================================================================
Evaluate Gen  28
New Population 436
Better than Dads 86
Best Ind: ( ( 1.0y + 1.0y ) * ( ( ( 1.0x + ( 0.142857142857x + ( 0.333333333333x + 0.166666666667y ) ) ) + ( 0.25y + 0.166666666667y ) ) + 0.2y ) )
Fitness = 11.1115020875
Worst Ind: ( ( ( 0.111111111111x + ( ( 0.166666666667y + 0.1x ) + 0.5y ) ) * ( ( 0.2y + ( ( 0.333333333333y + 0.333333333333x ) + 0.166666666667y ) ) + 0.25y ) ) + ( ( ( ( ( 0.166666666667x * 0.166666666667y ) * ( 0.25x + 0.5x ) ) + ( 0.25x * 0.142857142857y ) ) + ( ( 0.142857142857x + 0.166666666667y ) + ( 0.125y + ( 0.111111111111y + 0.333333333333x ) ) ) ) * 1.0x ) )
Fitness = 25.1274217538
Avg Fitness = 20.2762993734
Duplicated = 13
============================================================================
Evaluate Gen  29
New Population 443
Better than Dads 99
Best Ind: ( ( ( ( 0.5y + 0.142857142857x ) + 0.125x ) + ( 0.25y + ( 0.125x + ( 1.0x + 0.333333333333y ) ) ) ) * ( ( 0.333333333333y + ( 1.0y + ( 0.166666666667x + 0.5x ) ) ) + 0.25y ) )
Fitness = 11.0218988439
Worst Ind: ( ( ( 0.1x + 0.25x ) + ( 1.0y * ( 0.25x + 0.333333333333x ) ) ) + ( ( ( 1.0y + 0.142857142857x ) + 1.0y ) * 1.0x ) )
Fitness = 23.5414046305
Avg Fitness = 19.2093298842
Duplicated = 18
============================================================================
Evaluate Gen  30
New Population 434
Better than Dads 85
Best Ind: ( ( ( ( ( 0.333333333333y + 0.333333333333x ) + ( 1.0x + 0.2y ) ) + ( 1.0x + 0.5y ) ) * ( 1.0y + 0.25x ) ) + ( ( ( 1.0x + 0.142857142857y ) + 0.333333333333x ) * ( ( 0.166666666667x + 0.2y ) + ( 0.111111111111x + 0.111111111111y ) ) ) )
Fitness = 10.8106696408
Worst Ind: ( ( ( 1.0y + 0.125x ) * ( 1.0y + 1.0y ) ) + 0.2x )
Fitness = 22.2922407739
Avg Fitness = 18.1434073623
Duplicated = 19
============================================================================
Evaluate Gen  31
New Population 428
Better than Dads 77
Best Ind: ( ( ( ( ( 0.333333333333y + 0.333333333333x ) + ( 1.0x + 0.2y ) ) + ( 1.0x + 0.5y ) ) * ( 1.0y + 0.25x ) ) + ( ( ( 1.0x + 0.142857142857y ) + 0.333333333333x ) * ( ( 0.166666666667x + 0.2y ) + ( 0.111111111111x + 0.111111111111y ) ) ) )
Fitness = 10.8106696408
Worst Ind: ( ( 1.0y + 0.333333333333x ) * ( ( 1.0x + ( 0.125x + 1.0x ) ) + 0.333333333333x ) )
Fitness = 20.9594959923
Avg Fitness = 17.099552327
Duplicated = 18
============================================================================
Evaluate Gen  32
New Population 429
Better than Dads 81
Best Ind: ( ( ( ( 1.0y + ( 1.0y + 0.333333333333y ) ) + 0.333333333333y ) * ( 1.0x + 0.5y ) ) + ( ( 1.0y + 0.111111111111y ) * ( 0.25x + 0.5x ) ) )
Fitness = 10.5697926126
Worst Ind: ( ( ( ( ( 1.0x + 0.333333333333x ) * ( 1.0x + 0.142857142857y ) ) + ( 0.5y + 0.333333333333x ) ) + ( ( 1.0y + 1.0y ) * ( 0.125x + 1.0x ) ) ) + ( ( ( 0.125x + 0.25y ) * 0.111111111111y ) + ( 1.0x * ( ( 1.0x + 0.142857142857y ) + 0.2x ) ) ) )
Fitness = 19.566169567
Avg Fitness = 16.1193189523
Duplicated = 15
============================================================================
Evaluate Gen  33
New Population 442
Better than Dads 108
Best Ind: ( ( ( ( 1.0y + ( 1.0y + 0.333333333333y ) ) + 0.333333333333y ) * ( 1.0x + 0.5y ) ) + ( ( 1.0y + 0.111111111111y ) * ( 0.25x + 0.5x ) ) )
Fitness = 10.5697926126
Worst Ind: ( ( ( 1.0x + 0.5y ) + ( 0.5y + 1.0y ) ) * ( 0.125x + ( ( 0.333333333333y + 0.333333333333x ) + 0.166666666667y ) ) )
Fitness = 18.6557698824
Avg Fitness = 15.3779467094
Duplicated = 17
============================================================================
Evaluate Gen  34
New Population 435
Better than Dads 95
Best Ind: ( ( ( ( 1.0y + ( 1.0y + 0.333333333333y ) ) + 0.333333333333y ) * ( 1.0x + 0.5y ) ) + ( ( 1.0y + 0.111111111111y ) * ( 0.25x + 0.5x ) ) )
Fitness = 10.5697926126
Worst Ind: ( ( ( ( ( 0.5y + 0.5x ) + ( 0.333333333333x + 1.0x ) ) + 0.333333333333y ) * 1.0y ) + ( ( 1.0y + 0.111111111111y ) * 0.25x ) )
Fitness = 17.5382100577
Avg Fitness = 14.75721779
Duplicated = 14
============================================================================
Evaluate Gen  35
New Population 445
Better than Dads 99
Best Ind: ( ( ( ( ( 0.25y + 0.5x ) + 0.142857142857x ) + 1.0y ) + 0.333333333333y ) * ( 1.0x + ( 1.0x + 0.5y ) ) )
Fitness = 10.5549401093
Worst Ind: ( ( 0.25x + ( 0.5y + 1.0y ) ) * ( 0.125x + ( ( 0.333333333333y + 0.333333333333x ) + 1.0y ) ) )
Fitness = 16.5578948579
Avg Fitness = 14.1361441056
Duplicated = 11
============================================================================
Evaluate Gen  36
New Population 429
Better than Dads 95
Best Ind: ( ( ( 0.333333333333y + ( 1.0y + ( ( 0.166666666667x + 0.2y ) + ( 0.5y + 0.5y ) ) ) ) * ( 1.0x + ( ( 0.333333333333y + 0.333333333333x ) + 0.166666666667y ) ) ) + ( ( 1.0y + 0.111111111111y ) * 0.25x ) )
Fitness = 10.3740241381
Worst Ind: ( ( ( ( ( 0.5y + 0.5x ) + ( 0.333333333333x + 1.0x ) ) + ( 1.0x + ( ( 0.166666666667x + 0.2y ) + ( 0.5y + 0.5y ) ) ) ) * ( 1.0x + ( ( 0.333333333333y + 0.333333333333x ) + 0.166666666667y ) ) ) + ( ( 1.0y + 0.111111111111y ) * 0.25x ) )
Fitness = 15.8848758877
Avg Fitness = 13.6528468581
Duplicated = 8
============================================================================
Evaluate Gen  37
New Population 422
Better than Dads 89
Best Ind: ( ( ( 0.333333333333y + ( 1.0y + ( ( 0.166666666667x + 0.2y ) + ( 0.5y + 0.5y ) ) ) ) * ( 1.0x + ( ( 0.333333333333y + 0.333333333333x ) + 0.166666666667y ) ) ) + ( ( 1.0y + 0.111111111111y ) * 0.25x ) )
Fitness = 10.3740241381
Worst Ind: ( ( 0.166666666667x + ( 0.5x + 1.0x ) ) * ( ( ( ( 0.166666666667y + 1.0x ) + ( 0.25y + 0.5x ) ) + 0.125x ) + 1.0y ) )
Fitness = 15.2877158445
Avg Fitness = 13.2662374726
Duplicated = 8
============================================================================
Evaluate Gen  38
New Population 438
Better than Dads 102
Best Ind: ( ( ( 1.0x + 0.5y ) * 1.0y ) + ( ( 1.0y + ( ( 1.0y + 0.111111111111y ) + 0.5x ) ) * ( ( 1.0x + 0.142857142857y ) + 0.333333333333x ) ) )
Fitness = 10.2732243934
Worst Ind: ( ( 1.0y + ( ( 0.125x + ( 0.333333333333x + 0.2x ) ) + ( 0.2x + ( 1.0y + 1.0y ) ) ) ) * 1.0y )
Fitness = 14.6732041741
Avg Fitness = 12.898156908
Duplicated = 15
============================================================================
Evaluate Gen  39
New Population 425
Better than Dads 96
Best Ind: ( ( ( 1.0x + 0.5y ) * 1.0y ) + ( ( 1.0y + ( ( 1.0y + 0.111111111111y ) + 0.5x ) ) * ( ( 1.0x + 0.142857142857y ) + 0.333333333333x ) ) )
Fitness = 10.2732243934
Worst Ind: ( ( ( 0.333333333333x + ( 0.166666666667x + 1.0y ) ) + ( ( 0.2y + ( ( 0.333333333333y + 0.333333333333x ) + 0.166666666667y ) ) + 1.0x ) ) * 1.0y )
Fitness = 14.1618495739
Avg Fitness = 12.6267226274
Duplicated = 15
============================================================================
Evaluate Gen  40
New Population 438
Better than Dads 109
Best Ind: ( ( ( 1.0x + 0.5y ) * 1.0y ) + ( ( 1.0y + ( ( 1.0y + 0.111111111111y ) + 0.5x ) ) * ( ( 1.0x + 0.142857142857y ) + 0.333333333333x ) ) )
Fitness = 10.2732243934
Worst Ind: ( ( ( 0.142857142857x + ( 1.0y + 0.142857142857x ) ) + ( ( 1.0y + 0.25y ) + 0.5y ) ) * ( ( 0.2y + ( ( 0.333333333333y + 0.333333333333x ) + 0.166666666667y ) ) + 0.25y ) )
Fitness = 13.8138932659
Avg Fitness = 12.4113909349
Duplicated = 14
============================================================================
Evaluate Gen  41
New Population 436
Better than Dads 103
Best Ind: ( ( ( 1.0x + 0.5y ) * 1.0y ) + ( ( 1.0y + ( ( 1.0y + 0.111111111111y ) + 0.5x ) ) * ( ( 1.0x + 0.142857142857y ) + 0.333333333333x ) ) )
Fitness = 10.2732243934
Worst Ind: ( ( ( ( 0.5y + 0.5y ) + 0.5y ) + ( ( ( 0.166666666667y + 0.333333333333x ) * 1.0y ) + ( 1.0x + 0.25x ) ) ) * ( 1.0y + ( ( ( 0.166666666667y + 0.1x ) + ( 1.0x + 0.125y ) ) + ( 0.5x * 1.0x ) ) ) )
Fitness = 13.4216877707
Avg Fitness = 12.1738577573
Duplicated = 16
============================================================================
Evaluate Gen  42
New Population 426
Better than Dads 98
Best Ind: ( ( ( 1.0x + 0.5y ) * 1.0y ) + ( ( 1.0y + ( ( 1.0y + 0.111111111111y ) + 0.5x ) ) * ( ( 1.0x + 0.142857142857y ) + 0.333333333333x ) ) )
Fitness = 10.2732243934
Worst Ind: ( ( 1.0x + ( ( 0.333333333333x + ( 1.0y + ( 0.25y + 0.5y ) ) ) + 1.0x ) ) * ( ( 1.0x + 0.142857142857y ) + ( 0.5y + ( ( ( 0.142857142857y + 0.166666666667x ) * 1.0x ) + 0.125y ) ) ) )
Fitness = 13.0600976869
Avg Fitness = 11.9714810899
Duplicated = 14
============================================================================
Evaluate Gen  43
New Population 424
Better than Dads 99
Best Ind: ( ( ( 1.0x + 0.5y ) * 1.0y ) + ( ( 1.0y + ( ( 1.0y + 0.111111111111y ) + 0.5x ) ) * ( ( 1.0x + 0.142857142857y ) + 0.333333333333x ) ) )
Fitness = 10.2732243934
Worst Ind: ( ( 1.0x + ( 1.0y + 0.142857142857x ) ) * ( ( ( ( 0.1x + 0.25y ) + ( ( 0.166666666667x + 0.2y ) + ( 0.5y + 0.5y ) ) ) + ( 1.0x * 0.166666666667y ) ) + 0.142857142857x ) )
Fitness = 12.8670254113
Avg Fitness = 11.8224653082
Duplicated = 18
============================================================================
Evaluate Gen  44
New Population 419
Better than Dads 94
Best Ind: ( ( ( ( 1.0y + ( ( 0.333333333333y + 0.333333333333x ) + 0.166666666667y ) ) + 1.0y ) * ( ( 1.0x + 0.142857142857y ) + 0.333333333333x ) ) + ( ( 0.25y + 0.5x ) * ( ( 0.166666666667x + 0.2y ) + ( 0.5y + 0.5y ) ) ) )
Fitness = 10.2140222159
Worst Ind: ( ( ( ( 0.5y + 0.5y ) + 0.5y ) + 1.0x ) * ( ( 1.0x + 0.142857142857y ) + ( 0.333333333333y + 0.166666666667y ) ) )
Fitness = 12.669821621
Avg Fitness = 11.701531308
Duplicated = 16
============================================================================
Evaluate Gen  45
New Population 441
Better than Dads 106
Best Ind: ( ( ( ( 1.0y + ( ( 0.333333333333y + 0.333333333333x ) + 0.166666666667y ) ) + 1.0y ) * ( ( 1.0x + 0.142857142857y ) + 0.333333333333x ) ) + ( ( 0.25y + 0.5x ) * ( ( 0.166666666667x + 0.2y ) + ( 0.5y + 0.5y ) ) ) )
Fitness = 10.2140222159
Worst Ind: ( ( 0.111111111111x + ( 0.333333333333x + ( 0.166666666667x + 1.0y ) ) ) * ( ( 0.25y + ( ( 0.2x + 0.111111111111x ) + 1.0y ) ) + ( ( 0.111111111111y * 1.0y ) + ( 0.2y + ( ( 0.333333333333y + 0.333333333333x ) + 0.166666666667y ) ) ) ) )
Fitness = 12.3380073675
Avg Fitness = 11.5619893392
Duplicated = 27
============================================================================
Evaluate Gen  46
New Population 434
Better than Dads 112
Best Ind: ( ( ( ( 1.0y + ( ( 0.333333333333y + 0.333333333333x ) + 0.166666666667y ) ) + 1.0y ) * ( ( 1.0x + 0.142857142857y ) + 0.333333333333x ) ) + ( ( 0.25y + 0.5x ) * ( ( 0.166666666667x + 0.2y ) + ( 0.5y + 0.5y ) ) ) )
Fitness = 10.2140222159
Worst Ind: ( ( 1.0y + ( ( ( 0.25y + 1.0y ) + ( 1.0x + 0.166666666667y ) ) + 1.0x ) ) * 1.0y )
Fitness = 12.1732082479
Avg Fitness = 11.465842973
Duplicated = 26
============================================================================
Evaluate Gen  47
New Population 426
Better than Dads 101
Best Ind: ( ( ( ( 1.0y + ( ( 0.333333333333y + 0.333333333333x ) + 0.166666666667y ) ) + 1.0y ) * ( ( 1.0x + 0.142857142857y ) + 0.333333333333x ) ) + ( ( 0.25y + 0.5x ) * ( ( 0.166666666667x + 0.2y ) + ( 0.5y + 0.5y ) ) ) )
Fitness = 10.2140222159
Worst Ind: ( ( ( 0.166666666667x + 1.0x ) + ( 1.0y + 0.142857142857x ) ) * ( ( ( ( 0.1x + 0.25y ) + ( ( 0.166666666667x + 0.2y ) + ( 0.5y + 0.5y ) ) ) + ( 1.0x * 0.166666666667y ) ) + 0.142857142857x ) )
Fitness = 12.0398288339
Avg Fitness = 11.3819801511
Duplicated = 27
============================================================================
Evaluate Gen  48
New Population 431
Better than Dads 100
Best Ind: ( ( ( ( 1.0y + ( ( 0.333333333333y + 0.333333333333x ) + 0.166666666667y ) ) + 1.0y ) * ( ( 1.0x + 0.142857142857y ) + 0.333333333333x ) ) + ( ( 0.25y + 0.5x ) * ( ( 0.166666666667x + 0.2y ) + ( 0.5y + 0.5y ) ) ) )
Fitness = 10.2140222159
Worst Ind: ( ( ( 1.0x + ( 0.333333333333x + 0.166666666667y ) ) + 1.0y ) * ( ( 0.333333333333y + 0.333333333333x ) + ( 0.166666666667y + 1.0x ) ) )
Fitness = 11.9015728067
Avg Fitness = 11.2994676435
Duplicated = 26
============================================================================
Evaluate Gen  49
New Population 439
Better than Dads 120
Best Ind: ( ( ( ( 1.0y + ( ( 0.333333333333y + 0.333333333333x ) + 0.166666666667y ) ) + 1.0y ) * ( ( 1.0x + 0.142857142857y ) + 0.333333333333x ) ) + ( ( 0.25y + 0.5x ) * ( ( 0.166666666667x + 0.2y ) + ( 0.5y + 0.5y ) ) ) )
Fitness = 10.2140222159
Worst Ind: ( ( ( 1.0y + 0.125x ) + 1.0y ) * ( 1.0y + ( 1.0x + 0.142857142857y ) ) )
Fitness = 11.7712043978
Avg Fitness = 11.2453480102
Duplicated = 30
============================================================================
Evaluate Gen  50
New Population 435
Better than Dads 120
Best Ind: ( ( ( ( 1.0y + ( ( 0.333333333333y + 0.333333333333x ) + 0.166666666667y ) ) + 1.0y ) * ( ( 1.0x + 0.142857142857y ) + 0.333333333333x ) ) + ( ( 0.25y + 0.5x ) * ( ( 0.166666666667x + 0.2y ) + ( 0.5y + 0.5y ) ) ) )
Fitness = 10.2140222159
Worst Ind: ( ( ( ( 0.1x + 0.25y ) + 1.0y ) + ( ( 0.333333333333y + ( ( 0.111111111111x + 0.142857142857y ) + 1.0x ) ) + ( 0.25y + ( 1.0x + 0.125y ) ) ) ) * 1.0y )
Fitness = 11.6978548119
Avg Fitness = 11.2087181958
Duplicated = 32
============================================================================
Evaluate Gen  51
New Population 438
Better than Dads 123
Best Ind: ( ( ( ( 1.0y + ( ( 0.333333333333y + 0.333333333333x ) + 0.166666666667y ) ) + 1.0y ) * ( ( 1.0x + 0.142857142857y ) + 0.333333333333x ) ) + ( ( 0.25y + 0.5x ) * ( ( 0.166666666667x + 0.2y ) + ( 0.5y + 0.5y ) ) ) )
Fitness = 10.2140222159
Worst Ind: ( ( ( ( 0.111111111111x + ( 0.25y + 0.5y ) ) + 0.5x ) + ( 0.5y + 1.0y ) ) * ( 1.0y + ( 0.166666666667x + 0.5x ) ) )
Fitness = 11.6171903598
Avg Fitness = 11.1651010636
Duplicated = 31
============================================================================
Evaluate Gen  52
New Population 442
Better than Dads 117
Best Ind: ( ( ( ( 1.0y + ( ( 0.333333333333y + 0.333333333333x ) + 0.166666666667y ) ) + 1.0y ) * ( ( 1.0x + 0.142857142857y ) + 0.333333333333x ) ) + ( ( 0.25y + 0.5x ) * ( ( 0.166666666667x + 0.2y ) + ( 0.5y + 0.5y ) ) ) )
Fitness = 10.2140222159
Worst Ind: ( ( 1.0y + ( 1.0x + 0.142857142857y ) ) * ( ( 0.25y + ( ( 0.2x + 0.111111111111x ) + 1.0y ) ) + ( ( 0.111111111111y * 1.0y ) + ( 0.2y + ( ( 0.333333333333y + 0.333333333333x ) + 0.166666666667y ) ) ) ) )
Fitness = 11.5602262677
Avg Fitness = 11.1100072722
Duplicated = 37
============================================================================
Evaluate Gen  53
New Population 435
Better than Dads 120
Best Ind: ( ( ( ( 1.0y + ( ( 0.333333333333y + 0.333333333333x ) + 0.166666666667y ) ) + 1.0y ) * ( ( 1.0x + 0.142857142857y ) + 0.333333333333x ) ) + ( ( 0.25y + 0.5x ) * ( ( 0.166666666667x + 0.2y ) + ( 0.5y + 0.5y ) ) ) )
Fitness = 10.2140222159
Worst Ind: ( ( ( 0.166666666667y + 0.5y ) + 0.333333333333y ) * ( 1.0x + ( ( ( ( 0.125x + 1.0x ) + 1.0y ) + 0.111111111111y ) + 1.0x ) ) )
Fitness = 11.4769375909
Avg Fitness = 11.0723655245
Duplicated = 41
============================================================================
Evaluate Gen  54
New Population 425
Better than Dads 114
Best Ind: ( ( ( ( 1.0y + ( ( 0.333333333333y + 0.333333333333x ) + 0.166666666667y ) ) + 1.0y ) * ( ( 1.0x + 0.142857142857y ) + 0.333333333333x ) ) + ( ( 0.25y + 0.5x ) * ( ( 0.166666666667x + 0.2y ) + ( 0.5y + 0.5y ) ) ) )
Fitness = 10.2140222159
Worst Ind: ( ( 1.0y + 1.0x ) * ( ( ( 0.2y + 1.0y ) + 1.0x ) + 1.0x ) )
Fitness = 11.4262820009
Avg Fitness = 11.0471943769
Duplicated = 41
============================================================================
Evaluate Gen  55
New Population 418
Better than Dads 100
Best Ind: ( ( ( ( 1.0y + ( ( 0.333333333333y + 0.333333333333x ) + 0.166666666667y ) ) + 1.0y ) * ( ( 1.0x + 0.142857142857y ) + 0.333333333333x ) ) + ( ( 0.25y + 0.5x ) * ( ( 0.166666666667x + 0.2y ) + ( 0.5y + 0.5y ) ) ) )
Fitness = 10.2140222159
Worst Ind: ( ( 0.166666666667y + ( ( 0.125x + 1.0x ) + ( 1.0y + 0.5y ) ) ) * ( ( 1.0x + 0.142857142857y ) + 1.0y ) )
Fitness = 11.3924392421
Avg Fitness = 11.0077326011
Duplicated = 42
============================================================================
Evaluate Gen  56
New Population 443
Better than Dads 123
Best Ind: ( ( ( ( 1.0y + ( ( 0.333333333333y + 0.333333333333x ) + 0.166666666667y ) ) + 1.0y ) * ( ( 1.0x + 0.142857142857y ) + 0.333333333333x ) ) + ( ( 0.25y + 0.5x ) * ( ( 0.166666666667x + 0.2y ) + ( 0.5y + 0.5y ) ) ) )
Fitness = 10.2140222159
Worst Ind: ( ( ( ( 0.333333333333x + 0.166666666667y ) + ( 1.0y + 0.5x ) ) + 1.0y ) * ( ( 1.0x + 0.142857142857y ) + ( 0.5y + ( ( ( 0.142857142857y + 0.166666666667x ) * 1.0x ) + 0.125y ) ) ) )
Fitness = 11.3292104254
Avg Fitness = 10.9689642272
Duplicated = 43
============================================================================
Evaluate Gen  57
New Population 434
Better than Dads 125
Best Ind: ( ( 0.5y + 1.0y ) * ( ( ( ( ( 0.125x + 1.0x ) + 0.166666666667x ) + 0.5y ) + 0.333333333333x ) + ( 0.166666666667x + 1.0x ) ) )
Fitness = 10.1531513485
Worst Ind: ( ( 1.0x + ( 1.0y + 0.2x ) ) * ( ( ( ( ( 0.5y + 0.142857142857x ) + 0.5x ) + ( ( 0.166666666667x + 0.2y ) + ( 0.5y + 0.5y ) ) ) + ( 1.0x * 0.166666666667y ) ) + 0.142857142857x ) )
Fitness = 11.2791043344
Avg Fitness = 10.9474531834
Duplicated = 41
============================================================================
Evaluate Gen  58
New Population 429
Better than Dads 107
Best Ind: ( ( 0.5y + 1.0y ) * ( ( ( ( ( 0.125x + 1.0x ) + 0.166666666667x ) + 0.5y ) + 0.333333333333x ) + ( 0.166666666667x + 1.0x ) ) )
Fitness = 10.1531513485
Worst Ind: ( ( ( 1.0x + 0.111111111111y ) * ( ( ( ( 0.166666666667y + 0.5x ) + 0.142857142857x ) + ( ( 0.333333333333y + 0.333333333333x ) + 0.166666666667y ) ) + ( ( ( 0.25x + 0.5x ) * 1.0y ) + ( ( 0.5y + 0.5y ) + 0.5y ) ) ) ) + ( 0.111111111111y + ( ( ( 0.5y + ( 0.5x * 0.333333333333y ) ) + ( 0.333333333333x + 1.0x ) ) * 1.0y ) ) )
Fitness = 11.2037391727
Avg Fitness = 10.9078585218
Duplicated = 45
============================================================================
Evaluate Gen  59
New Population 436
Better than Dads 117
Best Ind: ( ( 0.5y + 1.0y ) * ( ( ( ( ( 0.125x + 1.0x ) + 0.166666666667x ) + 0.5y ) + 0.333333333333x ) + ( 0.166666666667x + 1.0x ) ) )
Fitness = 10.1531513485
Worst Ind: ( ( ( ( ( 1.0y + 0.25y ) + ( 0.5y + ( 0.142857142857x + 0.5x ) ) ) + ( 1.0x * 0.166666666667y ) ) + ( ( 1.0y + 0.142857142857x ) + 0.1y ) ) * ( ( 1.0x + 0.142857142857y ) + 0.5x ) )
Fitness = 11.1661782385
Avg Fitness = 10.8822758001
Duplicated = 43
============================================================================
Evaluate Gen  60
New Population 432
Better than Dads 110
Best Ind: ( ( ( ( 0.333333333333x + 0.5x ) + ( 0.333333333333y + 1.0x ) ) + 0.142857142857x ) * ( ( ( 1.0y + 0.25y ) + 0.142857142857y ) + 1.0y ) )
Fitness = 9.92124652214
Worst Ind: ( ( ( ( ( 0.333333333333y + 0.333333333333x ) + ( 1.0x + 0.2y ) ) + ( ( 1.0x + 0.142857142857y ) + ( 1.0y + 0.142857142857x ) ) ) * ( 1.0y + 0.25x ) ) + ( 1.0y * ( ( 0.166666666667x + 0.2y ) + ( 0.111111111111x + 0.111111111111y ) ) ) )
Fitness = 11.1260168135
Avg Fitness = 10.8447101761
Duplicated = 44
============================================================================
Evaluate Gen  61
New Population 435
Better than Dads 119
Best Ind: ( ( ( ( 0.333333333333x + 0.5x ) + ( 0.333333333333y + 1.0x ) ) + 0.142857142857x ) * ( ( ( 1.0y + 0.25y ) + 0.142857142857y ) + 1.0y ) )
Fitness = 9.92124652214
Worst Ind: ( ( ( ( 0.142857142857y + ( 1.0y + 0.333333333333y ) ) + 0.333333333333y ) * ( ( ( 1.0x + 0.142857142857y ) + 0.333333333333x ) + 0.5y ) ) + ( ( 1.0y + 0.111111111111y ) * ( 0.25x + 0.5x ) ) )
Fitness = 11.0894340906
Avg Fitness = 10.8204306886
Duplicated = 43
============================================================================
Evaluate Gen  62
New Population 436
Better than Dads 116
Best Ind: ( ( ( ( 0.333333333333x + 0.5x ) + ( 0.333333333333y + 1.0x ) ) + 0.142857142857x ) * ( ( ( 1.0y + 0.25y ) + 0.142857142857y ) + 1.0y ) )
Fitness = 9.92124652214
Worst Ind: ( ( ( 0.125x + 1.0x ) + ( 1.0y + 0.142857142857x ) ) * ( 0.333333333333x + ( 1.0y + 1.0x ) ) )
Fitness = 11.0517247895
Avg Fitness = 10.7901261928
Duplicated = 43
============================================================================
Evaluate Gen  63
New Population 431
Better than Dads 112
Best Ind: ( ( 0.25y + ( 0.25y + ( 1.0y + 0.111111111111y ) ) ) * ( ( 1.0x + 1.0x ) + ( ( 1.0x + 0.25y ) + 0.166666666667y ) ) )
Fitness = 9.83735891797
Worst Ind: ( ( ( ( 1.0y + 0.142857142857x ) + 0.333333333333x ) + ( ( 1.0x + 0.142857142857y ) + ( 1.0y + 0.142857142857x ) ) ) * ( 0.111111111111x + ( 1.0x + 0.5y ) ) )
Fitness = 11.0354045918
Avg Fitness = 10.7563557405
Duplicated = 43
============================================================================
Evaluate Gen  64
New Population 429
Better than Dads 117
Best Ind: ( ( 0.25y + ( 0.25y + ( 1.0y + 0.111111111111y ) ) ) * ( ( 1.0x + 1.0x ) + ( ( 1.0x + 0.25y ) + 0.166666666667y ) ) )
Fitness = 9.83735891797
Worst Ind: ( ( ( ( ( 0.5y + 1.0y ) + ( 0.333333333333x + 1.0x ) ) + 0.333333333333y ) * ( 1.0x + ( ( 0.333333333333y + 0.333333333333x ) + 0.166666666667y ) ) ) + ( ( 0.5y + 0.5y ) * ( 0.5x * 1.0x ) ) )
Fitness = 11.0160591973
Avg Fitness = 10.7414820016
Duplicated = 43
============================================================================
Evaluate Gen  65
New Population 434
Better than Dads 115
Best Ind: ( ( 0.25y + ( 0.25y + ( 1.0y + 0.111111111111y ) ) ) * ( ( 1.0x + 1.0x ) + ( ( 1.0x + 0.25y ) + 0.166666666667y ) ) )
Fitness = 9.83735891797
Worst Ind: ( ( ( ( ( 0.333333333333y + 0.333333333333x ) + ( 1.0x + 0.2y ) ) + ( 1.0x + 0.5y ) ) * ( 1.0y + 0.25x ) ) + ( 1.0y * ( ( 0.166666666667x + 0.2y ) + ( 0.111111111111x + 0.111111111111y ) ) ) )
Fitness = 10.992685653
Avg Fitness = 10.7147339006
Duplicated = 44
============================================================================
Evaluate Gen  66
New Population 433
Better than Dads 111
Best Ind: ( ( 0.25y + ( 0.25y + ( 1.0y + 0.111111111111y ) ) ) * ( ( 1.0x + 1.0x ) + ( ( 1.0x + 0.25y ) + 0.166666666667y ) ) )
Fitness = 9.83735891797
Worst Ind: ( ( ( ( 1.0y + ( ( 0.333333333333y + 0.333333333333x ) + 0.166666666667y ) ) + ( 0.166666666667y + 1.0x ) ) * ( ( 1.0x + 0.142857142857y ) + 0.333333333333x ) ) + ( ( 0.25y + 0.5x ) * ( ( 0.166666666667x + 0.2y ) + ( 0.5y + 0.5y ) ) ) )
Fitness = 10.9580074401
Avg Fitness = 10.6794624347
Duplicated = 47
============================================================================
Evaluate Gen  67
New Population 419
Better than Dads 109
Best Ind: ( ( 0.25y + ( 0.25y + ( 1.0y + 0.111111111111y ) ) ) * ( ( 1.0x + 1.0x ) + ( ( 1.0x + 0.25y ) + 0.166666666667y ) ) )
Fitness = 9.83735891797
Worst Ind: ( ( 0.25y + ( 0.25y + ( 1.0y + 0.111111111111y ) ) ) * ( ( 1.0x + ( 0.333333333333x + ( 0.5x + 0.142857142857x ) ) ) + ( ( 0.333333333333x + 0.25y ) + 0.166666666667y ) ) )
Fitness = 10.9377893842
Avg Fitness = 10.666223046
Duplicated = 47
============================================================================
Evaluate Gen  68
New Population 437
Better than Dads 129
Best Ind: ( ( 0.25y + ( 0.25y + ( 1.0y + 0.111111111111y ) ) ) * ( ( 1.0x + 1.0x ) + ( ( 1.0x + 0.25y ) + 0.166666666667y ) ) )
Fitness = 9.83735891797
Worst Ind: ( ( ( 1.0y + 0.333333333333x ) + ( ( 1.0x + 0.142857142857y ) + ( 1.0y + 0.142857142857x ) ) ) * ( 0.111111111111x + ( 1.0x + 0.5y ) ) )
Fitness = 10.917221393
Avg Fitness = 10.6506133762
Duplicated = 42
============================================================================
Evaluate Gen  69
New Population 441
Better than Dads 125
Best Ind: ( ( 0.25y + ( 0.25y + ( 1.0y + 0.111111111111y ) ) ) * ( ( 1.0x + 1.0x ) + ( ( 1.0x + 0.25y ) + 0.166666666667y ) ) )
Fitness = 9.83735891797
Worst Ind: ( ( ( 0.333333333333x + 1.0x ) + ( ( ( ( 1.0x + 0.142857142857y ) + ( 0.25y + 0.5x ) ) + 0.166666666667y ) + 1.0x ) ) * 1.0y )
Fitness = 10.893615914
Avg Fitness = 10.6256007864
Duplicated = 49
============================================================================
Evaluate Gen  70
New Population 438
Better than Dads 121
Best Ind: ( ( 0.25y + ( 0.25y + ( 1.0y + 0.111111111111y ) ) ) * ( ( 1.0x + 1.0x ) + ( ( 1.0x + 0.25y ) + 0.166666666667y ) ) )
Fitness = 9.83735891797
Worst Ind: ( ( 1.0x + ( 0.166666666667y + ( 1.0x + 0.5x ) ) ) * ( 1.0y + ( ( 0.111111111111x + 0.142857142857y ) + 1.0y ) ) )
Fitness = 10.8566288532
Avg Fitness = 10.60351014
Duplicated = 55
============================================================================
Evaluate Gen  71
New Population 434
Better than Dads 120
Best Ind: ( ( 0.25y + ( 0.25y + ( 1.0y + 0.111111111111y ) ) ) * ( ( 1.0x + 1.0x ) + ( ( 1.0x + 0.25y ) + 0.166666666667y ) ) )
Fitness = 9.83735891797
Worst Ind: ( ( ( ( ( 0.333333333333y + 0.333333333333x ) + ( 1.0x + 0.2y ) ) + ( 1.0x + 0.5y ) ) * ( 1.0y + 0.25x ) ) + ( ( 0.166666666667x + ( 1.0y + 1.0y ) ) * ( ( 0.166666666667x + 0.2y ) + ( 0.111111111111x + 0.111111111111y ) ) ) )
Fitness = 10.83078497
Avg Fitness = 10.5807595795
Duplicated = 52
============================================================================
Evaluate Gen  72
New Population 445
Better than Dads 130
Best Ind: ( ( 0.25y + ( 0.25y + ( 1.0y + 0.111111111111y ) ) ) * ( ( 1.0x + 1.0x ) + ( ( 1.0x + 0.25y ) + 0.166666666667y ) ) )
Fitness = 9.83735891797
Worst Ind: ( ( ( ( 1.0y + 0.125x ) + ( 1.0x + 0.5y ) ) + ( ( 0.166666666667y + 1.0x ) + ( 0.25y + ( 1.0x + 0.125y ) ) ) ) * 1.0y )
Fitness = 10.7983805343
Avg Fitness = 10.5576787319
Duplicated = 53
============================================================================
Evaluate Gen  73
New Population 435
Better than Dads 124
Best Ind: ( ( 0.25y + ( 0.25y + ( 1.0y + 0.111111111111y ) ) ) * ( ( 1.0x + 1.0x ) + ( ( 1.0x + 0.25y ) + 0.166666666667y ) ) )
Fitness = 9.83735891797
Worst Ind: ( ( ( ( 0.5x + 0.5y ) + ( 1.0y + 1.0x ) ) + ( ( 0.166666666667y + 1.0x ) + ( 0.25y + ( 1.0x + 0.125y ) ) ) ) * 1.0y )
Fitness = 10.7774781174
Avg Fitness = 10.5459416315
Duplicated = 54
============================================================================
Evaluate Gen  74
New Population 428
Better than Dads 112
Best Ind: ( ( 0.25y + ( 0.25y + ( 1.0y + 0.111111111111y ) ) ) * ( ( 1.0x + 1.0x ) + ( ( 1.0x + 0.25y ) + 0.166666666667y ) ) )
Fitness = 9.83735891797
Worst Ind: ( ( ( ( ( 0.5y + 0.333333333333x ) + ( 1.0x + 0.2y ) ) + ( 1.0x + 0.5y ) ) * ( 1.0y + 0.25x ) ) + ( ( ( 1.0x + 0.142857142857y ) + 0.333333333333x ) * ( ( 0.166666666667x + 0.2y ) + ( 0.111111111111x + 0.111111111111y ) ) ) )
Fitness = 10.755202359
Avg Fitness = 10.5242816118
Duplicated = 53
============================================================================
Evaluate Gen  75
New Population 437
Better than Dads 121
Best Ind: ( ( 0.25y + ( 0.25y + ( 1.0y + 0.111111111111y ) ) ) * ( ( 1.0x + 1.0x ) + ( ( 1.0x + 0.25y ) + 0.166666666667y ) ) )
Fitness = 9.83735891797
Worst Ind: ( ( ( 1.0y + 0.5y ) + ( 0.333333333333x + ( 1.0y + ( 0.25y + 0.5y ) ) ) ) * ( 0.111111111111x + ( 1.0x + 0.5y ) ) )
Fitness = 10.7216097142
Avg Fitness = 10.4973172931
Duplicated = 54
============================================================================
Evaluate Gen  76
New Population 439
Better than Dads 122
Best Ind: ( ( 0.25y + ( 0.25y + ( 1.0y + 0.111111111111y ) ) ) * ( ( 1.0x + 1.0x ) + ( ( 1.0x + 0.25y ) + 0.166666666667y ) ) )
Fitness = 9.83735891797
Worst Ind: ( ( ( 1.0x + ( 0.142857142857x + ( 0.333333333333x + 0.166666666667y ) ) ) + ( 0.5x + ( 0.25y + 0.142857142857y ) ) ) * ( 0.25y + ( 0.5x + ( 0.166666666667x + ( 1.0y + 0.166666666667y ) ) ) ) )
Fitness = 10.708071507
Avg Fitness = 10.482488116
Duplicated = 50
============================================================================
Evaluate Gen  77
New Population 430
Better than Dads 120
Best Ind: ( ( 0.25y + ( 0.25y + ( 1.0y + 0.111111111111y ) ) ) * ( ( 1.0x + 1.0x ) + ( ( 1.0x + 0.25y ) + 0.166666666667y ) ) )
Fitness = 9.83735891797
Worst Ind: ( ( ( 0.111111111111x + ( 1.0x + 0.5y ) ) * ( 1.0y + 1.0y ) ) + ( ( 0.25y + 0.5x ) * ( ( 0.166666666667x + ( 1.0x + 0.142857142857y ) ) + ( ( 1.0y + 0.25y ) + ( 0.111111111111x + ( 0.142857142857x + 0.166666666667x ) ) ) ) ) )
Fitness = 10.7000050784
Avg Fitness = 10.4687825179
Duplicated = 48
============================================================================
Evaluate Gen  78
New Population 430
Better than Dads 111
Best Ind: ( ( 0.25y + ( 0.25y + ( 1.0y + 0.111111111111y ) ) ) * ( ( 1.0x + 1.0x ) + ( ( 1.0x + 0.25y ) + 0.166666666667y ) ) )
Fitness = 9.83735891797
Worst Ind: ( ( ( ( 0.333333333333x + ( ( 1.0y + 0.5y ) + 1.0x ) ) + 0.2y ) + ( 1.0x + ( 0.166666666667y + 1.0x ) ) ) * 1.0y )
Fitness = 10.6737061155
Avg Fitness = 10.4491697151
Duplicated = 52
============================================================================
Evaluate Gen  79
New Population 428
Better than Dads 113
Best Ind: ( ( 0.25y + ( 0.25y + ( 1.0y + 0.111111111111y ) ) ) * ( ( 1.0x + 1.0x ) + ( ( 1.0x + 0.25y ) + 0.166666666667y ) ) )
Fitness = 9.83735891797
Worst Ind: ( ( ( 1.0y + ( ( 0.333333333333y + 0.333333333333x ) + 0.166666666667y ) ) + ( 1.0y + ( ( 0.333333333333y + 0.333333333333x ) + 0.166666666667y ) ) ) * ( 0.25y + ( 0.166666666667y + 1.0x ) ) )
Fitness = 10.6536114169
Avg Fitness = 10.4321546054
Duplicated = 52
============================================================================
Evaluate Gen  80
New Population 436
Better than Dads 117
Best Ind: ( ( 0.25y + ( 0.25y + ( 1.0y + 0.111111111111y ) ) ) * ( ( 1.0x + 1.0x ) + ( ( 1.0x + 0.25y ) + 0.166666666667y ) ) )
Fitness = 9.83735891797
Worst Ind: ( ( ( ( ( ( 0.125x + 1.0x ) + 0.142857142857x ) + 0.125x ) + ( 1.0x + ( ( 0.333333333333y + 0.333333333333x ) + 0.166666666667y ) ) ) + ( ( 0.166666666667y + ( 1.0x + 0.5x ) ) + ( 1.0x + 0.5y ) ) ) * 1.0y )
Fitness = 10.636311699
Avg Fitness = 10.4149375659
Duplicated = 60
============================================================================
Evaluate Gen  81
New Population 424
Better than Dads 111
Best Ind: ( ( 0.25y + ( 0.25y + ( 1.0y + 0.111111111111y ) ) ) * ( ( 1.0x + 1.0x ) + ( ( 1.0x + 0.25y ) + 0.166666666667y ) ) )
Fitness = 9.83735891797
Worst Ind: ( ( ( ( 0.5y + 0.142857142857x ) + 0.5x ) + 1.0y ) * ( ( ( ( 0.125x + 1.0x ) + 0.142857142857x ) + 0.125y ) + ( 0.111111111111x + ( 1.0x + 0.333333333333y ) ) ) )
Fitness = 10.6209475018
Avg Fitness = 10.3952261498
Duplicated = 62
============================================================================
Evaluate Gen  82
New Population 448
Better than Dads 128
Best Ind: ( ( 0.25y + ( 0.25y + ( 1.0y + 0.111111111111y ) ) ) * ( ( 1.0x + 1.0x ) + ( ( 1.0x + 0.25y ) + 0.166666666667y ) ) )
Fitness = 9.83735891797
Worst Ind: ( ( ( ( ( 0.5y + 0.142857142857x ) + 0.125x ) + ( 1.0x + ( ( 0.333333333333y + 0.333333333333x ) + 0.166666666667y ) ) ) + ( ( 0.166666666667y + ( 1.0x + 0.5x ) ) + ( 1.0x + 0.5y ) ) ) * 1.0y )
Fitness = 10.598334205
Avg Fitness = 10.3699962608
Duplicated = 63
============================================================================
Evaluate Gen  83
New Population 439
Better than Dads 126
Best Ind: ( ( 0.25y + ( 0.25y + ( 1.0y + 0.111111111111y ) ) ) * ( ( 1.0x + 1.0x ) + ( ( 1.0x + 0.25y ) + 0.166666666667y ) ) )
Fitness = 9.83735891797
Worst Ind: ( ( ( ( 1.0y + ( ( 0.333333333333y + 0.333333333333x ) + ( 0.142857142857y + 0.125y ) ) ) + 0.5y ) * ( ( 1.0x + 0.5y ) + 0.333333333333x ) ) + ( ( 0.25y + 0.5x ) * ( ( 0.166666666667x + 0.2y ) + ( 1.0y + 0.111111111111y ) ) ) )
Fitness = 10.5798385029
Avg Fitness = 10.3583699823
Duplicated = 69
============================================================================
Evaluate Gen  84
New Population 428
Better than Dads 117
Best Ind: ( ( 0.25y + ( 0.25y + ( 1.0y + 0.111111111111y ) ) ) * ( ( 1.0x + 1.0x ) + ( ( 1.0x + 0.25y ) + 0.166666666667y ) ) )
Fitness = 9.83735891797
Worst Ind: ( ( ( ( 1.0y + ( 1.0y + 0.333333333333y ) ) + 0.333333333333y ) * ( 1.0x + 0.5y ) ) + ( ( 1.0y + 0.111111111111y ) * ( 0.25x + 0.5x ) ) )
Fitness = 10.5697926126
Avg Fitness = 10.3412740106
Duplicated = 67
============================================================================
Evaluate Gen  85
New Population 425
Better than Dads 110
Best Ind: ( ( 0.25y + ( 0.25y + ( 1.0y + 0.111111111111y ) ) ) * ( ( 1.0x + 1.0x ) + ( ( 1.0x + 0.25y ) + 0.166666666667y ) ) )
Fitness = 9.83735891797
Worst Ind: ( ( ( ( ( 0.166666666667y + 1.0x ) + 0.125x ) + ( 1.0x + 0.125y ) ) + ( ( 1.0x + 0.142857142857y ) + ( 0.25y + ( 1.0x + 0.125y ) ) ) ) * ( 1.0y + 0.25x ) )
Fitness = 10.5630202719
Avg Fitness = 10.3257994848
Duplicated = 66
============================================================================
Evaluate Gen  86
New Population 428
Better than Dads 117
Best Ind: ( ( 0.25y + ( 0.25y + ( 1.0y + 0.111111111111y ) ) ) * ( ( 1.0x + 1.0x ) + ( ( 1.0x + 0.25y ) + 0.166666666667y ) ) )
Fitness = 9.83735891797
Worst Ind: ( ( ( ( 1.0y + ( ( 0.333333333333y + 0.333333333333x ) + ( 0.142857142857y + 0.125y ) ) ) + 0.5y ) * ( ( 1.0x + 0.333333333333y ) + 0.333333333333x ) ) + ( ( 0.25y + 0.5x ) * ( ( 0.166666666667x + 1.0x ) + ( 1.0y + 0.111111111111y ) ) ) )
Fitness = 10.543322681
Avg Fitness = 10.3122807663
Duplicated = 63
============================================================================
Evaluate Gen  87
New Population 424
Better than Dads 110
Best Ind: ( ( ( 1.0x + ( 1.0x + 1.0x ) ) + ( ( 0.166666666667y + 1.0x ) + ( 0.25y + ( 1.0x + 0.125y ) ) ) ) * 1.0y )
Fitness = 9.74850126363
Worst Ind: ( ( 1.0y + ( 1.0y + ( 0.166666666667x * 0.1x ) ) ) * ( ( 1.0x + 0.142857142857y ) + ( ( ( ( 0.5y + 0.142857142857x ) + 0.125x ) + 0.5x ) + 0.166666666667y ) ) )
Fitness = 10.5188906862
Avg Fitness = 10.295213055
Duplicated = 60
============================================================================
Evaluate Gen  88
New Population 421
Better than Dads 109
Best Ind: ( ( ( 1.0x + ( 1.0x + 1.0x ) ) + ( ( 0.166666666667y + 1.0x ) + ( 0.25y + ( 1.0x + 0.125y ) ) ) ) * 1.0y )
Fitness = 9.74850126363
Worst Ind: ( ( ( ( ( 0.5y + ( 0.166666666667x + 1.0x ) ) + 0.125x ) + ( 1.0x + 0.5y ) ) + ( ( 1.0x + 0.142857142857y ) + ( 0.25y + ( 1.0x + 0.125y ) ) ) ) * 1.0y )
Fitness = 10.5024048062
Avg Fitness = 10.2862978152
Duplicated = 60
============================================================================
Evaluate Gen  89
New Population 430
Better than Dads 115
Best Ind: ( ( ( 1.0x + ( 1.0x + 1.0x ) ) + ( ( 0.166666666667y + 1.0x ) + ( 0.25y + ( 1.0x + 0.125y ) ) ) ) * 1.0y )
Fitness = 9.74850126363
Worst Ind: ( ( ( ( 1.0x + 0.125x ) + 1.0x ) + ( ( 0.166666666667y + 1.0x ) + ( 0.25y + ( 1.0x + 0.125y ) ) ) ) * 1.0y )
Fitness = 10.4691694818
Avg Fitness = 10.2683723519
Duplicated = 60
============================================================================
Evaluate Gen  90
New Population 422
Better than Dads 112
Best Ind: ( ( ( ( 0.333333333333x + 0.125x ) + ( 1.0x + ( 0.333333333333x + ( 1.0x + 0.5x ) ) ) ) + ( ( 0.166666666667y + 1.0x ) + ( 0.25y + ( 1.0x + 0.125y ) ) ) ) * 1.0y )
Fitness = 9.74736316363
Worst Ind: ( ( ( ( 0.125x + 1.0x ) + 1.0y ) + ( ( ( ( 1.0x + 0.142857142857y ) + ( 0.166666666667y + 0.5x ) ) + 0.166666666667y ) + 1.0x ) ) * 1.0y )
Fitness = 10.4573395467
Avg Fitness = 10.2531227307
Duplicated = 57
============================================================================
Evaluate Gen  91
New Population 414
Better than Dads 98
Best Ind: ( ( ( ( 0.333333333333x + 0.125x ) + ( 1.0x + ( 0.333333333333x + ( 1.0x + 0.5x ) ) ) ) + ( ( 0.166666666667y + 1.0x ) + ( 0.25y + ( 1.0x + 0.125y ) ) ) ) * 1.0y )
Fitness = 9.74736316363
Worst Ind: ( ( ( 0.5y + ( 1.0x + 0.5x ) ) + ( ( 0.333333333333x + ( 1.0x + 0.5x ) ) + 1.0x ) ) * 1.0y )
Fitness = 10.4308322182
Avg Fitness = 10.236792065
Duplicated = 56
============================================================================
Evaluate Gen  92
New Population 419
Better than Dads 114
Best Ind: ( ( ( ( 0.333333333333x + 0.125x ) + ( 1.0x + ( 0.333333333333x + ( 1.0x + 0.5x ) ) ) ) + ( ( 0.166666666667y + 1.0x ) + ( 0.25y + ( 1.0x + 0.125y ) ) ) ) * 1.0y )
Fitness = 9.74736316363
Worst Ind: ( ( 1.0y + ( 0.5y + 0.142857142857y ) ) * ( ( ( ( 0.333333333333y + 0.142857142857y ) + 0.166666666667y ) + ( ( ( 0.111111111111y + 0.333333333333x ) + ( 0.333333333333x + 1.0x ) ) + ( 0.166666666667x + 0.1x ) ) ) + 0.333333333333x ) )
Fitness = 10.4194694968
Avg Fitness = 10.2288796165
Duplicated = 56
============================================================================
Evaluate Gen  93
New Population 429
Better than Dads 119
Best Ind: ( ( ( ( 0.333333333333x + 0.125x ) + ( 1.0x + ( 0.333333333333x + ( 1.0x + 0.5x ) ) ) ) + ( ( 0.166666666667y + 1.0x ) + ( 0.25y + ( 1.0x + 0.125y ) ) ) ) * 1.0y )
Fitness = 9.74736316363
Worst Ind: ( ( ( ( ( 0.25y + ( 0.166666666667y + 1.0x ) ) + ( 0.5x * 1.0x ) ) + 0.166666666667y ) + ( 1.0x + ( 0.125x + 1.0x ) ) ) * ( ( 0.166666666667x + 0.2y ) + ( 1.0y + 0.111111111111y ) ) )
Fitness = 10.4074733967
Avg Fitness = 10.2209448081
Duplicated = 61
============================================================================
Evaluate Gen  94
New Population 423
Better than Dads 114
Best Ind: ( ( ( ( 0.333333333333x + 0.125x ) + ( 1.0x + ( 0.333333333333x + ( 1.0x + 0.5x ) ) ) ) + ( ( 0.166666666667y + 1.0x ) + ( 0.25y + ( 1.0x + 0.125y ) ) ) ) * 1.0y )
Fitness = 9.74736316363
Worst Ind: ( ( 1.0y + ( 1.0y + ( ( 0.25y + 0.5y ) * 0.1x ) ) ) * ( ( 1.0x + 0.142857142857y ) + ( ( 0.25y + ( 0.166666666667y + 1.0x ) ) + 0.142857142857y ) ) )
Fitness = 10.3968152839
Avg Fitness = 10.2144904428
Duplicated = 62
============================================================================
Evaluate Gen  95
New Population 439
Better than Dads 124
Best Ind: ( ( ( ( 0.333333333333x + 0.125x ) + ( 1.0x + ( 0.333333333333x + ( 1.0x + 0.5x ) ) ) ) + ( ( 0.166666666667y + 1.0x ) + ( 0.25y + ( 1.0x + 0.125y ) ) ) ) * 1.0y )
Fitness = 9.74736316363
Worst Ind: ( ( ( ( 1.0y + ( 0.166666666667y + 1.0x ) ) + ( 0.166666666667y * ( ( 0.166666666667x + 0.2y ) + ( 0.111111111111x + 0.111111111111y ) ) ) ) + ( ( 0.333333333333x + ( 1.0x + 0.5x ) ) + 1.0x ) ) * 1.0y )
Fitness = 10.3799592281
Avg Fitness = 10.204645645
Duplicated = 61
============================================================================
Evaluate Gen  96
New Population 427
Better than Dads 118
Best Ind: ( ( ( ( 0.333333333333x + 0.125x ) + ( 1.0x + ( 0.333333333333x + ( 1.0x + 0.5x ) ) ) ) + ( ( 0.166666666667y + 1.0x ) + ( 0.25y + ( 1.0x + 0.125y ) ) ) ) * 1.0y )
Fitness = 9.74736316363
Worst Ind: ( ( ( 1.0x + ( 0.2y + ( 0.333333333333x + 0.166666666667y ) ) ) + 0.2x ) * ( ( 1.0y + ( ( 0.166666666667x + 0.2y ) + ( 0.5y + 0.5y ) ) ) + 0.25y ) )
Fitness = 10.3651024596
Avg Fitness = 10.1951002981
Duplicated = 65
============================================================================
Evaluate Gen  97
New Population 439
Better than Dads 121
Best Ind: ( ( ( ( 0.333333333333x + 0.125x ) + ( 1.0x + ( 0.333333333333x + ( 1.0x + 0.5x ) ) ) ) + ( ( 0.166666666667y + 1.0x ) + ( 0.25y + ( 1.0x + 0.125y ) ) ) ) * 1.0y )
Fitness = 9.74736316363
Worst Ind: ( ( ( ( 0.333333333333x + 0.125x ) + ( 1.0x + ( ( 0.333333333333y + 0.333333333333x ) + 0.5y ) ) ) + ( ( 0.166666666667y + 1.0x ) + ( 0.25y + ( 1.0x + 0.125y ) ) ) ) * 1.0y )
Fitness = 10.3503147241
Avg Fitness = 10.1773846473
Duplicated = 66
============================================================================
Evaluate Gen  98
New Population 441
Better than Dads 121
Best Ind: ( ( ( ( 0.333333333333x + 0.125x ) + ( 1.0x + ( 0.333333333333x + ( 1.0x + 0.5x ) ) ) ) + ( ( 0.166666666667y + 1.0x ) + ( 0.25y + ( 1.0x + 0.125y ) ) ) ) * 1.0y )
Fitness = 9.74736316363
Worst Ind: ( ( 1.0y + 1.0y ) * ( ( ( ( ( 0.333333333333x + 0.166666666667y ) + 1.0x ) + ( 0.25y + 0.5x ) ) + 0.5x ) + 0.2y ) )
Fitness = 10.3262688024
Avg Fitness = 10.1611899535
Duplicated = 70
============================================================================
Evaluate Gen  99
New Population 435
Better than Dads 128
Best Ind: ( ( ( ( 0.333333333333x + 0.125x ) + ( 1.0x + ( 0.333333333333x + ( 1.0x + 0.5x ) ) ) ) + ( ( 0.166666666667y + 1.0x ) + ( 0.25y + ( 1.0x + 0.125y ) ) ) ) * 1.0y )
Fitness = 9.74736316363
Worst Ind: ( ( 0.5x + ( 0.166666666667y + 1.0x ) ) * ( ( ( 0.333333333333y + 0.5y ) + ( 1.0y + ( 0.166666666667x * 0.5y ) ) ) + ( ( ( 0.25x + 0.5x ) * 1.0y ) + ( ( 0.5y + 0.5y ) + 0.5y ) ) ) )
Fitness = 10.3179694593
Avg Fitness = 10.1548910427
Duplicated = 69
============================================================================
Evaluate Gen  100
New Population 432
Better than Dads 109
Best Ind: ( ( ( ( 0.333333333333x + 0.125x ) + ( 1.0x + ( 0.333333333333x + ( 1.0x + 0.5x ) ) ) ) + ( ( 0.166666666667y + 1.0x ) + ( 0.25y + ( 1.0x + 0.125y ) ) ) ) * 1.0y )
Fitness = 9.74736316363
Worst Ind: ( ( ( ( 0.166666666667y + 0.125x ) + ( ( 1.0x + 0.125y ) + 0.5y ) ) + ( ( 1.0x + ( 0.166666666667y + 1.0x ) ) + ( 0.25y + ( 1.0x + 0.125y ) ) ) ) * 1.0y )
Fitness = 10.2896762995
Avg Fitness = 10.136998721
Duplicated = 71
