dataset_file= dataset/SR_div.txt
population= 50
generations= 100
tournament_size= 7
cross_over= 0.9
mutation= 0.05
elitism= True
(50, 2)
============================================================================
Build initial population
ind: 1
( ( 1.0x + 0.2x ) * ( ( 0.2y * 0.111111111111y ) + ( 0.5y + ( 0.166666666667y + 0.1y ) ) ) )
ind: 2
( ( 0.1y + ( 0.1x + ( 0.111111111111x + ( ( 1.0x + 0.166666666667x ) * ( 1.0y * 1.0y ) ) ) ) ) + ( 0.111111111111y + 0.166666666667y ) )
ind: 3
( 0.333333333333y * ( 0.5x + ( ( 1.0y * 0.125y ) + 0.1x ) ) )
ind: 4
( ( 0.1x + 0.2y ) * 1.0x )
ind: 5
( ( ( 0.2x + ( 0.25x * 0.5y ) ) * 0.111111111111y ) * 0.111111111111y )
ind: 6
( 0.111111111111y * ( ( ( 0.111111111111x * 0.111111111111x ) * 0.333333333333x ) * 0.166666666667x ) )
ind: 7
( 0.333333333333y * ( 0.111111111111x * ( ( ( 0.2x * 0.1y ) + ( 0.166666666667y + 0.5y ) ) + 0.25x ) ) )
ind: 8
( 0.2x + ( ( ( 0.25y + ( 0.5x + 0.142857142857x ) ) * ( ( 0.166666666667y + 0.111111111111x ) + ( ( 0.2x + 0.142857142857x ) + 0.1x ) ) ) + 0.25y ) )
ind: 9
( 0.5x + ( 1.0y * ( 0.5x + ( ( 0.5y + 0.125y ) + ( ( 0.125y + 0.5x ) + 0.166666666667y ) ) ) ) )
ind: 10
( 0.111111111111y + ( 0.25x + ( 0.5x * 0.166666666667x ) ) )
ind: 11
( ( ( ( ( 0.142857142857x + 0.25x ) * ( 0.1y * ( 1.0y * 0.111111111111x ) ) ) + ( 0.25y * 0.333333333333y ) ) + ( ( ( ( 0.5y * 0.25y ) * ( 0.2y * 0.25y ) ) * 0.5x ) + 1.0x ) ) + ( ( ( ( 0.111111111111x + 0.1y ) + ( 0.111111111111x + ( 1.0y * 0.125y ) ) ) * ( 0.333333333333x * 0.166666666667y ) ) * 0.125x ) )
ind: 12
( 0.2x + ( ( ( ( ( 0.25x + 0.166666666667x ) * ( 0.2x + 0.25x ) ) * 0.166666666667y ) * 0.1y ) + 0.25x ) )
ind: 13
( ( ( 0.333333333333x + ( 0.2y * 0.25y ) ) * 0.5x ) * ( ( 0.166666666667x * ( ( 0.25y + ( 0.1y + 0.125x ) ) * 0.166666666667y ) ) + 0.1y ) )
ind: 14
( 0.2y * ( 0.111111111111y + ( 0.333333333333x * ( 0.2x * ( 0.166666666667y * ( 0.5y * 0.2x ) ) ) ) ) )
ind: 15
( ( ( 0.2y + ( 0.166666666667x * ( 0.166666666667y * ( 0.111111111111x + 0.2y ) ) ) ) + ( ( ( ( 0.25y + 1.0y ) * ( 0.111111111111y + 0.111111111111x ) ) + ( 0.142857142857y + ( 0.111111111111y * 0.5y ) ) ) * ( ( 0.166666666667x * ( 0.25x * 0.2y ) ) * ( ( 0.333333333333x * 0.333333333333y ) * ( 0.111111111111y + 0.25x ) ) ) ) ) * 0.5y )
ind: 16
( ( 0.166666666667y * 0.333333333333x ) * ( ( ( 1.0x * ( 0.25x + 0.166666666667x ) ) + 0.142857142857y ) * ( ( ( 0.125x * ( 0.166666666667x * 0.25x ) ) + 0.5x ) * 0.166666666667y ) ) )
ind: 17
( ( ( ( ( 0.1y * ( 0.142857142857y * 0.125y ) ) + ( ( 1.0x * 0.111111111111x ) * 0.333333333333x ) ) + ( ( 1.0x + 0.333333333333y ) + 0.333333333333y ) ) * 0.5x ) * 0.166666666667x )
ind: 18
( 0.166666666667y + 0.111111111111x )
ind: 19
( 0.166666666667y * 0.125x )
ind: 20
( ( 1.0x * 1.0x ) + ( 0.125y + ( ( ( 0.2y + 0.125x ) + ( 0.166666666667y + ( 0.2y * 0.333333333333y ) ) ) + 0.333333333333y ) ) )
ind: 21
( ( 0.1y * 0.166666666667y ) + ( 1.0y * ( 0.125y * ( ( ( 0.142857142857x + 0.111111111111x ) + ( 0.111111111111x + 0.111111111111x ) ) + ( ( 0.125y * 0.25x ) * 0.2x ) ) ) ) )
ind: 22
( ( ( 0.142857142857y + 0.142857142857y ) * 0.5y ) + 1.0x )
ind: 23
( ( ( 0.166666666667y * ( 0.111111111111x + ( ( 1.0y * 0.166666666667x ) * 0.2x ) ) ) + ( 0.2x + 0.142857142857y ) ) * 0.142857142857y )
ind: 24
( 0.25x + ( 0.1x * 0.166666666667y ) )
ind: 25
( ( ( ( ( ( 0.1x * 0.333333333333y ) * ( 0.1y * 0.5y ) ) + 0.25x ) * ( ( 0.166666666667y + 0.25y ) + 0.5x ) ) + 0.111111111111x ) * 0.142857142857y )
ind: 26
( ( ( ( ( 0.166666666667x * ( 0.166666666667y + 0.25x ) ) * 0.125y ) * 0.25y ) + 0.5x ) * 1.0x )
ind: 27
( ( ( ( 1.0y + ( 0.25x * 0.25x ) ) + ( ( ( 0.333333333333x * 0.5x ) * ( 0.142857142857x + 0.142857142857y ) ) * 1.0x ) ) * ( 0.166666666667y + ( ( ( 0.1x + 0.5x ) * ( 0.125x + 0.166666666667y ) ) * 0.142857142857x ) ) ) + 0.2x )
ind: 28
( ( ( 0.333333333333y + 0.5x ) + 0.5y ) * ( 0.142857142857y + ( 0.142857142857y + ( 0.125y + 0.333333333333y ) ) ) )
ind: 29
( ( 0.5y + 0.5y ) * 0.111111111111x )
ind: 30
( ( ( ( 0.5y * 0.125y ) + 0.5x ) * 0.111111111111x ) + 0.125x )
ind: 31
( 0.1x + 0.333333333333y )
ind: 32
( ( ( 0.166666666667y + ( 0.142857142857x * 0.166666666667x ) ) + ( ( ( 0.2x * ( 0.166666666667y + 0.2y ) ) * ( ( 0.125x + 0.333333333333x ) * 1.0x ) ) + 0.5y ) ) * 0.111111111111y )
ind: 33
( 0.25y * ( 0.5x * ( ( ( 0.111111111111x + ( 0.166666666667x * 0.111111111111x ) ) * 0.2y ) + 0.142857142857y ) ) )
ind: 34
( 0.125y * ( ( ( 0.25x + 0.111111111111y ) + ( ( 0.111111111111x * 0.125x ) + 0.142857142857x ) ) * 1.0y ) )
ind: 35
( ( ( 0.166666666667x + 0.125y ) * ( ( ( ( 0.142857142857y * 0.1x ) * 1.0y ) * 0.2y ) * 0.125x ) ) * ( ( ( ( ( 0.333333333333x * 0.5y ) + 0.1y ) * 0.142857142857x ) + 0.5y ) * 0.5y ) )
ind: 36
( ( ( 0.125x + 0.333333333333y ) + 0.5y ) + 0.142857142857y )
ind: 37
( ( 0.25x * ( ( ( 0.125y + ( 0.25x * 0.5x ) ) + 0.111111111111x ) + ( 0.166666666667x + 0.333333333333y ) ) ) + 0.25x )
ind: 38
( ( 0.125x + ( 0.142857142857x * 0.1x ) ) * 0.142857142857y )
ind: 39
( ( ( 0.111111111111x * ( 0.2x * 0.166666666667x ) ) + 0.5y ) + 0.5x )
ind: 40
( 0.1y * 0.5x )
ind: 41
( ( ( ( ( ( 0.5y * 0.125y ) + ( 1.0x * 0.25x ) ) + 0.125y ) * ( 0.111111111111x + ( ( 0.25x * 0.333333333333x ) + ( 0.142857142857x * 1.0x ) ) ) ) + 0.125y ) * ( ( ( 0.1x * 0.142857142857x ) * 0.2y ) + 0.111111111111y ) )
ind: 42
( ( ( 0.25y * ( 0.1x * ( ( 0.5x + 1.0y ) + 0.142857142857x ) ) ) + ( ( ( ( 0.5x * 0.111111111111x ) * 0.25x ) * ( 0.111111111111y + ( 0.5x + 0.1x ) ) ) * 1.0y ) ) + 0.125y )
ind: 43
( 0.1y * ( 1.0y + 0.5x ) )
ind: 44
( ( ( ( 0.125y + ( ( 0.1y * 0.142857142857x ) * ( 0.25x + 0.25x ) ) ) + ( ( ( 0.142857142857y + 0.166666666667y ) + 1.0y ) * ( 0.333333333333y + ( 0.2x * 0.166666666667x ) ) ) ) + 0.166666666667y ) * ( ( 0.1x + ( 0.5y * ( ( 0.125x * 0.1y ) * ( 0.125y + 0.1y ) ) ) ) * 0.333333333333x ) )
ind: 45
( ( 0.5y * 0.166666666667y ) * ( 1.0y * ( ( 0.111111111111x * ( 0.125y * ( 0.166666666667x * 0.166666666667y ) ) ) + ( 0.1x * ( ( 0.1x * 0.2y ) * ( 0.125y * 0.25x ) ) ) ) ) )
ind: 46
( ( 0.142857142857y * 0.333333333333y ) * ( ( ( ( 0.125y + 0.125y ) * ( 0.5x + ( 1.0y * 0.111111111111x ) ) ) + ( ( ( 0.25x * 0.5x ) * ( 0.25x * 0.142857142857x ) ) + ( ( 0.1x + 1.0x ) + ( 0.111111111111y * 0.25y ) ) ) ) * ( 0.142857142857x + 0.25x ) ) )
ind: 47
( 0.125x + ( ( ( ( ( 0.111111111111x + 0.166666666667y ) + 0.166666666667y ) * ( 0.333333333333x + ( 0.25y + 0.333333333333y ) ) ) + ( 0.333333333333y * 0.125x ) ) + ( 0.1x + 0.25y ) ) )
ind: 48
( 1.0x + 1.0y )
ind: 49
( ( 0.1y + 0.125x ) + 0.333333333333x )
ind: 50
( 0.1y + 0.166666666667x )
Best Ind: ( 0.5x + ( 1.0y * ( 0.5x + ( ( 0.5y + 0.125y ) + ( ( 0.125y + 0.5x ) + 0.166666666667y ) ) ) ) )
Fitness = 24.2954376053
Worst Ind: ( ( 0.5y * 0.166666666667y ) * ( 1.0y * ( ( 0.111111111111x * ( 0.125y * ( 0.166666666667x * 0.166666666667y ) ) ) + ( 0.1x * ( ( 0.1x * 0.2y ) * ( 0.125y * 0.25x ) ) ) ) ) )
Fitness = 49.9999976519
Avg Fitness = 47.3415958095
Duplicated = 0
============================================================================
Evaluate Gen  1
New Population 77
Better than Dads 15
Best Ind: ( 0.5x + ( 1.0y * ( 0.5x + ( ( 0.5y + 0.125y ) + ( ( 0.125y + 0.5x ) + 0.166666666667y ) ) ) ) )
Fitness = 24.2954376053
Worst Ind: ( ( 0.1y * 0.166666666667y ) + ( 1.0y * ( 0.125y * ( ( ( 0.142857142857x + 0.111111111111x ) + ( 0.111111111111x + 0.111111111111x ) ) + ( ( 0.125y * 0.25x ) * 0.2x ) ) ) ) )
Fitness = 49.5642246577
Avg Fitness = 46.3130151949
Duplicated = 2
============================================================================
Evaluate Gen  2
New Population 83
Better than Dads 19
Best Ind: ( 0.5x + ( 1.0y * ( 0.5x + ( ( 0.5y + 0.125y ) + ( ( 0.125y + 0.5x ) + 0.166666666667y ) ) ) ) )
Fitness = 24.2954376053
Worst Ind: ( 1.0y + ( 0.25x * 0.25x ) )
Fitness = 48.3035355357
Avg Fitness = 45.0224373553
Duplicated = 1
============================================================================
Evaluate Gen  3
New Population 80
Better than Dads 16
Best Ind: ( 0.5x + ( 1.0y * ( 0.5x + ( ( 0.5y + 0.125y ) + ( ( 0.125y + 0.5x ) + 0.166666666667y ) ) ) ) )
Fitness = 24.2954376053
Worst Ind: ( 1.0x + 1.0y )
Fitness = 47.5161262032
Avg Fitness = 43.936046977
Duplicated = 1
============================================================================
Evaluate Gen  4
New Population 78
Better than Dads 18
Best Ind: ( 0.5x + ( 1.0y * ( 0.5x + ( ( 0.5y + 0.125y ) + ( ( 0.125y + 0.5x ) + 0.166666666667y ) ) ) ) )
Fitness = 24.2954376053
Worst Ind: ( 0.2y * ( ( ( 0.111111111111x * ( 0.2x * 0.166666666667x ) ) + 0.5y ) + 0.5x ) )
Fitness = 46.531435715
Avg Fitness = 42.8212261222
Duplicated = 5
============================================================================
Evaluate Gen  5
New Population 82
Better than Dads 20
Best Ind: ( 0.5x + ( 1.0y * ( 0.5x + ( ( 0.5y + 0.125y ) + ( ( 0.125y + 0.5x ) + 0.166666666667y ) ) ) ) )
Fitness = 24.2954376053
Worst Ind: ( ( ( ( ( ( 0.5y * 0.25y ) + 1.0x ) + 0.125x ) * 1.0x ) + 0.5x ) * 1.0x )
Fitness = 44.8629145733
Avg Fitness = 41.4843202249
Duplicated = 4
============================================================================
Evaluate Gen  6
New Population 82
Better than Dads 19
Best Ind: ( 0.5x + ( 1.0y * ( 0.5x + ( ( 0.5y + 0.125y ) + ( ( 0.125y + 0.5x ) + 0.166666666667y ) ) ) ) )
Fitness = 24.2954376053
Worst Ind: ( ( 0.1y * ( 1.0y + 0.5x ) ) + ( ( ( 0.25y + ( 0.111111111111x + 0.142857142857x ) ) * ( ( 0.166666666667y + 0.111111111111x ) + ( ( 0.1x + 0.142857142857x ) + 0.1x ) ) ) + 0.25y ) )
Fitness = 42.953971495
Avg Fitness = 39.9938675388
Duplicated = 2
============================================================================
Evaluate Gen  7
New Population 82
Better than Dads 19
Best Ind: ( 0.5x + ( 1.0y * ( 0.5x + ( ( 0.5y + 0.125y ) + ( ( 0.125y + 0.5x ) + 0.166666666667y ) ) ) ) )
Fitness = 24.2954376053
Worst Ind: ( ( 0.125x + 0.1y ) + ( ( ( ( 0.111111111111x + 0.166666666667y ) + 0.166666666667y ) * ( 0.333333333333x + ( 0.25y + 0.333333333333y ) ) ) + 0.5x ) )
Fitness = 41.8794762701
Avg Fitness = 38.7995218794
Duplicated = 2
============================================================================
Evaluate Gen  8
New Population 78
Better than Dads 15
Best Ind: ( 0.5x + ( 1.0y * ( 0.5x + ( ( 0.5y + 0.125y ) + ( ( 0.125y + 0.5x ) + 0.166666666667y ) ) ) ) )
Fitness = 24.2954376053
Worst Ind: ( ( ( ( ( ( 0.142857142857y + 0.142857142857y ) * 0.5y ) * 0.25y ) + 1.0x ) + 0.125x ) * 1.0x )
Fitness = 40.4277362289
Avg Fitness = 37.8840706112
Duplicated = 3
============================================================================
Evaluate Gen  9
New Population 81
Better than Dads 20
Best Ind: ( 0.5x + ( 1.0y * ( 0.5x + ( ( 0.5y + 0.125y ) + ( ( 0.125y + 0.5x ) + 0.166666666667y ) ) ) ) )
Fitness = 24.2954376053
Worst Ind: ( ( ( 1.0x + ( 0.5y + 0.142857142857y ) ) * ( 0.166666666667y + 0.25x ) ) + ( 0.125y + ( ( ( 0.2y + 0.125x ) + ( 0.166666666667y + ( 0.2y * 0.333333333333y ) ) ) + 0.333333333333y ) ) )
Fitness = 39.7415233568
Avg Fitness = 36.4780454751
Duplicated = 3
============================================================================
Evaluate Gen  10
New Population 80
Better than Dads 22
Best Ind: ( ( ( ( ( 0.2y * 0.5x ) + 1.0x ) + 0.2x ) * ( 1.0x + ( 0.5y + ( 0.166666666667y + 0.1y ) ) ) ) + ( ( ( 0.25y + ( 0.5x + 0.142857142857x ) ) * ( ( ( 1.0x * 1.0x ) + 0.5y ) + ( ( 0.2x + 0.142857142857x ) + 0.1x ) ) ) + 0.25y ) )
Fitness = 23.173182833
Worst Ind: ( ( ( ( 0.1x + 0.25y ) + ( 0.25y * 0.333333333333y ) ) + ( ( ( ( 0.111111111111x + 0.166666666667y ) + 0.166666666667y ) * ( 0.333333333333x + ( 0.25y + 0.333333333333y ) ) ) + 1.0x ) ) + ( ( ( ( 0.111111111111x + 0.1y ) + ( 0.111111111111x + ( 1.0y * 0.125y ) ) ) * ( 0.333333333333x * 0.166666666667y ) ) * 0.125x ) )
Fitness = 38.9125130675
Avg Fitness = 35.2220093405
Duplicated = 0
============================================================================
Evaluate Gen  11
New Population 80
Better than Dads 21
Best Ind: ( ( ( ( ( 0.2y * 0.5x ) + 1.0x ) + 0.2x ) * ( 1.0x + ( 0.5y + ( 0.166666666667y + 0.1y ) ) ) ) + ( ( ( 0.25y + ( 0.5x + 0.142857142857x ) ) * ( ( ( 1.0x * 1.0x ) + 0.5y ) + ( ( 0.2x + 0.142857142857x ) + 0.1x ) ) ) + 0.25y ) )
Fitness = 23.173182833
Worst Ind: ( ( ( ( 0.1y * ( 0.5y + 0.166666666667y ) ) + 1.0x ) + ( 0.111111111111x + 0.166666666667y ) ) * ( ( 0.2y * 0.111111111111y ) + ( 0.5y + ( 0.166666666667y + 0.1y ) ) ) )
Fitness = 37.996621254
Avg Fitness = 33.8388821233
Duplicated = 3
============================================================================
Evaluate Gen  12
New Population 85
Better than Dads 24
Best Ind: ( ( ( ( ( 0.2y * 0.5x ) + 1.0x ) + 0.2x ) * ( 1.0x + ( 0.5y + ( 0.166666666667y + 0.1y ) ) ) ) + ( ( ( 0.25y + ( 0.5x + 0.142857142857x ) ) * ( ( ( 1.0x * 1.0x ) + 0.5y ) + ( ( 0.2x + 0.142857142857x ) + 0.1x ) ) ) + 0.25y ) )
Fitness = 23.173182833
Worst Ind: ( ( 1.0x + ( 0.5x + ( ( ( 0.25y + 0.333333333333y ) * 0.125y ) + 0.1x ) ) ) * ( ( 0.2y * 0.111111111111y ) + ( 0.5y + ( 0.166666666667y + 0.1y ) ) ) )
Fitness = 36.9410505766
Avg Fitness = 32.4437178232
Duplicated = 4
============================================================================
Evaluate Gen  13
New Population 80
Better than Dads 20
Best Ind: ( ( 1.0x + ( 0.5x + ( ( 1.0y * 0.125y ) + 1.0x ) ) ) * ( ( 0.2y * 0.111111111111y ) + ( 0.5y + ( ( 0.5y + 0.166666666667y ) + 0.1y ) ) ) )
Fitness = 20.3362961126
Worst Ind: ( 0.125x + ( ( ( ( ( 0.111111111111x + 0.166666666667y ) + 0.166666666667y ) * ( 0.333333333333x + ( 0.25y + 0.333333333333y ) ) ) + ( 0.333333333333y * 1.0y ) ) + 0.125y ) )
Fitness = 35.7687916406
Avg Fitness = 30.7354978511
Duplicated = 4
============================================================================
Evaluate Gen  14
New Population 83
Better than Dads 23
Best Ind: ( ( 1.0x + ( 0.5x + ( ( 1.0y * 0.125y ) + 1.0x ) ) ) * ( ( 0.2y * 0.111111111111y ) + ( 0.5y + ( ( 0.5y + 0.166666666667y ) + 0.1y ) ) ) )
Fitness = 20.3362961126
Worst Ind: ( ( ( 0.333333333333y + 0.5x ) + 0.5y ) * ( 0.142857142857y + ( 0.142857142857y + ( 0.125y + 0.333333333333y ) ) ) )
Fitness = 32.8156712649
Avg Fitness = 29.4277340563
Duplicated = 3
============================================================================
Evaluate Gen  15
New Population 78
Better than Dads 20
Best Ind: ( ( ( ( ( 0.111111111111x + 0.166666666667y ) + 1.0x ) * ( 1.0x + 1.0y ) ) + 0.125x ) + ( ( ( 0.333333333333y + 0.5x ) + 0.5y ) * ( 0.142857142857y + ( 0.142857142857y + ( 0.125y + 0.333333333333y ) ) ) ) )
Fitness = 15.3074277759
Worst Ind: ( ( ( ( 1.0x * 1.0x ) + ( ( 1.0y * 0.125y ) + 0.1x ) ) + ( ( ( ( 0.111111111111x + 0.166666666667y ) + 0.166666666667y ) * ( ( 1.0x * 1.0x ) + ( 0.25y + 0.333333333333y ) ) ) + 0.125x ) ) + ( ( 0.25x * ( 0.333333333333x + ( 0.25y + 0.333333333333y ) ) ) + ( 0.333333333333y * 0.125x ) ) )
Fitness = 31.3280431303
Avg Fitness = 27.9568098354
Duplicated = 3
============================================================================
Evaluate Gen  16
New Population 79
Better than Dads 23
Best Ind: ( ( ( ( ( 0.111111111111x + 0.166666666667y ) + 1.0x ) * ( 1.0x + 1.0y ) ) + 0.125x ) + ( ( ( 0.333333333333y + 0.5x ) + 0.5y ) * ( 0.142857142857y + ( 0.142857142857y + ( 0.125y + 0.333333333333y ) ) ) ) )
Fitness = 15.3074277759
Worst Ind: ( ( 1.0x + ( 0.5x + ( ( 1.0y * 0.125y ) + 1.0x ) ) ) * ( ( 0.2y * 0.111111111111y ) + ( 0.5y + ( 0.166666666667y + 0.125x ) ) ) )
Fitness = 30.5085957911
Avg Fitness = 27.0453534888
Duplicated = 1
============================================================================
Evaluate Gen  17
New Population 83
Better than Dads 20
Best Ind: ( ( ( ( ( 0.111111111111x + 0.166666666667y ) + 1.0x ) * ( 1.0x + 1.0y ) ) + 0.125x ) + ( ( ( 0.333333333333y + 0.5x ) + 0.5y ) * ( 0.142857142857y + ( 0.142857142857y + ( 0.125y + 0.333333333333y ) ) ) ) )
Fitness = 15.3074277759
Worst Ind: ( 0.5x + ( 0.25y + ( ( ( ( 1.0y + 0.166666666667y ) + 0.166666666667y ) * ( 0.333333333333x + ( 0.25y + 0.333333333333y ) ) ) + ( 0.333333333333y * 0.125x ) ) ) )
Fitness = 29.3871848241
Avg Fitness = 25.4650831428
Duplicated = 3
============================================================================
Evaluate Gen  18
New Population 82
Better than Dads 23
Best Ind: ( ( ( ( ( 0.111111111111x + 0.166666666667y ) + 1.0x ) * ( 1.0x + 1.0y ) ) + 0.125x ) + ( ( ( 0.333333333333y + 0.5x ) + 0.5y ) * ( 0.142857142857y + ( 0.142857142857y + ( 0.125y + 0.333333333333y ) ) ) ) )
Fitness = 15.3074277759
Worst Ind: ( ( ( ( 1.0x * 1.0x ) + ( ( 1.0y * 0.125y ) + 0.1x ) ) + ( ( ( ( 0.111111111111x + 0.166666666667y ) + 0.166666666667y ) * ( 0.333333333333x + ( 0.25y + 0.333333333333y ) ) ) + 0.125x ) ) + ( ( ( 1.0x * 1.0x ) + 0.5y ) + ( ( 1.0x * 1.0x ) + 0.5y ) ) )
Fitness = 28.2161731955
Avg Fitness = 24.5736450003
Duplicated = 4
============================================================================
Evaluate Gen  19
New Population 78
Better than Dads 19
Best Ind: ( ( 1.0x * 1.0x ) + ( ( ( ( 0.2y * 0.5y ) + 1.0x ) + 1.0y ) * ( 1.0x + 1.0y ) ) )
Fitness = 11.5958053424
Worst Ind: ( ( ( ( 1.0x * 1.0x ) + ( ( ( 0.2y * 0.5y ) + 1.0x ) + 0.2x ) ) + ( ( ( ( 0.111111111111x + 0.166666666667y ) + 0.166666666667y ) * ( 0.333333333333x + 1.0y ) ) + 0.125x ) ) + ( ( 0.25x * ( 0.333333333333x + ( 0.25y + 0.333333333333y ) ) ) + ( ( 1.0y * 0.125y ) + 0.1x ) ) )
Fitness = 27.0247947484
Avg Fitness = 23.2640525036
Duplicated = 4
============================================================================
Evaluate Gen  20
New Population 79
Better than Dads 19
Best Ind: ( ( 1.0x * 1.0x ) + ( ( ( ( 0.2y * 0.5y ) + 1.0x ) + 1.0y ) * ( 1.0x + 1.0y ) ) )
Fitness = 11.5958053424
Worst Ind: ( ( ( ( ( 0.2y * 0.25y ) + 1.0x ) + 0.125y ) * 1.0x ) + ( ( ( ( ( 0.5y * 0.25y ) + 1.0x ) + 1.0x ) * 1.0x ) + 0.5x ) )
Fitness = 25.6304164721
Avg Fitness = 22.0000317235
Duplicated = 3
============================================================================
Evaluate Gen  21
New Population 78
Better than Dads 23
Best Ind: ( ( 1.0x * 1.0x ) + ( ( ( ( 0.2y * 0.5y ) + 1.0x ) + 1.0y ) * ( 1.0x + 1.0y ) ) )
Fitness = 11.5958053424
Worst Ind: ( ( ( ( ( 1.0y + 0.166666666667y ) + 0.166666666667y ) * ( 0.333333333333x + ( 0.25y + 0.333333333333y ) ) ) + ( ( 1.0x * 1.0x ) * 0.125x ) ) + ( ( ( 1.0x * 1.0x ) + 0.5y ) + ( ( 1.0x * 1.0x ) + 0.5y ) ) )
Fitness = 24.4870013704
Avg Fitness = 21.3002604664
Duplicated = 3
============================================================================
Evaluate Gen  22
New Population 76
Better than Dads 18
Best Ind: ( ( 1.0x * 1.0x ) + ( ( ( ( 0.2y * 0.5y ) + 1.0x ) + 1.0y ) * ( 1.0x + 1.0y ) ) )
Fitness = 11.5958053424
Worst Ind: ( ( 1.0x * 1.0x ) + ( ( ( 0.125x + 1.0x ) + ( 0.5y + 0.166666666667y ) ) * ( ( 0.2y * 0.111111111111y ) + ( 0.5y + ( 0.166666666667y + 0.1y ) ) ) ) )
Fitness = 23.8416620814
Avg Fitness = 20.2767609839
Duplicated = 4
============================================================================
Evaluate Gen  23
New Population 78
Better than Dads 22
Best Ind: ( ( 1.0x * 1.0x ) + ( ( ( ( 0.2y * 0.5y ) + 1.0x ) + 1.0y ) * ( 1.0x + 1.0y ) ) )
Fitness = 11.5958053424
Worst Ind: ( ( ( ( ( ( 0.111111111111x + 0.166666666667y ) + 0.166666666667y ) + 0.166666666667y ) * ( 1.0x + 1.0y ) ) + 0.125x ) + ( ( ( 0.333333333333y + 0.5x ) + 0.5y ) * ( 0.142857142857y + ( 0.142857142857y + ( 0.125y + 0.333333333333y ) ) ) ) )
Fitness = 22.7370729423
Avg Fitness = 19.4424197981
Duplicated = 4
============================================================================
Evaluate Gen  24
New Population 77
Better than Dads 21
Best Ind: ( ( 1.0x * 1.0x ) + ( ( ( ( 0.2y * 0.5y ) + 1.0x ) + 1.0y ) * ( 1.0x + 1.0y ) ) )
Fitness = 11.5958053424
Worst Ind: ( ( ( 1.0y + 0.2x ) * ( ( 0.2y * 0.111111111111y ) + ( ( 0.5y + ( 0.166666666667y + 0.2y ) ) + ( 0.166666666667y + 0.1y ) ) ) ) + ( ( ( 0.25y + ( 0.5x + 0.142857142857x ) ) * ( ( ( 1.0x * 1.0x ) + 0.5y ) + ( ( 0.2x + 0.142857142857x ) + 0.1x ) ) ) + 0.25y ) )
Fitness = 22.569932737
Avg Fitness = 18.6034379016
Duplicated = 3
============================================================================
Evaluate Gen  25
New Population 81
Better than Dads 22
Best Ind: ( ( ( ( ( ( 0.111111111111x + 0.166666666667y ) + 1.0x ) + 1.0y ) * ( 1.0x + 1.0y ) ) + 0.125x ) + ( ( ( 0.333333333333y + 0.5x ) + 0.5y ) * ( 0.142857142857y + ( 0.142857142857y + ( 0.125y + 0.333333333333y ) ) ) ) )
Fitness = 11.3122503434
Worst Ind: ( ( ( ( ( 1.0y + 0.166666666667y ) + 0.166666666667y ) * ( ( 0.125y + 0.5x ) + 0.166666666667y ) ) + 0.166666666667y ) + ( 0.25y + ( ( ( ( 1.0y + 0.166666666667y ) + 0.166666666667y ) * ( 0.333333333333x + ( 0.25y + 0.333333333333y ) ) ) + ( 0.333333333333y * 0.125x ) ) ) )
Fitness = 21.3429761403
Avg Fitness = 17.1812694015
Duplicated = 3
============================================================================
Evaluate Gen  26
New Population 79
Better than Dads 24
Best Ind: ( ( ( ( ( 1.0y + 0.166666666667y ) + 0.166666666667y ) * ( ( ( 0.125y + 1.0x ) + 0.125x ) + ( 0.25y + 0.333333333333y ) ) ) + ( ( ( 0.5y + 0.166666666667y ) * ( 1.0x + 1.0y ) ) + 0.125x ) ) + ( ( 1.0x * ( 0.333333333333x + ( 0.25y + 0.333333333333y ) ) ) + ( 0.333333333333y * 0.125x ) ) )
Fitness = 11.2443056077
Worst Ind: ( ( 1.0x + ( 0.5x + ( ( 0.166666666667y * 0.125y ) + 1.0x ) ) ) * ( ( 0.2y * 0.111111111111y ) + ( 0.5y + ( ( 0.5y + 0.166666666667y ) + 0.1y ) ) ) )
Fitness = 20.416242967
Avg Fitness = 16.2964959464
Duplicated = 5
============================================================================
Evaluate Gen  27
New Population 76
Better than Dads 20
Best Ind: ( ( ( ( ( 1.0y + 0.166666666667y ) + 0.166666666667y ) * ( 1.0x + ( 0.25y + 0.333333333333y ) ) ) + ( ( 1.0y + 0.2x ) * ( 1.0x + ( 0.5y + ( 0.166666666667y + 0.1y ) ) ) ) ) + ( 1.0y * ( ( 0.333333333333x + 0.5y ) + ( ( 0.2x + 0.142857142857x ) + 0.1x ) ) ) )
Fitness = 10.8837467657
Worst Ind: ( ( ( ( 1.0x * 1.0x ) + ( ( 1.0y * 0.125y ) + 0.1x ) ) + ( ( ( ( 0.111111111111x + 0.166666666667y ) + 0.166666666667y ) * ( 0.333333333333x + ( 0.25y + 0.333333333333y ) ) ) + 0.125x ) ) + ( ( 1.0x * 1.0x ) + ( ( ( ( 0.2y * 0.5y ) + 1.0x ) + 0.2x ) * ( ( 0.2y * 0.111111111111y ) + ( 0.5y + ( 0.166666666667y + 0.1x ) ) ) ) ) )
Fitness = 19.2894054642
Avg Fitness = 15.2312580857
Duplicated = 7
============================================================================
Evaluate Gen  28
New Population 76
Better than Dads 22
Best Ind: ( ( ( ( ( 1.0y + 0.166666666667y ) + 0.166666666667y ) * ( 1.0x + ( 0.25y + 0.333333333333y ) ) ) + ( ( 1.0y + 0.2x ) * ( 1.0x + ( 0.5y + ( 0.166666666667y + 0.1y ) ) ) ) ) + ( 1.0y * ( ( 0.333333333333x + 0.5y ) + ( ( 0.2x + 0.142857142857x ) + 0.1x ) ) ) )
Fitness = 10.8837467657
Worst Ind: ( ( ( ( ( ( 0.5y + 0.166666666667y ) * 0.25y ) + 1.0x ) + 0.125x ) * 1.0x ) + ( 1.0y * ( 0.5x + ( ( 0.5y + 0.125y ) + ( ( 0.125y + 0.5x ) + 0.166666666667y ) ) ) ) )
Fitness = 18.3821079108
Avg Fitness = 14.576078286
Duplicated = 7
============================================================================
Evaluate Gen  29
New Population 72
Better than Dads 19
Best Ind: ( ( ( ( ( 1.0y + 0.166666666667y ) + 0.166666666667y ) * ( 1.0x + ( 0.25y + 0.333333333333y ) ) ) + ( ( 1.0y + 0.2x ) * ( 1.0x + ( 0.5y + ( 0.166666666667y + 0.1y ) ) ) ) ) + ( 1.0y * ( ( 0.333333333333x + 0.5y ) + ( ( 0.2x + 0.142857142857x ) + 0.1x ) ) ) )
Fitness = 10.8837467657
Worst Ind: ( ( 1.0x * 1.0x ) + ( ( ( ( 1.0y + 0.166666666667y ) + 0.166666666667y ) * ( 0.333333333333x + ( 0.25y + 0.333333333333y ) ) ) + ( ( ( ( 0.2y * 0.5x ) + 1.0x ) + 0.2x ) * ( ( 0.2y * 0.111111111111y ) + ( 0.5y + ( 0.166666666667y + 0.1y ) ) ) ) ) )
Fitness = 17.5437771687
Avg Fitness = 14.1455669499
Duplicated = 6
============================================================================
Evaluate Gen  30
New Population 78
Better than Dads 20
Best Ind: ( ( ( ( ( 1.0y + 0.166666666667y ) + 0.166666666667y ) * ( 1.0x + ( 0.25y + 0.333333333333y ) ) ) + ( ( 1.0y + 0.2x ) * ( 1.0x + ( 0.5y + ( 0.166666666667y + 0.1y ) ) ) ) ) + ( 1.0y * ( ( 0.333333333333x + 0.5y ) + ( ( 0.2x + 0.142857142857x ) + 0.1x ) ) ) )
Fitness = 10.8837467657
Worst Ind: ( ( ( ( 0.5y + 0.125y ) + ( ( 0.125y + 0.5x ) + 0.166666666667y ) ) * 1.0x ) + ( 1.0y * ( 0.5x + ( ( 0.5y + 0.125y ) + ( ( 0.125y + 0.5x ) + 0.166666666667y ) ) ) ) )
Fitness = 15.7036532994
Avg Fitness = 13.4900703754
Duplicated = 6
============================================================================
Evaluate Gen  31
New Population 79
Better than Dads 21
Best Ind: ( ( ( ( ( 1.0y + 0.166666666667y ) + 0.166666666667y ) * ( 1.0x + ( 0.25y + 0.333333333333y ) ) ) + ( ( 1.0y + 0.2x ) * ( 1.0x + ( 0.5y + ( 0.166666666667y + 0.1y ) ) ) ) ) + ( 1.0y * ( ( 0.333333333333x + 0.5y ) + ( ( 0.2x + 0.142857142857x ) + 0.1x ) ) ) )
Fitness = 10.8837467657
Worst Ind: ( ( ( ( ( ( 0.111111111111x + 0.166666666667y ) + 0.166666666667y ) + 1.0y ) * ( 1.0x + 1.0y ) ) + 0.111111111111x ) + ( ( ( 0.333333333333y + 0.5x ) + 0.5y ) * ( 0.142857142857y + 0.333333333333x ) ) )
Fitness = 14.5906340501
Avg Fitness = 12.9307182738
Duplicated = 8
============================================================================
Evaluate Gen  32
New Population 82
Better than Dads 23
Best Ind: ( ( ( ( ( 1.0y + 0.166666666667y ) + 0.166666666667y ) * ( 1.0x + ( 0.25y + 0.333333333333y ) ) ) + ( ( 1.0y + 0.2x ) * ( 1.0x + ( 0.5y + ( 0.166666666667y + 0.1y ) ) ) ) ) + ( 1.0y * ( ( 0.333333333333x + 0.5y ) + ( ( 0.2x + 0.142857142857x ) + 0.1x ) ) ) )
Fitness = 10.8837467657
Worst Ind: ( ( 1.0x * 1.0x ) + ( ( ( ( 0.111111111111x + 0.166666666667y ) + 0.166666666667y ) + 1.0y ) * ( 1.0x + 1.0y ) ) )
Fitness = 13.6601044407
Avg Fitness = 12.5204058595
Duplicated = 6
============================================================================
Evaluate Gen  33
New Population 82
Better than Dads 25
Best Ind: ( ( ( ( ( 1.0y + 0.166666666667y ) + 0.166666666667y ) * ( 1.0x + ( 0.25y + 0.333333333333y ) ) ) + ( ( 1.0y + 0.2x ) * ( 1.0x + ( 0.5y + ( 0.166666666667y + 0.1y ) ) ) ) ) + ( 1.0y * ( ( 0.333333333333x + 0.5y ) + ( ( 0.2x + 0.142857142857x ) + 0.1x ) ) ) )
Fitness = 10.8837467657
Worst Ind: ( ( ( ( 1.0y + 0.166666666667y ) + ( ( 0.5y + 0.125y ) + ( 0.333333333333x + ( 0.333333333333x + 0.333333333333y ) ) ) ) * ( 0.333333333333x + ( 0.25y + 0.333333333333y ) ) ) + ( ( ( 1.0y + 0.166666666667y ) + 0.166666666667y ) * ( 0.333333333333x + ( 0.25y + 0.333333333333y ) ) ) )
Fitness = 13.3808393143
Avg Fitness = 12.2853815457
Duplicated = 6
============================================================================
Evaluate Gen  34
New Population 75
Better than Dads 20
Best Ind: ( ( ( ( ( 1.0y + 0.166666666667y ) + 0.166666666667y ) * ( 1.0x + ( 0.25y + 0.333333333333y ) ) ) + ( ( 1.0y + 0.2x ) * ( 1.0x + ( 0.5y + ( 0.166666666667y + 0.1y ) ) ) ) ) + ( 1.0y * ( ( 0.333333333333x + 0.5y ) + ( ( 0.2x + 0.142857142857x ) + 0.1x ) ) ) )
Fitness = 10.8837467657
Worst Ind: ( ( ( ( 1.0y + 0.166666666667y ) * ( ( 0.333333333333x + 0.5y ) + ( ( 0.2x + 0.142857142857x ) + 0.1x ) ) ) + ( ( ( 0.5y + 0.125y ) + ( ( 0.125y + 0.5x ) + 0.166666666667y ) ) * 1.0x ) ) + ( ( ( ( 0.333333333333y + 0.5x ) + 0.5y ) * ( 0.142857142857y + ( 0.142857142857y + ( 0.25y + 0.333333333333y ) ) ) ) + 0.25y ) )
Fitness = 13.1786757632
Avg Fitness = 12.1439944404
Duplicated = 6
============================================================================
Evaluate Gen  35
New Population 76
Better than Dads 24
Best Ind: ( ( ( ( ( 1.0y + 0.166666666667y ) + 0.166666666667y ) * ( 1.0x + ( 0.25y + 0.333333333333y ) ) ) + ( ( 1.0y + 0.2x ) * ( 1.0x + ( 0.5y + ( 0.166666666667y + 0.1y ) ) ) ) ) + ( 1.0y * ( ( 0.333333333333x + 0.5y ) + ( ( 0.2x + 0.142857142857x ) + 0.1x ) ) ) )
Fitness = 10.8837467657
Worst Ind: ( ( ( ( ( ( 1.0x + 0.166666666667y ) + 0.125x ) + 0.166666666667y ) * ( 1.0x + 1.0y ) ) + 0.125x ) + ( ( ( 0.333333333333y + 0.5x ) + 0.5y ) * ( 0.142857142857y + ( ( 0.111111111111x + 0.166666666667y ) + ( 0.125y + 0.333333333333y ) ) ) ) )
Fitness = 13.1237618215
Avg Fitness = 12.0254315593
Duplicated = 5
============================================================================
Evaluate Gen  36
New Population 79
Better than Dads 24
Best Ind: ( ( ( ( ( 1.0y + 0.166666666667y ) + 0.166666666667y ) * ( 1.0x + ( 0.25y + 0.333333333333y ) ) ) + ( ( 1.0y + 0.2x ) * ( 1.0x + ( 0.5y + ( 0.166666666667y + 0.1y ) ) ) ) ) + ( 1.0y * ( ( 0.333333333333x + 0.5y ) + ( ( 0.2x + 0.142857142857x ) + 0.1x ) ) ) )
Fitness = 10.8837467657
Worst Ind: ( ( ( ( ( 1.0x + 0.333333333333y ) + 1.0x ) + 0.125x ) * 1.0x ) + ( 1.0y * ( 0.5x + ( ( 0.5y + 0.125y ) + ( ( 0.125y + 0.5x ) + 0.166666666667y ) ) ) ) )
Fitness = 12.8385537726
Avg Fitness = 11.8729066785
Duplicated = 4
============================================================================
Evaluate Gen  37
New Population 81
Better than Dads 28
Best Ind: ( ( ( ( ( 1.0y + 0.166666666667y ) + 0.166666666667y ) * ( 1.0x + ( 0.25y + 0.333333333333y ) ) ) + ( ( 1.0y + 0.2x ) * ( 1.0x + ( 0.5y + ( 0.166666666667y + 0.1y ) ) ) ) ) + ( 1.0y * ( ( 0.333333333333x + 0.5y ) + ( ( 0.2x + 0.142857142857x ) + 0.1x ) ) ) )
Fitness = 10.8837467657
Worst Ind: ( ( ( ( ( 0.5y + 0.166666666667y ) + 0.166666666667y ) + ( ( 0.5y + 0.125y ) + ( 0.333333333333x + ( 1.0x + 0.333333333333y ) ) ) ) * ( 0.333333333333x + ( 0.25y + 0.333333333333y ) ) ) + ( ( ( 1.0y + 0.166666666667y ) + 0.166666666667y ) * ( 0.333333333333x + ( 0.25y + 0.333333333333y ) ) ) )
Fitness = 12.4982652568
Avg Fitness = 11.7530154475
Duplicated = 4
============================================================================
Evaluate Gen  38
New Population 73
Better than Dads 21
Best Ind: ( ( ( ( ( 1.0y + 0.166666666667y ) + 0.166666666667y ) * ( 1.0x + ( 0.25y + 0.333333333333y ) ) ) + ( ( 1.0y + 0.2x ) * ( 1.0x + ( 0.5y + ( 0.166666666667y + 0.1y ) ) ) ) ) + ( 1.0y * ( ( 0.333333333333x + 0.5y ) + ( ( 0.2x + 0.142857142857x ) + 0.1x ) ) ) )
Fitness = 10.8837467657
Worst Ind: ( ( ( 1.0y * ( ( 0.333333333333x + 0.5y ) + ( ( 0.2x + 0.142857142857x ) + 0.1x ) ) ) + ( 1.0y * ( ( 0.333333333333x + 0.5y ) + ( ( 0.2x + 0.142857142857x ) + 0.1x ) ) ) ) + ( ( ( ( 0.333333333333y + 0.5x ) + 0.5y ) * ( 0.142857142857y + ( 0.142857142857y + ( 0.25y + 0.333333333333y ) ) ) ) + ( ( ( ( 0.111111111111x + 0.166666666667y ) + 0.166666666667y ) * ( 0.333333333333x + ( 0.25y + 0.333333333333y ) ) ) + 0.125x ) ) )
Fitness = 12.318958719
Avg Fitness = 11.6952497797
Duplicated = 3
============================================================================
Evaluate Gen  39
New Population 76
Better than Dads 23
Best Ind: ( ( ( ( ( 1.0y + 0.166666666667y ) + 0.166666666667y ) * ( 1.0x + ( 0.25y + 0.333333333333y ) ) ) + ( ( 1.0y + 0.2x ) * ( 1.0x + ( 0.5y + ( 0.166666666667y + 0.1y ) ) ) ) ) + ( 1.0y * ( ( 0.333333333333x + 0.5y ) + ( ( 0.2x + 0.142857142857x ) + 0.1x ) ) ) )
Fitness = 10.8837467657
Worst Ind: ( ( ( ( ( ( 0.111111111111x + 0.166666666667y ) + 1.0x ) + 1.0y ) * ( 1.0x + 1.0y ) ) + 0.125x ) + 0.125x )
Fitness = 12.2294993861
Avg Fitness = 11.6271950478
Duplicated = 2
============================================================================
Evaluate Gen  40
New Population 76
Better than Dads 24
Best Ind: ( ( ( ( ( 1.0y + 0.166666666667y ) + 0.166666666667y ) * ( 1.0x + ( 0.25y + 0.333333333333y ) ) ) + ( ( 1.0y + 0.2x ) * ( 1.0x + ( 0.5y + ( 0.166666666667y + 0.1y ) ) ) ) ) + ( 1.0y * ( ( 0.333333333333x + 0.5y ) + ( ( 0.2x + 0.142857142857x ) + 0.1x ) ) ) )
Fitness = 10.8837467657
Worst Ind: ( ( ( 1.0y * ( ( 0.333333333333x + 0.5y ) + ( ( 0.2x + 0.142857142857x ) + 0.1x ) ) ) + ( ( ( 0.5y + 0.125y ) + ( ( 0.125y + 0.5x ) + 0.166666666667y ) ) * 1.0x ) ) + ( ( ( ( 0.333333333333y + 0.5x ) + 0.5y ) * ( 0.142857142857y + ( 0.142857142857y + ( 0.25y + 0.333333333333y ) ) ) ) + ( ( ( ( 0.111111111111x + 0.166666666667y ) + 0.166666666667y ) * ( 0.333333333333x + ( 0.25y + 0.333333333333y ) ) ) + 0.125x ) ) )
Fitness = 12.1843088897
Avg Fitness = 11.5862123128
Duplicated = 2
============================================================================
Evaluate Gen  41
New Population 75
Better than Dads 22
Best Ind: ( 1.0y * ( 1.0x + ( ( ( 1.0y + 0.166666666667y ) + ( 1.0x + 0.166666666667y ) ) + ( 0.333333333333x + ( 1.0x + 0.333333333333y ) ) ) ) )
Fitness = 10.6440008508
Worst Ind: ( ( ( ( ( ( 0.111111111111x + 0.166666666667y ) + 0.166666666667y ) + 1.0y ) * ( 1.0x + 1.0y ) ) + 0.111111111111x ) + ( ( ( 1.0x + 1.0y ) + 0.5y ) * ( 0.142857142857y + ( 0.142857142857y + ( 0.125y + 0.333333333333y ) ) ) ) )
Fitness = 12.074243863
Avg Fitness = 11.5112214668
Duplicated = 2
============================================================================
Evaluate Gen  42
New Population 79
Better than Dads 24
Best Ind: ( 1.0y * ( 1.0x + ( ( ( 1.0y + 0.166666666667y ) + ( 1.0x + 0.166666666667y ) ) + ( 0.333333333333x + ( 1.0x + 0.333333333333y ) ) ) ) )
Fitness = 10.6440008508
Worst Ind: ( ( ( ( 1.0y + 0.166666666667y ) + ( ( 0.5y + 0.125y ) + ( 0.333333333333x + ( 1.0x + 0.333333333333y ) ) ) ) * ( 0.333333333333x + ( 0.25y + 0.333333333333y ) ) ) + ( ( ( 1.0y + 0.166666666667y ) + 0.166666666667y ) * ( 0.333333333333x + ( 0.25y + 0.333333333333y ) ) ) )
Fitness = 11.8537024488
Avg Fitness = 11.4380053002
Duplicated = 2
============================================================================
Evaluate Gen  43
New Population 79
Better than Dads 26
Best Ind: ( 1.0y * ( 1.0x + ( ( ( 1.0y + 0.166666666667y ) + ( 1.0x + 0.166666666667y ) ) + ( 0.333333333333x + ( 1.0x + 0.333333333333y ) ) ) ) )
Fitness = 10.6440008508
Worst Ind: ( ( 1.0y * ( ( ( 1.0x + 1.0y ) + 0.5y ) + ( ( 0.2x + 0.142857142857x ) + 0.1x ) ) ) + ( ( ( 0.5y + 0.125y ) + ( ( 0.125y + 0.5x ) + 0.166666666667y ) ) * 1.0x ) )
Fitness = 11.7469640512
Avg Fitness = 11.3820498349
Duplicated = 2
============================================================================
Evaluate Gen  44
New Population 85
Better than Dads 25
Best Ind: ( 1.0y * ( 0.5x + ( ( 0.5y + ( 1.0x + ( 1.0x + 0.166666666667y ) ) ) + ( 0.333333333333x + ( 1.0x + 0.333333333333y ) ) ) ) )
Fitness = 10.374021688
Worst Ind: ( ( ( ( ( 1.0x + 1.0y ) + 1.0x ) + 0.125x ) * 1.0x ) + ( 1.0y * ( 0.5x + ( ( 0.333333333333y + 0.5x ) + 0.5y ) ) ) )
Fitness = 11.5894518971
Avg Fitness = 11.2033692722
Duplicated = 2
============================================================================
Evaluate Gen  45
New Population 83
Better than Dads 27
Best Ind: ( 1.0y * ( 0.5x + ( ( 0.5y + ( 1.0x + ( 1.0x + 0.166666666667y ) ) ) + ( 0.333333333333x + ( 1.0x + 0.333333333333y ) ) ) ) )
Fitness = 10.374021688
Worst Ind: ( ( ( ( ( ( 1.0x + 0.166666666667y ) + 0.125x ) + 0.166666666667y ) * ( 1.0x + 1.0y ) ) + ( 1.0x * 1.0x ) ) + ( ( ( 1.0y + 0.166666666667y ) + 0.166666666667y ) * ( 0.333333333333x + ( 0.25y + 0.333333333333y ) ) ) )
Fitness = 11.5037942392
Avg Fitness = 11.1504708071
Duplicated = 2
============================================================================
Evaluate Gen  46
New Population 84
Better than Dads 25
Best Ind: ( 1.0y * ( 0.5x + ( ( 0.5y + ( 1.0x + ( 1.0x + 0.166666666667y ) ) ) + ( 0.333333333333x + ( 1.0x + 0.333333333333y ) ) ) ) )
Fitness = 10.374021688
Worst Ind: ( ( ( 1.0x + ( 0.5x + ( ( 1.0y * 0.125y ) + 1.0x ) ) ) * ( ( 0.2y * 0.111111111111y ) + 0.5x ) ) + ( ( ( 0.166666666667y + 1.0x ) + 1.0y ) * ( 1.0x + 1.0y ) ) )
Fitness = 11.3643821151
Avg Fitness = 11.0581661178
Duplicated = 4
============================================================================
Evaluate Gen  47
New Population 80
Better than Dads 24
Best Ind: ( 1.0y * ( 1.0x + ( ( 0.5y + ( 1.0x + 1.0x ) ) + ( 0.333333333333x + ( 1.0x + 0.333333333333y ) ) ) ) )
Fitness = 10.0364520141
Worst Ind: ( ( ( ( ( 0.333333333333y * 0.125x ) + ( ( 0.125y + 0.5x ) + ( 1.0y + 0.166666666667y ) ) ) * 1.0x ) + ( ( ( 0.5y + 0.125y ) + ( ( 0.125y + 0.5x ) + 0.166666666667y ) ) * 1.0x ) ) + ( ( ( ( 0.333333333333y + 0.5x ) + 0.5y ) * ( 0.142857142857y + ( 0.142857142857y + ( 0.25y + 0.333333333333y ) ) ) ) + ( ( ( ( 0.111111111111x + 0.166666666667y ) + 0.166666666667y ) * ( 0.333333333333x + ( 0.25y + 0.333333333333y ) ) ) + 0.125x ) ) )
Fitness = 11.331189674
Avg Fitness = 10.9908876055
Duplicated = 4
============================================================================
Evaluate Gen  48
New Population 75
Better than Dads 21
Best Ind: ( 1.0y * ( 1.0x + ( ( 0.5y + ( 1.0x + 1.0x ) ) + ( 0.333333333333x + ( 1.0x + 0.333333333333y ) ) ) ) )
Fitness = 10.0364520141
Worst Ind: ( ( ( ( ( ( 0.111111111111x + 0.166666666667y ) + 0.166666666667y ) + ( 0.333333333333x + ( 1.0x + 0.333333333333y ) ) ) * ( 1.0x + 1.0y ) ) + 0.125x ) + ( ( ( 0.333333333333y + 0.5x ) + 0.5y ) * ( 0.142857142857y + ( 0.142857142857y + ( 0.125y + 0.333333333333y ) ) ) ) )
Fitness = 11.2864906884
Avg Fitness = 10.9499695624
Duplicated = 7
============================================================================
Evaluate Gen  49
New Population 79
Better than Dads 25
Best Ind: ( 1.0y * ( 1.0x + ( ( 0.5y + ( 1.0x + 1.0x ) ) + ( 0.333333333333x + ( 1.0x + 0.333333333333y ) ) ) ) )
Fitness = 10.0364520141
Worst Ind: ( ( ( ( ( 1.0y + 0.166666666667y ) + 0.166666666667y ) * ( ( ( 0.125y + 1.0x ) + 0.125x ) + ( 0.25y + 0.333333333333y ) ) ) + ( ( ( 0.5y + 0.166666666667y ) * ( 1.0x + 1.0y ) ) + 0.125x ) ) + ( ( 1.0x * ( 0.333333333333x + ( 0.25y + 0.333333333333y ) ) ) + ( 0.333333333333y * 0.125x ) ) )
Fitness = 11.2443056077
Avg Fitness = 10.8823318716
Duplicated = 6
============================================================================
Evaluate Gen  50
New Population 82
Better than Dads 31
Best Ind: ( 1.0y * ( 1.0x + ( ( 0.5y + ( 1.0x + 1.0x ) ) + ( 0.333333333333x + ( 1.0x + 0.333333333333y ) ) ) ) )
Fitness = 10.0364520141
Worst Ind: ( ( ( ( ( 0.125y + 1.0x ) + ( 1.0x + 0.166666666667y ) ) + ( ( 0.5y + 0.125y ) + ( 1.0x + ( 1.0x + 0.333333333333y ) ) ) ) * ( 0.333333333333x + ( 0.25y + 0.333333333333y ) ) ) + ( ( ( 1.0y + 0.166666666667y ) + 0.166666666667y ) * ( 0.333333333333x + ( 0.25y + 0.333333333333y ) ) ) )
Fitness = 11.1817586306
Avg Fitness = 10.8464440898
Duplicated = 6
============================================================================
Evaluate Gen  51
New Population 79
Better than Dads 27
Best Ind: ( 1.0y * ( 1.0x + ( ( 0.5y + ( 1.0x + 1.0x ) ) + ( 0.333333333333x + ( 1.0x + 0.333333333333y ) ) ) ) )
Fitness = 10.0364520141
Worst Ind: ( ( ( ( 0.333333333333y + 0.5x ) + 0.5y ) * ( 0.142857142857y + ( 0.142857142857y + ( 0.125y + 0.333333333333y ) ) ) ) + ( ( ( 0.166666666667y + 1.0x ) + 1.0y ) * ( 1.0x + 1.0y ) ) )
Fitness = 11.1236785361
Avg Fitness = 10.8203797686
Duplicated = 6
============================================================================
Evaluate Gen  52
New Population 81
Better than Dads 28
Best Ind: ( 1.0y * ( 1.0x + ( ( 0.5y + ( 1.0x + 1.0x ) ) + ( 0.333333333333x + ( 1.0x + 0.333333333333y ) ) ) ) )
Fitness = 10.0364520141
Worst Ind: ( ( ( ( ( 1.0y + 0.166666666667y ) + ( ( 0.2y * 0.111111111111y ) + 0.5x ) ) * ( ( ( 0.125y + 1.0x ) + 0.125x ) + ( 0.25y + 0.333333333333y ) ) ) + ( ( ( 0.5y + 0.166666666667y ) * ( 1.0x + 1.0y ) ) + 0.125x ) ) + ( ( 1.0x * ( 0.333333333333x + ( 0.25y + 0.333333333333y ) ) ) + ( 0.333333333333y * 0.125x ) ) )
Fitness = 11.0741069169
Avg Fitness = 10.8035391911
Duplicated = 8
============================================================================
Evaluate Gen  53
New Population 83
Better than Dads 30
Best Ind: ( 1.0y * ( 1.0x + ( ( 0.5y + ( 1.0x + 1.0x ) ) + ( 0.333333333333x + ( 1.0x + 0.333333333333y ) ) ) ) )
Fitness = 10.0364520141
Worst Ind: ( ( ( 1.0x + ( ( ( 1.0x + 1.0y ) + 0.5x ) + 0.166666666667y ) ) * ( ( 0.2y * 0.111111111111y ) + ( 0.5y + ( ( 0.5y + 0.166666666667y ) + 0.1y ) ) ) ) + ( ( ( 0.333333333333y + 0.5x ) + 0.5y ) * ( 0.142857142857y + ( 0.142857142857y + ( 0.125y + 0.333333333333y ) ) ) ) )
Fitness = 10.979323546
Avg Fitness = 10.7522797874
Duplicated = 8
============================================================================
Evaluate Gen  54
New Population 81
Better than Dads 29
Best Ind: ( 1.0y * ( 1.0x + ( ( 0.5y + ( 1.0x + 1.0x ) ) + ( 0.333333333333x + ( 1.0x + 0.333333333333y ) ) ) ) )
Fitness = 10.0364520141
Worst Ind: ( ( ( 1.0x + ( ( ( 1.0x + 1.0y ) + 0.5x ) + 0.166666666667y ) ) * ( ( 0.2y * 0.111111111111y ) + ( 0.5y + ( ( 0.5y + 0.166666666667y ) + 0.1y ) ) ) ) + ( ( ( 0.333333333333y + 0.5x ) + 0.5y ) * ( 0.142857142857y + ( 0.142857142857y + ( 0.125y + 0.333333333333y ) ) ) ) )
Fitness = 10.979323546
Avg Fitness = 10.7447286648
Duplicated = 8
============================================================================
Evaluate Gen  55
New Population 79
Better than Dads 27
Best Ind: ( 1.0y * ( 1.0x + ( ( 0.5y + ( 1.0x + 1.0x ) ) + ( 0.333333333333x + ( 1.0x + 0.333333333333y ) ) ) ) )
Fitness = 10.0364520141
Worst Ind: ( ( ( ( ( ( 0.125y + 0.5x ) + ( 1.0x + 0.333333333333y ) ) + 0.166666666667y ) + ( ( 1.0x + 0.125y ) + ( 0.333333333333x + ( 1.0x + 0.333333333333y ) ) ) ) * ( 0.333333333333x + ( 0.25y + 0.333333333333y ) ) ) + ( ( ( 1.0y + 0.166666666667y ) + 0.166666666667y ) * ( 0.333333333333x + ( 0.25y + 0.333333333333y ) ) ) )
Fitness = 10.9761238271
Avg Fitness = 10.7213973756
Duplicated = 8
============================================================================
Evaluate Gen  56
New Population 81
Better than Dads 28
Best Ind: ( 1.0y * ( 1.0x + ( ( 0.5y + ( 1.0x + 1.0x ) ) + ( 0.333333333333x + ( 1.0x + 0.333333333333y ) ) ) ) )
Fitness = 10.0364520141
Worst Ind: ( ( ( ( 0.5y + 1.0y ) + ( 0.333333333333x + ( 1.0x + 0.333333333333y ) ) ) * 1.0x ) + ( 1.0y * ( 0.5x + ( ( 0.5y + 0.125y ) + ( ( 0.125y + 0.5x ) + 0.166666666667y ) ) ) ) )
Fitness = 10.9401614365
Avg Fitness = 10.7043966097
Duplicated = 8
============================================================================
Evaluate Gen  57
New Population 76
Better than Dads 18
Best Ind: ( 1.0y * ( 1.0x + ( ( 0.5y + ( 1.0x + 1.0x ) ) + ( 0.333333333333x + ( 1.0x + 0.333333333333y ) ) ) ) )
Fitness = 10.0364520141
Worst Ind: ( ( ( ( ( 1.0y + 0.166666666667y ) + 0.166666666667y ) * ( 1.0x + ( 0.25y + 0.333333333333y ) ) ) + ( ( 1.0y + 0.2x ) * ( 1.0x + ( 0.5y + ( 0.166666666667y + 0.1y ) ) ) ) ) + ( 1.0y * ( ( 0.333333333333x + 0.5y ) + ( ( 0.2x + 0.142857142857x ) + 0.1x ) ) ) )
Fitness = 10.8837467657
Avg Fitness = 10.6501109688
Duplicated = 10
============================================================================
Evaluate Gen  58
New Population 82
Better than Dads 31
Best Ind: ( 1.0y * ( 1.0x + ( ( 0.5y + ( 1.0x + 1.0x ) ) + ( 0.333333333333x + ( 1.0x + 0.333333333333y ) ) ) ) )
Fitness = 10.0364520141
Worst Ind: ( ( 1.0y * ( ( ( 1.0x + 1.0y ) + 0.5y ) + 1.0x ) ) + ( ( ( 0.5y + ( 0.5y + 0.125y ) ) + ( ( ( 0.333333333333y + 0.5x ) + 0.5y ) + 0.166666666667y ) ) * 1.0x ) )
Fitness = 10.8761888301
Avg Fitness = 10.624495555
Duplicated = 10
============================================================================
Evaluate Gen  59
New Population 77
Better than Dads 24
Best Ind: ( 1.0y * ( 1.0x + ( ( 0.5y + ( 1.0x + 1.0x ) ) + ( 0.333333333333x + ( 1.0x + 0.333333333333y ) ) ) ) )
Fitness = 10.0364520141
Worst Ind: ( ( ( ( 0.5y + 0.125y ) + ( ( 0.125y + 0.5x ) + 0.166666666667y ) ) * 1.0x ) + ( ( 1.0x + 1.0y ) * ( 1.0x + 1.0y ) ) )
Fitness = 10.8422816153
Avg Fitness = 10.596946562
Duplicated = 9
============================================================================
Evaluate Gen  60
New Population 81
Better than Dads 27
Best Ind: ( 1.0y * ( 1.0x + ( ( 0.5y + ( 1.0x + 1.0x ) ) + ( 0.333333333333x + ( 1.0x + 0.333333333333y ) ) ) ) )
Fitness = 10.0364520141
Worst Ind: ( 1.0y * ( 1.0x + ( ( 0.5y + ( 1.0x + 0.5y ) ) + ( 0.333333333333x + ( 1.0x + 0.333333333333y ) ) ) ) )
Fitness = 10.7745826198
Avg Fitness = 10.5787452842
Duplicated = 12
============================================================================
Evaluate Gen  61
New Population 79
Better than Dads 27
Best Ind: ( 1.0y * ( 1.0x + ( ( 0.5y + ( 1.0x + 1.0x ) ) + ( 0.333333333333x + ( 1.0x + 0.333333333333y ) ) ) ) )
Fitness = 10.0364520141
Worst Ind: ( ( 1.0y * ( ( ( 1.0x + 1.0y ) + 0.5y ) + ( 1.0x + 0.166666666667y ) ) ) + ( ( ( 0.5y + 0.125y ) + ( ( 0.5y + 0.5x ) + 0.166666666667y ) ) * 1.0x ) )
Fitness = 10.7737752469
Avg Fitness = 10.5650364895
Duplicated = 10
============================================================================
Evaluate Gen  62
New Population 80
Better than Dads 26
Best Ind: ( 1.0y * ( 1.0x + ( ( 0.5y + ( 1.0x + 1.0x ) ) + ( 0.333333333333x + ( 1.0x + 0.333333333333y ) ) ) ) )
Fitness = 10.0364520141
Worst Ind: ( ( ( ( 0.5y + 0.125y ) + ( ( 0.125y + ( 1.0y + 0.166666666667y ) ) + 0.166666666667y ) ) * 1.0x ) + ( ( ( ( 0.2y * 0.5y ) + 1.0x ) + 1.0y ) * ( 1.0x + 1.0y ) ) )
Fitness = 10.7171142126
Avg Fitness = 10.527780188
Duplicated = 10
============================================================================
Evaluate Gen  63
New Population 78
Better than Dads 21
Best Ind: ( 1.0y * ( 1.0x + ( ( 0.5y + ( 1.0x + 1.0x ) ) + ( 0.333333333333x + ( 1.0x + 0.333333333333y ) ) ) ) )
Fitness = 10.0364520141
Worst Ind: ( ( ( ( ( 0.5y + 0.333333333333y ) + ( 0.333333333333x + ( 1.0y + 0.166666666667y ) ) ) * 1.0x ) + ( ( ( 0.5y + 0.125y ) + ( ( 0.125y + 0.5x ) + 0.166666666667y ) ) * 1.0x ) ) + ( ( ( ( 0.333333333333y + 0.5x ) + 0.5y ) * ( 0.142857142857y + ( 0.142857142857y + ( 0.25y + 0.333333333333y ) ) ) ) + ( ( ( ( 0.111111111111x + 0.166666666667y ) + 0.166666666667y ) * ( 0.333333333333x + ( 0.25y + 0.333333333333y ) ) ) + 0.125x ) ) )
Fitness = 10.6780861606
Avg Fitness = 10.5019915558
Duplicated = 10
============================================================================
Evaluate Gen  64
New Population 76
Better than Dads 22
Best Ind: ( 1.0y * ( 1.0x + ( ( 0.5y + ( 1.0x + 1.0x ) ) + ( 0.333333333333x + ( 1.0x + 0.333333333333y ) ) ) ) )
Fitness = 10.0364520141
Worst Ind: ( ( ( ( ( 0.5y + 0.5y ) + ( ( 0.125y + 0.5x ) + ( 1.0y + 0.166666666667y ) ) ) * 1.0x ) + ( ( ( 0.5y + 0.125y ) + ( ( 0.125y + 0.5x ) + 0.166666666667y ) ) * 1.0x ) ) + ( ( ( ( 0.333333333333y + 0.5x ) + 0.5y ) * ( 0.142857142857y + ( 0.142857142857y + ( 0.25y + 0.333333333333y ) ) ) ) + ( ( ( ( 0.111111111111x + 0.166666666667y ) + 0.166666666667y ) * ( 0.333333333333x + ( 0.25y + 0.333333333333y ) ) ) + 0.125x ) ) )
Fitness = 10.6726820657
Avg Fitness = 10.4785259602
Duplicated = 9
============================================================================
Evaluate Gen  65
New Population 72
Better than Dads 20
Best Ind: ( 1.0y * ( 1.0x + ( ( 0.5y + ( 1.0x + 1.0x ) ) + ( 0.333333333333x + ( 1.0x + 0.333333333333y ) ) ) ) )
Fitness = 10.0364520141
Worst Ind: ( ( ( ( 0.5y + 1.0y ) + ( 0.333333333333x + ( 1.0x + 0.333333333333y ) ) ) * 1.0x ) + ( 1.0y * ( 0.5x + ( ( 0.5y + 0.125y ) + ( ( 0.125y + 1.0x ) + 0.166666666667y ) ) ) ) )
Fitness = 10.6652957012
Avg Fitness = 10.4693294274
Duplicated = 9
============================================================================
Evaluate Gen  66
New Population 75
Better than Dads 24
Best Ind: ( 1.0y * ( 1.0x + ( ( ( 0.333333333333y + 0.166666666667y ) + ( 1.0x + 0.166666666667y ) ) + ( ( ( 1.0x + 1.0x ) + 0.333333333333x ) + 0.125x ) ) ) )
Fitness = 9.97059921494
Worst Ind: ( ( ( ( ( 0.5y + 0.333333333333y ) + ( ( 0.125y + 0.5x ) + ( 1.0y + 0.166666666667y ) ) ) * 1.0x ) + ( ( ( 0.5y + 0.125y ) + ( ( 0.125y + 0.5x ) + 0.166666666667y ) ) * 1.0x ) ) + ( ( ( ( 0.333333333333y + 0.5x ) + 0.5y ) * ( 0.142857142857y + ( 0.142857142857y + ( 0.25y + 0.333333333333y ) ) ) ) + ( ( ( ( 0.111111111111x + 0.166666666667y ) + 0.166666666667y ) * ( 0.333333333333x + ( 0.25y + 0.333333333333y ) ) ) + 0.125x ) ) )
Fitness = 10.6546076052
Avg Fitness = 10.4522566454
Duplicated = 8
============================================================================
Evaluate Gen  67
New Population 77
Better than Dads 26
Best Ind: ( 1.0y * ( 1.0x + ( ( ( 0.333333333333y + 0.166666666667y ) + ( 1.0x + 0.166666666667y ) ) + ( ( ( 1.0x + 1.0x ) + 0.333333333333x ) + 0.125x ) ) ) )
Fitness = 9.97059921494
Worst Ind: ( 1.0y * ( 1.0x + ( ( 1.0y + ( 1.0x + 0.5y ) ) + ( 0.333333333333x + ( 1.0x + 0.333333333333y ) ) ) ) )
Fitness = 10.6522385112
Avg Fitness = 10.4448536384
Duplicated = 8
============================================================================
Evaluate Gen  68
New Population 86
Better than Dads 33
Best Ind: ( 1.0y * ( 1.0x + ( ( ( 0.333333333333y + 0.166666666667y ) + ( 1.0x + 0.166666666667y ) ) + ( ( ( 1.0x + 1.0x ) + 0.333333333333x ) + 0.125x ) ) ) )
Fitness = 9.97059921494
Worst Ind: ( 1.0y * ( 0.5x + ( ( 0.5y + ( 1.0x + ( 1.0x + 0.166666666667y ) ) ) + ( ( 1.0x + 1.0y ) + 0.166666666667y ) ) ) )
Fitness = 10.6430091566
Avg Fitness = 10.4282691955
Duplicated = 8
============================================================================
Evaluate Gen  69
New Population 80
Better than Dads 26
Best Ind: ( 1.0y * ( 1.0x + ( ( ( 1.0x + 0.166666666667y ) + ( 1.0x + 0.166666666667y ) ) + ( ( ( 0.166666666667y * 0.5y ) + 1.0x ) + ( 1.0x + 0.333333333333y ) ) ) ) )
Fitness = 9.85148114722
Worst Ind: ( 1.0y * ( 0.5x + ( ( 0.5y + ( 1.0x + ( 1.0x + 0.166666666667y ) ) ) + ( ( 1.0x + 1.0y ) + 0.125y ) ) ) )
Fitness = 10.6162166623
Avg Fitness = 10.3922375348
Duplicated = 7
============================================================================
Evaluate Gen  70
New Population 79
Better than Dads 27
Best Ind: ( 1.0y * ( 1.0x + ( ( ( 1.0x + 0.166666666667y ) + ( 1.0x + 0.166666666667y ) ) + ( ( ( 0.166666666667y * 0.5y ) + 1.0x ) + ( 1.0x + 0.333333333333y ) ) ) ) )
Fitness = 9.85148114722
Worst Ind: ( 1.0y * ( 0.125y + ( ( ( 1.0y + 0.166666666667y ) + ( 1.0x + 0.166666666667y ) ) + ( ( ( 1.0x + 1.0x ) + 0.333333333333x ) + 0.125x ) ) ) )
Fitness = 10.5822497623
Avg Fitness = 10.3812282365
Duplicated = 9
============================================================================
Evaluate Gen  71
New Population 78
Better than Dads 21
Best Ind: ( 1.0y * ( 1.0x + ( ( ( 1.0x + 0.166666666667y ) + ( 1.0x + 0.166666666667y ) ) + ( ( ( 0.166666666667y * 0.5y ) + 1.0x ) + ( 1.0x + 0.333333333333y ) ) ) ) )
Fitness = 9.85148114722
Worst Ind: ( 1.0y * ( 1.0x + ( ( 0.5y + ( 1.0x + ( 1.0x + 0.166666666667y ) ) ) + ( 1.0x + 1.0y ) ) ) )
Fitness = 10.5408669032
Avg Fitness = 10.3660951939
Duplicated = 14
============================================================================
Evaluate Gen  72
New Population 76
Better than Dads 22
Best Ind: ( 1.0y * ( 1.0x + ( ( ( 1.0x + 0.166666666667y ) + ( 1.0x + 0.166666666667y ) ) + ( ( ( 0.166666666667y * 0.5y ) + 1.0x ) + ( 1.0x + 0.333333333333y ) ) ) ) )
Fitness = 9.85148114722
Worst Ind: ( ( 1.0y * ( ( ( 1.0x + 1.0y ) + 1.0x ) + 0.333333333333x ) ) + ( ( ( 0.5y + 1.0y ) + ( ( ( 0.333333333333y + 0.5x ) + 0.333333333333y ) + 0.166666666667y ) ) * 1.0x ) )
Fitness = 10.495664992
Avg Fitness = 10.3487592537
Duplicated = 15
============================================================================
Evaluate Gen  73
New Population 76
Better than Dads 20
Best Ind: ( 1.0y * ( 1.0x + ( ( ( 1.0x + 0.166666666667y ) + ( 1.0x + 0.166666666667y ) ) + ( ( ( 0.166666666667y * 0.5y ) + 1.0x ) + ( 1.0x + 0.333333333333y ) ) ) ) )
Fitness = 9.85148114722
Worst Ind: ( ( ( ( 1.0x + 1.0x ) + ( 0.125y + 0.5x ) ) * ( 1.0y + 0.166666666667y ) ) + ( 1.0y * ( 1.0x + ( 0.5x + ( ( 0.125y + 1.0y ) + 0.166666666667y ) ) ) ) )
Fitness = 10.4632923394
Avg Fitness = 10.3320191422
Duplicated = 17
============================================================================
Evaluate Gen  74
New Population 81
Better than Dads 27
Best Ind: ( 1.0y * ( 1.0x + ( ( ( 1.0x + 0.166666666667y ) + ( 1.0x + 0.166666666667y ) ) + ( ( ( 0.166666666667y * 0.5y ) + 1.0x ) + ( 1.0x + 0.333333333333y ) ) ) ) )
Fitness = 9.85148114722
Worst Ind: ( ( 1.0y * ( ( 1.0y + 1.0x ) + 1.0x ) ) + ( ( ( 0.5y + 0.125y ) + ( ( ( 0.333333333333y + 0.5x ) + 0.5y ) + 0.166666666667y ) ) * 1.0x ) )
Fitness = 10.4576981139
Avg Fitness = 10.3236274818
Duplicated = 16
============================================================================
Evaluate Gen  75
New Population 77
Better than Dads 27
Best Ind: ( 1.0y * ( 1.0x + ( ( ( 1.0x + 0.166666666667y ) + ( 1.0x + 0.166666666667y ) ) + ( ( ( 0.166666666667y * 0.5y ) + 1.0x ) + ( 1.0x + 0.333333333333y ) ) ) ) )
Fitness = 9.85148114722
Worst Ind: ( ( 1.0y * ( ( ( 1.0x + 1.0y ) + 1.0x ) + 0.333333333333x ) ) + ( ( 0.5x + ( ( 0.125y + 1.0y ) + 0.166666666667y ) ) * 1.0x ) )
Fitness = 10.4576981139
Avg Fitness = 10.3212172043
Duplicated = 16
============================================================================
Evaluate Gen  76
New Population 71
Better than Dads 19
Best Ind: ( 1.0y * ( 1.0x + ( ( ( 1.0x + 0.166666666667y ) + ( 1.0x + 0.166666666667y ) ) + ( ( ( 0.166666666667y * 0.5y ) + 1.0x ) + ( 1.0x + 0.333333333333y ) ) ) ) )
Fitness = 9.85148114722
Worst Ind: ( ( 1.0y * ( ( ( 1.0x + 1.0y ) + 0.5y ) + 1.0x ) ) + ( ( ( 0.5y + 0.125y ) + 1.0y ) * 1.0x ) )
Fitness = 10.45389196
Avg Fitness = 10.307429284
Duplicated = 15
============================================================================
Evaluate Gen  77
New Population 81
Better than Dads 28
Best Ind: ( 1.0y * ( 1.0x + ( ( ( 1.0x + 0.166666666667y ) + ( 1.0x + 0.166666666667y ) ) + ( ( ( 0.166666666667y * 0.5y ) + 1.0x ) + ( 1.0x + 0.333333333333y ) ) ) ) )
Fitness = 9.85148114722
Worst Ind: ( ( 1.0y * ( ( ( ( 1.0x + 1.0x ) + ( 0.125y + 0.5x ) ) + 0.5y ) + 1.0x ) ) + ( ( ( 0.5y + 0.125y ) + ( ( ( 0.5x + 0.5x ) + 0.333333333333y ) + 0.166666666667y ) ) * 1.0x ) )
Fitness = 10.4485145686
Avg Fitness = 10.2983744834
Duplicated = 16
============================================================================
Evaluate Gen  78
New Population 80
Better than Dads 27
Best Ind: ( 1.0y * ( 1.0x + ( ( ( 1.0x + 0.166666666667y ) + ( 1.0x + 0.166666666667y ) ) + ( ( ( 0.166666666667y * 0.5y ) + 1.0x ) + ( 1.0x + 0.333333333333y ) ) ) ) )
Fitness = 9.85148114722
Worst Ind: ( ( 1.0y * ( ( ( 1.0x + ( 0.125y + 0.5x ) ) + 0.5y ) + 1.0x ) ) + ( ( ( 0.5y + 0.125y ) + ( ( ( 0.5x + 0.5x ) + 0.333333333333y ) + 0.166666666667y ) ) * 1.0x ) )
Fitness = 10.4434078667
Avg Fitness = 10.2837743241
Duplicated = 14
============================================================================
Evaluate Gen  79
New Population 78
Better than Dads 25
Best Ind: ( 1.0y * ( 1.0x + ( ( ( 1.0x + 0.166666666667y ) + ( 1.0x + 0.166666666667y ) ) + ( ( ( 0.166666666667y * 0.5y ) + 1.0x ) + ( 1.0x + 0.333333333333y ) ) ) ) )
Fitness = 9.85148114722
Worst Ind: ( ( ( ( ( 0.5y + 0.333333333333y ) + ( 0.5y + ( 1.0y + 0.166666666667y ) ) ) * 1.0x ) + ( ( ( 0.5y + 0.125y ) + ( ( 0.125y + 0.5x ) + 0.166666666667y ) ) * 1.0x ) ) + ( ( ( ( 0.333333333333y + 0.5x ) + 0.5y ) * ( 0.142857142857y + ( 0.142857142857y + ( 0.25y + 0.333333333333y ) ) ) ) + ( ( ( ( 0.111111111111x + 0.166666666667y ) + 0.166666666667y ) * ( 0.333333333333x + ( 0.25y + 0.333333333333y ) ) ) + 0.125x ) ) )
Fitness = 10.4284730017
Avg Fitness = 10.2665290615
Duplicated = 13
============================================================================
Evaluate Gen  80
New Population 84
Better than Dads 28
Best Ind: ( 1.0y * ( 1.0x + ( ( ( 1.0x + 0.166666666667y ) + ( 1.0x + 0.166666666667y ) ) + ( ( ( 0.166666666667y * 0.5y ) + 1.0x ) + ( 1.0x + 0.333333333333y ) ) ) ) )
Fitness = 9.85148114722
Worst Ind: ( ( 1.0y * ( ( ( ( 1.0x + 1.0x ) + ( 0.333333333333y + 0.5x ) ) + 0.5y ) + 1.0x ) ) + ( ( ( 1.0y + 0.125y ) + 1.0y ) * 1.0x ) )
Fitness = 10.4066100333
Avg Fitness = 10.2464315806
Duplicated = 17
============================================================================
Evaluate Gen  81
New Population 81
Better than Dads 30
Best Ind: ( 1.0y * ( 1.0x + ( ( ( 1.0x + 0.166666666667y ) + ( 1.0x + 0.166666666667y ) ) + ( ( ( 0.166666666667y * 0.5y ) + 1.0x ) + ( 1.0x + 0.333333333333y ) ) ) ) )
Fitness = 9.85148114722
Worst Ind: ( ( 1.0y * ( ( ( 1.0x + 1.0y ) + 0.5y ) + 1.0x ) ) + ( ( ( 1.0y + 0.125y ) + 1.0y ) * 1.0x ) )
Fitness = 10.395388845
Avg Fitness = 10.2344726422
Duplicated = 17
============================================================================
Evaluate Gen  82
New Population 83
Better than Dads 24
Best Ind: ( 1.0y * ( 1.0x + ( ( ( 1.0x + 0.166666666667y ) + ( 1.0x + 0.166666666667y ) ) + ( ( ( 0.166666666667y * 0.5y ) + 1.0x ) + ( 1.0x + 0.333333333333y ) ) ) ) )
Fitness = 9.85148114722
Worst Ind: ( ( 1.0y * ( ( ( 1.0x + 1.0y ) + 1.0x ) + 1.0x ) ) + ( ( ( 0.5y + 0.125y ) + ( ( ( 0.333333333333y + 0.5x ) + 0.333333333333y ) + 0.166666666667y ) ) * 1.0x ) )
Fitness = 10.378095492
Avg Fitness = 10.1995647549
Duplicated = 13
============================================================================
Evaluate Gen  83
New Population 80
Better than Dads 28
Best Ind: ( 1.0y * ( 1.0x + ( ( ( 1.0x + 0.166666666667y ) + ( 1.0x + 0.166666666667y ) ) + ( ( ( 0.166666666667y * 0.5y ) + 1.0x ) + ( 1.0x + 0.333333333333y ) ) ) ) )
Fitness = 9.85148114722
Worst Ind: ( ( 1.0y * ( ( ( 1.0x + ( 0.125y + 0.5x ) ) + 0.5y ) + 1.0x ) ) + ( ( ( 0.5y + 1.0y ) + ( ( ( 0.5x + 0.5x ) + 0.333333333333y ) + 0.166666666667y ) ) * 1.0x ) )
Fitness = 10.3780524789
Avg Fitness = 10.1931022675
Duplicated = 13
============================================================================
Evaluate Gen  84
New Population 82
Better than Dads 27
Best Ind: ( ( ( ( ( 1.0x + 0.333333333333y ) + 1.0x ) + 0.125x ) * ( ( ( 0.125y + 1.0y ) + 0.166666666667y ) + 0.166666666667y ) ) + ( 1.0y * ( 1.0x + ( 0.5x + ( 0.5x + 0.166666666667y ) ) ) ) )
Fitness = 9.81178160262
Worst Ind: ( 1.0y * ( 1.0x + ( ( ( 1.0y + 0.166666666667y ) + ( 1.0x + 0.166666666667y ) ) + ( ( ( 1.0x + 1.0x ) + 0.333333333333x ) + 0.125x ) ) ) )
Fitness = 10.3449595456
Avg Fitness = 10.1576564456
Duplicated = 13
============================================================================
Evaluate Gen  85
New Population 79
Better than Dads 26
Best Ind: ( ( ( ( ( 1.0x + 0.333333333333y ) + 1.0x ) + 0.125x ) * ( ( ( 0.125y + 1.0y ) + 0.166666666667y ) + 0.166666666667y ) ) + ( 1.0y * ( 1.0x + ( 0.5x + ( 0.5x + 0.166666666667y ) ) ) ) )
Fitness = 9.81178160262
Worst Ind: ( ( 1.0y * ( ( ( 1.0x + 1.0y ) + 1.0x ) + 0.333333333333x ) ) + ( ( ( 0.5y + 0.125y ) + ( ( ( 0.333333333333y + 0.5x ) + 0.333333333333y ) + 0.166666666667y ) ) * 1.0x ) )
Fitness = 10.3360980601
Avg Fitness = 10.1347240641
Duplicated = 13
============================================================================
Evaluate Gen  86
New Population 81
Better than Dads 28
Best Ind: ( ( ( ( ( 1.0x + 0.333333333333y ) + 1.0x ) + 0.125x ) * ( ( ( 0.125y + 1.0y ) + 0.166666666667y ) + 0.166666666667y ) ) + ( 1.0y * ( 1.0x + ( 0.5x + ( 0.5x + 0.166666666667y ) ) ) ) )
Fitness = 9.81178160262
Worst Ind: ( ( 1.0y * ( ( ( ( 1.0x + 1.0x ) + ( 0.125y + 0.5x ) ) + 0.5y ) + 1.0x ) ) + ( ( 1.0x + 0.333333333333y ) * 1.0x ) )
Fitness = 10.3019990949
Avg Fitness = 10.120332495
Duplicated = 12
============================================================================
Evaluate Gen  87
New Population 81
Better than Dads 29
Best Ind: ( ( ( ( ( 1.0x + 0.333333333333y ) + 1.0x ) + 0.125x ) * ( ( ( 0.125y + 1.0y ) + 0.166666666667y ) + 0.166666666667y ) ) + ( 1.0y * ( 1.0x + ( 0.5x + ( 0.5x + 0.166666666667y ) ) ) ) )
Fitness = 9.81178160262
Worst Ind: ( ( 1.0y * ( ( ( 1.0x + 1.0y ) + 1.0x ) + 1.0x ) ) + ( ( ( 0.5y + 0.125y ) + ( ( 0.5x + 0.333333333333y ) + 0.166666666667y ) ) * 1.0x ) )
Fitness = 10.3010805315
Avg Fitness = 10.1145773301
Duplicated = 12
============================================================================
Evaluate Gen  88
New Population 81
Better than Dads 31
Best Ind: ( ( ( ( ( 1.0x + 0.333333333333y ) + 1.0x ) + 0.125x ) * ( ( ( 0.125y + 1.0y ) + 0.166666666667y ) + 0.166666666667y ) ) + ( 1.0y * ( 1.0x + ( 0.5x + ( 0.5x + 0.166666666667y ) ) ) ) )
Fitness = 9.81178160262
Worst Ind: ( ( 1.0y * ( ( ( 1.0x + 1.0y ) + 1.0x ) + 1.0x ) ) + ( ( ( 0.5y + 0.125y ) + ( ( 0.5x + 0.333333333333y ) + 0.166666666667y ) ) * 1.0x ) )
Fitness = 10.3010805315
Avg Fitness = 10.1145773301
Duplicated = 12
============================================================================
Evaluate Gen  89
New Population 80
Better than Dads 24
Best Ind: ( 1.0y * ( 1.0x + ( ( 0.5y + ( 1.0x + 1.0x ) ) + ( 0.125y + ( 1.0x + 1.0x ) ) ) ) )
Fitness = 9.79988487042
Worst Ind: ( ( 1.0y * ( ( ( ( 0.5x + 0.5x ) + 1.0x ) + 0.5y ) + 0.333333333333x ) ) + ( ( ( 1.0y + 0.125y ) + 1.0y ) * 1.0x ) )
Fitness = 10.2834798771
Avg Fitness = 10.0788138509
Duplicated = 12
============================================================================
Evaluate Gen  90
New Population 84
Better than Dads 31
Best Ind: ( 1.0y * ( 1.0x + ( ( 0.5y + ( 1.0x + 1.0x ) ) + ( 0.125y + ( 1.0x + 1.0x ) ) ) ) )
Fitness = 9.79988487042
Worst Ind: ( ( ( ( ( 1.0x + 1.0x ) + 0.333333333333x ) + 0.125x ) * ( 1.0y + 0.166666666667y ) ) + ( 1.0y * ( 1.0x + ( 0.5x + ( ( 0.125y + 1.0y ) + 0.166666666667y ) ) ) ) )
Fitness = 10.2501224757
Avg Fitness = 10.0512093705
Duplicated = 13
============================================================================
Evaluate Gen  91
New Population 81
Better than Dads 30
Best Ind: ( 1.0y * ( 1.0x + ( ( 0.5y + ( 1.0x + 1.0x ) ) + ( 0.125y + ( 1.0x + 1.0x ) ) ) ) )
Fitness = 9.79988487042
Worst Ind: ( ( ( ( ( 0.5y + 0.333333333333y ) + ( 0.333333333333x + ( 1.0y + 0.166666666667y ) ) ) * 1.0x ) + ( ( ( 0.5y + 0.125y ) + ( ( 0.125y + 0.333333333333y ) + 0.166666666667y ) ) * 1.0x ) ) + ( 1.0y * ( 0.5x + ( ( 0.5y + 0.125y ) + ( ( 0.125y + 0.5x ) + 0.166666666667y ) ) ) ) )
Fitness = 10.1678191212
Avg Fitness = 10.0477532901
Duplicated = 14
============================================================================
Evaluate Gen  92
New Population 79
Better than Dads 27
Best Ind: ( 1.0y * ( 1.0x + ( ( 0.5y + ( 1.0x + 1.0x ) ) + ( 0.125y + ( 1.0x + 1.0x ) ) ) ) )
Fitness = 9.79988487042
Worst Ind: ( ( 1.0y * ( ( 1.0x + 1.0y ) + 1.0x ) ) + ( ( ( 1.0y + 0.125y ) + 1.0y ) * 1.0x ) )
Fitness = 10.1625438161
Avg Fitness = 10.0414263146
Duplicated = 15
============================================================================
Evaluate Gen  93
New Population 82
Better than Dads 32
Best Ind: ( 1.0y * ( 1.0x + ( ( 0.5y + ( 1.0x + 1.0x ) ) + ( 0.125y + ( 1.0x + 1.0x ) ) ) ) )
Fitness = 9.79988487042
Worst Ind: ( 1.0y * ( 0.333333333333x + ( ( ( ( 1.0x + 1.0x ) + ( 0.125y + 0.5x ) ) + 0.333333333333y ) + ( 0.333333333333x + ( 1.0x + 0.333333333333y ) ) ) ) )
Fitness = 10.1622288451
Avg Fitness = 10.0393776454
Duplicated = 15
============================================================================
Evaluate Gen  94
New Population 77
Better than Dads 26
Best Ind: ( 1.0y * ( 1.0x + ( ( 0.5y + ( 1.0x + 1.0x ) ) + ( 0.125y + ( 1.0x + 1.0x ) ) ) ) )
Fitness = 9.79988487042
Worst Ind: ( ( ( ( 1.0y + ( 0.333333333333x + ( 1.0y + 0.166666666667y ) ) ) * 1.0x ) + ( ( ( 0.5y + 0.125y ) + ( ( 0.125y + 0.333333333333y ) + 0.166666666667y ) ) * 1.0x ) ) + ( 1.0y * ( 0.5x + ( ( 0.5y + 0.125y ) + ( ( 0.125y + 0.5x ) + 0.166666666667y ) ) ) ) )
Fitness = 10.1588021106
Avg Fitness = 10.0363748783
Duplicated = 16
============================================================================
Evaluate Gen  95
New Population 81
Better than Dads 29
Best Ind: ( 1.0y * ( 1.0x + ( ( 0.5y + ( 1.0x + 1.0x ) ) + ( 0.125y + ( 1.0x + 1.0x ) ) ) ) )
Fitness = 9.79988487042
Worst Ind: ( ( ( ( 1.0y + ( 0.333333333333x + ( 1.0y + 0.166666666667y ) ) ) * 1.0x ) + ( ( ( 0.5y + 0.125y ) + ( ( 0.125y + 0.333333333333y ) + 0.166666666667y ) ) * 1.0x ) ) + ( 1.0y * ( 0.5x + ( ( 0.5y + 0.125y ) + ( ( 0.125y + 0.5x ) + 0.166666666667y ) ) ) ) )
Fitness = 10.1588021106
Avg Fitness = 10.0304085833
Duplicated = 17
============================================================================
Evaluate Gen  96
New Population 84
Better than Dads 34
Best Ind: ( 1.0y * ( 1.0x + ( ( 0.5y + ( 1.0x + 1.0x ) ) + ( 0.125y + ( 1.0x + 1.0x ) ) ) ) )
Fitness = 9.79988487042
Worst Ind: ( 1.0y * ( 1.0x + ( ( 0.5y + ( 1.0x + ( 1.0x + 1.0x ) ) ) + ( 0.333333333333x + ( 1.0x + 0.333333333333y ) ) ) ) )
Fitness = 10.1586690225
Avg Fitness = 10.0299929853
Duplicated = 17
============================================================================
Evaluate Gen  97
New Population 83
Better than Dads 32
Best Ind: ( 1.0y * ( 1.0x + ( ( 0.5y + ( 1.0x + 1.0x ) ) + ( 0.125y + ( 1.0x + 1.0x ) ) ) ) )
Fitness = 9.79988487042
Worst Ind: ( 1.0y * ( 0.5x + ( ( 0.5y + ( 1.0x + ( 1.0x + 0.333333333333x ) ) ) + ( 0.333333333333x + ( 1.0x + 0.333333333333y ) ) ) ) )
Fitness = 10.1562816886
Avg Fitness = 10.0249227123
Duplicated = 16
============================================================================
Evaluate Gen  98
New Population 76
Better than Dads 24
Best Ind: ( 1.0y * ( 1.0x + ( ( 0.5y + ( 1.0x + 1.0x ) ) + ( 0.125y + ( 1.0x + 1.0x ) ) ) ) )
Fitness = 9.79988487042
Worst Ind: ( 1.0y * ( ( 0.125y + 1.0x ) + ( ( 0.5y + ( 1.0x + ( 1.0x + 0.166666666667y ) ) ) + ( 0.333333333333x + ( 1.0x + 0.333333333333y ) ) ) ) )
Fitness = 10.1470299944
Avg Fitness = 10.019236607
Duplicated = 17
============================================================================
Evaluate Gen  99
New Population 85
Better than Dads 31
Best Ind: ( 1.0y * ( 1.0x + ( ( 0.5y + ( 1.0x + 1.0x ) ) + ( 0.125y + ( 1.0x + 1.0x ) ) ) ) )
Fitness = 9.79988487042
Worst Ind: ( 1.0y * ( 1.0x + ( ( 0.5y + ( 1.0x + 1.0x ) ) + ( ( 1.0x + ( 0.125y + 0.5x ) ) + 0.5y ) ) ) )
Fitness = 10.1380222086
Avg Fitness = 10.0085083121
Duplicated = 18
============================================================================
Evaluate Gen  100
New Population 81
Better than Dads 26
Best Ind: ( 1.0y * ( 1.0x + ( ( 0.5y + ( 1.0x + 1.0x ) ) + ( 0.125y + ( 1.0x + 1.0x ) ) ) ) )
Fitness = 9.79988487042
Worst Ind: ( ( 1.0y * ( ( ( 1.0x + 1.0y ) + 1.0x ) + 1.0x ) ) + ( ( ( 0.5y + 0.125y ) + ( 1.0y + 0.166666666667y ) ) * 1.0x ) )
Fitness = 10.0814402462
Avg Fitness = 9.99174104501
Duplicated = 22
